mbth0_sx32 /nfs-share/xinchi/kaldi/egs/timit/s5_la3/data-fmllr-tri3/train/data/feats_fmllr_train.4.ark:7612197
mpeb0_sx420 /nfs-share/xinchi/kaldi/egs/timit/s5_la3/data-fmllr-tri3/train/data/feats_fmllr_train.8.ark:6310048
mdcm0_sx130 /nfs-share/xinchi/kaldi/egs/timit/s5_la3/data-fmllr-tri3/train/data/feats_fmllr_train.4.ark:16425264
mkls1_sx195 /nfs-share/xinchi/kaldi/egs/timit/s5_la3/data-fmllr-tri3/train/data/feats_fmllr_train.7.ark:8868442
fsms1_sx334 /nfs-share/xinchi/kaldi/egs/timit/s5_la3/data-fmllr-tri3/train/data/feats_fmllr_train.3.ark:12548636
mrjh0_si1519 /nfs-share/xinchi/kaldi/egs/timit/s5_la3/data-fmllr-tri3/train/data/feats_fmllr_train.9.ark:1237303
mlel0_sx76 /nfs-share/xinchi/kaldi/egs/timit/s5_la3/data-fmllr-tri3/train/data/feats_fmllr_train.7.ark:10886382
msrg0_si1851 /nfs-share/xinchi/kaldi/egs/timit/s5_la3/data-fmllr-tri3/train/data/feats_fmllr_train.9.ark:17046818
mhbs0_sx405 /nfs-share/xinchi/kaldi/egs/timit/s5_la3/data-fmllr-tri3/train/data/feats_fmllr_train.6.ark:3837325
frjb0_sx437 /nfs-share/xinchi/kaldi/egs/timit/s5_la3/data-fmllr-tri3/train/data/feats_fmllr_train.3.ark:4597762
mjee0_sx427 /nfs-share/xinchi/kaldi/egs/timit/s5_la3/data-fmllr-tri3/train/data/feats_fmllr_train.6.ark:11111687
fljg0_sx441 /nfs-share/xinchi/kaldi/egs/timit/s5_la3/data-fmllr-tri3/train/data/feats_fmllr_train.2.ark:11942638
fexm0_si482 /nfs-share/xinchi/kaldi/egs/timit/s5_la3/data-fmllr-tri3/train/data/feats_fmllr_train.1.ark:15900911
flod0_sx297 /nfs-share/xinchi/kaldi/egs/timit/s5_la3/data-fmllr-tri3/train/data/feats_fmllr_train.2.ark:13860523
fetb0_si518 /nfs-share/xinchi/kaldi/egs/timit/s5_la3/data-fmllr-tri3/train/data/feats_fmllr_train.1.ark:15513974
mjwg0_si813 /nfs-share/xinchi/kaldi/egs/timit/s5_la3/data-fmllr-tri3/train/data/feats_fmllr_train.7.ark:1990566
fjen0_sx417 /nfs-share/xinchi/kaldi/egs/timit/s5_la3/data-fmllr-tri3/train/data/feats_fmllr_train.2.ark:747115
mesg0_si1962 /nfs-share/xinchi/kaldi/egs/timit/s5_la3/data-fmllr-tri3/train/data/feats_fmllr_train.5.ark:13020539
mter0_sx17 /nfs-share/xinchi/kaldi/egs/timit/s5_la3/data-fmllr-tri3/train/data/feats_fmllr_train.10.ark:3908155
fexm0_sx381 /nfs-share/xinchi/kaldi/egs/timit/s5_la3/data-fmllr-tri3/train/data/feats_fmllr_train.1.ark:16206646
mfwk0_sx349 /nfs-share/xinchi/kaldi/egs/timit/s5_la3/data-fmllr-tri3/train/data/feats_fmllr_train.5.ark:15332348
mlbc0_sx159 /nfs-share/xinchi/kaldi/egs/timit/s5_la3/data-fmllr-tri3/train/data/feats_fmllr_train.7.ark:10286858
mrwa0_si2233 /nfs-share/xinchi/kaldi/egs/timit/s5_la3/data-fmllr-tri3/train/data/feats_fmllr_train.9.ark:10040668
mrfl0_sx166 /nfs-share/xinchi/kaldi/egs/timit/s5_la3/data-fmllr-tri3/train/data/feats_fmllr_train.8.ark:17226126
fjsk0_si2312 /nfs-share/xinchi/kaldi/egs/timit/s5_la3/data-fmllr-tri3/train/data/feats_fmllr_train.2.ark:3379249
fskl0_si2159 /nfs-share/xinchi/kaldi/egs/timit/s5_la3/data-fmllr-tri3/train/data/feats_fmllr_train.3.ark:10395922
mgrl0_sx417 /nfs-share/xinchi/kaldi/egs/timit/s5_la3/data-fmllr-tri3/train/data/feats_fmllr_train.6.ark:1797046
meal0_sx377 /nfs-share/xinchi/kaldi/egs/timit/s5_la3/data-fmllr-tri3/train/data/feats_fmllr_train.5.ark:11042922
mfxs0_si1674 /nfs-share/xinchi/kaldi/egs/timit/s5_la3/data-fmllr-tri3/train/data/feats_fmllr_train.5.ark:15497229
flet0_sx57 /nfs-share/xinchi/kaldi/egs/timit/s5_la3/data-fmllr-tri3/train/data/feats_fmllr_train.2.ark:10378914
fetb0_si1148 /nfs-share/xinchi/kaldi/egs/timit/s5_la3/data-fmllr-tri3/train/data/feats_fmllr_train.1.ark:15416959
mjra0_sx336 /nfs-share/xinchi/kaldi/egs/timit/s5_la3/data-fmllr-tri3/train/data/feats_fmllr_train.6.ark:17450231
mcdr0_si1154 /nfs-share/xinchi/kaldi/egs/timit/s5_la3/data-fmllr-tri3/train/data/feats_fmllr_train.4.ark:9690295
mhmg0_sx105 /nfs-share/xinchi/kaldi/egs/timit/s5_la3/data-fmllr-tri3/train/data/feats_fmllr_train.6.ark:4766216
mkls0_si1437 /nfs-share/xinchi/kaldi/egs/timit/s5_la3/data-fmllr-tri3/train/data/feats_fmllr_train.7.ark:8197209
mdns0_si873 /nfs-share/xinchi/kaldi/egs/timit/s5_la3/data-fmllr-tri3/train/data/feats_fmllr_train.5.ark:6392662
mjma0_sx235 /nfs-share/xinchi/kaldi/egs/timit/s5_la3/data-fmllr-tri3/train/data/feats_fmllr_train.6.ark:15268101
mvjh0_sx206 /nfs-share/xinchi/kaldi/egs/timit/s5_la3/data-fmllr-tri3/train/data/feats_fmllr_train.10.ark:12546210
mctm0_si1980 /nfs-share/xinchi/kaldi/egs/timit/s5_la3/data-fmllr-tri3/train/data/feats_fmllr_train.4.ark:13676013
mrai0_sx72 /nfs-share/xinchi/kaldi/egs/timit/s5_la3/data-fmllr-tri3/train/data/feats_fmllr_train.8.ark:12101271
mwem0_sx420 /nfs-share/xinchi/kaldi/egs/timit/s5_la3/data-fmllr-tri3/train/data/feats_fmllr_train.10.ark:15520644
mtqc0_si2071 /nfs-share/xinchi/kaldi/egs/timit/s5_la3/data-fmllr-tri3/train/data/feats_fmllr_train.10.ark:10067867
ftbw0_si1975 /nfs-share/xinchi/kaldi/egs/timit/s5_la3/data-fmllr-tri3/train/data/feats_fmllr_train.3.ark:14626470
mdlr0_sx333 /nfs-share/xinchi/kaldi/egs/timit/s5_la3/data-fmllr-tri3/train/data/feats_fmllr_train.5.ark:4893634
mhxl0_sx332 /nfs-share/xinchi/kaldi/egs/timit/s5_la3/data-fmllr-tri3/train/data/feats_fmllr_train.6.ark:5956360
mjwg0_sx355 /nfs-share/xinchi/kaldi/egs/timit/s5_la3/data-fmllr-tri3/train/data/feats_fmllr_train.7.ark:2280434
fecd0_si1418 /nfs-share/xinchi/kaldi/egs/timit/s5_la3/data-fmllr-tri3/train/data/feats_fmllr_train.1.ark:14136308
mrds0_sx267 /nfs-share/xinchi/kaldi/egs/timit/s5_la3/data-fmllr-tri3/train/data/feats_fmllr_train.8.ark:14959250
mdbb1_si1636 /nfs-share/xinchi/kaldi/egs/timit/s5_la3/data-fmllr-tri3/train/data/feats_fmllr_train.4.ark:15179278
mesj0_sx7 /nfs-share/xinchi/kaldi/egs/timit/s5_la3/data-fmllr-tri3/train/data/feats_fmllr_train.5.ark:13628409
marc0_si1818 /nfs-share/xinchi/kaldi/egs/timit/s5_la3/data-fmllr-tri3/train/data/feats_fmllr_train.4.ark:2685883
mctm0_si1350 /nfs-share/xinchi/kaldi/egs/timit/s5_la3/data-fmllr-tri3/train/data/feats_fmllr_train.4.ark:13609265
mabc0_sx151 /nfs-share/xinchi/kaldi/egs/timit/s5_la3/data-fmllr-tri3/train/data/feats_fmllr_train.3.ark:16979186
mmea0_sx38 /nfs-share/xinchi/kaldi/egs/timit/s5_la3/data-fmllr-tri3/train/data/feats_fmllr_train.7.ark:17568925
fetb0_sx338 /nfs-share/xinchi/kaldi/egs/timit/s5_la3/data-fmllr-tri3/train/data/feats_fmllr_train.1.ark:15646855
mpmb0_sx331 /nfs-share/xinchi/kaldi/egs/timit/s5_la3/data-fmllr-tri3/train/data/feats_fmllr_train.8.ark:8302946
fjxm0_sx131 /nfs-share/xinchi/kaldi/egs/timit/s5_la3/data-fmllr-tri3/train/data/feats_fmllr_train.2.ark:4539286
mtrt0_sx254 /nfs-share/xinchi/kaldi/egs/timit/s5_la3/data-fmllr-tri3/train/data/feats_fmllr_train.10.ark:11429905
medr0_sx24 /nfs-share/xinchi/kaldi/egs/timit/s5_la3/data-fmllr-tri3/train/data/feats_fmllr_train.5.ark:11318925
fapb0_sx253 /nfs-share/xinchi/kaldi/egs/timit/s5_la3/data-fmllr-tri3/train/data/feats_fmllr_train.1.ark:1818106
mrew1_sx240 /nfs-share/xinchi/kaldi/egs/timit/s5_la3/data-fmllr-tri3/train/data/feats_fmllr_train.8.ark:16503798
mtbc0_sx347 /nfs-share/xinchi/kaldi/egs/timit/s5_la3/data-fmllr-tri3/train/data/feats_fmllr_train.10.ark:2291954
mtdb0_si2031 /nfs-share/xinchi/kaldi/egs/timit/s5_la3/data-fmllr-tri3/train/data/feats_fmllr_train.10.ark:2898200
fjwb1_sx255 /nfs-share/xinchi/kaldi/egs/timit/s5_la3/data-fmllr-tri3/train/data/feats_fmllr_train.2.ark:4233496
fjkl0_si932 /nfs-share/xinchi/kaldi/egs/timit/s5_la3/data-fmllr-tri3/train/data/feats_fmllr_train.2.ark:1292242
mjlg1_sx382 /nfs-share/xinchi/kaldi/egs/timit/s5_la3/data-fmllr-tri3/train/data/feats_fmllr_train.6.ark:14611267
mjxl0_sx452 /nfs-share/xinchi/kaldi/egs/timit/s5_la3/data-fmllr-tri3/train/data/feats_fmllr_train.7.ark:3903089
mmds0_sx83 /nfs-share/xinchi/kaldi/egs/timit/s5_la3/data-fmllr-tri3/train/data/feats_fmllr_train.7.ark:17287295
mgaf0_si1282 /nfs-share/xinchi/kaldi/egs/timit/s5_la3/data-fmllr-tri3/train/data/feats_fmllr_train.5.ark:16233825
mafm0_sx219 /nfs-share/xinchi/kaldi/egs/timit/s5_la3/data-fmllr-tri3/train/data/feats_fmllr_train.4.ark:894637
mmeb0_sx367 /nfs-share/xinchi/kaldi/egs/timit/s5_la3/data-fmllr-tri3/train/data/feats_fmllr_train.7.ark:17883676
fmkc0_si1702 /nfs-share/xinchi/kaldi/egs/timit/s5_la3/data-fmllr-tri3/train/data/feats_fmllr_train.2.ark:16841512
mjae0_sx264 /nfs-share/xinchi/kaldi/egs/timit/s5_la3/data-fmllr-tri3/train/data/feats_fmllr_train.6.ark:7044822
mkdd0_sx127 /nfs-share/xinchi/kaldi/egs/timit/s5_la3/data-fmllr-tri3/train/data/feats_fmllr_train.7.ark:6143989
mrms0_sx210 /nfs-share/xinchi/kaldi/egs/timit/s5_la3/data-fmllr-tri3/train/data/feats_fmllr_train.9.ark:6958052
fdkn0_sx361 /nfs-share/xinchi/kaldi/egs/timit/s5_la3/data-fmllr-tri3/train/data/feats_fmllr_train.1.ark:11112306
marc0_sx108 /nfs-share/xinchi/kaldi/egs/timit/s5_la3/data-fmllr-tri3/train/data/feats_fmllr_train.4.ark:2775057
mdwh0_sx35 /nfs-share/xinchi/kaldi/egs/timit/s5_la3/data-fmllr-tri3/train/data/feats_fmllr_train.5.ark:10286460
fdtd0_sx321 /nfs-share/xinchi/kaldi/egs/timit/s5_la3/data-fmllr-tri3/train/data/feats_fmllr_train.1.ark:12894642
mcdd0_sx253 /nfs-share/xinchi/kaldi/egs/timit/s5_la3/data-fmllr-tri3/train/data/feats_fmllr_train.4.ark:9517547
fcmg0_si1872 /nfs-share/xinchi/kaldi/egs/timit/s5_la3/data-fmllr-tri3/train/data/feats_fmllr_train.1.ark:7902006
fsag0_sx243 /nfs-share/xinchi/kaldi/egs/timit/s5_la3/data-fmllr-tri3/train/data/feats_fmllr_train.3.ark:5283901
mtju0_sx400 /nfs-share/xinchi/kaldi/egs/timit/s5_la3/data-fmllr-tri3/train/data/feats_fmllr_train.10.ark:5623023
fdml0_si1149 /nfs-share/xinchi/kaldi/egs/timit/s5_la3/data-fmllr-tri3/train/data/feats_fmllr_train.1.ark:11281667
mrcw0_sx111 /nfs-share/xinchi/kaldi/egs/timit/s5_la3/data-fmllr-tri3/train/data/feats_fmllr_train.8.ark:13866891
mgar0_sx132 /nfs-share/xinchi/kaldi/egs/timit/s5_la3/data-fmllr-tri3/train/data/feats_fmllr_train.6.ark:133696
fjrb0_sx222 /nfs-share/xinchi/kaldi/egs/timit/s5_la3/data-fmllr-tri3/train/data/feats_fmllr_train.2.ark:2543028
fear0_sx172 /nfs-share/xinchi/kaldi/egs/timit/s5_la3/data-fmllr-tri3/train/data/feats_fmllr_train.1.ark:13866413
mrpc1_sx42 /nfs-share/xinchi/kaldi/egs/timit/s5_la3/data-fmllr-tri3/train/data/feats_fmllr_train.9.ark:7385070
mkdt0_si2153 /nfs-share/xinchi/kaldi/egs/timit/s5_la3/data-fmllr-tri3/train/data/feats_fmllr_train.7.ark:6322364
mzmb0_sx356 /nfs-share/xinchi/kaldi/egs/timit/s5_la3/data-fmllr-tri3/train/data/feats_fmllr_train.10.ark:17845437
fmju0_sx309 /nfs-share/xinchi/kaldi/egs/timit/s5_la3/data-fmllr-tri3/train/data/feats_fmllr_train.2.ark:16590495
mtpr0_sx250 /nfs-share/xinchi/kaldi/egs/timit/s5_la3/data-fmllr-tri3/train/data/feats_fmllr_train.10.ark:9746771
fdml0_sx339 /nfs-share/xinchi/kaldi/egs/timit/s5_la3/data-fmllr-tri3/train/data/feats_fmllr_train.1.ark:11482124
fdfb0_sx148 /nfs-share/xinchi/kaldi/egs/timit/s5_la3/data-fmllr-tri3/train/data/feats_fmllr_train.1.ark:10261577
fskc0_sx246 /nfs-share/xinchi/kaldi/egs/timit/s5_la3/data-fmllr-tri3/train/data/feats_fmllr_train.3.ark:10161386
fltm0_si1070 /nfs-share/xinchi/kaldi/egs/timit/s5_la3/data-fmllr-tri3/train/data/feats_fmllr_train.2.ark:13933538
mgaf0_sx202 /nfs-share/xinchi/kaldi/egs/timit/s5_la3/data-fmllr-tri3/train/data/feats_fmllr_train.5.ark:16431374
fmbg0_sx80 /nfs-share/xinchi/kaldi/egs/timit/s5_la3/data-fmllr-tri3/train/data/feats_fmllr_train.2.ark:15057521
ftbw0_sx85 /nfs-share/xinchi/kaldi/egs/timit/s5_la3/data-fmllr-tri3/train/data/feats_fmllr_train.3.ark:14932871
fsjs0_sx361 /nfs-share/xinchi/kaldi/egs/timit/s5_la3/data-fmllr-tri3/train/data/feats_fmllr_train.3.ark:9431219
fsjk1_sx125 /nfs-share/xinchi/kaldi/egs/timit/s5_la3/data-fmllr-tri3/train/data/feats_fmllr_train.3.ark:8963748
mtpg0_si753 /nfs-share/xinchi/kaldi/egs/timit/s5_la3/data-fmllr-tri3/train/data/feats_fmllr_train.10.ark:8900363
mtjs0_si562 /nfs-share/xinchi/kaldi/egs/timit/s5_la3/data-fmllr-tri3/train/data/feats_fmllr_train.10.ark:4980272
fajw0_sx93 /nfs-share/xinchi/kaldi/egs/timit/s5_la3/data-fmllr-tri3/train/data/feats_fmllr_train.1.ark:764097
mkah0_sx448 /nfs-share/xinchi/kaldi/egs/timit/s5_la3/data-fmllr-tri3/train/data/feats_fmllr_train.7.ark:4713762
mrlk0_sx33 /nfs-share/xinchi/kaldi/egs/timit/s5_la3/data-fmllr-tri3/train/data/feats_fmllr_train.9.ark:4706880
megj0_sx167 /nfs-share/xinchi/kaldi/egs/timit/s5_la3/data-fmllr-tri3/train/data/feats_fmllr_train.5.ark:12010184
fsma0_sx91 /nfs-share/xinchi/kaldi/egs/timit/s5_la3/data-fmllr-tri3/train/data/feats_fmllr_train.3.ark:11852895
mgsh0_si1806 /nfs-share/xinchi/kaldi/egs/timit/s5_la3/data-fmllr-tri3/train/data/feats_fmllr_train.6.ark:2380065
fcdr1_si1816 /nfs-share/xinchi/kaldi/egs/timit/s5_la3/data-fmllr-tri3/train/data/feats_fmllr_train.1.ark:5667716
fsak0_si1930 /nfs-share/xinchi/kaldi/egs/timit/s5_la3/data-fmllr-tri3/train/data/feats_fmllr_train.3.ark:6031134
flmk0_sx135 /nfs-share/xinchi/kaldi/egs/timit/s5_la3/data-fmllr-tri3/train/data/feats_fmllr_train.2.ark:13358145
mcpm0_sx24 /nfs-share/xinchi/kaldi/egs/timit/s5_la3/data-fmllr-tri3/train/data/feats_fmllr_train.4.ark:12355413
fsls0_sx202 /nfs-share/xinchi/kaldi/egs/timit/s5_la3/data-fmllr-tri3/train/data/feats_fmllr_train.3.ark:11316758
fsjg0_si2200 /nfs-share/xinchi/kaldi/egs/timit/s5_la3/data-fmllr-tri3/train/data/feats_fmllr_train.3.ark:8355317
mjac0_si1331 /nfs-share/xinchi/kaldi/egs/timit/s5_la3/data-fmllr-tri3/train/data/feats_fmllr_train.6.ark:6468495
fdtd0_sx391 /nfs-share/xinchi/kaldi/egs/timit/s5_la3/data-fmllr-tri3/train/data/feats_fmllr_train.1.ark:12968269
fpjf0_sx326 /nfs-share/xinchi/kaldi/egs/timit/s5_la3/data-fmllr-tri3/train/data/feats_fmllr_train.3.ark:3058948
mbwp0_sx349 /nfs-share/xinchi/kaldi/egs/timit/s5_la3/data-fmllr-tri3/train/data/feats_fmllr_train.4.ark:7933028
fscn0_sx86 /nfs-share/xinchi/kaldi/egs/timit/s5_la3/data-fmllr-tri3/train/data/feats_fmllr_train.3.ark:7182129
msmr0_si1405 /nfs-share/xinchi/kaldi/egs/timit/s5_la3/data-fmllr-tri3/train/data/feats_fmllr_train.9.ark:16303664
mjae0_sx444 /nfs-share/xinchi/kaldi/egs/timit/s5_la3/data-fmllr-tri3/train/data/feats_fmllr_train.6.ark:7141836
mtrr0_si1548 /nfs-share/xinchi/kaldi/egs/timit/s5_la3/data-fmllr-tri3/train/data/feats_fmllr_train.10.ark:10803792
mrjm1_si1298 /nfs-share/xinchi/kaldi/egs/timit/s5_la3/data-fmllr-tri3/train/data/feats_fmllr_train.9.ark:2099977
mjda0_sx311 /nfs-share/xinchi/kaldi/egs/timit/s5_la3/data-fmllr-tri3/train/data/feats_fmllr_train.6.ark:8217981
mgrl0_sx237 /nfs-share/xinchi/kaldi/egs/timit/s5_la3/data-fmllr-tri3/train/data/feats_fmllr_train.6.ark:1689792
flja0_sx268 /nfs-share/xinchi/kaldi/egs/timit/s5_la3/data-fmllr-tri3/train/data/feats_fmllr_train.2.ark:10991750
mafm0_si939 /nfs-share/xinchi/kaldi/egs/timit/s5_la3/data-fmllr-tri3/train/data/feats_fmllr_train.4.ark:787543
msvs0_sx398 /nfs-share/xinchi/kaldi/egs/timit/s5_la3/data-fmllr-tri3/train/data/feats_fmllr_train.10.ark:414282
mwgr0_si1606 /nfs-share/xinchi/kaldi/egs/timit/s5_la3/data-fmllr-tri3/train/data/feats_fmllr_train.10.ark:15655898
mrjt0_si1498 /nfs-share/xinchi/kaldi/egs/timit/s5_la3/data-fmllr-tri3/train/data/feats_fmllr_train.9.ark:2495074
fpab1_sx121 /nfs-share/xinchi/kaldi/egs/timit/s5_la3/data-fmllr-tri3/train/data/feats_fmllr_train.3.ark:950288
fsgf0_sx207 /nfs-share/xinchi/kaldi/egs/timit/s5_la3/data-fmllr-tri3/train/data/feats_fmllr_train.3.ark:8150061
flhd0_sx444 /nfs-share/xinchi/kaldi/egs/timit/s5_la3/data-fmllr-tri3/train/data/feats_fmllr_train.2.ark:10683106
flja0_sx358 /nfs-share/xinchi/kaldi/egs/timit/s5_la3/data-fmllr-tri3/train/data/feats_fmllr_train.2.ark:11051777
mjrh0_sx225 /nfs-share/xinchi/kaldi/egs/timit/s5_la3/data-fmllr-tri3/train/data/feats_fmllr_train.7.ark:217563
mesj0_sx277 /nfs-share/xinchi/kaldi/egs/timit/s5_la3/data-fmllr-tri3/train/data/feats_fmllr_train.5.ark:13550757
mdss0_si2087 /nfs-share/xinchi/kaldi/egs/timit/s5_la3/data-fmllr-tri3/train/data/feats_fmllr_train.5.ark:8627377
fkdw0_sx217 /nfs-share/xinchi/kaldi/egs/timit/s5_la3/data-fmllr-tri3/train/data/feats_fmllr_train.2.ark:6284662
fpls0_sx240 /nfs-share/xinchi/kaldi/egs/timit/s5_la3/data-fmllr-tri3/train/data/feats_fmllr_train.3.ark:3394338
mclk0_si1660 /nfs-share/xinchi/kaldi/egs/timit/s5_la3/data-fmllr-tri3/train/data/feats_fmllr_train.4.ark:11365724
mrhl0_sx345 /nfs-share/xinchi/kaldi/egs/timit/s5_la3/data-fmllr-tri3/train/data/feats_fmllr_train.9.ark:652204
fksr0_si487 /nfs-share/xinchi/kaldi/egs/timit/s5_la3/data-fmllr-tri3/train/data/feats_fmllr_train.2.ark:8573431
mdef0_sx393 /nfs-share/xinchi/kaldi/egs/timit/s5_la3/data-fmllr-tri3/train/data/feats_fmllr_train.5.ark:319723
mrlj0_si1420 /nfs-share/xinchi/kaldi/egs/timit/s5_la3/data-fmllr-tri3/train/data/feats_fmllr_train.9.ark:3714123
msmc0_sx287 /nfs-share/xinchi/kaldi/egs/timit/s5_la3/data-fmllr-tri3/train/data/feats_fmllr_train.9.ark:16123741
fsdj0_sx125 /nfs-share/xinchi/kaldi/egs/timit/s5_la3/data-fmllr-tri3/train/data/feats_fmllr_train.3.ark:7722297
flhd0_sx264 /nfs-share/xinchi/kaldi/egs/timit/s5_la3/data-fmllr-tri3/train/data/feats_fmllr_train.2.ark:10600492
fpaf0_si2314 /nfs-share/xinchi/kaldi/egs/timit/s5_la3/data-fmllr-tri3/train/data/feats_fmllr_train.3.ark:2162273
fgrw0_sx252 /nfs-share/xinchi/kaldi/egs/timit/s5_la3/data-fmllr-tri3/train/data/feats_fmllr_train.1.ark:17756715
mbsb0_sx93 /nfs-share/xinchi/kaldi/egs/timit/s5_la3/data-fmllr-tri3/train/data/feats_fmllr_train.4.ark:7266248
mchl0_sx267 /nfs-share/xinchi/kaldi/egs/timit/s5_la3/data-fmllr-tri3/train/data/feats_fmllr_train.4.ark:11182576
mrmg0_sx180 /nfs-share/xinchi/kaldi/egs/timit/s5_la3/data-fmllr-tri3/train/data/feats_fmllr_train.9.ark:5658972
mges0_sx41 /nfs-share/xinchi/kaldi/egs/timit/s5_la3/data-fmllr-tri3/train/data/feats_fmllr_train.6.ark:1024797
maeb0_sx180 /nfs-share/xinchi/kaldi/egs/timit/s5_la3/data-fmllr-tri3/train/data/feats_fmllr_train.4.ark:158015
mcpm0_sx204 /nfs-share/xinchi/kaldi/egs/timit/s5_la3/data-fmllr-tri3/train/data/feats_fmllr_train.4.ark:12316827
mclm0_sx196 /nfs-share/xinchi/kaldi/egs/timit/s5_la3/data-fmllr-tri3/train/data/feats_fmllr_train.4.ark:11983036
mpfu0_sx358 /nfs-share/xinchi/kaldi/egs/timit/s5_la3/data-fmllr-tri3/train/data/feats_fmllr_train.8.ark:6665598
mmds0_si713 /nfs-share/xinchi/kaldi/egs/timit/s5_la3/data-fmllr-tri3/train/data/feats_fmllr_train.7.ark:17098841
mrai0_sx162 /nfs-share/xinchi/kaldi/egs/timit/s5_la3/data-fmllr-tri3/train/data/feats_fmllr_train.8.ark:11888204
mwch0_sx452 /nfs-share/xinchi/kaldi/egs/timit/s5_la3/data-fmllr-tri3/train/data/feats_fmllr_train.10.ark:14769649
mcre0_sx401 /nfs-share/xinchi/kaldi/egs/timit/s5_la3/data-fmllr-tri3/train/data/feats_fmllr_train.4.ark:12729098
mjls0_sx376 /nfs-share/xinchi/kaldi/egs/timit/s5_la3/data-fmllr-tri3/train/data/feats_fmllr_train.6.ark:15009724
fklc1_sx148 /nfs-share/xinchi/kaldi/egs/timit/s5_la3/data-fmllr-tri3/train/data/feats_fmllr_train.2.ark:7841024
msrg0_sx51 /nfs-share/xinchi/kaldi/egs/timit/s5_la3/data-fmllr-tri3/train/data/feats_fmllr_train.9.ark:17305059
mdlc0_sx315 /nfs-share/xinchi/kaldi/egs/timit/s5_la3/data-fmllr-tri3/train/data/feats_fmllr_train.5.ark:3057669
fdaw0_sx146 /nfs-share/xinchi/kaldi/egs/timit/s5_la3/data-fmllr-tri3/train/data/feats_fmllr_train.1.ark:9925199
mpar0_si946 /nfs-share/xinchi/kaldi/egs/timit/s5_la3/data-fmllr-tri3/train/data/feats_fmllr_train.8.ark:5822843
mtwh1_si882 /nfs-share/xinchi/kaldi/egs/timit/s5_la3/data-fmllr-tri3/train/data/feats_fmllr_train.10.ark:11633081
mwre0_si1057 /nfs-share/xinchi/kaldi/egs/timit/s5_la3/data-fmllr-tri3/train/data/feats_fmllr_train.10.ark:16027155
mrvg0_sx330 /nfs-share/xinchi/kaldi/egs/timit/s5_la3/data-fmllr-tri3/train/data/feats_fmllr_train.9.ark:9858959
msms0_si803 /nfs-share/xinchi/kaldi/egs/timit/s5_la3/data-fmllr-tri3/train/data/feats_fmllr_train.9.ark:16707748
mjdc0_si531 /nfs-share/xinchi/kaldi/egs/timit/s5_la3/data-fmllr-tri3/train/data/feats_fmllr_train.6.ark:8437637
maeo0_sx246 /nfs-share/xinchi/kaldi/egs/timit/s5_la3/data-fmllr-tri3/train/data/feats_fmllr_train.4.ark:561140
mdmt0_si2341 /nfs-share/xinchi/kaldi/egs/timit/s5_la3/data-fmllr-tri3/train/data/feats_fmllr_train.5.ark:5949218
mzmb0_si536 /nfs-share/xinchi/kaldi/egs/timit/s5_la3/data-fmllr-tri3/train/data/feats_fmllr_train.10.ark:17687756
msds0_si1077 /nfs-share/xinchi/kaldi/egs/timit/s5_la3/data-fmllr-tri3/train/data/feats_fmllr_train.9.ark:13190916
flmk0_sx45 /nfs-share/xinchi/kaldi/egs/timit/s5_la3/data-fmllr-tri3/train/data/feats_fmllr_train.2.ark:13539852
fsjw0_sx163 /nfs-share/xinchi/kaldi/egs/timit/s5_la3/data-fmllr-tri3/train/data/feats_fmllr_train.3.ark:9756182
fdmy0_sx27 /nfs-share/xinchi/kaldi/egs/timit/s5_la3/data-fmllr-tri3/train/data/feats_fmllr_train.1.ark:11980899
mjrk0_sx430 /nfs-share/xinchi/kaldi/egs/timit/s5_la3/data-fmllr-tri3/train/data/feats_fmllr_train.7.ark:1041411
fntb0_sx213 /nfs-share/xinchi/kaldi/egs/timit/s5_la3/data-fmllr-tri3/train/data/feats_fmllr_train.3.ark:585618
mjpm0_si738 /nfs-share/xinchi/kaldi/egs/timit/s5_la3/data-fmllr-tri3/train/data/feats_fmllr_train.6.ark:16566036
fssb0_si2342 /nfs-share/xinchi/kaldi/egs/timit/s5_la3/data-fmllr-tri3/train/data/feats_fmllr_train.3.ark:13619287
fmpg0_si2232 /nfs-share/xinchi/kaldi/egs/timit/s5_la3/data-fmllr-tri3/train/data/feats_fmllr_train.2.ark:17976052
maeo0_sx426 /nfs-share/xinchi/kaldi/egs/timit/s5_la3/data-fmllr-tri3/train/data/feats_fmllr_train.4.ark:653834
mrxb0_si955 /nfs-share/xinchi/kaldi/egs/timit/s5_la3/data-fmllr-tri3/train/data/feats_fmllr_train.9.ark:10816489
mgaw0_sx445 /nfs-share/xinchi/kaldi/egs/timit/s5_la3/data-fmllr-tri3/train/data/feats_fmllr_train.6.ark:682954
fclt0_si2068 /nfs-share/xinchi/kaldi/egs/timit/s5_la3/data-fmllr-tri3/train/data/feats_fmllr_train.1.ark:7449441
mafm0_si2199 /nfs-share/xinchi/kaldi/egs/timit/s5_la3/data-fmllr-tri3/train/data/feats_fmllr_train.4.ark:770076
fmmh0_si907 /nfs-share/xinchi/kaldi/egs/timit/s5_la3/data-fmllr-tri3/train/data/feats_fmllr_train.2.ark:17652344
mjee0_sx67 /nfs-share/xinchi/kaldi/egs/timit/s5_la3/data-fmllr-tri3/train/data/feats_fmllr_train.6.ark:11153153
mrdd0_sx60 /nfs-share/xinchi/kaldi/egs/timit/s5_la3/data-fmllr-tri3/train/data/feats_fmllr_train.8.ark:14357136
feac0_sx435 /nfs-share/xinchi/kaldi/egs/timit/s5_la3/data-fmllr-tri3/train/data/feats_fmllr_train.1.ark:13642117
fgdp0_sx268 /nfs-share/xinchi/kaldi/egs/timit/s5_la3/data-fmllr-tri3/train/data/feats_fmllr_train.1.ark:16821240
mrws0_si1732 /nfs-share/xinchi/kaldi/egs/timit/s5_la3/data-fmllr-tri3/train/data/feats_fmllr_train.9.ark:10440565
mtab0_sx132 /nfs-share/xinchi/kaldi/egs/timit/s5_la3/data-fmllr-tri3/train/data/feats_fmllr_train.10.ark:666392
mtpr0_si506 /nfs-share/xinchi/kaldi/egs/timit/s5_la3/data-fmllr-tri3/train/data/feats_fmllr_train.10.ark:9650717
mdns0_sx381 /nfs-share/xinchi/kaldi/egs/timit/s5_la3/data-fmllr-tri3/train/data/feats_fmllr_train.5.ark:6625916
mbma0_sx142 /nfs-share/xinchi/kaldi/egs/timit/s5_la3/data-fmllr-tri3/train/data/feats_fmllr_train.4.ark:5677113
fdtd0_si1561 /nfs-share/xinchi/kaldi/egs/timit/s5_la3/data-fmllr-tri3/train/data/feats_fmllr_train.1.ark:12587759
mrjb1_sx30 /nfs-share/xinchi/kaldi/egs/timit/s5_la3/data-fmllr-tri3/train/data/feats_fmllr_train.9.ark:1105701
mpgh0_sx24 /nfs-share/xinchi/kaldi/egs/timit/s5_la3/data-fmllr-tri3/train/data/feats_fmllr_train.8.ark:7056053
mdss1_sx157 /nfs-share/xinchi/kaldi/egs/timit/s5_la3/data-fmllr-tri3/train/data/feats_fmllr_train.5.ark:9039328
mgxp0_sx277 /nfs-share/xinchi/kaldi/egs/timit/s5_la3/data-fmllr-tri3/train/data/feats_fmllr_train.6.ark:3377216
mjjb0_si1769 /nfs-share/xinchi/kaldi/egs/timit/s5_la3/data-fmllr-tri3/train/data/feats_fmllr_train.6.ark:12430047
marw0_sx16 /nfs-share/xinchi/kaldi/egs/timit/s5_la3/data-fmllr-tri3/train/data/feats_fmllr_train.4.ark:3135300
fsrh0_sx221 /nfs-share/xinchi/kaldi/egs/timit/s5_la3/data-fmllr-tri3/train/data/feats_fmllr_train.3.ark:13264403
fmkc0_sx442 /nfs-share/xinchi/kaldi/egs/timit/s5_la3/data-fmllr-tri3/train/data/feats_fmllr_train.2.ark:17034900
fmkc0_si1041 /nfs-share/xinchi/kaldi/egs/timit/s5_la3/data-fmllr-tri3/train/data/feats_fmllr_train.2.ark:16733616
msdb0_sx107 /nfs-share/xinchi/kaldi/egs/timit/s5_la3/data-fmllr-tri3/train/data/feats_fmllr_train.9.ark:12648164
mgaw0_sx175 /nfs-share/xinchi/kaldi/egs/timit/s5_la3/data-fmllr-tri3/train/data/feats_fmllr_train.6.ark:549753
mgaw0_sx355 /nfs-share/xinchi/kaldi/egs/timit/s5_la3/data-fmllr-tri3/train/data/feats_fmllr_train.6.ark:650127
mdlc2_sx174 /nfs-share/xinchi/kaldi/egs/timit/s5_la3/data-fmllr-tri3/train/data/feats_fmllr_train.5.ark:3683330
fbmh0_sx146 /nfs-share/xinchi/kaldi/egs/timit/s5_la3/data-fmllr-tri3/train/data/feats_fmllr_train.1.ark:4261942
mfer0_sx232 /nfs-share/xinchi/kaldi/egs/timit/s5_la3/data-fmllr-tri3/train/data/feats_fmllr_train.5.ark:14182549
mfer0_sx142 /nfs-share/xinchi/kaldi/egs/timit/s5_la3/data-fmllr-tri3/train/data/feats_fmllr_train.5.ark:14137082
mtpf0_sx245 /nfs-share/xinchi/kaldi/egs/timit/s5_la3/data-fmllr-tri3/train/data/feats_fmllr_train.10.ark:8636360
flkm0_si686 /nfs-share/xinchi/kaldi/egs/timit/s5_la3/data-fmllr-tri3/train/data/feats_fmllr_train.2.ark:12179546
fcjs0_sx437 /nfs-share/xinchi/kaldi/egs/timit/s5_la3/data-fmllr-tri3/train/data/feats_fmllr_train.1.ark:6950742
fksr0_si1747 /nfs-share/xinchi/kaldi/egs/timit/s5_la3/data-fmllr-tri3/train/data/feats_fmllr_train.2.ark:8525724
mtdp0_si1521 /nfs-share/xinchi/kaldi/egs/timit/s5_la3/data-fmllr-tri3/train/data/feats_fmllr_train.10.ark:3246577
fkfb0_sx78 /nfs-share/xinchi/kaldi/egs/timit/s5_la3/data-fmllr-tri3/train/data/feats_fmllr_train.2.ark:6850879
mjxl0_sx362 /nfs-share/xinchi/kaldi/egs/timit/s5_la3/data-fmllr-tri3/train/data/feats_fmllr_train.7.ark:3842582
makr0_sx452 /nfs-share/xinchi/kaldi/egs/timit/s5_la3/data-fmllr-tri3/train/data/feats_fmllr_train.4.ark:2167824
mkln0_si1598 /nfs-share/xinchi/kaldi/egs/timit/s5_la3/data-fmllr-tri3/train/data/feats_fmllr_train.7.ark:7492614
mtxs0_sx70 /nfs-share/xinchi/kaldi/egs/timit/s5_la3/data-fmllr-tri3/train/data/feats_fmllr_train.10.ark:12309913
mnet0_si1446 /nfs-share/xinchi/kaldi/egs/timit/s5_la3/data-fmllr-tri3/train/data/feats_fmllr_train.8.ark:4986355
mjwt0_sx121 /nfs-share/xinchi/kaldi/egs/timit/s5_la3/data-fmllr-tri3/train/data/feats_fmllr_train.7.ark:3015854
fjlg0_sx89 /nfs-share/xinchi/kaldi/egs/timit/s5_la3/data-fmllr-tri3/train/data/feats_fmllr_train.2.ark:1950194
mter0_sx257 /nfs-share/xinchi/kaldi/egs/timit/s5_la3/data-fmllr-tri3/train/data/feats_fmllr_train.10.ark:3939222
mrlk0_si843 /nfs-share/xinchi/kaldi/egs/timit/s5_la3/data-fmllr-tri3/train/data/feats_fmllr_train.9.ark:4534933
mjxl0_sx92 /nfs-share/xinchi/kaldi/egs/timit/s5_la3/data-fmllr-tri3/train/data/feats_fmllr_train.7.ark:3964715
mtdb0_si1401 /nfs-share/xinchi/kaldi/egs/timit/s5_la3/data-fmllr-tri3/train/data/feats_fmllr_train.10.ark:2828092
mtdp0_si1274 /nfs-share/xinchi/kaldi/egs/timit/s5_la3/data-fmllr-tri3/train/data/feats_fmllr_train.10.ark:3218869
fsjs0_sx181 /nfs-share/xinchi/kaldi/egs/timit/s5_la3/data-fmllr-tri3/train/data/feats_fmllr_train.3.ark:9321725
mmlm0_sx267 /nfs-share/xinchi/kaldi/egs/timit/s5_la3/data-fmllr-tri3/train/data/feats_fmllr_train.8.ark:1594432
fljg0_si981 /nfs-share/xinchi/kaldi/egs/timit/s5_la3/data-fmllr-tri3/train/data/feats_fmllr_train.2.ark:11672930
fpab1_si1471 /nfs-share/xinchi/kaldi/egs/timit/s5_la3/data-fmllr-tri3/train/data/feats_fmllr_train.3.ark:741406
mmeb0_si727 /nfs-share/xinchi/kaldi/egs/timit/s5_la3/data-fmllr-tri3/train/data/feats_fmllr_train.7.ark:17750315
mwac0_sx161 /nfs-share/xinchi/kaldi/egs/timit/s5_la3/data-fmllr-tri3/train/data/feats_fmllr_train.10.ark:13575474
mmdg0_si2035 /nfs-share/xinchi/kaldi/egs/timit/s5_la3/data-fmllr-tri3/train/data/feats_fmllr_train.7.ark:15895283
flet0_sx237 /nfs-share/xinchi/kaldi/egs/timit/s5_la3/data-fmllr-tri3/train/data/feats_fmllr_train.2.ark:10270674
ftaj0_si699 /nfs-share/xinchi/kaldi/egs/timit/s5_la3/data-fmllr-tri3/train/data/feats_fmllr_train.3.ark:13980303
mcre0_sx131 /nfs-share/xinchi/kaldi/egs/timit/s5_la3/data-fmllr-tri3/train/data/feats_fmllr_train.4.ark:12600058
mmsm0_sx386 /nfs-share/xinchi/kaldi/egs/timit/s5_la3/data-fmllr-tri3/train/data/feats_fmllr_train.8.ark:2922843
msjk0_si2226 /nfs-share/xinchi/kaldi/egs/timit/s5_la3/data-fmllr-tri3/train/data/feats_fmllr_train.9.ark:15491391
mdlh0_sx250 /nfs-share/xinchi/kaldi/egs/timit/s5_la3/data-fmllr-tri3/train/data/feats_fmllr_train.5.ark:4125653
mrdd0_si1050 /nfs-share/xinchi/kaldi/egs/timit/s5_la3/data-fmllr-tri3/train/data/feats_fmllr_train.8.ark:14046066
fmju0_si1389 /nfs-share/xinchi/kaldi/egs/timit/s5_la3/data-fmllr-tri3/train/data/feats_fmllr_train.2.ark:16331479
fsdj0_sx305 /nfs-share/xinchi/kaldi/egs/timit/s5_la3/data-fmllr-tri3/train/data/feats_fmllr_train.3.ark:7800271
mrbc0_sx419 /nfs-share/xinchi/kaldi/egs/timit/s5_la3/data-fmllr-tri3/train/data/feats_fmllr_train.8.ark:13145738
mgsl0_sx354 /nfs-share/xinchi/kaldi/egs/timit/s5_la3/data-fmllr-tri3/train/data/feats_fmllr_train.6.ark:2985827
fmjf0_sx444 /nfs-share/xinchi/kaldi/egs/timit/s5_la3/data-fmllr-tri3/train/data/feats_fmllr_train.2.ark:16216065
fbjl0_sx22 /nfs-share/xinchi/kaldi/egs/timit/s5_la3/data-fmllr-tri3/train/data/feats_fmllr_train.1.ark:3509560
mkln0_sx68 /nfs-share/xinchi/kaldi/egs/timit/s5_la3/data-fmllr-tri3/train/data/feats_fmllr_train.7.ark:7820963
mjfh0_si477 /nfs-share/xinchi/kaldi/egs/timit/s5_la3/data-fmllr-tri3/train/data/feats_fmllr_train.6.ark:11298996
fcyl0_sx127 /nfs-share/xinchi/kaldi/egs/timit/s5_la3/data-fmllr-tri3/train/data/feats_fmllr_train.1.ark:9102844
mesg0_sx72 /nfs-share/xinchi/kaldi/egs/timit/s5_la3/data-fmllr-tri3/train/data/feats_fmllr_train.5.ark:13330620
mfmc0_sx412 /nfs-share/xinchi/kaldi/egs/timit/s5_la3/data-fmllr-tri3/train/data/feats_fmllr_train.5.ark:14658340
mmjb1_sx148 /nfs-share/xinchi/kaldi/egs/timit/s5_la3/data-fmllr-tri3/train/data/feats_fmllr_train.8.ark:1178028
frll0_si1514 /nfs-share/xinchi/kaldi/egs/timit/s5_la3/data-fmllr-tri3/train/data/feats_fmllr_train.3.ark:4704856
mjdg0_sx52 /nfs-share/xinchi/kaldi/egs/timit/s5_la3/data-fmllr-tri3/train/data/feats_fmllr_train.6.ark:9571165
fsms1_sx64 /nfs-share/xinchi/kaldi/egs/timit/s5_la3/data-fmllr-tri3/train/data/feats_fmllr_train.3.ark:12653009
mtmn0_sx254 /nfs-share/xinchi/kaldi/egs/timit/s5_la3/data-fmllr-tri3/train/data/feats_fmllr_train.10.ark:7912886
mhjb0_si1647 /nfs-share/xinchi/kaldi/egs/timit/s5_la3/data-fmllr-tri3/train/data/feats_fmllr_train.6.ark:4336664
mclm0_si2086 /nfs-share/xinchi/kaldi/egs/timit/s5_la3/data-fmllr-tri3/train/data/feats_fmllr_train.4.ark:11816369
mrjh0_sx307 /nfs-share/xinchi/kaldi/egs/timit/s5_la3/data-fmllr-tri3/train/data/feats_fmllr_train.9.ark:1550558
mlel0_si1246 /nfs-share/xinchi/kaldi/egs/timit/s5_la3/data-fmllr-tri3/train/data/feats_fmllr_train.7.ark:10498193
fcmm0_si1957 /nfs-share/xinchi/kaldi/egs/timit/s5_la3/data-fmllr-tri3/train/data/feats_fmllr_train.1.ark:8235956
fcdr1_sx16 /nfs-share/xinchi/kaldi/egs/timit/s5_la3/data-fmllr-tri3/train/data/feats_fmllr_train.1.ark:5875636
fvmh0_sx26 /nfs-share/xinchi/kaldi/egs/timit/s5_la3/data-fmllr-tri3/train/data/feats_fmllr_train.3.ark:16751982
fcaj0_si1479 /nfs-share/xinchi/kaldi/egs/timit/s5_la3/data-fmllr-tri3/train/data/feats_fmllr_train.1.ark:5242831
mmpm0_si2321 /nfs-share/xinchi/kaldi/egs/timit/s5_la3/data-fmllr-tri3/train/data/feats_fmllr_train.8.ark:1849636
mjwt0_sx301 /nfs-share/xinchi/kaldi/egs/timit/s5_la3/data-fmllr-tri3/train/data/feats_fmllr_train.7.ark:3115908
fbcg1_sx82 /nfs-share/xinchi/kaldi/egs/timit/s5_la3/data-fmllr-tri3/train/data/feats_fmllr_train.1.ark:2808221
mcdr0_si1784 /nfs-share/xinchi/kaldi/egs/timit/s5_la3/data-fmllr-tri3/train/data/feats_fmllr_train.4.ark:9753523
mjxa0_sx247 /nfs-share/xinchi/kaldi/egs/timit/s5_la3/data-fmllr-tri3/train/data/feats_fmllr_train.7.ark:3426018
fsah0_si1244 /nfs-share/xinchi/kaldi/egs/timit/s5_la3/data-fmllr-tri3/train/data/feats_fmllr_train.3.ark:5542089
mkjo0_sx437 /nfs-share/xinchi/kaldi/egs/timit/s5_la3/data-fmllr-tri3/train/data/feats_fmllr_train.7.ark:7400080
fsbk0_si2329 /nfs-share/xinchi/kaldi/egs/timit/s5_la3/data-fmllr-tri3/train/data/feats_fmllr_train.3.ark:6421299
mdtb0_si1830 /nfs-share/xinchi/kaldi/egs/timit/s5_la3/data-fmllr-tri3/train/data/feats_fmllr_train.5.ark:9281891
mfmc0_si502 /nfs-share/xinchi/kaldi/egs/timit/s5_la3/data-fmllr-tri3/train/data/feats_fmllr_train.5.ark:14451992
fapb0_si1693 /nfs-share/xinchi/kaldi/egs/timit/s5_la3/data-fmllr-tri3/train/data/feats_fmllr_train.1.ark:1637384
mrjt0_sx418 /nfs-share/xinchi/kaldi/egs/timit/s5_la3/data-fmllr-tri3/train/data/feats_fmllr_train.9.ark:2775237
mctm0_sx450 /nfs-share/xinchi/kaldi/egs/timit/s5_la3/data-fmllr-tri3/train/data/feats_fmllr_train.4.ark:13904948
mnet0_sx366 /nfs-share/xinchi/kaldi/egs/timit/s5_la3/data-fmllr-tri3/train/data/feats_fmllr_train.8.ark:5191131
mrgs0_sx186 /nfs-share/xinchi/kaldi/egs/timit/s5_la3/data-fmllr-tri3/train/data/feats_fmllr_train.9.ark:168735
fcjf0_sx37 /nfs-share/xinchi/kaldi/egs/timit/s5_la3/data-fmllr-tri3/train/data/feats_fmllr_train.1.ark:6625404
mrlj1_sx231 /nfs-share/xinchi/kaldi/egs/timit/s5_la3/data-fmllr-tri3/train/data/feats_fmllr_train.9.ark:4245810
mrav0_sx378 /nfs-share/xinchi/kaldi/egs/timit/s5_la3/data-fmllr-tri3/train/data/feats_fmllr_train.8.ark:12811947
mrbc0_sx239 /nfs-share/xinchi/kaldi/egs/timit/s5_la3/data-fmllr-tri3/train/data/feats_fmllr_train.8.ark:13038644
mdlb0_sx316 /nfs-share/xinchi/kaldi/egs/timit/s5_la3/data-fmllr-tri3/train/data/feats_fmllr_train.5.ark:2620812
fpad0_sx176 /nfs-share/xinchi/kaldi/egs/timit/s5_la3/data-fmllr-tri3/train/data/feats_fmllr_train.3.ark:1775202
mjjm0_si827 /nfs-share/xinchi/kaldi/egs/timit/s5_la3/data-fmllr-tri3/train/data/feats_fmllr_train.6.ark:13298001
fbmj0_si516 /nfs-share/xinchi/kaldi/egs/timit/s5_la3/data-fmllr-tri3/train/data/feats_fmllr_train.1.ark:4527064
mbwp0_sx259 /nfs-share/xinchi/kaldi/egs/timit/s5_la3/data-fmllr-tri3/train/data/feats_fmllr_train.4.ark:7873961
mprb0_sx215 /nfs-share/xinchi/kaldi/egs/timit/s5_la3/data-fmllr-tri3/train/data/feats_fmllr_train.8.ark:9170873
falr0_sx335 /nfs-share/xinchi/kaldi/egs/timit/s5_la3/data-fmllr-tri3/train/data/feats_fmllr_train.1.ark:1435995
mhrm0_si958 /nfs-share/xinchi/kaldi/egs/timit/s5_la3/data-fmllr-tri3/train/data/feats_fmllr_train.6.ark:5429823
mrsp0_si1429 /nfs-share/xinchi/kaldi/egs/timit/s5_la3/data-fmllr-tri3/train/data/feats_fmllr_train.9.ark:8344572
fsjk1_sx305 /nfs-share/xinchi/kaldi/egs/timit/s5_la3/data-fmllr-tri3/train/data/feats_fmllr_train.3.ark:9047482
mkdt0_sx263 /nfs-share/xinchi/kaldi/egs/timit/s5_la3/data-fmllr-tri3/train/data/feats_fmllr_train.7.ark:6541032
mlns0_sx417 /nfs-share/xinchi/kaldi/egs/timit/s5_la3/data-fmllr-tri3/train/data/feats_fmllr_train.7.ark:12090207
fvkb0_sx169 /nfs-share/xinchi/kaldi/egs/timit/s5_la3/data-fmllr-tri3/train/data/feats_fmllr_train.3.ark:16219392
mtpr0_sx160 /nfs-share/xinchi/kaldi/egs/timit/s5_la3/data-fmllr-tri3/train/data/feats_fmllr_train.10.ark:9679544
fmbg0_sx440 /nfs-share/xinchi/kaldi/egs/timit/s5_la3/data-fmllr-tri3/train/data/feats_fmllr_train.2.ark:14997335
mbma0_si1852 /nfs-share/xinchi/kaldi/egs/timit/s5_la3/data-fmllr-tri3/train/data/feats_fmllr_train.4.ark:5627139
mewm0_si718 /nfs-share/xinchi/kaldi/egs/timit/s5_la3/data-fmllr-tri3/train/data/feats_fmllr_train.5.ark:13751398
mfwk0_si1879 /nfs-share/xinchi/kaldi/egs/timit/s5_la3/data-fmllr-tri3/train/data/feats_fmllr_train.5.ark:15163120
mdef0_sx123 /nfs-share/xinchi/kaldi/egs/timit/s5_la3/data-fmllr-tri3/train/data/feats_fmllr_train.5.ark:160256
fspm0_si1241 /nfs-share/xinchi/kaldi/egs/timit/s5_la3/data-fmllr-tri3/train/data/feats_fmllr_train.3.ark:12696077
mclm0_sx106 /nfs-share/xinchi/kaldi/egs/timit/s5_la3/data-fmllr-tri3/train/data/feats_fmllr_train.4.ark:11917383
mrfk0_si2336 /nfs-share/xinchi/kaldi/egs/timit/s5_la3/data-fmllr-tri3/train/data/feats_fmllr_train.8.ark:16806362
mwar0_si1675 /nfs-share/xinchi/kaldi/egs/timit/s5_la3/data-fmllr-tri3/train/data/feats_fmllr_train.10.ark:14246735
fleh0_sx331 /nfs-share/xinchi/kaldi/egs/timit/s5_la3/data-fmllr-tri3/train/data/feats_fmllr_train.2.ark:9903604
mtkp0_si1023 /nfs-share/xinchi/kaldi/egs/timit/s5_la3/data-fmllr-tri3/train/data/feats_fmllr_train.10.ark:6092548
milb0_sx3 /nfs-share/xinchi/kaldi/egs/timit/s5_la3/data-fmllr-tri3/train/data/feats_fmllr_train.6.ark:6364894
mmar0_sx436 /nfs-share/xinchi/kaldi/egs/timit/s5_la3/data-fmllr-tri3/train/data/feats_fmllr_train.7.ark:14568310
mwad0_si1749 /nfs-share/xinchi/kaldi/egs/timit/s5_la3/data-fmllr-tri3/train/data/feats_fmllr_train.10.ark:13929717
mmar0_si706 /nfs-share/xinchi/kaldi/egs/timit/s5_la3/data-fmllr-tri3/train/data/feats_fmllr_train.7.ark:14318122
mdlc1_sx445 /nfs-share/xinchi/kaldi/egs/timit/s5_la3/data-fmllr-tri3/train/data/feats_fmllr_train.5.ark:3504794
mtmt0_sx308 /nfs-share/xinchi/kaldi/egs/timit/s5_la3/data-fmllr-tri3/train/data/feats_fmllr_train.10.ark:8311530
msjk0_sx156 /nfs-share/xinchi/kaldi/egs/timit/s5_la3/data-fmllr-tri3/train/data/feats_fmllr_train.9.ark:15569685
faem0_sx132 /nfs-share/xinchi/kaldi/egs/timit/s5_la3/data-fmllr-tri3/train/data/feats_fmllr_train.1.ark:155455
fmkc0_sx262 /nfs-share/xinchi/kaldi/egs/timit/s5_la3/data-fmllr-tri3/train/data/feats_fmllr_train.2.ark:16927646
mfrm0_sx345 /nfs-share/xinchi/kaldi/egs/timit/s5_la3/data-fmllr-tri3/train/data/feats_fmllr_train.5.ark:14988611
mdhl0_sx179 /nfs-share/xinchi/kaldi/egs/timit/s5_la3/data-fmllr-tri3/train/data/feats_fmllr_train.5.ark:969009
mtml0_sx345 /nfs-share/xinchi/kaldi/egs/timit/s5_la3/data-fmllr-tri3/train/data/feats_fmllr_train.10.ark:7490136
mmvp0_si1284 /nfs-share/xinchi/kaldi/egs/timit/s5_la3/data-fmllr-tri3/train/data/feats_fmllr_train.8.ark:2969111
mrpc1_si2026 /nfs-share/xinchi/kaldi/egs/timit/s5_la3/data-fmllr-tri3/train/data/feats_fmllr_train.9.ark:7143468
mrms0_sx120 /nfs-share/xinchi/kaldi/egs/timit/s5_la3/data-fmllr-tri3/train/data/feats_fmllr_train.9.ark:6909225
mjpg0_sx201 /nfs-share/xinchi/kaldi/egs/timit/s5_la3/data-fmllr-tri3/train/data/feats_fmllr_train.6.ark:16304433
mfxs0_si2225 /nfs-share/xinchi/kaldi/egs/timit/s5_la3/data-fmllr-tri3/train/data/feats_fmllr_train.5.ark:15536937
mefg0_sx285 /nfs-share/xinchi/kaldi/egs/timit/s5_la3/data-fmllr-tri3/train/data/feats_fmllr_train.5.ark:11724767
mjma0_sx145 /nfs-share/xinchi/kaldi/egs/timit/s5_la3/data-fmllr-tri3/train/data/feats_fmllr_train.6.ark:15230634
mkah0_si898 /nfs-share/xinchi/kaldi/egs/timit/s5_la3/data-fmllr-tri3/train/data/feats_fmllr_train.7.ark:4511094
mmdb0_si987 /nfs-share/xinchi/kaldi/egs/timit/s5_la3/data-fmllr-tri3/train/data/feats_fmllr_train.7.ark:15563253
fbas0_sx307 /nfs-share/xinchi/kaldi/egs/timit/s5_la3/data-fmllr-tri3/train/data/feats_fmllr_train.1.ark:2348271
madc0_sx17 /nfs-share/xinchi/kaldi/egs/timit/s5_la3/data-fmllr-tri3/train/data/feats_fmllr_train.3.ark:17420549
fvfb0_sx402 /nfs-share/xinchi/kaldi/egs/timit/s5_la3/data-fmllr-tri3/train/data/feats_fmllr_train.3.ark:16031576
fbjl0_sx202 /nfs-share/xinchi/kaldi/egs/timit/s5_la3/data-fmllr-tri3/train/data/feats_fmllr_train.1.ark:3484094
fsjs0_sx271 /nfs-share/xinchi/kaldi/egs/timit/s5_la3/data-fmllr-tri3/train/data/feats_fmllr_train.3.ark:9385752
fsmm0_sx324 /nfs-share/xinchi/kaldi/egs/timit/s5_la3/data-fmllr-tri3/train/data/feats_fmllr_train.3.ark:12132259
mjls0_si1726 /nfs-share/xinchi/kaldi/egs/timit/s5_la3/data-fmllr-tri3/train/data/feats_fmllr_train.6.ark:14711003
fcrz0_sx343 /nfs-share/xinchi/kaldi/egs/timit/s5_la3/data-fmllr-tri3/train/data/feats_fmllr_train.1.ark:8786841
mdss1_sx247 /nfs-share/xinchi/kaldi/egs/timit/s5_la3/data-fmllr-tri3/train/data/feats_fmllr_train.5.ark:9074235
mjfr0_si2235 /nfs-share/xinchi/kaldi/egs/timit/s5_la3/data-fmllr-tri3/train/data/feats_fmllr_train.6.ark:11575986
mgak0_si1666 /nfs-share/xinchi/kaldi/egs/timit/s5_la3/data-fmllr-tri3/train/data/feats_fmllr_train.5.ark:16995726
mdrd0_si2012 /nfs-share/xinchi/kaldi/egs/timit/s5_la3/data-fmllr-tri3/train/data/feats_fmllr_train.5.ark:7806943
fsjk1_si696 /nfs-share/xinchi/kaldi/egs/timit/s5_la3/data-fmllr-tri3/train/data/feats_fmllr_train.3.ark:8907561
fmju0_sx219 /nfs-share/xinchi/kaldi/egs/timit/s5_la3/data-fmllr-tri3/train/data/feats_fmllr_train.2.ark:16542468
msmr0_sx415 /nfs-share/xinchi/kaldi/egs/timit/s5_la3/data-fmllr-tri3/train/data/feats_fmllr_train.9.ark:16516919
mdef0_sx213 /nfs-share/xinchi/kaldi/egs/timit/s5_la3/data-fmllr-tri3/train/data/feats_fmllr_train.5.ark:202843
fhlm0_si2190 /nfs-share/xinchi/kaldi/egs/timit/s5_la3/data-fmllr-tri3/train/data/feats_fmllr_train.1.ark:17983571
feme0_sx65 /nfs-share/xinchi/kaldi/egs/timit/s5_la3/data-fmllr-tri3/train/data/feats_fmllr_train.1.ark:15377251
mkam0_sx146 /nfs-share/xinchi/kaldi/egs/timit/s5_la3/data-fmllr-tri3/train/data/feats_fmllr_train.7.ark:5337156
mkes0_sx83 /nfs-share/xinchi/kaldi/egs/timit/s5_la3/data-fmllr-tri3/train/data/feats_fmllr_train.7.ark:7105329
flac0_sx361 /nfs-share/xinchi/kaldi/egs/timit/s5_la3/data-fmllr-tri3/train/data/feats_fmllr_train.2.ark:9082849
fmmh0_sx367 /nfs-share/xinchi/kaldi/egs/timit/s5_la3/data-fmllr-tri3/train/data/feats_fmllr_train.2.ark:17737198
mgaw0_sx265 /nfs-share/xinchi/kaldi/egs/timit/s5_la3/data-fmllr-tri3/train/data/feats_fmllr_train.6.ark:605940
mjsr0_si2054 /nfs-share/xinchi/kaldi/egs/timit/s5_la3/data-fmllr-tri3/train/data/feats_fmllr_train.7.ark:1525550
fpls0_si1590 /nfs-share/xinchi/kaldi/egs/timit/s5_la3/data-fmllr-tri3/train/data/feats_fmllr_train.3.ark:3203989
mgrp0_sx417 /nfs-share/xinchi/kaldi/egs/timit/s5_la3/data-fmllr-tri3/train/data/feats_fmllr_train.6.ark:2202223
mrgs0_sx276 /nfs-share/xinchi/kaldi/egs/timit/s5_la3/data-fmllr-tri3/train/data/feats_fmllr_train.9.ark:214522
mcdc0_si1292 /nfs-share/xinchi/kaldi/egs/timit/s5_la3/data-fmllr-tri3/train/data/feats_fmllr_train.4.ark:8986501
mwsh0_si1426 /nfs-share/xinchi/kaldi/egs/timit/s5_la3/data-fmllr-tri3/train/data/feats_fmllr_train.10.ark:17135164
mtrr0_sx18 /nfs-share/xinchi/kaldi/egs/timit/s5_la3/data-fmllr-tri3/train/data/feats_fmllr_train.10.ark:10994620
mljh0_si1324 /nfs-share/xinchi/kaldi/egs/timit/s5_la3/data-fmllr-tri3/train/data/feats_fmllr_train.7.ark:11325187
fleh0_sx421 /nfs-share/xinchi/kaldi/egs/timit/s5_la3/data-fmllr-tri3/train/data/feats_fmllr_train.2.ark:9949231
mhmr0_sx129 /nfs-share/xinchi/kaldi/egs/timit/s5_la3/data-fmllr-tri3/train/data/feats_fmllr_train.6.ark:5123073
fpjf0_sx146 /nfs-share/xinchi/kaldi/egs/timit/s5_la3/data-fmllr-tri3/train/data/feats_fmllr_train.3.ark:2983374
fmbg0_si2264 /nfs-share/xinchi/kaldi/egs/timit/s5_la3/data-fmllr-tri3/train/data/feats_fmllr_train.2.ark:14828109
msds0_sx267 /nfs-share/xinchi/kaldi/egs/timit/s5_la3/data-fmllr-tri3/train/data/feats_fmllr_train.9.ark:13429586
mtwh1_si1512 /nfs-share/xinchi/kaldi/egs/timit/s5_la3/data-fmllr-tri3/train/data/feats_fmllr_train.10.ark:11556066
mdwm0_si2176 /nfs-share/xinchi/kaldi/egs/timit/s5_la3/data-fmllr-tri3/train/data/feats_fmllr_train.5.ark:10437103
fjhk0_sx302 /nfs-share/xinchi/kaldi/egs/timit/s5_la3/data-fmllr-tri3/train/data/feats_fmllr_train.2.ark:1122026
mbcg0_si957 /nfs-share/xinchi/kaldi/egs/timit/s5_la3/data-fmllr-tri3/train/data/feats_fmllr_train.4.ark:4183098
fltm0_sx170 /nfs-share/xinchi/kaldi/egs/timit/s5_la3/data-fmllr-tri3/train/data/feats_fmllr_train.2.ark:14040661
feme0_sx155 /nfs-share/xinchi/kaldi/egs/timit/s5_la3/data-fmllr-tri3/train/data/feats_fmllr_train.1.ark:15155704
fsls0_sx66 /nfs-share/xinchi/kaldi/egs/timit/s5_la3/data-fmllr-tri3/train/data/feats_fmllr_train.3.ark:11441638
mhit0_sx83 /nfs-share/xinchi/kaldi/egs/timit/s5_la3/data-fmllr-tri3/train/data/feats_fmllr_train.6.ark:4257568
mtrr0_sx378 /nfs-share/xinchi/kaldi/egs/timit/s5_la3/data-fmllr-tri3/train/data/feats_fmllr_train.10.ark:11132621
fear0_sx352 /nfs-share/xinchi/kaldi/egs/timit/s5_la3/data-fmllr-tri3/train/data/feats_fmllr_train.1.ark:13959267
mfxv0_sx105 /nfs-share/xinchi/kaldi/egs/timit/s5_la3/data-fmllr-tri3/train/data/feats_fmllr_train.5.ark:16034970
mwac0_si971 /nfs-share/xinchi/kaldi/egs/timit/s5_la3/data-fmllr-tri3/train/data/feats_fmllr_train.10.ark:13532087
fecd0_si788 /nfs-share/xinchi/kaldi/egs/timit/s5_la3/data-fmllr-tri3/train/data/feats_fmllr_train.1.ark:14266443
mfmc0_sx52 /nfs-share/xinchi/kaldi/egs/timit/s5_la3/data-fmllr-tri3/train/data/feats_fmllr_train.5.ark:14704766
mjhi0_sx338 /nfs-share/xinchi/kaldi/egs/timit/s5_la3/data-fmllr-tri3/train/data/feats_fmllr_train.6.ark:12182550
fkaa0_sx398 /nfs-share/xinchi/kaldi/egs/timit/s5_la3/data-fmllr-tri3/train/data/feats_fmllr_train.2.ark:5559347
mlbc0_sx69 /nfs-share/xinchi/kaldi/egs/timit/s5_la3/data-fmllr-tri3/train/data/feats_fmllr_train.7.ark:10455285
fvfb0_si2292 /nfs-share/xinchi/kaldi/egs/timit/s5_la3/data-fmllr-tri3/train/data/feats_fmllr_train.3.ark:15863628
mmgg0_sx89 /nfs-share/xinchi/kaldi/egs/timit/s5_la3/data-fmllr-tri3/train/data/feats_fmllr_train.8.ark:702021
mlsh0_sx157 /nfs-share/xinchi/kaldi/egs/timit/s5_la3/data-fmllr-tri3/train/data/feats_fmllr_train.7.ark:12338183
mrfl0_si526 /nfs-share/xinchi/kaldi/egs/timit/s5_la3/data-fmllr-tri3/train/data/feats_fmllr_train.8.ark:17160499
mrlj0_si2050 /nfs-share/xinchi/kaldi/egs/timit/s5_la3/data-fmllr-tri3/train/data/feats_fmllr_train.9.ark:3764391
mdks0_sx256 /nfs-share/xinchi/kaldi/egs/timit/s5_la3/data-fmllr-tri3/train/data/feats_fmllr_train.5.ark:2110648
mjwg0_sx85 /nfs-share/xinchi/kaldi/egs/timit/s5_la3/data-fmllr-tri3/train/data/feats_fmllr_train.7.ark:2361607
mntw0_sx202 /nfs-share/xinchi/kaldi/egs/timit/s5_la3/data-fmllr-tri3/train/data/feats_fmllr_train.8.ark:5552280
mmea0_si1388 /nfs-share/xinchi/kaldi/egs/timit/s5_la3/data-fmllr-tri3/train/data/feats_fmllr_train.7.ark:17323963
fjxm0_si1971 /nfs-share/xinchi/kaldi/egs/timit/s5_la3/data-fmllr-tri3/train/data/feats_fmllr_train.2.ark:4451712
mclk0_sx310 /nfs-share/xinchi/kaldi/egs/timit/s5_la3/data-fmllr-tri3/train/data/feats_fmllr_train.4.ark:11643940
mrab1_sx308 /nfs-share/xinchi/kaldi/egs/timit/s5_la3/data-fmllr-tri3/train/data/feats_fmllr_train.8.ark:11565801
mpsw0_sx167 /nfs-share/xinchi/kaldi/egs/timit/s5_la3/data-fmllr-tri3/train/data/feats_fmllr_train.8.ark:10738434
mrmh0_sx301 /nfs-share/xinchi/kaldi/egs/timit/s5_la3/data-fmllr-tri3/train/data/feats_fmllr_train.9.ark:6145484
mrdd0_si1680 /nfs-share/xinchi/kaldi/egs/timit/s5_la3/data-fmllr-tri3/train/data/feats_fmllr_train.8.ark:14108974
mmxs0_sx156 /nfs-share/xinchi/kaldi/egs/timit/s5_la3/data-fmllr-tri3/train/data/feats_fmllr_train.8.ark:4748940
fcrz0_sx253 /nfs-share/xinchi/kaldi/egs/timit/s5_la3/data-fmllr-tri3/train/data/feats_fmllr_train.1.ark:8754174
freh0_si1945 /nfs-share/xinchi/kaldi/egs/timit/s5_la3/data-fmllr-tri3/train/data/feats_fmllr_train.3.ark:4065889
mjrh1_sx424 /nfs-share/xinchi/kaldi/egs/timit/s5_la3/data-fmllr-tri3/train/data/feats_fmllr_train.7.ark:681994
flhd0_sx174 /nfs-share/xinchi/kaldi/egs/timit/s5_la3/data-fmllr-tri3/train/data/feats_fmllr_train.2.ark:10539345
mkaj0_sx64 /nfs-share/xinchi/kaldi/egs/timit/s5_la3/data-fmllr-tri3/train/data/feats_fmllr_train.7.ark:5106485
mdlc0_sx225 /nfs-share/xinchi/kaldi/egs/timit/s5_la3/data-fmllr-tri3/train/data/feats_fmllr_train.5.ark:3020202
fskc0_sx426 /nfs-share/xinchi/kaldi/egs/timit/s5_la3/data-fmllr-tri3/train/data/feats_fmllr_train.3.ark:10260800
mbsb0_si723 /nfs-share/xinchi/kaldi/egs/timit/s5_la3/data-fmllr-tri3/train/data/feats_fmllr_train.4.ark:7093636
mmag0_si1756 /nfs-share/xinchi/kaldi/egs/timit/s5_la3/data-fmllr-tri3/train/data/feats_fmllr_train.7.ark:13465180
mdcd0_sx155 /nfs-share/xinchi/kaldi/egs/timit/s5_la3/data-fmllr-tri3/train/data/feats_fmllr_train.4.ark:16042807
mrbc0_sx59 /nfs-share/xinchi/kaldi/egs/timit/s5_la3/data-fmllr-tri3/train/data/feats_fmllr_train.8.ark:13195684
ftmg0_sx272 /nfs-share/xinchi/kaldi/egs/timit/s5_la3/data-fmllr-tri3/train/data/feats_fmllr_train.3.ark:15565864
mses0_sx59 /nfs-share/xinchi/kaldi/egs/timit/s5_la3/data-fmllr-tri3/train/data/feats_fmllr_train.9.ark:14475541
mrhl0_si885 /nfs-share/xinchi/kaldi/egs/timit/s5_la3/data-fmllr-tri3/train/data/feats_fmllr_train.9.ark:513563
megj0_sx257 /nfs-share/xinchi/kaldi/egs/timit/s5_la3/data-fmllr-tri3/train/data/feats_fmllr_train.5.ark:12087171
mtjm0_sx236 /nfs-share/xinchi/kaldi/egs/timit/s5_la3/data-fmllr-tri3/train/data/feats_fmllr_train.10.ark:4685549
mrwa0_si973 /nfs-share/xinchi/kaldi/egs/timit/s5_la3/data-fmllr-tri3/train/data/feats_fmllr_train.9.ark:10096055
mclm0_sx286 /nfs-share/xinchi/kaldi/egs/timit/s5_la3/data-fmllr-tri3/train/data/feats_fmllr_train.4.ark:12010583
mdbb1_sx196 /nfs-share/xinchi/kaldi/egs/timit/s5_la3/data-fmllr-tri3/train/data/feats_fmllr_train.4.ark:15338426
mhit0_si2243 /nfs-share/xinchi/kaldi/egs/timit/s5_la3/data-fmllr-tri3/train/data/feats_fmllr_train.6.ark:3961087
mcef0_sx415 /nfs-share/xinchi/kaldi/egs/timit/s5_la3/data-fmllr-tri3/train/data/feats_fmllr_train.4.ark:10399315
mmbs0_sx161 /nfs-share/xinchi/kaldi/egs/timit/s5_la3/data-fmllr-tri3/train/data/feats_fmllr_train.7.ark:14812126
mree0_sx294 /nfs-share/xinchi/kaldi/egs/timit/s5_la3/data-fmllr-tri3/train/data/feats_fmllr_train.8.ark:15441921
mbgt0_sx351 /nfs-share/xinchi/kaldi/egs/timit/s5_la3/data-fmllr-tri3/train/data/feats_fmllr_train.4.ark:5047133
fdmy0_sx207 /nfs-share/xinchi/kaldi/egs/timit/s5_la3/data-fmllr-tri3/train/data/feats_fmllr_train.1.ark:11935273
mrhl0_si2145 /nfs-share/xinchi/kaldi/egs/timit/s5_la3/data-fmllr-tri3/train/data/feats_fmllr_train.9.ark:450176
mrew1_sx330 /nfs-share/xinchi/kaldi/egs/timit/s5_la3/data-fmllr-tri3/train/data/feats_fmllr_train.8.ark:16549745
mmar0_sx166 /nfs-share/xinchi/kaldi/egs/timit/s5_la3/data-fmllr-tri3/train/data/feats_fmllr_train.7.ark:14354149
mkls1_si2175 /nfs-share/xinchi/kaldi/egs/timit/s5_la3/data-fmllr-tri3/train/data/feats_fmllr_train.7.ark:8673135
mdas0_si1896 /nfs-share/xinchi/kaldi/egs/timit/s5_la3/data-fmllr-tri3/train/data/feats_fmllr_train.4.ark:14804504
mkls1_si1545 /nfs-share/xinchi/kaldi/egs/timit/s5_la3/data-fmllr-tri3/train/data/feats_fmllr_train.7.ark:8621747
mtcs0_sx442 /nfs-share/xinchi/kaldi/egs/timit/s5_la3/data-fmllr-tri3/train/data/feats_fmllr_train.10.ark:2728518
mcal0_si1768 /nfs-share/xinchi/kaldi/egs/timit/s5_la3/data-fmllr-tri3/train/data/feats_fmllr_train.4.ark:8674952
mbbr0_si2315 /nfs-share/xinchi/kaldi/egs/timit/s5_la3/data-fmllr-tri3/train/data/feats_fmllr_train.4.ark:3863842
fdmy0_sx117 /nfs-share/xinchi/kaldi/egs/timit/s5_la3/data-fmllr-tri3/train/data/feats_fmllr_train.1.ark:11877326
mmwb0_si2249 /nfs-share/xinchi/kaldi/egs/timit/s5_la3/data-fmllr-tri3/train/data/feats_fmllr_train.8.ark:3483917
mbef0_sx381 /nfs-share/xinchi/kaldi/egs/timit/s5_la3/data-fmllr-tri3/train/data/feats_fmllr_train.4.ark:4754169
mgjc0_sx255 /nfs-share/xinchi/kaldi/egs/timit/s5_la3/data-fmllr-tri3/train/data/feats_fmllr_train.6.ark:1282695
fsah0_sx344 /nfs-share/xinchi/kaldi/egs/timit/s5_la3/data-fmllr-tri3/train/data/feats_fmllr_train.3.ark:5840465
mtlc0_sx397 /nfs-share/xinchi/kaldi/egs/timit/s5_la3/data-fmllr-tri3/train/data/feats_fmllr_train.10.ark:7195891
mgak0_sx46 /nfs-share/xinchi/kaldi/egs/timit/s5_la3/data-fmllr-tri3/train/data/feats_fmllr_train.5.ark:17318288
falr0_sx245 /nfs-share/xinchi/kaldi/egs/timit/s5_la3/data-fmllr-tri3/train/data/feats_fmllr_train.1.ark:1396288
mcdd0_si2143 /nfs-share/xinchi/kaldi/egs/timit/s5_la3/data-fmllr-tri3/train/data/feats_fmllr_train.4.ark:9381466
mmgc0_sx225 /nfs-share/xinchi/kaldi/egs/timit/s5_la3/data-fmllr-tri3/train/data/feats_fmllr_train.8.ark:195163
mmgc0_sx45 /nfs-share/xinchi/kaldi/egs/timit/s5_la3/data-fmllr-tri3/train/data/feats_fmllr_train.8.ark:313163
fskl0_sx449 /nfs-share/xinchi/kaldi/egs/timit/s5_la3/data-fmllr-tri3/train/data/feats_fmllr_train.3.ark:10639417
mdem0_si800 /nfs-share/xinchi/kaldi/egs/timit/s5_la3/data-fmllr-tri3/train/data/feats_fmllr_train.5.ark:464285
mdtb0_sx300 /nfs-share/xinchi/kaldi/egs/timit/s5_la3/data-fmllr-tri3/train/data/feats_fmllr_train.5.ark:9452239
mtdp0_sx81 /nfs-share/xinchi/kaldi/egs/timit/s5_la3/data-fmllr-tri3/train/data/feats_fmllr_train.10.ark:3638259
feeh0_si471 /nfs-share/xinchi/kaldi/egs/timit/s5_la3/data-fmllr-tri3/train/data/feats_fmllr_train.1.ark:14706020
mesj0_si2257 /nfs-share/xinchi/kaldi/egs/timit/s5_la3/data-fmllr-tri3/train/data/feats_fmllr_train.5.ark:13431316
mejl0_sx62 /nfs-share/xinchi/kaldi/egs/timit/s5_la3/data-fmllr-tri3/train/data/feats_fmllr_train.5.ark:12555306
fkfb0_si1608 /nfs-share/xinchi/kaldi/egs/timit/s5_la3/data-fmllr-tri3/train/data/feats_fmllr_train.2.ark:6430530
mwsh0_sx166 /nfs-share/xinchi/kaldi/egs/timit/s5_la3/data-fmllr-tri3/train/data/feats_fmllr_train.10.ark:17320686
mdlm0_si604 /nfs-share/xinchi/kaldi/egs/timit/s5_la3/data-fmllr-tri3/train/data/feats_fmllr_train.5.ark:4389336
mhmr0_sx309 /nfs-share/xinchi/kaldi/egs/timit/s5_la3/data-fmllr-tri3/train/data/feats_fmllr_train.6.ark:5229047
fdxw0_sx251 /nfs-share/xinchi/kaldi/egs/timit/s5_la3/data-fmllr-tri3/train/data/feats_fmllr_train.1.ark:13175766
mddc0_sx159 /nfs-share/xinchi/kaldi/egs/timit/s5_la3/data-fmllr-tri3/train/data/feats_fmllr_train.4.ark:16793321
marw0_si1906 /nfs-share/xinchi/kaldi/egs/timit/s5_la3/data-fmllr-tri3/train/data/feats_fmllr_train.4.ark:3016820
msah1_si1049 /nfs-share/xinchi/kaldi/egs/timit/s5_la3/data-fmllr-tri3/train/data/feats_fmllr_train.9.ark:11101451
mdpb0_si866 /nfs-share/xinchi/kaldi/egs/timit/s5_la3/data-fmllr-tri3/train/data/feats_fmllr_train.5.ark:6785039
mtmn0_sx164 /nfs-share/xinchi/kaldi/egs/timit/s5_la3/data-fmllr-tri3/train/data/feats_fmllr_train.10.ark:7856379
fajw0_si633 /nfs-share/xinchi/kaldi/egs/timit/s5_la3/data-fmllr-tri3/train/data/feats_fmllr_train.1.ark:512445
mprk0_sx17 /nfs-share/xinchi/kaldi/egs/timit/s5_la3/data-fmllr-tri3/train/data/feats_fmllr_train.8.ark:10070826
mkls0_si1533 /nfs-share/xinchi/kaldi/egs/timit/s5_la3/data-fmllr-tri3/train/data/feats_fmllr_train.7.ark:8286997
mdwm0_sx16 /nfs-share/xinchi/kaldi/egs/timit/s5_la3/data-fmllr-tri3/train/data/feats_fmllr_train.5.ark:10589183
mgak0_sx136 /nfs-share/xinchi/kaldi/egs/timit/s5_la3/data-fmllr-tri3/train/data/feats_fmllr_train.5.ark:17080421
makb0_sx116 /nfs-share/xinchi/kaldi/egs/timit/s5_la3/data-fmllr-tri3/train/data/feats_fmllr_train.4.ark:1725126
mrew1_sx150 /nfs-share/xinchi/kaldi/egs/timit/s5_la3/data-fmllr-tri3/train/data/feats_fmllr_train.8.ark:16467611
mdss0_sx351 /nfs-share/xinchi/kaldi/egs/timit/s5_la3/data-fmllr-tri3/train/data/feats_fmllr_train.5.ark:8778525
mjkr0_si1831 /nfs-share/xinchi/kaldi/egs/timit/s5_la3/data-fmllr-tri3/train/data/feats_fmllr_train.6.ark:13615791
mwdk0_sx266 /nfs-share/xinchi/kaldi/egs/timit/s5_la3/data-fmllr-tri3/train/data/feats_fmllr_train.10.ark:15078132
mtju0_si2269 /nfs-share/xinchi/kaldi/egs/timit/s5_la3/data-fmllr-tri3/train/data/feats_fmllr_train.10.ark:5370862
mdps0_sx359 /nfs-share/xinchi/kaldi/egs/timit/s5_la3/data-fmllr-tri3/train/data/feats_fmllr_train.5.ark:7619474
mklr0_si1689 /nfs-share/xinchi/kaldi/egs/timit/s5_la3/data-fmllr-tri3/train/data/feats_fmllr_train.7.ark:7925179
mmab1_sx144 /nfs-share/xinchi/kaldi/egs/timit/s5_la3/data-fmllr-tri3/train/data/feats_fmllr_train.7.ark:13144057
mbar0_sx329 /nfs-share/xinchi/kaldi/egs/timit/s5_la3/data-fmllr-tri3/train/data/feats_fmllr_train.4.ark:3620025
fpad0_si1346 /nfs-share/xinchi/kaldi/egs/timit/s5_la3/data-fmllr-tri3/train/data/feats_fmllr_train.3.ark:1604880
mbml0_sx89 /nfs-share/xinchi/kaldi/egs/timit/s5_la3/data-fmllr-tri3/train/data/feats_fmllr_train.4.ark:6638774
mjac0_sx251 /nfs-share/xinchi/kaldi/egs/timit/s5_la3/data-fmllr-tri3/train/data/feats_fmllr_train.6.ark:6615937
mprk0_si1097 /nfs-share/xinchi/kaldi/egs/timit/s5_la3/data-fmllr-tri3/train/data/feats_fmllr_train.8.ark:9816798
mdwd0_si1260 /nfs-share/xinchi/kaldi/egs/timit/s5_la3/data-fmllr-tri3/train/data/feats_fmllr_train.5.ark:9577441
mtkp0_sx303 /nfs-share/xinchi/kaldi/egs/timit/s5_la3/data-fmllr-tri3/train/data/feats_fmllr_train.10.ark:6382124
megj0_sx3 /nfs-share/xinchi/kaldi/egs/timit/s5_la3/data-fmllr-tri3/train/data/feats_fmllr_train.5.ark:12118076
flmc0_sx292 /nfs-share/xinchi/kaldi/egs/timit/s5_la3/data-fmllr-tri3/train/data/feats_fmllr_train.2.ark:13040860
mjfr0_si975 /nfs-share/xinchi/kaldi/egs/timit/s5_la3/data-fmllr-tri3/train/data/feats_fmllr_train.6.ark:11616813
mfrm0_si1785 /nfs-share/xinchi/kaldi/egs/timit/s5_la3/data-fmllr-tri3/train/data/feats_fmllr_train.5.ark:14858930
fjlr0_sx61 /nfs-share/xinchi/kaldi/egs/timit/s5_la3/data-fmllr-tri3/train/data/feats_fmllr_train.2.ark:2327691
mrld0_si1594 /nfs-share/xinchi/kaldi/egs/timit/s5_la3/data-fmllr-tri3/train/data/feats_fmllr_train.9.ark:3385266
fklc0_sx355 /nfs-share/xinchi/kaldi/egs/timit/s5_la3/data-fmllr-tri3/train/data/feats_fmllr_train.2.ark:7578300
meal0_si917 /nfs-share/xinchi/kaldi/egs/timit/s5_la3/data-fmllr-tri3/train/data/feats_fmllr_train.5.ark:10850627
fcrz0_si793 /nfs-share/xinchi/kaldi/egs/timit/s5_la3/data-fmllr-tri3/train/data/feats_fmllr_train.1.ark:8665800
mljc0_sx415 /nfs-share/xinchi/kaldi/egs/timit/s5_la3/data-fmllr-tri3/train/data/feats_fmllr_train.7.ark:11238733
mpgh0_sx114 /nfs-share/xinchi/kaldi/egs/timit/s5_la3/data-fmllr-tri3/train/data/feats_fmllr_train.8.ark:6985440
mjrh0_sx45 /nfs-share/xinchi/kaldi/egs/timit/s5_la3/data-fmllr-tri3/train/data/feats_fmllr_train.7.ark:340203
flhd0_si1827 /nfs-share/xinchi/kaldi/egs/timit/s5_la3/data-fmllr-tri3/train/data/feats_fmllr_train.2.ark:10463130
fexm0_sx201 /nfs-share/xinchi/kaldi/egs/timit/s5_la3/data-fmllr-tri3/train/data/feats_fmllr_train.1.ark:16017765
fsrh0_sx401 /nfs-share/xinchi/kaldi/egs/timit/s5_la3/data-fmllr-tri3/train/data/feats_fmllr_train.3.ark:13389577
mppc0_si1412 /nfs-share/xinchi/kaldi/egs/timit/s5_la3/data-fmllr-tri3/train/data/feats_fmllr_train.8.ark:8543507
mjeb1_si1467 /nfs-share/xinchi/kaldi/egs/timit/s5_la3/data-fmllr-tri3/train/data/feats_fmllr_train.6.ark:10416267
mbef0_sx111 /nfs-share/xinchi/kaldi/egs/timit/s5_la3/data-fmllr-tri3/train/data/feats_fmllr_train.4.ark:4623662
mmrp0_sx54 /nfs-share/xinchi/kaldi/egs/timit/s5_la3/data-fmllr-tri3/train/data/feats_fmllr_train.8.ark:2506466
mlsh0_sx247 /nfs-share/xinchi/kaldi/egs/timit/s5_la3/data-fmllr-tri3/train/data/feats_fmllr_train.7.ark:12378690
mmvp0_sx347 /nfs-share/xinchi/kaldi/egs/timit/s5_la3/data-fmllr-tri3/train/data/feats_fmllr_train.8.ark:3309594
mkls0_sx357 /nfs-share/xinchi/kaldi/egs/timit/s5_la3/data-fmllr-tri3/train/data/feats_fmllr_train.7.ark:8477826
mwdk0_si806 /nfs-share/xinchi/kaldi/egs/timit/s5_la3/data-fmllr-tri3/train/data/feats_fmllr_train.10.ark:14967358
flma0_sx163 /nfs-share/xinchi/kaldi/egs/timit/s5_la3/data-fmllr-tri3/train/data/feats_fmllr_train.2.ark:12620910
mwsb0_sx6 /nfs-share/xinchi/kaldi/egs/timit/s5_la3/data-fmllr-tri3/train/data/feats_fmllr_train.10.ark:17062790
mtqc0_sx91 /nfs-share/xinchi/kaldi/egs/timit/s5_la3/data-fmllr-tri3/train/data/feats_fmllr_train.10.ark:10417948
fpaf0_sx334 /nfs-share/xinchi/kaldi/egs/timit/s5_la3/data-fmllr-tri3/train/data/feats_fmllr_train.3.ark:2290994
feac0_si1245 /nfs-share/xinchi/kaldi/egs/timit/s5_la3/data-fmllr-tri3/train/data/feats_fmllr_train.1.ark:13343074
mrlr0_sx296 /nfs-share/xinchi/kaldi/egs/timit/s5_la3/data-fmllr-tri3/train/data/feats_fmllr_train.9.ark:5072857
mesj0_sx187 /nfs-share/xinchi/kaldi/egs/timit/s5_la3/data-fmllr-tri3/train/data/feats_fmllr_train.5.ark:13525130
mrfl0_si1156 /nfs-share/xinchi/kaldi/egs/timit/s5_la3/data-fmllr-tri3/train/data/feats_fmllr_train.8.ark:17052284
mmam0_sx247 /nfs-share/xinchi/kaldi/egs/timit/s5_la3/data-fmllr-tri3/train/data/feats_fmllr_train.7.ark:14006279
fjkl0_si1562 /nfs-share/xinchi/kaldi/egs/timit/s5_la3/data-fmllr-tri3/train/data/feats_fmllr_train.2.ark:1247867
fspm0_si611 /nfs-share/xinchi/kaldi/egs/timit/s5_la3/data-fmllr-tri3/train/data/feats_fmllr_train.3.ark:12823172
mtdb0_sx51 /nfs-share/xinchi/kaldi/egs/timit/s5_la3/data-fmllr-tri3/train/data/feats_fmllr_train.10.ark:3177561
mvjh0_si926 /nfs-share/xinchi/kaldi/egs/timit/s5_la3/data-fmllr-tri3/train/data/feats_fmllr_train.10.ark:12465996
mjws0_sx333 /nfs-share/xinchi/kaldi/egs/timit/s5_la3/data-fmllr-tri3/train/data/feats_fmllr_train.7.ark:2644491
mfrm0_sx75 /nfs-share/xinchi/kaldi/egs/timit/s5_la3/data-fmllr-tri3/train/data/feats_fmllr_train.5.ark:15087064
mrmb0_sx321 /nfs-share/xinchi/kaldi/egs/timit/s5_la3/data-fmllr-tri3/train/data/feats_fmllr_train.9.ark:5369528
majp0_sx444 /nfs-share/xinchi/kaldi/egs/timit/s5_la3/data-fmllr-tri3/train/data/feats_fmllr_train.4.ark:1387869
mmlm0_sx87 /nfs-share/xinchi/kaldi/egs/timit/s5_la3/data-fmllr-tri3/train/data/feats_fmllr_train.8.ark:1725232
fklc0_si985 /nfs-share/xinchi/kaldi/egs/timit/s5_la3/data-fmllr-tri3/train/data/feats_fmllr_train.2.ark:7365899
fsrh0_si671 /nfs-share/xinchi/kaldi/egs/timit/s5_la3/data-fmllr-tri3/train/data/feats_fmllr_train.3.ark:13183549
mrws0_si472 /nfs-share/xinchi/kaldi/egs/timit/s5_la3/data-fmllr-tri3/train/data/feats_fmllr_train.9.ark:10467792
mmeb0_si1987 /nfs-share/xinchi/kaldi/egs/timit/s5_la3/data-fmllr-tri3/train/data/feats_fmllr_train.7.ark:17716848
fcmg0_si1242 /nfs-share/xinchi/kaldi/egs/timit/s5_la3/data-fmllr-tri3/train/data/feats_fmllr_train.1.ark:7858298
flet0_sx417 /nfs-share/xinchi/kaldi/egs/timit/s5_la3/data-fmllr-tri3/train/data/feats_fmllr_train.2.ark:10331208
msfh0_sx136 /nfs-share/xinchi/kaldi/egs/timit/s5_la3/data-fmllr-tri3/train/data/feats_fmllr_train.9.ark:14698531
mbom0_si2274 /nfs-share/xinchi/kaldi/egs/timit/s5_la3/data-fmllr-tri3/train/data/feats_fmllr_train.4.ark:6768778
mkaj0_sx334 /nfs-share/xinchi/kaldi/egs/timit/s5_la3/data-fmllr-tri3/train/data/feats_fmllr_train.7.ark:5035552
mjmd0_si2288 /nfs-share/xinchi/kaldi/egs/timit/s5_la3/data-fmllr-tri3/train/data/feats_fmllr_train.6.ark:15471145
fhxs0_si1075 /nfs-share/xinchi/kaldi/egs/timit/s5_la3/data-fmllr-tri3/train/data/feats_fmllr_train.1.ark:18358801
mjlb0_si986 /nfs-share/xinchi/kaldi/egs/timit/s5_la3/data-fmllr-tri3/train/data/feats_fmllr_train.6.ark:14051555
mrlk0_sx303 /nfs-share/xinchi/kaldi/egs/timit/s5_la3/data-fmllr-tri3/train/data/feats_fmllr_train.9.ark:4672454
fkfb0_si978 /nfs-share/xinchi/kaldi/egs/timit/s5_la3/data-fmllr-tri3/train/data/feats_fmllr_train.2.ark:6541465
fmjb0_sx277 /nfs-share/xinchi/kaldi/egs/timit/s5_la3/data-fmllr-tri3/train/data/feats_fmllr_train.2.ark:15742836
mdef0_si2193 /nfs-share/xinchi/kaldi/egs/timit/s5_la3/data-fmllr-tri3/train/data/feats_fmllr_train.5.ark:122149
mmdg0_sx160 /nfs-share/xinchi/kaldi/egs/timit/s5_la3/data-fmllr-tri3/train/data/feats_fmllr_train.7.ark:15979657
fscn0_si1886 /nfs-share/xinchi/kaldi/egs/timit/s5_la3/data-fmllr-tri3/train/data/feats_fmllr_train.3.ark:6762261
fjrb0_si1302 /nfs-share/xinchi/kaldi/egs/timit/s5_la3/data-fmllr-tri3/train/data/feats_fmllr_train.2.ark:2383719
mcpm0_si564 /nfs-share/xinchi/kaldi/egs/timit/s5_la3/data-fmllr-tri3/train/data/feats_fmllr_train.4.ark:12213253
makr0_sx182 /nfs-share/xinchi/kaldi/egs/timit/s5_la3/data-fmllr-tri3/train/data/feats_fmllr_train.4.ark:2070463
fklc0_sx445 /nfs-share/xinchi/kaldi/egs/timit/s5_la3/data-fmllr-tri3/train/data/feats_fmllr_train.2.ark:7620887
mmjb1_sx328 /nfs-share/xinchi/kaldi/egs/timit/s5_la3/data-fmllr-tri3/train/data/feats_fmllr_train.8.ark:1270242
mmab1_sx54 /nfs-share/xinchi/kaldi/egs/timit/s5_la3/data-fmllr-tri3/train/data/feats_fmllr_train.7.ark:13354244
mded0_sx360 /nfs-share/xinchi/kaldi/egs/timit/s5_la3/data-fmllr-tri3/train/data/feats_fmllr_train.4.ark:17263672
medr0_si744 /nfs-share/xinchi/kaldi/egs/timit/s5_la3/data-fmllr-tri3/train/data/feats_fmllr_train.5.ark:11182685
mfwk0_sx79 /nfs-share/xinchi/kaldi/egs/timit/s5_la3/data-fmllr-tri3/train/data/feats_fmllr_train.5.ark:15453841
fapb0_sx343 /nfs-share/xinchi/kaldi/egs/timit/s5_la3/data-fmllr-tri3/train/data/feats_fmllr_train.1.ark:1865653
mntw0_sx168 /nfs-share/xinchi/kaldi/egs/timit/s5_la3/data-fmllr-tri3/train/data/feats_fmllr_train.8.ark:5514973
fblv0_si2318 /nfs-share/xinchi/kaldi/egs/timit/s5_la3/data-fmllr-tri3/train/data/feats_fmllr_train.1.ark:3799778
msdh0_sx350 /nfs-share/xinchi/kaldi/egs/timit/s5_la3/data-fmllr-tri3/train/data/feats_fmllr_train.9.ark:13033875
fpac0_sx391 /nfs-share/xinchi/kaldi/egs/timit/s5_la3/data-fmllr-tri3/train/data/feats_fmllr_train.3.ark:1566772
mtxs0_sx250 /nfs-share/xinchi/kaldi/egs/timit/s5_la3/data-fmllr-tri3/train/data/feats_fmllr_train.10.ark:12125513
flag0_sx24 /nfs-share/xinchi/kaldi/egs/timit/s5_la3/data-fmllr-tri3/train/data/feats_fmllr_train.2.ark:9512825
mprt0_sx40 /nfs-share/xinchi/kaldi/egs/timit/s5_la3/data-fmllr-tri3/train/data/feats_fmllr_train.8.ark:10545016
mkaj0_si2044 /nfs-share/xinchi/kaldi/egs/timit/s5_la3/data-fmllr-tri3/train/data/feats_fmllr_train.7.ark:4846644
mcdc0_sx302 /nfs-share/xinchi/kaldi/egs/timit/s5_la3/data-fmllr-tri3/train/data/feats_fmllr_train.4.ark:9213517
mdns0_sx21 /nfs-share/xinchi/kaldi/egs/timit/s5_la3/data-fmllr-tri3/train/data/feats_fmllr_train.5.ark:6554182
mjde0_sx130 /nfs-share/xinchi/kaldi/egs/timit/s5_la3/data-fmllr-tri3/train/data/feats_fmllr_train.6.ark:8942360
flmc0_sx336 /nfs-share/xinchi/kaldi/egs/timit/s5_la3/data-fmllr-tri3/train/data/feats_fmllr_train.2.ark:13094967
mdem0_sx158 /nfs-share/xinchi/kaldi/egs/timit/s5_la3/data-fmllr-tri3/train/data/feats_fmllr_train.5.ark:547832
mdas0_sx276 /nfs-share/xinchi/kaldi/egs/timit/s5_la3/data-fmllr-tri3/train/data/feats_fmllr_train.4.ark:14999011
fmkc0_sx172 /nfs-share/xinchi/kaldi/egs/timit/s5_la3/data-fmllr-tri3/train/data/feats_fmllr_train.2.ark:16873059
mkdb0_si872 /nfs-share/xinchi/kaldi/egs/timit/s5_la3/data-fmllr-tri3/train/data/feats_fmllr_train.7.ark:5640865
fpaz0_sx423 /nfs-share/xinchi/kaldi/egs/timit/s5_la3/data-fmllr-tri3/train/data/feats_fmllr_train.3.ark:2729317
mdac0_sx181 /nfs-share/xinchi/kaldi/egs/timit/s5_la3/data-fmllr-tri3/train/data/feats_fmllr_train.4.ark:14526101
fvmh0_sx116 /nfs-share/xinchi/kaldi/egs/timit/s5_la3/data-fmllr-tri3/train/data/feats_fmllr_train.3.ark:16672409
msds0_si2337 /nfs-share/xinchi/kaldi/egs/timit/s5_la3/data-fmllr-tri3/train/data/feats_fmllr_train.9.ark:13337052
fajw0_sx3 /nfs-share/xinchi/kaldi/egs/timit/s5_la3/data-fmllr-tri3/train/data/feats_fmllr_train.1.ark:683084
msah1_sx59 /nfs-share/xinchi/kaldi/egs/timit/s5_la3/data-fmllr-tri3/train/data/feats_fmllr_train.9.ark:11389961
fkaa0_sx308 /nfs-share/xinchi/kaldi/egs/timit/s5_la3/data-fmllr-tri3/train/data/feats_fmllr_train.2.ark:5443294
mrcw0_si2001 /nfs-share/xinchi/kaldi/egs/timit/s5_la3/data-fmllr-tri3/train/data/feats_fmllr_train.8.ark:13748917
marc0_sx18 /nfs-share/xinchi/kaldi/egs/timit/s5_la3/data-fmllr-tri3/train/data/feats_fmllr_train.4.ark:2811883
mjxa0_sx337 /nfs-share/xinchi/kaldi/egs/timit/s5_la3/data-fmllr-tri3/train/data/feats_fmllr_train.7.ark:3484605
fdkn0_si1081 /nfs-share/xinchi/kaldi/egs/timit/s5_la3/data-fmllr-tri3/train/data/feats_fmllr_train.1.ark:10838089
fdaw0_si1271 /nfs-share/xinchi/kaldi/egs/timit/s5_la3/data-fmllr-tri3/train/data/feats_fmllr_train.1.ark:9731036
mrcw0_sx201 /nfs-share/xinchi/kaldi/egs/timit/s5_la3/data-fmllr-tri3/train/data/feats_fmllr_train.8.ark:13901958
fsms1_sx244 /nfs-share/xinchi/kaldi/egs/timit/s5_la3/data-fmllr-tri3/train/data/feats_fmllr_train.3.ark:12499009
mwac0_si2231 /nfs-share/xinchi/kaldi/egs/timit/s5_la3/data-fmllr-tri3/train/data/feats_fmllr_train.10.ark:13479580
mpmb0_si2131 /nfs-share/xinchi/kaldi/egs/timit/s5_la3/data-fmllr-tri3/train/data/feats_fmllr_train.8.ark:7992278
mjpg0_si561 /nfs-share/xinchi/kaldi/egs/timit/s5_la3/data-fmllr-tri3/train/data/feats_fmllr_train.6.ark:16212219
fmbg0_sx260 /nfs-share/xinchi/kaldi/egs/timit/s5_la3/data-fmllr-tri3/train/data/feats_fmllr_train.2.ark:14860776
flma0_sx253 /nfs-share/xinchi/kaldi/egs/timit/s5_la3/data-fmllr-tri3/train/data/feats_fmllr_train.2.ark:12657257
mvrw0_sx225 /nfs-share/xinchi/kaldi/egs/timit/s5_la3/data-fmllr-tri3/train/data/feats_fmllr_train.10.ark:13271444
mjrh0_sx135 /nfs-share/xinchi/kaldi/egs/timit/s5_la3/data-fmllr-tri3/train/data/feats_fmllr_train.7.ark:164736
mrvg0_sx150 /nfs-share/xinchi/kaldi/egs/timit/s5_la3/data-fmllr-tri3/train/data/feats_fmllr_train.9.ark:9782105
mjws0_si513 /nfs-share/xinchi/kaldi/egs/timit/s5_la3/data-fmllr-tri3/train/data/feats_fmllr_train.7.ark:2487290
mdjm0_si825 /nfs-share/xinchi/kaldi/egs/timit/s5_la3/data-fmllr-tri3/train/data/feats_fmllr_train.5.ark:1679496
mhbs0_sx45 /nfs-share/xinchi/kaldi/egs/timit/s5_la3/data-fmllr-tri3/train/data/feats_fmllr_train.6.ark:3876071
fljd0_sx346 /nfs-share/xinchi/kaldi/egs/timit/s5_la3/data-fmllr-tri3/train/data/feats_fmllr_train.2.ark:11453274
mmbs0_sx251 /nfs-share/xinchi/kaldi/egs/timit/s5_la3/data-fmllr-tri3/train/data/feats_fmllr_train.7.ark:14880313
mdwd0_si1890 /nfs-share/xinchi/kaldi/egs/timit/s5_la3/data-fmllr-tri3/train/data/feats_fmllr_train.5.ark:9647549
fcmg0_sx72 /nfs-share/xinchi/kaldi/egs/timit/s5_la3/data-fmllr-tri3/train/data/feats_fmllr_train.1.ark:8160380
mvrw0_si1485 /nfs-share/xinchi/kaldi/egs/timit/s5_la3/data-fmllr-tri3/train/data/feats_fmllr_train.10.ark:13095495
mkxl0_si1815 /nfs-share/xinchi/kaldi/egs/timit/s5_la3/data-fmllr-tri3/train/data/feats_fmllr_train.7.ark:9795386
mrdm0_sx65 /nfs-share/xinchi/kaldi/egs/timit/s5_la3/data-fmllr-tri3/train/data/feats_fmllr_train.8.ark:14755273
fsag0_sx423 /nfs-share/xinchi/kaldi/egs/timit/s5_la3/data-fmllr-tri3/train/data/feats_fmllr_train.3.ark:5415795
mcew0_sx92 /nfs-share/xinchi/kaldi/egs/timit/s5_la3/data-fmllr-tri3/train/data/feats_fmllr_train.4.ark:10922598
mjxa0_sx427 /nfs-share/xinchi/kaldi/egs/timit/s5_la3/data-fmllr-tri3/train/data/feats_fmllr_train.7.ark:3526392
mjsr0_sx344 /nfs-share/xinchi/kaldi/egs/timit/s5_la3/data-fmllr-tri3/train/data/feats_fmllr_train.7.ark:1792698
fsmm0_sx144 /nfs-share/xinchi/kaldi/egs/timit/s5_la3/data-fmllr-tri3/train/data/feats_fmllr_train.3.ark:12030125
mtml0_si1695 /nfs-share/xinchi/kaldi/egs/timit/s5_la3/data-fmllr-tri3/train/data/feats_fmllr_train.10.ark:7285067
mtkp0_sx33 /nfs-share/xinchi/kaldi/egs/timit/s5_la3/data-fmllr-tri3/train/data/feats_fmllr_train.10.ark:6419910
mkxl0_si1958 /nfs-share/xinchi/kaldi/egs/timit/s5_la3/data-fmllr-tri3/train/data/feats_fmllr_train.7.ark:9866134
msdb0_si2267 /nfs-share/xinchi/kaldi/egs/timit/s5_la3/data-fmllr-tri3/train/data/feats_fmllr_train.9.ark:12616777
fgmb0_sx65 /nfs-share/xinchi/kaldi/egs/timit/s5_la3/data-fmllr-tri3/train/data/feats_fmllr_train.1.ark:17463777
mrms0_si2057 /nfs-share/xinchi/kaldi/egs/timit/s5_la3/data-fmllr-tri3/train/data/feats_fmllr_train.9.ark:6802770
mvrw0_si2115 /nfs-share/xinchi/kaldi/egs/timit/s5_la3/data-fmllr-tri3/train/data/feats_fmllr_train.10.ark:13157123
mklw0_si1844 /nfs-share/xinchi/kaldi/egs/timit/s5_la3/data-fmllr-tri3/train/data/feats_fmllr_train.7.ark:9072552
fkfb0_si2238 /nfs-share/xinchi/kaldi/egs/timit/s5_la3/data-fmllr-tri3/train/data/feats_fmllr_train.2.ark:6506558
mrxb0_sx55 /nfs-share/xinchi/kaldi/egs/timit/s5_la3/data-fmllr-tri3/train/data/feats_fmllr_train.9.ark:11052143
mpar0_sx46 /nfs-share/xinchi/kaldi/egs/timit/s5_la3/data-fmllr-tri3/train/data/feats_fmllr_train.8.ark:6038177
mdmt0_sx122 /nfs-share/xinchi/kaldi/egs/timit/s5_la3/data-fmllr-tri3/train/data/feats_fmllr_train.5.ark:6036312
fjrp1_sx172 /nfs-share/xinchi/kaldi/egs/timit/s5_la3/data-fmllr-tri3/train/data/feats_fmllr_train.2.ark:2942258
fcjf0_sx397 /nfs-share/xinchi/kaldi/egs/timit/s5_la3/data-fmllr-tri3/train/data/feats_fmllr_train.1.ark:6661431
fjsp0_sx84 /nfs-share/xinchi/kaldi/egs/timit/s5_la3/data-fmllr-tri3/train/data/feats_fmllr_train.2.ark:3984240
falr0_si695 /nfs-share/xinchi/kaldi/egs/timit/s5_la3/data-fmllr-tri3/train/data/feats_fmllr_train.1.ark:1302954
mdlc1_sx85 /nfs-share/xinchi/kaldi/egs/timit/s5_la3/data-fmllr-tri3/train/data/feats_fmllr_train.5.ark:3537940
mrjm1_si1928 /nfs-share/xinchi/kaldi/egs/timit/s5_la3/data-fmllr-tri3/train/data/feats_fmllr_train.9.ark:2162245
mges0_sx221 /nfs-share/xinchi/kaldi/egs/timit/s5_la3/data-fmllr-tri3/train/data/feats_fmllr_train.6.ark:880237
mdlc2_sx84 /nfs-share/xinchi/kaldi/egs/timit/s5_la3/data-fmllr-tri3/train/data/feats_fmllr_train.5.ark:3858797
mdbb1_sx16 /nfs-share/xinchi/kaldi/egs/timit/s5_la3/data-fmllr-tri3/train/data/feats_fmllr_train.4.ark:15305119
mrbc0_si599 /nfs-share/xinchi/kaldi/egs/timit/s5_la3/data-fmllr-tri3/train/data/feats_fmllr_train.8.ark:12936990
mrfl0_sx76 /nfs-share/xinchi/kaldi/egs/timit/s5_la3/data-fmllr-tri3/train/data/feats_fmllr_train.8.ark:17435353
mrjm1_sx218 /nfs-share/xinchi/kaldi/egs/timit/s5_la3/data-fmllr-tri3/train/data/feats_fmllr_train.9.ark:2291126
mjmm0_sx355 /nfs-share/xinchi/kaldi/egs/timit/s5_la3/data-fmllr-tri3/train/data/feats_fmllr_train.6.ark:16002003
mdlr0_si1863 /nfs-share/xinchi/kaldi/egs/timit/s5_la3/data-fmllr-tri3/train/data/feats_fmllr_train.5.ark:4713526
mbef0_si651 /nfs-share/xinchi/kaldi/egs/timit/s5_la3/data-fmllr-tri3/train/data/feats_fmllr_train.4.ark:4562035
mtjm0_si1856 /nfs-share/xinchi/kaldi/egs/timit/s5_la3/data-fmllr-tri3/train/data/feats_fmllr_train.10.ark:4530428
mjee0_si1867 /nfs-share/xinchi/kaldi/egs/timit/s5_la3/data-fmllr-tri3/train/data/feats_fmllr_train.6.ark:10886272
mcal0_si1138 /nfs-share/xinchi/kaldi/egs/timit/s5_la3/data-fmllr-tri3/train/data/feats_fmllr_train.4.ark:8609644
mwch0_sx92 /nfs-share/xinchi/kaldi/egs/timit/s5_la3/data-fmllr-tri3/train/data/feats_fmllr_train.10.ark:14825035
mstf0_si1396 /nfs-share/xinchi/kaldi/egs/timit/s5_la3/data-fmllr-tri3/train/data/feats_fmllr_train.9.ark:17729943
mzmb0_si1796 /nfs-share/xinchi/kaldi/egs/timit/s5_la3/data-fmllr-tri3/train/data/feats_fmllr_train.10.ark:17657489
fkde0_si1141 /nfs-share/xinchi/kaldi/egs/timit/s5_la3/data-fmllr-tri3/train/data/feats_fmllr_train.2.ark:5621455
mmgc0_sx405 /nfs-share/xinchi/kaldi/egs/timit/s5_la3/data-fmllr-tri3/train/data/feats_fmllr_train.8.ark:275537
fnkl0_si2152 /nfs-share/xinchi/kaldi/egs/timit/s5_la3/data-fmllr-tri3/train/data/feats_fmllr_train.3.ark:40521
mlbc0_si1869 /nfs-share/xinchi/kaldi/egs/timit/s5_la3/data-fmllr-tri3/train/data/feats_fmllr_train.7.ark:10191764
marc0_si558 /nfs-share/xinchi/kaldi/egs/timit/s5_la3/data-fmllr-tri3/train/data/feats_fmllr_train.4.ark:2720630
fscn0_sx446 /nfs-share/xinchi/kaldi/egs/timit/s5_la3/data-fmllr-tri3/train/data/feats_fmllr_train.3.ark:7122743
mkdd0_si1567 /nfs-share/xinchi/kaldi/egs/timit/s5_la3/data-fmllr-tri3/train/data/feats_fmllr_train.7.ark:5940067
mmwb0_sx179 /nfs-share/xinchi/kaldi/egs/timit/s5_la3/data-fmllr-tri3/train/data/feats_fmllr_train.8.ark:3632291
mwad0_sx162 /nfs-share/xinchi/kaldi/egs/timit/s5_la3/data-fmllr-tri3/train/data/feats_fmllr_train.10.ark:13985292
ftlg0_si1743 /nfs-share/xinchi/kaldi/egs/timit/s5_la3/data-fmllr-tri3/train/data/feats_fmllr_train.3.ark:14971459
fjlg0_sx269 /nfs-share/xinchi/kaldi/egs/timit/s5_la3/data-fmllr-tri3/train/data/feats_fmllr_train.2.ark:1793154
mdlr0_sx63 /nfs-share/xinchi/kaldi/egs/timit/s5_la3/data-fmllr-tri3/train/data/feats_fmllr_train.5.ark:5017047
mrso0_si1659 /nfs-share/xinchi/kaldi/egs/timit/s5_la3/data-fmllr-tri3/train/data/feats_fmllr_train.9.ark:7963422
mrso0_sx219 /nfs-share/xinchi/kaldi/egs/timit/s5_la3/data-fmllr-tri3/train/data/feats_fmllr_train.9.ark:8121104
mrdd0_sx277 /nfs-share/xinchi/kaldi/egs/timit/s5_la3/data-fmllr-tri3/train/data/feats_fmllr_train.8.ark:14270843
fhlm0_si930 /nfs-share/xinchi/kaldi/egs/timit/s5_la3/data-fmllr-tri3/train/data/feats_fmllr_train.1.ark:18029998
mrdd0_sx150 /nfs-share/xinchi/kaldi/egs/timit/s5_la3/data-fmllr-tri3/train/data/feats_fmllr_train.8.ark:14194789
fecd0_sx428 /nfs-share/xinchi/kaldi/egs/timit/s5_la3/data-fmllr-tri3/train/data/feats_fmllr_train.1.ark:14490871
mjpg0_si1191 /nfs-share/xinchi/kaldi/egs/timit/s5_la3/data-fmllr-tri3/train/data/feats_fmllr_train.6.ark:16109124
mrcg0_si798 /nfs-share/xinchi/kaldi/egs/timit/s5_la3/data-fmllr-tri3/train/data/feats_fmllr_train.8.ark:13347447
mcth0_sx129 /nfs-share/xinchi/kaldi/egs/timit/s5_la3/data-fmllr-tri3/train/data/feats_fmllr_train.4.ark:13379530
fskc0_si2046 /nfs-share/xinchi/kaldi/egs/timit/s5_la3/data-fmllr-tri3/train/data/feats_fmllr_train.3.ark:10040025
madc0_si737 /nfs-share/xinchi/kaldi/egs/timit/s5_la3/data-fmllr-tri3/train/data/feats_fmllr_train.3.ark:17298416
mtml0_sx165 /nfs-share/xinchi/kaldi/egs/timit/s5_la3/data-fmllr-tri3/train/data/feats_fmllr_train.10.ark:7399842
fcdr1_sx106 /nfs-share/xinchi/kaldi/egs/timit/s5_la3/data-fmllr-tri3/train/data/feats_fmllr_train.1.ark:5825530
mgsl0_si1164 /nfs-share/xinchi/kaldi/egs/timit/s5_la3/data-fmllr-tri3/train/data/feats_fmllr_train.6.ark:2726812
mbbr0_sx425 /nfs-share/xinchi/kaldi/egs/timit/s5_la3/data-fmllr-tri3/train/data/feats_fmllr_train.4.ark:4048590
meal0_sx107 /nfs-share/xinchi/kaldi/egs/timit/s5_la3/data-fmllr-tri3/train/data/feats_fmllr_train.5.ark:10884574
fhxs0_sx445 /nfs-share/xinchi/kaldi/egs/timit/s5_la3/data-fmllr-tri3/train/data/feats_fmllr_train.1.ark:18754165
mmea0_sx128 /nfs-share/xinchi/kaldi/egs/timit/s5_la3/data-fmllr-tri3/train/data/feats_fmllr_train.7.ark:17457805
mljh0_sx334 /nfs-share/xinchi/kaldi/egs/timit/s5_la3/data-fmllr-tri3/train/data/feats_fmllr_train.7.ark:11677003
fjdm2_sx232 /nfs-share/xinchi/kaldi/egs/timit/s5_la3/data-fmllr-tri3/train/data/feats_fmllr_train.2.ark:208443
mkls0_si2067 /nfs-share/xinchi/kaldi/egs/timit/s5_la3/data-fmllr-tri3/train/data/feats_fmllr_train.7.ark:8317585
mbar0_sx59 /nfs-share/xinchi/kaldi/egs/timit/s5_la3/data-fmllr-tri3/train/data/feats_fmllr_train.4.ark:3722158
msfh0_si1216 /nfs-share/xinchi/kaldi/egs/timit/s5_la3/data-fmllr-tri3/train/data/feats_fmllr_train.9.ark:14503249
fcjs0_si1607 /nfs-share/xinchi/kaldi/egs/timit/s5_la3/data-fmllr-tri3/train/data/feats_fmllr_train.1.ark:6700339
mjdg0_si1672 /nfs-share/xinchi/kaldi/egs/timit/s5_la3/data-fmllr-tri3/train/data/feats_fmllr_train.6.ark:9291003
mcxm0_si721 /nfs-share/xinchi/kaldi/egs/timit/s5_la3/data-fmllr-tri3/train/data/feats_fmllr_train.4.ark:14093697
mjfh0_sx207 /nfs-share/xinchi/kaldi/egs/timit/s5_la3/data-fmllr-tri3/train/data/feats_fmllr_train.6.ark:11393930
mjjm0_si1251 /nfs-share/xinchi/kaldi/egs/timit/s5_la3/data-fmllr-tri3/train/data/feats_fmllr_train.6.ark:13161626
mkdt0_sx443 /nfs-share/xinchi/kaldi/egs/timit/s5_la3/data-fmllr-tri3/train/data/feats_fmllr_train.7.ark:6634206
mmpm0_sx71 /nfs-share/xinchi/kaldi/egs/timit/s5_la3/data-fmllr-tri3/train/data/feats_fmllr_train.8.ark:2112810
mmws1_si1701 /nfs-share/xinchi/kaldi/egs/timit/s5_la3/data-fmllr-tri3/train/data/feats_fmllr_train.8.ark:4364830
mdbb1_si2056 /nfs-share/xinchi/kaldi/egs/timit/s5_la3/data-fmllr-tri3/train/data/feats_fmllr_train.4.ark:15208106
mtas0_sx35 /nfs-share/xinchi/kaldi/egs/timit/s5_la3/data-fmllr-tri3/train/data/feats_fmllr_train.10.ark:1167489
mmws1_sx27 /nfs-share/xinchi/kaldi/egs/timit/s5_la3/data-fmllr-tri3/train/data/feats_fmllr_train.8.ark:4469231
fsms1_si2134 /nfs-share/xinchi/kaldi/egs/timit/s5_la3/data-fmllr-tri3/train/data/feats_fmllr_train.3.ark:12357968
mdlc2_sx264 /nfs-share/xinchi/kaldi/egs/timit/s5_la3/data-fmllr-tri3/train/data/feats_fmllr_train.5.ark:3739197
mtkp0_sx213 /nfs-share/xinchi/kaldi/egs/timit/s5_la3/data-fmllr-tri3/train/data/feats_fmllr_train.10.ark:6340337
mrml0_sx71 /nfs-share/xinchi/kaldi/egs/timit/s5_la3/data-fmllr-tri3/train/data/feats_fmllr_train.9.ark:6692474
mwre0_sx67 /nfs-share/xinchi/kaldi/egs/timit/s5_la3/data-fmllr-tri3/train/data/feats_fmllr_train.10.ark:16347665
mwch0_sx272 /nfs-share/xinchi/kaldi/egs/timit/s5_la3/data-fmllr-tri3/train/data/feats_fmllr_train.10.ark:14687035
mfxs0_sx54 /nfs-share/xinchi/kaldi/egs/timit/s5_la3/data-fmllr-tri3/train/data/feats_fmllr_train.5.ark:15812619
fjxm0_sx41 /nfs-share/xinchi/kaldi/egs/timit/s5_la3/data-fmllr-tri3/train/data/feats_fmllr_train.2.ark:4761313
mdwm0_sx286 /nfs-share/xinchi/kaldi/egs/timit/s5_la3/data-fmllr-tri3/train/data/feats_fmllr_train.5.ark:10623930
mjxa0_si877 /nfs-share/xinchi/kaldi/egs/timit/s5_la3/data-fmllr-tri3/train/data/feats_fmllr_train.7.ark:3350924
madc0_si1367 /nfs-share/xinchi/kaldi/egs/timit/s5_la3/data-fmllr-tri3/train/data/feats_fmllr_train.3.ark:17176121
mrlr0_sx386 /nfs-share/xinchi/kaldi/egs/timit/s5_la3/data-fmllr-tri3/train/data/feats_fmllr_train.9.ark:5112564
freh0_si685 /nfs-share/xinchi/kaldi/egs/timit/s5_la3/data-fmllr-tri3/train/data/feats_fmllr_train.3.ark:4130236
mhrm0_si2218 /nfs-share/xinchi/kaldi/egs/timit/s5_la3/data-fmllr-tri3/train/data/feats_fmllr_train.6.ark:5385156
fmpg0_sx342 /nfs-share/xinchi/kaldi/egs/timit/s5_la3/data-fmllr-tri3/train/data/feats_fmllr_train.2.ark:18230720
msfh0_sx46 /nfs-share/xinchi/kaldi/egs/timit/s5_la3/data-fmllr-tri3/train/data/feats_fmllr_train.9.ark:14934158
fsbk0_sx79 /nfs-share/xinchi/kaldi/egs/timit/s5_la3/data-fmllr-tri3/train/data/feats_fmllr_train.3.ark:6700153
fcjf0_si1027 /nfs-share/xinchi/kaldi/egs/timit/s5_la3/data-fmllr-tri3/train/data/feats_fmllr_train.1.ark:6398842
mdem0_sx248 /nfs-share/xinchi/kaldi/egs/timit/s5_la3/data-fmllr-tri3/train/data/feats_fmllr_train.5.ark:590419
fksr0_sx37 /nfs-share/xinchi/kaldi/egs/timit/s5_la3/data-fmllr-tri3/train/data/feats_fmllr_train.2.ark:8776738
mwgr0_si2236 /nfs-share/xinchi/kaldi/egs/timit/s5_la3/data-fmllr-tri3/train/data/feats_fmllr_train.10.ark:15694806
fear0_si1882 /nfs-share/xinchi/kaldi/egs/timit/s5_la3/data-fmllr-tri3/train/data/feats_fmllr_train.1.ark:13784759
mtmt0_sx218 /nfs-share/xinchi/kaldi/egs/timit/s5_la3/data-fmllr-tri3/train/data/feats_fmllr_train.10.ark:8265103
mmrp0_sx324 /nfs-share/xinchi/kaldi/egs/timit/s5_la3/data-fmllr-tri3/train/data/feats_fmllr_train.8.ark:2378413
mkdd0_si937 /nfs-share/xinchi/kaldi/egs/timit/s5_la3/data-fmllr-tri3/train/data/feats_fmllr_train.7.ark:6078042
mmws0_si1518 /nfs-share/xinchi/kaldi/egs/timit/s5_la3/data-fmllr-tri3/train/data/feats_fmllr_train.8.ark:3940266
mwgr0_sx76 /nfs-share/xinchi/kaldi/egs/timit/s5_la3/data-fmllr-tri3/train/data/feats_fmllr_train.10.ark:15982327
mjlb0_sx86 /nfs-share/xinchi/kaldi/egs/timit/s5_la3/data-fmllr-tri3/train/data/feats_fmllr_train.6.ark:14267369
mfer0_sx322 /nfs-share/xinchi/kaldi/egs/timit/s5_la3/data-fmllr-tri3/train/data/feats_fmllr_train.5.ark:14236496
msds0_sx447 /nfs-share/xinchi/kaldi/egs/timit/s5_la3/data-fmllr-tri3/train/data/feats_fmllr_train.9.ark:13570600
msat0_sx176 /nfs-share/xinchi/kaldi/egs/timit/s5_la3/data-fmllr-tri3/train/data/feats_fmllr_train.9.ark:11964848
mjac0_sx71 /nfs-share/xinchi/kaldi/egs/timit/s5_la3/data-fmllr-tri3/train/data/feats_fmllr_train.6.ark:6817004
mrsp0_sx196 /nfs-share/xinchi/kaldi/egs/timit/s5_la3/data-fmllr-tri3/train/data/feats_fmllr_train.9.ark:8576361
mbwp0_sx79 /nfs-share/xinchi/kaldi/egs/timit/s5_la3/data-fmllr-tri3/train/data/feats_fmllr_train.4.ark:8056281
mjeb1_sx387 /nfs-share/xinchi/kaldi/egs/timit/s5_la3/data-fmllr-tri3/train/data/feats_fmllr_train.6.ark:10777256
mmrp0_si2034 /nfs-share/xinchi/kaldi/egs/timit/s5_la3/data-fmllr-tri3/train/data/feats_fmllr_train.8.ark:2152358
ftbr0_si921 /nfs-share/xinchi/kaldi/egs/timit/s5_la3/data-fmllr-tri3/train/data/feats_fmllr_train.3.ark:14323720
mmsm0_sx116 /nfs-share/xinchi/kaldi/egs/timit/s5_la3/data-fmllr-tri3/train/data/feats_fmllr_train.8.ark:2748016
mjdm0_si1340 /nfs-share/xinchi/kaldi/egs/timit/s5_la3/data-fmllr-tri3/train/data/feats_fmllr_train.6.ark:9616153
ftmg0_sx182 /nfs-share/xinchi/kaldi/egs/timit/s5_la3/data-fmllr-tri3/train/data/feats_fmllr_train.3.ark:15527117
mcre0_sx24 /nfs-share/xinchi/kaldi/egs/timit/s5_la3/data-fmllr-tri3/train/data/feats_fmllr_train.4.ark:12692911
fsag0_sx333 /nfs-share/xinchi/kaldi/egs/timit/s5_la3/data-fmllr-tri3/train/data/feats_fmllr_train.3.ark:5336088
mewm0_si1978 /nfs-share/xinchi/kaldi/egs/timit/s5_la3/data-fmllr-tri3/train/data/feats_fmllr_train.5.ark:13729611
mrxb0_sx325 /nfs-share/xinchi/kaldi/egs/timit/s5_la3/data-fmllr-tri3/train/data/feats_fmllr_train.9.ark:10968410
mjsr0_sx74 /nfs-share/xinchi/kaldi/egs/timit/s5_la3/data-fmllr-tri3/train/data/feats_fmllr_train.7.ark:1893391
fspm0_sx341 /nfs-share/xinchi/kaldi/egs/timit/s5_la3/data-fmllr-tri3/train/data/feats_fmllr_train.3.ark:12991893
fajw0_sx363 /nfs-share/xinchi/kaldi/egs/timit/s5_la3/data-fmllr-tri3/train/data/feats_fmllr_train.1.ark:710471
