mjlb0_sx176 /nfs-share/titouan/workspace/kaldi/egs/timit/s5_la2/data-fmllr-tri3/train/data/feats_fmllr_train.6.ark:14090302
mgar0_sx402 /nfs-share/titouan/workspace/kaldi/egs/timit/s5_la2/data-fmllr-tri3/train/data/feats_fmllr_train.6.ark:299057
mtkd0_si1817 /nfs-share/titouan/workspace/kaldi/egs/timit/s5_la2/data-fmllr-tri3/train/data/feats_fmllr_train.10.ark:5712199
mjrh1_sx334 /nfs-share/titouan/workspace/kaldi/egs/timit/s5_la2/data-fmllr-tri3/train/data/feats_fmllr_train.7.ark:646287
fceg0_si618 /nfs-share/titouan/workspace/kaldi/egs/timit/s5_la2/data-fmllr-tri3/train/data/feats_fmllr_train.1.ark:6152920
mkxl0_sx195 /nfs-share/titouan/workspace/kaldi/egs/timit/s5_la2/data-fmllr-tri3/train/data/feats_fmllr_train.7.ark:10010374
msfv0_si632 /nfs-share/titouan/workspace/kaldi/egs/timit/s5_la2/data-fmllr-tri3/train/data/feats_fmllr_train.9.ark:15078561
fjhk0_sx32 /nfs-share/titouan/workspace/kaldi/egs/timit/s5_la2/data-fmllr-tri3/train/data/feats_fmllr_train.2.ark:1161092
falk0_si1086 /nfs-share/titouan/workspace/kaldi/egs/timit/s5_la2/data-fmllr-tri3/train/data/feats_fmllr_train.1.ark:814845
mjjj0_sx263 /nfs-share/titouan/workspace/kaldi/egs/timit/s5_la2/data-fmllr-tri3/train/data/feats_fmllr_train.6.ark:12966798
mmlm0_sx357 /nfs-share/titouan/workspace/kaldi/egs/timit/s5_la2/data-fmllr-tri3/train/data/feats_fmllr_train.8.ark:1643419
mgxp0_sx187 /nfs-share/titouan/workspace/kaldi/egs/timit/s5_la2/data-fmllr-tri3/train/data/feats_fmllr_train.6.ark:3339749
mtkd0_sx17 /nfs-share/titouan/workspace/kaldi/egs/timit/s5_la2/data-fmllr-tri3/train/data/feats_fmllr_train.10.ark:5902039
mewm0_si1348 /nfs-share/titouan/workspace/kaldi/egs/timit/s5_la2/data-fmllr-tri3/train/data/feats_fmllr_train.5.ark:13692783
mrxb0_sx325 /nfs-share/titouan/workspace/kaldi/egs/timit/s5_la2/data-fmllr-tri3/train/data/feats_fmllr_train.9.ark:10968410
mhrm0_si958 /nfs-share/titouan/workspace/kaldi/egs/timit/s5_la2/data-fmllr-tri3/train/data/feats_fmllr_train.6.ark:5429823
fklc0_sx265 /nfs-share/titouan/workspace/kaldi/egs/timit/s5_la2/data-fmllr-tri3/train/data/feats_fmllr_train.2.ark:7527073
mcew0_sx452 /nfs-share/titouan/workspace/kaldi/egs/timit/s5_la2/data-fmllr-tri3/train/data/feats_fmllr_train.4.ark:10857932
mlel0_si616 /nfs-share/titouan/workspace/kaldi/egs/timit/s5_la2/data-fmllr-tri3/train/data/feats_fmllr_train.7.ark:10587368
fkde0_sx151 /nfs-share/titouan/workspace/kaldi/egs/timit/s5_la2/data-fmllr-tri3/train/data/feats_fmllr_train.2.ark:5801858
mrpc1_si1482 /nfs-share/titouan/workspace/kaldi/egs/timit/s5_la2/data-fmllr-tri3/train/data/feats_fmllr_train.9.ark:7091440
mmws0_si888 /nfs-share/titouan/workspace/kaldi/egs/timit/s5_la2/data-fmllr-tri3/train/data/feats_fmllr_train.8.ark:4022400
fetb0_sx428 /nfs-share/titouan/workspace/kaldi/egs/timit/s5_la2/data-fmllr-tri3/train/data/feats_fmllr_train.1.ark:15697602
mzmb0_sx446 /nfs-share/titouan/workspace/kaldi/egs/timit/s5_la2/data-fmllr-tri3/train/data/feats_fmllr_train.10.ark:17896504
mjde0_si1120 /nfs-share/titouan/workspace/kaldi/egs/timit/s5_la2/data-fmllr-tri3/train/data/feats_fmllr_train.6.ark:8727719
mmgk0_si1322 /nfs-share/titouan/workspace/kaldi/egs/timit/s5_la2/data-fmllr-tri3/train/data/feats_fmllr_train.8.ark:739489
mrhl0_si885 /nfs-share/titouan/workspace/kaldi/egs/timit/s5_la2/data-fmllr-tri3/train/data/feats_fmllr_train.9.ark:513563
mrjb1_si1020 /nfs-share/titouan/workspace/kaldi/egs/timit/s5_la2/data-fmllr-tri3/train/data/feats_fmllr_train.9.ark:783805
fklh0_si627 /nfs-share/titouan/workspace/kaldi/egs/timit/s5_la2/data-fmllr-tri3/train/data/feats_fmllr_train.2.ark:8205534
mdcm0_sx130 /nfs-share/titouan/workspace/kaldi/egs/timit/s5_la2/data-fmllr-tri3/train/data/feats_fmllr_train.4.ark:16425264
mjmm0_si1255 /nfs-share/titouan/workspace/kaldi/egs/timit/s5_la2/data-fmllr-tri3/train/data/feats_fmllr_train.6.ark:15752747
mpgh0_si1554 /nfs-share/titouan/workspace/kaldi/egs/timit/s5_la2/data-fmllr-tri3/train/data/feats_fmllr_train.8.ark:6819919
mter0_sx167 /nfs-share/titouan/workspace/kaldi/egs/timit/s5_la2/data-fmllr-tri3/train/data/feats_fmllr_train.10.ark:3847169
fmem0_si2007 /nfs-share/titouan/workspace/kaldi/egs/timit/s5_la2/data-fmllr-tri3/train/data/feats_fmllr_train.2.ark:15152617
mrew1_si2130 /nfs-share/titouan/workspace/kaldi/egs/timit/s5_la2/data-fmllr-tri3/train/data/feats_fmllr_train.8.ark:16392517
mrcg0_sx258 /nfs-share/titouan/workspace/kaldi/egs/timit/s5_la2/data-fmllr-tri3/train/data/feats_fmllr_train.8.ark:13449261
mmlm0_sx177 /nfs-share/titouan/workspace/kaldi/egs/timit/s5_la2/data-fmllr-tri3/train/data/feats_fmllr_train.8.ark:1563045
mtrc0_si589 /nfs-share/titouan/workspace/kaldi/egs/timit/s5_la2/data-fmllr-tri3/train/data/feats_fmllr_train.10.ark:10508083
fgmb0_sx245 /nfs-share/titouan/workspace/kaldi/egs/timit/s5_la2/data-fmllr-tri3/train/data/feats_fmllr_train.1.ark:17296177
mdwh0_si1925 /nfs-share/titouan/workspace/kaldi/egs/timit/s5_la2/data-fmllr-tri3/train/data/feats_fmllr_train.5.ark:10013206
mpfu0_sx88 /nfs-share/titouan/workspace/kaldi/egs/timit/s5_la2/data-fmllr-tri3/train/data/feats_fmllr_train.8.ark:6765171
mwsb0_si996 /nfs-share/titouan/workspace/kaldi/egs/timit/s5_la2/data-fmllr-tri3/train/data/feats_fmllr_train.10.ark:16875644
mjae0_si1999 /nfs-share/titouan/workspace/kaldi/egs/timit/s5_la2/data-fmllr-tri3/train/data/feats_fmllr_train.6.ark:6911140
msms0_si803 /nfs-share/titouan/workspace/kaldi/egs/timit/s5_la2/data-fmllr-tri3/train/data/feats_fmllr_train.9.ark:16707748
mdlc1_sx175 /nfs-share/titouan/workspace/kaldi/egs/timit/s5_la2/data-fmllr-tri3/train/data/feats_fmllr_train.5.ark:3358153
mtjs0_sx292 /nfs-share/titouan/workspace/kaldi/egs/timit/s5_la2/data-fmllr-tri3/train/data/feats_fmllr_train.10.ark:5179899
mpgh0_sx204 /nfs-share/titouan/workspace/kaldi/egs/timit/s5_la2/data-fmllr-tri3/train/data/feats_fmllr_train.8.ark:7021947
mlel0_si1876 /nfs-share/titouan/workspace/kaldi/egs/timit/s5_la2/data-fmllr-tri3/train/data/feats_fmllr_train.7.ark:10550861
mtlb0_si504 /nfs-share/titouan/workspace/kaldi/egs/timit/s5_la2/data-fmllr-tri3/train/data/feats_fmllr_train.10.ark:6598420
mtpf0_si1865 /nfs-share/titouan/workspace/kaldi/egs/timit/s5_la2/data-fmllr-tri3/train/data/feats_fmllr_train.10.ark:8504759
fdkn0_si1081 /nfs-share/titouan/workspace/kaldi/egs/timit/s5_la2/data-fmllr-tri3/train/data/feats_fmllr_train.1.ark:10838089
mjmm0_sx355 /nfs-share/titouan/workspace/kaldi/egs/timit/s5_la2/data-fmllr-tri3/train/data/feats_fmllr_train.6.ark:16002003
ftlg0_sx33 /nfs-share/titouan/workspace/kaldi/egs/timit/s5_la2/data-fmllr-tri3/train/data/feats_fmllr_train.3.ark:15299620
mdas0_sx276 /nfs-share/titouan/workspace/kaldi/egs/timit/s5_la2/data-fmllr-tri3/train/data/feats_fmllr_train.4.ark:14999011
fbmj0_si1776 /nfs-share/titouan/workspace/kaldi/egs/timit/s5_la2/data-fmllr-tri3/train/data/feats_fmllr_train.1.ark:4460317
mstf0_sx46 /nfs-share/titouan/workspace/kaldi/egs/timit/s5_la2/data-fmllr-tri3/train/data/feats_fmllr_train.9.ark:18104851
mrml0_si2051 /nfs-share/titouan/workspace/kaldi/egs/timit/s5_la2/data-fmllr-tri3/train/data/feats_fmllr_train.9.ark:6342393
mcew0_sx272 /nfs-share/titouan/workspace/kaldi/egs/timit/s5_la2/data-fmllr-tri3/train/data/feats_fmllr_train.4.ark:10734198
mwch0_sx272 /nfs-share/titouan/workspace/kaldi/egs/timit/s5_la2/data-fmllr-tri3/train/data/feats_fmllr_train.10.ark:14687035
mjfh0_si477 /nfs-share/titouan/workspace/kaldi/egs/timit/s5_la2/data-fmllr-tri3/train/data/feats_fmllr_train.6.ark:11298996
mwdk0_sx86 /nfs-share/titouan/workspace/kaldi/egs/timit/s5_la2/data-fmllr-tri3/train/data/feats_fmllr_train.10.ark:15210212
mlsh0_si2047 /nfs-share/titouan/workspace/kaldi/egs/timit/s5_la2/data-fmllr-tri3/train/data/feats_fmllr_train.7.ark:12248849
freh0_sx235 /nfs-share/titouan/workspace/kaldi/egs/timit/s5_la2/data-fmllr-tri3/train/data/feats_fmllr_train.3.ark:4206450
msjk0_si1596 /nfs-share/titouan/workspace/kaldi/egs/timit/s5_la2/data-fmllr-tri3/train/data/feats_fmllr_train.9.ark:15415363
mmrp0_sx234 /nfs-share/titouan/workspace/kaldi/egs/timit/s5_la2/data-fmllr-tri3/train/data/feats_fmllr_train.8.ark:2323026
mvjh0_si926 /nfs-share/titouan/workspace/kaldi/egs/timit/s5_la2/data-fmllr-tri3/train/data/feats_fmllr_train.10.ark:12465996
mljc0_sx55 /nfs-share/titouan/workspace/kaldi/egs/timit/s5_la2/data-fmllr-tri3/train/data/feats_fmllr_train.7.ark:11281959
mvrw0_si1485 /nfs-share/titouan/workspace/kaldi/egs/timit/s5_la2/data-fmllr-tri3/train/data/feats_fmllr_train.10.ark:13095495
flet0_sx147 /nfs-share/titouan/workspace/kaldi/egs/timit/s5_la2/data-fmllr-tri3/train/data/feats_fmllr_train.2.ark:10228407
mjde0_sx130 /nfs-share/titouan/workspace/kaldi/egs/timit/s5_la2/data-fmllr-tri3/train/data/feats_fmllr_train.6.ark:8942360
mjda0_sx401 /nfs-share/titouan/workspace/kaldi/egs/timit/s5_la2/data-fmllr-tri3/train/data/feats_fmllr_train.6.ark:8273528
fmkf0_sx366 /nfs-share/titouan/workspace/kaldi/egs/timit/s5_la2/data-fmllr-tri3/train/data/feats_fmllr_train.2.ark:17384530
majp0_si2334 /nfs-share/titouan/workspace/kaldi/egs/timit/s5_la2/data-fmllr-tri3/train/data/feats_fmllr_train.4.ark:1167921
flmk0_sx405 /nfs-share/titouan/workspace/kaldi/egs/timit/s5_la2/data-fmllr-tri3/train/data/feats_fmllr_train.2.ark:13496786
mrfl0_si1786 /nfs-share/titouan/workspace/kaldi/egs/timit/s5_la2/data-fmllr-tri3/train/data/feats_fmllr_train.8.ark:17126712
mdhl0_si809 /nfs-share/titouan/workspace/kaldi/egs/timit/s5_la2/data-fmllr-tri3/train/data/feats_fmllr_train.5.ark:919702
fdml0_sx159 /nfs-share/titouan/workspace/kaldi/egs/timit/s5_la2/data-fmllr-tri3/train/data/feats_fmllr_train.1.ark:11404790
marw0_sx286 /nfs-share/titouan/workspace/kaldi/egs/timit/s5_la2/data-fmllr-tri3/train/data/feats_fmllr_train.4.ark:3177727
feac0_sx75 /nfs-share/titouan/workspace/kaldi/egs/timit/s5_la2/data-fmllr-tri3/train/data/feats_fmllr_train.1.ark:13703743
mafm0_si2199 /nfs-share/titouan/workspace/kaldi/egs/timit/s5_la2/data-fmllr-tri3/train/data/feats_fmllr_train.4.ark:770076
mkam0_sx416 /nfs-share/titouan/workspace/kaldi/egs/timit/s5_la2/data-fmllr-tri3/train/data/feats_fmllr_train.7.ark:5466197
mtml0_si1065 /nfs-share/titouan/workspace/kaldi/egs/timit/s5_la2/data-fmllr-tri3/train/data/feats_fmllr_train.10.ark:7235759
mrjb1_sx30 /nfs-share/titouan/workspace/kaldi/egs/timit/s5_la2/data-fmllr-tri3/train/data/feats_fmllr_train.9.ark:1105701
fnkl0_sx262 /nfs-share/titouan/workspace/kaldi/egs/timit/s5_la2/data-fmllr-tri3/train/data/feats_fmllr_train.3.ark:236469
mkah0_sx268 /nfs-share/titouan/workspace/kaldi/egs/timit/s5_la2/data-fmllr-tri3/train/data/feats_fmllr_train.7.ark:4619948
mded0_si1800 /nfs-share/titouan/workspace/kaldi/egs/timit/s5_la2/data-fmllr-tri3/train/data/feats_fmllr_train.4.ark:17047404
mewm0_sx88 /nfs-share/titouan/workspace/kaldi/egs/timit/s5_la2/data-fmllr-tri3/train/data/feats_fmllr_train.5.ark:13974412
mrsp0_si799 /nfs-share/titouan/workspace/kaldi/egs/timit/s5_la2/data-fmllr-tri3/train/data/feats_fmllr_train.9.ark:8475187
fdmy0_sx297 /nfs-share/titouan/workspace/kaldi/egs/timit/s5_la2/data-fmllr-tri3/train/data/feats_fmllr_train.1.ark:12031166
fdnc0_sx288 /nfs-share/titouan/workspace/kaldi/egs/timit/s5_la2/data-fmllr-tri3/train/data/feats_fmllr_train.1.ark:12471704
fsjs0_sx271 /nfs-share/titouan/workspace/kaldi/egs/timit/s5_la2/data-fmllr-tri3/train/data/feats_fmllr_train.3.ark:9385752
mrfl0_sx436 /nfs-share/titouan/workspace/kaldi/egs/timit/s5_la2/data-fmllr-tri3/train/data/feats_fmllr_train.8.ark:17399327
mfwk0_si1879 /nfs-share/titouan/workspace/kaldi/egs/timit/s5_la2/data-fmllr-tri3/train/data/feats_fmllr_train.5.ark:15163120
fljg0_sx441 /nfs-share/titouan/workspace/kaldi/egs/timit/s5_la2/data-fmllr-tri3/train/data/feats_fmllr_train.2.ark:11942638
mkag0_sx259 /nfs-share/titouan/workspace/kaldi/egs/timit/s5_la2/data-fmllr-tri3/train/data/feats_fmllr_train.7.ark:4236372
mjrh0_sx405 /nfs-share/titouan/workspace/kaldi/egs/timit/s5_la2/data-fmllr-tri3/train/data/feats_fmllr_train.7.ark:297137
flma0_si613 /nfs-share/titouan/workspace/kaldi/egs/timit/s5_la2/data-fmllr-tri3/train/data/feats_fmllr_train.2.ark:12567283
fntb0_si679 /nfs-share/titouan/workspace/kaldi/egs/timit/s5_la2/data-fmllr-tri3/train/data/feats_fmllr_train.3.ark:458684
mbwp0_sx439 /nfs-share/titouan/workspace/kaldi/egs/timit/s5_la2/data-fmllr-tri3/train/data/feats_fmllr_train.4.ark:8001535
mjbg0_sx62 /nfs-share/titouan/workspace/kaldi/egs/timit/s5_la2/data-fmllr-tri3/train/data/feats_fmllr_train.6.ark:7992376
mlbc0_si609 /nfs-share/titouan/workspace/kaldi/egs/timit/s5_la2/data-fmllr-tri3/train/data/feats_fmllr_train.7.ark:10225071
fssb0_si1712 /nfs-share/titouan/workspace/kaldi/egs/timit/s5_la2/data-fmllr-tri3/train/data/feats_fmllr_train.3.ark:13551099
mdma0_sx440 /nfs-share/titouan/workspace/kaldi/egs/timit/s5_la2/data-fmllr-tri3/train/data/feats_fmllr_train.5.ark:5815696
fsdc0_si2234 /nfs-share/titouan/workspace/kaldi/egs/timit/s5_la2/data-fmllr-tri3/train/data/feats_fmllr_train.3.ark:7332773
mtlc0_si1313 /nfs-share/titouan/workspace/kaldi/egs/timit/s5_la2/data-fmllr-tri3/train/data/feats_fmllr_train.10.ark:6890262
makb0_sx296 /nfs-share/titouan/workspace/kaldi/egs/timit/s5_la2/data-fmllr-tri3/train/data/feats_fmllr_train.4.ark:1875446
mfmc0_sx52 /nfs-share/titouan/workspace/kaldi/egs/timit/s5_la2/data-fmllr-tri3/train/data/feats_fmllr_train.5.ark:14704766
fcke0_sx391 /nfs-share/titouan/workspace/kaldi/egs/timit/s5_la2/data-fmllr-tri3/train/data/feats_fmllr_train.1.ark:7373865
fcag0_si2133 /nfs-share/titouan/workspace/kaldi/egs/timit/s5_la2/data-fmllr-tri3/train/data/feats_fmllr_train.1.ark:4955309
mrab1_si848 /nfs-share/titouan/workspace/kaldi/egs/timit/s5_la2/data-fmllr-tri3/train/data/feats_fmllr_train.8.ark:11411640
fjlr0_sx331 /nfs-share/titouan/workspace/kaldi/egs/timit/s5_la2/data-fmllr-tri3/train/data/feats_fmllr_train.2.ark:2232438
mjdc0_sx81 /nfs-share/titouan/workspace/kaldi/egs/timit/s5_la2/data-fmllr-tri3/train/data/feats_fmllr_train.6.ark:8696651
mjlg1_si1642 /nfs-share/titouan/workspace/kaldi/egs/timit/s5_la2/data-fmllr-tri3/train/data/feats_fmllr_train.6.ark:14346145
fcmg0_si1872 /nfs-share/titouan/workspace/kaldi/egs/timit/s5_la2/data-fmllr-tri3/train/data/feats_fmllr_train.1.ark:7902006
mjac0_si1331 /nfs-share/titouan/workspace/kaldi/egs/timit/s5_la2/data-fmllr-tri3/train/data/feats_fmllr_train.6.ark:6468495
msdb0_sx107 /nfs-share/titouan/workspace/kaldi/egs/timit/s5_la2/data-fmllr-tri3/train/data/feats_fmllr_train.9.ark:12648164
msds0_sx357 /nfs-share/titouan/workspace/kaldi/egs/timit/s5_la2/data-fmllr-tri3/train/data/feats_fmllr_train.9.ark:13497133
mjjb0_sx239 /nfs-share/titouan/workspace/kaldi/egs/timit/s5_la2/data-fmllr-tri3/train/data/feats_fmllr_train.6.ark:12529781
mprt0_si495 /nfs-share/titouan/workspace/kaldi/egs/timit/s5_la2/data-fmllr-tri3/train/data/feats_fmllr_train.8.ark:10347602
madc0_sx197 /nfs-share/titouan/workspace/kaldi/egs/timit/s5_la2/data-fmllr-tri3/train/data/feats_fmllr_train.3.ark:17451616
mtju0_si760 /nfs-share/titouan/workspace/kaldi/egs/timit/s5_la2/data-fmllr-tri3/train/data/feats_fmllr_train.10.ark:5394889
mjdc0_sx351 /nfs-share/titouan/workspace/kaldi/egs/timit/s5_la2/data-fmllr-tri3/train/data/feats_fmllr_train.6.ark:8611318
mfmc0_si1762 /nfs-share/titouan/workspace/kaldi/egs/timit/s5_la2/data-fmllr-tri3/train/data/feats_fmllr_train.5.ark:14404445
mpfu0_sx268 /nfs-share/titouan/workspace/kaldi/egs/timit/s5_la2/data-fmllr-tri3/train/data/feats_fmllr_train.8.ark:6613731
mkaj0_sx64 /nfs-share/titouan/workspace/kaldi/egs/timit/s5_la2/data-fmllr-tri3/train/data/feats_fmllr_train.7.ark:5106485
fjdm2_sx322 /nfs-share/titouan/workspace/kaldi/egs/timit/s5_la2/data-fmllr-tri3/train/data/feats_fmllr_train.2.ark:271670
mwch0_si1622 /nfs-share/titouan/workspace/kaldi/egs/timit/s5_la2/data-fmllr-tri3/train/data/feats_fmllr_train.10.ark:14541165
mmar0_si706 /nfs-share/titouan/workspace/kaldi/egs/timit/s5_la2/data-fmllr-tri3/train/data/feats_fmllr_train.7.ark:14318122
mtkp0_si454 /nfs-share/titouan/workspace/kaldi/egs/timit/s5_la2/data-fmllr-tri3/train/data/feats_fmllr_train.10.ark:6223643
frjb0_si1427 /nfs-share/titouan/workspace/kaldi/egs/timit/s5_la2/data-fmllr-tri3/train/data/feats_fmllr_train.3.ark:4352158
mmds0_si1343 /nfs-share/titouan/workspace/kaldi/egs/timit/s5_la2/data-fmllr-tri3/train/data/feats_fmllr_train.7.ark:17017026
fskc0_sx66 /nfs-share/titouan/workspace/kaldi/egs/timit/s5_la2/data-fmllr-tri3/train/data/feats_fmllr_train.3.ark:10309146
mbma0_sx412 /nfs-share/titouan/workspace/kaldi/egs/timit/s5_la2/data-fmllr-tri3/train/data/feats_fmllr_train.4.ark:5824234
mnet0_si816 /nfs-share/titouan/workspace/kaldi/egs/timit/s5_la2/data-fmllr-tri3/train/data/feats_fmllr_train.8.ark:5074250
mdps0_si1979 /nfs-share/titouan/workspace/kaldi/egs/timit/s5_la2/data-fmllr-tri3/train/data/feats_fmllr_train.5.ark:7443846
marc0_sx378 /nfs-share/titouan/workspace/kaldi/egs/timit/s5_la2/data-fmllr-tri3/train/data/feats_fmllr_train.4.ark:2929244
mcal0_sx418 /nfs-share/titouan/workspace/kaldi/egs/timit/s5_la2/data-fmllr-tri3/train/data/feats_fmllr_train.4.ark:8864367
fjsp0_sx354 /nfs-share/titouan/workspace/kaldi/egs/timit/s5_la2/data-fmllr-tri3/train/data/feats_fmllr_train.2.ark:3894747
fjsk0_sx62 /nfs-share/titouan/workspace/kaldi/egs/timit/s5_la2/data-fmllr-tri3/train/data/feats_fmllr_train.2.ark:3615543
mstf0_sx226 /nfs-share/titouan/workspace/kaldi/egs/timit/s5_la2/data-fmllr-tri3/train/data/feats_fmllr_train.9.ark:17948931
fdnc0_sx108 /nfs-share/titouan/workspace/kaldi/egs/timit/s5_la2/data-fmllr-tri3/train/data/feats_fmllr_train.1.ark:12333064
mrab0_si1224 /nfs-share/titouan/workspace/kaldi/egs/timit/s5_la2/data-fmllr-tri3/train/data/feats_fmllr_train.8.ark:10934728
mabc0_si781 /nfs-share/titouan/workspace/kaldi/egs/timit/s5_la2/data-fmllr-tri3/train/data/feats_fmllr_train.3.ark:16920439
mjrg0_si1366 /nfs-share/titouan/workspace/kaldi/egs/timit/s5_la2/data-fmllr-tri3/train/data/feats_fmllr_train.6.ark:17606152
ftaj0_sx69 /nfs-share/titouan/workspace/kaldi/egs/timit/s5_la2/data-fmllr-tri3/train/data/feats_fmllr_train.3.ark:14174997
mjfr0_si975 /nfs-share/titouan/workspace/kaldi/egs/timit/s5_la2/data-fmllr-tri3/train/data/feats_fmllr_train.6.ark:11616813
mjjm0_sx377 /nfs-share/titouan/workspace/kaldi/egs/timit/s5_la2/data-fmllr-tri3/train/data/feats_fmllr_train.6.ark:13504375
mmwb0_sx179 /nfs-share/titouan/workspace/kaldi/egs/timit/s5_la2/data-fmllr-tri3/train/data/feats_fmllr_train.8.ark:3632291
fsgf0_sx297 /nfs-share/titouan/workspace/kaldi/egs/timit/s5_la2/data-fmllr-tri3/train/data/feats_fmllr_train.3.ark:8216994
mfer0_si862 /nfs-share/titouan/workspace/kaldi/egs/timit/s5_la2/data-fmllr-tri3/train/data/feats_fmllr_train.5.ark:14074975
mjpm0_si1998 /nfs-share/titouan/workspace/kaldi/egs/timit/s5_la2/data-fmllr-tri3/train/data/feats_fmllr_train.6.ark:16506809
mrjh0_sx307 /nfs-share/titouan/workspace/kaldi/egs/timit/s5_la2/data-fmllr-tri3/train/data/feats_fmllr_train.9.ark:1550558
mrds0_si537 /nfs-share/titouan/workspace/kaldi/egs/timit/s5_la2/data-fmllr-tri3/train/data/feats_fmllr_train.8.ark:14869436
mrjm1_sx128 /nfs-share/titouan/workspace/kaldi/egs/timit/s5_la2/data-fmllr-tri3/train/data/feats_fmllr_train.9.ark:2254299
feme0_sx65 /nfs-share/titouan/workspace/kaldi/egs/timit/s5_la2/data-fmllr-tri3/train/data/feats_fmllr_train.1.ark:15377251
mvlo0_si517 /nfs-share/titouan/workspace/kaldi/egs/timit/s5_la2/data-fmllr-tri3/train/data/feats_fmllr_train.10.ark:12786053
mfxv0_si1005 /nfs-share/titouan/workspace/kaldi/egs/timit/s5_la2/data-fmllr-tri3/train/data/feats_fmllr_train.5.ark:15867527
ftaj0_sx429 /nfs-share/titouan/workspace/kaldi/egs/timit/s5_la2/data-fmllr-tri3/train/data/feats_fmllr_train.3.ark:14137851
mrkm0_si637 /nfs-share/titouan/workspace/kaldi/egs/timit/s5_la2/data-fmllr-tri3/train/data/feats_fmllr_train.9.ark:3046546
mtjs0_si1192 /nfs-share/titouan/workspace/kaldi/egs/timit/s5_la2/data-fmllr-tri3/train/data/feats_fmllr_train.10.ark:4850137
mgsl0_si534 /nfs-share/titouan/workspace/kaldi/egs/timit/s5_la2/data-fmllr-tri3/train/data/feats_fmllr_train.6.ark:2773079
mmar0_sx166 /nfs-share/titouan/workspace/kaldi/egs/timit/s5_la2/data-fmllr-tri3/train/data/feats_fmllr_train.7.ark:14354149
fapb0_sx433 /nfs-share/titouan/workspace/kaldi/egs/timit/s5_la2/data-fmllr-tri3/train/data/feats_fmllr_train.1.ark:1928400
mkdb0_si872 /nfs-share/titouan/workspace/kaldi/egs/timit/s5_la2/data-fmllr-tri3/train/data/feats_fmllr_train.7.ark:5640865
mddc0_si789 /nfs-share/titouan/workspace/kaldi/egs/timit/s5_la2/data-fmllr-tri3/train/data/feats_fmllr_train.4.ark:16737934
fceg0_sx168 /nfs-share/titouan/workspace/kaldi/egs/timit/s5_la2/data-fmllr-tri3/train/data/feats_fmllr_train.1.ark:6191987
fdjh0_sx125 /nfs-share/titouan/workspace/kaldi/egs/timit/s5_la2/data-fmllr-tri3/train/data/feats_fmllr_train.1.ark:10626914
fspm0_sx71 /nfs-share/titouan/workspace/kaldi/egs/timit/s5_la2/data-fmllr-tri3/train/data/feats_fmllr_train.3.ark:13084586
mctm0_sx180 /nfs-share/titouan/workspace/kaldi/egs/timit/s5_la2/data-fmllr-tri3/train/data/feats_fmllr_train.4.ark:13776707
fgmb0_sx425 /nfs-share/titouan/workspace/kaldi/egs/timit/s5_la2/data-fmllr-tri3/train/data/feats_fmllr_train.1.ark:17426311
mjwt0_si751 /nfs-share/titouan/workspace/kaldi/egs/timit/s5_la2/data-fmllr-tri3/train/data/feats_fmllr_train.7.ark:2966867
fdas1_sx21 /nfs-share/titouan/workspace/kaldi/egs/timit/s5_la2/data-fmllr-tri3/train/data/feats_fmllr_train.1.ark:9616554
mstf0_si1396 /nfs-share/titouan/workspace/kaldi/egs/timit/s5_la2/data-fmllr-tri3/train/data/feats_fmllr_train.9.ark:17729943
falr0_sx335 /nfs-share/titouan/workspace/kaldi/egs/timit/s5_la2/data-fmllr-tri3/train/data/feats_fmllr_train.1.ark:1435995
mmar0_sx256 /nfs-share/titouan/workspace/kaldi/egs/timit/s5_la2/data-fmllr-tri3/train/data/feats_fmllr_train.7.ark:14439936
mmxs0_sx246 /nfs-share/titouan/workspace/kaldi/egs/timit/s5_la2/data-fmllr-tri3/train/data/feats_fmllr_train.8.ark:4793767
feac0_sx255 /nfs-share/titouan/workspace/kaldi/egs/timit/s5_la2/data-fmllr-tri3/train/data/feats_fmllr_train.1.ark:13557743
mcth0_sx309 /nfs-share/titouan/workspace/kaldi/egs/timit/s5_la2/data-fmllr-tri3/train/data/feats_fmllr_train.4.ark:13472704
fdmy0_si567 /nfs-share/titouan/workspace/kaldi/egs/timit/s5_la2/data-fmllr-tri3/train/data/feats_fmllr_train.1.ark:11671032
fksr0_sx217 /nfs-share/titouan/workspace/kaldi/egs/timit/s5_la2/data-fmllr-tri3/train/data/feats_fmllr_train.2.ark:8679245
mjmd0_si2288 /nfs-share/titouan/workspace/kaldi/egs/timit/s5_la2/data-fmllr-tri3/train/data/feats_fmllr_train.6.ark:15471145
frll0_sx344 /nfs-share/titouan/workspace/kaldi/egs/timit/s5_la2/data-fmllr-tri3/train/data/feats_fmllr_train.3.ark:4964671
mesj0_si2257 /nfs-share/titouan/workspace/kaldi/egs/timit/s5_la2/data-fmllr-tri3/train/data/feats_fmllr_train.5.ark:13431316
mreh1_si2229 /nfs-share/titouan/workspace/kaldi/egs/timit/s5_la2/data-fmllr-tri3/train/data/feats_fmllr_train.8.ark:15599284
mpgr1_si1499 /nfs-share/titouan/workspace/kaldi/egs/timit/s5_la2/data-fmllr-tri3/train/data/feats_fmllr_train.8.ark:7533980
mgrp0_sx237 /nfs-share/titouan/workspace/kaldi/egs/timit/s5_la2/data-fmllr-tri3/train/data/feats_fmllr_train.6.ark:2094489
mcae0_sx367 /nfs-share/titouan/workspace/kaldi/egs/timit/s5_la2/data-fmllr-tri3/train/data/feats_fmllr_train.4.ark:8442685
mtrt0_sx57 /nfs-share/titouan/workspace/kaldi/egs/timit/s5_la2/data-fmllr-tri3/train/data/feats_fmllr_train.10.ark:11511558
mgsl0_sx354 /nfs-share/titouan/workspace/kaldi/egs/timit/s5_la2/data-fmllr-tri3/train/data/feats_fmllr_train.6.ark:2985827
mtrr0_si1548 /nfs-share/titouan/workspace/kaldi/egs/timit/s5_la2/data-fmllr-tri3/train/data/feats_fmllr_train.10.ark:10803792
mcdd0_si1513 /nfs-share/titouan/workspace/kaldi/egs/timit/s5_la2/data-fmllr-tri3/train/data/feats_fmllr_train.4.ark:9348798
fdas1_sx291 /nfs-share/titouan/workspace/kaldi/egs/timit/s5_la2/data-fmllr-tri3/train/data/feats_fmllr_train.1.ark:9649061
fajw0_sx3 /nfs-share/titouan/workspace/kaldi/egs/timit/s5_la2/data-fmllr-tri3/train/data/feats_fmllr_train.1.ark:683084
fltm0_si2330 /nfs-share/titouan/workspace/kaldi/egs/timit/s5_la2/data-fmllr-tri3/train/data/feats_fmllr_train.2.ark:14009274
fbch0_sx416 /nfs-share/titouan/workspace/kaldi/egs/timit/s5_la2/data-fmllr-tri3/train/data/feats_fmllr_train.1.ark:3167291
mgak0_sx46 /nfs-share/titouan/workspace/kaldi/egs/timit/s5_la2/data-fmllr-tri3/train/data/feats_fmllr_train.5.ark:17318288
mjpg0_sx111 /nfs-share/titouan/workspace/kaldi/egs/timit/s5_la2/data-fmllr-tri3/train/data/feats_fmllr_train.6.ark:16271606
mgak0_si1036 /nfs-share/titouan/workspace/kaldi/egs/timit/s5_la2/data-fmllr-tri3/train/data/feats_fmllr_train.5.ark:16923058
mjxa0_sx337 /nfs-share/titouan/workspace/kaldi/egs/timit/s5_la2/data-fmllr-tri3/train/data/feats_fmllr_train.7.ark:3484605
mrai0_sx342 /nfs-share/titouan/workspace/kaldi/egs/timit/s5_la2/data-fmllr-tri3/train/data/feats_fmllr_train.8.ark:11978338
mmbs0_si521 /nfs-share/titouan/workspace/kaldi/egs/timit/s5_la2/data-fmllr-tri3/train/data/feats_fmllr_train.7.ark:14736099
fdaw0_sx146 /nfs-share/titouan/workspace/kaldi/egs/timit/s5_la2/data-fmllr-tri3/train/data/feats_fmllr_train.1.ark:9925199
fpab1_sx301 /nfs-share/titouan/workspace/kaldi/egs/timit/s5_la2/data-fmllr-tri3/train/data/feats_fmllr_train.3.ark:1059302
fsms1_sx154 /nfs-share/titouan/workspace/kaldi/egs/timit/s5_la2/data-fmllr-tri3/train/data/feats_fmllr_train.3.ark:12457062
mfrm0_si1717 /nfs-share/titouan/workspace/kaldi/egs/timit/s5_la2/data-fmllr-tri3/train/data/feats_fmllr_train.5.ark:14818102
mrmg0_si1710 /nfs-share/titouan/workspace/kaldi/egs/timit/s5_la2/data-fmllr-tri3/train/data/feats_fmllr_train.9.ark:5558757
fbjl0_sx22 /nfs-share/titouan/workspace/kaldi/egs/timit/s5_la2/data-fmllr-tri3/train/data/feats_fmllr_train.1.ark:3509560
fexm0_si482 /nfs-share/titouan/workspace/kaldi/egs/timit/s5_la2/data-fmllr-tri3/train/data/feats_fmllr_train.1.ark:15900911
msas0_sx296 /nfs-share/titouan/workspace/kaldi/egs/timit/s5_la2/data-fmllr-tri3/train/data/feats_fmllr_train.9.ark:11770951
mhmg0_sx285 /nfs-share/titouan/workspace/kaldi/egs/timit/s5_la2/data-fmllr-tri3/train/data/feats_fmllr_train.6.ark:4871416
mmwb0_sx269 /nfs-share/titouan/workspace/kaldi/egs/timit/s5_la2/data-fmllr-tri3/train/data/feats_fmllr_train.8.ark:3694078
msas0_si2006 /nfs-share/titouan/workspace/kaldi/egs/timit/s5_la2/data-fmllr-tri3/train/data/feats_fmllr_train.9.ark:11499457
fcag0_sx423 /nfs-share/titouan/workspace/kaldi/egs/timit/s5_la2/data-fmllr-tri3/train/data/feats_fmllr_train.1.ark:5146457
mlns0_si1407 /nfs-share/titouan/workspace/kaldi/egs/timit/s5_la2/data-fmllr-tri3/train/data/feats_fmllr_train.7.ark:11832284
mtrr0_sx18 /nfs-share/titouan/workspace/kaldi/egs/timit/s5_la2/data-fmllr-tri3/train/data/feats_fmllr_train.10.ark:10994620
mjeb0_sx206 /nfs-share/titouan/workspace/kaldi/egs/timit/s5_la2/data-fmllr-tri3/train/data/feats_fmllr_train.6.ark:10250879
mjrp0_sx405 /nfs-share/titouan/workspace/kaldi/egs/timit/s5_la2/data-fmllr-tri3/train/data/feats_fmllr_train.7.ark:1384988
mjra0_si606 /nfs-share/titouan/workspace/kaldi/egs/timit/s5_la2/data-fmllr-tri3/train/data/feats_fmllr_train.6.ark:17322630
mtpp0_si878 /nfs-share/titouan/workspace/kaldi/egs/timit/s5_la2/data-fmllr-tri3/train/data/feats_fmllr_train.10.ark:9258500
mtml0_sx435 /nfs-share/titouan/workspace/kaldi/egs/timit/s5_la2/data-fmllr-tri3/train/data/feats_fmllr_train.10.ark:7534963
fkaa0_sx308 /nfs-share/titouan/workspace/kaldi/egs/timit/s5_la2/data-fmllr-tri3/train/data/feats_fmllr_train.2.ark:5443294
fdnc0_sx198 /nfs-share/titouan/workspace/kaldi/egs/timit/s5_la2/data-fmllr-tri3/train/data/feats_fmllr_train.1.ark:12430877
mbgt0_sx261 /nfs-share/titouan/workspace/kaldi/egs/timit/s5_la2/data-fmllr-tri3/train/data/feats_fmllr_train.4.ark:5009986
mjxl0_si1172 /nfs-share/titouan/workspace/kaldi/egs/timit/s5_la2/data-fmllr-tri3/train/data/feats_fmllr_train.7.ark:3610126
mrpc1_si2026 /nfs-share/titouan/workspace/kaldi/egs/timit/s5_la2/data-fmllr-tri3/train/data/feats_fmllr_train.9.ark:7143468
feme0_si2135 /nfs-share/titouan/workspace/kaldi/egs/timit/s5_la2/data-fmllr-tri3/train/data/feats_fmllr_train.1.ark:15042850
mcew0_sx182 /nfs-share/titouan/workspace/kaldi/egs/timit/s5_la2/data-fmllr-tri3/train/data/feats_fmllr_train.4.ark:10688731
mcew0_sx92 /nfs-share/titouan/workspace/kaldi/egs/timit/s5_la2/data-fmllr-tri3/train/data/feats_fmllr_train.4.ark:10922598
mjjb0_sx149 /nfs-share/titouan/workspace/kaldi/egs/timit/s5_la2/data-fmllr-tri3/train/data/feats_fmllr_train.6.ark:12470554
mwsb0_si1626 /nfs-share/titouan/workspace/kaldi/egs/timit/s5_la2/data-fmllr-tri3/train/data/feats_fmllr_train.10.ark:16797669
fjxm0_si1211 /nfs-share/titouan/workspace/kaldi/egs/timit/s5_la2/data-fmllr-tri3/train/data/feats_fmllr_train.2.ark:4400324
mmag0_sx46 /nfs-share/titouan/workspace/kaldi/egs/timit/s5_la2/data-fmllr-tri3/train/data/feats_fmllr_train.7.ark:13810141
fcag0_si1641 /nfs-share/titouan/workspace/kaldi/egs/timit/s5_la2/data-fmllr-tri3/train/data/feats_fmllr_train.1.ark:4931761
mdem0_si1868 /nfs-share/titouan/workspace/kaldi/egs/timit/s5_la2/data-fmllr-tri3/train/data/feats_fmllr_train.5.ark:352071
fdml0_si1779 /nfs-share/titouan/workspace/kaldi/egs/timit/s5_la2/data-fmllr-tri3/train/data/feats_fmllr_train.1.ark:11339295
mrds0_si1167 /nfs-share/titouan/workspace/kaldi/egs/timit/s5_la2/data-fmllr-tri3/train/data/feats_fmllr_train.8.ark:14788261
mtat0_sx30 /nfs-share/titouan/workspace/kaldi/egs/timit/s5_la2/data-fmllr-tri3/train/data/feats_fmllr_train.10.ark:1514559
mpsw0_si1067 /nfs-share/titouan/workspace/kaldi/egs/timit/s5_la2/data-fmllr-tri3/train/data/feats_fmllr_train.8.ark:10629231
mdtb0_sx390 /nfs-share/titouan/workspace/kaldi/egs/timit/s5_la2/data-fmllr-tri3/train/data/feats_fmllr_train.5.ark:9538693
mtmt0_sx128 /nfs-share/titouan/workspace/kaldi/egs/timit/s5_la2/data-fmllr-tri3/train/data/feats_fmllr_train.10.ark:8227956
mpsw0_sx437 /nfs-share/titouan/workspace/kaldi/egs/timit/s5_la2/data-fmllr-tri3/train/data/feats_fmllr_train.8.ark:10846514
fsjw0_sx73 /nfs-share/titouan/workspace/kaldi/egs/timit/s5_la2/data-fmllr-tri3/train/data/feats_fmllr_train.3.ark:9944449
fpad0_sx176 /nfs-share/titouan/workspace/kaldi/egs/timit/s5_la2/data-fmllr-tri3/train/data/feats_fmllr_train.3.ark:1775202
mtat0_sx120 /nfs-share/titouan/workspace/kaldi/egs/timit/s5_la2/data-fmllr-tri3/train/data/feats_fmllr_train.10.ark:1429386
mgaw0_sx85 /nfs-share/titouan/workspace/kaldi/egs/timit/s5_la2/data-fmllr-tri3/train/data/feats_fmllr_train.6.ark:716580
mgar0_si1212 /nfs-share/titouan/workspace/kaldi/egs/timit/s5_la2/data-fmllr-tri3/train/data/feats_fmllr_train.6.ark:13
mdmt0_si572 /nfs-share/titouan/workspace/kaldi/egs/timit/s5_la2/data-fmllr-tri3/train/data/feats_fmllr_train.5.ark:5973245
fltm0_sx80 /nfs-share/titouan/workspace/kaldi/egs/timit/s5_la2/data-fmllr-tri3/train/data/feats_fmllr_train.2.ark:14304608
fhlm0_sx120 /nfs-share/titouan/workspace/kaldi/egs/timit/s5_la2/data-fmllr-tri3/train/data/feats_fmllr_train.1.ark:18077065
mrlk0_si1468 /nfs-share/titouan/workspace/kaldi/egs/timit/s5_la2/data-fmllr-tri3/train/data/feats_fmllr_train.9.ark:4399358
mwem0_sx150 /nfs-share/titouan/workspace/kaldi/egs/timit/s5_la2/data-fmllr-tri3/train/data/feats_fmllr_train.10.ark:15372243
fntb0_sx33 /nfs-share/titouan/workspace/kaldi/egs/timit/s5_la2/data-fmllr-tri3/train/data/feats_fmllr_train.3.ark:660231
mrjt0_sx328 /nfs-share/titouan/workspace/kaldi/egs/timit/s5_la2/data-fmllr-tri3/train/data/feats_fmllr_train.9.ark:2718250
mjwg0_sx445 /nfs-share/titouan/workspace/kaldi/egs/timit/s5_la2/data-fmllr-tri3/train/data/feats_fmllr_train.7.ark:2322541
mtlc0_sx307 /nfs-share/titouan/workspace/kaldi/egs/timit/s5_la2/data-fmllr-tri3/train/data/feats_fmllr_train.10.ark:7131038
maeo0_sx246 /nfs-share/titouan/workspace/kaldi/egs/timit/s5_la2/data-fmllr-tri3/train/data/feats_fmllr_train.4.ark:561140
fskc0_sx156 /nfs-share/titouan/workspace/kaldi/egs/timit/s5_la2/data-fmllr-tri3/train/data/feats_fmllr_train.3.ark:10120559
msdb0_si1637 /nfs-share/titouan/workspace/kaldi/egs/timit/s5_la2/data-fmllr-tri3/train/data/feats_fmllr_train.9.ark:12586189
fsmm0_sx324 /nfs-share/titouan/workspace/kaldi/egs/timit/s5_la2/data-fmllr-tri3/train/data/feats_fmllr_train.3.ark:12132259
mljc0_si595 /nfs-share/titouan/workspace/kaldi/egs/timit/s5_la2/data-fmllr-tri3/train/data/feats_fmllr_train.7.ark:11057825
fkdw0_si1891 /nfs-share/titouan/workspace/kaldi/egs/timit/s5_la2/data-fmllr-tri3/train/data/feats_fmllr_train.2.ark:6129701
mrab1_sx308 /nfs-share/titouan/workspace/kaldi/egs/timit/s5_la2/data-fmllr-tri3/train/data/feats_fmllr_train.8.ark:11565801
mgsh0_sx276 /nfs-share/titouan/workspace/kaldi/egs/timit/s5_la2/data-fmllr-tri3/train/data/feats_fmllr_train.6.ark:2576493
mbth0_si757 /nfs-share/titouan/workspace/kaldi/egs/timit/s5_la2/data-fmllr-tri3/train/data/feats_fmllr_train.4.ark:7422010
fcyl0_sx217 /nfs-share/titouan/workspace/kaldi/egs/timit/s5_la2/data-fmllr-tri3/train/data/feats_fmllr_train.1.ark:9135511
mmjb1_si778 /nfs-share/titouan/workspace/kaldi/egs/timit/s5_la2/data-fmllr-tri3/train/data/feats_fmllr_train.8.ark:1137201
megj0_sx257 /nfs-share/titouan/workspace/kaldi/egs/timit/s5_la2/data-fmllr-tri3/train/data/feats_fmllr_train.5.ark:12087171
mcdd0_sx163 /nfs-share/titouan/workspace/kaldi/egs/timit/s5_la2/data-fmllr-tri3/train/data/feats_fmllr_train.4.ark:9474800
mabc0_sx61 /nfs-share/titouan/workspace/kaldi/egs/timit/s5_la2/data-fmllr-tri3/train/data/feats_fmllr_train.3.ark:17136413
mjwg0_si813 /nfs-share/titouan/workspace/kaldi/egs/timit/s5_la2/data-fmllr-tri3/train/data/feats_fmllr_train.7.ark:1990566
fjlr0_si601 /nfs-share/titouan/workspace/kaldi/egs/timit/s5_la2/data-fmllr-tri3/train/data/feats_fmllr_train.2.ark:2090917
mmam0_si1668 /nfs-share/titouan/workspace/kaldi/egs/timit/s5_la2/data-fmllr-tri3/train/data/feats_fmllr_train.7.ark:13909397
madd0_sx358 /nfs-share/titouan/workspace/kaldi/egs/timit/s5_la2/data-fmllr-tri3/train/data/feats_fmllr_train.3.ark:17832794
mctm0_si1980 /nfs-share/titouan/workspace/kaldi/egs/timit/s5_la2/data-fmllr-tri3/train/data/feats_fmllr_train.4.ark:13676013
mter0_si527 /nfs-share/titouan/workspace/kaldi/egs/timit/s5_la2/data-fmllr-tri3/train/data/feats_fmllr_train.10.ark:3799462
freh0_sx325 /nfs-share/titouan/workspace/kaldi/egs/timit/s5_la2/data-fmllr-tri3/train/data/feats_fmllr_train.3.ark:4244077
msjk0_si966 /nfs-share/titouan/workspace/kaldi/egs/timit/s5_la2/data-fmllr-tri3/train/data/feats_fmllr_train.9.ark:15525498
mtpr0_si1600 /nfs-share/titouan/workspace/kaldi/egs/timit/s5_la2/data-fmllr-tri3/train/data/feats_fmllr_train.10.ark:9517702
fpad0_sx356 /nfs-share/titouan/workspace/kaldi/egs/timit/s5_la2/data-fmllr-tri3/train/data/feats_fmllr_train.3.ark:1886456
fpls0_si960 /nfs-share/titouan/workspace/kaldi/egs/timit/s5_la2/data-fmllr-tri3/train/data/feats_fmllr_train.3.ark:3288524
fpmy0_si1153 /nfs-share/titouan/workspace/kaldi/egs/timit/s5_la2/data-fmllr-tri3/train/data/feats_fmllr_train.3.ark:3564844
mjpm1_sx221 /nfs-share/titouan/workspace/kaldi/egs/timit/s5_la2/data-fmllr-tri3/train/data/feats_fmllr_train.6.ark:16992227
mmeb0_si1987 /nfs-share/titouan/workspace/kaldi/egs/timit/s5_la2/data-fmllr-tri3/train/data/feats_fmllr_train.7.ark:17716848
fjxp0_sx402 /nfs-share/titouan/workspace/kaldi/egs/timit/s5_la2/data-fmllr-tri3/train/data/feats_fmllr_train.2.ark:5114944
fjxp0_si492 /nfs-share/titouan/workspace/kaldi/egs/timit/s5_la2/data-fmllr-tri3/train/data/feats_fmllr_train.2.ark:4951316
fdxw0_sx251 /nfs-share/titouan/workspace/kaldi/egs/timit/s5_la2/data-fmllr-tri3/train/data/feats_fmllr_train.1.ark:13175766
msrg0_sx321 /nfs-share/titouan/workspace/kaldi/egs/timit/s5_la2/data-fmllr-tri3/train/data/feats_fmllr_train.9.ark:17204366
mbwp0_sx79 /nfs-share/titouan/workspace/kaldi/egs/timit/s5_la2/data-fmllr-tri3/train/data/feats_fmllr_train.4.ark:8056281
majp0_sx84 /nfs-share/titouan/workspace/kaldi/egs/timit/s5_la2/data-fmllr-tri3/train/data/feats_fmllr_train.4.ark:1439095
mdwm0_si916 /nfs-share/titouan/workspace/kaldi/egs/timit/s5_la2/data-fmllr-tri3/train/data/feats_fmllr_train.5.ark:10479370
mgrp0_si1317 /nfs-share/titouan/workspace/kaldi/egs/timit/s5_la2/data-fmllr-tri3/train/data/feats_fmllr_train.6.ark:1876140
mkag0_si2239 /nfs-share/titouan/workspace/kaldi/egs/timit/s5_la2/data-fmllr-tri3/train/data/feats_fmllr_train.7.ark:4075651
marc0_sx288 /nfs-share/titouan/workspace/kaldi/egs/timit/s5_la2/data-fmllr-tri3/train/data/feats_fmllr_train.4.ark:2883617
fvmh0_si1466 /nfs-share/titouan/workspace/kaldi/egs/timit/s5_la2/data-fmllr-tri3/train/data/feats_fmllr_train.3.ark:16493127
msjk0_sx246 /nfs-share/titouan/workspace/kaldi/egs/timit/s5_la2/data-fmllr-tri3/train/data/feats_fmllr_train.9.ark:15623312
ftaj0_sx249 /nfs-share/titouan/workspace/kaldi/egs/timit/s5_la2/data-fmllr-tri3/train/data/feats_fmllr_train.3.ark:14072197
mdrd0_sx392 /nfs-share/titouan/workspace/kaldi/egs/timit/s5_la2/data-fmllr-tri3/train/data/feats_fmllr_train.5.ark:8150784
mmwb0_sx359 /nfs-share/titouan/workspace/kaldi/egs/timit/s5_la2/data-fmllr-tri3/train/data/feats_fmllr_train.8.ark:3742905
mtdb0_sx321 /nfs-share/titouan/workspace/kaldi/egs/timit/s5_la2/data-fmllr-tri3/train/data/feats_fmllr_train.10.ark:3072388
mjac0_si701 /nfs-share/titouan/workspace/kaldi/egs/timit/s5_la2/data-fmllr-tri3/train/data/feats_fmllr_train.6.ark:6545190
fajw0_sx93 /nfs-share/titouan/workspace/kaldi/egs/timit/s5_la2/data-fmllr-tri3/train/data/feats_fmllr_train.1.ark:764097
msrr0_sx51 /nfs-share/titouan/workspace/kaldi/egs/timit/s5_la2/data-fmllr-tri3/train/data/feats_fmllr_train.9.ark:17683835
mjda0_sx41 /nfs-share/titouan/workspace/kaldi/egs/timit/s5_la2/data-fmllr-tri3/train/data/feats_fmllr_train.6.ark:8323154
fsjw0_si1333 /nfs-share/titouan/workspace/kaldi/egs/timit/s5_la2/data-fmllr-tri3/train/data/feats_fmllr_train.3.ark:9584260
mcew0_sx362 /nfs-share/titouan/workspace/kaldi/egs/timit/s5_la2/data-fmllr-tri3/train/data/feats_fmllr_train.4.ark:10784625
fpab1_si1471 /nfs-share/titouan/workspace/kaldi/egs/timit/s5_la2/data-fmllr-tri3/train/data/feats_fmllr_train.3.ark:741406
mjwg0_sx85 /nfs-share/titouan/workspace/kaldi/egs/timit/s5_la2/data-fmllr-tri3/train/data/feats_fmllr_train.7.ark:2361607
fsgf0_si2187 /nfs-share/titouan/workspace/kaldi/egs/timit/s5_la2/data-fmllr-tri3/train/data/feats_fmllr_train.3.ark:7959420
mjmm0_si1885 /nfs-share/titouan/workspace/kaldi/egs/timit/s5_la2/data-fmllr-tri3/train/data/feats_fmllr_train.6.ark:15820295
mbma1_sx144 /nfs-share/titouan/workspace/kaldi/egs/timit/s5_la2/data-fmllr-tri3/train/data/feats_fmllr_train.4.ark:6061010
faem0_si1392 /nfs-share/titouan/workspace/kaldi/egs/timit/s5_la2/data-fmllr-tri3/train/data/feats_fmllr_train.1.ark:13
mmam0_sx157 /nfs-share/titouan/workspace/kaldi/egs/timit/s5_la2/data-fmllr-tri3/train/data/feats_fmllr_train.7.ark:13974892
mjee0_sx427 /nfs-share/titouan/workspace/kaldi/egs/timit/s5_la2/data-fmllr-tri3/train/data/feats_fmllr_train.6.ark:11111687
mtxs0_si2320 /nfs-share/titouan/workspace/kaldi/egs/timit/s5_la2/data-fmllr-tri3/train/data/feats_fmllr_train.10.ark:11986259
mrws0_si472 /nfs-share/titouan/workspace/kaldi/egs/timit/s5_la2/data-fmllr-tri3/train/data/feats_fmllr_train.9.ark:10467792
mtat0_sx210 /nfs-share/titouan/workspace/kaldi/egs/timit/s5_la2/data-fmllr-tri3/train/data/feats_fmllr_train.10.ark:1480133
fdmy0_sx117 /nfs-share/titouan/workspace/kaldi/egs/timit/s5_la2/data-fmllr-tri3/train/data/feats_fmllr_train.1.ark:11877326
mtxs0_sx70 /nfs-share/titouan/workspace/kaldi/egs/timit/s5_la2/data-fmllr-tri3/train/data/feats_fmllr_train.10.ark:12309913
mrjm1_si1928 /nfs-share/titouan/workspace/kaldi/egs/timit/s5_la2/data-fmllr-tri3/train/data/feats_fmllr_train.9.ark:2162245
mgjc0_sx165 /nfs-share/titouan/workspace/kaldi/egs/timit/s5_la2/data-fmllr-tri3/train/data/feats_fmllr_train.6.ark:1222828
mprk0_si467 /nfs-share/titouan/workspace/kaldi/egs/timit/s5_la2/data-fmllr-tri3/train/data/feats_fmllr_train.8.ark:9955413
mpar0_sx406 /nfs-share/titouan/workspace/kaldi/egs/timit/s5_la2/data-fmllr-tri3/train/data/feats_fmllr_train.8.ark:5989671
mram0_sx375 /nfs-share/titouan/workspace/kaldi/egs/timit/s5_la2/data-fmllr-tri3/train/data/feats_fmllr_train.8.ark:12461969
mdac0_si1261 /nfs-share/titouan/workspace/kaldi/egs/timit/s5_la2/data-fmllr-tri3/train/data/feats_fmllr_train.4.ark:14365379
mlel0_sx256 /nfs-share/titouan/workspace/kaldi/egs/timit/s5_la2/data-fmllr-tri3/train/data/feats_fmllr_train.7.ark:10730782
fpaf0_sx64 /nfs-share/titouan/workspace/kaldi/egs/timit/s5_la2/data-fmllr-tri3/train/data/feats_fmllr_train.3.ark:2379207
mfwk0_sx169 /nfs-share/titouan/workspace/kaldi/egs/timit/s5_la2/data-fmllr-tri3/train/data/feats_fmllr_train.5.ark:15243814
mkdb0_sx62 /nfs-share/titouan/workspace/kaldi/egs/timit/s5_la2/data-fmllr-tri3/train/data/feats_fmllr_train.7.ark:5896359
megj0_sx167 /nfs-share/titouan/workspace/kaldi/egs/timit/s5_la2/data-fmllr-tri3/train/data/feats_fmllr_train.5.ark:12010184
mjpg0_sx381 /nfs-share/titouan/workspace/kaldi/egs/timit/s5_la2/data-fmllr-tri3/train/data/feats_fmllr_train.6.ark:16403713
mfrm0_sx255 /nfs-share/titouan/workspace/kaldi/egs/timit/s5_la2/data-fmllr-tri3/train/data/feats_fmllr_train.5.ark:14948104
fdtd0_sx321 /nfs-share/titouan/workspace/kaldi/egs/timit/s5_la2/data-fmllr-tri3/train/data/feats_fmllr_train.1.ark:12894642
fsls0_sx246 /nfs-share/titouan/workspace/kaldi/egs/timit/s5_la2/data-fmllr-tri3/train/data/feats_fmllr_train.3.ark:11347825
fecd0_si2048 /nfs-share/titouan/workspace/kaldi/egs/timit/s5_la2/data-fmllr-tri3/train/data/feats_fmllr_train.1.ark:14225136
fcke0_sx211 /nfs-share/titouan/workspace/kaldi/egs/timit/s5_la2/data-fmllr-tri3/train/data/feats_fmllr_train.1.ark:7264665
mmvp0_sx114 /nfs-share/titouan/workspace/kaldi/egs/timit/s5_la2/data-fmllr-tri3/train/data/feats_fmllr_train.8.ark:3167753
mwdk0_si806 /nfs-share/titouan/workspace/kaldi/egs/timit/s5_la2/data-fmllr-tri3/train/data/feats_fmllr_train.10.ark:14967358
fsmm0_sx144 /nfs-share/titouan/workspace/kaldi/egs/timit/s5_la2/data-fmllr-tri3/train/data/feats_fmllr_train.3.ark:12030125
fjxm0_si581 /nfs-share/titouan/workspace/kaldi/egs/timit/s5_la2/data-fmllr-tri3/train/data/feats_fmllr_train.2.ark:4480219
mclm0_sx16 /nfs-share/titouan/workspace/kaldi/egs/timit/s5_la2/data-fmllr-tri3/train/data/feats_fmllr_train.4.ark:11952449
mkam0_si1316 /nfs-share/titouan/workspace/kaldi/egs/timit/s5_la2/data-fmllr-tri3/train/data/feats_fmllr_train.7.ark:5210221
fcke0_sx121 /nfs-share/titouan/workspace/kaldi/egs/timit/s5_la2/data-fmllr-tri3/train/data/feats_fmllr_train.1.ark:7224478
majp0_sx174 /nfs-share/titouan/workspace/kaldi/egs/timit/s5_la2/data-fmllr-tri3/train/data/feats_fmllr_train.4.ark:1219468
mdcd0_sx65 /nfs-share/titouan/workspace/kaldi/egs/timit/s5_la2/data-fmllr-tri3/train/data/feats_fmllr_train.4.ark:16231874
mmeb0_sx187 /nfs-share/titouan/workspace/kaldi/egs/timit/s5_la2/data-fmllr-tri3/train/data/feats_fmllr_train.7.ark:17784422
fajw0_sx363 /nfs-share/titouan/workspace/kaldi/egs/timit/s5_la2/data-fmllr-tri3/train/data/feats_fmllr_train.1.ark:710471
mrre0_si952 /nfs-share/titouan/workspace/kaldi/egs/timit/s5_la2/data-fmllr-tri3/train/data/feats_fmllr_train.9.ark:7553152
mwem0_sx330 /nfs-share/titouan/workspace/kaldi/egs/timit/s5_la2/data-fmllr-tri3/train/data/feats_fmllr_train.10.ark:15469097
mfxs0_sx234 /nfs-share/titouan/workspace/kaldi/egs/timit/s5_la2/data-fmllr-tri3/train/data/feats_fmllr_train.5.ark:15645499
fcrz0_si1913 /nfs-share/titouan/workspace/kaldi/egs/timit/s5_la2/data-fmllr-tri3/train/data/feats_fmllr_train.1.ark:8563505
mjeb0_si1916 /nfs-share/titouan/workspace/kaldi/egs/timit/s5_la2/data-fmllr-tri3/train/data/feats_fmllr_train.6.ark:10095278
mchl0_si1404 /nfs-share/titouan/workspace/kaldi/egs/timit/s5_la2/data-fmllr-tri3/train/data/feats_fmllr_train.4.ark:11056734
msds0_si1077 /nfs-share/titouan/workspace/kaldi/egs/timit/s5_la2/data-fmllr-tri3/train/data/feats_fmllr_train.9.ark:13190916
msfh0_sx316 /nfs-share/titouan/workspace/kaldi/egs/timit/s5_la2/data-fmllr-tri3/train/data/feats_fmllr_train.9.ark:14820025
mtju0_sx220 /nfs-share/titouan/workspace/kaldi/egs/timit/s5_la2/data-fmllr-tri3/train/data/feats_fmllr_train.10.ark:5484543
mrml0_sx161 /nfs-share/titouan/workspace/kaldi/egs/timit/s5_la2/data-fmllr-tri3/train/data/feats_fmllr_train.9.ark:6430287
ftlg0_si840 /nfs-share/titouan/workspace/kaldi/egs/timit/s5_la2/data-fmllr-tri3/train/data/feats_fmllr_train.3.ark:15123033
mgxp0_si525 /nfs-share/titouan/workspace/kaldi/egs/timit/s5_la2/data-fmllr-tri3/train/data/feats_fmllr_train.6.ark:3266282
mprk0_sx197 /nfs-share/titouan/workspace/kaldi/egs/timit/s5_la2/data-fmllr-tri3/train/data/feats_fmllr_train.8.ark:10123013
mctm0_sx270 /nfs-share/titouan/workspace/kaldi/egs/timit/s5_la2/data-fmllr-tri3/train/data/feats_fmllr_train.4.ark:13821854
mfer0_sx142 /nfs-share/titouan/workspace/kaldi/egs/timit/s5_la2/data-fmllr-tri3/train/data/feats_fmllr_train.5.ark:14137082
msfv0_sx92 /nfs-share/titouan/workspace/kaldi/egs/timit/s5_la2/data-fmllr-tri3/train/data/feats_fmllr_train.9.ark:15360775
fspm0_sx341 /nfs-share/titouan/workspace/kaldi/egs/timit/s5_la2/data-fmllr-tri3/train/data/feats_fmllr_train.3.ark:12991893
mkah0_sx358 /nfs-share/titouan/workspace/kaldi/egs/timit/s5_la2/data-fmllr-tri3/train/data/feats_fmllr_train.7.ark:4671495
mkaj0_sx244 /nfs-share/titouan/workspace/kaldi/egs/timit/s5_la2/data-fmllr-tri3/train/data/feats_fmllr_train.7.ark:4986725
mchl0_si1347 /nfs-share/titouan/workspace/kaldi/egs/timit/s5_la2/data-fmllr-tri3/train/data/feats_fmllr_train.4.ark:10976546
mhmg0_sx195 /nfs-share/titouan/workspace/kaldi/egs/timit/s5_la2/data-fmllr-tri3/train/data/feats_fmllr_train.6.ark:4844029
fjsp0_si1434 /nfs-share/titouan/workspace/kaldi/egs/timit/s5_la2/data-fmllr-tri3/train/data/feats_fmllr_train.2.ark:3658931
flja0_sx448 /nfs-share/titouan/workspace/kaldi/egs/timit/s5_la2/data-fmllr-tri3/train/data/feats_fmllr_train.2.ark:11098844
mkls1_sx195 /nfs-share/titouan/workspace/kaldi/egs/timit/s5_la2/data-fmllr-tri3/train/data/feats_fmllr_train.7.ark:8868442
fsjk1_sx125 /nfs-share/titouan/workspace/kaldi/egs/timit/s5_la2/data-fmllr-tri3/train/data/feats_fmllr_train.3.ark:8963748
fpad0_sx266 /nfs-share/titouan/workspace/kaldi/egs/timit/s5_la2/data-fmllr-tri3/train/data/feats_fmllr_train.3.ark:1839389
mkag0_sx169 /nfs-share/titouan/workspace/kaldi/egs/timit/s5_la2/data-fmllr-tri3/train/data/feats_fmllr_train.7.ark:4189305
flmk0_si1035 /nfs-share/titouan/workspace/kaldi/egs/timit/s5_la2/data-fmllr-tri3/train/data/feats_fmllr_train.2.ark:13204142
fdas1_si831 /nfs-share/titouan/workspace/kaldi/egs/timit/s5_la2/data-fmllr-tri3/train/data/feats_fmllr_train.1.ark:9446394
mdrd0_sx302 /nfs-share/titouan/workspace/kaldi/egs/timit/s5_la2/data-fmllr-tri3/train/data/feats_fmllr_train.5.ark:8054091
mrlr0_sx206 /nfs-share/titouan/workspace/kaldi/egs/timit/s5_la2/data-fmllr-tri3/train/data/feats_fmllr_train.9.ark:4982404
fhlm0_si930 /nfs-share/titouan/workspace/kaldi/egs/timit/s5_la2/data-fmllr-tri3/train/data/feats_fmllr_train.1.ark:18029998
mpmb0_sx151 /nfs-share/titouan/workspace/kaldi/egs/timit/s5_la2/data-fmllr-tri3/train/data/feats_fmllr_train.8.ark:8180332
mmgc0_sx135 /nfs-share/titouan/workspace/kaldi/egs/timit/s5_la2/data-fmllr-tri3/train/data/feats_fmllr_train.8.ark:150016
fdfb0_si2010 /nfs-share/titouan/workspace/kaldi/egs/timit/s5_la2/data-fmllr-tri3/train/data/feats_fmllr_train.1.ark:10230990
mwac0_si1601 /nfs-share/titouan/workspace/kaldi/egs/timit/s5_la2/data-fmllr-tri3/train/data/feats_fmllr_train.10.ark:13405472
mrcw0_si741 /nfs-share/titouan/workspace/kaldi/egs/timit/s5_la2/data-fmllr-tri3/train/data/feats_fmllr_train.8.ark:13797904
fceg0_si1248 /nfs-share/titouan/workspace/kaldi/egs/timit/s5_la2/data-fmllr-tri3/train/data/feats_fmllr_train.1.ark:6075585
mchl0_sx177 /nfs-share/titouan/workspace/kaldi/egs/timit/s5_la2/data-fmllr-tri3/train/data/feats_fmllr_train.4.ark:11151989
mdrd0_si752 /nfs-share/titouan/workspace/kaldi/egs/timit/s5_la2/data-fmllr-tri3/train/data/feats_fmllr_train.5.ark:7849210
mbcg0_sx57 /nfs-share/titouan/workspace/kaldi/egs/timit/s5_la2/data-fmllr-tri3/train/data/feats_fmllr_train.4.ark:4432192
msem1_si1440 /nfs-share/titouan/workspace/kaldi/egs/timit/s5_la2/data-fmllr-tri3/train/data/feats_fmllr_train.9.ark:13658974
mrlr0_si1196 /nfs-share/titouan/workspace/kaldi/egs/timit/s5_la2/data-fmllr-tri3/train/data/feats_fmllr_train.9.ark:4783575
mmpm0_si1061 /nfs-share/titouan/workspace/kaldi/egs/timit/s5_la2/data-fmllr-tri3/train/data/feats_fmllr_train.8.ark:1762380
mrvg0_si1770 /nfs-share/titouan/workspace/kaldi/egs/timit/s5_la2/data-fmllr-tri3/train/data/feats_fmllr_train.9.ark:9706691
mdpb0_sx326 /nfs-share/titouan/workspace/kaldi/egs/timit/s5_la2/data-fmllr-tri3/train/data/feats_fmllr_train.5.ark:6944000
fskc0_si786 /nfs-share/titouan/workspace/kaldi/egs/timit/s5_la2/data-fmllr-tri3/train/data/feats_fmllr_train.3.ark:10092852
mdhs0_sx450 /nfs-share/titouan/workspace/kaldi/egs/timit/s5_la2/data-fmllr-tri3/train/data/feats_fmllr_train.5.ark:1474747
mesg0_sx342 /nfs-share/titouan/workspace/kaldi/egs/timit/s5_la2/data-fmllr-tri3/train/data/feats_fmllr_train.5.ark:13213127
mklr0_sx69 /nfs-share/titouan/workspace/kaldi/egs/timit/s5_la2/data-fmllr-tri3/train/data/feats_fmllr_train.7.ark:8156061
mjdg0_sx52 /nfs-share/titouan/workspace/kaldi/egs/timit/s5_la2/data-fmllr-tri3/train/data/feats_fmllr_train.6.ark:9571165
fsmm0_sx414 /nfs-share/titouan/workspace/kaldi/egs/timit/s5_la2/data-fmllr-tri3/train/data/feats_fmllr_train.3.ark:12202046
mdef0_si1563 /nfs-share/titouan/workspace/kaldi/egs/timit/s5_la2/data-fmllr-tri3/train/data/feats_fmllr_train.5.ark:78761
mwsb0_si2256 /nfs-share/titouan/workspace/kaldi/egs/timit/s5_la2/data-fmllr-tri3/train/data/feats_fmllr_train.10.ark:16839937
fjlg0_si1889 /nfs-share/titouan/workspace/kaldi/egs/timit/s5_la2/data-fmllr-tri3/train/data/feats_fmllr_train.2.ark:1638832
fnkl0_sx82 /nfs-share/titouan/workspace/kaldi/egs/timit/s5_la2/data-fmllr-tri3/train/data/feats_fmllr_train.3.ark:328522
mmws0_sx258 /nfs-share/titouan/workspace/kaldi/egs/timit/s5_la2/data-fmllr-tri3/train/data/feats_fmllr_train.8.ark:4110934
mprd0_sx171 /nfs-share/titouan/workspace/kaldi/egs/timit/s5_la2/data-fmllr-tri3/train/data/feats_fmllr_train.8.ark:9560183
mtmt0_sx218 /nfs-share/titouan/workspace/kaldi/egs/timit/s5_la2/data-fmllr-tri3/train/data/feats_fmllr_train.10.ark:8265103
mdlr1_sx129 /nfs-share/titouan/workspace/kaldi/egs/timit/s5_la2/data-fmllr-tri3/train/data/feats_fmllr_train.5.ark:5225157
fjlg0_sx179 /nfs-share/titouan/workspace/kaldi/egs/timit/s5_la2/data-fmllr-tri3/train/data/feats_fmllr_train.2.ark:1742727
mjdg0_si1705 /nfs-share/titouan/workspace/kaldi/egs/timit/s5_la2/data-fmllr-tri3/train/data/feats_fmllr_train.6.ark:9352791
fksr0_sx397 /nfs-share/titouan/workspace/kaldi/egs/timit/s5_la2/data-fmllr-tri3/train/data/feats_fmllr_train.2.ark:8818525
fltm0_sx260 /nfs-share/titouan/workspace/kaldi/egs/timit/s5_la2/data-fmllr-tri3/train/data/feats_fmllr_train.2.ark:14111088
mgxp0_sx367 /nfs-share/titouan/workspace/kaldi/egs/timit/s5_la2/data-fmllr-tri3/train/data/feats_fmllr_train.6.ark:3421083
fsjk1_sx215 /nfs-share/titouan/workspace/kaldi/egs/timit/s5_la2/data-fmllr-tri3/train/data/feats_fmllr_train.3.ark:8999775
fcrz0_sx73 /nfs-share/titouan/workspace/kaldi/egs/timit/s5_la2/data-fmllr-tri3/train/data/feats_fmllr_train.1.ark:8883854
mrpc1_sx222 /nfs-share/titouan/workspace/kaldi/egs/timit/s5_la2/data-fmllr-tri3/train/data/feats_fmllr_train.9.ark:7239550
msfv0_si1892 /nfs-share/titouan/workspace/kaldi/egs/timit/s5_la2/data-fmllr-tri3/train/data/feats_fmllr_train.9.ark:15015814
fscn0_si626 /nfs-share/titouan/workspace/kaldi/egs/timit/s5_la2/data-fmllr-tri3/train/data/feats_fmllr_train.3.ark:6805968
mpgr1_si2129 /nfs-share/titouan/workspace/kaldi/egs/timit/s5_la2/data-fmllr-tri3/train/data/feats_fmllr_train.8.ark:7602328
fpaz0_sx153 /nfs-share/titouan/workspace/kaldi/egs/timit/s5_la2/data-fmllr-tri3/train/data/feats_fmllr_train.3.ark:2596277
fmpg0_sx432 /nfs-share/titouan/workspace/kaldi/egs/timit/s5_la2/data-fmllr-tri3/train/data/feats_fmllr_train.2.ark:18300347
mclk0_si1660 /nfs-share/titouan/workspace/kaldi/egs/timit/s5_la2/data-fmllr-tri3/train/data/feats_fmllr_train.4.ark:11365724
fblv0_si1058 /nfs-share/titouan/workspace/kaldi/egs/timit/s5_la2/data-fmllr-tri3/train/data/feats_fmllr_train.1.ark:3664362
mjdg0_sx412 /nfs-share/titouan/workspace/kaldi/egs/timit/s5_la2/data-fmllr-tri3/train/data/feats_fmllr_train.6.ark:9528579
mcae0_sx277 /nfs-share/titouan/workspace/kaldi/egs/timit/s5_la2/data-fmllr-tri3/train/data/feats_fmllr_train.4.ark:8387938
mjeb1_sx27 /nfs-share/titouan/workspace/kaldi/egs/timit/s5_la2/data-fmllr-tri3/train/data/feats_fmllr_train.6.ark:10704082
mcre0_si1121 /nfs-share/titouan/workspace/kaldi/egs/timit/s5_la2/data-fmllr-tri3/train/data/feats_fmllr_train.4.ark:12454695
fdtd0_sx391 /nfs-share/titouan/workspace/kaldi/egs/timit/s5_la2/data-fmllr-tri3/train/data/feats_fmllr_train.1.ark:12968269
mljh0_sx154 /nfs-share/titouan/workspace/kaldi/egs/timit/s5_la2/data-fmllr-tri3/train/data/feats_fmllr_train.7.ark:11557909
mdma0_sx80 /nfs-share/titouan/workspace/kaldi/egs/timit/s5_la2/data-fmllr-tri3/train/data/feats_fmllr_train.5.ark:5889962
flag0_sx204 /nfs-share/titouan/workspace/kaldi/egs/timit/s5_la2/data-fmllr-tri3/train/data/feats_fmllr_train.2.ark:9459359
mtrc0_si1623 /nfs-share/titouan/workspace/kaldi/egs/timit/s5_la2/data-fmllr-tri3/train/data/feats_fmllr_train.10.ark:10473976
mmdb0_si1617 /nfs-share/titouan/workspace/kaldi/egs/timit/s5_la2/data-fmllr-tri3/train/data/feats_fmllr_train.7.ark:15537946
mtkp0_sx303 /nfs-share/titouan/workspace/kaldi/egs/timit/s5_la2/data-fmllr-tri3/train/data/feats_fmllr_train.10.ark:6382124
mdhl0_si2069 /nfs-share/titouan/workspace/kaldi/egs/timit/s5_la2/data-fmllr-tri3/train/data/feats_fmllr_train.5.ark:877915
fear0_sx82 /nfs-share/titouan/workspace/kaldi/egs/timit/s5_la2/data-fmllr-tri3/train/data/feats_fmllr_train.1.ark:14089720
mkes0_si1253 /nfs-share/titouan/workspace/kaldi/egs/timit/s5_la2/data-fmllr-tri3/train/data/feats_fmllr_train.7.ark:6725940
mntw0_sx202 /nfs-share/titouan/workspace/kaldi/egs/timit/s5_la2/data-fmllr-tri3/train/data/feats_fmllr_train.8.ark:5552280
mklr0_si1689 /nfs-share/titouan/workspace/kaldi/egs/timit/s5_la2/data-fmllr-tri3/train/data/feats_fmllr_train.7.ark:7925179
mbcg0_sx147 /nfs-share/titouan/workspace/kaldi/egs/timit/s5_la2/data-fmllr-tri3/train/data/feats_fmllr_train.4.ark:4247285
mapv0_sx393 /nfs-share/titouan/workspace/kaldi/egs/timit/s5_la2/data-fmllr-tri3/train/data/feats_fmllr_train.4.ark:2621347
mcre0_sx131 /nfs-share/titouan/workspace/kaldi/egs/timit/s5_la2/data-fmllr-tri3/train/data/feats_fmllr_train.4.ark:12600058
fsgf0_sx117 /nfs-share/titouan/workspace/kaldi/egs/timit/s5_la2/data-fmllr-tri3/train/data/feats_fmllr_train.3.ark:8108114
mcpm0_sx24 /nfs-share/titouan/workspace/kaldi/egs/timit/s5_la2/data-fmllr-tri3/train/data/feats_fmllr_train.4.ark:12355413
mjrh0_sx45 /nfs-share/titouan/workspace/kaldi/egs/timit/s5_la2/data-fmllr-tri3/train/data/feats_fmllr_train.7.ark:340203
fklh0_sx357 /nfs-share/titouan/workspace/kaldi/egs/timit/s5_la2/data-fmllr-tri3/train/data/feats_fmllr_train.2.ark:8335055
fdkn0_sx181 /nfs-share/titouan/workspace/kaldi/egs/timit/s5_la2/data-fmllr-tri3/train/data/feats_fmllr_train.1.ark:10997852
mlns0_sx237 /nfs-share/titouan/workspace/kaldi/egs/timit/s5_la2/data-fmllr-tri3/train/data/feats_fmllr_train.7.ark:12005993
mgsh0_sx186 /nfs-share/titouan/workspace/kaldi/egs/timit/s5_la2/data-fmllr-tri3/train/data/feats_fmllr_train.6.ark:2530706
mmpm0_si1691 /nfs-share/titouan/workspace/kaldi/egs/timit/s5_la2/data-fmllr-tri3/train/data/feats_fmllr_train.8.ark:1803688
fjwb1_si795 /nfs-share/titouan/workspace/kaldi/egs/timit/s5_la2/data-fmllr-tri3/train/data/feats_fmllr_train.2.ark:4145122
mrws0_si1732 /nfs-share/titouan/workspace/kaldi/egs/timit/s5_la2/data-fmllr-tri3/train/data/feats_fmllr_train.9.ark:10440565
mmws1_sx27 /nfs-share/titouan/workspace/kaldi/egs/timit/s5_la2/data-fmllr-tri3/train/data/feats_fmllr_train.8.ark:4469231
mfxs0_sx414 /nfs-share/titouan/workspace/kaldi/egs/timit/s5_la2/data-fmllr-tri3/train/data/feats_fmllr_train.5.ark:15763633
fhxs0_si2335 /nfs-share/titouan/workspace/kaldi/egs/timit/s5_la2/data-fmllr-tri3/train/data/feats_fmllr_train.1.ark:18546217
mclm0_si826 /nfs-share/titouan/workspace/kaldi/egs/timit/s5_la2/data-fmllr-tri3/train/data/feats_fmllr_train.4.ark:11860076
mrjh0_sx439 /nfs-share/titouan/workspace/kaldi/egs/timit/s5_la2/data-fmllr-tri3/train/data/feats_fmllr_train.9.ark:1578905
mjwt0_sx121 /nfs-share/titouan/workspace/kaldi/egs/timit/s5_la2/data-fmllr-tri3/train/data/feats_fmllr_train.7.ark:3015854
fkde0_sx241 /nfs-share/titouan/workspace/kaldi/egs/timit/s5_la2/data-fmllr-tri3/train/data/feats_fmllr_train.2.ark:5851325
fpaz0_sx27 /nfs-share/titouan/workspace/kaldi/egs/timit/s5_la2/data-fmllr-tri3/train/data/feats_fmllr_train.3.ark:2699850
fdmy0_sx207 /nfs-share/titouan/workspace/kaldi/egs/timit/s5_la2/data-fmllr-tri3/train/data/feats_fmllr_train.1.ark:11935273
madc0_si1997 /nfs-share/titouan/workspace/kaldi/egs/timit/s5_la2/data-fmllr-tri3/train/data/feats_fmllr_train.3.ark:17247989
fkfb0_sx438 /nfs-share/titouan/workspace/kaldi/egs/timit/s5_la2/data-fmllr-tri3/train/data/feats_fmllr_train.2.ark:6749093
fpab1_si841 /nfs-share/titouan/workspace/kaldi/egs/timit/s5_la2/data-fmllr-tri3/train/data/feats_fmllr_train.3.ark:872501
fbch0_sx56 /nfs-share/titouan/workspace/kaldi/egs/timit/s5_la2/data-fmllr-tri3/train/data/feats_fmllr_train.1.ark:3228117
mkag0_sx439 /nfs-share/titouan/workspace/kaldi/egs/timit/s5_la2/data-fmllr-tri3/train/data/feats_fmllr_train.7.ark:4317385
flkm0_sx350 /nfs-share/titouan/workspace/kaldi/egs/timit/s5_la2/data-fmllr-tri3/train/data/feats_fmllr_train.2.ark:12303627
flhd0_sx354 /nfs-share/titouan/workspace/kaldi/egs/timit/s5_la2/data-fmllr-tri3/train/data/feats_fmllr_train.2.ark:10645319
mrkm0_sx367 /nfs-share/titouan/workspace/kaldi/egs/timit/s5_la2/data-fmllr-tri3/train/data/feats_fmllr_train.9.ark:3223427
mmrp0_si2034 /nfs-share/titouan/workspace/kaldi/egs/timit/s5_la2/data-fmllr-tri3/train/data/feats_fmllr_train.8.ark:2152358
mdem0_sx158 /nfs-share/titouan/workspace/kaldi/egs/timit/s5_la2/data-fmllr-tri3/train/data/feats_fmllr_train.5.ark:547832
mtpr0_sx160 /nfs-share/titouan/workspace/kaldi/egs/timit/s5_la2/data-fmllr-tri3/train/data/feats_fmllr_train.10.ark:9679544
fmjf0_sx354 /nfs-share/titouan/workspace/kaldi/egs/timit/s5_la2/data-fmllr-tri3/train/data/feats_fmllr_train.2.ark:16170438
mtdb0_si2031 /nfs-share/titouan/workspace/kaldi/egs/timit/s5_la2/data-fmllr-tri3/train/data/feats_fmllr_train.10.ark:2898200
mlsh0_sx427 /nfs-share/titouan/workspace/kaldi/egs/timit/s5_la2/data-fmllr-tri3/train/data/feats_fmllr_train.7.ark:12494424
mcss0_si1380 /nfs-share/titouan/workspace/kaldi/egs/timit/s5_la2/data-fmllr-tri3/train/data/feats_fmllr_train.4.ark:12832672
mesg0_si1332 /nfs-share/titouan/workspace/kaldi/egs/timit/s5_la2/data-fmllr-tri3/train/data/feats_fmllr_train.5.ark:12972831
flod0_sx171 /nfs-share/titouan/workspace/kaldi/egs/timit/s5_la2/data-fmllr-tri3/train/data/feats_fmllr_train.2.ark:13766709
mdcd0_si785 /nfs-share/titouan/workspace/kaldi/egs/timit/s5_la2/data-fmllr-tri3/train/data/feats_fmllr_train.4.ark:15969500
mtjg0_sx80 /nfs-share/titouan/workspace/kaldi/egs/timit/s5_la2/data-fmllr-tri3/train/data/feats_fmllr_train.10.ark:4438052
mjwt0_sx391 /nfs-share/titouan/workspace/kaldi/egs/timit/s5_la2/data-fmllr-tri3/train/data/feats_fmllr_train.7.ark:3210041
mdlb0_si1306 /nfs-share/titouan/workspace/kaldi/egs/timit/s5_la2/data-fmllr-tri3/train/data/feats_fmllr_train.5.ark:2319556
mjee0_sx67 /nfs-share/titouan/workspace/kaldi/egs/timit/s5_la2/data-fmllr-tri3/train/data/feats_fmllr_train.6.ark:11153153
freh0_sx145 /nfs-share/titouan/workspace/kaldi/egs/timit/s5_la2/data-fmllr-tri3/train/data/feats_fmllr_train.3.ark:4171063
frll0_sx254 /nfs-share/titouan/workspace/kaldi/egs/timit/s5_la2/data-fmllr-tri3/train/data/feats_fmllr_train.3.ark:4924644
fmpg0_sx72 /nfs-share/titouan/workspace/kaldi/egs/timit/s5_la2/data-fmllr-tri3/train/data/feats_fmllr_train.2.ark:18382293
fbmj0_sx66 /nfs-share/titouan/workspace/kaldi/egs/timit/s5_la2/data-fmllr-tri3/train/data/feats_fmllr_train.1.ark:4850745
mrcg0_sx438 /nfs-share/titouan/workspace/kaldi/egs/timit/s5_la2/data-fmllr-tri3/train/data/feats_fmllr_train.8.ark:13571395
fjrp1_si802 /nfs-share/titouan/workspace/kaldi/egs/timit/s5_la2/data-fmllr-tri3/train/data/feats_fmllr_train.2.ark:2901591
mjlb0_si986 /nfs-share/titouan/workspace/kaldi/egs/timit/s5_la2/data-fmllr-tri3/train/data/feats_fmllr_train.6.ark:14051555
mwdk0_si1436 /nfs-share/titouan/workspace/kaldi/egs/timit/s5_la2/data-fmllr-tri3/train/data/feats_fmllr_train.10.ark:14865863
mwdk0_si2017 /nfs-share/titouan/workspace/kaldi/egs/timit/s5_la2/data-fmllr-tri3/train/data/feats_fmllr_train.10.ark:14931171
mcth0_si1839 /nfs-share/titouan/workspace/kaldi/egs/timit/s5_la2/data-fmllr-tri3/train/data/feats_fmllr_train.4.ark:13289716
fpls0_si1590 /nfs-share/titouan/workspace/kaldi/egs/timit/s5_la2/data-fmllr-tri3/train/data/feats_fmllr_train.3.ark:3203989
fklc0_si1615 /nfs-share/titouan/workspace/kaldi/egs/timit/s5_la2/data-fmllr-tri3/train/data/feats_fmllr_train.2.ark:7304084
mwre0_si1687 /nfs-share/titouan/workspace/kaldi/egs/timit/s5_la2/data-fmllr-tri3/train/data/feats_fmllr_train.10.ark:16092143
mabc0_si2041 /nfs-share/titouan/workspace/kaldi/egs/timit/s5_la2/data-fmllr-tri3/train/data/feats_fmllr_train.3.ark:16875292
fpmy0_sx163 /nfs-share/titouan/workspace/kaldi/egs/timit/s5_la2/data-fmllr-tri3/train/data/feats_fmllr_train.3.ark:3776446
mjwt0_si1381 /nfs-share/titouan/workspace/kaldi/egs/timit/s5_la2/data-fmllr-tri3/train/data/feats_fmllr_train.7.ark:2892920
mljh0_sx64 /nfs-share/titouan/workspace/kaldi/egs/timit/s5_la2/data-fmllr-tri3/train/data/feats_fmllr_train.7.ark:11783456
meal0_sx377 /nfs-share/titouan/workspace/kaldi/egs/timit/s5_la2/data-fmllr-tri3/train/data/feats_fmllr_train.5.ark:11042922
fgrw0_sx162 /nfs-share/titouan/workspace/kaldi/egs/timit/s5_la2/data-fmllr-tri3/train/data/feats_fmllr_train.1.ark:17686288
mpgh0_sx384 /nfs-share/titouan/workspace/kaldi/egs/timit/s5_la2/data-fmllr-tri3/train/data/feats_fmllr_train.8.ark:7118987
mjpm0_si738 /nfs-share/titouan/workspace/kaldi/egs/timit/s5_la2/data-fmllr-tri3/train/data/feats_fmllr_train.6.ark:16566036
flmk0_si2295 /nfs-share/titouan/workspace/kaldi/egs/timit/s5_la2/data-fmllr-tri3/train/data/feats_fmllr_train.2.ark:13317958
mdlc0_si1395 /nfs-share/titouan/workspace/kaldi/egs/timit/s5_la2/data-fmllr-tri3/train/data/feats_fmllr_train.5.ark:2782173
fsdj0_si1115 /nfs-share/titouan/workspace/kaldi/egs/timit/s5_la2/data-fmllr-tri3/train/data/feats_fmllr_train.3.ark:7578695
mhmr0_sx39 /nfs-share/titouan/workspace/kaldi/egs/timit/s5_la2/data-fmllr-tri3/train/data/feats_fmllr_train.6.ark:5277873
mmgg0_sx359 /nfs-share/titouan/workspace/kaldi/egs/timit/s5_la2/data-fmllr-tri3/train/data/feats_fmllr_train.8.ark:579888
msvs0_si2198 /nfs-share/titouan/workspace/kaldi/egs/timit/s5_la2/data-fmllr-tri3/train/data/feats_fmllr_train.10.ark:41321
fkde0_si2221 /nfs-share/titouan/workspace/kaldi/egs/timit/s5_la2/data-fmllr-tri3/train/data/feats_fmllr_train.2.ark:5768711
mprt0_sx40 /nfs-share/titouan/workspace/kaldi/egs/timit/s5_la2/data-fmllr-tri3/train/data/feats_fmllr_train.8.ark:10545016
fexm0_sx111 /nfs-share/titouan/workspace/kaldi/egs/timit/s5_la2/data-fmllr-tri3/train/data/feats_fmllr_train.1.ark:15968778
mmam0_si2227 /nfs-share/titouan/workspace/kaldi/egs/timit/s5_la2/data-fmllr-tri3/train/data/feats_fmllr_train.7.ark:13944465
fdfb0_sx328 /nfs-share/titouan/workspace/kaldi/egs/timit/s5_la2/data-fmllr-tri3/train/data/feats_fmllr_train.1.ark:10332671
mkxl0_sx15 /nfs-share/titouan/workspace/kaldi/egs/timit/s5_la2/data-fmllr-tri3/train/data/feats_fmllr_train.7.ark:9968427
fpjf0_sx56 /nfs-share/titouan/workspace/kaldi/egs/timit/s5_la2/data-fmllr-tri3/train/data/feats_fmllr_train.3.ark:3162681
msem1_si810 /nfs-share/titouan/workspace/kaldi/egs/timit/s5_la2/data-fmllr-tri3/train/data/feats_fmllr_train.9.ark:13798069
mrwa0_sx253 /nfs-share/titouan/workspace/kaldi/egs/timit/s5_la2/data-fmllr-tri3/train/data/feats_fmllr_train.9.ark:10186029
fjhk0_sx122 /nfs-share/titouan/workspace/kaldi/egs/timit/s5_la2/data-fmllr-tri3/train/data/feats_fmllr_train.2.ark:1009492
fetb0_sx158 /nfs-share/titouan/workspace/kaldi/egs/timit/s5_la2/data-fmllr-tri3/train/data/feats_fmllr_train.1.ark:15569361
fcjf0_si1027 /nfs-share/titouan/workspace/kaldi/egs/timit/s5_la2/data-fmllr-tri3/train/data/feats_fmllr_train.1.ark:6398842
mmcc0_si708 /nfs-share/titouan/workspace/kaldi/egs/timit/s5_la2/data-fmllr-tri3/train/data/feats_fmllr_train.7.ark:15207196
fblv0_sx68 /nfs-share/titouan/workspace/kaldi/egs/timit/s5_la2/data-fmllr-tri3/train/data/feats_fmllr_train.1.ark:4039592
mdbp0_sx258 /nfs-share/titouan/workspace/kaldi/egs/timit/s5_la2/data-fmllr-tri3/train/data/feats_fmllr_train.4.ark:15674777
mmar0_sx346 /nfs-share/titouan/workspace/kaldi/egs/timit/s5_la2/data-fmllr-tri3/train/data/feats_fmllr_train.7.ark:14495963
mjhi0_sx68 /nfs-share/titouan/workspace/kaldi/egs/timit/s5_la2/data-fmllr-tri3/train/data/feats_fmllr_train.6.ark:12292043
mvlo0_sx67 /nfs-share/titouan/workspace/kaldi/egs/timit/s5_la2/data-fmllr-tri3/train/data/feats_fmllr_train.10.ark:13034027
fjsk0_si1682 /nfs-share/titouan/workspace/kaldi/egs/timit/s5_la2/data-fmllr-tri3/train/data/feats_fmllr_train.2.ark:3336661
mrws0_sx112 /nfs-share/titouan/workspace/kaldi/egs/timit/s5_la2/data-fmllr-tri3/train/data/feats_fmllr_train.9.ark:10512939
mdlb0_sx46 /nfs-share/titouan/workspace/kaldi/egs/timit/s5_la2/data-fmllr-tri3/train/data/feats_fmllr_train.5.ark:2741985
fsdc0_sx142 /nfs-share/titouan/workspace/kaldi/egs/timit/s5_la2/data-fmllr-tri3/train/data/feats_fmllr_train.3.ark:7355680
mwsb0_sx276 /nfs-share/titouan/workspace/kaldi/egs/timit/s5_la2/data-fmllr-tri3/train/data/feats_fmllr_train.10.ark:16977778
mmgg0_si2339 /nfs-share/titouan/workspace/kaldi/egs/timit/s5_la2/data-fmllr-tri3/train/data/feats_fmllr_train.8.ark:461407
fmah1_sx429 /nfs-share/titouan/workspace/kaldi/egs/timit/s5_la2/data-fmllr-tri3/train/data/feats_fmllr_train.2.ark:14618559
mprk0_sx377 /nfs-share/titouan/workspace/kaldi/egs/timit/s5_la2/data-fmllr-tri3/train/data/feats_fmllr_train.8.ark:10230107
mree0_sx204 /nfs-share/titouan/workspace/kaldi/egs/timit/s5_la2/data-fmllr-tri3/train/data/feats_fmllr_train.8.ark:15363948
mtas0_si1385 /nfs-share/titouan/workspace/kaldi/egs/timit/s5_la2/data-fmllr-tri3/train/data/feats_fmllr_train.10.ark:937407
madc0_sx107 /nfs-share/titouan/workspace/kaldi/egs/timit/s5_la2/data-fmllr-tri3/train/data/feats_fmllr_train.3.ark:17374923
fjrb0_sx42 /nfs-share/titouan/workspace/kaldi/egs/timit/s5_la2/data-fmllr-tri3/train/data/feats_fmllr_train.2.ark:2727588
ftmg0_sx452 /nfs-share/titouan/workspace/kaldi/egs/timit/s5_la2/data-fmllr-tri3/train/data/feats_fmllr_train.3.ark:15658718
falr0_sx425 /nfs-share/titouan/workspace/kaldi/egs/timit/s5_la2/data-fmllr-tri3/train/data/feats_fmllr_train.1.ark:1500342
mmbs0_si1151 /nfs-share/titouan/workspace/kaldi/egs/timit/s5_la2/data-fmllr-tri3/train/data/feats_fmllr_train.7.ark:14666924
mwgr0_sx76 /nfs-share/titouan/workspace/kaldi/egs/timit/s5_la2/data-fmllr-tri3/train/data/feats_fmllr_train.10.ark:15982327
mdbp0_sx438 /nfs-share/titouan/workspace/kaldi/egs/timit/s5_la2/data-fmllr-tri3/train/data/feats_fmllr_train.4.ark:15781551
fdxw0_si881 /nfs-share/titouan/workspace/kaldi/egs/timit/s5_la2/data-fmllr-tri3/train/data/feats_fmllr_train.1.ark:13063392
mlbc0_sx339 /nfs-share/titouan/workspace/kaldi/egs/timit/s5_la2/data-fmllr-tri3/train/data/feats_fmllr_train.7.ark:10368992
mjrh1_si514 /nfs-share/titouan/workspace/kaldi/egs/timit/s5_la2/data-fmllr-tri3/train/data/feats_fmllr_train.7.ark:503326
mhjb0_si1017 /nfs-share/titouan/workspace/kaldi/egs/timit/s5_la2/data-fmllr-tri3/train/data/feats_fmllr_train.6.ark:4299836
mmab1_sx234 /nfs-share/titouan/workspace/kaldi/egs/timit/s5_la2/data-fmllr-tri3/train/data/feats_fmllr_train.7.ark:13188244
mjxl0_sx362 /nfs-share/titouan/workspace/kaldi/egs/timit/s5_la2/data-fmllr-tri3/train/data/feats_fmllr_train.7.ark:3842582
makr0_si722 /nfs-share/titouan/workspace/kaldi/egs/timit/s5_la2/data-fmllr-tri3/train/data/feats_fmllr_train.4.ark:2037956
mtwh1_si882 /nfs-share/titouan/workspace/kaldi/egs/timit/s5_la2/data-fmllr-tri3/train/data/feats_fmllr_train.10.ark:11633081
mrgs0_si1356 /nfs-share/titouan/workspace/kaldi/egs/timit/s5_la2/data-fmllr-tri3/train/data/feats_fmllr_train.9.ark:13
fspm0_sx251 /nfs-share/titouan/workspace/kaldi/egs/timit/s5_la2/data-fmllr-tri3/train/data/feats_fmllr_train.3.ark:12919386
mdps0_sx89 /nfs-share/titouan/workspace/kaldi/egs/timit/s5_la2/data-fmllr-tri3/train/data/feats_fmllr_train.5.ark:7727047
mrfl0_sx256 /nfs-share/titouan/workspace/kaldi/egs/timit/s5_la2/data-fmllr-tri3/train/data/feats_fmllr_train.8.ark:17293513
fbmh0_sx146 /nfs-share/titouan/workspace/kaldi/egs/timit/s5_la2/data-fmllr-tri3/train/data/feats_fmllr_train.1.ark:4261942
mmdb0_sx177 /nfs-share/titouan/workspace/kaldi/egs/timit/s5_la2/data-fmllr-tri3/train/data/feats_fmllr_train.7.ark:15631440
mrlj1_sx411 /nfs-share/titouan/workspace/kaldi/egs/timit/s5_la2/data-fmllr-tri3/train/data/feats_fmllr_train.9.ark:4317704
fjkl0_sx392 /nfs-share/titouan/workspace/kaldi/egs/timit/s5_la2/data-fmllr-tri3/train/data/feats_fmllr_train.2.ark:1564696
fcyl0_sx37 /nfs-share/titouan/workspace/kaldi/egs/timit/s5_la2/data-fmllr-tri3/train/data/feats_fmllr_train.1.ark:9236844
mjkr0_sx211 /nfs-share/titouan/workspace/kaldi/egs/timit/s5_la2/data-fmllr-tri3/train/data/feats_fmllr_train.6.ark:13777632
mmgc0_si1935 /nfs-share/titouan/workspace/kaldi/egs/timit/s5_la2/data-fmllr-tri3/train/data/feats_fmllr_train.8.ark:67561
fdjh0_si935 /nfs-share/titouan/workspace/kaldi/egs/timit/s5_la2/data-fmllr-tri3/train/data/feats_fmllr_train.1.ark:10560487
mmjb1_sx328 /nfs-share/titouan/workspace/kaldi/egs/timit/s5_la2/data-fmllr-tri3/train/data/feats_fmllr_train.8.ark:1270242
mmgc0_sx315 /nfs-share/titouan/workspace/kaldi/egs/timit/s5_la2/data-fmllr-tri3/train/data/feats_fmllr_train.8.ark:229430
frll0_sx434 /nfs-share/titouan/workspace/kaldi/egs/timit/s5_la2/data-fmllr-tri3/train/data/feats_fmllr_train.3.ark:5002618
mchl0_sx267 /nfs-share/titouan/workspace/kaldi/egs/timit/s5_la2/data-fmllr-tri3/train/data/feats_fmllr_train.4.ark:11182576
mdbp0_si528 /nfs-share/titouan/workspace/kaldi/egs/timit/s5_la2/data-fmllr-tri3/train/data/feats_fmllr_train.4.ark:15555843
mljh0_si1422 /nfs-share/titouan/workspace/kaldi/egs/timit/s5_la2/data-fmllr-tri3/train/data/feats_fmllr_train.7.ark:11379455
mrjm0_sx148 /nfs-share/titouan/workspace/kaldi/egs/timit/s5_la2/data-fmllr-tri3/train/data/feats_fmllr_train.9.ark:1843522
mrcw0_sx291 /nfs-share/titouan/workspace/kaldi/egs/timit/s5_la2/data-fmllr-tri3/train/data/feats_fmllr_train.8.ark:13972891
mhmr0_si1692 /nfs-share/titouan/workspace/kaldi/egs/timit/s5_la2/data-fmllr-tri3/train/data/feats_fmllr_train.6.ark:4998219
mkrg0_sx141 /nfs-share/titouan/workspace/kaldi/egs/timit/s5_la2/data-fmllr-tri3/train/data/feats_fmllr_train.7.ark:9582104
mkln0_si1598 /nfs-share/titouan/workspace/kaldi/egs/timit/s5_la2/data-fmllr-tri3/train/data/feats_fmllr_train.7.ark:7492614
fecd0_sx338 /nfs-share/titouan/workspace/kaldi/egs/timit/s5_la2/data-fmllr-tri3/train/data/feats_fmllr_train.1.ark:14438044
mrgs0_sx366 /nfs-share/titouan/workspace/kaldi/egs/timit/s5_la2/data-fmllr-tri3/train/data/feats_fmllr_train.9.ark:257589
mjpm0_sx18 /nfs-share/titouan/workspace/kaldi/egs/timit/s5_la2/data-fmllr-tri3/train/data/feats_fmllr_train.6.ark:16650089
mrmb0_si1581 /nfs-share/titouan/workspace/kaldi/egs/timit/s5_la2/data-fmllr-tri3/train/data/feats_fmllr_train.9.ark:5146512
msmr0_sx55 /nfs-share/titouan/workspace/kaldi/egs/timit/s5_la2/data-fmllr-tri3/train/data/feats_fmllr_train.9.ark:16555505
mmpm0_sx161 /nfs-share/titouan/workspace/kaldi/egs/timit/s5_la2/data-fmllr-tri3/train/data/feats_fmllr_train.8.ark:1889983
mrew1_sx60 /nfs-share/titouan/workspace/kaldi/egs/timit/s5_la2/data-fmllr-tri3/train/data/feats_fmllr_train.8.ark:16658758
mrmb0_si951 /nfs-share/titouan/workspace/kaldi/egs/timit/s5_la2/data-fmllr-tri3/train/data/feats_fmllr_train.9.ark:5232647
fhlm0_sx210 /nfs-share/titouan/workspace/kaldi/egs/timit/s5_la2/data-fmllr-tri3/train/data/feats_fmllr_train.1.ark:18143172
milb0_sx93 /nfs-share/titouan/workspace/kaldi/egs/timit/s5_la2/data-fmllr-tri3/train/data/feats_fmllr_train.6.ark:6437427
mrav0_si1638 /nfs-share/titouan/workspace/kaldi/egs/timit/s5_la2/data-fmllr-tri3/train/data/feats_fmllr_train.8.ark:12541065
mlns0_sx327 /nfs-share/titouan/workspace/kaldi/egs/timit/s5_la2/data-fmllr-tri3/train/data/feats_fmllr_train.7.ark:12031300
mcdc0_sx122 /nfs-share/titouan/workspace/kaldi/egs/timit/s5_la2/data-fmllr-tri3/train/data/feats_fmllr_train.4.ark:9108983
fbcg1_sx172 /nfs-share/titouan/workspace/kaldi/egs/timit/s5_la2/data-fmllr-tri3/train/data/feats_fmllr_train.1.ark:2589554
mzmb0_si536 /nfs-share/titouan/workspace/kaldi/egs/timit/s5_la2/data-fmllr-tri3/train/data/feats_fmllr_train.10.ark:17687756
mmws0_sx78 /nfs-share/titouan/workspace/kaldi/egs/timit/s5_la2/data-fmllr-tri3/train/data/feats_fmllr_train.8.ark:4271814
mpgr1_sx329 /nfs-share/titouan/workspace/kaldi/egs/timit/s5_la2/data-fmllr-tri3/train/data/feats_fmllr_train.8.ark:7745289
mdbp0_sx168 /nfs-share/titouan/workspace/kaldi/egs/timit/s5_la2/data-fmllr-tri3/train/data/feats_fmllr_train.4.ark:15640190
fkaa0_sx38 /nfs-share/titouan/workspace/kaldi/egs/timit/s5_la2/data-fmllr-tri3/train/data/feats_fmllr_train.2.ark:5499800
mpar0_sx226 /nfs-share/titouan/workspace/kaldi/egs/timit/s5_la2/data-fmllr-tri3/train/data/feats_fmllr_train.8.ark:5915217
msvs0_sx308 /nfs-share/titouan/workspace/kaldi/egs/timit/s5_la2/data-fmllr-tri3/train/data/feats_fmllr_train.10.ark:305269
fetb0_si518 /nfs-share/titouan/workspace/kaldi/egs/timit/s5_la2/data-fmllr-tri3/train/data/feats_fmllr_train.1.ark:15513974
mvlo0_si1777 /nfs-share/titouan/workspace/kaldi/egs/timit/s5_la2/data-fmllr-tri3/train/data/feats_fmllr_train.10.ark:12749866
mfrm0_sx435 /nfs-share/titouan/workspace/kaldi/egs/timit/s5_la2/data-fmllr-tri3/train/data/feats_fmllr_train.5.ark:15029438
fpac0_sx31 /nfs-share/titouan/workspace/kaldi/egs/timit/s5_la2/data-fmllr-tri3/train/data/feats_fmllr_train.3.ark:1533145
mdlr1_sx399 /nfs-share/titouan/workspace/kaldi/egs/timit/s5_la2/data-fmllr-tri3/train/data/feats_fmllr_train.5.ark:5426384
mrfk0_sx176 /nfs-share/titouan/workspace/kaldi/egs/timit/s5_la2/data-fmllr-tri3/train/data/feats_fmllr_train.8.ark:16839989
mddc0_sx249 /nfs-share/titouan/workspace/kaldi/egs/timit/s5_la2/data-fmllr-tri3/train/data/feats_fmllr_train.4.ark:16840388
fnkl0_si1522 /nfs-share/titouan/workspace/kaldi/egs/timit/s5_la2/data-fmllr-tri3/train/data/feats_fmllr_train.3.ark:13
mtpp0_sx428 /nfs-share/titouan/workspace/kaldi/egs/timit/s5_la2/data-fmllr-tri3/train/data/feats_fmllr_train.10.ark:9427408
mdss1_sx67 /nfs-share/titouan/workspace/kaldi/egs/timit/s5_la2/data-fmllr-tri3/train/data/feats_fmllr_train.5.ark:9202795
mhbs0_sx45 /nfs-share/titouan/workspace/kaldi/egs/timit/s5_la2/data-fmllr-tri3/train/data/feats_fmllr_train.6.ark:3876071
fleh0_sx331 /nfs-share/titouan/workspace/kaldi/egs/timit/s5_la2/data-fmllr-tri3/train/data/feats_fmllr_train.2.ark:9903604
mrew1_si870 /nfs-share/titouan/workspace/kaldi/egs/timit/s5_la2/data-fmllr-tri3/train/data/feats_fmllr_train.8.ark:16413504
mdma0_sx260 /nfs-share/titouan/workspace/kaldi/egs/timit/s5_la2/data-fmllr-tri3/train/data/feats_fmllr_train.5.ark:5685722
mklr0_sx159 /nfs-share/titouan/workspace/kaldi/egs/timit/s5_la2/data-fmllr-tri3/train/data/feats_fmllr_train.7.ark:7986034
mrdm0_si1044 /nfs-share/titouan/workspace/kaldi/egs/timit/s5_la2/data-fmllr-tri3/train/data/feats_fmllr_train.8.ark:14410124
mejs0_sx250 /nfs-share/titouan/workspace/kaldi/egs/timit/s5_la2/data-fmllr-tri3/train/data/feats_fmllr_train.5.ark:12811123
fcdr1_sx106 /nfs-share/titouan/workspace/kaldi/egs/timit/s5_la2/data-fmllr-tri3/train/data/feats_fmllr_train.1.ark:5825530
fexm0_sx381 /nfs-share/titouan/workspace/kaldi/egs/timit/s5_la2/data-fmllr-tri3/train/data/feats_fmllr_train.1.ark:16206646
flmk0_sx135 /nfs-share/titouan/workspace/kaldi/egs/timit/s5_la2/data-fmllr-tri3/train/data/feats_fmllr_train.2.ark:13358145
mgak0_sx136 /nfs-share/titouan/workspace/kaldi/egs/timit/s5_la2/data-fmllr-tri3/train/data/feats_fmllr_train.5.ark:17080421
feac0_si1245 /nfs-share/titouan/workspace/kaldi/egs/timit/s5_la2/data-fmllr-tri3/train/data/feats_fmllr_train.1.ark:13343074
mjmd0_sx308 /nfs-share/titouan/workspace/kaldi/egs/timit/s5_la2/data-fmllr-tri3/train/data/feats_fmllr_train.6.ark:15619386
mklr0_sx249 /nfs-share/titouan/workspace/kaldi/egs/timit/s5_la2/data-fmllr-tri3/train/data/feats_fmllr_train.7.ark:8032781
mrab0_sx414 /nfs-share/titouan/workspace/kaldi/egs/timit/s5_la2/data-fmllr-tri3/train/data/feats_fmllr_train.8.ark:11220971
mtlb0_sx144 /nfs-share/titouan/workspace/kaldi/egs/timit/s5_la2/data-fmllr-tri3/train/data/feats_fmllr_train.10.ark:6638447
mdlc0_si765 /nfs-share/titouan/workspace/kaldi/egs/timit/s5_la2/data-fmllr-tri3/train/data/feats_fmllr_train.5.ark:2932948
mtxs0_sx250 /nfs-share/titouan/workspace/kaldi/egs/timit/s5_la2/data-fmllr-tri3/train/data/feats_fmllr_train.10.ark:12125513
mgar0_si1842 /nfs-share/titouan/workspace/kaldi/egs/timit/s5_la2/data-fmllr-tri3/train/data/feats_fmllr_train.6.ark:93829
mjrg0_sx286 /nfs-share/titouan/workspace/kaldi/egs/timit/s5_la2/data-fmllr-tri3/train/data/feats_fmllr_train.6.ark:17822287
marc0_sx18 /nfs-share/titouan/workspace/kaldi/egs/timit/s5_la2/data-fmllr-tri3/train/data/feats_fmllr_train.4.ark:2811883
mdks0_sx166 /nfs-share/titouan/workspace/kaldi/egs/timit/s5_la2/data-fmllr-tri3/train/data/feats_fmllr_train.5.ark:2037341
fcag0_sx153 /nfs-share/titouan/workspace/kaldi/egs/timit/s5_la2/data-fmllr-tri3/train/data/feats_fmllr_train.1.ark:4988456
fcjf0_si648 /nfs-share/titouan/workspace/kaldi/egs/timit/s5_la2/data-fmllr-tri3/train/data/feats_fmllr_train.1.ark:6493137
mtat1_sx329 /nfs-share/titouan/workspace/kaldi/egs/timit/s5_la2/data-fmllr-tri3/train/data/feats_fmllr_train.10.ark:1900377
mjrg0_sx106 /nfs-share/titouan/workspace/kaldi/egs/timit/s5_la2/data-fmllr-tri3/train/data/feats_fmllr_train.6.ark:17754074
mpgr0_sx150 /nfs-share/titouan/workspace/kaldi/egs/timit/s5_la2/data-fmllr-tri3/train/data/feats_fmllr_train.8.ark:7280697
msfv0_si1262 /nfs-share/titouan/workspace/kaldi/egs/timit/s5_la2/data-fmllr-tri3/train/data/feats_fmllr_train.9.ark:14979466
mcal0_si1138 /nfs-share/titouan/workspace/kaldi/egs/timit/s5_la2/data-fmllr-tri3/train/data/feats_fmllr_train.4.ark:8609644
mrav0_si2268 /nfs-share/titouan/workspace/kaldi/egs/timit/s5_la2/data-fmllr-tri3/train/data/feats_fmllr_train.8.ark:12593253
ftbr0_sx111 /nfs-share/titouan/workspace/kaldi/egs/timit/s5_la2/data-fmllr-tri3/train/data/feats_fmllr_train.3.ark:14390147
mgrp0_sx57 /nfs-share/titouan/workspace/kaldi/egs/timit/s5_la2/data-fmllr-tri3/train/data/feats_fmllr_train.6.ark:2254889
majp0_si1704 /nfs-share/titouan/workspace/kaldi/egs/timit/s5_la2/data-fmllr-tri3/train/data/feats_fmllr_train.4.ark:1098613
mrjt0_sx418 /nfs-share/titouan/workspace/kaldi/egs/timit/s5_la2/data-fmllr-tri3/train/data/feats_fmllr_train.9.ark:2775237
mdlc2_sx354 /nfs-share/titouan/workspace/kaldi/egs/timit/s5_la2/data-fmllr-tri3/train/data/feats_fmllr_train.5.ark:3781944
mmwb0_si989 /nfs-share/titouan/workspace/kaldi/egs/timit/s5_la2/data-fmllr-tri3/train/data/feats_fmllr_train.8.ark:3577864
mtbc0_sx183 /nfs-share/titouan/workspace/kaldi/egs/timit/s5_la2/data-fmllr-tri3/train/data/feats_fmllr_train.10.ark:2212700
mrbc0_sx329 /nfs-share/titouan/workspace/kaldi/egs/timit/s5_la2/data-fmllr-tri3/train/data/feats_fmllr_train.8.ark:13086191
fmem0_sx387 /nfs-share/titouan/workspace/kaldi/egs/timit/s5_la2/data-fmllr-tri3/train/data/feats_fmllr_train.2.ark:15466219
mmrp0_si774 /nfs-share/titouan/workspace/kaldi/egs/timit/s5_la2/data-fmllr-tri3/train/data/feats_fmllr_train.8.ark:2216732
mjpg0_si1191 /nfs-share/titouan/workspace/kaldi/egs/timit/s5_la2/data-fmllr-tri3/train/data/feats_fmllr_train.6.ark:16109124
mbma0_sx52 /nfs-share/titouan/workspace/kaldi/egs/timit/s5_la2/data-fmllr-tri3/train/data/feats_fmllr_train.4.ark:5871300
mrlr0_sx386 /nfs-share/titouan/workspace/kaldi/egs/timit/s5_la2/data-fmllr-tri3/train/data/feats_fmllr_train.9.ark:5112564
makb0_si1016 /nfs-share/titouan/workspace/kaldi/egs/timit/s5_la2/data-fmllr-tri3/train/data/feats_fmllr_train.4.ark:1498323
mjda0_sx131 /nfs-share/titouan/workspace/kaldi/egs/timit/s5_la2/data-fmllr-tri3/train/data/feats_fmllr_train.6.ark:8148007
mrab1_sx38 /nfs-share/titouan/workspace/kaldi/egs/timit/s5_la2/data-fmllr-tri3/train/data/feats_fmllr_train.8.ark:11616707
frjb0_sx437 /nfs-share/titouan/workspace/kaldi/egs/timit/s5_la2/data-fmllr-tri3/train/data/feats_fmllr_train.3.ark:4597762
mtkp0_sx123 /nfs-share/titouan/workspace/kaldi/egs/timit/s5_la2/data-fmllr-tri3/train/data/feats_fmllr_train.10.ark:6293590
mmcc0_sx438 /nfs-share/titouan/workspace/kaldi/egs/timit/s5_la2/data-fmllr-tri3/train/data/feats_fmllr_train.7.ark:15383624
msms0_si2063 /nfs-share/titouan/workspace/kaldi/egs/timit/s5_la2/data-fmllr-tri3/train/data/feats_fmllr_train.9.ark:16668681
mrai0_si2052 /nfs-share/titouan/workspace/kaldi/egs/timit/s5_la2/data-fmllr-tri3/train/data/feats_fmllr_train.8.ark:11738870
fsms1_si2134 /nfs-share/titouan/workspace/kaldi/egs/timit/s5_la2/data-fmllr-tri3/train/data/feats_fmllr_train.3.ark:12357968
mwch0_sx92 /nfs-share/titouan/workspace/kaldi/egs/timit/s5_la2/data-fmllr-tri3/train/data/feats_fmllr_train.10.ark:14825035
fgmb0_si1775 /nfs-share/titouan/workspace/kaldi/egs/timit/s5_la2/data-fmllr-tri3/train/data/feats_fmllr_train.1.ark:17137216
mwad0_sx252 /nfs-share/titouan/workspace/kaldi/egs/timit/s5_la2/data-fmllr-tri3/train/data/feats_fmllr_train.10.ark:14022759
fmah1_si2139 /nfs-share/titouan/workspace/kaldi/egs/timit/s5_la2/data-fmllr-tri3/train/data/feats_fmllr_train.2.ark:14383384
mewm0_sx268 /nfs-share/titouan/workspace/kaldi/egs/timit/s5_la2/data-fmllr-tri3/train/data/feats_fmllr_train.5.ark:13858012
mgaw0_sx355 /nfs-share/titouan/workspace/kaldi/egs/timit/s5_la2/data-fmllr-tri3/train/data/feats_fmllr_train.6.ark:650127
fbcg1_sx352 /nfs-share/titouan/workspace/kaldi/egs/timit/s5_la2/data-fmllr-tri3/train/data/feats_fmllr_train.1.ark:2681928
mrjt0_sx238 /nfs-share/titouan/workspace/kaldi/egs/timit/s5_la2/data-fmllr-tri3/train/data/feats_fmllr_train.9.ark:2674063
fmem0_sx333 /nfs-share/titouan/workspace/kaldi/egs/timit/s5_la2/data-fmllr-tri3/train/data/feats_fmllr_train.2.ark:15384272
mljc0_sx145 /nfs-share/titouan/workspace/kaldi/egs/timit/s5_la2/data-fmllr-tri3/train/data/feats_fmllr_train.7.ark:11102492
mdlc2_si1614 /nfs-share/titouan/workspace/kaldi/egs/timit/s5_la2/data-fmllr-tri3/train/data/feats_fmllr_train.5.ark:3572848
mdac0_sx361 /nfs-share/titouan/workspace/kaldi/egs/timit/s5_la2/data-fmllr-tri3/train/data/feats_fmllr_train.4.ark:14627755
mjsr0_sx164 /nfs-share/titouan/workspace/kaldi/egs/timit/s5_la2/data-fmllr-tri3/train/data/feats_fmllr_train.7.ark:1688804
mejl0_sx242 /nfs-share/titouan/workspace/kaldi/egs/timit/s5_la2/data-fmllr-tri3/train/data/feats_fmllr_train.5.ark:12416506
mmab1_si864 /nfs-share/titouan/workspace/kaldi/egs/timit/s5_la2/data-fmllr-tri3/train/data/feats_fmllr_train.7.ark:13064030
msah1_sx59 /nfs-share/titouan/workspace/kaldi/egs/timit/s5_la2/data-fmllr-tri3/train/data/feats_fmllr_train.9.ark:11389961
mefg0_sx285 /nfs-share/titouan/workspace/kaldi/egs/timit/s5_la2/data-fmllr-tri3/train/data/feats_fmllr_train.5.ark:11724767
fhxs0_sx175 /nfs-share/titouan/workspace/kaldi/egs/timit/s5_la2/data-fmllr-tri3/train/data/feats_fmllr_train.1.ark:18588164
fmpg0_si1602 /nfs-share/titouan/workspace/kaldi/egs/timit/s5_la2/data-fmllr-tri3/train/data/feats_fmllr_train.2.ark:17925144
mcef0_sx235 /nfs-share/titouan/workspace/kaldi/egs/timit/s5_la2/data-fmllr-tri3/train/data/feats_fmllr_train.4.ark:10319101
mwgr0_sx256 /nfs-share/titouan/workspace/kaldi/egs/timit/s5_la2/data-fmllr-tri3/train/data/feats_fmllr_train.10.ark:15854887
flac0_sx361 /nfs-share/titouan/workspace/kaldi/egs/timit/s5_la2/data-fmllr-tri3/train/data/feats_fmllr_train.2.ark:9082849
msat1_sx353 /nfs-share/titouan/workspace/kaldi/egs/timit/s5_la2/data-fmllr-tri3/train/data/feats_fmllr_train.9.ark:12392160
mprd0_sx351 /nfs-share/titouan/workspace/kaldi/egs/timit/s5_la2/data-fmllr-tri3/train/data/feats_fmllr_train.8.ark:9671757
mdks0_si1066 /nfs-share/titouan/workspace/kaldi/egs/timit/s5_la2/data-fmllr-tri3/train/data/feats_fmllr_train.5.ark:1926538
mdsj0_sx292 /nfs-share/titouan/workspace/kaldi/egs/timit/s5_la2/data-fmllr-tri3/train/data/feats_fmllr_train.5.ark:8430627
mreh1_sx249 /nfs-share/titouan/workspace/kaldi/egs/timit/s5_la2/data-fmllr-tri3/train/data/feats_fmllr_train.8.ark:15770085
ftlg0_si483 /nfs-share/titouan/workspace/kaldi/egs/timit/s5_la2/data-fmllr-tri3/train/data/feats_fmllr_train.3.ark:15046366
mtml0_si1695 /nfs-share/titouan/workspace/kaldi/egs/timit/s5_la2/data-fmllr-tri3/train/data/feats_fmllr_train.10.ark:7285067
fntb0_si1203 /nfs-share/titouan/workspace/kaldi/egs/timit/s5_la2/data-fmllr-tri3/train/data/feats_fmllr_train.3.ark:378950
mtjs0_sx382 /nfs-share/titouan/workspace/kaldi/egs/timit/s5_la2/data-fmllr-tri3/train/data/feats_fmllr_train.10.ark:5239766
fbcg1_sx262 /nfs-share/titouan/workspace/kaldi/egs/timit/s5_la2/data-fmllr-tri3/train/data/feats_fmllr_train.1.ark:2640621
mrds0_sx447 /nfs-share/titouan/workspace/kaldi/egs/timit/s5_la2/data-fmllr-tri3/train/data/feats_fmllr_train.8.ark:15059784
fsjw0_sx343 /nfs-share/titouan/workspace/kaldi/egs/timit/s5_la2/data-fmllr-tri3/train/data/feats_fmllr_train.3.ark:9834796
mljh0_si1324 /nfs-share/titouan/workspace/kaldi/egs/timit/s5_la2/data-fmllr-tri3/train/data/feats_fmllr_train.7.ark:11325187
mwem0_sx60 /nfs-share/titouan/workspace/kaldi/egs/timit/s5_la2/data-fmllr-tri3/train/data/feats_fmllr_train.10.ark:15600350
fsma0_sx91 /nfs-share/titouan/workspace/kaldi/egs/timit/s5_la2/data-fmllr-tri3/train/data/feats_fmllr_train.3.ark:11852895
mdlm0_sx424 /nfs-share/titouan/workspace/kaldi/egs/timit/s5_la2/data-fmllr-tri3/train/data/feats_fmllr_train.5.ark:4569924
mjwg0_sx265 /nfs-share/titouan/workspace/kaldi/egs/timit/s5_la2/data-fmllr-tri3/train/data/feats_fmllr_train.7.ark:2230967
mmpm0_sx71 /nfs-share/titouan/workspace/kaldi/egs/timit/s5_la2/data-fmllr-tri3/train/data/feats_fmllr_train.8.ark:2112810
mmea0_sx128 /nfs-share/titouan/workspace/kaldi/egs/timit/s5_la2/data-fmllr-tri3/train/data/feats_fmllr_train.7.ark:17457805
mmbs0_sx71 /nfs-share/titouan/workspace/kaldi/egs/timit/s5_la2/data-fmllr-tri3/train/data/feats_fmllr_train.7.ark:15052233
maeo0_sx66 /nfs-share/titouan/workspace/kaldi/egs/timit/s5_la2/data-fmllr-tri3/train/data/feats_fmllr_train.4.ark:710980
mdem0_sx68 /nfs-share/titouan/workspace/kaldi/egs/timit/s5_la2/data-fmllr-tri3/train/data/feats_fmllr_train.5.ark:774819
mrdd0_si1680 /nfs-share/titouan/workspace/kaldi/egs/timit/s5_la2/data-fmllr-tri3/train/data/feats_fmllr_train.8.ark:14108974
mrlk0_sx393 /nfs-share/titouan/workspace/kaldi/egs/timit/s5_la2/data-fmllr-tri3/train/data/feats_fmllr_train.9.ark:4740027
msms0_sx173 /nfs-share/titouan/workspace/kaldi/egs/timit/s5_la2/data-fmllr-tri3/train/data/feats_fmllr_train.9.ark:16761855
mtlc0_si1477 /nfs-share/titouan/workspace/kaldi/egs/timit/s5_la2/data-fmllr-tri3/train/data/feats_fmllr_train.10.ark:6957650
mjda0_si2291 /nfs-share/titouan/workspace/kaldi/egs/timit/s5_la2/data-fmllr-tri3/train/data/feats_fmllr_train.6.ark:8096300
mjfh0_sx27 /nfs-share/titouan/workspace/kaldi/egs/timit/s5_la2/data-fmllr-tri3/train/data/feats_fmllr_train.6.ark:11421956
mjxa0_si1507 /nfs-share/titouan/workspace/kaldi/egs/timit/s5_la2/data-fmllr-tri3/train/data/feats_fmllr_train.7.ark:3246709
mzmb0_sx266 /nfs-share/titouan/workspace/kaldi/egs/timit/s5_la2/data-fmllr-tri3/train/data/feats_fmllr_train.10.ark:17803010
mdrd0_sx212 /nfs-share/titouan/workspace/kaldi/egs/timit/s5_la2/data-fmllr-tri3/train/data/feats_fmllr_train.5.ark:7995664
mabc0_sx241 /nfs-share/titouan/workspace/kaldi/egs/timit/s5_la2/data-fmllr-tri3/train/data/feats_fmllr_train.3.ark:17028013
mrtc0_si828 /nfs-share/titouan/workspace/kaldi/egs/timit/s5_la2/data-fmllr-tri3/train/data/feats_fmllr_train.9.ark:8885484
mrso0_sx219 /nfs-share/titouan/workspace/kaldi/egs/timit/s5_la2/data-fmllr-tri3/train/data/feats_fmllr_train.9.ark:8121104
mram0_sx15 /nfs-share/titouan/workspace/kaldi/egs/timit/s5_la2/data-fmllr-tri3/train/data/feats_fmllr_train.8.ark:12333568
mrgm0_sx262 /nfs-share/titouan/workspace/kaldi/egs/timit/s5_la2/data-fmllr-tri3/train/data/feats_fmllr_train.8.ark:17738690
fjrp1_sx442 /nfs-share/titouan/workspace/kaldi/egs/timit/s5_la2/data-fmllr-tri3/train/data/feats_fmllr_train.2.ark:3152899
mcdr0_si524 /nfs-share/titouan/workspace/kaldi/egs/timit/s5_la2/data-fmllr-tri3/train/data/feats_fmllr_train.4.ark:9831310
mpgr0_sx240 /nfs-share/titouan/workspace/kaldi/egs/timit/s5_la2/data-fmllr-tri3/train/data/feats_fmllr_train.8.ark:7307764
fdkn0_si1202 /nfs-share/titouan/workspace/kaldi/egs/timit/s5_la2/data-fmllr-tri3/train/data/feats_fmllr_train.1.ark:10885957
mjmm0_sx175 /nfs-share/titouan/workspace/kaldi/egs/timit/s5_la2/data-fmllr-tri3/train/data/feats_fmllr_train.6.ark:15890909
flmc0_sx336 /nfs-share/titouan/workspace/kaldi/egs/timit/s5_la2/data-fmllr-tri3/train/data/feats_fmllr_train.2.ark:13094967
mrdm0_sx335 /nfs-share/titouan/workspace/kaldi/egs/timit/s5_la2/data-fmllr-tri3/train/data/feats_fmllr_train.8.ark:14653940
mdwh0_si1168 /nfs-share/titouan/workspace/kaldi/egs/timit/s5_la2/data-fmllr-tri3/train/data/feats_fmllr_train.5.ark:9933178
mhjb0_sx387 /nfs-share/titouan/workspace/kaldi/egs/timit/s5_la2/data-fmllr-tri3/train/data/feats_fmllr_train.6.ark:4566106
mjae0_sx354 /nfs-share/titouan/workspace/kaldi/egs/timit/s5_la2/data-fmllr-tri3/train/data/feats_fmllr_train.6.ark:7090449
mdtb0_sx120 /nfs-share/titouan/workspace/kaldi/egs/timit/s5_la2/data-fmllr-tri3/train/data/feats_fmllr_train.5.ark:9369465
mjlg1_sx292 /nfs-share/titouan/workspace/kaldi/egs/timit/s5_la2/data-fmllr-tri3/train/data/feats_fmllr_train.6.ark:14561320
mdpk0_sx63 /nfs-share/titouan/workspace/kaldi/egs/timit/s5_la2/data-fmllr-tri3/train/data/feats_fmllr_train.5.ark:7377710
fspm0_si611 /nfs-share/titouan/workspace/kaldi/egs/timit/s5_la2/data-fmllr-tri3/train/data/feats_fmllr_train.3.ark:12823172
mkln0_sx68 /nfs-share/titouan/workspace/kaldi/egs/timit/s5_la2/data-fmllr-tri3/train/data/feats_fmllr_train.7.ark:7820963
mkxl0_si1815 /nfs-share/titouan/workspace/kaldi/egs/timit/s5_la2/data-fmllr-tri3/train/data/feats_fmllr_train.7.ark:9795386
mmxs0_si2136 /nfs-share/titouan/workspace/kaldi/egs/timit/s5_la2/data-fmllr-tri3/train/data/feats_fmllr_train.8.ark:4612859
mtjg0_si2157 /nfs-share/titouan/workspace/kaldi/egs/timit/s5_la2/data-fmllr-tri3/train/data/feats_fmllr_train.10.ark:4119491
mmdm1_si783 /nfs-share/titouan/workspace/kaldi/egs/timit/s5_la2/data-fmllr-tri3/train/data/feats_fmllr_train.7.ark:16685824
mdrd0_si2012 /nfs-share/titouan/workspace/kaldi/egs/timit/s5_la2/data-fmllr-tri3/train/data/feats_fmllr_train.5.ark:7806943
mafm0_si939 /nfs-share/titouan/workspace/kaldi/egs/timit/s5_la2/data-fmllr-tri3/train/data/feats_fmllr_train.4.ark:787543
fsah0_sx327 /nfs-share/titouan/workspace/kaldi/egs/timit/s5_la2/data-fmllr-tri3/train/data/feats_fmllr_train.3.ark:5760758
mrbc0_sx149 /nfs-share/titouan/workspace/kaldi/egs/timit/s5_la2/data-fmllr-tri3/train/data/feats_fmllr_train.8.ark:12984217
mjai0_sx344 /nfs-share/titouan/workspace/kaldi/egs/timit/s5_la2/data-fmllr-tri3/train/data/feats_fmllr_train.6.ark:7536425
