mtjm0_sx146 /nfs-share/xinchi/kaldi/egs/timit/s5_la4/data-fmllr-tri3/train/data/feats_fmllr_train.10.ark:4647602
fsdc0_sx322 /nfs-share/xinchi/kaldi/egs/timit/s5_la4/data-fmllr-tri3/train/data/feats_fmllr_train.3.ark:7454134
mcre0_sx24 /nfs-share/xinchi/kaldi/egs/timit/s5_la4/data-fmllr-tri3/train/data/feats_fmllr_train.4.ark:12692911
mmpm0_sx71 /nfs-share/xinchi/kaldi/egs/timit/s5_la4/data-fmllr-tri3/train/data/feats_fmllr_train.8.ark:2112810
mjpm1_si2280 /nfs-share/xinchi/kaldi/egs/timit/s5_la4/data-fmllr-tri3/train/data/feats_fmllr_train.6.ark:16863986
mmam0_si1668 /nfs-share/xinchi/kaldi/egs/timit/s5_la4/data-fmllr-tri3/train/data/feats_fmllr_train.7.ark:13909397
mtpr0_si1600 /nfs-share/xinchi/kaldi/egs/timit/s5_la4/data-fmllr-tri3/train/data/feats_fmllr_train.10.ark:9517702
mprk0_si467 /nfs-share/xinchi/kaldi/egs/timit/s5_la4/data-fmllr-tri3/train/data/feats_fmllr_train.8.ark:9955413
mgak0_sx406 /nfs-share/xinchi/kaldi/egs/timit/s5_la4/data-fmllr-tri3/train/data/feats_fmllr_train.5.ark:17254582
mmeb0_sx327 /nfs-share/xinchi/kaldi/egs/timit/s5_la4/data-fmllr-tri3/train/data/feats_fmllr_train.7.ark:17812929
mgjc0_si1256 /nfs-share/xinchi/kaldi/egs/timit/s5_la4/data-fmllr-tri3/train/data/feats_fmllr_train.6.ark:1075385
mbth0_sx392 /nfs-share/xinchi/kaldi/egs/timit/s5_la4/data-fmllr-tri3/train/data/feats_fmllr_train.4.ark:7656704
mcew0_sx92 /nfs-share/xinchi/kaldi/egs/timit/s5_la4/data-fmllr-tri3/train/data/feats_fmllr_train.4.ark:10922598
fgdp0_sx358 /nfs-share/xinchi/kaldi/egs/timit/s5_la4/data-fmllr-tri3/train/data/feats_fmllr_train.1.ark:16881907
mrtj0_sx322 /nfs-share/xinchi/kaldi/egs/timit/s5_la4/data-fmllr-tri3/train/data/feats_fmllr_train.9.ark:9504342
mdtb0_si570 /nfs-share/xinchi/kaldi/egs/timit/s5_la4/data-fmllr-tri3/train/data/feats_fmllr_train.5.ark:9315038
mjda0_sx131 /nfs-share/xinchi/kaldi/egs/timit/s5_la4/data-fmllr-tri3/train/data/feats_fmllr_train.6.ark:8148007
mjpm1_sx221 /nfs-share/xinchi/kaldi/egs/timit/s5_la4/data-fmllr-tri3/train/data/feats_fmllr_train.6.ark:16992227
fsmm0_si1314 /nfs-share/xinchi/kaldi/egs/timit/s5_la4/data-fmllr-tri3/train/data/feats_fmllr_train.3.ark:11896283
mrld0_sx154 /nfs-share/xinchi/kaldi/egs/timit/s5_la4/data-fmllr-tri3/train/data/feats_fmllr_train.9.ark:3529028
mtbc0_sx347 /nfs-share/xinchi/kaldi/egs/timit/s5_la4/data-fmllr-tri3/train/data/feats_fmllr_train.10.ark:2291954
mabc0_sx241 /nfs-share/xinchi/kaldi/egs/timit/s5_la4/data-fmllr-tri3/train/data/feats_fmllr_train.3.ark:17028013
msfv0_si632 /nfs-share/xinchi/kaldi/egs/timit/s5_la4/data-fmllr-tri3/train/data/feats_fmllr_train.9.ark:15078561
mrjb1_sx120 /nfs-share/xinchi/kaldi/egs/timit/s5_la4/data-fmllr-tri3/train/data/feats_fmllr_train.9.ark:999088
mdmt0_si2341 /nfs-share/xinchi/kaldi/egs/timit/s5_la4/data-fmllr-tri3/train/data/feats_fmllr_train.5.ark:5949218
fcag0_si1641 /nfs-share/xinchi/kaldi/egs/timit/s5_la4/data-fmllr-tri3/train/data/feats_fmllr_train.1.ark:4931761
mtpr0_sx250 /nfs-share/xinchi/kaldi/egs/timit/s5_la4/data-fmllr-tri3/train/data/feats_fmllr_train.10.ark:9746771
fscn0_sx356 /nfs-share/xinchi/kaldi/egs/timit/s5_la4/data-fmllr-tri3/train/data/feats_fmllr_train.3.ark:7071836
mrws0_sx382 /nfs-share/xinchi/kaldi/egs/timit/s5_la4/data-fmllr-tri3/train/data/feats_fmllr_train.9.ark:10662166
flag0_si834 /nfs-share/xinchi/kaldi/egs/timit/s5_la4/data-fmllr-tri3/train/data/feats_fmllr_train.2.ark:9335145
mrew1_sx420 /nfs-share/xinchi/kaldi/egs/timit/s5_la4/data-fmllr-tri3/train/data/feats_fmllr_train.8.ark:16604812
mdlh0_sx160 /nfs-share/xinchi/kaldi/egs/timit/s5_la4/data-fmllr-tri3/train/data/feats_fmllr_train.5.ark:4055866
mjjj0_sx173 /nfs-share/xinchi/kaldi/egs/timit/s5_la4/data-fmllr-tri3/train/data/feats_fmllr_train.6.ark:12913011
mklw0_si1571 /nfs-share/xinchi/kaldi/egs/timit/s5_la4/data-fmllr-tri3/train/data/feats_fmllr_train.7.ark:8990444
mdlh0_sx250 /nfs-share/xinchi/kaldi/egs/timit/s5_la4/data-fmllr-tri3/train/data/feats_fmllr_train.5.ark:4125653
flja0_si1078 /nfs-share/xinchi/kaldi/egs/timit/s5_la4/data-fmllr-tri3/train/data/feats_fmllr_train.2.ark:10780920
mrjm1_sx398 /nfs-share/xinchi/kaldi/egs/timit/s5_la4/data-fmllr-tri3/train/data/feats_fmllr_train.9.ark:2440326
mljc0_sx325 /nfs-share/xinchi/kaldi/egs/timit/s5_la4/data-fmllr-tri3/train/data/feats_fmllr_train.7.ark:11196786
mdbb1_sx16 /nfs-share/xinchi/kaldi/egs/timit/s5_la4/data-fmllr-tri3/train/data/feats_fmllr_train.4.ark:15305119
fskc0_sx246 /nfs-share/xinchi/kaldi/egs/timit/s5_la4/data-fmllr-tri3/train/data/feats_fmllr_train.3.ark:10161386
mbef0_sx381 /nfs-share/xinchi/kaldi/egs/timit/s5_la4/data-fmllr-tri3/train/data/feats_fmllr_train.4.ark:4754169
mclk0_sx400 /nfs-share/xinchi/kaldi/egs/timit/s5_la4/data-fmllr-tri3/train/data/feats_fmllr_train.4.ark:11725433
msmr0_sx235 /nfs-share/xinchi/kaldi/egs/timit/s5_la4/data-fmllr-tri3/train/data/feats_fmllr_train.9.ark:16433025
mrws0_sx202 /nfs-share/xinchi/kaldi/egs/timit/s5_la4/data-fmllr-tri3/train/data/feats_fmllr_train.9.ark:10555206
fdkn0_sx181 /nfs-share/xinchi/kaldi/egs/timit/s5_la4/data-fmllr-tri3/train/data/feats_fmllr_train.1.ark:10997852
mrkm0_sx367 /nfs-share/xinchi/kaldi/egs/timit/s5_la4/data-fmllr-tri3/train/data/feats_fmllr_train.9.ark:3223427
mrjh0_si1519 /nfs-share/xinchi/kaldi/egs/timit/s5_la4/data-fmllr-tri3/train/data/feats_fmllr_train.9.ark:1237303
mgrp0_si687 /nfs-share/xinchi/kaldi/egs/timit/s5_la4/data-fmllr-tri3/train/data/feats_fmllr_train.6.ark:1984515
mter0_sx437 /nfs-share/xinchi/kaldi/egs/timit/s5_la4/data-fmllr-tri3/train/data/feats_fmllr_train.10.ark:3977809
mkjo0_sx424 /nfs-share/xinchi/kaldi/egs/timit/s5_la4/data-fmllr-tri3/train/data/feats_fmllr_train.7.ark:7349653
mjrk0_sx340 /nfs-share/xinchi/kaldi/egs/timit/s5_la4/data-fmllr-tri3/train/data/feats_fmllr_train.7.ark:996424
mgsh0_sx6 /nfs-share/xinchi/kaldi/egs/timit/s5_la4/data-fmllr-tri3/train/data/feats_fmllr_train.6.ark:2620678
mrml0_si791 /nfs-share/xinchi/kaldi/egs/timit/s5_la4/data-fmllr-tri3/train/data/feats_fmllr_train.9.ark:6372180
mdks0_sx166 /nfs-share/xinchi/kaldi/egs/timit/s5_la4/data-fmllr-tri3/train/data/feats_fmllr_train.5.ark:2037341
mlel0_si616 /nfs-share/xinchi/kaldi/egs/timit/s5_la4/data-fmllr-tri3/train/data/feats_fmllr_train.7.ark:10587368
mmds0_sx353 /nfs-share/xinchi/kaldi/egs/timit/s5_la4/data-fmllr-tri3/train/data/feats_fmllr_train.7.ark:17209002
mctm0_sx180 /nfs-share/xinchi/kaldi/egs/timit/s5_la4/data-fmllr-tri3/train/data/feats_fmllr_train.4.ark:13776707
fskc0_sx66 /nfs-share/xinchi/kaldi/egs/timit/s5_la4/data-fmllr-tri3/train/data/feats_fmllr_train.3.ark:10309146
mtkd0_sx287 /nfs-share/xinchi/kaldi/egs/timit/s5_la4/data-fmllr-tri3/train/data/feats_fmllr_train.10.ark:5980173
mrmg0_sx180 /nfs-share/xinchi/kaldi/egs/timit/s5_la4/data-fmllr-tri3/train/data/feats_fmllr_train.9.ark:5658972
mtcs0_sx82 /nfs-share/xinchi/kaldi/egs/timit/s5_la4/data-fmllr-tri3/train/data/feats_fmllr_train.10.ark:2785024
mmgc0_sx45 /nfs-share/xinchi/kaldi/egs/timit/s5_la4/data-fmllr-tri3/train/data/feats_fmllr_train.8.ark:313163
mcpm0_sx204 /nfs-share/xinchi/kaldi/egs/timit/s5_la4/data-fmllr-tri3/train/data/feats_fmllr_train.4.ark:12316827
mbth0_sx302 /nfs-share/xinchi/kaldi/egs/timit/s5_la4/data-fmllr-tri3/train/data/feats_fmllr_train.4.ark:7567051
mbcg0_si486 /nfs-share/xinchi/kaldi/egs/timit/s5_la4/data-fmllr-tri3/train/data/feats_fmllr_train.4.ark:4155871
mfxs0_si1674 /nfs-share/xinchi/kaldi/egs/timit/s5_la4/data-fmllr-tri3/train/data/feats_fmllr_train.5.ark:15497229
mtrr0_sx108 /nfs-share/xinchi/kaldi/egs/timit/s5_la4/data-fmllr-tri3/train/data/feats_fmllr_train.10.ark:10950114
mreh1_si2229 /nfs-share/xinchi/kaldi/egs/timit/s5_la4/data-fmllr-tri3/train/data/feats_fmllr_train.8.ark:15599284
mntw0_sx78 /nfs-share/xinchi/kaldi/egs/timit/s5_la4/data-fmllr-tri3/train/data/feats_fmllr_train.8.ark:5697640
mtas0_si2015 /nfs-share/xinchi/kaldi/egs/timit/s5_la4/data-fmllr-tri3/train/data/feats_fmllr_train.10.ark:993915
mkam0_sx326 /nfs-share/xinchi/kaldi/egs/timit/s5_la4/data-fmllr-tri3/train/data/feats_fmllr_train.7.ark:5416570
fntb0_si573 /nfs-share/xinchi/kaldi/egs/timit/s5_la4/data-fmllr-tri3/train/data/feats_fmllr_train.3.ark:417537
mtab0_si2202 /nfs-share/xinchi/kaldi/egs/timit/s5_la4/data-fmllr-tri3/train/data/feats_fmllr_train.10.ark:567618
fdnc0_si2287 /nfs-share/xinchi/kaldi/egs/timit/s5_la4/data-fmllr-tri3/train/data/feats_fmllr_train.1.ark:12303437
fpab1_si841 /nfs-share/xinchi/kaldi/egs/timit/s5_la4/data-fmllr-tri3/train/data/feats_fmllr_train.3.ark:872501
mefg0_sx15 /nfs-share/xinchi/kaldi/egs/timit/s5_la4/data-fmllr-tri3/train/data/feats_fmllr_train.5.ark:11646473
mtrt0_si1227 /nfs-share/xinchi/kaldi/egs/timit/s5_la4/data-fmllr-tri3/train/data/feats_fmllr_train.10.ark:11187849
fcaj0_sx129 /nfs-share/xinchi/kaldi/egs/timit/s5_la4/data-fmllr-tri3/train/data/feats_fmllr_train.1.ark:5348513
mbma0_sx412 /nfs-share/xinchi/kaldi/egs/timit/s5_la4/data-fmllr-tri3/train/data/feats_fmllr_train.4.ark:5824234
mtat0_sx210 /nfs-share/xinchi/kaldi/egs/timit/s5_la4/data-fmllr-tri3/train/data/feats_fmllr_train.10.ark:1480133
meal0_sx287 /nfs-share/xinchi/kaldi/egs/timit/s5_la4/data-fmllr-tri3/train/data/feats_fmllr_train.5.ark:10946708
makr0_sx182 /nfs-share/xinchi/kaldi/egs/timit/s5_la4/data-fmllr-tri3/train/data/feats_fmllr_train.4.ark:2070463
msas0_sx296 /nfs-share/xinchi/kaldi/egs/timit/s5_la4/data-fmllr-tri3/train/data/feats_fmllr_train.9.ark:11770951
mdjm0_si1455 /nfs-share/xinchi/kaldi/egs/timit/s5_la4/data-fmllr-tri3/train/data/feats_fmllr_train.5.ark:1555441
mvjh0_sx386 /nfs-share/xinchi/kaldi/egs/timit/s5_la4/data-fmllr-tri3/train/data/feats_fmllr_train.10.ark:12665970
mklr0_si1689 /nfs-share/xinchi/kaldi/egs/timit/s5_la4/data-fmllr-tri3/train/data/feats_fmllr_train.7.ark:7925179
mgag0_si1321 /nfs-share/xinchi/kaldi/egs/timit/s5_la4/data-fmllr-tri3/train/data/feats_fmllr_train.5.ark:16573402
mrav0_si1008 /nfs-share/xinchi/kaldi/egs/timit/s5_la4/data-fmllr-tri3/train/data/feats_fmllr_train.8.ark:12512557
flma0_si613 /nfs-share/xinchi/kaldi/egs/timit/s5_la4/data-fmllr-tri3/train/data/feats_fmllr_train.2.ark:12567283
frjb0_si1794 /nfs-share/xinchi/kaldi/egs/timit/s5_la4/data-fmllr-tri3/train/data/feats_fmllr_train.3.ark:4418454
faem0_si1392 /nfs-share/xinchi/kaldi/egs/timit/s5_la4/data-fmllr-tri3/train/data/feats_fmllr_train.1.ark:13
mjlg1_si1012 /nfs-share/xinchi/kaldi/egs/timit/s5_la4/data-fmllr-tri3/train/data/feats_fmllr_train.6.ark:14302757
mzmb0_si536 /nfs-share/xinchi/kaldi/egs/timit/s5_la4/data-fmllr-tri3/train/data/feats_fmllr_train.10.ark:17687756
mmgg0_sx179 /nfs-share/xinchi/kaldi/egs/timit/s5_la4/data-fmllr-tri3/train/data/feats_fmllr_train.8.ark:498234
mtpg0_si2013 /nfs-share/xinchi/kaldi/egs/timit/s5_la4/data-fmllr-tri3/train/data/feats_fmllr_train.10.ark:8868816
mtab0_sx402 /nfs-share/xinchi/kaldi/egs/timit/s5_la4/data-fmllr-tri3/train/data/feats_fmllr_train.10.ark:850313
mmbs0_si1151 /nfs-share/xinchi/kaldi/egs/timit/s5_la4/data-fmllr-tri3/train/data/feats_fmllr_train.7.ark:14666924
mtas0_sx125 /nfs-share/xinchi/kaldi/egs/timit/s5_la4/data-fmllr-tri3/train/data/feats_fmllr_train.10.ark:1057809
mesg0_sx252 /nfs-share/xinchi/kaldi/egs/timit/s5_la4/data-fmllr-tri3/train/data/feats_fmllr_train.5.ark:13172620
mfxs0_sx144 /nfs-share/xinchi/kaldi/egs/timit/s5_la4/data-fmllr-tri3/train/data/feats_fmllr_train.5.ark:15603072
mtbc0_sx93 /nfs-share/xinchi/kaldi/egs/timit/s5_la4/data-fmllr-tri3/train/data/feats_fmllr_train.10.ark:2410567
fpmy0_sx73 /nfs-share/xinchi/kaldi/egs/timit/s5_la4/data-fmllr-tri3/train/data/feats_fmllr_train.3.ark:3959913
fdaw0_si1271 /nfs-share/xinchi/kaldi/egs/timit/s5_la4/data-fmllr-tri3/train/data/feats_fmllr_train.1.ark:9731036
fjsk0_sx152 /nfs-share/xinchi/kaldi/egs/timit/s5_la4/data-fmllr-tri3/train/data/feats_fmllr_train.2.ark:3409036
mpmb0_sx241 /nfs-share/xinchi/kaldi/egs/timit/s5_la4/data-fmllr-tri3/train/data/feats_fmllr_train.8.ark:8248839
fjkl0_sx32 /nfs-share/xinchi/kaldi/egs/timit/s5_la4/data-fmllr-tri3/train/data/feats_fmllr_train.2.ark:1523389
fkkh0_sx210 /nfs-share/xinchi/kaldi/egs/timit/s5_la4/data-fmllr-tri3/train/data/feats_fmllr_train.2.ark:7140936
fhxs0_sx175 /nfs-share/xinchi/kaldi/egs/timit/s5_la4/data-fmllr-tri3/train/data/feats_fmllr_train.1.ark:18588164
mrjb1_si1413 /nfs-share/xinchi/kaldi/egs/timit/s5_la4/data-fmllr-tri3/train/data/feats_fmllr_train.9.ark:841273
mrjh0_si914 /nfs-share/xinchi/kaldi/egs/timit/s5_la4/data-fmllr-tri3/train/data/feats_fmllr_train.9.ark:1389197
mfwk0_sx259 /nfs-share/xinchi/kaldi/egs/timit/s5_la4/data-fmllr-tri3/train/data/feats_fmllr_train.5.ark:15288961
mreh1_sx339 /nfs-share/xinchi/kaldi/egs/timit/s5_la4/data-fmllr-tri3/train/data/feats_fmllr_train.8.ark:15812512
mljh0_sx154 /nfs-share/xinchi/kaldi/egs/timit/s5_la4/data-fmllr-tri3/train/data/feats_fmllr_train.7.ark:11557909
mrbc0_si599 /nfs-share/xinchi/kaldi/egs/timit/s5_la4/data-fmllr-tri3/train/data/feats_fmllr_train.8.ark:12936990
mdss0_sx441 /nfs-share/xinchi/kaldi/egs/timit/s5_la4/data-fmllr-tri3/train/data/feats_fmllr_train.5.ark:8825912
fbch0_sx56 /nfs-share/xinchi/kaldi/egs/timit/s5_la4/data-fmllr-tri3/train/data/feats_fmllr_train.1.ark:3228117
mkln0_si2228 /nfs-share/xinchi/kaldi/egs/timit/s5_la4/data-fmllr-tri3/train/data/feats_fmllr_train.7.ark:7546882
fpjf0_si1259 /nfs-share/xinchi/kaldi/egs/timit/s5_la4/data-fmllr-tri3/train/data/feats_fmllr_train.3.ark:2873239
mdlb0_sx46 /nfs-share/xinchi/kaldi/egs/timit/s5_la4/data-fmllr-tri3/train/data/feats_fmllr_train.5.ark:2741985
mcae0_sx277 /nfs-share/xinchi/kaldi/egs/timit/s5_la4/data-fmllr-tri3/train/data/feats_fmllr_train.4.ark:8387938
mchl0_sx87 /nfs-share/xinchi/kaldi/egs/timit/s5_la4/data-fmllr-tri3/train/data/feats_fmllr_train.4.ark:11327936
fsdj0_sx395 /nfs-share/xinchi/kaldi/egs/timit/s5_la4/data-fmllr-tri3/train/data/feats_fmllr_train.3.ark:7872484
mkxl0_si1958 /nfs-share/xinchi/kaldi/egs/timit/s5_la4/data-fmllr-tri3/train/data/feats_fmllr_train.7.ark:9866134
mmdm1_sx333 /nfs-share/xinchi/kaldi/egs/timit/s5_la4/data-fmllr-tri3/train/data/feats_fmllr_train.7.ark:16848465
mrds0_sx357 /nfs-share/xinchi/kaldi/egs/timit/s5_la4/data-fmllr-tri3/train/data/feats_fmllr_train.8.ark:15008237
marw0_sx16 /nfs-share/xinchi/kaldi/egs/timit/s5_la4/data-fmllr-tri3/train/data/feats_fmllr_train.4.ark:3135300
mbgt0_sx171 /nfs-share/xinchi/kaldi/egs/timit/s5_la4/data-fmllr-tri3/train/data/feats_fmllr_train.4.ark:4937479
mtrc0_sx183 /nfs-share/xinchi/kaldi/egs/timit/s5_la4/data-fmllr-tri3/train/data/feats_fmllr_train.10.ark:10667364
fdml0_si2075 /nfs-share/xinchi/kaldi/egs/timit/s5_la4/data-fmllr-tri3/train/data/feats_fmllr_train.1.ark:11379483
fklc1_si1678 /nfs-share/xinchi/kaldi/egs/timit/s5_la4/data-fmllr-tri3/train/data/feats_fmllr_train.2.ark:7782569
mtkd0_sx197 /nfs-share/xinchi/kaldi/egs/timit/s5_la4/data-fmllr-tri3/train/data/feats_fmllr_train.10.ark:5938066
mmeb0_si727 /nfs-share/xinchi/kaldi/egs/timit/s5_la4/data-fmllr-tri3/train/data/feats_fmllr_train.7.ark:17750315
mtxs0_si1060 /nfs-share/xinchi/kaldi/egs/timit/s5_la4/data-fmllr-tri3/train/data/feats_fmllr_train.10.ark:11883803
mgaw0_sx175 /nfs-share/xinchi/kaldi/egs/timit/s5_la4/data-fmllr-tri3/train/data/feats_fmllr_train.6.ark:549753
flod0_sx207 /nfs-share/xinchi/kaldi/egs/timit/s5_la4/data-fmllr-tri3/train/data/feats_fmllr_train.2.ark:13827376
mljh0_sx424 /nfs-share/xinchi/kaldi/egs/timit/s5_la4/data-fmllr-tri3/train/data/feats_fmllr_train.7.ark:11725830
mlel0_sx256 /nfs-share/xinchi/kaldi/egs/timit/s5_la4/data-fmllr-tri3/train/data/feats_fmllr_train.7.ark:10730782
fpab1_sx121 /nfs-share/xinchi/kaldi/egs/timit/s5_la4/data-fmllr-tri3/train/data/feats_fmllr_train.3.ark:950288
falr0_sx245 /nfs-share/xinchi/kaldi/egs/timit/s5_la4/data-fmllr-tri3/train/data/feats_fmllr_train.1.ark:1396288
mtjs0_sx202 /nfs-share/xinchi/kaldi/egs/timit/s5_la4/data-fmllr-tri3/train/data/feats_fmllr_train.10.ark:5111366
mjfh0_si477 /nfs-share/xinchi/kaldi/egs/timit/s5_la4/data-fmllr-tri3/train/data/feats_fmllr_train.6.ark:11298996
fjdm2_si1582 /nfs-share/xinchi/kaldi/egs/timit/s5_la4/data-fmllr-tri3/train/data/feats_fmllr_train.2.ark:13
msas0_si746 /nfs-share/xinchi/kaldi/egs/timit/s5_la4/data-fmllr-tri3/train/data/feats_fmllr_train.9.ark:11557084
mtat0_sx30 /nfs-share/xinchi/kaldi/egs/timit/s5_la4/data-fmllr-tri3/train/data/feats_fmllr_train.10.ark:1514559
mree0_sx294 /nfs-share/xinchi/kaldi/egs/timit/s5_la4/data-fmllr-tri3/train/data/feats_fmllr_train.8.ark:15441921
mdmt0_si572 /nfs-share/xinchi/kaldi/egs/timit/s5_la4/data-fmllr-tri3/train/data/feats_fmllr_train.5.ark:5973245
mbth0_sx32 /nfs-share/xinchi/kaldi/egs/timit/s5_la4/data-fmllr-tri3/train/data/feats_fmllr_train.4.ark:7612197
mmaa0_si2105 /nfs-share/xinchi/kaldi/egs/timit/s5_la4/data-fmllr-tri3/train/data/feats_fmllr_train.7.ark:12662826
feme0_si2135 /nfs-share/xinchi/kaldi/egs/timit/s5_la4/data-fmllr-tri3/train/data/feats_fmllr_train.1.ark:15042850
flja0_sx358 /nfs-share/xinchi/kaldi/egs/timit/s5_la4/data-fmllr-tri3/train/data/feats_fmllr_train.2.ark:11051777
fcjs0_si977 /nfs-share/xinchi/kaldi/egs/timit/s5_la4/data-fmllr-tri3/train/data/feats_fmllr_train.1.ark:6753674
mmdg0_sx340 /nfs-share/xinchi/kaldi/egs/timit/s5_la4/data-fmllr-tri3/train/data/feats_fmllr_train.7.ark:16099231
mrai0_sx342 /nfs-share/xinchi/kaldi/egs/timit/s5_la4/data-fmllr-tri3/train/data/feats_fmllr_train.8.ark:11978338
madc0_si1997 /nfs-share/xinchi/kaldi/egs/timit/s5_la4/data-fmllr-tri3/train/data/feats_fmllr_train.3.ark:17247989
mrhl0_sx165 /nfs-share/xinchi/kaldi/egs/timit/s5_la4/data-fmllr-tri3/train/data/feats_fmllr_train.9.ark:563830
mmeb0_sx367 /nfs-share/xinchi/kaldi/egs/timit/s5_la4/data-fmllr-tri3/train/data/feats_fmllr_train.7.ark:17883676
mdns0_sx111 /nfs-share/xinchi/kaldi/egs/timit/s5_la4/data-fmllr-tri3/train/data/feats_fmllr_train.5.ark:6466449
fskp0_sx288 /nfs-share/xinchi/kaldi/egs/timit/s5_la4/data-fmllr-tri3/train/data/feats_fmllr_train.3.ark:11003793
mjjj0_si533 /nfs-share/xinchi/kaldi/egs/timit/s5_la4/data-fmllr-tri3/train/data/feats_fmllr_train.6.ark:12855704
mwar0_sx325 /nfs-share/xinchi/kaldi/egs/timit/s5_la4/data-fmllr-tri3/train/data/feats_fmllr_train.10.ark:14414204
fsjg0_si2200 /nfs-share/xinchi/kaldi/egs/timit/s5_la4/data-fmllr-tri3/train/data/feats_fmllr_train.3.ark:8355317
mjsr0_sx344 /nfs-share/xinchi/kaldi/egs/timit/s5_la4/data-fmllr-tri3/train/data/feats_fmllr_train.7.ark:1792698
mrjm0_sx418 /nfs-share/xinchi/kaldi/egs/timit/s5_la4/data-fmllr-tri3/train/data/feats_fmllr_train.9.ark:1985523
fsrh0_sx221 /nfs-share/xinchi/kaldi/egs/timit/s5_la4/data-fmllr-tri3/train/data/feats_fmllr_train.3.ark:13264403
fskl0_sx179 /nfs-share/xinchi/kaldi/egs/timit/s5_la4/data-fmllr-tri3/train/data/feats_fmllr_train.3.ark:10502216
mmdm0_si1941 /nfs-share/xinchi/kaldi/egs/timit/s5_la4/data-fmllr-tri3/train/data/feats_fmllr_train.7.ark:16319660
mjeb0_si1286 /nfs-share/xinchi/kaldi/egs/timit/s5_la4/data-fmllr-tri3/train/data/feats_fmllr_train.6.ark:10042290
mpar0_si2206 /nfs-share/xinchi/kaldi/egs/timit/s5_la4/data-fmllr-tri3/train/data/feats_fmllr_train.8.ark:5763936
mprb0_sx125 /nfs-share/xinchi/kaldi/egs/timit/s5_la4/data-fmllr-tri3/train/data/feats_fmllr_train.8.ark:9127006
mdrd0_sx212 /nfs-share/xinchi/kaldi/egs/timit/s5_la4/data-fmllr-tri3/train/data/feats_fmllr_train.5.ark:7995664
fscn0_si1886 /nfs-share/xinchi/kaldi/egs/timit/s5_la4/data-fmllr-tri3/train/data/feats_fmllr_train.3.ark:6762261
mcal0_si1138 /nfs-share/xinchi/kaldi/egs/timit/s5_la4/data-fmllr-tri3/train/data/feats_fmllr_train.4.ark:8609644
mtjg0_si2157 /nfs-share/xinchi/kaldi/egs/timit/s5_la4/data-fmllr-tri3/train/data/feats_fmllr_train.10.ark:4119491
mctm0_sx360 /nfs-share/xinchi/kaldi/egs/timit/s5_la4/data-fmllr-tri3/train/data/feats_fmllr_train.4.ark:13857721
medr0_si744 /nfs-share/xinchi/kaldi/egs/timit/s5_la4/data-fmllr-tri3/train/data/feats_fmllr_train.5.ark:11182685
mdwm0_si2176 /nfs-share/xinchi/kaldi/egs/timit/s5_la4/data-fmllr-tri3/train/data/feats_fmllr_train.5.ark:10437103
mjxa0_si2137 /nfs-share/xinchi/kaldi/egs/timit/s5_la4/data-fmllr-tri3/train/data/feats_fmllr_train.7.ark:3309617
mhit0_sx263 /nfs-share/xinchi/kaldi/egs/timit/s5_la4/data-fmllr-tri3/train/data/feats_fmllr_train.6.ark:4126608
mtpf0_sx425 /nfs-share/xinchi/kaldi/egs/timit/s5_la4/data-fmllr-tri3/train/data/feats_fmllr_train.10.ark:8751774
mjmm0_sx265 /nfs-share/xinchi/kaldi/egs/timit/s5_la4/data-fmllr-tri3/train/data/feats_fmllr_train.6.ark:15956216
mjee0_sx427 /nfs-share/xinchi/kaldi/egs/timit/s5_la4/data-fmllr-tri3/train/data/feats_fmllr_train.6.ark:11111687
fmju0_sx219 /nfs-share/xinchi/kaldi/egs/timit/s5_la4/data-fmllr-tri3/train/data/feats_fmllr_train.2.ark:16542468
fblv0_si1058 /nfs-share/xinchi/kaldi/egs/timit/s5_la4/data-fmllr-tri3/train/data/feats_fmllr_train.1.ark:3664362
mjrh0_sx135 /nfs-share/xinchi/kaldi/egs/timit/s5_la4/data-fmllr-tri3/train/data/feats_fmllr_train.7.ark:164736
mmws0_si1518 /nfs-share/xinchi/kaldi/egs/timit/s5_la4/data-fmllr-tri3/train/data/feats_fmllr_train.8.ark:3940266
megj0_sx77 /nfs-share/xinchi/kaldi/egs/timit/s5_la4/data-fmllr-tri3/train/data/feats_fmllr_train.5.ark:12207569
falk0_sx96 /nfs-share/xinchi/kaldi/egs/timit/s5_la4/data-fmllr-tri3/train/data/feats_fmllr_train.1.ark:1160151
mtpp0_sx248 /nfs-share/xinchi/kaldi/egs/timit/s5_la4/data-fmllr-tri3/train/data/feats_fmllr_train.10.ark:9338874
fpls0_sx60 /nfs-share/xinchi/kaldi/egs/timit/s5_la4/data-fmllr-tri3/train/data/feats_fmllr_train.3.ark:3512016
mtat0_sx300 /nfs-share/xinchi/kaldi/egs/timit/s5_la4/data-fmllr-tri3/train/data/feats_fmllr_train.10.ark:1542586
fksr0_sx217 /nfs-share/xinchi/kaldi/egs/timit/s5_la4/data-fmllr-tri3/train/data/feats_fmllr_train.2.ark:8679245
feeh0_sx302 /nfs-share/xinchi/kaldi/egs/timit/s5_la4/data-fmllr-tri3/train/data/feats_fmllr_train.1.ark:14851381
fsjw0_sx73 /nfs-share/xinchi/kaldi/egs/timit/s5_la4/data-fmllr-tri3/train/data/feats_fmllr_train.3.ark:9944449
mcal0_sx418 /nfs-share/xinchi/kaldi/egs/timit/s5_la4/data-fmllr-tri3/train/data/feats_fmllr_train.4.ark:8864367
mcew0_sx362 /nfs-share/xinchi/kaldi/egs/timit/s5_la4/data-fmllr-tri3/train/data/feats_fmllr_train.4.ark:10784625
mclm0_sx16 /nfs-share/xinchi/kaldi/egs/timit/s5_la4/data-fmllr-tri3/train/data/feats_fmllr_train.4.ark:11952449
mjpm1_sx131 /nfs-share/xinchi/kaldi/egs/timit/s5_la4/data-fmllr-tri3/train/data/feats_fmllr_train.6.ark:16957160
mkdt0_si2153 /nfs-share/xinchi/kaldi/egs/timit/s5_la4/data-fmllr-tri3/train/data/feats_fmllr_train.7.ark:6322364
fspm0_si1241 /nfs-share/xinchi/kaldi/egs/timit/s5_la4/data-fmllr-tri3/train/data/feats_fmllr_train.3.ark:12696077
feme0_sx155 /nfs-share/xinchi/kaldi/egs/timit/s5_la4/data-fmllr-tri3/train/data/feats_fmllr_train.1.ark:15155704
msjk0_si966 /nfs-share/xinchi/kaldi/egs/timit/s5_la4/data-fmllr-tri3/train/data/feats_fmllr_train.9.ark:15525498
mrlj1_sx141 /nfs-share/xinchi/kaldi/egs/timit/s5_la4/data-fmllr-tri3/train/data/feats_fmllr_train.9.ark:4197623
mmdm0_sx321 /nfs-share/xinchi/kaldi/egs/timit/s5_la4/data-fmllr-tri3/train/data/feats_fmllr_train.7.ark:16464728
mgrl0_si2127 /nfs-share/xinchi/kaldi/egs/timit/s5_la4/data-fmllr-tri3/train/data/feats_fmllr_train.6.ark:1544751
fpab1_sx301 /nfs-share/xinchi/kaldi/egs/timit/s5_la4/data-fmllr-tri3/train/data/feats_fmllr_train.3.ark:1059302
mtas0_sx35 /nfs-share/xinchi/kaldi/egs/timit/s5_la4/data-fmllr-tri3/train/data/feats_fmllr_train.10.ark:1167489
mgrp0_si1947 /nfs-share/xinchi/kaldi/egs/timit/s5_la4/data-fmllr-tri3/train/data/feats_fmllr_train.6.ark:1944808
fmem0_sx333 /nfs-share/xinchi/kaldi/egs/timit/s5_la4/data-fmllr-tri3/train/data/feats_fmllr_train.2.ark:15384272
mjhi0_si1328 /nfs-share/xinchi/kaldi/egs/timit/s5_la4/data-fmllr-tri3/train/data/feats_fmllr_train.6.ark:11946575
mljh0_si694 /nfs-share/xinchi/kaldi/egs/timit/s5_la4/data-fmllr-tri3/train/data/feats_fmllr_train.7.ark:11485562
mmxs0_sx336 /nfs-share/xinchi/kaldi/egs/timit/s5_la4/data-fmllr-tri3/train/data/feats_fmllr_train.8.ark:4831234
fjwb1_sx165 /nfs-share/xinchi/kaldi/egs/timit/s5_la4/data-fmllr-tri3/train/data/feats_fmllr_train.2.ark:4187869
mdns0_si1011 /nfs-share/xinchi/kaldi/egs/timit/s5_la4/data-fmllr-tri3/train/data/feats_fmllr_train.5.ark:6279327
fbjl0_si1552 /nfs-share/xinchi/kaldi/egs/timit/s5_la4/data-fmllr-tri3/train/data/feats_fmllr_train.1.ark:3276465
fspm0_sx431 /nfs-share/xinchi/kaldi/egs/timit/s5_la4/data-fmllr-tri3/train/data/feats_fmllr_train.3.ark:13040880
mjmm0_sx175 /nfs-share/xinchi/kaldi/egs/timit/s5_la4/data-fmllr-tri3/train/data/feats_fmllr_train.6.ark:15890909
frll0_si805 /nfs-share/xinchi/kaldi/egs/timit/s5_la4/data-fmllr-tri3/train/data/feats_fmllr_train.3.ark:4743443
mpar0_sx226 /nfs-share/xinchi/kaldi/egs/timit/s5_la4/data-fmllr-tri3/train/data/feats_fmllr_train.8.ark:5915217
mmrp0_sx324 /nfs-share/xinchi/kaldi/egs/timit/s5_la4/data-fmllr-tri3/train/data/feats_fmllr_train.8.ark:2378413
msds0_si1707 /nfs-share/xinchi/kaldi/egs/timit/s5_la4/data-fmllr-tri3/train/data/feats_fmllr_train.9.ark:13282464
fjkl0_si2192 /nfs-share/xinchi/kaldi/egs/timit/s5_la4/data-fmllr-tri3/train/data/feats_fmllr_train.2.ark:1267415
mrlr0_si1826 /nfs-share/xinchi/kaldi/egs/timit/s5_la4/data-fmllr-tri3/train/data/feats_fmllr_train.9.ark:4853363
mded0_si540 /nfs-share/xinchi/kaldi/egs/timit/s5_la4/data-fmllr-tri3/train/data/feats_fmllr_train.4.ark:17098471
mdlb0_sx226 /nfs-share/xinchi/kaldi/egs/timit/s5_la4/data-fmllr-tri3/train/data/feats_fmllr_train.5.ark:2562865
mrpc1_sx42 /nfs-share/xinchi/kaldi/egs/timit/s5_la4/data-fmllr-tri3/train/data/feats_fmllr_train.9.ark:7385070
mrmb0_sx141 /nfs-share/xinchi/kaldi/egs/timit/s5_la4/data-fmllr-tri3/train/data/feats_fmllr_train.9.ark:5289954
mljh0_sx244 /nfs-share/xinchi/kaldi/egs/timit/s5_la4/data-fmllr-tri3/train/data/feats_fmllr_train.7.ark:11610896
fbch0_sx146 /nfs-share/xinchi/kaldi/egs/timit/s5_la4/data-fmllr-tri3/train/data/feats_fmllr_train.1.ark:3030250
fbcg1_sx82 /nfs-share/xinchi/kaldi/egs/timit/s5_la4/data-fmllr-tri3/train/data/feats_fmllr_train.1.ark:2808221
mjws0_sx423 /nfs-share/xinchi/kaldi/egs/timit/s5_la4/data-fmllr-tri3/train/data/feats_fmllr_train.7.ark:2713158
maeo0_sx246 /nfs-share/xinchi/kaldi/egs/timit/s5_la4/data-fmllr-tri3/train/data/feats_fmllr_train.4.ark:561140
mjae0_sx444 /nfs-share/xinchi/kaldi/egs/timit/s5_la4/data-fmllr-tri3/train/data/feats_fmllr_train.6.ark:7141836
mtpg0_si1383 /nfs-share/xinchi/kaldi/egs/timit/s5_la4/data-fmllr-tri3/train/data/feats_fmllr_train.10.ark:8808948
mmgg0_si1709 /nfs-share/xinchi/kaldi/egs/timit/s5_la4/data-fmllr-tri3/train/data/feats_fmllr_train.8.ark:428579
mdlc2_sx264 /nfs-share/xinchi/kaldi/egs/timit/s5_la4/data-fmllr-tri3/train/data/feats_fmllr_train.5.ark:3739197
msat1_sx353 /nfs-share/xinchi/kaldi/egs/timit/s5_la4/data-fmllr-tri3/train/data/feats_fmllr_train.9.ark:12392160
feac0_si615 /nfs-share/xinchi/kaldi/egs/timit/s5_la4/data-fmllr-tri3/train/data/feats_fmllr_train.1.ark:13432569
fbas0_sx127 /nfs-share/xinchi/kaldi/egs/timit/s5_la4/data-fmllr-tri3/train/data/feats_fmllr_train.1.ark:2279417
msvs0_si938 /nfs-share/xinchi/kaldi/egs/timit/s5_la4/data-fmllr-tri3/train/data/feats_fmllr_train.10.ark:123908
fskp0_si1728 /nfs-share/xinchi/kaldi/egs/timit/s5_la4/data-fmllr-tri3/train/data/feats_fmllr_train.3.ark:10804939
mjxl0_sx362 /nfs-share/xinchi/kaldi/egs/timit/s5_la4/data-fmllr-tri3/train/data/feats_fmllr_train.7.ark:3842582
mesg0_si1962 /nfs-share/xinchi/kaldi/egs/timit/s5_la4/data-fmllr-tri3/train/data/feats_fmllr_train.5.ark:13020539
mtqc0_si480 /nfs-share/xinchi/kaldi/egs/timit/s5_la4/data-fmllr-tri3/train/data/feats_fmllr_train.10.ark:10112694
mtrc0_si1623 /nfs-share/xinchi/kaldi/egs/timit/s5_la4/data-fmllr-tri3/train/data/feats_fmllr_train.10.ark:10473976
mtpg0_sx213 /nfs-share/xinchi/kaldi/egs/timit/s5_la4/data-fmllr-tri3/train/data/feats_fmllr_train.10.ark:9004097
mvlo0_si517 /nfs-share/xinchi/kaldi/egs/timit/s5_la4/data-fmllr-tri3/train/data/feats_fmllr_train.10.ark:12786053
mtwh1_si2142 /nfs-share/xinchi/kaldi/egs/timit/s5_la4/data-fmllr-tri3/train/data/feats_fmllr_train.10.ark:11607934
fljd0_si886 /nfs-share/xinchi/kaldi/egs/timit/s5_la4/data-fmllr-tri3/train/data/feats_fmllr_train.2.ark:11318153
fdmy0_sx27 /nfs-share/xinchi/kaldi/egs/timit/s5_la4/data-fmllr-tri3/train/data/feats_fmllr_train.1.ark:11980899
mcdc0_si662 /nfs-share/xinchi/kaldi/egs/timit/s5_la4/data-fmllr-tri3/train/data/feats_fmllr_train.4.ark:9067356
fbcg1_si1612 /nfs-share/xinchi/kaldi/egs/timit/s5_la4/data-fmllr-tri3/train/data/feats_fmllr_train.1.ark:2469312
mbcg0_sx57 /nfs-share/xinchi/kaldi/egs/timit/s5_la4/data-fmllr-tri3/train/data/feats_fmllr_train.4.ark:4432192
mmam0_sx247 /nfs-share/xinchi/kaldi/egs/timit/s5_la4/data-fmllr-tri3/train/data/feats_fmllr_train.7.ark:14006279
mewm0_si1978 /nfs-share/xinchi/kaldi/egs/timit/s5_la4/data-fmllr-tri3/train/data/feats_fmllr_train.5.ark:13729611
fsmm0_si1944 /nfs-share/xinchi/kaldi/egs/timit/s5_la4/data-fmllr-tri3/train/data/feats_fmllr_train.3.ark:11939351
mrtj0_sx142 /nfs-share/xinchi/kaldi/egs/timit/s5_la4/data-fmllr-tri3/train/data/feats_fmllr_train.9.ark:9359648
fmju0_sx399 /nfs-share/xinchi/kaldi/egs/timit/s5_la4/data-fmllr-tri3/train/data/feats_fmllr_train.2.ark:16692948
mbml0_si1169 /nfs-share/xinchi/kaldi/egs/timit/s5_la4/data-fmllr-tri3/train/data/feats_fmllr_train.4.ark:6332185
mrxb0_sx325 /nfs-share/xinchi/kaldi/egs/timit/s5_la4/data-fmllr-tri3/train/data/feats_fmllr_train.9.ark:10968410
mewm0_sx448 /nfs-share/xinchi/kaldi/egs/timit/s5_la4/data-fmllr-tri3/train/data/feats_fmllr_train.5.ark:13941906
mmsm0_si476 /nfs-share/xinchi/kaldi/egs/timit/s5_la4/data-fmllr-tri3/train/data/feats_fmllr_train.8.ark:2678229
fpaf0_si1054 /nfs-share/xinchi/kaldi/egs/timit/s5_la4/data-fmllr-tri3/train/data/feats_fmllr_train.3.ark:2026057
mdlr0_sx63 /nfs-share/xinchi/kaldi/egs/timit/s5_la4/data-fmllr-tri3/train/data/feats_fmllr_train.5.ark:5017047
mjls0_sx376 /nfs-share/xinchi/kaldi/egs/timit/s5_la4/data-fmllr-tri3/train/data/feats_fmllr_train.6.ark:15009724
mrds0_sx87 /nfs-share/xinchi/kaldi/egs/timit/s5_la4/data-fmllr-tri3/train/data/feats_fmllr_train.8.ark:15095490
fexm0_sx291 /nfs-share/xinchi/kaldi/egs/timit/s5_la4/data-fmllr-tri3/train/data/feats_fmllr_train.1.ark:16080032
fjhk0_sx392 /nfs-share/xinchi/kaldi/egs/timit/s5_la4/data-fmllr-tri3/train/data/feats_fmllr_train.2.ark:1201919
mbml0_sx179 /nfs-share/xinchi/kaldi/egs/timit/s5_la4/data-fmllr-tri3/train/data/feats_fmllr_train.4.ark:6450667
fskl0_si1529 /nfs-share/xinchi/kaldi/egs/timit/s5_la4/data-fmllr-tri3/train/data/feats_fmllr_train.3.ark:10349654
mrfk0_sx176 /nfs-share/xinchi/kaldi/egs/timit/s5_la4/data-fmllr-tri3/train/data/feats_fmllr_train.8.ark:16839989
mcdd0_si883 /nfs-share/xinchi/kaldi/egs/timit/s5_la4/data-fmllr-tri3/train/data/feats_fmllr_train.4.ark:9425173
mbar0_sx419 /nfs-share/xinchi/kaldi/egs/timit/s5_la4/data-fmllr-tri3/train/data/feats_fmllr_train.4.ark:3675572
mjrg0_sx106 /nfs-share/xinchi/kaldi/egs/timit/s5_la4/data-fmllr-tri3/train/data/feats_fmllr_train.6.ark:17754074
fgdp0_si2248 /nfs-share/xinchi/kaldi/egs/timit/s5_la4/data-fmllr-tri3/train/data/feats_fmllr_train.1.ark:16642439
mmam0_si2227 /nfs-share/xinchi/kaldi/egs/timit/s5_la4/data-fmllr-tri3/train/data/feats_fmllr_train.7.ark:13944465
mbma0_si592 /nfs-share/xinchi/kaldi/egs/timit/s5_la4/data-fmllr-tri3/train/data/feats_fmllr_train.4.ark:5653726
mrvg0_sx150 /nfs-share/xinchi/kaldi/egs/timit/s5_la4/data-fmllr-tri3/train/data/feats_fmllr_train.9.ark:9782105
fclt0_sx358 /nfs-share/xinchi/kaldi/egs/timit/s5_la4/data-fmllr-tri3/train/data/feats_fmllr_train.1.ark:7644109
fjkl0_sx302 /nfs-share/xinchi/kaldi/egs/timit/s5_la4/data-fmllr-tri3/train/data/feats_fmllr_train.2.ark:1483203
mwsh0_sx76 /nfs-share/xinchi/kaldi/egs/timit/s5_la4/data-fmllr-tri3/train/data/feats_fmllr_train.10.ark:17537273
flhd0_si1344 /nfs-share/xinchi/kaldi/egs/timit/s5_la4/data-fmllr-tri3/train/data/feats_fmllr_train.2.ark:10420862
mdrd0_sx302 /nfs-share/xinchi/kaldi/egs/timit/s5_la4/data-fmllr-tri3/train/data/feats_fmllr_train.5.ark:8054091
mcdc0_si1292 /nfs-share/xinchi/kaldi/egs/timit/s5_la4/data-fmllr-tri3/train/data/feats_fmllr_train.4.ark:8986501
mjma0_si865 /nfs-share/xinchi/kaldi/egs/timit/s5_la4/data-fmllr-tri3/train/data/feats_fmllr_train.6.ark:15175887
fgdp0_sx448 /nfs-share/xinchi/kaldi/egs/timit/s5_la4/data-fmllr-tri3/train/data/feats_fmllr_train.1.ark:16933294
mprk0_sx197 /nfs-share/xinchi/kaldi/egs/timit/s5_la4/data-fmllr-tri3/train/data/feats_fmllr_train.8.ark:10123013
frll0_sx344 /nfs-share/xinchi/kaldi/egs/timit/s5_la4/data-fmllr-tri3/train/data/feats_fmllr_train.3.ark:4964671
mjrp0_si585 /nfs-share/xinchi/kaldi/egs/timit/s5_la4/data-fmllr-tri3/train/data/feats_fmllr_train.7.ark:1208560
feac0_sx435 /nfs-share/xinchi/kaldi/egs/timit/s5_la4/data-fmllr-tri3/train/data/feats_fmllr_train.1.ark:13642117
fjxm0_si1211 /nfs-share/xinchi/kaldi/egs/timit/s5_la4/data-fmllr-tri3/train/data/feats_fmllr_train.2.ark:4400324
fsak0_sx40 /nfs-share/xinchi/kaldi/egs/timit/s5_la4/data-fmllr-tri3/train/data/feats_fmllr_train.3.ark:6244388
mppc0_sx422 /nfs-share/xinchi/kaldi/egs/timit/s5_la4/data-fmllr-tri3/train/data/feats_fmllr_train.8.ark:8830550
mchl0_si1404 /nfs-share/xinchi/kaldi/egs/timit/s5_la4/data-fmllr-tri3/train/data/feats_fmllr_train.4.ark:11056734
fsdc0_sx142 /nfs-share/xinchi/kaldi/egs/timit/s5_la4/data-fmllr-tri3/train/data/feats_fmllr_train.3.ark:7355680
mmgk0_si1952 /nfs-share/xinchi/kaldi/egs/timit/s5_la4/data-fmllr-tri3/train/data/feats_fmllr_train.8.ark:793277
mmea0_sx128 /nfs-share/xinchi/kaldi/egs/timit/s5_la4/data-fmllr-tri3/train/data/feats_fmllr_train.7.ark:17457805
fdml0_sx339 /nfs-share/xinchi/kaldi/egs/timit/s5_la4/data-fmllr-tri3/train/data/feats_fmllr_train.1.ark:11482124
fdaw0_sx326 /nfs-share/xinchi/kaldi/egs/timit/s5_la4/data-fmllr-tri3/train/data/feats_fmllr_train.1.ark:10006853
msem1_sx270 /nfs-share/xinchi/kaldi/egs/timit/s5_la4/data-fmllr-tri3/train/data/feats_fmllr_train.9.ark:13968203
msdb0_si1637 /nfs-share/xinchi/kaldi/egs/timit/s5_la4/data-fmllr-tri3/train/data/feats_fmllr_train.9.ark:12586189
mcdd0_si1513 /nfs-share/xinchi/kaldi/egs/timit/s5_la4/data-fmllr-tri3/train/data/feats_fmllr_train.4.ark:9348798
mrmh0_sx121 /nfs-share/xinchi/kaldi/egs/timit/s5_la4/data-fmllr-tri3/train/data/feats_fmllr_train.9.ark:6061430
fjen0_sx147 /nfs-share/xinchi/kaldi/egs/timit/s5_la4/data-fmllr-tri3/train/data/feats_fmllr_train.2.ark:571034
fjwb1_sx75 /nfs-share/xinchi/kaldi/egs/timit/s5_la4/data-fmllr-tri3/train/data/feats_fmllr_train.2.ark:4365896
fgrw0_sx162 /nfs-share/xinchi/kaldi/egs/timit/s5_la4/data-fmllr-tri3/train/data/feats_fmllr_train.1.ark:17686288
fsjs0_si1801 /nfs-share/xinchi/kaldi/egs/timit/s5_la4/data-fmllr-tri3/train/data/feats_fmllr_train.3.ark:9202311
flac0_sx451 /nfs-share/xinchi/kaldi/egs/timit/s5_la4/data-fmllr-tri3/train/data/feats_fmllr_train.2.ark:9123676
mabc0_si781 /nfs-share/xinchi/kaldi/egs/timit/s5_la4/data-fmllr-tri3/train/data/feats_fmllr_train.3.ark:16920439
mcew0_sx182 /nfs-share/xinchi/kaldi/egs/timit/s5_la4/data-fmllr-tri3/train/data/feats_fmllr_train.4.ark:10688731
mdlm0_sx244 /nfs-share/xinchi/kaldi/egs/timit/s5_la4/data-fmllr-tri3/train/data/feats_fmllr_train.5.ark:4502830
mcew0_si2072 /nfs-share/xinchi/kaldi/egs/timit/s5_la4/data-fmllr-tri3/train/data/feats_fmllr_train.4.ark:10537957
fsak0_si670 /nfs-share/xinchi/kaldi/egs/timit/s5_la4/data-fmllr-tri3/train/data/feats_fmllr_train.3.ark:6057721
mreh1_sx159 /nfs-share/xinchi/kaldi/egs/timit/s5_la4/data-fmllr-tri3/train/data/feats_fmllr_train.8.ark:15713578
mdlr0_si603 /nfs-share/xinchi/kaldi/egs/timit/s5_la4/data-fmllr-tri3/train/data/feats_fmllr_train.5.ark:4750513
mfxv0_si1342 /nfs-share/xinchi/kaldi/egs/timit/s5_la4/data-fmllr-tri3/train/data/feats_fmllr_train.5.ark:15932835
mdlc2_si1614 /nfs-share/xinchi/kaldi/egs/timit/s5_la4/data-fmllr-tri3/train/data/feats_fmllr_train.5.ark:3572848
mgaf0_sx292 /nfs-share/xinchi/kaldi/egs/timit/s5_la4/data-fmllr-tri3/train/data/feats_fmllr_train.5.ark:16482307
mmws0_si559 /nfs-share/xinchi/kaldi/egs/timit/s5_la4/data-fmllr-tri3/train/data/feats_fmllr_train.8.ark:3990533
mrre0_sx254 /nfs-share/xinchi/kaldi/egs/timit/s5_la4/data-fmllr-tri3/train/data/feats_fmllr_train.9.ark:7694486
ftaj0_si474 /nfs-share/xinchi/kaldi/egs/timit/s5_la4/data-fmllr-tri3/train/data/feats_fmllr_train.3.ark:13946036
msat0_sx86 /nfs-share/xinchi/kaldi/egs/timit/s5_la4/data-fmllr-tri3/train/data/feats_fmllr_train.9.ark:12126395
mtxs0_sx340 /nfs-share/xinchi/kaldi/egs/timit/s5_la4/data-fmllr-tri3/train/data/feats_fmllr_train.10.ark:12178020
msms0_sx173 /nfs-share/xinchi/kaldi/egs/timit/s5_la4/data-fmllr-tri3/train/data/feats_fmllr_train.9.ark:16761855
fmkc0_sx352 /nfs-share/xinchi/kaldi/egs/timit/s5_la4/data-fmllr-tri3/train/data/feats_fmllr_train.2.ark:16972153
fspm0_si611 /nfs-share/xinchi/kaldi/egs/timit/s5_la4/data-fmllr-tri3/train/data/feats_fmllr_train.3.ark:12823172
mbar0_sx239 /nfs-share/xinchi/kaldi/egs/timit/s5_la4/data-fmllr-tri3/train/data/feats_fmllr_train.4.ark:3571998
mklw0_sx311 /nfs-share/xinchi/kaldi/egs/timit/s5_la4/data-fmllr-tri3/train/data/feats_fmllr_train.7.ark:9216981
mkrg0_sx31 /nfs-share/xinchi/kaldi/egs/timit/s5_la4/data-fmllr-tri3/train/data/feats_fmllr_train.7.ark:9650157
mbbr0_si1055 /nfs-share/xinchi/kaldi/egs/timit/s5_la4/data-fmllr-tri3/train/data/feats_fmllr_train.4.ark:3752266
mhbs0_sx45 /nfs-share/xinchi/kaldi/egs/timit/s5_la4/data-fmllr-tri3/train/data/feats_fmllr_train.6.ark:3876071
mdas0_sx6 /nfs-share/xinchi/kaldi/egs/timit/s5_la4/data-fmllr-tri3/train/data/feats_fmllr_train.4.ark:15034236
mwre0_sx67 /nfs-share/xinchi/kaldi/egs/timit/s5_la4/data-fmllr-tri3/train/data/feats_fmllr_train.10.ark:16347665
mdef0_sx33 /nfs-share/xinchi/kaldi/egs/timit/s5_la4/data-fmllr-tri3/train/data/feats_fmllr_train.5.ark:274256
mjls0_si1726 /nfs-share/xinchi/kaldi/egs/timit/s5_la4/data-fmllr-tri3/train/data/feats_fmllr_train.6.ark:14711003
mdwd0_si557 /nfs-share/xinchi/kaldi/egs/timit/s5_la4/data-fmllr-tri3/train/data/feats_fmllr_train.5.ark:9706136
ftaj0_sx69 /nfs-share/xinchi/kaldi/egs/timit/s5_la4/data-fmllr-tri3/train/data/feats_fmllr_train.3.ark:14174997
mmab1_sx324 /nfs-share/xinchi/kaldi/egs/timit/s5_la4/data-fmllr-tri3/train/data/feats_fmllr_train.7.ark:13236271
fklh0_sx357 /nfs-share/xinchi/kaldi/egs/timit/s5_la4/data-fmllr-tri3/train/data/feats_fmllr_train.2.ark:8335055
mrfk0_si2336 /nfs-share/xinchi/kaldi/egs/timit/s5_la4/data-fmllr-tri3/train/data/feats_fmllr_train.8.ark:16806362
fgmb0_si515 /nfs-share/xinchi/kaldi/egs/timit/s5_la4/data-fmllr-tri3/train/data/feats_fmllr_train.1.ark:17186043
fklc0_sx265 /nfs-share/xinchi/kaldi/egs/timit/s5_la4/data-fmllr-tri3/train/data/feats_fmllr_train.2.ark:7527073
megj0_sx3 /nfs-share/xinchi/kaldi/egs/timit/s5_la4/data-fmllr-tri3/train/data/feats_fmllr_train.5.ark:12118076
mdbp0_sx438 /nfs-share/xinchi/kaldi/egs/timit/s5_la4/data-fmllr-tri3/train/data/feats_fmllr_train.4.ark:15781551
mwre0_sx427 /nfs-share/xinchi/kaldi/egs/timit/s5_la4/data-fmllr-tri3/train/data/feats_fmllr_train.10.ark:16316119
mmab1_si864 /nfs-share/xinchi/kaldi/egs/timit/s5_la4/data-fmllr-tri3/train/data/feats_fmllr_train.7.ark:13064030
fdkn0_si1081 /nfs-share/xinchi/kaldi/egs/timit/s5_la4/data-fmllr-tri3/train/data/feats_fmllr_train.1.ark:10838089
fbmj0_si815 /nfs-share/xinchi/kaldi/egs/timit/s5_la4/data-fmllr-tri3/train/data/feats_fmllr_train.1.ark:4596531
mkdd0_si937 /nfs-share/xinchi/kaldi/egs/timit/s5_la4/data-fmllr-tri3/train/data/feats_fmllr_train.7.ark:6078042
mdbp0_sx348 /nfs-share/xinchi/kaldi/egs/timit/s5_la4/data-fmllr-tri3/train/data/feats_fmllr_train.4.ark:15723764
mwgr0_si2236 /nfs-share/xinchi/kaldi/egs/timit/s5_la4/data-fmllr-tri3/train/data/feats_fmllr_train.10.ark:15694806
mrgm0_sx442 /nfs-share/xinchi/kaldi/egs/timit/s5_la4/data-fmllr-tri3/train/data/feats_fmllr_train.8.ark:17831064
flet0_sx147 /nfs-share/xinchi/kaldi/egs/timit/s5_la4/data-fmllr-tri3/train/data/feats_fmllr_train.2.ark:10228407
mkls1_si915 /nfs-share/xinchi/kaldi/egs/timit/s5_la4/data-fmllr-tri3/train/data/feats_fmllr_train.7.ark:8709322
mgar0_si1842 /nfs-share/xinchi/kaldi/egs/timit/s5_la4/data-fmllr-tri3/train/data/feats_fmllr_train.6.ark:93829
fjrb0_sx222 /nfs-share/xinchi/kaldi/egs/timit/s5_la4/data-fmllr-tri3/train/data/feats_fmllr_train.2.ark:2543028
mddc0_sx69 /nfs-share/xinchi/kaldi/egs/timit/s5_la4/data-fmllr-tri3/train/data/feats_fmllr_train.4.ark:16956628
mjdg0_si1042 /nfs-share/xinchi/kaldi/egs/timit/s5_la4/data-fmllr-tri3/train/data/feats_fmllr_train.6.ark:9246815
mvlo0_sx247 /nfs-share/xinchi/kaldi/egs/timit/s5_la4/data-fmllr-tri3/train/data/feats_fmllr_train.10.ark:12892987
fpjf0_sx326 /nfs-share/xinchi/kaldi/egs/timit/s5_la4/data-fmllr-tri3/train/data/feats_fmllr_train.3.ark:3058948
mtbc0_sx273 /nfs-share/xinchi/kaldi/egs/timit/s5_la4/data-fmllr-tri3/train/data/feats_fmllr_train.10.ark:2254007
mrws0_si472 /nfs-share/xinchi/kaldi/egs/timit/s5_la4/data-fmllr-tri3/train/data/feats_fmllr_train.9.ark:10467792
mrmh0_si1021 /nfs-share/xinchi/kaldi/egs/timit/s5_la4/data-fmllr-tri3/train/data/feats_fmllr_train.9.ark:5893347
mses0_sx149 /nfs-share/xinchi/kaldi/egs/timit/s5_la4/data-fmllr-tri3/train/data/feats_fmllr_train.9.ark:14300074
mjwg0_sx175 /nfs-share/xinchi/kaldi/egs/timit/s5_la4/data-fmllr-tri3/train/data/feats_fmllr_train.7.ark:2162780
mdhs0_si1530 /nfs-share/xinchi/kaldi/egs/timit/s5_la4/data-fmllr-tri3/train/data/feats_fmllr_train.5.ark:1207864
fsdj0_sx35 /nfs-share/xinchi/kaldi/egs/timit/s5_la4/data-fmllr-tri3/train/data/feats_fmllr_train.3.ark:7837737
mjrg0_sx286 /nfs-share/xinchi/kaldi/egs/timit/s5_la4/data-fmllr-tri3/train/data/feats_fmllr_train.6.ark:17822287
mcss0_sx300 /nfs-share/xinchi/kaldi/egs/timit/s5_la4/data-fmllr-tri3/train/data/feats_fmllr_train.4.ark:13148513
mpgr1_si2129 /nfs-share/xinchi/kaldi/egs/timit/s5_la4/data-fmllr-tri3/train/data/feats_fmllr_train.8.ark:7602328
mtpr0_si506 /nfs-share/xinchi/kaldi/egs/timit/s5_la4/data-fmllr-tri3/train/data/feats_fmllr_train.10.ark:9650717
msah1_si1679 /nfs-share/xinchi/kaldi/egs/timit/s5_la4/data-fmllr-tri3/train/data/feats_fmllr_train.9.ark:11139399
fdjh0_sx125 /nfs-share/xinchi/kaldi/egs/timit/s5_la4/data-fmllr-tri3/train/data/feats_fmllr_train.1.ark:10626914
fmah1_sx339 /nfs-share/xinchi/kaldi/egs/timit/s5_la4/data-fmllr-tri3/train/data/feats_fmllr_train.2.ark:14577252
fklc0_sx85 /nfs-share/xinchi/kaldi/egs/timit/s5_la4/data-fmllr-tri3/train/data/feats_fmllr_train.2.ark:7666193
msfh0_sx406 /nfs-share/xinchi/kaldi/egs/timit/s5_la4/data-fmllr-tri3/train/data/feats_fmllr_train.9.ark:14863412
mrml0_si2051 /nfs-share/xinchi/kaldi/egs/timit/s5_la4/data-fmllr-tri3/train/data/feats_fmllr_train.9.ark:6342393
fdfb0_sx58 /nfs-share/xinchi/kaldi/egs/timit/s5_la4/data-fmllr-tri3/train/data/feats_fmllr_train.1.ark:10422164
mdbp0_sx168 /nfs-share/xinchi/kaldi/egs/timit/s5_la4/data-fmllr-tri3/train/data/feats_fmllr_train.4.ark:15640190
mhit0_si1613 /nfs-share/xinchi/kaldi/egs/timit/s5_la4/data-fmllr-tri3/train/data/feats_fmllr_train.6.ark:3914659
madc0_sx287 /nfs-share/xinchi/kaldi/egs/timit/s5_la4/data-fmllr-tri3/train/data/feats_fmllr_train.3.ark:17492123
mram0_sx15 /nfs-share/xinchi/kaldi/egs/timit/s5_la4/data-fmllr-tri3/train/data/feats_fmllr_train.8.ark:12333568
mtqc0_sx271 /nfs-share/xinchi/kaldi/egs/timit/s5_la4/data-fmllr-tri3/train/data/feats_fmllr_train.10.ark:10227148
fntb0_sx303 /nfs-share/xinchi/kaldi/egs/timit/s5_la4/data-fmllr-tri3/train/data/feats_fmllr_train.3.ark:626125
mpmb0_sx331 /nfs-share/xinchi/kaldi/egs/timit/s5_la4/data-fmllr-tri3/train/data/feats_fmllr_train.8.ark:8302946
msat1_si2333 /nfs-share/xinchi/kaldi/egs/timit/s5_la4/data-fmllr-tri3/train/data/feats_fmllr_train.9.ark:12250319
mjhi0_sx338 /nfs-share/xinchi/kaldi/egs/timit/s5_la4/data-fmllr-tri3/train/data/feats_fmllr_train.6.ark:12182550
mgsl0_si534 /nfs-share/xinchi/kaldi/egs/timit/s5_la4/data-fmllr-tri3/train/data/feats_fmllr_train.6.ark:2773079
makb0_sx116 /nfs-share/xinchi/kaldi/egs/timit/s5_la4/data-fmllr-tri3/train/data/feats_fmllr_train.4.ark:1725126
fpac0_si661 /nfs-share/xinchi/kaldi/egs/timit/s5_la4/data-fmllr-tri3/train/data/feats_fmllr_train.3.ark:1302958
mvjh0_sx296 /nfs-share/xinchi/kaldi/egs/timit/s5_la4/data-fmllr-tri3/train/data/feats_fmllr_train.10.ark:12628503
fjrp1_sx352 /nfs-share/xinchi/kaldi/egs/timit/s5_la4/data-fmllr-tri3/train/data/feats_fmllr_train.2.ark:3065192
fmju0_sx39 /nfs-share/xinchi/kaldi/egs/timit/s5_la4/data-fmllr-tri3/train/data/feats_fmllr_train.2.ark:16644121
mjbg0_sx242 /nfs-share/xinchi/kaldi/egs/timit/s5_la4/data-fmllr-tri3/train/data/feats_fmllr_train.6.ark:7820616
fcke0_sx31 /nfs-share/xinchi/kaldi/egs/timit/s5_la4/data-fmllr-tri3/train/data/feats_fmllr_train.1.ark:7348718
fjlg0_si1506 /nfs-share/xinchi/kaldi/egs/timit/s5_la4/data-fmllr-tri3/train/data/feats_fmllr_train.2.ark:1614004
fclt0_sx268 /nfs-share/xinchi/kaldi/egs/timit/s5_la4/data-fmllr-tri3/train/data/feats_fmllr_train.1.ark:7593042
mklr0_si1059 /nfs-share/xinchi/kaldi/egs/timit/s5_la4/data-fmllr-tri3/train/data/feats_fmllr_train.7.ark:7862271
flmc0_si1372 /nfs-share/xinchi/kaldi/egs/timit/s5_la4/data-fmllr-tri3/train/data/feats_fmllr_train.2.ark:12819605
mrvg0_sx420 /nfs-share/xinchi/kaldi/egs/timit/s5_la4/data-fmllr-tri3/train/data/feats_fmllr_train.9.ark:9898986
mlbc0_sx249 /nfs-share/xinchi/kaldi/egs/timit/s5_la4/data-fmllr-tri3/train/data/feats_fmllr_train.7.ark:10331045
fgmb0_sx425 /nfs-share/xinchi/kaldi/egs/timit/s5_la4/data-fmllr-tri3/train/data/feats_fmllr_train.1.ark:17426311
fltm0_sx260 /nfs-share/xinchi/kaldi/egs/timit/s5_la4/data-fmllr-tri3/train/data/feats_fmllr_train.2.ark:14111088
mvlo0_sx337 /nfs-share/xinchi/kaldi/egs/timit/s5_la4/data-fmllr-tri3/train/data/feats_fmllr_train.10.ark:12949974
fclt0_sx178 /nfs-share/xinchi/kaldi/egs/timit/s5_la4/data-fmllr-tri3/train/data/feats_fmllr_train.1.ark:7540855
fcaj0_si1479 /nfs-share/xinchi/kaldi/egs/timit/s5_la4/data-fmllr-tri3/train/data/feats_fmllr_train.1.ark:5242831
mddc0_si789 /nfs-share/xinchi/kaldi/egs/timit/s5_la4/data-fmllr-tri3/train/data/feats_fmllr_train.4.ark:16737934
mdpb0_si866 /nfs-share/xinchi/kaldi/egs/timit/s5_la4/data-fmllr-tri3/train/data/feats_fmllr_train.5.ark:6785039
mrab1_sx398 /nfs-share/xinchi/kaldi/egs/timit/s5_la4/data-fmllr-tri3/train/data/feats_fmllr_train.8.ark:11665214
msrr0_si501 /nfs-share/xinchi/kaldi/egs/timit/s5_la4/data-fmllr-tri3/train/data/feats_fmllr_train.9.ark:17451382
mcew0_sx272 /nfs-share/xinchi/kaldi/egs/timit/s5_la4/data-fmllr-tri3/train/data/feats_fmllr_train.4.ark:10734198
freh0_sx325 /nfs-share/xinchi/kaldi/egs/timit/s5_la4/data-fmllr-tri3/train/data/feats_fmllr_train.3.ark:4244077
fsjg0_sx130 /nfs-share/xinchi/kaldi/egs/timit/s5_la4/data-fmllr-tri3/train/data/feats_fmllr_train.3.ark:8493131
flet0_si1767 /nfs-share/xinchi/kaldi/egs/timit/s5_la4/data-fmllr-tri3/train/data/feats_fmllr_train.2.ark:10101633
mrfk0_si1076 /nfs-share/xinchi/kaldi/egs/timit/s5_la4/data-fmllr-tri3/train/data/feats_fmllr_train.8.ark:16712386
mkrg0_sx231 /nfs-share/xinchi/kaldi/egs/timit/s5_la4/data-fmllr-tri3/train/data/feats_fmllr_train.7.ark:9633011
mmsm0_sx26 /nfs-share/xinchi/kaldi/egs/timit/s5_la4/data-fmllr-tri3/train/data/feats_fmllr_train.8.ark:2835429
mmws1_sx441 /nfs-share/xinchi/kaldi/egs/timit/s5_la4/data-fmllr-tri3/train/data/feats_fmllr_train.8.ark:4545125
mrhl0_si1515 /nfs-share/xinchi/kaldi/egs/timit/s5_la4/data-fmllr-tri3/train/data/feats_fmllr_train.9.ark:433028
mdtb0_sx300 /nfs-share/xinchi/kaldi/egs/timit/s5_la4/data-fmllr-tri3/train/data/feats_fmllr_train.5.ark:9452239
fbmh0_si1766 /nfs-share/xinchi/kaldi/egs/timit/s5_la4/data-fmllr-tri3/train/data/feats_fmllr_train.1.ark:4153888
mwdk0_sx176 /nfs-share/xinchi/kaldi/egs/timit/s5_la4/data-fmllr-tri3/train/data/feats_fmllr_train.10.ark:15018585
fcyl0_sx217 /nfs-share/xinchi/kaldi/egs/timit/s5_la4/data-fmllr-tri3/train/data/feats_fmllr_train.1.ark:9135511
maeb0_si1411 /nfs-share/xinchi/kaldi/egs/timit/s5_la4/data-fmllr-tri3/train/data/feats_fmllr_train.4.ark:13
fskc0_sx156 /nfs-share/xinchi/kaldi/egs/timit/s5_la4/data-fmllr-tri3/train/data/feats_fmllr_train.3.ark:10120559
mcae0_sx367 /nfs-share/xinchi/kaldi/egs/timit/s5_la4/data-fmllr-tri3/train/data/feats_fmllr_train.4.ark:8442685
mtdp0_sx81 /nfs-share/xinchi/kaldi/egs/timit/s5_la4/data-fmllr-tri3/train/data/feats_fmllr_train.10.ark:3638259
fsah0_si1244 /nfs-share/xinchi/kaldi/egs/timit/s5_la4/data-fmllr-tri3/train/data/feats_fmllr_train.3.ark:5542089
msas0_sx26 /nfs-share/xinchi/kaldi/egs/timit/s5_la4/data-fmllr-tri3/train/data/feats_fmllr_train.9.ark:11727084
mtat0_si1740 /nfs-share/xinchi/kaldi/egs/timit/s5_la4/data-fmllr-tri3/train/data/feats_fmllr_train.10.ark:1314132
msmc0_sx197 /nfs-share/xinchi/kaldi/egs/timit/s5_la4/data-fmllr-tri3/train/data/feats_fmllr_train.9.ark:16078274
mrvg0_si1770 /nfs-share/xinchi/kaldi/egs/timit/s5_la4/data-fmllr-tri3/train/data/feats_fmllr_train.9.ark:9706691
mjde0_sx310 /nfs-share/xinchi/kaldi/egs/timit/s5_la4/data-fmllr-tri3/train/data/feats_fmllr_train.6.ark:9067694
feeh0_sx212 /nfs-share/xinchi/kaldi/egs/timit/s5_la4/data-fmllr-tri3/train/data/feats_fmllr_train.1.ark:14798074
mkls0_sx267 /nfs-share/xinchi/kaldi/egs/timit/s5_la4/data-fmllr-tri3/train/data/feats_fmllr_train.7.ark:8417959
fspm0_sx71 /nfs-share/xinchi/kaldi/egs/timit/s5_la4/data-fmllr-tri3/train/data/feats_fmllr_train.3.ark:13084586
mpeb0_si600 /nfs-share/xinchi/kaldi/egs/timit/s5_la4/data-fmllr-tri3/train/data/feats_fmllr_train.8.ark:6117620
faem0_sx402 /nfs-share/xinchi/kaldi/egs/timit/s5_la4/data-fmllr-tri3/train/data/feats_fmllr_train.1.ark:304336
mjmm0_sx85 /nfs-share/xinchi/kaldi/egs/timit/s5_la4/data-fmllr-tri3/train/data/feats_fmllr_train.6.ark:16072776
fsgf0_sx27 /nfs-share/xinchi/kaldi/egs/timit/s5_la4/data-fmllr-tri3/train/data/feats_fmllr_train.3.ark:8184327
mjde0_sx130 /nfs-share/xinchi/kaldi/egs/timit/s5_la4/data-fmllr-tri3/train/data/feats_fmllr_train.6.ark:8942360
fjsp0_sx264 /nfs-share/xinchi/kaldi/egs/timit/s5_la4/data-fmllr-tri3/train/data/feats_fmllr_train.2.ark:3848800
mreh1_si1599 /nfs-share/xinchi/kaldi/egs/timit/s5_la4/data-fmllr-tri3/train/data/feats_fmllr_train.8.ark:15518456
fltm0_sx350 /nfs-share/xinchi/kaldi/egs/timit/s5_la4/data-fmllr-tri3/train/data/feats_fmllr_train.2.ark:14164395
mges0_sx41 /nfs-share/xinchi/kaldi/egs/timit/s5_la4/data-fmllr-tri3/train/data/feats_fmllr_train.6.ark:1024797
mwgr0_sx346 /nfs-share/xinchi/kaldi/egs/timit/s5_la4/data-fmllr-tri3/train/data/feats_fmllr_train.10.ark:15894594
fdfb0_sx148 /nfs-share/xinchi/kaldi/egs/timit/s5_la4/data-fmllr-tri3/train/data/feats_fmllr_train.1.ark:10261577
mkaj0_sx424 /nfs-share/xinchi/kaldi/egs/timit/s5_la4/data-fmllr-tri3/train/data/feats_fmllr_train.7.ark:5067259
fsjs0_sx271 /nfs-share/xinchi/kaldi/egs/timit/s5_la4/data-fmllr-tri3/train/data/feats_fmllr_train.3.ark:9385752
mjai0_sx344 /nfs-share/xinchi/kaldi/egs/timit/s5_la4/data-fmllr-tri3/train/data/feats_fmllr_train.6.ark:7536425
fbch0_si1586 /nfs-share/xinchi/kaldi/egs/timit/s5_la4/data-fmllr-tri3/train/data/feats_fmllr_train.1.ark:2849049
mklr0_sx339 /nfs-share/xinchi/kaldi/egs/timit/s5_la4/data-fmllr-tri3/train/data/feats_fmllr_train.7.ark:8074728
mjmm0_si1885 /nfs-share/xinchi/kaldi/egs/timit/s5_la4/data-fmllr-tri3/train/data/feats_fmllr_train.6.ark:15820295
msdb0_si1007 /nfs-share/xinchi/kaldi/egs/timit/s5_la4/data-fmllr-tri3/train/data/feats_fmllr_train.9.ark:12525841
mejl0_sx62 /nfs-share/xinchi/kaldi/egs/timit/s5_la4/data-fmllr-tri3/train/data/feats_fmllr_train.5.ark:12555306
mrdd0_si1680 /nfs-share/xinchi/kaldi/egs/timit/s5_la4/data-fmllr-tri3/train/data/feats_fmllr_train.8.ark:14108974
majp0_si2334 /nfs-share/xinchi/kaldi/egs/timit/s5_la4/data-fmllr-tri3/train/data/feats_fmllr_train.4.ark:1167921
mwac0_si971 /nfs-share/xinchi/kaldi/egs/timit/s5_la4/data-fmllr-tri3/train/data/feats_fmllr_train.10.ark:13532087
mntw0_sx202 /nfs-share/xinchi/kaldi/egs/timit/s5_la4/data-fmllr-tri3/train/data/feats_fmllr_train.8.ark:5552280
mdrd0_si752 /nfs-share/xinchi/kaldi/egs/timit/s5_la4/data-fmllr-tri3/train/data/feats_fmllr_train.5.ark:7849210
mjrk0_sx160 /nfs-share/xinchi/kaldi/egs/timit/s5_la4/data-fmllr-tri3/train/data/feats_fmllr_train.7.ark:887730
mgrp0_sx237 /nfs-share/xinchi/kaldi/egs/timit/s5_la4/data-fmllr-tri3/train/data/feats_fmllr_train.6.ark:2094489
mefg0_sx105 /nfs-share/xinchi/kaldi/egs/timit/s5_la4/data-fmllr-tri3/train/data/feats_fmllr_train.5.ark:11607567
fsag0_sx423 /nfs-share/xinchi/kaldi/egs/timit/s5_la4/data-fmllr-tri3/train/data/feats_fmllr_train.3.ark:5415795
mrjm0_si1095 /nfs-share/xinchi/kaldi/egs/timit/s5_la4/data-fmllr-tri3/train/data/feats_fmllr_train.9.ark:1700559
mrjh0_sx169 /nfs-share/xinchi/kaldi/egs/timit/s5_la4/data-fmllr-tri3/train/data/feats_fmllr_train.9.ark:1422664
mchl0_sx267 /nfs-share/xinchi/kaldi/egs/timit/s5_la4/data-fmllr-tri3/train/data/feats_fmllr_train.4.ark:11182576
mcef0_sx325 /nfs-share/xinchi/kaldi/egs/timit/s5_la4/data-fmllr-tri3/train/data/feats_fmllr_train.4.ark:10361368
msjk0_sx66 /nfs-share/xinchi/kaldi/egs/timit/s5_la4/data-fmllr-tri3/train/data/feats_fmllr_train.9.ark:15787072
mlsh0_si2047 /nfs-share/xinchi/kaldi/egs/timit/s5_la4/data-fmllr-tri3/train/data/feats_fmllr_train.7.ark:12248849
mgaf0_sx202 /nfs-share/xinchi/kaldi/egs/timit/s5_la4/data-fmllr-tri3/train/data/feats_fmllr_train.5.ark:16431374
mmgg0_sx359 /nfs-share/xinchi/kaldi/egs/timit/s5_la4/data-fmllr-tri3/train/data/feats_fmllr_train.8.ark:579888
mses0_sx239 /nfs-share/xinchi/kaldi/egs/timit/s5_la4/data-fmllr-tri3/train/data/feats_fmllr_train.9.ark:14344261
mmeb0_si1987 /nfs-share/xinchi/kaldi/egs/timit/s5_la4/data-fmllr-tri3/train/data/feats_fmllr_train.7.ark:17716848
mrfk0_sx266 /nfs-share/xinchi/kaldi/egs/timit/s5_la4/data-fmllr-tri3/train/data/feats_fmllr_train.8.ark:16896976
mdac0_si631 /nfs-share/xinchi/kaldi/egs/timit/s5_la4/data-fmllr-tri3/train/data/feats_fmllr_train.4.ark:14444154
mrbc0_sx419 /nfs-share/xinchi/kaldi/egs/timit/s5_la4/data-fmllr-tri3/train/data/feats_fmllr_train.8.ark:13145738
feme0_sx245 /nfs-share/xinchi/kaldi/egs/timit/s5_la4/data-fmllr-tri3/train/data/feats_fmllr_train.1.ark:15211571
mgsl0_si797 /nfs-share/xinchi/kaldi/egs/timit/s5_la4/data-fmllr-tri3/train/data/feats_fmllr_train.6.ark:2809906
fcaj0_sx399 /nfs-share/xinchi/kaldi/egs/timit/s5_la4/data-fmllr-tri3/train/data/feats_fmllr_train.1.ark:5537260
mrjb1_si1020 /nfs-share/xinchi/kaldi/egs/timit/s5_la4/data-fmllr-tri3/train/data/feats_fmllr_train.9.ark:783805
fcrz0_sx163 /nfs-share/xinchi/kaldi/egs/timit/s5_la4/data-fmllr-tri3/train/data/feats_fmllr_train.1.ark:8710307
mkdt0_si893 /nfs-share/xinchi/kaldi/egs/timit/s5_la4/data-fmllr-tri3/train/data/feats_fmllr_train.7.ark:6433458
mpgh0_sx24 /nfs-share/xinchi/kaldi/egs/timit/s5_la4/data-fmllr-tri3/train/data/feats_fmllr_train.8.ark:7056053
mjdg0_si1672 /nfs-share/xinchi/kaldi/egs/timit/s5_la4/data-fmllr-tri3/train/data/feats_fmllr_train.6.ark:9291003
mjee0_si1237 /nfs-share/xinchi/kaldi/egs/timit/s5_la4/data-fmllr-tri3/train/data/feats_fmllr_train.6.ark:10834884
mpar0_sx406 /nfs-share/xinchi/kaldi/egs/timit/s5_la4/data-fmllr-tri3/train/data/feats_fmllr_train.8.ark:5989671
mkdb0_si872 /nfs-share/xinchi/kaldi/egs/timit/s5_la4/data-fmllr-tri3/train/data/feats_fmllr_train.7.ark:5640865
fjsp0_si1763 /nfs-share/xinchi/kaldi/egs/timit/s5_la4/data-fmllr-tri3/train/data/feats_fmllr_train.2.ark:3728719
mtpp0_sx68 /nfs-share/xinchi/kaldi/egs/timit/s5_la4/data-fmllr-tri3/train/data/feats_fmllr_train.10.ark:9479274
mdlc2_sx174 /nfs-share/xinchi/kaldi/egs/timit/s5_la4/data-fmllr-tri3/train/data/feats_fmllr_train.5.ark:3683330
fpac0_sx301 /nfs-share/xinchi/kaldi/egs/timit/s5_la4/data-fmllr-tri3/train/data/feats_fmllr_train.3.ark:1474239
mjai0_sx254 /nfs-share/xinchi/kaldi/egs/timit/s5_la4/data-fmllr-tri3/train/data/feats_fmllr_train.6.ark:7506318
mgaf0_sx112 /nfs-share/xinchi/kaldi/egs/timit/s5_la4/data-fmllr-tri3/train/data/feats_fmllr_train.5.ark:16393107
mjmm0_si1255 /nfs-share/xinchi/kaldi/egs/timit/s5_la4/data-fmllr-tri3/train/data/feats_fmllr_train.6.ark:15752747
mejl0_sx242 /nfs-share/xinchi/kaldi/egs/timit/s5_la4/data-fmllr-tri3/train/data/feats_fmllr_train.5.ark:12416506
mmxs0_sx66 /nfs-share/xinchi/kaldi/egs/timit/s5_la4/data-fmllr-tri3/train/data/feats_fmllr_train.8.ark:4948407
madd0_sx268 /nfs-share/xinchi/kaldi/egs/timit/s5_la4/data-fmllr-tri3/train/data/feats_fmllr_train.3.ark:17780447
ftlg0_sx393 /nfs-share/xinchi/kaldi/egs/timit/s5_la4/data-fmllr-tri3/train/data/feats_fmllr_train.3.ark:15339807
mgak0_sx46 /nfs-share/xinchi/kaldi/egs/timit/s5_la4/data-fmllr-tri3/train/data/feats_fmllr_train.5.ark:17318288
mtab0_sx312 /nfs-share/xinchi/kaldi/egs/timit/s5_la4/data-fmllr-tri3/train/data/feats_fmllr_train.10.ark:775406
mejl0_si962 /nfs-share/xinchi/kaldi/egs/timit/s5_la4/data-fmllr-tri3/train/data/feats_fmllr_train.5.ark:12330372
mrre0_sx74 /nfs-share/xinchi/kaldi/egs/timit/s5_la4/data-fmllr-tri3/train/data/feats_fmllr_train.9.ark:7824806
mjsr0_sx434 /nfs-share/xinchi/kaldi/egs/timit/s5_la4/data-fmllr-tri3/train/data/feats_fmllr_train.7.ark:1841205
mtpp0_si1508 /nfs-share/xinchi/kaldi/egs/timit/s5_la4/data-fmllr-tri3/train/data/feats_fmllr_train.10.ark:9160205
fjlr0_sx421 /nfs-share/xinchi/kaldi/egs/timit/s5_la4/data-fmllr-tri3/train/data/feats_fmllr_train.2.ark:2283185
mlbc0_si1239 /nfs-share/xinchi/kaldi/egs/timit/s5_la4/data-fmllr-tri3/train/data/feats_fmllr_train.7.ark:10126776
flmk0_si1035 /nfs-share/xinchi/kaldi/egs/timit/s5_la4/data-fmllr-tri3/train/data/feats_fmllr_train.2.ark:13204142
mdef0_si1123 /nfs-share/xinchi/kaldi/egs/timit/s5_la4/data-fmllr-tri3/train/data/feats_fmllr_train.5.ark:13
marw0_sx286 /nfs-share/xinchi/kaldi/egs/timit/s5_la4/data-fmllr-tri3/train/data/feats_fmllr_train.4.ark:3177727
mrmb0_si951 /nfs-share/xinchi/kaldi/egs/timit/s5_la4/data-fmllr-tri3/train/data/feats_fmllr_train.9.ark:5232647
fklc0_si985 /nfs-share/xinchi/kaldi/egs/timit/s5_la4/data-fmllr-tri3/train/data/feats_fmllr_train.2.ark:7365899
mmdm0_sx51 /nfs-share/xinchi/kaldi/egs/timit/s5_la4/data-fmllr-tri3/train/data/feats_fmllr_train.7.ark:16577581
mgsh0_si546 /nfs-share/xinchi/kaldi/egs/timit/s5_la4/data-fmllr-tri3/train/data/feats_fmllr_train.6.ark:2430332
ftbr0_sx201 /nfs-share/xinchi/kaldi/egs/timit/s5_la4/data-fmllr-tri3/train/data/feats_fmllr_train.3.ark:14429854
mrwa0_si973 /nfs-share/xinchi/kaldi/egs/timit/s5_la4/data-fmllr-tri3/train/data/feats_fmllr_train.9.ark:10096055
mjbg0_si1232 /nfs-share/xinchi/kaldi/egs/timit/s5_la4/data-fmllr-tri3/train/data/feats_fmllr_train.6.ark:7645946
fsjs0_si1171 /nfs-share/xinchi/kaldi/egs/timit/s5_la4/data-fmllr-tri3/train/data/feats_fmllr_train.3.ark:9166923
fskp0_sx18 /nfs-share/xinchi/kaldi/egs/timit/s5_la4/data-fmllr-tri3/train/data/feats_fmllr_train.3.ark:10928219
mjeb1_si1467 /nfs-share/xinchi/kaldi/egs/timit/s5_la4/data-fmllr-tri3/train/data/feats_fmllr_train.6.ark:10416267
mrso0_sx309 /nfs-share/xinchi/kaldi/egs/timit/s5_la4/data-fmllr-tri3/train/data/feats_fmllr_train.9.ark:8183211
fdxw0_si881 /nfs-share/xinchi/kaldi/egs/timit/s5_la4/data-fmllr-tri3/train/data/feats_fmllr_train.1.ark:13063392
fdaw0_sx236 /nfs-share/xinchi/kaldi/egs/timit/s5_la4/data-fmllr-tri3/train/data/feats_fmllr_train.1.ark:9966986
mkrg0_sx411 /nfs-share/xinchi/kaldi/egs/timit/s5_la4/data-fmllr-tri3/train/data/feats_fmllr_train.7.ark:9677704
mkes0_sx353 /nfs-share/xinchi/kaldi/egs/timit/s5_la4/data-fmllr-tri3/train/data/feats_fmllr_train.7.ark:7002716
mrgs0_si1356 /nfs-share/xinchi/kaldi/egs/timit/s5_la4/data-fmllr-tri3/train/data/feats_fmllr_train.9.ark:13
feac0_sx165 /nfs-share/xinchi/kaldi/egs/timit/s5_la4/data-fmllr-tri3/train/data/feats_fmllr_train.1.ark:13500916
mtwh1_sx342 /nfs-share/xinchi/kaldi/egs/timit/s5_la4/data-fmllr-tri3/train/data/feats_fmllr_train.10.ark:11759082
mmab1_sx144 /nfs-share/xinchi/kaldi/egs/timit/s5_la4/data-fmllr-tri3/train/data/feats_fmllr_train.7.ark:13144057
msrg0_sx321 /nfs-share/xinchi/kaldi/egs/timit/s5_la4/data-fmllr-tri3/train/data/feats_fmllr_train.9.ark:17204366
fvmh0_si2096 /nfs-share/xinchi/kaldi/egs/timit/s5_la4/data-fmllr-tri3/train/data/feats_fmllr_train.3.ark:16560195
mtpr0_sx340 /nfs-share/xinchi/kaldi/egs/timit/s5_la4/data-fmllr-tri3/train/data/feats_fmllr_train.10.ark:9803758
mgak0_sx136 /nfs-share/xinchi/kaldi/egs/timit/s5_la4/data-fmllr-tri3/train/data/feats_fmllr_train.5.ark:17080421
mrfl0_sx346 /nfs-share/xinchi/kaldi/egs/timit/s5_la4/data-fmllr-tri3/train/data/feats_fmllr_train.8.ark:17339140
mpsw0_sx167 /nfs-share/xinchi/kaldi/egs/timit/s5_la4/data-fmllr-tri3/train/data/feats_fmllr_train.8.ark:10738434
flja0_sx88 /nfs-share/xinchi/kaldi/egs/timit/s5_la4/data-fmllr-tri3/train/data/feats_fmllr_train.2.ark:11143990
fgcs0_si856 /nfs-share/xinchi/kaldi/egs/timit/s5_la4/data-fmllr-tri3/train/data/feats_fmllr_train.1.ark:16336009
mmcc0_sx168 /nfs-share/xinchi/kaldi/egs/timit/s5_la4/data-fmllr-tri3/train/data/feats_fmllr_train.7.ark:15258263
mvjh0_sx206 /nfs-share/xinchi/kaldi/egs/timit/s5_la4/data-fmllr-tri3/train/data/feats_fmllr_train.10.ark:12546210
mprb0_si1205 /nfs-share/xinchi/kaldi/egs/timit/s5_la4/data-fmllr-tri3/train/data/feats_fmllr_train.8.ark:8928844
mbbr0_sx65 /nfs-share/xinchi/kaldi/egs/timit/s5_la4/data-fmllr-tri3/train/data/feats_fmllr_train.4.ark:4078856
mdlm0_si604 /nfs-share/xinchi/kaldi/egs/timit/s5_la4/data-fmllr-tri3/train/data/feats_fmllr_train.5.ark:4389336
mbom0_sx294 /nfs-share/xinchi/kaldi/egs/timit/s5_la4/data-fmllr-tri3/train/data/feats_fmllr_train.4.ark:6880379
mjdc0_sx441 /nfs-share/xinchi/kaldi/egs/timit/s5_la4/data-fmllr-tri3/train/data/feats_fmllr_train.6.ark:8660145
flod0_si657 /nfs-share/xinchi/kaldi/egs/timit/s5_la4/data-fmllr-tri3/train/data/feats_fmllr_train.2.ark:13682815
fjwb1_sx255 /nfs-share/xinchi/kaldi/egs/timit/s5_la4/data-fmllr-tri3/train/data/feats_fmllr_train.2.ark:4233496
majp0_sx444 /nfs-share/xinchi/kaldi/egs/timit/s5_la4/data-fmllr-tri3/train/data/feats_fmllr_train.4.ark:1387869
falr0_si1955 /nfs-share/xinchi/kaldi/egs/timit/s5_la4/data-fmllr-tri3/train/data/feats_fmllr_train.1.ark:1262287
mree0_si1959 /nfs-share/xinchi/kaldi/egs/timit/s5_la4/data-fmllr-tri3/train/data/feats_fmllr_train.8.ark:15254774
fljg0_si1611 /nfs-share/xinchi/kaldi/egs/timit/s5_la4/data-fmllr-tri3/train/data/feats_fmllr_train.2.ark:11583595
fcdr1_sx286 /nfs-share/xinchi/kaldi/egs/timit/s5_la4/data-fmllr-tri3/train/data/feats_fmllr_train.1.ark:5955050
mmbs0_sx161 /nfs-share/xinchi/kaldi/egs/timit/s5_la4/data-fmllr-tri3/train/data/feats_fmllr_train.7.ark:14812126
fcyl0_si1297 /nfs-share/xinchi/kaldi/egs/timit/s5_la4/data-fmllr-tri3/train/data/feats_fmllr_train.1.ark:8926122
mmws1_sx261 /nfs-share/xinchi/kaldi/egs/timit/s5_la4/data-fmllr-tri3/train/data/feats_fmllr_train.8.ark:4438965
fear0_si1252 /nfs-share/xinchi/kaldi/egs/timit/s5_la4/data-fmllr-tri3/train/data/feats_fmllr_train.1.ark:13743451
mkdt0_sx353 /nfs-share/xinchi/kaldi/egs/timit/s5_la4/data-fmllr-tri3/train/data/feats_fmllr_train.7.ark:6578499
mgsl0_sx84 /nfs-share/xinchi/kaldi/egs/timit/s5_la4/data-fmllr-tri3/train/data/feats_fmllr_train.6.ark:3090200
mjwg0_si2155 /nfs-share/xinchi/kaldi/egs/timit/s5_la4/data-fmllr-tri3/train/data/feats_fmllr_train.7.ark:1951819
mrjm0_sx238 /nfs-share/xinchi/kaldi/egs/timit/s5_la4/data-fmllr-tri3/train/data/feats_fmllr_train.9.ark:1888829
mmws0_sx438 /nfs-share/xinchi/kaldi/egs/timit/s5_la4/data-fmllr-tri3/train/data/feats_fmllr_train.8.ark:4208748
fvkb0_sx169 /nfs-share/xinchi/kaldi/egs/timit/s5_la4/data-fmllr-tri3/train/data/feats_fmllr_train.3.ark:16219392
mrml0_sx161 /nfs-share/xinchi/kaldi/egs/timit/s5_la4/data-fmllr-tri3/train/data/feats_fmllr_train.9.ark:6430287
mdbb1_sx376 /nfs-share/xinchi/kaldi/egs/timit/s5_la4/data-fmllr-tri3/train/data/feats_fmllr_train.4.ark:15428720
mdjm0_sx15 /nfs-share/xinchi/kaldi/egs/timit/s5_la4/data-fmllr-tri3/train/data/feats_fmllr_train.5.ark:1763869
mtdp0_sx171 /nfs-share/xinchi/kaldi/egs/timit/s5_la4/data-fmllr-tri3/train/data/feats_fmllr_train.10.ark:3385352
mljh0_sx334 /nfs-share/xinchi/kaldi/egs/timit/s5_la4/data-fmllr-tri3/train/data/feats_fmllr_train.7.ark:11677003
fcdr1_sx376 /nfs-share/xinchi/kaldi/egs/timit/s5_la4/data-fmllr-tri3/train/data/feats_fmllr_train.1.ark:6024517
mjma0_sx145 /nfs-share/xinchi/kaldi/egs/timit/s5_la4/data-fmllr-tri3/train/data/feats_fmllr_train.6.ark:15230634
mgxp0_si457 /nfs-share/xinchi/kaldi/egs/timit/s5_la4/data-fmllr-tri3/train/data/feats_fmllr_train.6.ark:3218895
mlns0_sx237 /nfs-share/xinchi/kaldi/egs/timit/s5_la4/data-fmllr-tri3/train/data/feats_fmllr_train.7.ark:12005993
fbch0_sx326 /nfs-share/xinchi/kaldi/egs/timit/s5_la4/data-fmllr-tri3/train/data/feats_fmllr_train.1.ark:3115744
mdsj0_sx22 /nfs-share/xinchi/kaldi/egs/timit/s5_la4/data-fmllr-tri3/train/data/feats_fmllr_train.5.ark:8394280
mtqc0_si1441 /nfs-share/xinchi/kaldi/egs/timit/s5_la4/data-fmllr-tri3/train/data/feats_fmllr_train.10.ark:9943519
mjeb0_sx170 /nfs-share/xinchi/kaldi/egs/timit/s5_la4/data-fmllr-tri3/train/data/feats_fmllr_train.6.ark:10177892
mdpk0_sx63 /nfs-share/xinchi/kaldi/egs/timit/s5_la4/data-fmllr-tri3/train/data/feats_fmllr_train.5.ark:7377710
mtmn0_sx254 /nfs-share/xinchi/kaldi/egs/timit/s5_la4/data-fmllr-tri3/train/data/feats_fmllr_train.10.ark:7912886
mjac0_sx341 /nfs-share/xinchi/kaldi/egs/timit/s5_la4/data-fmllr-tri3/train/data/feats_fmllr_train.6.ark:6715191
mhmg0_sx375 /nfs-share/xinchi/kaldi/egs/timit/s5_la4/data-fmllr-tri3/train/data/feats_fmllr_train.6.ark:4912563
mdtb0_si1830 /nfs-share/xinchi/kaldi/egs/timit/s5_la4/data-fmllr-tri3/train/data/feats_fmllr_train.5.ark:9281891
flod0_sx387 /nfs-share/xinchi/kaldi/egs/timit/s5_la4/data-fmllr-tri3/train/data/feats_fmllr_train.2.ark:13891750
mrlk0_sx33 /nfs-share/xinchi/kaldi/egs/timit/s5_la4/data-fmllr-tri3/train/data/feats_fmllr_train.9.ark:4706880
mbom0_sx311 /nfs-share/xinchi/kaldi/egs/timit/s5_la4/data-fmllr-tri3/train/data/feats_fmllr_train.4.ark:6923286
mrlj1_si2332 /nfs-share/xinchi/kaldi/egs/timit/s5_la4/data-fmllr-tri3/train/data/feats_fmllr_train.9.ark:4172956
fcmm0_sx93 /nfs-share/xinchi/kaldi/egs/timit/s5_la4/data-fmllr-tri3/train/data/feats_fmllr_train.1.ark:8528917
madd0_sx178 /nfs-share/xinchi/kaldi/egs/timit/s5_la4/data-fmllr-tri3/train/data/feats_fmllr_train.3.ark:17721860
fcrz0_sx343 /nfs-share/xinchi/kaldi/egs/timit/s5_la4/data-fmllr-tri3/train/data/feats_fmllr_train.1.ark:8786841
mpeb0_sx330 /nfs-share/xinchi/kaldi/egs/timit/s5_la4/data-fmllr-tri3/train/data/feats_fmllr_train.8.ark:6262501
mrtj0_si1551 /nfs-share/xinchi/kaldi/egs/timit/s5_la4/data-fmllr-tri3/train/data/feats_fmllr_train.9.ark:9173806
mdtb0_si1200 /nfs-share/xinchi/kaldi/egs/timit/s5_la4/data-fmllr-tri3/train/data/feats_fmllr_train.5.ark:9250983
mcdc0_sx122 /nfs-share/xinchi/kaldi/egs/timit/s5_la4/data-fmllr-tri3/train/data/feats_fmllr_train.4.ark:9108983
mklw0_si1844 /nfs-share/xinchi/kaldi/egs/timit/s5_la4/data-fmllr-tri3/train/data/feats_fmllr_train.7.ark:9072552
mdlc0_si765 /nfs-share/xinchi/kaldi/egs/timit/s5_la4/data-fmllr-tri3/train/data/feats_fmllr_train.5.ark:2932948
mrjm1_sx308 /nfs-share/xinchi/kaldi/egs/timit/s5_la4/data-fmllr-tri3/train/data/feats_fmllr_train.9.ark:2338993
mjpm0_sx18 /nfs-share/xinchi/kaldi/egs/timit/s5_la4/data-fmllr-tri3/train/data/feats_fmllr_train.6.ark:16650089
mmdb0_sx357 /nfs-share/xinchi/kaldi/egs/timit/s5_la4/data-fmllr-tri3/train/data/feats_fmllr_train.7.ark:15705254
fsms1_si1504 /nfs-share/xinchi/kaldi/egs/timit/s5_la4/data-fmllr-tri3/train/data/feats_fmllr_train.3.ark:12312180
mlsh0_sx337 /nfs-share/xinchi/kaldi/egs/timit/s5_la4/data-fmllr-tri3/train/data/feats_fmllr_train.7.ark:12448157
mrdm0_si1595 /nfs-share/xinchi/kaldi/egs/timit/s5_la4/data-fmllr-tri3/train/data/feats_fmllr_train.8.ark:14477032
mjrh1_sx64 /nfs-share/xinchi/kaldi/egs/timit/s5_la4/data-fmllr-tri3/train/data/feats_fmllr_train.7.ark:726340
mcef0_sx55 /nfs-share/xinchi/kaldi/egs/timit/s5_la4/data-fmllr-tri3/train/data/feats_fmllr_train.4.ark:10439821
mmbs0_si521 /nfs-share/xinchi/kaldi/egs/timit/s5_la4/data-fmllr-tri3/train/data/feats_fmllr_train.7.ark:14736099
mhrm0_sx58 /nfs-share/xinchi/kaldi/egs/timit/s5_la4/data-fmllr-tri3/train/data/feats_fmllr_train.6.ark:5670117
mtmn0_si2324 /nfs-share/xinchi/kaldi/egs/timit/s5_la4/data-fmllr-tri3/train/data/feats_fmllr_train.10.ark:7707685
fear0_sx172 /nfs-share/xinchi/kaldi/egs/timit/s5_la4/data-fmllr-tri3/train/data/feats_fmllr_train.1.ark:13866413
fbcg1_si982 /nfs-share/xinchi/kaldi/egs/timit/s5_la4/data-fmllr-tri3/train/data/feats_fmllr_train.1.ark:2526007
msas0_sx206 /nfs-share/xinchi/kaldi/egs/timit/s5_la4/data-fmllr-tri3/train/data/feats_fmllr_train.9.ark:11667698
marc0_si558 /nfs-share/xinchi/kaldi/egs/timit/s5_la4/data-fmllr-tri3/train/data/feats_fmllr_train.4.ark:2720630
fdjh0_si935 /nfs-share/xinchi/kaldi/egs/timit/s5_la4/data-fmllr-tri3/train/data/feats_fmllr_train.1.ark:10560487
ftmg0_si1532 /nfs-share/xinchi/kaldi/egs/timit/s5_la4/data-fmllr-tri3/train/data/feats_fmllr_train.3.ark:15382715
mrcg0_sx258 /nfs-share/xinchi/kaldi/egs/timit/s5_la4/data-fmllr-tri3/train/data/feats_fmllr_train.8.ark:13449261
mddc0_si1419 /nfs-share/xinchi/kaldi/egs/timit/s5_la4/data-fmllr-tri3/train/data/feats_fmllr_train.4.ark:16649879
msfv0_si1892 /nfs-share/xinchi/kaldi/egs/timit/s5_la4/data-fmllr-tri3/train/data/feats_fmllr_train.9.ark:15015814
fpmy0_si1783 /nfs-share/xinchi/kaldi/egs/timit/s5_la4/data-fmllr-tri3/train/data/feats_fmllr_train.3.ark:3639272
mrlk0_si1468 /nfs-share/xinchi/kaldi/egs/timit/s5_la4/data-fmllr-tri3/train/data/feats_fmllr_train.9.ark:4399358
fsgf0_sx297 /nfs-share/xinchi/kaldi/egs/timit/s5_la4/data-fmllr-tri3/train/data/feats_fmllr_train.3.ark:8216994
mkxl0_sx375 /nfs-share/xinchi/kaldi/egs/timit/s5_la4/data-fmllr-tri3/train/data/feats_fmllr_train.7.ark:10080348
fklh0_si1887 /nfs-share/xinchi/kaldi/egs/timit/s5_la4/data-fmllr-tri3/train/data/feats_fmllr_train.2.ark:8183107
fnkl0_si892 /nfs-share/xinchi/kaldi/egs/timit/s5_la4/data-fmllr-tri3/train/data/feats_fmllr_train.3.ark:81348
mbcg0_si957 /nfs-share/xinchi/kaldi/egs/timit/s5_la4/data-fmllr-tri3/train/data/feats_fmllr_train.4.ark:4183098
mddc0_sx429 /nfs-share/xinchi/kaldi/egs/timit/s5_la4/data-fmllr-tri3/train/data/feats_fmllr_train.4.ark:16914362
fbch0_sx416 /nfs-share/xinchi/kaldi/egs/timit/s5_la4/data-fmllr-tri3/train/data/feats_fmllr_train.1.ark:3167291
fmkf0_si1536 /nfs-share/xinchi/kaldi/egs/timit/s5_la4/data-fmllr-tri3/train/data/feats_fmllr_train.2.ark:17201702
fjxm0_sx41 /nfs-share/xinchi/kaldi/egs/timit/s5_la4/data-fmllr-tri3/train/data/feats_fmllr_train.2.ark:4761313
fsrh0_sx41 /nfs-share/xinchi/kaldi/egs/timit/s5_la4/data-fmllr-tri3/train/data/feats_fmllr_train.3.ark:13434243
mrlj1_si1671 /nfs-share/xinchi/kaldi/egs/timit/s5_la4/data-fmllr-tri3/train/data/feats_fmllr_train.9.ark:4063460
feme0_si875 /nfs-share/xinchi/kaldi/egs/timit/s5_la4/data-fmllr-tri3/train/data/feats_fmllr_train.1.ark:15080477
mpeb0_si1034 /nfs-share/xinchi/kaldi/egs/timit/s5_la4/data-fmllr-tri3/train/data/feats_fmllr_train.8.ark:6068285
mkls0_sx447 /nfs-share/xinchi/kaldi/egs/timit/s5_la4/data-fmllr-tri3/train/data/feats_fmllr_train.7.ark:8536253
fpab1_si2101 /nfs-share/xinchi/kaldi/egs/timit/s5_la4/data-fmllr-tri3/train/data/feats_fmllr_train.3.ark:795034
mdac0_sx91 /nfs-share/xinchi/kaldi/egs/timit/s5_la4/data-fmllr-tri3/train/data/feats_fmllr_train.4.ark:14729568
fear0_sx352 /nfs-share/xinchi/kaldi/egs/timit/s5_la4/data-fmllr-tri3/train/data/feats_fmllr_train.1.ark:13959267
mmjb1_sx148 /nfs-share/xinchi/kaldi/egs/timit/s5_la4/data-fmllr-tri3/train/data/feats_fmllr_train.8.ark:1178028
fceg0_sx258 /nfs-share/xinchi/kaldi/egs/timit/s5_la4/data-fmllr-tri3/train/data/feats_fmllr_train.1.ark:6221134
mlel0_sx436 /nfs-share/xinchi/kaldi/egs/timit/s5_la4/data-fmllr-tri3/train/data/feats_fmllr_train.7.ark:10840436
mljc0_sx145 /nfs-share/xinchi/kaldi/egs/timit/s5_la4/data-fmllr-tri3/train/data/feats_fmllr_train.7.ark:11102492
mrgm0_si1162 /nfs-share/xinchi/kaldi/egs/timit/s5_la4/data-fmllr-tri3/train/data/feats_fmllr_train.8.ark:17486421
mprb0_si575 /nfs-share/xinchi/kaldi/egs/timit/s5_la4/data-fmllr-tri3/train/data/feats_fmllr_train.8.ark:9048419
mpgh0_sx204 /nfs-share/xinchi/kaldi/egs/timit/s5_la4/data-fmllr-tri3/train/data/feats_fmllr_train.8.ark:7021947
mjjb0_sx419 /nfs-share/xinchi/kaldi/egs/timit/s5_la4/data-fmllr-tri3/train/data/feats_fmllr_train.6.ark:12641195
msat1_sx83 /nfs-share/xinchi/kaldi/egs/timit/s5_la4/data-fmllr-tri3/train/data/feats_fmllr_train.9.ark:12482613
mgrp0_sx147 /nfs-share/xinchi/kaldi/egs/timit/s5_la4/data-fmllr-tri3/train/data/feats_fmllr_train.6.ark:2037022
fntb0_sx393 /nfs-share/xinchi/kaldi/egs/timit/s5_la4/data-fmllr-tri3/train/data/feats_fmllr_train.3.ark:702978
mwac0_si2231 /nfs-share/xinchi/kaldi/egs/timit/s5_la4/data-fmllr-tri3/train/data/feats_fmllr_train.10.ark:13479580
mrvg0_sx60 /nfs-share/xinchi/kaldi/egs/timit/s5_la4/data-fmllr-tri3/train/data/feats_fmllr_train.9.ark:9954692
fmem0_sx387 /nfs-share/xinchi/kaldi/egs/timit/s5_la4/data-fmllr-tri3/train/data/feats_fmllr_train.2.ark:15466219
fjkl0_sx392 /nfs-share/xinchi/kaldi/egs/timit/s5_la4/data-fmllr-tri3/train/data/feats_fmllr_train.2.ark:1564696
mjwt0_sx391 /nfs-share/xinchi/kaldi/egs/timit/s5_la4/data-fmllr-tri3/train/data/feats_fmllr_train.7.ark:3210041
fbmj0_sx246 /nfs-share/xinchi/kaldi/egs/timit/s5_la4/data-fmllr-tri3/train/data/feats_fmllr_train.1.ark:4683305
mkls1_sx285 /nfs-share/xinchi/kaldi/egs/timit/s5_la4/data-fmllr-tri3/train/data/feats_fmllr_train.7.ark:8899829
mprb0_sx305 /nfs-share/xinchi/kaldi/egs/timit/s5_la4/data-fmllr-tri3/train/data/feats_fmllr_train.8.ark:9233780
mrms0_si2057 /nfs-share/xinchi/kaldi/egs/timit/s5_la4/data-fmllr-tri3/train/data/feats_fmllr_train.9.ark:6802770
fjlr0_si601 /nfs-share/xinchi/kaldi/egs/timit/s5_la4/data-fmllr-tri3/train/data/feats_fmllr_train.2.ark:2090917
mpeb0_sx420 /nfs-share/xinchi/kaldi/egs/timit/s5_la4/data-fmllr-tri3/train/data/feats_fmllr_train.8.ark:6310048
fsjg0_si940 /nfs-share/xinchi/kaldi/egs/timit/s5_la4/data-fmllr-tri3/train/data/feats_fmllr_train.3.ark:8408304
mfxs0_sx54 /nfs-share/xinchi/kaldi/egs/timit/s5_la4/data-fmllr-tri3/train/data/feats_fmllr_train.5.ark:15812619
mklw0_sx131 /nfs-share/xinchi/kaldi/egs/timit/s5_la4/data-fmllr-tri3/train/data/feats_fmllr_train.7.ark:9127007
fdkn0_sx271 /nfs-share/xinchi/kaldi/egs/timit/s5_la4/data-fmllr-tri3/train/data/feats_fmllr_train.1.ark:11062839
mddc0_sx159 /nfs-share/xinchi/kaldi/egs/timit/s5_la4/data-fmllr-tri3/train/data/feats_fmllr_train.4.ark:16793321
mrmh0_si1349 /nfs-share/xinchi/kaldi/egs/timit/s5_la4/data-fmllr-tri3/train/data/feats_fmllr_train.9.ark:5953535
frjb0_sx167 /nfs-share/xinchi/kaldi/egs/timit/s5_la4/data-fmllr-tri3/train/data/feats_fmllr_train.3.ark:4446961
fgcs0_sx316 /nfs-share/xinchi/kaldi/egs/timit/s5_la4/data-fmllr-tri3/train/data/feats_fmllr_train.1.ark:16484570
mmgg0_si2339 /nfs-share/xinchi/kaldi/egs/timit/s5_la4/data-fmllr-tri3/train/data/feats_fmllr_train.8.ark:461407
mrgm0_si532 /nfs-share/xinchi/kaldi/egs/timit/s5_la4/data-fmllr-tri3/train/data/feats_fmllr_train.8.ark:17597196
mkes0_sx173 /nfs-share/xinchi/kaldi/egs/timit/s5_la4/data-fmllr-tri3/train/data/feats_fmllr_train.7.ark:6904582
fkaa0_sx218 /nfs-share/xinchi/kaldi/egs/timit/s5_la4/data-fmllr-tri3/train/data/feats_fmllr_train.2.ark:5389507
fmju0_si2019 /nfs-share/xinchi/kaldi/egs/timit/s5_la4/data-fmllr-tri3/train/data/feats_fmllr_train.2.ark:16407667
fclt0_si1438 /nfs-share/xinchi/kaldi/egs/timit/s5_la4/data-fmllr-tri3/train/data/feats_fmllr_train.1.ark:7404133
msms0_sx353 /nfs-share/xinchi/kaldi/egs/timit/s5_la4/data-fmllr-tri3/train/data/feats_fmllr_train.9.ark:16854069
mrsp0_sx196 /nfs-share/xinchi/kaldi/egs/timit/s5_la4/data-fmllr-tri3/train/data/feats_fmllr_train.9.ark:8576361
mdhl0_sx269 /nfs-share/xinchi/kaldi/egs/timit/s5_la4/data-fmllr-tri3/train/data/feats_fmllr_train.5.ark:1017356
mddc0_si2049 /nfs-share/xinchi/kaldi/egs/timit/s5_la4/data-fmllr-tri3/train/data/feats_fmllr_train.4.ark:16715667
marw0_sx376 /nfs-share/xinchi/kaldi/egs/timit/s5_la4/data-fmllr-tri3/train/data/feats_fmllr_train.4.ark:3328821
mdcm0_sx40 /nfs-share/xinchi/kaldi/egs/timit/s5_la4/data-fmllr-tri3/train/data/feats_fmllr_train.4.ark:16562304
mpmb0_sx151 /nfs-share/xinchi/kaldi/egs/timit/s5_la4/data-fmllr-tri3/train/data/feats_fmllr_train.8.ark:8180332
mfxv0_si1005 /nfs-share/xinchi/kaldi/egs/timit/s5_la4/data-fmllr-tri3/train/data/feats_fmllr_train.5.ark:15867527
mcth0_si579 /nfs-share/xinchi/kaldi/egs/timit/s5_la4/data-fmllr-tri3/train/data/feats_fmllr_train.4.ark:13323183
mmpm0_sx341 /nfs-share/xinchi/kaldi/egs/timit/s5_la4/data-fmllr-tri3/train/data/feats_fmllr_train.8.ark:2012597
flmc0_sx336 /nfs-share/xinchi/kaldi/egs/timit/s5_la4/data-fmllr-tri3/train/data/feats_fmllr_train.2.ark:13094967
mwch0_sx182 /nfs-share/xinchi/kaldi/egs/timit/s5_la4/data-fmllr-tri3/train/data/feats_fmllr_train.10.ark:14657248
fpls0_sx330 /nfs-share/xinchi/kaldi/egs/timit/s5_la4/data-fmllr-tri3/train/data/feats_fmllr_train.3.ark:3466070
msdb0_sx17 /nfs-share/xinchi/kaldi/egs/timit/s5_la4/data-fmllr-tri3/train/data/feats_fmllr_train.9.ark:12681630
fskc0_sx426 /nfs-share/xinchi/kaldi/egs/timit/s5_la4/data-fmllr-tri3/train/data/feats_fmllr_train.3.ark:10260800
fsls0_sx246 /nfs-share/xinchi/kaldi/egs/timit/s5_la4/data-fmllr-tri3/train/data/feats_fmllr_train.3.ark:11347825
mefg0_si465 /nfs-share/xinchi/kaldi/egs/timit/s5_la4/data-fmllr-tri3/train/data/feats_fmllr_train.5.ark:11417726
mmrp0_si717 /nfs-share/xinchi/kaldi/egs/timit/s5_la4/data-fmllr-tri3/train/data/feats_fmllr_train.8.ark:2177185
fdmy0_sx297 /nfs-share/xinchi/kaldi/egs/timit/s5_la4/data-fmllr-tri3/train/data/feats_fmllr_train.1.ark:12031166
mafm0_sx219 /nfs-share/xinchi/kaldi/egs/timit/s5_la4/data-fmllr-tri3/train/data/feats_fmllr_train.4.ark:894637
fklc1_sx418 /nfs-share/xinchi/kaldi/egs/timit/s5_la4/data-fmllr-tri3/train/data/feats_fmllr_train.2.ark:7981105
mgaw0_sx85 /nfs-share/xinchi/kaldi/egs/timit/s5_la4/data-fmllr-tri3/train/data/feats_fmllr_train.6.ark:716580
fleh0_sx241 /nfs-share/xinchi/kaldi/egs/timit/s5_la4/data-fmllr-tri3/train/data/feats_fmllr_train.2.ark:9859897
mhit0_si2243 /nfs-share/xinchi/kaldi/egs/timit/s5_la4/data-fmllr-tri3/train/data/feats_fmllr_train.6.ark:3961087
mtqc0_sx451 /nfs-share/xinchi/kaldi/egs/timit/s5_la4/data-fmllr-tri3/train/data/feats_fmllr_train.10.ark:10336002
mgag0_sx331 /nfs-share/xinchi/kaldi/egs/timit/s5_la4/data-fmllr-tri3/train/data/feats_fmllr_train.5.ark:16805697
mrmb0_si2211 /nfs-share/xinchi/kaldi/egs/timit/s5_la4/data-fmllr-tri3/train/data/feats_fmllr_train.9.ark:5188780
mjmd0_si1658 /nfs-share/xinchi/kaldi/egs/timit/s5_la4/data-fmllr-tri3/train/data/feats_fmllr_train.6.ark:15455597
fajw0_sx93 /nfs-share/xinchi/kaldi/egs/timit/s5_la4/data-fmllr-tri3/train/data/feats_fmllr_train.1.ark:764097
mrab0_si594 /nfs-share/xinchi/kaldi/egs/timit/s5_la4/data-fmllr-tri3/train/data/feats_fmllr_train.8.ark:11041983
mdsj0_si832 /nfs-share/xinchi/kaldi/egs/timit/s5_la4/data-fmllr-tri3/train/data/feats_fmllr_train.5.ark:8306227
mjmm0_sx445 /nfs-share/xinchi/kaldi/egs/timit/s5_la4/data-fmllr-tri3/train/data/feats_fmllr_train.6.ark:16039310
fbmh0_sx416 /nfs-share/xinchi/kaldi/egs/timit/s5_la4/data-fmllr-tri3/train/data/feats_fmllr_train.1.ark:4376423
fksr0_si1117 /nfs-share/xinchi/kaldi/egs/timit/s5_la4/data-fmllr-tri3/train/data/feats_fmllr_train.2.ark:8479456
fsmm0_sx234 /nfs-share/xinchi/kaldi/egs/timit/s5_la4/data-fmllr-tri3/train/data/feats_fmllr_train.3.ark:12071592
fvfb0_si1510 /nfs-share/xinchi/kaldi/egs/timit/s5_la4/data-fmllr-tri3/train/data/feats_fmllr_train.3.ark:15799280
mges0_si1481 /nfs-share/xinchi/kaldi/egs/timit/s5_la4/data-fmllr-tri3/train/data/feats_fmllr_train.6.ark:751328
mmdb0_si987 /nfs-share/xinchi/kaldi/egs/timit/s5_la4/data-fmllr-tri3/train/data/feats_fmllr_train.7.ark:15563253
fecd0_sx248 /nfs-share/xinchi/kaldi/egs/timit/s5_la4/data-fmllr-tri3/train/data/feats_fmllr_train.1.ark:14389537
mtrr0_sx288 /nfs-share/xinchi/kaldi/egs/timit/s5_la4/data-fmllr-tri3/train/data/feats_fmllr_train.10.ark:11079634
mrab0_sx144 /nfs-share/xinchi/kaldi/egs/timit/s5_la4/data-fmllr-tri3/train/data/feats_fmllr_train.8.ark:11074490
mwsh0_si1426 /nfs-share/xinchi/kaldi/egs/timit/s5_la4/data-fmllr-tri3/train/data/feats_fmllr_train.10.ark:17135164
fecd0_sx338 /nfs-share/xinchi/kaldi/egs/timit/s5_la4/data-fmllr-tri3/train/data/feats_fmllr_train.1.ark:14438044
mfrm0_sx435 /nfs-share/xinchi/kaldi/egs/timit/s5_la4/data-fmllr-tri3/train/data/feats_fmllr_train.5.ark:15029438
mpfu0_sx88 /nfs-share/xinchi/kaldi/egs/timit/s5_la4/data-fmllr-tri3/train/data/feats_fmllr_train.8.ark:6765171
mwem0_sx60 /nfs-share/xinchi/kaldi/egs/timit/s5_la4/data-fmllr-tri3/train/data/feats_fmllr_train.10.ark:15600350
mram0_sx375 /nfs-share/xinchi/kaldi/egs/timit/s5_la4/data-fmllr-tri3/train/data/feats_fmllr_train.8.ark:12461969
fsjw0_sx343 /nfs-share/xinchi/kaldi/egs/timit/s5_la4/data-fmllr-tri3/train/data/feats_fmllr_train.3.ark:9834796
fjsk0_sx332 /nfs-share/xinchi/kaldi/egs/timit/s5_la4/data-fmllr-tri3/train/data/feats_fmllr_train.2.ark:3504290
mdmt0_sx392 /nfs-share/xinchi/kaldi/egs/timit/s5_la4/data-fmllr-tri3/train/data/feats_fmllr_train.5.ark:6231139
mcth0_sx129 /nfs-share/xinchi/kaldi/egs/timit/s5_la4/data-fmllr-tri3/train/data/feats_fmllr_train.4.ark:13379530
mejl0_sx332 /nfs-share/xinchi/kaldi/egs/timit/s5_la4/data-fmllr-tri3/train/data/feats_fmllr_train.5.ark:12459893
mjsr0_sx164 /nfs-share/xinchi/kaldi/egs/timit/s5_la4/data-fmllr-tri3/train/data/feats_fmllr_train.7.ark:1688804
majp0_si1074 /nfs-share/xinchi/kaldi/egs/timit/s5_la4/data-fmllr-tri3/train/data/feats_fmllr_train.4.ark:1061785
mcre0_sx131 /nfs-share/xinchi/kaldi/egs/timit/s5_la4/data-fmllr-tri3/train/data/feats_fmllr_train.4.ark:12600058
mlns0_si777 /nfs-share/xinchi/kaldi/egs/timit/s5_la4/data-fmllr-tri3/train/data/feats_fmllr_train.7.ark:11924979
mjeb0_si656 /nfs-share/xinchi/kaldi/egs/timit/s5_la4/data-fmllr-tri3/train/data/feats_fmllr_train.6.ark:10139625
meal0_si917 /nfs-share/xinchi/kaldi/egs/timit/s5_la4/data-fmllr-tri3/train/data/feats_fmllr_train.5.ark:10850627
fpac0_sx391 /nfs-share/xinchi/kaldi/egs/timit/s5_la4/data-fmllr-tri3/train/data/feats_fmllr_train.3.ark:1566772
mzmb0_sx176 /nfs-share/xinchi/kaldi/egs/timit/s5_la4/data-fmllr-tri3/train/data/feats_fmllr_train.10.ark:17744423
mjjb0_sx239 /nfs-share/xinchi/kaldi/egs/timit/s5_la4/data-fmllr-tri3/train/data/feats_fmllr_train.6.ark:12529781
mgag0_si691 /nfs-share/xinchi/kaldi/egs/timit/s5_la4/data-fmllr-tri3/train/data/feats_fmllr_train.5.ark:16663216
mjwt0_si1291 /nfs-share/xinchi/kaldi/egs/timit/s5_la4/data-fmllr-tri3/train/data/feats_fmllr_train.7.ark:2817532
mmsm0_sx296 /nfs-share/xinchi/kaldi/egs/timit/s5_la4/data-fmllr-tri3/train/data/feats_fmllr_train.8.ark:2882336
mbml0_sx359 /nfs-share/xinchi/kaldi/egs/timit/s5_la4/data-fmllr-tri3/train/data/feats_fmllr_train.4.ark:6532961
mhjb0_sx207 /nfs-share/xinchi/kaldi/egs/timit/s5_la4/data-fmllr-tri3/train/data/feats_fmllr_train.6.ark:4480906
mmag0_sx46 /nfs-share/xinchi/kaldi/egs/timit/s5_la4/data-fmllr-tri3/train/data/feats_fmllr_train.7.ark:13810141
mrjm1_si1928 /nfs-share/xinchi/kaldi/egs/timit/s5_la4/data-fmllr-tri3/train/data/feats_fmllr_train.9.ark:2162245
fscn0_sx86 /nfs-share/xinchi/kaldi/egs/timit/s5_la4/data-fmllr-tri3/train/data/feats_fmllr_train.3.ark:7182129
mjdg0_sx322 /nfs-share/xinchi/kaldi/egs/timit/s5_la4/data-fmllr-tri3/train/data/feats_fmllr_train.6.ark:9492392
mjda0_si2291 /nfs-share/xinchi/kaldi/egs/timit/s5_la4/data-fmllr-tri3/train/data/feats_fmllr_train.6.ark:8096300
mmea0_sx218 /nfs-share/xinchi/kaldi/egs/timit/s5_la4/data-fmllr-tri3/train/data/feats_fmllr_train.7.ark:17492552
mter0_sx257 /nfs-share/xinchi/kaldi/egs/timit/s5_la4/data-fmllr-tri3/train/data/feats_fmllr_train.10.ark:3939222
