mrdd0_sx330 /nfs-share/xinchi/kaldi/egs/timit/s5_la5/data-fmllr-tri3/train/data/feats_fmllr_train.8.ark:14306870
mrre0_sx164 /nfs-share/xinchi/kaldi/egs/timit/s5_la5/data-fmllr-tri3/train/data/feats_fmllr_train.9.ark:7632379
mrjh0_sx439 /nfs-share/xinchi/kaldi/egs/timit/s5_la5/data-fmllr-tri3/train/data/feats_fmllr_train.9.ark:1578905
fear0_sx442 /nfs-share/xinchi/kaldi/egs/timit/s5_la5/data-fmllr-tri3/train/data/feats_fmllr_train.1.ark:14037374
mzmb0_sx356 /nfs-share/xinchi/kaldi/egs/timit/s5_la5/data-fmllr-tri3/train/data/feats_fmllr_train.10.ark:17845437
mrmh0_si1021 /nfs-share/xinchi/kaldi/egs/timit/s5_la5/data-fmllr-tri3/train/data/feats_fmllr_train.9.ark:5893347
mpgr0_si1410 /nfs-share/xinchi/kaldi/egs/timit/s5_la5/data-fmllr-tri3/train/data/feats_fmllr_train.8.ark:7151815
mgaf0_sx112 /nfs-share/xinchi/kaldi/egs/timit/s5_la5/data-fmllr-tri3/train/data/feats_fmllr_train.5.ark:16393107
mrfk0_si1706 /nfs-share/xinchi/kaldi/egs/timit/s5_la5/data-fmllr-tri3/train/data/feats_fmllr_train.8.ark:16782494
fdaw0_sx56 /nfs-share/xinchi/kaldi/egs/timit/s5_la5/data-fmllr-tri3/train/data/feats_fmllr_train.1.ark:10093946
mkam0_sx56 /nfs-share/xinchi/kaldi/egs/timit/s5_la5/data-fmllr-tri3/train/data/feats_fmllr_train.7.ark:5507023
fgmb0_sx335 /nfs-share/xinchi/kaldi/egs/timit/s5_la5/data-fmllr-tri3/train/data/feats_fmllr_train.1.ark:17345804
faem0_si2022 /nfs-share/xinchi/kaldi/egs/timit/s5_la5/data-fmllr-tri3/train/data/feats_fmllr_train.1.ark:75881
feeh0_sx122 /nfs-share/xinchi/kaldi/egs/timit/s5_la5/data-fmllr-tri3/train/data/feats_fmllr_train.1.ark:14745727
mdks0_sx346 /nfs-share/xinchi/kaldi/egs/timit/s5_la5/data-fmllr-tri3/train/data/feats_fmllr_train.5.ark:2156915
mree0_si1104 /nfs-share/xinchi/kaldi/egs/timit/s5_la5/data-fmllr-tri3/train/data/feats_fmllr_train.8.ark:15129918
fmjf0_sx444 /nfs-share/xinchi/kaldi/egs/timit/s5_la5/data-fmllr-tri3/train/data/feats_fmllr_train.2.ark:16216065
mbcg0_sx237 /nfs-share/xinchi/kaldi/egs/timit/s5_la5/data-fmllr-tri3/train/data/feats_fmllr_train.4.ark:4292592
mwac0_si2231 /nfs-share/xinchi/kaldi/egs/timit/s5_la5/data-fmllr-tri3/train/data/feats_fmllr_train.10.ark:13479580
fjsk0_sx422 /nfs-share/xinchi/kaldi/egs/timit/s5_la5/data-fmllr-tri3/train/data/feats_fmllr_train.2.ark:3558237
fetb0_sx428 /nfs-share/xinchi/kaldi/egs/timit/s5_la5/data-fmllr-tri3/train/data/feats_fmllr_train.1.ark:15697602
fjen0_sx417 /nfs-share/xinchi/kaldi/egs/timit/s5_la5/data-fmllr-tri3/train/data/feats_fmllr_train.2.ark:747115
fjxm0_sx131 /nfs-share/xinchi/kaldi/egs/timit/s5_la5/data-fmllr-tri3/train/data/feats_fmllr_train.2.ark:4539286
mwdk0_si1436 /nfs-share/xinchi/kaldi/egs/timit/s5_la5/data-fmllr-tri3/train/data/feats_fmllr_train.10.ark:14865863
mcpm0_sx114 /nfs-share/xinchi/kaldi/egs/timit/s5_la5/data-fmllr-tri3/train/data/feats_fmllr_train.4.ark:12274240
mmar0_si706 /nfs-share/xinchi/kaldi/egs/timit/s5_la5/data-fmllr-tri3/train/data/feats_fmllr_train.7.ark:14318122
mtkp0_sx393 /nfs-share/xinchi/kaldi/egs/timit/s5_la5/data-fmllr-tri3/train/data/feats_fmllr_train.10.ark:6460257
msds0_sx87 /nfs-share/xinchi/kaldi/egs/timit/s5_la5/data-fmllr-tri3/train/data/feats_fmllr_train.9.ark:13612226
mmdm1_si783 /nfs-share/xinchi/kaldi/egs/timit/s5_la5/data-fmllr-tri3/train/data/feats_fmllr_train.7.ark:16685824
mjee0_sx337 /nfs-share/xinchi/kaldi/egs/timit/s5_la5/data-fmllr-tri3/train/data/feats_fmllr_train.6.ark:11061420
fcjf0_si1657 /nfs-share/xinchi/kaldi/egs/timit/s5_la5/data-fmllr-tri3/train/data/feats_fmllr_train.1.ark:6447990
fsdc0_sx322 /nfs-share/xinchi/kaldi/egs/timit/s5_la5/data-fmllr-tri3/train/data/feats_fmllr_train.3.ark:7454134
mmbs0_si1151 /nfs-share/xinchi/kaldi/egs/timit/s5_la5/data-fmllr-tri3/train/data/feats_fmllr_train.7.ark:14666924
fcjf0_sx397 /nfs-share/xinchi/kaldi/egs/timit/s5_la5/data-fmllr-tri3/train/data/feats_fmllr_train.1.ark:6661431
mdlc0_sx405 /nfs-share/xinchi/kaldi/egs/timit/s5_la5/data-fmllr-tri3/train/data/feats_fmllr_train.5.ark:3103456
mnet0_si1446 /nfs-share/xinchi/kaldi/egs/timit/s5_la5/data-fmllr-tri3/train/data/feats_fmllr_train.8.ark:4986355
marw0_sx106 /nfs-share/xinchi/kaldi/egs/timit/s5_la5/data-fmllr-tri3/train/data/feats_fmllr_train.4.ark:3088554
fhxs0_si2302 /nfs-share/xinchi/kaldi/egs/timit/s5_la5/data-fmllr-tri3/train/data/feats_fmllr_train.1.ark:18430189
mrcw0_si1371 /nfs-share/xinchi/kaldi/egs/timit/s5_la5/data-fmllr-tri3/train/data/feats_fmllr_train.8.ark:13699929
mmsm0_sx206 /nfs-share/xinchi/kaldi/egs/timit/s5_la5/data-fmllr-tri3/train/data/feats_fmllr_train.8.ark:2784203
fblv0_si2318 /nfs-share/xinchi/kaldi/egs/timit/s5_la5/data-fmllr-tri3/train/data/feats_fmllr_train.1.ark:3799778
mprt0_sx400 /nfs-share/xinchi/kaldi/egs/timit/s5_la5/data-fmllr-tri3/train/data/feats_fmllr_train.8.ark:10590963
mbma0_si1222 /nfs-share/xinchi/kaldi/egs/timit/s5_la5/data-fmllr-tri3/train/data/feats_fmllr_train.4.ark:5550791
fjlg0_sx449 /nfs-share/xinchi/kaldi/egs/timit/s5_la5/data-fmllr-tri3/train/data/feats_fmllr_train.2.ark:1890008
mtmt0_si1748 /nfs-share/xinchi/kaldi/egs/timit/s5_la5/data-fmllr-tri3/train/data/feats_fmllr_train.10.ark:8114302
mrre0_sx344 /nfs-share/xinchi/kaldi/egs/timit/s5_la5/data-fmllr-tri3/train/data/feats_fmllr_train.9.ark:7734193
mctm0_si1980 /nfs-share/xinchi/kaldi/egs/timit/s5_la5/data-fmllr-tri3/train/data/feats_fmllr_train.4.ark:13676013
fdmy0_sx117 /nfs-share/xinchi/kaldi/egs/timit/s5_la5/data-fmllr-tri3/train/data/feats_fmllr_train.1.ark:11877326
mtpf0_sx335 /nfs-share/xinchi/kaldi/egs/timit/s5_la5/data-fmllr-tri3/train/data/feats_fmllr_train.10.ark:8690307
mtpr0_sx430 /nfs-share/xinchi/kaldi/egs/timit/s5_la5/data-fmllr-tri3/train/data/feats_fmllr_train.10.ark:9855145
mgxp0_sx97 /nfs-share/xinchi/kaldi/egs/timit/s5_la5/data-fmllr-tri3/train/data/feats_fmllr_train.6.ark:3521774
fjlg0_si1889 /nfs-share/xinchi/kaldi/egs/timit/s5_la5/data-fmllr-tri3/train/data/feats_fmllr_train.2.ark:1638832
mkrg0_sx231 /nfs-share/xinchi/kaldi/egs/timit/s5_la5/data-fmllr-tri3/train/data/feats_fmllr_train.7.ark:9633011
mpgr1_si2129 /nfs-share/xinchi/kaldi/egs/timit/s5_la5/data-fmllr-tri3/train/data/feats_fmllr_train.8.ark:7602328
fsak0_si670 /nfs-share/xinchi/kaldi/egs/timit/s5_la5/data-fmllr-tri3/train/data/feats_fmllr_train.3.ark:6057721
fsag0_si1953 /nfs-share/xinchi/kaldi/egs/timit/s5_la5/data-fmllr-tri3/train/data/feats_fmllr_train.3.ark:5146700
mclk0_sx220 /nfs-share/xinchi/kaldi/egs/timit/s5_la5/data-fmllr-tri3/train/data/feats_fmllr_train.4.ark:11588873
fdfb0_si1948 /nfs-share/xinchi/kaldi/egs/timit/s5_la5/data-fmllr-tri3/train/data/feats_fmllr_train.1.ark:10205682
mmws0_si1518 /nfs-share/xinchi/kaldi/egs/timit/s5_la5/data-fmllr-tri3/train/data/feats_fmllr_train.8.ark:3940266
makb0_sx296 /nfs-share/xinchi/kaldi/egs/timit/s5_la5/data-fmllr-tri3/train/data/feats_fmllr_train.4.ark:1875446
fsbk0_sx349 /nfs-share/xinchi/kaldi/egs/timit/s5_la5/data-fmllr-tri3/train/data/feats_fmllr_train.3.ark:6559940
fsbk0_sx259 /nfs-share/xinchi/kaldi/egs/timit/s5_la5/data-fmllr-tri3/train/data/feats_fmllr_train.3.ark:6505673
mmlm0_sx87 /nfs-share/xinchi/kaldi/egs/timit/s5_la5/data-fmllr-tri3/train/data/feats_fmllr_train.8.ark:1725232
fcyl0_sx349 /nfs-share/xinchi/kaldi/egs/timit/s5_la5/data-fmllr-tri3/train/data/feats_fmllr_train.1.ark:9168658
ftmg0_si902 /nfs-share/xinchi/kaldi/egs/timit/s5_la5/data-fmllr-tri3/train/data/feats_fmllr_train.3.ark:15446930
mewm0_sx268 /nfs-share/xinchi/kaldi/egs/timit/s5_la5/data-fmllr-tri3/train/data/feats_fmllr_train.5.ark:13858012
mkdt0_sx263 /nfs-share/xinchi/kaldi/egs/timit/s5_la5/data-fmllr-tri3/train/data/feats_fmllr_train.7.ark:6541032
mrgm0_sx262 /nfs-share/xinchi/kaldi/egs/timit/s5_la5/data-fmllr-tri3/train/data/feats_fmllr_train.8.ark:17738690
fpaf0_sx154 /nfs-share/xinchi/kaldi/egs/timit/s5_la5/data-fmllr-tri3/train/data/feats_fmllr_train.3.ark:2192060
mcew0_sx92 /nfs-share/xinchi/kaldi/egs/timit/s5_la5/data-fmllr-tri3/train/data/feats_fmllr_train.4.ark:10922598
fkaa0_sx38 /nfs-share/xinchi/kaldi/egs/timit/s5_la5/data-fmllr-tri3/train/data/feats_fmllr_train.2.ark:5499800
fmbg0_si1790 /nfs-share/xinchi/kaldi/egs/timit/s5_la5/data-fmllr-tri3/train/data/feats_fmllr_train.2.ark:14791121
mdlh0_si574 /nfs-share/xinchi/kaldi/egs/timit/s5_la5/data-fmllr-tri3/train/data/feats_fmllr_train.5.ark:3964132
falk0_sx366 /nfs-share/xinchi/kaldi/egs/timit/s5_la5/data-fmllr-tri3/train/data/feats_fmllr_train.1.ark:1064740
falr0_sx65 /nfs-share/xinchi/kaldi/egs/timit/s5_la5/data-fmllr-tri3/train/data/feats_fmllr_train.1.ark:1531248
mmvp0_sx114 /nfs-share/xinchi/kaldi/egs/timit/s5_la5/data-fmllr-tri3/train/data/feats_fmllr_train.8.ark:3167753
mrlj0_sx70 /nfs-share/xinchi/kaldi/egs/timit/s5_la5/data-fmllr-tri3/train/data/feats_fmllr_train.9.ark:4044712
msfh0_si586 /nfs-share/xinchi/kaldi/egs/timit/s5_la5/data-fmllr-tri3/train/data/feats_fmllr_train.9.ark:14648584
mcth0_sx129 /nfs-share/xinchi/kaldi/egs/timit/s5_la5/data-fmllr-tri3/train/data/feats_fmllr_train.4.ark:13379530
mdhl0_sx449 /nfs-share/xinchi/kaldi/egs/timit/s5_la5/data-fmllr-tri3/train/data/feats_fmllr_train.5.ark:1108290
mchl0_si1977 /nfs-share/xinchi/kaldi/egs/timit/s5_la5/data-fmllr-tri3/train/data/feats_fmllr_train.4.ark:11121722
mrkm0_sx97 /nfs-share/xinchi/kaldi/egs/timit/s5_la5/data-fmllr-tri3/train/data/feats_fmllr_train.9.ark:3340918
mrwa0_sx163 /nfs-share/xinchi/kaldi/egs/timit/s5_la5/data-fmllr-tri3/train/data/feats_fmllr_train.9.ark:10142002
mjjb0_si1139 /nfs-share/xinchi/kaldi/egs/timit/s5_la5/data-fmllr-tri3/train/data/feats_fmllr_train.6.ark:12331111
mjai0_sx74 /nfs-share/xinchi/kaldi/egs/timit/s5_la5/data-fmllr-tri3/train/data/feats_fmllr_train.6.ark:7609118
mrws0_sx112 /nfs-share/xinchi/kaldi/egs/timit/s5_la5/data-fmllr-tri3/train/data/feats_fmllr_train.9.ark:10512939
fgrw0_sx342 /nfs-share/xinchi/kaldi/egs/timit/s5_la5/data-fmllr-tri3/train/data/feats_fmllr_train.1.ark:17799302
mjai0_sx344 /nfs-share/xinchi/kaldi/egs/timit/s5_la5/data-fmllr-tri3/train/data/feats_fmllr_train.6.ark:7536425
mefg0_si465 /nfs-share/xinchi/kaldi/egs/timit/s5_la5/data-fmllr-tri3/train/data/feats_fmllr_train.5.ark:11417726
mjda0_si1031 /nfs-share/xinchi/kaldi/egs/timit/s5_la5/data-fmllr-tri3/train/data/feats_fmllr_train.6.ark:8039444
ftlg0_sx393 /nfs-share/xinchi/kaldi/egs/timit/s5_la5/data-fmllr-tri3/train/data/feats_fmllr_train.3.ark:15339807
fntb0_si679 /nfs-share/xinchi/kaldi/egs/timit/s5_la5/data-fmllr-tri3/train/data/feats_fmllr_train.3.ark:458684
mdem0_si1868 /nfs-share/xinchi/kaldi/egs/timit/s5_la5/data-fmllr-tri3/train/data/feats_fmllr_train.5.ark:352071
mgag0_sx61 /nfs-share/xinchi/kaldi/egs/timit/s5_la5/data-fmllr-tri3/train/data/feats_fmllr_train.5.ark:16879670
mwar0_sx325 /nfs-share/xinchi/kaldi/egs/timit/s5_la5/data-fmllr-tri3/train/data/feats_fmllr_train.10.ark:14414204
mhbs0_sx225 /nfs-share/xinchi/kaldi/egs/timit/s5_la5/data-fmllr-tri3/train/data/feats_fmllr_train.6.ark:3768311
mdss1_si1713 /nfs-share/xinchi/kaldi/egs/timit/s5_la5/data-fmllr-tri3/train/data/feats_fmllr_train.5.ark:8958634
mkdt0_sx353 /nfs-share/xinchi/kaldi/egs/timit/s5_la5/data-fmllr-tri3/train/data/feats_fmllr_train.7.ark:6578499
mefg0_sx195 /nfs-share/xinchi/kaldi/egs/timit/s5_la5/data-fmllr-tri3/train/data/feats_fmllr_train.5.ark:11691460
mnet0_sx96 /nfs-share/xinchi/kaldi/egs/timit/s5_la5/data-fmllr-tri3/train/data/feats_fmllr_train.8.ark:5278702
fjlg0_sx179 /nfs-share/xinchi/kaldi/egs/timit/s5_la5/data-fmllr-tri3/train/data/feats_fmllr_train.2.ark:1742727
mcef0_sx415 /nfs-share/xinchi/kaldi/egs/timit/s5_la5/data-fmllr-tri3/train/data/feats_fmllr_train.4.ark:10399315
mtmt0_si1118 /nfs-share/xinchi/kaldi/egs/timit/s5_la5/data-fmllr-tri3/train/data/feats_fmllr_train.10.ark:8068354
fskc0_sx66 /nfs-share/xinchi/kaldi/egs/timit/s5_la5/data-fmllr-tri3/train/data/feats_fmllr_train.3.ark:10309146
fpaf0_sx64 /nfs-share/xinchi/kaldi/egs/timit/s5_la5/data-fmllr-tri3/train/data/feats_fmllr_train.3.ark:2379207
mlsh0_sx247 /nfs-share/xinchi/kaldi/egs/timit/s5_la5/data-fmllr-tri3/train/data/feats_fmllr_train.7.ark:12378690
fdnc0_sx198 /nfs-share/xinchi/kaldi/egs/timit/s5_la5/data-fmllr-tri3/train/data/feats_fmllr_train.1.ark:12430877
fblv0_sx338 /nfs-share/xinchi/kaldi/egs/timit/s5_la5/data-fmllr-tri3/train/data/feats_fmllr_train.1.ark:3930739
mrav0_si1638 /nfs-share/xinchi/kaldi/egs/timit/s5_la5/data-fmllr-tri3/train/data/feats_fmllr_train.8.ark:12541065
fbjl0_si922 /nfs-share/xinchi/kaldi/egs/timit/s5_la5/data-fmllr-tri3/train/data/feats_fmllr_train.1.ark:3364680
mmlm0_sx177 /nfs-share/xinchi/kaldi/egs/timit/s5_la5/data-fmllr-tri3/train/data/feats_fmllr_train.8.ark:1563045
mrso0_si2289 /nfs-share/xinchi/kaldi/egs/timit/s5_la5/data-fmllr-tri3/train/data/feats_fmllr_train.9.ark:8022970
mram0_sx285 /nfs-share/xinchi/kaldi/egs/timit/s5_la5/data-fmllr-tri3/train/data/feats_fmllr_train.8.ark:12416502
mmaa0_sx395 /nfs-share/xinchi/kaldi/egs/timit/s5_la5/data-fmllr-tri3/train/data/feats_fmllr_train.7.ark:12953547
mcth0_si1839 /nfs-share/xinchi/kaldi/egs/timit/s5_la5/data-fmllr-tri3/train/data/feats_fmllr_train.4.ark:13289716
fsls0_sx202 /nfs-share/xinchi/kaldi/egs/timit/s5_la5/data-fmllr-tri3/train/data/feats_fmllr_train.3.ark:11316758
fvkb0_sx349 /nfs-share/xinchi/kaldi/egs/timit/s5_la5/data-fmllr-tri3/train/data/feats_fmllr_train.3.ark:16318486
mhmr0_si1692 /nfs-share/xinchi/kaldi/egs/timit/s5_la5/data-fmllr-tri3/train/data/feats_fmllr_train.6.ark:4998219
makb0_si2276 /nfs-share/xinchi/kaldi/egs/timit/s5_la5/data-fmllr-tri3/train/data/feats_fmllr_train.4.ark:1643339
mkrg0_sx411 /nfs-share/xinchi/kaldi/egs/timit/s5_la5/data-fmllr-tri3/train/data/feats_fmllr_train.7.ark:9677704
mmws1_sx27 /nfs-share/xinchi/kaldi/egs/timit/s5_la5/data-fmllr-tri3/train/data/feats_fmllr_train.8.ark:4469231
flmk0_sx135 /nfs-share/xinchi/kaldi/egs/timit/s5_la5/data-fmllr-tri3/train/data/feats_fmllr_train.2.ark:13358145
mrhl0_sx255 /nfs-share/xinchi/kaldi/egs/timit/s5_la5/data-fmllr-tri3/train/data/feats_fmllr_train.9.ark:615217
fkkh0_si1290 /nfs-share/xinchi/kaldi/egs/timit/s5_la5/data-fmllr-tri3/train/data/feats_fmllr_train.2.ark:6890107
fpjf0_si1046 /nfs-share/xinchi/kaldi/egs/timit/s5_la5/data-fmllr-tri3/train/data/feats_fmllr_train.3.ark:2831611
mjls0_si466 /nfs-share/xinchi/kaldi/egs/timit/s5_la5/data-fmllr-tri3/train/data/feats_fmllr_train.6.ark:14800790
fskl0_si2159 /nfs-share/xinchi/kaldi/egs/timit/s5_la5/data-fmllr-tri3/train/data/feats_fmllr_train.3.ark:10395922
mbgt0_sx261 /nfs-share/xinchi/kaldi/egs/timit/s5_la5/data-fmllr-tri3/train/data/feats_fmllr_train.4.ark:5009986
mpar0_sx136 /nfs-share/xinchi/kaldi/egs/timit/s5_la5/data-fmllr-tri3/train/data/feats_fmllr_train.8.ark:5860150
mrxb0_sx55 /nfs-share/xinchi/kaldi/egs/timit/s5_la5/data-fmllr-tri3/train/data/feats_fmllr_train.9.ark:11052143
mstf0_si1396 /nfs-share/xinchi/kaldi/egs/timit/s5_la5/data-fmllr-tri3/train/data/feats_fmllr_train.9.ark:17729943
mrav0_si1008 /nfs-share/xinchi/kaldi/egs/timit/s5_la5/data-fmllr-tri3/train/data/feats_fmllr_train.8.ark:12512557
mdlh0_sx250 /nfs-share/xinchi/kaldi/egs/timit/s5_la5/data-fmllr-tri3/train/data/feats_fmllr_train.5.ark:4125653
fklc0_sx445 /nfs-share/xinchi/kaldi/egs/timit/s5_la5/data-fmllr-tri3/train/data/feats_fmllr_train.2.ark:7620887
mdrd0_sx212 /nfs-share/xinchi/kaldi/egs/timit/s5_la5/data-fmllr-tri3/train/data/feats_fmllr_train.5.ark:7995664
mjlg1_sx292 /nfs-share/xinchi/kaldi/egs/timit/s5_la5/data-fmllr-tri3/train/data/feats_fmllr_train.6.ark:14561320
mtmn0_sx434 /nfs-share/xinchi/kaldi/egs/timit/s5_la5/data-fmllr-tri3/train/data/feats_fmllr_train.10.ark:7982700
maeo0_sx156 /nfs-share/xinchi/kaldi/egs/timit/s5_la5/data-fmllr-tri3/train/data/feats_fmllr_train.4.ark:517913
fkde0_sx241 /nfs-share/xinchi/kaldi/egs/timit/s5_la5/data-fmllr-tri3/train/data/feats_fmllr_train.2.ark:5851325
mram0_sx15 /nfs-share/xinchi/kaldi/egs/timit/s5_la5/data-fmllr-tri3/train/data/feats_fmllr_train.8.ark:12333568
mdns0_sx201 /nfs-share/xinchi/kaldi/egs/timit/s5_la5/data-fmllr-tri3/train/data/feats_fmllr_train.5.ark:6508076
mrgs0_sx366 /nfs-share/xinchi/kaldi/egs/timit/s5_la5/data-fmllr-tri3/train/data/feats_fmllr_train.9.ark:257589
mtcs0_si1972 /nfs-share/xinchi/kaldi/egs/timit/s5_la5/data-fmllr-tri3/train/data/feats_fmllr_train.10.ark:2446435
fscn0_sx266 /nfs-share/xinchi/kaldi/egs/timit/s5_la5/data-fmllr-tri3/train/data/feats_fmllr_train.3.ark:7018209
fcmg0_si1142 /nfs-share/xinchi/kaldi/egs/timit/s5_la5/data-fmllr-tri3/train/data/feats_fmllr_train.1.ark:7779390
fsgf0_sx207 /nfs-share/xinchi/kaldi/egs/timit/s5_la5/data-fmllr-tri3/train/data/feats_fmllr_train.3.ark:8150061
fpaf0_sx334 /nfs-share/xinchi/kaldi/egs/timit/s5_la5/data-fmllr-tri3/train/data/feats_fmllr_train.3.ark:2290994
mrml0_si2051 /nfs-share/xinchi/kaldi/egs/timit/s5_la5/data-fmllr-tri3/train/data/feats_fmllr_train.9.ark:6342393
fpmy0_si523 /nfs-share/xinchi/kaldi/egs/timit/s5_la5/data-fmllr-tri3/train/data/feats_fmllr_train.3.ark:3679299
mmaa0_si845 /nfs-share/xinchi/kaldi/egs/timit/s5_la5/data-fmllr-tri3/train/data/feats_fmllr_train.7.ark:12701733
mmag0_si1756 /nfs-share/xinchi/kaldi/egs/timit/s5_la5/data-fmllr-tri3/train/data/feats_fmllr_train.7.ark:13465180
fdfb0_sx418 /nfs-share/xinchi/kaldi/egs/timit/s5_la5/data-fmllr-tri3/train/data/feats_fmllr_train.1.ark:10376538
msms0_si2063 /nfs-share/xinchi/kaldi/egs/timit/s5_la5/data-fmllr-tri3/train/data/feats_fmllr_train.9.ark:16668681
mjpg0_sx111 /nfs-share/xinchi/kaldi/egs/timit/s5_la5/data-fmllr-tri3/train/data/feats_fmllr_train.6.ark:16271606
flmk0_sx405 /nfs-share/xinchi/kaldi/egs/timit/s5_la5/data-fmllr-tri3/train/data/feats_fmllr_train.2.ark:13496786
megj0_si707 /nfs-share/xinchi/kaldi/egs/timit/s5_la5/data-fmllr-tri3/train/data/feats_fmllr_train.5.ark:11943757
mmws0_si559 /nfs-share/xinchi/kaldi/egs/timit/s5_la5/data-fmllr-tri3/train/data/feats_fmllr_train.8.ark:3990533
ftbr0_sx291 /nfs-share/xinchi/kaldi/egs/timit/s5_la5/data-fmllr-tri3/train/data/feats_fmllr_train.3.ark:14511987
mgjc0_sx345 /nfs-share/xinchi/kaldi/egs/timit/s5_la5/data-fmllr-tri3/train/data/feats_fmllr_train.6.ark:1331682
fcmg0_sx342 /nfs-share/xinchi/kaldi/egs/timit/s5_la5/data-fmllr-tri3/train/data/feats_fmllr_train.1.ark:8036967
mbma0_si592 /nfs-share/xinchi/kaldi/egs/timit/s5_la5/data-fmllr-tri3/train/data/feats_fmllr_train.4.ark:5653726
fntb0_si1203 /nfs-share/xinchi/kaldi/egs/timit/s5_la5/data-fmllr-tri3/train/data/feats_fmllr_train.3.ark:378950
mdpk0_si1683 /nfs-share/xinchi/kaldi/egs/timit/s5_la5/data-fmllr-tri3/train/data/feats_fmllr_train.5.ark:7125709
mcxm0_sx361 /nfs-share/xinchi/kaldi/egs/timit/s5_la5/data-fmllr-tri3/train/data/feats_fmllr_train.4.ark:14229618
fjsk0_sx332 /nfs-share/xinchi/kaldi/egs/timit/s5_la5/data-fmllr-tri3/train/data/feats_fmllr_train.2.ark:3504290
mlel0_sx436 /nfs-share/xinchi/kaldi/egs/timit/s5_la5/data-fmllr-tri3/train/data/feats_fmllr_train.7.ark:10840436
flet0_sx147 /nfs-share/xinchi/kaldi/egs/timit/s5_la5/data-fmllr-tri3/train/data/feats_fmllr_train.2.ark:10228407
fsah0_sx327 /nfs-share/xinchi/kaldi/egs/timit/s5_la5/data-fmllr-tri3/train/data/feats_fmllr_train.3.ark:5760758
fdkn0_sx451 /nfs-share/xinchi/kaldi/egs/timit/s5_la5/data-fmllr-tri3/train/data/feats_fmllr_train.1.ark:11158253
mdas0_si1266 /nfs-share/xinchi/kaldi/egs/timit/s5_la5/data-fmllr-tri3/train/data/feats_fmllr_train.4.ark:14766236
fkfb0_sx348 /nfs-share/xinchi/kaldi/egs/timit/s5_la5/data-fmllr-tri3/train/data/feats_fmllr_train.2.ark:6690026
mdac0_sx361 /nfs-share/xinchi/kaldi/egs/timit/s5_la5/data-fmllr-tri3/train/data/feats_fmllr_train.4.ark:14627755
mkls1_si2175 /nfs-share/xinchi/kaldi/egs/timit/s5_la5/data-fmllr-tri3/train/data/feats_fmllr_train.7.ark:8673135
fbas0_sx397 /nfs-share/xinchi/kaldi/egs/timit/s5_la5/data-fmllr-tri3/train/data/feats_fmllr_train.1.ark:2416324
mdef0_sx303 /nfs-share/xinchi/kaldi/egs/timit/s5_la5/data-fmllr-tri3/train/data/feats_fmllr_train.5.ark:244310
mdlr0_si1863 /nfs-share/xinchi/kaldi/egs/timit/s5_la5/data-fmllr-tri3/train/data/feats_fmllr_train.5.ark:4713526
mtdb0_si1401 /nfs-share/xinchi/kaldi/egs/timit/s5_la5/data-fmllr-tri3/train/data/feats_fmllr_train.10.ark:2828092
mjdm0_sx440 /nfs-share/xinchi/kaldi/egs/timit/s5_la5/data-fmllr-tri3/train/data/feats_fmllr_train.6.ark:9943036
makr0_sx272 /nfs-share/xinchi/kaldi/egs/timit/s5_la5/data-fmllr-tri3/train/data/feats_fmllr_train.4.ark:2098330
mwsb0_sx96 /nfs-share/xinchi/kaldi/egs/timit/s5_la5/data-fmllr-tri3/train/data/feats_fmllr_train.10.ark:17095456
madd0_sx358 /nfs-share/xinchi/kaldi/egs/timit/s5_la5/data-fmllr-tri3/train/data/feats_fmllr_train.3.ark:17832794
mrcw0_sx111 /nfs-share/xinchi/kaldi/egs/timit/s5_la5/data-fmllr-tri3/train/data/feats_fmllr_train.8.ark:13866891
fcke0_sx211 /nfs-share/xinchi/kaldi/egs/timit/s5_la5/data-fmllr-tri3/train/data/feats_fmllr_train.1.ark:7264665
ftlg0_sx123 /nfs-share/xinchi/kaldi/egs/timit/s5_la5/data-fmllr-tri3/train/data/feats_fmllr_train.3.ark:15164980
mdjm0_sx285 /nfs-share/xinchi/kaldi/egs/timit/s5_la5/data-fmllr-tri3/train/data/feats_fmllr_train.5.ark:1840083
mjbg0_sx62 /nfs-share/xinchi/kaldi/egs/timit/s5_la5/data-fmllr-tri3/train/data/feats_fmllr_train.6.ark:7992376
mdss0_sx171 /nfs-share/xinchi/kaldi/egs/timit/s5_la5/data-fmllr-tri3/train/data/feats_fmllr_train.5.ark:8701511
mgrp0_si687 /nfs-share/xinchi/kaldi/egs/timit/s5_la5/data-fmllr-tri3/train/data/feats_fmllr_train.6.ark:1984515
msah1_si1049 /nfs-share/xinchi/kaldi/egs/timit/s5_la5/data-fmllr-tri3/train/data/feats_fmllr_train.9.ark:11101451
mfxs0_si2225 /nfs-share/xinchi/kaldi/egs/timit/s5_la5/data-fmllr-tri3/train/data/feats_fmllr_train.5.ark:15536937
mjde0_sx310 /nfs-share/xinchi/kaldi/egs/timit/s5_la5/data-fmllr-tri3/train/data/feats_fmllr_train.6.ark:9067694
mrfk0_sx176 /nfs-share/xinchi/kaldi/egs/timit/s5_la5/data-fmllr-tri3/train/data/feats_fmllr_train.8.ark:16839989
mmar0_sx166 /nfs-share/xinchi/kaldi/egs/timit/s5_la5/data-fmllr-tri3/train/data/feats_fmllr_train.7.ark:14354149
mrtj0_sx142 /nfs-share/xinchi/kaldi/egs/timit/s5_la5/data-fmllr-tri3/train/data/feats_fmllr_train.9.ark:9359648
mtjg0_sx170 /nfs-share/xinchi/kaldi/egs/timit/s5_la5/data-fmllr-tri3/train/data/feats_fmllr_train.10.ark:4200345
mmrp0_si774 /nfs-share/xinchi/kaldi/egs/timit/s5_la5/data-fmllr-tri3/train/data/feats_fmllr_train.8.ark:2216732
frll0_si1514 /nfs-share/xinchi/kaldi/egs/timit/s5_la5/data-fmllr-tri3/train/data/feats_fmllr_train.3.ark:4704856
medr0_si1374 /nfs-share/xinchi/kaldi/egs/timit/s5_la5/data-fmllr-tri3/train/data/feats_fmllr_train.5.ark:11081030
mrav0_sx198 /nfs-share/xinchi/kaldi/egs/timit/s5_la5/data-fmllr-tri3/train/data/feats_fmllr_train.8.ark:12731093
flma0_sx73 /nfs-share/xinchi/kaldi/egs/timit/s5_la5/data-fmllr-tri3/train/data/feats_fmllr_train.2.ark:12782777
mwgr0_si2236 /nfs-share/xinchi/kaldi/egs/timit/s5_la5/data-fmllr-tri3/train/data/feats_fmllr_train.10.ark:15694806
mdps0_si1979 /nfs-share/xinchi/kaldi/egs/timit/s5_la5/data-fmllr-tri3/train/data/feats_fmllr_train.5.ark:7443846
fntb0_sx303 /nfs-share/xinchi/kaldi/egs/timit/s5_la5/data-fmllr-tri3/train/data/feats_fmllr_train.3.ark:626125
mtdb0_si771 /nfs-share/xinchi/kaldi/egs/timit/s5_la5/data-fmllr-tri3/train/data/feats_fmllr_train.10.ark:2927027
fsjg0_sx130 /nfs-share/xinchi/kaldi/egs/timit/s5_la5/data-fmllr-tri3/train/data/feats_fmllr_train.3.ark:8493131
fkfb0_sx168 /nfs-share/xinchi/kaldi/egs/timit/s5_la5/data-fmllr-tri3/train/data/feats_fmllr_train.2.ark:6598132
mwac0_sx251 /nfs-share/xinchi/kaldi/egs/timit/s5_la5/data-fmllr-tri3/train/data/feats_fmllr_train.10.ark:13646381
fmjb0_sx187 /nfs-share/xinchi/kaldi/egs/timit/s5_la5/data-fmllr-tri3/train/data/feats_fmllr_train.2.ark:15715129
fpmy0_sx253 /nfs-share/xinchi/kaldi/egs/timit/s5_la5/data-fmllr-tri3/train/data/feats_fmllr_train.3.ark:3859700
falk0_si658 /nfs-share/xinchi/kaldi/egs/timit/s5_la5/data-fmllr-tri3/train/data/feats_fmllr_train.1.ark:905779
mvjh0_sx386 /nfs-share/xinchi/kaldi/egs/timit/s5_la5/data-fmllr-tri3/train/data/feats_fmllr_train.10.ark:12665970
makb0_sx386 /nfs-share/xinchi/kaldi/egs/timit/s5_la5/data-fmllr-tri3/train/data/feats_fmllr_train.4.ark:1917073
falr0_si695 /nfs-share/xinchi/kaldi/egs/timit/s5_la5/data-fmllr-tri3/train/data/feats_fmllr_train.1.ark:1302954
mgsl0_si797 /nfs-share/xinchi/kaldi/egs/timit/s5_la5/data-fmllr-tri3/train/data/feats_fmllr_train.6.ark:2809906
mjws0_si1773 /nfs-share/xinchi/kaldi/egs/timit/s5_la5/data-fmllr-tri3/train/data/feats_fmllr_train.7.ark:2444063
fsdc0_sx412 /nfs-share/xinchi/kaldi/egs/timit/s5_la5/data-fmllr-tri3/train/data/feats_fmllr_train.3.ark:7493521
mmpm0_si1691 /nfs-share/xinchi/kaldi/egs/timit/s5_la5/data-fmllr-tri3/train/data/feats_fmllr_train.8.ark:1803688
mgjc0_sx75 /nfs-share/xinchi/kaldi/egs/timit/s5_la5/data-fmllr-tri3/train/data/feats_fmllr_train.6.ark:1459095
mgar0_sx42 /nfs-share/xinchi/kaldi/egs/timit/s5_la5/data-fmllr-tri3/train/data/feats_fmllr_train.6.ark:347883
mcal0_sx328 /nfs-share/xinchi/kaldi/egs/timit/s5_la5/data-fmllr-tri3/train/data/feats_fmllr_train.4.ark:8808980
mrlj1_sx51 /nfs-share/xinchi/kaldi/egs/timit/s5_la5/data-fmllr-tri3/train/data/feats_fmllr_train.9.ark:4361410
mkag0_si2239 /nfs-share/xinchi/kaldi/egs/timit/s5_la5/data-fmllr-tri3/train/data/feats_fmllr_train.7.ark:4075651
mmgk0_si692 /nfs-share/xinchi/kaldi/egs/timit/s5_la5/data-fmllr-tri3/train/data/feats_fmllr_train.8.ark:812984
mses0_sx329 /nfs-share/xinchi/kaldi/egs/timit/s5_la5/data-fmllr-tri3/train/data/feats_fmllr_train.9.ark:14387168
mmdg0_si520 /nfs-share/xinchi/kaldi/egs/timit/s5_la5/data-fmllr-tri3/train/data/feats_fmllr_train.7.ark:15928430
fgmb0_sx155 /nfs-share/xinchi/kaldi/egs/timit/s5_la5/data-fmllr-tri3/train/data/feats_fmllr_train.1.ark:17233270
mmwb0_si2249 /nfs-share/xinchi/kaldi/egs/timit/s5_la5/data-fmllr-tri3/train/data/feats_fmllr_train.8.ark:3483917
fpaz0_si1593 /nfs-share/xinchi/kaldi/egs/timit/s5_la5/data-fmllr-tri3/train/data/feats_fmllr_train.3.ark:2427075
mrmh0_si1349 /nfs-share/xinchi/kaldi/egs/timit/s5_la5/data-fmllr-tri3/train/data/feats_fmllr_train.9.ark:5953535
fcjs0_sx437 /nfs-share/xinchi/kaldi/egs/timit/s5_la5/data-fmllr-tri3/train/data/feats_fmllr_train.1.ark:6950742
fpjf0_si1259 /nfs-share/xinchi/kaldi/egs/timit/s5_la5/data-fmllr-tri3/train/data/feats_fmllr_train.3.ark:2873239
mrvg0_si1140 /nfs-share/xinchi/kaldi/egs/timit/s5_la5/data-fmllr-tri3/train/data/feats_fmllr_train.9.ark:9665703
mkag0_si979 /nfs-share/xinchi/kaldi/egs/timit/s5_la5/data-fmllr-tri3/train/data/feats_fmllr_train.7.ark:4114238
fsmm0_sx234 /nfs-share/xinchi/kaldi/egs/timit/s5_la5/data-fmllr-tri3/train/data/feats_fmllr_train.3.ark:12071592
fdfb0_si2010 /nfs-share/xinchi/kaldi/egs/timit/s5_la5/data-fmllr-tri3/train/data/feats_fmllr_train.1.ark:10230990
mjhi0_sx248 /nfs-share/xinchi/kaldi/egs/timit/s5_la5/data-fmllr-tri3/train/data/feats_fmllr_train.6.ark:12147483
mrgs0_si1356 /nfs-share/xinchi/kaldi/egs/timit/s5_la5/data-fmllr-tri3/train/data/feats_fmllr_train.9.ark:13
mtrt0_si1227 /nfs-share/xinchi/kaldi/egs/timit/s5_la5/data-fmllr-tri3/train/data/feats_fmllr_train.10.ark:11187849
msjk0_sx156 /nfs-share/xinchi/kaldi/egs/timit/s5_la5/data-fmllr-tri3/train/data/feats_fmllr_train.9.ark:15569685
mwrp0_sx273 /nfs-share/xinchi/kaldi/egs/timit/s5_la5/data-fmllr-tri3/train/data/feats_fmllr_train.10.ark:16633883
mlel0_si1246 /nfs-share/xinchi/kaldi/egs/timit/s5_la5/data-fmllr-tri3/train/data/feats_fmllr_train.7.ark:10498193
meal0_sx107 /nfs-share/xinchi/kaldi/egs/timit/s5_la5/data-fmllr-tri3/train/data/feats_fmllr_train.5.ark:10884574
mdss1_sx427 /nfs-share/xinchi/kaldi/egs/timit/s5_la5/data-fmllr-tri3/train/data/feats_fmllr_train.5.ark:9169329
mjxa0_sx337 /nfs-share/xinchi/kaldi/egs/timit/s5_la5/data-fmllr-tri3/train/data/feats_fmllr_train.7.ark:3484605
mdlc2_sx264 /nfs-share/xinchi/kaldi/egs/timit/s5_la5/data-fmllr-tri3/train/data/feats_fmllr_train.5.ark:3739197
mdss0_si1881 /nfs-share/xinchi/kaldi/egs/timit/s5_la5/data-fmllr-tri3/train/data/feats_fmllr_train.5.ark:8596309
mfrm0_si1717 /nfs-share/xinchi/kaldi/egs/timit/s5_la5/data-fmllr-tri3/train/data/feats_fmllr_train.5.ark:14818102
mtlc0_sx37 /nfs-share/xinchi/kaldi/egs/timit/s5_la5/data-fmllr-tri3/train/data/feats_fmllr_train.10.ark:7155704
mpsw0_si2327 /nfs-share/xinchi/kaldi/egs/timit/s5_la5/data-fmllr-tri3/train/data/feats_fmllr_train.8.ark:10705287
mrpc1_sx402 /nfs-share/xinchi/kaldi/egs/timit/s5_la5/data-fmllr-tri3/train/data/feats_fmllr_train.9.ark:7345684
mdss0_sx261 /nfs-share/xinchi/kaldi/egs/timit/s5_la5/data-fmllr-tri3/train/data/feats_fmllr_train.5.ark:8753058
mmds0_si713 /nfs-share/xinchi/kaldi/egs/timit/s5_la5/data-fmllr-tri3/train/data/feats_fmllr_train.7.ark:17098841
mjhi0_sx68 /nfs-share/xinchi/kaldi/egs/timit/s5_la5/data-fmllr-tri3/train/data/feats_fmllr_train.6.ark:12292043
fbmh0_sx236 /nfs-share/xinchi/kaldi/egs/timit/s5_la5/data-fmllr-tri3/train/data/feats_fmllr_train.1.ark:4302929
mmdg0_sx70 /nfs-share/xinchi/kaldi/egs/timit/s5_la5/data-fmllr-tri3/train/data/feats_fmllr_train.7.ark:16216884
flhd0_sx84 /nfs-share/xinchi/kaldi/egs/timit/s5_la5/data-fmllr-tri3/train/data/feats_fmllr_train.2.ark:10728092
fkaa0_si578 /nfs-share/xinchi/kaldi/egs/timit/s5_la5/data-fmllr-tri3/train/data/feats_fmllr_train.2.ark:5292493
fceg0_sx258 /nfs-share/xinchi/kaldi/egs/timit/s5_la5/data-fmllr-tri3/train/data/feats_fmllr_train.1.ark:6221134
fmkf0_sx276 /nfs-share/xinchi/kaldi/egs/timit/s5_la5/data-fmllr-tri3/train/data/feats_fmllr_train.2.ark:17344503
fsag0_si693 /nfs-share/xinchi/kaldi/egs/timit/s5_la5/data-fmllr-tri3/train/data/feats_fmllr_train.3.ark:5163367
mdns0_sx381 /nfs-share/xinchi/kaldi/egs/timit/s5_la5/data-fmllr-tri3/train/data/feats_fmllr_train.5.ark:6625916
fjsk0_si1682 /nfs-share/xinchi/kaldi/egs/timit/s5_la5/data-fmllr-tri3/train/data/feats_fmllr_train.2.ark:3336661
mbcg0_sx147 /nfs-share/xinchi/kaldi/egs/timit/s5_la5/data-fmllr-tri3/train/data/feats_fmllr_train.4.ark:4247285
mjjm0_sx17 /nfs-share/xinchi/kaldi/egs/timit/s5_la5/data-fmllr-tri3/train/data/feats_fmllr_train.6.ark:13383014
mfer0_sx52 /nfs-share/xinchi/kaldi/egs/timit/s5_la5/data-fmllr-tri3/train/data/feats_fmllr_train.5.ark:14310149
ftaj0_sx429 /nfs-share/xinchi/kaldi/egs/timit/s5_la5/data-fmllr-tri3/train/data/feats_fmllr_train.3.ark:14137851
fljg0_si1611 /nfs-share/xinchi/kaldi/egs/timit/s5_la5/data-fmllr-tri3/train/data/feats_fmllr_train.2.ark:11583595
fpac0_sx121 /nfs-share/xinchi/kaldi/egs/timit/s5_la5/data-fmllr-tri3/train/data/feats_fmllr_train.3.ark:1377865
mjfr0_si1605 /nfs-share/xinchi/kaldi/egs/timit/s5_la5/data-fmllr-tri3/train/data/feats_fmllr_train.6.ark:11522678
fclt0_sx268 /nfs-share/xinchi/kaldi/egs/timit/s5_la5/data-fmllr-tri3/train/data/feats_fmllr_train.1.ark:7593042
mfxv0_sx15 /nfs-share/xinchi/kaldi/egs/timit/s5_la5/data-fmllr-tri3/train/data/feats_fmllr_train.5.ark:16070836
mjae0_sx174 /nfs-share/xinchi/kaldi/egs/timit/s5_la5/data-fmllr-tri3/train/data/feats_fmllr_train.6.ark:6984475
mdwd0_sx180 /nfs-share/xinchi/kaldi/egs/timit/s5_la5/data-fmllr-tri3/train/data/feats_fmllr_train.5.ark:9729523
mwsb0_si996 /nfs-share/xinchi/kaldi/egs/timit/s5_la5/data-fmllr-tri3/train/data/feats_fmllr_train.10.ark:16875644
mwsh0_si2266 /nfs-share/xinchi/kaldi/egs/timit/s5_la5/data-fmllr-tri3/train/data/feats_fmllr_train.10.ark:17211512
fcdr1_si1186 /nfs-share/xinchi/kaldi/egs/timit/s5_la5/data-fmllr-tri3/train/data/feats_fmllr_train.1.ark:5577768
mrjh0_sx307 /nfs-share/xinchi/kaldi/egs/timit/s5_la5/data-fmllr-tri3/train/data/feats_fmllr_train.9.ark:1550558
fjrp1_si1432 /nfs-share/xinchi/kaldi/egs/timit/s5_la5/data-fmllr-tri3/train/data/feats_fmllr_train.2.ark:2765376
mrav0_sx288 /nfs-share/xinchi/kaldi/egs/timit/s5_la5/data-fmllr-tri3/train/data/feats_fmllr_train.8.ark:12767120
mwgr0_sx166 /nfs-share/xinchi/kaldi/egs/timit/s5_la5/data-fmllr-tri3/train/data/feats_fmllr_train.10.ark:15795340
mdks0_si1696 /nfs-share/xinchi/kaldi/egs/timit/s5_la5/data-fmllr-tri3/train/data/feats_fmllr_train.5.ark:1955686
mrlj1_sx141 /nfs-share/xinchi/kaldi/egs/timit/s5_la5/data-fmllr-tri3/train/data/feats_fmllr_train.9.ark:4197623
mtjm0_sx416 /nfs-share/xinchi/kaldi/egs/timit/s5_la5/data-fmllr-tri3/train/data/feats_fmllr_train.10.ark:4765123
mlbc0_si1869 /nfs-share/xinchi/kaldi/egs/timit/s5_la5/data-fmllr-tri3/train/data/feats_fmllr_train.7.ark:10191764
fcjs0_sx77 /nfs-share/xinchi/kaldi/egs/timit/s5_la5/data-fmllr-tri3/train/data/feats_fmllr_train.1.ark:7012688
mafm0_si1569 /nfs-share/xinchi/kaldi/egs/timit/s5_la5/data-fmllr-tri3/train/data/feats_fmllr_train.4.ark:746368
mcae0_si1447 /nfs-share/xinchi/kaldi/egs/timit/s5_la5/data-fmllr-tri3/train/data/feats_fmllr_train.4.ark:8108629
msem1_sx90 /nfs-share/xinchi/kaldi/egs/timit/s5_la5/data-fmllr-tri3/train/data/feats_fmllr_train.9.ark:14118523
mbgt0_si711 /nfs-share/xinchi/kaldi/egs/timit/s5_la5/data-fmllr-tri3/train/data/feats_fmllr_train.4.ark:4887212
mlns0_sx237 /nfs-share/xinchi/kaldi/egs/timit/s5_la5/data-fmllr-tri3/train/data/feats_fmllr_train.7.ark:12005993
mrdd0_sx277 /nfs-share/xinchi/kaldi/egs/timit/s5_la5/data-fmllr-tri3/train/data/feats_fmllr_train.8.ark:14270843
mvrw0_sx45 /nfs-share/xinchi/kaldi/egs/timit/s5_la5/data-fmllr-tri3/train/data/feats_fmllr_train.10.ark:13368804
mewm0_sx358 /nfs-share/xinchi/kaldi/egs/timit/s5_la5/data-fmllr-tri3/train/data/feats_fmllr_train.5.ark:13903319
medr0_sx24 /nfs-share/xinchi/kaldi/egs/timit/s5_la5/data-fmllr-tri3/train/data/feats_fmllr_train.5.ark:11318925
mkah0_si1528 /nfs-share/xinchi/kaldi/egs/timit/s5_la5/data-fmllr-tri3/train/data/feats_fmllr_train.7.ark:4423519
fkkh0_sx300 /nfs-share/xinchi/kaldi/egs/timit/s5_la5/data-fmllr-tri3/train/data/feats_fmllr_train.2.ark:7215549
mbth0_si757 /nfs-share/xinchi/kaldi/egs/timit/s5_la5/data-fmllr-tri3/train/data/feats_fmllr_train.4.ark:7422010
mrmg0_si1080 /nfs-share/xinchi/kaldi/egs/timit/s5_la5/data-fmllr-tri3/train/data/feats_fmllr_train.9.ark:5511529
msdb0_sx197 /nfs-share/xinchi/kaldi/egs/timit/s5_la5/data-fmllr-tri3/train/data/feats_fmllr_train.9.ark:12704377
mklr0_sx159 /nfs-share/xinchi/kaldi/egs/timit/s5_la5/data-fmllr-tri3/train/data/feats_fmllr_train.7.ark:7986034
fklh0_si1257 /nfs-share/xinchi/kaldi/egs/timit/s5_la5/data-fmllr-tri3/train/data/feats_fmllr_train.2.ark:8100519
mwad0_si1062 /nfs-share/xinchi/kaldi/egs/timit/s5_la5/data-fmllr-tri3/train/data/feats_fmllr_train.10.ark:13878809
mjpm0_sx378 /nfs-share/xinchi/kaldi/egs/timit/s5_la5/data-fmllr-tri3/train/data/feats_fmllr_train.6.ark:16792730
mvlo0_si517 /nfs-share/xinchi/kaldi/egs/timit/s5_la5/data-fmllr-tri3/train/data/feats_fmllr_train.10.ark:12786053
mdlh0_sx160 /nfs-share/xinchi/kaldi/egs/timit/s5_la5/data-fmllr-tri3/train/data/feats_fmllr_train.5.ark:4055866
mdem0_sx428 /nfs-share/xinchi/kaldi/egs/timit/s5_la5/data-fmllr-tri3/train/data/feats_fmllr_train.5.ark:703273
mhmr0_sx219 /nfs-share/xinchi/kaldi/egs/timit/s5_la5/data-fmllr-tri3/train/data/feats_fmllr_train.6.ark:5170300
falr0_si1955 /nfs-share/xinchi/kaldi/egs/timit/s5_la5/data-fmllr-tri3/train/data/feats_fmllr_train.1.ark:1262287
fsms1_sx154 /nfs-share/xinchi/kaldi/egs/timit/s5_la5/data-fmllr-tri3/train/data/feats_fmllr_train.3.ark:12457062
mjmd0_sx218 /nfs-share/xinchi/kaldi/egs/timit/s5_la5/data-fmllr-tri3/train/data/feats_fmllr_train.6.ark:15578879
fjwb1_sx165 /nfs-share/xinchi/kaldi/egs/timit/s5_la5/data-fmllr-tri3/train/data/feats_fmllr_train.2.ark:4187869
fsbk0_sx169 /nfs-share/xinchi/kaldi/egs/timit/s5_la5/data-fmllr-tri3/train/data/feats_fmllr_train.3.ark:6455886
mfxs0_sx144 /nfs-share/xinchi/kaldi/egs/timit/s5_la5/data-fmllr-tri3/train/data/feats_fmllr_train.5.ark:15603072
fjsk0_sx62 /nfs-share/xinchi/kaldi/egs/timit/s5_la5/data-fmllr-tri3/train/data/feats_fmllr_train.2.ark:3615543
mejl0_sx242 /nfs-share/xinchi/kaldi/egs/timit/s5_la5/data-fmllr-tri3/train/data/feats_fmllr_train.5.ark:12416506
mmea0_si1388 /nfs-share/xinchi/kaldi/egs/timit/s5_la5/data-fmllr-tri3/train/data/feats_fmllr_train.7.ark:17323963
mgak0_si2296 /nfs-share/xinchi/kaldi/egs/timit/s5_la5/data-fmllr-tri3/train/data/feats_fmllr_train.5.ark:17042154
mdpk0_sx63 /nfs-share/xinchi/kaldi/egs/timit/s5_la5/data-fmllr-tri3/train/data/feats_fmllr_train.5.ark:7377710
fsjw0_sx163 /nfs-share/xinchi/kaldi/egs/timit/s5_la5/data-fmllr-tri3/train/data/feats_fmllr_train.3.ark:9756182
fleh0_si1051 /nfs-share/xinchi/kaldi/egs/timit/s5_la5/data-fmllr-tri3/train/data/feats_fmllr_train.2.ark:9664267
mvlo0_sx427 /nfs-share/xinchi/kaldi/egs/timit/s5_la5/data-fmllr-tri3/train/data/feats_fmllr_train.10.ark:12997521
fclt0_sx358 /nfs-share/xinchi/kaldi/egs/timit/s5_la5/data-fmllr-tri3/train/data/feats_fmllr_train.1.ark:7644109
mrmb0_si951 /nfs-share/xinchi/kaldi/egs/timit/s5_la5/data-fmllr-tri3/train/data/feats_fmllr_train.9.ark:5232647
mchl0_sx357 /nfs-share/xinchi/kaldi/egs/timit/s5_la5/data-fmllr-tri3/train/data/feats_fmllr_train.4.ark:11236843
fecd0_si2048 /nfs-share/xinchi/kaldi/egs/timit/s5_la5/data-fmllr-tri3/train/data/feats_fmllr_train.1.ark:14225136
mjxa0_sx247 /nfs-share/xinchi/kaldi/egs/timit/s5_la5/data-fmllr-tri3/train/data/feats_fmllr_train.7.ark:3426018
fksr0_sx37 /nfs-share/xinchi/kaldi/egs/timit/s5_la5/data-fmllr-tri3/train/data/feats_fmllr_train.2.ark:8776738
mtmt0_sx128 /nfs-share/xinchi/kaldi/egs/timit/s5_la5/data-fmllr-tri3/train/data/feats_fmllr_train.10.ark:8227956
mgrp0_sx147 /nfs-share/xinchi/kaldi/egs/timit/s5_la5/data-fmllr-tri3/train/data/feats_fmllr_train.6.ark:2037022
fdmy0_sx207 /nfs-share/xinchi/kaldi/egs/timit/s5_la5/data-fmllr-tri3/train/data/feats_fmllr_train.1.ark:11935273
msvs0_sx218 /nfs-share/xinchi/kaldi/egs/timit/s5_la5/data-fmllr-tri3/train/data/feats_fmllr_train.10.ark:249402
mtpp0_sx248 /nfs-share/xinchi/kaldi/egs/timit/s5_la5/data-fmllr-tri3/train/data/feats_fmllr_train.10.ark:9338874
fntb0_si573 /nfs-share/xinchi/kaldi/egs/timit/s5_la5/data-fmllr-tri3/train/data/feats_fmllr_train.3.ark:417537
mhit0_sx83 /nfs-share/xinchi/kaldi/egs/timit/s5_la5/data-fmllr-tri3/train/data/feats_fmllr_train.6.ark:4257568
fpac0_si2011 /nfs-share/xinchi/kaldi/egs/timit/s5_la5/data-fmllr-tri3/train/data/feats_fmllr_train.3.ark:1269171
mkln0_sx248 /nfs-share/xinchi/kaldi/egs/timit/s5_la5/data-fmllr-tri3/train/data/feats_fmllr_train.7.ark:7677363
fjrp1_si2062 /nfs-share/xinchi/kaldi/egs/timit/s5_la5/data-fmllr-tri3/train/data/feats_fmllr_train.2.ark:2870684
mrgm0_si1792 /nfs-share/xinchi/kaldi/egs/timit/s5_la5/data-fmllr-tri3/train/data/feats_fmllr_train.8.ark:17538129
mram0_si1905 /nfs-share/xinchi/kaldi/egs/timit/s5_la5/data-fmllr-tri3/train/data/feats_fmllr_train.8.ark:12187087
mrkm0_sx187 /nfs-share/xinchi/kaldi/egs/timit/s5_la5/data-fmllr-tri3/train/data/feats_fmllr_train.9.ark:3128013
mcdd0_si883 /nfs-share/xinchi/kaldi/egs/timit/s5_la5/data-fmllr-tri3/train/data/feats_fmllr_train.4.ark:9425173
mfrm0_si1155 /nfs-share/xinchi/kaldi/egs/timit/s5_la5/data-fmllr-tri3/train/data/feats_fmllr_train.5.ark:14756634
mdbp0_si528 /nfs-share/xinchi/kaldi/egs/timit/s5_la5/data-fmllr-tri3/train/data/feats_fmllr_train.4.ark:15555843
fpab1_sx211 /nfs-share/xinchi/kaldi/egs/timit/s5_la5/data-fmllr-tri3/train/data/feats_fmllr_train.3.ark:1006475
mses0_sx149 /nfs-share/xinchi/kaldi/egs/timit/s5_la5/data-fmllr-tri3/train/data/feats_fmllr_train.9.ark:14300074
mtbc0_sx93 /nfs-share/xinchi/kaldi/egs/timit/s5_la5/data-fmllr-tri3/train/data/feats_fmllr_train.10.ark:2410567
mjpm0_sx108 /nfs-share/xinchi/kaldi/egs/timit/s5_la5/data-fmllr-tri3/train/data/feats_fmllr_train.6.ark:16610383
fgcs0_sx226 /nfs-share/xinchi/kaldi/egs/timit/s5_la5/data-fmllr-tri3/train/data/feats_fmllr_train.1.ark:16438303
msmr0_sx415 /nfs-share/xinchi/kaldi/egs/timit/s5_la5/data-fmllr-tri3/train/data/feats_fmllr_train.9.ark:16516919
msmr0_sx145 /nfs-share/xinchi/kaldi/egs/timit/s5_la5/data-fmllr-tri3/train/data/feats_fmllr_train.9.ark:16386918
mjee0_sx157 /nfs-share/xinchi/kaldi/egs/timit/s5_la5/data-fmllr-tri3/train/data/feats_fmllr_train.6.ark:10964406
fhxs0_sx175 /nfs-share/xinchi/kaldi/egs/timit/s5_la5/data-fmllr-tri3/train/data/feats_fmllr_train.1.ark:18588164
fjwb1_sx435 /nfs-share/xinchi/kaldi/egs/timit/s5_la5/data-fmllr-tri3/train/data/feats_fmllr_train.2.ark:4311790
fdas1_si831 /nfs-share/xinchi/kaldi/egs/timit/s5_la5/data-fmllr-tri3/train/data/feats_fmllr_train.1.ark:9446394
mdjm0_si1455 /nfs-share/xinchi/kaldi/egs/timit/s5_la5/data-fmllr-tri3/train/data/feats_fmllr_train.5.ark:1555441
mdas0_sx21 /nfs-share/xinchi/kaldi/egs/timit/s5_la5/data-fmllr-tri3/train/data/feats_fmllr_train.4.ark:14970504
mgrl0_si867 /nfs-share/xinchi/kaldi/egs/timit/s5_la5/data-fmllr-tri3/train/data/feats_fmllr_train.6.ark:1588618
faem0_si762 /nfs-share/xinchi/kaldi/egs/timit/s5_la5/data-fmllr-tri3/train/data/feats_fmllr_train.1.ark:111588
mkam0_sx236 /nfs-share/xinchi/kaldi/egs/timit/s5_la5/data-fmllr-tri3/train/data/feats_fmllr_train.7.ark:5376863
fltm0_si2330 /nfs-share/xinchi/kaldi/egs/timit/s5_la5/data-fmllr-tri3/train/data/feats_fmllr_train.2.ark:14009274
mkdt0_si893 /nfs-share/xinchi/kaldi/egs/timit/s5_la5/data-fmllr-tri3/train/data/feats_fmllr_train.7.ark:6433458
msdh0_sx260 /nfs-share/xinchi/kaldi/egs/timit/s5_la5/data-fmllr-tri3/train/data/feats_fmllr_train.9.ark:12986328
mmxs0_sx336 /nfs-share/xinchi/kaldi/egs/timit/s5_la5/data-fmllr-tri3/train/data/feats_fmllr_train.8.ark:4831234
faem0_sx402 /nfs-share/xinchi/kaldi/egs/timit/s5_la5/data-fmllr-tri3/train/data/feats_fmllr_train.1.ark:304336
marw0_si646 /nfs-share/xinchi/kaldi/egs/timit/s5_la5/data-fmllr-tri3/train/data/feats_fmllr_train.4.ark:3050287
mdas0_sx276 /nfs-share/xinchi/kaldi/egs/timit/s5_la5/data-fmllr-tri3/train/data/feats_fmllr_train.4.ark:14999011
mdlr1_si1929 /nfs-share/xinchi/kaldi/egs/timit/s5_la5/data-fmllr-tri3/train/data/feats_fmllr_train.5.ark:5107663
mrmh0_sx121 /nfs-share/xinchi/kaldi/egs/timit/s5_la5/data-fmllr-tri3/train/data/feats_fmllr_train.9.ark:6061430
mdps0_sx89 /nfs-share/xinchi/kaldi/egs/timit/s5_la5/data-fmllr-tri3/train/data/feats_fmllr_train.5.ark:7727047
fkdw0_sx397 /nfs-share/xinchi/kaldi/egs/timit/s5_la5/data-fmllr-tri3/train/data/feats_fmllr_train.2.ark:6385222
mtrt0_sx417 /nfs-share/xinchi/kaldi/egs/timit/s5_la5/data-fmllr-tri3/train/data/feats_fmllr_train.10.ark:11464172
mmab1_si1494 /nfs-share/xinchi/kaldi/egs/timit/s5_la5/data-fmllr-tri3/train/data/feats_fmllr_train.7.ark:13001095
mter0_sx257 /nfs-share/xinchi/kaldi/egs/timit/s5_la5/data-fmllr-tri3/train/data/feats_fmllr_train.10.ark:3939222
mhmr0_si489 /nfs-share/xinchi/kaldi/egs/timit/s5_la5/data-fmllr-tri3/train/data/feats_fmllr_train.6.ark:5070566
mjdg0_si1705 /nfs-share/xinchi/kaldi/egs/timit/s5_la5/data-fmllr-tri3/train/data/feats_fmllr_train.6.ark:9352791
mkam0_sx416 /nfs-share/xinchi/kaldi/egs/timit/s5_la5/data-fmllr-tri3/train/data/feats_fmllr_train.7.ark:5466197
mjxa0_sx427 /nfs-share/xinchi/kaldi/egs/timit/s5_la5/data-fmllr-tri3/train/data/feats_fmllr_train.7.ark:3526392
mlbc0_sx429 /nfs-share/xinchi/kaldi/egs/timit/s5_la5/data-fmllr-tri3/train/data/feats_fmllr_train.7.ark:10408219
mjma0_sx55 /nfs-share/xinchi/kaldi/egs/timit/s5_la5/data-fmllr-tri3/train/data/feats_fmllr_train.6.ark:15374101
fskc0_sx156 /nfs-share/xinchi/kaldi/egs/timit/s5_la5/data-fmllr-tri3/train/data/feats_fmllr_train.3.ark:10120559
fdkn0_sx181 /nfs-share/xinchi/kaldi/egs/timit/s5_la5/data-fmllr-tri3/train/data/feats_fmllr_train.1.ark:10997852
mjlb0_si986 /nfs-share/xinchi/kaldi/egs/timit/s5_la5/data-fmllr-tri3/train/data/feats_fmllr_train.6.ark:14051555
mmar0_si1336 /nfs-share/xinchi/kaldi/egs/timit/s5_la5/data-fmllr-tri3/train/data/feats_fmllr_train.7.ark:14181587
mkdd0_sx37 /nfs-share/xinchi/kaldi/egs/timit/s5_la5/data-fmllr-tri3/train/data/feats_fmllr_train.7.ark:6230309
fbcg1_sx172 /nfs-share/xinchi/kaldi/egs/timit/s5_la5/data-fmllr-tri3/train/data/feats_fmllr_train.1.ark:2589554
fmkf0_si906 /nfs-share/xinchi/kaldi/egs/timit/s5_la5/data-fmllr-tri3/train/data/feats_fmllr_train.2.ark:17253729
mpgh0_sx114 /nfs-share/xinchi/kaldi/egs/timit/s5_la5/data-fmllr-tri3/train/data/feats_fmllr_train.8.ark:6985440
frjb0_sx257 /nfs-share/xinchi/kaldi/egs/timit/s5_la5/data-fmllr-tri3/train/data/feats_fmllr_train.3.ark:4504588
mpsw0_si1697 /nfs-share/xinchi/kaldi/egs/timit/s5_la5/data-fmllr-tri3/train/data/feats_fmllr_train.8.ark:10666539
fdjh0_sx215 /nfs-share/xinchi/kaldi/egs/timit/s5_la5/data-fmllr-tri3/train/data/feats_fmllr_train.1.ark:10664861
mkrg0_sx31 /nfs-share/xinchi/kaldi/egs/timit/s5_la5/data-fmllr-tri3/train/data/feats_fmllr_train.7.ark:9650157
mchl0_sx87 /nfs-share/xinchi/kaldi/egs/timit/s5_la5/data-fmllr-tri3/train/data/feats_fmllr_train.4.ark:11327936
mmjb1_sx238 /nfs-share/xinchi/kaldi/egs/timit/s5_la5/data-fmllr-tri3/train/data/feats_fmllr_train.8.ark:1219975
mmar0_sx436 /nfs-share/xinchi/kaldi/egs/timit/s5_la5/data-fmllr-tri3/train/data/feats_fmllr_train.7.ark:14568310
fsms1_si874 /nfs-share/xinchi/kaldi/egs/timit/s5_la5/data-fmllr-tri3/train/data/feats_fmllr_train.3.ark:12404075
mprb0_sx215 /nfs-share/xinchi/kaldi/egs/timit/s5_la5/data-fmllr-tri3/train/data/feats_fmllr_train.8.ark:9170873
mgrl0_sx327 /nfs-share/xinchi/kaldi/egs/timit/s5_la5/data-fmllr-tri3/train/data/feats_fmllr_train.6.ark:1709659
flmk0_sx225 /nfs-share/xinchi/kaldi/egs/timit/s5_la5/data-fmllr-tri3/train/data/feats_fmllr_train.2.ark:13416892
msms0_si1433 /nfs-share/xinchi/kaldi/egs/timit/s5_la5/data-fmllr-tri3/train/data/feats_fmllr_train.9.ark:16600333
mmcc0_sx438 /nfs-share/xinchi/kaldi/egs/timit/s5_la5/data-fmllr-tri3/train/data/feats_fmllr_train.7.ark:15383624
mdbb1_si2056 /nfs-share/xinchi/kaldi/egs/timit/s5_la5/data-fmllr-tri3/train/data/feats_fmllr_train.4.ark:15208106
fcrz0_sx73 /nfs-share/xinchi/kaldi/egs/timit/s5_la5/data-fmllr-tri3/train/data/feats_fmllr_train.1.ark:8883854
mkls0_si2067 /nfs-share/xinchi/kaldi/egs/timit/s5_la5/data-fmllr-tri3/train/data/feats_fmllr_train.7.ark:8317585
mcth0_sx39 /nfs-share/xinchi/kaldi/egs/timit/s5_la5/data-fmllr-tri3/train/data/feats_fmllr_train.4.ark:13523130
mjai0_si1604 /nfs-share/xinchi/kaldi/egs/timit/s5_la5/data-fmllr-tri3/train/data/feats_fmllr_train.6.ark:7268130
mtqc0_si480 /nfs-share/xinchi/kaldi/egs/timit/s5_la5/data-fmllr-tri3/train/data/feats_fmllr_train.10.ark:10112694
fsjw0_sx73 /nfs-share/xinchi/kaldi/egs/timit/s5_la5/data-fmllr-tri3/train/data/feats_fmllr_train.3.ark:9944449
mreh1_sx429 /nfs-share/xinchi/kaldi/egs/timit/s5_la5/data-fmllr-tri3/train/data/feats_fmllr_train.8.ark:15860379
fgcs0_si856 /nfs-share/xinchi/kaldi/egs/timit/s5_la5/data-fmllr-tri3/train/data/feats_fmllr_train.1.ark:16336009
mrtc0_sx18 /nfs-share/xinchi/kaldi/egs/timit/s5_la5/data-fmllr-tri3/train/data/feats_fmllr_train.9.ark:8978497
mtrr0_sx18 /nfs-share/xinchi/kaldi/egs/timit/s5_la5/data-fmllr-tri3/train/data/feats_fmllr_train.10.ark:10994620
fklc0_si2245 /nfs-share/xinchi/kaldi/egs/timit/s5_la5/data-fmllr-tri3/train/data/feats_fmllr_train.2.ark:7334352
mdlc2_sx444 /nfs-share/xinchi/kaldi/egs/timit/s5_la5/data-fmllr-tri3/train/data/feats_fmllr_train.5.ark:3817011
fdxw0_sx341 /nfs-share/xinchi/kaldi/egs/timit/s5_la5/data-fmllr-tri3/train/data/feats_fmllr_train.1.ark:13223633
fjsp0_sx174 /nfs-share/xinchi/kaldi/egs/timit/s5_la5/data-fmllr-tri3/train/data/feats_fmllr_train.2.ark:3787973
flkm0_si620 /nfs-share/xinchi/kaldi/egs/timit/s5_la5/data-fmllr-tri3/train/data/feats_fmllr_train.2.ark:12094239
fcjf0_sx127 /nfs-share/xinchi/kaldi/egs/timit/s5_la5/data-fmllr-tri3/train/data/feats_fmllr_train.1.ark:6550764
msjk0_sx66 /nfs-share/xinchi/kaldi/egs/timit/s5_la5/data-fmllr-tri3/train/data/feats_fmllr_train.9.ark:15787072
mcss0_sx30 /nfs-share/xinchi/kaldi/egs/timit/s5_la5/data-fmllr-tri3/train/data/feats_fmllr_train.4.ark:13116486
mmws0_sx258 /nfs-share/xinchi/kaldi/egs/timit/s5_la5/data-fmllr-tri3/train/data/feats_fmllr_train.8.ark:4110934
mrlk0_si1468 /nfs-share/xinchi/kaldi/egs/timit/s5_la5/data-fmllr-tri3/train/data/feats_fmllr_train.9.ark:4399358
fmah1_sx69 /nfs-share/xinchi/kaldi/egs/timit/s5_la5/data-fmllr-tri3/train/data/feats_fmllr_train.2.ark:14660665
mmcc0_si1338 /nfs-share/xinchi/kaldi/egs/timit/s5_la5/data-fmllr-tri3/train/data/feats_fmllr_train.7.ark:15099621
mkag0_sx259 /nfs-share/xinchi/kaldi/egs/timit/s5_la5/data-fmllr-tri3/train/data/feats_fmllr_train.7.ark:4236372
mjae0_si2154 /nfs-share/xinchi/kaldi/egs/timit/s5_la5/data-fmllr-tri3/train/data/feats_fmllr_train.6.ark:6947808
fkde0_sx151 /nfs-share/xinchi/kaldi/egs/timit/s5_la5/data-fmllr-tri3/train/data/feats_fmllr_train.2.ark:5801858
fjlg0_sx359 /nfs-share/xinchi/kaldi/egs/timit/s5_la5/data-fmllr-tri3/train/data/feats_fmllr_train.2.ark:1832541
mreh1_si1599 /nfs-share/xinchi/kaldi/egs/timit/s5_la5/data-fmllr-tri3/train/data/feats_fmllr_train.8.ark:15518456
mrws0_sx22 /nfs-share/xinchi/kaldi/egs/timit/s5_la5/data-fmllr-tri3/train/data/feats_fmllr_train.9.ark:10577472
msvs0_sx38 /nfs-share/xinchi/kaldi/egs/timit/s5_la5/data-fmllr-tri3/train/data/feats_fmllr_train.10.ark:358255
mjda0_si1661 /nfs-share/xinchi/kaldi/egs/timit/s5_la5/data-fmllr-tri3/train/data/feats_fmllr_train.6.ark:8058992
mjxl0_sx362 /nfs-share/xinchi/kaldi/egs/timit/s5_la5/data-fmllr-tri3/train/data/feats_fmllr_train.7.ark:3842582
fmmh0_sx97 /nfs-share/xinchi/kaldi/egs/timit/s5_la5/data-fmllr-tri3/train/data/feats_fmllr_train.2.ark:17889436
mjws0_si513 /nfs-share/xinchi/kaldi/egs/timit/s5_la5/data-fmllr-tri3/train/data/feats_fmllr_train.7.ark:2487290
mctm0_si720 /nfs-share/xinchi/kaldi/egs/timit/s5_la5/data-fmllr-tri3/train/data/feats_fmllr_train.4.ark:13742760
fpaf0_sx244 /nfs-share/xinchi/kaldi/egs/timit/s5_la5/data-fmllr-tri3/train/data/feats_fmllr_train.3.ark:2235447
mwch0_si1622 /nfs-share/xinchi/kaldi/egs/timit/s5_la5/data-fmllr-tri3/train/data/feats_fmllr_train.10.ark:14541165
flhd0_sx174 /nfs-share/xinchi/kaldi/egs/timit/s5_la5/data-fmllr-tri3/train/data/feats_fmllr_train.2.ark:10539345
mrms0_sx210 /nfs-share/xinchi/kaldi/egs/timit/s5_la5/data-fmllr-tri3/train/data/feats_fmllr_train.9.ark:6958052
fkde0_sx331 /nfs-share/xinchi/kaldi/egs/timit/s5_la5/data-fmllr-tri3/train/data/feats_fmllr_train.2.ark:5895192
mtdp0_sx81 /nfs-share/xinchi/kaldi/egs/timit/s5_la5/data-fmllr-tri3/train/data/feats_fmllr_train.10.ark:3638259
fdaw0_si2036 /nfs-share/xinchi/kaldi/egs/timit/s5_la5/data-fmllr-tri3/train/data/feats_fmllr_train.1.ark:9848852
mpgr0_sx150 /nfs-share/xinchi/kaldi/egs/timit/s5_la5/data-fmllr-tri3/train/data/feats_fmllr_train.8.ark:7280697
fpaz0_si963 /nfs-share/xinchi/kaldi/egs/timit/s5_la5/data-fmllr-tri3/train/data/feats_fmllr_train.3.ark:2530650
mtat1_si1627 /nfs-share/xinchi/kaldi/egs/timit/s5_la5/data-fmllr-tri3/train/data/feats_fmllr_train.10.ark:1668749
mdjm0_sx195 /nfs-share/xinchi/kaldi/egs/timit/s5_la5/data-fmllr-tri3/train/data/feats_fmllr_train.5.ark:1808696
mfwk0_sx79 /nfs-share/xinchi/kaldi/egs/timit/s5_la5/data-fmllr-tri3/train/data/feats_fmllr_train.5.ark:15453841
mapv0_sx123 /nfs-share/xinchi/kaldi/egs/timit/s5_la5/data-fmllr-tri3/train/data/feats_fmllr_train.4.ark:2436600
mjjj0_sx443 /nfs-share/xinchi/kaldi/egs/timit/s5_la5/data-fmllr-tri3/train/data/feats_fmllr_train.6.ark:13077412
mpgh0_sx294 /nfs-share/xinchi/kaldi/egs/timit/s5_la5/data-fmllr-tri3/train/data/feats_fmllr_train.8.ark:7086480
mgrl0_sx417 /nfs-share/xinchi/kaldi/egs/timit/s5_la5/data-fmllr-tri3/train/data/feats_fmllr_train.6.ark:1797046
mmeb0_sx327 /nfs-share/xinchi/kaldi/egs/timit/s5_la5/data-fmllr-tri3/train/data/feats_fmllr_train.7.ark:17812929
feac0_sx345 /nfs-share/xinchi/kaldi/egs/timit/s5_la5/data-fmllr-tri3/train/data/feats_fmllr_train.1.ark:13598250
mewm0_si1978 /nfs-share/xinchi/kaldi/egs/timit/s5_la5/data-fmllr-tri3/train/data/feats_fmllr_train.5.ark:13729611
mjjm0_si827 /nfs-share/xinchi/kaldi/egs/timit/s5_la5/data-fmllr-tri3/train/data/feats_fmllr_train.6.ark:13298001
mcdr0_sx164 /nfs-share/xinchi/kaldi/egs/timit/s5_la5/data-fmllr-tri3/train/data/feats_fmllr_train.4.ark:9907337
fmah1_si1509 /nfs-share/xinchi/kaldi/egs/timit/s5_la5/data-fmllr-tri3/train/data/feats_fmllr_train.2.ark:14337436
fceg0_si1878 /nfs-share/xinchi/kaldi/egs/timit/s5_la5/data-fmllr-tri3/train/data/feats_fmllr_train.1.ark:6132733
mhmr0_si1119 /nfs-share/xinchi/kaldi/egs/timit/s5_la5/data-fmllr-tri3/train/data/feats_fmllr_train.6.ark:4957871
mkdt0_sx83 /nfs-share/xinchi/kaldi/egs/timit/s5_la5/data-fmllr-tri3/train/data/feats_fmllr_train.7.ark:6684152
mpsw0_sx437 /nfs-share/xinchi/kaldi/egs/timit/s5_la5/data-fmllr-tri3/train/data/feats_fmllr_train.8.ark:10846514
mlbc0_si609 /nfs-share/xinchi/kaldi/egs/timit/s5_la5/data-fmllr-tri3/train/data/feats_fmllr_train.7.ark:10225071
mjbg0_sx152 /nfs-share/xinchi/kaldi/egs/timit/s5_la5/data-fmllr-tri3/train/data/feats_fmllr_train.6.ark:7768429
fgdp0_sx178 /nfs-share/xinchi/kaldi/egs/timit/s5_la5/data-fmllr-tri3/train/data/feats_fmllr_train.1.ark:16759613
mbma0_sx412 /nfs-share/xinchi/kaldi/egs/timit/s5_la5/data-fmllr-tri3/train/data/feats_fmllr_train.4.ark:5824234
megj0_sx77 /nfs-share/xinchi/kaldi/egs/timit/s5_la5/data-fmllr-tri3/train/data/feats_fmllr_train.5.ark:12207569
fgcs0_sx406 /nfs-share/xinchi/kaldi/egs/timit/s5_la5/data-fmllr-tri3/train/data/feats_fmllr_train.1.ark:16522197
fdmy0_si567 /nfs-share/xinchi/kaldi/egs/timit/s5_la5/data-fmllr-tri3/train/data/feats_fmllr_train.1.ark:11671032
mtab0_sx312 /nfs-share/xinchi/kaldi/egs/timit/s5_la5/data-fmllr-tri3/train/data/feats_fmllr_train.10.ark:775406
mtkd0_sx107 /nfs-share/xinchi/kaldi/egs/timit/s5_la5/data-fmllr-tri3/train/data/feats_fmllr_train.10.ark:5852733
mjmm0_si1885 /nfs-share/xinchi/kaldi/egs/timit/s5_la5/data-fmllr-tri3/train/data/feats_fmllr_train.6.ark:15820295
fntb0_sx213 /nfs-share/xinchi/kaldi/egs/timit/s5_la5/data-fmllr-tri3/train/data/feats_fmllr_train.3.ark:585618
mmbs0_sx251 /nfs-share/xinchi/kaldi/egs/timit/s5_la5/data-fmllr-tri3/train/data/feats_fmllr_train.7.ark:14880313
mrjb1_sx300 /nfs-share/xinchi/kaldi/egs/timit/s5_la5/data-fmllr-tri3/train/data/feats_fmllr_train.9.ark:1138848
fklc1_si1048 /nfs-share/xinchi/kaldi/egs/timit/s5_la5/data-fmllr-tri3/train/data/feats_fmllr_train.2.ark:7709261
mcxm0_si721 /nfs-share/xinchi/kaldi/egs/timit/s5_la5/data-fmllr-tri3/train/data/feats_fmllr_train.4.ark:14093697
mkag0_si1609 /nfs-share/xinchi/kaldi/egs/timit/s5_la5/data-fmllr-tri3/train/data/feats_fmllr_train.7.ark:4011783
mrlj1_si1671 /nfs-share/xinchi/kaldi/egs/timit/s5_la5/data-fmllr-tri3/train/data/feats_fmllr_train.9.ark:4063460
mprt0_sx40 /nfs-share/xinchi/kaldi/egs/timit/s5_la5/data-fmllr-tri3/train/data/feats_fmllr_train.8.ark:10545016
fjkl0_sx392 /nfs-share/xinchi/kaldi/egs/timit/s5_la5/data-fmllr-tri3/train/data/feats_fmllr_train.2.ark:1564696
mcew0_si2072 /nfs-share/xinchi/kaldi/egs/timit/s5_la5/data-fmllr-tri3/train/data/feats_fmllr_train.4.ark:10537957
mnet0_sx366 /nfs-share/xinchi/kaldi/egs/timit/s5_la5/data-fmllr-tri3/train/data/feats_fmllr_train.8.ark:5191131
mkdt0_sx443 /nfs-share/xinchi/kaldi/egs/timit/s5_la5/data-fmllr-tri3/train/data/feats_fmllr_train.7.ark:6634206
fapb0_si1693 /nfs-share/xinchi/kaldi/egs/timit/s5_la5/data-fmllr-tri3/train/data/feats_fmllr_train.1.ark:1637384
mrxb0_si955 /nfs-share/xinchi/kaldi/egs/timit/s5_la5/data-fmllr-tri3/train/data/feats_fmllr_train.9.ark:10816489
mfxs0_si2304 /nfs-share/xinchi/kaldi/egs/timit/s5_la5/data-fmllr-tri3/train/data/feats_fmllr_train.5.ark:15562565
mjrg0_sx286 /nfs-share/xinchi/kaldi/egs/timit/s5_la5/data-fmllr-tri3/train/data/feats_fmllr_train.6.ark:17822287
mbjv0_si617 /nfs-share/xinchi/kaldi/egs/timit/s5_la5/data-fmllr-tri3/train/data/feats_fmllr_train.4.ark:5279749
fmem0_sx117 /nfs-share/xinchi/kaldi/egs/timit/s5_la5/data-fmllr-tri3/train/data/feats_fmllr_train.2.ark:15257311
mwar0_sx145 /nfs-share/xinchi/kaldi/egs/timit/s5_la5/data-fmllr-tri3/train/data/feats_fmllr_train.10.ark:14327110
mdma0_sx260 /nfs-share/xinchi/kaldi/egs/timit/s5_la5/data-fmllr-tri3/train/data/feats_fmllr_train.5.ark:5685722
fjwb1_sx255 /nfs-share/xinchi/kaldi/egs/timit/s5_la5/data-fmllr-tri3/train/data/feats_fmllr_train.2.ark:4233496
fcag0_sx423 /nfs-share/xinchi/kaldi/egs/timit/s5_la5/data-fmllr-tri3/train/data/feats_fmllr_train.1.ark:5146457
mmgc0_sx405 /nfs-share/xinchi/kaldi/egs/timit/s5_la5/data-fmllr-tri3/train/data/feats_fmllr_train.8.ark:275537
mcdr0_si1154 /nfs-share/xinchi/kaldi/egs/timit/s5_la5/data-fmllr-tri3/train/data/feats_fmllr_train.4.ark:9690295
fmah1_sx249 /nfs-share/xinchi/kaldi/egs/timit/s5_la5/data-fmllr-tri3/train/data/feats_fmllr_train.2.ark:14539465
mgaw0_sx265 /nfs-share/xinchi/kaldi/egs/timit/s5_la5/data-fmllr-tri3/train/data/feats_fmllr_train.6.ark:605940
fleh0_sx421 /nfs-share/xinchi/kaldi/egs/timit/s5_la5/data-fmllr-tri3/train/data/feats_fmllr_train.2.ark:9949231
msdb0_si2267 /nfs-share/xinchi/kaldi/egs/timit/s5_la5/data-fmllr-tri3/train/data/feats_fmllr_train.9.ark:12616777
mbth0_sx392 /nfs-share/xinchi/kaldi/egs/timit/s5_la5/data-fmllr-tri3/train/data/feats_fmllr_train.4.ark:7656704
freh0_sx235 /nfs-share/xinchi/kaldi/egs/timit/s5_la5/data-fmllr-tri3/train/data/feats_fmllr_train.3.ark:4206450
msfv0_si1892 /nfs-share/xinchi/kaldi/egs/timit/s5_la5/data-fmllr-tri3/train/data/feats_fmllr_train.9.ark:15015814
fjkl0_sx32 /nfs-share/xinchi/kaldi/egs/timit/s5_la5/data-fmllr-tri3/train/data/feats_fmllr_train.2.ark:1523389
fceg0_sx438 /nfs-share/xinchi/kaldi/egs/timit/s5_la5/data-fmllr-tri3/train/data/feats_fmllr_train.1.ark:6311908
mdwd0_sx360 /nfs-share/xinchi/kaldi/egs/timit/s5_la5/data-fmllr-tri3/train/data/feats_fmllr_train.5.ark:9805737
fsms1_sx347 /nfs-share/xinchi/kaldi/egs/timit/s5_la5/data-fmllr-tri3/train/data/feats_fmllr_train.3.ark:12589623
mesg0_sx162 /nfs-share/xinchi/kaldi/egs/timit/s5_la5/data-fmllr-tri3/train/data/feats_fmllr_train.5.ark:13121073
mdas0_si636 /nfs-share/xinchi/kaldi/egs/timit/s5_la5/data-fmllr-tri3/train/data/feats_fmllr_train.4.ark:14871411
mrjm1_sx308 /nfs-share/xinchi/kaldi/egs/timit/s5_la5/data-fmllr-tri3/train/data/feats_fmllr_train.9.ark:2338993
mrmb0_sx411 /nfs-share/xinchi/kaldi/egs/timit/s5_la5/data-fmllr-tri3/train/data/feats_fmllr_train.9.ark:5424435
mrre0_sx434 /nfs-share/xinchi/kaldi/egs/timit/s5_la5/data-fmllr-tri3/train/data/feats_fmllr_train.9.ark:7775820
msat1_si1703 /nfs-share/xinchi/kaldi/egs/timit/s5_la5/data-fmllr-tri3/train/data/feats_fmllr_train.9.ark:12208051
mfxv0_si1005 /nfs-share/xinchi/kaldi/egs/timit/s5_la5/data-fmllr-tri3/train/data/feats_fmllr_train.5.ark:15867527
fvmh0_sx386 /nfs-share/xinchi/kaldi/egs/timit/s5_la5/data-fmllr-tri3/train/data/feats_fmllr_train.3.ark:16820836
mstf0_si766 /nfs-share/xinchi/kaldi/egs/timit/s5_la5/data-fmllr-tri3/train/data/feats_fmllr_train.9.ark:17783250
milb0_si903 /nfs-share/xinchi/kaldi/egs/timit/s5_la5/data-fmllr-tri3/train/data/feats_fmllr_train.6.ark:6215855
makb0_sx26 /nfs-share/xinchi/kaldi/egs/timit/s5_la5/data-fmllr-tri3/train/data/feats_fmllr_train.4.ark:1835579
mjfh0_sx387 /nfs-share/xinchi/kaldi/egs/timit/s5_la5/data-fmllr-tri3/train/data/feats_fmllr_train.6.ark:11481370
mgrl0_si2127 /nfs-share/xinchi/kaldi/egs/timit/s5_la5/data-fmllr-tri3/train/data/feats_fmllr_train.6.ark:1544751
fgmb0_sx425 /nfs-share/xinchi/kaldi/egs/timit/s5_la5/data-fmllr-tri3/train/data/feats_fmllr_train.1.ark:17426311
mmaa0_sx125 /nfs-share/xinchi/kaldi/egs/timit/s5_la5/data-fmllr-tri3/train/data/feats_fmllr_train.7.ark:12774080
mdlr1_si1299 /nfs-share/xinchi/kaldi/egs/timit/s5_la5/data-fmllr-tri3/train/data/feats_fmllr_train.5.ark:5059635
mtqc0_sx181 /nfs-share/xinchi/kaldi/egs/timit/s5_la5/data-fmllr-tri3/train/data/feats_fmllr_train.10.ark:10151121
mrew1_sx60 /nfs-share/xinchi/kaldi/egs/timit/s5_la5/data-fmllr-tri3/train/data/feats_fmllr_train.8.ark:16658758
mrai0_si1954 /nfs-share/xinchi/kaldi/egs/timit/s5_la5/data-fmllr-tri3/train/data/feats_fmllr_train.8.ark:11715162
mtqc0_si1441 /nfs-share/xinchi/kaldi/egs/timit/s5_la5/data-fmllr-tri3/train/data/feats_fmllr_train.10.ark:9943519
mwch0_sx272 /nfs-share/xinchi/kaldi/egs/timit/s5_la5/data-fmllr-tri3/train/data/feats_fmllr_train.10.ark:14687035
falk0_sx186 /nfs-share/xinchi/kaldi/egs/timit/s5_la5/data-fmllr-tri3/train/data/feats_fmllr_train.1.ark:984206
mtpg0_sx123 /nfs-share/xinchi/kaldi/egs/timit/s5_la5/data-fmllr-tri3/train/data/feats_fmllr_train.10.ark:8962950
mcae0_si817 /nfs-share/xinchi/kaldi/egs/timit/s5_la5/data-fmllr-tri3/train/data/feats_fmllr_train.4.ark:8285644
mjjb0_si1277 /nfs-share/xinchi/kaldi/egs/timit/s5_la5/data-fmllr-tri3/train/data/feats_fmllr_train.6.ark:12393539
fjrb0_sx42 /nfs-share/xinchi/kaldi/egs/timit/s5_la5/data-fmllr-tri3/train/data/feats_fmllr_train.2.ark:2727588
mbef0_si1281 /nfs-share/xinchi/kaldi/egs/timit/s5_la5/data-fmllr-tri3/train/data/feats_fmllr_train.4.ark:4472700
ftaj0_sx69 /nfs-share/xinchi/kaldi/egs/timit/s5_la5/data-fmllr-tri3/train/data/feats_fmllr_train.3.ark:14174997
mmam0_sx247 /nfs-share/xinchi/kaldi/egs/timit/s5_la5/data-fmllr-tri3/train/data/feats_fmllr_train.7.ark:14006279
mrds0_si537 /nfs-share/xinchi/kaldi/egs/timit/s5_la5/data-fmllr-tri3/train/data/feats_fmllr_train.8.ark:14869436
mdcm0_sx400 /nfs-share/xinchi/kaldi/egs/timit/s5_la5/data-fmllr-tri3/train/data/feats_fmllr_train.4.ark:16606491
mmgk0_sx332 /nfs-share/xinchi/kaldi/egs/timit/s5_la5/data-fmllr-tri3/train/data/feats_fmllr_train.8.ark:912745
mzmb0_sx266 /nfs-share/xinchi/kaldi/egs/timit/s5_la5/data-fmllr-tri3/train/data/feats_fmllr_train.10.ark:17803010
flet0_si507 /nfs-share/xinchi/kaldi/egs/timit/s5_la5/data-fmllr-tri3/train/data/feats_fmllr_train.2.ark:10154460
mjkr0_si1201 /nfs-share/xinchi/kaldi/egs/timit/s5_la5/data-fmllr-tri3/train/data/feats_fmllr_train.6.ark:13552563
mdef0_si1123 /nfs-share/xinchi/kaldi/egs/timit/s5_la5/data-fmllr-tri3/train/data/feats_fmllr_train.5.ark:13
mrab1_si2108 /nfs-share/xinchi/kaldi/egs/timit/s5_la5/data-fmllr-tri3/train/data/feats_fmllr_train.8.ark:11368893
ftmg0_si1532 /nfs-share/xinchi/kaldi/egs/timit/s5_la5/data-fmllr-tri3/train/data/feats_fmllr_train.3.ark:15382715
mjls0_sx16 /nfs-share/xinchi/kaldi/egs/timit/s5_la5/data-fmllr-tri3/train/data/feats_fmllr_train.6.ark:14880843
mcae0_sx7 /nfs-share/xinchi/kaldi/egs/timit/s5_la5/data-fmllr-tri3/train/data/feats_fmllr_train.4.ark:8502070
mmgk0_si1952 /nfs-share/xinchi/kaldi/egs/timit/s5_la5/data-fmllr-tri3/train/data/feats_fmllr_train.8.ark:793277
mtrr0_si1548 /nfs-share/xinchi/kaldi/egs/timit/s5_la5/data-fmllr-tri3/train/data/feats_fmllr_train.10.ark:10803792
mhxl0_sx332 /nfs-share/xinchi/kaldi/egs/timit/s5_la5/data-fmllr-tri3/train/data/feats_fmllr_train.6.ark:5956360
mgrp0_si1947 /nfs-share/xinchi/kaldi/egs/timit/s5_la5/data-fmllr-tri3/train/data/feats_fmllr_train.6.ark:1944808
fcdr1_sx376 /nfs-share/xinchi/kaldi/egs/timit/s5_la5/data-fmllr-tri3/train/data/feats_fmllr_train.1.ark:6024517
fpad0_si1976 /nfs-share/xinchi/kaldi/egs/timit/s5_la5/data-fmllr-tri3/train/data/feats_fmllr_train.3.ark:1659948
mbwp0_sx349 /nfs-share/xinchi/kaldi/egs/timit/s5_la5/data-fmllr-tri3/train/data/feats_fmllr_train.4.ark:7933028
mrre0_si952 /nfs-share/xinchi/kaldi/egs/timit/s5_la5/data-fmllr-tri3/train/data/feats_fmllr_train.9.ark:7553152
fjlg0_si1506 /nfs-share/xinchi/kaldi/egs/timit/s5_la5/data-fmllr-tri3/train/data/feats_fmllr_train.2.ark:1614004
mtpf0_si1235 /nfs-share/xinchi/kaldi/egs/timit/s5_la5/data-fmllr-tri3/train/data/feats_fmllr_train.10.ark:8452411
mpfu0_sx178 /nfs-share/xinchi/kaldi/egs/timit/s5_la5/data-fmllr-tri3/train/data/feats_fmllr_train.8.ark:6558024
mbma0_sx232 /nfs-share/xinchi/kaldi/egs/timit/s5_la5/data-fmllr-tri3/train/data/feats_fmllr_train.4.ark:5729780
mgsh0_sx186 /nfs-share/xinchi/kaldi/egs/timit/s5_la5/data-fmllr-tri3/train/data/feats_fmllr_train.6.ark:2530706
mesj0_si2039 /nfs-share/xinchi/kaldi/egs/timit/s5_la5/data-fmllr-tri3/train/data/feats_fmllr_train.5.ark:13357208
mmag0_sx316 /nfs-share/xinchi/kaldi/egs/timit/s5_la5/data-fmllr-tri3/train/data/feats_fmllr_train.7.ark:13699048
mmwb0_sx179 /nfs-share/xinchi/kaldi/egs/timit/s5_la5/data-fmllr-tri3/train/data/feats_fmllr_train.8.ark:3632291
fskp0_si468 /nfs-share/xinchi/kaldi/egs/timit/s5_la5/data-fmllr-tri3/train/data/feats_fmllr_train.3.ark:10844806
fnkl0_si1522 /nfs-share/xinchi/kaldi/egs/timit/s5_la5/data-fmllr-tri3/train/data/feats_fmllr_train.3.ark:13
fcjs0_sx167 /nfs-share/xinchi/kaldi/egs/timit/s5_la5/data-fmllr-tri3/train/data/feats_fmllr_train.1.ark:6799621
majp0_sx174 /nfs-share/xinchi/kaldi/egs/timit/s5_la5/data-fmllr-tri3/train/data/feats_fmllr_train.4.ark:1219468
fmkf0_sx366 /nfs-share/xinchi/kaldi/egs/timit/s5_la5/data-fmllr-tri3/train/data/feats_fmllr_train.2.ark:17384530
mrlj1_sx321 /nfs-share/xinchi/kaldi/egs/timit/s5_la5/data-fmllr-tri3/train/data/feats_fmllr_train.9.ark:4263917
mdwm0_sx16 /nfs-share/xinchi/kaldi/egs/timit/s5_la5/data-fmllr-tri3/train/data/feats_fmllr_train.5.ark:10589183
mjdg0_sx142 /nfs-share/xinchi/kaldi/egs/timit/s5_la5/data-fmllr-tri3/train/data/feats_fmllr_train.6.ark:9388338
fljd0_sx76 /nfs-share/xinchi/kaldi/egs/timit/s5_la5/data-fmllr-tri3/train/data/feats_fmllr_train.2.ark:11535247
fjdm2_si1964 /nfs-share/xinchi/kaldi/egs/timit/s5_la5/data-fmllr-tri3/train/data/feats_fmllr_train.2.ark:42601
msfh0_sx136 /nfs-share/xinchi/kaldi/egs/timit/s5_la5/data-fmllr-tri3/train/data/feats_fmllr_train.9.ark:14698531
mdpb0_si866 /nfs-share/xinchi/kaldi/egs/timit/s5_la5/data-fmllr-tri3/train/data/feats_fmllr_train.5.ark:6785039
mjpm1_sx131 /nfs-share/xinchi/kaldi/egs/timit/s5_la5/data-fmllr-tri3/train/data/feats_fmllr_train.6.ark:16957160
mkdb0_sx62 /nfs-share/xinchi/kaldi/egs/timit/s5_la5/data-fmllr-tri3/train/data/feats_fmllr_train.7.ark:5896359
fdjh0_sx35 /nfs-share/xinchi/kaldi/egs/timit/s5_la5/data-fmllr-tri3/train/data/feats_fmllr_train.1.ark:10751314
mjmd0_sx308 /nfs-share/xinchi/kaldi/egs/timit/s5_la5/data-fmllr-tri3/train/data/feats_fmllr_train.6.ark:15619386
mtas0_sx305 /nfs-share/xinchi/kaldi/egs/timit/s5_la5/data-fmllr-tri3/train/data/feats_fmllr_train.10.ark:1132423
mjjm0_si1457 /nfs-share/xinchi/kaldi/egs/timit/s5_la5/data-fmllr-tri3/train/data/feats_fmllr_train.6.ark:13239894
mkxl0_sx105 /nfs-share/xinchi/kaldi/egs/timit/s5_la5/data-fmllr-tri3/train/data/feats_fmllr_train.7.ark:9931441
msem1_si810 /nfs-share/xinchi/kaldi/egs/timit/s5_la5/data-fmllr-tri3/train/data/feats_fmllr_train.9.ark:13798069
fklh0_sx357 /nfs-share/xinchi/kaldi/egs/timit/s5_la5/data-fmllr-tri3/train/data/feats_fmllr_train.2.ark:8335055
flja0_sx448 /nfs-share/xinchi/kaldi/egs/timit/s5_la5/data-fmllr-tri3/train/data/feats_fmllr_train.2.ark:11098844
mtjm0_sx326 /nfs-share/xinchi/kaldi/egs/timit/s5_la5/data-fmllr-tri3/train/data/feats_fmllr_train.10.ark:4720616
fnkl0_sx262 /nfs-share/xinchi/kaldi/egs/timit/s5_la5/data-fmllr-tri3/train/data/feats_fmllr_train.3.ark:236469
mafm0_sx399 /nfs-share/xinchi/kaldi/egs/timit/s5_la5/data-fmllr-tri3/train/data/feats_fmllr_train.4.ark:1026077
mjeb1_sx387 /nfs-share/xinchi/kaldi/egs/timit/s5_la5/data-fmllr-tri3/train/data/feats_fmllr_train.6.ark:10777256
fmbg0_sx440 /nfs-share/xinchi/kaldi/egs/timit/s5_la5/data-fmllr-tri3/train/data/feats_fmllr_train.2.ark:14997335
fjxm0_sx41 /nfs-share/xinchi/kaldi/egs/timit/s5_la5/data-fmllr-tri3/train/data/feats_fmllr_train.2.ark:4761313
mdef0_sx33 /nfs-share/xinchi/kaldi/egs/timit/s5_la5/data-fmllr-tri3/train/data/feats_fmllr_train.5.ark:274256
mrvg0_sx150 /nfs-share/xinchi/kaldi/egs/timit/s5_la5/data-fmllr-tri3/train/data/feats_fmllr_train.9.ark:9782105
mclk0_si650 /nfs-share/xinchi/kaldi/egs/timit/s5_la5/data-fmllr-tri3/train/data/feats_fmllr_train.4.ark:11457939
mprb0_si1205 /nfs-share/xinchi/kaldi/egs/timit/s5_la5/data-fmllr-tri3/train/data/feats_fmllr_train.8.ark:8928844
fpac0_sx391 /nfs-share/xinchi/kaldi/egs/timit/s5_la5/data-fmllr-tri3/train/data/feats_fmllr_train.3.ark:1566772
mree0_sx384 /nfs-share/xinchi/kaldi/egs/timit/s5_la5/data-fmllr-tri3/train/data/feats_fmllr_train.8.ark:15484188
fkaa0_sx398 /nfs-share/xinchi/kaldi/egs/timit/s5_la5/data-fmllr-tri3/train/data/feats_fmllr_train.2.ark:5559347
mdlc1_sx355 /nfs-share/xinchi/kaldi/egs/timit/s5_la5/data-fmllr-tri3/train/data/feats_fmllr_train.5.ark:3467007
mjrp0_si1835 /nfs-share/xinchi/kaldi/egs/timit/s5_la5/data-fmllr-tri3/train/data/feats_fmllr_train.7.ark:1120985
fapb0_sx73 /nfs-share/xinchi/kaldi/egs/timit/s5_la5/data-fmllr-tri3/train/data/feats_fmllr_train.1.ark:1997226
mwem0_sx240 /nfs-share/xinchi/kaldi/egs/timit/s5_la5/data-fmllr-tri3/train/data/feats_fmllr_train.10.ark:15416750
fcjs0_si1607 /nfs-share/xinchi/kaldi/egs/timit/s5_la5/data-fmllr-tri3/train/data/feats_fmllr_train.1.ark:6700339
mtju0_si2269 /nfs-share/xinchi/kaldi/egs/timit/s5_la5/data-fmllr-tri3/train/data/feats_fmllr_train.10.ark:5370862
mkrg0_sx51 /nfs-share/xinchi/kaldi/egs/timit/s5_la5/data-fmllr-tri3/train/data/feats_fmllr_train.7.ark:9718370
mwdk0_sx266 /nfs-share/xinchi/kaldi/egs/timit/s5_la5/data-fmllr-tri3/train/data/feats_fmllr_train.10.ark:15078132
mjee0_si607 /nfs-share/xinchi/kaldi/egs/timit/s5_la5/data-fmllr-tri3/train/data/feats_fmllr_train.6.ark:10931259
mjfr0_si975 /nfs-share/xinchi/kaldi/egs/timit/s5_la5/data-fmllr-tri3/train/data/feats_fmllr_train.6.ark:11616813
mabc0_si1620 /nfs-share/xinchi/kaldi/egs/timit/s5_la5/data-fmllr-tri3/train/data/feats_fmllr_train.3.ark:16853184
fjrb0_si1932 /nfs-share/xinchi/kaldi/egs/timit/s5_la5/data-fmllr-tri3/train/data/feats_fmllr_train.2.ark:2443267
fkdw0_si1207 /nfs-share/xinchi/kaldi/egs/timit/s5_la5/data-fmllr-tri3/train/data/feats_fmllr_train.2.ark:6053993
mclm0_sx286 /nfs-share/xinchi/kaldi/egs/timit/s5_la5/data-fmllr-tri3/train/data/feats_fmllr_train.4.ark:12010583
mges0_sx311 /nfs-share/xinchi/kaldi/egs/timit/s5_la5/data-fmllr-tri3/train/data/feats_fmllr_train.6.ark:916904
mrwa0_si973 /nfs-share/xinchi/kaldi/egs/timit/s5_la5/data-fmllr-tri3/train/data/feats_fmllr_train.9.ark:10096055
mhrm0_sx148 /nfs-share/xinchi/kaldi/egs/timit/s5_la5/data-fmllr-tri3/train/data/feats_fmllr_train.6.ark:5479290
fmju0_sx219 /nfs-share/xinchi/kaldi/egs/timit/s5_la5/data-fmllr-tri3/train/data/feats_fmllr_train.2.ark:16542468
mjmd0_si2288 /nfs-share/xinchi/kaldi/egs/timit/s5_la5/data-fmllr-tri3/train/data/feats_fmllr_train.6.ark:15471145
mmam0_sx337 /nfs-share/xinchi/kaldi/egs/timit/s5_la5/data-fmllr-tri3/train/data/feats_fmllr_train.7.ark:14060866
mmdb0_sx447 /nfs-share/xinchi/kaldi/egs/timit/s5_la5/data-fmllr-tri3/train/data/feats_fmllr_train.7.ark:15755521
flet0_si1137 /nfs-share/xinchi/kaldi/egs/timit/s5_la5/data-fmllr-tri3/train/data/feats_fmllr_train.2.ark:10052325
fsjk1_si696 /nfs-share/xinchi/kaldi/egs/timit/s5_la5/data-fmllr-tri3/train/data/feats_fmllr_train.3.ark:8907561
mwre0_sx67 /nfs-share/xinchi/kaldi/egs/timit/s5_la5/data-fmllr-tri3/train/data/feats_fmllr_train.10.ark:16347665
mfer0_si862 /nfs-share/xinchi/kaldi/egs/timit/s5_la5/data-fmllr-tri3/train/data/feats_fmllr_train.5.ark:14074975
madc0_sx197 /nfs-share/xinchi/kaldi/egs/timit/s5_la5/data-fmllr-tri3/train/data/feats_fmllr_train.3.ark:17451616
mkls0_sx87 /nfs-share/xinchi/kaldi/egs/timit/s5_la5/data-fmllr-tri3/train/data/feats_fmllr_train.7.ark:8579319
mhmr0_sx129 /nfs-share/xinchi/kaldi/egs/timit/s5_la5/data-fmllr-tri3/train/data/feats_fmllr_train.6.ark:5123073
mrdd0_sx60 /nfs-share/xinchi/kaldi/egs/timit/s5_la5/data-fmllr-tri3/train/data/feats_fmllr_train.8.ark:14357136
fjxp0_si1122 /nfs-share/xinchi/kaldi/egs/timit/s5_la5/data-fmllr-tri3/train/data/feats_fmllr_train.2.ark:4841021
mjlg1_sx202 /nfs-share/xinchi/kaldi/egs/timit/s5_la5/data-fmllr-tri3/train/data/feats_fmllr_train.6.ark:14499987
mrlk0_sx393 /nfs-share/xinchi/kaldi/egs/timit/s5_la5/data-fmllr-tri3/train/data/feats_fmllr_train.9.ark:4740027
fdml0_sx249 /nfs-share/xinchi/kaldi/egs/timit/s5_la5/data-fmllr-tri3/train/data/feats_fmllr_train.1.ark:11450417
mcdc0_si1922 /nfs-share/xinchi/kaldi/egs/timit/s5_la5/data-fmllr-tri3/train/data/feats_fmllr_train.4.ark:9029409
ftlg0_sx213 /nfs-share/xinchi/kaldi/egs/timit/s5_la5/data-fmllr-tri3/train/data/feats_fmllr_train.3.ark:15217807
mrkm0_si1391 /nfs-share/xinchi/kaldi/egs/timit/s5_la5/data-fmllr-tri3/train/data/feats_fmllr_train.9.ark:2965399
mcdc0_sx32 /nfs-share/xinchi/kaldi/egs/timit/s5_la5/data-fmllr-tri3/train/data/feats_fmllr_train.4.ark:9256103
mdlc0_si1395 /nfs-share/xinchi/kaldi/egs/timit/s5_la5/data-fmllr-tri3/train/data/feats_fmllr_train.5.ark:2782173
mjrh0_si1755 /nfs-share/xinchi/kaldi/egs/timit/s5_la5/data-fmllr-tri3/train/data/feats_fmllr_train.7.ark:40521
mgaw0_sx445 /nfs-share/xinchi/kaldi/egs/timit/s5_la5/data-fmllr-tri3/train/data/feats_fmllr_train.6.ark:682954
fklc1_sx148 /nfs-share/xinchi/kaldi/egs/timit/s5_la5/data-fmllr-tri3/train/data/feats_fmllr_train.2.ark:7841024
fjrb0_sx312 /nfs-share/xinchi/kaldi/egs/timit/s5_la5/data-fmllr-tri3/train/data/feats_fmllr_train.2.ark:2591535
fsls0_sx426 /nfs-share/xinchi/kaldi/egs/timit/s5_la5/data-fmllr-tri3/train/data/feats_fmllr_train.3.ark:11387052
mrgm0_si532 /nfs-share/xinchi/kaldi/egs/timit/s5_la5/data-fmllr-tri3/train/data/feats_fmllr_train.8.ark:17597196
mdhl0_si809 /nfs-share/xinchi/kaldi/egs/timit/s5_la5/data-fmllr-tri3/train/data/feats_fmllr_train.5.ark:919702
mtlc0_sx397 /nfs-share/xinchi/kaldi/egs/timit/s5_la5/data-fmllr-tri3/train/data/feats_fmllr_train.10.ark:7195891
msdh0_sx350 /nfs-share/xinchi/kaldi/egs/timit/s5_la5/data-fmllr-tri3/train/data/feats_fmllr_train.9.ark:13033875
msdh0_sx440 /nfs-share/xinchi/kaldi/egs/timit/s5_la5/data-fmllr-tri3/train/data/feats_fmllr_train.9.ark:13097582
mclm0_si2086 /nfs-share/xinchi/kaldi/egs/timit/s5_la5/data-fmllr-tri3/train/data/feats_fmllr_train.4.ark:11816369
mtrc0_si589 /nfs-share/xinchi/kaldi/egs/timit/s5_la5/data-fmllr-tri3/train/data/feats_fmllr_train.10.ark:10508083
mddc0_sx69 /nfs-share/xinchi/kaldi/egs/timit/s5_la5/data-fmllr-tri3/train/data/feats_fmllr_train.4.ark:16956628
mtpg0_si1383 /nfs-share/xinchi/kaldi/egs/timit/s5_la5/data-fmllr-tri3/train/data/feats_fmllr_train.10.ark:8808948
fjhk0_sx212 /nfs-share/xinchi/kaldi/egs/timit/s5_la5/data-fmllr-tri3/train/data/feats_fmllr_train.2.ark:1064559
mejl0_sx62 /nfs-share/xinchi/kaldi/egs/timit/s5_la5/data-fmllr-tri3/train/data/feats_fmllr_train.5.ark:12555306
fmpg0_sx162 /nfs-share/xinchi/kaldi/egs/timit/s5_la5/data-fmllr-tri3/train/data/feats_fmllr_train.2.ark:18115146
fetb0_sx158 /nfs-share/xinchi/kaldi/egs/timit/s5_la5/data-fmllr-tri3/train/data/feats_fmllr_train.1.ark:15569361
mtml0_si2325 /nfs-share/xinchi/kaldi/egs/timit/s5_la5/data-fmllr-tri3/train/data/feats_fmllr_train.10.ark:7343815
mmab1_sx324 /nfs-share/xinchi/kaldi/egs/timit/s5_la5/data-fmllr-tri3/train/data/feats_fmllr_train.7.ark:13236271
mdbp0_sx78 /nfs-share/xinchi/kaldi/egs/timit/s5_la5/data-fmllr-tri3/train/data/feats_fmllr_train.4.ark:15851977
fjwb1_si748 /nfs-share/xinchi/kaldi/egs/timit/s5_la5/data-fmllr-tri3/train/data/feats_fmllr_train.2.ark:4078695
mtrr0_si2178 /nfs-share/xinchi/kaldi/egs/timit/s5_la5/data-fmllr-tri3/train/data/feats_fmllr_train.10.ark:10841260
fltm0_si1700 /nfs-share/xinchi/kaldi/egs/timit/s5_la5/data-fmllr-tri3/train/data/feats_fmllr_train.2.ark:13967006
fdjh0_sx395 /nfs-share/xinchi/kaldi/egs/timit/s5_la5/data-fmllr-tri3/train/data/feats_fmllr_train.1.ark:10791341
mdma0_sx170 /nfs-share/xinchi/kaldi/egs/timit/s5_la5/data-fmllr-tri3/train/data/feats_fmllr_train.5.ark:5607295
mses0_sx419 /nfs-share/xinchi/kaldi/egs/timit/s5_la5/data-fmllr-tri3/train/data/feats_fmllr_train.9.ark:14436955
fdnc0_sx378 /nfs-share/xinchi/kaldi/egs/timit/s5_la5/data-fmllr-tri3/train/data/feats_fmllr_train.1.ark:12532691
fhlm0_si2190 /nfs-share/xinchi/kaldi/egs/timit/s5_la5/data-fmllr-tri3/train/data/feats_fmllr_train.1.ark:17983571
mrab1_sx218 /nfs-share/xinchi/kaldi/egs/timit/s5_la5/data-fmllr-tri3/train/data/feats_fmllr_train.8.ark:11517774
mdlh0_si1960 /nfs-share/xinchi/kaldi/egs/timit/s5_la5/data-fmllr-tri3/train/data/feats_fmllr_train.5.ark:3906505
mjfh0_sx27 /nfs-share/xinchi/kaldi/egs/timit/s5_la5/data-fmllr-tri3/train/data/feats_fmllr_train.6.ark:11421956
mjma0_sx415 /nfs-share/xinchi/kaldi/egs/timit/s5_la5/data-fmllr-tri3/train/data/feats_fmllr_train.6.ark:15339035
mcae0_sx277 /nfs-share/xinchi/kaldi/egs/timit/s5_la5/data-fmllr-tri3/train/data/feats_fmllr_train.4.ark:8387938
mkdt0_si814 /nfs-share/xinchi/kaldi/egs/timit/s5_la5/data-fmllr-tri3/train/data/feats_fmllr_train.7.ark:6362391
fsjs0_sx271 /nfs-share/xinchi/kaldi/egs/timit/s5_la5/data-fmllr-tri3/train/data/feats_fmllr_train.3.ark:9385752
mkdb0_si2132 /nfs-share/xinchi/kaldi/egs/timit/s5_la5/data-fmllr-tri3/train/data/feats_fmllr_train.7.ark:5552331
flma0_sx253 /nfs-share/xinchi/kaldi/egs/timit/s5_la5/data-fmllr-tri3/train/data/feats_fmllr_train.2.ark:12657257
fbcg1_sx352 /nfs-share/xinchi/kaldi/egs/timit/s5_la5/data-fmllr-tri3/train/data/feats_fmllr_train.1.ark:2681928
mdlc0_sx135 /nfs-share/xinchi/kaldi/egs/timit/s5_la5/data-fmllr-tri3/train/data/feats_fmllr_train.5.ark:2968815
mdhs0_si2160 /nfs-share/xinchi/kaldi/egs/timit/s5_la5/data-fmllr-tri3/train/data/feats_fmllr_train.5.ark:1248692
mcae0_si2077 /nfs-share/xinchi/kaldi/egs/timit/s5_la5/data-fmllr-tri3/train/data/feats_fmllr_train.4.ark:8199057
mntw0_si1698 /nfs-share/xinchi/kaldi/egs/timit/s5_la5/data-fmllr-tri3/train/data/feats_fmllr_train.8.ark:5407078
fskc0_si1416 /nfs-share/xinchi/kaldi/egs/timit/s5_la5/data-fmllr-tri3/train/data/feats_fmllr_train.3.ark:9998077
mjlg1_si1012 /nfs-share/xinchi/kaldi/egs/timit/s5_la5/data-fmllr-tri3/train/data/feats_fmllr_train.6.ark:14302757
mlns0_si2037 /nfs-share/xinchi/kaldi/egs/timit/s5_la5/data-fmllr-tri3/train/data/feats_fmllr_train.7.ark:11867992
mgxp0_sx7 /nfs-share/xinchi/kaldi/egs/timit/s5_la5/data-fmllr-tri3/train/data/feats_fmllr_train.6.ark:3475828
mwsh0_sx76 /nfs-share/xinchi/kaldi/egs/timit/s5_la5/data-fmllr-tri3/train/data/feats_fmllr_train.10.ark:17537273
mrjm1_sx128 /nfs-share/xinchi/kaldi/egs/timit/s5_la5/data-fmllr-tri3/train/data/feats_fmllr_train.9.ark:2254299
fsdj0_sx305 /nfs-share/xinchi/kaldi/egs/timit/s5_la5/data-fmllr-tri3/train/data/feats_fmllr_train.3.ark:7800271
mcth0_sx309 /nfs-share/xinchi/kaldi/egs/timit/s5_la5/data-fmllr-tri3/train/data/feats_fmllr_train.4.ark:13472704
mdtb0_sx321 /nfs-share/xinchi/kaldi/egs/timit/s5_la5/data-fmllr-tri3/train/data/feats_fmllr_train.5.ark:9484746
mfmc0_sx322 /nfs-share/xinchi/kaldi/egs/timit/s5_la5/data-fmllr-tri3/train/data/feats_fmllr_train.5.ark:14617033
mjrk0_si1662 /nfs-share/xinchi/kaldi/egs/timit/s5_la5/data-fmllr-tri3/train/data/feats_fmllr_train.7.ark:765888
fvfb0_si1510 /nfs-share/xinchi/kaldi/egs/timit/s5_la5/data-fmllr-tri3/train/data/feats_fmllr_train.3.ark:15799280
mprb0_sx125 /nfs-share/xinchi/kaldi/egs/timit/s5_la5/data-fmllr-tri3/train/data/feats_fmllr_train.8.ark:9127006
msmc0_si509 /nfs-share/xinchi/kaldi/egs/timit/s5_la5/data-fmllr-tri3/train/data/feats_fmllr_train.9.ark:15868407
mtpr0_sx340 /nfs-share/xinchi/kaldi/egs/timit/s5_la5/data-fmllr-tri3/train/data/feats_fmllr_train.10.ark:9803758
mtqc0_sx91 /nfs-share/xinchi/kaldi/egs/timit/s5_la5/data-fmllr-tri3/train/data/feats_fmllr_train.10.ark:10417948
fvmh0_si1466 /nfs-share/xinchi/kaldi/egs/timit/s5_la5/data-fmllr-tri3/train/data/feats_fmllr_train.3.ark:16493127
msrr0_si1131 /nfs-share/xinchi/kaldi/egs/timit/s5_la5/data-fmllr-tri3/train/data/feats_fmllr_train.9.ark:17342047
mjdg0_si1672 /nfs-share/xinchi/kaldi/egs/timit/s5_la5/data-fmllr-tri3/train/data/feats_fmllr_train.6.ark:9291003
mcth0_si579 /nfs-share/xinchi/kaldi/egs/timit/s5_la5/data-fmllr-tri3/train/data/feats_fmllr_train.4.ark:13323183
mdpb0_sx326 /nfs-share/xinchi/kaldi/egs/timit/s5_la5/data-fmllr-tri3/train/data/feats_fmllr_train.5.ark:6944000
mjpm1_sx401 /nfs-share/xinchi/kaldi/egs/timit/s5_la5/data-fmllr-tri3/train/data/feats_fmllr_train.6.ark:17117561
mjjj0_si533 /nfs-share/xinchi/kaldi/egs/timit/s5_la5/data-fmllr-tri3/train/data/feats_fmllr_train.6.ark:12855704
fsjw0_sx253 /nfs-share/xinchi/kaldi/egs/timit/s5_la5/data-fmllr-tri3/train/data/feats_fmllr_train.3.ark:9799569
msfv0_si632 /nfs-share/xinchi/kaldi/egs/timit/s5_la5/data-fmllr-tri3/train/data/feats_fmllr_train.9.ark:15078561
mdtb0_sx300 /nfs-share/xinchi/kaldi/egs/timit/s5_la5/data-fmllr-tri3/train/data/feats_fmllr_train.5.ark:9452239
mcae0_sx187 /nfs-share/xinchi/kaldi/egs/timit/s5_la5/data-fmllr-tri3/train/data/feats_fmllr_train.4.ark:8351751
fjxp0_sx222 /nfs-share/xinchi/kaldi/egs/timit/s5_la5/data-fmllr-tri3/train/data/feats_fmllr_train.2.ark:5018250
mtas0_sx35 /nfs-share/xinchi/kaldi/egs/timit/s5_la5/data-fmllr-tri3/train/data/feats_fmllr_train.10.ark:1167489
mdhs0_si900 /nfs-share/xinchi/kaldi/egs/timit/s5_la5/data-fmllr-tri3/train/data/feats_fmllr_train.5.ark:1286959
flet0_sx277 /nfs-share/xinchi/kaldi/egs/timit/s5_la5/data-fmllr-tri3/train/data/feats_fmllr_train.2.ark:10296301
mdlc1_si1435 /nfs-share/xinchi/kaldi/egs/timit/s5_la5/data-fmllr-tri3/train/data/feats_fmllr_train.5.ark:3195510
fgdp0_sx88 /nfs-share/xinchi/kaldi/egs/timit/s5_la5/data-fmllr-tri3/train/data/feats_fmllr_train.1.ark:16985640
mrlj1_sx411 /nfs-share/xinchi/kaldi/egs/timit/s5_la5/data-fmllr-tri3/train/data/feats_fmllr_train.9.ark:4317704
ftmg0_sx362 /nfs-share/xinchi/kaldi/egs/timit/s5_la5/data-fmllr-tri3/train/data/feats_fmllr_train.3.ark:15607171
mjkr0_sx301 /nfs-share/xinchi/kaldi/egs/timit/s5_la5/data-fmllr-tri3/train/data/feats_fmllr_train.6.ark:13819899
mrds0_sx87 /nfs-share/xinchi/kaldi/egs/timit/s5_la5/data-fmllr-tri3/train/data/feats_fmllr_train.8.ark:15095490
fhxs0_sx85 /nfs-share/xinchi/kaldi/egs/timit/s5_la5/data-fmllr-tri3/train/data/feats_fmllr_train.1.ark:18790351
mdwd0_sx450 /nfs-share/xinchi/kaldi/egs/timit/s5_la5/data-fmllr-tri3/train/data/feats_fmllr_train.5.ark:9848324
mrjm1_si1298 /nfs-share/xinchi/kaldi/egs/timit/s5_la5/data-fmllr-tri3/train/data/feats_fmllr_train.9.ark:2099977
mses0_sx239 /nfs-share/xinchi/kaldi/egs/timit/s5_la5/data-fmllr-tri3/train/data/feats_fmllr_train.9.ark:14344261
mmdb0_sx267 /nfs-share/xinchi/kaldi/egs/timit/s5_la5/data-fmllr-tri3/train/data/feats_fmllr_train.7.ark:15657067
mefg0_sx15 /nfs-share/xinchi/kaldi/egs/timit/s5_la5/data-fmllr-tri3/train/data/feats_fmllr_train.5.ark:11646473
mwac0_si1601 /nfs-share/xinchi/kaldi/egs/timit/s5_la5/data-fmllr-tri3/train/data/feats_fmllr_train.10.ark:13405472
mvrw0_sx225 /nfs-share/xinchi/kaldi/egs/timit/s5_la5/data-fmllr-tri3/train/data/feats_fmllr_train.10.ark:13271444
mkxl0_sx375 /nfs-share/xinchi/kaldi/egs/timit/s5_la5/data-fmllr-tri3/train/data/feats_fmllr_train.7.ark:10080348
mcef0_si1135 /nfs-share/xinchi/kaldi/egs/timit/s5_la5/data-fmllr-tri3/train/data/feats_fmllr_train.4.ark:10123952
mppc0_si782 /nfs-share/xinchi/kaldi/egs/timit/s5_la5/data-fmllr-tri3/train/data/feats_fmllr_train.8.ark:8648522
mdma0_si1430 /nfs-share/xinchi/kaldi/egs/timit/s5_la5/data-fmllr-tri3/train/data/feats_fmllr_train.5.ark:5503720
ftbw0_sx265 /nfs-share/xinchi/kaldi/egs/timit/s5_la5/data-fmllr-tri3/train/data/feats_fmllr_train.3.ark:14809911
flja0_sx88 /nfs-share/xinchi/kaldi/egs/timit/s5_la5/data-fmllr-tri3/train/data/feats_fmllr_train.2.ark:11143990
mtat0_sx120 /nfs-share/xinchi/kaldi/egs/timit/s5_la5/data-fmllr-tri3/train/data/feats_fmllr_train.10.ark:1429386
ftlg0_si840 /nfs-share/xinchi/kaldi/egs/timit/s5_la5/data-fmllr-tri3/train/data/feats_fmllr_train.3.ark:15123033
mbbr0_sx335 /nfs-share/xinchi/kaldi/egs/timit/s5_la5/data-fmllr-tri3/train/data/feats_fmllr_train.4.ark:3979923
mdlb0_sx406 /nfs-share/xinchi/kaldi/egs/timit/s5_la5/data-fmllr-tri3/train/data/feats_fmllr_train.5.ark:2672199
mdks0_sx436 /nfs-share/xinchi/kaldi/egs/timit/s5_la5/data-fmllr-tri3/train/data/feats_fmllr_train.5.ark:2222542
mrms0_si2100 /nfs-share/xinchi/kaldi/egs/timit/s5_la5/data-fmllr-tri3/train/data/feats_fmllr_train.9.ark:6872078
mwad0_sx162 /nfs-share/xinchi/kaldi/egs/timit/s5_la5/data-fmllr-tri3/train/data/feats_fmllr_train.10.ark:13985292
fceg0_si618 /nfs-share/xinchi/kaldi/egs/timit/s5_la5/data-fmllr-tri3/train/data/feats_fmllr_train.1.ark:6152920
mbom0_si1014 /nfs-share/xinchi/kaldi/egs/timit/s5_la5/data-fmllr-tri3/train/data/feats_fmllr_train.4.ark:6679922
mmjb1_si778 /nfs-share/xinchi/kaldi/egs/timit/s5_la5/data-fmllr-tri3/train/data/feats_fmllr_train.8.ark:1137201
