fcyl0_sx349 /nfs-share/xinchi/kaldi/egs/timit/s5_la3/mfcc/raw_mfcc_train.1.ark:770464
fjlr0_sx151 /nfs-share/xinchi/kaldi/egs/timit/s5_la3/mfcc/raw_mfcc_train.1.ark:1760467
mklr0_sx69 /nfs-share/xinchi/kaldi/egs/timit/s5_la3/mfcc/raw_mfcc_train.3.ark:2198134
mrew1_sx240 /nfs-share/xinchi/kaldi/egs/timit/s5_la3/mfcc/raw_mfcc_train.4.ark:652688
mhmr0_sx129 /nfs-share/xinchi/kaldi/egs/timit/s5_la3/mfcc/raw_mfcc_train.3.ark:430696
mtpg0_si1383 /nfs-share/xinchi/kaldi/egs/timit/s5_la3/mfcc/raw_mfcc_train.4.ark:3038330
fmbg0_sx440 /nfs-share/xinchi/kaldi/egs/timit/s5_la3/mfcc/raw_mfcc_train.1.ark:2840460
mhrm0_si1475 /nfs-share/xinchi/kaldi/egs/timit/s5_la3/mfcc/raw_mfcc_train.3.ark:450452
mdhl0_sx179 /nfs-share/xinchi/kaldi/egs/timit/s5_la3/mfcc/raw_mfcc_train.2.ark:2299661
mcxm0_si1351 /nfs-share/xinchi/kaldi/egs/timit/s5_la3/mfcc/raw_mfcc_train.2.ark:1930412
mkdt0_si2153 /nfs-share/xinchi/kaldi/egs/timit/s5_la3/mfcc/raw_mfcc_train.3.ark:2043885
mcdc0_sx32 /nfs-share/xinchi/kaldi/egs/timit/s5_la3/mfcc/raw_mfcc_train.2.ark:1532823
fmah1_sx249 /nfs-share/xinchi/kaldi/egs/timit/s5_la3/mfcc/raw_mfcc_train.1.ark:2801910
mewm0_sx268 /nfs-share/xinchi/kaldi/egs/timit/s5_la3/mfcc/raw_mfcc_train.2.ark:3383724
fklh0_sx87 /nfs-share/xinchi/kaldi/egs/timit/s5_la3/mfcc/raw_mfcc_train.1.ark:2289216
mjmm0_sx85 /nfs-share/xinchi/kaldi/egs/timit/s5_la3/mfcc/raw_mfcc_train.3.ark:1351120
mdlc2_si984 /nfs-share/xinchi/kaldi/egs/timit/s5_la3/mfcc/raw_mfcc_train.2.ark:2522589
fcrz0_sx253 /nfs-share/xinchi/kaldi/egs/timit/s5_la3/mfcc/raw_mfcc_train.1.ark:735573
mgrp0_sx237 /nfs-share/xinchi/kaldi/egs/timit/s5_la3/mfcc/raw_mfcc_train.3.ark:176128
mgjc0_si1256 /nfs-share/xinchi/kaldi/egs/timit/s5_la3/mfcc/raw_mfcc_train.3.ark:90626
mrkm0_sx7 /nfs-share/xinchi/kaldi/egs/timit/s5_la3/mfcc/raw_mfcc_train.4.ark:1050269
mhxl0_si1772 /nfs-share/xinchi/kaldi/egs/timit/s5_la3/mfcc/raw_mfcc_train.3.ark:481241
mrpc1_si2112 /nfs-share/xinchi/kaldi/egs/timit/s5_la3/mfcc/raw_mfcc_train.4.ark:1377147
fecd0_si1418 /nfs-share/xinchi/kaldi/egs/timit/s5_la3/mfcc/raw_mfcc_train.1.ark:1187447
mcdc0_sx212 /nfs-share/xinchi/kaldi/egs/timit/s5_la3/mfcc/raw_mfcc_train.2.ark:1524828
mlel0_sx346 /nfs-share/xinchi/kaldi/egs/timit/s5_la3/mfcc/raw_mfcc_train.3.ark:2419132
mkjo0_sx77 /nfs-share/xinchi/kaldi/egs/timit/s5_la3/mfcc/raw_mfcc_train.3.ark:2139025
mcal0_sx328 /nfs-share/xinchi/kaldi/egs/timit/s5_la3/mfcc/raw_mfcc_train.2.ark:1495281
fdxw0_sx71 /nfs-share/xinchi/kaldi/egs/timit/s5_la3/mfcc/raw_mfcc_train.1.ark:1118061
mmrp0_si774 /nfs-share/xinchi/kaldi/egs/timit/s5_la3/mfcc/raw_mfcc_train.3.ark:3212367
marc0_sx288 /nfs-share/xinchi/kaldi/egs/timit/s5_la3/mfcc/raw_mfcc_train.2.ark:996712
fmkf0_sx6 /nfs-share/xinchi/kaldi/egs/timit/s5_la3/mfcc/raw_mfcc_train.1.ark:3045823
mrsp0_si799 /nfs-share/xinchi/kaldi/egs/timit/s5_la3/mfcc/raw_mfcc_train.4.ark:1486375
mjai0_si682 /nfs-share/xinchi/kaldi/egs/timit/s5_la3/mfcc/raw_mfcc_train.3.ark:614658
mreh1_sx159 /nfs-share/xinchi/kaldi/egs/timit/s5_la3/mfcc/raw_mfcc_train.4.ark:586190
mmcc0_sx258 /nfs-share/xinchi/kaldi/egs/timit/s5_la3/mfcc/raw_mfcc_train.3.ark:2796415
mejl0_sx332 /nfs-share/xinchi/kaldi/egs/timit/s5_la3/mfcc/raw_mfcc_train.2.ark:3265946
msds0_sx447 /nfs-share/xinchi/kaldi/egs/timit/s5_la3/mfcc/raw_mfcc_train.4.ark:1914952
mtlb0_sx234 /nfs-share/xinchi/kaldi/egs/timit/s5_la3/mfcc/raw_mfcc_train.4.ark:2859422
feeh0_si471 /nfs-share/xinchi/kaldi/egs/timit/s5_la3/mfcc/raw_mfcc_train.1.ark:1235086
mtxs0_sx160 /nfs-share/xinchi/kaldi/egs/timit/s5_la3/mfcc/raw_mfcc_train.4.ark:3311405
mstf0_sx226 /nfs-share/xinchi/kaldi/egs/timit/s5_la3/mfcc/raw_mfcc_train.4.ark:2282293
mdsj0_sx22 /nfs-share/xinchi/kaldi/egs/timit/s5_la3/mfcc/raw_mfcc_train.2.ark:2923608
mmea0_si758 /nfs-share/xinchi/kaldi/egs/timit/s5_la3/mfcc/raw_mfcc_train.3.ark:2974180
fdxw0_si2141 /nfs-share/xinchi/kaldi/egs/timit/s5_la3/mfcc/raw_mfcc_train.1.ark:1095413
fskc0_sx246 /nfs-share/xinchi/kaldi/egs/timit/s5_la3/mfcc/raw_mfcc_train.2.ark:97631
fcyl0_si1297 /nfs-share/xinchi/kaldi/egs/timit/s5_la3/mfcc/raw_mfcc_train.1.ark:750083
mdss0_sx171 /nfs-share/xinchi/kaldi/egs/timit/s5_la3/mfcc/raw_mfcc_train.2.ark:2949516
fpaf0_sx64 /nfs-share/xinchi/kaldi/egs/timit/s5_la3/mfcc/raw_mfcc_train.1.ark:3327148
fjhk0_si1652 /nfs-share/xinchi/kaldi/egs/timit/s5_la3/mfcc/raw_mfcc_train.1.ark:1657138
mgjc0_si1335 /nfs-share/xinchi/kaldi/egs/timit/s5_la3/mfcc/raw_mfcc_train.3.ark:94430
flma0_sx73 /nfs-share/xinchi/kaldi/egs/timit/s5_la3/mfcc/raw_mfcc_train.1.ark:2654183
mzmb0_sx86 /nfs-share/xinchi/kaldi/egs/timit/s5_la3/mfcc/raw_mfcc_train.4.ark:3806016
mram0_si1275 /nfs-share/xinchi/kaldi/egs/timit/s5_la3/mfcc/raw_mfcc_train.4.ark:285442
fjdm2_si2212 /nfs-share/xinchi/kaldi/egs/timit/s5_la3/mfcc/raw_mfcc_train.1.ark:1589287
mram0_sx285 /nfs-share/xinchi/kaldi/egs/timit/s5_la3/mfcc/raw_mfcc_train.4.ark:308989
fexm0_si482 /nfs-share/xinchi/kaldi/egs/timit/s5_la3/mfcc/raw_mfcc_train.1.ark:1335409
falk0_sx96 /nfs-share/xinchi/kaldi/egs/timit/s5_la3/mfcc/raw_mfcc_train.1.ark:97372
mtdb0_sx411 /nfs-share/xinchi/kaldi/egs/timit/s5_la3/mfcc/raw_mfcc_train.4.ark:2561275
fsjw0_si703 /nfs-share/xinchi/kaldi/egs/timit/s5_la3/mfcc/raw_mfcc_train.2.ark:60016
mtwh1_sx432 /nfs-share/xinchi/kaldi/egs/timit/s5_la3/mfcc/raw_mfcc_train.4.ark:3289736
mrcw0_sx381 /nfs-share/xinchi/kaldi/egs/timit/s5_la3/mfcc/raw_mfcc_train.4.ark:442995
mclk0_si2290 /nfs-share/xinchi/kaldi/egs/timit/s5_la3/mfcc/raw_mfcc_train.2.ark:1712194
mgrp0_sx147 /nfs-share/xinchi/kaldi/egs/timit/s5_la3/mfcc/raw_mfcc_train.3.ark:171324
mmws0_sx438 /nfs-share/xinchi/kaldi/egs/timit/s5_la3/mfcc/raw_mfcc_train.3.ark:3379075
mrjt0_sx418 /nfs-share/xinchi/kaldi/egs/timit/s5_la3/mfcc/raw_mfcc_train.4.ark:1007600
msms0_sx443 /nfs-share/xinchi/kaldi/egs/timit/s5_la3/mfcc/raw_mfcc_train.4.ark:2194128
flac0_sx181 /nfs-share/xinchi/kaldi/egs/timit/s5_la3/mfcc/raw_mfcc_train.1.ark:2336155
mmdb0_sx87 /nfs-share/xinchi/kaldi/egs/timit/s5_la3/mfcc/raw_mfcc_train.3.ark:2838586
mjma0_si865 /nfs-share/xinchi/kaldi/egs/timit/s5_la3/mfcc/raw_mfcc_train.3.ark:1275415
fmah1_sx339 /nfs-share/xinchi/kaldi/egs/timit/s5_la3/mfcc/raw_mfcc_train.1.ark:2805115
feme0_sx425 /nfs-share/xinchi/kaldi/egs/timit/s5_la3/mfcc/raw_mfcc_train.1.ark:1287535
ftlg0_si1743 /nfs-share/xinchi/kaldi/egs/timit/s5_la3/mfcc/raw_mfcc_train.2.ark:501942
mrml0_si1421 /nfs-share/xinchi/kaldi/egs/timit/s5_la3/mfcc/raw_mfcc_train.4.ark:1299822
msvs0_sx218 /nfs-share/xinchi/kaldi/egs/timit/s5_la3/mfcc/raw_mfcc_train.4.ark:2319660
fpab1_sx391 /nfs-share/xinchi/kaldi/egs/timit/s5_la3/mfcc/raw_mfcc_train.1.ark:3224107
mjpm1_sx311 /nfs-share/xinchi/kaldi/egs/timit/s5_la3/mfcc/raw_mfcc_train.3.ark:1432749
mtjs0_sx112 /nfs-share/xinchi/kaldi/egs/timit/s5_la3/mfcc/raw_mfcc_train.4.ark:2723181
msvs0_si938 /nfs-share/xinchi/kaldi/egs/timit/s5_la3/mfcc/raw_mfcc_train.4.ark:2309194
fjkl0_si1562 /nfs-share/xinchi/kaldi/egs/timit/s5_la3/mfcc/raw_mfcc_train.1.ark:1685801
madd0_sx358 /nfs-share/xinchi/kaldi/egs/timit/s5_la3/mfcc/raw_mfcc_train.2.ark:742656
mtat0_sx390 /nfs-share/xinchi/kaldi/egs/timit/s5_la3/mfcc/raw_mfcc_train.4.ark:2431313
mchl0_sx357 /nfs-share/xinchi/kaldi/egs/timit/s5_la3/mfcc/raw_mfcc_train.2.ark:1699022
fklc1_si1678 /nfs-share/xinchi/kaldi/egs/timit/s5_la3/mfcc/raw_mfcc_train.1.ark:2234153
mdsj0_sx438 /nfs-share/xinchi/kaldi/egs/timit/s5_la3/mfcc/raw_mfcc_train.2.ark:2934913
fvmh0_sx386 /nfs-share/xinchi/kaldi/egs/timit/s5_la3/mfcc/raw_mfcc_train.2.ark:657465
mmds0_sx353 /nfs-share/xinchi/kaldi/egs/timit/s5_la3/mfcc/raw_mfcc_train.3.ark:2958245
fjrb0_si1302 /nfs-share/xinchi/kaldi/egs/timit/s5_la3/mfcc/raw_mfcc_train.1.ark:1781328
fcmm0_si1083 /nfs-share/xinchi/kaldi/egs/timit/s5_la3/mfcc/raw_mfcc_train.1.ark:688583
ftbr0_sx21 /nfs-share/xinchi/kaldi/egs/timit/s5_la3/mfcc/raw_mfcc_train.2.ark:460315
mljh0_sx424 /nfs-share/xinchi/kaldi/egs/timit/s5_la3/mfcc/raw_mfcc_train.3.ark:2497760
mdtb0_si570 /nfs-share/xinchi/kaldi/egs/timit/s5_la3/mfcc/raw_mfcc_train.2.ark:3001389
fcaj0_sx399 /nfs-share/xinchi/kaldi/egs/timit/s5_la3/mfcc/raw_mfcc_train.1.ark:464887
mrdd0_sx60 /nfs-share/xinchi/kaldi/egs/timit/s5_la3/mfcc/raw_mfcc_train.4.ark:472199
mprd0_sx351 /nfs-share/xinchi/kaldi/egs/timit/s5_la3/mfcc/raw_mfcc_train.4.ark:78289
mkls1_si915 /nfs-share/xinchi/kaldi/egs/timit/s5_la3/mfcc/raw_mfcc_train.3.ark:2244573
mrxb0_si955 /nfs-share/xinchi/kaldi/egs/timit/s5_la3/mfcc/raw_mfcc_train.4.ark:1683082
mgaw0_si535 /nfs-share/xinchi/kaldi/egs/timit/s5_la3/mfcc/raw_mfcc_train.3.ark:43298
fpac0_sx301 /nfs-share/xinchi/kaldi/egs/timit/s5_la3/mfcc/raw_mfcc_train.1.ark:3251191
mrtc0_sx198 /nfs-share/xinchi/kaldi/egs/timit/s5_la3/mfcc/raw_mfcc_train.4.ark:1532615
mrav0_sx378 /nfs-share/xinchi/kaldi/egs/timit/s5_la3/mfcc/raw_mfcc_train.4.ark:342334
mdem0_sx158 /nfs-share/xinchi/kaldi/egs/timit/s5_la3/mfcc/raw_mfcc_train.2.ark:2264361
fklh0_si627 /nfs-share/xinchi/kaldi/egs/timit/s5_la3/mfcc/raw_mfcc_train.1.ark:2269734
mrjb1_si2021 /nfs-share/xinchi/kaldi/egs/timit/s5_la3/mfcc/raw_mfcc_train.4.ark:852293
mmar0_sx346 /nfs-share/xinchi/kaldi/egs/timit/s5_la3/mfcc/raw_mfcc_train.3.ark:2730255
medr0_si744 /nfs-share/xinchi/kaldi/egs/timit/s5_la3/mfcc/raw_mfcc_train.2.ark:3158534
mmdm0_sx141 /nfs-share/xinchi/kaldi/egs/timit/s5_la3/mfcc/raw_mfcc_train.3.ark:2889178
mmdg0_sx160 /nfs-share/xinchi/kaldi/egs/timit/s5_la3/mfcc/raw_mfcc_train.3.ark:2854853
mmvp0_si1284 /nfs-share/xinchi/kaldi/egs/timit/s5_la3/mfcc/raw_mfcc_train.3.ark:3275386
mpgr1_sx419 /nfs-share/xinchi/kaldi/egs/timit/s5_la3/mfcc/raw_mfcc_train.3.ark:3681932
mjra0_sx246 /nfs-share/xinchi/kaldi/egs/timit/s5_la3/mfcc/raw_mfcc_train.3.ark:1463908
mkrg0_sx141 /nfs-share/xinchi/kaldi/egs/timit/s5_la3/mfcc/raw_mfcc_train.3.ark:2317781
mjae0_si1999 /nfs-share/xinchi/kaldi/egs/timit/s5_la3/mfcc/raw_mfcc_train.3.ark:581100
mkam0_si1465 /nfs-share/xinchi/kaldi/egs/timit/s5_la3/mfcc/raw_mfcc_train.3.ark:1954290
mrws0_sx382 /nfs-share/xinchi/kaldi/egs/timit/s5_la3/mfcc/raw_mfcc_train.4.ark:1670137
mreh1_si969 /nfs-share/xinchi/kaldi/egs/timit/s5_la3/mfcc/raw_mfcc_train.4.ark:579202
fpmy0_sx196 /nfs-share/xinchi/kaldi/egs/timit/s5_la3/mfcc/raw_mfcc_train.1.ark:3448501
mapv0_si1293 /nfs-share/xinchi/kaldi/egs/timit/s5_la3/mfcc/raw_mfcc_train.2.ark:942819
mesj0_si2039 /nfs-share/xinchi/kaldi/egs/timit/s5_la3/mfcc/raw_mfcc_train.2.ark:3341416
msah1_si2309 /nfs-share/xinchi/kaldi/egs/timit/s5_la3/mfcc/raw_mfcc_train.4.ark:1712286
mwrp0_sx183 /nfs-share/xinchi/kaldi/egs/timit/s5_la3/mfcc/raw_mfcc_train.4.ark:3692423
majp0_si2334 /nfs-share/xinchi/kaldi/egs/timit/s5_la3/mfcc/raw_mfcc_train.2.ark:852455
fetb0_si518 /nfs-share/xinchi/kaldi/egs/timit/s5_la3/mfcc/raw_mfcc_train.1.ark:1302891
msrr0_sx411 /nfs-share/xinchi/kaldi/egs/timit/s5_la3/mfcc/raw_mfcc_train.4.ark:2255861
msvs0_si1568 /nfs-share/xinchi/kaldi/egs/timit/s5_la3/mfcc/raw_mfcc_train.4.ark:2298857
ftaj0_sx249 /nfs-share/xinchi/kaldi/egs/timit/s5_la3/mfcc/raw_mfcc_train.2.ark:426179
fnkl0_sx262 /nfs-share/xinchi/kaldi/egs/timit/s5_la3/mfcc/raw_mfcc_train.1.ark:3147385
mkag0_si2239 /nfs-share/xinchi/kaldi/egs/timit/s5_la3/mfcc/raw_mfcc_train.3.ark:1855000
msfh0_sx136 /nfs-share/xinchi/kaldi/egs/timit/s5_la3/mfcc/raw_mfcc_train.4.ark:2009431
mtjm0_sx326 /nfs-share/xinchi/kaldi/egs/timit/s5_la3/mfcc/raw_mfcc_train.4.ark:2694954
fhxs0_sx445 /nfs-share/xinchi/kaldi/egs/timit/s5_la3/mfcc/raw_mfcc_train.1.ark:1574255
mrld0_sx64 /nfs-share/xinchi/kaldi/egs/timit/s5_la3/mfcc/raw_mfcc_train.4.ark:1083417
mrlk0_si1468 /nfs-share/xinchi/kaldi/egs/timit/s5_la3/mfcc/raw_mfcc_train.4.ark:1144146
fkfb0_sx438 /nfs-share/xinchi/kaldi/egs/timit/s5_la3/mfcc/raw_mfcc_train.1.ark:2147619
fmkc0_sx172 /nfs-share/xinchi/kaldi/egs/timit/s5_la3/mfcc/raw_mfcc_train.1.ark:2997855
mbsb0_sx3 /nfs-share/xinchi/kaldi/egs/timit/s5_la3/mfcc/raw_mfcc_train.2.ark:1360987
mmgk0_si1952 /nfs-share/xinchi/kaldi/egs/timit/s5_la3/mfcc/raw_mfcc_train.3.ark:3092259
msrg0_sx51 /nfs-share/xinchi/kaldi/egs/timit/s5_la3/mfcc/raw_mfcc_train.4.ark:2228225
mdmt0_si1832 /nfs-share/xinchi/kaldi/egs/timit/s5_la3/mfcc/raw_mfcc_train.2.ark:2716291
mwdk0_si2017 /nfs-share/xinchi/kaldi/egs/timit/s5_la3/mfcc/raw_mfcc_train.4.ark:3553169
mlsh0_sx247 /nfs-share/xinchi/kaldi/egs/timit/s5_la3/mfcc/raw_mfcc_train.3.ark:2552694
fklh0_si1257 /nfs-share/xinchi/kaldi/egs/timit/s5_la3/mfcc/raw_mfcc_train.1.ark:2260931
mdhs0_si900 /nfs-share/xinchi/kaldi/egs/timit/s5_la3/mfcc/raw_mfcc_train.2.ark:2326439
mkdt0_sx173 /nfs-share/xinchi/kaldi/egs/timit/s5_la3/mfcc/raw_mfcc_train.3.ark:2057101
mdtb0_sx321 /nfs-share/xinchi/kaldi/egs/timit/s5_la3/mfcc/raw_mfcc_train.2.ark:3015717
fsjw0_sx163 /nfs-share/xinchi/kaldi/egs/timit/s5_la3/mfcc/raw_mfcc_train.2.ark:63494
mmlm0_sx177 /nfs-share/xinchi/kaldi/egs/timit/s5_la3/mfcc/raw_mfcc_train.3.ark:3157231
fjhk0_sx32 /nfs-share/xinchi/kaldi/egs/timit/s5_la3/mfcc/raw_mfcc_train.1.ark:1678480
mhmg0_si1995 /nfs-share/xinchi/kaldi/egs/timit/s5_la3/mfcc/raw_mfcc_train.3.ark:390897
fsah0_sx74 /nfs-share/xinchi/kaldi/egs/timit/s5_la3/mfcc/raw_mfcc_train.1.ark:3624137
mhrm0_sx328 /nfs-share/xinchi/kaldi/egs/timit/s5_la3/mfcc/raw_mfcc_train.3.ark:467583
msdh0_sx80 /nfs-share/xinchi/kaldi/egs/timit/s5_la3/mfcc/raw_mfcc_train.4.ark:1880372
mdac0_sx91 /nfs-share/xinchi/kaldi/egs/timit/s5_la3/mfcc/raw_mfcc_train.2.ark:1992788
mrsp0_sx439 /nfs-share/xinchi/kaldi/egs/timit/s5_la3/mfcc/raw_mfcc_train.4.ark:1501236
mrew1_si870 /nfs-share/xinchi/kaldi/egs/timit/s5_la3/mfcc/raw_mfcc_train.4.ark:645082
fjsk0_sx152 /nfs-share/xinchi/kaldi/egs/timit/s5_la3/mfcc/raw_mfcc_train.1.ark:1867200
fklc0_si985 /nfs-share/xinchi/kaldi/egs/timit/s5_la3/mfcc/raw_mfcc_train.1.ark:2199354
mjda0_si1031 /nfs-share/xinchi/kaldi/egs/timit/s5_la3/mfcc/raw_mfcc_train.3.ark:675878
mgsl0_sx174 /nfs-share/xinchi/kaldi/egs/timit/s5_la3/mfcc/raw_mfcc_train.3.ark:241960
mrjh0_sx169 /nfs-share/xinchi/kaldi/egs/timit/s5_la3/mfcc/raw_mfcc_train.4.ark:894060
msfv0_si632 /nfs-share/xinchi/kaldi/egs/timit/s5_la3/mfcc/raw_mfcc_train.4.ark:2041253
mjlb0_si1616 /nfs-share/xinchi/kaldi/egs/timit/s5_la3/mfcc/raw_mfcc_train.3.ark:1172255
mgar0_si1842 /nfs-share/xinchi/kaldi/egs/timit/s5_la3/mfcc/raw_mfcc_train.3.ark:7907
fcmg0_si1242 /nfs-share/xinchi/kaldi/egs/timit/s5_la3/mfcc/raw_mfcc_train.1.ark:660219
mjwt0_sx31 /nfs-share/xinchi/kaldi/egs/timit/s5_la3/mfcc/raw_mfcc_train.3.ark:1779086
mjfr0_sx75 /nfs-share/xinchi/kaldi/egs/timit/s5_la3/mfcc/raw_mfcc_train.3.ark:1000440
mbml0_sx179 /nfs-share/xinchi/kaldi/egs/timit/s5_la3/mfcc/raw_mfcc_train.2.ark:1296925
mrml0_sx161 /nfs-share/xinchi/kaldi/egs/timit/s5_la3/mfcc/raw_mfcc_train.4.ark:1314963
mjbg0_sx422 /nfs-share/xinchi/kaldi/egs/timit/s5_la3/mfcc/raw_mfcc_train.3.ark:666920
fbjl0_sx202 /nfs-share/xinchi/kaldi/egs/timit/s5_la3/mfcc/raw_mfcc_train.1.ark:292266
msdb0_sx107 /nfs-share/xinchi/kaldi/egs/timit/s5_la3/mfcc/raw_mfcc_train.4.ark:1837440
mdhs0_sx270 /nfs-share/xinchi/kaldi/egs/timit/s5_la3/mfcc/raw_mfcc_train.2.ark:2335761
fcdr1_sx286 /nfs-share/xinchi/kaldi/egs/timit/s5_la3/mfcc/raw_mfcc_train.1.ark:499777
mrew1_si1500 /nfs-share/xinchi/kaldi/egs/timit/s5_la3/mfcc/raw_mfcc_train.4.ark:639828
mgar0_si1212 /nfs-share/xinchi/kaldi/egs/timit/s5_la3/mfcc/raw_mfcc_train.3.ark:13
fdtd0_si931 /nfs-share/xinchi/kaldi/egs/timit/s5_la3/mfcc/raw_mfcc_train.1.ark:1065839
mbar0_sx149 /nfs-share/xinchi/kaldi/egs/timit/s5_la3/mfcc/raw_mfcc_train.2.ark:1049586
mcth0_si579 /nfs-share/xinchi/kaldi/egs/timit/s5_la3/mfcc/raw_mfcc_train.2.ark:1874608
mjee0_si1237 /nfs-share/xinchi/kaldi/egs/timit/s5_la3/mfcc/raw_mfcc_train.3.ark:910564
mdlh0_si574 /nfs-share/xinchi/kaldi/egs/timit/s5_la3/mfcc/raw_mfcc_train.2.ark:2551381
mrbc0_sx59 /nfs-share/xinchi/kaldi/egs/timit/s5_la3/mfcc/raw_mfcc_train.4.ark:374592
mdem0_sx338 /nfs-share/xinchi/kaldi/egs/timit/s5_la3/mfcc/raw_mfcc_train.2.ark:2272630
mrxb0_si1585 /nfs-share/xinchi/kaldi/egs/timit/s5_la3/mfcc/raw_mfcc_train.4.ark:1673954
mbwp0_sx349 /nfs-share/xinchi/kaldi/egs/timit/s5_la3/mfcc/raw_mfcc_train.2.ark:1421953
mpar0_si1576 /nfs-share/xinchi/kaldi/egs/timit/s5_la3/mfcc/raw_mfcc_train.3.ark:3508158
mdmt0_sx122 /nfs-share/xinchi/kaldi/egs/timit/s5_la3/mfcc/raw_mfcc_train.2.ark:2725413
mrdd0_sx150 /nfs-share/xinchi/kaldi/egs/timit/s5_la3/mfcc/raw_mfcc_train.4.ark:458470
fbcg1_sx172 /nfs-share/xinchi/kaldi/egs/timit/s5_la3/mfcc/raw_mfcc_train.1.ark:217292
mjws0_sx63 /nfs-share/xinchi/kaldi/egs/timit/s5_la3/mfcc/raw_mfcc_train.3.ark:1745808
fpab1_si841 /nfs-share/xinchi/kaldi/egs/timit/s5_la3/mfcc/raw_mfcc_train.1.ark:3200816
mmaa0_sx35 /nfs-share/xinchi/kaldi/egs/timit/s5_la3/mfcc/raw_mfcc_train.3.ark:2597601
fklc0_si2245 /nfs-share/xinchi/kaldi/egs/timit/s5_la3/mfcc/raw_mfcc_train.1.ark:2196656
mjxa0_si2137 /nfs-share/xinchi/kaldi/egs/timit/s5_la3/mfcc/raw_mfcc_train.3.ark:1790601
mrjh0_sx259 /nfs-share/xinchi/kaldi/egs/timit/s5_la3/mfcc/raw_mfcc_train.4.ark:900190
mtas0_sx395 /nfs-share/xinchi/kaldi/egs/timit/s5_la3/mfcc/raw_mfcc_train.4.ark:2399328
mjrh0_si1840 /nfs-share/xinchi/kaldi/egs/timit/s5_la3/mfcc/raw_mfcc_train.3.ark:1520429
ftbr0_sx381 /nfs-share/xinchi/kaldi/egs/timit/s5_la3/mfcc/raw_mfcc_train.2.ark:466569
fsbk0_sx439 /nfs-share/xinchi/kaldi/egs/timit/s5_la3/mfcc/raw_mfcc_train.1.ark:3685086
mjkr0_si571 /nfs-share/xinchi/kaldi/egs/timit/s5_la3/mfcc/raw_mfcc_train.3.ark:1148319
mdns0_sx111 /nfs-share/xinchi/kaldi/egs/timit/s5_la3/mfcc/raw_mfcc_train.2.ark:2761441
fbmj0_sx66 /nfs-share/xinchi/kaldi/egs/timit/s5_la3/mfcc/raw_mfcc_train.1.ark:406948
mbsb0_si1983 /nfs-share/xinchi/kaldi/egs/timit/s5_la3/mfcc/raw_mfcc_train.2.ark:1349183
mrcw0_si1371 /nfs-share/xinchi/kaldi/egs/timit/s5_la3/mfcc/raw_mfcc_train.4.ark:416777
flag0_sx204 /nfs-share/xinchi/kaldi/egs/timit/s5_la3/mfcc/raw_mfcc_train.1.ark:2375115
mmar0_sx436 /nfs-share/xinchi/kaldi/egs/timit/s5_la3/mfcc/raw_mfcc_train.3.ark:2736268
mrfk0_sx86 /nfs-share/xinchi/kaldi/egs/timit/s5_la3/mfcc/raw_mfcc_train.4.ark:695848
fmpg0_sx72 /nfs-share/xinchi/kaldi/egs/timit/s5_la3/mfcc/raw_mfcc_train.1.ark:3124253
mtmt0_si1748 /nfs-share/xinchi/kaldi/egs/timit/s5_la3/mfcc/raw_mfcc_train.4.ark:2979867
mbar0_si1949 /nfs-share/xinchi/kaldi/egs/timit/s5_la3/mfcc/raw_mfcc_train.2.ark:1043150
milb0_sx363 /nfs-share/xinchi/kaldi/egs/timit/s5_la3/mfcc/raw_mfcc_train.3.ark:537744
msdb0_si1007 /nfs-share/xinchi/kaldi/egs/timit/s5_la3/mfcc/raw_mfcc_train.4.ark:1827095
mrgm0_si1792 /nfs-share/xinchi/kaldi/egs/timit/s5_la3/mfcc/raw_mfcc_train.4.ark:739562
medr0_sx114 /nfs-share/xinchi/kaldi/egs/timit/s5_la3/mfcc/raw_mfcc_train.2.ark:3163559
mrem0_sx61 /nfs-share/xinchi/kaldi/egs/timit/s5_la3/mfcc/raw_mfcc_train.4.ark:635751
mtat1_sx149 /nfs-share/xinchi/kaldi/egs/timit/s5_la3/mfcc/raw_mfcc_train.4.ark:2447567
mmrp0_sx234 /nfs-share/xinchi/kaldi/egs/timit/s5_la3/mfcc/raw_mfcc_train.3.ark:3221273
fsjs0_sx91 /nfs-share/xinchi/kaldi/egs/timit/s5_la3/mfcc/raw_mfcc_train.2.ark:45199
fjen0_si1677 /nfs-share/xinchi/kaldi/egs/timit/s5_la3/mfcc/raw_mfcc_train.1.ark:1620030
mgsl0_sx444 /nfs-share/xinchi/kaldi/egs/timit/s5_la3/mfcc/raw_mfcc_train.3.ark:254786
fcjf0_sx127 /nfs-share/xinchi/kaldi/egs/timit/s5_la3/mfcc/raw_mfcc_train.1.ark:549934
mwch0_sx452 /nfs-share/xinchi/kaldi/egs/timit/s5_la3/mfcc/raw_mfcc_train.4.ark:3539640
mfer0_si2122 /nfs-share/xinchi/kaldi/egs/timit/s5_la3/mfcc/raw_mfcc_train.2.ark:3400309
fcag0_sx63 /nfs-share/xinchi/kaldi/egs/timit/s5_la3/mfcc/raw_mfcc_train.1.ark:436542
fblv0_sx248 /nfs-share/xinchi/kaldi/egs/timit/s5_la3/mfcc/raw_mfcc_train.1.ark:326566
mkdt0_si814 /nfs-share/xinchi/kaldi/egs/timit/s5_la3/mfcc/raw_mfcc_train.3.ark:2047272
fpaz0_sx243 /nfs-share/xinchi/kaldi/egs/timit/s5_la3/mfcc/raw_mfcc_train.1.ark:3350052
mdbp0_sx258 /nfs-share/xinchi/kaldi/egs/timit/s5_la3/mfcc/raw_mfcc_train.2.ark:2072419
mfmc0_sx412 /nfs-share/xinchi/kaldi/egs/timit/s5_la3/mfcc/raw_mfcc_train.2.ark:3451179
fpjf0_sx146 /nfs-share/xinchi/kaldi/egs/timit/s5_la3/mfcc/raw_mfcc_train.1.ark:3377857
mmab1_sx234 /nfs-share/xinchi/kaldi/egs/timit/s5_la3/mfcc/raw_mfcc_train.3.ark:2620629
mrlr0_sx26 /nfs-share/xinchi/kaldi/egs/timit/s5_la3/mfcc/raw_mfcc_train.4.ark:1197486
fsjk1_si696 /nfs-share/xinchi/kaldi/egs/timit/s5_la3/mfcc/raw_mfcc_train.1.ark:3875252
fjwb1_sx345 /nfs-share/xinchi/kaldi/egs/timit/s5_la3/mfcc/raw_mfcc_train.1.ark:1939425
fskp0_si1728 /nfs-share/xinchi/kaldi/egs/timit/s5_la3/mfcc/raw_mfcc_train.2.ark:151674
mlel0_sx166 /nfs-share/xinchi/kaldi/egs/timit/s5_la3/mfcc/raw_mfcc_train.3.ark:2408822
mjeb1_sx117 /nfs-share/xinchi/kaldi/egs/timit/s5_la3/mfcc/raw_mfcc_train.3.ark:893044
mtxs0_si1060 /nfs-share/xinchi/kaldi/egs/timit/s5_la3/mfcc/raw_mfcc_train.4.ark:3296796
fsjg0_sx40 /nfs-share/xinchi/kaldi/egs/timit/s5_la3/mfcc/raw_mfcc_train.1.ark:3857113
mljh0_sx64 /nfs-share/xinchi/kaldi/egs/timit/s5_la3/mfcc/raw_mfcc_train.3.ark:2502576
fntb0_si1203 /nfs-share/xinchi/kaldi/egs/timit/s5_la3/mfcc/raw_mfcc_train.1.ark:3159366
fjsk0_sx62 /nfs-share/xinchi/kaldi/egs/timit/s5_la3/mfcc/raw_mfcc_train.1.ark:1884517
mhrm0_sx58 /nfs-share/xinchi/kaldi/egs/timit/s5_la3/mfcc/raw_mfcc_train.3.ark:476761
mtml0_sx255 /nfs-share/xinchi/kaldi/egs/timit/s5_la3/mfcc/raw_mfcc_train.4.ark:2924472
mapv0_sx303 /nfs-share/xinchi/kaldi/egs/timit/s5_la3/mfcc/raw_mfcc_train.2.ark:967971
mgag0_sx331 /nfs-share/xinchi/kaldi/egs/timit/s5_la3/mfcc/raw_mfcc_train.2.ark:3631995
mfxv0_sx15 /nfs-share/xinchi/kaldi/egs/timit/s5_la3/mfcc/raw_mfcc_train.2.ark:3569994
mtqc0_sx271 /nfs-share/xinchi/kaldi/egs/timit/s5_la3/mfcc/raw_mfcc_train.4.ark:3157337
mwre0_sx67 /nfs-share/xinchi/kaldi/egs/timit/s5_la3/mfcc/raw_mfcc_train.4.ark:3672307
fkkh0_si660 /nfs-share/xinchi/kaldi/egs/timit/s5_la3/mfcc/raw_mfcc_train.1.ark:2172088
fsag0_si693 /nfs-share/xinchi/kaldi/egs/timit/s5_la3/mfcc/raw_mfcc_train.1.ark:3561321
mrcw0_sx21 /nfs-share/xinchi/kaldi/egs/timit/s5_la3/mfcc/raw_mfcc_train.4.ark:437430
mrfk0_si1076 /nfs-share/xinchi/kaldi/egs/timit/s5_la3/mfcc/raw_mfcc_train.4.ark:670175
mrds0_sx357 /nfs-share/xinchi/kaldi/egs/timit/s5_la3/mfcc/raw_mfcc_train.4.ark:526991
meal0_sx347 /nfs-share/xinchi/kaldi/egs/timit/s5_la3/mfcc/raw_mfcc_train.2.ark:3142202
fsjw0_sx73 /nfs-share/xinchi/kaldi/egs/timit/s5_la3/mfcc/raw_mfcc_train.2.ark:79329
mcth0_sx309 /nfs-share/xinchi/kaldi/egs/timit/s5_la3/mfcc/raw_mfcc_train.2.ark:1887161
mjkr0_sx391 /nfs-share/xinchi/kaldi/egs/timit/s5_la3/mfcc/raw_mfcc_train.3.ark:1169036
mdhs0_sx90 /nfs-share/xinchi/kaldi/egs/timit/s5_la3/mfcc/raw_mfcc_train.2.ark:2346376
mdma0_sx80 /nfs-share/xinchi/kaldi/egs/timit/s5_la3/mfcc/raw_mfcc_train.2.ark:2712981
fcyl0_si1927 /nfs-share/xinchi/kaldi/egs/timit/s5_la3/mfcc/raw_mfcc_train.1.ark:754199
mklw0_si1844 /nfs-share/xinchi/kaldi/egs/timit/s5_la3/mfcc/raw_mfcc_train.3.ark:2275030
fltm0_sx440 /nfs-share/xinchi/kaldi/egs/timit/s5_la3/mfcc/raw_mfcc_train.1.ark:2776738
mcdd0_sx253 /nfs-share/xinchi/kaldi/egs/timit/s5_la3/mfcc/raw_mfcc_train.2.ark:1554876
fskl0_sx179 /nfs-share/xinchi/kaldi/egs/timit/s5_la3/mfcc/raw_mfcc_train.2.ark:126268
feme0_si2135 /nfs-share/xinchi/kaldi/egs/timit/s5_la3/mfcc/raw_mfcc_train.1.ark:1263398
fjkl0_sx392 /nfs-share/xinchi/kaldi/egs/timit/s5_la3/mfcc/raw_mfcc_train.1.ark:1712487
mprb0_sx35 /nfs-share/xinchi/kaldi/egs/timit/s5_la3/mfcc/raw_mfcc_train.4.ark:46076
flod0_sx387 /nfs-share/xinchi/kaldi/egs/timit/s5_la3/mfcc/raw_mfcc_train.1.ark:2747527
mgak0_si1036 /nfs-share/xinchi/kaldi/egs/timit/s5_la3/mfcc/raw_mfcc_train.2.ark:3641935
msah1_sx329 /nfs-share/xinchi/kaldi/egs/timit/s5_la3/mfcc/raw_mfcc_train.4.ark:1723266
mreh1_sx429 /nfs-share/xinchi/kaldi/egs/timit/s5_la3/mfcc/raw_mfcc_train.4.ark:598522
fetb0_sx68 /nfs-share/xinchi/kaldi/egs/timit/s5_la3/mfcc/raw_mfcc_train.1.ark:1322919
mhjb0_sx207 /nfs-share/xinchi/kaldi/egs/timit/s5_la3/mfcc/raw_mfcc_train.3.ark:376496
mrew1_sx420 /nfs-share/xinchi/kaldi/egs/timit/s5_la3/mfcc/raw_mfcc_train.4.ark:661165
mded0_sx180 /nfs-share/xinchi/kaldi/egs/timit/s5_la3/mfcc/raw_mfcc_train.2.ark:2198454
mjsr0_si794 /nfs-share/xinchi/kaldi/egs/timit/s5_la3/mfcc/raw_mfcc_train.3.ark:1648018
fsak0_si1930 /nfs-share/xinchi/kaldi/egs/timit/s5_la3/mfcc/raw_mfcc_train.1.ark:3633851
mkam0_si1250 /nfs-share/xinchi/kaldi/egs/timit/s5_la3/mfcc/raw_mfcc_train.3.ark:1944576
mpgh0_sx24 /nfs-share/xinchi/kaldi/egs/timit/s5_la3/mfcc/raw_mfcc_train.3.ark:3618915
maeo0_sx246 /nfs-share/xinchi/kaldi/egs/timit/s5_la3/mfcc/raw_mfcc_train.2.ark:801264
mjhi0_sx338 /nfs-share/xinchi/kaldi/egs/timit/s5_la3/mfcc/raw_mfcc_train.3.ark:1023974
mjmm0_si1885 /nfs-share/xinchi/kaldi/egs/timit/s5_la3/mfcc/raw_mfcc_train.3.ark:1329798
mjbg0_sx62 /nfs-share/xinchi/kaldi/egs/timit/s5_la3/mfcc/raw_mfcc_train.3.ark:671918
mrmg0_si2340 /nfs-share/xinchi/kaldi/egs/timit/s5_la3/mfcc/raw_mfcc_train.4.ark:1245408
fsms1_sx334 /nfs-share/xinchi/kaldi/egs/timit/s5_la3/mfcc/raw_mfcc_train.2.ark:298207
mcew0_si812 /nfs-share/xinchi/kaldi/egs/timit/s5_la3/mfcc/raw_mfcc_train.2.ark:1646189
mwch0_si1622 /nfs-share/xinchi/kaldi/egs/timit/s5_la3/mfcc/raw_mfcc_train.4.ark:3520265
mhxl0_sx152 /nfs-share/xinchi/kaldi/egs/timit/s5_la3/mfcc/raw_mfcc_train.3.ark:492234
mdrd0_sx122 /nfs-share/xinchi/kaldi/egs/timit/s5_la3/mfcc/raw_mfcc_train.2.ark:2885338
mgjc0_sx165 /nfs-share/xinchi/kaldi/egs/timit/s5_la3/mfcc/raw_mfcc_train.3.ark:103012
mdlc2_sx354 /nfs-share/xinchi/kaldi/egs/timit/s5_la3/mfcc/raw_mfcc_train.2.ark:2536039
fpaz0_si1593 /nfs-share/xinchi/kaldi/egs/timit/s5_la3/mfcc/raw_mfcc_train.1.ark:3331173
mrab0_si1854 /nfs-share/xinchi/kaldi/egs/timit/s5_la3/mfcc/raw_mfcc_train.4.ark:187831
mljc0_si1855 /nfs-share/xinchi/kaldi/egs/timit/s5_la3/mfcc/raw_mfcc_train.3.ark:2439181
fjlg0_sx89 /nfs-share/xinchi/kaldi/egs/timit/s5_la3/mfcc/raw_mfcc_train.1.ark:1744889
mjmm0_sx265 /nfs-share/xinchi/kaldi/egs/timit/s5_la3/mfcc/raw_mfcc_train.3.ark:1341246
mafm0_sx39 /nfs-share/xinchi/kaldi/egs/timit/s5_la3/mfcc/raw_mfcc_train.2.ark:837305
mmdm1_sx63 /nfs-share/xinchi/kaldi/egs/timit/s5_la3/mfcc/raw_mfcc_train.3.ark:2938272
mbcg0_si957 /nfs-share/xinchi/kaldi/egs/timit/s5_la3/mfcc/raw_mfcc_train.2.ark:1106074
fbmh0_si1136 /nfs-share/xinchi/kaldi/egs/timit/s5_la3/mfcc/raw_mfcc_train.1.ark:342519
fjen0_sx327 /nfs-share/xinchi/kaldi/egs/timit/s5_la3/mfcc/raw_mfcc_train.1.ark:1636894
mwar0_sx55 /nfs-share/xinchi/kaldi/egs/timit/s5_la3/mfcc/raw_mfcc_train.4.ark:3515850
mjdm0_sx350 /nfs-share/xinchi/kaldi/egs/timit/s5_la3/mfcc/raw_mfcc_train.3.ark:830076
megj0_si1967 /nfs-share/xinchi/kaldi/egs/timit/s5_la3/mfcc/raw_mfcc_train.2.ark:3220662
fvfb0_si1510 /nfs-share/xinchi/kaldi/egs/timit/s5_la3/mfcc/raw_mfcc_train.2.ark:571496
flkm0_si686 /nfs-share/xinchi/kaldi/egs/timit/s5_la3/mfcc/raw_mfcc_train.1.ark:2603418
mrws0_sx22 /nfs-share/xinchi/kaldi/egs/timit/s5_la3/mfcc/raw_mfcc_train.4.ark:1662986
mpfu0_si1888 /nfs-share/xinchi/kaldi/egs/timit/s5_la3/mfcc/raw_mfcc_train.3.ark:3571720
mljc0_sx145 /nfs-share/xinchi/kaldi/egs/timit/s5_la3/mfcc/raw_mfcc_train.3.ark:2445630
mjlg1_si1012 /nfs-share/xinchi/kaldi/egs/timit/s5_la3/mfcc/raw_mfcc_train.3.ark:1202043
fbch0_sx326 /nfs-share/xinchi/kaldi/egs/timit/s5_la3/mfcc/raw_mfcc_train.1.ark:261393
mjjb0_si1139 /nfs-share/xinchi/kaldi/egs/timit/s5_la3/mfcc/raw_mfcc_train.3.ark:1036449
mcal0_sx418 /nfs-share/xinchi/kaldi/egs/timit/s5_la3/mfcc/raw_mfcc_train.2.ark:1499916
fsrh0_sx131 /nfs-share/xinchi/kaldi/egs/timit/s5_la3/mfcc/raw_mfcc_train.2.ark:355052
mree0_si1104 /nfs-share/xinchi/kaldi/egs/timit/s5_la3/mfcc/raw_mfcc_train.4.ark:537282
mjpm0_sx18 /nfs-share/xinchi/kaldi/egs/timit/s5_la3/mfcc/raw_mfcc_train.3.ark:1399781
mrav0_sx18 /nfs-share/xinchi/kaldi/egs/timit/s5_la3/mfcc/raw_mfcc_train.4.ark:332420
medr0_sx384 /nfs-share/xinchi/kaldi/egs/timit/s5_la3/mfcc/raw_mfcc_train.2.ark:3175793
fjdm2_sx142 /nfs-share/xinchi/kaldi/egs/timit/s5_la3/mfcc/raw_mfcc_train.1.ark:1593233
mtmt0_sx218 /nfs-share/xinchi/kaldi/egs/timit/s5_la3/mfcc/raw_mfcc_train.4.ark:2992524
mgsl0_si797 /nfs-share/xinchi/kaldi/egs/timit/s5_la3/mfcc/raw_mfcc_train.3.ark:236142
fdml0_sx69 /nfs-share/xinchi/kaldi/egs/timit/s5_la3/mfcc/raw_mfcc_train.1.ark:972050
falk0_si456 /nfs-share/xinchi/kaldi/egs/timit/s5_la3/mfcc/raw_mfcc_train.1.ark:72191
mmag0_si496 /nfs-share/xinchi/kaldi/egs/timit/s5_la3/mfcc/raw_mfcc_train.3.ark:2649662
mrab0_si594 /nfs-share/xinchi/kaldi/egs/timit/s5_la3/mfcc/raw_mfcc_train.4.ark:193532
fksr0_sx366 /nfs-share/xinchi/kaldi/egs/timit/s5_la3/mfcc/raw_mfcc_train.1.ark:2312413
fcdr1_sx16 /nfs-share/xinchi/kaldi/egs/timit/s5_la3/mfcc/raw_mfcc_train.1.ark:493055
mtpg0_sx393 /nfs-share/xinchi/kaldi/egs/timit/s5_la3/mfcc/raw_mfcc_train.4.ark:3064600
mgsl0_si1164 /nfs-share/xinchi/kaldi/egs/timit/s5_la3/mfcc/raw_mfcc_train.3.ark:229121
mtrr0_sx378 /nfs-share/xinchi/kaldi/egs/timit/s5_la3/mfcc/raw_mfcc_train.4.ark:3233468
mdlc2_sx444 /nfs-share/xinchi/kaldi/egs/timit/s5_la3/mfcc/raw_mfcc_train.2.ark:2539023
mdhs0_si2160 /nfs-share/xinchi/kaldi/egs/timit/s5_la3/mfcc/raw_mfcc_train.2.ark:2323195
mtas0_sx125 /nfs-share/xinchi/kaldi/egs/timit/s5_la3/mfcc/raw_mfcc_train.4.ark:2387367
mpeb0_si1034 /nfs-share/xinchi/kaldi/egs/timit/s5_la3/mfcc/raw_mfcc_train.3.ark:3535827
mvrw0_si855 /nfs-share/xinchi/kaldi/egs/timit/s5_la3/mfcc/raw_mfcc_train.4.ark:3405325
mdrd0_sx302 /nfs-share/xinchi/kaldi/egs/timit/s5_la3/mfcc/raw_mfcc_train.2.ark:2895024
fsls0_sx246 /nfs-share/xinchi/kaldi/egs/timit/s5_la3/mfcc/raw_mfcc_train.2.ark:197403
mjeb1_si837 /nfs-share/xinchi/kaldi/egs/timit/s5_la3/mfcc/raw_mfcc_train.3.ark:886459
mmcc0_sx438 /nfs-share/xinchi/kaldi/egs/timit/s5_la3/mfcc/raw_mfcc_train.3.ark:2804671
mrtj0_sx52 /nfs-share/xinchi/kaldi/egs/timit/s5_la3/mfcc/raw_mfcc_train.4.ark:1580708
mdlr1_sx39 /nfs-share/xinchi/kaldi/egs/timit/s5_la3/mfcc/raw_mfcc_train.2.ark:2670250
mmgc0_sx405 /nfs-share/xinchi/kaldi/egs/timit/s5_la3/mfcc/raw_mfcc_train.3.ark:3048707
mtjs0_si1192 /nfs-share/xinchi/kaldi/egs/timit/s5_la3/mfcc/raw_mfcc_train.4.ark:2705882
mded0_si540 /nfs-share/xinchi/kaldi/egs/timit/s5_la3/mfcc/raw_mfcc_train.2.ark:2192142
fjrb0_sx402 /nfs-share/xinchi/kaldi/egs/timit/s5_la3/mfcc/raw_mfcc_train.1.ark:1804225
fspm0_sx251 /nfs-share/xinchi/kaldi/egs/timit/s5_la3/mfcc/raw_mfcc_train.2.ark:329275
flma0_sx253 /nfs-share/xinchi/kaldi/egs/timit/s5_la3/mfcc/raw_mfcc_train.1.ark:2643581
fcag0_sx243 /nfs-share/xinchi/kaldi/egs/timit/s5_la3/mfcc/raw_mfcc_train.1.ark:423002
fvfb0_sx222 /nfs-share/xinchi/kaldi/egs/timit/s5_la3/mfcc/raw_mfcc_train.2.ark:582594
fapb0_sx163 /nfs-share/xinchi/kaldi/egs/timit/s5_la3/mfcc/raw_mfcc_train.1.ark:148368
fssb0_si1712 /nfs-share/xinchi/kaldi/egs/timit/s5_la3/mfcc/raw_mfcc_train.2.ark:382356
mppc0_sx422 /nfs-share/xinchi/kaldi/egs/timit/s5_la3/mfcc/raw_mfcc_train.4.ark:7917
mrtc0_si828 /nfs-share/xinchi/kaldi/egs/timit/s5_la3/mfcc/raw_mfcc_train.4.ark:1520791
mrdd0_si1680 /nfs-share/xinchi/kaldi/egs/timit/s5_la3/mfcc/raw_mfcc_train.4.ark:451227
mrds0_si537 /nfs-share/xinchi/kaldi/egs/timit/s5_la3/mfcc/raw_mfcc_train.4.ark:515309
flet0_si1137 /nfs-share/xinchi/kaldi/egs/timit/s5_la3/mfcc/raw_mfcc_train.1.ark:2424913
msrg0_si1221 /nfs-share/xinchi/kaldi/egs/timit/s5_la3/mfcc/raw_mfcc_train.4.ark:2201253
fmbg0_sx80 /nfs-share/xinchi/kaldi/egs/timit/s5_la3/mfcc/raw_mfcc_train.1.ark:2845484
mtjg0_sx260 /nfs-share/xinchi/kaldi/egs/timit/s5_la3/mfcc/raw_mfcc_train.4.ark:2657138
mkes0_sx263 /nfs-share/xinchi/kaldi/egs/timit/s5_la3/mfcc/raw_mfcc_train.3.ark:2097608
mmjb1_sx238 /nfs-share/xinchi/kaldi/egs/timit/s5_la3/mfcc/raw_mfcc_train.3.ark:3128412
mrjb1_sx210 /nfs-share/xinchi/kaldi/egs/timit/s5_la3/mfcc/raw_mfcc_train.4.ark:863981
mkls0_si1533 /nfs-share/xinchi/kaldi/egs/timit/s5_la3/mfcc/raw_mfcc_train.3.ark:2209044
mtjs0_si1822 /nfs-share/xinchi/kaldi/egs/timit/s5_la3/mfcc/raw_mfcc_train.4.ark:2709062
mtrc0_sx170 /nfs-share/xinchi/kaldi/egs/timit/s5_la3/mfcc/raw_mfcc_train.4.ark:3188963
fpaf0_sx424 /nfs-share/xinchi/kaldi/egs/timit/s5_la3/mfcc/raw_mfcc_train.1.ark:3323580
fmkc0_sx442 /nfs-share/xinchi/kaldi/egs/timit/s5_la3/mfcc/raw_mfcc_train.1.ark:3011409
mrjt0_sx238 /nfs-share/xinchi/kaldi/egs/timit/s5_la3/mfcc/raw_mfcc_train.4.ark:999110
mdcd0_sx65 /nfs-share/xinchi/kaldi/egs/timit/s5_la3/mfcc/raw_mfcc_train.2.ark:2119166
mmcc0_si708 /nfs-share/xinchi/kaldi/egs/timit/s5_la3/mfcc/raw_mfcc_train.3.ark:2789797
mrms0_si2100 /nfs-share/xinchi/kaldi/egs/timit/s5_la3/mfcc/raw_mfcc_train.4.ark:1351804
mdlm0_sx154 /nfs-share/xinchi/kaldi/egs/timit/s5_la3/mfcc/raw_mfcc_train.2.ark:2593741
maeo0_si1956 /nfs-share/xinchi/kaldi/egs/timit/s5_la3/mfcc/raw_mfcc_train.2.ark:794321
mkrg0_si2121 /nfs-share/xinchi/kaldi/egs/timit/s5_la3/mfcc/raw_mfcc_train.3.ark:2307198
mabc0_sx241 /nfs-share/xinchi/kaldi/egs/timit/s5_la3/mfcc/raw_mfcc_train.2.ark:674974
fceg0_sx348 /nfs-share/xinchi/kaldi/egs/timit/s5_la3/mfcc/raw_mfcc_train.1.ark:525672
fbmh0_sx146 /nfs-share/xinchi/kaldi/egs/timit/s5_la3/mfcc/raw_mfcc_train.1.ark:357491
mwem0_si1950 /nfs-share/xinchi/kaldi/egs/timit/s5_la3/mfcc/raw_mfcc_train.4.ark:3587398
ftlg0_sx123 /nfs-share/xinchi/kaldi/egs/timit/s5_la3/mfcc/raw_mfcc_train.2.ark:518070
mtmt0_sx38 /nfs-share/xinchi/kaldi/egs/timit/s5_la3/mfcc/raw_mfcc_train.4.ark:2999973
fkfb0_si978 /nfs-share/xinchi/kaldi/egs/timit/s5_la3/mfcc/raw_mfcc_train.1.ark:2130210
flkm0_si1880 /nfs-share/xinchi/kaldi/egs/timit/s5_la3/mfcc/raw_mfcc_train.1.ark:2592094
mcpm0_si1194 /nfs-share/xinchi/kaldi/egs/timit/s5_la3/mfcc/raw_mfcc_train.2.ark:1771866
mwsh0_sx256 /nfs-share/xinchi/kaldi/egs/timit/s5_la3/mfcc/raw_mfcc_train.4.ark:3759594
flac0_si1339 /nfs-share/xinchi/kaldi/egs/timit/s5_la3/mfcc/raw_mfcc_train.1.ark:2324979
fmmh0_si1537 /nfs-share/xinchi/kaldi/egs/timit/s5_la3/mfcc/raw_mfcc_train.1.ark:3053468
mgaw0_si1165 /nfs-share/xinchi/kaldi/egs/timit/s5_la3/mfcc/raw_mfcc_train.3.ark:32441
mkes0_si623 /nfs-share/xinchi/kaldi/egs/timit/s5_la3/mfcc/raw_mfcc_train.3.ark:2087142
mdcd0_si785 /nfs-share/xinchi/kaldi/egs/timit/s5_la3/mfcc/raw_mfcc_train.2.ark:2097175
mdpb0_sx416 /nfs-share/xinchi/kaldi/egs/timit/s5_la3/mfcc/raw_mfcc_train.2.ark:2805082
fsdj0_sx215 /nfs-share/xinchi/kaldi/egs/timit/s5_la3/mfcc/raw_mfcc_train.1.ark:3778674
fpad0_si1976 /nfs-share/xinchi/kaldi/egs/timit/s5_la3/mfcc/raw_mfcc_train.1.ark:3266820
mjxa0_sx157 /nfs-share/xinchi/kaldi/egs/timit/s5_la3/mfcc/raw_mfcc_train.3.ark:1797570
mrws0_sx292 /nfs-share/xinchi/kaldi/egs/timit/s5_la3/mfcc/raw_mfcc_train.4.ark:1665866
mwar0_sx235 /nfs-share/xinchi/kaldi/egs/timit/s5_la3/mfcc/raw_mfcc_train.4.ark:3505885
mhmr0_sx309 /nfs-share/xinchi/kaldi/egs/timit/s5_la3/mfcc/raw_mfcc_train.3.ark:439576
mbom0_si1014 /nfs-share/xinchi/kaldi/egs/timit/s5_la3/mfcc/raw_mfcc_train.2.ark:1316226
flkm0_si620 /nfs-share/xinchi/kaldi/egs/timit/s5_la3/mfcc/raw_mfcc_train.1.ark:2596352
fetb0_sx338 /nfs-share/xinchi/kaldi/egs/timit/s5_la3/mfcc/raw_mfcc_train.1.ark:1314092
fgmb0_si1775 /nfs-share/xinchi/kaldi/egs/timit/s5_la3/mfcc/raw_mfcc_train.1.ark:1438963
msmr0_si1405 /nfs-share/xinchi/kaldi/egs/timit/s5_la3/mfcc/raw_mfcc_train.4.ark:2143895
mmpm0_si1061 /nfs-share/xinchi/kaldi/egs/timit/s5_la3/mfcc/raw_mfcc_train.3.ark:3174101
fmkc0_si1702 /nfs-share/xinchi/kaldi/egs/timit/s5_la3/mfcc/raw_mfcc_train.1.ark:2995157
mreh1_sx249 /nfs-share/xinchi/kaldi/egs/timit/s5_la3/mfcc/raw_mfcc_train.4.ark:590916
fmem0_sx387 /nfs-share/xinchi/kaldi/egs/timit/s5_la3/mfcc/raw_mfcc_train.1.ark:2879771
msrg0_sx141 /nfs-share/xinchi/kaldi/egs/timit/s5_la3/mfcc/raw_mfcc_train.4.ark:2213846
mrfk0_sx266 /nfs-share/xinchi/kaldi/egs/timit/s5_la3/mfcc/raw_mfcc_train.4.ark:685714
mdas0_sx6 /nfs-share/xinchi/kaldi/egs/timit/s5_la3/mfcc/raw_mfcc_train.2.ark:2018485
mdlc1_sx355 /nfs-share/xinchi/kaldi/egs/timit/s5_la3/mfcc/raw_mfcc_train.2.ark:2509371
fsak0_sx400 /nfs-share/xinchi/kaldi/egs/timit/s5_la3/mfcc/raw_mfcc_train.1.ark:3655706
mdpb0_si866 /nfs-share/xinchi/kaldi/egs/timit/s5_la3/mfcc/raw_mfcc_train.2.ark:2788271
mrlj0_sx160 /nfs-share/xinchi/kaldi/egs/timit/s5_la3/mfcc/raw_mfcc_train.4.ark:1098605
mafm0_si939 /nfs-share/xinchi/kaldi/egs/timit/s5_la3/mfcc/raw_mfcc_train.2.ark:820469
fvkb0_sx259 /nfs-share/xinchi/kaldi/egs/timit/s5_la3/mfcc/raw_mfcc_train.2.ark:610796
milb0_si2163 /nfs-share/xinchi/kaldi/egs/timit/s5_la3/mfcc/raw_mfcc_train.3.ark:514590
fsag0_si1323 /nfs-share/xinchi/kaldi/egs/timit/s5_la3/mfcc/raw_mfcc_train.1.ark:3554416
makr0_sx182 /nfs-share/xinchi/kaldi/egs/timit/s5_la3/mfcc/raw_mfcc_train.2.ark:928081
mdlb0_si1306 /nfs-share/xinchi/kaldi/egs/timit/s5_la3/mfcc/raw_mfcc_train.2.ark:2413306
fdjh0_si2195 /nfs-share/xinchi/kaldi/egs/timit/s5_la3/mfcc/raw_mfcc_train.1.ark:883298
mdss0_sx441 /nfs-share/xinchi/kaldi/egs/timit/s5_la3/mfcc/raw_mfcc_train.2.ark:2960028
mrso0_si1206 /nfs-share/xinchi/kaldi/egs/timit/s5_la3/mfcc/raw_mfcc_train.4.ark:1436265
flmk0_si2295 /nfs-share/xinchi/kaldi/egs/timit/s5_la3/mfcc/raw_mfcc_train.1.ark:2699153
mefg0_sx105 /nfs-share/xinchi/kaldi/egs/timit/s5_la3/mfcc/raw_mfcc_train.2.ark:3194268
mjxl0_sx272 /nfs-share/xinchi/kaldi/egs/timit/s5_la3/mfcc/raw_mfcc_train.3.ark:1831746
mrlj0_sx250 /nfs-share/xinchi/kaldi/egs/timit/s5_la3/mfcc/raw_mfcc_train.4.ark:1102954
mtmt0_sx128 /nfs-share/xinchi/kaldi/egs/timit/s5_la3/mfcc/raw_mfcc_train.4.ark:2989371
mesj0_sx7 /nfs-share/xinchi/kaldi/egs/timit/s5_la3/mfcc/raw_mfcc_train.2.ark:3364259
fjrb0_sx312 /nfs-share/xinchi/kaldi/egs/timit/s5_la3/mfcc/raw_mfcc_train.1.ark:1798888
mgrl0_sx147 /nfs-share/xinchi/kaldi/egs/timit/s5_la3/mfcc/raw_mfcc_train.3.ark:138793
mjxl0_sx92 /nfs-share/xinchi/kaldi/egs/timit/s5_la3/mfcc/raw_mfcc_train.3.ark:1845715
flhd0_sx174 /nfs-share/xinchi/kaldi/egs/timit/s5_la3/mfcc/raw_mfcc_train.1.ark:2465969
mkjo0_sx424 /nfs-share/xinchi/kaldi/egs/timit/s5_la3/mfcc/raw_mfcc_train.3.ark:2130185
mtrc0_sx183 /nfs-share/xinchi/kaldi/egs/timit/s5_la3/mfcc/raw_mfcc_train.4.ark:3194183
fhxs0_si2335 /nfs-share/xinchi/kaldi/egs/timit/s5_la3/mfcc/raw_mfcc_train.1.ark:1556820
fkfb0_sx348 /nfs-share/xinchi/kaldi/egs/timit/s5_la3/mfcc/raw_mfcc_train.1.ark:2142685
mbwp0_si1969 /nfs-share/xinchi/kaldi/egs/timit/s5_la3/mfcc/raw_mfcc_train.2.ark:1405168
mjjb0_sx149 /nfs-share/xinchi/kaldi/egs/timit/s5_la3/mfcc/raw_mfcc_train.3.ark:1048185
fmkc0_sx262 /nfs-share/xinchi/kaldi/egs/timit/s5_la3/mfcc/raw_mfcc_train.1.ark:3002425
mdcm0_sx310 /nfs-share/xinchi/kaldi/egs/timit/s5_la3/mfcc/raw_mfcc_train.2.ark:2143598
ftbr0_si921 /nfs-share/xinchi/kaldi/egs/timit/s5_la3/mfcc/raw_mfcc_train.2.ark:447425
mmvp0_sx347 /nfs-share/xinchi/kaldi/egs/timit/s5_la3/mfcc/raw_mfcc_train.3.ark:3303860
fdfb0_sx238 /nfs-share/xinchi/kaldi/egs/timit/s5_la3/mfcc/raw_mfcc_train.1.ark:865387
fleh0_sx151 /nfs-share/xinchi/kaldi/egs/timit/s5_la3/mfcc/raw_mfcc_train.1.ark:2404156
meal0_sx287 /nfs-share/xinchi/kaldi/egs/timit/s5_la3/mfcc/raw_mfcc_train.2.ark:3138685
mmxs0_sx156 /nfs-share/xinchi/kaldi/egs/timit/s5_la3/mfcc/raw_mfcc_train.3.ark:3424719
mcdr0_sx74 /nfs-share/xinchi/kaldi/egs/timit/s5_la3/mfcc/raw_mfcc_train.2.ark:1602221
ftbr0_si1402 /nfs-share/xinchi/kaldi/egs/timit/s5_la3/mfcc/raw_mfcc_train.2.ark:438154
mjdm0_sx80 /nfs-share/xinchi/kaldi/egs/timit/s5_la3/mfcc/raw_mfcc_train.3.ark:840814
fmjb0_si1177 /nfs-share/xinchi/kaldi/egs/timit/s5_la3/mfcc/raw_mfcc_train.1.ark:2884823
fbas0_si1387 /nfs-share/xinchi/kaldi/egs/timit/s5_la3/mfcc/raw_mfcc_train.1.ark:172245
flmc0_sx382 /nfs-share/xinchi/kaldi/egs/timit/s5_la3/mfcc/raw_mfcc_train.1.ark:2685804
mmeb0_si1357 /nfs-share/xinchi/kaldi/egs/timit/s5_la3/mfcc/raw_mfcc_train.3.ark:2995958
fskl0_sx359 /nfs-share/xinchi/kaldi/egs/timit/s5_la3/mfcc/raw_mfcc_train.2.ark:133354
mbom0_si1644 /nfs-share/xinchi/kaldi/egs/timit/s5_la3/mfcc/raw_mfcc_train.2.ark:1321109
fgmb0_sx155 /nfs-share/xinchi/kaldi/egs/timit/s5_la3/mfcc/raw_mfcc_train.1.ark:1447037
msrg0_si591 /nfs-share/xinchi/kaldi/egs/timit/s5_la3/mfcc/raw_mfcc_train.4.ark:2208548
mjma0_si2125 /nfs-share/xinchi/kaldi/egs/timit/s5_la3/mfcc/raw_mfcc_train.3.ark:1269519
fcmm0_si1957 /nfs-share/xinchi/kaldi/egs/timit/s5_la3/mfcc/raw_mfcc_train.1.ark:691984
mkls0_sx177 /nfs-share/xinchi/kaldi/egs/timit/s5_la3/mfcc/raw_mfcc_train.3.ark:2217314
mcal0_si1138 /nfs-share/xinchi/kaldi/egs/timit/s5_la3/mfcc/raw_mfcc_train.2.ark:1478410
mdcd0_sx155 /nfs-share/xinchi/kaldi/egs/timit/s5_la3/mfcc/raw_mfcc_train.2.ark:2103266
mwgr0_sx76 /nfs-share/xinchi/kaldi/egs/timit/s5_la3/mfcc/raw_mfcc_train.4.ark:3641543
mkes0_si1883 /nfs-share/xinchi/kaldi/egs/timit/s5_la3/mfcc/raw_mfcc_train.3.ark:2082052
mbsb0_sx93 /nfs-share/xinchi/kaldi/egs/timit/s5_la3/mfcc/raw_mfcc_train.2.ark:1365888
mcth0_sx129 /nfs-share/xinchi/kaldi/egs/timit/s5_la3/mfcc/raw_mfcc_train.2.ark:1879321
mjpg0_si1191 /nfs-share/xinchi/kaldi/egs/timit/s5_la3/mfcc/raw_mfcc_train.3.ark:1354209
marw0_sx376 /nfs-share/xinchi/kaldi/egs/timit/s5_la3/mfcc/raw_mfcc_train.2.ark:1034099
mdps0_sx179 /nfs-share/xinchi/kaldi/egs/timit/s5_la3/mfcc/raw_mfcc_train.2.ark:2851897
mjwt0_sx301 /nfs-share/xinchi/kaldi/egs/timit/s5_la3/mfcc/raw_mfcc_train.3.ark:1774322
mgjc0_sx435 /nfs-share/xinchi/kaldi/egs/timit/s5_la3/mfcc/raw_mfcc_train.3.ark:116774
fpad0_sx266 /nfs-share/xinchi/kaldi/egs/timit/s5_la3/mfcc/raw_mfcc_train.1.ark:3281804
mrlr0_sx116 /nfs-share/xinchi/kaldi/egs/timit/s5_la3/mfcc/raw_mfcc_train.4.ark:1190180
mtju0_sx130 /nfs-share/xinchi/kaldi/egs/timit/s5_la3/mfcc/raw_mfcc_train.4.ark:2755712
mkdd0_sx217 /nfs-share/xinchi/kaldi/egs/timit/s5_la3/mfcc/raw_mfcc_train.3.ark:2031247
mtpg0_si2013 /nfs-share/xinchi/kaldi/egs/timit/s5_la3/mfcc/raw_mfcc_train.4.ark:3043330
fcaj0_sx129 /nfs-share/xinchi/kaldi/egs/timit/s5_la3/mfcc/raw_mfcc_train.1.ark:449013
fclt0_si1438 /nfs-share/xinchi/kaldi/egs/timit/s5_la3/mfcc/raw_mfcc_train.1.ark:622103
fmpg0_sx162 /nfs-share/xinchi/kaldi/egs/timit/s5_la3/mfcc/raw_mfcc_train.1.ark:3102009
mdwh0_sx395 /nfs-share/xinchi/kaldi/egs/timit/s5_la3/mfcc/raw_mfcc_train.2.ark:3086714
fsbk0_si1069 /nfs-share/xinchi/kaldi/egs/timit/s5_la3/mfcc/raw_mfcc_train.1.ark:3659393
fsdc0_sx142 /nfs-share/xinchi/kaldi/egs/timit/s5_la3/mfcc/raw_mfcc_train.1.ark:3744979
mdps0_sx449 /nfs-share/xinchi/kaldi/egs/timit/s5_la3/mfcc/raw_mfcc_train.2.ark:2863293
mdks0_sx436 /nfs-share/xinchi/kaldi/egs/timit/s5_la3/mfcc/raw_mfcc_train.2.ark:2405154
mdns0_sx21 /nfs-share/xinchi/kaldi/egs/timit/s5_la3/mfcc/raw_mfcc_train.2.ark:2768838
mkjo0_si2147 /nfs-share/xinchi/kaldi/egs/timit/s5_la3/mfcc/raw_mfcc_train.3.ark:2117196
mesj0_sx277 /nfs-share/xinchi/kaldi/egs/timit/s5_la3/mfcc/raw_mfcc_train.2.ark:3357682
feeh0_si1742 /nfs-share/xinchi/kaldi/egs/timit/s5_la3/mfcc/raw_mfcc_train.1.ark:1230607
mmab1_si2124 /nfs-share/xinchi/kaldi/egs/timit/s5_la3/mfcc/raw_mfcc_train.3.ark:2606997
fskp0_sx288 /nfs-share/xinchi/kaldi/egs/timit/s5_la3/mfcc/raw_mfcc_train.2.ark:168504
fkkh0_sx300 /nfs-share/xinchi/kaldi/egs/timit/s5_la3/mfcc/raw_mfcc_train.1.ark:2186597
mtpr0_si506 /nfs-share/xinchi/kaldi/egs/timit/s5_la3/mfcc/raw_mfcc_train.4.ark:3109153
mnet0_si1446 /nfs-share/xinchi/kaldi/egs/timit/s5_la3/mfcc/raw_mfcc_train.3.ark:3444683
marw0_sx286 /nfs-share/xinchi/kaldi/egs/timit/s5_la3/mfcc/raw_mfcc_train.2.ark:1021553
msrg0_sx411 /nfs-share/xinchi/kaldi/egs/timit/s5_la3/mfcc/raw_mfcc_train.4.ark:2224319
mjls0_si1096 /nfs-share/xinchi/kaldi/egs/timit/s5_la3/mfcc/raw_mfcc_train.3.ark:1231793
mbwp0_sx439 /nfs-share/xinchi/kaldi/egs/timit/s5_la3/mfcc/raw_mfcc_train.2.ark:1427654
mrlr0_sx386 /nfs-share/xinchi/kaldi/egs/timit/s5_la3/mfcc/raw_mfcc_train.4.ark:1204117
fcyl0_sx397 /nfs-share/xinchi/kaldi/egs/timit/s5_la3/mfcc/raw_mfcc_train.1.ark:779681
marw0_sx16 /nfs-share/xinchi/kaldi/egs/timit/s5_la3/mfcc/raw_mfcc_train.2.ark:1017971
mgar0_sx42 /nfs-share/xinchi/kaldi/egs/timit/s5_la3/mfcc/raw_mfcc_train.3.ark:29222
msrr0_si1761 /nfs-share/xinchi/kaldi/egs/timit/s5_la3/mfcc/raw_mfcc_train.4.ark:2234975
fmjf0_si624 /nfs-share/xinchi/kaldi/egs/timit/s5_la3/mfcc/raw_mfcc_train.1.ark:2923672
mgar0_si1694 /nfs-share/xinchi/kaldi/egs/timit/s5_la3/mfcc/raw_mfcc_train.3.ark:4961
msdh0_sx170 /nfs-share/xinchi/kaldi/egs/timit/s5_la3/mfcc/raw_mfcc_train.4.ark:1860299
mtlc0_sx307 /nfs-share/xinchi/kaldi/egs/timit/s5_la3/mfcc/raw_mfcc_train.4.ark:2897277
msfh0_si1216 /nfs-share/xinchi/kaldi/egs/timit/s5_la3/mfcc/raw_mfcc_train.4.ark:1993159
fcrz0_sx163 /nfs-share/xinchi/kaldi/egs/timit/s5_la3/mfcc/raw_mfcc_train.1.ark:731874
mtjm0_si1226 /nfs-share/xinchi/kaldi/egs/timit/s5_la3/mfcc/raw_mfcc_train.4.ark:2673871
mrdm0_sx155 /nfs-share/xinchi/kaldi/egs/timit/s5_la3/mfcc/raw_mfcc_train.4.ark:489285
mkls0_si2067 /nfs-share/xinchi/kaldi/egs/timit/s5_la3/mfcc/raw_mfcc_train.3.ark:2211665
mmdb0_sx357 /nfs-share/xinchi/kaldi/egs/timit/s5_la3/mfcc/raw_mfcc_train.3.ark:2831748
fsjg0_sx130 /nfs-share/xinchi/kaldi/egs/timit/s5_la3/mfcc/raw_mfcc_train.1.ark:3840635
fmmh0_sx367 /nfs-share/xinchi/kaldi/egs/timit/s5_la3/mfcc/raw_mfcc_train.1.ark:3070358
mclm0_sx286 /nfs-share/xinchi/kaldi/egs/timit/s5_la3/mfcc/raw_mfcc_train.2.ark:1764181
feme0_si1505 /nfs-share/xinchi/kaldi/egs/timit/s5_la3/mfcc/raw_mfcc_train.1.ark:1259191
mjjm0_sx197 /nfs-share/xinchi/kaldi/egs/timit/s5_la3/mfcc/raw_mfcc_train.3.ark:1127365
fdkn0_sx361 /nfs-share/xinchi/kaldi/egs/timit/s5_la3/mfcc/raw_mfcc_train.1.ark:933785
fsmm0_sx234 /nfs-share/xinchi/kaldi/egs/timit/s5_la3/mfcc/raw_mfcc_train.2.ark:258233
mgak0_sx316 /nfs-share/xinchi/kaldi/egs/timit/s5_la3/mfcc/raw_mfcc_train.2.ark:3665853
mbml0_si1169 /nfs-share/xinchi/kaldi/egs/timit/s5_la3/mfcc/raw_mfcc_train.2.ark:1286893
mmjb1_sx328 /nfs-share/xinchi/kaldi/egs/timit/s5_la3/mfcc/raw_mfcc_train.3.ark:3132631
frll0_si884 /nfs-share/xinchi/kaldi/egs/timit/s5_la3/mfcc/raw_mfcc_train.1.ark:3532183
mkdt0_si893 /nfs-share/xinchi/kaldi/egs/timit/s5_la3/mfcc/raw_mfcc_train.3.ark:2053181
fsjw0_sx253 /nfs-share/xinchi/kaldi/egs/timit/s5_la3/mfcc/raw_mfcc_train.2.ark:67154
msmr0_si775 /nfs-share/xinchi/kaldi/egs/timit/s5_la3/mfcc/raw_mfcc_train.4.ark:2147490
mdlh0_si1960 /nfs-share/xinchi/kaldi/egs/timit/s5_la3/mfcc/raw_mfcc_train.2.ark:2546564
fleh0_si1051 /nfs-share/xinchi/kaldi/egs/timit/s5_la3/mfcc/raw_mfcc_train.1.ark:2392303
fdmy0_sx27 /nfs-share/xinchi/kaldi/egs/timit/s5_la3/mfcc/raw_mfcc_train.1.ark:1006516
mmws1_si1071 /nfs-share/xinchi/kaldi/egs/timit/s5_la3/mfcc/raw_mfcc_train.3.ark:3387305
mtab0_sx132 /nfs-share/xinchi/kaldi/egs/timit/s5_la3/mfcc/raw_mfcc_train.4.ark:2354485
fpaz0_si2223 /nfs-share/xinchi/kaldi/egs/timit/s5_la3/mfcc/raw_mfcc_train.1.ark:3333586
mhmg0_sx375 /nfs-share/xinchi/kaldi/egs/timit/s5_la3/mfcc/raw_mfcc_train.3.ark:413051
mkaj0_si1414 /nfs-share/xinchi/kaldi/egs/timit/s5_la3/mfcc/raw_mfcc_train.3.ark:1917141
mmpm0_sx161 /nfs-share/xinchi/kaldi/egs/timit/s5_la3/mfcc/raw_mfcc_train.3.ark:3184875
mlel0_si1876 /nfs-share/xinchi/kaldi/egs/timit/s5_la3/mfcc/raw_mfcc_train.3.ark:2399461
mjjb0_si1769 /nfs-share/xinchi/kaldi/egs/timit/s5_la3/mfcc/raw_mfcc_train.3.ark:1044759
marc0_si1818 /nfs-share/xinchi/kaldi/egs/timit/s5_la3/mfcc/raw_mfcc_train.2.ark:979973
mwch0_sx272 /nfs-share/xinchi/kaldi/egs/timit/s5_la3/mfcc/raw_mfcc_train.4.ark:3532658
mbcg0_si2217 /nfs-share/xinchi/kaldi/egs/timit/s5_la3/mfcc/raw_mfcc_train.2.ark:1100145
mkdd0_si1567 /nfs-share/xinchi/kaldi/egs/timit/s5_la3/mfcc/raw_mfcc_train.3.ark:2011744
mafm0_si1569 /nfs-share/xinchi/kaldi/egs/timit/s5_la3/mfcc/raw_mfcc_train.2.ark:816853
mpgr0_si1410 /nfs-share/xinchi/kaldi/egs/timit/s5_la3/mfcc/raw_mfcc_train.3.ark:3627101
mdns0_sx291 /nfs-share/xinchi/kaldi/egs/timit/s5_la3/mfcc/raw_mfcc_train.2.ark:2771601
mded0_si1800 /nfs-share/xinchi/kaldi/egs/timit/s5_la3/mfcc/raw_mfcc_train.2.ark:2187858
msat1_si2333 /nfs-share/xinchi/kaldi/egs/timit/s5_la3/mfcc/raw_mfcc_train.4.ark:1803900
fblv0_si1688 /nfs-share/xinchi/kaldi/egs/timit/s5_la3/mfcc/raw_mfcc_train.1.ark:311854
mjac0_sx431 /nfs-share/xinchi/kaldi/egs/timit/s5_la3/mfcc/raw_mfcc_train.3.ark:568832
mprk0_si467 /nfs-share/xinchi/kaldi/egs/timit/s5_la3/mfcc/raw_mfcc_train.4.ark:102011
mpeb0_si600 /nfs-share/xinchi/kaldi/egs/timit/s5_la3/mfcc/raw_mfcc_train.3.ark:3540106
mtcs0_si712 /nfs-share/xinchi/kaldi/egs/timit/s5_la3/mfcc/raw_mfcc_train.4.ark:2508462
mdem0_sx428 /nfs-share/xinchi/kaldi/egs/timit/s5_la3/mfcc/raw_mfcc_train.2.ark:2277395
mzmb0_si1796 /nfs-share/xinchi/kaldi/egs/timit/s5_la3/mfcc/raw_mfcc_train.4.ark:3782237
msmr0_sx325 /nfs-share/xinchi/kaldi/egs/timit/s5_la3/mfcc/raw_mfcc_train.4.ark:2158769
mrwa0_si1603 /nfs-share/xinchi/kaldi/egs/timit/s5_la3/mfcc/raw_mfcc_train.4.ark:1614521
mtpf0_sx65 /nfs-share/xinchi/kaldi/egs/timit/s5_la3/mfcc/raw_mfcc_train.4.ark:3035709
mdss0_si2087 /nfs-share/xinchi/kaldi/egs/timit/s5_la3/mfcc/raw_mfcc_train.2.ark:2943223
fmbg0_si1790 /nfs-share/xinchi/kaldi/egs/timit/s5_la3/mfcc/raw_mfcc_train.1.ark:2823032
mgsh0_sx186 /nfs-share/xinchi/kaldi/egs/timit/s5_la3/mfcc/raw_mfcc_train.3.ark:212650
faem0_sx402 /nfs-share/xinchi/kaldi/egs/timit/s5_la3/mfcc/raw_mfcc_train.1.ark:25549
mdlm0_si604 /nfs-share/xinchi/kaldi/egs/timit/s5_la3/mfcc/raw_mfcc_train.2.ark:2587143
mdpk0_sx423 /nfs-share/xinchi/kaldi/egs/timit/s5_la3/mfcc/raw_mfcc_train.2.ark:2833986
mjdg0_sx322 /nfs-share/xinchi/kaldi/egs/timit/s5_la3/mfcc/raw_mfcc_train.3.ark:797844
fdjh0_si935 /nfs-share/xinchi/kaldi/egs/timit/s5_la3/mfcc/raw_mfcc_train.1.ark:887465
msat1_si1703 /nfs-share/xinchi/kaldi/egs/timit/s5_la3/mfcc/raw_mfcc_train.4.ark:1800330
mmgc0_sx135 /nfs-share/xinchi/kaldi/egs/timit/s5_la3/mfcc/raw_mfcc_train.3.ark:3038104
falk0_sx366 /nfs-share/xinchi/kaldi/egs/timit/s5_la3/mfcc/raw_mfcc_train.1.ark:89353
fblv0_sx338 /nfs-share/xinchi/kaldi/egs/timit/s5_la3/mfcc/raw_mfcc_train.1.ark:329771
mrlr0_si1826 /nfs-share/xinchi/kaldi/egs/timit/s5_la3/mfcc/raw_mfcc_train.4.ark:1182249
mbma1_sx144 /nfs-share/xinchi/kaldi/egs/timit/s5_la3/mfcc/raw_mfcc_train.2.ark:1264186
mgxp0_sx7 /nfs-share/xinchi/kaldi/egs/timit/s5_la3/mfcc/raw_mfcc_train.3.ark:291864
mvjh0_si2186 /nfs-share/xinchi/kaldi/egs/timit/s5_la3/mfcc/raw_mfcc_train.4.ark:3340737
fjrp1_sx442 /nfs-share/xinchi/kaldi/egs/timit/s5_la3/mfcc/raw_mfcc_train.1.ark:1845713
mjdm0_sx440 /nfs-share/xinchi/kaldi/egs/timit/s5_la3/mfcc/raw_mfcc_train.3.ark:835673
fbjl0_sx112 /nfs-share/xinchi/kaldi/egs/timit/s5_la3/mfcc/raw_mfcc_train.1.ark:288190
mkah0_sx88 /nfs-share/xinchi/kaldi/egs/timit/s5_la3/mfcc/raw_mfcc_train.3.ark:1912323
msfh0_si1738 /nfs-share/xinchi/kaldi/egs/timit/s5_la3/mfcc/raw_mfcc_train.4.ark:1997600
mdlc2_sx174 /nfs-share/xinchi/kaldi/egs/timit/s5_la3/mfcc/raw_mfcc_train.2.ark:2527757
mjlg1_sx22 /nfs-share/xinchi/kaldi/egs/timit/s5_la3/mfcc/raw_mfcc_train.3.ark:1220955
mkxl0_sx15 /nfs-share/xinchi/kaldi/egs/timit/s5_la3/mfcc/raw_mfcc_train.3.ark:2350383
fcag0_si1641 /nfs-share/xinchi/kaldi/egs/timit/s5_la3/mfcc/raw_mfcc_train.1.ark:413802
medr0_sx294 /nfs-share/xinchi/kaldi/egs/timit/s5_la3/mfcc/raw_mfcc_train.2.ark:3173082
mntw0_sx168 /nfs-share/xinchi/kaldi/egs/timit/s5_la3/mfcc/raw_mfcc_train.3.ark:3489117
mbgt0_si711 /nfs-share/xinchi/kaldi/egs/timit/s5_la3/mfcc/raw_mfcc_train.2.ark:1165442
mdhl0_si2069 /nfs-share/xinchi/kaldi/egs/timit/s5_la3/mfcc/raw_mfcc_train.2.ark:2291990
fbcg1_si2242 /nfs-share/xinchi/kaldi/egs/timit/s5_la3/mfcc/raw_mfcc_train.1.ark:209179
mmag0_sx46 /nfs-share/xinchi/kaldi/egs/timit/s5_la3/mfcc/raw_mfcc_train.3.ark:2672641
fdaw0_sx146 /nfs-share/xinchi/kaldi/egs/timit/s5_la3/mfcc/raw_mfcc_train.1.ark:833823
fsjk1_sx35 /nfs-share/xinchi/kaldi/egs/timit/s5_la3/mfcc/raw_mfcc_train.2.ark:7357
mtdp0_sx171 /nfs-share/xinchi/kaldi/egs/timit/s5_la3/mfcc/raw_mfcc_train.4.ark:2582957
mdbp0_sx168 /nfs-share/xinchi/kaldi/egs/timit/s5_la3/mfcc/raw_mfcc_train.2.ark:2069474
mmag0_si1756 /nfs-share/xinchi/kaldi/egs/timit/s5_la3/mfcc/raw_mfcc_train.3.ark:2643805
mdwh0_si1925 /nfs-share/xinchi/kaldi/egs/timit/s5_la3/mfcc/raw_mfcc_train.2.ark:3060140
mmeb0_sx327 /nfs-share/xinchi/kaldi/egs/timit/s5_la3/mfcc/raw_mfcc_train.3.ark:3009338
mjrp0_sx315 /nfs-share/xinchi/kaldi/egs/timit/s5_la3/mfcc/raw_mfcc_train.3.ark:1625908
mwar0_sx325 /nfs-share/xinchi/kaldi/egs/timit/s5_la3/mfcc/raw_mfcc_train.4.ark:3509545
mcpm0_si1824 /nfs-share/xinchi/kaldi/egs/timit/s5_la3/mfcc/raw_mfcc_train.2.ark:1775618
mcth0_sx39 /nfs-share/xinchi/kaldi/egs/timit/s5_la3/mfcc/raw_mfcc_train.2.ark:1891392
mdmt0_sx212 /nfs-share/xinchi/kaldi/egs/timit/s5_la3/mfcc/raw_mfcc_train.2.ark:2729970
mkah0_sx268 /nfs-share/xinchi/kaldi/egs/timit/s5_la3/mfcc/raw_mfcc_train.3.ark:1900707
fhlm0_si930 /nfs-share/xinchi/kaldi/egs/timit/s5_la3/mfcc/raw_mfcc_train.1.ark:1513796
frll0_sx254 /nfs-share/xinchi/kaldi/egs/timit/s5_la3/mfcc/raw_mfcc_train.1.ark:3541115
fsma0_sx271 /nfs-share/xinchi/kaldi/egs/timit/s5_la3/mfcc/raw_mfcc_train.2.ark:226131
fksr0_si1117 /nfs-share/xinchi/kaldi/egs/timit/s5_la3/mfcc/raw_mfcc_train.1.ark:2292799
mlbc0_si1239 /nfs-share/xinchi/kaldi/egs/timit/s5_la3/mfcc/raw_mfcc_train.3.ark:2363789
mdma0_sx440 /nfs-share/xinchi/kaldi/egs/timit/s5_la3/mfcc/raw_mfcc_train.2.ark:2706813
mjkr0_sx121 /nfs-share/xinchi/kaldi/egs/timit/s5_la3/mfcc/raw_mfcc_train.3.ark:1153318
fpjf0_sx56 /nfs-share/xinchi/kaldi/egs/timit/s5_la3/mfcc/raw_mfcc_train.1.ark:3392964
frll0_si1514 /nfs-share/xinchi/kaldi/egs/timit/s5_la3/mfcc/raw_mfcc_train.1.ark:3522718
mtml0_si1065 /nfs-share/xinchi/kaldi/egs/timit/s5_la3/mfcc/raw_mfcc_train.4.ark:2906190
fkaa0_si1208 /nfs-share/xinchi/kaldi/egs/timit/s5_la3/mfcc/raw_mfcc_train.1.ark:2017443
mmrp0_sx414 /nfs-share/xinchi/kaldi/egs/timit/s5_la3/mfcc/raw_mfcc_train.3.ark:3232025
mkls1_sx15 /nfs-share/xinchi/kaldi/egs/timit/s5_la3/mfcc/raw_mfcc_train.3.ark:2254011
mjws0_sx333 /nfs-share/xinchi/kaldi/egs/timit/s5_la3/mfcc/raw_mfcc_train.3.ark:1734940
fpac0_sx391 /nfs-share/xinchi/kaldi/egs/timit/s5_la3/mfcc/raw_mfcc_train.1.ark:3258978
mrhl0_sx345 /nfs-share/xinchi/kaldi/egs/timit/s5_la3/mfcc/raw_mfcc_train.4.ark:829571
fljd0_sx436 /nfs-share/xinchi/kaldi/egs/timit/s5_la3/mfcc/raw_mfcc_train.1.ark:2547147
fmah1_si2139 /nfs-share/xinchi/kaldi/egs/timit/s5_la3/mfcc/raw_mfcc_train.1.ark:2788824
msem1_si2070 /nfs-share/xinchi/kaldi/egs/timit/s5_la3/mfcc/raw_mfcc_train.4.ark:1926752
mtrr0_si2178 /nfs-share/xinchi/kaldi/egs/timit/s5_la3/mfcc/raw_mfcc_train.4.ark:3208987
mchl0_sx177 /nfs-share/xinchi/kaldi/egs/timit/s5_la3/mfcc/raw_mfcc_train.2.ark:1691858
mjae0_si1524 /nfs-share/xinchi/kaldi/egs/timit/s5_la3/mfcc/raw_mfcc_train.3.ark:576776
mrhl0_sx165 /nfs-share/xinchi/kaldi/egs/timit/s5_la3/mfcc/raw_mfcc_train.4.ark:822121
mrpc1_si1482 /nfs-share/xinchi/kaldi/egs/timit/s5_la3/mfcc/raw_mfcc_train.4.ark:1370436
fklc1_sx148 /nfs-share/xinchi/kaldi/egs/timit/s5_la3/mfcc/raw_mfcc_train.1.ark:2239173
fcke0_si1111 /nfs-share/xinchi/kaldi/egs/timit/s5_la3/mfcc/raw_mfcc_train.1.ark:593043
mbbr0_sx155 /nfs-share/xinchi/kaldi/egs/timit/s5_la3/mfcc/raw_mfcc_train.2.ark:1081676
mwgr0_si976 /nfs-share/xinchi/kaldi/egs/timit/s5_la3/mfcc/raw_mfcc_train.4.ark:3620865
mpmb0_si2131 /nfs-share/xinchi/kaldi/egs/timit/s5_la3/mfcc/raw_mfcc_train.3.ark:3697684
fpaz0_sx27 /nfs-share/xinchi/kaldi/egs/timit/s5_la3/mfcc/raw_mfcc_train.1.ark:3354010
fljd0_sx346 /nfs-share/xinchi/kaldi/egs/timit/s5_la3/mfcc/raw_mfcc_train.1.ark:2542655
mclk0_sx40 /nfs-share/xinchi/kaldi/egs/timit/s5_la3/mfcc/raw_mfcc_train.2.ark:1736291
fljg0_sx441 /nfs-share/xinchi/kaldi/egs/timit/s5_la3/mfcc/raw_mfcc_train.1.ark:2583630
mtas0_sx305 /nfs-share/xinchi/kaldi/egs/timit/s5_la3/mfcc/raw_mfcc_train.4.ark:2393699
mtrr0_si1548 /nfs-share/xinchi/kaldi/egs/timit/s5_la3/mfcc/raw_mfcc_train.4.ark:3205807
fvfb0_sx42 /nfs-share/xinchi/kaldi/egs/timit/s5_la3/mfcc/raw_mfcc_train.2.ark:594119
fjsk0_si2312 /nfs-share/xinchi/kaldi/egs/timit/s5_la3/mfcc/raw_mfcc_train.1.ark:1864645
mrgs0_si1356 /nfs-share/xinchi/kaldi/egs/timit/s5_la3/mfcc/raw_mfcc_train.4.ark:774828
fhxs0_si1075 /nfs-share/xinchi/kaldi/egs/timit/s5_la3/mfcc/raw_mfcc_train.1.ark:1541321
mrbc0_sx329 /nfs-share/xinchi/kaldi/egs/timit/s5_la3/mfcc/raw_mfcc_train.4.ark:365427
mrdm0_sx335 /nfs-share/xinchi/kaldi/egs/timit/s5_la3/mfcc/raw_mfcc_train.4.ark:497125
msas0_sx386 /nfs-share/xinchi/kaldi/egs/timit/s5_la3/mfcc/raw_mfcc_train.4.ark:1767029
mmwb0_sx449 /nfs-share/xinchi/kaldi/egs/timit/s5_la3/mfcc/raw_mfcc_train.3.ark:3346116
msat1_si1073 /nfs-share/xinchi/kaldi/egs/timit/s5_la3/mfcc/raw_mfcc_train.4.ark:1795980
mjee0_sx67 /nfs-share/xinchi/kaldi/egs/timit/s5_la3/mfcc/raw_mfcc_train.3.ark:937367
feeh0_si1112 /nfs-share/xinchi/kaldi/egs/timit/s5_la3/mfcc/raw_mfcc_train.1.ark:1225893
mtkp0_si2283 /nfs-share/xinchi/kaldi/egs/timit/s5_la3/mfcc/raw_mfcc_train.4.ark:2814052
mkam0_sx56 /nfs-share/xinchi/kaldi/egs/timit/s5_la3/mfcc/raw_mfcc_train.3.ark:1975345
mcal0_si1768 /nfs-share/xinchi/kaldi/egs/timit/s5_la3/mfcc/raw_mfcc_train.2.ark:1483852
mbcg0_sx57 /nfs-share/xinchi/kaldi/egs/timit/s5_la3/mfcc/raw_mfcc_train.2.ark:1126986
mcdr0_si1784 /nfs-share/xinchi/kaldi/egs/timit/s5_la3/mfcc/raw_mfcc_train.2.ark:1574724
fsmm0_sx54 /nfs-share/xinchi/kaldi/egs/timit/s5_la3/mfcc/raw_mfcc_train.2.ark:273671
fjdm2_sx412 /nfs-share/xinchi/kaldi/egs/timit/s5_la3/mfcc/raw_mfcc_train.1.ark:1607814
fksr0_sx397 /nfs-share/xinchi/kaldi/egs/timit/s5_la3/mfcc/raw_mfcc_train.1.ark:2321292
mkdb0_sx422 /nfs-share/xinchi/kaldi/egs/timit/s5_la3/mfcc/raw_mfcc_train.3.ark:2003072
fcdr1_sx106 /nfs-share/xinchi/kaldi/egs/timit/s5_la3/mfcc/raw_mfcc_train.1.ark:488850
fcaj0_si1804 /nfs-share/xinchi/kaldi/egs/timit/s5_la3/mfcc/raw_mfcc_train.1.ark:441914
mgrl0_sx237 /nfs-share/xinchi/kaldi/egs/timit/s5_la3/mfcc/raw_mfcc_train.3.ark:142167
msat0_si2156 /nfs-share/xinchi/kaldi/egs/timit/s5_la3/mfcc/raw_mfcc_train.4.ark:1773766
fbjl0_sx292 /nfs-share/xinchi/kaldi/egs/timit/s5_la3/mfcc/raw_mfcc_train.1.ark:298402
fpaz0_sx63 /nfs-share/xinchi/kaldi/egs/timit/s5_la3/mfcc/raw_mfcc_train.1.ark:3361095
mtat0_sx210 /nfs-share/xinchi/kaldi/egs/timit/s5_la3/mfcc/raw_mfcc_train.4.ark:2422895
mjeb1_sx27 /nfs-share/xinchi/kaldi/egs/timit/s5_la3/mfcc/raw_mfcc_train.3.ark:899531
fgcs0_sx46 /nfs-share/xinchi/kaldi/egs/timit/s5_la3/mfcc/raw_mfcc_train.1.ark:1391700
makb0_si1646 /nfs-share/xinchi/kaldi/egs/timit/s5_la3/mfcc/raw_mfcc_train.2.ark:888086
mrem0_sx151 /nfs-share/xinchi/kaldi/egs/timit/s5_la3/mfcc/raw_mfcc_train.4.ark:620475
mpar0_sx226 /nfs-share/xinchi/kaldi/egs/timit/s5_la3/mfcc/raw_mfcc_train.3.ark:3522851
mclk0_si1660 /nfs-share/xinchi/kaldi/egs/timit/s5_la3/mfcc/raw_mfcc_train.2.ark:1709898
mhrm0_sx148 /nfs-share/xinchi/kaldi/egs/timit/s5_la3/mfcc/raw_mfcc_train.3.ark:460718
mgsl0_si534 /nfs-share/xinchi/kaldi/egs/timit/s5_la3/mfcc/raw_mfcc_train.3.ark:233015
fmmh0_sx420 /nfs-share/xinchi/kaldi/egs/timit/s5_la3/mfcc/raw_mfcc_train.1.ark:3074213
fjxm0_sx401 /nfs-share/xinchi/kaldi/egs/timit/s5_la3/mfcc/raw_mfcc_train.1.ark:1976123
mclm0_si826 /nfs-share/xinchi/kaldi/egs/timit/s5_la3/mfcc/raw_mfcc_train.2.ark:1751414
mdlr1_si1929 /nfs-share/xinchi/kaldi/egs/timit/s5_la3/mfcc/raw_mfcc_train.2.ark:2647531
mjlb0_sx356 /nfs-share/xinchi/kaldi/egs/timit/s5_la3/mfcc/raw_mfcc_train.3.ark:1191973
msfv0_sx362 /nfs-share/xinchi/kaldi/egs/timit/s5_la3/mfcc/raw_mfcc_train.4.ark:2054794
mtat0_sx300 /nfs-share/xinchi/kaldi/egs/timit/s5_la3/mfcc/raw_mfcc_train.4.ark:2428238
mjwg0_si2155 /nfs-share/xinchi/kaldi/egs/timit/s5_la3/mfcc/raw_mfcc_train.3.ark:1676907
msjk0_sx426 /nfs-share/xinchi/kaldi/egs/timit/s5_la3/mfcc/raw_mfcc_train.4.ark:2096029
fcyl0_sx37 /nfs-share/xinchi/kaldi/egs/timit/s5_la3/mfcc/raw_mfcc_train.1.ark:776138
mgxp0_si1087 /nfs-share/xinchi/kaldi/egs/timit/s5_la3/mfcc/raw_mfcc_train.3.ark:264277
mgag0_si691 /nfs-share/xinchi/kaldi/egs/timit/s5_la3/mfcc/raw_mfcc_train.2.ark:3620014
madc0_si1367 /nfs-share/xinchi/kaldi/egs/timit/s5_la3/mfcc/raw_mfcc_train.2.ark:687547
fecd0_sx338 /nfs-share/xinchi/kaldi/egs/timit/s5_la3/mfcc/raw_mfcc_train.1.ark:1212638
mjdg0_sx232 /nfs-share/xinchi/kaldi/egs/timit/s5_la3/mfcc/raw_mfcc_train.3.ark:793313
msjk0_sx66 /nfs-share/xinchi/kaldi/egs/timit/s5_la3/mfcc/raw_mfcc_train.4.ark:2100572
mdlr1_sx129 /nfs-share/xinchi/kaldi/egs/timit/s5_la3/mfcc/raw_mfcc_train.2.ark:2657347
fmbg0_sx350 /nfs-share/xinchi/kaldi/egs/timit/s5_la3/mfcc/raw_mfcc_train.1.ark:2835617
fdkn0_sx181 /nfs-share/xinchi/kaldi/egs/timit/s5_la3/mfcc/raw_mfcc_train.1.ark:924216
fdaw0_sx236 /nfs-share/xinchi/kaldi/egs/timit/s5_la3/mfcc/raw_mfcc_train.1.ark:837353
mvrw0_sx225 /nfs-share/xinchi/kaldi/egs/timit/s5_la3/mfcc/raw_mfcc_train.4.ark:3413321
mjls0_sx376 /nfs-share/xinchi/kaldi/egs/timit/s5_la3/mfcc/raw_mfcc_train.3.ark:1261508
mrvg0_si1770 /nfs-share/xinchi/kaldi/egs/timit/s5_la3/mfcc/raw_mfcc_train.4.ark:1589538
mtdb0_sx321 /nfs-share/xinchi/kaldi/egs/timit/s5_la3/mfcc/raw_mfcc_train.4.ark:2556718
mmar0_si706 /nfs-share/xinchi/kaldi/egs/timit/s5_la3/mfcc/raw_mfcc_train.3.ark:2715401
feme0_sx155 /nfs-share/xinchi/kaldi/egs/timit/s5_la3/mfcc/raw_mfcc_train.1.ark:1272837
ftbw0_sx85 /nfs-share/xinchi/kaldi/egs/timit/s5_la3/mfcc/raw_mfcc_train.2.ark:498671
fmkf0_sx276 /nfs-share/xinchi/kaldi/egs/timit/s5_la3/mfcc/raw_mfcc_train.1.ark:3037374
mabc0_sx61 /nfs-share/xinchi/kaldi/egs/timit/s5_la3/mfcc/raw_mfcc_train.2.ark:684185
mtrc0_sx93 /nfs-share/xinchi/kaldi/egs/timit/s5_la3/mfcc/raw_mfcc_train.4.ark:3203329
mgrl0_sx327 /nfs-share/xinchi/kaldi/egs/timit/s5_la3/mfcc/raw_mfcc_train.3.ark:143916
fdnc0_si1278 /nfs-share/xinchi/kaldi/egs/timit/s5_la3/mfcc/raw_mfcc_train.1.ark:1020396
fmem0_si747 /nfs-share/xinchi/kaldi/egs/timit/s5_la3/mfcc/raw_mfcc_train.1.ark:2858208
mmeb0_sx187 /nfs-share/xinchi/kaldi/egs/timit/s5_la3/mfcc/raw_mfcc_train.3.ark:3006887
mcth0_si1839 /nfs-share/xinchi/kaldi/egs/timit/s5_la3/mfcc/raw_mfcc_train.2.ark:1871754
fklc0_sx175 /nfs-share/xinchi/kaldi/egs/timit/s5_la3/mfcc/raw_mfcc_train.1.ark:2206082
fsrh0_si671 /nfs-share/xinchi/kaldi/egs/timit/s5_la3/mfcc/raw_mfcc_train.2.ark:351548
fdkn0_si1081 /nfs-share/xinchi/kaldi/egs/timit/s5_la3/mfcc/raw_mfcc_train.1.ark:910829
falk0_sx186 /nfs-share/xinchi/kaldi/egs/timit/s5_la3/mfcc/raw_mfcc_train.1.ark:82540
msdh0_sx350 /nfs-share/xinchi/kaldi/egs/timit/s5_la3/mfcc/raw_mfcc_train.4.ark:1870128
mdwd0_sx360 /nfs-share/xinchi/kaldi/egs/timit/s5_la3/mfcc/raw_mfcc_train.2.ark:3042743
mjee0_si1867 /nfs-share/xinchi/kaldi/egs/timit/s5_la3/mfcc/raw_mfcc_train.3.ark:914875
mdef0_sx303 /nfs-share/xinchi/kaldi/egs/timit/s5_la3/mfcc/raw_mfcc_train.2.ark:2238891
fhlm0_sx120 /nfs-share/xinchi/kaldi/egs/timit/s5_la3/mfcc/raw_mfcc_train.1.ark:1517755
mmsm0_si1736 /nfs-share/xinchi/kaldi/egs/timit/s5_la3/mfcc/raw_mfcc_train.3.ark:3247361
mbbr0_si1055 /nfs-share/xinchi/kaldi/egs/timit/s5_la3/mfcc/raw_mfcc_train.2.ark:1069719
mmgg0_sx449 /nfs-share/xinchi/kaldi/egs/timit/s5_la3/mfcc/raw_mfcc_train.3.ark:3078899
mpgh0_si1554 /nfs-share/xinchi/kaldi/egs/timit/s5_la3/mfcc/raw_mfcc_train.3.ark:3599056
fcjf0_sx397 /nfs-share/xinchi/kaldi/egs/timit/s5_la3/mfcc/raw_mfcc_train.1.ark:559464
mbml0_si539 /nfs-share/xinchi/kaldi/egs/timit/s5_la3/mfcc/raw_mfcc_train.2.ark:1293473
mmdm0_si1311 /nfs-share/xinchi/kaldi/egs/timit/s5_la3/mfcc/raw_mfcc_train.3.ark:2876143
fsdc0_sx322 /nfs-share/xinchi/kaldi/egs/timit/s5_la3/mfcc/raw_mfcc_train.1.ark:3753248
fpls0_si1590 /nfs-share/xinchi/kaldi/egs/timit/s5_la3/mfcc/raw_mfcc_train.1.ark:3396456
mmgg0_si2339 /nfs-share/xinchi/kaldi/egs/timit/s5_la3/mfcc/raw_mfcc_train.3.ark:3064350
mfxs0_sx144 /nfs-share/xinchi/kaldi/egs/timit/s5_la3/mfcc/raw_mfcc_train.2.ark:3530774
mabc0_si781 /nfs-share/xinchi/kaldi/egs/timit/s5_la3/mfcc/raw_mfcc_train.2.ark:665964
fcag0_sx333 /nfs-share/xinchi/kaldi/egs/timit/s5_la3/mfcc/raw_mfcc_train.1.ark:426753
mmdb0_si1617 /nfs-share/xinchi/kaldi/egs/timit/s5_la3/mfcc/raw_mfcc_train.3.ark:2817615
fvkb0_sx169 /nfs-share/xinchi/kaldi/egs/timit/s5_la3/mfcc/raw_mfcc_train.2.ark:606980
mdks0_si1696 /nfs-share/xinchi/kaldi/egs/timit/s5_la3/mfcc/raw_mfcc_train.2.ark:2382797
mfmc0_si1132 /nfs-share/xinchi/kaldi/egs/timit/s5_la3/mfcc/raw_mfcc_train.2.ark:3425084
fdas1_sx21 /nfs-share/xinchi/kaldi/egs/timit/s5_la3/mfcc/raw_mfcc_train.1.ark:807934
mtjs0_sx22 /nfs-share/xinchi/kaldi/egs/timit/s5_la3/mfcc/raw_mfcc_train.4.ark:2730591
mdks0_si2326 /nfs-share/xinchi/kaldi/egs/timit/s5_la3/mfcc/raw_mfcc_train.2.ark:2385730
mcdc0_sx392 /nfs-share/xinchi/kaldi/egs/timit/s5_la3/mfcc/raw_mfcc_train.2.ark:1536509
fdml0_si1149 /nfs-share/xinchi/kaldi/egs/timit/s5_la3/mfcc/raw_mfcc_train.1.ark:947950
mcdd0_sx73 /nfs-share/xinchi/kaldi/egs/timit/s5_la3/mfcc/raw_mfcc_train.2.ark:1565816
medr0_sx24 /nfs-share/xinchi/kaldi/egs/timit/s5_la3/mfcc/raw_mfcc_train.2.ark:3170007
mlns0_sx237 /nfs-share/xinchi/kaldi/egs/timit/s5_la3/mfcc/raw_mfcc_train.3.ark:2521333
mmaa0_sx215 /nfs-share/xinchi/kaldi/egs/timit/s5_la3/mfcc/raw_mfcc_train.3.ark:2589541
