marw0_si1276 /nfs-share/xinchi/kaldi/egs/timit/s5_la5/mfcc/raw_mfcc_train.2.ark:1004072
mdlr1_sx129 /nfs-share/xinchi/kaldi/egs/timit/s5_la5/mfcc/raw_mfcc_train.2.ark:2657347
mbma0_si1852 /nfs-share/xinchi/kaldi/egs/timit/s5_la5/mfcc/raw_mfcc_train.2.ark:1227585
flkm0_sx350 /nfs-share/xinchi/kaldi/egs/timit/s5_la5/mfcc/raw_mfcc_train.1.ark:2613904
mafm0_si939 /nfs-share/xinchi/kaldi/egs/timit/s5_la5/mfcc/raw_mfcc_train.2.ark:820469
mtjm0_si1226 /nfs-share/xinchi/kaldi/egs/timit/s5_la5/mfcc/raw_mfcc_train.4.ark:2673871
mrlk0_sx303 /nfs-share/xinchi/kaldi/egs/timit/s5_la5/mfcc/raw_mfcc_train.4.ark:1167010
flet0_si1137 /nfs-share/xinchi/kaldi/egs/timit/s5_la5/mfcc/raw_mfcc_train.1.ark:2424913
mjma0_sx235 /nfs-share/xinchi/kaldi/egs/timit/s5_la5/mfcc/raw_mfcc_train.3.ark:1283177
mgak0_sx136 /nfs-share/xinchi/kaldi/egs/timit/s5_la5/mfcc/raw_mfcc_train.2.ark:3655127
mgsl0_si797 /nfs-share/xinchi/kaldi/egs/timit/s5_la5/mfcc/raw_mfcc_train.3.ark:236142
mctm0_sx360 /nfs-share/xinchi/kaldi/egs/timit/s5_la5/mfcc/raw_mfcc_train.2.ark:1919523
mafm0_sx129 /nfs-share/xinchi/kaldi/egs/timit/s5_la5/mfcc/raw_mfcc_train.2.ark:825715
mdlc1_sx265 /nfs-share/xinchi/kaldi/egs/timit/s5_la5/mfcc/raw_mfcc_train.2.ark:2505503
fltm0_sx170 /nfs-share/xinchi/kaldi/egs/timit/s5_la5/mfcc/raw_mfcc_train.1.ark:2760168
mdpb0_si866 /nfs-share/xinchi/kaldi/egs/timit/s5_la5/mfcc/raw_mfcc_train.2.ark:2788271
mjee0_sx337 /nfs-share/xinchi/kaldi/egs/timit/s5_la5/mfcc/raw_mfcc_train.3.ark:929645
fmjf0_sx444 /nfs-share/xinchi/kaldi/egs/timit/s5_la5/mfcc/raw_mfcc_train.1.ark:2942719
msem1_sx180 /nfs-share/xinchi/kaldi/egs/timit/s5_la5/mfcc/raw_mfcc_train.4.ark:1943016
fjdm2_sx52 /nfs-share/xinchi/kaldi/egs/timit/s5_la5/mfcc/raw_mfcc_train.1.ark:1611863
fgrw0_si1990 /nfs-share/xinchi/kaldi/egs/timit/s5_la5/mfcc/raw_mfcc_train.1.ark:1481824
mbgt0_si1341 /nfs-share/xinchi/kaldi/egs/timit/s5_la5/mfcc/raw_mfcc_train.2.ark:1156821
msvs0_sx398 /nfs-share/xinchi/kaldi/egs/timit/s5_la5/mfcc/raw_mfcc_train.4.ark:2333460
maeb0_sx270 /nfs-share/xinchi/kaldi/egs/timit/s5_la5/mfcc/raw_mfcc_train.2.ark:770994
mtpp0_si2138 /nfs-share/xinchi/kaldi/egs/timit/s5_la5/mfcc/raw_mfcc_train.4.ark:3073469
mrem0_sx61 /nfs-share/xinchi/kaldi/egs/timit/s5_la5/mfcc/raw_mfcc_train.4.ark:635751
fleh0_sx61 /nfs-share/xinchi/kaldi/egs/timit/s5_la5/mfcc/raw_mfcc_train.1.ark:2420550
feme0_sx245 /nfs-share/xinchi/kaldi/egs/timit/s5_la5/mfcc/raw_mfcc_train.1.ark:1277511
fscn0_si705 /nfs-share/xinchi/kaldi/egs/timit/s5_la5/mfcc/raw_mfcc_train.1.ark:3703041
mafm0_si2199 /nfs-share/xinchi/kaldi/egs/timit/s5_la5/mfcc/raw_mfcc_train.2.ark:818915
mcef0_si1765 /nfs-share/xinchi/kaldi/egs/timit/s5_la5/mfcc/raw_mfcc_train.2.ark:1609621
mbma1_si954 /nfs-share/xinchi/kaldi/egs/timit/s5_la5/mfcc/raw_mfcc_train.2.ark:1258836
maeb0_sx450 /nfs-share/xinchi/kaldi/egs/timit/s5_la5/mfcc/raw_mfcc_train.2.ark:778314
mesj0_si2257 /nfs-share/xinchi/kaldi/egs/timit/s5_la5/mfcc/raw_mfcc_train.2.ark:3347573
fjwb1_sx165 /nfs-share/xinchi/kaldi/egs/timit/s5_la5/mfcc/raw_mfcc_train.1.ark:1932638
mrlj0_si1420 /nfs-share/xinchi/kaldi/egs/timit/s5_la5/mfcc/raw_mfcc_train.4.ark:1086311
meal0_sx347 /nfs-share/xinchi/kaldi/egs/timit/s5_la5/mfcc/raw_mfcc_train.2.ark:3142202
fmem0_si747 /nfs-share/xinchi/kaldi/egs/timit/s5_la5/mfcc/raw_mfcc_train.1.ark:2858208
mtju0_sx40 /nfs-share/xinchi/kaldi/egs/timit/s5_la5/mfcc/raw_mfcc_train.4.ark:2767133
mrld0_sx424 /nfs-share/xinchi/kaldi/egs/timit/s5_la5/mfcc/raw_mfcc_train.4.ark:1079875
fclt0_si1438 /nfs-share/xinchi/kaldi/egs/timit/s5_la5/mfcc/raw_mfcc_train.1.ark:622103
mjbg0_si1862 /nfs-share/xinchi/kaldi/egs/timit/s5_la5/mfcc/raw_mfcc_train.3.ark:649680
fcjs0_sx167 /nfs-share/xinchi/kaldi/egs/timit/s5_la5/mfcc/raw_mfcc_train.1.ark:571233
mdlh0_si1960 /nfs-share/xinchi/kaldi/egs/timit/s5_la5/mfcc/raw_mfcc_train.2.ark:2546564
mdem0_sx68 /nfs-share/xinchi/kaldi/egs/timit/s5_la5/mfcc/raw_mfcc_train.2.ark:2283342
mesg0_sx432 /nfs-share/xinchi/kaldi/egs/timit/s5_la5/mfcc/raw_mfcc_train.2.ark:3333823
mcae0_si1447 /nfs-share/xinchi/kaldi/egs/timit/s5_la5/mfcc/raw_mfcc_train.2.ark:1436625
ftbr0_sx291 /nfs-share/xinchi/kaldi/egs/timit/s5_la5/mfcc/raw_mfcc_train.2.ark:463260
mjda0_sx221 /nfs-share/xinchi/kaldi/egs/timit/s5_la5/mfcc/raw_mfcc_train.3.ark:687569
majp0_si1074 /nfs-share/xinchi/kaldi/egs/timit/s5_la5/mfcc/raw_mfcc_train.2.ark:843560
mrkm0_sx367 /nfs-share/xinchi/kaldi/egs/timit/s5_la5/mfcc/raw_mfcc_train.4.ark:1044960
msrg0_sx411 /nfs-share/xinchi/kaldi/egs/timit/s5_la5/mfcc/raw_mfcc_train.4.ark:2224319
flag0_sx114 /nfs-share/xinchi/kaldi/egs/timit/s5_la5/mfcc/raw_mfcc_train.1.ark:2371000
mjsr0_sx254 /nfs-share/xinchi/kaldi/egs/timit/s5_la5/mfcc/raw_mfcc_train.3.ark:1659498
mntw0_sx168 /nfs-share/xinchi/kaldi/egs/timit/s5_la5/mfcc/raw_mfcc_train.3.ark:3489117
fblv0_sx428 /nfs-share/xinchi/kaldi/egs/timit/s5_la5/mfcc/raw_mfcc_train.1.ark:334354
maeb0_si1411 /nfs-share/xinchi/kaldi/egs/timit/s5_la5/mfcc/raw_mfcc_train.2.ark:754052
fmju0_si2019 /nfs-share/xinchi/kaldi/egs/timit/s5_la5/mfcc/raw_mfcc_train.1.ark:2958692
mtjs0_sx202 /nfs-share/xinchi/kaldi/egs/timit/s5_la5/mfcc/raw_mfcc_train.4.ark:2727647
mfer0_sx52 /nfs-share/xinchi/kaldi/egs/timit/s5_la5/mfcc/raw_mfcc_train.2.ark:3421943
fdas1_sx111 /nfs-share/xinchi/kaldi/egs/timit/s5_la5/mfcc/raw_mfcc_train.1.ark:800069
mges0_si2111 /nfs-share/xinchi/kaldi/egs/timit/s5_la5/mfcc/raw_mfcc_train.3.ark:65045
mgrp0_sx327 /nfs-share/xinchi/kaldi/egs/timit/s5_la5/mfcc/raw_mfcc_train.3.ark:178904
mhmg0_sx105 /nfs-share/xinchi/kaldi/egs/timit/s5_la5/mfcc/raw_mfcc_train.3.ark:400622
mdlb0_sx316 /nfs-share/xinchi/kaldi/egs/timit/s5_la5/mfcc/raw_mfcc_train.2.ark:2438458
fapb0_sx433 /nfs-share/xinchi/kaldi/egs/timit/s5_la5/mfcc/raw_mfcc_train.1.ark:161818
ftbr0_sx381 /nfs-share/xinchi/kaldi/egs/timit/s5_la5/mfcc/raw_mfcc_train.2.ark:466569
mdks0_si1696 /nfs-share/xinchi/kaldi/egs/timit/s5_la5/mfcc/raw_mfcc_train.2.ark:2382797
mdac0_si1837 /nfs-share/xinchi/kaldi/egs/timit/s5_la5/mfcc/raw_mfcc_train.2.ark:1965915
mjjj0_si533 /nfs-share/xinchi/kaldi/egs/timit/s5_la5/mfcc/raw_mfcc_train.3.ark:1080423
fntb0_sx33 /nfs-share/xinchi/kaldi/egs/timit/s5_la5/mfcc/raw_mfcc_train.1.ark:3183028
marw0_sx286 /nfs-share/xinchi/kaldi/egs/timit/s5_la5/mfcc/raw_mfcc_train.2.ark:1021553
mddc0_sx429 /nfs-share/xinchi/kaldi/egs/timit/s5_la5/mfcc/raw_mfcc_train.2.ark:2176643
mprd0_sx81 /nfs-share/xinchi/kaldi/egs/timit/s5_la5/mfcc/raw_mfcc_train.4.ark:87025
fdaw0_sx236 /nfs-share/xinchi/kaldi/egs/timit/s5_la5/mfcc/raw_mfcc_train.1.ark:837353
marw0_sx106 /nfs-share/xinchi/kaldi/egs/timit/s5_la5/mfcc/raw_mfcc_train.2.ark:1014039
fljg0_sx351 /nfs-share/xinchi/kaldi/egs/timit/s5_la5/mfcc/raw_mfcc_train.1.ark:2577292
msrg0_si1851 /nfs-share/xinchi/kaldi/egs/timit/s5_la5/mfcc/raw_mfcc_train.4.ark:2206435
mmds0_sx353 /nfs-share/xinchi/kaldi/egs/timit/s5_la5/mfcc/raw_mfcc_train.3.ark:2958245
fkde0_sx421 /nfs-share/xinchi/kaldi/egs/timit/s5_la5/mfcc/raw_mfcc_train.1.ark:2080555
fcag0_sx423 /nfs-share/xinchi/kaldi/egs/timit/s5_la5/mfcc/raw_mfcc_train.1.ark:431921
flmk0_sx315 /nfs-share/xinchi/kaldi/egs/timit/s5_la5/mfcc/raw_mfcc_train.1.ark:2710406
mpgh0_sx294 /nfs-share/xinchi/kaldi/egs/timit/s5_la5/mfcc/raw_mfcc_train.3.ark:3621522
mjai0_sx164 /nfs-share/xinchi/kaldi/egs/timit/s5_la5/mfcc/raw_mfcc_train.3.ark:626554
fmjb0_si1177 /nfs-share/xinchi/kaldi/egs/timit/s5_la5/mfcc/raw_mfcc_train.1.ark:2884823
mkls0_sx87 /nfs-share/xinchi/kaldi/egs/timit/s5_la5/mfcc/raw_mfcc_train.3.ark:2233604
mcal0_sx238 /nfs-share/xinchi/kaldi/egs/timit/s5_la5/mfcc/raw_mfcc_train.2.ark:1491946
mree0_sx384 /nfs-share/xinchi/kaldi/egs/timit/s5_la5/mfcc/raw_mfcc_train.4.ark:567011
mcpm0_sx294 /nfs-share/xinchi/kaldi/egs/timit/s5_la5/mfcc/raw_mfcc_train.2.ark:1796062
fbmj0_sx66 /nfs-share/xinchi/kaldi/egs/timit/s5_la5/mfcc/raw_mfcc_train.1.ark:406948
mrld0_sx334 /nfs-share/xinchi/kaldi/egs/timit/s5_la5/mfcc/raw_mfcc_train.4.ark:1077021
mpgr1_sx149 /nfs-share/xinchi/kaldi/egs/timit/s5_la5/mfcc/raw_mfcc_train.3.ark:3668794
mjeb0_si1916 /nfs-share/xinchi/kaldi/egs/timit/s5_la5/mfcc/raw_mfcc_train.3.ark:848448
mtrc0_si589 /nfs-share/xinchi/kaldi/egs/timit/s5_la5/mfcc/raw_mfcc_train.4.ark:3180837
mkah0_sx178 /nfs-share/xinchi/kaldi/egs/timit/s5_la5/mfcc/raw_mfcc_train.3.ark:1895227
fsjs0_sx361 /nfs-share/xinchi/kaldi/egs/timit/s5_la5/mfcc/raw_mfcc_train.2.ark:36281
mgar0_sx222 /nfs-share/xinchi/kaldi/egs/timit/s5_la5/mfcc/raw_mfcc_train.3.ark:15266
mmgk0_sx242 /nfs-share/xinchi/kaldi/egs/timit/s5_la5/mfcc/raw_mfcc_train.3.ark:3099495
milb0_sx363 /nfs-share/xinchi/kaldi/egs/timit/s5_la5/mfcc/raw_mfcc_train.3.ark:537744
mbml0_sx179 /nfs-share/xinchi/kaldi/egs/timit/s5_la5/mfcc/raw_mfcc_train.2.ark:1296925
mrhl0_si1515 /nfs-share/xinchi/kaldi/egs/timit/s5_la5/mfcc/raw_mfcc_train.4.ark:811088
fgcs0_si2116 /nfs-share/xinchi/kaldi/egs/timit/s5_la5/mfcc/raw_mfcc_train.1.ark:1368012
mdpb0_sx236 /nfs-share/xinchi/kaldi/egs/timit/s5_la5/mfcc/raw_mfcc_train.2.ark:2797866
fpac0_si1921 /nfs-share/xinchi/kaldi/egs/timit/s5_la5/mfcc/raw_mfcc_train.1.ark:3227300
msah1_sx329 /nfs-share/xinchi/kaldi/egs/timit/s5_la5/mfcc/raw_mfcc_train.4.ark:1723266
mklw0_si1844 /nfs-share/xinchi/kaldi/egs/timit/s5_la5/mfcc/raw_mfcc_train.3.ark:2275030
mtrt0_sx57 /nfs-share/xinchi/kaldi/egs/timit/s5_la5/mfcc/raw_mfcc_train.4.ark:3265336
mwsh0_sx346 /nfs-share/xinchi/kaldi/egs/timit/s5_la5/mfcc/raw_mfcc_train.4.ark:3763787
mses0_si2219 /nfs-share/xinchi/kaldi/egs/timit/s5_la5/mfcc/raw_mfcc_train.4.ark:1972018
mpar0_sx406 /nfs-share/xinchi/kaldi/egs/timit/s5_la5/mfcc/raw_mfcc_train.3.ark:3529170
medr0_si744 /nfs-share/xinchi/kaldi/egs/timit/s5_la5/mfcc/raw_mfcc_train.2.ark:3158534
meal0_si2177 /nfs-share/xinchi/kaldi/egs/timit/s5_la5/mfcc/raw_mfcc_train.2.ark:3127126
mgrl0_sx417 /nfs-share/xinchi/kaldi/egs/timit/s5_la5/mfcc/raw_mfcc_train.3.ark:151151
mtcs0_si2265 /nfs-share/xinchi/kaldi/egs/timit/s5_la5/mfcc/raw_mfcc_train.4.ark:2506310
freh0_si1315 /nfs-share/xinchi/kaldi/egs/timit/s5_la5/mfcc/raw_mfcc_train.1.ark:3464012
mmws1_sx27 /nfs-share/xinchi/kaldi/egs/timit/s5_la5/mfcc/raw_mfcc_train.3.ark:3401049
madc0_sx107 /nfs-share/xinchi/kaldi/egs/timit/s5_la5/mfcc/raw_mfcc_train.2.ark:704105
fjrp1_sx352 /nfs-share/xinchi/kaldi/egs/timit/s5_la5/mfcc/raw_mfcc_train.1.ark:1838452
mdcd0_sx65 /nfs-share/xinchi/kaldi/egs/timit/s5_la5/mfcc/raw_mfcc_train.2.ark:2119166
mtpp0_si1508 /nfs-share/xinchi/kaldi/egs/timit/s5_la5/mfcc/raw_mfcc_train.4.ark:3067949
mrdd0_sx240 /nfs-share/xinchi/kaldi/egs/timit/s5_la5/mfcc/raw_mfcc_train.4.ark:461207
mjwg0_si895 /nfs-share/xinchi/kaldi/egs/timit/s5_la5/mfcc/raw_mfcc_train.3.ark:1686723
mpgr0_sx60 /nfs-share/xinchi/kaldi/egs/timit/s5_la5/mfcc/raw_mfcc_train.3.ark:3652864
mrlk0_sx123 /nfs-share/xinchi/kaldi/egs/timit/s5_la5/mfcc/raw_mfcc_train.4.ark:1159807
fsjw0_si1333 /nfs-share/xinchi/kaldi/egs/timit/s5_la5/mfcc/raw_mfcc_train.2.ark:49120
mjac0_sx71 /nfs-share/xinchi/kaldi/egs/timit/s5_la5/mfcc/raw_mfcc_train.3.ark:573180
fsjk1_sx35 /nfs-share/xinchi/kaldi/egs/timit/s5_la5/mfcc/raw_mfcc_train.2.ark:7357
mtml0_si1695 /nfs-share/xinchi/kaldi/egs/timit/s5_la5/mfcc/raw_mfcc_train.4.ark:2910332
mhrm0_sx418 /nfs-share/xinchi/kaldi/egs/timit/s5_la5/mfcc/raw_mfcc_train.3.ark:471672
mtrt0_si1857 /nfs-share/xinchi/kaldi/egs/timit/s5_la5/mfcc/raw_mfcc_train.4.ark:3244690
mjae0_si1524 /nfs-share/xinchi/kaldi/egs/timit/s5_la5/mfcc/raw_mfcc_train.3.ark:576776
fskc0_sx336 /nfs-share/xinchi/kaldi/egs/timit/s5_la5/mfcc/raw_mfcc_train.2.ark:100810
fblv0_si2318 /nfs-share/xinchi/kaldi/egs/timit/s5_la5/mfcc/raw_mfcc_train.1.ark:318726
mrjt0_sx148 /nfs-share/xinchi/kaldi/egs/timit/s5_la5/mfcc/raw_mfcc_train.4.ark:995840
mrms0_sx120 /nfs-share/xinchi/kaldi/egs/timit/s5_la5/mfcc/raw_mfcc_train.4.ark:1354957
falk0_sx366 /nfs-share/xinchi/kaldi/egs/timit/s5_la5/mfcc/raw_mfcc_train.1.ark:89353
mjra0_si1236 /nfs-share/xinchi/kaldi/egs/timit/s5_la5/mfcc/raw_mfcc_train.3.ark:1447980
mreh1_sx159 /nfs-share/xinchi/kaldi/egs/timit/s5_la5/mfcc/raw_mfcc_train.4.ark:586190
fmmh0_si907 /nfs-share/xinchi/kaldi/egs/timit/s5_la5/mfcc/raw_mfcc_train.1.ark:3063194
mkdd0_si1567 /nfs-share/xinchi/kaldi/egs/timit/s5_la5/mfcc/raw_mfcc_train.3.ark:2011744
fmju0_sx309 /nfs-share/xinchi/kaldi/egs/timit/s5_la5/mfcc/raw_mfcc_train.1.ark:2974086
fceg0_si1878 /nfs-share/xinchi/kaldi/egs/timit/s5_la5/mfcc/raw_mfcc_train.1.ark:514620
mmdg0_sx160 /nfs-share/xinchi/kaldi/egs/timit/s5_la5/mfcc/raw_mfcc_train.3.ark:2854853
mfxv0_sx15 /nfs-share/xinchi/kaldi/egs/timit/s5_la5/mfcc/raw_mfcc_train.2.ark:3569994
fksr0_sx161 /nfs-share/xinchi/kaldi/egs/timit/s5_la5/mfcc/raw_mfcc_train.1.ark:2304235
feme0_si1505 /nfs-share/xinchi/kaldi/egs/timit/s5_la5/mfcc/raw_mfcc_train.1.ark:1259191
mmaa0_sx215 /nfs-share/xinchi/kaldi/egs/timit/s5_la5/mfcc/raw_mfcc_train.3.ark:2589541
fmem0_sx297 /nfs-share/xinchi/kaldi/egs/timit/s5_la5/mfcc/raw_mfcc_train.1.ark:2869370
fcrz0_sx343 /nfs-share/xinchi/kaldi/egs/timit/s5_la5/mfcc/raw_mfcc_train.1.ark:738362
mbbr0_sx65 /nfs-share/xinchi/kaldi/egs/timit/s5_la5/mfcc/raw_mfcc_train.2.ark:1097199
mdps0_sx269 /nfs-share/xinchi/kaldi/egs/timit/s5_la5/mfcc/raw_mfcc_train.2.ark:2855804
mklw0_si2201 /nfs-share/xinchi/kaldi/egs/timit/s5_la5/mfcc/raw_mfcc_train.3.ark:2277144
mdlc0_si2025 /nfs-share/xinchi/kaldi/egs/timit/s5_la5/mfcc/raw_mfcc_train.2.ark:2458897
mtat0_si1740 /nfs-share/xinchi/kaldi/egs/timit/s5_la5/mfcc/raw_mfcc_train.4.ark:2409003
mrgm0_si1162 /nfs-share/xinchi/kaldi/egs/timit/s5_la5/mfcc/raw_mfcc_train.4.ark:735225
mrab1_sx218 /nfs-share/xinchi/kaldi/egs/timit/s5_la5/mfcc/raw_mfcc_train.4.ark:233539
mwar0_sx55 /nfs-share/xinchi/kaldi/egs/timit/s5_la5/mfcc/raw_mfcc_train.4.ark:3515850
mwch0_si1895 /nfs-share/xinchi/kaldi/egs/timit/s5_la5/mfcc/raw_mfcc_train.4.ark:3524316
mrlj0_sx160 /nfs-share/xinchi/kaldi/egs/timit/s5_la5/mfcc/raw_mfcc_train.4.ark:1098605
mjjm0_sx197 /nfs-share/xinchi/kaldi/egs/timit/s5_la5/mfcc/raw_mfcc_train.3.ark:1127365
msmr0_si1405 /nfs-share/xinchi/kaldi/egs/timit/s5_la5/mfcc/raw_mfcc_train.4.ark:2143895
fvkb0_sx169 /nfs-share/xinchi/kaldi/egs/timit/s5_la5/mfcc/raw_mfcc_train.2.ark:606980
mkxl0_sx15 /nfs-share/xinchi/kaldi/egs/timit/s5_la5/mfcc/raw_mfcc_train.3.ark:2350383
mtcs0_sx82 /nfs-share/xinchi/kaldi/egs/timit/s5_la5/mfcc/raw_mfcc_train.4.ark:2532559
mrab0_si1224 /nfs-share/xinchi/kaldi/egs/timit/s5_la5/mfcc/raw_mfcc_train.4.ark:184547
fbmh0_si970 /nfs-share/xinchi/kaldi/egs/timit/s5_la5/mfcc/raw_mfcc_train.1.ark:351582
fhxs0_sx175 /nfs-share/xinchi/kaldi/egs/timit/s5_la5/mfcc/raw_mfcc_train.1.ark:1560363
mree0_si1104 /nfs-share/xinchi/kaldi/egs/timit/s5_la5/mfcc/raw_mfcc_train.4.ark:537282
milb0_sx93 /nfs-share/xinchi/kaldi/egs/timit/s5_la5/mfcc/raw_mfcc_train.3.ark:541260
mdwd0_sx450 /nfs-share/xinchi/kaldi/egs/timit/s5_la5/mfcc/raw_mfcc_train.2.ark:3046338
fnkl0_sx82 /nfs-share/xinchi/kaldi/egs/timit/s5_la5/mfcc/raw_mfcc_train.1.ark:3155133
fdfb0_si1948 /nfs-share/xinchi/kaldi/egs/timit/s5_la5/mfcc/raw_mfcc_train.1.ark:857422
fsma0_sx271 /nfs-share/xinchi/kaldi/egs/timit/s5_la5/mfcc/raw_mfcc_train.2.ark:226131
mcxm0_si721 /nfs-share/xinchi/kaldi/egs/timit/s5_la5/mfcc/raw_mfcc_train.2.ark:1939371
mvjh0_si1556 /nfs-share/xinchi/kaldi/egs/timit/s5_la5/mfcc/raw_mfcc_train.4.ark:3334775
mpgh0_sx114 /nfs-share/xinchi/kaldi/egs/timit/s5_la5/mfcc/raw_mfcc_train.3.ark:3612909
fsjk1_sx215 /nfs-share/xinchi/kaldi/egs/timit/s5_la5/mfcc/raw_mfcc_train.2.ark:12
mjwt0_sx31 /nfs-share/xinchi/kaldi/egs/timit/s5_la5/mfcc/raw_mfcc_train.3.ark:1779086
mjdm0_sx440 /nfs-share/xinchi/kaldi/egs/timit/s5_la5/mfcc/raw_mfcc_train.3.ark:835673
mmaa0_sx305 /nfs-share/xinchi/kaldi/egs/timit/s5_la5/mfcc/raw_mfcc_train.3.ark:2593812
mjsr0_sx74 /nfs-share/xinchi/kaldi/egs/timit/s5_la5/mfcc/raw_mfcc_train.3.ark:1672024
mpsw0_sx257 /nfs-share/xinchi/kaldi/egs/timit/s5_la5/mfcc/raw_mfcc_train.4.ark:174347
mbbr0_si2315 /nfs-share/xinchi/kaldi/egs/timit/s5_la5/mfcc/raw_mfcc_train.2.ark:1079056
fecd0_sx158 /nfs-share/xinchi/kaldi/egs/timit/s5_la5/mfcc/raw_mfcc_train.1.ark:1205110
mgag0_sx421 /nfs-share/xinchi/kaldi/egs/timit/s5_la5/mfcc/raw_mfcc_train.2.ark:3635187
fgdp0_si988 /nfs-share/xinchi/kaldi/egs/timit/s5_la5/mfcc/raw_mfcc_train.1.ark:1402058
fjxm0_sx221 /nfs-share/xinchi/kaldi/egs/timit/s5_la5/mfcc/raw_mfcc_train.1.ark:1965839
mjfh0_si1737 /nfs-share/xinchi/kaldi/egs/timit/s5_la5/mfcc/raw_mfcc_train.3.ark:946054
mjrh1_si1558 /nfs-share/xinchi/kaldi/egs/timit/s5_la5/mfcc/raw_mfcc_train.3.ark:1545301
fdfb0_sx238 /nfs-share/xinchi/kaldi/egs/timit/s5_la5/mfcc/raw_mfcc_train.1.ark:865387
frll0_si1514 /nfs-share/xinchi/kaldi/egs/timit/s5_la5/mfcc/raw_mfcc_train.1.ark:3522718
mgsh0_si546 /nfs-share/xinchi/kaldi/egs/timit/s5_la5/mfcc/raw_mfcc_train.3.ark:204225
fcyl0_si1927 /nfs-share/xinchi/kaldi/egs/timit/s5_la5/mfcc/raw_mfcc_train.1.ark:754199
fljg0_si1611 /nfs-share/xinchi/kaldi/egs/timit/s5_la5/mfcc/raw_mfcc_train.1.ark:2553648
fcjf0_si648 /nfs-share/xinchi/kaldi/egs/timit/s5_la5/mfcc/raw_mfcc_train.1.ark:545117
fscn0_sx86 /nfs-share/xinchi/kaldi/egs/timit/s5_la5/mfcc/raw_mfcc_train.1.ark:3730336
mbar0_si689 /nfs-share/xinchi/kaldi/egs/timit/s5_la5/mfcc/raw_mfcc_train.2.ark:1044821
mrav0_si1008 /nfs-share/xinchi/kaldi/egs/timit/s5_la5/mfcc/raw_mfcc_train.4.ark:317064
fmju0_sx129 /nfs-share/xinchi/kaldi/egs/timit/s5_la5/mfcc/raw_mfcc_train.1.ark:2965752
mjjm0_sx17 /nfs-share/xinchi/kaldi/egs/timit/s5_la5/mfcc/raw_mfcc_train.3.ark:1124615
mtjg0_sx80 /nfs-share/xinchi/kaldi/egs/timit/s5_la5/mfcc/raw_mfcc_train.4.ark:2671185
mjee0_si1867 /nfs-share/xinchi/kaldi/egs/timit/s5_la5/mfcc/raw_mfcc_train.3.ark:914875
ftbr0_sx21 /nfs-share/xinchi/kaldi/egs/timit/s5_la5/mfcc/raw_mfcc_train.2.ark:460315
mkln0_sx338 /nfs-share/xinchi/kaldi/egs/timit/s5_la5/mfcc/raw_mfcc_train.3.ark:2160818
mgxp0_sx7 /nfs-share/xinchi/kaldi/egs/timit/s5_la5/mfcc/raw_mfcc_train.3.ark:291864
mtju0_sx220 /nfs-share/xinchi/kaldi/egs/timit/s5_la5/mfcc/raw_mfcc_train.4.ark:2759047
mjlb0_si2246 /nfs-share/xinchi/kaldi/egs/timit/s5_la5/mfcc/raw_mfcc_train.3.ark:1177892
fjhk0_si2282 /nfs-share/xinchi/kaldi/egs/timit/s5_la5/mfcc/raw_mfcc_train.1.ark:1659317
fjrp1_sx172 /nfs-share/xinchi/kaldi/egs/timit/s5_la5/mfcc/raw_mfcc_train.1.ark:1828194
marw0_sx16 /nfs-share/xinchi/kaldi/egs/timit/s5_la5/mfcc/raw_mfcc_train.2.ark:1017971
mcth0_si579 /nfs-share/xinchi/kaldi/egs/timit/s5_la5/mfcc/raw_mfcc_train.2.ark:1874608
mdhs0_sx270 /nfs-share/xinchi/kaldi/egs/timit/s5_la5/mfcc/raw_mfcc_train.2.ark:2335761
mtbc0_sx273 /nfs-share/xinchi/kaldi/egs/timit/s5_la5/mfcc/raw_mfcc_train.4.ark:2487931
mgar0_si1694 /nfs-share/xinchi/kaldi/egs/timit/s5_la5/mfcc/raw_mfcc_train.3.ark:4961
mtat1_sx59 /nfs-share/xinchi/kaldi/egs/timit/s5_la5/mfcc/raw_mfcc_train.4.ark:2469070
frll0_si805 /nfs-share/xinchi/kaldi/egs/timit/s5_la5/mfcc/raw_mfcc_train.1.ark:3525988
mtmt0_si488 /nfs-share/xinchi/kaldi/egs/timit/s5_la5/mfcc/raw_mfcc_train.4.ark:2983176
flac0_si901 /nfs-share/xinchi/kaldi/egs/timit/s5_la5/mfcc/raw_mfcc_train.1.ark:2333743
fmjb0_si1807 /nfs-share/xinchi/kaldi/egs/timit/s5_la5/mfcc/raw_mfcc_train.1.ark:2890811
mtml0_si1065 /nfs-share/xinchi/kaldi/egs/timit/s5_la5/mfcc/raw_mfcc_train.4.ark:2906190
mjxa0_si877 /nfs-share/xinchi/kaldi/egs/timit/s5_la5/mfcc/raw_mfcc_train.3.ark:1794092
mmws1_sx351 /nfs-share/xinchi/kaldi/egs/timit/s5_la5/mfcc/raw_mfcc_train.3.ark:3403331
freh0_sx55 /nfs-share/xinchi/kaldi/egs/timit/s5_la5/mfcc/raw_mfcc_train.1.ark:3489229
fsdc0_sx322 /nfs-share/xinchi/kaldi/egs/timit/s5_la5/mfcc/raw_mfcc_train.1.ark:3753248
mfer0_sx142 /nfs-share/xinchi/kaldi/egs/timit/s5_la5/mfcc/raw_mfcc_train.2.ark:3407343
maeo0_si1956 /nfs-share/xinchi/kaldi/egs/timit/s5_la5/mfcc/raw_mfcc_train.2.ark:794321
mjdc0_si531 /nfs-share/xinchi/kaldi/egs/timit/s5_la5/mfcc/raw_mfcc_train.3.ark:709582
mrav0_sx108 /nfs-share/xinchi/kaldi/egs/timit/s5_la5/mfcc/raw_mfcc_train.4.ark:328969
mbma1_sx414 /nfs-share/xinchi/kaldi/egs/timit/s5_la5/mfcc/raw_mfcc_train.2.ark:1277870
mbjv0_sx437 /nfs-share/xinchi/kaldi/egs/timit/s5_la5/mfcc/raw_mfcc_train.2.ark:1214108
mjpm0_si738 /nfs-share/xinchi/kaldi/egs/timit/s5_la5/mfcc/raw_mfcc_train.3.ark:1392683
fsbk0_si1069 /nfs-share/xinchi/kaldi/egs/timit/s5_la5/mfcc/raw_mfcc_train.1.ark:3659393
freh0_si1945 /nfs-share/xinchi/kaldi/egs/timit/s5_la5/mfcc/raw_mfcc_train.1.ark:3468778
fsms1_si1504 /nfs-share/xinchi/kaldi/egs/timit/s5_la5/mfcc/raw_mfcc_train.2.ark:278320
mrwa0_si1603 /nfs-share/xinchi/kaldi/egs/timit/s5_la5/mfcc/raw_mfcc_train.4.ark:1614521
mdlc0_sx45 /nfs-share/xinchi/kaldi/egs/timit/s5_la5/mfcc/raw_mfcc_train.2.ark:2482702
mpeb0_si1860 /nfs-share/xinchi/kaldi/egs/timit/s5_la5/mfcc/raw_mfcc_train.3.ark:3537837
mlbc0_sx339 /nfs-share/xinchi/kaldi/egs/timit/s5_la5/mfcc/raw_mfcc_train.3.ark:2384144
flhd0_sx444 /nfs-share/xinchi/kaldi/egs/timit/s5_la5/mfcc/raw_mfcc_train.1.ark:2478054
mrjt0_si1498 /nfs-share/xinchi/kaldi/egs/timit/s5_la5/mfcc/raw_mfcc_train.4.ark:984027
fjsp0_sx84 /nfs-share/xinchi/kaldi/egs/timit/s5_la5/mfcc/raw_mfcc_train.1.ark:1915553
mdlc0_si1395 /nfs-share/xinchi/kaldi/egs/timit/s5_la5/mfcc/raw_mfcc_train.2.ark:2451973
fjhk0_sx302 /nfs-share/xinchi/kaldi/egs/timit/s5_la5/mfcc/raw_mfcc_train.1.ark:1675172
mjpm0_sx378 /nfs-share/xinchi/kaldi/egs/timit/s5_la5/mfcc/raw_mfcc_train.3.ark:1411775
mafm0_si1569 /nfs-share/xinchi/kaldi/egs/timit/s5_la5/mfcc/raw_mfcc_train.2.ark:816853
fdml0_si1149 /nfs-share/xinchi/kaldi/egs/timit/s5_la5/mfcc/raw_mfcc_train.1.ark:947950
flod0_si657 /nfs-share/xinchi/kaldi/egs/timit/s5_la5/mfcc/raw_mfcc_train.1.ark:2729877
fpab1_sx121 /nfs-share/xinchi/kaldi/egs/timit/s5_la5/mfcc/raw_mfcc_train.1.ark:3207271
mmjb1_sx238 /nfs-share/xinchi/kaldi/egs/timit/s5_la5/mfcc/raw_mfcc_train.3.ark:3128412
mrbc0_sx149 /nfs-share/xinchi/kaldi/egs/timit/s5_la5/mfcc/raw_mfcc_train.4.ark:356872
mmdb0_sx357 /nfs-share/xinchi/kaldi/egs/timit/s5_la5/mfcc/raw_mfcc_train.3.ark:2831748
mmar0_sx76 /nfs-share/xinchi/kaldi/egs/timit/s5_la5/mfcc/raw_mfcc_train.3.ark:2739758
mmeb0_si1987 /nfs-share/xinchi/kaldi/egs/timit/s5_la5/mfcc/raw_mfcc_train.3.ark:3001127
falk0_sx276 /nfs-share/xinchi/kaldi/egs/timit/s5_la5/mfcc/raw_mfcc_train.1.ark:85784
madd0_sx448 /nfs-share/xinchi/kaldi/egs/timit/s5_la5/mfcc/raw_mfcc_train.2.ark:746173
mapv0_si1923 /nfs-share/xinchi/kaldi/egs/timit/s5_la5/mfcc/raw_mfcc_train.2.ark:949262
mbsb0_sx93 /nfs-share/xinchi/kaldi/egs/timit/s5_la5/mfcc/raw_mfcc_train.2.ark:1365888
fdtd0_sx211 /nfs-share/xinchi/kaldi/egs/timit/s5_la5/mfcc/raw_mfcc_train.1.ark:1074043
mmgk0_si1322 /nfs-share/xinchi/kaldi/egs/timit/s5_la5/mfcc/raw_mfcc_train.3.ark:3087753
mdmt0_si572 /nfs-share/xinchi/kaldi/egs/timit/s5_la5/mfcc/raw_mfcc_train.2.ark:2720154
mrbc0_si599 /nfs-share/xinchi/kaldi/egs/timit/s5_la5/mfcc/raw_mfcc_train.4.ark:352900
fmbg0_sx260 /nfs-share/xinchi/kaldi/egs/timit/s5_la5/mfcc/raw_mfcc_train.1.ark:2828962
mtat0_sx390 /nfs-share/xinchi/kaldi/egs/timit/s5_la5/mfcc/raw_mfcc_train.4.ark:2431313
flhd0_si1974 /nfs-share/xinchi/kaldi/egs/timit/s5_la5/mfcc/raw_mfcc_train.1.ark:2461945
fsdj0_sx395 /nfs-share/xinchi/kaldi/egs/timit/s5_la5/mfcc/raw_mfcc_train.1.ark:3788587
mrfk0_sx446 /nfs-share/xinchi/kaldi/egs/timit/s5_la5/mfcc/raw_mfcc_train.4.ark:692449
fmpg0_sx252 /nfs-share/xinchi/kaldi/egs/timit/s5_la5/mfcc/raw_mfcc_train.1.ark:3107853
mtjm0_sx326 /nfs-share/xinchi/kaldi/egs/timit/s5_la5/mfcc/raw_mfcc_train.4.ark:2694954
mntw0_si1698 /nfs-share/xinchi/kaldi/egs/timit/s5_la5/mfcc/raw_mfcc_train.3.ark:3480080
mgrp0_si1947 /nfs-share/xinchi/kaldi/egs/timit/s5_la5/mfcc/raw_mfcc_train.3.ark:163562
fhxs0_si2302 /nfs-share/xinchi/kaldi/egs/timit/s5_la5/mfcc/raw_mfcc_train.1.ark:1547257
mkxl0_sx375 /nfs-share/xinchi/kaldi/egs/timit/s5_la5/mfcc/raw_mfcc_train.3.ark:2359881
mlsh0_si787 /nfs-share/xinchi/kaldi/egs/timit/s5_la5/mfcc/raw_mfcc_train.3.ark:2545478
flma0_sx253 /nfs-share/xinchi/kaldi/egs/timit/s5_la5/mfcc/raw_mfcc_train.1.ark:2643581
mrmb0_si2211 /nfs-share/xinchi/kaldi/egs/timit/s5_la5/mfcc/raw_mfcc_train.4.ark:1210581
fpmy0_si1153 /nfs-share/xinchi/kaldi/egs/timit/s5_la5/mfcc/raw_mfcc_train.1.ark:3426853
flkm0_si1880 /nfs-share/xinchi/kaldi/egs/timit/s5_la5/mfcc/raw_mfcc_train.1.ark:2592094
mkah0_si2158 /nfs-share/xinchi/kaldi/egs/timit/s5_la5/mfcc/raw_mfcc_train.3.ark:1888102
mejl0_sx332 /nfs-share/xinchi/kaldi/egs/timit/s5_la5/mfcc/raw_mfcc_train.2.ark:3265946
mbbr0_si1685 /nfs-share/xinchi/kaldi/egs/timit/s5_la5/mfcc/raw_mfcc_train.2.ark:1075655
fsma0_sx451 /nfs-share/xinchi/kaldi/egs/timit/s5_la5/mfcc/raw_mfcc_train.2.ark:233425
mzmb0_sx446 /nfs-share/xinchi/kaldi/egs/timit/s5_la5/mfcc/raw_mfcc_train.4.ark:3802331
mgaf0_si1282 /nfs-share/xinchi/kaldi/egs/timit/s5_la5/mfcc/raw_mfcc_train.2.ark:3583777
mmar0_sx436 /nfs-share/xinchi/kaldi/egs/timit/s5_la5/mfcc/raw_mfcc_train.3.ark:2736268
fmpg0_sx162 /nfs-share/xinchi/kaldi/egs/timit/s5_la5/mfcc/raw_mfcc_train.1.ark:3102009
fskl0_sx179 /nfs-share/xinchi/kaldi/egs/timit/s5_la5/mfcc/raw_mfcc_train.2.ark:126268
mtxs0_sx250 /nfs-share/xinchi/kaldi/egs/timit/s5_la5/mfcc/raw_mfcc_train.4.ark:3316976
mtat1_si1627 /nfs-share/xinchi/kaldi/egs/timit/s5_la5/mfcc/raw_mfcc_train.4.ark:2438895
fdkn0_si1081 /nfs-share/xinchi/kaldi/egs/timit/s5_la5/mfcc/raw_mfcc_train.1.ark:910829
mjeb1_sx207 /nfs-share/xinchi/kaldi/egs/timit/s5_la5/mfcc/raw_mfcc_train.3.ark:896405
mrcw0_si741 /nfs-share/xinchi/kaldi/egs/timit/s5_la5/mfcc/raw_mfcc_train.4.ark:425008
mjlb0_sx86 /nfs-share/xinchi/kaldi/egs/timit/s5_la5/mfcc/raw_mfcc_train.3.ark:1199032
fbmh0_sx236 /nfs-share/xinchi/kaldi/egs/timit/s5_la5/mfcc/raw_mfcc_train.1.ark:360956
msjk0_sx426 /nfs-share/xinchi/kaldi/egs/timit/s5_la5/mfcc/raw_mfcc_train.4.ark:2096029
mclm0_si1456 /nfs-share/xinchi/kaldi/egs/timit/s5_la5/mfcc/raw_mfcc_train.2.ark:1743625
fsgf0_sx117 /nfs-share/xinchi/kaldi/egs/timit/s5_la5/mfcc/raw_mfcc_train.1.ark:3808273
mgaf0_si1912 /nfs-share/xinchi/kaldi/egs/timit/s5_la5/mfcc/raw_mfcc_train.2.ark:3589245
mjws0_si513 /nfs-share/xinchi/kaldi/egs/timit/s5_la5/mfcc/raw_mfcc_train.3.ark:1721763
mmdb0_si1617 /nfs-share/xinchi/kaldi/egs/timit/s5_la5/mfcc/raw_mfcc_train.3.ark:2817615
mjfh0_si477 /nfs-share/xinchi/kaldi/egs/timit/s5_la5/mfcc/raw_mfcc_train.3.ark:949623
mclm0_sx376 /nfs-share/xinchi/kaldi/egs/timit/s5_la5/mfcc/raw_mfcc_train.2.ark:1768556
fcaj0_si849 /nfs-share/xinchi/kaldi/egs/timit/s5_la5/mfcc/raw_mfcc_train.1.ark:444365
fmkc0_si1702 /nfs-share/xinchi/kaldi/egs/timit/s5_la5/mfcc/raw_mfcc_train.1.ark:2995157
mdlb0_si1306 /nfs-share/xinchi/kaldi/egs/timit/s5_la5/mfcc/raw_mfcc_train.2.ark:2413306
mwdk0_sx176 /nfs-share/xinchi/kaldi/egs/timit/s5_la5/mfcc/raw_mfcc_train.4.ark:3560541
mrtc0_sx198 /nfs-share/xinchi/kaldi/egs/timit/s5_la5/mfcc/raw_mfcc_train.4.ark:1532615
mrms0_sx210 /nfs-share/xinchi/kaldi/egs/timit/s5_la5/mfcc/raw_mfcc_train.4.ark:1359059
msas0_sx386 /nfs-share/xinchi/kaldi/egs/timit/s5_la5/mfcc/raw_mfcc_train.4.ark:1767029
mrlj1_sx231 /nfs-share/xinchi/kaldi/egs/timit/s5_la5/mfcc/raw_mfcc_train.4.ark:1131131
fsls0_sx156 /nfs-share/xinchi/kaldi/egs/timit/s5_la5/mfcc/raw_mfcc_train.2.ark:190096
fmkf0_sx186 /nfs-share/xinchi/kaldi/egs/timit/s5_la5/mfcc/raw_mfcc_train.1.ark:3034260
mbbr0_sx155 /nfs-share/xinchi/kaldi/egs/timit/s5_la5/mfcc/raw_mfcc_train.2.ark:1081676
mmcc0_si1338 /nfs-share/xinchi/kaldi/egs/timit/s5_la5/mfcc/raw_mfcc_train.3.ark:2780786
mrlr0_si566 /nfs-share/xinchi/kaldi/egs/timit/s5_la5/mfcc/raw_mfcc_train.4.ark:1185818
fsah0_sx434 /nfs-share/xinchi/kaldi/egs/timit/s5_la5/mfcc/raw_mfcc_train.1.ark:3620595
fmkc0_sx172 /nfs-share/xinchi/kaldi/egs/timit/s5_la5/mfcc/raw_mfcc_train.1.ark:2997855
mmab1_sx234 /nfs-share/xinchi/kaldi/egs/timit/s5_la5/mfcc/raw_mfcc_train.3.ark:2620629
fnkl0_si892 /nfs-share/xinchi/kaldi/egs/timit/s5_la5/mfcc/raw_mfcc_train.1.ark:3134377
mpeb0_sx420 /nfs-share/xinchi/kaldi/egs/timit/s5_la5/mfcc/raw_mfcc_train.3.ark:3556280
falk0_si1086 /nfs-share/xinchi/kaldi/egs/timit/s5_la5/mfcc/raw_mfcc_train.1.ark:68375
mjjb0_sx59 /nfs-share/xinchi/kaldi/egs/timit/s5_la5/mfcc/raw_mfcc_train.3.ark:1066568
mstf0_sx406 /nfs-share/xinchi/kaldi/egs/timit/s5_la5/mfcc/raw_mfcc_train.4.ark:2290042
fbas0_sx37 /nfs-share/xinchi/kaldi/egs/timit/s5_la5/mfcc/raw_mfcc_train.1.ark:199029
mkln0_sx428 /nfs-share/xinchi/kaldi/egs/timit/s5_la5/mfcc/raw_mfcc_train.3.ark:2165297
mljc0_sx55 /nfs-share/xinchi/kaldi/egs/timit/s5_la5/mfcc/raw_mfcc_train.3.ark:2460750
fexm0_sx111 /nfs-share/xinchi/kaldi/egs/timit/s5_la5/mfcc/raw_mfcc_train.1.ark:1341058
fmju0_sx39 /nfs-share/xinchi/kaldi/egs/timit/s5_la5/mfcc/raw_mfcc_train.1.ark:2978577
mjkr0_si1831 /nfs-share/xinchi/kaldi/egs/timit/s5_la5/mfcc/raw_mfcc_train.3.ark:1144204
mtxs0_si2320 /nfs-share/xinchi/kaldi/egs/timit/s5_la5/mfcc/raw_mfcc_train.4.ark:3305392
mdjm0_sx105 /nfs-share/xinchi/kaldi/egs/timit/s5_la5/mfcc/raw_mfcc_train.2.ark:2363514
fbjl0_sx202 /nfs-share/xinchi/kaldi/egs/timit/s5_la5/mfcc/raw_mfcc_train.1.ark:292266
mjda0_sx401 /nfs-share/xinchi/kaldi/egs/timit/s5_la5/mfcc/raw_mfcc_train.3.ark:695708
mtkp0_si1023 /nfs-share/xinchi/kaldi/egs/timit/s5_la5/mfcc/raw_mfcc_train.4.ark:2810066
mbwp0_sx349 /nfs-share/xinchi/kaldi/egs/timit/s5_la5/mfcc/raw_mfcc_train.2.ark:1421953
mbar0_sx59 /nfs-share/xinchi/kaldi/egs/timit/s5_la5/mfcc/raw_mfcc_train.2.ark:1067137
mtas0_si1385 /nfs-share/xinchi/kaldi/egs/timit/s5_la5/mfcc/raw_mfcc_train.4.ark:2377179
mkdt0_sx83 /nfs-share/xinchi/kaldi/egs/timit/s5_la5/mfcc/raw_mfcc_train.3.ark:2074223
mrab1_si1478 /nfs-share/xinchi/kaldi/egs/timit/s5_la5/mfcc/raw_mfcc_train.4.ark:217013
fkfb0_sx258 /nfs-share/xinchi/kaldi/egs/timit/s5_la5/mfcc/raw_mfcc_train.1.ark:2138115
fmjf0_sx264 /nfs-share/xinchi/kaldi/egs/timit/s5_la5/mfcc/raw_mfcc_train.1.ark:2935152
fjxm0_si1211 /nfs-share/xinchi/kaldi/egs/timit/s5_la5/mfcc/raw_mfcc_train.1.ark:1950574
fdml0_sx159 /nfs-share/xinchi/kaldi/egs/timit/s5_la5/mfcc/raw_mfcc_train.1.ark:958360
mdcm0_si850 /nfs-share/xinchi/kaldi/egs/timit/s5_la5/mfcc/raw_mfcc_train.2.ark:2131786
mrew1_sx330 /nfs-share/xinchi/kaldi/egs/timit/s5_la5/mfcc/raw_mfcc_train.4.ark:656556
mbml0_sx359 /nfs-share/xinchi/kaldi/egs/timit/s5_la5/mfcc/raw_mfcc_train.2.ark:1303881
fbas0_si1472 /nfs-share/xinchi/kaldi/egs/timit/s5_la5/mfcc/raw_mfcc_train.1.ark:177011
mdbb1_sx196 /nfs-share/xinchi/kaldi/egs/timit/s5_la5/mfcc/raw_mfcc_train.2.ark:2044145
mbbr0_si1055 /nfs-share/xinchi/kaldi/egs/timit/s5_la5/mfcc/raw_mfcc_train.2.ark:1069719
msat1_si2333 /nfs-share/xinchi/kaldi/egs/timit/s5_la5/mfcc/raw_mfcc_train.4.ark:1803900
msat0_si896 /nfs-share/xinchi/kaldi/egs/timit/s5_la5/mfcc/raw_mfcc_train.4.ark:1776893
fljd0_sx166 /nfs-share/xinchi/kaldi/egs/timit/s5_la5/mfcc/raw_mfcc_train.1.ark:2533853
mdmt0_si1832 /nfs-share/xinchi/kaldi/egs/timit/s5_la5/mfcc/raw_mfcc_train.2.ark:2716291
mjac0_sx341 /nfs-share/xinchi/kaldi/egs/timit/s5_la5/mfcc/raw_mfcc_train.3.ark:564639
mjrp0_si1845 /nfs-share/xinchi/kaldi/egs/timit/s5_la5/mfcc/raw_mfcc_train.3.ark:1609045
mfxs0_sx144 /nfs-share/xinchi/kaldi/egs/timit/s5_la5/mfcc/raw_mfcc_train.2.ark:3530774
frjb0_si1427 /nfs-share/xinchi/kaldi/egs/timit/s5_la5/mfcc/raw_mfcc_train.1.ark:3492981
mhit0_sx173 /nfs-share/xinchi/kaldi/egs/timit/s5_la5/mfcc/raw_mfcc_train.3.ark:341838
mmsm0_sx296 /nfs-share/xinchi/kaldi/egs/timit/s5_la5/mfcc/raw_mfcc_train.3.ark:3268065
mkrg0_si1491 /nfs-share/xinchi/kaldi/egs/timit/s5_la5/mfcc/raw_mfcc_train.3.ark:2302042
fsjs0_sx451 /nfs-share/xinchi/kaldi/egs/timit/s5_la5/mfcc/raw_mfcc_train.2.ark:39798
mewm0_si718 /nfs-share/xinchi/kaldi/egs/timit/s5_la5/mfcc/raw_mfcc_train.2.ark:3374792
mbgt0_sx81 /nfs-share/xinchi/kaldi/egs/timit/s5_la5/mfcc/raw_mfcc_train.2.ark:1187810
mrkm0_si1267 /nfs-share/xinchi/kaldi/egs/timit/s5_la5/mfcc/raw_mfcc_train.4.ark:1017416
mmar0_sx346 /nfs-share/xinchi/kaldi/egs/timit/s5_la5/mfcc/raw_mfcc_train.3.ark:2730255
fdtd0_sx391 /nfs-share/xinchi/kaldi/egs/timit/s5_la5/mfcc/raw_mfcc_train.1.ark:1089170
mkrg0_sx141 /nfs-share/xinchi/kaldi/egs/timit/s5_la5/mfcc/raw_mfcc_train.3.ark:2317781
mjae0_sx84 /nfs-share/xinchi/kaldi/egs/timit/s5_la5/mfcc/raw_mfcc_train.3.ark:605166
mjda0_si1661 /nfs-share/xinchi/kaldi/egs/timit/s5_la5/mfcc/raw_mfcc_train.3.ark:677602
mtdp0_sx441 /nfs-share/xinchi/kaldi/egs/timit/s5_la5/mfcc/raw_mfcc_train.4.ark:2598903
flag0_si1464 /nfs-share/xinchi/kaldi/egs/timit/s5_la5/mfcc/raw_mfcc_train.1.ark:2355196
fkdw0_sx397 /nfs-share/xinchi/kaldi/egs/timit/s5_la5/mfcc/raw_mfcc_train.1.ark:2117109
mppc0_si782 /nfs-share/xinchi/kaldi/egs/timit/s5_la5/mfcc/raw_mfcc_train.3.ark:3752218
mdsj0_sx292 /nfs-share/xinchi/kaldi/egs/timit/s5_la5/mfcc/raw_mfcc_train.2.ark:2926696
madd0_si1295 /nfs-share/xinchi/kaldi/egs/timit/s5_la5/mfcc/raw_mfcc_train.2.ark:722366
mmxs0_si876 /nfs-share/xinchi/kaldi/egs/timit/s5_la5/mfcc/raw_mfcc_train.3.ark:3421839
mrem0_sx331 /nfs-share/xinchi/kaldi/egs/timit/s5_la5/mfcc/raw_mfcc_train.4.ark:627678
megj0_si707 /nfs-share/xinchi/kaldi/egs/timit/s5_la5/mfcc/raw_mfcc_train.2.ark:3222528
fexm0_si1101 /nfs-share/xinchi/kaldi/egs/timit/s5_la5/mfcc/raw_mfcc_train.1.ark:1326515
mkjo0_si1517 /nfs-share/xinchi/kaldi/egs/timit/s5_la5/mfcc/raw_mfcc_train.3.ark:2113054
maeo0_sx66 /nfs-share/xinchi/kaldi/egs/timit/s5_la5/mfcc/raw_mfcc_train.2.ark:813842
mrem0_sx421 /nfs-share/xinchi/kaldi/egs/timit/s5_la5/mfcc/raw_mfcc_train.4.ark:631897
flhd0_sx84 /nfs-share/xinchi/kaldi/egs/timit/s5_la5/mfcc/raw_mfcc_train.1.ark:2481843
mtpf0_sx425 /nfs-share/xinchi/kaldi/egs/timit/s5_la5/mfcc/raw_mfcc_train.4.ark:3033415
fbcg1_sx262 /nfs-share/xinchi/kaldi/egs/timit/s5_la5/mfcc/raw_mfcc_train.1.ark:221576
mtpf0_si1235 /nfs-share/xinchi/kaldi/egs/timit/s5_la5/mfcc/raw_mfcc_train.4.ark:3008282
mpfu0_sx358 /nfs-share/xinchi/kaldi/egs/timit/s5_la5/mfcc/raw_mfcc_train.3.ark:3586113
mjrh0_si1755 /nfs-share/xinchi/kaldi/egs/timit/s5_la5/mfcc/raw_mfcc_train.3.ark:1516352
fksr0_sx217 /nfs-share/xinchi/kaldi/egs/timit/s5_la5/mfcc/raw_mfcc_train.1.ark:2309572
mtab0_sx222 /nfs-share/xinchi/kaldi/egs/timit/s5_la5/mfcc/raw_mfcc_train.4.ark:2359354
mtxs0_sx340 /nfs-share/xinchi/kaldi/egs/timit/s5_la5/mfcc/raw_mfcc_train.4.ark:3321377
mdwh0_sx35 /nfs-share/xinchi/kaldi/egs/timit/s5_la5/mfcc/raw_mfcc_train.2.ark:3083015
majp0_si1704 /nfs-share/xinchi/kaldi/egs/timit/s5_la5/mfcc/raw_mfcc_train.2.ark:846688
mklw0_sx221 /nfs-share/xinchi/kaldi/egs/timit/s5_la5/mfcc/raw_mfcc_train.3.ark:2283177
mtat0_sx120 /nfs-share/xinchi/kaldi/egs/timit/s5_la5/mfcc/raw_mfcc_train.4.ark:2418637
mhxl0_sx62 /nfs-share/xinchi/kaldi/egs/timit/s5_la5/mfcc/raw_mfcc_train.3.ark:510682
mhxl0_si1772 /nfs-share/xinchi/kaldi/egs/timit/s5_la5/mfcc/raw_mfcc_train.3.ark:481241
mcef0_sx55 /nfs-share/xinchi/kaldi/egs/timit/s5_la5/mfcc/raw_mfcc_train.2.ark:1632373
madc0_sx197 /nfs-share/xinchi/kaldi/egs/timit/s5_la5/mfcc/raw_mfcc_train.2.ark:710605
ftmg0_sx182 /nfs-share/xinchi/kaldi/egs/timit/s5_la5/mfcc/raw_mfcc_train.2.ark:548573
mjda0_si1031 /nfs-share/xinchi/kaldi/egs/timit/s5_la5/mfcc/raw_mfcc_train.3.ark:675878
mjls0_si1726 /nfs-share/xinchi/kaldi/egs/timit/s5_la5/mfcc/raw_mfcc_train.3.ark:1236429
fvmh0_si2096 /nfs-share/xinchi/kaldi/egs/timit/s5_la5/mfcc/raw_mfcc_train.2.ark:635480
msds0_si2337 /nfs-share/xinchi/kaldi/egs/timit/s5_la5/mfcc/raw_mfcc_train.4.ark:1895437
mram0_sx375 /nfs-share/xinchi/kaldi/egs/timit/s5_la5/mfcc/raw_mfcc_train.4.ark:312818
mrwa0_sx433 /nfs-share/xinchi/kaldi/egs/timit/s5_la5/mfcc/raw_mfcc_train.4.ark:1637652
mmws1_si1071 /nfs-share/xinchi/kaldi/egs/timit/s5_la5/mfcc/raw_mfcc_train.3.ark:3387305
mmrp0_si717 /nfs-share/xinchi/kaldi/egs/timit/s5_la5/mfcc/raw_mfcc_train.3.ark:3209019
mtat1_si1409 /nfs-share/xinchi/kaldi/egs/timit/s5_la5/mfcc/raw_mfcc_train.4.ark:2435000
fsjw0_sx343 /nfs-share/xinchi/kaldi/egs/timit/s5_la5/mfcc/raw_mfcc_train.2.ark:70151
mcss0_si750 /nfs-share/xinchi/kaldi/egs/timit/s5_la5/mfcc/raw_mfcc_train.2.ark:1845444
fsrh0_sx221 /nfs-share/xinchi/kaldi/egs/timit/s5_la5/mfcc/raw_mfcc_train.2.ark:358387
mbma1_sx234 /nfs-share/xinchi/kaldi/egs/timit/s5_la5/mfcc/raw_mfcc_train.2.ark:1268223
mjlg1_si1642 /nfs-share/xinchi/kaldi/egs/timit/s5_la5/mfcc/raw_mfcc_train.3.ark:1205704
msjk0_si1596 /nfs-share/xinchi/kaldi/egs/timit/s5_la5/mfcc/raw_mfcc_train.4.ark:2069427
fskc0_si1416 /nfs-share/xinchi/kaldi/egs/timit/s5_la5/mfcc/raw_mfcc_train.2.ark:83822
mrav0_sx18 /nfs-share/xinchi/kaldi/egs/timit/s5_la5/mfcc/raw_mfcc_train.4.ark:332420
flma0_sx163 /nfs-share/xinchi/kaldi/egs/timit/s5_la5/mfcc/raw_mfcc_train.1.ark:2640493
fdxw0_si881 /nfs-share/xinchi/kaldi/egs/timit/s5_la5/mfcc/raw_mfcc_train.1.ark:1097305
flac0_sx181 /nfs-share/xinchi/kaldi/egs/timit/s5_la5/mfcc/raw_mfcc_train.1.ark:2336155
mrcg0_sx168 /nfs-share/xinchi/kaldi/egs/timit/s5_la5/mfcc/raw_mfcc_train.4.ark:392328
fsms1_sx347 /nfs-share/xinchi/kaldi/egs/timit/s5_la5/mfcc/raw_mfcc_train.2.ark:301672
mcal0_si508 /nfs-share/xinchi/kaldi/egs/timit/s5_la5/mfcc/raw_mfcc_train.2.ark:1486043
mlbc0_sx249 /nfs-share/xinchi/kaldi/egs/timit/s5_la5/mfcc/raw_mfcc_train.3.ark:2380926
mjdg0_si1705 /nfs-share/xinchi/kaldi/egs/timit/s5_la5/mfcc/raw_mfcc_train.3.ark:786097
mtpg0_sx123 /nfs-share/xinchi/kaldi/egs/timit/s5_la5/mfcc/raw_mfcc_train.4.ark:3051248
feeh0_si1112 /nfs-share/xinchi/kaldi/egs/timit/s5_la5/mfcc/raw_mfcc_train.1.ark:1225893
ftbr0_si2181 /nfs-share/xinchi/kaldi/egs/timit/s5_la5/mfcc/raw_mfcc_train.2.ark:444116
fbjl0_sx22 /nfs-share/xinchi/kaldi/egs/timit/s5_la5/mfcc/raw_mfcc_train.1.ark:294469
fcag0_si1503 /nfs-share/xinchi/kaldi/egs/timit/s5_la5/mfcc/raw_mfcc_train.1.ark:410713
mmdg0_si1780 /nfs-share/xinchi/kaldi/egs/timit/s5_la5/mfcc/raw_mfcc_train.3.ark:2841298
mrvg0_sx60 /nfs-share/xinchi/kaldi/egs/timit/s5_la5/mfcc/raw_mfcc_train.4.ark:1610496
fjxm0_si1971 /nfs-share/xinchi/kaldi/egs/timit/s5_la5/mfcc/raw_mfcc_train.1.ark:1954885
fssb0_sx452 /nfs-share/xinchi/kaldi/egs/timit/s5_la5/mfcc/raw_mfcc_train.2.ark:403218
fsmm0_sx144 /nfs-share/xinchi/kaldi/egs/timit/s5_la5/mfcc/raw_mfcc_train.2.ark:254729
mtmn0_sx254 /nfs-share/xinchi/kaldi/egs/timit/s5_la5/mfcc/raw_mfcc_train.4.ark:2962827
mmea0_si2018 /nfs-share/xinchi/kaldi/egs/timit/s5_la5/mfcc/raw_mfcc_train.3.ark:2972756
mtlc0_sx217 /nfs-share/xinchi/kaldi/egs/timit/s5_la5/mfcc/raw_mfcc_train.4.ark:2894592
mrdd0_si1680 /nfs-share/xinchi/kaldi/egs/timit/s5_la5/mfcc/raw_mfcc_train.4.ark:451227
fklc1_sx148 /nfs-share/xinchi/kaldi/egs/timit/s5_la5/mfcc/raw_mfcc_train.1.ark:2239173
feeh0_sx32 /nfs-share/xinchi/kaldi/egs/timit/s5_la5/mfcc/raw_mfcc_train.1.ark:1251129
mtwh1_sx432 /nfs-share/xinchi/kaldi/egs/timit/s5_la5/mfcc/raw_mfcc_train.4.ark:3289736
mram0_sx195 /nfs-share/xinchi/kaldi/egs/timit/s5_la5/mfcc/raw_mfcc_train.4.ark:306278
mmlm0_sx357 /nfs-share/xinchi/kaldi/egs/timit/s5_la5/mfcc/raw_mfcc_train.3.ark:3164031
mjls0_sx286 /nfs-share/xinchi/kaldi/egs/timit/s5_la5/mfcc/raw_mfcc_train.3.ark:1256327
mdtb0_si570 /nfs-share/xinchi/kaldi/egs/timit/s5_la5/mfcc/raw_mfcc_train.2.ark:3001389
mzmb0_sx356 /nfs-share/xinchi/kaldi/egs/timit/s5_la5/mfcc/raw_mfcc_train.4.ark:3798047
mwrp0_sx363 /nfs-share/xinchi/kaldi/egs/timit/s5_la5/mfcc/raw_mfcc_train.4.ark:3702465
fsbk0_si2329 /nfs-share/xinchi/kaldi/egs/timit/s5_la5/mfcc/raw_mfcc_train.1.ark:3666767
fcyl0_sx127 /nfs-share/xinchi/kaldi/egs/timit/s5_la5/mfcc/raw_mfcc_train.1.ark:764847
mdwd0_sx360 /nfs-share/xinchi/kaldi/egs/timit/s5_la5/mfcc/raw_mfcc_train.2.ark:3042743
fdjh0_si2195 /nfs-share/xinchi/kaldi/egs/timit/s5_la5/mfcc/raw_mfcc_train.1.ark:883298
mcss0_sx300 /nfs-share/xinchi/kaldi/egs/timit/s5_la5/mfcc/raw_mfcc_train.2.ark:1859875
mgsh0_si1806 /nfs-share/xinchi/kaldi/egs/timit/s5_la5/mfcc/raw_mfcc_train.3.ark:200006
mrld0_si1594 /nfs-share/xinchi/kaldi/egs/timit/s5_la5/mfcc/raw_mfcc_train.4.ark:1058512
mapv0_sx303 /nfs-share/xinchi/kaldi/egs/timit/s5_la5/mfcc/raw_mfcc_train.2.ark:967971
fleh0_si2311 /nfs-share/xinchi/kaldi/egs/timit/s5_la5/mfcc/raw_mfcc_train.1.ark:2401237
mfrm0_si1155 /nfs-share/xinchi/kaldi/egs/timit/s5_la5/mfcc/raw_mfcc_train.2.ark:3459435
mklr0_si2319 /nfs-share/xinchi/kaldi/egs/timit/s5_la5/mfcc/raw_mfcc_train.3.ark:2181434
fjen0_si2307 /nfs-share/xinchi/kaldi/egs/timit/s5_la5/mfcc/raw_mfcc_train.1.ark:1624367
fcrz0_si793 /nfs-share/xinchi/kaldi/egs/timit/s5_la5/mfcc/raw_mfcc_train.1.ark:728123
mhxl0_sx242 /nfs-share/xinchi/kaldi/egs/timit/s5_la5/mfcc/raw_mfcc_train.3.ark:496752
mtwh1_si2142 /nfs-share/xinchi/kaldi/egs/timit/s5_la5/mfcc/raw_mfcc_train.4.ark:3273438
mjlb0_sx266 /nfs-share/xinchi/kaldi/egs/timit/s5_la5/mfcc/raw_mfcc_train.3.ark:1188846
mjdg0_sx322 /nfs-share/xinchi/kaldi/egs/timit/s5_la5/mfcc/raw_mfcc_train.3.ark:797844
msrg0_sx321 /nfs-share/xinchi/kaldi/egs/timit/s5_la5/mfcc/raw_mfcc_train.4.ark:2219775
msds0_sx447 /nfs-share/xinchi/kaldi/egs/timit/s5_la5/mfcc/raw_mfcc_train.4.ark:1914952
fdjh0_sx35 /nfs-share/xinchi/kaldi/egs/timit/s5_la5/mfcc/raw_mfcc_train.1.ark:903508
mjai0_sx74 /nfs-share/xinchi/kaldi/egs/timit/s5_la5/mfcc/raw_mfcc_train.3.ark:639698
mdwh0_si1925 /nfs-share/xinchi/kaldi/egs/timit/s5_la5/mfcc/raw_mfcc_train.2.ark:3060140
fsag0_sx423 /nfs-share/xinchi/kaldi/egs/timit/s5_la5/mfcc/raw_mfcc_train.1.ark:3582370
fmjf0_si1254 /nfs-share/xinchi/kaldi/egs/timit/s5_la5/mfcc/raw_mfcc_train.1.ark:2917755
fsjk1_sx305 /nfs-share/xinchi/kaldi/egs/timit/s5_la5/mfcc/raw_mfcc_train.2.ark:4023
fgdp0_sx178 /nfs-share/xinchi/kaldi/egs/timit/s5_la5/mfcc/raw_mfcc_train.1.ark:1407473
fsgf0_si927 /nfs-share/xinchi/kaldi/egs/timit/s5_la5/mfcc/raw_mfcc_train.1.ark:3801272
fjsk0_si2312 /nfs-share/xinchi/kaldi/egs/timit/s5_la5/mfcc/raw_mfcc_train.1.ark:1864645
mtrc0_sx183 /nfs-share/xinchi/kaldi/egs/timit/s5_la5/mfcc/raw_mfcc_train.4.ark:3194183
mtjg0_si890 /nfs-share/xinchi/kaldi/egs/timit/s5_la5/mfcc/raw_mfcc_train.4.ark:2646386
fssb0_si1712 /nfs-share/xinchi/kaldi/egs/timit/s5_la5/mfcc/raw_mfcc_train.2.ark:382356
mapv0_sx123 /nfs-share/xinchi/kaldi/egs/timit/s5_la5/mfcc/raw_mfcc_train.2.ark:958909
mpfu0_sx448 /nfs-share/xinchi/kaldi/egs/timit/s5_la5/mfcc/raw_mfcc_train.3.ark:3589487
fskl0_sx449 /nfs-share/xinchi/kaldi/egs/timit/s5_la5/mfcc/raw_mfcc_train.2.ark:137820
megj0_sx167 /nfs-share/xinchi/kaldi/egs/timit/s5_la5/mfcc/raw_mfcc_train.2.ark:3228060
meal0_sx107 /nfs-share/xinchi/kaldi/egs/timit/s5_la5/mfcc/raw_mfcc_train.2.ark:3133367
fsag0_sx63 /nfs-share/xinchi/kaldi/egs/timit/s5_la5/mfcc/raw_mfcc_train.1.ark:3588161
fkdw0_sx307 /nfs-share/xinchi/kaldi/egs/timit/s5_la5/mfcc/raw_mfcc_train.1.ark:2111051
fklc1_sx328 /nfs-share/xinchi/kaldi/egs/timit/s5_la5/mfcc/raw_mfcc_train.1.ark:2246558
fear0_si1882 /nfs-share/xinchi/kaldi/egs/timit/s5_la5/mfcc/raw_mfcc_train.1.ark:1157940
mdas0_sx276 /nfs-share/xinchi/kaldi/egs/timit/s5_la5/mfcc/raw_mfcc_train.2.ark:2015490
mram0_si1275 /nfs-share/xinchi/kaldi/egs/timit/s5_la5/mfcc/raw_mfcc_train.4.ark:285442
mjrp0_sx135 /nfs-share/xinchi/kaldi/egs/timit/s5_la5/mfcc/raw_mfcc_train.3.ark:1618575
fkaa0_sx38 /nfs-share/xinchi/kaldi/egs/timit/s5_la5/mfcc/raw_mfcc_train.1.ark:2042874
mdlh0_sx250 /nfs-share/xinchi/kaldi/egs/timit/s5_la5/mfcc/raw_mfcc_train.2.ark:2564909
mrjb1_sx390 /nfs-share/xinchi/kaldi/egs/timit/s5_la5/mfcc/raw_mfcc_train.4.ark:873764
mpgr0_sx240 /nfs-share/xinchi/kaldi/egs/timit/s5_la5/mfcc/raw_mfcc_train.3.ark:3640312
fdxw0_si2141 /nfs-share/xinchi/kaldi/egs/timit/s5_la5/mfcc/raw_mfcc_train.1.ark:1095413
mbma0_si592 /nfs-share/xinchi/kaldi/egs/timit/s5_la5/mfcc/raw_mfcc_train.2.ark:1229880
feac0_si1245 /nfs-share/xinchi/kaldi/egs/timit/s5_la5/mfcc/raw_mfcc_train.1.ark:1120838
megj0_sx257 /nfs-share/xinchi/kaldi/egs/timit/s5_la5/mfcc/raw_mfcc_train.2.ark:3234450
mwsh0_si2266 /nfs-share/xinchi/kaldi/egs/timit/s5_la5/mfcc/raw_mfcc_train.4.ark:3744922
mbsb0_sx3 /nfs-share/xinchi/kaldi/egs/timit/s5_la5/mfcc/raw_mfcc_train.2.ark:1360987
mjjm0_sx377 /nfs-share/xinchi/kaldi/egs/timit/s5_la5/mfcc/raw_mfcc_train.3.ark:1134880
mcss0_sx210 /nfs-share/xinchi/kaldi/egs/timit/s5_la5/mfcc/raw_mfcc_train.2.ark:1853986
madd0_sx358 /nfs-share/xinchi/kaldi/egs/timit/s5_la5/mfcc/raw_mfcc_train.2.ark:742656
mdbb1_si2056 /nfs-share/xinchi/kaldi/egs/timit/s5_la5/mfcc/raw_mfcc_train.2.ark:2033153
mcre0_sx131 /nfs-share/xinchi/kaldi/egs/timit/s5_la5/mfcc/raw_mfcc_train.2.ark:1813832
mfmc0_sx322 /nfs-share/xinchi/kaldi/egs/timit/s5_la5/mfcc/raw_mfcc_train.2.ark:3447688
mjwt0_si1381 /nfs-share/xinchi/kaldi/egs/timit/s5_la5/mfcc/raw_mfcc_train.3.ark:1755665
mrml0_sx161 /nfs-share/xinchi/kaldi/egs/timit/s5_la5/mfcc/raw_mfcc_train.4.ark:1314963
mjbg0_sx152 /nfs-share/xinchi/kaldi/egs/timit/s5_la5/mfcc/raw_mfcc_train.3.ark:653184
mcre0_si1121 /nfs-share/xinchi/kaldi/egs/timit/s5_la5/mfcc/raw_mfcc_train.2.ark:1801615
mtlb0_sx234 /nfs-share/xinchi/kaldi/egs/timit/s5_la5/mfcc/raw_mfcc_train.4.ark:2859422
mkam0_sx326 /nfs-share/xinchi/kaldi/egs/timit/s5_la5/mfcc/raw_mfcc_train.3.ark:1967727
fceg0_sx78 /nfs-share/xinchi/kaldi/egs/timit/s5_la5/mfcc/raw_mfcc_train.1.ark:534512
fsjk1_sx125 /nfs-share/xinchi/kaldi/egs/timit/s5_la5/mfcc/raw_mfcc_train.1.ark:3879952
fdfb0_sx148 /nfs-share/xinchi/kaldi/egs/timit/s5_la5/mfcc/raw_mfcc_train.1.ark:862234
mjma0_sx325 /nfs-share/xinchi/kaldi/egs/timit/s5_la5/mfcc/raw_mfcc_train.3.ark:1286382
mrmh0_si1349 /nfs-share/xinchi/kaldi/egs/timit/s5_la5/mfcc/raw_mfcc_train.4.ark:1274877
msfh0_sx46 /nfs-share/xinchi/kaldi/egs/timit/s5_la5/mfcc/raw_mfcc_train.4.ark:2029114
mgag0_sx151 /nfs-share/xinchi/kaldi/egs/timit/s5_la5/mfcc/raw_mfcc_train.2.ark:3625364
mded0_sx90 /nfs-share/xinchi/kaldi/egs/timit/s5_la5/mfcc/raw_mfcc_train.2.ark:2214822
mmlm0_sx177 /nfs-share/xinchi/kaldi/egs/timit/s5_la5/mfcc/raw_mfcc_train.3.ark:3157231
makr0_si1352 /nfs-share/xinchi/kaldi/egs/timit/s5_la5/mfcc/raw_mfcc_train.2.ark:918400
mrcw0_sx381 /nfs-share/xinchi/kaldi/egs/timit/s5_la5/mfcc/raw_mfcc_train.4.ark:442995
mmgg0_sx179 /nfs-share/xinchi/kaldi/egs/timit/s5_la5/mfcc/raw_mfcc_train.3.ark:3067477
mwgr0_sx256 /nfs-share/xinchi/kaldi/egs/timit/s5_la5/mfcc/raw_mfcc_train.4.ark:3630785
fhlm0_sx210 /nfs-share/xinchi/kaldi/egs/timit/s5_la5/mfcc/raw_mfcc_train.1.ark:1523261
mjdg0_sx52 /nfs-share/xinchi/kaldi/egs/timit/s5_la5/mfcc/raw_mfcc_train.3.ark:804513
mwad0_sx72 /nfs-share/xinchi/kaldi/egs/timit/s5_la5/mfcc/raw_mfcc_train.4.ark:3487114
mdcm0_sx40 /nfs-share/xinchi/kaldi/egs/timit/s5_la5/mfcc/raw_mfcc_train.2.ark:2146958
mkls0_sx447 /nfs-share/xinchi/kaldi/egs/timit/s5_la5/mfcc/raw_mfcc_train.3.ark:2229971
mbbr0_sx245 /nfs-share/xinchi/kaldi/egs/timit/s5_la5/mfcc/raw_mfcc_train.2.ark:1085830
fkfb0_sx168 /nfs-share/xinchi/kaldi/egs/timit/s5_la5/mfcc/raw_mfcc_train.1.ark:2134949
mdsj0_sx438 /nfs-share/xinchi/kaldi/egs/timit/s5_la5/mfcc/raw_mfcc_train.2.ark:2934913
mtmn0_sx434 /nfs-share/xinchi/kaldi/egs/timit/s5_la5/mfcc/raw_mfcc_train.4.ark:2968769
mjeb0_sx386 /nfs-share/xinchi/kaldi/egs/timit/s5_la5/mfcc/raw_mfcc_train.3.ark:872409
mpgr0_sx420 /nfs-share/xinchi/kaldi/egs/timit/s5_la5/mfcc/raw_mfcc_train.3.ark:3647931
mzmb0_si536 /nfs-share/xinchi/kaldi/egs/timit/s5_la5/mfcc/raw_mfcc_train.4.ark:3784831
mrlj1_sx51 /nfs-share/xinchi/kaldi/egs/timit/s5_la5/mfcc/raw_mfcc_train.4.ark:1140927
fsjs0_sx271 /nfs-share/xinchi/kaldi/egs/timit/s5_la5/mfcc/raw_mfcc_train.2.ark:32452
fsdc0_sx52 /nfs-share/xinchi/kaldi/egs/timit/s5_la5/mfcc/raw_mfcc_train.1.ark:3759813
mppc0_sx242 /nfs-share/xinchi/kaldi/egs/timit/s5_la5/mfcc/raw_mfcc_train.4.ark:12
mtat0_sx210 /nfs-share/xinchi/kaldi/egs/timit/s5_la5/mfcc/raw_mfcc_train.4.ark:2422895
mjac0_si2148 /nfs-share/xinchi/kaldi/egs/timit/s5_la5/mfcc/raw_mfcc_train.3.ark:548153
mdlh0_sx430 /nfs-share/xinchi/kaldi/egs/timit/s5_la5/mfcc/raw_mfcc_train.2.ark:2573542
ftaj0_sx429 /nfs-share/xinchi/kaldi/egs/timit/s5_la5/mfcc/raw_mfcc_train.2.ark:431783
frjb0_sx77 /nfs-share/xinchi/kaldi/egs/timit/s5_la5/mfcc/raw_mfcc_train.1.ark:3518784
mjls0_si466 /nfs-share/xinchi/kaldi/egs/timit/s5_la5/mfcc/raw_mfcc_train.3.ark:1243859
mrdm0_sx155 /nfs-share/xinchi/kaldi/egs/timit/s5_la5/mfcc/raw_mfcc_train.4.ark:489285
mkdd0_sx217 /nfs-share/xinchi/kaldi/egs/timit/s5_la5/mfcc/raw_mfcc_train.3.ark:2031247
mrdm0_sx245 /nfs-share/xinchi/kaldi/egs/timit/s5_la5/mfcc/raw_mfcc_train.4.ark:493738
mmeb0_sx367 /nfs-share/xinchi/kaldi/egs/timit/s5_la5/mfcc/raw_mfcc_train.3.ark:3015221
mmrp0_sx54 /nfs-share/xinchi/kaldi/egs/timit/s5_la5/mfcc/raw_mfcc_train.3.ark:3236581
mdhs0_sx90 /nfs-share/xinchi/kaldi/egs/timit/s5_la5/mfcc/raw_mfcc_train.2.ark:2346376
mdem0_si1868 /nfs-share/xinchi/kaldi/egs/timit/s5_la5/mfcc/raw_mfcc_train.2.ark:2248051
fjxm0_sx311 /nfs-share/xinchi/kaldi/egs/timit/s5_la5/mfcc/raw_mfcc_train.1.ark:1969785
fsms1_sx244 /nfs-share/xinchi/kaldi/egs/timit/s5_la5/mfcc/raw_mfcc_train.2.ark:294040
mbjv0_sx257 /nfs-share/xinchi/kaldi/egs/timit/s5_la5/mfcc/raw_mfcc_train.2.ark:1206970
mejs0_si610 /nfs-share/xinchi/kaldi/egs/timit/s5_la5/mfcc/raw_mfcc_train.2.ark:3286392
mmam0_sx157 /nfs-share/xinchi/kaldi/egs/timit/s5_la5/mfcc/raw_mfcc_train.3.ark:2686569
mrpc1_sx312 /nfs-share/xinchi/kaldi/egs/timit/s5_la5/mfcc/raw_mfcc_train.4.ark:1386736
mtrc0_sx93 /nfs-share/xinchi/kaldi/egs/timit/s5_la5/mfcc/raw_mfcc_train.4.ark:3203329
mmaa0_sx395 /nfs-share/xinchi/kaldi/egs/timit/s5_la5/mfcc/raw_mfcc_train.3.ark:2600884
mjeb0_sx296 /nfs-share/xinchi/kaldi/egs/timit/s5_la5/mfcc/raw_mfcc_train.3.ark:868905
msat0_si2156 /nfs-share/xinchi/kaldi/egs/timit/s5_la5/mfcc/raw_mfcc_train.4.ark:1773766
flmc0_sx22 /nfs-share/xinchi/kaldi/egs/timit/s5_la5/mfcc/raw_mfcc_train.1.ark:2672718
mrsp0_sx79 /nfs-share/xinchi/kaldi/egs/timit/s5_la5/mfcc/raw_mfcc_train.4.ark:1506234
mtas0_si755 /nfs-share/xinchi/kaldi/egs/timit/s5_la5/mfcc/raw_mfcc_train.4.ark:2384318
ftaj0_sx339 /nfs-share/xinchi/kaldi/egs/timit/s5_la5/mfcc/raw_mfcc_train.2.ark:429072
fjkl0_sx392 /nfs-share/xinchi/kaldi/egs/timit/s5_la5/mfcc/raw_mfcc_train.1.ark:1712487
mgar0_sx132 /nfs-share/xinchi/kaldi/egs/timit/s5_la5/mfcc/raw_mfcc_train.3.ark:11281
mbef0_si1281 /nfs-share/xinchi/kaldi/egs/timit/s5_la5/mfcc/raw_mfcc_train.2.ark:1130413
mmab1_sx144 /nfs-share/xinchi/kaldi/egs/timit/s5_la5/mfcc/raw_mfcc_train.3.ark:2616904
fcjs0_sx257 /nfs-share/xinchi/kaldi/egs/timit/s5_la5/mfcc/raw_mfcc_train.1.ark:576206
fmbg0_sx440 /nfs-share/xinchi/kaldi/egs/timit/s5_la5/mfcc/raw_mfcc_train.1.ark:2840460
fsms1_sx154 /nfs-share/xinchi/kaldi/egs/timit/s5_la5/mfcc/raw_mfcc_train.2.ark:290497
mdcm0_sx130 /nfs-share/xinchi/kaldi/egs/timit/s5_la5/mfcc/raw_mfcc_train.2.ark:2135420
mntw0_sx78 /nfs-share/xinchi/kaldi/egs/timit/s5_la5/mfcc/raw_mfcc_train.3.ark:3504497
mpgh0_sx24 /nfs-share/xinchi/kaldi/egs/timit/s5_la5/mfcc/raw_mfcc_train.3.ark:3618915
mrfl0_si1786 /nfs-share/xinchi/kaldi/egs/timit/s5_la5/mfcc/raw_mfcc_train.4.ark:705055
mlbc0_sx429 /nfs-share/xinchi/kaldi/egs/timit/s5_la5/mfcc/raw_mfcc_train.3.ark:2387466
mgsh0_sx96 /nfs-share/xinchi/kaldi/egs/timit/s5_la5/mfcc/raw_mfcc_train.3.ark:223887
fclt0_si2068 /nfs-share/xinchi/kaldi/egs/timit/s5_la5/mfcc/raw_mfcc_train.1.ark:625920
fjen0_si1047 /nfs-share/xinchi/kaldi/egs/timit/s5_la5/mfcc/raw_mfcc_train.1.ark:1616135
flma0_sx433 /nfs-share/xinchi/kaldi/egs/timit/s5_la5/mfcc/raw_mfcc_train.1.ark:2649783
fetb0_si518 /nfs-share/xinchi/kaldi/egs/timit/s5_la5/mfcc/raw_mfcc_train.1.ark:1302891
fdnc0_sx288 /nfs-share/xinchi/kaldi/egs/timit/s5_la5/mfcc/raw_mfcc_train.1.ark:1047609
mtpg0_sx303 /nfs-share/xinchi/kaldi/egs/timit/s5_la5/mfcc/raw_mfcc_train.4.ark:3058061
mrbc0_sx419 /nfs-share/xinchi/kaldi/egs/timit/s5_la5/mfcc/raw_mfcc_train.4.ark:370400
mprk0_si1727 /nfs-share/xinchi/kaldi/egs/timit/s5_la5/mfcc/raw_mfcc_train.4.ark:98416
mesj0_si997 /nfs-share/xinchi/kaldi/egs/timit/s5_la5/mfcc/raw_mfcc_train.2.ark:3350622
mcal0_sx418 /nfs-share/xinchi/kaldi/egs/timit/s5_la5/mfcc/raw_mfcc_train.2.ark:1499916
mrjm0_sx418 /nfs-share/xinchi/kaldi/egs/timit/s5_la5/mfcc/raw_mfcc_train.4.ark:941277
msas0_si2006 /nfs-share/xinchi/kaldi/egs/timit/s5_la5/mfcc/raw_mfcc_train.4.ark:1740598
mrav0_si1638 /nfs-share/xinchi/kaldi/egs/timit/s5_la5/mfcc/raw_mfcc_train.4.ark:319516
mwgr0_si976 /nfs-share/xinchi/kaldi/egs/timit/s5_la5/mfcc/raw_mfcc_train.4.ark:3620865
mrso0_si1206 /nfs-share/xinchi/kaldi/egs/timit/s5_la5/mfcc/raw_mfcc_train.4.ark:1436265
mkdb0_sx332 /nfs-share/xinchi/kaldi/egs/timit/s5_la5/mfcc/raw_mfcc_train.3.ark:1998788
mbef0_sx201 /nfs-share/xinchi/kaldi/egs/timit/s5_la5/mfcc/raw_mfcc_train.2.ark:1145938
mwgr0_sx346 /nfs-share/xinchi/kaldi/egs/timit/s5_la5/mfcc/raw_mfcc_train.4.ark:3634146
mvjh0_sx296 /nfs-share/xinchi/kaldi/egs/timit/s5_la5/mfcc/raw_mfcc_train.4.ark:3359192
fklc0_sx265 /nfs-share/xinchi/kaldi/egs/timit/s5_la5/mfcc/raw_mfcc_train.1.ark:2212719
mcae0_sx97 /nfs-share/xinchi/kaldi/egs/timit/s5_la5/mfcc/raw_mfcc_train.2.ark:1474502
mrab0_sx234 /nfs-share/xinchi/kaldi/egs/timit/s5_la5/mfcc/raw_mfcc_train.4.ark:199721
fjrb0_si1932 /nfs-share/xinchi/kaldi/egs/timit/s5_la5/mfcc/raw_mfcc_train.1.ark:1786302
mtab0_si942 /nfs-share/xinchi/kaldi/egs/timit/s5_la5/mfcc/raw_mfcc_train.4.ark:2349460
madc0_si1997 /nfs-share/xinchi/kaldi/egs/timit/s5_la5/mfcc/raw_mfcc_train.2.ark:693522
mjrg0_si1996 /nfs-share/xinchi/kaldi/egs/timit/s5_la5/mfcc/raw_mfcc_train.3.ark:1484536
mgak0_sx46 /nfs-share/xinchi/kaldi/egs/timit/s5_la5/mfcc/raw_mfcc_train.2.ark:3674992
mcew0_sx182 /nfs-share/xinchi/kaldi/egs/timit/s5_la5/mfcc/raw_mfcc_train.2.ark:1653138
mdlm0_sx334 /nfs-share/xinchi/kaldi/egs/timit/s5_la5/mfcc/raw_mfcc_train.2.ark:2599969
mhjb0_sx27 /nfs-share/xinchi/kaldi/egs/timit/s5_la5/mfcc/raw_mfcc_train.3.ark:378699
mbgt0_si711 /nfs-share/xinchi/kaldi/egs/timit/s5_la5/mfcc/raw_mfcc_train.2.ark:1165442
mwar0_sx325 /nfs-share/xinchi/kaldi/egs/timit/s5_la5/mfcc/raw_mfcc_train.4.ark:3509545
mtrc0_si1623 /nfs-share/xinchi/kaldi/egs/timit/s5_la5/mfcc/raw_mfcc_train.4.ark:3177931
mjlg1_sx202 /nfs-share/xinchi/kaldi/egs/timit/s5_la5/mfcc/raw_mfcc_train.3.ark:1218609
mpmb0_si2131 /nfs-share/xinchi/kaldi/egs/timit/s5_la5/mfcc/raw_mfcc_train.3.ark:3697684
mmpm0_sx71 /nfs-share/xinchi/kaldi/egs/timit/s5_la5/mfcc/raw_mfcc_train.3.ark:3203518
mrld0_si964 /nfs-share/xinchi/kaldi/egs/timit/s5_la5/mfcc/raw_mfcc_train.4.ark:1065781
mcpm0_si1194 /nfs-share/xinchi/kaldi/egs/timit/s5_la5/mfcc/raw_mfcc_train.2.ark:1771866
mdbp0_sx258 /nfs-share/xinchi/kaldi/egs/timit/s5_la5/mfcc/raw_mfcc_train.2.ark:2072419
mtpf0_sx245 /nfs-share/xinchi/kaldi/egs/timit/s5_la5/mfcc/raw_mfcc_train.4.ark:3023768
mewm0_sx178 /nfs-share/xinchi/kaldi/egs/timit/s5_la5/mfcc/raw_mfcc_train.2.ark:3378777
fbch0_sx416 /nfs-share/xinchi/kaldi/egs/timit/s5_la5/mfcc/raw_mfcc_train.1.ark:265716
fpab1_sx301 /nfs-share/xinchi/kaldi/egs/timit/s5_la5/mfcc/raw_mfcc_train.1.ark:3216398
fgdp0_sx448 /nfs-share/xinchi/kaldi/egs/timit/s5_la5/mfcc/raw_mfcc_train.1.ark:1421989
mjsr0_si794 /nfs-share/xinchi/kaldi/egs/timit/s5_la5/mfcc/raw_mfcc_train.3.ark:1648018
mmws1_sx261 /nfs-share/xinchi/kaldi/egs/timit/s5_la5/mfcc/raw_mfcc_train.3.ark:3398456
mtkp0_si2283 /nfs-share/xinchi/kaldi/egs/timit/s5_la5/mfcc/raw_mfcc_train.4.ark:2814052
mhbs0_si1575 /nfs-share/xinchi/kaldi/egs/timit/s5_la5/mfcc/raw_mfcc_train.3.ark:299444
mdlc2_sx84 /nfs-share/xinchi/kaldi/egs/timit/s5_la5/mfcc/raw_mfcc_train.2.ark:2542552
falk0_si456 /nfs-share/xinchi/kaldi/egs/timit/s5_la5/mfcc/raw_mfcc_train.1.ark:72191
mkam0_sx56 /nfs-share/xinchi/kaldi/egs/timit/s5_la5/mfcc/raw_mfcc_train.3.ark:1975345
fmpg0_sx432 /nfs-share/xinchi/kaldi/egs/timit/s5_la5/mfcc/raw_mfcc_train.1.ark:3117461
mdef0_si1123 /nfs-share/xinchi/kaldi/egs/timit/s5_la5/mfcc/raw_mfcc_train.2.ark:2218366
mtju0_sx400 /nfs-share/xinchi/kaldi/egs/timit/s5_la5/mfcc/raw_mfcc_train.4.ark:2770702
fjdm2_si1582 /nfs-share/xinchi/kaldi/egs/timit/s5_la5/mfcc/raw_mfcc_train.1.ark:1581172
mefg0_si465 /nfs-share/xinchi/kaldi/egs/timit/s5_la5/mfcc/raw_mfcc_train.2.ark:3178439
mfer0_si2122 /nfs-share/xinchi/kaldi/egs/timit/s5_la5/mfcc/raw_mfcc_train.2.ark:3400309
mjrg0_sx16 /nfs-share/xinchi/kaldi/egs/timit/s5_la5/mfcc/raw_mfcc_train.3.ark:1495762
mrml0_sx251 /nfs-share/xinchi/kaldi/egs/timit/s5_la5/mfcc/raw_mfcc_train.4.ark:1321158
mnet0_si816 /nfs-share/xinchi/kaldi/egs/timit/s5_la5/mfcc/raw_mfcc_train.3.ark:3452095
mtbc0_si1173 /nfs-share/xinchi/kaldi/egs/timit/s5_la5/mfcc/raw_mfcc_train.4.ark:2472198
fcke0_sx31 /nfs-share/xinchi/kaldi/egs/timit/s5_la5/mfcc/raw_mfcc_train.1.ark:617330
mwch0_sx272 /nfs-share/xinchi/kaldi/egs/timit/s5_la5/mfcc/raw_mfcc_train.4.ark:3532658
fcke0_sx391 /nfs-share/xinchi/kaldi/egs/timit/s5_la5/mfcc/raw_mfcc_train.1.ark:619508
mjrp0_sx315 /nfs-share/xinchi/kaldi/egs/timit/s5_la5/mfcc/raw_mfcc_train.3.ark:1625908
mdss1_sx247 /nfs-share/xinchi/kaldi/egs/timit/s5_la5/mfcc/raw_mfcc_train.2.ark:2981014
fjsp0_sx444 /nfs-share/xinchi/kaldi/egs/timit/s5_la5/mfcc/raw_mfcc_train.1.ark:1911686
msms0_sx83 /nfs-share/xinchi/kaldi/egs/timit/s5_la5/mfcc/raw_mfcc_train.4.ark:2197813
mtab0_sx402 /nfs-share/xinchi/kaldi/egs/timit/s5_la5/mfcc/raw_mfcc_train.4.ark:2369833
mcdr0_sx254 /nfs-share/xinchi/kaldi/egs/timit/s5_la5/mfcc/raw_mfcc_train.2.ark:1592581
fsma0_si991 /nfs-share/xinchi/kaldi/egs/timit/s5_la5/mfcc/raw_mfcc_train.2.ark:215431
fgmb0_sx245 /nfs-share/xinchi/kaldi/egs/timit/s5_la5/mfcc/raw_mfcc_train.1.ark:1452283
fsbk0_sx439 /nfs-share/xinchi/kaldi/egs/timit/s5_la5/mfcc/raw_mfcc_train.1.ark:3685086
mgaw0_sx355 /nfs-share/xinchi/kaldi/egs/timit/s5_la5/mfcc/raw_mfcc_train.3.ark:54590
mgak0_sx406 /nfs-share/xinchi/kaldi/egs/timit/s5_la5/mfcc/raw_mfcc_train.2.ark:3669682
mgaf0_sx292 /nfs-share/xinchi/kaldi/egs/timit/s5_la5/mfcc/raw_mfcc_train.2.ark:3604775
mtmt0_si1118 /nfs-share/xinchi/kaldi/egs/timit/s5_la5/mfcc/raw_mfcc_train.4.ark:2975998
mhbs0_si945 /nfs-share/xinchi/kaldi/egs/timit/s5_la5/mfcc/raw_mfcc_train.3.ark:306960
flod0_sx171 /nfs-share/xinchi/kaldi/egs/timit/s5_la5/mfcc/raw_mfcc_train.1.ark:2736963
mmdb0_sx267 /nfs-share/xinchi/kaldi/egs/timit/s5_la5/mfcc/raw_mfcc_train.3.ark:2827698
mlsh0_si2047 /nfs-share/xinchi/kaldi/egs/timit/s5_la5/mfcc/raw_mfcc_train.3.ark:2541740
mtpp0_sx248 /nfs-share/xinchi/kaldi/egs/timit/s5_la5/mfcc/raw_mfcc_train.4.ark:3083006
mprt0_sx310 /nfs-share/xinchi/kaldi/egs/timit/s5_la5/mfcc/raw_mfcc_train.4.ark:148355
fceg0_si618 /nfs-share/xinchi/kaldi/egs/timit/s5_la5/mfcc/raw_mfcc_train.1.ark:516395
mtdb0_sx51 /nfs-share/xinchi/kaldi/egs/timit/s5_la5/mfcc/raw_mfcc_train.4.ark:2565532
fcag0_si2133 /nfs-share/xinchi/kaldi/egs/timit/s5_la5/mfcc/raw_mfcc_train.1.ark:415851
fvkb0_sx349 /nfs-share/xinchi/kaldi/egs/timit/s5_la5/mfcc/raw_mfcc_train.2.ark:615301
mtmt0_sx128 /nfs-share/xinchi/kaldi/egs/timit/s5_la5/mfcc/raw_mfcc_train.4.ark:2989371
mrml0_si2051 /nfs-share/xinchi/kaldi/egs/timit/s5_la5/mfcc/raw_mfcc_train.4.ark:1307552
mdac0_si1261 /nfs-share/xinchi/kaldi/egs/timit/s5_la5/mfcc/raw_mfcc_train.2.ark:1962254
mtab0_sx312 /nfs-share/xinchi/kaldi/egs/timit/s5_la5/mfcc/raw_mfcc_train.4.ark:2363612
fbch0_sx56 /nfs-share/xinchi/kaldi/egs/timit/s5_la5/mfcc/raw_mfcc_train.1.ark:270792
mrjh0_sx169 /nfs-share/xinchi/kaldi/egs/timit/s5_la5/mfcc/raw_mfcc_train.4.ark:894060
mrlr0_sx116 /nfs-share/xinchi/kaldi/egs/timit/s5_la5/mfcc/raw_mfcc_train.4.ark:1190180
mjac0_si701 /nfs-share/xinchi/kaldi/egs/timit/s5_la5/mfcc/raw_mfcc_train.3.ark:550422
mjmd0_si2288 /nfs-share/xinchi/kaldi/egs/timit/s5_la5/mfcc/raw_mfcc_train.3.ark:1300485
marc0_sx198 /nfs-share/xinchi/kaldi/egs/timit/s5_la5/mfcc/raw_mfcc_train.2.ark:993767
mkes0_sx443 /nfs-share/xinchi/kaldi/egs/timit/s5_la5/mfcc/raw_mfcc_train.3.ark:2105799
mcdr0_si1154 /nfs-share/xinchi/kaldi/egs/timit/s5_la5/mfcc/raw_mfcc_train.2.ark:1569451
fsls0_sx202 /nfs-share/xinchi/kaldi/egs/timit/s5_la5/mfcc/raw_mfcc_train.2.ark:194744
mmbs0_sx161 /nfs-share/xinchi/kaldi/egs/timit/s5_la5/mfcc/raw_mfcc_train.3.ark:2756753
mgxp0_sx187 /nfs-share/xinchi/kaldi/egs/timit/s5_la5/mfcc/raw_mfcc_train.3.ark:280405
fcrz0_sx73 /nfs-share/xinchi/kaldi/egs/timit/s5_la5/mfcc/raw_mfcc_train.1.ark:746513
mfxv0_sx375 /nfs-share/xinchi/kaldi/egs/timit/s5_la5/mfcc/raw_mfcc_train.2.ark:3579544
mree0_sx114 /nfs-share/xinchi/kaldi/egs/timit/s5_la5/mfcc/raw_mfcc_train.4.ark:553269
mdpb0_sx146 /nfs-share/xinchi/kaldi/egs/timit/s5_la5/mfcc/raw_mfcc_train.2.ark:2794258
mkam0_sx416 /nfs-share/xinchi/kaldi/egs/timit/s5_la5/mfcc/raw_mfcc_train.3.ark:1971894
fsak0_si1930 /nfs-share/xinchi/kaldi/egs/timit/s5_la5/mfcc/raw_mfcc_train.1.ark:3633851
mjdm0_si1340 /nfs-share/xinchi/kaldi/egs/timit/s5_la5/mfcc/raw_mfcc_train.3.ark:808304
fbmh0_sx416 /nfs-share/xinchi/kaldi/egs/timit/s5_la5/mfcc/raw_mfcc_train.1.ark:367197
fskl0_si2159 /nfs-share/xinchi/kaldi/egs/timit/s5_la5/mfcc/raw_mfcc_train.2.ark:117362
mpmb0_si1501 /nfs-share/xinchi/kaldi/egs/timit/s5_la5/mfcc/raw_mfcc_train.3.ark:3688563
mtjg0_sx440 /nfs-share/xinchi/kaldi/egs/timit/s5_la5/mfcc/raw_mfcc_train.4.ark:2666109
mwsb0_si2256 /nfs-share/xinchi/kaldi/egs/timit/s5_la5/mfcc/raw_mfcc_train.4.ark:3713654
mdwh0_sx125 /nfs-share/xinchi/kaldi/egs/timit/s5_la5/mfcc/raw_mfcc_train.2.ark:3069579
mkdt0_sx173 /nfs-share/xinchi/kaldi/egs/timit/s5_la5/mfcc/raw_mfcc_train.3.ark:2057101
mbsb0_si723 /nfs-share/xinchi/kaldi/egs/timit/s5_la5/mfcc/raw_mfcc_train.2.ark:1351192
msat1_sx443 /nfs-share/xinchi/kaldi/egs/timit/s5_la5/mfcc/raw_mfcc_train.4.ark:1819606
mmwb0_sx359 /nfs-share/xinchi/kaldi/egs/timit/s5_la5/mfcc/raw_mfcc_train.3.ark:3340012
mbml0_si539 /nfs-share/xinchi/kaldi/egs/timit/s5_la5/mfcc/raw_mfcc_train.2.ark:1293473
fpac0_si2011 /nfs-share/xinchi/kaldi/egs/timit/s5_la5/mfcc/raw_mfcc_train.1.ark:3233990
mpgr0_si780 /nfs-share/xinchi/kaldi/egs/timit/s5_la5/mfcc/raw_mfcc_train.3.ark:3634877
mdps0_sx89 /nfs-share/xinchi/kaldi/egs/timit/s5_la5/mfcc/raw_mfcc_train.2.ark:2867641
fpmy0_si1783 /nfs-share/xinchi/kaldi/egs/timit/s5_la5/mfcc/raw_mfcc_train.1.ark:3433036
mrlr0_sx296 /nfs-share/xinchi/kaldi/egs/timit/s5_la5/mfcc/raw_mfcc_train.4.ark:1200756
mrdm0_si1044 /nfs-share/xinchi/kaldi/egs/timit/s5_la5/mfcc/raw_mfcc_train.4.ark:476640
mewm0_sx268 /nfs-share/xinchi/kaldi/egs/timit/s5_la5/mfcc/raw_mfcc_train.2.ark:3383724
mjrg0_sx376 /nfs-share/xinchi/kaldi/egs/timit/s5_la5/mfcc/raw_mfcc_train.3.ark:1509160
fskc0_si786 /nfs-share/xinchi/kaldi/egs/timit/s5_la5/mfcc/raw_mfcc_train.2.ark:91793
mkdd0_si937 /nfs-share/xinchi/kaldi/egs/timit/s5_la5/mfcc/raw_mfcc_train.3.ark:2023225
falr0_sx425 /nfs-share/xinchi/kaldi/egs/timit/s5_la5/mfcc/raw_mfcc_train.1.ark:125958
mcpm0_si564 /nfs-share/xinchi/kaldi/egs/timit/s5_la5/mfcc/raw_mfcc_train.2.ark:1781189
fkde0_sx151 /nfs-share/xinchi/kaldi/egs/timit/s5_la5/mfcc/raw_mfcc_train.1.ark:2068093
mcal0_si1138 /nfs-share/xinchi/kaldi/egs/timit/s5_la5/mfcc/raw_mfcc_train.2.ark:1478410
mhmg0_si1995 /nfs-share/xinchi/kaldi/egs/timit/s5_la5/mfcc/raw_mfcc_train.3.ark:390897
mrtc0_si2088 /nfs-share/xinchi/kaldi/egs/timit/s5_la5/mfcc/raw_mfcc_train.4.ark:1515831
ftbr0_si921 /nfs-share/xinchi/kaldi/egs/timit/s5_la5/mfcc/raw_mfcc_train.2.ark:447425
mjrh0_sx45 /nfs-share/xinchi/kaldi/egs/timit/s5_la5/mfcc/raw_mfcc_train.3.ark:1541510
marc0_sx378 /nfs-share/xinchi/kaldi/egs/timit/s5_la5/mfcc/raw_mfcc_train.2.ark:1000554
mpsw0_sx167 /nfs-share/xinchi/kaldi/egs/timit/s5_la5/mfcc/raw_mfcc_train.4.ark:167925
fdkn0_sx181 /nfs-share/xinchi/kaldi/egs/timit/s5_la5/mfcc/raw_mfcc_train.1.ark:924216
mgsl0_sx174 /nfs-share/xinchi/kaldi/egs/timit/s5_la5/mfcc/raw_mfcc_train.3.ark:241960
mdlc1_si2144 /nfs-share/xinchi/kaldi/egs/timit/s5_la5/mfcc/raw_mfcc_train.2.ark:2498170
mjpg0_si1821 /nfs-share/xinchi/kaldi/egs/timit/s5_la5/mfcc/raw_mfcc_train.3.ark:1357454
mtas0_sx395 /nfs-share/xinchi/kaldi/egs/timit/s5_la5/mfcc/raw_mfcc_train.4.ark:2399328
fklh0_sx447 /nfs-share/xinchi/kaldi/egs/timit/s5_la5/mfcc/raw_mfcc_train.1.ark:2285570
mdsj0_si1462 /nfs-share/xinchi/kaldi/egs/timit/s5_la5/mfcc/raw_mfcc_train.2.ark:2907525
mrgs0_sx96 /nfs-share/xinchi/kaldi/egs/timit/s5_la5/mfcc/raw_mfcc_train.4.ark:807245
mlns0_si2037 /nfs-share/xinchi/kaldi/egs/timit/s5_la5/mfcc/raw_mfcc_train.3.ark:2509716
ftlg0_si840 /nfs-share/xinchi/kaldi/egs/timit/s5_la5/mfcc/raw_mfcc_train.2.ark:514527
mjxa0_sx157 /nfs-share/xinchi/kaldi/egs/timit/s5_la5/mfcc/raw_mfcc_train.3.ark:1797570
flac0_sx91 /nfs-share/xinchi/kaldi/egs/timit/s5_la5/mfcc/raw_mfcc_train.1.ark:2351756
mmea0_si758 /nfs-share/xinchi/kaldi/egs/timit/s5_la5/mfcc/raw_mfcc_train.3.ark:2974180
mefg0_sx15 /nfs-share/xinchi/kaldi/egs/timit/s5_la5/mfcc/raw_mfcc_train.2.ark:3197563
fsjs0_si1801 /nfs-share/xinchi/kaldi/egs/timit/s5_la5/mfcc/raw_mfcc_train.2.ark:17143
mdwm0_sx286 /nfs-share/xinchi/kaldi/egs/timit/s5_la5/mfcc/raw_mfcc_train.2.ark:3111379
fleh0_si1051 /nfs-share/xinchi/kaldi/egs/timit/s5_la5/mfcc/raw_mfcc_train.1.ark:2392303
mrmg0_sx450 /nfs-share/xinchi/kaldi/egs/timit/s5_la5/mfcc/raw_mfcc_train.4.ark:1261699
