mrew1_sx60 /nfs-share/xinchi/kaldi/egs/timit/s5_la3/mfcc/raw_mfcc_train.4.ark:665682
fmjb0_si547 /nfs-share/xinchi/kaldi/egs/timit/s5_la3/mfcc/raw_mfcc_train.1.ark:2895862
mbar0_sx329 /nfs-share/xinchi/kaldi/egs/timit/s5_la3/mfcc/raw_mfcc_train.2.ark:1058570
mrml0_si791 /nfs-share/xinchi/kaldi/egs/timit/s5_la3/mfcc/raw_mfcc_train.4.ark:1310107
mbbr0_sx335 /nfs-share/xinchi/kaldi/egs/timit/s5_la3/mfcc/raw_mfcc_train.2.ark:1088892
fgdp0_si2248 /nfs-share/xinchi/kaldi/egs/timit/s5_la3/mfcc/raw_mfcc_train.1.ark:1397683
mrlr0_sx296 /nfs-share/xinchi/kaldi/egs/timit/s5_la3/mfcc/raw_mfcc_train.4.ark:1200756
fksr0_sx217 /nfs-share/xinchi/kaldi/egs/timit/s5_la3/mfcc/raw_mfcc_train.1.ark:2309572
fsrh0_sx221 /nfs-share/xinchi/kaldi/egs/timit/s5_la3/mfcc/raw_mfcc_train.2.ark:358387
fleh0_si1051 /nfs-share/xinchi/kaldi/egs/timit/s5_la3/mfcc/raw_mfcc_train.1.ark:2392303
mhjb0_sx297 /nfs-share/xinchi/kaldi/egs/timit/s5_la3/mfcc/raw_mfcc_train.3.ark:381384
mvjh0_sx206 /nfs-share/xinchi/kaldi/egs/timit/s5_la3/mfcc/raw_mfcc_train.4.ark:3352237
mjac0_sx341 /nfs-share/xinchi/kaldi/egs/timit/s5_la3/mfcc/raw_mfcc_train.3.ark:564639
fskp0_sx378 /nfs-share/xinchi/kaldi/egs/timit/s5_la3/mfcc/raw_mfcc_train.2.ark:172489
mbar0_sx149 /nfs-share/xinchi/kaldi/egs/timit/s5_la3/mfcc/raw_mfcc_train.2.ark:1049586
mhit0_sx263 /nfs-share/xinchi/kaldi/egs/timit/s5_la3/mfcc/raw_mfcc_train.3.ark:346629
mfmc0_sx232 /nfs-share/xinchi/kaldi/egs/timit/s5_la3/mfcc/raw_mfcc_train.2.ark:3442689
fjrp1_si802 /nfs-share/xinchi/kaldi/egs/timit/s5_la3/mfcc/raw_mfcc_train.1.ark:1824755
mprt0_sx130 /nfs-share/xinchi/kaldi/egs/timit/s5_la3/mfcc/raw_mfcc_train.4.ark:140944
fdtd0_sx321 /nfs-share/xinchi/kaldi/egs/timit/s5_la3/mfcc/raw_mfcc_train.1.ark:1083053
faem0_sx132 /nfs-share/xinchi/kaldi/egs/timit/s5_la3/mfcc/raw_mfcc_train.1.ark:13048
mmvp0_sx384 /nfs-share/xinchi/kaldi/egs/timit/s5_la3/mfcc/raw_mfcc_train.3.ark:3310198
mdlc0_sx405 /nfs-share/xinchi/kaldi/egs/timit/s5_la3/mfcc/raw_mfcc_train.2.ark:2478887
fdjh0_sx395 /nfs-share/xinchi/kaldi/egs/timit/s5_la3/mfcc/raw_mfcc_train.1.ark:906895
mrlk0_sx393 /nfs-share/xinchi/kaldi/egs/timit/s5_la3/mfcc/raw_mfcc_train.4.ark:1172769
fdaw0_si2036 /nfs-share/xinchi/kaldi/egs/timit/s5_la3/mfcc/raw_mfcc_train.1.ark:827485
mded0_si540 /nfs-share/xinchi/kaldi/egs/timit/s5_la3/mfcc/raw_mfcc_train.2.ark:2192142
mbma0_sx322 /nfs-share/xinchi/kaldi/egs/timit/s5_la3/mfcc/raw_mfcc_train.2.ark:1240782
mjrp0_si1845 /nfs-share/xinchi/kaldi/egs/timit/s5_la3/mfcc/raw_mfcc_train.3.ark:1609045
flet0_sx57 /nfs-share/xinchi/kaldi/egs/timit/s5_la3/mfcc/raw_mfcc_train.1.ark:2452392
mrlk0_sx213 /nfs-share/xinchi/kaldi/egs/timit/s5_la3/mfcc/raw_mfcc_train.4.ark:1164143
mcal0_sx148 /nfs-share/xinchi/kaldi/egs/timit/s5_la3/mfcc/raw_mfcc_train.2.ark:1488455
mbef0_si651 /nfs-share/xinchi/kaldi/egs/timit/s5_la3/mfcc/raw_mfcc_train.2.ark:1137942
fntb0_si573 /nfs-share/xinchi/kaldi/egs/timit/s5_la3/mfcc/raw_mfcc_train.1.ark:3162636
madc0_si737 /nfs-share/xinchi/kaldi/egs/timit/s5_la3/mfcc/raw_mfcc_train.2.ark:697754
mdma0_sx170 /nfs-share/xinchi/kaldi/egs/timit/s5_la3/mfcc/raw_mfcc_train.2.ark:2689476
mjwg0_sx445 /nfs-share/xinchi/kaldi/egs/timit/s5_la3/mfcc/raw_mfcc_train.3.ark:1707837
mjpg0_sx201 /nfs-share/xinchi/kaldi/egs/timit/s5_la3/mfcc/raw_mfcc_train.3.ark:1370618
mwgr0_sx436 /nfs-share/xinchi/kaldi/egs/timit/s5_la3/mfcc/raw_mfcc_train.4.ark:3638729
mdma0_si1430 /nfs-share/xinchi/kaldi/egs/timit/s5_la3/mfcc/raw_mfcc_train.2.ark:2680790
mrlj0_sx340 /nfs-share/xinchi/kaldi/egs/timit/s5_la3/mfcc/raw_mfcc_train.4.ark:1106263
mtmn0_si1064 /nfs-share/xinchi/kaldi/egs/timit/s5_la3/mfcc/raw_mfcc_train.4.ark:2941179
mapv0_si1923 /nfs-share/xinchi/kaldi/egs/timit/s5_la3/mfcc/raw_mfcc_train.2.ark:949262
mklr0_sx339 /nfs-share/xinchi/kaldi/egs/timit/s5_la3/mfcc/raw_mfcc_train.3.ark:2191257
mwgr0_sx256 /nfs-share/xinchi/kaldi/egs/timit/s5_la3/mfcc/raw_mfcc_train.4.ark:3630785
fetb0_sx338 /nfs-share/xinchi/kaldi/egs/timit/s5_la3/mfcc/raw_mfcc_train.1.ark:1314092
mreh1_si2229 /nfs-share/xinchi/kaldi/egs/timit/s5_la3/mfcc/raw_mfcc_train.4.ark:576634
fcyl0_sx217 /nfs-share/xinchi/kaldi/egs/timit/s5_la3/mfcc/raw_mfcc_train.1.ark:767636
mdcd0_si1415 /nfs-share/xinchi/kaldi/egs/timit/s5_la3/mfcc/raw_mfcc_train.2.ark:2090348
mtab0_sx312 /nfs-share/xinchi/kaldi/egs/timit/s5_la3/mfcc/raw_mfcc_train.4.ark:2363612
mdwd0_si1890 /nfs-share/xinchi/kaldi/egs/timit/s5_la3/mfcc/raw_mfcc_train.2.ark:3029351
mjwg0_sx175 /nfs-share/xinchi/kaldi/egs/timit/s5_la3/mfcc/raw_mfcc_train.3.ark:1694452
mgaf0_si652 /nfs-share/xinchi/kaldi/egs/timit/s5_la3/mfcc/raw_mfcc_train.2.ark:3594270
mmjb1_si778 /nfs-share/xinchi/kaldi/egs/timit/s5_la3/mfcc/raw_mfcc_train.3.ark:3121417
fklh0_si1887 /nfs-share/xinchi/kaldi/egs/timit/s5_la3/mfcc/raw_mfcc_train.1.ark:2267777
mprd0_si1431 /nfs-share/xinchi/kaldi/egs/timit/s5_la3/mfcc/raw_mfcc_train.4.ark:54060
mdhl0_sx269 /nfs-share/xinchi/kaldi/egs/timit/s5_la3/mfcc/raw_mfcc_train.2.ark:2303724
mjpm1_sx401 /nfs-share/xinchi/kaldi/egs/timit/s5_la3/mfcc/raw_mfcc_train.3.ark:1439113
fbmj0_si1776 /nfs-share/xinchi/kaldi/egs/timit/s5_la3/mfcc/raw_mfcc_train.1.ark:374283
fdaw0_si1406 /nfs-share/xinchi/kaldi/egs/timit/s5_la3/mfcc/raw_mfcc_train.1.ark:824071
fdnc0_sx378 /nfs-share/xinchi/kaldi/egs/timit/s5_la3/mfcc/raw_mfcc_train.1.ark:1052699
fklh0_sx87 /nfs-share/xinchi/kaldi/egs/timit/s5_la3/mfcc/raw_mfcc_train.1.ark:2289216
fmah1_sx159 /nfs-share/xinchi/kaldi/egs/timit/s5_la3/mfcc/raw_mfcc_train.1.ark:2797483
mwem0_si1320 /nfs-share/xinchi/kaldi/egs/timit/s5_la3/mfcc/raw_mfcc_train.4.ark:3579855
mntw0_si1698 /nfs-share/xinchi/kaldi/egs/timit/s5_la3/mfcc/raw_mfcc_train.3.ark:3480080
mkln0_sx158 /nfs-share/xinchi/kaldi/egs/timit/s5_la3/mfcc/raw_mfcc_train.3.ark:2154889
mrws0_sx292 /nfs-share/xinchi/kaldi/egs/timit/s5_la3/mfcc/raw_mfcc_train.4.ark:1665866
flmc0_sx336 /nfs-share/xinchi/kaldi/egs/timit/s5_la3/mfcc/raw_mfcc_train.1.ark:2680493
fmmh0_si1537 /nfs-share/xinchi/kaldi/egs/timit/s5_la3/mfcc/raw_mfcc_train.1.ark:3053468
fbcg1_sx262 /nfs-share/xinchi/kaldi/egs/timit/s5_la3/mfcc/raw_mfcc_train.1.ark:221576
mtxs0_sx340 /nfs-share/xinchi/kaldi/egs/timit/s5_la3/mfcc/raw_mfcc_train.4.ark:3321377
mwrp0_si2073 /nfs-share/xinchi/kaldi/egs/timit/s5_la3/mfcc/raw_mfcc_train.4.ark:3687268
mdbb1_si1006 /nfs-share/xinchi/kaldi/egs/timit/s5_la3/mfcc/raw_mfcc_train.2.ark:2025584
mjwg0_sx265 /nfs-share/xinchi/kaldi/egs/timit/s5_la3/mfcc/raw_mfcc_train.3.ark:1700127
mtrr0_si2178 /nfs-share/xinchi/kaldi/egs/timit/s5_la3/mfcc/raw_mfcc_train.4.ark:3208987
mmxs0_sx246 /nfs-share/xinchi/kaldi/egs/timit/s5_la3/mfcc/raw_mfcc_train.3.ark:3428496
mwch0_sx362 /nfs-share/xinchi/kaldi/egs/timit/s5_la3/mfcc/raw_mfcc_train.4.ark:3535707
mmea0_sx38 /nfs-share/xinchi/kaldi/egs/timit/s5_la3/mfcc/raw_mfcc_train.3.ark:2988702
mree0_si1959 /nfs-share/xinchi/kaldi/egs/timit/s5_la3/mfcc/raw_mfcc_train.4.ark:547698
fmjb0_sx277 /nfs-share/xinchi/kaldi/egs/timit/s5_la3/mfcc/raw_mfcc_train.1.ark:2902922
mdma0_sx80 /nfs-share/xinchi/kaldi/egs/timit/s5_la3/mfcc/raw_mfcc_train.2.ark:2712981
fcjf0_si1657 /nfs-share/xinchi/kaldi/egs/timit/s5_la3/mfcc/raw_mfcc_train.1.ark:541314
mprb0_sx215 /nfs-share/xinchi/kaldi/egs/timit/s5_la3/mfcc/raw_mfcc_train.4.ark:36378
mstf0_sx136 /nfs-share/xinchi/kaldi/egs/timit/s5_la3/mfcc/raw_mfcc_train.4.ark:2277502
mrfl0_sx76 /nfs-share/xinchi/kaldi/egs/timit/s5_la3/mfcc/raw_mfcc_train.4.ark:730940
fskp0_sx198 /nfs-share/xinchi/kaldi/egs/timit/s5_la3/mfcc/raw_mfcc_train.2.ark:165351
mkdb0_si2132 /nfs-share/xinchi/kaldi/egs/timit/s5_la3/mfcc/raw_mfcc_train.3.ark:1979162
mrgs0_sx96 /nfs-share/xinchi/kaldi/egs/timit/s5_la3/mfcc/raw_mfcc_train.4.ark:807245
mhmg0_sx15 /nfs-share/xinchi/kaldi/egs/timit/s5_la3/mfcc/raw_mfcc_train.3.ark:403670
mjjm0_sx377 /nfs-share/xinchi/kaldi/egs/timit/s5_la3/mfcc/raw_mfcc_train.3.ark:1134880
fmkf0_si1018 /nfs-share/xinchi/kaldi/egs/timit/s5_la3/mfcc/raw_mfcc_train.1.ark:3019444
mtmt0_si488 /nfs-share/xinchi/kaldi/egs/timit/s5_la3/mfcc/raw_mfcc_train.4.ark:2983176
mjwt0_sx211 /nfs-share/xinchi/kaldi/egs/timit/s5_la3/mfcc/raw_mfcc_train.3.ark:1770103
mwsb0_sx366 /nfs-share/xinchi/kaldi/egs/timit/s5_la3/mfcc/raw_mfcc_train.4.ark:3727995
mjrp0_sx225 /nfs-share/xinchi/kaldi/egs/timit/s5_la3/mfcc/raw_mfcc_train.3.ark:1623106
mdtb0_sx300 /nfs-share/xinchi/kaldi/egs/timit/s5_la3/mfcc/raw_mfcc_train.2.ark:3012941
fpad0_sx176 /nfs-share/xinchi/kaldi/egs/timit/s5_la3/mfcc/raw_mfcc_train.1.ark:3276454
fklc1_sx58 /nfs-share/xinchi/kaldi/egs/timit/s5_la3/mfcc/raw_mfcc_train.1.ark:2255658
mjfh0_si477 /nfs-share/xinchi/kaldi/egs/timit/s5_la3/mfcc/raw_mfcc_train.3.ark:949623
fsag0_sx63 /nfs-share/xinchi/kaldi/egs/timit/s5_la3/mfcc/raw_mfcc_train.1.ark:3588161
mrab0_sx414 /nfs-share/xinchi/kaldi/egs/timit/s5_la3/mfcc/raw_mfcc_train.4.ark:208614
fntb0_sx213 /nfs-share/xinchi/kaldi/egs/timit/s5_la3/mfcc/raw_mfcc_train.1.ark:3176697
mtmt0_sx128 /nfs-share/xinchi/kaldi/egs/timit/s5_la3/mfcc/raw_mfcc_train.4.ark:2989371
msas0_si1376 /nfs-share/xinchi/kaldi/egs/timit/s5_la3/mfcc/raw_mfcc_train.4.ark:1733518
mpmb0_sx151 /nfs-share/xinchi/kaldi/egs/timit/s5_la3/mfcc/raw_mfcc_train.3.ark:3713233
mjrk0_sx340 /nfs-share/xinchi/kaldi/egs/timit/s5_la3/mfcc/raw_mfcc_train.3.ark:1596718
fbcg1_sx82 /nfs-share/xinchi/kaldi/egs/timit/s5_la3/mfcc/raw_mfcc_train.1.ark:235597
mtdb0_si771 /nfs-share/xinchi/kaldi/egs/timit/s5_la3/mfcc/raw_mfcc_train.4.ark:2544503
mmrp0_sx414 /nfs-share/xinchi/kaldi/egs/timit/s5_la3/mfcc/raw_mfcc_train.3.ark:3232025
mmvp0_sx114 /nfs-share/xinchi/kaldi/egs/timit/s5_la3/mfcc/raw_mfcc_train.3.ark:3291931
mmpm0_sx341 /nfs-share/xinchi/kaldi/egs/timit/s5_la3/mfcc/raw_mfcc_train.3.ark:3195107
msvs0_sx398 /nfs-share/xinchi/kaldi/egs/timit/s5_la3/mfcc/raw_mfcc_train.4.ark:2333460
mdlr1_si1929 /nfs-share/xinchi/kaldi/egs/timit/s5_la3/mfcc/raw_mfcc_train.2.ark:2647531
fvmh0_sx26 /nfs-share/xinchi/kaldi/egs/timit/s5_la3/mfcc/raw_mfcc_train.2.ark:651601
mdns0_sx381 /nfs-share/xinchi/kaldi/egs/timit/s5_la3/mfcc/raw_mfcc_train.2.ark:2774936
fblv0_sx68 /nfs-share/xinchi/kaldi/egs/timit/s5_la3/mfcc/raw_mfcc_train.1.ark:338884
mdlc2_sx174 /nfs-share/xinchi/kaldi/egs/timit/s5_la3/mfcc/raw_mfcc_train.2.ark:2527757
msat0_si1526 /nfs-share/xinchi/kaldi/egs/timit/s5_la3/mfcc/raw_mfcc_train.4.ark:1770768
mapv0_sx33 /nfs-share/xinchi/kaldi/egs/timit/s5_la3/mfcc/raw_mfcc_train.2.ark:971188
mdlh0_sx70 /nfs-share/xinchi/kaldi/egs/timit/s5_la3/mfcc/raw_mfcc_train.2.ark:2578917
mclk0_si1660 /nfs-share/xinchi/kaldi/egs/timit/s5_la3/mfcc/raw_mfcc_train.2.ark:1709898
fgmb0_sx155 /nfs-share/xinchi/kaldi/egs/timit/s5_la3/mfcc/raw_mfcc_train.1.ark:1447037
mrms0_si1113 /nfs-share/xinchi/kaldi/egs/timit/s5_la3/mfcc/raw_mfcc_train.4.ark:1340933
mrgm0_sx416 /nfs-share/xinchi/kaldi/egs/timit/s5_la3/mfcc/raw_mfcc_train.4.ark:760234
ftaj0_sx249 /nfs-share/xinchi/kaldi/egs/timit/s5_la3/mfcc/raw_mfcc_train.2.ark:426179
mjdc0_sx351 /nfs-share/xinchi/kaldi/egs/timit/s5_la3/mfcc/raw_mfcc_train.3.ark:724098
fceg0_sx258 /nfs-share/xinchi/kaldi/egs/timit/s5_la3/mfcc/raw_mfcc_train.1.ark:522207
mbjv0_sx437 /nfs-share/xinchi/kaldi/egs/timit/s5_la3/mfcc/raw_mfcc_train.2.ark:1214108
mchl0_sx177 /nfs-share/xinchi/kaldi/egs/timit/s5_la3/mfcc/raw_mfcc_train.2.ark:1691858
mdpk0_sx153 /nfs-share/xinchi/kaldi/egs/timit/s5_la3/mfcc/raw_mfcc_train.2.ark:2821797
msvs0_si1568 /nfs-share/xinchi/kaldi/egs/timit/s5_la3/mfcc/raw_mfcc_train.4.ark:2298857
mrso0_si2289 /nfs-share/xinchi/kaldi/egs/timit/s5_la3/mfcc/raw_mfcc_train.4.ark:1448553
fcrz0_sx253 /nfs-share/xinchi/kaldi/egs/timit/s5_la3/mfcc/raw_mfcc_train.1.ark:735573
mcpm0_sx114 /nfs-share/xinchi/kaldi/egs/timit/s5_la3/mfcc/raw_mfcc_train.2.ark:1786279
mljh0_sx424 /nfs-share/xinchi/kaldi/egs/timit/s5_la3/mfcc/raw_mfcc_train.3.ark:2497760
mkln0_sx248 /nfs-share/xinchi/kaldi/egs/timit/s5_la3/mfcc/raw_mfcc_train.3.ark:2157756
mlel0_sx166 /nfs-share/xinchi/kaldi/egs/timit/s5_la3/mfcc/raw_mfcc_train.3.ark:2408822
msrg0_sx411 /nfs-share/xinchi/kaldi/egs/timit/s5_la3/mfcc/raw_mfcc_train.4.ark:2224319
mtjs0_si1822 /nfs-share/xinchi/kaldi/egs/timit/s5_la3/mfcc/raw_mfcc_train.4.ark:2709062
mrlj1_sx321 /nfs-share/xinchi/kaldi/egs/timit/s5_la3/mfcc/raw_mfcc_train.4.ark:1132737
mrml0_sx341 /nfs-share/xinchi/kaldi/egs/timit/s5_la3/mfcc/raw_mfcc_train.4.ark:1327223
mses0_si1589 /nfs-share/xinchi/kaldi/egs/timit/s5_la3/mfcc/raw_mfcc_train.4.ark:1964709
fnkl0_sx262 /nfs-share/xinchi/kaldi/egs/timit/s5_la3/mfcc/raw_mfcc_train.1.ark:3147385
fjdm2_sx232 /nfs-share/xinchi/kaldi/egs/timit/s5_la3/mfcc/raw_mfcc_train.1.ark:1598648
maeb0_sx180 /nfs-share/xinchi/kaldi/egs/timit/s5_la3/mfcc/raw_mfcc_train.2.ark:767295
mdlr1_si1299 /nfs-share/xinchi/kaldi/egs/timit/s5_la3/mfcc/raw_mfcc_train.2.ark:2643493
mmgg0_sx89 /nfs-share/xinchi/kaldi/egs/timit/s5_la3/mfcc/raw_mfcc_train.3.ark:3084573
mbom0_sx114 /nfs-share/xinchi/kaldi/egs/timit/s5_la3/mfcc/raw_mfcc_train.2.ark:1327104
mtpr0_si506 /nfs-share/xinchi/kaldi/egs/timit/s5_la3/mfcc/raw_mfcc_train.4.ark:3109153
fecd0_sx338 /nfs-share/xinchi/kaldi/egs/timit/s5_la3/mfcc/raw_mfcc_train.1.ark:1212638
mcew0_si812 /nfs-share/xinchi/kaldi/egs/timit/s5_la3/mfcc/raw_mfcc_train.2.ark:1646189
fpjf0_si1259 /nfs-share/xinchi/kaldi/egs/timit/s5_la3/mfcc/raw_mfcc_train.1.ark:3368638
mhrm0_sx58 /nfs-share/xinchi/kaldi/egs/timit/s5_la3/mfcc/raw_mfcc_train.3.ark:476761
mjeb0_sx26 /nfs-share/xinchi/kaldi/egs/timit/s5_la3/mfcc/raw_mfcc_train.3.ark:865973
mdks0_sx76 /nfs-share/xinchi/kaldi/egs/timit/s5_la3/mfcc/raw_mfcc_train.2.ark:2408150
fpab1_si2101 /nfs-share/xinchi/kaldi/egs/timit/s5_la3/mfcc/raw_mfcc_train.1.ark:3194387
mtdb0_sx321 /nfs-share/xinchi/kaldi/egs/timit/s5_la3/mfcc/raw_mfcc_train.4.ark:2556718
mwch0_sx272 /nfs-share/xinchi/kaldi/egs/timit/s5_la3/mfcc/raw_mfcc_train.4.ark:3532658
mded0_sx90 /nfs-share/xinchi/kaldi/egs/timit/s5_la3/mfcc/raw_mfcc_train.2.ark:2214822
msrr0_si1131 /nfs-share/xinchi/kaldi/egs/timit/s5_la3/mfcc/raw_mfcc_train.4.ark:2231366
mklw0_si2201 /nfs-share/xinchi/kaldi/egs/timit/s5_la3/mfcc/raw_mfcc_train.3.ark:2277144
mjda0_si1661 /nfs-share/xinchi/kaldi/egs/timit/s5_la3/mfcc/raw_mfcc_train.3.ark:677602
mesj0_si997 /nfs-share/xinchi/kaldi/egs/timit/s5_la3/mfcc/raw_mfcc_train.2.ark:3350622
msmr0_sx325 /nfs-share/xinchi/kaldi/egs/timit/s5_la3/mfcc/raw_mfcc_train.4.ark:2158769
mjjm0_sx17 /nfs-share/xinchi/kaldi/egs/timit/s5_la3/mfcc/raw_mfcc_train.3.ark:1124615
frjb0_sx257 /nfs-share/xinchi/kaldi/egs/timit/s5_la3/mfcc/raw_mfcc_train.1.ark:3505907
mree0_si1734 /nfs-share/xinchi/kaldi/egs/timit/s5_la3/mfcc/raw_mfcc_train.4.ark:543348
mrjt0_sx58 /nfs-share/xinchi/kaldi/egs/timit/s5_la3/mfcc/raw_mfcc_train.4.ark:1012026
mhbs0_sx225 /nfs-share/xinchi/kaldi/egs/timit/s5_la3/mfcc/raw_mfcc_train.3.ark:316438
fajw0_si1893 /nfs-share/xinchi/kaldi/egs/timit/s5_la3/mfcc/raw_mfcc_train.1.ark:39403
mjlg1_si1642 /nfs-share/xinchi/kaldi/egs/timit/s5_la3/mfcc/raw_mfcc_train.3.ark:1205704
mdlc0_si765 /nfs-share/xinchi/kaldi/egs/timit/s5_la3/mfcc/raw_mfcc_train.2.ark:2464494
mcdc0_si1922 /nfs-share/xinchi/kaldi/egs/timit/s5_la3/mfcc/raw_mfcc_train.2.ark:1513731
fmkc0_si1041 /nfs-share/xinchi/kaldi/egs/timit/s5_la3/mfcc/raw_mfcc_train.1.ark:2986119
mmxs0_sx66 /nfs-share/xinchi/kaldi/egs/timit/s5_la3/mfcc/raw_mfcc_train.3.ark:3441464
mrre0_si1334 /nfs-share/xinchi/kaldi/egs/timit/s5_la3/mfcc/raw_mfcc_train.4.ark:1397963
mapv0_sx123 /nfs-share/xinchi/kaldi/egs/timit/s5_la3/mfcc/raw_mfcc_train.2.ark:958909
mreh1_sx429 /nfs-share/xinchi/kaldi/egs/timit/s5_la3/mfcc/raw_mfcc_train.4.ark:598522
mses0_sx149 /nfs-share/xinchi/kaldi/egs/timit/s5_la3/mfcc/raw_mfcc_train.4.ark:1975977
msat1_sx263 /nfs-share/xinchi/kaldi/egs/timit/s5_la3/mfcc/raw_mfcc_train.4.ark:1812546
mrms0_sx120 /nfs-share/xinchi/kaldi/egs/timit/s5_la3/mfcc/raw_mfcc_train.4.ark:1354957
mmaa0_sx395 /nfs-share/xinchi/kaldi/egs/timit/s5_la3/mfcc/raw_mfcc_train.3.ark:2600884
fsma0_sx451 /nfs-share/xinchi/kaldi/egs/timit/s5_la3/mfcc/raw_mfcc_train.2.ark:233425
mkdb0_sx242 /nfs-share/xinchi/kaldi/egs/timit/s5_la3/mfcc/raw_mfcc_train.3.ark:1994569
mdbb1_si1636 /nfs-share/xinchi/kaldi/egs/timit/s5_la3/mfcc/raw_mfcc_train.2.ark:2030675
fssb0_sx92 /nfs-share/xinchi/kaldi/egs/timit/s5_la3/mfcc/raw_mfcc_train.2.ark:408190
mjfr0_sx75 /nfs-share/xinchi/kaldi/egs/timit/s5_la3/mfcc/raw_mfcc_train.3.ark:1000440
mrmb0_si2211 /nfs-share/xinchi/kaldi/egs/timit/s5_la3/mfcc/raw_mfcc_train.4.ark:1210581
flod0_sx171 /nfs-share/xinchi/kaldi/egs/timit/s5_la3/mfcc/raw_mfcc_train.1.ark:2736963
mter0_si1157 /nfs-share/xinchi/kaldi/egs/timit/s5_la3/mfcc/raw_mfcc_train.4.ark:2608108
mrre0_sx254 /nfs-share/xinchi/kaldi/egs/timit/s5_la3/mfcc/raw_mfcc_train.4.ark:1421053
mdss0_sx351 /nfs-share/xinchi/kaldi/egs/timit/s5_la3/mfcc/raw_mfcc_train.2.ark:2956043
mljc0_si595 /nfs-share/xinchi/kaldi/egs/timit/s5_la3/mfcc/raw_mfcc_train.3.ark:2441866
mwar0_si1675 /nfs-share/xinchi/kaldi/egs/timit/s5_la3/mfcc/raw_mfcc_train.4.ark:3495398
fdjh0_sx125 /nfs-share/xinchi/kaldi/egs/timit/s5_la3/mfcc/raw_mfcc_train.1.ark:892997
mmam0_sx247 /nfs-share/xinchi/kaldi/egs/timit/s5_la3/mfcc/raw_mfcc_train.3.ark:2689254
mpmb0_sx331 /nfs-share/xinchi/kaldi/egs/timit/s5_la3/mfcc/raw_mfcc_train.3.ark:3723465
mpgh0_si675 /nfs-share/xinchi/kaldi/egs/timit/s5_la3/mfcc/raw_mfcc_train.3.ark:3604211
mklr0_sx159 /nfs-share/xinchi/kaldi/egs/timit/s5_la3/mfcc/raw_mfcc_train.3.ark:2183781
mmsm0_sx206 /nfs-share/xinchi/kaldi/egs/timit/s5_la3/mfcc/raw_mfcc_train.3.ark:3259823
fvmh0_si1466 /nfs-share/xinchi/kaldi/egs/timit/s5_la3/mfcc/raw_mfcc_train.2.ark:629895
mmdm1_si1650 /nfs-share/xinchi/kaldi/egs/timit/s5_la3/mfcc/raw_mfcc_train.3.ark:2908804
mcth0_sx219 /nfs-share/xinchi/kaldi/egs/timit/s5_la3/mfcc/raw_mfcc_train.2.ark:1883020
fsag0_sx153 /nfs-share/xinchi/kaldi/egs/timit/s5_la3/mfcc/raw_mfcc_train.1.ark:3565202
mkaj0_sx154 /nfs-share/xinchi/kaldi/egs/timit/s5_la3/mfcc/raw_mfcc_train.3.ark:1928694
mdlr0_sx333 /nfs-share/xinchi/kaldi/egs/timit/s5_la3/mfcc/raw_mfcc_train.2.ark:2629601
fjen0_si1047 /nfs-share/xinchi/kaldi/egs/timit/s5_la3/mfcc/raw_mfcc_train.1.ark:1616135
medr0_si2004 /nfs-share/xinchi/kaldi/egs/timit/s5_la3/mfcc/raw_mfcc_train.2.ark:3153067
mcae0_si1447 /nfs-share/xinchi/kaldi/egs/timit/s5_la3/mfcc/raw_mfcc_train.2.ark:1436625
mjwt0_sx121 /nfs-share/xinchi/kaldi/egs/timit/s5_la3/mfcc/raw_mfcc_train.3.ark:1765923
mppc0_sx62 /nfs-share/xinchi/kaldi/egs/timit/s5_la3/mfcc/raw_mfcc_train.4.ark:12265
mtlc0_sx37 /nfs-share/xinchi/kaldi/egs/timit/s5_la3/mfcc/raw_mfcc_train.4.ark:2899415
mwgr0_sx76 /nfs-share/xinchi/kaldi/egs/timit/s5_la3/mfcc/raw_mfcc_train.4.ark:3641543
mtpp0_sx428 /nfs-share/xinchi/kaldi/egs/timit/s5_la3/mfcc/raw_mfcc_train.4.ark:3090469
mdlr1_sx399 /nfs-share/xinchi/kaldi/egs/timit/s5_la3/mfcc/raw_mfcc_train.2.ark:2674235
mkah0_sx448 /nfs-share/xinchi/kaldi/egs/timit/s5_la3/mfcc/raw_mfcc_train.3.ark:1908599
fleh0_sx61 /nfs-share/xinchi/kaldi/egs/timit/s5_la3/mfcc/raw_mfcc_train.1.ark:2420550
mrew1_sx330 /nfs-share/xinchi/kaldi/egs/timit/s5_la3/mfcc/raw_mfcc_train.4.ark:656556
madc0_sx17 /nfs-share/xinchi/kaldi/egs/timit/s5_la3/mfcc/raw_mfcc_train.2.ark:707946
fntb0_si679 /nfs-share/xinchi/kaldi/egs/timit/s5_la3/mfcc/raw_mfcc_train.1.ark:3166114
mpmb0_sx61 /nfs-share/xinchi/kaldi/egs/timit/s5_la3/mfcc/raw_mfcc_train.3.ark:3736985
freh0_sx55 /nfs-share/xinchi/kaldi/egs/timit/s5_la3/mfcc/raw_mfcc_train.1.ark:3489229
mmlm0_sx447 /nfs-share/xinchi/kaldi/egs/timit/s5_la3/mfcc/raw_mfcc_train.3.ark:3168029
fscn0_sx356 /nfs-share/xinchi/kaldi/egs/timit/s5_la3/mfcc/raw_mfcc_train.1.ark:3721106
mcss0_si688 /nfs-share/xinchi/kaldi/egs/timit/s5_la3/mfcc/raw_mfcc_train.2.ark:1839093
mctm0_sx270 /nfs-share/xinchi/kaldi/egs/timit/s5_la3/mfcc/raw_mfcc_train.2.ark:1916474
mzmb0_sx86 /nfs-share/xinchi/kaldi/egs/timit/s5_la3/mfcc/raw_mfcc_train.4.ark:3806016
mjjj0_si533 /nfs-share/xinchi/kaldi/egs/timit/s5_la3/mfcc/raw_mfcc_train.3.ark:1080423
mklw0_si1844 /nfs-share/xinchi/kaldi/egs/timit/s5_la3/mfcc/raw_mfcc_train.3.ark:2275030
mjdc0_sx171 /nfs-share/xinchi/kaldi/egs/timit/s5_la3/mfcc/raw_mfcc_train.3.ark:717311
ftbw0_si715 /nfs-share/xinchi/kaldi/egs/timit/s5_la3/mfcc/raw_mfcc_train.2.ark:476511
fsah0_sx164 /nfs-share/xinchi/kaldi/egs/timit/s5_la3/mfcc/raw_mfcc_train.1.ark:3607288
mkrg0_sx51 /nfs-share/xinchi/kaldi/egs/timit/s5_la3/mfcc/raw_mfcc_train.3.ark:2329390
mntw0_sx78 /nfs-share/xinchi/kaldi/egs/timit/s5_la3/mfcc/raw_mfcc_train.3.ark:3504497
mpgh0_sx384 /nfs-share/xinchi/kaldi/egs/timit/s5_la3/mfcc/raw_mfcc_train.3.ark:3624298
mdpb0_si866 /nfs-share/xinchi/kaldi/egs/timit/s5_la3/mfcc/raw_mfcc_train.2.ark:2788271
msfv0_sx182 /nfs-share/xinchi/kaldi/egs/timit/s5_la3/mfcc/raw_mfcc_train.4.ark:2047500
falk0_sx366 /nfs-share/xinchi/kaldi/egs/timit/s5_la3/mfcc/raw_mfcc_train.1.ark:89353
fpaf0_si1054 /nfs-share/xinchi/kaldi/egs/timit/s5_la3/mfcc/raw_mfcc_train.1.ark:3297510
mwsb0_si996 /nfs-share/xinchi/kaldi/egs/timit/s5_la3/mfcc/raw_mfcc_train.4.ark:3716690
msrg0_si1851 /nfs-share/xinchi/kaldi/egs/timit/s5_la3/mfcc/raw_mfcc_train.4.ark:2206435
mtrc0_si1623 /nfs-share/xinchi/kaldi/egs/timit/s5_la3/mfcc/raw_mfcc_train.4.ark:3177931
mjdg0_sx52 /nfs-share/xinchi/kaldi/egs/timit/s5_la3/mfcc/raw_mfcc_train.3.ark:804513
mewm0_sx178 /nfs-share/xinchi/kaldi/egs/timit/s5_la3/mfcc/raw_mfcc_train.2.ark:3378777
fltm0_si1700 /nfs-share/xinchi/kaldi/egs/timit/s5_la3/mfcc/raw_mfcc_train.1.ark:2753913
mmsm0_sx386 /nfs-share/xinchi/kaldi/egs/timit/s5_la3/mfcc/raw_mfcc_train.3.ark:3271491
mpsw0_sx437 /nfs-share/xinchi/kaldi/egs/timit/s5_la3/mfcc/raw_mfcc_train.4.ark:177110
mrwa0_sx253 /nfs-share/xinchi/kaldi/egs/timit/s5_la3/mfcc/raw_mfcc_train.4.ark:1629968
mrai0_sx162 /nfs-share/xinchi/kaldi/egs/timit/s5_la3/mfcc/raw_mfcc_train.4.ark:264581
mbth0_sx122 /nfs-share/xinchi/kaldi/egs/timit/s5_la3/mfcc/raw_mfcc_train.2.ark:1381803
fbmh0_sx146 /nfs-share/xinchi/kaldi/egs/timit/s5_la3/mfcc/raw_mfcc_train.1.ark:357491
mgrp0_si687 /nfs-share/xinchi/kaldi/egs/timit/s5_la3/mfcc/raw_mfcc_train.3.ark:166923
falr0_sx425 /nfs-share/xinchi/kaldi/egs/timit/s5_la3/mfcc/raw_mfcc_train.1.ark:125958
mdpk0_sx333 /nfs-share/xinchi/kaldi/egs/timit/s5_la3/mfcc/raw_mfcc_train.2.ark:2829351
mhjb0_sx27 /nfs-share/xinchi/kaldi/egs/timit/s5_la3/mfcc/raw_mfcc_train.3.ark:378699
mclk0_si2290 /nfs-share/xinchi/kaldi/egs/timit/s5_la3/mfcc/raw_mfcc_train.2.ark:1712194
fjrb0_sx42 /nfs-share/xinchi/kaldi/egs/timit/s5_la3/mfcc/raw_mfcc_train.1.ark:1810211
msrr0_sx51 /nfs-share/xinchi/kaldi/egs/timit/s5_la3/mfcc/raw_mfcc_train.4.ark:2260079
mrml0_sx161 /nfs-share/xinchi/kaldi/egs/timit/s5_la3/mfcc/raw_mfcc_train.4.ark:1314963
mtlc0_sx307 /nfs-share/xinchi/kaldi/egs/timit/s5_la3/mfcc/raw_mfcc_train.4.ark:2897277
mmvp0_si654 /nfs-share/xinchi/kaldi/egs/timit/s5_la3/mfcc/raw_mfcc_train.3.ark:3283097
mtkd0_sx17 /nfs-share/xinchi/kaldi/egs/timit/s5_la3/mfcc/raw_mfcc_train.4.ark:2794047
fsmm0_sx144 /nfs-share/xinchi/kaldi/egs/timit/s5_la3/mfcc/raw_mfcc_train.2.ark:254729
fkdw0_sx127 /nfs-share/xinchi/kaldi/egs/timit/s5_la3/mfcc/raw_mfcc_train.1.ark:2105850
fsak0_si1930 /nfs-share/xinchi/kaldi/egs/timit/s5_la3/mfcc/raw_mfcc_train.1.ark:3633851
mpgr1_sx239 /nfs-share/xinchi/kaldi/egs/timit/s5_la3/mfcc/raw_mfcc_train.3.ark:3673494
mljh0_sx154 /nfs-share/xinchi/kaldi/egs/timit/s5_la3/mfcc/raw_mfcc_train.3.ark:2483712
msrr0_sx231 /nfs-share/xinchi/kaldi/egs/timit/s5_la3/mfcc/raw_mfcc_train.4.ark:2251376
mpar0_sx316 /nfs-share/xinchi/kaldi/egs/timit/s5_la3/mfcc/raw_mfcc_train.3.ark:3526199
mvrw0_si1485 /nfs-share/xinchi/kaldi/egs/timit/s5_la3/mfcc/raw_mfcc_train.4.ark:3398485
mjpg0_sx291 /nfs-share/xinchi/kaldi/egs/timit/s5_la3/mfcc/raw_mfcc_train.3.ark:1376351
mmds0_sx263 /nfs-share/xinchi/kaldi/egs/timit/s5_la3/mfcc/raw_mfcc_train.3.ark:2955586
msem1_sx180 /nfs-share/xinchi/kaldi/egs/timit/s5_la3/mfcc/raw_mfcc_train.4.ark:1943016
fapb0_sx163 /nfs-share/xinchi/kaldi/egs/timit/s5_la3/mfcc/raw_mfcc_train.1.ark:148368
mnet0_sx276 /nfs-share/xinchi/kaldi/egs/timit/s5_la3/mfcc/raw_mfcc_train.3.ark:3458947
mrkm0_sx97 /nfs-share/xinchi/kaldi/egs/timit/s5_la3/mfcc/raw_mfcc_train.4.ark:1054773
fklc0_si985 /nfs-share/xinchi/kaldi/egs/timit/s5_la3/mfcc/raw_mfcc_train.1.ark:2199354
mtbc0_sx363 /nfs-share/xinchi/kaldi/egs/timit/s5_la3/mfcc/raw_mfcc_train.4.ark:2496252
fhlm0_sx390 /nfs-share/xinchi/kaldi/egs/timit/s5_la3/mfcc/raw_mfcc_train.1.ark:1537062
fcdr1_sx16 /nfs-share/xinchi/kaldi/egs/timit/s5_la3/mfcc/raw_mfcc_train.1.ark:493055
mmag0_sx406 /nfs-share/xinchi/kaldi/egs/timit/s5_la3/mfcc/raw_mfcc_train.3.ark:2667461
mtab0_sx222 /nfs-share/xinchi/kaldi/egs/timit/s5_la3/mfcc/raw_mfcc_train.4.ark:2359354
mdas0_sx186 /nfs-share/xinchi/kaldi/egs/timit/s5_la3/mfcc/raw_mfcc_train.2.ark:2010147
fvmh0_sx206 /nfs-share/xinchi/kaldi/egs/timit/s5_la3/mfcc/raw_mfcc_train.2.ark:647591
mrds0_sx447 /nfs-share/xinchi/kaldi/egs/timit/s5_la3/mfcc/raw_mfcc_train.4.ark:531314
mbma1_si2214 /nfs-share/xinchi/kaldi/egs/timit/s5_la3/mfcc/raw_mfcc_train.2.ark:1254734
mdlm0_si1234 /nfs-share/xinchi/kaldi/egs/timit/s5_la3/mfcc/raw_mfcc_train.2.ark:2580446
fpad0_sx356 /nfs-share/xinchi/kaldi/egs/timit/s5_la3/mfcc/raw_mfcc_train.1.ark:3285763
mter0_sx257 /nfs-share/xinchi/kaldi/egs/timit/s5_la3/mfcc/raw_mfcc_train.4.ark:2629307
fjsk0_sx332 /nfs-share/xinchi/kaldi/egs/timit/s5_la3/mfcc/raw_mfcc_train.1.ark:1875209
mrdd0_sx277 /nfs-share/xinchi/kaldi/egs/timit/s5_la3/mfcc/raw_mfcc_train.4.ark:464919
fcdr1_sx376 /nfs-share/xinchi/kaldi/egs/timit/s5_la3/mfcc/raw_mfcc_train.1.ark:505556
mkdt0_sx173 /nfs-share/xinchi/kaldi/egs/timit/s5_la3/mfcc/raw_mfcc_train.3.ark:2057101
mntw0_si1068 /nfs-share/xinchi/kaldi/egs/timit/s5_la3/mfcc/raw_mfcc_train.3.ark:3473039
mfxs0_sx234 /nfs-share/xinchi/kaldi/egs/timit/s5_la3/mfcc/raw_mfcc_train.2.ark:3534356
mmdm1_si2043 /nfs-share/xinchi/kaldi/egs/timit/s5_la3/mfcc/raw_mfcc_train.3.ark:2911295
mcxm0_si721 /nfs-share/xinchi/kaldi/egs/timit/s5_la3/mfcc/raw_mfcc_train.2.ark:1939371
mfmc0_si1132 /nfs-share/xinchi/kaldi/egs/timit/s5_la3/mfcc/raw_mfcc_train.2.ark:3425084
mwad0_si2322 /nfs-share/xinchi/kaldi/egs/timit/s5_la3/mfcc/raw_mfcc_train.4.ark:3470206
mdlc1_sx445 /nfs-share/xinchi/kaldi/egs/timit/s5_la3/mfcc/raw_mfcc_train.2.ark:2512576
mdks0_sx436 /nfs-share/xinchi/kaldi/egs/timit/s5_la3/mfcc/raw_mfcc_train.2.ark:2405154
mhit0_si1613 /nfs-share/xinchi/kaldi/egs/timit/s5_la3/mfcc/raw_mfcc_train.3.ark:328868
mwre0_si1687 /nfs-share/xinchi/kaldi/egs/timit/s5_la3/mfcc/raw_mfcc_train.4.ark:3650737
fmju0_sx219 /nfs-share/xinchi/kaldi/egs/timit/s5_la3/mfcc/raw_mfcc_train.1.ark:2970049
fntb0_si1203 /nfs-share/xinchi/kaldi/egs/timit/s5_la3/mfcc/raw_mfcc_train.1.ark:3159366
mmws0_si1518 /nfs-share/xinchi/kaldi/egs/timit/s5_la3/mfcc/raw_mfcc_train.3.ark:3356452
mhbs0_si1575 /nfs-share/xinchi/kaldi/egs/timit/s5_la3/mfcc/raw_mfcc_train.3.ark:299444
mdwm0_si916 /nfs-share/xinchi/kaldi/egs/timit/s5_la3/mfcc/raw_mfcc_train.2.ark:3099230
mdlr0_sx243 /nfs-share/xinchi/kaldi/egs/timit/s5_la3/mfcc/raw_mfcc_train.2.ark:2625395
mmam0_sx337 /nfs-share/xinchi/kaldi/egs/timit/s5_la3/mfcc/raw_mfcc_train.3.ark:2693824
mmdm1_si783 /nfs-share/xinchi/kaldi/egs/timit/s5_la3/mfcc/raw_mfcc_train.3.ark:2914253
fear0_sx262 /nfs-share/xinchi/kaldi/egs/timit/s5_la3/mfcc/raw_mfcc_train.1.ark:1169102
fskc0_sx336 /nfs-share/xinchi/kaldi/egs/timit/s5_la3/mfcc/raw_mfcc_train.2.ark:100810
mrjm1_sx38 /nfs-share/xinchi/kaldi/egs/timit/s5_la3/mfcc/raw_mfcc_train.4.ark:975393
fjkl0_sx122 /nfs-share/xinchi/kaldi/egs/timit/s5_la3/mfcc/raw_mfcc_train.1.ark:1696249
fcrz0_si793 /nfs-share/xinchi/kaldi/egs/timit/s5_la3/mfcc/raw_mfcc_train.1.ark:728123
fsls0_sx202 /nfs-share/xinchi/kaldi/egs/timit/s5_la3/mfcc/raw_mfcc_train.2.ark:194744
mgag0_si1321 /nfs-share/xinchi/kaldi/egs/timit/s5_la3/mfcc/raw_mfcc_train.2.ark:3612447
fsgf0_si927 /nfs-share/xinchi/kaldi/egs/timit/s5_la3/mfcc/raw_mfcc_train.1.ark:3801272
mrgs0_sx366 /nfs-share/xinchi/kaldi/egs/timit/s5_la3/mfcc/raw_mfcc_train.4.ark:796431
mfer0_si2122 /nfs-share/xinchi/kaldi/egs/timit/s5_la3/mfcc/raw_mfcc_train.2.ark:3400309
msdh0_sx350 /nfs-share/xinchi/kaldi/egs/timit/s5_la3/mfcc/raw_mfcc_train.4.ark:1870128
mhxl0_sx152 /nfs-share/xinchi/kaldi/egs/timit/s5_la3/mfcc/raw_mfcc_train.3.ark:492234
mwre0_sx157 /nfs-share/xinchi/kaldi/egs/timit/s5_la3/mfcc/raw_mfcc_train.4.ark:3656966
fpac0_sx301 /nfs-share/xinchi/kaldi/egs/timit/s5_la3/mfcc/raw_mfcc_train.1.ark:3251191
fcag0_sx153 /nfs-share/xinchi/kaldi/egs/timit/s5_la3/mfcc/raw_mfcc_train.1.ark:418679
mmws1_si2331 /nfs-share/xinchi/kaldi/egs/timit/s5_la3/mfcc/raw_mfcc_train.3.ark:3395446
mrso0_sx399 /nfs-share/xinchi/kaldi/egs/timit/s5_la3/mfcc/raw_mfcc_train.4.ark:1471324
falr0_sx155 /nfs-share/xinchi/kaldi/egs/timit/s5_la3/mfcc/raw_mfcc_train.1.ark:113197
fmkc0_si1072 /nfs-share/xinchi/kaldi/egs/timit/s5_la3/mfcc/raw_mfcc_train.1.ark:2992094
fdtd0_sx121 /nfs-share/xinchi/kaldi/egs/timit/s5_la3/mfcc/raw_mfcc_train.1.ark:1069668
mdwd0_sx180 /nfs-share/xinchi/kaldi/egs/timit/s5_la3/mfcc/raw_mfcc_train.2.ark:3036281
msfh0_sx226 /nfs-share/xinchi/kaldi/egs/timit/s5_la3/mfcc/raw_mfcc_train.4.ark:2014833
mmpm0_si1691 /nfs-share/xinchi/kaldi/egs/timit/s5_la3/mfcc/raw_mfcc_train.3.ark:3177593
fleh0_sx331 /nfs-share/xinchi/kaldi/egs/timit/s5_la3/mfcc/raw_mfcc_train.1.ark:2412425
mcdr0_sx74 /nfs-share/xinchi/kaldi/egs/timit/s5_la3/mfcc/raw_mfcc_train.2.ark:1602221
mpeb0_sx150 /nfs-share/xinchi/kaldi/egs/timit/s5_la3/mfcc/raw_mfcc_train.3.ark:3545677
mklw0_sx131 /nfs-share/xinchi/kaldi/egs/timit/s5_la3/mfcc/raw_mfcc_train.3.ark:2279725
mdwd0_sx270 /nfs-share/xinchi/kaldi/egs/timit/s5_la3/mfcc/raw_mfcc_train.2.ark:3039733
fsmm0_sx324 /nfs-share/xinchi/kaldi/egs/timit/s5_la3/mfcc/raw_mfcc_train.2.ark:263297
frll0_sx164 /nfs-share/xinchi/kaldi/egs/timit/s5_la3/mfcc/raw_mfcc_train.1.ark:3536935
mbef0_sx381 /nfs-share/xinchi/kaldi/egs/timit/s5_la3/mfcc/raw_mfcc_train.2.ark:1154226
mses0_sx419 /nfs-share/xinchi/kaldi/egs/timit/s5_la3/mfcc/raw_mfcc_train.4.ark:1987503
fsdc0_si1942 /nfs-share/xinchi/kaldi/egs/timit/s5_la3/mfcc/raw_mfcc_train.1.ark:3739465
fsag0_si1323 /nfs-share/xinchi/kaldi/egs/timit/s5_la3/mfcc/raw_mfcc_train.1.ark:3554416
mdtb0_sx390 /nfs-share/xinchi/kaldi/egs/timit/s5_la3/mfcc/raw_mfcc_train.2.ark:3020235
mejs0_sx430 /nfs-share/xinchi/kaldi/egs/timit/s5_la3/mfcc/raw_mfcc_train.2.ark:3302735
fpad0_si1976 /nfs-share/xinchi/kaldi/egs/timit/s5_la3/mfcc/raw_mfcc_train.1.ark:3266820
mfwk0_si619 /nfs-share/xinchi/kaldi/egs/timit/s5_la3/mfcc/raw_mfcc_train.2.ark:3496987
mrmb0_si1581 /nfs-share/xinchi/kaldi/egs/timit/s5_la3/mfcc/raw_mfcc_train.4.ark:1207011
mdlr0_si1863 /nfs-share/xinchi/kaldi/egs/timit/s5_la3/mfcc/raw_mfcc_train.2.ark:2614428
medr0_sx384 /nfs-share/xinchi/kaldi/egs/timit/s5_la3/mfcc/raw_mfcc_train.2.ark:3175793
mtab0_si1572 /nfs-share/xinchi/kaldi/egs/timit/s5_la3/mfcc/raw_mfcc_train.4.ark:2339071
fdas1_si2091 /nfs-share/xinchi/kaldi/egs/timit/s5_la3/mfcc/raw_mfcc_train.1.ark:790422
mwgr0_sx346 /nfs-share/xinchi/kaldi/egs/timit/s5_la3/mfcc/raw_mfcc_train.4.ark:3634146
mtpp0_si1508 /nfs-share/xinchi/kaldi/egs/timit/s5_la3/mfcc/raw_mfcc_train.4.ark:3067949
msat1_sx173 /nfs-share/xinchi/kaldi/egs/timit/s5_la3/mfcc/raw_mfcc_train.4.ark:1807443
msmr0_sx55 /nfs-share/xinchi/kaldi/egs/timit/s5_la3/mfcc/raw_mfcc_train.4.ark:2165165
faem0_sx222 /nfs-share/xinchi/kaldi/egs/timit/s5_la3/mfcc/raw_mfcc_train.1.ark:16916
mdlm0_sx424 /nfs-share/xinchi/kaldi/egs/timit/s5_la3/mfcc/raw_mfcc_train.2.ark:2602355
fljg0_sx81 /nfs-share/xinchi/kaldi/egs/timit/s5_la3/mfcc/raw_mfcc_train.1.ark:2588186
mdac0_sx271 /nfs-share/xinchi/kaldi/egs/timit/s5_la3/mfcc/raw_mfcc_train.2.ark:1980990
mtrt0_sx254 /nfs-share/xinchi/kaldi/egs/timit/s5_la3/mfcc/raw_mfcc_train.4.ark:3258433
fjhk0_sx32 /nfs-share/xinchi/kaldi/egs/timit/s5_la3/mfcc/raw_mfcc_train.1.ark:1678480
mdlr0_si603 /nfs-share/xinchi/kaldi/egs/timit/s5_la3/mfcc/raw_mfcc_train.2.ark:2617568
mrai0_si1954 /nfs-share/xinchi/kaldi/egs/timit/s5_la3/mfcc/raw_mfcc_train.4.ark:250116
mwem0_sx420 /nfs-share/xinchi/kaldi/egs/timit/s5_la3/mfcc/raw_mfcc_train.4.ark:3602818
mmlm0_sx267 /nfs-share/xinchi/kaldi/egs/timit/s5_la3/mfcc/raw_mfcc_train.3.ark:3159916
fskc0_si786 /nfs-share/xinchi/kaldi/egs/timit/s5_la3/mfcc/raw_mfcc_train.2.ark:91793
mwar0_sx145 /nfs-share/xinchi/kaldi/egs/timit/s5_la3/mfcc/raw_mfcc_train.4.ark:3502199
mtjm0_si655 /nfs-share/xinchi/kaldi/egs/timit/s5_la3/mfcc/raw_mfcc_train.4.ark:2683610
mmws1_sx27 /nfs-share/xinchi/kaldi/egs/timit/s5_la3/mfcc/raw_mfcc_train.3.ark:3401049
mwem0_sx240 /nfs-share/xinchi/kaldi/egs/timit/s5_la3/mfcc/raw_mfcc_train.4.ark:3594107
fkaa0_sx308 /nfs-share/xinchi/kaldi/egs/timit/s5_la3/mfcc/raw_mfcc_train.1.ark:2038149
makr0_si722 /nfs-share/xinchi/kaldi/egs/timit/s5_la3/mfcc/raw_mfcc_train.2.ark:925305
madc0_sx197 /nfs-share/xinchi/kaldi/egs/timit/s5_la3/mfcc/raw_mfcc_train.2.ark:710605
flhd0_sx354 /nfs-share/xinchi/kaldi/egs/timit/s5_la3/mfcc/raw_mfcc_train.1.ark:2474849
mfmc0_si502 /nfs-share/xinchi/kaldi/egs/timit/s5_la3/mfcc/raw_mfcc_train.2.ark:3433874
fjrp1_sx442 /nfs-share/xinchi/kaldi/egs/timit/s5_la3/mfcc/raw_mfcc_train.1.ark:1845713
feme0_sx335 /nfs-share/xinchi/kaldi/egs/timit/s5_la3/mfcc/raw_mfcc_train.1.ark:1281197
mrem0_sx151 /nfs-share/xinchi/kaldi/egs/timit/s5_la3/mfcc/raw_mfcc_train.4.ark:620475
fear0_si1882 /nfs-share/xinchi/kaldi/egs/timit/s5_la3/mfcc/raw_mfcc_train.1.ark:1157940
marc0_si1188 /nfs-share/xinchi/kaldi/egs/timit/s5_la3/mfcc/raw_mfcc_train.2.ark:978002
mrsp0_sx196 /nfs-share/xinchi/kaldi/egs/timit/s5_la3/mfcc/raw_mfcc_train.4.ark:1494865
msat1_si1073 /nfs-share/xinchi/kaldi/egs/timit/s5_la3/mfcc/raw_mfcc_train.4.ark:1795980
mbgt0_sx351 /nfs-share/xinchi/kaldi/egs/timit/s5_la3/mfcc/raw_mfcc_train.2.ark:1178840
fcjs0_si977 /nfs-share/xinchi/kaldi/egs/timit/s5_la3/mfcc/raw_mfcc_train.1.ark:567365
mses0_si2216 /nfs-share/xinchi/kaldi/egs/timit/s5_la3/mfcc/raw_mfcc_train.4.ark:1969605
mjlb0_sx86 /nfs-share/xinchi/kaldi/egs/timit/s5_la3/mfcc/raw_mfcc_train.3.ark:1199032
mtat0_sx300 /nfs-share/xinchi/kaldi/egs/timit/s5_la3/mfcc/raw_mfcc_train.4.ark:2428238
mrcw0_sx201 /nfs-share/xinchi/kaldi/egs/timit/s5_la3/mfcc/raw_mfcc_train.4.ark:433732
fmjf0_sx444 /nfs-share/xinchi/kaldi/egs/timit/s5_la3/mfcc/raw_mfcc_train.1.ark:2942719
mvlo0_sx247 /nfs-share/xinchi/kaldi/egs/timit/s5_la3/mfcc/raw_mfcc_train.4.ark:3381492
mpgr0_si1410 /nfs-share/xinchi/kaldi/egs/timit/s5_la3/mfcc/raw_mfcc_train.3.ark:3627101
mbml0_sx449 /nfs-share/xinchi/kaldi/egs/timit/s5_la3/mfcc/raw_mfcc_train.2.ark:1308555
mjdg0_si1042 /nfs-share/xinchi/kaldi/egs/timit/s5_la3/mfcc/raw_mfcc_train.3.ark:777215
fdml0_sx159 /nfs-share/xinchi/kaldi/egs/timit/s5_la3/mfcc/raw_mfcc_train.1.ark:958360
mhit0_sx83 /nfs-share/xinchi/kaldi/egs/timit/s5_la3/mfcc/raw_mfcc_train.3.ark:357673
mjkr0_sx121 /nfs-share/xinchi/kaldi/egs/timit/s5_la3/mfcc/raw_mfcc_train.3.ark:1153318
fgmb0_sx245 /nfs-share/xinchi/kaldi/egs/timit/s5_la3/mfcc/raw_mfcc_train.1.ark:1452283
ftbw0_sx265 /nfs-share/xinchi/kaldi/egs/timit/s5_la3/mfcc/raw_mfcc_train.2.ark:488277
mjls0_si1726 /nfs-share/xinchi/kaldi/egs/timit/s5_la3/mfcc/raw_mfcc_train.3.ark:1236429
mmam0_sx157 /nfs-share/xinchi/kaldi/egs/timit/s5_la3/mfcc/raw_mfcc_train.3.ark:2686569
mmdm0_sx411 /nfs-share/xinchi/kaldi/egs/timit/s5_la3/mfcc/raw_mfcc_train.3.ark:2900379
flmk0_sx225 /nfs-share/xinchi/kaldi/egs/timit/s5_la3/mfcc/raw_mfcc_train.1.ark:2707461
mrtj0_si1551 /nfs-share/xinchi/kaldi/egs/timit/s5_la3/mfcc/raw_mfcc_train.4.ark:1545026
mrso0_sx129 /nfs-share/xinchi/kaldi/egs/timit/s5_la3/mfcc/raw_mfcc_train.4.ark:1452447
fbcg1_si982 /nfs-share/xinchi/kaldi/egs/timit/s5_la3/mfcc/raw_mfcc_train.1.ark:211994
mcss0_sx120 /nfs-share/xinchi/kaldi/egs/timit/s5_la3/mfcc/raw_mfcc_train.2.ark:1849143
mjdg0_si1705 /nfs-share/xinchi/kaldi/egs/timit/s5_la3/mfcc/raw_mfcc_train.3.ark:786097
msds0_si2337 /nfs-share/xinchi/kaldi/egs/timit/s5_la3/mfcc/raw_mfcc_train.4.ark:1895437
mtjm0_si1226 /nfs-share/xinchi/kaldi/egs/timit/s5_la3/mfcc/raw_mfcc_train.4.ark:2673871
msat0_si2156 /nfs-share/xinchi/kaldi/egs/timit/s5_la3/mfcc/raw_mfcc_train.4.ark:1773766
fpls0_sx60 /nfs-share/xinchi/kaldi/egs/timit/s5_la3/mfcc/raw_mfcc_train.1.ark:3422425
mvjh0_si926 /nfs-share/xinchi/kaldi/egs/timit/s5_la3/mfcc/raw_mfcc_train.4.ark:3345450
fsdj0_sx215 /nfs-share/xinchi/kaldi/egs/timit/s5_la3/mfcc/raw_mfcc_train.1.ark:3778674
mlns0_sx237 /nfs-share/xinchi/kaldi/egs/timit/s5_la3/mfcc/raw_mfcc_train.3.ark:2521333
mses0_sx239 /nfs-share/xinchi/kaldi/egs/timit/s5_la3/mfcc/raw_mfcc_train.4.ark:1979702
fclt0_sx268 /nfs-share/xinchi/kaldi/egs/timit/s5_la3/mfcc/raw_mfcc_train.1.ark:637992
mbar0_si689 /nfs-share/xinchi/kaldi/egs/timit/s5_la3/mfcc/raw_mfcc_train.2.ark:1044821
mdns0_sx111 /nfs-share/xinchi/kaldi/egs/timit/s5_la3/mfcc/raw_mfcc_train.2.ark:2761441
mjeb1_sx207 /nfs-share/xinchi/kaldi/egs/timit/s5_la3/mfcc/raw_mfcc_train.3.ark:896405
mbsb0_sx93 /nfs-share/xinchi/kaldi/egs/timit/s5_la3/mfcc/raw_mfcc_train.2.ark:1365888
fjlr0_sx421 /nfs-share/xinchi/kaldi/egs/timit/s5_la3/mfcc/raw_mfcc_train.1.ark:1772890
ftmg0_si2162 /nfs-share/xinchi/kaldi/egs/timit/s5_la3/mfcc/raw_mfcc_train.2.ark:538731
mmag0_si1126 /nfs-share/xinchi/kaldi/egs/timit/s5_la3/mfcc/raw_mfcc_train.3.ark:2639403
mdef0_si1123 /nfs-share/xinchi/kaldi/egs/timit/s5_la3/mfcc/raw_mfcc_train.2.ark:2218366
mrhl0_sx165 /nfs-share/xinchi/kaldi/egs/timit/s5_la3/mfcc/raw_mfcc_train.4.ark:822121
mgrl0_sx417 /nfs-share/xinchi/kaldi/egs/timit/s5_la3/mfcc/raw_mfcc_train.3.ark:151151
fdnc0_si1908 /nfs-share/xinchi/kaldi/egs/timit/s5_la3/mfcc/raw_mfcc_train.1.ark:1027307
mkdd0_si2197 /nfs-share/xinchi/kaldi/egs/timit/s5_la3/mfcc/raw_mfcc_train.3.ark:2017303
mjjm0_si827 /nfs-share/xinchi/kaldi/egs/timit/s5_la3/mfcc/raw_mfcc_train.3.ark:1117439
mtlc0_si1313 /nfs-share/xinchi/kaldi/egs/timit/s5_la3/mfcc/raw_mfcc_train.4.ark:2877039
fkfb0_sx348 /nfs-share/xinchi/kaldi/egs/timit/s5_la3/mfcc/raw_mfcc_train.1.ark:2142685
mbwp0_sx439 /nfs-share/xinchi/kaldi/egs/timit/s5_la3/mfcc/raw_mfcc_train.2.ark:1427654
mcre0_sx41 /nfs-share/xinchi/kaldi/egs/timit/s5_la3/mfcc/raw_mfcc_train.2.ark:1828769
mbma1_sx234 /nfs-share/xinchi/kaldi/egs/timit/s5_la3/mfcc/raw_mfcc_train.2.ark:1268223
mrem0_sx331 /nfs-share/xinchi/kaldi/egs/timit/s5_la3/mfcc/raw_mfcc_train.4.ark:627678
mmab1_sx324 /nfs-share/xinchi/kaldi/egs/timit/s5_la3/mfcc/raw_mfcc_train.3.ark:2624666
mgar0_sx132 /nfs-share/xinchi/kaldi/egs/timit/s5_la3/mfcc/raw_mfcc_train.3.ark:11281
mvlo0_si1147 /nfs-share/xinchi/kaldi/egs/timit/s5_la3/mfcc/raw_mfcc_train.4.ark:3365512
mrtc0_si828 /nfs-share/xinchi/kaldi/egs/timit/s5_la3/mfcc/raw_mfcc_train.4.ark:1520791
mwem0_sx330 /nfs-share/xinchi/kaldi/egs/timit/s5_la3/mfcc/raw_mfcc_train.4.ark:3598495
mses0_si2219 /nfs-share/xinchi/kaldi/egs/timit/s5_la3/mfcc/raw_mfcc_train.4.ark:1972018
mtas0_si2015 /nfs-share/xinchi/kaldi/egs/timit/s5_la3/mfcc/raw_mfcc_train.4.ark:2381906
mjsr0_sx164 /nfs-share/xinchi/kaldi/egs/timit/s5_la3/mfcc/raw_mfcc_train.3.ark:1654863
mrds0_sx87 /nfs-share/xinchi/kaldi/egs/timit/s5_la3/mfcc/raw_mfcc_train.4.ark:534349
mjae0_sx444 /nfs-share/xinchi/kaldi/egs/timit/s5_la3/mfcc/raw_mfcc_train.3.ark:600519
mrew1_si1500 /nfs-share/xinchi/kaldi/egs/timit/s5_la3/mfcc/raw_mfcc_train.4.ark:639828
fajw0_sx273 /nfs-share/xinchi/kaldi/egs/timit/s5_la3/mfcc/raw_mfcc_train.1.ark:53477
mbwp0_sx169 /nfs-share/xinchi/kaldi/egs/timit/s5_la3/mfcc/raw_mfcc_train.2.ark:1413151
mdwd0_sx450 /nfs-share/xinchi/kaldi/egs/timit/s5_la3/mfcc/raw_mfcc_train.2.ark:3046338
mrlk0_sx33 /nfs-share/xinchi/kaldi/egs/timit/s5_la3/mfcc/raw_mfcc_train.4.ark:1169941
mmdb0_sx447 /nfs-share/xinchi/kaldi/egs/timit/s5_la3/mfcc/raw_mfcc_train.3.ark:2835967
msas0_sx296 /nfs-share/xinchi/kaldi/egs/timit/s5_la3/mfcc/raw_mfcc_train.4.ark:1763330
flmk0_sx315 /nfs-share/xinchi/kaldi/egs/timit/s5_la3/mfcc/raw_mfcc_train.1.ark:2710406
mrlk0_si2140 /nfs-share/xinchi/kaldi/egs/timit/s5_la3/mfcc/raw_mfcc_train.4.ark:1150251
ftmg0_sx452 /nfs-share/xinchi/kaldi/egs/timit/s5_la3/mfcc/raw_mfcc_train.2.ark:559670
mcxm0_sx91 /nfs-share/xinchi/kaldi/egs/timit/s5_la3/mfcc/raw_mfcc_train.2.ark:1958801
fjsp0_si804 /nfs-share/xinchi/kaldi/egs/timit/s5_la3/mfcc/raw_mfcc_train.1.ark:1895707
mtxs0_sx70 /nfs-share/xinchi/kaldi/egs/timit/s5_la3/mfcc/raw_mfcc_train.4.ark:3332362
fbjl0_si1552 /nfs-share/xinchi/kaldi/egs/timit/s5_la3/mfcc/raw_mfcc_train.1.ark:274856
flma0_sx253 /nfs-share/xinchi/kaldi/egs/timit/s5_la3/mfcc/raw_mfcc_train.1.ark:2643581
mkdd0_sx307 /nfs-share/xinchi/kaldi/egs/timit/s5_la3/mfcc/raw_mfcc_train.3.ark:2033776
flmc0_si2002 /nfs-share/xinchi/kaldi/egs/timit/s5_la3/mfcc/raw_mfcc_train.1.ark:2662727
mdbp0_sx168 /nfs-share/xinchi/kaldi/egs/timit/s5_la3/mfcc/raw_mfcc_train.2.ark:2069474
falk0_sx186 /nfs-share/xinchi/kaldi/egs/timit/s5_la3/mfcc/raw_mfcc_train.1.ark:82540
fear0_sx172 /nfs-share/xinchi/kaldi/egs/timit/s5_la3/mfcc/raw_mfcc_train.1.ark:1164844
fgrw0_sx432 /nfs-share/xinchi/kaldi/egs/timit/s5_la3/mfcc/raw_mfcc_train.1.ark:1498674
fpad0_sx86 /nfs-share/xinchi/kaldi/egs/timit/s5_la3/mfcc/raw_mfcc_train.1.ark:3294343
mtrc0_sx93 /nfs-share/xinchi/kaldi/egs/timit/s5_la3/mfcc/raw_mfcc_train.4.ark:3203329
mdac0_si1837 /nfs-share/xinchi/kaldi/egs/timit/s5_la3/mfcc/raw_mfcc_train.2.ark:1965915
mgsl0_si1164 /nfs-share/xinchi/kaldi/egs/timit/s5_la3/mfcc/raw_mfcc_train.3.ark:229121
msds0_sx447 /nfs-share/xinchi/kaldi/egs/timit/s5_la3/mfcc/raw_mfcc_train.4.ark:1914952
msjk0_sx156 /nfs-share/xinchi/kaldi/egs/timit/s5_la3/mfcc/raw_mfcc_train.4.ark:2082371
mdss0_sx441 /nfs-share/xinchi/kaldi/egs/timit/s5_la3/mfcc/raw_mfcc_train.2.ark:2960028
msfh0_sx46 /nfs-share/xinchi/kaldi/egs/timit/s5_la3/mfcc/raw_mfcc_train.4.ark:2029114
mrab0_si1854 /nfs-share/xinchi/kaldi/egs/timit/s5_la3/mfcc/raw_mfcc_train.4.ark:187831
mjfr0_si975 /nfs-share/xinchi/kaldi/egs/timit/s5_la3/mfcc/raw_mfcc_train.3.ark:976525
fjdm2_si2212 /nfs-share/xinchi/kaldi/egs/timit/s5_la3/mfcc/raw_mfcc_train.1.ark:1589287
fsag0_si693 /nfs-share/xinchi/kaldi/egs/timit/s5_la3/mfcc/raw_mfcc_train.1.ark:3561321
mabc0_si2041 /nfs-share/xinchi/kaldi/egs/timit/s5_la3/mfcc/raw_mfcc_train.2.ark:662161
megj0_sx167 /nfs-share/xinchi/kaldi/egs/timit/s5_la3/mfcc/raw_mfcc_train.2.ark:3228060
mdps0_sx179 /nfs-share/xinchi/kaldi/egs/timit/s5_la3/mfcc/raw_mfcc_train.2.ark:2851897
mjrh1_sx64 /nfs-share/xinchi/kaldi/egs/timit/s5_la3/mfcc/raw_mfcc_train.3.ark:1573963
mrms0_sx30 /nfs-share/xinchi/kaldi/egs/timit/s5_la3/mfcc/raw_mfcc_train.4.ark:1361756
msvs0_si938 /nfs-share/xinchi/kaldi/egs/timit/s5_la3/mfcc/raw_mfcc_train.4.ark:2309194
fdml0_sx249 /nfs-share/xinchi/kaldi/egs/timit/s5_la3/mfcc/raw_mfcc_train.1.ark:962202
fajw0_si1263 /nfs-share/xinchi/kaldi/egs/timit/s5_la3/mfcc/raw_mfcc_train.1.ark:32804
ftbr0_sx111 /nfs-share/xinchi/kaldi/egs/timit/s5_la3/mfcc/raw_mfcc_train.2.ark:452957
mtlc0_sx397 /nfs-share/xinchi/kaldi/egs/timit/s5_la3/mfcc/raw_mfcc_train.4.ark:2902815
fmju0_sx129 /nfs-share/xinchi/kaldi/egs/timit/s5_la3/mfcc/raw_mfcc_train.1.ark:2965752
fdfb0_sx418 /nfs-share/xinchi/kaldi/egs/timit/s5_la3/mfcc/raw_mfcc_train.1.ark:871979
mmag0_sx316 /nfs-share/xinchi/kaldi/egs/timit/s5_la3/mfcc/raw_mfcc_train.3.ark:2663346
mmam0_si2227 /nfs-share/xinchi/kaldi/egs/timit/s5_la3/mfcc/raw_mfcc_train.3.ark:2683962
mjpg0_si561 /nfs-share/xinchi/kaldi/egs/timit/s5_la3/mfcc/raw_mfcc_train.3.ark:1362856
mpgh0_si924 /nfs-share/xinchi/kaldi/egs/timit/s5_la3/mfcc/raw_mfcc_train.3.ark:3609665
mtat1_si1627 /nfs-share/xinchi/kaldi/egs/timit/s5_la3/mfcc/raw_mfcc_train.4.ark:2438895
fjen0_sx327 /nfs-share/xinchi/kaldi/egs/timit/s5_la3/mfcc/raw_mfcc_train.1.ark:1636894
mmjb1_si2038 /nfs-share/xinchi/kaldi/egs/timit/s5_la3/mfcc/raw_mfcc_train.3.ark:3116847
fsls0_sx156 /nfs-share/xinchi/kaldi/egs/timit/s5_la3/mfcc/raw_mfcc_train.2.ark:190096
mwac0_si971 /nfs-share/xinchi/kaldi/egs/timit/s5_la3/mfcc/raw_mfcc_train.4.ark:3435308
mkxl0_sx285 /nfs-share/xinchi/kaldi/egs/timit/s5_la3/mfcc/raw_mfcc_train.3.ark:2356637
fntb0_sx393 /nfs-share/xinchi/kaldi/egs/timit/s5_la3/mfcc/raw_mfcc_train.1.ark:3186636
fmem0_sx387 /nfs-share/xinchi/kaldi/egs/timit/s5_la3/mfcc/raw_mfcc_train.1.ark:2879771
mtbc0_si1173 /nfs-share/xinchi/kaldi/egs/timit/s5_la3/mfcc/raw_mfcc_train.4.ark:2472198
mjrk0_si2103 /nfs-share/xinchi/kaldi/egs/timit/s5_la3/mfcc/raw_mfcc_train.3.ark:1579595
maeo0_sx246 /nfs-share/xinchi/kaldi/egs/timit/s5_la3/mfcc/raw_mfcc_train.2.ark:801264
fdxw0_sx161 /nfs-share/xinchi/kaldi/egs/timit/s5_la3/mfcc/raw_mfcc_train.1.ark:1102330
fcke0_sx211 /nfs-share/xinchi/kaldi/egs/timit/s5_la3/mfcc/raw_mfcc_train.1.ark:610232
fspm0_sx251 /nfs-share/xinchi/kaldi/egs/timit/s5_la3/mfcc/raw_mfcc_train.2.ark:329275
mjdg0_sx142 /nfs-share/xinchi/kaldi/egs/timit/s5_la3/mfcc/raw_mfcc_train.3.ark:789120
mmrp0_sx54 /nfs-share/xinchi/kaldi/egs/timit/s5_la3/mfcc/raw_mfcc_train.3.ark:3236581
mrab1_si848 /nfs-share/xinchi/kaldi/egs/timit/s5_la3/mfcc/raw_mfcc_train.4.ark:224646
mrvg0_sx150 /nfs-share/xinchi/kaldi/egs/timit/s5_la3/mfcc/raw_mfcc_train.4.ark:1595935
mdpb0_sx236 /nfs-share/xinchi/kaldi/egs/timit/s5_la3/mfcc/raw_mfcc_train.2.ark:2797866
fpaf0_sx244 /nfs-share/xinchi/kaldi/egs/timit/s5_la3/mfcc/raw_mfcc_train.1.ark:3315064
mchl0_sx87 /nfs-share/xinchi/kaldi/egs/timit/s5_la3/mfcc/raw_mfcc_train.2.ark:1706692
fklc0_si1615 /nfs-share/xinchi/kaldi/egs/timit/s5_la3/mfcc/raw_mfcc_train.1.ark:2194061
mdma0_si1238 /nfs-share/xinchi/kaldi/egs/timit/s5_la3/mfcc/raw_mfcc_train.2.ark:2677896
marc0_sx378 /nfs-share/xinchi/kaldi/egs/timit/s5_la3/mfcc/raw_mfcc_train.2.ark:1000554
mgjc0_si1965 /nfs-share/xinchi/kaldi/egs/timit/s5_la3/mfcc/raw_mfcc_train.3.ark:98663
mrsp0_si799 /nfs-share/xinchi/kaldi/egs/timit/s5_la3/mfcc/raw_mfcc_train.4.ark:1486375
mdsj0_sx22 /nfs-share/xinchi/kaldi/egs/timit/s5_la3/mfcc/raw_mfcc_train.2.ark:2923608
mkah0_si1528 /nfs-share/xinchi/kaldi/egs/timit/s5_la3/mfcc/raw_mfcc_train.3.ark:1884207
mmgc0_si1305 /nfs-share/xinchi/kaldi/egs/timit/s5_la3/mfcc/raw_mfcc_train.3.ark:3025510
fpac0_sx391 /nfs-share/xinchi/kaldi/egs/timit/s5_la3/mfcc/raw_mfcc_train.1.ark:3258978
mtqc0_sx451 /nfs-share/xinchi/kaldi/egs/timit/s5_la3/mfcc/raw_mfcc_train.4.ark:3166451
msrr0_si1761 /nfs-share/xinchi/kaldi/egs/timit/s5_la3/mfcc/raw_mfcc_train.4.ark:2234975
fcag0_sx423 /nfs-share/xinchi/kaldi/egs/timit/s5_la3/mfcc/raw_mfcc_train.1.ark:431921
ftbw0_sx445 /nfs-share/xinchi/kaldi/egs/timit/s5_la3/mfcc/raw_mfcc_train.2.ark:495389
frll0_sx74 /nfs-share/xinchi/kaldi/egs/timit/s5_la3/mfcc/raw_mfcc_train.1.ark:3550898
fcdr1_sx286 /nfs-share/xinchi/kaldi/egs/timit/s5_la3/mfcc/raw_mfcc_train.1.ark:499777
mrfl0_sx346 /nfs-share/xinchi/kaldi/egs/timit/s5_la3/mfcc/raw_mfcc_train.4.ark:722854
mgjc0_sx255 /nfs-share/xinchi/kaldi/egs/timit/s5_la3/mfcc/raw_mfcc_train.3.ark:108011
mbwp0_si709 /nfs-share/xinchi/kaldi/egs/timit/s5_la3/mfcc/raw_mfcc_train.2.ark:1408802
mdwd0_sx360 /nfs-share/xinchi/kaldi/egs/timit/s5_la3/mfcc/raw_mfcc_train.2.ark:3042743
fmju0_si2019 /nfs-share/xinchi/kaldi/egs/timit/s5_la3/mfcc/raw_mfcc_train.1.ark:2958692
medr0_si1374 /nfs-share/xinchi/kaldi/egs/timit/s5_la3/mfcc/raw_mfcc_train.2.ark:3150004
fgdp0_sx358 /nfs-share/xinchi/kaldi/egs/timit/s5_la3/mfcc/raw_mfcc_train.1.ark:1417679
fjen0_sx417 /nfs-share/xinchi/kaldi/egs/timit/s5_la3/mfcc/raw_mfcc_train.1.ark:1643765
mrcg0_si2058 /nfs-share/xinchi/kaldi/egs/timit/s5_la3/mfcc/raw_mfcc_train.4.ark:383760
mrhl0_si885 /nfs-share/xinchi/kaldi/egs/timit/s5_la3/mfcc/raw_mfcc_train.4.ark:817902
mmcc0_sx348 /nfs-share/xinchi/kaldi/egs/timit/s5_la3/mfcc/raw_mfcc_train.3.ark:2800153
fkfb0_sx438 /nfs-share/xinchi/kaldi/egs/timit/s5_la3/mfcc/raw_mfcc_train.1.ark:2147619
mjdg0_sx412 /nfs-share/xinchi/kaldi/egs/timit/s5_la3/mfcc/raw_mfcc_train.3.ark:800919
flkm0_sx116 /nfs-share/xinchi/kaldi/egs/timit/s5_la3/mfcc/raw_mfcc_train.1.ark:2605739
mpfu0_si628 /nfs-share/xinchi/kaldi/egs/timit/s5_la3/mfcc/raw_mfcc_train.3.ark:3573833
mtml0_si2325 /nfs-share/xinchi/kaldi/egs/timit/s5_la3/mfcc/raw_mfcc_train.4.ark:2915241
fcyl0_si1297 /nfs-share/xinchi/kaldi/egs/timit/s5_la3/mfcc/raw_mfcc_train.1.ark:750083
mrgs0_sx6 /nfs-share/xinchi/kaldi/egs/timit/s5_la3/mfcc/raw_mfcc_train.4.ark:801311
fjxp0_sx402 /nfs-share/xinchi/kaldi/egs/timit/s5_la3/mfcc/raw_mfcc_train.1.ark:2010526
mkdb0_sx152 /nfs-share/xinchi/kaldi/egs/timit/s5_la3/mfcc/raw_mfcc_train.3.ark:1990636
msfv0_sx92 /nfs-share/xinchi/kaldi/egs/timit/s5_la3/mfcc/raw_mfcc_train.4.ark:2064856
mdhl0_sx89 /nfs-share/xinchi/kaldi/egs/timit/s5_la3/mfcc/raw_mfcc_train.2.ark:2316146
mter0_si527 /nfs-share/xinchi/kaldi/egs/timit/s5_la3/mfcc/raw_mfcc_train.4.ark:2617548
mmwb0_sx179 /nfs-share/xinchi/kaldi/egs/timit/s5_la3/mfcc/raw_mfcc_train.3.ark:3330755
mkdt0_si2153 /nfs-share/xinchi/kaldi/egs/timit/s5_la3/mfcc/raw_mfcc_train.3.ark:2043885
mtdp0_sx81 /nfs-share/xinchi/kaldi/egs/timit/s5_la3/mfcc/raw_mfcc_train.4.ark:2604044
fpaz0_si2223 /nfs-share/xinchi/kaldi/egs/timit/s5_la3/mfcc/raw_mfcc_train.1.ark:3333586
fcaj0_si1804 /nfs-share/xinchi/kaldi/egs/timit/s5_la3/mfcc/raw_mfcc_train.1.ark:441914
mdpb0_si2126 /nfs-share/xinchi/kaldi/egs/timit/s5_la3/mfcc/raw_mfcc_train.2.ark:2783922
fpac0_si1921 /nfs-share/xinchi/kaldi/egs/timit/s5_la3/mfcc/raw_mfcc_train.1.ark:3227300
mtat1_sx149 /nfs-share/xinchi/kaldi/egs/timit/s5_la3/mfcc/raw_mfcc_train.4.ark:2447567
fjlr0_si1861 /nfs-share/xinchi/kaldi/egs/timit/s5_la3/mfcc/raw_mfcc_train.1.ark:1754395
mmjb1_sx418 /nfs-share/xinchi/kaldi/egs/timit/s5_la3/mfcc/raw_mfcc_train.3.ark:3137396
fbjl0_si922 /nfs-share/xinchi/kaldi/egs/timit/s5_la3/mfcc/raw_mfcc_train.1.ark:282294
fhxs0_sx175 /nfs-share/xinchi/kaldi/egs/timit/s5_la3/mfcc/raw_mfcc_train.1.ark:1560363
mfxs0_si2225 /nfs-share/xinchi/kaldi/egs/timit/s5_la3/mfcc/raw_mfcc_train.2.ark:3525130
fbmj0_sx426 /nfs-share/xinchi/kaldi/egs/timit/s5_la3/mfcc/raw_mfcc_train.1.ark:402678
mmdm0_si681 /nfs-share/xinchi/kaldi/egs/timit/s5_la3/mfcc/raw_mfcc_train.3.ark:2885817
mrkm0_si1391 /nfs-share/xinchi/kaldi/egs/timit/s5_la3/mfcc/raw_mfcc_train.4.ark:1023456
mrjm0_sx58 /nfs-share/xinchi/kaldi/egs/timit/s5_la3/mfcc/raw_mfcc_train.4.ark:945664
mdac0_sx451 /nfs-share/xinchi/kaldi/egs/timit/s5_la3/mfcc/raw_mfcc_train.2.ark:1987725
mmsm0_si1736 /nfs-share/xinchi/kaldi/egs/timit/s5_la3/mfcc/raw_mfcc_train.3.ark:3247361
mstf0_sx406 /nfs-share/xinchi/kaldi/egs/timit/s5_la3/mfcc/raw_mfcc_train.4.ark:2290042
fsma0_sx271 /nfs-share/xinchi/kaldi/egs/timit/s5_la3/mfcc/raw_mfcc_train.2.ark:226131
mrbc0_sx329 /nfs-share/xinchi/kaldi/egs/timit/s5_la3/mfcc/raw_mfcc_train.4.ark:365427
mjrh0_sx405 /nfs-share/xinchi/kaldi/egs/timit/s5_la3/mfcc/raw_mfcc_train.3.ark:1537877
fkfb0_sx258 /nfs-share/xinchi/kaldi/egs/timit/s5_la3/mfcc/raw_mfcc_train.1.ark:2138115
fsdj0_sx35 /nfs-share/xinchi/kaldi/egs/timit/s5_la3/mfcc/raw_mfcc_train.1.ark:3785629
maeo0_sx336 /nfs-share/xinchi/kaldi/egs/timit/s5_la3/mfcc/raw_mfcc_train.2.ark:804014
fclt0_sx178 /nfs-share/xinchi/kaldi/egs/timit/s5_la3/mfcc/raw_mfcc_train.1.ark:633617
mkrg0_sx141 /nfs-share/xinchi/kaldi/egs/timit/s5_la3/mfcc/raw_mfcc_train.3.ark:2317781
mrpc1_sx132 /nfs-share/xinchi/kaldi/egs/timit/s5_la3/mfcc/raw_mfcc_train.4.ark:1380040
fdkn0_si1081 /nfs-share/xinchi/kaldi/egs/timit/s5_la3/mfcc/raw_mfcc_train.1.ark:910829
mjjb0_si1769 /nfs-share/xinchi/kaldi/egs/timit/s5_la3/mfcc/raw_mfcc_train.3.ark:1044759
mdsj0_sx112 /nfs-share/xinchi/kaldi/egs/timit/s5_la3/mfcc/raw_mfcc_train.2.ark:2919832
mpgr1_si2129 /nfs-share/xinchi/kaldi/egs/timit/s5_la3/mfcc/raw_mfcc_train.3.ark:3665056
mmag0_si496 /nfs-share/xinchi/kaldi/egs/timit/s5_la3/mfcc/raw_mfcc_train.3.ark:2649662
fceg0_sx78 /nfs-share/xinchi/kaldi/egs/timit/s5_la3/mfcc/raw_mfcc_train.1.ark:534512
mjls0_sx286 /nfs-share/xinchi/kaldi/egs/timit/s5_la3/mfcc/raw_mfcc_train.3.ark:1256327
mrlk0_si843 /nfs-share/xinchi/kaldi/egs/timit/s5_la3/mfcc/raw_mfcc_train.4.ark:1155432
mjfh0_sx387 /nfs-share/xinchi/kaldi/egs/timit/s5_la3/mfcc/raw_mfcc_train.3.ark:965114
flhd0_sx264 /nfs-share/xinchi/kaldi/egs/timit/s5_la3/mfcc/raw_mfcc_train.1.ark:2471072
mdrd0_sx122 /nfs-share/xinchi/kaldi/egs/timit/s5_la3/mfcc/raw_mfcc_train.2.ark:2885338
mtjm0_sx416 /nfs-share/xinchi/kaldi/egs/timit/s5_la3/mfcc/raw_mfcc_train.4.ark:2698705
mtpg0_si1383 /nfs-share/xinchi/kaldi/egs/timit/s5_la3/mfcc/raw_mfcc_train.4.ark:3038330
mrws0_sx202 /nfs-share/xinchi/kaldi/egs/timit/s5_la3/mfcc/raw_mfcc_train.4.ark:1661043
mmeb0_sx367 /nfs-share/xinchi/kaldi/egs/timit/s5_la3/mfcc/raw_mfcc_train.3.ark:3015221
faem0_sx42 /nfs-share/xinchi/kaldi/egs/timit/s5_la3/mfcc/raw_mfcc_train.1.ark:29767
mjbg0_si1724 /nfs-share/xinchi/kaldi/egs/timit/s5_la3/mfcc/raw_mfcc_train.3.ark:647384
mmbs0_sx341 /nfs-share/xinchi/kaldi/egs/timit/s5_la3/mfcc/raw_mfcc_train.3.ark:2767635
mbjv0_si1877 /nfs-share/xinchi/kaldi/egs/timit/s5_la3/mfcc/raw_mfcc_train.2.ark:1195353
fsls0_si1686 /nfs-share/xinchi/kaldi/egs/timit/s5_la3/mfcc/raw_mfcc_train.2.ark:180188
mdps0_si1979 /nfs-share/xinchi/kaldi/egs/timit/s5_la3/mfcc/raw_mfcc_train.2.ark:2843823
mrjb1_si1413 /nfs-share/xinchi/kaldi/egs/timit/s5_la3/mfcc/raw_mfcc_train.4.ark:845473
fcke0_sx391 /nfs-share/xinchi/kaldi/egs/timit/s5_la3/mfcc/raw_mfcc_train.1.ark:619508
mwsb0_sx276 /nfs-share/xinchi/kaldi/egs/timit/s5_la3/mfcc/raw_mfcc_train.4.ark:3725258
mdwh0_si665 /nfs-share/xinchi/kaldi/egs/timit/s5_la3/mfcc/raw_mfcc_train.2.ark:3063189
fclt0_si1438 /nfs-share/xinchi/kaldi/egs/timit/s5_la3/mfcc/raw_mfcc_train.1.ark:622103
mtlb0_sx54 /nfs-share/xinchi/kaldi/egs/timit/s5_la3/mfcc/raw_mfcc_train.4.ark:2872520
mchl0_sx447 /nfs-share/xinchi/kaldi/egs/timit/s5_la3/mfcc/raw_mfcc_train.2.ark:1703449
mmlm0_sx177 /nfs-share/xinchi/kaldi/egs/timit/s5_la3/mfcc/raw_mfcc_train.3.ark:3157231
ftlg0_sx213 /nfs-share/xinchi/kaldi/egs/timit/s5_la3/mfcc/raw_mfcc_train.2.ark:522497
mcdr0_si1784 /nfs-share/xinchi/kaldi/egs/timit/s5_la3/mfcc/raw_mfcc_train.2.ark:1574724
fjdm2_sx412 /nfs-share/xinchi/kaldi/egs/timit/s5_la3/mfcc/raw_mfcc_train.1.ark:1607814
msdb0_sx377 /nfs-share/xinchi/kaldi/egs/timit/s5_la3/mfcc/raw_mfcc_train.4.ark:1847529
mrld0_si2224 /nfs-share/xinchi/kaldi/egs/timit/s5_la3/mfcc/raw_mfcc_train.4.ark:1062771
mgrp0_sx57 /nfs-share/xinchi/kaldi/egs/timit/s5_la3/mfcc/raw_mfcc_train.3.ark:189564
fsmm0_si1944 /nfs-share/xinchi/kaldi/egs/timit/s5_la3/mfcc/raw_mfcc_train.2.ark:247084
mrmh0_si1349 /nfs-share/xinchi/kaldi/egs/timit/s5_la3/mfcc/raw_mfcc_train.4.ark:1274877
fsah0_sx344 /nfs-share/xinchi/kaldi/egs/timit/s5_la3/mfcc/raw_mfcc_train.1.ark:3617819
mjeb0_sx206 /nfs-share/xinchi/kaldi/egs/timit/s5_la3/mfcc/raw_mfcc_train.3.ark:861495
mkam0_sx56 /nfs-share/xinchi/kaldi/egs/timit/s5_la3/mfcc/raw_mfcc_train.3.ark:1975345
msrg0_sx321 /nfs-share/xinchi/kaldi/egs/timit/s5_la3/mfcc/raw_mfcc_train.4.ark:2219775
mctm0_sx90 /nfs-share/xinchi/kaldi/egs/timit/s5_la3/mfcc/raw_mfcc_train.2.ark:1927817
mjpm0_sx288 /nfs-share/xinchi/kaldi/egs/timit/s5_la3/mfcc/raw_mfcc_train.3.ark:1407634
fdxw0_sx71 /nfs-share/xinchi/kaldi/egs/timit/s5_la3/mfcc/raw_mfcc_train.1.ark:1118061
majp0_sx444 /nfs-share/xinchi/kaldi/egs/timit/s5_la3/mfcc/raw_mfcc_train.2.ark:870865
flja0_sx178 /nfs-share/xinchi/kaldi/egs/timit/s5_la3/mfcc/raw_mfcc_train.1.ark:2498579
mmds0_sx173 /nfs-share/xinchi/kaldi/egs/timit/s5_la3/mfcc/raw_mfcc_train.3.ark:2951562
fmpg0_si2232 /nfs-share/xinchi/kaldi/egs/timit/s5_la3/mfcc/raw_mfcc_train.1.ark:3090438
fbch0_si956 /nfs-share/xinchi/kaldi/egs/timit/s5_la3/mfcc/raw_mfcc_train.1.ark:244075
fdaw0_sx326 /nfs-share/xinchi/kaldi/egs/timit/s5_la3/mfcc/raw_mfcc_train.1.ark:840727
mhbs0_sx315 /nfs-share/xinchi/kaldi/egs/timit/s5_la3/mfcc/raw_mfcc_train.3.ark:318993
mtkp0_sx123 /nfs-share/xinchi/kaldi/egs/timit/s5_la3/mfcc/raw_mfcc_train.4.ark:2826806
mtxs0_si2320 /nfs-share/xinchi/kaldi/egs/timit/s5_la3/mfcc/raw_mfcc_train.4.ark:3305392
mkdt0_sx443 /nfs-share/xinchi/kaldi/egs/timit/s5_la3/mfcc/raw_mfcc_train.3.ark:2070031
msat1_sx353 /nfs-share/xinchi/kaldi/egs/timit/s5_la3/mfcc/raw_mfcc_train.4.ark:1815829
mejl0_si962 /nfs-share/xinchi/kaldi/egs/timit/s5_la3/mfcc/raw_mfcc_train.2.ark:3255018
mdlc0_si1395 /nfs-share/xinchi/kaldi/egs/timit/s5_la3/mfcc/raw_mfcc_train.2.ark:2451973
flod0_sx297 /nfs-share/xinchi/kaldi/egs/timit/s5_la3/mfcc/raw_mfcc_train.1.ark:2744855
mbjv0_si617 /nfs-share/xinchi/kaldi/egs/timit/s5_la3/mfcc/raw_mfcc_train.2.ark:1198415
mses0_sx329 /nfs-share/xinchi/kaldi/egs/timit/s5_la3/mfcc/raw_mfcc_train.4.ark:1983323
mewm0_sx88 /nfs-share/xinchi/kaldi/egs/timit/s5_la3/mfcc/raw_mfcc_train.2.ark:3393585
mkdb0_si588 /nfs-share/xinchi/kaldi/egs/timit/s5_la3/mfcc/raw_mfcc_train.3.ark:1983524
mree0_sx114 /nfs-share/xinchi/kaldi/egs/timit/s5_la3/mfcc/raw_mfcc_train.4.ark:553269
majp0_sx354 /nfs-share/xinchi/kaldi/egs/timit/s5_la3/mfcc/raw_mfcc_train.2.ark:866815
fcdr1_si1816 /nfs-share/xinchi/kaldi/egs/timit/s5_la3/mfcc/raw_mfcc_train.1.ark:475758
mtrt0_sx147 /nfs-share/xinchi/kaldi/egs/timit/s5_la3/mfcc/raw_mfcc_train.4.ark:3252426
mfxs0_sx144 /nfs-share/xinchi/kaldi/egs/timit/s5_la3/mfcc/raw_mfcc_train.2.ark:3530774
mpar0_si946 /nfs-share/xinchi/kaldi/egs/timit/s5_la3/mfcc/raw_mfcc_train.3.ark:3515076
mwre0_si2317 /nfs-share/xinchi/kaldi/egs/timit/s5_la3/mfcc/raw_mfcc_train.4.ark:3653787
mkls0_sx267 /nfs-share/xinchi/kaldi/egs/timit/s5_la3/mfcc/raw_mfcc_train.3.ark:2220090
mmgg0_sx179 /nfs-share/xinchi/kaldi/egs/timit/s5_la3/mfcc/raw_mfcc_train.3.ark:3067477
fnkl0_sx196 /nfs-share/xinchi/kaldi/egs/timit/s5_la3/mfcc/raw_mfcc_train.1.ark:3144908
mjlg1_sx382 /nfs-share/xinchi/kaldi/egs/timit/s5_la3/mfcc/raw_mfcc_train.3.ark:1228054
mcdd0_si1513 /nfs-share/xinchi/kaldi/egs/timit/s5_la3/mfcc/raw_mfcc_train.2.ark:1540625
msat1_si1703 /nfs-share/xinchi/kaldi/egs/timit/s5_la3/mfcc/raw_mfcc_train.4.ark:1800330
milb0_si2163 /nfs-share/xinchi/kaldi/egs/timit/s5_la3/mfcc/raw_mfcc_train.3.ark:514590
fjhk0_sx302 /nfs-share/xinchi/kaldi/egs/timit/s5_la3/mfcc/raw_mfcc_train.1.ark:1675172
mjjj0_sx353 /nfs-share/xinchi/kaldi/egs/timit/s5_la3/mfcc/raw_mfcc_train.3.ark:1094757
mrfl0_sx166 /nfs-share/xinchi/kaldi/egs/timit/s5_la3/mfcc/raw_mfcc_train.4.ark:713402
mjmd0_si1658 /nfs-share/xinchi/kaldi/egs/timit/s5_la3/mfcc/raw_mfcc_train.3.ark:1299086
fdmy0_sx207 /nfs-share/xinchi/kaldi/egs/timit/s5_la3/mfcc/raw_mfcc_train.1.ark:1002675
mdas0_sx96 /nfs-share/xinchi/kaldi/egs/timit/s5_la3/mfcc/raw_mfcc_train.2.ark:2022014
mhxl0_si1772 /nfs-share/xinchi/kaldi/egs/timit/s5_la3/mfcc/raw_mfcc_train.3.ark:481241
fcmg0_si1872 /nfs-share/xinchi/kaldi/egs/timit/s5_la3/mfcc/raw_mfcc_train.1.ark:663906
mgaf0_sx112 /nfs-share/xinchi/kaldi/egs/timit/s5_la3/mfcc/raw_mfcc_train.2.ark:3597124
mrmg0_si2340 /nfs-share/xinchi/kaldi/egs/timit/s5_la3/mfcc/raw_mfcc_train.4.ark:1245408
fdtd0_si1561 /nfs-share/xinchi/kaldi/egs/timit/s5_la3/mfcc/raw_mfcc_train.1.ark:1057309
milb0_sx273 /nfs-share/xinchi/kaldi/egs/timit/s5_la3/mfcc/raw_mfcc_train.3.ark:532194
ftbr0_sx381 /nfs-share/xinchi/kaldi/egs/timit/s5_la3/mfcc/raw_mfcc_train.2.ark:466569
fsgf0_sx207 /nfs-share/xinchi/kaldi/egs/timit/s5_la3/mfcc/raw_mfcc_train.1.ark:3811816
fsbk0_sx349 /nfs-share/xinchi/kaldi/egs/timit/s5_la3/mfcc/raw_mfcc_train.1.ark:3678436
fajw0_si633 /nfs-share/xinchi/kaldi/egs/timit/s5_la3/mfcc/raw_mfcc_train.1.ark:42998
falr0_sx65 /nfs-share/xinchi/kaldi/egs/timit/s5_la3/mfcc/raw_mfcc_train.1.ark:128603
fkde0_si2221 /nfs-share/xinchi/kaldi/egs/timit/s5_la3/mfcc/raw_mfcc_train.1.ark:2065265
mwdk0_sx266 /nfs-share/xinchi/kaldi/egs/timit/s5_la3/mfcc/raw_mfcc_train.4.ark:3565514
mtdp0_sx171 /nfs-share/xinchi/kaldi/egs/timit/s5_la3/mfcc/raw_mfcc_train.4.ark:2582957
msdb0_sx107 /nfs-share/xinchi/kaldi/egs/timit/s5_la3/mfcc/raw_mfcc_train.4.ark:1837440
fpaz0_si963 /nfs-share/xinchi/kaldi/egs/timit/s5_la3/mfcc/raw_mfcc_train.1.ark:3339859
makr0_sx272 /nfs-share/xinchi/kaldi/egs/timit/s5_la3/mfcc/raw_mfcc_train.2.ark:930480
mmdm0_si1941 /nfs-share/xinchi/kaldi/egs/timit/s5_la3/mfcc/raw_mfcc_train.3.ark:2883288
ftbw0_si1345 /nfs-share/xinchi/kaldi/egs/timit/s5_la3/mfcc/raw_mfcc_train.2.ark:469905
mtlb0_si1764 /nfs-share/xinchi/kaldi/egs/timit/s5_la3/mfcc/raw_mfcc_train.4.ark:2850015
mrfk0_sx446 /nfs-share/xinchi/kaldi/egs/timit/s5_la3/mfcc/raw_mfcc_train.4.ark:692449
mmpm0_sx431 /nfs-share/xinchi/kaldi/egs/timit/s5_la3/mfcc/raw_mfcc_train.3.ark:3199326
fksr0_si487 /nfs-share/xinchi/kaldi/egs/timit/s5_la3/mfcc/raw_mfcc_train.1.ark:2300705
mcpm0_sx294 /nfs-share/xinchi/kaldi/egs/timit/s5_la3/mfcc/raw_mfcc_train.2.ark:1796062
fmkc0_sx262 /nfs-share/xinchi/kaldi/egs/timit/s5_la3/mfcc/raw_mfcc_train.1.ark:3002425
mtdb0_si2031 /nfs-share/xinchi/kaldi/egs/timit/s5_la3/mfcc/raw_mfcc_train.4.ark:2542026
mjfr0_sx435 /nfs-share/xinchi/kaldi/egs/timit/s5_la3/mfcc/raw_mfcc_train.3.ark:994545
mfrm0_sx435 /nfs-share/xinchi/kaldi/egs/timit/s5_la3/mfcc/raw_mfcc_train.2.ark:3482411
msfh0_sx136 /nfs-share/xinchi/kaldi/egs/timit/s5_la3/mfcc/raw_mfcc_train.4.ark:2009431
mtmt0_sx308 /nfs-share/xinchi/kaldi/egs/timit/s5_la3/mfcc/raw_mfcc_train.4.ark:2996431
fcaj0_sx39 /nfs-share/xinchi/kaldi/egs/timit/s5_la3/mfcc/raw_mfcc_train.1.ark:461448
mdss1_sx247 /nfs-share/xinchi/kaldi/egs/timit/s5_la3/mfcc/raw_mfcc_train.2.ark:2981014
fhxs0_si2302 /nfs-share/xinchi/kaldi/egs/timit/s5_la3/mfcc/raw_mfcc_train.1.ark:1547257
mjxa0_sx337 /nfs-share/xinchi/kaldi/egs/timit/s5_la3/mfcc/raw_mfcc_train.3.ark:1805358
mkls1_sx285 /nfs-share/xinchi/kaldi/egs/timit/s5_la3/mfcc/raw_mfcc_train.3.ark:2260590
mjdc0_sx261 /nfs-share/xinchi/kaldi/egs/timit/s5_la3/mfcc/raw_mfcc_train.3.ark:721738
fceg0_sx438 /nfs-share/xinchi/kaldi/egs/timit/s5_la3/mfcc/raw_mfcc_train.1.ark:529852
fjxp0_sx312 /nfs-share/xinchi/kaldi/egs/timit/s5_la3/mfcc/raw_mfcc_train.1.ark:2005787
mddc0_sx339 /nfs-share/xinchi/kaldi/egs/timit/s5_la3/mfcc/raw_mfcc_train.2.ark:2173659
mmgk0_sx152 /nfs-share/xinchi/kaldi/egs/timit/s5_la3/mfcc/raw_mfcc_train.3.ark:3096641
mdcm0_si2110 /nfs-share/xinchi/kaldi/egs/timit/s5_la3/mfcc/raw_mfcc_train.2.ark:2127762
flkm0_sx80 /nfs-share/xinchi/kaldi/egs/timit/s5_la3/mfcc/raw_mfcc_train.1.ark:2625604
mjee0_sx247 /nfs-share/xinchi/kaldi/egs/timit/s5_la3/mfcc/raw_mfcc_train.3.ark:924776
mdjm0_sx195 /nfs-share/xinchi/kaldi/egs/timit/s5_la3/mfcc/raw_mfcc_train.2.ark:2370313
mctm0_sx360 /nfs-share/xinchi/kaldi/egs/timit/s5_la3/mfcc/raw_mfcc_train.2.ark:1919523
mwsb0_si1626 /nfs-share/xinchi/kaldi/egs/timit/s5_la3/mfcc/raw_mfcc_train.4.ark:3710084
mrew1_si2130 /nfs-share/xinchi/kaldi/egs/timit/s5_la3/mfcc/raw_mfcc_train.4.ark:643242
mrso0_si1659 /nfs-share/xinchi/kaldi/egs/timit/s5_la3/mfcc/raw_mfcc_train.4.ark:1443579
mkdt0_sx83 /nfs-share/xinchi/kaldi/egs/timit/s5_la3/mfcc/raw_mfcc_train.3.ark:2074223
mtbc0_si543 /nfs-share/xinchi/kaldi/egs/timit/s5_la3/mfcc/raw_mfcc_train.4.ark:2478193
fsls0_sx66 /nfs-share/xinchi/kaldi/egs/timit/s5_la3/mfcc/raw_mfcc_train.2.ark:205294
msjk0_sx336 /nfs-share/xinchi/kaldi/egs/timit/s5_la3/mfcc/raw_mfcc_train.4.ark:2090484
mdpb0_si1760 /nfs-share/xinchi/kaldi/egs/timit/s5_la3/mfcc/raw_mfcc_train.2.ark:2777999
fsjs0_si541 /nfs-share/xinchi/kaldi/egs/timit/s5_la3/mfcc/raw_mfcc_train.2.ark:22116
mdlb0_si676 /nfs-share/xinchi/kaldi/egs/timit/s5_la3/mfcc/raw_mfcc_train.2.ark:2425138
fvmh0_sx386 /nfs-share/xinchi/kaldi/egs/timit/s5_la3/mfcc/raw_mfcc_train.2.ark:657465
mbef0_si1911 /nfs-share/xinchi/kaldi/egs/timit/s5_la3/mfcc/raw_mfcc_train.2.ark:1134776
fskc0_si2046 /nfs-share/xinchi/kaldi/egs/timit/s5_la3/mfcc/raw_mfcc_train.2.ark:87366
fpaf0_sx424 /nfs-share/xinchi/kaldi/egs/timit/s5_la3/mfcc/raw_mfcc_train.1.ark:3323580
mlsh0_si1417 /nfs-share/xinchi/kaldi/egs/timit/s5_la3/mfcc/raw_mfcc_train.3.ark:2536064
mjxl0_si1795 /nfs-share/xinchi/kaldi/egs/timit/s5_la3/mfcc/raw_mfcc_train.3.ark:1822352
mddc0_sx159 /nfs-share/xinchi/kaldi/egs/timit/s5_la3/mfcc/raw_mfcc_train.2.ark:2166404
fmpg0_si1602 /nfs-share/xinchi/kaldi/egs/timit/s5_la3/mfcc/raw_mfcc_train.1.ark:3086166
mcth0_sx309 /nfs-share/xinchi/kaldi/egs/timit/s5_la3/mfcc/raw_mfcc_train.2.ark:1887161
mjeb0_si1286 /nfs-share/xinchi/kaldi/egs/timit/s5_la3/mfcc/raw_mfcc_train.3.ark:844007
mjws0_si1143 /nfs-share/xinchi/kaldi/egs/timit/s5_la3/mfcc/raw_mfcc_train.3.ark:1714715
mrlj1_sx231 /nfs-share/xinchi/kaldi/egs/timit/s5_la3/mfcc/raw_mfcc_train.4.ark:1131131
mpfu0_sx448 /nfs-share/xinchi/kaldi/egs/timit/s5_la3/mfcc/raw_mfcc_train.3.ark:3589487
mclk0_sx220 /nfs-share/xinchi/kaldi/egs/timit/s5_la3/mfcc/raw_mfcc_train.2.ark:1728569
mdss1_sx157 /nfs-share/xinchi/kaldi/egs/timit/s5_la3/mfcc/raw_mfcc_train.2.ark:2978043
mmam0_si1597 /nfs-share/xinchi/kaldi/egs/timit/s5_la3/mfcc/raw_mfcc_train.3.ark:2676029
mbma0_sx142 /nfs-share/xinchi/kaldi/egs/timit/s5_la3/mfcc/raw_mfcc_train.2.ark:1231915
flma0_sx163 /nfs-share/xinchi/kaldi/egs/timit/s5_la3/mfcc/raw_mfcc_train.1.ark:2640493
