fjen0_sx147 /nfs-share/titouan/workspace/kaldi/egs/timit/s5_la2/mfcc/raw_mfcc_train.1.ark:1629054
fsls0_si2316 /nfs-share/titouan/workspace/kaldi/egs/timit/s5_la2/mfcc/raw_mfcc_train.2.ark:184824
mkln0_si968 /nfs-share/titouan/workspace/kaldi/egs/timit/s5_la2/mfcc/raw_mfcc_train.3.ark:2149838
mjrg0_si736 /nfs-share/titouan/workspace/kaldi/egs/timit/s5_la2/mfcc/raw_mfcc_train.3.ark:1486493
faem0_sx402 /nfs-share/titouan/workspace/kaldi/egs/timit/s5_la2/mfcc/raw_mfcc_train.1.ark:25549
fjsp0_sx84 /nfs-share/titouan/workspace/kaldi/egs/timit/s5_la2/mfcc/raw_mfcc_train.1.ark:1915553
mcxm0_sx271 /nfs-share/titouan/workspace/kaldi/egs/timit/s5_la2/mfcc/raw_mfcc_train.2.ark:1947458
fexm0_si1731 /nfs-share/titouan/workspace/kaldi/egs/timit/s5_la2/mfcc/raw_mfcc_train.1.ark:1330683
mmds0_sx83 /nfs-share/titouan/workspace/kaldi/egs/timit/s5_la2/mfcc/raw_mfcc_train.3.ark:2964875
mjde0_sx220 /nfs-share/titouan/workspace/kaldi/egs/timit/s5_la2/mfcc/raw_mfcc_train.3.ark:756218
mtjg0_sx170 /nfs-share/titouan/workspace/kaldi/egs/timit/s5_la2/mfcc/raw_mfcc_train.4.ark:2651333
mrhl0_sx435 /nfs-share/titouan/workspace/kaldi/egs/timit/s5_la2/mfcc/raw_mfcc_train.4.ark:833010
frjb0_sx77 /nfs-share/titouan/workspace/kaldi/egs/timit/s5_la2/mfcc/raw_mfcc_train.1.ark:3518784
mtrr0_sx198 /nfs-share/titouan/workspace/kaldi/egs/timit/s5_la2/mfcc/raw_mfcc_train.4.ark:3225576
fpad0_sx266 /nfs-share/titouan/workspace/kaldi/egs/timit/s5_la2/mfcc/raw_mfcc_train.1.ark:3281804
mdef0_sx33 /nfs-share/titouan/workspace/kaldi/egs/timit/s5_la2/mfcc/raw_mfcc_train.2.ark:2241458
mgar0_sx402 /nfs-share/titouan/workspace/kaldi/egs/timit/s5_la2/mfcc/raw_mfcc_train.3.ark:25121
mrtj0_sx142 /nfs-share/titouan/workspace/kaldi/egs/timit/s5_la2/mfcc/raw_mfcc_train.4.ark:1560531
mdcm0_sx220 /nfs-share/titouan/workspace/kaldi/egs/timit/s5_la2/mfcc/raw_mfcc_train.2.ark:2138911
mlns0_si777 /nfs-share/titouan/workspace/kaldi/egs/timit/s5_la2/mfcc/raw_mfcc_train.3.ark:2514481
mesg0_sx162 /nfs-share/titouan/workspace/kaldi/egs/timit/s5_la2/mfcc/raw_mfcc_train.2.ark:3321556
fmkf0_sx6 /nfs-share/titouan/workspace/kaldi/egs/timit/s5_la2/mfcc/raw_mfcc_train.1.ark:3045823
mrtj0_sx412 /nfs-share/titouan/workspace/kaldi/egs/timit/s5_la2/mfcc/raw_mfcc_train.4.ark:1576399
fksr0_sx397 /nfs-share/titouan/workspace/kaldi/egs/timit/s5_la2/mfcc/raw_mfcc_train.1.ark:2321292
fskp0_sx18 /nfs-share/titouan/workspace/kaldi/egs/timit/s5_la2/mfcc/raw_mfcc_train.2.ark:162094
fjlr0_sx151 /nfs-share/titouan/workspace/kaldi/egs/timit/s5_la2/mfcc/raw_mfcc_train.1.ark:1760467
fmah1_si2139 /nfs-share/titouan/workspace/kaldi/egs/timit/s5_la2/mfcc/raw_mfcc_train.1.ark:2788824
fltm0_sx440 /nfs-share/titouan/workspace/kaldi/egs/timit/s5_la2/mfcc/raw_mfcc_train.1.ark:2776738
fpaz0_si1593 /nfs-share/titouan/workspace/kaldi/egs/timit/s5_la2/mfcc/raw_mfcc_train.1.ark:3331173
fsjk1_sx305 /nfs-share/titouan/workspace/kaldi/egs/timit/s5_la2/mfcc/raw_mfcc_train.2.ark:4023
mwac0_si1601 /nfs-share/titouan/workspace/kaldi/egs/timit/s5_la2/mfcc/raw_mfcc_train.4.ark:3424750
mcxm0_sx181 /nfs-share/titouan/workspace/kaldi/egs/timit/s5_la2/mfcc/raw_mfcc_train.2.ark:1942329
madc0_sx107 /nfs-share/titouan/workspace/kaldi/egs/timit/s5_la2/mfcc/raw_mfcc_train.2.ark:704105
mjdc0_si531 /nfs-share/titouan/workspace/kaldi/egs/timit/s5_la2/mfcc/raw_mfcc_train.3.ark:709582
mntw0_si2328 /nfs-share/titouan/workspace/kaldi/egs/timit/s5_la2/mfcc/raw_mfcc_train.3.ark:3486731
mdwm0_si1546 /nfs-share/titouan/workspace/kaldi/egs/timit/s5_la2/mfcc/raw_mfcc_train.2.ark:3092039
mmar0_sx346 /nfs-share/titouan/workspace/kaldi/egs/timit/s5_la2/mfcc/raw_mfcc_train.3.ark:2730255
fpac0_si2011 /nfs-share/titouan/workspace/kaldi/egs/timit/s5_la2/mfcc/raw_mfcc_train.1.ark:3233990
msmr0_sx415 /nfs-share/titouan/workspace/kaldi/egs/timit/s5_la2/mfcc/raw_mfcc_train.4.ark:2161896
mrmg0_sx270 /nfs-share/titouan/workspace/kaldi/egs/timit/s5_la2/mfcc/raw_mfcc_train.4.ark:1254002
mmwb0_si989 /nfs-share/titouan/workspace/kaldi/egs/timit/s5_la2/mfcc/raw_mfcc_train.3.ark:3326198
mdem0_si1868 /nfs-share/titouan/workspace/kaldi/egs/timit/s5_la2/mfcc/raw_mfcc_train.2.ark:2248051
mbgt0_sx441 /nfs-share/titouan/workspace/kaldi/egs/timit/s5_la2/mfcc/raw_mfcc_train.2.ark:1184177
mjmm0_si1885 /nfs-share/titouan/workspace/kaldi/egs/timit/s5_la2/mfcc/raw_mfcc_train.3.ark:1329798
mkls0_sx177 /nfs-share/titouan/workspace/kaldi/egs/timit/s5_la2/mfcc/raw_mfcc_train.3.ark:2217314
mtrc0_sx273 /nfs-share/titouan/workspace/kaldi/egs/timit/s5_la2/mfcc/raw_mfcc_train.4.ark:3197336
fblv0_sx158 /nfs-share/titouan/workspace/kaldi/egs/timit/s5_la2/mfcc/raw_mfcc_train.1.ark:323517
mrwa0_sx163 /nfs-share/titouan/workspace/kaldi/egs/timit/s5_la2/mfcc/raw_mfcc_train.4.ark:1626256
mbth0_sx32 /nfs-share/titouan/workspace/kaldi/egs/timit/s5_la2/mfcc/raw_mfcc_train.2.ark:1394940
mrkm0_sx277 /nfs-share/titouan/workspace/kaldi/egs/timit/s5_la2/mfcc/raw_mfcc_train.4.ark:1040338
fscn0_sx86 /nfs-share/titouan/workspace/kaldi/egs/timit/s5_la2/mfcc/raw_mfcc_train.1.ark:3730336
mtrc0_si589 /nfs-share/titouan/workspace/kaldi/egs/timit/s5_la2/mfcc/raw_mfcc_train.4.ark:3180837
fkdw0_si1891 /nfs-share/titouan/workspace/kaldi/egs/timit/s5_la2/mfcc/raw_mfcc_train.1.ark:2095540
mtlb0_si1134 /nfs-share/titouan/workspace/kaldi/egs/timit/s5_la2/mfcc/raw_mfcc_train.4.ark:2844157
fsjg0_sx40 /nfs-share/titouan/workspace/kaldi/egs/timit/s5_la2/mfcc/raw_mfcc_train.1.ark:3857113
fclt0_si808 /nfs-share/titouan/workspace/kaldi/egs/timit/s5_la2/mfcc/raw_mfcc_train.1.ark:627747
mcef0_sx55 /nfs-share/titouan/workspace/kaldi/egs/timit/s5_la2/mfcc/raw_mfcc_train.2.ark:1632373
mgak0_si1666 /nfs-share/titouan/workspace/kaldi/egs/timit/s5_la2/mfcc/raw_mfcc_train.2.ark:3647975
mrab1_sx308 /nfs-share/titouan/workspace/kaldi/egs/timit/s5_la2/mfcc/raw_mfcc_train.4.ark:237576
mrml0_sx251 /nfs-share/titouan/workspace/kaldi/egs/timit/s5_la2/mfcc/raw_mfcc_train.4.ark:1321158
mdas0_si636 /nfs-share/titouan/workspace/kaldi/egs/timit/s5_la2/mfcc/raw_mfcc_train.2.ark:2004719
mmvp0_sx204 /nfs-share/titouan/workspace/kaldi/egs/timit/s5_la2/mfcc/raw_mfcc_train.3.ark:3296098
mlbc0_sx69 /nfs-share/titouan/workspace/kaldi/egs/timit/s5_la2/mfcc/raw_mfcc_train.3.ark:2391424
mdcm0_sx310 /nfs-share/titouan/workspace/kaldi/egs/timit/s5_la2/mfcc/raw_mfcc_train.2.ark:2143598
flhd0_sx174 /nfs-share/titouan/workspace/kaldi/egs/timit/s5_la2/mfcc/raw_mfcc_train.1.ark:2465969
fjxm0_si1211 /nfs-share/titouan/workspace/kaldi/egs/timit/s5_la2/mfcc/raw_mfcc_train.1.ark:1950574
flja0_sx268 /nfs-share/titouan/workspace/kaldi/egs/timit/s5_la2/mfcc/raw_mfcc_train.1.ark:2503942
mjlb0_sx446 /nfs-share/titouan/workspace/kaldi/egs/timit/s5_la2/mfcc/raw_mfcc_train.3.ark:1195724
mwdk0_sx446 /nfs-share/titouan/workspace/kaldi/egs/timit/s5_la2/mfcc/raw_mfcc_train.4.ark:3572873
fvkb0_sx169 /nfs-share/titouan/workspace/kaldi/egs/timit/s5_la2/mfcc/raw_mfcc_train.2.ark:606980
mgaf0_sx382 /nfs-share/titouan/workspace/kaldi/egs/timit/s5_la2/mfcc/raw_mfcc_train.2.ark:3608851
mjjb0_si1139 /nfs-share/titouan/workspace/kaldi/egs/timit/s5_la2/mfcc/raw_mfcc_train.3.ark:1036449
mjeb0_sx386 /nfs-share/titouan/workspace/kaldi/egs/timit/s5_la2/mfcc/raw_mfcc_train.3.ark:872409
mtqc0_si480 /nfs-share/titouan/workspace/kaldi/egs/timit/s5_la2/mfcc/raw_mfcc_train.4.ark:3147768
mdsj0_sx292 /nfs-share/titouan/workspace/kaldi/egs/timit/s5_la2/mfcc/raw_mfcc_train.2.ark:2926696
mkrg0_sx231 /nfs-share/titouan/workspace/kaldi/egs/timit/s5_la2/mfcc/raw_mfcc_train.3.ark:2322052
mdss1_sx67 /nfs-share/titouan/workspace/kaldi/egs/timit/s5_la2/mfcc/raw_mfcc_train.2.ark:2991863
mjeb0_si656 /nfs-share/titouan/workspace/kaldi/egs/timit/s5_la2/mfcc/raw_mfcc_train.3.ark:852186
mwdk0_sx356 /nfs-share/titouan/workspace/kaldi/egs/timit/s5_la2/mfcc/raw_mfcc_train.4.ark:3568849
msjk0_si2226 /nfs-share/titouan/workspace/kaldi/egs/timit/s5_la2/mfcc/raw_mfcc_train.4.ark:2075740
mdhs0_sx270 /nfs-share/titouan/workspace/kaldi/egs/timit/s5_la2/mfcc/raw_mfcc_train.2.ark:2335761
mfxs0_sx54 /nfs-share/titouan/workspace/kaldi/egs/timit/s5_la2/mfcc/raw_mfcc_train.2.ark:3548338
mcdd0_sx253 /nfs-share/titouan/workspace/kaldi/egs/timit/s5_la2/mfcc/raw_mfcc_train.2.ark:1554876
fcjf0_sx127 /nfs-share/titouan/workspace/kaldi/egs/timit/s5_la2/mfcc/raw_mfcc_train.1.ark:549934
mtab0_si2202 /nfs-share/titouan/workspace/kaldi/egs/timit/s5_la2/mfcc/raw_mfcc_train.4.ark:2346190
fltm0_sx80 /nfs-share/titouan/workspace/kaldi/egs/timit/s5_la2/mfcc/raw_mfcc_train.1.ark:2782152
mrjm0_si1858 /nfs-share/titouan/workspace/kaldi/egs/timit/s5_la2/mfcc/raw_mfcc_train.4.ark:924050
fdnc0_sx18 /nfs-share/titouan/workspace/kaldi/egs/timit/s5_la2/mfcc/raw_mfcc_train.1.ark:1039873
mmeb0_sx187 /nfs-share/titouan/workspace/kaldi/egs/timit/s5_la2/mfcc/raw_mfcc_train.3.ark:3006887
fkkh0_si1290 /nfs-share/titouan/workspace/kaldi/egs/timit/s5_la2/mfcc/raw_mfcc_train.1.ark:2159346
mcae0_si2077 /nfs-share/titouan/workspace/kaldi/egs/timit/s5_la2/mfcc/raw_mfcc_train.2.ark:1444108
mgrl0_si2127 /nfs-share/titouan/workspace/kaldi/egs/timit/s5_la2/mfcc/raw_mfcc_train.3.ark:129978
mrws0_si1732 /nfs-share/titouan/workspace/kaldi/egs/timit/s5_la2/mfcc/raw_mfcc_train.4.ark:1651324
mafm0_sx309 /nfs-share/titouan/workspace/kaldi/egs/timit/s5_la2/mfcc/raw_mfcc_train.2.ark:833269
mbwp0_si1531 /nfs-share/titouan/workspace/kaldi/egs/timit/s5_la2/mfcc/raw_mfcc_train.2.ark:1403002
mtlb0_si504 /nfs-share/titouan/workspace/kaldi/egs/timit/s5_la2/mfcc/raw_mfcc_train.4.ark:2852518
mdef0_sx123 /nfs-share/titouan/workspace/kaldi/egs/timit/s5_la2/mfcc/raw_mfcc_train.2.ark:2231792
mrjb1_si2021 /nfs-share/titouan/workspace/kaldi/egs/timit/s5_la2/mfcc/raw_mfcc_train.4.ark:852293
mdmt0_sx32 /nfs-share/titouan/workspace/kaldi/egs/timit/s5_la2/mfcc/raw_mfcc_train.2.ark:2738303
mnet0_sx6 /nfs-share/titouan/workspace/kaldi/egs/timit/s5_la2/mfcc/raw_mfcc_train.3.ark:3466551
fsjg0_sx400 /nfs-share/titouan/workspace/kaldi/egs/timit/s5_la2/mfcc/raw_mfcc_train.1.ark:3862606
mdss0_sx261 /nfs-share/titouan/workspace/kaldi/egs/timit/s5_la2/mfcc/raw_mfcc_train.2.ark:2953839
fsrh0_sx311 /nfs-share/titouan/workspace/kaldi/egs/timit/s5_la2/mfcc/raw_mfcc_train.2.ark:363438
mkls0_si2067 /nfs-share/titouan/workspace/kaldi/egs/timit/s5_la2/mfcc/raw_mfcc_train.3.ark:2211665
mkln0_sx428 /nfs-share/titouan/workspace/kaldi/egs/timit/s5_la2/mfcc/raw_mfcc_train.3.ark:2165297
fmjf0_si1884 /nfs-share/titouan/workspace/kaldi/egs/timit/s5_la2/mfcc/raw_mfcc_train.1.ark:2920935
mhbs0_si2205 /nfs-share/titouan/workspace/kaldi/egs/timit/s5_la2/mfcc/raw_mfcc_train.3.ark:302949
mrav0_sx198 /nfs-share/titouan/workspace/kaldi/egs/timit/s5_la2/mfcc/raw_mfcc_train.4.ark:335495
mrdd0_sx330 /nfs-share/titouan/workspace/kaldi/egs/timit/s5_la2/mfcc/raw_mfcc_train.4.ark:467981
mfer0_sx142 /nfs-share/titouan/workspace/kaldi/egs/timit/s5_la2/mfcc/raw_mfcc_train.2.ark:3407343
fjlr0_si601 /nfs-share/titouan/workspace/kaldi/egs/timit/s5_la2/mfcc/raw_mfcc_train.1.ark:1756729
msat0_sx356 /nfs-share/titouan/workspace/kaldi/egs/timit/s5_la2/mfcc/raw_mfcc_train.4.ark:1786404
mgsl0_sx444 /nfs-share/titouan/workspace/kaldi/egs/timit/s5_la2/mfcc/raw_mfcc_train.3.ark:254786
fmmh0_sx367 /nfs-share/titouan/workspace/kaldi/egs/timit/s5_la2/mfcc/raw_mfcc_train.1.ark:3070358
fdtd0_sx301 /nfs-share/titouan/workspace/kaldi/egs/timit/s5_la2/mfcc/raw_mfcc_train.1.ark:1077989
mrml0_sx71 /nfs-share/titouan/workspace/kaldi/egs/timit/s5_la2/mfcc/raw_mfcc_train.4.ark:1336804
mdrd0_si2012 /nfs-share/titouan/workspace/kaldi/egs/timit/s5_la2/mfcc/raw_mfcc_train.2.ark:2874404
mmbs0_si1781 /nfs-share/titouan/workspace/kaldi/egs/timit/s5_la2/mfcc/raw_mfcc_train.3.ark:2747691
fmpg0_sx342 /nfs-share/titouan/workspace/kaldi/egs/timit/s5_la2/mfcc/raw_mfcc_train.1.ark:3111669
mmea0_si758 /nfs-share/titouan/workspace/kaldi/egs/timit/s5_la2/mfcc/raw_mfcc_train.3.ark:2974180
freh0_si1945 /nfs-share/titouan/workspace/kaldi/egs/timit/s5_la2/mfcc/raw_mfcc_train.1.ark:3468778
fsms1_sx154 /nfs-share/titouan/workspace/kaldi/egs/timit/s5_la2/mfcc/raw_mfcc_train.2.ark:290497
mljc0_sx235 /nfs-share/titouan/workspace/kaldi/egs/timit/s5_la2/mfcc/raw_mfcc_train.3.ark:2449589
mmeb0_sx327 /nfs-share/titouan/workspace/kaldi/egs/timit/s5_la2/mfcc/raw_mfcc_train.3.ark:3009338
mkln0_sx68 /nfs-share/titouan/workspace/kaldi/egs/timit/s5_la2/mfcc/raw_mfcc_train.3.ark:2169827
fbmh0_sx416 /nfs-share/titouan/workspace/kaldi/egs/timit/s5_la2/mfcc/raw_mfcc_train.1.ark:367197
flet0_sx417 /nfs-share/titouan/workspace/kaldi/egs/timit/s5_la2/mfcc/raw_mfcc_train.1.ark:2448382
mjrh1_sx334 /nfs-share/titouan/workspace/kaldi/egs/timit/s5_la2/mfcc/raw_mfcc_train.3.ark:1567190
mrxb0_sx325 /nfs-share/titouan/workspace/kaldi/egs/timit/s5_la2/mfcc/raw_mfcc_train.4.ark:1695830
mdss1_si1327 /nfs-share/titouan/workspace/kaldi/egs/timit/s5_la2/mfcc/raw_mfcc_train.2.ark:2966477
mpeb0_sx60 /nfs-share/titouan/workspace/kaldi/egs/timit/s5_la2/mfcc/raw_mfcc_train.3.ark:3560888
mefg0_sx105 /nfs-share/titouan/workspace/kaldi/egs/timit/s5_la2/mfcc/raw_mfcc_train.2.ark:3194268
mmds0_sx353 /nfs-share/titouan/workspace/kaldi/egs/timit/s5_la2/mfcc/raw_mfcc_train.3.ark:2958245
mjmm0_sx355 /nfs-share/titouan/workspace/kaldi/egs/timit/s5_la2/mfcc/raw_mfcc_train.3.ark:1345101
fbcg1_sx352 /nfs-share/titouan/workspace/kaldi/egs/timit/s5_la2/mfcc/raw_mfcc_train.1.ark:225067
mdlr1_si669 /nfs-share/titouan/workspace/kaldi/egs/timit/s5_la2/mfcc/raw_mfcc_train.2.ark:2651399
mwsh0_si2266 /nfs-share/titouan/workspace/kaldi/egs/timit/s5_la2/mfcc/raw_mfcc_train.4.ark:3744922
mgrl0_sx327 /nfs-share/titouan/workspace/kaldi/egs/timit/s5_la2/mfcc/raw_mfcc_train.3.ark:143916
fnkl0_si2152 /nfs-share/titouan/workspace/kaldi/egs/timit/s5_la2/mfcc/raw_mfcc_train.1.ark:3130925
fbjl0_sx112 /nfs-share/titouan/workspace/kaldi/egs/timit/s5_la2/mfcc/raw_mfcc_train.1.ark:288190
mdef0_sx393 /nfs-share/titouan/workspace/kaldi/egs/timit/s5_la2/mfcc/raw_mfcc_train.2.ark:2245287
mgsh0_sx6 /nfs-share/titouan/workspace/kaldi/egs/timit/s5_la2/mfcc/raw_mfcc_train.3.ark:220228
fbas0_si2066 /nfs-share/titouan/workspace/kaldi/egs/timit/s5_la2/mfcc/raw_mfcc_train.1.ark:182895
mrtc0_sx288 /nfs-share/titouan/workspace/kaldi/egs/timit/s5_la2/mfcc/raw_mfcc_train.4.ark:1536197
flja0_si2338 /nfs-share/titouan/workspace/kaldi/egs/timit/s5_la2/mfcc/raw_mfcc_train.1.ark:2496245
mmwb0_sx269 /nfs-share/titouan/workspace/kaldi/egs/timit/s5_la2/mfcc/raw_mfcc_train.3.ark:3335910
mmgc0_sx405 /nfs-share/titouan/workspace/kaldi/egs/timit/s5_la2/mfcc/raw_mfcc_train.3.ark:3048707
fcrz0_sx163 /nfs-share/titouan/workspace/kaldi/egs/timit/s5_la2/mfcc/raw_mfcc_train.1.ark:731874
frll0_si1514 /nfs-share/titouan/workspace/kaldi/egs/timit/s5_la2/mfcc/raw_mfcc_train.1.ark:3522718
mjac0_si701 /nfs-share/titouan/workspace/kaldi/egs/timit/s5_la2/mfcc/raw_mfcc_train.3.ark:550422
mrdm0_sx155 /nfs-share/titouan/workspace/kaldi/egs/timit/s5_la2/mfcc/raw_mfcc_train.4.ark:489285
mrbc0_sx419 /nfs-share/titouan/workspace/kaldi/egs/timit/s5_la2/mfcc/raw_mfcc_train.4.ark:370400
mpmb0_si871 /nfs-share/titouan/workspace/kaldi/egs/timit/s5_la2/mfcc/raw_mfcc_train.3.ark:3705166
fbas0_sx127 /nfs-share/titouan/workspace/kaldi/egs/timit/s5_la2/mfcc/raw_mfcc_train.1.ark:191014
msdb0_sx197 /nfs-share/titouan/workspace/kaldi/egs/timit/s5_la2/mfcc/raw_mfcc_train.4.ark:1842276
fbmh0_sx236 /nfs-share/titouan/workspace/kaldi/egs/timit/s5_la2/mfcc/raw_mfcc_train.1.ark:360956
fmbg0_sx440 /nfs-share/titouan/workspace/kaldi/egs/timit/s5_la2/mfcc/raw_mfcc_train.1.ark:2840460
fgdp0_sx268 /nfs-share/titouan/workspace/kaldi/egs/timit/s5_la2/mfcc/raw_mfcc_train.1.ark:1412615
mjac0_si2148 /nfs-share/titouan/workspace/kaldi/egs/timit/s5_la2/mfcc/raw_mfcc_train.3.ark:548153
mprd0_si801 /nfs-share/titouan/workspace/kaldi/egs/timit/s5_la2/mfcc/raw_mfcc_train.4.ark:61667
fdas1_sx291 /nfs-share/titouan/workspace/kaldi/egs/timit/s5_la2/mfcc/raw_mfcc_train.1.ark:810710
mjrp0_sx135 /nfs-share/titouan/workspace/kaldi/egs/timit/s5_la2/mfcc/raw_mfcc_train.3.ark:1618575
mdcd0_sx425 /nfs-share/titouan/workspace/kaldi/egs/timit/s5_la2/mfcc/raw_mfcc_train.2.ark:2116404
mfwk0_si1879 /nfs-share/titouan/workspace/kaldi/egs/timit/s5_la2/mfcc/raw_mfcc_train.2.ark:3493678
fdtd0_si2191 /nfs-share/titouan/workspace/kaldi/egs/timit/s5_la2/mfcc/raw_mfcc_train.1.ark:1061555
mejs0_si1240 /nfs-share/titouan/workspace/kaldi/egs/timit/s5_la2/mfcc/raw_mfcc_train.2.ark:3277602
mjxl0_si542 /nfs-share/titouan/workspace/kaldi/egs/timit/s5_la2/mfcc/raw_mfcc_train.3.ark:1824712
flac0_si2161 /nfs-share/titouan/workspace/kaldi/egs/timit/s5_la2/mfcc/raw_mfcc_train.1.ark:2331630
mkes0_si1253 /nfs-share/titouan/workspace/kaldi/egs/timit/s5_la2/mfcc/raw_mfcc_train.3.ark:2077754
mjwg0_sx85 /nfs-share/titouan/workspace/kaldi/egs/timit/s5_la2/mfcc/raw_mfcc_train.3.ark:1711145
mppc0_sx332 /nfs-share/titouan/workspace/kaldi/egs/timit/s5_la2/mfcc/raw_mfcc_train.4.ark:3971
fdas1_sx111 /nfs-share/titouan/workspace/kaldi/egs/timit/s5_la2/mfcc/raw_mfcc_train.1.ark:800069
mtdp0_sx261 /nfs-share/titouan/workspace/kaldi/egs/timit/s5_la2/mfcc/raw_mfcc_train.4.ark:2589022
fmkf0_si906 /nfs-share/titouan/workspace/kaldi/egs/timit/s5_la2/mfcc/raw_mfcc_train.1.ark:3029729
fjrb0_si1302 /nfs-share/titouan/workspace/kaldi/egs/timit/s5_la2/mfcc/raw_mfcc_train.1.ark:1781328
fceg0_si1248 /nfs-share/titouan/workspace/kaldi/egs/timit/s5_la2/mfcc/raw_mfcc_train.1.ark:509841
mrdd0_si1050 /nfs-share/titouan/workspace/kaldi/egs/timit/s5_la2/mfcc/raw_mfcc_train.4.ark:445980
fmjb0_sx97 /nfs-share/titouan/workspace/kaldi/egs/timit/s5_la2/mfcc/raw_mfcc_train.1.ark:2914575
mchl0_sx267 /nfs-share/titouan/workspace/kaldi/egs/timit/s5_la2/mfcc/raw_mfcc_train.2.ark:1694478
falr0_si1325 /nfs-share/titouan/workspace/kaldi/egs/timit/s5_la2/mfcc/raw_mfcc_train.1.ark:101592
mdmt0_si572 /nfs-share/titouan/workspace/kaldi/egs/timit/s5_la2/mfcc/raw_mfcc_train.2.ark:2720154
mfrm0_sx165 /nfs-share/titouan/workspace/kaldi/egs/timit/s5_la2/mfcc/raw_mfcc_train.2.ark:3471756
mljc0_sx55 /nfs-share/titouan/workspace/kaldi/egs/timit/s5_la2/mfcc/raw_mfcc_train.3.ark:2460750
fjlg0_sx269 /nfs-share/titouan/workspace/kaldi/egs/timit/s5_la2/mfcc/raw_mfcc_train.1.ark:1731726
mfmc0_sx52 /nfs-share/titouan/workspace/kaldi/egs/timit/s5_la2/mfcc/raw_mfcc_train.2.ark:3455085
mtxs0_si1690 /nfs-share/titouan/workspace/kaldi/egs/timit/s5_la2/mfcc/raw_mfcc_train.4.ark:3303044
mrre0_sx164 /nfs-share/titouan/workspace/kaldi/egs/timit/s5_la2/mfcc/raw_mfcc_train.4.ark:1415872
mddc0_sx249 /nfs-share/titouan/workspace/kaldi/egs/timit/s5_la2/mfcc/raw_mfcc_train.2.ark:2170363
madd0_si1798 /nfs-share/titouan/workspace/kaldi/egs/timit/s5_la2/mfcc/raw_mfcc_train.2.ark:724883
msfh0_si1216 /nfs-share/titouan/workspace/kaldi/egs/timit/s5_la2/mfcc/raw_mfcc_train.4.ark:1993159
meal0_si1547 /nfs-share/titouan/workspace/kaldi/egs/timit/s5_la2/mfcc/raw_mfcc_train.2.ark:3123972
msvs0_sx38 /nfs-share/titouan/workspace/kaldi/egs/timit/s5_la2/mfcc/raw_mfcc_train.4.ark:2328773
mzmb0_sx176 /nfs-share/titouan/workspace/kaldi/egs/timit/s5_la2/mfcc/raw_mfcc_train.4.ark:3789570
fhlm0_sx349 /nfs-share/titouan/workspace/kaldi/egs/timit/s5_la2/mfcc/raw_mfcc_train.1.ark:1531023
mgrp0_sx417 /nfs-share/titouan/workspace/kaldi/egs/timit/s5_la2/mfcc/raw_mfcc_train.3.ark:185151
fsmm0_si1314 /nfs-share/titouan/workspace/kaldi/egs/timit/s5_la2/mfcc/raw_mfcc_train.2.ark:243449
mgag0_si645 /nfs-share/titouan/workspace/kaldi/egs/timit/s5_la2/mfcc/raw_mfcc_train.2.ark:3617420
mjwg0_si895 /nfs-share/titouan/workspace/kaldi/egs/timit/s5_la2/mfcc/raw_mfcc_train.3.ark:1686723
mmeb0_si1357 /nfs-share/titouan/workspace/kaldi/egs/timit/s5_la2/mfcc/raw_mfcc_train.3.ark:2995958
fkde0_sx241 /nfs-share/titouan/workspace/kaldi/egs/timit/s5_la2/mfcc/raw_mfcc_train.1.ark:2072247
fmjb0_sx367 /nfs-share/titouan/workspace/kaldi/egs/timit/s5_la2/mfcc/raw_mfcc_train.1.ark:2905971
mdhl0_sx449 /nfs-share/titouan/workspace/kaldi/egs/timit/s5_la2/mfcc/raw_mfcc_train.2.ark:2311382
fjwb1_sx75 /nfs-share/titouan/workspace/kaldi/egs/timit/s5_la2/mfcc/raw_mfcc_train.1.ark:1947641
mtju0_sx310 /nfs-share/titouan/workspace/kaldi/egs/timit/s5_la2/mfcc/raw_mfcc_train.4.ark:2763565
fpaf0_si2314 /nfs-share/titouan/workspace/kaldi/egs/timit/s5_la2/mfcc/raw_mfcc_train.1.ark:3308849
mrem0_si511 /nfs-share/titouan/workspace/kaldi/egs/timit/s5_la2/mfcc/raw_mfcc_train.4.ark:611400
mtxs0_sx160 /nfs-share/titouan/workspace/kaldi/egs/timit/s5_la2/mfcc/raw_mfcc_train.4.ark:3311405
mmea0_sx218 /nfs-share/titouan/workspace/kaldi/egs/timit/s5_la2/mfcc/raw_mfcc_train.3.ark:2982228
fclt0_sx448 /nfs-share/titouan/workspace/kaldi/egs/timit/s5_la2/mfcc/raw_mfcc_train.1.ark:645715
mrjh0_sx259 /nfs-share/titouan/workspace/kaldi/egs/timit/s5_la2/mfcc/raw_mfcc_train.4.ark:900190
mrds0_si1167 /nfs-share/titouan/workspace/kaldi/egs/timit/s5_la2/mfcc/raw_mfcc_train.4.ark:508443
mmdb0_si1617 /nfs-share/titouan/workspace/kaldi/egs/timit/s5_la2/mfcc/raw_mfcc_train.3.ark:2817615
mrml0_sx431 /nfs-share/titouan/workspace/kaldi/egs/timit/s5_la2/mfcc/raw_mfcc_train.4.ark:1331962
fskl0_sx89 /nfs-share/titouan/workspace/kaldi/egs/timit/s5_la2/mfcc/raw_mfcc_train.2.ark:142155
fskc0_sx246 /nfs-share/titouan/workspace/kaldi/egs/timit/s5_la2/mfcc/raw_mfcc_train.2.ark:97631
flag0_si834 /nfs-share/titouan/workspace/kaldi/egs/timit/s5_la2/mfcc/raw_mfcc_train.1.ark:2364753
mjma0_sx235 /nfs-share/titouan/workspace/kaldi/egs/timit/s5_la2/mfcc/raw_mfcc_train.3.ark:1283177
mppc0_sx242 /nfs-share/titouan/workspace/kaldi/egs/timit/s5_la2/mfcc/raw_mfcc_train.4.ark:12
mram0_sx195 /nfs-share/titouan/workspace/kaldi/egs/timit/s5_la2/mfcc/raw_mfcc_train.4.ark:306278
mrmb0_si951 /nfs-share/titouan/workspace/kaldi/egs/timit/s5_la2/mfcc/raw_mfcc_train.4.ark:1214280
fsbk0_si1069 /nfs-share/titouan/workspace/kaldi/egs/timit/s5_la2/mfcc/raw_mfcc_train.1.ark:3659393
mtlc0_sx127 /nfs-share/titouan/workspace/kaldi/egs/timit/s5_la2/mfcc/raw_mfcc_train.4.ark:2892388
msjk0_si1596 /nfs-share/titouan/workspace/kaldi/egs/timit/s5_la2/mfcc/raw_mfcc_train.4.ark:2069427
mwad0_sx72 /nfs-share/titouan/workspace/kaldi/egs/timit/s5_la2/mfcc/raw_mfcc_train.4.ark:3487114
mejs0_sx160 /nfs-share/titouan/workspace/kaldi/egs/timit/s5_la2/mfcc/raw_mfcc_train.2.ark:3290273
mgsh0_si1176 /nfs-share/titouan/workspace/kaldi/egs/timit/s5_la2/mfcc/raw_mfcc_train.3.ark:193849
mjeb1_si1467 /nfs-share/titouan/workspace/kaldi/egs/timit/s5_la2/mfcc/raw_mfcc_train.3.ark:875472
frll0_sx254 /nfs-share/titouan/workspace/kaldi/egs/timit/s5_la2/mfcc/raw_mfcc_train.1.ark:3541115
falr0_si1955 /nfs-share/titouan/workspace/kaldi/egs/timit/s5_la2/mfcc/raw_mfcc_train.1.ark:105942
fljg0_sx351 /nfs-share/titouan/workspace/kaldi/egs/timit/s5_la2/mfcc/raw_mfcc_train.1.ark:2577292
mchl0_si1404 /nfs-share/titouan/workspace/kaldi/egs/timit/s5_la2/mfcc/raw_mfcc_train.2.ark:1683848
fljd0_sx166 /nfs-share/titouan/workspace/kaldi/egs/timit/s5_la2/mfcc/raw_mfcc_train.1.ark:2533853
mstf0_sx316 /nfs-share/titouan/workspace/kaldi/egs/timit/s5_la2/mfcc/raw_mfcc_train.4.ark:2286148
mprk0_sx107 /nfs-share/titouan/workspace/kaldi/egs/timit/s5_la2/mfcc/raw_mfcc_train.4.ark:107608
mdbb1_sx286 /nfs-share/titouan/workspace/kaldi/egs/timit/s5_la2/mfcc/raw_mfcc_train.2.ark:2046765
mwsb0_si2256 /nfs-share/titouan/workspace/kaldi/egs/timit/s5_la2/mfcc/raw_mfcc_train.4.ark:3713654
fsdc0_sx142 /nfs-share/titouan/workspace/kaldi/egs/timit/s5_la2/mfcc/raw_mfcc_train.1.ark:3744979
mmcc0_sx78 /nfs-share/titouan/workspace/kaldi/egs/timit/s5_la2/mfcc/raw_mfcc_train.3.ark:2809864
mrkm0_sx187 /nfs-share/titouan/workspace/kaldi/egs/timit/s5_la2/mfcc/raw_mfcc_train.4.ark:1036938
mrab1_sx128 /nfs-share/titouan/workspace/kaldi/egs/timit/s5_la2/mfcc/raw_mfcc_train.4.ark:230113
fnkl0_sx82 /nfs-share/titouan/workspace/kaldi/egs/timit/s5_la2/mfcc/raw_mfcc_train.1.ark:3155133
mlsh0_sx427 /nfs-share/titouan/workspace/kaldi/egs/timit/s5_la2/mfcc/raw_mfcc_train.3.ark:2562367
mbbr0_si1055 /nfs-share/titouan/workspace/kaldi/egs/timit/s5_la2/mfcc/raw_mfcc_train.2.ark:1069719
fexm0_si1101 /nfs-share/titouan/workspace/kaldi/egs/timit/s5_la2/mfcc/raw_mfcc_train.1.ark:1326515
mrab1_sx398 /nfs-share/titouan/workspace/kaldi/egs/timit/s5_la2/mfcc/raw_mfcc_train.4.ark:245922
flmk0_sx405 /nfs-share/titouan/workspace/kaldi/egs/timit/s5_la2/mfcc/raw_mfcc_train.1.ark:2714222
mljh0_si694 /nfs-share/titouan/workspace/kaldi/egs/timit/s5_la2/mfcc/raw_mfcc_train.3.ark:2477699
fsjg0_si1570 /nfs-share/titouan/workspace/kaldi/egs/timit/s5_la2/mfcc/raw_mfcc_train.1.ark:3824402
mjjj0_si1163 /nfs-share/titouan/workspace/kaldi/egs/timit/s5_la2/mfcc/raw_mfcc_train.3.ark:1069462
mjmd0_sx218 /nfs-share/titouan/workspace/kaldi/egs/timit/s5_la2/mfcc/raw_mfcc_train.3.ark:1309508
mdps0_sx269 /nfs-share/titouan/workspace/kaldi/egs/timit/s5_la2/mfcc/raw_mfcc_train.2.ark:2855804
mwgr0_sx166 /nfs-share/titouan/workspace/kaldi/egs/timit/s5_la2/mfcc/raw_mfcc_train.4.ark:3625812
msms0_sx173 /nfs-share/titouan/workspace/kaldi/egs/timit/s5_la2/mfcc/raw_mfcc_train.4.ark:2182472
mmcc0_si1968 /nfs-share/titouan/workspace/kaldi/egs/timit/s5_la2/mfcc/raw_mfcc_train.3.ark:2786748
mdps0_sx89 /nfs-share/titouan/workspace/kaldi/egs/timit/s5_la2/mfcc/raw_mfcc_train.2.ark:2867641
fsdc0_sx412 /nfs-share/titouan/workspace/kaldi/egs/timit/s5_la2/mfcc/raw_mfcc_train.1.ark:3756583
fljg0_si2241 /nfs-share/titouan/workspace/kaldi/egs/timit/s5_la2/mfcc/raw_mfcc_train.1.ark:2558206
fgcs0_sx316 /nfs-share/titouan/workspace/kaldi/egs/timit/s5_la2/mfcc/raw_mfcc_train.1.ark:1384316
mgxp0_sx367 /nfs-share/titouan/workspace/kaldi/egs/timit/s5_la2/mfcc/raw_mfcc_train.3.ark:287283
fpmy0_sx163 /nfs-share/titouan/workspace/kaldi/egs/timit/s5_la2/mfcc/raw_mfcc_train.1.ark:3444451
mcdc0_sx32 /nfs-share/titouan/workspace/kaldi/egs/timit/s5_la2/mfcc/raw_mfcc_train.2.ark:1532823
mrai0_si2052 /nfs-share/titouan/workspace/kaldi/egs/timit/s5_la2/mfcc/raw_mfcc_train.4.ark:252178
fsma0_sx91 /nfs-share/titouan/workspace/kaldi/egs/timit/s5_la2/mfcc/raw_mfcc_train.2.ark:239788
mtwh1_sx252 /nfs-share/titouan/workspace/kaldi/egs/timit/s5_la2/mfcc/raw_mfcc_train.4.ark:3282559
mtrt0_sx57 /nfs-share/titouan/workspace/kaldi/egs/timit/s5_la2/mfcc/raw_mfcc_train.4.ark:3265336
mmcc0_sx438 /nfs-share/titouan/workspace/kaldi/egs/timit/s5_la2/mfcc/raw_mfcc_train.3.ark:2804671
mkes0_sx443 /nfs-share/titouan/workspace/kaldi/egs/timit/s5_la2/mfcc/raw_mfcc_train.3.ark:2105799
fjlr0_sx61 /nfs-share/titouan/workspace/kaldi/egs/timit/s5_la2/mfcc/raw_mfcc_train.1.ark:1776640
fdfb0_sx148 /nfs-share/titouan/workspace/kaldi/egs/timit/s5_la2/mfcc/raw_mfcc_train.1.ark:862234
mcth0_sx399 /nfs-share/titouan/workspace/kaldi/egs/timit/s5_la2/mfcc/raw_mfcc_train.2.ark:1895416
mzmb0_si1166 /nfs-share/titouan/workspace/kaldi/egs/timit/s5_la2/mfcc/raw_mfcc_train.4.ark:3777081
mdlr1_sx309 /nfs-share/titouan/workspace/kaldi/egs/timit/s5_la2/mfcc/raw_mfcc_train.2.ark:2665720
fjsk0_sx422 /nfs-share/titouan/workspace/kaldi/egs/timit/s5_la2/mfcc/raw_mfcc_train.1.ark:1879727
fcmm0_sx273 /nfs-share/titouan/workspace/kaldi/egs/timit/s5_la2/mfcc/raw_mfcc_train.1.ark:703835
mrtc0_si1458 /nfs-share/titouan/workspace/kaldi/egs/timit/s5_la2/mfcc/raw_mfcc_train.4.ark:1509635
fklh0_sx447 /nfs-share/titouan/workspace/kaldi/egs/timit/s5_la2/mfcc/raw_mfcc_train.1.ark:2285570
fcjs0_sx167 /nfs-share/titouan/workspace/kaldi/egs/timit/s5_la2/mfcc/raw_mfcc_train.1.ark:571233
mtcs0_si1972 /nfs-share/titouan/workspace/kaldi/egs/timit/s5_la2/mfcc/raw_mfcc_train.4.ark:2504105
mgxp0_sx97 /nfs-share/titouan/workspace/kaldi/egs/timit/s5_la2/mfcc/raw_mfcc_train.3.ark:295731
fjdm2_sx142 /nfs-share/titouan/workspace/kaldi/egs/timit/s5_la2/mfcc/raw_mfcc_train.1.ark:1593233
mfrm0_si1785 /nfs-share/titouan/workspace/kaldi/egs/timit/s5_la2/mfcc/raw_mfcc_train.2.ark:3468018
mdlm0_sx154 /nfs-share/titouan/workspace/kaldi/egs/timit/s5_la2/mfcc/raw_mfcc_train.2.ark:2593741
mcef0_sx325 /nfs-share/titouan/workspace/kaldi/egs/timit/s5_la2/mfcc/raw_mfcc_train.2.ark:1625730
mwrp0_sx93 /nfs-share/titouan/workspace/kaldi/egs/timit/s5_la2/mfcc/raw_mfcc_train.4.ark:3706865
mtmt0_sx38 /nfs-share/titouan/workspace/kaldi/egs/timit/s5_la2/mfcc/raw_mfcc_train.4.ark:2999973
msrg0_si591 /nfs-share/titouan/workspace/kaldi/egs/timit/s5_la2/mfcc/raw_mfcc_train.4.ark:2208548
mfrm0_si1155 /nfs-share/titouan/workspace/kaldi/egs/timit/s5_la2/mfcc/raw_mfcc_train.2.ark:3459435
mvjh0_si2186 /nfs-share/titouan/workspace/kaldi/egs/timit/s5_la2/mfcc/raw_mfcc_train.4.ark:3340737
mabc0_sx331 /nfs-share/titouan/workspace/kaldi/egs/timit/s5_la2/mfcc/raw_mfcc_train.2.ark:677685
fbjl0_si2182 /nfs-share/titouan/workspace/kaldi/egs/timit/s5_la2/mfcc/raw_mfcc_train.1.ark:278959
mdbp0_sx258 /nfs-share/titouan/workspace/kaldi/egs/timit/s5_la2/mfcc/raw_mfcc_train.2.ark:2072419
fhxs0_sx355 /nfs-share/titouan/workspace/kaldi/egs/timit/s5_la2/mfcc/raw_mfcc_train.1.ark:1570322
mtbc0_sx273 /nfs-share/titouan/workspace/kaldi/egs/timit/s5_la2/mfcc/raw_mfcc_train.4.ark:2487931
mabc0_si1620 /nfs-share/titouan/workspace/kaldi/egs/timit/s5_la2/mfcc/raw_mfcc_train.2.ark:660229
fklh0_si627 /nfs-share/titouan/workspace/kaldi/egs/timit/s5_la2/mfcc/raw_mfcc_train.1.ark:2269734
mmws0_sx168 /nfs-share/titouan/workspace/kaldi/egs/timit/s5_la2/mfcc/raw_mfcc_train.3.ark:3367783
mjai0_sx74 /nfs-share/titouan/workspace/kaldi/egs/timit/s5_la2/mfcc/raw_mfcc_train.3.ark:639698
fpad0_si1346 /nfs-share/titouan/workspace/kaldi/egs/timit/s5_la2/mfcc/raw_mfcc_train.1.ark:3262210
mddc0_si2049 /nfs-share/titouan/workspace/kaldi/egs/timit/s5_la2/mfcc/raw_mfcc_train.2.ark:2159825
mtkp0_sx213 /nfs-share/titouan/workspace/kaldi/egs/timit/s5_la2/mfcc/raw_mfcc_train.4.ark:2830739
mjra0_sx426 /nfs-share/titouan/workspace/kaldi/egs/timit/s5_la2/mfcc/raw_mfcc_train.3.ark:1472593
mtmt0_si1118 /nfs-share/titouan/workspace/kaldi/egs/timit/s5_la2/mfcc/raw_mfcc_train.4.ark:2975998
fmkc0_sx442 /nfs-share/titouan/workspace/kaldi/egs/timit/s5_la2/mfcc/raw_mfcc_train.1.ark:3011409
mmar0_sx166 /nfs-share/titouan/workspace/kaldi/egs/timit/s5_la2/mfcc/raw_mfcc_train.3.ark:2718463
mhit0_sx173 /nfs-share/titouan/workspace/kaldi/egs/timit/s5_la2/mfcc/raw_mfcc_train.3.ark:341838
mdem0_sx248 /nfs-share/titouan/workspace/kaldi/egs/timit/s5_la2/mfcc/raw_mfcc_train.2.ark:2267956
mjrg0_sx16 /nfs-share/titouan/workspace/kaldi/egs/timit/s5_la2/mfcc/raw_mfcc_train.3.ark:1495762
mrjm0_si1095 /nfs-share/titouan/workspace/kaldi/egs/timit/s5_la2/mfcc/raw_mfcc_train.4.ark:917313
fpls0_sx330 /nfs-share/titouan/workspace/kaldi/egs/timit/s5_la2/mfcc/raw_mfcc_train.1.ark:3418558
mklw0_sx221 /nfs-share/titouan/workspace/kaldi/egs/timit/s5_la2/mfcc/raw_mfcc_train.3.ark:2283177
mtat1_sx419 /nfs-share/titouan/workspace/kaldi/egs/timit/s5_la2/mfcc/raw_mfcc_train.4.ark:2464111
msas0_si746 /nfs-share/titouan/workspace/kaldi/egs/timit/s5_la2/mfcc/raw_mfcc_train.4.ark:1745415
mpfu0_sx268 /nfs-share/titouan/workspace/kaldi/egs/timit/s5_la2/mfcc/raw_mfcc_train.3.ark:3581764
mdlb0_sx46 /nfs-share/titouan/workspace/kaldi/egs/timit/s5_la2/mfcc/raw_mfcc_train.2.ark:2448572
fpjf0_si1046 /nfs-share/titouan/workspace/kaldi/egs/timit/s5_la2/mfcc/raw_mfcc_train.1.ark:3365120
fdmy0_si714 /nfs-share/titouan/workspace/kaldi/egs/timit/s5_la2/mfcc/raw_mfcc_train.1.ark:989154
mabc0_sx61 /nfs-share/titouan/workspace/kaldi/egs/timit/s5_la2/mfcc/raw_mfcc_train.2.ark:684185
mmdm0_si1311 /nfs-share/titouan/workspace/kaldi/egs/timit/s5_la2/mfcc/raw_mfcc_train.3.ark:2876143
mpar0_si1576 /nfs-share/titouan/workspace/kaldi/egs/timit/s5_la2/mfcc/raw_mfcc_train.3.ark:3508158
mjlg1_si1012 /nfs-share/titouan/workspace/kaldi/egs/timit/s5_la2/mfcc/raw_mfcc_train.3.ark:1202043
ftmg0_si1532 /nfs-share/titouan/workspace/kaldi/egs/timit/s5_la2/mfcc/raw_mfcc_train.2.ark:536435
mmrp0_sx234 /nfs-share/titouan/workspace/kaldi/egs/timit/s5_la2/mfcc/raw_mfcc_train.3.ark:3221273
mdtb0_sx210 /nfs-share/titouan/workspace/kaldi/egs/timit/s5_la2/mfcc/raw_mfcc_train.2.ark:3009996
mfxv0_sx285 /nfs-share/titouan/workspace/kaldi/egs/timit/s5_la2/mfcc/raw_mfcc_train.2.ark:3575858
mcef0_si1765 /nfs-share/titouan/workspace/kaldi/egs/timit/s5_la2/mfcc/raw_mfcc_train.2.ark:1609621
mwem0_sx150 /nfs-share/titouan/workspace/kaldi/egs/timit/s5_la2/mfcc/raw_mfcc_train.4.ark:3590356
fssb0_sx182 /nfs-share/titouan/workspace/kaldi/egs/timit/s5_la2/mfcc/raw_mfcc_train.2.ark:390119
flmc0_si742 /nfs-share/titouan/workspace/kaldi/egs/timit/s5_la2/mfcc/raw_mfcc_train.1.ark:2665230
mrdm0_si1044 /nfs-share/titouan/workspace/kaldi/egs/timit/s5_la2/mfcc/raw_mfcc_train.4.ark:476640
mjxl0_sx272 /nfs-share/titouan/workspace/kaldi/egs/timit/s5_la2/mfcc/raw_mfcc_train.3.ark:1831746
mhit0_si2243 /nfs-share/titouan/workspace/kaldi/egs/timit/s5_la2/mfcc/raw_mfcc_train.3.ark:332776
mwch0_si1895 /nfs-share/titouan/workspace/kaldi/egs/timit/s5_la2/mfcc/raw_mfcc_train.4.ark:3524316
mpgr1_sx149 /nfs-share/titouan/workspace/kaldi/egs/timit/s5_la2/mfcc/raw_mfcc_train.3.ark:3668794
mtpg0_sx303 /nfs-share/titouan/workspace/kaldi/egs/timit/s5_la2/mfcc/raw_mfcc_train.4.ark:3058061
mdma0_sx440 /nfs-share/titouan/workspace/kaldi/egs/timit/s5_la2/mfcc/raw_mfcc_train.2.ark:2706813
mgak0_si2296 /nfs-share/titouan/workspace/kaldi/egs/timit/s5_la2/mfcc/raw_mfcc_train.2.ark:3651883
fpmy0_sx73 /nfs-share/titouan/workspace/kaldi/egs/timit/s5_la2/mfcc/raw_mfcc_train.1.ark:3459896
mbjv0_si1247 /nfs-share/titouan/workspace/kaldi/egs/timit/s5_la2/mfcc/raw_mfcc_train.2.ark:1191523
msat1_sx83 /nfs-share/titouan/workspace/kaldi/egs/timit/s5_la2/mfcc/raw_mfcc_train.4.ark:1823447
mbwp0_sx259 /nfs-share/titouan/workspace/kaldi/egs/timit/s5_la2/mfcc/raw_mfcc_train.2.ark:1417019
mjhi0_si1328 /nfs-share/titouan/workspace/kaldi/egs/timit/s5_la2/mfcc/raw_mfcc_train.3.ark:1004127
mrcw0_si741 /nfs-share/titouan/workspace/kaldi/egs/timit/s5_la2/mfcc/raw_mfcc_train.4.ark:425008
mreh1_sx249 /nfs-share/titouan/workspace/kaldi/egs/timit/s5_la2/mfcc/raw_mfcc_train.4.ark:590916
mwgr0_si1606 /nfs-share/titouan/workspace/kaldi/egs/timit/s5_la2/mfcc/raw_mfcc_train.4.ark:3614077
mbml0_si1169 /nfs-share/titouan/workspace/kaldi/egs/timit/s5_la2/mfcc/raw_mfcc_train.2.ark:1286893
fecd0_sx428 /nfs-share/titouan/workspace/kaldi/egs/timit/s5_la2/mfcc/raw_mfcc_train.1.ark:1217065
feac0_si1875 /nfs-share/titouan/workspace/kaldi/egs/timit/s5_la2/mfcc/raw_mfcc_train.1.ark:1124031
mrjt0_sx148 /nfs-share/titouan/workspace/kaldi/egs/timit/s5_la2/mfcc/raw_mfcc_train.4.ark:995840
mree0_sx294 /nfs-share/titouan/workspace/kaldi/egs/timit/s5_la2/mfcc/raw_mfcc_train.4.ark:563442
fjxp0_si1122 /nfs-share/titouan/workspace/kaldi/egs/timit/s5_la2/mfcc/raw_mfcc_train.1.ark:1987460
mjmm0_sx265 /nfs-share/titouan/workspace/kaldi/egs/timit/s5_la2/mfcc/raw_mfcc_train.3.ark:1341246
mljc0_sx415 /nfs-share/titouan/workspace/kaldi/egs/timit/s5_la2/mfcc/raw_mfcc_train.3.ark:2457104
mclm0_sx16 /nfs-share/titouan/workspace/kaldi/egs/timit/s5_la2/mfcc/raw_mfcc_train.2.ark:1759188
fecd0_sx158 /nfs-share/titouan/workspace/kaldi/egs/timit/s5_la2/mfcc/raw_mfcc_train.1.ark:1205110
mjrh0_sx45 /nfs-share/titouan/workspace/kaldi/egs/timit/s5_la2/mfcc/raw_mfcc_train.3.ark:1541510
mjkr0_sx391 /nfs-share/titouan/workspace/kaldi/egs/timit/s5_la2/mfcc/raw_mfcc_train.3.ark:1169036
mjkr0_si571 /nfs-share/titouan/workspace/kaldi/egs/timit/s5_la2/mfcc/raw_mfcc_train.3.ark:1148319
fgdp0_sx88 /nfs-share/titouan/workspace/kaldi/egs/timit/s5_la2/mfcc/raw_mfcc_train.1.ark:1426376
mdwh0_sx215 /nfs-share/titouan/workspace/kaldi/egs/timit/s5_la2/mfcc/raw_mfcc_train.2.ark:3073213
fsrh0_si1931 /nfs-share/titouan/workspace/kaldi/egs/timit/s5_la2/mfcc/raw_mfcc_train.2.ark:348161
mrjh0_sx79 /nfs-share/titouan/workspace/kaldi/egs/timit/s5_la2/mfcc/raw_mfcc_train.4.ark:912430
mprb0_sx395 /nfs-share/titouan/workspace/kaldi/egs/timit/s5_la2/mfcc/raw_mfcc_train.4.ark:49762
fpjf0_sx236 /nfs-share/titouan/workspace/kaldi/egs/timit/s5_la2/mfcc/raw_mfcc_train.1.ark:3380984
mcxm0_sx361 /nfs-share/titouan/workspace/kaldi/egs/timit/s5_la2/mfcc/raw_mfcc_train.2.ark:1950819
fcrz0_sx73 /nfs-share/titouan/workspace/kaldi/egs/timit/s5_la2/mfcc/raw_mfcc_train.1.ark:746513
mjeb0_si1916 /nfs-share/titouan/workspace/kaldi/egs/timit/s5_la2/mfcc/raw_mfcc_train.3.ark:848448
fsma0_si991 /nfs-share/titouan/workspace/kaldi/egs/timit/s5_la2/mfcc/raw_mfcc_train.2.ark:215431
msms0_si1433 /nfs-share/titouan/workspace/kaldi/egs/timit/s5_la2/mfcc/raw_mfcc_train.4.ark:2168943
mjrp0_si1835 /nfs-share/titouan/workspace/kaldi/egs/timit/s5_la2/mfcc/raw_mfcc_train.3.ark:1607243
mpsw0_sx77 /nfs-share/titouan/workspace/kaldi/egs/timit/s5_la2/mfcc/raw_mfcc_train.4.ark:181211
mmsm0_si476 /nfs-share/titouan/workspace/kaldi/egs/timit/s5_la2/mfcc/raw_mfcc_train.3.ark:3250943
mzmb0_sx446 /nfs-share/titouan/workspace/kaldi/egs/timit/s5_la2/mfcc/raw_mfcc_train.4.ark:3802331
mdss1_si697 /nfs-share/titouan/workspace/kaldi/egs/timit/s5_la2/mfcc/raw_mfcc_train.2.ark:2973291
fcrz0_sx433 /nfs-share/titouan/workspace/kaldi/egs/timit/s5_la2/mfcc/raw_mfcc_train.1.ark:742282
mtat0_sx120 /nfs-share/titouan/workspace/kaldi/egs/timit/s5_la2/mfcc/raw_mfcc_train.4.ark:2418637
fmkf0_sx276 /nfs-share/titouan/workspace/kaldi/egs/timit/s5_la2/mfcc/raw_mfcc_train.1.ark:3037374
mrgs0_sx276 /nfs-share/titouan/workspace/kaldi/egs/timit/s5_la2/mfcc/raw_mfcc_train.4.ark:792797
fbmh0_sx326 /nfs-share/titouan/workspace/kaldi/egs/timit/s5_la2/mfcc/raw_mfcc_train.1.ark:363927
megj0_si1337 /nfs-share/titouan/workspace/kaldi/egs/timit/s5_la2/mfcc/raw_mfcc_train.2.ark:3212568
mtas0_sx305 /nfs-share/titouan/workspace/kaldi/egs/timit/s5_la2/mfcc/raw_mfcc_train.4.ark:2393699
mjmd0_si2288 /nfs-share/titouan/workspace/kaldi/egs/timit/s5_la2/mfcc/raw_mfcc_train.3.ark:1300485
mcef0_sx145 /nfs-share/titouan/workspace/kaldi/egs/timit/s5_la2/mfcc/raw_mfcc_train.2.ark:1618722
mesj0_si2257 /nfs-share/titouan/workspace/kaldi/egs/timit/s5_la2/mfcc/raw_mfcc_train.2.ark:3347573
msds0_sx87 /nfs-share/titouan/workspace/kaldi/egs/timit/s5_la2/mfcc/raw_mfcc_train.4.ark:1918468
mdbp0_si528 /nfs-share/titouan/workspace/kaldi/egs/timit/s5_la2/mfcc/raw_mfcc_train.2.ark:2062486
fbas0_sx37 /nfs-share/titouan/workspace/kaldi/egs/timit/s5_la2/mfcc/raw_mfcc_train.1.ark:199029
mkdd0_si937 /nfs-share/titouan/workspace/kaldi/egs/timit/s5_la2/mfcc/raw_mfcc_train.3.ark:2023225
mdbp0_si1788 /nfs-share/titouan/workspace/kaldi/egs/timit/s5_la2/mfcc/raw_mfcc_train.2.ark:2058046
mrav0_sx18 /nfs-share/titouan/workspace/kaldi/egs/timit/s5_la2/mfcc/raw_mfcc_train.4.ark:332420
mbma1_si2207 /nfs-share/titouan/workspace/kaldi/egs/timit/s5_la2/mfcc/raw_mfcc_train.2.ark:1252204
mjjm0_sx107 /nfs-share/titouan/workspace/kaldi/egs/timit/s5_la2/mfcc/raw_mfcc_train.3.ark:1121723
feac0_sx165 /nfs-share/titouan/workspace/kaldi/egs/timit/s5_la2/mfcc/raw_mfcc_train.1.ark:1134068
mrjm1_sx128 /nfs-share/titouan/workspace/kaldi/egs/timit/s5_la2/mfcc/raw_mfcc_train.4.ark:963790
mjxa0_sx427 /nfs-share/titouan/workspace/kaldi/egs/timit/s5_la2/mfcc/raw_mfcc_train.3.ark:1808888
mhmg0_sx375 /nfs-share/titouan/workspace/kaldi/egs/timit/s5_la2/mfcc/raw_mfcc_train.3.ark:413051
mrld0_sx424 /nfs-share/titouan/workspace/kaldi/egs/timit/s5_la2/mfcc/raw_mfcc_train.4.ark:1079875
fgdp0_sx178 /nfs-share/titouan/workspace/kaldi/egs/timit/s5_la2/mfcc/raw_mfcc_train.1.ark:1407473
mkdd0_sx37 /nfs-share/titouan/workspace/kaldi/egs/timit/s5_la2/mfcc/raw_mfcc_train.3.ark:2036135
madd0_sx358 /nfs-share/titouan/workspace/kaldi/egs/timit/s5_la2/mfcc/raw_mfcc_train.2.ark:742656
mtlb0_sx414 /nfs-share/titouan/workspace/kaldi/egs/timit/s5_la2/mfcc/raw_mfcc_train.4.ark:2868679
mrab0_sx324 /nfs-share/titouan/workspace/kaldi/egs/timit/s5_la2/mfcc/raw_mfcc_train.4.ark:203433
mjrh1_sx424 /nfs-share/titouan/workspace/kaldi/egs/timit/s5_la2/mfcc/raw_mfcc_train.3.ark:1570226
mree0_sx24 /nfs-share/titouan/workspace/kaldi/egs/timit/s5_la2/mfcc/raw_mfcc_train.4.ark:560315
fsgf0_si1557 /nfs-share/titouan/workspace/kaldi/egs/timit/s5_la2/mfcc/raw_mfcc_train.1.ark:3792079
mmsm0_sx26 /nfs-share/titouan/workspace/kaldi/egs/timit/s5_la2/mfcc/raw_mfcc_train.3.ark:3264119
mdhs0_si2160 /nfs-share/titouan/workspace/kaldi/egs/timit/s5_la2/mfcc/raw_mfcc_train.2.ark:2323195
fsak0_sx130 /nfs-share/titouan/workspace/kaldi/egs/timit/s5_la2/mfcc/raw_mfcc_train.1.ark:3640144
mjeb1_sx297 /nfs-share/titouan/workspace/kaldi/egs/timit/s5_la2/mfcc/raw_mfcc_train.3.ark:902476
msem1_sx360 /nfs-share/titouan/workspace/kaldi/egs/timit/s5_la2/mfcc/raw_mfcc_train.4.ark:1951376
mtrr0_sx18 /nfs-share/titouan/workspace/kaldi/egs/timit/s5_la2/mfcc/raw_mfcc_train.4.ark:3221851
fdas1_sx381 /nfs-share/titouan/workspace/kaldi/egs/timit/s5_la2/mfcc/raw_mfcc_train.1.ark:814396
mmcc0_sx168 /nfs-share/titouan/workspace/kaldi/egs/timit/s5_la2/mfcc/raw_mfcc_train.3.ark:2794081
fgmb0_sx335 /nfs-share/titouan/workspace/kaldi/egs/timit/s5_la2/mfcc/raw_mfcc_train.1.ark:1456450
falk0_sx6 /nfs-share/titouan/workspace/kaldi/egs/timit/s5_la2/mfcc/raw_mfcc_train.1.ark:94090
mjjm0_sx287 /nfs-share/titouan/workspace/kaldi/egs/timit/s5_la2/mfcc/raw_mfcc_train.3.ark:1130934
mrld0_sx244 /nfs-share/titouan/workspace/kaldi/egs/timit/s5_la2/mfcc/raw_mfcc_train.4.ark:1073673
mbef0_sx201 /nfs-share/titouan/workspace/kaldi/egs/timit/s5_la2/mfcc/raw_mfcc_train.2.ark:1145938
mjma0_si1495 /nfs-share/titouan/workspace/kaldi/egs/timit/s5_la2/mfcc/raw_mfcc_train.3.ark:1265559
mdwm0_sx376 /nfs-share/titouan/workspace/kaldi/egs/timit/s5_la2/mfcc/raw_mfcc_train.2.ark:3116235
mrld0_si964 /nfs-share/titouan/workspace/kaldi/egs/timit/s5_la2/mfcc/raw_mfcc_train.4.ark:1065781
mlel0_sx346 /nfs-share/titouan/workspace/kaldi/egs/timit/s5_la2/mfcc/raw_mfcc_train.3.ark:2419132
fhlm0_si2190 /nfs-share/titouan/workspace/kaldi/egs/timit/s5_la2/mfcc/raw_mfcc_train.1.ark:1509889
makr0_sx182 /nfs-share/titouan/workspace/kaldi/egs/timit/s5_la2/mfcc/raw_mfcc_train.2.ark:928081
mrld0_sx154 /nfs-share/titouan/workspace/kaldi/egs/timit/s5_la2/mfcc/raw_mfcc_train.4.ark:1070598
mreh1_sx339 /nfs-share/titouan/workspace/kaldi/egs/timit/s5_la2/mfcc/raw_mfcc_train.4.ark:594498
mkdd0_sx397 /nfs-share/titouan/workspace/kaldi/egs/timit/s5_la2/mfcc/raw_mfcc_train.3.ark:2039782
mrlj1_si1671 /nfs-share/titouan/workspace/kaldi/egs/timit/s5_la2/mfcc/raw_mfcc_train.4.ark:1115774
mwem0_si1950 /nfs-share/titouan/workspace/kaldi/egs/timit/s5_la2/mfcc/raw_mfcc_train.4.ark:3587398
mwsh0_sx166 /nfs-share/titouan/workspace/kaldi/egs/timit/s5_la2/mfcc/raw_mfcc_train.4.ark:3754062
mdhs0_sx360 /nfs-share/titouan/workspace/kaldi/egs/timit/s5_la2/mfcc/raw_mfcc_train.2.ark:2338784
mgak0_sx406 /nfs-share/titouan/workspace/kaldi/egs/timit/s5_la2/mfcc/raw_mfcc_train.2.ark:3669682
mewm0_sx448 /nfs-share/titouan/workspace/kaldi/egs/timit/s5_la2/mfcc/raw_mfcc_train.2.ark:3390810
mdlc2_sx444 /nfs-share/titouan/workspace/kaldi/egs/timit/s5_la2/mfcc/raw_mfcc_train.2.ark:2539023
mpeb0_si1860 /nfs-share/titouan/workspace/kaldi/egs/timit/s5_la2/mfcc/raw_mfcc_train.3.ark:3537837
fdfb0_sx238 /nfs-share/titouan/workspace/kaldi/egs/timit/s5_la2/mfcc/raw_mfcc_train.1.ark:865387
mdrd0_sx302 /nfs-share/titouan/workspace/kaldi/egs/timit/s5_la2/mfcc/raw_mfcc_train.2.ark:2895024
mrxb0_sx55 /nfs-share/titouan/workspace/kaldi/egs/timit/s5_la2/mfcc/raw_mfcc_train.4.ark:1702902
mrso0_si1206 /nfs-share/titouan/workspace/kaldi/egs/timit/s5_la2/mfcc/raw_mfcc_train.4.ark:1436265
mkag0_sx169 /nfs-share/titouan/workspace/kaldi/egs/timit/s5_la2/mfcc/raw_mfcc_train.3.ark:1864504
mwsb0_sx96 /nfs-share/titouan/workspace/kaldi/egs/timit/s5_la2/mfcc/raw_mfcc_train.4.ark:3735221
flod0_si1287 /nfs-share/titouan/workspace/kaldi/egs/timit/s5_la2/mfcc/raw_mfcc_train.1.ark:2721542
fjhk0_si1652 /nfs-share/titouan/workspace/kaldi/egs/timit/s5_la2/mfcc/raw_mfcc_train.1.ark:1657138
mtjm0_sx146 /nfs-share/titouan/workspace/kaldi/egs/timit/s5_la2/mfcc/raw_mfcc_train.4.ark:2688752
fvfb0_si2292 /nfs-share/titouan/workspace/kaldi/egs/timit/s5_la2/mfcc/raw_mfcc_train.2.ark:576860
mdwm0_sx433 /nfs-share/titouan/workspace/kaldi/egs/timit/s5_la2/mfcc/raw_mfcc_train.2.ark:3119921
mdsj0_sx382 /nfs-share/titouan/workspace/kaldi/egs/timit/s5_la2/mfcc/raw_mfcc_train.2.ark:2931344
mklr0_si1059 /nfs-share/titouan/workspace/kaldi/egs/timit/s5_la2/mfcc/raw_mfcc_train.3.ark:2173319
msmr0_si1405 /nfs-share/titouan/workspace/kaldi/egs/timit/s5_la2/mfcc/raw_mfcc_train.4.ark:2143895
mkjo0_sx77 /nfs-share/titouan/workspace/kaldi/egs/timit/s5_la2/mfcc/raw_mfcc_train.3.ark:2139025
mjai0_sx344 /nfs-share/titouan/workspace/kaldi/egs/timit/s5_la2/mfcc/raw_mfcc_train.3.ark:633523
mrbc0_sx59 /nfs-share/titouan/workspace/kaldi/egs/timit/s5_la2/mfcc/raw_mfcc_train.4.ark:374592
mtmt0_sx398 /nfs-share/titouan/workspace/kaldi/egs/timit/s5_la2/mfcc/raw_mfcc_train.4.ark:3003815
flma0_si613 /nfs-share/titouan/workspace/kaldi/egs/timit/s5_la2/mfcc/raw_mfcc_train.1.ark:2636001
mkag0_si2239 /nfs-share/titouan/workspace/kaldi/egs/timit/s5_la2/mfcc/raw_mfcc_train.3.ark:1855000
mrtj0_sx322 /nfs-share/titouan/workspace/kaldi/egs/timit/s5_la2/mfcc/raw_mfcc_train.4.ark:1572557
mjjm0_si1251 /nfs-share/titouan/workspace/kaldi/egs/timit/s5_la2/mfcc/raw_mfcc_train.3.ark:1106088
fcdr1_sx196 /nfs-share/titouan/workspace/kaldi/egs/timit/s5_la2/mfcc/raw_mfcc_train.1.ark:496559
mmwb0_sx89 /nfs-share/titouan/workspace/kaldi/egs/timit/s5_la2/mfcc/raw_mfcc_train.3.ark:3352245
madd0_sx448 /nfs-share/titouan/workspace/kaldi/egs/timit/s5_la2/mfcc/raw_mfcc_train.2.ark:746173
mjbg0_sx422 /nfs-share/titouan/workspace/kaldi/egs/timit/s5_la2/mfcc/raw_mfcc_train.3.ark:666920
ftaj0_si1329 /nfs-share/titouan/workspace/kaldi/egs/timit/s5_la2/mfcc/raw_mfcc_train.2.ark:412774
mrfk0_sx176 /nfs-share/titouan/workspace/kaldi/egs/timit/s5_la2/mfcc/raw_mfcc_train.4.ark:680949
mklr0_sx429 /nfs-share/titouan/workspace/kaldi/egs/timit/s5_la2/mfcc/raw_mfcc_train.3.ark:2194735
fdaw0_si1271 /nfs-share/titouan/workspace/kaldi/egs/timit/s5_la2/mfcc/raw_mfcc_train.1.ark:817641
mtmn0_sx254 /nfs-share/titouan/workspace/kaldi/egs/timit/s5_la2/mfcc/raw_mfcc_train.4.ark:2962827
fjen0_sx57 /nfs-share/titouan/workspace/kaldi/egs/timit/s5_la2/mfcc/raw_mfcc_train.1.ark:1649244
mdhs0_si900 /nfs-share/titouan/workspace/kaldi/egs/timit/s5_la2/mfcc/raw_mfcc_train.2.ark:2326439
mdns0_si873 /nfs-share/titouan/workspace/kaldi/egs/timit/s5_la2/mfcc/raw_mfcc_train.2.ark:2755311
fvfb0_sx132 /nfs-share/titouan/workspace/kaldi/egs/timit/s5_la2/mfcc/raw_mfcc_train.2.ark:579246
mkls1_sx195 /nfs-share/titouan/workspace/kaldi/egs/timit/s5_la2/mfcc/raw_mfcc_train.3.ark:2257905
mtas0_si1385 /nfs-share/titouan/workspace/kaldi/egs/timit/s5_la2/mfcc/raw_mfcc_train.4.ark:2377179
mrjh0_si889 /nfs-share/titouan/workspace/kaldi/egs/timit/s5_la2/mfcc/raw_mfcc_train.4.ark:884868
mrsp0_sx79 /nfs-share/titouan/workspace/kaldi/egs/timit/s5_la2/mfcc/raw_mfcc_train.4.ark:1506234
mljc0_si1225 /nfs-share/titouan/workspace/kaldi/egs/timit/s5_la2/mfcc/raw_mfcc_train.3.ark:2432023
fcaj0_si1479 /nfs-share/titouan/workspace/kaldi/egs/timit/s5_la2/mfcc/raw_mfcc_train.1.ark:440021
mjrp0_sx315 /nfs-share/titouan/workspace/kaldi/egs/timit/s5_la2/mfcc/raw_mfcc_train.3.ark:1625908
msat0_sx266 /nfs-share/titouan/workspace/kaldi/egs/timit/s5_la2/mfcc/raw_mfcc_train.4.ark:1783758
mkam0_sx146 /nfs-share/titouan/workspace/kaldi/egs/timit/s5_la2/mfcc/raw_mfcc_train.3.ark:1961005
makr0_si1352 /nfs-share/titouan/workspace/kaldi/egs/timit/s5_la2/mfcc/raw_mfcc_train.2.ark:918400
mjbg0_sx62 /nfs-share/titouan/workspace/kaldi/egs/timit/s5_la2/mfcc/raw_mfcc_train.3.ark:671918
fdfb0_sx58 /nfs-share/titouan/workspace/kaldi/egs/timit/s5_la2/mfcc/raw_mfcc_train.1.ark:875820
madc0_si1367 /nfs-share/titouan/workspace/kaldi/egs/timit/s5_la2/mfcc/raw_mfcc_train.2.ark:687547
fsrh0_sx41 /nfs-share/titouan/workspace/kaldi/egs/timit/s5_la2/mfcc/raw_mfcc_train.2.ark:372590
mzmb0_si1796 /nfs-share/titouan/workspace/kaldi/egs/timit/s5_la2/mfcc/raw_mfcc_train.4.ark:3782237
fsma0_sx181 /nfs-share/titouan/workspace/kaldi/egs/timit/s5_la2/mfcc/raw_mfcc_train.2.ark:221379
mkln0_si2228 /nfs-share/titouan/workspace/kaldi/egs/timit/s5_la2/mfcc/raw_mfcc_train.3.ark:2146750
fsrh0_si671 /nfs-share/titouan/workspace/kaldi/egs/timit/s5_la2/mfcc/raw_mfcc_train.2.ark:351548
fdkn0_sx271 /nfs-share/titouan/workspace/kaldi/egs/timit/s5_la2/mfcc/raw_mfcc_train.1.ark:929631
mjeb1_sx27 /nfs-share/titouan/workspace/kaldi/egs/timit/s5_la2/mfcc/raw_mfcc_train.3.ark:899531
mgaw0_sx355 /nfs-share/titouan/workspace/kaldi/egs/timit/s5_la2/mfcc/raw_mfcc_train.3.ark:54590
mgrl0_sx147 /nfs-share/titouan/workspace/kaldi/egs/timit/s5_la2/mfcc/raw_mfcc_train.3.ark:138793
feeh0_sx32 /nfs-share/titouan/workspace/kaldi/egs/timit/s5_la2/mfcc/raw_mfcc_train.1.ark:1251129
mrjt0_sx418 /nfs-share/titouan/workspace/kaldi/egs/timit/s5_la2/mfcc/raw_mfcc_train.4.ark:1007600
fdjh0_si2195 /nfs-share/titouan/workspace/kaldi/egs/timit/s5_la2/mfcc/raw_mfcc_train.1.ark:883298
flet0_si507 /nfs-share/titouan/workspace/kaldi/egs/timit/s5_la2/mfcc/raw_mfcc_train.1.ark:2433482
mjrg0_sx286 /nfs-share/titouan/workspace/kaldi/egs/timit/s5_la2/mfcc/raw_mfcc_train.3.ark:1498395
mdcd0_sx155 /nfs-share/titouan/workspace/kaldi/egs/timit/s5_la2/mfcc/raw_mfcc_train.2.ark:2103266
fpaf0_si1684 /nfs-share/titouan/workspace/kaldi/egs/timit/s5_la2/mfcc/raw_mfcc_train.1.ark:3305006
mgxp0_si457 /nfs-share/titouan/workspace/kaldi/egs/timit/s5_la2/mfcc/raw_mfcc_train.3.ark:270316
mcre0_si1725 /nfs-share/titouan/workspace/kaldi/egs/timit/s5_la2/mfcc/raw_mfcc_train.2.ark:1806511
mbth0_sx302 /nfs-share/titouan/workspace/kaldi/egs/timit/s5_la2/mfcc/raw_mfcc_train.2.ark:1391138
mrdm0_sx245 /nfs-share/titouan/workspace/kaldi/egs/timit/s5_la2/mfcc/raw_mfcc_train.4.ark:493738
fcmg0_si1242 /nfs-share/titouan/workspace/kaldi/egs/timit/s5_la2/mfcc/raw_mfcc_train.1.ark:660219
mdef0_sx303 /nfs-share/titouan/workspace/kaldi/egs/timit/s5_la2/mfcc/raw_mfcc_train.2.ark:2238891
mwrp0_sx273 /nfs-share/titouan/workspace/kaldi/egs/timit/s5_la2/mfcc/raw_mfcc_train.4.ark:3696239
marw0_si1906 /nfs-share/titouan/workspace/kaldi/egs/timit/s5_la2/mfcc/raw_mfcc_train.2.ark:1007941
mmpm0_si1061 /nfs-share/titouan/workspace/kaldi/egs/timit/s5_la2/mfcc/raw_mfcc_train.3.ark:3174101
mram0_sx105 /nfs-share/titouan/workspace/kaldi/egs/timit/s5_la2/mfcc/raw_mfcc_train.4.ark:298712
mmjb1_sx238 /nfs-share/titouan/workspace/kaldi/egs/timit/s5_la2/mfcc/raw_mfcc_train.3.ark:3128412
mtab0_si942 /nfs-share/titouan/workspace/kaldi/egs/timit/s5_la2/mfcc/raw_mfcc_train.4.ark:2349460
mtpp0_sx248 /nfs-share/titouan/workspace/kaldi/egs/timit/s5_la2/mfcc/raw_mfcc_train.4.ark:3083006
fdmy0_sx387 /nfs-share/titouan/workspace/kaldi/egs/timit/s5_la2/mfcc/raw_mfcc_train.1.ark:1014759
mtkd0_si1817 /nfs-share/titouan/workspace/kaldi/egs/timit/s5_la2/mfcc/raw_mfcc_train.4.ark:2778219
mmrp0_si717 /nfs-share/titouan/workspace/kaldi/egs/timit/s5_la2/mfcc/raw_mfcc_train.3.ark:3209019
mwar0_sx415 /nfs-share/titouan/workspace/kaldi/egs/timit/s5_la2/mfcc/raw_mfcc_train.4.ark:3512581
maeo0_sx66 /nfs-share/titouan/workspace/kaldi/egs/timit/s5_la2/mfcc/raw_mfcc_train.2.ark:813842
mjee0_si1237 /nfs-share/titouan/workspace/kaldi/egs/timit/s5_la2/mfcc/raw_mfcc_train.3.ark:910564
mmsm0_si1106 /nfs-share/titouan/workspace/kaldi/egs/timit/s5_la2/mfcc/raw_mfcc_train.3.ark:3241724
msdh0_sx170 /nfs-share/titouan/workspace/kaldi/egs/timit/s5_la2/mfcc/raw_mfcc_train.4.ark:1860299
mmdm1_sx423 /nfs-share/titouan/workspace/kaldi/egs/timit/s5_la2/mfcc/raw_mfcc_train.3.ark:2933274
mmdg0_si520 /nfs-share/titouan/workspace/kaldi/egs/timit/s5_la2/mfcc/raw_mfcc_train.3.ark:2850556
fjdm2_si1964 /nfs-share/titouan/workspace/kaldi/egs/timit/s5_la2/mfcc/raw_mfcc_train.1.ark:1584768
fljd0_si886 /nfs-share/titouan/workspace/kaldi/egs/timit/s5_la2/mfcc/raw_mfcc_train.1.ark:2531272
fssb0_si2342 /nfs-share/titouan/workspace/kaldi/egs/timit/s5_la2/mfcc/raw_mfcc_train.2.ark:388032
fsrh0_sx131 /nfs-share/titouan/workspace/kaldi/egs/timit/s5_la2/mfcc/raw_mfcc_train.2.ark:355052
mtwh1_si2142 /nfs-share/titouan/workspace/kaldi/egs/timit/s5_la2/mfcc/raw_mfcc_train.4.ark:3273438
mbgt0_sx261 /nfs-share/titouan/workspace/kaldi/egs/timit/s5_la2/mfcc/raw_mfcc_train.2.ark:1175687
mpsw0_si2327 /nfs-share/titouan/workspace/kaldi/egs/timit/s5_la2/mfcc/raw_mfcc_train.4.ark:165097
mwre0_si1057 /nfs-share/titouan/workspace/kaldi/egs/timit/s5_la2/mfcc/raw_mfcc_train.4.ark:3645321
fdjh0_si1565 /nfs-share/titouan/workspace/kaldi/egs/timit/s5_la2/mfcc/raw_mfcc_train.1.ark:880027
mfxs0_si1674 /nfs-share/titouan/workspace/kaldi/egs/timit/s5_la2/mfcc/raw_mfcc_train.2.ark:3521768
mree0_si1104 /nfs-share/titouan/workspace/kaldi/egs/timit/s5_la2/mfcc/raw_mfcc_train.4.ark:537282
mdtb0_sx321 /nfs-share/titouan/workspace/kaldi/egs/timit/s5_la2/mfcc/raw_mfcc_train.2.ark:3015717
fvkb0_si1159 /nfs-share/titouan/workspace/kaldi/egs/timit/s5_la2/mfcc/raw_mfcc_train.2.ark:596714
fdnc0_si1278 /nfs-share/titouan/workspace/kaldi/egs/timit/s5_la2/mfcc/raw_mfcc_train.1.ark:1020396
mdlc0_sx135 /nfs-share/titouan/workspace/kaldi/egs/timit/s5_la2/mfcc/raw_mfcc_train.2.ark:2467543
mmam0_sx67 /nfs-share/titouan/workspace/kaldi/egs/timit/s5_la2/mfcc/raw_mfcc_train.3.ark:2699934
mtrc0_sx183 /nfs-share/titouan/workspace/kaldi/egs/timit/s5_la2/mfcc/raw_mfcc_train.4.ark:3194183
mjws0_sx333 /nfs-share/titouan/workspace/kaldi/egs/timit/s5_la2/mfcc/raw_mfcc_train.3.ark:1734940
fbjl0_sx382 /nfs-share/titouan/workspace/kaldi/egs/timit/s5_la2/mfcc/raw_mfcc_train.1.ark:303245
mclm0_si2086 /nfs-share/titouan/workspace/kaldi/egs/timit/s5_la2/mfcc/raw_mfcc_train.2.ark:1747728
mjwt0_si751 /nfs-share/titouan/workspace/kaldi/egs/timit/s5_la2/mfcc/raw_mfcc_train.3.ark:1761808
ftbw0_sx355 /nfs-share/titouan/workspace/kaldi/egs/timit/s5_la2/mfcc/raw_mfcc_train.2.ark:492002
fjsk0_si1052 /nfs-share/titouan/workspace/kaldi/egs/timit/s5_la2/mfcc/raw_mfcc_train.1.ark:1854944
flod0_si1917 /nfs-share/titouan/workspace/kaldi/egs/timit/s5_la2/mfcc/raw_mfcc_train.1.ark:2726516
fsdc0_si2234 /nfs-share/titouan/workspace/kaldi/egs/timit/s5_la2/mfcc/raw_mfcc_train.1.ark:3742983
fcmg0_si1142 /nfs-share/titouan/workspace/kaldi/egs/timit/s5_la2/mfcc/raw_mfcc_train.1.ark:653672
frll0_sx434 /nfs-share/titouan/workspace/kaldi/egs/timit/s5_la2/mfcc/raw_mfcc_train.1.ark:3547720
fkaa0_sx218 /nfs-share/titouan/workspace/kaldi/egs/timit/s5_la2/mfcc/raw_mfcc_train.1.ark:2033644
mjda0_si2291 /nfs-share/titouan/workspace/kaldi/egs/timit/s5_la2/mfcc/raw_mfcc_train.3.ark:680769
mcss0_si1380 /nfs-share/titouan/workspace/kaldi/egs/timit/s5_la2/mfcc/raw_mfcc_train.2.ark:1833405
mmam0_si1668 /nfs-share/titouan/workspace/kaldi/egs/timit/s5_la2/mfcc/raw_mfcc_train.3.ark:2680977
mdss0_sx171 /nfs-share/titouan/workspace/kaldi/egs/timit/s5_la2/mfcc/raw_mfcc_train.2.ark:2949516
meal0_sx377 /nfs-share/titouan/workspace/kaldi/egs/timit/s5_la2/mfcc/raw_mfcc_train.2.ark:3146772
fjen0_si1677 /nfs-share/titouan/workspace/kaldi/egs/timit/s5_la2/mfcc/raw_mfcc_train.1.ark:1620030
mmaa0_si1588 /nfs-share/titouan/workspace/kaldi/egs/timit/s5_la2/mfcc/raw_mfcc_train.3.ark:2570220
fdml0_sx339 /nfs-share/titouan/workspace/kaldi/egs/timit/s5_la2/mfcc/raw_mfcc_train.1.ark:964913
fsjg0_si2200 /nfs-share/titouan/workspace/kaldi/egs/timit/s5_la2/mfcc/raw_mfcc_train.1.ark:3829168
fmpg0_sx72 /nfs-share/titouan/workspace/kaldi/egs/timit/s5_la2/mfcc/raw_mfcc_train.1.ark:3124253
fbch0_sx146 /nfs-share/titouan/workspace/kaldi/egs/timit/s5_la2/mfcc/raw_mfcc_train.1.ark:254177
mhbs0_si945 /nfs-share/titouan/workspace/kaldi/egs/timit/s5_la2/mfcc/raw_mfcc_train.3.ark:306960
mfxv0_sx375 /nfs-share/titouan/workspace/kaldi/egs/timit/s5_la2/mfcc/raw_mfcc_train.2.ark:3579544
fpac0_sx121 /nfs-share/titouan/workspace/kaldi/egs/timit/s5_la2/mfcc/raw_mfcc_train.1.ark:3243091
mcdr0_sx164 /nfs-share/titouan/workspace/kaldi/egs/timit/s5_la2/mfcc/raw_mfcc_train.2.ark:1587491
feac0_sx435 /nfs-share/titouan/workspace/kaldi/egs/timit/s5_la2/mfcc/raw_mfcc_train.1.ark:1145945
mtqc0_si1441 /nfs-share/titouan/workspace/kaldi/egs/timit/s5_la2/mfcc/raw_mfcc_train.4.ark:3133752
mhrm0_si2218 /nfs-share/titouan/workspace/kaldi/egs/timit/s5_la2/mfcc/raw_mfcc_train.3.ark:452800
mtjg0_sx350 /nfs-share/titouan/workspace/kaldi/egs/timit/s5_la2/mfcc/raw_mfcc_train.4.ark:2660993
flhd0_si1827 /nfs-share/titouan/workspace/kaldi/egs/timit/s5_la2/mfcc/raw_mfcc_train.1.ark:2459506
mejs0_sx340 /nfs-share/titouan/workspace/kaldi/egs/timit/s5_la2/mfcc/raw_mfcc_train.2.ark:3299179
mesj0_sx7 /nfs-share/titouan/workspace/kaldi/egs/timit/s5_la2/mfcc/raw_mfcc_train.2.ark:3364259
maeb0_sx450 /nfs-share/titouan/workspace/kaldi/egs/timit/s5_la2/mfcc/raw_mfcc_train.2.ark:778314
mdjm0_si825 /nfs-share/titouan/workspace/kaldi/egs/timit/s5_la2/mfcc/raw_mfcc_train.2.ark:2359412
madd0_sx268 /nfs-share/titouan/workspace/kaldi/egs/timit/s5_la2/mfcc/raw_mfcc_train.2.ark:738268
mtlb0_sx234 /nfs-share/titouan/workspace/kaldi/egs/timit/s5_la2/mfcc/raw_mfcc_train.4.ark:2859422
msjk0_si966 /nfs-share/titouan/workspace/kaldi/egs/timit/s5_la2/mfcc/raw_mfcc_train.4.ark:2078646
mjdg0_sx322 /nfs-share/titouan/workspace/kaldi/egs/timit/s5_la2/mfcc/raw_mfcc_train.3.ark:797844
mmrp0_sx324 /nfs-share/titouan/workspace/kaldi/egs/timit/s5_la2/mfcc/raw_mfcc_train.3.ark:3225908
msas0_sx116 /nfs-share/titouan/workspace/kaldi/egs/timit/s5_la2/mfcc/raw_mfcc_train.4.ark:1751337
mppc0_sx422 /nfs-share/titouan/workspace/kaldi/egs/timit/s5_la2/mfcc/raw_mfcc_train.4.ark:7917
msas0_sx206 /nfs-share/titouan/workspace/kaldi/egs/timit/s5_la2/mfcc/raw_mfcc_train.4.ark:1754672
msfh0_si1738 /nfs-share/titouan/workspace/kaldi/egs/timit/s5_la2/mfcc/raw_mfcc_train.4.ark:1997600
mjrh1_sx244 /nfs-share/titouan/workspace/kaldi/egs/timit/s5_la2/mfcc/raw_mfcc_train.3.ark:1562841
mprk0_sx17 /nfs-share/titouan/workspace/kaldi/egs/timit/s5_la2/mfcc/raw_mfcc_train.4.ark:111657
mmam0_sx427 /nfs-share/titouan/workspace/kaldi/egs/timit/s5_la2/mfcc/raw_mfcc_train.3.ark:2697263
fdaw0_sx416 /nfs-share/titouan/workspace/kaldi/egs/timit/s5_la2/mfcc/raw_mfcc_train.1.ark:844569
mfwk0_sx79 /nfs-share/titouan/workspace/kaldi/egs/timit/s5_la2/mfcc/raw_mfcc_train.2.ark:3518107
fvfb0_si1510 /nfs-share/titouan/workspace/kaldi/egs/timit/s5_la2/mfcc/raw_mfcc_train.2.ark:571496
mram0_si1905 /nfs-share/titouan/workspace/kaldi/egs/timit/s5_la2/mfcc/raw_mfcc_train.4.ark:289675
msjk0_sx66 /nfs-share/titouan/workspace/kaldi/egs/timit/s5_la2/mfcc/raw_mfcc_train.4.ark:2100572
mmaa0_si845 /nfs-share/titouan/workspace/kaldi/egs/timit/s5_la2/mfcc/raw_mfcc_train.3.ark:2579751
fvfb0_sx402 /nfs-share/titouan/workspace/kaldi/egs/timit/s5_la2/mfcc/raw_mfcc_train.2.ark:591045
mrfk0_sx266 /nfs-share/titouan/workspace/kaldi/egs/timit/s5_la2/mfcc/raw_mfcc_train.4.ark:685714
fcdr1_sx106 /nfs-share/titouan/workspace/kaldi/egs/timit/s5_la2/mfcc/raw_mfcc_train.1.ark:488850
mrtc0_sx108 /nfs-share/titouan/workspace/kaldi/egs/timit/s5_la2/mfcc/raw_mfcc_train.4.ark:1524672
mvrw0_si2115 /nfs-share/titouan/workspace/kaldi/egs/timit/s5_la2/mfcc/raw_mfcc_train.4.ark:3403628
fsmm0_sx54 /nfs-share/titouan/workspace/kaldi/egs/timit/s5_la2/mfcc/raw_mfcc_train.2.ark:273671
mkdd0_sx217 /nfs-share/titouan/workspace/kaldi/egs/timit/s5_la2/mfcc/raw_mfcc_train.3.ark:2031247
mlns0_sx147 /nfs-share/titouan/workspace/kaldi/egs/timit/s5_la2/mfcc/raw_mfcc_train.3.ark:2517972
mcew0_sx272 /nfs-share/titouan/workspace/kaldi/egs/timit/s5_la2/mfcc/raw_mfcc_train.2.ark:1656967
mrws0_sx382 /nfs-share/titouan/workspace/kaldi/egs/timit/s5_la2/mfcc/raw_mfcc_train.4.ark:1670137
mcdc0_sx122 /nfs-share/titouan/workspace/kaldi/egs/timit/s5_la2/mfcc/raw_mfcc_train.2.ark:1520466
mmrp0_si2034 /nfs-share/titouan/workspace/kaldi/egs/timit/s5_la2/mfcc/raw_mfcc_train.3.ark:3206867
mrav0_sx288 /nfs-share/titouan/workspace/kaldi/egs/timit/s5_la2/mfcc/raw_mfcc_train.4.ark:338557
fkde0_si1771 /nfs-share/titouan/workspace/kaldi/egs/timit/s5_la2/mfcc/raw_mfcc_train.1.ark:2059277
mgsl0_si534 /nfs-share/titouan/workspace/kaldi/egs/timit/s5_la2/mfcc/raw_mfcc_train.3.ark:233015
fmmh0_si907 /nfs-share/titouan/workspace/kaldi/egs/timit/s5_la2/mfcc/raw_mfcc_train.1.ark:3063194
mjhi0_si698 /nfs-share/titouan/workspace/kaldi/egs/timit/s5_la2/mfcc/raw_mfcc_train.3.ark:1013410
mrdm0_si1595 /nfs-share/titouan/workspace/kaldi/egs/timit/s5_la2/mfcc/raw_mfcc_train.4.ark:482212
megj0_si707 /nfs-share/titouan/workspace/kaldi/egs/timit/s5_la2/mfcc/raw_mfcc_train.2.ark:3222528
mgxp0_si525 /nfs-share/titouan/workspace/kaldi/egs/timit/s5_la2/mfcc/raw_mfcc_train.3.ark:274301
fsgf0_sx117 /nfs-share/titouan/workspace/kaldi/egs/timit/s5_la2/mfcc/raw_mfcc_train.1.ark:3808273
fjxm0_sx311 /nfs-share/titouan/workspace/kaldi/egs/timit/s5_la2/mfcc/raw_mfcc_train.1.ark:1969785
fcaj0_sx129 /nfs-share/titouan/workspace/kaldi/egs/timit/s5_la2/mfcc/raw_mfcc_train.1.ark:449013
mwar0_si2305 /nfs-share/titouan/workspace/kaldi/egs/timit/s5_la2/mfcc/raw_mfcc_train.4.ark:3499085
mkln0_sx338 /nfs-share/titouan/workspace/kaldi/egs/timit/s5_la2/mfcc/raw_mfcc_train.3.ark:2160818
mgak0_sx136 /nfs-share/titouan/workspace/kaldi/egs/timit/s5_la2/mfcc/raw_mfcc_train.2.ark:3655127
fkdw0_sx397 /nfs-share/titouan/workspace/kaldi/egs/timit/s5_la2/mfcc/raw_mfcc_train.1.ark:2117109
mefg0_sx195 /nfs-share/titouan/workspace/kaldi/egs/timit/s5_la2/mfcc/raw_mfcc_train.2.ark:3201353
mmab1_sx144 /nfs-share/titouan/workspace/kaldi/egs/timit/s5_la2/mfcc/raw_mfcc_train.3.ark:2616904
mjai0_sx254 /nfs-share/titouan/workspace/kaldi/egs/timit/s5_la2/mfcc/raw_mfcc_train.3.ark:630942
mmar0_si1336 /nfs-share/titouan/workspace/kaldi/egs/timit/s5_la2/mfcc/raw_mfcc_train.3.ark:2704037
fdkn0_si1202 /nfs-share/titouan/workspace/kaldi/egs/timit/s5_la2/mfcc/raw_mfcc_train.1.ark:914854
mjlg1_sx292 /nfs-share/titouan/workspace/kaldi/egs/timit/s5_la2/mfcc/raw_mfcc_train.3.ark:1223861
fbch0_sx56 /nfs-share/titouan/workspace/kaldi/egs/timit/s5_la2/mfcc/raw_mfcc_train.1.ark:270792
flhd0_si1974 /nfs-share/titouan/workspace/kaldi/egs/timit/s5_la2/mfcc/raw_mfcc_train.1.ark:2461945
mrds0_si537 /nfs-share/titouan/workspace/kaldi/egs/timit/s5_la2/mfcc/raw_mfcc_train.4.ark:515309
mppc0_si2042 /nfs-share/titouan/workspace/kaldi/egs/timit/s5_la2/mfcc/raw_mfcc_train.3.ark:3749949
mtcs0_si2265 /nfs-share/titouan/workspace/kaldi/egs/timit/s5_la2/mfcc/raw_mfcc_train.4.ark:2506310
mrsp0_sx259 /nfs-share/titouan/workspace/kaldi/egs/timit/s5_la2/mfcc/raw_mfcc_train.4.ark:1497316
mfxv0_sx195 /nfs-share/titouan/workspace/kaldi/egs/timit/s5_la2/mfcc/raw_mfcc_train.2.ark:3573290
mrhl0_si1515 /nfs-share/titouan/workspace/kaldi/egs/timit/s5_la2/mfcc/raw_mfcc_train.4.ark:811088
mgaf0_sx202 /nfs-share/titouan/workspace/kaldi/egs/timit/s5_la2/mfcc/raw_mfcc_train.2.ark:3600368
mdns0_sx201 /nfs-share/titouan/workspace/kaldi/egs/timit/s5_la2/mfcc/raw_mfcc_train.2.ark:2764958
flja0_si1078 /nfs-share/titouan/workspace/kaldi/egs/timit/s5_la2/mfcc/raw_mfcc_train.1.ark:2486271
mpgr0_sx150 /nfs-share/titouan/workspace/kaldi/egs/timit/s5_la2/mfcc/raw_mfcc_train.3.ark:3637978
mrsp0_si2059 /nfs-share/titouan/workspace/kaldi/egs/timit/s5_la2/mfcc/raw_mfcc_train.4.ark:1482065
mtdp0_si1521 /nfs-share/titouan/workspace/kaldi/egs/timit/s5_la2/mfcc/raw_mfcc_train.4.ark:2571411
mwad0_sx342 /nfs-share/titouan/workspace/kaldi/egs/timit/s5_la2/mfcc/raw_mfcc_train.4.ark:3479353
msds0_sx177 /nfs-share/titouan/workspace/kaldi/egs/timit/s5_la2/mfcc/raw_mfcc_train.4.ark:1900397
fbas0_sx307 /nfs-share/titouan/workspace/kaldi/egs/timit/s5_la2/mfcc/raw_mfcc_train.1.ark:196878
mtkp0_sx303 /nfs-share/titouan/workspace/kaldi/egs/timit/s5_la2/mfcc/raw_mfcc_train.4.ark:2834269
mhmr0_sx39 /nfs-share/titouan/workspace/kaldi/egs/timit/s5_la2/mfcc/raw_mfcc_train.3.ark:443677
fjxm0_sx401 /nfs-share/titouan/workspace/kaldi/egs/timit/s5_la2/mfcc/raw_mfcc_train.1.ark:1976123
mdcm0_sx400 /nfs-share/titouan/workspace/kaldi/egs/timit/s5_la2/mfcc/raw_mfcc_train.2.ark:2150683
mrso0_sx219 /nfs-share/titouan/workspace/kaldi/egs/timit/s5_la2/mfcc/raw_mfcc_train.4.ark:1456796
mctm0_si720 /nfs-share/titouan/workspace/kaldi/egs/timit/s5_la2/mfcc/raw_mfcc_train.2.ark:1909778
mprd0_sx261 /nfs-share/titouan/workspace/kaldi/egs/timit/s5_la2/mfcc/raw_mfcc_train.4.ark:74928
mcae0_sx7 /nfs-share/titouan/workspace/kaldi/egs/timit/s5_la2/mfcc/raw_mfcc_train.2.ark:1469400
mmeb0_si1987 /nfs-share/titouan/workspace/kaldi/egs/timit/s5_la2/mfcc/raw_mfcc_train.3.ark:3001127
mcal0_sx328 /nfs-share/titouan/workspace/kaldi/egs/timit/s5_la2/mfcc/raw_mfcc_train.2.ark:1495281
mrab0_sx54 /nfs-share/titouan/workspace/kaldi/egs/timit/s5_la2/mfcc/raw_mfcc_train.4.ark:212845
mbwp0_sx79 /nfs-share/titouan/workspace/kaldi/egs/timit/s5_la2/mfcc/raw_mfcc_train.2.ark:1432236
mcdc0_sx212 /nfs-share/titouan/workspace/kaldi/egs/timit/s5_la2/mfcc/raw_mfcc_train.2.ark:1524828
mbbr0_sx65 /nfs-share/titouan/workspace/kaldi/egs/timit/s5_la2/mfcc/raw_mfcc_train.2.ark:1097199
fgcs0_si1486 /nfs-share/titouan/workspace/kaldi/egs/timit/s5_la2/mfcc/raw_mfcc_train.1.ark:1364520
mdem0_si800 /nfs-share/titouan/workspace/kaldi/egs/timit/s5_la2/mfcc/raw_mfcc_train.2.ark:2257438
fcag0_si2133 /nfs-share/titouan/workspace/kaldi/egs/timit/s5_la2/mfcc/raw_mfcc_train.1.ark:415851
mdtb0_si1830 /nfs-share/titouan/workspace/kaldi/egs/timit/s5_la2/mfcc/raw_mfcc_train.2.ark:2998561
mdks0_sx346 /nfs-share/titouan/workspace/kaldi/egs/timit/s5_la2/mfcc/raw_mfcc_train.2.ark:2399687
mdpk0_si1683 /nfs-share/titouan/workspace/kaldi/egs/timit/s5_la2/mfcc/raw_mfcc_train.2.ark:2816895
mcew0_sx362 /nfs-share/titouan/workspace/kaldi/egs/timit/s5_la2/mfcc/raw_mfcc_train.2.ark:1661199
mdbb1_sx196 /nfs-share/titouan/workspace/kaldi/egs/timit/s5_la2/mfcc/raw_mfcc_train.2.ark:2044145
mrms0_si2100 /nfs-share/titouan/workspace/kaldi/egs/timit/s5_la2/mfcc/raw_mfcc_train.4.ark:1351804
fcke0_si481 /nfs-share/titouan/workspace/kaldi/egs/timit/s5_la2/mfcc/raw_mfcc_train.1.ark:600572
mtjs0_si1192 /nfs-share/titouan/workspace/kaldi/egs/timit/s5_la2/mfcc/raw_mfcc_train.4.ark:2705882
mgar0_sx312 /nfs-share/titouan/workspace/kaldi/egs/timit/s5_la2/mfcc/raw_mfcc_train.3.ark:19771
fsdj0_si1115 /nfs-share/titouan/workspace/kaldi/egs/timit/s5_la2/mfcc/raw_mfcc_train.1.ark:3763773
fsah0_si1874 /nfs-share/titouan/workspace/kaldi/egs/timit/s5_la2/mfcc/raw_mfcc_train.1.ark:3597615
milb0_sx3 /nfs-share/titouan/workspace/kaldi/egs/timit/s5_la2/mfcc/raw_mfcc_train.3.ark:535098
mjws0_si513 /nfs-share/titouan/workspace/kaldi/egs/timit/s5_la2/mfcc/raw_mfcc_train.3.ark:1721763
madc0_sx287 /nfs-share/titouan/workspace/kaldi/egs/timit/s5_la2/mfcc/raw_mfcc_train.2.ark:714031
mjmd0_sx308 /nfs-share/titouan/workspace/kaldi/egs/timit/s5_la2/mfcc/raw_mfcc_train.3.ark:1312934
fjsp0_si1763 /nfs-share/titouan/workspace/kaldi/egs/timit/s5_la2/mfcc/raw_mfcc_train.1.ark:1893984
mjmd0_sx398 /nfs-share/titouan/workspace/kaldi/egs/timit/s5_la2/mfcc/raw_mfcc_train.3.ark:1320227
fdfb0_si1948 /nfs-share/titouan/workspace/kaldi/egs/timit/s5_la2/mfcc/raw_mfcc_train.1.ark:857422
mrab1_si1478 /nfs-share/titouan/workspace/kaldi/egs/timit/s5_la2/mfcc/raw_mfcc_train.4.ark:217013
fpls0_sx150 /nfs-share/titouan/workspace/kaldi/egs/timit/s5_la2/mfcc/raw_mfcc_train.1.ark:3409660
mrav0_si1638 /nfs-share/titouan/workspace/kaldi/egs/timit/s5_la2/mfcc/raw_mfcc_train.4.ark:319516
mrbc0_sx239 /nfs-share/titouan/workspace/kaldi/egs/timit/s5_la2/mfcc/raw_mfcc_train.4.ark:361429
mrjh0_si1519 /nfs-share/titouan/workspace/kaldi/egs/timit/s5_la2/mfcc/raw_mfcc_train.4.ark:878595
mbom0_si1014 /nfs-share/titouan/workspace/kaldi/egs/timit/s5_la2/mfcc/raw_mfcc_train.2.ark:1316226
mjxa0_sx67 /nfs-share/titouan/workspace/kaldi/egs/timit/s5_la2/mfcc/raw_mfcc_train.3.ark:1811858
mrcg0_si1428 /nfs-share/titouan/workspace/kaldi/egs/timit/s5_la2/mfcc/raw_mfcc_train.4.ark:377382
mrpc1_sx222 /nfs-share/titouan/workspace/kaldi/egs/timit/s5_la2/mfcc/raw_mfcc_train.4.ark:1383011
fapb0_sx253 /nfs-share/titouan/workspace/kaldi/egs/timit/s5_la2/mfcc/raw_mfcc_train.1.ark:152587
mmdm0_sx231 /nfs-share/titouan/workspace/kaldi/egs/timit/s5_la2/mfcc/raw_mfcc_train.3.ark:2893397
fkdw0_sx37 /nfs-share/titouan/workspace/kaldi/egs/timit/s5_la2/mfcc/raw_mfcc_train.1.ark:2113618
mmag0_si1756 /nfs-share/titouan/workspace/kaldi/egs/timit/s5_la2/mfcc/raw_mfcc_train.3.ark:2643805
msmr0_sx145 /nfs-share/titouan/workspace/kaldi/egs/timit/s5_la2/mfcc/raw_mfcc_train.4.ark:2150929
mdss1_si1713 /nfs-share/titouan/workspace/kaldi/egs/timit/s5_la2/mfcc/raw_mfcc_train.2.ark:2971217
fajw0_sx3 /nfs-share/titouan/workspace/kaldi/egs/timit/s5_la2/mfcc/raw_mfcc_train.1.ark:57265
fmem0_sx333 /nfs-share/titouan/workspace/kaldi/egs/timit/s5_la2/mfcc/raw_mfcc_train.1.ark:2872978
fsms1_sx64 /nfs-share/titouan/workspace/kaldi/egs/timit/s5_la2/mfcc/raw_mfcc_train.2.ark:306956
mwsh0_sx436 /nfs-share/titouan/workspace/kaldi/egs/timit/s5_la2/mfcc/raw_mfcc_train.4.ark:3768799
mmag0_sx46 /nfs-share/titouan/workspace/kaldi/egs/timit/s5_la2/mfcc/raw_mfcc_train.3.ark:2672641
mkrg0_si2121 /nfs-share/titouan/workspace/kaldi/egs/timit/s5_la2/mfcc/raw_mfcc_train.3.ark:2307198
mjfh0_si1737 /nfs-share/titouan/workspace/kaldi/egs/timit/s5_la2/mfcc/raw_mfcc_train.3.ark:946054
ftbr0_sx291 /nfs-share/titouan/workspace/kaldi/egs/timit/s5_la2/mfcc/raw_mfcc_train.2.ark:463260
fgmb0_sx65 /nfs-share/titouan/workspace/kaldi/egs/timit/s5_la2/mfcc/raw_mfcc_train.1.ark:1466304
mrmb0_sx141 /nfs-share/titouan/workspace/kaldi/egs/timit/s5_la2/mfcc/raw_mfcc_train.4.ark:1219071
mjbg0_si1862 /nfs-share/titouan/workspace/kaldi/egs/timit/s5_la2/mfcc/raw_mfcc_train.3.ark:649680
mjra0_sx246 /nfs-share/titouan/workspace/kaldi/egs/timit/s5_la2/mfcc/raw_mfcc_train.3.ark:1463908
fcrz0_si1913 /nfs-share/titouan/workspace/kaldi/egs/timit/s5_la2/mfcc/raw_mfcc_train.1.ark:719541
mmcc0_si708 /nfs-share/titouan/workspace/kaldi/egs/timit/s5_la2/mfcc/raw_mfcc_train.3.ark:2789797
msah1_sx419 /nfs-share/titouan/workspace/kaldi/egs/timit/s5_la2/mfcc/raw_mfcc_train.4.ark:1727784
fsdj0_sx305 /nfs-share/titouan/workspace/kaldi/egs/timit/s5_la2/mfcc/raw_mfcc_train.1.ark:3782451
mjxa0_si2137 /nfs-share/titouan/workspace/kaldi/egs/timit/s5_la2/mfcc/raw_mfcc_train.3.ark:1790601
flag0_sx114 /nfs-share/titouan/workspace/kaldi/egs/timit/s5_la2/mfcc/raw_mfcc_train.1.ark:2371000
mesg0_sx342 /nfs-share/titouan/workspace/kaldi/egs/timit/s5_la2/mfcc/raw_mfcc_train.2.ark:3329305
mtqc0_sx271 /nfs-share/titouan/workspace/kaldi/egs/timit/s5_la2/mfcc/raw_mfcc_train.4.ark:3157337
fjwb1_si2055 /nfs-share/titouan/workspace/kaldi/egs/timit/s5_la2/mfcc/raw_mfcc_train.1.ark:1920163
mprt0_sx40 /nfs-share/titouan/workspace/kaldi/egs/timit/s5_la2/mfcc/raw_mfcc_train.4.ark:151533
msdh0_sx260 /nfs-share/titouan/workspace/kaldi/egs/timit/s5_la2/mfcc/raw_mfcc_train.4.ark:1866130
flag0_sx384 /nfs-share/titouan/workspace/kaldi/egs/timit/s5_la2/mfcc/raw_mfcc_train.1.ark:2388044
msjk0_sx426 /nfs-share/titouan/workspace/kaldi/egs/timit/s5_la2/mfcc/raw_mfcc_train.4.ark:2096029
mrmg0_sx90 /nfs-share/titouan/workspace/kaldi/egs/timit/s5_la2/mfcc/raw_mfcc_train.4.ark:1266749
mdsj0_sx438 /nfs-share/titouan/workspace/kaldi/egs/timit/s5_la2/mfcc/raw_mfcc_train.2.ark:2934913
mpfu0_sx178 /nfs-share/titouan/workspace/kaldi/egs/timit/s5_la2/mfcc/raw_mfcc_train.3.ark:3577103
mdhs0_sx450 /nfs-share/titouan/workspace/kaldi/egs/timit/s5_la2/mfcc/raw_mfcc_train.2.ark:2342236
fjen0_sx237 /nfs-share/titouan/workspace/kaldi/egs/timit/s5_la2/mfcc/raw_mfcc_train.1.ark:1633845
mclm0_si826 /nfs-share/titouan/workspace/kaldi/egs/timit/s5_la2/mfcc/raw_mfcc_train.2.ark:1751414
mkdb0_sx422 /nfs-share/titouan/workspace/kaldi/egs/timit/s5_la2/mfcc/raw_mfcc_train.3.ark:2003072
fcmg0_sx252 /nfs-share/titouan/workspace/kaldi/egs/timit/s5_la2/mfcc/raw_mfcc_train.1.ark:672019
mbsb0_si1983 /nfs-share/titouan/workspace/kaldi/egs/timit/s5_la2/mfcc/raw_mfcc_train.2.ark:1349183
mjdm0_si1937 /nfs-share/titouan/workspace/kaldi/egs/timit/s5_la2/mfcc/raw_mfcc_train.3.ark:815462
mtml0_si1065 /nfs-share/titouan/workspace/kaldi/egs/timit/s5_la2/mfcc/raw_mfcc_train.4.ark:2906190
mrbc0_si1665 /nfs-share/titouan/workspace/kaldi/egs/timit/s5_la2/mfcc/raw_mfcc_train.4.ark:346034
mwch0_si2252 /nfs-share/titouan/workspace/kaldi/egs/timit/s5_la2/mfcc/raw_mfcc_train.4.ark:3526092
fdfb0_si1318 /nfs-share/titouan/workspace/kaldi/egs/timit/s5_la2/mfcc/raw_mfcc_train.1.ark:852123
flet0_sx277 /nfs-share/titouan/workspace/kaldi/egs/timit/s5_la2/mfcc/raw_mfcc_train.1.ark:2445411
mbml0_si1799 /nfs-share/titouan/workspace/kaldi/egs/timit/s5_la2/mfcc/raw_mfcc_train.2.ark:1289735
mbjv0_sx257 /nfs-share/titouan/workspace/kaldi/egs/timit/s5_la2/mfcc/raw_mfcc_train.2.ark:1206970
fsak0_sx400 /nfs-share/titouan/workspace/kaldi/egs/timit/s5_la2/mfcc/raw_mfcc_train.1.ark:3655706
fear0_sx352 /nfs-share/titouan/workspace/kaldi/egs/timit/s5_la2/mfcc/raw_mfcc_train.1.ark:1172658
fljg0_si1611 /nfs-share/titouan/workspace/kaldi/egs/timit/s5_la2/mfcc/raw_mfcc_train.1.ark:2553648
mter0_si1787 /nfs-share/titouan/workspace/kaldi/egs/timit/s5_la2/mfcc/raw_mfcc_train.4.ark:2613914
ftmg0_sx362 /nfs-share/titouan/workspace/kaldi/egs/timit/s5_la2/mfcc/raw_mfcc_train.2.ark:555347
feeh0_si1742 /nfs-share/titouan/workspace/kaldi/egs/timit/s5_la2/mfcc/raw_mfcc_train.1.ark:1230607
