mjxl0_sx272 /nfs-share/xinchi/kaldi/egs/timit/s5_la3/mfcc/raw_mfcc_train.3.ark:1831746
fmmh0_si2167 /nfs-share/xinchi/kaldi/egs/timit/s5_la3/mfcc/raw_mfcc_train.1.ark:3058676
majp0_si1074 /nfs-share/xinchi/kaldi/egs/timit/s5_la3/mfcc/raw_mfcc_train.2.ark:843560
mdsj0_sx382 /nfs-share/xinchi/kaldi/egs/timit/s5_la3/mfcc/raw_mfcc_train.2.ark:2931344
mmdm1_si2043 /nfs-share/xinchi/kaldi/egs/timit/s5_la3/mfcc/raw_mfcc_train.3.ark:2911295
mlns0_si777 /nfs-share/xinchi/kaldi/egs/timit/s5_la3/mfcc/raw_mfcc_train.3.ark:2514481
mtpf0_sx425 /nfs-share/xinchi/kaldi/egs/timit/s5_la3/mfcc/raw_mfcc_train.4.ark:3033415
madc0_sx287 /nfs-share/xinchi/kaldi/egs/timit/s5_la3/mfcc/raw_mfcc_train.2.ark:714031
mrab0_sx324 /nfs-share/xinchi/kaldi/egs/timit/s5_la3/mfcc/raw_mfcc_train.4.ark:203433
mjjm0_si1457 /nfs-share/xinchi/kaldi/egs/timit/s5_la3/mfcc/raw_mfcc_train.3.ark:1112583
fjsk0_sx422 /nfs-share/xinchi/kaldi/egs/timit/s5_la3/mfcc/raw_mfcc_train.1.ark:1879727
mcdc0_sx392 /nfs-share/xinchi/kaldi/egs/timit/s5_la3/mfcc/raw_mfcc_train.2.ark:1536509
msvs0_si1568 /nfs-share/xinchi/kaldi/egs/timit/s5_la3/mfcc/raw_mfcc_train.4.ark:2298857
mwsb0_si996 /nfs-share/xinchi/kaldi/egs/timit/s5_la3/mfcc/raw_mfcc_train.4.ark:3716690
mmag0_sx406 /nfs-share/xinchi/kaldi/egs/timit/s5_la3/mfcc/raw_mfcc_train.3.ark:2667461
mgsl0_si797 /nfs-share/xinchi/kaldi/egs/timit/s5_la3/mfcc/raw_mfcc_train.3.ark:236142
fkfb0_sx258 /nfs-share/xinchi/kaldi/egs/timit/s5_la3/mfcc/raw_mfcc_train.1.ark:2138115
mctm0_sx270 /nfs-share/xinchi/kaldi/egs/timit/s5_la3/mfcc/raw_mfcc_train.2.ark:1916474
mpgr0_sx60 /nfs-share/xinchi/kaldi/egs/timit/s5_la3/mfcc/raw_mfcc_train.3.ark:3652864
mwgr0_sx346 /nfs-share/xinchi/kaldi/egs/timit/s5_la3/mfcc/raw_mfcc_train.4.ark:3634146
fpls0_sx60 /nfs-share/xinchi/kaldi/egs/timit/s5_la3/mfcc/raw_mfcc_train.1.ark:3422425
mmrp0_sx414 /nfs-share/xinchi/kaldi/egs/timit/s5_la3/mfcc/raw_mfcc_train.3.ark:3232025
mtpp0_si878 /nfs-share/xinchi/kaldi/egs/timit/s5_la3/mfcc/raw_mfcc_train.4.ark:3076206
mjjj0_si1163 /nfs-share/xinchi/kaldi/egs/timit/s5_la3/mfcc/raw_mfcc_train.3.ark:1069462
fbjl0_sx382 /nfs-share/xinchi/kaldi/egs/timit/s5_la3/mfcc/raw_mfcc_train.1.ark:303245
fcag0_sx63 /nfs-share/xinchi/kaldi/egs/timit/s5_la3/mfcc/raw_mfcc_train.1.ark:436542
mjeb0_sx170 /nfs-share/xinchi/kaldi/egs/timit/s5_la3/mfcc/raw_mfcc_train.3.ark:855430
mkjo0_sx167 /nfs-share/xinchi/kaldi/egs/timit/s5_la3/mfcc/raw_mfcc_train.3.ark:2123619
ftmg0_sx452 /nfs-share/xinchi/kaldi/egs/timit/s5_la3/mfcc/raw_mfcc_train.2.ark:559670
mtbc0_sx93 /nfs-share/xinchi/kaldi/egs/timit/s5_la3/mfcc/raw_mfcc_train.4.ark:2501055
fjsp0_sx174 /nfs-share/xinchi/kaldi/egs/timit/s5_la3/mfcc/raw_mfcc_train.1.ark:1899068
mpgr0_sx330 /nfs-share/xinchi/kaldi/egs/timit/s5_la3/mfcc/raw_mfcc_train.3.ark:3643855
mbth0_sx122 /nfs-share/xinchi/kaldi/egs/timit/s5_la3/mfcc/raw_mfcc_train.2.ark:1381803
mter0_sx167 /nfs-share/xinchi/kaldi/egs/timit/s5_la3/mfcc/raw_mfcc_train.4.ark:2621559
mcew0_sx182 /nfs-share/xinchi/kaldi/egs/timit/s5_la3/mfcc/raw_mfcc_train.2.ark:1653138
mctm0_si720 /nfs-share/xinchi/kaldi/egs/timit/s5_la3/mfcc/raw_mfcc_train.2.ark:1909778
flkm0_si1880 /nfs-share/xinchi/kaldi/egs/timit/s5_la3/mfcc/raw_mfcc_train.1.ark:2592094
msfv0_sx272 /nfs-share/xinchi/kaldi/egs/timit/s5_la3/mfcc/raw_mfcc_train.4.ark:2051134
mtpr0_si1600 /nfs-share/xinchi/kaldi/egs/timit/s5_la3/mfcc/raw_mfcc_train.4.ark:3098075
mdks0_sx436 /nfs-share/xinchi/kaldi/egs/timit/s5_la3/mfcc/raw_mfcc_train.2.ark:2405154
mrvg0_sx60 /nfs-share/xinchi/kaldi/egs/timit/s5_la3/mfcc/raw_mfcc_train.4.ark:1610496
mrfl0_sx256 /nfs-share/xinchi/kaldi/egs/timit/s5_la3/mfcc/raw_mfcc_train.4.ark:719012
mjxl0_si1172 /nfs-share/xinchi/kaldi/egs/timit/s5_la3/mfcc/raw_mfcc_train.3.ark:1815961
mkrg0_sx411 /nfs-share/xinchi/kaldi/egs/timit/s5_la3/mfcc/raw_mfcc_train.3.ark:2325952
mmrp0_sx144 /nfs-share/xinchi/kaldi/egs/timit/s5_la3/mfcc/raw_mfcc_train.3.ark:3217041
mcth0_si579 /nfs-share/xinchi/kaldi/egs/timit/s5_la3/mfcc/raw_mfcc_train.2.ark:1874608
marc0_si1188 /nfs-share/xinchi/kaldi/egs/timit/s5_la3/mfcc/raw_mfcc_train.2.ark:978002
mkjo0_si2147 /nfs-share/xinchi/kaldi/egs/timit/s5_la3/mfcc/raw_mfcc_train.3.ark:2117196
fjsk0_sx62 /nfs-share/xinchi/kaldi/egs/timit/s5_la3/mfcc/raw_mfcc_train.1.ark:1884517
mcef0_si1765 /nfs-share/xinchi/kaldi/egs/timit/s5_la3/mfcc/raw_mfcc_train.2.ark:1609621
mppc0_si782 /nfs-share/xinchi/kaldi/egs/timit/s5_la3/mfcc/raw_mfcc_train.3.ark:3752218
fcag0_si2133 /nfs-share/xinchi/kaldi/egs/timit/s5_la3/mfcc/raw_mfcc_train.1.ark:415851
mrtj0_sx322 /nfs-share/xinchi/kaldi/egs/timit/s5_la3/mfcc/raw_mfcc_train.4.ark:1572557
mvlo0_si1777 /nfs-share/xinchi/kaldi/egs/timit/s5_la3/mfcc/raw_mfcc_train.4.ark:3369459
mram0_si1951 /nfs-share/xinchi/kaldi/egs/timit/s5_la3/mfcc/raw_mfcc_train.4.ark:292972
flma0_sx73 /nfs-share/xinchi/kaldi/egs/timit/s5_la3/mfcc/raw_mfcc_train.1.ark:2654183
mdwd0_si557 /nfs-share/xinchi/kaldi/egs/timit/s5_la3/mfcc/raw_mfcc_train.2.ark:3034246
fntb0_si679 /nfs-share/xinchi/kaldi/egs/timit/s5_la3/mfcc/raw_mfcc_train.1.ark:3166114
fvfb0_sx222 /nfs-share/xinchi/kaldi/egs/timit/s5_la3/mfcc/raw_mfcc_train.2.ark:582594
mtkd0_sx17 /nfs-share/xinchi/kaldi/egs/timit/s5_la3/mfcc/raw_mfcc_train.4.ark:2794047
mjra0_sx426 /nfs-share/xinchi/kaldi/egs/timit/s5_la3/mfcc/raw_mfcc_train.3.ark:1472593
flag0_si834 /nfs-share/xinchi/kaldi/egs/timit/s5_la3/mfcc/raw_mfcc_train.1.ark:2364753
mjfr0_sx75 /nfs-share/xinchi/kaldi/egs/timit/s5_la3/mfcc/raw_mfcc_train.3.ark:1000440
msmc0_sx107 /nfs-share/xinchi/kaldi/egs/timit/s5_la3/mfcc/raw_mfcc_train.4.ark:2117618
mdcm0_si1480 /nfs-share/xinchi/kaldi/egs/timit/s5_la3/mfcc/raw_mfcc_train.2.ark:2121956
mddc0_si789 /nfs-share/xinchi/kaldi/egs/timit/s5_la3/mfcc/raw_mfcc_train.2.ark:2161769
fgdp0_si2248 /nfs-share/xinchi/kaldi/egs/timit/s5_la3/mfcc/raw_mfcc_train.1.ark:1397683
fsbk0_sx169 /nfs-share/xinchi/kaldi/egs/timit/s5_la3/mfcc/raw_mfcc_train.1.ark:3669712
fgmb0_si1775 /nfs-share/xinchi/kaldi/egs/timit/s5_la3/mfcc/raw_mfcc_train.1.ark:1438963
fapb0_si1063 /nfs-share/xinchi/kaldi/egs/timit/s5_la3/mfcc/raw_mfcc_train.1.ark:131783
mkag0_sx169 /nfs-share/xinchi/kaldi/egs/timit/s5_la3/mfcc/raw_mfcc_train.3.ark:1864504
mtml0_si2325 /nfs-share/xinchi/kaldi/egs/timit/s5_la3/mfcc/raw_mfcc_train.4.ark:2915241
mhit0_sx263 /nfs-share/xinchi/kaldi/egs/timit/s5_la3/mfcc/raw_mfcc_train.3.ark:346629
fcjs0_sx257 /nfs-share/xinchi/kaldi/egs/timit/s5_la3/mfcc/raw_mfcc_train.1.ark:576206
fsrh0_si1931 /nfs-share/xinchi/kaldi/egs/timit/s5_la3/mfcc/raw_mfcc_train.2.ark:348161
mtqc0_sx361 /nfs-share/xinchi/kaldi/egs/timit/s5_la3/mfcc/raw_mfcc_train.4.ark:3161504
mlns0_sx237 /nfs-share/xinchi/kaldi/egs/timit/s5_la3/mfcc/raw_mfcc_train.3.ark:2521333
mppc0_sx242 /nfs-share/xinchi/kaldi/egs/timit/s5_la3/mfcc/raw_mfcc_train.4.ark:12
fcmm0_sx183 /nfs-share/xinchi/kaldi/egs/timit/s5_la3/mfcc/raw_mfcc_train.1.ark:701033
msmr0_sx55 /nfs-share/xinchi/kaldi/egs/timit/s5_la3/mfcc/raw_mfcc_train.4.ark:2165165
mmws1_sx81 /nfs-share/xinchi/kaldi/egs/timit/s5_la3/mfcc/raw_mfcc_train.3.ark:3410494
fcrz0_sx73 /nfs-share/xinchi/kaldi/egs/timit/s5_la3/mfcc/raw_mfcc_train.1.ark:746513
mdss0_sx81 /nfs-share/xinchi/kaldi/egs/timit/s5_la3/mfcc/raw_mfcc_train.2.ark:2963674
mmam0_si2227 /nfs-share/xinchi/kaldi/egs/timit/s5_la3/mfcc/raw_mfcc_train.3.ark:2683962
fmjb0_sx187 /nfs-share/xinchi/kaldi/egs/timit/s5_la3/mfcc/raw_mfcc_train.1.ark:2900536
mtas0_sx305 /nfs-share/xinchi/kaldi/egs/timit/s5_la3/mfcc/raw_mfcc_train.4.ark:2393699
mjrg0_si736 /nfs-share/xinchi/kaldi/egs/timit/s5_la3/mfcc/raw_mfcc_train.3.ark:1486493
madd0_sx178 /nfs-share/xinchi/kaldi/egs/timit/s5_la3/mfcc/raw_mfcc_train.2.ark:733373
mmdb0_sx267 /nfs-share/xinchi/kaldi/egs/timit/s5_la3/mfcc/raw_mfcc_train.3.ark:2827698
fntb0_sx303 /nfs-share/xinchi/kaldi/egs/timit/s5_la3/mfcc/raw_mfcc_train.1.ark:3180123
mprd0_sx351 /nfs-share/xinchi/kaldi/egs/timit/s5_la3/mfcc/raw_mfcc_train.4.ark:78289
mjdg0_sx142 /nfs-share/xinchi/kaldi/egs/timit/s5_la3/mfcc/raw_mfcc_train.3.ark:789120
mbjv0_sx77 /nfs-share/xinchi/kaldi/egs/timit/s5_la3/mfcc/raw_mfcc_train.2.ark:1218001
mrem0_sx241 /nfs-share/xinchi/kaldi/egs/timit/s5_la3/mfcc/raw_mfcc_train.4.ark:624460
fapb0_si2323 /nfs-share/xinchi/kaldi/egs/timit/s5_la3/mfcc/raw_mfcc_train.1.ark:141081
freh0_sx55 /nfs-share/xinchi/kaldi/egs/timit/s5_la3/mfcc/raw_mfcc_train.1.ark:3489229
mrms0_sx300 /nfs-share/xinchi/kaldi/egs/timit/s5_la3/mfcc/raw_mfcc_train.4.ark:1364051
mdsj0_sx112 /nfs-share/xinchi/kaldi/egs/timit/s5_la3/mfcc/raw_mfcc_train.2.ark:2919832
mcss0_sx390 /nfs-share/xinchi/kaldi/egs/timit/s5_la3/mfcc/raw_mfcc_train.2.ark:1863067
mtjg0_si2157 /nfs-share/xinchi/kaldi/egs/timit/s5_la3/mfcc/raw_mfcc_train.4.ark:2644494
mter0_sx437 /nfs-share/xinchi/kaldi/egs/timit/s5_la3/mfcc/raw_mfcc_train.4.ark:2632577
fmkf0_sx186 /nfs-share/xinchi/kaldi/egs/timit/s5_la3/mfcc/raw_mfcc_train.1.ark:3034260
mrvg0_si1140 /nfs-share/xinchi/kaldi/egs/timit/s5_la3/mfcc/raw_mfcc_train.4.ark:1586072
mgaf0_si652 /nfs-share/xinchi/kaldi/egs/timit/s5_la3/mfcc/raw_mfcc_train.2.ark:3594270
fljd0_si2146 /nfs-share/xinchi/kaldi/egs/timit/s5_la3/mfcc/raw_mfcc_train.1.ark:2528015
mrmh0_si1021 /nfs-share/xinchi/kaldi/egs/timit/s5_la3/mfcc/raw_mfcc_train.4.ark:1269851
mram0_si1905 /nfs-share/xinchi/kaldi/egs/timit/s5_la3/mfcc/raw_mfcc_train.4.ark:289675
mbth0_sx302 /nfs-share/xinchi/kaldi/egs/timit/s5_la3/mfcc/raw_mfcc_train.2.ark:1391138
fsgf0_si1557 /nfs-share/xinchi/kaldi/egs/timit/s5_la3/mfcc/raw_mfcc_train.1.ark:3792079
mrtc0_sx288 /nfs-share/xinchi/kaldi/egs/timit/s5_la3/mfcc/raw_mfcc_train.4.ark:1536197
mjrp0_sx315 /nfs-share/xinchi/kaldi/egs/timit/s5_la3/mfcc/raw_mfcc_train.3.ark:1625908
mrew1_sx420 /nfs-share/xinchi/kaldi/egs/timit/s5_la3/mfcc/raw_mfcc_train.4.ark:661165
mjws0_sx243 /nfs-share/xinchi/kaldi/egs/timit/s5_la3/mfcc/raw_mfcc_train.3.ark:1730617
mtat0_sx390 /nfs-share/xinchi/kaldi/egs/timit/s5_la3/mfcc/raw_mfcc_train.4.ark:2431313
mjrp0_sx225 /nfs-share/xinchi/kaldi/egs/timit/s5_la3/mfcc/raw_mfcc_train.3.ark:1623106
mpgr1_sx239 /nfs-share/xinchi/kaldi/egs/timit/s5_la3/mfcc/raw_mfcc_train.3.ark:3673494
mtat1_sx419 /nfs-share/xinchi/kaldi/egs/timit/s5_la3/mfcc/raw_mfcc_train.4.ark:2464111
fkaa0_sx128 /nfs-share/xinchi/kaldi/egs/timit/s5_la3/mfcc/raw_mfcc_train.1.ark:2030257
fscn0_sx176 /nfs-share/xinchi/kaldi/egs/timit/s5_la3/mfcc/raw_mfcc_train.1.ark:3710185
mkxl0_si1185 /nfs-share/xinchi/kaldi/egs/timit/s5_la3/mfcc/raw_mfcc_train.3.ark:2332583
mwdk0_si1436 /nfs-share/xinchi/kaldi/egs/timit/s5_la3/mfcc/raw_mfcc_train.4.ark:3547727
mrai0_sx342 /nfs-share/xinchi/kaldi/egs/timit/s5_la3/mfcc/raw_mfcc_train.4.ark:272174
msms0_si2063 /nfs-share/xinchi/kaldi/egs/timit/s5_la3/mfcc/raw_mfcc_train.4.ark:2174632
mmag0_sx46 /nfs-share/xinchi/kaldi/egs/timit/s5_la3/mfcc/raw_mfcc_train.3.ark:2672641
falr0_sx155 /nfs-share/xinchi/kaldi/egs/timit/s5_la3/mfcc/raw_mfcc_train.1.ark:113197
feeh0_sx32 /nfs-share/xinchi/kaldi/egs/timit/s5_la3/mfcc/raw_mfcc_train.1.ark:1251129
fsjw0_sx343 /nfs-share/xinchi/kaldi/egs/timit/s5_la3/mfcc/raw_mfcc_train.2.ark:70151
mjws0_sx423 /nfs-share/xinchi/kaldi/egs/timit/s5_la3/mfcc/raw_mfcc_train.3.ark:1740654
mpsw0_sx257 /nfs-share/xinchi/kaldi/egs/timit/s5_la3/mfcc/raw_mfcc_train.4.ark:174347
msfv0_si632 /nfs-share/xinchi/kaldi/egs/timit/s5_la3/mfcc/raw_mfcc_train.4.ark:2041253
flkm0_sx350 /nfs-share/xinchi/kaldi/egs/timit/s5_la3/mfcc/raw_mfcc_train.1.ark:2613904
fkde0_sx151 /nfs-share/xinchi/kaldi/egs/timit/s5_la3/mfcc/raw_mfcc_train.1.ark:2068093
mmgg0_si1079 /nfs-share/xinchi/kaldi/egs/timit/s5_la3/mfcc/raw_mfcc_train.3.ark:3055416
mmar0_si1336 /nfs-share/xinchi/kaldi/egs/timit/s5_la3/mfcc/raw_mfcc_train.3.ark:2704037
mmaa0_sx395 /nfs-share/xinchi/kaldi/egs/timit/s5_la3/mfcc/raw_mfcc_train.3.ark:2600884
mejs0_sx430 /nfs-share/xinchi/kaldi/egs/timit/s5_la3/mfcc/raw_mfcc_train.2.ark:3302735
fsrh0_sx131 /nfs-share/xinchi/kaldi/egs/timit/s5_la3/mfcc/raw_mfcc_train.2.ark:355052
mmgk0_sx242 /nfs-share/xinchi/kaldi/egs/timit/s5_la3/mfcc/raw_mfcc_train.3.ark:3099495
mabc0_si1620 /nfs-share/xinchi/kaldi/egs/timit/s5_la3/mfcc/raw_mfcc_train.2.ark:660229
mrso0_sx129 /nfs-share/xinchi/kaldi/egs/timit/s5_la3/mfcc/raw_mfcc_train.4.ark:1452447
meal0_si2177 /nfs-share/xinchi/kaldi/egs/timit/s5_la3/mfcc/raw_mfcc_train.2.ark:3127126
mrjm0_sx328 /nfs-share/xinchi/kaldi/egs/timit/s5_la3/mfcc/raw_mfcc_train.4.ark:936642
mpar0_si1576 /nfs-share/xinchi/kaldi/egs/timit/s5_la3/mfcc/raw_mfcc_train.3.ark:3508158
mdjm0_sx375 /nfs-share/xinchi/kaldi/egs/timit/s5_la3/mfcc/raw_mfcc_train.2.ark:2376450
mmam0_sx67 /nfs-share/xinchi/kaldi/egs/timit/s5_la3/mfcc/raw_mfcc_train.3.ark:2699934
mkdb0_si2132 /nfs-share/xinchi/kaldi/egs/timit/s5_la3/mfcc/raw_mfcc_train.3.ark:1979162
mdtb0_sx321 /nfs-share/xinchi/kaldi/egs/timit/s5_la3/mfcc/raw_mfcc_train.2.ark:3015717
mrlj1_sx321 /nfs-share/xinchi/kaldi/egs/timit/s5_la3/mfcc/raw_mfcc_train.4.ark:1132737
fsrh0_sx41 /nfs-share/xinchi/kaldi/egs/timit/s5_la3/mfcc/raw_mfcc_train.2.ark:372590
mgag0_si691 /nfs-share/xinchi/kaldi/egs/timit/s5_la3/mfcc/raw_mfcc_train.2.ark:3620014
fdas1_sx201 /nfs-share/xinchi/kaldi/egs/timit/s5_la3/mfcc/raw_mfcc_train.1.ark:803469
mdwd0_sx90 /nfs-share/xinchi/kaldi/egs/timit/s5_la3/mfcc/raw_mfcc_train.2.ark:3050647
mzmb0_sx266 /nfs-share/xinchi/kaldi/egs/timit/s5_la3/mfcc/raw_mfcc_train.4.ark:3794465
mrew1_si870 /nfs-share/xinchi/kaldi/egs/timit/s5_la3/mfcc/raw_mfcc_train.4.ark:645082
mree0_sx384 /nfs-share/xinchi/kaldi/egs/timit/s5_la3/mfcc/raw_mfcc_train.4.ark:567011
mjrh1_si1558 /nfs-share/xinchi/kaldi/egs/timit/s5_la3/mfcc/raw_mfcc_train.3.ark:1545301
mtju0_sx220 /nfs-share/xinchi/kaldi/egs/timit/s5_la3/mfcc/raw_mfcc_train.4.ark:2759047
msah1_si1679 /nfs-share/xinchi/kaldi/egs/timit/s5_la3/mfcc/raw_mfcc_train.4.ark:1710263
fgrw0_sx162 /nfs-share/xinchi/kaldi/egs/timit/s5_la3/mfcc/raw_mfcc_train.1.ark:1484925
mewm0_sx358 /nfs-share/xinchi/kaldi/egs/timit/s5_la3/mfcc/raw_mfcc_train.2.ark:3387540
fjxm0_si1211 /nfs-share/xinchi/kaldi/egs/timit/s5_la3/mfcc/raw_mfcc_train.1.ark:1950574
mmgc0_sx135 /nfs-share/xinchi/kaldi/egs/timit/s5_la3/mfcc/raw_mfcc_train.3.ark:3038104
mjjb0_sx419 /nfs-share/xinchi/kaldi/egs/timit/s5_la3/mfcc/raw_mfcc_train.3.ark:1062454
fsma0_sx181 /nfs-share/xinchi/kaldi/egs/timit/s5_la3/mfcc/raw_mfcc_train.2.ark:221379
mhit0_si1613 /nfs-share/xinchi/kaldi/egs/timit/s5_la3/mfcc/raw_mfcc_train.3.ark:328868
fbmh0_sx56 /nfs-share/xinchi/kaldi/egs/timit/s5_la3/mfcc/raw_mfcc_train.1.ark:370570
fcjs0_si977 /nfs-share/xinchi/kaldi/egs/timit/s5_la3/mfcc/raw_mfcc_train.1.ark:567365
msdb0_sx197 /nfs-share/xinchi/kaldi/egs/timit/s5_la3/mfcc/raw_mfcc_train.4.ark:1842276
mrjt0_sx238 /nfs-share/xinchi/kaldi/egs/timit/s5_la3/mfcc/raw_mfcc_train.4.ark:999110
mtpg0_sx393 /nfs-share/xinchi/kaldi/egs/timit/s5_la3/mfcc/raw_mfcc_train.4.ark:3064600
flmc0_sx112 /nfs-share/xinchi/kaldi/egs/timit/s5_la3/mfcc/raw_mfcc_train.1.ark:2669085
mrml0_sx251 /nfs-share/xinchi/kaldi/egs/timit/s5_la3/mfcc/raw_mfcc_train.4.ark:1321158
fpac0_si2011 /nfs-share/xinchi/kaldi/egs/timit/s5_la3/mfcc/raw_mfcc_train.1.ark:3233990
mrlr0_sx26 /nfs-share/xinchi/kaldi/egs/timit/s5_la3/mfcc/raw_mfcc_train.4.ark:1197486
mdlc0_si1395 /nfs-share/xinchi/kaldi/egs/timit/s5_la3/mfcc/raw_mfcc_train.2.ark:2451973
mtrc0_sx170 /nfs-share/xinchi/kaldi/egs/timit/s5_la3/mfcc/raw_mfcc_train.4.ark:3188963
mcre0_sx41 /nfs-share/xinchi/kaldi/egs/timit/s5_la3/mfcc/raw_mfcc_train.2.ark:1828769
mrlj1_sx411 /nfs-share/xinchi/kaldi/egs/timit/s5_la3/mfcc/raw_mfcc_train.4.ark:1137242
mmgk0_sx62 /nfs-share/xinchi/kaldi/egs/timit/s5_la3/mfcc/raw_mfcc_train.3.ark:3109720
mgxp0_si1087 /nfs-share/xinchi/kaldi/egs/timit/s5_la3/mfcc/raw_mfcc_train.3.ark:264277
mbjv0_sx437 /nfs-share/xinchi/kaldi/egs/timit/s5_la3/mfcc/raw_mfcc_train.2.ark:1214108
fcaj0_sx39 /nfs-share/xinchi/kaldi/egs/timit/s5_la3/mfcc/raw_mfcc_train.1.ark:461448
mafm0_sx39 /nfs-share/xinchi/kaldi/egs/timit/s5_la3/mfcc/raw_mfcc_train.2.ark:837305
fbas0_sx397 /nfs-share/xinchi/kaldi/egs/timit/s5_la3/mfcc/raw_mfcc_train.1.ark:202676
mjrh0_si1755 /nfs-share/xinchi/kaldi/egs/timit/s5_la3/mfcc/raw_mfcc_train.3.ark:1516352
mddc0_si1419 /nfs-share/xinchi/kaldi/egs/timit/s5_la3/mfcc/raw_mfcc_train.2.ark:2154344
msah1_sx329 /nfs-share/xinchi/kaldi/egs/timit/s5_la3/mfcc/raw_mfcc_train.4.ark:1723266
mmgg0_sx179 /nfs-share/xinchi/kaldi/egs/timit/s5_la3/mfcc/raw_mfcc_train.3.ark:3067477
mjdc0_sx171 /nfs-share/xinchi/kaldi/egs/timit/s5_la3/mfcc/raw_mfcc_train.3.ark:717311
flmc0_si2002 /nfs-share/xinchi/kaldi/egs/timit/s5_la3/mfcc/raw_mfcc_train.1.ark:2662727
mpeb0_sx330 /nfs-share/xinchi/kaldi/egs/timit/s5_la3/mfcc/raw_mfcc_train.3.ark:3552282
fpac0_si661 /nfs-share/xinchi/kaldi/egs/timit/s5_la3/mfcc/raw_mfcc_train.1.ark:3236870
mstf0_sx136 /nfs-share/xinchi/kaldi/egs/timit/s5_la3/mfcc/raw_mfcc_train.4.ark:2277502
mmsm0_si476 /nfs-share/xinchi/kaldi/egs/timit/s5_la3/mfcc/raw_mfcc_train.3.ark:3250943
fsgf0_sx387 /nfs-share/xinchi/kaldi/egs/timit/s5_la3/mfcc/raw_mfcc_train.1.ark:3820572
fjhk0_si2282 /nfs-share/xinchi/kaldi/egs/timit/s5_la3/mfcc/raw_mfcc_train.1.ark:1659317
fcmm0_sx93 /nfs-share/xinchi/kaldi/egs/timit/s5_la3/mfcc/raw_mfcc_train.1.ark:716595
fear0_si622 /nfs-share/xinchi/kaldi/egs/timit/s5_la3/mfcc/raw_mfcc_train.1.ark:1160703
msjk0_si966 /nfs-share/xinchi/kaldi/egs/timit/s5_la3/mfcc/raw_mfcc_train.4.ark:2078646
mbma0_sx232 /nfs-share/xinchi/kaldi/egs/timit/s5_la3/mfcc/raw_mfcc_train.2.ark:1236329
fdmy0_sx297 /nfs-share/xinchi/kaldi/egs/timit/s5_la3/mfcc/raw_mfcc_train.1.ark:1010735
feeh0_si1742 /nfs-share/xinchi/kaldi/egs/timit/s5_la3/mfcc/raw_mfcc_train.1.ark:1230607
mvrw0_sx135 /nfs-share/xinchi/kaldi/egs/timit/s5_la3/mfcc/raw_mfcc_train.4.ark:3409544
fmju0_si2019 /nfs-share/xinchi/kaldi/egs/timit/s5_la3/mfcc/raw_mfcc_train.1.ark:2958692
mrbc0_sx329 /nfs-share/xinchi/kaldi/egs/timit/s5_la3/mfcc/raw_mfcc_train.4.ark:365427
mmgc0_si1935 /nfs-share/xinchi/kaldi/egs/timit/s5_la3/mfcc/raw_mfcc_train.3.ark:3031134
mjws0_sx153 /nfs-share/xinchi/kaldi/egs/timit/s5_la3/mfcc/raw_mfcc_train.3.ark:1725514
ftlg0_sx213 /nfs-share/xinchi/kaldi/egs/timit/s5_la3/mfcc/raw_mfcc_train.2.ark:522497
flag0_sx204 /nfs-share/xinchi/kaldi/egs/timit/s5_la3/mfcc/raw_mfcc_train.1.ark:2375115
fjlr0_sx151 /nfs-share/xinchi/kaldi/egs/timit/s5_la3/mfcc/raw_mfcc_train.1.ark:1760467
fkfb0_sx348 /nfs-share/xinchi/kaldi/egs/timit/s5_la3/mfcc/raw_mfcc_train.1.ark:2142685
mbef0_sx291 /nfs-share/xinchi/kaldi/egs/timit/s5_la3/mfcc/raw_mfcc_train.2.ark:1151333
mlel0_sx436 /nfs-share/xinchi/kaldi/egs/timit/s5_la3/mfcc/raw_mfcc_train.3.ark:2423663
fbmj0_sx336 /nfs-share/xinchi/kaldi/egs/timit/s5_la3/mfcc/raw_mfcc_train.1.ark:396366
mkah0_sx268 /nfs-share/xinchi/kaldi/egs/timit/s5_la3/mfcc/raw_mfcc_train.3.ark:1900707
mtqc0_si480 /nfs-share/xinchi/kaldi/egs/timit/s5_la3/mfcc/raw_mfcc_train.4.ark:3147768
mwgr0_sx436 /nfs-share/xinchi/kaldi/egs/timit/s5_la3/mfcc/raw_mfcc_train.4.ark:3638729
mrws0_sx22 /nfs-share/xinchi/kaldi/egs/timit/s5_la3/mfcc/raw_mfcc_train.4.ark:1662986
fntb0_si1203 /nfs-share/xinchi/kaldi/egs/timit/s5_la3/mfcc/raw_mfcc_train.1.ark:3159366
fdml0_sx69 /nfs-share/xinchi/kaldi/egs/timit/s5_la3/mfcc/raw_mfcc_train.1.ark:972050
mtml0_sx255 /nfs-share/xinchi/kaldi/egs/timit/s5_la3/mfcc/raw_mfcc_train.4.ark:2924472
mdrd0_sx392 /nfs-share/xinchi/kaldi/egs/timit/s5_la3/mfcc/raw_mfcc_train.2.ark:2903149
madd0_si1295 /nfs-share/xinchi/kaldi/egs/timit/s5_la3/mfcc/raw_mfcc_train.2.ark:722366
mjrk0_sx160 /nfs-share/xinchi/kaldi/egs/timit/s5_la3/mfcc/raw_mfcc_train.3.ark:1587617
mdas0_sx21 /nfs-share/xinchi/kaldi/egs/timit/s5_la3/mfcc/raw_mfcc_train.2.ark:2013039
mjjm0_sx287 /nfs-share/xinchi/kaldi/egs/timit/s5_la3/mfcc/raw_mfcc_train.3.ark:1130934
mkxl0_sx195 /nfs-share/xinchi/kaldi/egs/timit/s5_la3/mfcc/raw_mfcc_train.3.ark:2353926
majp0_sx354 /nfs-share/xinchi/kaldi/egs/timit/s5_la3/mfcc/raw_mfcc_train.2.ark:866815
fbcg1_si1612 /nfs-share/xinchi/kaldi/egs/timit/s5_la3/mfcc/raw_mfcc_train.1.ark:207117
mmeb0_sx7 /nfs-share/xinchi/kaldi/egs/timit/s5_la3/mfcc/raw_mfcc_train.3.ark:3018723
mjmd0_sx128 /nfs-share/xinchi/kaldi/egs/timit/s5_la3/mfcc/raw_mfcc_train.3.ark:1306381
fskl0_sx269 /nfs-share/xinchi/kaldi/egs/timit/s5_la3/mfcc/raw_mfcc_train.2.ark:130552
maeo0_si1655 /nfs-share/xinchi/kaldi/egs/timit/s5_la3/mfcc/raw_mfcc_train.2.ark:790621
mlel0_sx346 /nfs-share/xinchi/kaldi/egs/timit/s5_la3/mfcc/raw_mfcc_train.3.ark:2419132
fjen0_si2307 /nfs-share/xinchi/kaldi/egs/timit/s5_la3/mfcc/raw_mfcc_train.1.ark:1624367
mmsm0_sx26 /nfs-share/xinchi/kaldi/egs/timit/s5_la3/mfcc/raw_mfcc_train.3.ark:3264119
ftlg0_sx33 /nfs-share/xinchi/kaldi/egs/timit/s5_la3/mfcc/raw_mfcc_train.2.ark:529413
mbma1_sx234 /nfs-share/xinchi/kaldi/egs/timit/s5_la3/mfcc/raw_mfcc_train.2.ark:1268223
mpar0_sx226 /nfs-share/xinchi/kaldi/egs/timit/s5_la3/mfcc/raw_mfcc_train.3.ark:3522851
mcth0_sx219 /nfs-share/xinchi/kaldi/egs/timit/s5_la3/mfcc/raw_mfcc_train.2.ark:1883020
mpgr0_sx420 /nfs-share/xinchi/kaldi/egs/timit/s5_la3/mfcc/raw_mfcc_train.3.ark:3647931
fear0_si1252 /nfs-share/xinchi/kaldi/egs/timit/s5_la3/mfcc/raw_mfcc_train.1.ark:1154448
mmea0_sx308 /nfs-share/xinchi/kaldi/egs/timit/s5_la3/mfcc/raw_mfcc_train.3.ark:2985420
mdlr1_sx309 /nfs-share/xinchi/kaldi/egs/timit/s5_la3/mfcc/raw_mfcc_train.2.ark:2665720
fsgf0_sx117 /nfs-share/xinchi/kaldi/egs/timit/s5_la3/mfcc/raw_mfcc_train.1.ark:3808273
fetb0_sx68 /nfs-share/xinchi/kaldi/egs/timit/s5_la3/mfcc/raw_mfcc_train.1.ark:1322919
mtjg0_si1520 /nfs-share/xinchi/kaldi/egs/timit/s5_la3/mfcc/raw_mfcc_train.4.ark:2641886
mdlm0_si1864 /nfs-share/xinchi/kaldi/egs/timit/s5_la3/mfcc/raw_mfcc_train.2.ark:2584965
mmxs0_sx336 /nfs-share/xinchi/kaldi/egs/timit/s5_la3/mfcc/raw_mfcc_train.3.ark:3431675
mdhs0_sx450 /nfs-share/xinchi/kaldi/egs/timit/s5_la3/mfcc/raw_mfcc_train.2.ark:2342236
mtmt0_sx38 /nfs-share/xinchi/kaldi/egs/timit/s5_la3/mfcc/raw_mfcc_train.4.ark:2999973
mmag0_sx316 /nfs-share/xinchi/kaldi/egs/timit/s5_la3/mfcc/raw_mfcc_train.3.ark:2663346
fsjw0_si1333 /nfs-share/xinchi/kaldi/egs/timit/s5_la3/mfcc/raw_mfcc_train.2.ark:49120
mter0_sx77 /nfs-share/xinchi/kaldi/egs/timit/s5_la3/mfcc/raw_mfcc_train.4.ark:2638017
mmdg0_sx250 /nfs-share/xinchi/kaldi/egs/timit/s5_la3/mfcc/raw_mfcc_train.3.ark:2860177
fkdw0_sx127 /nfs-share/xinchi/kaldi/egs/timit/s5_la3/mfcc/raw_mfcc_train.1.ark:2105850
mmdm0_sx141 /nfs-share/xinchi/kaldi/egs/timit/s5_la3/mfcc/raw_mfcc_train.3.ark:2889178
mprk0_sx377 /nfs-share/xinchi/kaldi/egs/timit/s5_la3/mfcc/raw_mfcc_train.4.ark:125003
mvrw0_sx315 /nfs-share/xinchi/kaldi/egs/timit/s5_la3/mfcc/raw_mfcc_train.4.ark:3415707
mhmr0_si489 /nfs-share/xinchi/kaldi/egs/timit/s5_la3/mfcc/raw_mfcc_train.3.ark:426295
mmdm1_sx63 /nfs-share/xinchi/kaldi/egs/timit/s5_la3/mfcc/raw_mfcc_train.3.ark:2938272
mtmn0_si2324 /nfs-share/xinchi/kaldi/egs/timit/s5_la3/mfcc/raw_mfcc_train.4.ark:2945750
fdkn0_si1202 /nfs-share/xinchi/kaldi/egs/timit/s5_la3/mfcc/raw_mfcc_train.1.ark:914854
mrwa0_sx163 /nfs-share/xinchi/kaldi/egs/timit/s5_la3/mfcc/raw_mfcc_train.4.ark:1626256
mwgr0_si976 /nfs-share/xinchi/kaldi/egs/timit/s5_la3/mfcc/raw_mfcc_train.4.ark:3620865
mges0_sx131 /nfs-share/xinchi/kaldi/egs/timit/s5_la3/mfcc/raw_mfcc_train.3.ark:71689
mkes0_si1253 /nfs-share/xinchi/kaldi/egs/timit/s5_la3/mfcc/raw_mfcc_train.3.ark:2077754
mtjm0_sx146 /nfs-share/xinchi/kaldi/egs/timit/s5_la3/mfcc/raw_mfcc_train.4.ark:2688752
mdks0_si1696 /nfs-share/xinchi/kaldi/egs/timit/s5_la3/mfcc/raw_mfcc_train.2.ark:2382797
flmk0_sx315 /nfs-share/xinchi/kaldi/egs/timit/s5_la3/mfcc/raw_mfcc_train.1.ark:2710406
fgdp0_si988 /nfs-share/xinchi/kaldi/egs/timit/s5_la3/mfcc/raw_mfcc_train.1.ark:1402058
mdlb0_si1306 /nfs-share/xinchi/kaldi/egs/timit/s5_la3/mfcc/raw_mfcc_train.2.ark:2413306
madc0_sx377 /nfs-share/xinchi/kaldi/egs/timit/s5_la3/mfcc/raw_mfcc_train.2.ark:718107
mmrp0_si717 /nfs-share/xinchi/kaldi/egs/timit/s5_la3/mfcc/raw_mfcc_train.3.ark:3209019
fklc1_si2308 /nfs-share/xinchi/kaldi/egs/timit/s5_la3/mfcc/raw_mfcc_train.1.ark:2236696
mewm0_sx88 /nfs-share/xinchi/kaldi/egs/timit/s5_la3/mfcc/raw_mfcc_train.2.ark:3393585
fbcg1_sx172 /nfs-share/xinchi/kaldi/egs/timit/s5_la3/mfcc/raw_mfcc_train.1.ark:217292
mcxm0_sx181 /nfs-share/xinchi/kaldi/egs/timit/s5_la3/mfcc/raw_mfcc_train.2.ark:1942329
fkkh0_sx210 /nfs-share/xinchi/kaldi/egs/timit/s5_la3/mfcc/raw_mfcc_train.1.ark:2180266
mgaf0_sx382 /nfs-share/xinchi/kaldi/egs/timit/s5_la3/mfcc/raw_mfcc_train.2.ark:3608851
mmgc0_sx315 /nfs-share/xinchi/kaldi/egs/timit/s5_la3/mfcc/raw_mfcc_train.3.ark:3044826
mppc0_sx422 /nfs-share/xinchi/kaldi/egs/timit/s5_la3/mfcc/raw_mfcc_train.4.ark:7917
flhd0_si1974 /nfs-share/xinchi/kaldi/egs/timit/s5_la3/mfcc/raw_mfcc_train.1.ark:2461945
mrjh0_sx79 /nfs-share/xinchi/kaldi/egs/timit/s5_la3/mfcc/raw_mfcc_train.4.ark:912430
mkls1_sx105 /nfs-share/xinchi/kaldi/egs/timit/s5_la3/mfcc/raw_mfcc_train.3.ark:2250469
fdaw0_sx326 /nfs-share/xinchi/kaldi/egs/timit/s5_la3/mfcc/raw_mfcc_train.1.ark:840727
fdml0_si2075 /nfs-share/xinchi/kaldi/egs/timit/s5_la3/mfcc/raw_mfcc_train.1.ark:956169
mrws0_sx202 /nfs-share/xinchi/kaldi/egs/timit/s5_la3/mfcc/raw_mfcc_train.4.ark:1661043
fjdm2_si1582 /nfs-share/xinchi/kaldi/egs/timit/s5_la3/mfcc/raw_mfcc_train.1.ark:1581172
fljd0_si1516 /nfs-share/xinchi/kaldi/egs/timit/s5_la3/mfcc/raw_mfcc_train.1.ark:2521416
mdwm0_si916 /nfs-share/xinchi/kaldi/egs/timit/s5_la3/mfcc/raw_mfcc_train.2.ark:3099230
mrld0_sx334 /nfs-share/xinchi/kaldi/egs/timit/s5_la3/mfcc/raw_mfcc_train.4.ark:1077021
fsdj0_si485 /nfs-share/xinchi/kaldi/egs/timit/s5_la3/mfcc/raw_mfcc_train.1.ark:3773070
msrg0_si1221 /nfs-share/xinchi/kaldi/egs/timit/s5_la3/mfcc/raw_mfcc_train.4.ark:2201253
mrcg0_sx438 /nfs-share/xinchi/kaldi/egs/timit/s5_la3/mfcc/raw_mfcc_train.4.ark:406064
mtas0_sx395 /nfs-share/xinchi/kaldi/egs/timit/s5_la3/mfcc/raw_mfcc_train.4.ark:2399328
mapv0_sx123 /nfs-share/xinchi/kaldi/egs/timit/s5_la3/mfcc/raw_mfcc_train.2.ark:958909
mntw0_sx348 /nfs-share/xinchi/kaldi/egs/timit/s5_la3/mfcc/raw_mfcc_train.3.ark:3499707
mclk0_sx400 /nfs-share/xinchi/kaldi/egs/timit/s5_la3/mfcc/raw_mfcc_train.2.ark:1740068
mcss0_sx30 /nfs-share/xinchi/kaldi/egs/timit/s5_la3/mfcc/raw_mfcc_train.2.ark:1857138
mdns0_sx111 /nfs-share/xinchi/kaldi/egs/timit/s5_la3/mfcc/raw_mfcc_train.2.ark:2761441
mmgg0_si2339 /nfs-share/xinchi/kaldi/egs/timit/s5_la3/mfcc/raw_mfcc_train.3.ark:3064350
mmvp0_si1914 /nfs-share/xinchi/kaldi/egs/timit/s5_la3/mfcc/raw_mfcc_train.3.ark:3279255
mabc0_si781 /nfs-share/xinchi/kaldi/egs/timit/s5_la3/mfcc/raw_mfcc_train.2.ark:665964
fmem0_si747 /nfs-share/xinchi/kaldi/egs/timit/s5_la3/mfcc/raw_mfcc_train.1.ark:2858208
mram0_sx375 /nfs-share/xinchi/kaldi/egs/timit/s5_la3/mfcc/raw_mfcc_train.4.ark:312818
mjai0_sx344 /nfs-share/xinchi/kaldi/egs/timit/s5_la3/mfcc/raw_mfcc_train.3.ark:633523
feme0_sx425 /nfs-share/xinchi/kaldi/egs/timit/s5_la3/mfcc/raw_mfcc_train.1.ark:1287535
mdbp0_sx438 /nfs-share/xinchi/kaldi/egs/timit/s5_la3/mfcc/raw_mfcc_train.2.ark:2081364
mjlg1_si1012 /nfs-share/xinchi/kaldi/egs/timit/s5_la3/mfcc/raw_mfcc_train.3.ark:1202043
mmpm0_sx251 /nfs-share/xinchi/kaldi/egs/timit/s5_la3/mfcc/raw_mfcc_train.3.ark:3190355
mjfh0_si1737 /nfs-share/xinchi/kaldi/egs/timit/s5_la3/mfcc/raw_mfcc_train.3.ark:946054
fvkb0_si529 /nfs-share/xinchi/kaldi/egs/timit/s5_la3/mfcc/raw_mfcc_train.2.ark:602436
mjlb0_sx446 /nfs-share/xinchi/kaldi/egs/timit/s5_la3/mfcc/raw_mfcc_train.3.ark:1195724
mpgh0_sx384 /nfs-share/xinchi/kaldi/egs/timit/s5_la3/mfcc/raw_mfcc_train.3.ark:3624298
mmam0_si1597 /nfs-share/xinchi/kaldi/egs/timit/s5_la3/mfcc/raw_mfcc_train.3.ark:2676029
mdpb0_sx56 /nfs-share/xinchi/kaldi/egs/timit/s5_la3/mfcc/raw_mfcc_train.2.ark:2808507
freh0_sx325 /nfs-share/xinchi/kaldi/egs/timit/s5_la3/mfcc/raw_mfcc_train.1.ark:3483795
mmws0_sx258 /nfs-share/xinchi/kaldi/egs/timit/s5_la3/mfcc/raw_mfcc_train.3.ark:3370858
mmdm1_sx423 /nfs-share/xinchi/kaldi/egs/timit/s5_la3/mfcc/raw_mfcc_train.3.ark:2933274
mclm0_si1456 /nfs-share/xinchi/kaldi/egs/timit/s5_la3/mfcc/raw_mfcc_train.2.ark:1743625
msrr0_sx30 /nfs-share/xinchi/kaldi/egs/timit/s5_la3/mfcc/raw_mfcc_train.4.ark:2253371
fpmy0_sx343 /nfs-share/xinchi/kaldi/egs/timit/s5_la3/mfcc/raw_mfcc_train.1.ark:3455184
mdas0_sx6 /nfs-share/xinchi/kaldi/egs/timit/s5_la3/mfcc/raw_mfcc_train.2.ark:2018485
fvfb0_sx312 /nfs-share/xinchi/kaldi/egs/timit/s5_la3/mfcc/raw_mfcc_train.2.ark:585994
mges0_sx401 /nfs-share/xinchi/kaldi/egs/timit/s5_la3/mfcc/raw_mfcc_train.3.ark:83176
mkaj0_sx424 /nfs-share/xinchi/kaldi/egs/timit/s5_la3/mfcc/raw_mfcc_train.3.ark:1938400
mjmd0_si1658 /nfs-share/xinchi/kaldi/egs/timit/s5_la3/mfcc/raw_mfcc_train.3.ark:1299086
msrr0_si1761 /nfs-share/xinchi/kaldi/egs/timit/s5_la3/mfcc/raw_mfcc_train.4.ark:2234975
mmag0_sx136 /nfs-share/xinchi/kaldi/egs/timit/s5_la3/mfcc/raw_mfcc_train.3.ark:2653621
mdlr0_si603 /nfs-share/xinchi/kaldi/egs/timit/s5_la3/mfcc/raw_mfcc_train.2.ark:2617568
mcxm0_sx91 /nfs-share/xinchi/kaldi/egs/timit/s5_la3/mfcc/raw_mfcc_train.2.ark:1958801
mjjj0_sx263 /nfs-share/xinchi/kaldi/egs/timit/s5_la3/mfcc/raw_mfcc_train.3.ark:1089719
mdma0_si1430 /nfs-share/xinchi/kaldi/egs/timit/s5_la3/mfcc/raw_mfcc_train.2.ark:2680790
ftbr0_sx111 /nfs-share/xinchi/kaldi/egs/timit/s5_la3/mfcc/raw_mfcc_train.2.ark:452957
mjrp0_sx135 /nfs-share/xinchi/kaldi/egs/timit/s5_la3/mfcc/raw_mfcc_train.3.ark:1618575
mmam0_sx427 /nfs-share/xinchi/kaldi/egs/timit/s5_la3/mfcc/raw_mfcc_train.3.ark:2697263
fcaj0_si849 /nfs-share/xinchi/kaldi/egs/timit/s5_la3/mfcc/raw_mfcc_train.1.ark:444365
mmar0_sx76 /nfs-share/xinchi/kaldi/egs/timit/s5_la3/mfcc/raw_mfcc_train.3.ark:2739758
flkm0_si620 /nfs-share/xinchi/kaldi/egs/timit/s5_la3/mfcc/raw_mfcc_train.1.ark:2596352
mmlm0_sx447 /nfs-share/xinchi/kaldi/egs/timit/s5_la3/mfcc/raw_mfcc_train.3.ark:3168029
mjjb0_sx149 /nfs-share/xinchi/kaldi/egs/timit/s5_la3/mfcc/raw_mfcc_train.3.ark:1048185
mrkm0_sx7 /nfs-share/xinchi/kaldi/egs/timit/s5_la3/mfcc/raw_mfcc_train.4.ark:1050269
mrre0_sx74 /nfs-share/xinchi/kaldi/egs/timit/s5_la3/mfcc/raw_mfcc_train.4.ark:1432045
fdjh0_sx305 /nfs-share/xinchi/kaldi/egs/timit/s5_la3/mfcc/raw_mfcc_train.1.ark:900018
msat1_sx353 /nfs-share/xinchi/kaldi/egs/timit/s5_la3/mfcc/raw_mfcc_train.4.ark:1815829
maeb0_sx450 /nfs-share/xinchi/kaldi/egs/timit/s5_la3/mfcc/raw_mfcc_train.2.ark:778314
mhxl0_si612 /nfs-share/xinchi/kaldi/egs/timit/s5_la3/mfcc/raw_mfcc_train.3.ark:488730
fbjl0_sx292 /nfs-share/xinchi/kaldi/egs/timit/s5_la3/mfcc/raw_mfcc_train.1.ark:298402
mwrp0_si1525 /nfs-share/xinchi/kaldi/egs/timit/s5_la3/mfcc/raw_mfcc_train.4.ark:3683932
meal0_sx197 /nfs-share/xinchi/kaldi/egs/timit/s5_la3/mfcc/raw_mfcc_train.2.ark:3136169
mtlc0_sx127 /nfs-share/xinchi/kaldi/egs/timit/s5_la3/mfcc/raw_mfcc_train.4.ark:2892388
mcth0_sx309 /nfs-share/xinchi/kaldi/egs/timit/s5_la3/mfcc/raw_mfcc_train.2.ark:1887161
fmkc0_sx352 /nfs-share/xinchi/kaldi/egs/timit/s5_la3/mfcc/raw_mfcc_train.1.ark:3006176
mrsp0_sx439 /nfs-share/xinchi/kaldi/egs/timit/s5_la3/mfcc/raw_mfcc_train.4.ark:1501236
mtrc0_si993 /nfs-share/xinchi/kaldi/egs/timit/s5_la3/mfcc/raw_mfcc_train.4.ark:3186278
mgaw0_si535 /nfs-share/xinchi/kaldi/egs/timit/s5_la3/mfcc/raw_mfcc_train.3.ark:43298
mjfr0_sx255 /nfs-share/xinchi/kaldi/egs/timit/s5_la3/mfcc/raw_mfcc_train.3.ark:985457
mses0_si1589 /nfs-share/xinchi/kaldi/egs/timit/s5_la3/mfcc/raw_mfcc_train.4.ark:1964709
feme0_sx245 /nfs-share/xinchi/kaldi/egs/timit/s5_la3/mfcc/raw_mfcc_train.1.ark:1277511
fdas1_sx111 /nfs-share/xinchi/kaldi/egs/timit/s5_la3/mfcc/raw_mfcc_train.1.ark:800069
flkm0_sx440 /nfs-share/xinchi/kaldi/egs/timit/s5_la3/mfcc/raw_mfcc_train.1.ark:2619891
fmmh0_sx97 /nfs-share/xinchi/kaldi/egs/timit/s5_la3/mfcc/raw_mfcc_train.1.ark:3083129
mpgh0_si675 /nfs-share/xinchi/kaldi/egs/timit/s5_la3/mfcc/raw_mfcc_train.3.ark:3604211
mrvg0_si510 /nfs-share/xinchi/kaldi/egs/timit/s5_la3/mfcc/raw_mfcc_train.4.ark:1592652
fvkb0_sx439 /nfs-share/xinchi/kaldi/egs/timit/s5_la3/mfcc/raw_mfcc_train.2.ark:621730
mjmm0_si1255 /nfs-share/xinchi/kaldi/egs/timit/s5_la3/mfcc/raw_mfcc_train.3.ark:1324174
mjbg0_si1862 /nfs-share/xinchi/kaldi/egs/timit/s5_la3/mfcc/raw_mfcc_train.3.ark:649680
mklw0_si1571 /nfs-share/xinchi/kaldi/egs/timit/s5_la3/mfcc/raw_mfcc_train.3.ark:2268223
mjls0_si1096 /nfs-share/xinchi/kaldi/egs/timit/s5_la3/mfcc/raw_mfcc_train.3.ark:1231793
mmjb1_si2038 /nfs-share/xinchi/kaldi/egs/timit/s5_la3/mfcc/raw_mfcc_train.3.ark:3116847
fjxm0_si581 /nfs-share/xinchi/kaldi/egs/timit/s5_la3/mfcc/raw_mfcc_train.1.ark:1957336
mmam0_si1668 /nfs-share/xinchi/kaldi/egs/timit/s5_la3/mfcc/raw_mfcc_train.3.ark:2680977
mrws0_sx382 /nfs-share/xinchi/kaldi/egs/timit/s5_la3/mfcc/raw_mfcc_train.4.ark:1670137
flma0_si1873 /nfs-share/xinchi/kaldi/egs/timit/s5_la3/mfcc/raw_mfcc_train.1.ark:2631470
mrab1_si1478 /nfs-share/xinchi/kaldi/egs/timit/s5_la3/mfcc/raw_mfcc_train.4.ark:217013
fexm0_si1101 /nfs-share/xinchi/kaldi/egs/timit/s5_la3/mfcc/raw_mfcc_train.1.ark:1326515
fsma0_si991 /nfs-share/xinchi/kaldi/egs/timit/s5_la3/mfcc/raw_mfcc_train.2.ark:215431
fsmm0_sx414 /nfs-share/xinchi/kaldi/egs/timit/s5_la3/mfcc/raw_mfcc_train.2.ark:269102
mdlc2_si1614 /nfs-share/xinchi/kaldi/egs/timit/s5_la3/mfcc/raw_mfcc_train.2.ark:2518375
fcjs0_si2237 /nfs-share/xinchi/kaldi/egs/timit/s5_la3/mfcc/raw_mfcc_train.1.ark:565161
mjeb0_si1286 /nfs-share/xinchi/kaldi/egs/timit/s5_la3/mfcc/raw_mfcc_train.3.ark:844007
mzmb0_si1166 /nfs-share/xinchi/kaldi/egs/timit/s5_la3/mfcc/raw_mfcc_train.4.ark:3777081
fspm0_sx251 /nfs-share/xinchi/kaldi/egs/timit/s5_la3/mfcc/raw_mfcc_train.2.ark:329275
mmds0_sx443 /nfs-share/xinchi/kaldi/egs/timit/s5_la3/mfcc/raw_mfcc_train.3.ark:2961684
mjls0_sx196 /nfs-share/xinchi/kaldi/egs/timit/s5_la3/mfcc/raw_mfcc_train.3.ark:1253824
mrdm0_si1595 /nfs-share/xinchi/kaldi/egs/timit/s5_la3/mfcc/raw_mfcc_train.4.ark:482212
mtrr0_sx288 /nfs-share/xinchi/kaldi/egs/timit/s5_la3/mfcc/raw_mfcc_train.4.ark:3229028
mmws0_sx348 /nfs-share/xinchi/kaldi/egs/timit/s5_la3/mfcc/raw_mfcc_train.3.ark:3374960
fskc0_sx336 /nfs-share/xinchi/kaldi/egs/timit/s5_la3/mfcc/raw_mfcc_train.2.ark:100810
mcdd0_sx73 /nfs-share/xinchi/kaldi/egs/timit/s5_la3/mfcc/raw_mfcc_train.2.ark:1565816
fsdc0_sx322 /nfs-share/xinchi/kaldi/egs/timit/s5_la3/mfcc/raw_mfcc_train.1.ark:3753248
mrwa0_si1603 /nfs-share/xinchi/kaldi/egs/timit/s5_la3/mfcc/raw_mfcc_train.4.ark:1614521
mjdc0_sx81 /nfs-share/xinchi/kaldi/egs/timit/s5_la3/mfcc/raw_mfcc_train.3.ark:731300
mmvp0_sx294 /nfs-share/xinchi/kaldi/egs/timit/s5_la3/mfcc/raw_mfcc_train.3.ark:3299992
maeo0_sx336 /nfs-share/xinchi/kaldi/egs/timit/s5_la3/mfcc/raw_mfcc_train.2.ark:804014
mjdm0_si1937 /nfs-share/xinchi/kaldi/egs/timit/s5_la3/mfcc/raw_mfcc_train.3.ark:815462
mkag0_si979 /nfs-share/xinchi/kaldi/egs/timit/s5_la3/mfcc/raw_mfcc_train.3.ark:1858270
fcaj0_sx309 /nfs-share/xinchi/kaldi/egs/timit/s5_la3/mfcc/raw_mfcc_train.1.ark:457191
falk0_sx6 /nfs-share/xinchi/kaldi/egs/timit/s5_la3/mfcc/raw_mfcc_train.1.ark:94090
mdjm0_si1455 /nfs-share/xinchi/kaldi/egs/timit/s5_la3/mfcc/raw_mfcc_train.2.ark:2349062
flet0_si507 /nfs-share/xinchi/kaldi/egs/timit/s5_la3/mfcc/raw_mfcc_train.1.ark:2433482
mmcc0_sx168 /nfs-share/xinchi/kaldi/egs/timit/s5_la3/mfcc/raw_mfcc_train.3.ark:2794081
mjai0_sx74 /nfs-share/xinchi/kaldi/egs/timit/s5_la3/mfcc/raw_mfcc_train.3.ark:639698
mlsh0_si2047 /nfs-share/xinchi/kaldi/egs/timit/s5_la3/mfcc/raw_mfcc_train.3.ark:2541740
mkaj0_sx244 /nfs-share/xinchi/kaldi/egs/timit/s5_la3/mfcc/raw_mfcc_train.3.ark:1931587
mjdc0_sx261 /nfs-share/xinchi/kaldi/egs/timit/s5_la3/mfcc/raw_mfcc_train.3.ark:721738
mjrh1_sx244 /nfs-share/xinchi/kaldi/egs/timit/s5_la3/mfcc/raw_mfcc_train.3.ark:1562841
fbcg1_sx262 /nfs-share/xinchi/kaldi/egs/timit/s5_la3/mfcc/raw_mfcc_train.1.ark:221576
fskp0_si1098 /nfs-share/xinchi/kaldi/egs/timit/s5_la3/mfcc/raw_mfcc_train.2.ark:145881
msfh0_sx226 /nfs-share/xinchi/kaldi/egs/timit/s5_la3/mfcc/raw_mfcc_train.4.ark:2014833
mrhl0_sx75 /nfs-share/xinchi/kaldi/egs/timit/s5_la3/mfcc/raw_mfcc_train.4.ark:837657
fgrw0_si1152 /nfs-share/xinchi/kaldi/egs/timit/s5_la3/mfcc/raw_mfcc_train.1.ark:1470030
mvjh0_si1556 /nfs-share/xinchi/kaldi/egs/timit/s5_la3/mfcc/raw_mfcc_train.4.ark:3334775
fskl0_sx179 /nfs-share/xinchi/kaldi/egs/timit/s5_la3/mfcc/raw_mfcc_train.2.ark:126268
mtpg0_si2013 /nfs-share/xinchi/kaldi/egs/timit/s5_la3/mfcc/raw_mfcc_train.4.ark:3043330
mpgh0_sx204 /nfs-share/xinchi/kaldi/egs/timit/s5_la3/mfcc/raw_mfcc_train.3.ark:3616010
fcag0_sx153 /nfs-share/xinchi/kaldi/egs/timit/s5_la3/mfcc/raw_mfcc_train.1.ark:418679
mgar0_si1842 /nfs-share/xinchi/kaldi/egs/timit/s5_la3/mfcc/raw_mfcc_train.3.ark:7907
mtmn0_si582 /nfs-share/xinchi/kaldi/egs/timit/s5_la3/mfcc/raw_mfcc_train.4.ark:2951087
mjmd0_sx218 /nfs-share/xinchi/kaldi/egs/timit/s5_la3/mfcc/raw_mfcc_train.3.ark:1309508
mjrg0_sx352 /nfs-share/xinchi/kaldi/egs/timit/s5_la3/mfcc/raw_mfcc_train.3.ark:1503394
mtpf0_si1865 /nfs-share/xinchi/kaldi/egs/timit/s5_la3/mfcc/raw_mfcc_train.4.ark:3012671
mrem0_si1591 /nfs-share/xinchi/kaldi/egs/timit/s5_la3/mfcc/raw_mfcc_train.4.ark:607506
mrjt0_si1805 /nfs-share/xinchi/kaldi/egs/timit/s5_la3/mfcc/raw_mfcc_train.4.ark:987766
mbbr0_sx245 /nfs-share/xinchi/kaldi/egs/timit/s5_la3/mfcc/raw_mfcc_train.2.ark:1085830
fjxm0_sx311 /nfs-share/xinchi/kaldi/egs/timit/s5_la3/mfcc/raw_mfcc_train.1.ark:1969785
mcal0_sx418 /nfs-share/xinchi/kaldi/egs/timit/s5_la3/mfcc/raw_mfcc_train.2.ark:1499916
fsjk1_si2285 /nfs-share/xinchi/kaldi/egs/timit/s5_la3/mfcc/raw_mfcc_train.1.ark:3872554
mjmd0_sx398 /nfs-share/xinchi/kaldi/egs/timit/s5_la3/mfcc/raw_mfcc_train.3.ark:1320227
mmlm0_si897 /nfs-share/xinchi/kaldi/egs/timit/s5_la3/mfcc/raw_mfcc_train.3.ark:3154143
fmem0_sx117 /nfs-share/xinchi/kaldi/egs/timit/s5_la3/mfcc/raw_mfcc_train.1.ark:2862258
flod0_si1917 /nfs-share/xinchi/kaldi/egs/timit/s5_la3/mfcc/raw_mfcc_train.1.ark:2726516
fsjg0_si940 /nfs-share/xinchi/kaldi/egs/timit/s5_la3/mfcc/raw_mfcc_train.1.ark:3833608
mjjb0_si1277 /nfs-share/xinchi/kaldi/egs/timit/s5_la3/mfcc/raw_mfcc_train.3.ark:1041657
fpad0_sx266 /nfs-share/xinchi/kaldi/egs/timit/s5_la3/mfcc/raw_mfcc_train.1.ark:3281804
flma0_si1243 /nfs-share/xinchi/kaldi/egs/timit/s5_la3/mfcc/raw_mfcc_train.1.ark:2628784
mwac0_sx251 /nfs-share/xinchi/kaldi/egs/timit/s5_la3/mfcc/raw_mfcc_train.4.ark:3444864
fcyl0_si667 /nfs-share/xinchi/kaldi/egs/timit/s5_la3/mfcc/raw_mfcc_train.1.ark:758249
frjb0_si1427 /nfs-share/xinchi/kaldi/egs/timit/s5_la3/mfcc/raw_mfcc_train.1.ark:3492981
fgmb0_si515 /nfs-share/xinchi/kaldi/egs/timit/s5_la3/mfcc/raw_mfcc_train.1.ark:1443065
mjbg0_sx62 /nfs-share/xinchi/kaldi/egs/timit/s5_la3/mfcc/raw_mfcc_train.3.ark:671918
fcyl0_sx349 /nfs-share/xinchi/kaldi/egs/timit/s5_la3/mfcc/raw_mfcc_train.1.ark:770464
mjfr0_si1605 /nfs-share/xinchi/kaldi/egs/timit/s5_la3/mfcc/raw_mfcc_train.3.ark:968606
falr0_si1325 /nfs-share/xinchi/kaldi/egs/timit/s5_la3/mfcc/raw_mfcc_train.1.ark:101592
mhmr0_sx219 /nfs-share/xinchi/kaldi/egs/timit/s5_la3/mfcc/raw_mfcc_train.3.ark:434668
mddc0_sx339 /nfs-share/xinchi/kaldi/egs/timit/s5_la3/mfcc/raw_mfcc_train.2.ark:2173659
fmkf0_sx276 /nfs-share/xinchi/kaldi/egs/timit/s5_la3/mfcc/raw_mfcc_train.1.ark:3037374
mrew1_sx60 /nfs-share/xinchi/kaldi/egs/timit/s5_la3/mfcc/raw_mfcc_train.4.ark:665682
mtlb0_sx54 /nfs-share/xinchi/kaldi/egs/timit/s5_la3/mfcc/raw_mfcc_train.4.ark:2872520
mntw0_si2328 /nfs-share/xinchi/kaldi/egs/timit/s5_la3/mfcc/raw_mfcc_train.3.ark:3486731
mbth0_si757 /nfs-share/xinchi/kaldi/egs/timit/s5_la3/mfcc/raw_mfcc_train.2.ark:1378949
fskp0_sx108 /nfs-share/xinchi/kaldi/egs/timit/s5_la3/mfcc/raw_mfcc_train.2.ark:158669
mrtj0_sx142 /nfs-share/xinchi/kaldi/egs/timit/s5_la3/mfcc/raw_mfcc_train.4.ark:1560531
fcmg0_sx432 /nfs-share/xinchi/kaldi/egs/timit/s5_la3/mfcc/raw_mfcc_train.1.ark:679482
mhbs0_si2205 /nfs-share/xinchi/kaldi/egs/timit/s5_la3/mfcc/raw_mfcc_train.3.ark:302949
mhxl0_sx152 /nfs-share/xinchi/kaldi/egs/timit/s5_la3/mfcc/raw_mfcc_train.3.ark:492234
mjpm1_sx41 /nfs-share/xinchi/kaldi/egs/timit/s5_la3/mfcc/raw_mfcc_train.3.ark:1443045
mdcd0_si785 /nfs-share/xinchi/kaldi/egs/timit/s5_la3/mfcc/raw_mfcc_train.2.ark:2097175
mjmm0_sx445 /nfs-share/xinchi/kaldi/egs/timit/s5_la3/mfcc/raw_mfcc_train.3.ark:1348267
mdps0_si1651 /nfs-share/xinchi/kaldi/egs/timit/s5_la3/mfcc/raw_mfcc_train.2.ark:2841371
mkxl0_sx105 /nfs-share/xinchi/kaldi/egs/timit/s5_la3/mfcc/raw_mfcc_train.3.ark:2347244
flac0_sx91 /nfs-share/xinchi/kaldi/egs/timit/s5_la3/mfcc/raw_mfcc_train.1.ark:2351756
mcdr0_sx434 /nfs-share/xinchi/kaldi/egs/timit/s5_la3/mfcc/raw_mfcc_train.2.ark:1598770
ftaj0_si474 /nfs-share/xinchi/kaldi/egs/timit/s5_la3/mfcc/raw_mfcc_train.2.ark:415524
fdkn0_sx271 /nfs-share/xinchi/kaldi/egs/timit/s5_la3/mfcc/raw_mfcc_train.1.ark:929631
mtpg0_sx213 /nfs-share/xinchi/kaldi/egs/timit/s5_la3/mfcc/raw_mfcc_train.4.ark:3054726
mkln0_si2228 /nfs-share/xinchi/kaldi/egs/timit/s5_la3/mfcc/raw_mfcc_train.3.ark:2146750
msjk0_sx426 /nfs-share/xinchi/kaldi/egs/timit/s5_la3/mfcc/raw_mfcc_train.4.ark:2096029
mjws0_si1773 /nfs-share/xinchi/kaldi/egs/timit/s5_la3/mfcc/raw_mfcc_train.3.ark:1718116
falk0_sx186 /nfs-share/xinchi/kaldi/egs/timit/s5_la3/mfcc/raw_mfcc_train.1.ark:82540
mtcs0_sx262 /nfs-share/xinchi/kaldi/egs/timit/s5_la3/mfcc/raw_mfcc_train.4.ark:2519357
mtrt0_sx237 /nfs-share/xinchi/kaldi/egs/timit/s5_la3/mfcc/raw_mfcc_train.4.ark:3256320
frjb0_sx77 /nfs-share/xinchi/kaldi/egs/timit/s5_la3/mfcc/raw_mfcc_train.1.ark:3518784
mgaf0_si1912 /nfs-share/xinchi/kaldi/egs/timit/s5_la3/mfcc/raw_mfcc_train.2.ark:3589245
fsdc0_si2234 /nfs-share/xinchi/kaldi/egs/timit/s5_la3/mfcc/raw_mfcc_train.1.ark:3742983
fksr0_sx217 /nfs-share/xinchi/kaldi/egs/timit/s5_la3/mfcc/raw_mfcc_train.1.ark:2309572
fsjk1_sx35 /nfs-share/xinchi/kaldi/egs/timit/s5_la3/mfcc/raw_mfcc_train.2.ark:7357
mmxs0_sx66 /nfs-share/xinchi/kaldi/egs/timit/s5_la3/mfcc/raw_mfcc_train.3.ark:3441464
msms0_sx83 /nfs-share/xinchi/kaldi/egs/timit/s5_la3/mfcc/raw_mfcc_train.4.ark:2197813
mjws0_sx63 /nfs-share/xinchi/kaldi/egs/timit/s5_la3/mfcc/raw_mfcc_train.3.ark:1745808
mtab0_sx42 /nfs-share/xinchi/kaldi/egs/timit/s5_la3/mfcc/raw_mfcc_train.4.ark:2374116
mrjb1_sx390 /nfs-share/xinchi/kaldi/egs/timit/s5_la3/mfcc/raw_mfcc_train.4.ark:873764
fjrb0_si1932 /nfs-share/xinchi/kaldi/egs/timit/s5_la3/mfcc/raw_mfcc_train.1.ark:1786302
mjpm0_sx198 /nfs-share/xinchi/kaldi/egs/timit/s5_la3/mfcc/raw_mfcc_train.3.ark:1403038
mdem0_si1868 /nfs-share/xinchi/kaldi/egs/timit/s5_la3/mfcc/raw_mfcc_train.2.ark:2248051
mdmt0_sx32 /nfs-share/xinchi/kaldi/egs/timit/s5_la3/mfcc/raw_mfcc_train.2.ark:2738303
mkls1_si915 /nfs-share/xinchi/kaldi/egs/timit/s5_la3/mfcc/raw_mfcc_train.3.ark:2244573
mjeb1_si837 /nfs-share/xinchi/kaldi/egs/timit/s5_la3/mfcc/raw_mfcc_train.3.ark:886459
mmws0_sx438 /nfs-share/xinchi/kaldi/egs/timit/s5_la3/mfcc/raw_mfcc_train.3.ark:3379075
mpmb0_sx421 /nfs-share/xinchi/kaldi/egs/timit/s5_la3/mfcc/raw_mfcc_train.3.ark:3729140
mjrp0_sx45 /nfs-share/xinchi/kaldi/egs/timit/s5_la3/mfcc/raw_mfcc_train.3.ark:1632954
fblv0_si1688 /nfs-share/xinchi/kaldi/egs/timit/s5_la3/mfcc/raw_mfcc_train.1.ark:311854
fsjw0_si1963 /nfs-share/xinchi/kaldi/egs/timit/s5_la3/mfcc/raw_mfcc_train.2.ark:55992
mrlk0_si2140 /nfs-share/xinchi/kaldi/egs/timit/s5_la3/mfcc/raw_mfcc_train.4.ark:1150251
mdlm0_sx64 /nfs-share/xinchi/kaldi/egs/timit/s5_la3/mfcc/raw_mfcc_train.2.ark:2606261
mter0_si527 /nfs-share/xinchi/kaldi/egs/timit/s5_la3/mfcc/raw_mfcc_train.4.ark:2617548
mmgc0_si1305 /nfs-share/xinchi/kaldi/egs/timit/s5_la3/mfcc/raw_mfcc_train.3.ark:3025510
fajw0_sx273 /nfs-share/xinchi/kaldi/egs/timit/s5_la3/mfcc/raw_mfcc_train.1.ark:53477
fdnc0_sx108 /nfs-share/xinchi/kaldi/egs/timit/s5_la3/mfcc/raw_mfcc_train.1.ark:1035941
fjlg0_sx449 /nfs-share/xinchi/kaldi/egs/timit/s5_la3/mfcc/raw_mfcc_train.1.ark:1739865
fbjl0_si1552 /nfs-share/xinchi/kaldi/egs/timit/s5_la3/mfcc/raw_mfcc_train.1.ark:274856
mtdb0_sx411 /nfs-share/xinchi/kaldi/egs/timit/s5_la3/mfcc/raw_mfcc_train.4.ark:2561275
mdss0_si1881 /nfs-share/xinchi/kaldi/egs/timit/s5_la3/mfcc/raw_mfcc_train.2.ark:2940563
mtrc0_sx273 /nfs-share/xinchi/kaldi/egs/timit/s5_la3/mfcc/raw_mfcc_train.4.ark:3197336
fblv0_sx338 /nfs-share/xinchi/kaldi/egs/timit/s5_la3/mfcc/raw_mfcc_train.1.ark:329771
mmab1_si2124 /nfs-share/xinchi/kaldi/egs/timit/s5_la3/mfcc/raw_mfcc_train.3.ark:2606997
mdpk0_si1053 /nfs-share/xinchi/kaldi/egs/timit/s5_la3/mfcc/raw_mfcc_train.2.ark:2812077
mtlc0_si847 /nfs-share/xinchi/kaldi/egs/timit/s5_la3/mfcc/raw_mfcc_train.4.ark:2888845
mjwt0_sx211 /nfs-share/xinchi/kaldi/egs/timit/s5_la3/mfcc/raw_mfcc_train.3.ark:1770103
fjxp0_si1752 /nfs-share/xinchi/kaldi/egs/timit/s5_la3/mfcc/raw_mfcc_train.1.ark:1991121
mmsm0_sx296 /nfs-share/xinchi/kaldi/egs/timit/s5_la3/mfcc/raw_mfcc_train.3.ark:3268065
fjrb0_sx312 /nfs-share/xinchi/kaldi/egs/timit/s5_la3/mfcc/raw_mfcc_train.1.ark:1798888
mrai0_si1954 /nfs-share/xinchi/kaldi/egs/timit/s5_la3/mfcc/raw_mfcc_train.4.ark:250116
mtat1_sx149 /nfs-share/xinchi/kaldi/egs/timit/s5_la3/mfcc/raw_mfcc_train.4.ark:2447567
mafm0_sx309 /nfs-share/xinchi/kaldi/egs/timit/s5_la3/mfcc/raw_mfcc_train.2.ark:833269
mjwg0_si2155 /nfs-share/xinchi/kaldi/egs/timit/s5_la3/mfcc/raw_mfcc_train.3.ark:1676907
mwem0_sx240 /nfs-share/xinchi/kaldi/egs/timit/s5_la3/mfcc/raw_mfcc_train.4.ark:3594107
mrxb0_sx415 /nfs-share/xinchi/kaldi/egs/timit/s5_la3/mfcc/raw_mfcc_train.4.ark:1699321
mdcm0_sx220 /nfs-share/xinchi/kaldi/egs/timit/s5_la3/mfcc/raw_mfcc_train.2.ark:2138911
fpmy0_si523 /nfs-share/xinchi/kaldi/egs/timit/s5_la3/mfcc/raw_mfcc_train.1.ark:3436423
mtas0_sx125 /nfs-share/xinchi/kaldi/egs/timit/s5_la3/mfcc/raw_mfcc_train.4.ark:2387367
ftaj0_si1329 /nfs-share/xinchi/kaldi/egs/timit/s5_la3/mfcc/raw_mfcc_train.2.ark:412774
fsak0_sx310 /nfs-share/xinchi/kaldi/egs/timit/s5_la3/mfcc/raw_mfcc_train.1.ark:3647464
mmar0_sx346 /nfs-share/xinchi/kaldi/egs/timit/s5_la3/mfcc/raw_mfcc_train.3.ark:2730255
flag0_si1464 /nfs-share/xinchi/kaldi/egs/timit/s5_la3/mfcc/raw_mfcc_train.1.ark:2355196
mdlm0_sx334 /nfs-share/xinchi/kaldi/egs/timit/s5_la3/mfcc/raw_mfcc_train.2.ark:2599969
makb0_sx206 /nfs-share/xinchi/kaldi/egs/timit/s5_la3/mfcc/raw_mfcc_train.2.ark:904384
fjkl0_sx122 /nfs-share/xinchi/kaldi/egs/timit/s5_la3/mfcc/raw_mfcc_train.1.ark:1696249
mpgr1_sx419 /nfs-share/xinchi/kaldi/egs/timit/s5_la3/mfcc/raw_mfcc_train.3.ark:3681932
fsjk1_sx215 /nfs-share/xinchi/kaldi/egs/timit/s5_la3/mfcc/raw_mfcc_train.2.ark:12
mrcg0_si2058 /nfs-share/xinchi/kaldi/egs/timit/s5_la3/mfcc/raw_mfcc_train.4.ark:383760
mdcd0_si1415 /nfs-share/xinchi/kaldi/egs/timit/s5_la3/mfcc/raw_mfcc_train.2.ark:2090348
fgcs0_sx406 /nfs-share/xinchi/kaldi/egs/timit/s5_la3/mfcc/raw_mfcc_train.1.ark:1387508
mrpc1_sx402 /nfs-share/xinchi/kaldi/egs/timit/s5_la3/mfcc/raw_mfcc_train.4.ark:1391904
msat1_sx173 /nfs-share/xinchi/kaldi/egs/timit/s5_la3/mfcc/raw_mfcc_train.4.ark:1807443
fsmm0_si1944 /nfs-share/xinchi/kaldi/egs/timit/s5_la3/mfcc/raw_mfcc_train.2.ark:247084
mrlk0_sx123 /nfs-share/xinchi/kaldi/egs/timit/s5_la3/mfcc/raw_mfcc_train.4.ark:1159807
fpaf0_sx154 /nfs-share/xinchi/kaldi/egs/timit/s5_la3/mfcc/raw_mfcc_train.1.ark:3311404
mhrm0_sx238 /nfs-share/xinchi/kaldi/egs/timit/s5_la3/mfcc/raw_mfcc_train.3.ark:464365
msat0_si2156 /nfs-share/xinchi/kaldi/egs/timit/s5_la3/mfcc/raw_mfcc_train.4.ark:1773766
msfv0_sx362 /nfs-share/xinchi/kaldi/egs/timit/s5_la3/mfcc/raw_mfcc_train.4.ark:2054794
mdwm0_sx433 /nfs-share/xinchi/kaldi/egs/timit/s5_la3/mfcc/raw_mfcc_train.2.ark:3119921
fdmy0_si714 /nfs-share/xinchi/kaldi/egs/timit/s5_la3/mfcc/raw_mfcc_train.1.ark:989154
mrpc1_si2112 /nfs-share/xinchi/kaldi/egs/timit/s5_la3/mfcc/raw_mfcc_train.4.ark:1377147
mtxs0_si1060 /nfs-share/xinchi/kaldi/egs/timit/s5_la3/mfcc/raw_mfcc_train.4.ark:3296796
fmjf0_sx354 /nfs-share/xinchi/kaldi/egs/timit/s5_la3/mfcc/raw_mfcc_train.1.ark:2938877
fjdm2_sx322 /nfs-share/xinchi/kaldi/egs/timit/s5_la3/mfcc/raw_mfcc_train.1.ark:1603920
mgrl0_sx147 /nfs-share/xinchi/kaldi/egs/timit/s5_la3/mfcc/raw_mfcc_train.3.ark:138793
frll0_sx254 /nfs-share/xinchi/kaldi/egs/timit/s5_la3/mfcc/raw_mfcc_train.1.ark:3541115
fmmh0_sx187 /nfs-share/xinchi/kaldi/egs/timit/s5_la3/mfcc/raw_mfcc_train.1.ark:3067504
mjws0_si1143 /nfs-share/xinchi/kaldi/egs/timit/s5_la3/mfcc/raw_mfcc_train.3.ark:1714715
milb0_si903 /nfs-share/xinchi/kaldi/egs/timit/s5_la3/mfcc/raw_mfcc_train.3.ark:522586
mtrc0_sx363 /nfs-share/xinchi/kaldi/egs/timit/s5_la3/mfcc/raw_mfcc_train.4.ark:3199891
mrcg0_sx168 /nfs-share/xinchi/kaldi/egs/timit/s5_la3/mfcc/raw_mfcc_train.4.ark:392328
mdma0_sx440 /nfs-share/xinchi/kaldi/egs/timit/s5_la3/mfcc/raw_mfcc_train.2.ark:2706813
mjae0_sx354 /nfs-share/xinchi/kaldi/egs/timit/s5_la3/mfcc/raw_mfcc_train.3.ark:596209
madd0_si538 /nfs-share/xinchi/kaldi/egs/timit/s5_la3/mfcc/raw_mfcc_train.2.ark:729583
mfrm0_si1717 /nfs-share/xinchi/kaldi/egs/timit/s5_la3/mfcc/raw_mfcc_train.2.ark:3464565
mrab0_sx414 /nfs-share/xinchi/kaldi/egs/timit/s5_la3/mfcc/raw_mfcc_train.4.ark:208614
mlbc0_sx249 /nfs-share/xinchi/kaldi/egs/timit/s5_la3/mfcc/raw_mfcc_train.3.ark:2380926
mpmb0_si1501 /nfs-share/xinchi/kaldi/egs/timit/s5_la3/mfcc/raw_mfcc_train.3.ark:3688563
mjeb0_sx206 /nfs-share/xinchi/kaldi/egs/timit/s5_la3/mfcc/raw_mfcc_train.3.ark:861495
mbma0_si1222 /nfs-share/xinchi/kaldi/egs/timit/s5_la3/mfcc/raw_mfcc_train.2.ark:1221246
mgjc0_si1335 /nfs-share/xinchi/kaldi/egs/timit/s5_la3/mfcc/raw_mfcc_train.3.ark:94430
mjai0_si1604 /nfs-share/xinchi/kaldi/egs/timit/s5_la3/mfcc/raw_mfcc_train.3.ark:611050
fjdm2_sx142 /nfs-share/xinchi/kaldi/egs/timit/s5_la3/mfcc/raw_mfcc_train.1.ark:1593233
mjdg0_sx322 /nfs-share/xinchi/kaldi/egs/timit/s5_la3/mfcc/raw_mfcc_train.3.ark:797844
mcal0_sx328 /nfs-share/xinchi/kaldi/egs/timit/s5_la3/mfcc/raw_mfcc_train.2.ark:1495281
mkls0_sx267 /nfs-share/xinchi/kaldi/egs/timit/s5_la3/mfcc/raw_mfcc_train.3.ark:2220090
mdbp0_si1158 /nfs-share/xinchi/kaldi/egs/timit/s5_la3/mfcc/raw_mfcc_train.2.ark:2055594
mdlr1_si1929 /nfs-share/xinchi/kaldi/egs/timit/s5_la3/mfcc/raw_mfcc_train.2.ark:2647531
fdxw0_sx341 /nfs-share/xinchi/kaldi/egs/timit/s5_la3/mfcc/raw_mfcc_train.1.ark:1110729
mree0_si1734 /nfs-share/xinchi/kaldi/egs/timit/s5_la3/mfcc/raw_mfcc_train.4.ark:543348
mljc0_sx235 /nfs-share/xinchi/kaldi/egs/timit/s5_la3/mfcc/raw_mfcc_train.3.ark:2449589
mwem0_si1320 /nfs-share/xinchi/kaldi/egs/timit/s5_la3/mfcc/raw_mfcc_train.4.ark:3579855
mkag0_sx439 /nfs-share/xinchi/kaldi/egs/timit/s5_la3/mfcc/raw_mfcc_train.3.ark:1875314
mjjb0_sx239 /nfs-share/xinchi/kaldi/egs/timit/s5_la3/mfcc/raw_mfcc_train.3.ark:1053132
mgag0_si1321 /nfs-share/xinchi/kaldi/egs/timit/s5_la3/mfcc/raw_mfcc_train.2.ark:3612447
mbcg0_sx147 /nfs-share/xinchi/kaldi/egs/timit/s5_la3/mfcc/raw_mfcc_train.2.ark:1111424
mbml0_sx359 /nfs-share/xinchi/kaldi/egs/timit/s5_la3/mfcc/raw_mfcc_train.2.ark:1303881
mmdm0_sx231 /nfs-share/xinchi/kaldi/egs/timit/s5_la3/mfcc/raw_mfcc_train.3.ark:2893397
mfxv0_sx195 /nfs-share/xinchi/kaldi/egs/timit/s5_la3/mfcc/raw_mfcc_train.2.ark:3573290
fsdj0_sx35 /nfs-share/xinchi/kaldi/egs/timit/s5_la3/mfcc/raw_mfcc_train.1.ark:3785629
mnet0_sx6 /nfs-share/xinchi/kaldi/egs/timit/s5_la3/mfcc/raw_mfcc_train.3.ark:3466551
mrab0_si594 /nfs-share/xinchi/kaldi/egs/timit/s5_la3/mfcc/raw_mfcc_train.4.ark:193532
mgak0_sx406 /nfs-share/xinchi/kaldi/egs/timit/s5_la3/mfcc/raw_mfcc_train.2.ark:3669682
fsag0_si693 /nfs-share/xinchi/kaldi/egs/timit/s5_la3/mfcc/raw_mfcc_train.1.ark:3561321
mljc0_sx55 /nfs-share/xinchi/kaldi/egs/timit/s5_la3/mfcc/raw_mfcc_train.3.ark:2460750
msmc0_si1907 /nfs-share/xinchi/kaldi/egs/timit/s5_la3/mfcc/raw_mfcc_train.4.ark:2104038
fjen0_sx57 /nfs-share/xinchi/kaldi/egs/timit/s5_la3/mfcc/raw_mfcc_train.1.ark:1649244
mrxb0_si1585 /nfs-share/xinchi/kaldi/egs/timit/s5_la3/mfcc/raw_mfcc_train.4.ark:1673954
mdwh0_sx305 /nfs-share/xinchi/kaldi/egs/timit/s5_la3/mfcc/raw_mfcc_train.2.ark:3078381
mgar0_sx222 /nfs-share/xinchi/kaldi/egs/timit/s5_la3/mfcc/raw_mfcc_train.3.ark:15266
mdss1_si1713 /nfs-share/xinchi/kaldi/egs/timit/s5_la3/mfcc/raw_mfcc_train.2.ark:2971217
fdml0_sx429 /nfs-share/xinchi/kaldi/egs/timit/s5_la3/mfcc/raw_mfcc_train.1.ark:968352
mdem0_si608 /nfs-share/xinchi/kaldi/egs/timit/s5_la3/mfcc/raw_mfcc_train.2.ark:2251581
mgag0_sx151 /nfs-share/xinchi/kaldi/egs/timit/s5_la3/mfcc/raw_mfcc_train.2.ark:3625364
flja0_si2338 /nfs-share/xinchi/kaldi/egs/timit/s5_la3/mfcc/raw_mfcc_train.1.ark:2496245
mzmb0_sx86 /nfs-share/xinchi/kaldi/egs/timit/s5_la3/mfcc/raw_mfcc_train.4.ark:3806016
mdsj0_sx292 /nfs-share/xinchi/kaldi/egs/timit/s5_la3/mfcc/raw_mfcc_train.2.ark:2926696
mjrg0_si1996 /nfs-share/xinchi/kaldi/egs/timit/s5_la3/mfcc/raw_mfcc_train.3.ark:1484536
mtmt0_si488 /nfs-share/xinchi/kaldi/egs/timit/s5_la3/mfcc/raw_mfcc_train.4.ark:2983176
mtml0_sx75 /nfs-share/xinchi/kaldi/egs/timit/s5_la3/mfcc/raw_mfcc_train.4.ark:2936985
mdbp0_sx168 /nfs-share/xinchi/kaldi/egs/timit/s5_la3/mfcc/raw_mfcc_train.2.ark:2069474
fmah1_sx69 /nfs-share/xinchi/kaldi/egs/timit/s5_la3/mfcc/raw_mfcc_train.1.ark:2812161
fljd0_si886 /nfs-share/xinchi/kaldi/egs/timit/s5_la3/mfcc/raw_mfcc_train.1.ark:2531272
fjdm2_si2212 /nfs-share/xinchi/kaldi/egs/timit/s5_la3/mfcc/raw_mfcc_train.1.ark:1589287
mjdc0_sx351 /nfs-share/xinchi/kaldi/egs/timit/s5_la3/mfcc/raw_mfcc_train.3.ark:724098
maeb0_si990 /nfs-share/xinchi/kaldi/egs/timit/s5_la3/mfcc/raw_mfcc_train.2.ark:762920
flmc0_si742 /nfs-share/xinchi/kaldi/egs/timit/s5_la3/mfcc/raw_mfcc_train.1.ark:2665230
fklh0_sx177 /nfs-share/xinchi/kaldi/egs/timit/s5_la3/mfcc/raw_mfcc_train.1.ark:2273446
mrfk0_sx356 /nfs-share/xinchi/kaldi/egs/timit/s5_la3/mfcc/raw_mfcc_train.4.ark:688607
mtrt0_si1227 /nfs-share/xinchi/kaldi/egs/timit/s5_la3/mfcc/raw_mfcc_train.4.ark:3238091
fclt0_sx178 /nfs-share/xinchi/kaldi/egs/timit/s5_la3/mfcc/raw_mfcc_train.1.ark:633617
mgar0_sx42 /nfs-share/xinchi/kaldi/egs/timit/s5_la3/mfcc/raw_mfcc_train.3.ark:29222
flhd0_si1344 /nfs-share/xinchi/kaldi/egs/timit/s5_la3/mfcc/raw_mfcc_train.1.ark:2455936
ftbw0_sx355 /nfs-share/xinchi/kaldi/egs/timit/s5_la3/mfcc/raw_mfcc_train.2.ark:492002
fsdj0_si1745 /nfs-share/xinchi/kaldi/egs/timit/s5_la3/mfcc/raw_mfcc_train.1.ark:3769579
fsms1_sx154 /nfs-share/xinchi/kaldi/egs/timit/s5_la3/mfcc/raw_mfcc_train.2.ark:290497
mtkd0_sx197 /nfs-share/xinchi/kaldi/egs/timit/s5_la3/mfcc/raw_mfcc_train.4.ark:2797109
fblv0_sx428 /nfs-share/xinchi/kaldi/egs/timit/s5_la3/mfcc/raw_mfcc_train.1.ark:334354
mcth0_sx39 /nfs-share/xinchi/kaldi/egs/timit/s5_la3/mfcc/raw_mfcc_train.2.ark:1891392
fsak0_si670 /nfs-share/xinchi/kaldi/egs/timit/s5_la3/mfcc/raw_mfcc_train.1.ark:3636146
fljg0_si2241 /nfs-share/xinchi/kaldi/egs/timit/s5_la3/mfcc/raw_mfcc_train.1.ark:2558206
msdh0_sx80 /nfs-share/xinchi/kaldi/egs/timit/s5_la3/mfcc/raw_mfcc_train.4.ark:1880372
fsms1_si1504 /nfs-share/xinchi/kaldi/egs/timit/s5_la3/mfcc/raw_mfcc_train.2.ark:278320
fbjl0_si2182 /nfs-share/xinchi/kaldi/egs/timit/s5_la3/mfcc/raw_mfcc_train.1.ark:278959
fsgf0_si927 /nfs-share/xinchi/kaldi/egs/timit/s5_la3/mfcc/raw_mfcc_train.1.ark:3801272
fsdc0_sx412 /nfs-share/xinchi/kaldi/egs/timit/s5_la3/mfcc/raw_mfcc_train.1.ark:3756583
mdwh0_sx395 /nfs-share/xinchi/kaldi/egs/timit/s5_la3/mfcc/raw_mfcc_train.2.ark:3086714
fjkl0_si2192 /nfs-share/xinchi/kaldi/egs/timit/s5_la3/mfcc/raw_mfcc_train.1.ark:1687525
mdac0_sx451 /nfs-share/xinchi/kaldi/egs/timit/s5_la3/mfcc/raw_mfcc_train.2.ark:1987725
fetb0_si1778 /nfs-share/xinchi/kaldi/egs/timit/s5_la3/mfcc/raw_mfcc_train.1.ark:1298191
mrlj0_sx70 /nfs-share/xinchi/kaldi/egs/timit/s5_la3/mfcc/raw_mfcc_train.4.ark:1114115
fsdc0_sx142 /nfs-share/xinchi/kaldi/egs/timit/s5_la3/mfcc/raw_mfcc_train.1.ark:3744979
fdxw0_si2141 /nfs-share/xinchi/kaldi/egs/timit/s5_la3/mfcc/raw_mfcc_train.1.ark:1095413
mkah0_si1528 /nfs-share/xinchi/kaldi/egs/timit/s5_la3/mfcc/raw_mfcc_train.3.ark:1884207
msas0_sx296 /nfs-share/xinchi/kaldi/egs/timit/s5_la3/mfcc/raw_mfcc_train.4.ark:1763330
mpfu0_si1888 /nfs-share/xinchi/kaldi/egs/timit/s5_la3/mfcc/raw_mfcc_train.3.ark:3571720
fajw0_si1893 /nfs-share/xinchi/kaldi/egs/timit/s5_la3/mfcc/raw_mfcc_train.1.ark:39403
fcjf0_si1657 /nfs-share/xinchi/kaldi/egs/timit/s5_la3/mfcc/raw_mfcc_train.1.ark:541314
mfwk0_sx439 /nfs-share/xinchi/kaldi/egs/timit/s5_la3/mfcc/raw_mfcc_train.2.ark:3513590
fsag0_si1323 /nfs-share/xinchi/kaldi/egs/timit/s5_la3/mfcc/raw_mfcc_train.1.ark:3554416
mdhl0_sx269 /nfs-share/xinchi/kaldi/egs/timit/s5_la3/mfcc/raw_mfcc_train.2.ark:2303724
mbom0_sx384 /nfs-share/xinchi/kaldi/egs/timit/s5_la3/mfcc/raw_mfcc_train.2.ark:1341575
mjxl0_sx182 /nfs-share/xinchi/kaldi/egs/timit/s5_la3/mfcc/raw_mfcc_train.3.ark:1828541
mtrr0_sx108 /nfs-share/xinchi/kaldi/egs/timit/s5_la3/mfcc/raw_mfcc_train.4.ark:3218101
fmpg0_sx162 /nfs-share/xinchi/kaldi/egs/timit/s5_la3/mfcc/raw_mfcc_train.1.ark:3102009
mbgt0_sx81 /nfs-share/xinchi/kaldi/egs/timit/s5_la3/mfcc/raw_mfcc_train.2.ark:1187810
mbbr0_sx155 /nfs-share/xinchi/kaldi/egs/timit/s5_la3/mfcc/raw_mfcc_train.2.ark:1081676
mpeb0_sx150 /nfs-share/xinchi/kaldi/egs/timit/s5_la3/mfcc/raw_mfcc_train.3.ark:3545677
mrmg0_sx90 /nfs-share/xinchi/kaldi/egs/timit/s5_la3/mfcc/raw_mfcc_train.4.ark:1266749
msjk0_sx336 /nfs-share/xinchi/kaldi/egs/timit/s5_la3/mfcc/raw_mfcc_train.4.ark:2090484
mmjb1_si778 /nfs-share/xinchi/kaldi/egs/timit/s5_la3/mfcc/raw_mfcc_train.3.ark:3121417
fpjf0_sx236 /nfs-share/xinchi/kaldi/egs/timit/s5_la3/mfcc/raw_mfcc_train.1.ark:3380984
fmah1_sx429 /nfs-share/xinchi/kaldi/egs/timit/s5_la3/mfcc/raw_mfcc_train.1.ark:2808606
fsgf0_si2187 /nfs-share/xinchi/kaldi/egs/timit/s5_la3/mfcc/raw_mfcc_train.1.ark:3795922
mdac0_sx271 /nfs-share/xinchi/kaldi/egs/timit/s5_la3/mfcc/raw_mfcc_train.2.ark:1980990
mjjj0_sx353 /nfs-share/xinchi/kaldi/egs/timit/s5_la3/mfcc/raw_mfcc_train.3.ark:1094757
mkrg0_sx31 /nfs-share/xinchi/kaldi/egs/timit/s5_la3/mfcc/raw_mfcc_train.3.ark:2323579
fdkn0_sx91 /nfs-share/xinchi/kaldi/egs/timit/s5_la3/mfcc/raw_mfcc_train.1.ark:943808
mafm0_si1569 /nfs-share/xinchi/kaldi/egs/timit/s5_la3/mfcc/raw_mfcc_train.2.ark:816853
mtab0_sx402 /nfs-share/xinchi/kaldi/egs/timit/s5_la3/mfcc/raw_mfcc_train.4.ark:2369833
mapv0_sx33 /nfs-share/xinchi/kaldi/egs/timit/s5_la3/mfcc/raw_mfcc_train.2.ark:971188
mjhi0_sx158 /nfs-share/xinchi/kaldi/egs/timit/s5_la3/mfcc/raw_mfcc_train.3.ark:1018201
mwsb0_si1626 /nfs-share/xinchi/kaldi/egs/timit/s5_la3/mfcc/raw_mfcc_train.4.ark:3710084
mmrp0_si774 /nfs-share/xinchi/kaldi/egs/timit/s5_la3/mfcc/raw_mfcc_train.3.ark:3212367
fskl0_si899 /nfs-share/xinchi/kaldi/egs/timit/s5_la3/mfcc/raw_mfcc_train.2.ark:122686
fvfb0_si1510 /nfs-share/xinchi/kaldi/egs/timit/s5_la3/mfcc/raw_mfcc_train.2.ark:571496
mkrg0_si2121 /nfs-share/xinchi/kaldi/egs/timit/s5_la3/mfcc/raw_mfcc_train.3.ark:2307198
flmc0_sx22 /nfs-share/xinchi/kaldi/egs/timit/s5_la3/mfcc/raw_mfcc_train.1.ark:2672718
mkdt0_sx83 /nfs-share/xinchi/kaldi/egs/timit/s5_la3/mfcc/raw_mfcc_train.3.ark:2074223
faem0_si2022 /nfs-share/xinchi/kaldi/egs/timit/s5_la3/mfcc/raw_mfcc_train.1.ark:6313
mmjb1_sx418 /nfs-share/xinchi/kaldi/egs/timit/s5_la3/mfcc/raw_mfcc_train.3.ark:3137396
mrjm0_sx418 /nfs-share/xinchi/kaldi/egs/timit/s5_la3/mfcc/raw_mfcc_train.4.ark:941277
fmkf0_sx366 /nfs-share/xinchi/kaldi/egs/timit/s5_la3/mfcc/raw_mfcc_train.1.ark:3040761
mrre0_sx344 /nfs-share/xinchi/kaldi/egs/timit/s5_la3/mfcc/raw_mfcc_train.4.ark:1424414
fksr0_sx161 /nfs-share/xinchi/kaldi/egs/timit/s5_la3/mfcc/raw_mfcc_train.1.ark:2304235
mfer0_si1492 /nfs-share/xinchi/kaldi/egs/timit/s5_la3/mfcc/raw_mfcc_train.2.ark:3398052
mdlc0_sx405 /nfs-share/xinchi/kaldi/egs/timit/s5_la3/mfcc/raw_mfcc_train.2.ark:2478887
fsls0_sx426 /nfs-share/xinchi/kaldi/egs/timit/s5_la3/mfcc/raw_mfcc_train.2.ark:200725
fkdw0_sx397 /nfs-share/xinchi/kaldi/egs/timit/s5_la3/mfcc/raw_mfcc_train.1.ark:2117109
fdxw0_si1511 /nfs-share/xinchi/kaldi/egs/timit/s5_la3/mfcc/raw_mfcc_train.1.ark:1092649
mrab0_sx234 /nfs-share/xinchi/kaldi/egs/timit/s5_la3/mfcc/raw_mfcc_train.4.ark:199721
mjkr0_si1201 /nfs-share/xinchi/kaldi/egs/timit/s5_la3/mfcc/raw_mfcc_train.3.ark:1138931
fscn0_sx266 /nfs-share/xinchi/kaldi/egs/timit/s5_la3/mfcc/raw_mfcc_train.1.ark:3716614
mwsb0_sx186 /nfs-share/xinchi/kaldi/egs/timit/s5_la3/mfcc/raw_mfcc_train.4.ark:3722482
mkrg0_sx141 /nfs-share/xinchi/kaldi/egs/timit/s5_la3/mfcc/raw_mfcc_train.3.ark:2317781
mtpr0_sx70 /nfs-share/xinchi/kaldi/egs/timit/s5_la3/mfcc/raw_mfcc_train.4.ark:3132262
mpsw0_si2327 /nfs-share/xinchi/kaldi/egs/timit/s5_la3/mfcc/raw_mfcc_train.4.ark:165097
fljd0_sx256 /nfs-share/xinchi/kaldi/egs/timit/s5_la3/mfcc/raw_mfcc_train.1.ark:2539190
fsgf0_sx297 /nfs-share/xinchi/kaldi/egs/timit/s5_la3/mfcc/raw_mfcc_train.1.ark:3817523
mcdr0_si524 /nfs-share/xinchi/kaldi/egs/timit/s5_la3/mfcc/raw_mfcc_train.2.ark:1581179
mjrk0_si1662 /nfs-share/xinchi/kaldi/egs/timit/s5_la3/mfcc/raw_mfcc_train.3.ark:1577312
mtlb0_si1764 /nfs-share/xinchi/kaldi/egs/timit/s5_la3/mfcc/raw_mfcc_train.4.ark:2850015
mram0_sx105 /nfs-share/xinchi/kaldi/egs/timit/s5_la3/mfcc/raw_mfcc_train.4.ark:298712
mdma0_sx170 /nfs-share/xinchi/kaldi/egs/timit/s5_la3/mfcc/raw_mfcc_train.2.ark:2689476
mree0_sx114 /nfs-share/xinchi/kaldi/egs/timit/s5_la3/mfcc/raw_mfcc_train.4.ark:553269
msem1_sx90 /nfs-share/xinchi/kaldi/egs/timit/s5_la3/mfcc/raw_mfcc_train.4.ark:1960684
feeh0_si1112 /nfs-share/xinchi/kaldi/egs/timit/s5_la3/mfcc/raw_mfcc_train.1.ark:1225893
fpac0_si1921 /nfs-share/xinchi/kaldi/egs/timit/s5_la3/mfcc/raw_mfcc_train.1.ark:3227300
fjhk0_sx32 /nfs-share/xinchi/kaldi/egs/timit/s5_la3/mfcc/raw_mfcc_train.1.ark:1678480
fkde0_sx241 /nfs-share/xinchi/kaldi/egs/timit/s5_la3/mfcc/raw_mfcc_train.1.ark:2072247
msdh0_si980 /nfs-share/xinchi/kaldi/egs/timit/s5_la3/mfcc/raw_mfcc_train.4.ark:1854338
mdem0_sx68 /nfs-share/xinchi/kaldi/egs/timit/s5_la3/mfcc/raw_mfcc_train.2.ark:2283342
msem1_si1440 /nfs-share/xinchi/kaldi/egs/timit/s5_la3/mfcc/raw_mfcc_train.4.ark:1922402
mjra0_si1236 /nfs-share/xinchi/kaldi/egs/timit/s5_la3/mfcc/raw_mfcc_train.3.ark:1447980
flet0_sx147 /nfs-share/xinchi/kaldi/egs/timit/s5_la3/mfcc/raw_mfcc_train.1.ark:2439625
mdhs0_si900 /nfs-share/xinchi/kaldi/egs/timit/s5_la3/mfcc/raw_mfcc_train.2.ark:2326439
mjjj0_sx443 /nfs-share/xinchi/kaldi/egs/timit/s5_la3/mfcc/raw_mfcc_train.3.ark:1098976
fsgf0_sx27 /nfs-share/xinchi/kaldi/egs/timit/s5_la3/mfcc/raw_mfcc_train.1.ark:3814734
mjrg0_sx16 /nfs-share/xinchi/kaldi/egs/timit/s5_la3/mfcc/raw_mfcc_train.3.ark:1495762
fmpg0_si1602 /nfs-share/xinchi/kaldi/egs/timit/s5_la3/mfcc/raw_mfcc_train.1.ark:3086166
mdhl0_si1439 /nfs-share/xinchi/kaldi/egs/timit/s5_la3/mfcc/raw_mfcc_train.2.ark:2287653
fnkl0_sx196 /nfs-share/xinchi/kaldi/egs/timit/s5_la3/mfcc/raw_mfcc_train.1.ark:3144908
fmem0_si2007 /nfs-share/xinchi/kaldi/egs/timit/s5_la3/mfcc/raw_mfcc_train.1.ark:2853482
mdwm0_sx106 /nfs-share/xinchi/kaldi/egs/timit/s5_la3/mfcc/raw_mfcc_train.2.ark:3105035
mprd0_si2061 /nfs-share/xinchi/kaldi/egs/timit/s5_la3/mfcc/raw_mfcc_train.4.ark:59216
fsag0_sx153 /nfs-share/xinchi/kaldi/egs/timit/s5_la3/mfcc/raw_mfcc_train.1.ark:3565202
mtlc0_sx217 /nfs-share/xinchi/kaldi/egs/timit/s5_la3/mfcc/raw_mfcc_train.4.ark:2894592
flag0_sx294 /nfs-share/xinchi/kaldi/egs/timit/s5_la3/mfcc/raw_mfcc_train.1.ark:2383461
msmc0_sx377 /nfs-share/xinchi/kaldi/egs/timit/s5_la3/mfcc/raw_mfcc_train.4.ark:2132803
mjrh0_si1125 /nfs-share/xinchi/kaldi/egs/timit/s5_la3/mfcc/raw_mfcc_train.3.ark:1512925
mkxl0_sx375 /nfs-share/xinchi/kaldi/egs/timit/s5_la3/mfcc/raw_mfcc_train.3.ark:2359881
mpgr1_sx329 /nfs-share/xinchi/kaldi/egs/timit/s5_la3/mfcc/raw_mfcc_train.3.ark:3677076
mewm0_si1348 /nfs-share/xinchi/kaldi/egs/timit/s5_la3/mfcc/raw_mfcc_train.2.ark:3369759
mjrh1_sx64 /nfs-share/xinchi/kaldi/egs/timit/s5_la3/mfcc/raw_mfcc_train.3.ark:1573963
mrkm0_sx367 /nfs-share/xinchi/kaldi/egs/timit/s5_la3/mfcc/raw_mfcc_train.4.ark:1044960
mcdd0_sx163 /nfs-share/xinchi/kaldi/egs/timit/s5_la3/mfcc/raw_mfcc_train.2.ark:1551268
fscn0_si626 /nfs-share/xinchi/kaldi/egs/timit/s5_la3/mfcc/raw_mfcc_train.1.ark:3698965
msvs0_sx128 /nfs-share/xinchi/kaldi/egs/timit/s5_la3/mfcc/raw_mfcc_train.4.ark:2315532
fhlm0_sx390 /nfs-share/xinchi/kaldi/egs/timit/s5_la3/mfcc/raw_mfcc_train.1.ark:1537062
mdjm0_sx15 /nfs-share/xinchi/kaldi/egs/timit/s5_la3/mfcc/raw_mfcc_train.2.ark:2366536
mjrp0_si1835 /nfs-share/xinchi/kaldi/egs/timit/s5_la3/mfcc/raw_mfcc_train.3.ark:1607243
fmah1_si1509 /nfs-share/xinchi/kaldi/egs/timit/s5_la3/mfcc/raw_mfcc_train.1.ark:2784955
mhmr0_sx39 /nfs-share/xinchi/kaldi/egs/timit/s5_la3/mfcc/raw_mfcc_train.3.ark:443677
mmeb0_sx187 /nfs-share/xinchi/kaldi/egs/timit/s5_la3/mfcc/raw_mfcc_train.3.ark:3006887
fhxs0_sx85 /nfs-share/xinchi/kaldi/egs/timit/s5_la3/mfcc/raw_mfcc_train.1.ark:1577329
