mrjb1_si2021 /nfs-share/xinchi/kaldi/egs/timit/s5_la3/mfcc/raw_mfcc_train.4.ark:852293
mcew0_si812 /nfs-share/xinchi/kaldi/egs/timit/s5_la3/mfcc/raw_mfcc_train.2.ark:1646189
mtlc0_sx217 /nfs-share/xinchi/kaldi/egs/timit/s5_la3/mfcc/raw_mfcc_train.4.ark:2894592
mrlj1_si1671 /nfs-share/xinchi/kaldi/egs/timit/s5_la3/mfcc/raw_mfcc_train.4.ark:1115774
mejl0_sx332 /nfs-share/xinchi/kaldi/egs/timit/s5_la3/mfcc/raw_mfcc_train.2.ark:3265946
fpab1_sx121 /nfs-share/xinchi/kaldi/egs/timit/s5_la3/mfcc/raw_mfcc_train.1.ark:3207271
mdss1_sx247 /nfs-share/xinchi/kaldi/egs/timit/s5_la3/mfcc/raw_mfcc_train.2.ark:2981014
mpfu0_si628 /nfs-share/xinchi/kaldi/egs/timit/s5_la3/mfcc/raw_mfcc_train.3.ark:3573833
mbsb0_sx93 /nfs-share/xinchi/kaldi/egs/timit/s5_la3/mfcc/raw_mfcc_train.2.ark:1365888
mafm0_sx399 /nfs-share/xinchi/kaldi/egs/timit/s5_la3/mfcc/raw_mfcc_train.2.ark:840523
mses0_sx329 /nfs-share/xinchi/kaldi/egs/timit/s5_la3/mfcc/raw_mfcc_train.4.ark:1983323
mrfl0_sx256 /nfs-share/xinchi/kaldi/egs/timit/s5_la3/mfcc/raw_mfcc_train.4.ark:719012
mljh0_si694 /nfs-share/xinchi/kaldi/egs/timit/s5_la3/mfcc/raw_mfcc_train.3.ark:2477699
mbsb0_si1983 /nfs-share/xinchi/kaldi/egs/timit/s5_la3/mfcc/raw_mfcc_train.2.ark:1349183
mdas0_sx6 /nfs-share/xinchi/kaldi/egs/timit/s5_la3/mfcc/raw_mfcc_train.2.ark:2018485
mcss0_sx300 /nfs-share/xinchi/kaldi/egs/timit/s5_la3/mfcc/raw_mfcc_train.2.ark:1859875
mjjm0_sx107 /nfs-share/xinchi/kaldi/egs/timit/s5_la3/mfcc/raw_mfcc_train.3.ark:1121723
mbef0_sx111 /nfs-share/xinchi/kaldi/egs/timit/s5_la3/mfcc/raw_mfcc_train.2.ark:1143084
mdem0_sx248 /nfs-share/xinchi/kaldi/egs/timit/s5_la3/mfcc/raw_mfcc_train.2.ark:2267956
mpar0_sx46 /nfs-share/xinchi/kaldi/egs/timit/s5_la3/mfcc/raw_mfcc_train.3.ark:3533245
mdsj0_sx438 /nfs-share/xinchi/kaldi/egs/timit/s5_la3/mfcc/raw_mfcc_train.2.ark:2934913
fltm0_sx440 /nfs-share/xinchi/kaldi/egs/timit/s5_la3/mfcc/raw_mfcc_train.1.ark:2776738
fsah0_si614 /nfs-share/xinchi/kaldi/egs/timit/s5_la3/mfcc/raw_mfcc_train.1.ark:3601093
fdaw0_sx416 /nfs-share/xinchi/kaldi/egs/timit/s5_la3/mfcc/raw_mfcc_train.1.ark:844569
mbwp0_si709 /nfs-share/xinchi/kaldi/egs/timit/s5_la3/mfcc/raw_mfcc_train.2.ark:1408802
mrjm0_si1095 /nfs-share/xinchi/kaldi/egs/timit/s5_la3/mfcc/raw_mfcc_train.4.ark:917313
frll0_si805 /nfs-share/xinchi/kaldi/egs/timit/s5_la3/mfcc/raw_mfcc_train.1.ark:3525988
fleh0_sx331 /nfs-share/xinchi/kaldi/egs/timit/s5_la3/mfcc/raw_mfcc_train.1.ark:2412425
mdwm0_si2176 /nfs-share/xinchi/kaldi/egs/timit/s5_la3/mfcc/raw_mfcc_train.2.ark:3095661
flhd0_si1974 /nfs-share/xinchi/kaldi/egs/timit/s5_la3/mfcc/raw_mfcc_train.1.ark:2461945
mclm0_sx196 /nfs-share/xinchi/kaldi/egs/timit/s5_la3/mfcc/raw_mfcc_train.2.ark:1761808
mgag0_sx61 /nfs-share/xinchi/kaldi/egs/timit/s5_la3/mfcc/raw_mfcc_train.2.ark:3638274
mcxm0_si1981 /nfs-share/xinchi/kaldi/egs/timit/s5_la3/mfcc/raw_mfcc_train.2.ark:1934151
mtmn0_si1064 /nfs-share/xinchi/kaldi/egs/timit/s5_la3/mfcc/raw_mfcc_train.4.ark:2941179
mtdp0_si1274 /nfs-share/xinchi/kaldi/egs/timit/s5_la3/mfcc/raw_mfcc_train.4.ark:2569024
fvkb0_si1789 /nfs-share/xinchi/kaldi/egs/timit/s5_la3/mfcc/raw_mfcc_train.2.ark:599868
fsjk1_si696 /nfs-share/xinchi/kaldi/egs/timit/s5_la3/mfcc/raw_mfcc_train.1.ark:3875252
mhxl0_sx242 /nfs-share/xinchi/kaldi/egs/timit/s5_la3/mfcc/raw_mfcc_train.3.ark:496752
mrai0_sx252 /nfs-share/xinchi/kaldi/egs/timit/s5_la3/mfcc/raw_mfcc_train.4.ark:268774
mtml0_si1695 /nfs-share/xinchi/kaldi/egs/timit/s5_la3/mfcc/raw_mfcc_train.4.ark:2910332
mbsb0_si1353 /nfs-share/xinchi/kaldi/egs/timit/s5_la3/mfcc/raw_mfcc_train.2.ark:1344118
mrcg0_sx168 /nfs-share/xinchi/kaldi/egs/timit/s5_la3/mfcc/raw_mfcc_train.4.ark:392328
mcdr0_si1784 /nfs-share/xinchi/kaldi/egs/timit/s5_la3/mfcc/raw_mfcc_train.2.ark:1574724
mrkm0_si1267 /nfs-share/xinchi/kaldi/egs/timit/s5_la3/mfcc/raw_mfcc_train.4.ark:1017416
mwdk0_sx266 /nfs-share/xinchi/kaldi/egs/timit/s5_la3/mfcc/raw_mfcc_train.4.ark:3565514
fmah1_sx159 /nfs-share/xinchi/kaldi/egs/timit/s5_la3/mfcc/raw_mfcc_train.1.ark:2797483
mrew1_si2130 /nfs-share/xinchi/kaldi/egs/timit/s5_la3/mfcc/raw_mfcc_train.4.ark:643242
mjjb0_sx419 /nfs-share/xinchi/kaldi/egs/timit/s5_la3/mfcc/raw_mfcc_train.3.ark:1062454
fkde0_sx331 /nfs-share/xinchi/kaldi/egs/timit/s5_la3/mfcc/raw_mfcc_train.1.ark:2075946
mtpr0_sx160 /nfs-share/xinchi/kaldi/egs/timit/s5_la3/mfcc/raw_mfcc_train.4.ark:3111630
madc0_sx377 /nfs-share/xinchi/kaldi/egs/timit/s5_la3/mfcc/raw_mfcc_train.2.ark:718107
mjxl0_sx362 /nfs-share/xinchi/kaldi/egs/timit/s5_la3/mfcc/raw_mfcc_train.3.ark:1835523
feme0_sx155 /nfs-share/xinchi/kaldi/egs/timit/s5_la3/mfcc/raw_mfcc_train.1.ark:1272837
mjrh0_sx225 /nfs-share/xinchi/kaldi/egs/timit/s5_la3/mfcc/raw_mfcc_train.3.ark:1531142
mrab0_sx234 /nfs-share/xinchi/kaldi/egs/timit/s5_la3/mfcc/raw_mfcc_train.4.ark:199721
fmkf0_sx186 /nfs-share/xinchi/kaldi/egs/timit/s5_la3/mfcc/raw_mfcc_train.1.ark:3034260
makr0_si722 /nfs-share/xinchi/kaldi/egs/timit/s5_la3/mfcc/raw_mfcc_train.2.ark:925305
ftbw0_si1975 /nfs-share/xinchi/kaldi/egs/timit/s5_la3/mfcc/raw_mfcc_train.2.ark:472968
mmxs0_si629 /nfs-share/xinchi/kaldi/egs/timit/s5_la3/mfcc/raw_mfcc_train.3.ark:3416957
fapb0_sx73 /nfs-share/xinchi/kaldi/egs/timit/s5_la3/mfcc/raw_mfcc_train.1.ark:167544
flac0_sx181 /nfs-share/xinchi/kaldi/egs/timit/s5_la3/mfcc/raw_mfcc_train.1.ark:2336155
fcaj0_si1479 /nfs-share/xinchi/kaldi/egs/timit/s5_la3/mfcc/raw_mfcc_train.1.ark:440021
fcmm0_sx183 /nfs-share/xinchi/kaldi/egs/timit/s5_la3/mfcc/raw_mfcc_train.1.ark:701033
mdlc2_si1614 /nfs-share/xinchi/kaldi/egs/timit/s5_la3/mfcc/raw_mfcc_train.2.ark:2518375
mcss0_si1380 /nfs-share/xinchi/kaldi/egs/timit/s5_la3/mfcc/raw_mfcc_train.2.ark:1833405
mddc0_si2049 /nfs-share/xinchi/kaldi/egs/timit/s5_la3/mfcc/raw_mfcc_train.2.ark:2159825
fjrb0_sx222 /nfs-share/xinchi/kaldi/egs/timit/s5_la3/mfcc/raw_mfcc_train.1.ark:1794812
mkes0_si1253 /nfs-share/xinchi/kaldi/egs/timit/s5_la3/mfcc/raw_mfcc_train.3.ark:2077754
fjxp0_si1752 /nfs-share/xinchi/kaldi/egs/timit/s5_la3/mfcc/raw_mfcc_train.1.ark:1991121
mlns0_si1407 /nfs-share/xinchi/kaldi/egs/timit/s5_la3/mfcc/raw_mfcc_train.3.ark:2506679
ftbr0_sx201 /nfs-share/xinchi/kaldi/egs/timit/s5_la3/mfcc/raw_mfcc_train.2.ark:456318
mjdc0_si1161 /nfs-share/xinchi/kaldi/egs/timit/s5_la3/mfcc/raw_mfcc_train.3.ark:703990
mpfu0_sx178 /nfs-share/xinchi/kaldi/egs/timit/s5_la3/mfcc/raw_mfcc_train.3.ark:3577103
mdps0_si1651 /nfs-share/xinchi/kaldi/egs/timit/s5_la3/mfcc/raw_mfcc_train.2.ark:2841371
mfrm0_si1155 /nfs-share/xinchi/kaldi/egs/timit/s5_la3/mfcc/raw_mfcc_train.2.ark:3459435
mtab0_sx312 /nfs-share/xinchi/kaldi/egs/timit/s5_la3/mfcc/raw_mfcc_train.4.ark:2363612
fgdp0_sx268 /nfs-share/xinchi/kaldi/egs/timit/s5_la3/mfcc/raw_mfcc_train.1.ark:1412615
mwsb0_sx186 /nfs-share/xinchi/kaldi/egs/timit/s5_la3/mfcc/raw_mfcc_train.4.ark:3722482
fscn0_si1886 /nfs-share/xinchi/kaldi/egs/timit/s5_la3/mfcc/raw_mfcc_train.1.ark:3695279
mesj0_si2257 /nfs-share/xinchi/kaldi/egs/timit/s5_la3/mfcc/raw_mfcc_train.2.ark:3347573
fcjs0_si1607 /nfs-share/xinchi/kaldi/egs/timit/s5_la3/mfcc/raw_mfcc_train.1.ark:562761
mkes0_si623 /nfs-share/xinchi/kaldi/egs/timit/s5_la3/mfcc/raw_mfcc_train.3.ark:2087142
fblv0_sx248 /nfs-share/xinchi/kaldi/egs/timit/s5_la3/mfcc/raw_mfcc_train.1.ark:326566
mjjj0_sx173 /nfs-share/xinchi/kaldi/egs/timit/s5_la3/mfcc/raw_mfcc_train.3.ark:1085214
fgcs0_si1486 /nfs-share/xinchi/kaldi/egs/timit/s5_la3/mfcc/raw_mfcc_train.1.ark:1364520
mrlj1_sx321 /nfs-share/xinchi/kaldi/egs/timit/s5_la3/mfcc/raw_mfcc_train.4.ark:1132737
mcxm0_sx361 /nfs-share/xinchi/kaldi/egs/timit/s5_la3/mfcc/raw_mfcc_train.2.ark:1950819
mgsl0_si797 /nfs-share/xinchi/kaldi/egs/timit/s5_la3/mfcc/raw_mfcc_train.3.ark:236142
mlbc0_sx429 /nfs-share/xinchi/kaldi/egs/timit/s5_la3/mfcc/raw_mfcc_train.3.ark:2387466
mrvg0_sx330 /nfs-share/xinchi/kaldi/egs/timit/s5_la3/mfcc/raw_mfcc_train.4.ark:1602449
mdcm0_sx40 /nfs-share/xinchi/kaldi/egs/timit/s5_la3/mfcc/raw_mfcc_train.2.ark:2146958
mmsm0_sx116 /nfs-share/xinchi/kaldi/egs/timit/s5_la3/mfcc/raw_mfcc_train.3.ark:3256748
fblv0_sx68 /nfs-share/xinchi/kaldi/egs/timit/s5_la3/mfcc/raw_mfcc_train.1.ark:338884
mrem0_sx241 /nfs-share/xinchi/kaldi/egs/timit/s5_la3/mfcc/raw_mfcc_train.4.ark:624460
mmag0_si496 /nfs-share/xinchi/kaldi/egs/timit/s5_la3/mfcc/raw_mfcc_train.3.ark:2649662
ftbw0_si1345 /nfs-share/xinchi/kaldi/egs/timit/s5_la3/mfcc/raw_mfcc_train.2.ark:469905
mkag0_sx30 /nfs-share/xinchi/kaldi/egs/timit/s5_la3/mfcc/raw_mfcc_train.3.ark:1872772
mcal0_si1768 /nfs-share/xinchi/kaldi/egs/timit/s5_la3/mfcc/raw_mfcc_train.2.ark:1483852
fjsk0_si1682 /nfs-share/xinchi/kaldi/egs/timit/s5_la3/mfcc/raw_mfcc_train.1.ark:1861049
feme0_sx425 /nfs-share/xinchi/kaldi/egs/timit/s5_la3/mfcc/raw_mfcc_train.1.ark:1287535
mtxs0_si2320 /nfs-share/xinchi/kaldi/egs/timit/s5_la3/mfcc/raw_mfcc_train.4.ark:3305392
mjlb0_sx176 /nfs-share/xinchi/kaldi/egs/timit/s5_la3/mfcc/raw_mfcc_train.3.ark:1184107
mtrr0_sx288 /nfs-share/xinchi/kaldi/egs/timit/s5_la3/mfcc/raw_mfcc_train.4.ark:3229028
mfmc0_sx322 /nfs-share/xinchi/kaldi/egs/timit/s5_la3/mfcc/raw_mfcc_train.2.ark:3447688
msjk0_si1596 /nfs-share/xinchi/kaldi/egs/timit/s5_la3/mfcc/raw_mfcc_train.4.ark:2069427
mrsp0_sx79 /nfs-share/xinchi/kaldi/egs/timit/s5_la3/mfcc/raw_mfcc_train.4.ark:1506234
fskp0_si1728 /nfs-share/xinchi/kaldi/egs/timit/s5_la3/mfcc/raw_mfcc_train.2.ark:151674
mrhl0_si2145 /nfs-share/xinchi/kaldi/egs/timit/s5_la3/mfcc/raw_mfcc_train.4.ark:812617
mmar0_sx76 /nfs-share/xinchi/kaldi/egs/timit/s5_la3/mfcc/raw_mfcc_train.3.ark:2739758
mwsh0_si1426 /nfs-share/xinchi/kaldi/egs/timit/s5_la3/mfcc/raw_mfcc_train.4.ark:3738583
fssb0_sx452 /nfs-share/xinchi/kaldi/egs/timit/s5_la3/mfcc/raw_mfcc_train.2.ark:403218
mjjj0_si1793 /nfs-share/xinchi/kaldi/egs/timit/s5_la3/mfcc/raw_mfcc_train.3.ark:1077231
mefg0_sx105 /nfs-share/xinchi/kaldi/egs/timit/s5_la3/mfcc/raw_mfcc_train.2.ark:3194268
mstf0_sx406 /nfs-share/xinchi/kaldi/egs/timit/s5_la3/mfcc/raw_mfcc_train.4.ark:2290042
mjhi0_sx428 /nfs-share/xinchi/kaldi/egs/timit/s5_la3/mfcc/raw_mfcc_train.3.ark:1028180
freh0_sx235 /nfs-share/xinchi/kaldi/egs/timit/s5_la3/mfcc/raw_mfcc_train.1.ark:3480603
fmjb0_si1807 /nfs-share/xinchi/kaldi/egs/timit/s5_la3/mfcc/raw_mfcc_train.1.ark:2890811
majp0_sx84 /nfs-share/xinchi/kaldi/egs/timit/s5_la3/mfcc/raw_mfcc_train.2.ark:875161
mctm0_sx270 /nfs-share/xinchi/kaldi/egs/timit/s5_la3/mfcc/raw_mfcc_train.2.ark:1916474
fsdc0_sx52 /nfs-share/xinchi/kaldi/egs/timit/s5_la3/mfcc/raw_mfcc_train.1.ark:3759813
mtjs0_sx382 /nfs-share/xinchi/kaldi/egs/timit/s5_la3/mfcc/raw_mfcc_train.4.ark:2738483
fsjs0_si541 /nfs-share/xinchi/kaldi/egs/timit/s5_la3/mfcc/raw_mfcc_train.2.ark:22116
mges0_sx311 /nfs-share/xinchi/kaldi/egs/timit/s5_la3/mfcc/raw_mfcc_train.3.ark:77345
mtjm0_sx236 /nfs-share/xinchi/kaldi/egs/timit/s5_la3/mfcc/raw_mfcc_train.4.ark:2691970
mdlc0_sx135 /nfs-share/xinchi/kaldi/egs/timit/s5_la3/mfcc/raw_mfcc_train.2.ark:2467543
mdlb0_sx226 /nfs-share/xinchi/kaldi/egs/timit/s5_la3/mfcc/raw_mfcc_train.2.ark:2433615
msat1_si2333 /nfs-share/xinchi/kaldi/egs/timit/s5_la3/mfcc/raw_mfcc_train.4.ark:1803900
mjdg0_si1042 /nfs-share/xinchi/kaldi/egs/timit/s5_la3/mfcc/raw_mfcc_train.3.ark:777215
mjjm0_sx377 /nfs-share/xinchi/kaldi/egs/timit/s5_la3/mfcc/raw_mfcc_train.3.ark:1134880
mkdb0_sx332 /nfs-share/xinchi/kaldi/egs/timit/s5_la3/mfcc/raw_mfcc_train.3.ark:1998788
mjrk0_sx70 /nfs-share/xinchi/kaldi/egs/timit/s5_la3/mfcc/raw_mfcc_train.3.ark:1605623
fsrh0_sx131 /nfs-share/xinchi/kaldi/egs/timit/s5_la3/mfcc/raw_mfcc_train.2.ark:355052
mjjm0_sx17 /nfs-share/xinchi/kaldi/egs/timit/s5_la3/mfcc/raw_mfcc_train.3.ark:1124615
mhbs0_si1575 /nfs-share/xinchi/kaldi/egs/timit/s5_la3/mfcc/raw_mfcc_train.3.ark:299444
mkxl0_si1815 /nfs-share/xinchi/kaldi/egs/timit/s5_la3/mfcc/raw_mfcc_train.3.ark:2335919
mmab1_sx414 /nfs-share/xinchi/kaldi/egs/timit/s5_la3/mfcc/raw_mfcc_train.3.ark:2630471
fpaf0_sx334 /nfs-share/xinchi/kaldi/egs/timit/s5_la3/mfcc/raw_mfcc_train.1.ark:3319712
mmaa0_si1588 /nfs-share/xinchi/kaldi/egs/timit/s5_la3/mfcc/raw_mfcc_train.3.ark:2570220
mjsr0_si1424 /nfs-share/xinchi/kaldi/egs/timit/s5_la3/mfcc/raw_mfcc_train.3.ark:1636394
mgsl0_sx84 /nfs-share/xinchi/kaldi/egs/timit/s5_la3/mfcc/raw_mfcc_train.3.ark:259589
mrml0_sx431 /nfs-share/xinchi/kaldi/egs/timit/s5_la3/mfcc/raw_mfcc_train.4.ark:1331962
mrso0_si1659 /nfs-share/xinchi/kaldi/egs/timit/s5_la3/mfcc/raw_mfcc_train.4.ark:1443579
mjxl0_si1795 /nfs-share/xinchi/kaldi/egs/timit/s5_la3/mfcc/raw_mfcc_train.3.ark:1822352
mmpm0_si1061 /nfs-share/xinchi/kaldi/egs/timit/s5_la3/mfcc/raw_mfcc_train.3.ark:3174101
fcyl0_sx397 /nfs-share/xinchi/kaldi/egs/timit/s5_la3/mfcc/raw_mfcc_train.1.ark:779681
mjma0_si865 /nfs-share/xinchi/kaldi/egs/timit/s5_la3/mfcc/raw_mfcc_train.3.ark:1275415
msrr0_sx231 /nfs-share/xinchi/kaldi/egs/timit/s5_la3/mfcc/raw_mfcc_train.4.ark:2251376
ftmg0_sx362 /nfs-share/xinchi/kaldi/egs/timit/s5_la3/mfcc/raw_mfcc_train.2.ark:555347
fbmj0_sx426 /nfs-share/xinchi/kaldi/egs/timit/s5_la3/mfcc/raw_mfcc_train.1.ark:402678
mwsh0_si2266 /nfs-share/xinchi/kaldi/egs/timit/s5_la3/mfcc/raw_mfcc_train.4.ark:3744922
mvrw0_sx225 /nfs-share/xinchi/kaldi/egs/timit/s5_la3/mfcc/raw_mfcc_train.4.ark:3413321
mjra0_sx246 /nfs-share/xinchi/kaldi/egs/timit/s5_la3/mfcc/raw_mfcc_train.3.ark:1463908
fjsk0_sx242 /nfs-share/xinchi/kaldi/egs/timit/s5_la3/mfcc/raw_mfcc_train.1.ark:1871328
mrds0_sx267 /nfs-share/xinchi/kaldi/egs/timit/s5_la3/mfcc/raw_mfcc_train.4.ark:522876
mjra0_sx156 /nfs-share/xinchi/kaldi/egs/timit/s5_la3/mfcc/raw_mfcc_train.3.ark:1459936
mprk0_sx287 /nfs-share/xinchi/kaldi/egs/timit/s5_la3/mfcc/raw_mfcc_train.4.ark:119549
mmgc0_sx45 /nfs-share/xinchi/kaldi/egs/timit/s5_la3/mfcc/raw_mfcc_train.3.ark:3051898
mbef0_sx291 /nfs-share/xinchi/kaldi/egs/timit/s5_la3/mfcc/raw_mfcc_train.2.ark:1151333
fjlr0_sx151 /nfs-share/xinchi/kaldi/egs/timit/s5_la3/mfcc/raw_mfcc_train.1.ark:1760467
mwad0_si2322 /nfs-share/xinchi/kaldi/egs/timit/s5_la3/mfcc/raw_mfcc_train.4.ark:3470206
msfh0_si586 /nfs-share/xinchi/kaldi/egs/timit/s5_la3/mfcc/raw_mfcc_train.4.ark:2005238
msfh0_sx46 /nfs-share/xinchi/kaldi/egs/timit/s5_la3/mfcc/raw_mfcc_train.4.ark:2029114
ftbr0_si2181 /nfs-share/xinchi/kaldi/egs/timit/s5_la3/mfcc/raw_mfcc_train.2.ark:444116
fskc0_sx426 /nfs-share/xinchi/kaldi/egs/timit/s5_la3/mfcc/raw_mfcc_train.2.ark:105978
mges0_si1481 /nfs-share/xinchi/kaldi/egs/timit/s5_la3/mfcc/raw_mfcc_train.3.ark:63217
mdpk0_sx243 /nfs-share/xinchi/kaldi/egs/timit/s5_la3/mfcc/raw_mfcc_train.2.ark:2825730
mljc0_si1225 /nfs-share/xinchi/kaldi/egs/timit/s5_la3/mfcc/raw_mfcc_train.3.ark:2432023
fjkl0_sx392 /nfs-share/xinchi/kaldi/egs/timit/s5_la3/mfcc/raw_mfcc_train.1.ark:1712487
mmws1_sx81 /nfs-share/xinchi/kaldi/egs/timit/s5_la3/mfcc/raw_mfcc_train.3.ark:3410494
mpfu0_sx448 /nfs-share/xinchi/kaldi/egs/timit/s5_la3/mfcc/raw_mfcc_train.3.ark:3589487
fcrz0_sx253 /nfs-share/xinchi/kaldi/egs/timit/s5_la3/mfcc/raw_mfcc_train.1.ark:735573
mjwt0_si1381 /nfs-share/xinchi/kaldi/egs/timit/s5_la3/mfcc/raw_mfcc_train.3.ark:1755665
mcpm0_sx384 /nfs-share/xinchi/kaldi/egs/timit/s5_la3/mfcc/raw_mfcc_train.2.ark:1798955
mljc0_si1855 /nfs-share/xinchi/kaldi/egs/timit/s5_la3/mfcc/raw_mfcc_train.3.ark:2439181
mewm0_si1348 /nfs-share/xinchi/kaldi/egs/timit/s5_la3/mfcc/raw_mfcc_train.2.ark:3369759
fdkn0_sx451 /nfs-share/xinchi/kaldi/egs/timit/s5_la3/mfcc/raw_mfcc_train.1.ark:937653
mcal0_sx328 /nfs-share/xinchi/kaldi/egs/timit/s5_la3/mfcc/raw_mfcc_train.2.ark:1495281
mgaw0_sx85 /nfs-share/xinchi/kaldi/egs/timit/s5_la3/mfcc/raw_mfcc_train.3.ark:60258
fsdc0_sx412 /nfs-share/xinchi/kaldi/egs/timit/s5_la3/mfcc/raw_mfcc_train.1.ark:3756583
fmkf0_si906 /nfs-share/xinchi/kaldi/egs/timit/s5_la3/mfcc/raw_mfcc_train.1.ark:3029729
madc0_sx287 /nfs-share/xinchi/kaldi/egs/timit/s5_la3/mfcc/raw_mfcc_train.2.ark:714031
fcmg0_sx342 /nfs-share/xinchi/kaldi/egs/timit/s5_la3/mfcc/raw_mfcc_train.1.ark:675276
mtcs0_sx262 /nfs-share/xinchi/kaldi/egs/timit/s5_la3/mfcc/raw_mfcc_train.4.ark:2519357
mapv0_si1923 /nfs-share/xinchi/kaldi/egs/timit/s5_la3/mfcc/raw_mfcc_train.2.ark:949262
fcyl0_sx349 /nfs-share/xinchi/kaldi/egs/timit/s5_la3/mfcc/raw_mfcc_train.1.ark:770464
mmar0_si706 /nfs-share/xinchi/kaldi/egs/timit/s5_la3/mfcc/raw_mfcc_train.3.ark:2715401
fbcg1_si1612 /nfs-share/xinchi/kaldi/egs/timit/s5_la3/mfcc/raw_mfcc_train.1.ark:207117
mrbc0_si1665 /nfs-share/xinchi/kaldi/egs/timit/s5_la3/mfcc/raw_mfcc_train.4.ark:346034
mvjh0_sx116 /nfs-share/xinchi/kaldi/egs/timit/s5_la3/mfcc/raw_mfcc_train.4.ark:3349266
mrmg0_sx180 /nfs-share/xinchi/kaldi/egs/timit/s5_la3/mfcc/raw_mfcc_train.4.ark:1250134
mrws0_sx382 /nfs-share/xinchi/kaldi/egs/timit/s5_la3/mfcc/raw_mfcc_train.4.ark:1670137
fcaj0_si849 /nfs-share/xinchi/kaldi/egs/timit/s5_la3/mfcc/raw_mfcc_train.1.ark:444365
maeb0_sx90 /nfs-share/xinchi/kaldi/egs/timit/s5_la3/mfcc/raw_mfcc_train.2.ark:782454
mcdd0_sx73 /nfs-share/xinchi/kaldi/egs/timit/s5_la3/mfcc/raw_mfcc_train.2.ark:1565816
frll0_sx164 /nfs-share/xinchi/kaldi/egs/timit/s5_la3/mfcc/raw_mfcc_train.1.ark:3536935
mprk0_si1097 /nfs-share/xinchi/kaldi/egs/timit/s5_la3/mfcc/raw_mfcc_train.4.ark:90478
mrai0_si2052 /nfs-share/xinchi/kaldi/egs/timit/s5_la3/mfcc/raw_mfcc_train.4.ark:252178
fmju0_sx219 /nfs-share/xinchi/kaldi/egs/timit/s5_la3/mfcc/raw_mfcc_train.1.ark:2970049
mgrp0_si1947 /nfs-share/xinchi/kaldi/egs/timit/s5_la3/mfcc/raw_mfcc_train.3.ark:163562
mgrl0_sx147 /nfs-share/xinchi/kaldi/egs/timit/s5_la3/mfcc/raw_mfcc_train.3.ark:138793
mwad0_sx252 /nfs-share/xinchi/kaldi/egs/timit/s5_la3/mfcc/raw_mfcc_train.4.ark:3476525
mkxl0_sx195 /nfs-share/xinchi/kaldi/egs/timit/s5_la3/mfcc/raw_mfcc_train.3.ark:2353926
mfxs0_si2304 /nfs-share/xinchi/kaldi/egs/timit/s5_la3/mfcc/raw_mfcc_train.2.ark:3527348
mjfh0_sx117 /nfs-share/xinchi/kaldi/egs/timit/s5_la3/mfcc/raw_mfcc_train.3.ark:954570
fblv0_sx158 /nfs-share/xinchi/kaldi/egs/timit/s5_la3/mfcc/raw_mfcc_train.1.ark:323517
mjpg0_sx291 /nfs-share/xinchi/kaldi/egs/timit/s5_la3/mfcc/raw_mfcc_train.3.ark:1376351
mmaa0_si845 /nfs-share/xinchi/kaldi/egs/timit/s5_la3/mfcc/raw_mfcc_train.3.ark:2579751
fsjs0_sx91 /nfs-share/xinchi/kaldi/egs/timit/s5_la3/mfcc/raw_mfcc_train.2.ark:45199
mjrp0_sx225 /nfs-share/xinchi/kaldi/egs/timit/s5_la3/mfcc/raw_mfcc_train.3.ark:1623106
msas0_sx206 /nfs-share/xinchi/kaldi/egs/timit/s5_la3/mfcc/raw_mfcc_train.4.ark:1754672
fdas1_sx21 /nfs-share/xinchi/kaldi/egs/timit/s5_la3/mfcc/raw_mfcc_train.1.ark:807934
mrkm0_si1391 /nfs-share/xinchi/kaldi/egs/timit/s5_la3/mfcc/raw_mfcc_train.4.ark:1023456
mwac0_si2231 /nfs-share/xinchi/kaldi/egs/timit/s5_la3/mfcc/raw_mfcc_train.4.ark:3430907
madc0_sx107 /nfs-share/xinchi/kaldi/egs/timit/s5_la3/mfcc/raw_mfcc_train.2.ark:704105
fsgf0_sx387 /nfs-share/xinchi/kaldi/egs/timit/s5_la3/mfcc/raw_mfcc_train.1.ark:3820572
mrlj1_si2301 /nfs-share/xinchi/kaldi/egs/timit/s5_la3/mfcc/raw_mfcc_train.4.ark:1119591
fpac0_si661 /nfs-share/xinchi/kaldi/egs/timit/s5_la3/mfcc/raw_mfcc_train.1.ark:3236870
mcdc0_si1922 /nfs-share/xinchi/kaldi/egs/timit/s5_la3/mfcc/raw_mfcc_train.2.ark:1513731
mdlc1_si1435 /nfs-share/xinchi/kaldi/egs/timit/s5_la3/mfcc/raw_mfcc_train.2.ark:2486636
marc0_sx378 /nfs-share/xinchi/kaldi/egs/timit/s5_la3/mfcc/raw_mfcc_train.2.ark:1000554
fjen0_sx147 /nfs-share/xinchi/kaldi/egs/timit/s5_la3/mfcc/raw_mfcc_train.1.ark:1629054
mtwh1_sx342 /nfs-share/xinchi/kaldi/egs/timit/s5_la3/mfcc/raw_mfcc_train.4.ark:3286258
mtkd0_sx377 /nfs-share/xinchi/kaldi/egs/timit/s5_la3/mfcc/raw_mfcc_train.4.ark:2805924
mrjm0_sx328 /nfs-share/xinchi/kaldi/egs/timit/s5_la3/mfcc/raw_mfcc_train.4.ark:936642
mtat1_sx59 /nfs-share/xinchi/kaldi/egs/timit/s5_la3/mfcc/raw_mfcc_train.4.ark:2469070
ftlg0_sx213 /nfs-share/xinchi/kaldi/egs/timit/s5_la3/mfcc/raw_mfcc_train.2.ark:522497
mjlg1_sx382 /nfs-share/xinchi/kaldi/egs/timit/s5_la3/mfcc/raw_mfcc_train.3.ark:1228054
mrdd0_si2310 /nfs-share/xinchi/kaldi/egs/timit/s5_la3/mfcc/raw_mfcc_train.4.ark:455109
mgsl0_sx354 /nfs-share/xinchi/kaldi/egs/timit/s5_la3/mfcc/raw_mfcc_train.3.ark:250840
mtat0_si1740 /nfs-share/xinchi/kaldi/egs/timit/s5_la3/mfcc/raw_mfcc_train.4.ark:2409003
mjsr0_sx254 /nfs-share/xinchi/kaldi/egs/timit/s5_la3/mfcc/raw_mfcc_train.3.ark:1659498
mree0_si1104 /nfs-share/xinchi/kaldi/egs/timit/s5_la3/mfcc/raw_mfcc_train.4.ark:537282
fcdr1_si1186 /nfs-share/xinchi/kaldi/egs/timit/s5_la3/mfcc/raw_mfcc_train.1.ark:468314
mjlb0_sx86 /nfs-share/xinchi/kaldi/egs/timit/s5_la3/mfcc/raw_mfcc_train.3.ark:1199032
mcdd0_sx163 /nfs-share/xinchi/kaldi/egs/timit/s5_la3/mfcc/raw_mfcc_train.2.ark:1551268
mtml0_sx345 /nfs-share/xinchi/kaldi/egs/timit/s5_la3/mfcc/raw_mfcc_train.4.ark:2927534
msdh0_si2240 /nfs-share/xinchi/kaldi/egs/timit/s5_la3/mfcc/raw_mfcc_train.4.ark:1852368
mgjc0_sx345 /nfs-share/xinchi/kaldi/egs/timit/s5_la3/mfcc/raw_mfcc_train.3.ark:112126
fear0_sx352 /nfs-share/xinchi/kaldi/egs/timit/s5_la3/mfcc/raw_mfcc_train.1.ark:1172658
mjlg1_sx202 /nfs-share/xinchi/kaldi/egs/timit/s5_la3/mfcc/raw_mfcc_train.3.ark:1218609
mdbb1_si2056 /nfs-share/xinchi/kaldi/egs/timit/s5_la3/mfcc/raw_mfcc_train.2.ark:2033153
fcdr1_sx376 /nfs-share/xinchi/kaldi/egs/timit/s5_la3/mfcc/raw_mfcc_train.1.ark:505556
mdns0_si873 /nfs-share/xinchi/kaldi/egs/timit/s5_la3/mfcc/raw_mfcc_train.2.ark:2755311
mdwd0_sx90 /nfs-share/xinchi/kaldi/egs/timit/s5_la3/mfcc/raw_mfcc_train.2.ark:3050647
fajw0_sx3 /nfs-share/xinchi/kaldi/egs/timit/s5_la3/mfcc/raw_mfcc_train.1.ark:57265
mwar0_si2305 /nfs-share/xinchi/kaldi/egs/timit/s5_la3/mfcc/raw_mfcc_train.4.ark:3499085
mtrr0_si2178 /nfs-share/xinchi/kaldi/egs/timit/s5_la3/mfcc/raw_mfcc_train.4.ark:3208987
mpgr0_sx330 /nfs-share/xinchi/kaldi/egs/timit/s5_la3/mfcc/raw_mfcc_train.3.ark:3643855
mkag0_si1609 /nfs-share/xinchi/kaldi/egs/timit/s5_la3/mfcc/raw_mfcc_train.3.ark:1849675
mtrr0_sx108 /nfs-share/xinchi/kaldi/egs/timit/s5_la3/mfcc/raw_mfcc_train.4.ark:3218101
ftaj0_sx69 /nfs-share/xinchi/kaldi/egs/timit/s5_la3/mfcc/raw_mfcc_train.2.ark:434935
msmr0_si1405 /nfs-share/xinchi/kaldi/egs/timit/s5_la3/mfcc/raw_mfcc_train.4.ark:2143895
fcke0_si1741 /nfs-share/xinchi/kaldi/egs/timit/s5_la3/mfcc/raw_mfcc_train.1.ark:594650
msfh0_si1738 /nfs-share/xinchi/kaldi/egs/timit/s5_la3/mfcc/raw_mfcc_train.4.ark:1997600
mjda0_sx311 /nfs-share/xinchi/kaldi/egs/timit/s5_la3/mfcc/raw_mfcc_train.3.ark:691060
fbcg1_sx262 /nfs-share/xinchi/kaldi/egs/timit/s5_la3/mfcc/raw_mfcc_train.1.ark:221576
mmpm0_si2321 /nfs-share/xinchi/kaldi/egs/timit/s5_la3/mfcc/raw_mfcc_train.3.ark:3181462
mgsh0_si546 /nfs-share/xinchi/kaldi/egs/timit/s5_la3/mfcc/raw_mfcc_train.3.ark:204225
fskl0_sx179 /nfs-share/xinchi/kaldi/egs/timit/s5_la3/mfcc/raw_mfcc_train.2.ark:126268
mcss0_sx390 /nfs-share/xinchi/kaldi/egs/timit/s5_la3/mfcc/raw_mfcc_train.2.ark:1863067
fsrh0_si1719 /nfs-share/xinchi/kaldi/egs/timit/s5_la3/mfcc/raw_mfcc_train.2.ark:346164
mdma0_sx170 /nfs-share/xinchi/kaldi/egs/timit/s5_la3/mfcc/raw_mfcc_train.2.ark:2689476
mclm0_sx16 /nfs-share/xinchi/kaldi/egs/timit/s5_la3/mfcc/raw_mfcc_train.2.ark:1759188
frll0_sx434 /nfs-share/xinchi/kaldi/egs/timit/s5_la3/mfcc/raw_mfcc_train.1.ark:3547720
mppc0_si782 /nfs-share/xinchi/kaldi/egs/timit/s5_la3/mfcc/raw_mfcc_train.3.ark:3752218
msvs0_si2198 /nfs-share/xinchi/kaldi/egs/timit/s5_la3/mfcc/raw_mfcc_train.4.ark:2302349
mmaa0_si2105 /nfs-share/xinchi/kaldi/egs/timit/s5_la3/mfcc/raw_mfcc_train.3.ark:2576455
mkes0_sx353 /nfs-share/xinchi/kaldi/egs/timit/s5_la3/mfcc/raw_mfcc_train.3.ark:2100917
fsrh0_sx401 /nfs-share/xinchi/kaldi/egs/timit/s5_la3/mfcc/raw_mfcc_train.2.ark:368827
mgag0_sx151 /nfs-share/xinchi/kaldi/egs/timit/s5_la3/mfcc/raw_mfcc_train.2.ark:3625364
mjpg0_sx21 /nfs-share/xinchi/kaldi/egs/timit/s5_la3/mfcc/raw_mfcc_train.3.ark:1373653
mrfk0_sx266 /nfs-share/xinchi/kaldi/egs/timit/s5_la3/mfcc/raw_mfcc_train.4.ark:685714
fsdj0_si1745 /nfs-share/xinchi/kaldi/egs/timit/s5_la3/mfcc/raw_mfcc_train.1.ark:3769579
mhit0_si1613 /nfs-share/xinchi/kaldi/egs/timit/s5_la3/mfcc/raw_mfcc_train.3.ark:328868
mrws0_sx202 /nfs-share/xinchi/kaldi/egs/timit/s5_la3/mfcc/raw_mfcc_train.4.ark:1661043
fkdw0_sx37 /nfs-share/xinchi/kaldi/egs/timit/s5_la3/mfcc/raw_mfcc_train.1.ark:2113618
mbcg0_si2217 /nfs-share/xinchi/kaldi/egs/timit/s5_la3/mfcc/raw_mfcc_train.2.ark:1100145
msms0_si1433 /nfs-share/xinchi/kaldi/egs/timit/s5_la3/mfcc/raw_mfcc_train.4.ark:2168943
mgaf0_sx22 /nfs-share/xinchi/kaldi/egs/timit/s5_la3/mfcc/raw_mfcc_train.2.ark:3602285
mejs0_si1870 /nfs-share/xinchi/kaldi/egs/timit/s5_la3/mfcc/raw_mfcc_train.2.ark:3283278
mklr0_sx429 /nfs-share/xinchi/kaldi/egs/timit/s5_la3/mfcc/raw_mfcc_train.3.ark:2194735
mcdd0_si883 /nfs-share/xinchi/kaldi/egs/timit/s5_la3/mfcc/raw_mfcc_train.2.ark:1547101
fmbg0_sx80 /nfs-share/xinchi/kaldi/egs/timit/s5_la3/mfcc/raw_mfcc_train.1.ark:2845484
mdlb0_si1936 /nfs-share/xinchi/kaldi/egs/timit/s5_la3/mfcc/raw_mfcc_train.2.ark:2421205
mdwm0_sx286 /nfs-share/xinchi/kaldi/egs/timit/s5_la3/mfcc/raw_mfcc_train.2.ark:3111379
mhxl0_si612 /nfs-share/xinchi/kaldi/egs/timit/s5_la3/mfcc/raw_mfcc_train.3.ark:488730
mrdm0_si1595 /nfs-share/xinchi/kaldi/egs/timit/s5_la3/mfcc/raw_mfcc_train.4.ark:482212
mded0_sx450 /nfs-share/xinchi/kaldi/egs/timit/s5_la3/mfcc/raw_mfcc_train.2.ark:2210149
mtlb0_si1134 /nfs-share/xinchi/kaldi/egs/timit/s5_la3/mfcc/raw_mfcc_train.4.ark:2844157
msds0_si1077 /nfs-share/xinchi/kaldi/egs/timit/s5_la3/mfcc/raw_mfcc_train.4.ark:1883292
feme0_sx245 /nfs-share/xinchi/kaldi/egs/timit/s5_la3/mfcc/raw_mfcc_train.1.ark:1277511
mmea0_sx38 /nfs-share/xinchi/kaldi/egs/timit/s5_la3/mfcc/raw_mfcc_train.3.ark:2988702
mjac0_sx251 /nfs-share/xinchi/kaldi/egs/timit/s5_la3/mfcc/raw_mfcc_train.3.ark:556305
fcaj0_sx219 /nfs-share/xinchi/kaldi/egs/timit/s5_la3/mfcc/raw_mfcc_train.1.ark:452881
mjee0_sx67 /nfs-share/xinchi/kaldi/egs/timit/s5_la3/mfcc/raw_mfcc_train.3.ark:937367
mrmg0_si2340 /nfs-share/xinchi/kaldi/egs/timit/s5_la3/mfcc/raw_mfcc_train.4.ark:1245408
mjrh0_sx135 /nfs-share/xinchi/kaldi/egs/timit/s5_la3/mfcc/raw_mfcc_train.3.ark:1526715
fjdm2_sx322 /nfs-share/xinchi/kaldi/egs/timit/s5_la3/mfcc/raw_mfcc_train.1.ark:1603920
fdkn0_si1202 /nfs-share/xinchi/kaldi/egs/timit/s5_la3/mfcc/raw_mfcc_train.1.ark:914854
mtbc0_si543 /nfs-share/xinchi/kaldi/egs/timit/s5_la3/mfcc/raw_mfcc_train.4.ark:2478193
ftbw0_sx265 /nfs-share/xinchi/kaldi/egs/timit/s5_la3/mfcc/raw_mfcc_train.2.ark:488277
fceg0_sx348 /nfs-share/xinchi/kaldi/egs/timit/s5_la3/mfcc/raw_mfcc_train.1.ark:525672
fceg0_sx438 /nfs-share/xinchi/kaldi/egs/timit/s5_la3/mfcc/raw_mfcc_train.1.ark:529852
fdml0_sx249 /nfs-share/xinchi/kaldi/egs/timit/s5_la3/mfcc/raw_mfcc_train.1.ark:962202
mchl0_sx447 /nfs-share/xinchi/kaldi/egs/timit/s5_la3/mfcc/raw_mfcc_train.2.ark:1703449
mrtj0_si772 /nfs-share/xinchi/kaldi/egs/timit/s5_la3/mfcc/raw_mfcc_train.4.ark:1553218
msmc0_sx197 /nfs-share/xinchi/kaldi/egs/timit/s5_la3/mfcc/raw_mfcc_train.4.ark:2125041
mtjs0_si1192 /nfs-share/xinchi/kaldi/egs/timit/s5_la3/mfcc/raw_mfcc_train.4.ark:2705882
mtpf0_sx245 /nfs-share/xinchi/kaldi/egs/timit/s5_la3/mfcc/raw_mfcc_train.4.ark:3023768
milb0_sx273 /nfs-share/xinchi/kaldi/egs/timit/s5_la3/mfcc/raw_mfcc_train.3.ark:532194
mdbp0_sx348 /nfs-share/xinchi/kaldi/egs/timit/s5_la3/mfcc/raw_mfcc_train.2.ark:2076534
mtrc0_si993 /nfs-share/xinchi/kaldi/egs/timit/s5_la3/mfcc/raw_mfcc_train.4.ark:3186278
mtmn0_sx74 /nfs-share/xinchi/kaldi/egs/timit/s5_la3/mfcc/raw_mfcc_train.4.ark:2972311
makb0_si1646 /nfs-share/xinchi/kaldi/egs/timit/s5_la3/mfcc/raw_mfcc_train.2.ark:888086
mgrl0_sx237 /nfs-share/xinchi/kaldi/egs/timit/s5_la3/mfcc/raw_mfcc_train.3.ark:142167
mtwh1_sx162 /nfs-share/xinchi/kaldi/egs/timit/s5_la3/mfcc/raw_mfcc_train.4.ark:3279133
mbcg0_sx147 /nfs-share/xinchi/kaldi/egs/timit/s5_la3/mfcc/raw_mfcc_train.2.ark:1111424
mdlh0_sx250 /nfs-share/xinchi/kaldi/egs/timit/s5_la3/mfcc/raw_mfcc_train.2.ark:2564909
fmjb0_si1177 /nfs-share/xinchi/kaldi/egs/timit/s5_la3/mfcc/raw_mfcc_train.1.ark:2884823
mdac0_sx181 /nfs-share/xinchi/kaldi/egs/timit/s5_la3/mfcc/raw_mfcc_train.2.ark:1975718
mtat0_sx390 /nfs-share/xinchi/kaldi/egs/timit/s5_la3/mfcc/raw_mfcc_train.4.ark:2431313
mrjm1_sx308 /nfs-share/xinchi/kaldi/egs/timit/s5_la3/mfcc/raw_mfcc_train.4.ark:970941
mrmh0_sx391 /nfs-share/xinchi/kaldi/egs/timit/s5_la3/mfcc/raw_mfcc_train.4.ark:1297071
mrfl0_si526 /nfs-share/xinchi/kaldi/egs/timit/s5_la3/mfcc/raw_mfcc_train.4.ark:707935
mram0_si1951 /nfs-share/xinchi/kaldi/egs/timit/s5_la3/mfcc/raw_mfcc_train.4.ark:292972
mlel0_sx346 /nfs-share/xinchi/kaldi/egs/timit/s5_la3/mfcc/raw_mfcc_train.3.ark:2419132
mtjg0_sx350 /nfs-share/xinchi/kaldi/egs/timit/s5_la3/mfcc/raw_mfcc_train.4.ark:2660993
mdcd0_sx335 /nfs-share/xinchi/kaldi/egs/timit/s5_la3/mfcc/raw_mfcc_train.2.ark:2110599
mmgc0_sx135 /nfs-share/xinchi/kaldi/egs/timit/s5_la3/mfcc/raw_mfcc_train.3.ark:3038104
mhmg0_sx15 /nfs-share/xinchi/kaldi/egs/timit/s5_la3/mfcc/raw_mfcc_train.3.ark:403670
msat0_sx446 /nfs-share/xinchi/kaldi/egs/timit/s5_la3/mfcc/raw_mfcc_train.4.ark:1789518
mges0_si851 /nfs-share/xinchi/kaldi/egs/timit/s5_la3/mfcc/raw_mfcc_train.3.ark:67067
mdss0_sx81 /nfs-share/xinchi/kaldi/egs/timit/s5_la3/mfcc/raw_mfcc_train.2.ark:2963674
mrgm0_sx172 /nfs-share/xinchi/kaldi/egs/timit/s5_la3/mfcc/raw_mfcc_train.4.ark:750847
mlel0_si1876 /nfs-share/xinchi/kaldi/egs/timit/s5_la3/mfcc/raw_mfcc_train.3.ark:2399461
feeh0_sx32 /nfs-share/xinchi/kaldi/egs/timit/s5_la3/mfcc/raw_mfcc_train.1.ark:1251129
msdh0_sx440 /nfs-share/xinchi/kaldi/egs/timit/s5_la3/mfcc/raw_mfcc_train.4.ark:1875439
fsak0_sx40 /nfs-share/xinchi/kaldi/egs/timit/s5_la3/mfcc/raw_mfcc_train.1.ark:3651851
mlbc0_sx159 /nfs-share/xinchi/kaldi/egs/timit/s5_la3/mfcc/raw_mfcc_train.3.ark:2377201
flkm0_si686 /nfs-share/xinchi/kaldi/egs/timit/s5_la3/mfcc/raw_mfcc_train.1.ark:2603418
msem1_sx90 /nfs-share/xinchi/kaldi/egs/timit/s5_la3/mfcc/raw_mfcc_train.4.ark:1960684
mses0_sx419 /nfs-share/xinchi/kaldi/egs/timit/s5_la3/mfcc/raw_mfcc_train.4.ark:1987503
mtqc0_sx451 /nfs-share/xinchi/kaldi/egs/timit/s5_la3/mfcc/raw_mfcc_train.4.ark:3166451
fgcs0_sx46 /nfs-share/xinchi/kaldi/egs/timit/s5_la3/mfcc/raw_mfcc_train.1.ark:1391700
mrew1_si1500 /nfs-share/xinchi/kaldi/egs/timit/s5_la3/mfcc/raw_mfcc_train.4.ark:639828
mwrp0_sx183 /nfs-share/xinchi/kaldi/egs/timit/s5_la3/mfcc/raw_mfcc_train.4.ark:3692423
mdas0_sx96 /nfs-share/xinchi/kaldi/egs/timit/s5_la3/mfcc/raw_mfcc_train.2.ark:2022014
mapv0_si663 /nfs-share/xinchi/kaldi/egs/timit/s5_la3/mfcc/raw_mfcc_train.2.ark:952935
mter0_si1157 /nfs-share/xinchi/kaldi/egs/timit/s5_la3/mfcc/raw_mfcc_train.4.ark:2608108
mrjm1_sx38 /nfs-share/xinchi/kaldi/egs/timit/s5_la3/mfcc/raw_mfcc_train.4.ark:975393
mmlm0_sx177 /nfs-share/xinchi/kaldi/egs/timit/s5_la3/mfcc/raw_mfcc_train.3.ark:3157231
fpmy0_si1783 /nfs-share/xinchi/kaldi/egs/timit/s5_la3/mfcc/raw_mfcc_train.1.ark:3433036
mgsh0_si1176 /nfs-share/xinchi/kaldi/egs/timit/s5_la3/mfcc/raw_mfcc_train.3.ark:193849
fjrb0_sx312 /nfs-share/xinchi/kaldi/egs/timit/s5_la3/mfcc/raw_mfcc_train.1.ark:1798888
meal0_sx197 /nfs-share/xinchi/kaldi/egs/timit/s5_la3/mfcc/raw_mfcc_train.2.ark:3136169
mtwh1_sx252 /nfs-share/xinchi/kaldi/egs/timit/s5_la3/mfcc/raw_mfcc_train.4.ark:3282559
mkah0_sx268 /nfs-share/xinchi/kaldi/egs/timit/s5_la3/mfcc/raw_mfcc_train.3.ark:1900707
feeh0_si471 /nfs-share/xinchi/kaldi/egs/timit/s5_la3/mfcc/raw_mfcc_train.1.ark:1235086
mcdc0_sx212 /nfs-share/xinchi/kaldi/egs/timit/s5_la3/mfcc/raw_mfcc_train.2.ark:1524828
mrre0_sx74 /nfs-share/xinchi/kaldi/egs/timit/s5_la3/mfcc/raw_mfcc_train.4.ark:1432045
mbth0_si757 /nfs-share/xinchi/kaldi/egs/timit/s5_la3/mfcc/raw_mfcc_train.2.ark:1378949
mjjb0_sx59 /nfs-share/xinchi/kaldi/egs/timit/s5_la3/mfcc/raw_mfcc_train.3.ark:1066568
mtlb0_si504 /nfs-share/xinchi/kaldi/egs/timit/s5_la3/mfcc/raw_mfcc_train.4.ark:2852518
mfwk0_sx169 /nfs-share/xinchi/kaldi/egs/timit/s5_la3/mfcc/raw_mfcc_train.2.ark:3500504
mtjs0_sx112 /nfs-share/xinchi/kaldi/egs/timit/s5_la3/mfcc/raw_mfcc_train.4.ark:2723181
fbch0_si956 /nfs-share/xinchi/kaldi/egs/timit/s5_la3/mfcc/raw_mfcc_train.1.ark:244075
mjra0_si606 /nfs-share/xinchi/kaldi/egs/timit/s5_la3/mfcc/raw_mfcc_train.3.ark:1456315
mjpm0_sx288 /nfs-share/xinchi/kaldi/egs/timit/s5_la3/mfcc/raw_mfcc_train.3.ark:1407634
mbar0_sx59 /nfs-share/xinchi/kaldi/egs/timit/s5_la3/mfcc/raw_mfcc_train.2.ark:1067137
msrg0_si1851 /nfs-share/xinchi/kaldi/egs/timit/s5_la3/mfcc/raw_mfcc_train.4.ark:2206435
mewm0_sx358 /nfs-share/xinchi/kaldi/egs/timit/s5_la3/mfcc/raw_mfcc_train.2.ark:3387540
mkam0_sx146 /nfs-share/xinchi/kaldi/egs/timit/s5_la3/mfcc/raw_mfcc_train.3.ark:1961005
fpjf0_si1259 /nfs-share/xinchi/kaldi/egs/timit/s5_la3/mfcc/raw_mfcc_train.1.ark:3368638
fmmh0_si2167 /nfs-share/xinchi/kaldi/egs/timit/s5_la3/mfcc/raw_mfcc_train.1.ark:3058676
fmjf0_sx264 /nfs-share/xinchi/kaldi/egs/timit/s5_la3/mfcc/raw_mfcc_train.1.ark:2935152
mtmt0_si488 /nfs-share/xinchi/kaldi/egs/timit/s5_la3/mfcc/raw_mfcc_train.4.ark:2983176
feac0_si1245 /nfs-share/xinchi/kaldi/egs/timit/s5_la3/mfcc/raw_mfcc_train.1.ark:1120838
fcdr1_sx286 /nfs-share/xinchi/kaldi/egs/timit/s5_la3/mfcc/raw_mfcc_train.1.ark:499777
mrhl0_sx345 /nfs-share/xinchi/kaldi/egs/timit/s5_la3/mfcc/raw_mfcc_train.4.ark:829571
mdps0_si719 /nfs-share/xinchi/kaldi/egs/timit/s5_la3/mfcc/raw_mfcc_train.2.ark:2848211
fmem0_si747 /nfs-share/xinchi/kaldi/egs/timit/s5_la3/mfcc/raw_mfcc_train.1.ark:2858208
fdxw0_si1511 /nfs-share/xinchi/kaldi/egs/timit/s5_la3/mfcc/raw_mfcc_train.1.ark:1092649
mtmt0_sx38 /nfs-share/xinchi/kaldi/egs/timit/s5_la3/mfcc/raw_mfcc_train.4.ark:2999973
mdac0_si631 /nfs-share/xinchi/kaldi/egs/timit/s5_la3/mfcc/raw_mfcc_train.2.ark:1968925
fsbk0_si1069 /nfs-share/xinchi/kaldi/egs/timit/s5_la3/mfcc/raw_mfcc_train.1.ark:3659393
mljh0_sx154 /nfs-share/xinchi/kaldi/egs/timit/s5_la3/mfcc/raw_mfcc_train.3.ark:2483712
msmc0_si1907 /nfs-share/xinchi/kaldi/egs/timit/s5_la3/mfcc/raw_mfcc_train.4.ark:2104038
mpmb0_sx151 /nfs-share/xinchi/kaldi/egs/timit/s5_la3/mfcc/raw_mfcc_train.3.ark:3713233
ftaj0_sx339 /nfs-share/xinchi/kaldi/egs/timit/s5_la3/mfcc/raw_mfcc_train.2.ark:429072
mhmr0_sx399 /nfs-share/xinchi/kaldi/egs/timit/s5_la3/mfcc/raw_mfcc_train.3.ark:447220
fjen0_si1047 /nfs-share/xinchi/kaldi/egs/timit/s5_la3/mfcc/raw_mfcc_train.1.ark:1616135
mhrm0_sx148 /nfs-share/xinchi/kaldi/egs/timit/s5_la3/mfcc/raw_mfcc_train.3.ark:460718
mdsj0_sx292 /nfs-share/xinchi/kaldi/egs/timit/s5_la3/mfcc/raw_mfcc_train.2.ark:2926696
mjfr0_si975 /nfs-share/xinchi/kaldi/egs/timit/s5_la3/mfcc/raw_mfcc_train.3.ark:976525
msmr0_sx55 /nfs-share/xinchi/kaldi/egs/timit/s5_la3/mfcc/raw_mfcc_train.4.ark:2165165
mntw0_si1698 /nfs-share/xinchi/kaldi/egs/timit/s5_la3/mfcc/raw_mfcc_train.3.ark:3480080
ftbr0_sx21 /nfs-share/xinchi/kaldi/egs/timit/s5_la3/mfcc/raw_mfcc_train.2.ark:460315
mgaw0_sx445 /nfs-share/xinchi/kaldi/egs/timit/s5_la3/mfcc/raw_mfcc_train.3.ark:57392
fvmh0_sx26 /nfs-share/xinchi/kaldi/egs/timit/s5_la3/mfcc/raw_mfcc_train.2.ark:651601
mpfu0_si1888 /nfs-share/xinchi/kaldi/egs/timit/s5_la3/mfcc/raw_mfcc_train.3.ark:3571720
fcjs0_sx257 /nfs-share/xinchi/kaldi/egs/timit/s5_la3/mfcc/raw_mfcc_train.1.ark:576206
mmlm0_si897 /nfs-share/xinchi/kaldi/egs/timit/s5_la3/mfcc/raw_mfcc_train.3.ark:3154143
mdmt0_sx392 /nfs-share/xinchi/kaldi/egs/timit/s5_la3/mfcc/raw_mfcc_train.2.ark:2741781
maeo0_si1326 /nfs-share/xinchi/kaldi/egs/timit/s5_la3/mfcc/raw_mfcc_train.2.ark:785101
fmkc0_sx172 /nfs-share/xinchi/kaldi/egs/timit/s5_la3/mfcc/raw_mfcc_train.1.ark:2997855
mrmh0_si1349 /nfs-share/xinchi/kaldi/egs/timit/s5_la3/mfcc/raw_mfcc_train.4.ark:1274877
mgaw0_si535 /nfs-share/xinchi/kaldi/egs/timit/s5_la3/mfcc/raw_mfcc_train.3.ark:43298
milb0_sx3 /nfs-share/xinchi/kaldi/egs/timit/s5_la3/mfcc/raw_mfcc_train.3.ark:535098
msrg0_si591 /nfs-share/xinchi/kaldi/egs/timit/s5_la3/mfcc/raw_mfcc_train.4.ark:2208548
mreh1_si1599 /nfs-share/xinchi/kaldi/egs/timit/s5_la3/mfcc/raw_mfcc_train.4.ark:569931
mtjm0_si1856 /nfs-share/xinchi/kaldi/egs/timit/s5_la3/mfcc/raw_mfcc_train.4.ark:2678962
fcjs0_si977 /nfs-share/xinchi/kaldi/egs/timit/s5_la3/mfcc/raw_mfcc_train.1.ark:567365
mcpm0_si564 /nfs-share/xinchi/kaldi/egs/timit/s5_la3/mfcc/raw_mfcc_train.2.ark:1781189
mtlb0_sx234 /nfs-share/xinchi/kaldi/egs/timit/s5_la3/mfcc/raw_mfcc_train.4.ark:2859422
mdlh0_si1960 /nfs-share/xinchi/kaldi/egs/timit/s5_la3/mfcc/raw_mfcc_train.2.ark:2546564
mbgt0_si1341 /nfs-share/xinchi/kaldi/egs/timit/s5_la3/mfcc/raw_mfcc_train.2.ark:1156821
mdlm0_sx334 /nfs-share/xinchi/kaldi/egs/timit/s5_la3/mfcc/raw_mfcc_train.2.ark:2599969
fdtd0_si931 /nfs-share/xinchi/kaldi/egs/timit/s5_la3/mfcc/raw_mfcc_train.1.ark:1065839
fceg0_si618 /nfs-share/xinchi/kaldi/egs/timit/s5_la3/mfcc/raw_mfcc_train.1.ark:516395
fjxp0_sx312 /nfs-share/xinchi/kaldi/egs/timit/s5_la3/mfcc/raw_mfcc_train.1.ark:2005787
mgar0_sx402 /nfs-share/xinchi/kaldi/egs/timit/s5_la3/mfcc/raw_mfcc_train.3.ark:25121
fvfb0_sx42 /nfs-share/xinchi/kaldi/egs/timit/s5_la3/mfcc/raw_mfcc_train.2.ark:594119
fdnc0_si1278 /nfs-share/xinchi/kaldi/egs/timit/s5_la3/mfcc/raw_mfcc_train.1.ark:1020396
mtcs0_si2265 /nfs-share/xinchi/kaldi/egs/timit/s5_la3/mfcc/raw_mfcc_train.4.ark:2506310
fksr0_sx37 /nfs-share/xinchi/kaldi/egs/timit/s5_la3/mfcc/raw_mfcc_train.1.ark:2317762
fdxw0_si2141 /nfs-share/xinchi/kaldi/egs/timit/s5_la3/mfcc/raw_mfcc_train.1.ark:1095413
mram0_sx15 /nfs-share/xinchi/kaldi/egs/timit/s5_la3/mfcc/raw_mfcc_train.4.ark:301981
mmxs0_si876 /nfs-share/xinchi/kaldi/egs/timit/s5_la3/mfcc/raw_mfcc_train.3.ark:3421839
fleh0_si1681 /nfs-share/xinchi/kaldi/egs/timit/s5_la3/mfcc/raw_mfcc_train.1.ark:2397992
mjmm0_sx85 /nfs-share/xinchi/kaldi/egs/timit/s5_la3/mfcc/raw_mfcc_train.3.ark:1351120
mbjv0_sx167 /nfs-share/xinchi/kaldi/egs/timit/s5_la3/mfcc/raw_mfcc_train.2.ark:1202699
mjae0_sx354 /nfs-share/xinchi/kaldi/egs/timit/s5_la3/mfcc/raw_mfcc_train.3.ark:596209
mrfk0_sx176 /nfs-share/xinchi/kaldi/egs/timit/s5_la3/mfcc/raw_mfcc_train.4.ark:680949
mmjb1_sx328 /nfs-share/xinchi/kaldi/egs/timit/s5_la3/mfcc/raw_mfcc_train.3.ark:3132631
fmkf0_sx276 /nfs-share/xinchi/kaldi/egs/timit/s5_la3/mfcc/raw_mfcc_train.1.ark:3037374
mdlc1_si2065 /nfs-share/xinchi/kaldi/egs/timit/s5_la3/mfcc/raw_mfcc_train.2.ark:2492871
fclt0_sx448 /nfs-share/xinchi/kaldi/egs/timit/s5_la3/mfcc/raw_mfcc_train.1.ark:645715
mmws0_sx168 /nfs-share/xinchi/kaldi/egs/timit/s5_la3/mfcc/raw_mfcc_train.3.ark:3367783
mgak0_sx46 /nfs-share/xinchi/kaldi/egs/timit/s5_la3/mfcc/raw_mfcc_train.2.ark:3674992
mrso0_sx399 /nfs-share/xinchi/kaldi/egs/timit/s5_la3/mfcc/raw_mfcc_train.4.ark:1471324
mprb0_si1215 /nfs-share/xinchi/kaldi/egs/timit/s5_la3/mfcc/raw_mfcc_train.4.ark:19314
mdlc0_si1395 /nfs-share/xinchi/kaldi/egs/timit/s5_la3/mfcc/raw_mfcc_train.2.ark:2451973
fpmy0_sx343 /nfs-share/xinchi/kaldi/egs/timit/s5_la3/mfcc/raw_mfcc_train.1.ark:3455184
fskc0_si2046 /nfs-share/xinchi/kaldi/egs/timit/s5_la3/mfcc/raw_mfcc_train.2.ark:87366
mjxa0_si877 /nfs-share/xinchi/kaldi/egs/timit/s5_la3/mfcc/raw_mfcc_train.3.ark:1794092
flag0_si2094 /nfs-share/xinchi/kaldi/egs/timit/s5_la3/mfcc/raw_mfcc_train.1.ark:2361912
mdlc1_si2144 /nfs-share/xinchi/kaldi/egs/timit/s5_la3/mfcc/raw_mfcc_train.2.ark:2498170
mgag0_sx421 /nfs-share/xinchi/kaldi/egs/timit/s5_la3/mfcc/raw_mfcc_train.2.ark:3635187
madd0_sx448 /nfs-share/xinchi/kaldi/egs/timit/s5_la3/mfcc/raw_mfcc_train.2.ark:746173
fklh0_si1257 /nfs-share/xinchi/kaldi/egs/timit/s5_la3/mfcc/raw_mfcc_train.1.ark:2260931
mvjh0_si926 /nfs-share/xinchi/kaldi/egs/timit/s5_la3/mfcc/raw_mfcc_train.4.ark:3345450
fsjg0_sx40 /nfs-share/xinchi/kaldi/egs/timit/s5_la3/mfcc/raw_mfcc_train.1.ark:3857113
fjlr0_sx241 /nfs-share/xinchi/kaldi/egs/timit/s5_la3/mfcc/raw_mfcc_train.1.ark:1764881
mprd0_si1431 /nfs-share/xinchi/kaldi/egs/timit/s5_la3/mfcc/raw_mfcc_train.4.ark:54060
fkaa0_si1208 /nfs-share/xinchi/kaldi/egs/timit/s5_la3/mfcc/raw_mfcc_train.1.ark:2017443
msvs0_sx128 /nfs-share/xinchi/kaldi/egs/timit/s5_la3/mfcc/raw_mfcc_train.4.ark:2315532
mdjm0_si825 /nfs-share/xinchi/kaldi/egs/timit/s5_la3/mfcc/raw_mfcc_train.2.ark:2359412
mrlk0_si1468 /nfs-share/xinchi/kaldi/egs/timit/s5_la3/mfcc/raw_mfcc_train.4.ark:1144146
mppc0_si1412 /nfs-share/xinchi/kaldi/egs/timit/s5_la3/mfcc/raw_mfcc_train.3.ark:3743415
mded0_si1170 /nfs-share/xinchi/kaldi/egs/timit/s5_la3/mfcc/raw_mfcc_train.2.ark:2183638
mbom0_si1014 /nfs-share/xinchi/kaldi/egs/timit/s5_la3/mfcc/raw_mfcc_train.2.ark:1316226
makb0_sx116 /nfs-share/xinchi/kaldi/egs/timit/s5_la3/mfcc/raw_mfcc_train.2.ark:898943
fspm0_si611 /nfs-share/xinchi/kaldi/egs/timit/s5_la3/mfcc/raw_mfcc_train.2.ark:321188
fpac0_sx391 /nfs-share/xinchi/kaldi/egs/timit/s5_la3/mfcc/raw_mfcc_train.1.ark:3258978
mhmr0_sx39 /nfs-share/xinchi/kaldi/egs/timit/s5_la3/mfcc/raw_mfcc_train.3.ark:443677
mrfk0_si1076 /nfs-share/xinchi/kaldi/egs/timit/s5_la3/mfcc/raw_mfcc_train.4.ark:670175
mesg0_si1332 /nfs-share/xinchi/kaldi/egs/timit/s5_la3/mfcc/raw_mfcc_train.2.ark:3309106
mkag0_sx79 /nfs-share/xinchi/kaldi/egs/timit/s5_la3/mfcc/raw_mfcc_train.3.ark:1880169
mjwt0_sx121 /nfs-share/xinchi/kaldi/egs/timit/s5_la3/mfcc/raw_mfcc_train.3.ark:1765923
fltm0_sx260 /nfs-share/xinchi/kaldi/egs/timit/s5_la3/mfcc/raw_mfcc_train.1.ark:2766025
fksr0_sx366 /nfs-share/xinchi/kaldi/egs/timit/s5_la3/mfcc/raw_mfcc_train.1.ark:2312413
mkls1_si1545 /nfs-share/xinchi/kaldi/egs/timit/s5_la3/mfcc/raw_mfcc_train.3.ark:2237187
mjbg0_si1232 /nfs-share/xinchi/kaldi/egs/timit/s5_la3/mfcc/raw_mfcc_train.3.ark:642826
mjma0_si1495 /nfs-share/xinchi/kaldi/egs/timit/s5_la3/mfcc/raw_mfcc_train.3.ark:1265559
fjxp0_sx132 /nfs-share/xinchi/kaldi/egs/timit/s5_la3/mfcc/raw_mfcc_train.1.ark:1999130
mdhs0_sx270 /nfs-share/xinchi/kaldi/egs/timit/s5_la3/mfcc/raw_mfcc_train.2.ark:2335761
mjpg0_sx201 /nfs-share/xinchi/kaldi/egs/timit/s5_la3/mfcc/raw_mfcc_train.3.ark:1370618
mlbc0_sx69 /nfs-share/xinchi/kaldi/egs/timit/s5_la3/mfcc/raw_mfcc_train.3.ark:2391424
mfmc0_sx142 /nfs-share/xinchi/kaldi/egs/timit/s5_la3/mfcc/raw_mfcc_train.2.ark:3437755
mjls0_sx16 /nfs-share/xinchi/kaldi/egs/timit/s5_la3/mfcc/raw_mfcc_train.3.ark:1250632
mtdb0_sx51 /nfs-share/xinchi/kaldi/egs/timit/s5_la3/mfcc/raw_mfcc_train.4.ark:2565532
mcxm0_si1351 /nfs-share/xinchi/kaldi/egs/timit/s5_la3/mfcc/raw_mfcc_train.2.ark:1930412
fleh0_sx421 /nfs-share/xinchi/kaldi/egs/timit/s5_la3/mfcc/raw_mfcc_train.1.ark:2416267
fdxw0_sx431 /nfs-share/xinchi/kaldi/egs/timit/s5_la3/mfcc/raw_mfcc_train.1.ark:1114285
mbbr0_sx425 /nfs-share/xinchi/kaldi/egs/timit/s5_la3/mfcc/raw_mfcc_train.2.ark:1094606
mtrt0_sx147 /nfs-share/xinchi/kaldi/egs/timit/s5_la3/mfcc/raw_mfcc_train.4.ark:3252426
mtkd0_sx197 /nfs-share/xinchi/kaldi/egs/timit/s5_la3/mfcc/raw_mfcc_train.4.ark:2797109
mwch0_sx272 /nfs-share/xinchi/kaldi/egs/timit/s5_la3/mfcc/raw_mfcc_train.4.ark:3532658
fajw0_sx183 /nfs-share/xinchi/kaldi/egs/timit/s5_la3/mfcc/raw_mfcc_train.1.ark:49518
mjra0_si1236 /nfs-share/xinchi/kaldi/egs/timit/s5_la3/mfcc/raw_mfcc_train.3.ark:1447980
fblv0_si1688 /nfs-share/xinchi/kaldi/egs/timit/s5_la3/mfcc/raw_mfcc_train.1.ark:311854
mdef0_si1123 /nfs-share/xinchi/kaldi/egs/timit/s5_la3/mfcc/raw_mfcc_train.2.ark:2218366
mprt0_si1210 /nfs-share/xinchi/kaldi/egs/timit/s5_la3/mfcc/raw_mfcc_train.4.ark:129587
mppc0_sx422 /nfs-share/xinchi/kaldi/egs/timit/s5_la3/mfcc/raw_mfcc_train.4.ark:7917
mmab1_si864 /nfs-share/xinchi/kaldi/egs/timit/s5_la3/mfcc/raw_mfcc_train.3.ark:2610267
mrhl0_sx165 /nfs-share/xinchi/kaldi/egs/timit/s5_la3/mfcc/raw_mfcc_train.4.ark:822121
fsah0_sx164 /nfs-share/xinchi/kaldi/egs/timit/s5_la3/mfcc/raw_mfcc_train.1.ark:3607288
mrjm0_si1228 /nfs-share/xinchi/kaldi/egs/timit/s5_la3/mfcc/raw_mfcc_train.4.ark:920233
fcdr1_si556 /nfs-share/xinchi/kaldi/egs/timit/s5_la3/mfcc/raw_mfcc_train.1.ark:482135
flma0_sx433 /nfs-share/xinchi/kaldi/egs/timit/s5_la3/mfcc/raw_mfcc_train.1.ark:2649783
fjen0_sx417 /nfs-share/xinchi/kaldi/egs/timit/s5_la3/mfcc/raw_mfcc_train.1.ark:1643765
mjwg0_si813 /nfs-share/xinchi/kaldi/egs/timit/s5_la3/mfcc/raw_mfcc_train.3.ark:1680190
mrlr0_si566 /nfs-share/xinchi/kaldi/egs/timit/s5_la3/mfcc/raw_mfcc_train.4.ark:1185818
mjlb0_sx266 /nfs-share/xinchi/kaldi/egs/timit/s5_la3/mfcc/raw_mfcc_train.3.ark:1188846
mmvp0_sx204 /nfs-share/xinchi/kaldi/egs/timit/s5_la3/mfcc/raw_mfcc_train.3.ark:3296098
msem1_si2070 /nfs-share/xinchi/kaldi/egs/timit/s5_la3/mfcc/raw_mfcc_train.4.ark:1926752
mkdd0_sx307 /nfs-share/xinchi/kaldi/egs/timit/s5_la3/mfcc/raw_mfcc_train.3.ark:2033776
fapb0_si1693 /nfs-share/xinchi/kaldi/egs/timit/s5_la3/mfcc/raw_mfcc_train.1.ark:137498
mcxm0_sx181 /nfs-share/xinchi/kaldi/egs/timit/s5_la3/mfcc/raw_mfcc_train.2.ark:1942329
mkdb0_sx62 /nfs-share/xinchi/kaldi/egs/timit/s5_la3/mfcc/raw_mfcc_train.3.ark:2008057
fnkl0_sx172 /nfs-share/xinchi/kaldi/egs/timit/s5_la3/mfcc/raw_mfcc_train.1.ark:3140585
mpar0_si2206 /nfs-share/xinchi/kaldi/egs/timit/s5_la3/mfcc/raw_mfcc_train.3.ark:3510155
mmab1_sx234 /nfs-share/xinchi/kaldi/egs/timit/s5_la3/mfcc/raw_mfcc_train.3.ark:2620629
fsdc0_si1312 /nfs-share/xinchi/kaldi/egs/timit/s5_la3/mfcc/raw_mfcc_train.1.ark:3733997
mstf0_sx316 /nfs-share/xinchi/kaldi/egs/timit/s5_la3/mfcc/raw_mfcc_train.4.ark:2286148
fdxw0_sx161 /nfs-share/xinchi/kaldi/egs/timit/s5_la3/mfcc/raw_mfcc_train.1.ark:1102330
mtxs0_sx70 /nfs-share/xinchi/kaldi/egs/timit/s5_la3/mfcc/raw_mfcc_train.4.ark:3332362
mdem0_si1868 /nfs-share/xinchi/kaldi/egs/timit/s5_la3/mfcc/raw_mfcc_train.2.ark:2248051
fcrz0_sx343 /nfs-share/xinchi/kaldi/egs/timit/s5_la3/mfcc/raw_mfcc_train.1.ark:738362
mhmg0_si735 /nfs-share/xinchi/kaldi/egs/timit/s5_la3/mfcc/raw_mfcc_train.3.ark:394479
mram0_si1275 /nfs-share/xinchi/kaldi/egs/timit/s5_la3/mfcc/raw_mfcc_train.4.ark:285442
mapv0_sx123 /nfs-share/xinchi/kaldi/egs/timit/s5_la3/mfcc/raw_mfcc_train.2.ark:958909
mprk0_sx17 /nfs-share/xinchi/kaldi/egs/timit/s5_la3/mfcc/raw_mfcc_train.4.ark:111657
mmds0_si1343 /nfs-share/xinchi/kaldi/egs/timit/s5_la3/mfcc/raw_mfcc_train.3.ark:2941972
mrav0_sx198 /nfs-share/xinchi/kaldi/egs/timit/s5_la3/mfcc/raw_mfcc_train.4.ark:335495
mfer0_sx232 /nfs-share/xinchi/kaldi/egs/timit/s5_la3/mfcc/raw_mfcc_train.2.ark:3411172
mdlr0_sx63 /nfs-share/xinchi/kaldi/egs/timit/s5_la3/mfcc/raw_mfcc_train.2.ark:2639897
mkah0_si898 /nfs-share/xinchi/kaldi/egs/timit/s5_la3/mfcc/raw_mfcc_train.3.ark:1891593
msat0_sx266 /nfs-share/xinchi/kaldi/egs/timit/s5_la3/mfcc/raw_mfcc_train.4.ark:1783758
mtdp0_sx171 /nfs-share/xinchi/kaldi/egs/timit/s5_la3/mfcc/raw_mfcc_train.4.ark:2582957
mpar0_sx316 /nfs-share/xinchi/kaldi/egs/timit/s5_la3/mfcc/raw_mfcc_train.3.ark:3526199
mrjt0_si1805 /nfs-share/xinchi/kaldi/egs/timit/s5_la3/mfcc/raw_mfcc_train.4.ark:987766
mfxs0_si2225 /nfs-share/xinchi/kaldi/egs/timit/s5_la3/mfcc/raw_mfcc_train.2.ark:3525130
mdwd0_sx270 /nfs-share/xinchi/kaldi/egs/timit/s5_la3/mfcc/raw_mfcc_train.2.ark:3039733
fgrw0_si1990 /nfs-share/xinchi/kaldi/egs/timit/s5_la3/mfcc/raw_mfcc_train.1.ark:1481824
mmlm0_sx267 /nfs-share/xinchi/kaldi/egs/timit/s5_la3/mfcc/raw_mfcc_train.3.ark:3159916
mmag0_si1756 /nfs-share/xinchi/kaldi/egs/timit/s5_la3/mfcc/raw_mfcc_train.3.ark:2643805
mjbg0_sx152 /nfs-share/xinchi/kaldi/egs/timit/s5_la3/mfcc/raw_mfcc_train.3.ark:653184
mcdc0_si662 /nfs-share/xinchi/kaldi/egs/timit/s5_la3/mfcc/raw_mfcc_train.2.ark:1516949
mklw0_si2201 /nfs-share/xinchi/kaldi/egs/timit/s5_la3/mfcc/raw_mfcc_train.3.ark:2277144
fskl0_sx359 /nfs-share/xinchi/kaldi/egs/timit/s5_la3/mfcc/raw_mfcc_train.2.ark:133354
ftbw0_sx175 /nfs-share/xinchi/kaldi/egs/timit/s5_la3/mfcc/raw_mfcc_train.2.ark:482589
mdcd0_sx155 /nfs-share/xinchi/kaldi/egs/timit/s5_la3/mfcc/raw_mfcc_train.2.ark:2103266
mesg0_sx72 /nfs-share/xinchi/kaldi/egs/timit/s5_la3/mfcc/raw_mfcc_train.2.ark:3339120
fdmy0_sx27 /nfs-share/xinchi/kaldi/egs/timit/s5_la3/mfcc/raw_mfcc_train.1.ark:1006516
frll0_si884 /nfs-share/xinchi/kaldi/egs/timit/s5_la3/mfcc/raw_mfcc_train.1.ark:3532183
fljg0_sx441 /nfs-share/xinchi/kaldi/egs/timit/s5_la3/mfcc/raw_mfcc_train.1.ark:2583630
mjjb0_sx149 /nfs-share/xinchi/kaldi/egs/timit/s5_la3/mfcc/raw_mfcc_train.3.ark:1048185
mtwh1_si882 /nfs-share/xinchi/kaldi/egs/timit/s5_la3/mfcc/raw_mfcc_train.4.ark:3275616
mafm0_sx219 /nfs-share/xinchi/kaldi/egs/timit/s5_la3/mfcc/raw_mfcc_train.2.ark:829440
flag0_sx114 /nfs-share/xinchi/kaldi/egs/timit/s5_la3/mfcc/raw_mfcc_train.1.ark:2371000
mlbc0_sx249 /nfs-share/xinchi/kaldi/egs/timit/s5_la3/mfcc/raw_mfcc_train.3.ark:2380926
mdlc2_si2244 /nfs-share/xinchi/kaldi/egs/timit/s5_la3/mfcc/raw_mfcc_train.2.ark:2520528
mmwb0_si1619 /nfs-share/xinchi/kaldi/egs/timit/s5_la3/mfcc/raw_mfcc_train.3.ark:3314327
mdlr1_sx39 /nfs-share/xinchi/kaldi/egs/timit/s5_la3/mfcc/raw_mfcc_train.2.ark:2670250
mtlc0_sx37 /nfs-share/xinchi/kaldi/egs/timit/s5_la3/mfcc/raw_mfcc_train.4.ark:2899415
mdem0_sx158 /nfs-share/xinchi/kaldi/egs/timit/s5_la3/mfcc/raw_mfcc_train.2.ark:2264361
mwdk0_si1436 /nfs-share/xinchi/kaldi/egs/timit/s5_la3/mfcc/raw_mfcc_train.4.ark:3547727
flmc0_sx336 /nfs-share/xinchi/kaldi/egs/timit/s5_la3/mfcc/raw_mfcc_train.1.ark:2680493
fljg0_sx351 /nfs-share/xinchi/kaldi/egs/timit/s5_la3/mfcc/raw_mfcc_train.1.ark:2577292
mwad0_si1062 /nfs-share/xinchi/kaldi/egs/timit/s5_la3/mfcc/raw_mfcc_train.4.ark:3464288
fexm0_sx291 /nfs-share/xinchi/kaldi/egs/timit/s5_la3/mfcc/raw_mfcc_train.1.ark:1350367
fjrp1_si2062 /nfs-share/xinchi/kaldi/egs/timit/s5_la3/mfcc/raw_mfcc_train.1.ark:1822109
majp0_si1704 /nfs-share/xinchi/kaldi/egs/timit/s5_la3/mfcc/raw_mfcc_train.2.ark:846688
mrkm0_sx187 /nfs-share/xinchi/kaldi/egs/timit/s5_la3/mfcc/raw_mfcc_train.4.ark:1036938
fjxm0_sx131 /nfs-share/xinchi/kaldi/egs/timit/s5_la3/mfcc/raw_mfcc_train.1.ark:1962270
faem0_sx312 /nfs-share/xinchi/kaldi/egs/timit/s5_la3/mfcc/raw_mfcc_train.1.ark:20537
flma0_sx343 /nfs-share/xinchi/kaldi/egs/timit/s5_la3/mfcc/raw_mfcc_train.1.ark:2646201
mkxl0_si1958 /nfs-share/xinchi/kaldi/egs/timit/s5_la3/mfcc/raw_mfcc_train.3.ark:2341803
mfer0_sx412 /nfs-share/xinchi/kaldi/egs/timit/s5_la3/mfcc/raw_mfcc_train.2.ark:3418570
mdmt0_si1832 /nfs-share/xinchi/kaldi/egs/timit/s5_la3/mfcc/raw_mfcc_train.2.ark:2716291
mjeb0_si1286 /nfs-share/xinchi/kaldi/egs/timit/s5_la3/mfcc/raw_mfcc_train.3.ark:844007
mfer0_si862 /nfs-share/xinchi/kaldi/egs/timit/s5_la3/mfcc/raw_mfcc_train.2.ark:3402162
mwsb0_sx276 /nfs-share/xinchi/kaldi/egs/timit/s5_la3/mfcc/raw_mfcc_train.4.ark:3725258
mgsl0_si534 /nfs-share/xinchi/kaldi/egs/timit/s5_la3/mfcc/raw_mfcc_train.3.ark:233015
mkah0_si2158 /nfs-share/xinchi/kaldi/egs/timit/s5_la3/mfcc/raw_mfcc_train.3.ark:1888102
fsag0_sx153 /nfs-share/xinchi/kaldi/egs/timit/s5_la3/mfcc/raw_mfcc_train.1.ark:3565202
flja0_sx358 /nfs-share/xinchi/kaldi/egs/timit/s5_la3/mfcc/raw_mfcc_train.1.ark:2508954
fkfb0_sx258 /nfs-share/xinchi/kaldi/egs/timit/s5_la3/mfcc/raw_mfcc_train.1.ark:2138115
mjbg0_si1724 /nfs-share/xinchi/kaldi/egs/timit/s5_la3/mfcc/raw_mfcc_train.3.ark:647384
madc0_si1367 /nfs-share/xinchi/kaldi/egs/timit/s5_la3/mfcc/raw_mfcc_train.2.ark:687547
mpsw0_sx437 /nfs-share/xinchi/kaldi/egs/timit/s5_la3/mfcc/raw_mfcc_train.4.ark:177110
mprt0_sx130 /nfs-share/xinchi/kaldi/egs/timit/s5_la3/mfcc/raw_mfcc_train.4.ark:140944
mfxv0_si1635 /nfs-share/xinchi/kaldi/egs/timit/s5_la3/mfcc/raw_mfcc_train.2.ark:3564144
mdjm0_sx375 /nfs-share/xinchi/kaldi/egs/timit/s5_la3/mfcc/raw_mfcc_train.2.ark:2376450
mdmt0_sx212 /nfs-share/xinchi/kaldi/egs/timit/s5_la3/mfcc/raw_mfcc_train.2.ark:2729970
mejs0_sx250 /nfs-share/xinchi/kaldi/egs/timit/s5_la3/mfcc/raw_mfcc_train.2.ark:3295428
fkde0_sx61 /nfs-share/xinchi/kaldi/egs/timit/s5_la3/mfcc/raw_mfcc_train.1.ark:2084370
mfwk0_sx439 /nfs-share/xinchi/kaldi/egs/timit/s5_la3/mfcc/raw_mfcc_train.2.ark:3513590
mwrp0_sx93 /nfs-share/xinchi/kaldi/egs/timit/s5_la3/mfcc/raw_mfcc_train.4.ark:3706865
fdml0_si1149 /nfs-share/xinchi/kaldi/egs/timit/s5_la3/mfcc/raw_mfcc_train.1.ark:947950
makr0_si1982 /nfs-share/xinchi/kaldi/egs/timit/s5_la3/mfcc/raw_mfcc_train.2.ark:921320
fbcg1_si982 /nfs-share/xinchi/kaldi/egs/timit/s5_la3/mfcc/raw_mfcc_train.1.ark:211994
mjxl0_sx272 /nfs-share/xinchi/kaldi/egs/timit/s5_la3/mfcc/raw_mfcc_train.3.ark:1831746
mdsj0_sx22 /nfs-share/xinchi/kaldi/egs/timit/s5_la3/mfcc/raw_mfcc_train.2.ark:2923608
fbmh0_sx416 /nfs-share/xinchi/kaldi/egs/timit/s5_la3/mfcc/raw_mfcc_train.1.ark:367197
mkaj0_si1414 /nfs-share/xinchi/kaldi/egs/timit/s5_la3/mfcc/raw_mfcc_train.3.ark:1917141
feeh0_si1742 /nfs-share/xinchi/kaldi/egs/timit/s5_la3/mfcc/raw_mfcc_train.1.ark:1230607
mtju0_sx220 /nfs-share/xinchi/kaldi/egs/timit/s5_la3/mfcc/raw_mfcc_train.4.ark:2759047
mjde0_si1120 /nfs-share/xinchi/kaldi/egs/timit/s5_la3/mfcc/raw_mfcc_train.3.ark:733960
mrld0_si1594 /nfs-share/xinchi/kaldi/egs/timit/s5_la3/mfcc/raw_mfcc_train.4.ark:1058512
fbch0_sx236 /nfs-share/xinchi/kaldi/egs/timit/s5_la3/mfcc/raw_mfcc_train.1.ark:258084
ftlg0_si840 /nfs-share/xinchi/kaldi/egs/timit/s5_la3/mfcc/raw_mfcc_train.2.ark:514527
flkm0_sx440 /nfs-share/xinchi/kaldi/egs/timit/s5_la3/mfcc/raw_mfcc_train.1.ark:2619891
fsbk0_si1699 /nfs-share/xinchi/kaldi/egs/timit/s5_la3/mfcc/raw_mfcc_train.1.ark:3664510
fcrz0_si2053 /nfs-share/xinchi/kaldi/egs/timit/s5_la3/mfcc/raw_mfcc_train.1.ark:724723
mrwa0_sx343 /nfs-share/xinchi/kaldi/egs/timit/s5_la3/mfcc/raw_mfcc_train.4.ark:1632835
mmaa0_sx125 /nfs-share/xinchi/kaldi/egs/timit/s5_la3/mfcc/raw_mfcc_train.3.ark:2585764
mmvp0_si654 /nfs-share/xinchi/kaldi/egs/timit/s5_la3/mfcc/raw_mfcc_train.3.ark:3283097
mjfh0_si1737 /nfs-share/xinchi/kaldi/egs/timit/s5_la3/mfcc/raw_mfcc_train.3.ark:946054
mdlr1_si669 /nfs-share/xinchi/kaldi/egs/timit/s5_la3/mfcc/raw_mfcc_train.2.ark:2651399
mjkr0_si1201 /nfs-share/xinchi/kaldi/egs/timit/s5_la3/mfcc/raw_mfcc_train.3.ark:1138931
mrmh0_sx121 /nfs-share/xinchi/kaldi/egs/timit/s5_la3/mfcc/raw_mfcc_train.4.ark:1283914
mjbg0_sx332 /nfs-share/xinchi/kaldi/egs/timit/s5_la3/mfcc/raw_mfcc_train.3.ark:661895
fmjf0_si1884 /nfs-share/xinchi/kaldi/egs/timit/s5_la3/mfcc/raw_mfcc_train.1.ark:2920935
mmaa0_sx215 /nfs-share/xinchi/kaldi/egs/timit/s5_la3/mfcc/raw_mfcc_train.3.ark:2589541
mbbr0_sx65 /nfs-share/xinchi/kaldi/egs/timit/s5_la3/mfcc/raw_mfcc_train.2.ark:1097199
fhxs0_sx445 /nfs-share/xinchi/kaldi/egs/timit/s5_la3/mfcc/raw_mfcc_train.1.ark:1574255
mmws0_si888 /nfs-share/xinchi/kaldi/egs/timit/s5_la3/mfcc/raw_mfcc_train.3.ark:3363395
mjeb1_sx207 /nfs-share/xinchi/kaldi/egs/timit/s5_la3/mfcc/raw_mfcc_train.3.ark:896405
flet0_sx417 /nfs-share/xinchi/kaldi/egs/timit/s5_la3/mfcc/raw_mfcc_train.1.ark:2448382
mstf0_si1396 /nfs-share/xinchi/kaldi/egs/timit/s5_la3/mfcc/raw_mfcc_train.4.ark:2263961
flet0_sx57 /nfs-share/xinchi/kaldi/egs/timit/s5_la3/mfcc/raw_mfcc_train.1.ark:2452392
mrab1_sx308 /nfs-share/xinchi/kaldi/egs/timit/s5_la3/mfcc/raw_mfcc_train.4.ark:237576
fksr0_sx161 /nfs-share/xinchi/kaldi/egs/timit/s5_la3/mfcc/raw_mfcc_train.1.ark:2304235
mbcg0_sx417 /nfs-share/xinchi/kaldi/egs/timit/s5_la3/mfcc/raw_mfcc_train.2.ark:1123327
mvjh0_sx206 /nfs-share/xinchi/kaldi/egs/timit/s5_la3/mfcc/raw_mfcc_train.4.ark:3352237
mwad0_si1749 /nfs-share/xinchi/kaldi/egs/timit/s5_la3/mfcc/raw_mfcc_train.4.ark:3468560
mrdm0_si1044 /nfs-share/xinchi/kaldi/egs/timit/s5_la3/mfcc/raw_mfcc_train.4.ark:476640
mmag0_sx226 /nfs-share/xinchi/kaldi/egs/timit/s5_la3/mfcc/raw_mfcc_train.3.ark:2659153
flhd0_sx174 /nfs-share/xinchi/kaldi/egs/timit/s5_la3/mfcc/raw_mfcc_train.1.ark:2465969
ftlg0_sx393 /nfs-share/xinchi/kaldi/egs/timit/s5_la3/mfcc/raw_mfcc_train.2.ark:532813
mbma0_sx142 /nfs-share/xinchi/kaldi/egs/timit/s5_la3/mfcc/raw_mfcc_train.2.ark:1231915
mrdm0_si965 /nfs-share/xinchi/kaldi/egs/timit/s5_la3/mfcc/raw_mfcc_train.4.ark:485599
falk0_si456 /nfs-share/xinchi/kaldi/egs/timit/s5_la3/mfcc/raw_mfcc_train.1.ark:72191
mkjo0_sx77 /nfs-share/xinchi/kaldi/egs/timit/s5_la3/mfcc/raw_mfcc_train.3.ark:2139025
mrso0_si2289 /nfs-share/xinchi/kaldi/egs/timit/s5_la3/mfcc/raw_mfcc_train.4.ark:1448553
mrlr0_sx296 /nfs-share/xinchi/kaldi/egs/timit/s5_la3/mfcc/raw_mfcc_train.4.ark:1200756
mjlg1_sx112 /nfs-share/xinchi/kaldi/egs/timit/s5_la3/mfcc/raw_mfcc_train.3.ark:1214806
mjpm1_sx221 /nfs-share/xinchi/kaldi/egs/timit/s5_la3/mfcc/raw_mfcc_train.3.ark:1428660
fjrb0_si672 /nfs-share/xinchi/kaldi/egs/timit/s5_la3/mfcc/raw_mfcc_train.1.ark:1789481
mdps0_sx89 /nfs-share/xinchi/kaldi/egs/timit/s5_la3/mfcc/raw_mfcc_train.2.ark:2867641
fpaz0_sx27 /nfs-share/xinchi/kaldi/egs/timit/s5_la3/mfcc/raw_mfcc_train.1.ark:3354010
mcal0_si508 /nfs-share/xinchi/kaldi/egs/timit/s5_la3/mfcc/raw_mfcc_train.2.ark:1486043
mgaw0_si1165 /nfs-share/xinchi/kaldi/egs/timit/s5_la3/mfcc/raw_mfcc_train.3.ark:32441
mrmh0_si1021 /nfs-share/xinchi/kaldi/egs/timit/s5_la3/mfcc/raw_mfcc_train.4.ark:1269851
mfxv0_sx195 /nfs-share/xinchi/kaldi/egs/timit/s5_la3/mfcc/raw_mfcc_train.2.ark:3573290
fsah0_sx327 /nfs-share/xinchi/kaldi/egs/timit/s5_la3/mfcc/raw_mfcc_train.1.ark:3611208
mtrt0_si1227 /nfs-share/xinchi/kaldi/egs/timit/s5_la3/mfcc/raw_mfcc_train.4.ark:3238091
mbgt0_sx351 /nfs-share/xinchi/kaldi/egs/timit/s5_la3/mfcc/raw_mfcc_train.2.ark:1178840
mbma1_sx324 /nfs-share/xinchi/kaldi/egs/timit/s5_la3/mfcc/raw_mfcc_train.2.ark:1271948
mjsr0_si794 /nfs-share/xinchi/kaldi/egs/timit/s5_la3/mfcc/raw_mfcc_train.3.ark:1648018
mdlb0_si1306 /nfs-share/xinchi/kaldi/egs/timit/s5_la3/mfcc/raw_mfcc_train.2.ark:2413306
fgdp0_sx88 /nfs-share/xinchi/kaldi/egs/timit/s5_la3/mfcc/raw_mfcc_train.1.ark:1426376
mbgt0_si1841 /nfs-share/xinchi/kaldi/egs/timit/s5_la3/mfcc/raw_mfcc_train.2.ark:1159143
mjrg0_sx106 /nfs-share/xinchi/kaldi/egs/timit/s5_la3/mfcc/raw_mfcc_train.3.ark:1492584
mjrp0_si585 /nfs-share/xinchi/kaldi/egs/timit/s5_la3/mfcc/raw_mfcc_train.3.ark:1614629
mgsh0_sx6 /nfs-share/xinchi/kaldi/egs/timit/s5_la3/mfcc/raw_mfcc_train.3.ark:220228
mmdm1_si2043 /nfs-share/xinchi/kaldi/egs/timit/s5_la3/mfcc/raw_mfcc_train.3.ark:2911295
mpsw0_si1697 /nfs-share/xinchi/kaldi/egs/timit/s5_la3/mfcc/raw_mfcc_train.4.ark:161813
mbml0_sx359 /nfs-share/xinchi/kaldi/egs/timit/s5_la3/mfcc/raw_mfcc_train.2.ark:1303881
mgaf0_si652 /nfs-share/xinchi/kaldi/egs/timit/s5_la3/mfcc/raw_mfcc_train.2.ark:3594270
mrgs0_si726 /nfs-share/xinchi/kaldi/egs/timit/s5_la3/mfcc/raw_mfcc_train.4.ark:783111
mdsj0_sx382 /nfs-share/xinchi/kaldi/egs/timit/s5_la3/mfcc/raw_mfcc_train.2.ark:2931344
mrpc1_sx222 /nfs-share/xinchi/kaldi/egs/timit/s5_la3/mfcc/raw_mfcc_train.4.ark:1383011
fkaa0_si1838 /nfs-share/xinchi/kaldi/egs/timit/s5_la3/mfcc/raw_mfcc_train.1.ark:2021559
mtpg0_sx303 /nfs-share/xinchi/kaldi/egs/timit/s5_la3/mfcc/raw_mfcc_train.4.ark:3058061
mbsb0_sx273 /nfs-share/xinchi/kaldi/egs/timit/s5_la3/mfcc/raw_mfcc_train.2.ark:1358564
mree0_si1959 /nfs-share/xinchi/kaldi/egs/timit/s5_la3/mfcc/raw_mfcc_train.4.ark:547698
mjlb0_sx446 /nfs-share/xinchi/kaldi/egs/timit/s5_la3/mfcc/raw_mfcc_train.3.ark:1195724
mrms0_sx210 /nfs-share/xinchi/kaldi/egs/timit/s5_la3/mfcc/raw_mfcc_train.4.ark:1359059
mjpm0_si1998 /nfs-share/xinchi/kaldi/egs/timit/s5_la3/mfcc/raw_mfcc_train.3.ark:1387736
mmar0_sx256 /nfs-share/xinchi/kaldi/egs/timit/s5_la3/mfcc/raw_mfcc_train.3.ark:2725568
mrjm0_sx418 /nfs-share/xinchi/kaldi/egs/timit/s5_la3/mfcc/raw_mfcc_train.4.ark:941277
fbmh0_sx326 /nfs-share/xinchi/kaldi/egs/timit/s5_la3/mfcc/raw_mfcc_train.1.ark:363927
fmem0_sx207 /nfs-share/xinchi/kaldi/egs/timit/s5_la3/mfcc/raw_mfcc_train.1.ark:2866568
fjrp1_sx262 /nfs-share/xinchi/kaldi/egs/timit/s5_la3/mfcc/raw_mfcc_train.1.ark:1833076
mlbc0_sx339 /nfs-share/xinchi/kaldi/egs/timit/s5_la3/mfcc/raw_mfcc_train.3.ark:2384144
mbml0_sx89 /nfs-share/xinchi/kaldi/egs/timit/s5_la3/mfcc/raw_mfcc_train.2.ark:1312747
mwsh0_si796 /nfs-share/xinchi/kaldi/egs/timit/s5_la3/mfcc/raw_mfcc_train.4.ark:3747789
mdwh0_si665 /nfs-share/xinchi/kaldi/egs/timit/s5_la3/mfcc/raw_mfcc_train.2.ark:3063189
fgcs0_si856 /nfs-share/xinchi/kaldi/egs/timit/s5_la3/mfcc/raw_mfcc_train.1.ark:1371841
mefg0_sx285 /nfs-share/xinchi/kaldi/egs/timit/s5_la3/mfcc/raw_mfcc_train.2.ark:3204194
mmag0_sx46 /nfs-share/xinchi/kaldi/egs/timit/s5_la3/mfcc/raw_mfcc_train.3.ark:2672641
mrew1_sx150 /nfs-share/xinchi/kaldi/egs/timit/s5_la3/mfcc/raw_mfcc_train.4.ark:649613
mmvp0_sx114 /nfs-share/xinchi/kaldi/egs/timit/s5_la3/mfcc/raw_mfcc_train.3.ark:3291931
mrws0_si1102 /nfs-share/xinchi/kaldi/egs/timit/s5_la3/mfcc/raw_mfcc_train.4.ark:1645687
fgdp0_si988 /nfs-share/xinchi/kaldi/egs/timit/s5_la3/mfcc/raw_mfcc_train.1.ark:1402058
mcal0_sx418 /nfs-share/xinchi/kaldi/egs/timit/s5_la3/mfcc/raw_mfcc_train.2.ark:1499916
mdlc2_sx264 /nfs-share/xinchi/kaldi/egs/timit/s5_la3/mfcc/raw_mfcc_train.2.ark:2532431
msas0_sx116 /nfs-share/xinchi/kaldi/egs/timit/s5_la3/mfcc/raw_mfcc_train.4.ark:1751337
mdwh0_si1925 /nfs-share/xinchi/kaldi/egs/timit/s5_la3/mfcc/raw_mfcc_train.2.ark:3060140
mrjh0_sx79 /nfs-share/xinchi/kaldi/egs/timit/s5_la3/mfcc/raw_mfcc_train.4.ark:912430
msat0_sx176 /nfs-share/xinchi/kaldi/egs/timit/s5_la3/mfcc/raw_mfcc_train.4.ark:1779760
frll0_sx254 /nfs-share/xinchi/kaldi/egs/timit/s5_la3/mfcc/raw_mfcc_train.1.ark:3541115
mprd0_si801 /nfs-share/xinchi/kaldi/egs/timit/s5_la3/mfcc/raw_mfcc_train.4.ark:61667
mjlg1_si2272 /nfs-share/xinchi/kaldi/egs/timit/s5_la3/mfcc/raw_mfcc_train.3.ark:1209482
mcef0_sx235 /nfs-share/xinchi/kaldi/egs/timit/s5_la3/mfcc/raw_mfcc_train.2.ark:1622161
mrlj1_sx231 /nfs-share/xinchi/kaldi/egs/timit/s5_la3/mfcc/raw_mfcc_train.4.ark:1131131
mdbb1_sx376 /nfs-share/xinchi/kaldi/egs/timit/s5_la3/mfcc/raw_mfcc_train.2.ark:2051751
faem0_sx132 /nfs-share/xinchi/kaldi/egs/timit/s5_la3/mfcc/raw_mfcc_train.1.ark:13048
mmdm1_si783 /nfs-share/xinchi/kaldi/egs/timit/s5_la3/mfcc/raw_mfcc_train.3.ark:2914253
mabc0_si1620 /nfs-share/xinchi/kaldi/egs/timit/s5_la3/mfcc/raw_mfcc_train.2.ark:660229
mhxl0_sx332 /nfs-share/xinchi/kaldi/egs/timit/s5_la3/mfcc/raw_mfcc_train.3.ark:500828
fmmh0_si1537 /nfs-share/xinchi/kaldi/egs/timit/s5_la3/mfcc/raw_mfcc_train.1.ark:3053468
mtab0_si1572 /nfs-share/xinchi/kaldi/egs/timit/s5_la3/mfcc/raw_mfcc_train.4.ark:2339071
mkln0_sx68 /nfs-share/xinchi/kaldi/egs/timit/s5_la3/mfcc/raw_mfcc_train.3.ark:2169827
mgaf0_sx292 /nfs-share/xinchi/kaldi/egs/timit/s5_la3/mfcc/raw_mfcc_train.2.ark:3604775
fscn0_sx176 /nfs-share/xinchi/kaldi/egs/timit/s5_la3/mfcc/raw_mfcc_train.1.ark:3710185
mjmm0_sx175 /nfs-share/xinchi/kaldi/egs/timit/s5_la3/mfcc/raw_mfcc_train.3.ark:1335805
mtqc0_sx181 /nfs-share/xinchi/kaldi/egs/timit/s5_la3/mfcc/raw_mfcc_train.4.ark:3151025
mkam0_si1465 /nfs-share/xinchi/kaldi/egs/timit/s5_la3/mfcc/raw_mfcc_train.3.ark:1954290
mmgg0_sx449 /nfs-share/xinchi/kaldi/egs/timit/s5_la3/mfcc/raw_mfcc_train.3.ark:3078899
mdwh0_sx215 /nfs-share/xinchi/kaldi/egs/timit/s5_la3/mfcc/raw_mfcc_train.2.ark:3073213
mrds0_si537 /nfs-share/xinchi/kaldi/egs/timit/s5_la3/mfcc/raw_mfcc_train.4.ark:515309
mtat0_sx30 /nfs-share/xinchi/kaldi/egs/timit/s5_la3/mfcc/raw_mfcc_train.4.ark:2425826
mjfr0_si2235 /nfs-share/xinchi/kaldi/egs/timit/s5_la3/mfcc/raw_mfcc_train.3.ark:973073
mhrm0_sx328 /nfs-share/xinchi/kaldi/egs/timit/s5_la3/mfcc/raw_mfcc_train.3.ark:467583
mjhi0_sx248 /nfs-share/xinchi/kaldi/egs/timit/s5_la3/mfcc/raw_mfcc_train.3.ark:1020990
fajw0_sx363 /nfs-share/xinchi/kaldi/egs/timit/s5_la3/mfcc/raw_mfcc_train.1.ark:59625
mdcm0_sx310 /nfs-share/xinchi/kaldi/egs/timit/s5_la3/mfcc/raw_mfcc_train.2.ark:2143598
mbgt0_sx261 /nfs-share/xinchi/kaldi/egs/timit/s5_la3/mfcc/raw_mfcc_train.2.ark:1175687
mmwb0_si2249 /nfs-share/xinchi/kaldi/egs/timit/s5_la3/mfcc/raw_mfcc_train.3.ark:3318430
mjrk0_si1662 /nfs-share/xinchi/kaldi/egs/timit/s5_la3/mfcc/raw_mfcc_train.3.ark:1577312
mtbc0_sx363 /nfs-share/xinchi/kaldi/egs/timit/s5_la3/mfcc/raw_mfcc_train.4.ark:2496252
mrjb1_sx120 /nfs-share/xinchi/kaldi/egs/timit/s5_la3/mfcc/raw_mfcc_train.4.ark:858566
mcth0_sx39 /nfs-share/xinchi/kaldi/egs/timit/s5_la3/mfcc/raw_mfcc_train.2.ark:1891392
mrai0_si1954 /nfs-share/xinchi/kaldi/egs/timit/s5_la3/mfcc/raw_mfcc_train.4.ark:250116
fjsp0_si1434 /nfs-share/xinchi/kaldi/egs/timit/s5_la3/mfcc/raw_mfcc_train.1.ark:1888178
mrsp0_sx439 /nfs-share/xinchi/kaldi/egs/timit/s5_la3/mfcc/raw_mfcc_train.4.ark:1501236
fclt0_sx88 /nfs-share/xinchi/kaldi/egs/timit/s5_la3/mfcc/raw_mfcc_train.1.ark:649114
mkls1_sx105 /nfs-share/xinchi/kaldi/egs/timit/s5_la3/mfcc/raw_mfcc_train.3.ark:2250469
mjdg0_sx142 /nfs-share/xinchi/kaldi/egs/timit/s5_la3/mfcc/raw_mfcc_train.3.ark:789120
mjxl0_si542 /nfs-share/xinchi/kaldi/egs/timit/s5_la3/mfcc/raw_mfcc_train.3.ark:1824712
mmds0_sx263 /nfs-share/xinchi/kaldi/egs/timit/s5_la3/mfcc/raw_mfcc_train.3.ark:2955586
mdwm0_sx16 /nfs-share/xinchi/kaldi/egs/timit/s5_la3/mfcc/raw_mfcc_train.2.ark:3108421
mbsb0_sx3 /nfs-share/xinchi/kaldi/egs/timit/s5_la3/mfcc/raw_mfcc_train.2.ark:1360987
mdlr0_sx243 /nfs-share/xinchi/kaldi/egs/timit/s5_la3/mfcc/raw_mfcc_train.2.ark:2625395
mcdd0_sx343 /nfs-share/xinchi/kaldi/egs/timit/s5_la3/mfcc/raw_mfcc_train.2.ark:1557704
