mwar0_sx325 /nfs-share/xinchi/kaldi/egs/timit/s5_la5/data-fmllr-tri3/train/data/feats_fmllr_train.10.ark:14414204
ftmg0_sx92 /nfs-share/xinchi/kaldi/egs/timit/s5_la5/data-fmllr-tri3/train/data/feats_fmllr_train.3.ark:15711544
mkxl0_sx105 /nfs-share/xinchi/kaldi/egs/timit/s5_la5/data-fmllr-tri3/train/data/feats_fmllr_train.7.ark:9931441
mmws1_si1071 /nfs-share/xinchi/kaldi/egs/timit/s5_la5/data-fmllr-tri3/train/data/feats_fmllr_train.8.ark:4306722
fvkb0_sx79 /nfs-share/xinchi/kaldi/egs/timit/s5_la5/data-fmllr-tri3/train/data/feats_fmllr_train.3.ark:16448939
mmrp0_sx144 /nfs-share/xinchi/kaldi/egs/timit/s5_la5/data-fmllr-tri3/train/data/feats_fmllr_train.8.ark:2272599
mcxm0_si721 /nfs-share/xinchi/kaldi/egs/timit/s5_la5/data-fmllr-tri3/train/data/feats_fmllr_train.4.ark:14093697
fnkl0_si892 /nfs-share/xinchi/kaldi/egs/timit/s5_la5/data-fmllr-tri3/train/data/feats_fmllr_train.3.ark:81348
fmjb0_si1807 /nfs-share/xinchi/kaldi/egs/timit/s5_la5/data-fmllr-tri3/train/data/feats_fmllr_train.2.ark:15598755
ftmg0_sx362 /nfs-share/xinchi/kaldi/egs/timit/s5_la5/data-fmllr-tri3/train/data/feats_fmllr_train.3.ark:15607171
fdas1_sx111 /nfs-share/xinchi/kaldi/egs/timit/s5_la5/data-fmllr-tri3/train/data/feats_fmllr_train.1.ark:9523061
mmpm0_si2321 /nfs-share/xinchi/kaldi/egs/timit/s5_la5/data-fmllr-tri3/train/data/feats_fmllr_train.8.ark:1849636
mmws1_sx441 /nfs-share/xinchi/kaldi/egs/timit/s5_la5/data-fmllr-tri3/train/data/feats_fmllr_train.8.ark:4545125
fbcg1_si2242 /nfs-share/xinchi/kaldi/egs/timit/s5_la5/data-fmllr-tri3/train/data/feats_fmllr_train.1.ark:2493020
makb0_si1646 /nfs-share/xinchi/kaldi/egs/timit/s5_la5/data-fmllr-tri3/train/data/feats_fmllr_train.4.ark:1594831
mbwp0_sx259 /nfs-share/xinchi/kaldi/egs/timit/s5_la5/data-fmllr-tri3/train/data/feats_fmllr_train.4.ark:7873961
feac0_sx435 /nfs-share/xinchi/kaldi/egs/timit/s5_la5/data-fmllr-tri3/train/data/feats_fmllr_train.1.ark:13642117
fdjh0_sx305 /nfs-share/xinchi/kaldi/egs/timit/s5_la5/data-fmllr-tri3/train/data/feats_fmllr_train.1.ark:10710008
mchl0_si1347 /nfs-share/xinchi/kaldi/egs/timit/s5_la5/data-fmllr-tri3/train/data/feats_fmllr_train.4.ark:10976546
fdmy0_sx387 /nfs-share/xinchi/kaldi/egs/timit/s5_la5/data-fmllr-tri3/train/data/feats_fmllr_train.1.ark:12079033
mppc0_sx152 /nfs-share/xinchi/kaldi/egs/timit/s5_la5/data-fmllr-tri3/train/data/feats_fmllr_train.8.ark:8696389
mbgt0_si1841 /nfs-share/xinchi/kaldi/egs/timit/s5_la5/data-fmllr-tri3/train/data/feats_fmllr_train.4.ark:4811345
mbcg0_sx327 /nfs-share/xinchi/kaldi/egs/timit/s5_la5/data-fmllr-tri3/train/data/feats_fmllr_train.4.ark:4319179
fjrb0_sx222 /nfs-share/xinchi/kaldi/egs/timit/s5_la5/data-fmllr-tri3/train/data/feats_fmllr_train.2.ark:2543028
mtdp0_si2151 /nfs-share/xinchi/kaldi/egs/timit/s5_la5/data-fmllr-tri3/train/data/feats_fmllr_train.10.ark:3324845
mdwm0_sx433 /nfs-share/xinchi/kaldi/egs/timit/s5_la5/data-fmllr-tri3/train/data/feats_fmllr_train.5.ark:10725744
fgcs0_sx226 /nfs-share/xinchi/kaldi/egs/timit/s5_la5/data-fmllr-tri3/train/data/feats_fmllr_train.1.ark:16438303
mesj0_sx367 /nfs-share/xinchi/kaldi/egs/timit/s5_la5/data-fmllr-tri3/train/data/feats_fmllr_train.5.ark:13586624
fklh0_sx267 /nfs-share/xinchi/kaldi/egs/timit/s5_la5/data-fmllr-tri3/train/data/feats_fmllr_train.2.ark:8280948
mbma0_si1852 /nfs-share/xinchi/kaldi/egs/timit/s5_la5/data-fmllr-tri3/train/data/feats_fmllr_train.4.ark:5627139
mrmg0_sx90 /nfs-share/xinchi/kaldi/egs/timit/s5_la5/data-fmllr-tri3/train/data/feats_fmllr_train.9.ark:5856839
fklc1_sx58 /nfs-share/xinchi/kaldi/egs/timit/s5_la5/data-fmllr-tri3/train/data/feats_fmllr_train.2.ark:8037291
fdkn0_si1081 /nfs-share/xinchi/kaldi/egs/timit/s5_la5/data-fmllr-tri3/train/data/feats_fmllr_train.1.ark:10838089
mrgs0_sx276 /nfs-share/xinchi/kaldi/egs/timit/s5_la5/data-fmllr-tri3/train/data/feats_fmllr_train.9.ark:214522
mdlr1_si669 /nfs-share/xinchi/kaldi/egs/timit/s5_la5/data-fmllr-tri3/train/data/feats_fmllr_train.5.ark:5153610
falr0_sx335 /nfs-share/xinchi/kaldi/egs/timit/s5_la5/data-fmllr-tri3/train/data/feats_fmllr_train.1.ark:1435995
mklr0_si1059 /nfs-share/xinchi/kaldi/egs/timit/s5_la5/data-fmllr-tri3/train/data/feats_fmllr_train.7.ark:7862271
mctm0_si1980 /nfs-share/xinchi/kaldi/egs/timit/s5_la5/data-fmllr-tri3/train/data/feats_fmllr_train.4.ark:13676013
mdss1_si1713 /nfs-share/xinchi/kaldi/egs/timit/s5_la5/data-fmllr-tri3/train/data/feats_fmllr_train.5.ark:8958634
mded0_sx180 /nfs-share/xinchi/kaldi/egs/timit/s5_la5/data-fmllr-tri3/train/data/feats_fmllr_train.4.ark:17174498
mmwb0_si1619 /nfs-share/xinchi/kaldi/egs/timit/s5_la5/data-fmllr-tri3/train/data/feats_fmllr_train.8.ark:3435089
mwsb0_sx276 /nfs-share/xinchi/kaldi/egs/timit/s5_la5/data-fmllr-tri3/train/data/feats_fmllr_train.10.ark:16977778
mrav0_sx108 /nfs-share/xinchi/kaldi/egs/timit/s5_la5/data-fmllr-tri3/train/data/feats_fmllr_train.8.ark:12654080
fecd0_sx248 /nfs-share/xinchi/kaldi/egs/timit/s5_la5/data-fmllr-tri3/train/data/feats_fmllr_train.1.ark:14389537
mrlj1_sx321 /nfs-share/xinchi/kaldi/egs/timit/s5_la5/data-fmllr-tri3/train/data/feats_fmllr_train.9.ark:4263917
fdml0_si2075 /nfs-share/xinchi/kaldi/egs/timit/s5_la5/data-fmllr-tri3/train/data/feats_fmllr_train.1.ark:11379483
mkes0_sx263 /nfs-share/xinchi/kaldi/egs/timit/s5_la5/data-fmllr-tri3/train/data/feats_fmllr_train.7.ark:6963649
mtkp0_sx393 /nfs-share/xinchi/kaldi/egs/timit/s5_la5/data-fmllr-tri3/train/data/feats_fmllr_train.10.ark:6460257
mnet0_sx186 /nfs-share/xinchi/kaldi/egs/timit/s5_la5/data-fmllr-tri3/train/data/feats_fmllr_train.8.ark:5119717
faem0_si1392 /nfs-share/xinchi/kaldi/egs/timit/s5_la5/data-fmllr-tri3/train/data/feats_fmllr_train.1.ark:13
mjpm0_si1998 /nfs-share/xinchi/kaldi/egs/timit/s5_la5/data-fmllr-tri3/train/data/feats_fmllr_train.6.ark:16506809
mmgg0_sx269 /nfs-share/xinchi/kaldi/egs/timit/s5_la5/data-fmllr-tri3/train/data/feats_fmllr_train.8.ark:546261
mtlc0_si1313 /nfs-share/xinchi/kaldi/egs/timit/s5_la5/data-fmllr-tri3/train/data/feats_fmllr_train.10.ark:6890262
mrab0_sx54 /nfs-share/xinchi/kaldi/egs/timit/s5_la5/data-fmllr-tri3/train/data/feats_fmllr_train.8.ark:11271397
fgcs0_si2116 /nfs-share/xinchi/kaldi/egs/timit/s5_la5/data-fmllr-tri3/train/data/feats_fmllr_train.1.ark:16290542
mjdm0_si974 /nfs-share/xinchi/kaldi/egs/timit/s5_la5/data-fmllr-tri3/train/data/feats_fmllr_train.6.ark:9723568
msdb0_si1007 /nfs-share/xinchi/kaldi/egs/timit/s5_la5/data-fmllr-tri3/train/data/feats_fmllr_train.9.ark:12525841
mmbs0_si521 /nfs-share/xinchi/kaldi/egs/timit/s5_la5/data-fmllr-tri3/train/data/feats_fmllr_train.7.ark:14736099
fklc0_sx355 /nfs-share/xinchi/kaldi/egs/timit/s5_la5/data-fmllr-tri3/train/data/feats_fmllr_train.2.ark:7578300
fdfb0_sx58 /nfs-share/xinchi/kaldi/egs/timit/s5_la5/data-fmllr-tri3/train/data/feats_fmllr_train.1.ark:10422164
fdmy0_sx297 /nfs-share/xinchi/kaldi/egs/timit/s5_la5/data-fmllr-tri3/train/data/feats_fmllr_train.1.ark:12031166
mrmg0_si1080 /nfs-share/xinchi/kaldi/egs/timit/s5_la5/data-fmllr-tri3/train/data/feats_fmllr_train.9.ark:5511529
fpaf0_sx334 /nfs-share/xinchi/kaldi/egs/timit/s5_la5/data-fmllr-tri3/train/data/feats_fmllr_train.3.ark:2290994
mgar0_sx222 /nfs-share/xinchi/kaldi/egs/timit/s5_la5/data-fmllr-tri3/train/data/feats_fmllr_train.6.ark:181083
mrvg0_sx240 /nfs-share/xinchi/kaldi/egs/timit/s5_la5/data-fmllr-tri3/train/data/feats_fmllr_train.9.ark:9817012
mdwm0_si2176 /nfs-share/xinchi/kaldi/egs/timit/s5_la5/data-fmllr-tri3/train/data/feats_fmllr_train.5.ark:10437103
mjfr0_sx75 /nfs-share/xinchi/kaldi/egs/timit/s5_la5/data-fmllr-tri3/train/data/feats_fmllr_train.6.ark:11902867
mfwk0_si1249 /nfs-share/xinchi/kaldi/egs/timit/s5_la5/data-fmllr-tri3/train/data/feats_fmllr_train.5.ark:15124372
mtxs0_sx250 /nfs-share/xinchi/kaldi/egs/timit/s5_la5/data-fmllr-tri3/train/data/feats_fmllr_train.10.ark:12125513
mntw0_sx202 /nfs-share/xinchi/kaldi/egs/timit/s5_la5/data-fmllr-tri3/train/data/feats_fmllr_train.8.ark:5552280
mrew1_si1500 /nfs-share/xinchi/kaldi/egs/timit/s5_la5/data-fmllr-tri3/train/data/feats_fmllr_train.8.ark:16352169
mrlr0_sx26 /nfs-share/xinchi/kaldi/egs/timit/s5_la5/data-fmllr-tri3/train/data/feats_fmllr_train.9.ark:5034270
flma0_si1243 /nfs-share/xinchi/kaldi/egs/timit/s5_la5/data-fmllr-tri3/train/data/feats_fmllr_train.2.ark:12481788
mrai0_sx252 /nfs-share/xinchi/kaldi/egs/timit/s5_la5/data-fmllr-tri3/train/data/feats_fmllr_train.8.ark:11938151
fcaj0_si1804 /nfs-share/xinchi/kaldi/egs/timit/s5_la5/data-fmllr-tri3/train/data/feats_fmllr_train.1.ark:5264459
mkrg0_sx411 /nfs-share/xinchi/kaldi/egs/timit/s5_la5/data-fmllr-tri3/train/data/feats_fmllr_train.7.ark:9677704
fbas0_si1472 /nfs-share/xinchi/kaldi/egs/timit/s5_la5/data-fmllr-tri3/train/data/feats_fmllr_train.1.ark:2110402
flja0_si1078 /nfs-share/xinchi/kaldi/egs/timit/s5_la5/data-fmllr-tri3/train/data/feats_fmllr_train.2.ark:10780920
msdb0_sx287 /nfs-share/xinchi/kaldi/egs/timit/s5_la5/data-fmllr-tri3/train/data/feats_fmllr_train.9.ark:12732564
mkdt0_sx353 /nfs-share/xinchi/kaldi/egs/timit/s5_la5/data-fmllr-tri3/train/data/feats_fmllr_train.7.ark:6578499
marw0_si1276 /nfs-share/xinchi/kaldi/egs/timit/s5_la5/data-fmllr-tri3/train/data/feats_fmllr_train.4.ark:2970872
fgcs0_sx406 /nfs-share/xinchi/kaldi/egs/timit/s5_la5/data-fmllr-tri3/train/data/feats_fmllr_train.1.ark:16522197
fpac0_sx301 /nfs-share/xinchi/kaldi/egs/timit/s5_la5/data-fmllr-tri3/train/data/feats_fmllr_train.3.ark:1474239
fljg0_sx441 /nfs-share/xinchi/kaldi/egs/timit/s5_la5/data-fmllr-tri3/train/data/feats_fmllr_train.2.ark:11942638
mram0_sx15 /nfs-share/xinchi/kaldi/egs/timit/s5_la5/data-fmllr-tri3/train/data/feats_fmllr_train.8.ark:12333568
fdjh0_sx215 /nfs-share/xinchi/kaldi/egs/timit/s5_la5/data-fmllr-tri3/train/data/feats_fmllr_train.1.ark:10664861
mwem0_si1950 /nfs-share/xinchi/kaldi/egs/timit/s5_la5/data-fmllr-tri3/train/data/feats_fmllr_train.10.ark:15337496
fltm0_sx170 /nfs-share/xinchi/kaldi/egs/timit/s5_la5/data-fmllr-tri3/train/data/feats_fmllr_train.2.ark:14040661
mstf0_si766 /nfs-share/xinchi/kaldi/egs/timit/s5_la5/data-fmllr-tri3/train/data/feats_fmllr_train.9.ark:17783250
mdwh0_sx215 /nfs-share/xinchi/kaldi/egs/timit/s5_la5/data-fmllr-tri3/train/data/feats_fmllr_train.5.ark:10169127
mdcm0_sx220 /nfs-share/xinchi/kaldi/egs/timit/s5_la5/data-fmllr-tri3/train/data/feats_fmllr_train.4.ark:16466571
fear0_sx172 /nfs-share/xinchi/kaldi/egs/timit/s5_la5/data-fmllr-tri3/train/data/feats_fmllr_train.1.ark:13866413
mfxs0_si1674 /nfs-share/xinchi/kaldi/egs/timit/s5_la5/data-fmllr-tri3/train/data/feats_fmllr_train.5.ark:15497229
mjrh1_si1774 /nfs-share/xinchi/kaldi/egs/timit/s5_la5/data-fmllr-tri3/train/data/feats_fmllr_train.7.ark:461219
flmc0_si1372 /nfs-share/xinchi/kaldi/egs/timit/s5_la5/data-fmllr-tri3/train/data/feats_fmllr_train.2.ark:12819605
mjda0_sx221 /nfs-share/xinchi/kaldi/egs/timit/s5_la5/data-fmllr-tri3/train/data/feats_fmllr_train.6.ark:8176674
fsjg0_sx220 /nfs-share/xinchi/kaldi/egs/timit/s5_la5/data-fmllr-tri3/train/data/feats_fmllr_train.3.ark:8545798
fsah0_sx74 /nfs-share/xinchi/kaldi/egs/timit/s5_la5/data-fmllr-tri3/train/data/feats_fmllr_train.3.ark:5914918
mljc0_sx235 /nfs-share/xinchi/kaldi/egs/timit/s5_la5/data-fmllr-tri3/train/data/feats_fmllr_train.7.ark:11149559
mtmn0_si1064 /nfs-share/xinchi/kaldi/egs/timit/s5_la5/data-fmllr-tri3/train/data/feats_fmllr_train.10.ark:7653097
mmdm1_si1650 /nfs-share/xinchi/kaldi/egs/timit/s5_la5/data-fmllr-tri3/train/data/feats_fmllr_train.7.ark:16622089
mrbc0_sx59 /nfs-share/xinchi/kaldi/egs/timit/s5_la5/data-fmllr-tri3/train/data/feats_fmllr_train.8.ark:13195684
mmds0_sx173 /nfs-share/xinchi/kaldi/egs/timit/s5_la5/data-fmllr-tri3/train/data/feats_fmllr_train.7.ark:17130068
fpmy0_sx343 /nfs-share/xinchi/kaldi/egs/timit/s5_la5/data-fmllr-tri3/train/data/feats_fmllr_train.3.ark:3903567
mmwb0_sx269 /nfs-share/xinchi/kaldi/egs/timit/s5_la5/data-fmllr-tri3/train/data/feats_fmllr_train.8.ark:3694078
mdlr0_si1233 /nfs-share/xinchi/kaldi/egs/timit/s5_la5/data-fmllr-tri3/train/data/feats_fmllr_train.5.ark:4649978
mdlr1_sx309 /nfs-share/xinchi/kaldi/egs/timit/s5_la5/data-fmllr-tri3/train/data/feats_fmllr_train.5.ark:5324891
flmk0_si1035 /nfs-share/xinchi/kaldi/egs/timit/s5_la5/data-fmllr-tri3/train/data/feats_fmllr_train.2.ark:13204142
mjma0_sx235 /nfs-share/xinchi/kaldi/egs/timit/s5_la5/data-fmllr-tri3/train/data/feats_fmllr_train.6.ark:15268101
mrlk0_sx393 /nfs-share/xinchi/kaldi/egs/timit/s5_la5/data-fmllr-tri3/train/data/feats_fmllr_train.9.ark:4740027
mjrh1_sx334 /nfs-share/xinchi/kaldi/egs/timit/s5_la5/data-fmllr-tri3/train/data/feats_fmllr_train.7.ark:646287
fajw0_si1893 /nfs-share/xinchi/kaldi/egs/timit/s5_la5/data-fmllr-tri3/train/data/feats_fmllr_train.1.ark:469858
mdhl0_sx269 /nfs-share/xinchi/kaldi/egs/timit/s5_la5/data-fmllr-tri3/train/data/feats_fmllr_train.5.ark:1017356
mtab0_sx132 /nfs-share/xinchi/kaldi/egs/timit/s5_la5/data-fmllr-tri3/train/data/feats_fmllr_train.10.ark:666392
msas0_si2006 /nfs-share/xinchi/kaldi/egs/timit/s5_la5/data-fmllr-tri3/train/data/feats_fmllr_train.9.ark:11499457
msfv0_sx452 /nfs-share/xinchi/kaldi/egs/timit/s5_la5/data-fmllr-tri3/train/data/feats_fmllr_train.9.ark:15297549
mdsj0_sx382 /nfs-share/xinchi/kaldi/egs/timit/s5_la5/data-fmllr-tri3/train/data/feats_fmllr_train.5.ark:8486174
msvs0_si938 /nfs-share/xinchi/kaldi/egs/timit/s5_la5/data-fmllr-tri3/train/data/feats_fmllr_train.10.ark:123908
mrlr0_sx296 /nfs-share/xinchi/kaldi/egs/timit/s5_la5/data-fmllr-tri3/train/data/feats_fmllr_train.9.ark:5072857
mtas0_si2015 /nfs-share/xinchi/kaldi/egs/timit/s5_la5/data-fmllr-tri3/train/data/feats_fmllr_train.10.ark:993915
mjjj0_sx263 /nfs-share/xinchi/kaldi/egs/timit/s5_la5/data-fmllr-tri3/train/data/feats_fmllr_train.6.ark:12966798
mtat0_si811 /nfs-share/xinchi/kaldi/egs/timit/s5_la5/data-fmllr-tri3/train/data/feats_fmllr_train.10.ark:1364079
fklh0_sx87 /nfs-share/xinchi/kaldi/egs/timit/s5_la5/data-fmllr-tri3/train/data/feats_fmllr_train.2.ark:8437028
fljg0_si2241 /nfs-share/xinchi/kaldi/egs/timit/s5_la5/data-fmllr-tri3/train/data/feats_fmllr_train.2.ark:11638023
makb0_sx26 /nfs-share/xinchi/kaldi/egs/timit/s5_la5/data-fmllr-tri3/train/data/feats_fmllr_train.4.ark:1835579
mbgt0_si1341 /nfs-share/xinchi/kaldi/egs/timit/s5_la5/data-fmllr-tri3/train/data/feats_fmllr_train.4.ark:4784437
fpmy0_sx163 /nfs-share/xinchi/kaldi/egs/timit/s5_la5/data-fmllr-tri3/train/data/feats_fmllr_train.3.ark:3776446
mtkd0_sx377 /nfs-share/xinchi/kaldi/egs/timit/s5_la5/data-fmllr-tri3/train/data/feats_fmllr_train.10.ark:6043240
fklc0_sx175 /nfs-share/xinchi/kaldi/egs/timit/s5_la5/data-fmllr-tri3/train/data/feats_fmllr_train.2.ark:7447046
fjen0_sx237 /nfs-share/xinchi/kaldi/egs/timit/s5_la5/data-fmllr-tri3/train/data/feats_fmllr_train.2.ark:628341
fbch0_sx416 /nfs-share/xinchi/kaldi/egs/timit/s5_la5/data-fmllr-tri3/train/data/feats_fmllr_train.1.ark:3167291
mrai0_sx162 /nfs-share/xinchi/kaldi/egs/timit/s5_la5/data-fmllr-tri3/train/data/feats_fmllr_train.8.ark:11888204
mhmg0_si1365 /nfs-share/xinchi/kaldi/egs/timit/s5_la5/data-fmllr-tri3/train/data/feats_fmllr_train.6.ark:4606454
fjwb1_sx255 /nfs-share/xinchi/kaldi/egs/timit/s5_la5/data-fmllr-tri3/train/data/feats_fmllr_train.2.ark:4233496
mjrh0_sx315 /nfs-share/xinchi/kaldi/egs/timit/s5_la5/data-fmllr-tri3/train/data/feats_fmllr_train.7.ark:249910
mmrp0_sx414 /nfs-share/xinchi/kaldi/egs/timit/s5_la5/data-fmllr-tri3/train/data/feats_fmllr_train.8.ark:2452040
mdbp0_si1788 /nfs-share/xinchi/kaldi/egs/timit/s5_la5/data-fmllr-tri3/train/data/feats_fmllr_train.4.ark:15502856
flac0_sx451 /nfs-share/xinchi/kaldi/egs/timit/s5_la5/data-fmllr-tri3/train/data/feats_fmllr_train.2.ark:9123676
mjhi0_si698 /nfs-share/xinchi/kaldi/egs/timit/s5_la5/data-fmllr-tri3/train/data/feats_fmllr_train.6.ark:12057509
frjb0_si1794 /nfs-share/xinchi/kaldi/egs/timit/s5_la5/data-fmllr-tri3/train/data/feats_fmllr_train.3.ark:4418454
fjlr0_si1861 /nfs-share/xinchi/kaldi/egs/timit/s5_la5/data-fmllr-tri3/train/data/feats_fmllr_train.2.ark:2063850
mdlb0_sx226 /nfs-share/xinchi/kaldi/egs/timit/s5_la5/data-fmllr-tri3/train/data/feats_fmllr_train.5.ark:2562865
mjmm0_sx85 /nfs-share/xinchi/kaldi/egs/timit/s5_la5/data-fmllr-tri3/train/data/feats_fmllr_train.6.ark:16072776
mdtb0_sx210 /nfs-share/xinchi/kaldi/egs/timit/s5_la5/data-fmllr-tri3/train/data/feats_fmllr_train.5.ark:9417652
mrvg0_sx330 /nfs-share/xinchi/kaldi/egs/timit/s5_la5/data-fmllr-tri3/train/data/feats_fmllr_train.9.ark:9858959
maeo0_si1326 /nfs-share/xinchi/kaldi/egs/timit/s5_la5/data-fmllr-tri3/train/data/feats_fmllr_train.4.ark:368870
mpgh0_sx114 /nfs-share/xinchi/kaldi/egs/timit/s5_la5/data-fmllr-tri3/train/data/feats_fmllr_train.8.ark:6985440
mjrh0_sx45 /nfs-share/xinchi/kaldi/egs/timit/s5_la5/data-fmllr-tri3/train/data/feats_fmllr_train.7.ark:340203
mcae0_sx367 /nfs-share/xinchi/kaldi/egs/timit/s5_la5/data-fmllr-tri3/train/data/feats_fmllr_train.4.ark:8442685
mprk0_sx107 /nfs-share/xinchi/kaldi/egs/timit/s5_la5/data-fmllr-tri3/train/data/feats_fmllr_train.8.ark:10022640
ftbr0_sx201 /nfs-share/xinchi/kaldi/egs/timit/s5_la5/data-fmllr-tri3/train/data/feats_fmllr_train.3.ark:14429854
mtqc0_sx181 /nfs-share/xinchi/kaldi/egs/timit/s5_la5/data-fmllr-tri3/train/data/feats_fmllr_train.10.ark:10151121
fapb0_sx253 /nfs-share/xinchi/kaldi/egs/timit/s5_la5/data-fmllr-tri3/train/data/feats_fmllr_train.1.ark:1818106
maeo0_si1956 /nfs-share/xinchi/kaldi/egs/timit/s5_la5/data-fmllr-tri3/train/data/feats_fmllr_train.4.ark:479006
mjrg0_sx16 /nfs-share/xinchi/kaldi/egs/timit/s5_la5/data-fmllr-tri3/train/data/feats_fmllr_train.6.ark:17791540
mjeb1_sx297 /nfs-share/xinchi/kaldi/egs/timit/s5_la5/data-fmllr-tri3/train/data/feats_fmllr_train.6.ark:10738669
fcdr1_sx196 /nfs-share/xinchi/kaldi/egs/timit/s5_la5/data-fmllr-tri3/train/data/feats_fmllr_train.1.ark:5917103
mtat0_sx390 /nfs-share/xinchi/kaldi/egs/timit/s5_la5/data-fmllr-tri3/train/data/feats_fmllr_train.10.ark:1578773
mfxv0_sx375 /nfs-share/xinchi/kaldi/egs/timit/s5_la5/data-fmllr-tri3/train/data/feats_fmllr_train.5.ark:16183397
fclt0_si2068 /nfs-share/xinchi/kaldi/egs/timit/s5_la5/data-fmllr-tri3/train/data/feats_fmllr_train.1.ark:7449441
fjrp1_si802 /nfs-share/xinchi/kaldi/egs/timit/s5_la5/data-fmllr-tri3/train/data/feats_fmllr_train.2.ark:2901591
mhrm0_si2218 /nfs-share/xinchi/kaldi/egs/timit/s5_la5/data-fmllr-tri3/train/data/feats_fmllr_train.6.ark:5385156
mwsb0_sx186 /nfs-share/xinchi/kaldi/egs/timit/s5_la5/data-fmllr-tri3/train/data/feats_fmllr_train.10.ark:16945271
fssb0_si1082 /nfs-share/xinchi/kaldi/egs/timit/s5_la5/data-fmllr-tri3/train/data/feats_fmllr_train.3.ark:13492191
mdss0_si1881 /nfs-share/xinchi/kaldi/egs/timit/s5_la5/data-fmllr-tri3/train/data/feats_fmllr_train.5.ark:8596309
mprk0_sx287 /nfs-share/xinchi/kaldi/egs/timit/s5_la5/data-fmllr-tri3/train/data/feats_fmllr_train.8.ark:10164640
fpaz0_sx423 /nfs-share/xinchi/kaldi/egs/timit/s5_la5/data-fmllr-tri3/train/data/feats_fmllr_train.3.ark:2729317
mbsb0_sx3 /nfs-share/xinchi/kaldi/egs/timit/s5_la5/data-fmllr-tri3/train/data/feats_fmllr_train.4.ark:7209235
fsjs0_sx361 /nfs-share/xinchi/kaldi/egs/timit/s5_la5/data-fmllr-tri3/train/data/feats_fmllr_train.3.ark:9431219
fsdj0_sx215 /nfs-share/xinchi/kaldi/egs/timit/s5_la5/data-fmllr-tri3/train/data/feats_fmllr_train.3.ark:7755444
fmjb0_si1177 /nfs-share/xinchi/kaldi/egs/timit/s5_la5/data-fmllr-tri3/train/data/feats_fmllr_train.2.ark:15526727
mwar0_si1675 /nfs-share/xinchi/kaldi/egs/timit/s5_la5/data-fmllr-tri3/train/data/feats_fmllr_train.10.ark:14246735
mgxp0_sx7 /nfs-share/xinchi/kaldi/egs/timit/s5_la5/data-fmllr-tri3/train/data/feats_fmllr_train.6.ark:3475828
mrld0_sx334 /nfs-share/xinchi/kaldi/egs/timit/s5_la5/data-fmllr-tri3/train/data/feats_fmllr_train.9.ark:3604762
mlns0_sx417 /nfs-share/xinchi/kaldi/egs/timit/s5_la5/data-fmllr-tri3/train/data/feats_fmllr_train.7.ark:12090207
mdwm0_si1546 /nfs-share/xinchi/kaldi/egs/timit/s5_la5/data-fmllr-tri3/train/data/feats_fmllr_train.5.ark:10394195
mdlc1_sx85 /nfs-share/xinchi/kaldi/egs/timit/s5_la5/data-fmllr-tri3/train/data/feats_fmllr_train.5.ark:3537940
fmah1_si1509 /nfs-share/xinchi/kaldi/egs/timit/s5_la5/data-fmllr-tri3/train/data/feats_fmllr_train.2.ark:14337436
mrxb0_sx325 /nfs-share/xinchi/kaldi/egs/timit/s5_la5/data-fmllr-tri3/train/data/feats_fmllr_train.9.ark:10968410
mmws1_sx27 /nfs-share/xinchi/kaldi/egs/timit/s5_la5/data-fmllr-tri3/train/data/feats_fmllr_train.8.ark:4469231
mjmd0_si1658 /nfs-share/xinchi/kaldi/egs/timit/s5_la5/data-fmllr-tri3/train/data/feats_fmllr_train.6.ark:15455597
fmah1_sx429 /nfs-share/xinchi/kaldi/egs/timit/s5_la5/data-fmllr-tri3/train/data/feats_fmllr_train.2.ark:14618559
fbjl0_si2182 /nfs-share/xinchi/kaldi/egs/timit/s5_la5/data-fmllr-tri3/train/data/feats_fmllr_train.1.ark:3325293
feeh0_sx32 /nfs-share/xinchi/kaldi/egs/timit/s5_la5/data-fmllr-tri3/train/data/feats_fmllr_train.1.ark:14896847
mcxm0_sx181 /nfs-share/xinchi/kaldi/egs/timit/s5_la5/data-fmllr-tri3/train/data/feats_fmllr_train.4.ark:14128444
mtwh1_sx342 /nfs-share/xinchi/kaldi/egs/timit/s5_la5/data-fmllr-tri3/train/data/feats_fmllr_train.10.ark:11759082
mcre0_sx41 /nfs-share/xinchi/kaldi/egs/timit/s5_la5/data-fmllr-tri3/train/data/feats_fmllr_train.4.ark:12777284
mdlc2_sx264 /nfs-share/xinchi/kaldi/egs/timit/s5_la5/data-fmllr-tri3/train/data/feats_fmllr_train.5.ark:3739197
fcyl0_si1927 /nfs-share/xinchi/kaldi/egs/timit/s5_la5/data-fmllr-tri3/train/data/feats_fmllr_train.1.ark:8975110
mdbb1_sx16 /nfs-share/xinchi/kaldi/egs/timit/s5_la5/data-fmllr-tri3/train/data/feats_fmllr_train.4.ark:15305119
mbom0_si2274 /nfs-share/xinchi/kaldi/egs/timit/s5_la5/data-fmllr-tri3/train/data/feats_fmllr_train.4.ark:6768778
fcrz0_sx433 /nfs-share/xinchi/kaldi/egs/timit/s5_la5/data-fmllr-tri3/train/data/feats_fmllr_train.1.ark:8833428
mprb0_si1205 /nfs-share/xinchi/kaldi/egs/timit/s5_la5/data-fmllr-tri3/train/data/feats_fmllr_train.8.ark:8928844
fapb0_sx73 /nfs-share/xinchi/kaldi/egs/timit/s5_la5/data-fmllr-tri3/train/data/feats_fmllr_train.1.ark:1997226
mtqc0_si2071 /nfs-share/xinchi/kaldi/egs/timit/s5_la5/data-fmllr-tri3/train/data/feats_fmllr_train.10.ark:10067867
fdtd0_sx321 /nfs-share/xinchi/kaldi/egs/timit/s5_la5/data-fmllr-tri3/train/data/feats_fmllr_train.1.ark:12894642
mljh0_sx64 /nfs-share/xinchi/kaldi/egs/timit/s5_la5/data-fmllr-tri3/train/data/feats_fmllr_train.7.ark:11783456
marc0_si1818 /nfs-share/xinchi/kaldi/egs/timit/s5_la5/data-fmllr-tri3/train/data/feats_fmllr_train.4.ark:2685883
mjwt0_si1381 /nfs-share/xinchi/kaldi/egs/timit/s5_la5/data-fmllr-tri3/train/data/feats_fmllr_train.7.ark:2892920
mdwh0_sx35 /nfs-share/xinchi/kaldi/egs/timit/s5_la5/data-fmllr-tri3/train/data/feats_fmllr_train.5.ark:10286460
fsjk1_sx305 /nfs-share/xinchi/kaldi/egs/timit/s5_la5/data-fmllr-tri3/train/data/feats_fmllr_train.3.ark:9047482
mprd0_sx441 /nfs-share/xinchi/kaldi/egs/timit/s5_la5/data-fmllr-tri3/train/data/feats_fmllr_train.8.ark:9730504
fclt0_sx448 /nfs-share/xinchi/kaldi/egs/timit/s5_la5/data-fmllr-tri3/train/data/feats_fmllr_train.1.ark:7684776
fdml0_si1779 /nfs-share/xinchi/kaldi/egs/timit/s5_la5/data-fmllr-tri3/train/data/feats_fmllr_train.1.ark:11339295
mkag0_si979 /nfs-share/xinchi/kaldi/egs/timit/s5_la5/data-fmllr-tri3/train/data/feats_fmllr_train.7.ark:4114238
mdbb1_sx196 /nfs-share/xinchi/kaldi/egs/timit/s5_la5/data-fmllr-tri3/train/data/feats_fmllr_train.4.ark:15338426
mmpm0_si1061 /nfs-share/xinchi/kaldi/egs/timit/s5_la5/data-fmllr-tri3/train/data/feats_fmllr_train.8.ark:1762380
mdks0_sx436 /nfs-share/xinchi/kaldi/egs/timit/s5_la5/data-fmllr-tri3/train/data/feats_fmllr_train.5.ark:2222542
mprk0_sx17 /nfs-share/xinchi/kaldi/egs/timit/s5_la5/data-fmllr-tri3/train/data/feats_fmllr_train.8.ark:10070826
mrai0_sx72 /nfs-share/xinchi/kaldi/egs/timit/s5_la5/data-fmllr-tri3/train/data/feats_fmllr_train.8.ark:12101271
mjfr0_si1605 /nfs-share/xinchi/kaldi/egs/timit/s5_la5/data-fmllr-tri3/train/data/feats_fmllr_train.6.ark:11522678
mljh0_sx244 /nfs-share/xinchi/kaldi/egs/timit/s5_la5/data-fmllr-tri3/train/data/feats_fmllr_train.7.ark:11610896
mtdb0_sx141 /nfs-share/xinchi/kaldi/egs/timit/s5_la5/data-fmllr-tri3/train/data/feats_fmllr_train.10.ark:2999694
mbbr0_si2315 /nfs-share/xinchi/kaldi/egs/timit/s5_la5/data-fmllr-tri3/train/data/feats_fmllr_train.4.ark:3863842
meal0_sx107 /nfs-share/xinchi/kaldi/egs/timit/s5_la5/data-fmllr-tri3/train/data/feats_fmllr_train.5.ark:10884574
fvkb0_si1159 /nfs-share/xinchi/kaldi/egs/timit/s5_la5/data-fmllr-tri3/train/data/feats_fmllr_train.3.ark:16098030
msah1_si1049 /nfs-share/xinchi/kaldi/egs/timit/s5_la5/data-fmllr-tri3/train/data/feats_fmllr_train.9.ark:11101451
mjls0_sx196 /nfs-share/xinchi/kaldi/egs/timit/s5_la5/data-fmllr-tri3/train/data/feats_fmllr_train.6.ark:14918470
faem0_sx222 /nfs-share/xinchi/kaldi/egs/timit/s5_la5/data-fmllr-tri3/train/data/feats_fmllr_train.1.ark:201402
mjlb0_si2246 /nfs-share/xinchi/kaldi/egs/timit/s5_la5/data-fmllr-tri3/train/data/feats_fmllr_train.6.ark:14017128
mtxs0_si1690 /nfs-share/xinchi/kaldi/egs/timit/s5_la5/data-fmllr-tri3/train/data/feats_fmllr_train.10.ark:11959031
mdlc2_si984 /nfs-share/xinchi/kaldi/egs/timit/s5_la5/data-fmllr-tri3/train/data/feats_fmllr_train.5.ark:3621383
fcmg0_sx252 /nfs-share/xinchi/kaldi/egs/timit/s5_la5/data-fmllr-tri3/train/data/feats_fmllr_train.1.ark:7998540
mgxp0_si1087 /nfs-share/xinchi/kaldi/egs/timit/s5_la5/data-fmllr-tri3/train/data/feats_fmllr_train.6.ark:3146228
mpeb0_sx420 /nfs-share/xinchi/kaldi/egs/timit/s5_la5/data-fmllr-tri3/train/data/feats_fmllr_train.8.ark:6310048
mdtb0_sx390 /nfs-share/xinchi/kaldi/egs/timit/s5_la5/data-fmllr-tri3/train/data/feats_fmllr_train.5.ark:9538693
madc0_sx17 /nfs-share/xinchi/kaldi/egs/timit/s5_la5/data-fmllr-tri3/train/data/feats_fmllr_train.3.ark:17420549
fapb0_si1063 /nfs-share/xinchi/kaldi/egs/timit/s5_la5/data-fmllr-tri3/train/data/feats_fmllr_train.1.ark:1568716
mjbg0_sx332 /nfs-share/xinchi/kaldi/egs/timit/s5_la5/data-fmllr-tri3/train/data/feats_fmllr_train.6.ark:7872323
mklr0_si2319 /nfs-share/xinchi/kaldi/egs/timit/s5_la5/data-fmllr-tri3/train/data/feats_fmllr_train.7.ark:7958807
mpar0_si2206 /nfs-share/xinchi/kaldi/egs/timit/s5_la5/data-fmllr-tri3/train/data/feats_fmllr_train.8.ark:5763936
maeb0_sx270 /nfs-share/xinchi/kaldi/egs/timit/s5_la5/data-fmllr-tri3/train/data/feats_fmllr_train.4.ark:201882
mtxs0_si1060 /nfs-share/xinchi/kaldi/egs/timit/s5_la5/data-fmllr-tri3/train/data/feats_fmllr_train.10.ark:11883803
fcrz0_sx253 /nfs-share/xinchi/kaldi/egs/timit/s5_la5/data-fmllr-tri3/train/data/feats_fmllr_train.1.ark:8754174
mjxl0_sx362 /nfs-share/xinchi/kaldi/egs/timit/s5_la5/data-fmllr-tri3/train/data/feats_fmllr_train.7.ark:3842582
mrdd0_si2310 /nfs-share/xinchi/kaldi/egs/timit/s5_la5/data-fmllr-tri3/train/data/feats_fmllr_train.8.ark:14155082
mgjc0_sx75 /nfs-share/xinchi/kaldi/egs/timit/s5_la5/data-fmllr-tri3/train/data/feats_fmllr_train.6.ark:1459095
msmr0_si1405 /nfs-share/xinchi/kaldi/egs/timit/s5_la5/data-fmllr-tri3/train/data/feats_fmllr_train.9.ark:16303664
mmbs0_si1781 /nfs-share/xinchi/kaldi/egs/timit/s5_la5/data-fmllr-tri3/train/data/feats_fmllr_train.7.ark:14703912
mmdg0_sx70 /nfs-share/xinchi/kaldi/egs/timit/s5_la5/data-fmllr-tri3/train/data/feats_fmllr_train.7.ark:16216884
mtat1_sx59 /nfs-share/xinchi/kaldi/egs/timit/s5_la5/data-fmllr-tri3/train/data/feats_fmllr_train.10.ark:2030190
mstf0_sx46 /nfs-share/xinchi/kaldi/egs/timit/s5_la5/data-fmllr-tri3/train/data/feats_fmllr_train.9.ark:18104851
mpar0_si1576 /nfs-share/xinchi/kaldi/egs/timit/s5_la5/data-fmllr-tri3/train/data/feats_fmllr_train.8.ark:5741028
mcal0_sx238 /nfs-share/xinchi/kaldi/egs/timit/s5_la5/data-fmllr-tri3/train/data/feats_fmllr_train.4.ark:8769593
mjkr0_sx301 /nfs-share/xinchi/kaldi/egs/timit/s5_la5/data-fmllr-tri3/train/data/feats_fmllr_train.6.ark:13819899
mrmg0_sx270 /nfs-share/xinchi/kaldi/egs/timit/s5_la5/data-fmllr-tri3/train/data/feats_fmllr_train.9.ark:5704919
majp0_si2334 /nfs-share/xinchi/kaldi/egs/timit/s5_la5/data-fmllr-tri3/train/data/feats_fmllr_train.4.ark:1167921
mdtb0_si1200 /nfs-share/xinchi/kaldi/egs/timit/s5_la5/data-fmllr-tri3/train/data/feats_fmllr_train.5.ark:9250983
fsdj0_sx395 /nfs-share/xinchi/kaldi/egs/timit/s5_la5/data-fmllr-tri3/train/data/feats_fmllr_train.3.ark:7872484
mrxb0_si2215 /nfs-share/xinchi/kaldi/egs/timit/s5_la5/data-fmllr-tri3/train/data/feats_fmllr_train.9.ark:10743182
mkah0_si898 /nfs-share/xinchi/kaldi/egs/timit/s5_la5/data-fmllr-tri3/train/data/feats_fmllr_train.7.ark:4511094
mjfh0_si1107 /nfs-share/xinchi/kaldi/egs/timit/s5_la5/data-fmllr-tri3/train/data/feats_fmllr_train.6.ark:11215581
mtpp0_sx158 /nfs-share/xinchi/kaldi/egs/timit/s5_la5/data-fmllr-tri3/train/data/feats_fmllr_train.10.ark:9298687
fmjb0_sx187 /nfs-share/xinchi/kaldi/egs/timit/s5_la5/data-fmllr-tri3/train/data/feats_fmllr_train.2.ark:15715129
fkfb0_si1608 /nfs-share/xinchi/kaldi/egs/timit/s5_la5/data-fmllr-tri3/train/data/feats_fmllr_train.2.ark:6430530
mjfr0_si975 /nfs-share/xinchi/kaldi/egs/timit/s5_la5/data-fmllr-tri3/train/data/feats_fmllr_train.6.ark:11616813
madc0_sx377 /nfs-share/xinchi/kaldi/egs/timit/s5_la5/data-fmllr-tri3/train/data/feats_fmllr_train.3.ark:17540630
mhbs0_si1575 /nfs-share/xinchi/kaldi/egs/timit/s5_la5/data-fmllr-tri3/train/data/feats_fmllr_train.6.ark:3565802
fsgf0_si1557 /nfs-share/xinchi/kaldi/egs/timit/s5_la5/data-fmllr-tri3/train/data/feats_fmllr_train.3.ark:7913792
mdlc1_sx445 /nfs-share/xinchi/kaldi/egs/timit/s5_la5/data-fmllr-tri3/train/data/feats_fmllr_train.5.ark:3504794
fexm0_si1731 /nfs-share/xinchi/kaldi/egs/timit/s5_la5/data-fmllr-tri3/train/data/feats_fmllr_train.1.ark:15844404
mmaa0_si2105 /nfs-share/xinchi/kaldi/egs/timit/s5_la5/data-fmllr-tri3/train/data/feats_fmllr_train.7.ark:12662826
mtpg0_si753 /nfs-share/xinchi/kaldi/egs/timit/s5_la5/data-fmllr-tri3/train/data/feats_fmllr_train.10.ark:8900363
mtlb0_si1764 /nfs-share/xinchi/kaldi/egs/timit/s5_la5/data-fmllr-tri3/train/data/feats_fmllr_train.10.ark:6569273
mjmm0_sx175 /nfs-share/xinchi/kaldi/egs/timit/s5_la5/data-fmllr-tri3/train/data/feats_fmllr_train.6.ark:15890909
fjlg0_sx359 /nfs-share/xinchi/kaldi/egs/timit/s5_la5/data-fmllr-tri3/train/data/feats_fmllr_train.2.ark:1832541
msem1_sx270 /nfs-share/xinchi/kaldi/egs/timit/s5_la5/data-fmllr-tri3/train/data/feats_fmllr_train.9.ark:13968203
fsms1_sx64 /nfs-share/xinchi/kaldi/egs/timit/s5_la5/data-fmllr-tri3/train/data/feats_fmllr_train.3.ark:12653009
mvrw0_sx405 /nfs-share/xinchi/kaldi/egs/timit/s5_la5/data-fmllr-tri3/train/data/feats_fmllr_train.10.ark:13333738
fsag0_si1323 /nfs-share/xinchi/kaldi/egs/timit/s5_la5/data-fmllr-tri3/train/data/feats_fmllr_train.3.ark:5081712
fskl0_sx89 /nfs-share/xinchi/kaldi/egs/timit/s5_la5/data-fmllr-tri3/train/data/feats_fmllr_train.3.ark:10691123
fgrw0_sx72 /nfs-share/xinchi/kaldi/egs/timit/s5_la5/data-fmllr-tri3/train/data/feats_fmllr_train.1.ark:17921435
mjdc0_si1161 /nfs-share/xinchi/kaldi/egs/timit/s5_la5/data-fmllr-tri3/train/data/feats_fmllr_train.6.ark:8372142
mdlm0_sx334 /nfs-share/xinchi/kaldi/egs/timit/s5_la5/data-fmllr-tri3/train/data/feats_fmllr_train.5.ark:4542217
fmem0_si1377 /nfs-share/xinchi/kaldi/egs/timit/s5_la5/data-fmllr-tri3/train/data/feats_fmllr_train.2.ark:15090989
mlsh0_sx67 /nfs-share/xinchi/kaldi/egs/timit/s5_la5/data-fmllr-tri3/train/data/feats_fmllr_train.7.ark:12533170
mrbc0_si1665 /nfs-share/xinchi/kaldi/egs/timit/s5_la5/data-fmllr-tri3/train/data/feats_fmllr_train.8.ark:12855815
mgxp0_sx367 /nfs-share/xinchi/kaldi/egs/timit/s5_la5/data-fmllr-tri3/train/data/feats_fmllr_train.6.ark:3421083
fcyl0_sx37 /nfs-share/xinchi/kaldi/egs/timit/s5_la5/data-fmllr-tri3/train/data/feats_fmllr_train.1.ark:9236844
mrgm0_sx172 /nfs-share/xinchi/kaldi/egs/timit/s5_la5/data-fmllr-tri3/train/data/feats_fmllr_train.8.ark:17673703
fcdr1_sx376 /nfs-share/xinchi/kaldi/egs/timit/s5_la5/data-fmllr-tri3/train/data/feats_fmllr_train.1.ark:6024517
msem1_sx360 /nfs-share/xinchi/kaldi/egs/timit/s5_la5/data-fmllr-tri3/train/data/feats_fmllr_train.9.ark:14007270
fdmy0_si1197 /nfs-share/xinchi/kaldi/egs/timit/s5_la5/data-fmllr-tri3/train/data/feats_fmllr_train.1.ark:11607485
mjpm1_sx221 /nfs-share/xinchi/kaldi/egs/timit/s5_la5/data-fmllr-tri3/train/data/feats_fmllr_train.6.ark:16992227
mfwk0_si619 /nfs-share/xinchi/kaldi/egs/timit/s5_la5/data-fmllr-tri3/train/data/feats_fmllr_train.5.ark:15202187
mrdd0_sx277 /nfs-share/xinchi/kaldi/egs/timit/s5_la5/data-fmllr-tri3/train/data/feats_fmllr_train.8.ark:14270843
fspm0_sx161 /nfs-share/xinchi/kaldi/egs/timit/s5_la5/data-fmllr-tri3/train/data/feats_fmllr_train.3.ark:12860799
mcss0_sx300 /nfs-share/xinchi/kaldi/egs/timit/s5_la5/data-fmllr-tri3/train/data/feats_fmllr_train.4.ark:13148513
mcal0_si508 /nfs-share/xinchi/kaldi/egs/timit/s5_la5/data-fmllr-tri3/train/data/feats_fmllr_train.4.ark:8700259
fdkn0_sx91 /nfs-share/xinchi/kaldi/egs/timit/s5_la5/data-fmllr-tri3/train/data/feats_fmllr_train.1.ark:11232359
msdh0_sx80 /nfs-share/xinchi/kaldi/egs/timit/s5_la5/data-fmllr-tri3/train/data/feats_fmllr_train.9.ark:13156648
mdlr0_si603 /nfs-share/xinchi/kaldi/egs/timit/s5_la5/data-fmllr-tri3/train/data/feats_fmllr_train.5.ark:4750513
mjwt0_si1291 /nfs-share/xinchi/kaldi/egs/timit/s5_la5/data-fmllr-tri3/train/data/feats_fmllr_train.7.ark:2817532
mppc0_si2042 /nfs-share/xinchi/kaldi/egs/timit/s5_la5/data-fmllr-tri3/train/data/feats_fmllr_train.8.ark:8622255
mmcc0_sx258 /nfs-share/xinchi/kaldi/egs/timit/s5_la5/data-fmllr-tri3/train/data/feats_fmllr_train.7.ark:15285330
flhd0_si1974 /nfs-share/xinchi/kaldi/egs/timit/s5_la5/data-fmllr-tri3/train/data/feats_fmllr_train.2.ark:10491478
mtmt0_si488 /nfs-share/xinchi/kaldi/egs/timit/s5_la5/data-fmllr-tri3/train/data/feats_fmllr_train.10.ark:8153369
mjkr0_sx391 /nfs-share/xinchi/kaldi/egs/timit/s5_la5/data-fmllr-tri3/train/data/feats_fmllr_train.6.ark:13911472
fkde0_sx331 /nfs-share/xinchi/kaldi/egs/timit/s5_la5/data-fmllr-tri3/train/data/feats_fmllr_train.2.ark:5895192
mcdc0_si1922 /nfs-share/xinchi/kaldi/egs/timit/s5_la5/data-fmllr-tri3/train/data/feats_fmllr_train.4.ark:9029409
fsmm0_sx54 /nfs-share/xinchi/kaldi/egs/timit/s5_la5/data-fmllr-tri3/train/data/feats_fmllr_train.3.ark:12256632
mrso0_sx39 /nfs-share/xinchi/kaldi/egs/timit/s5_la5/data-fmllr-tri3/train/data/feats_fmllr_train.9.ark:8245637
mrlk0_sx33 /nfs-share/xinchi/kaldi/egs/timit/s5_la5/data-fmllr-tri3/train/data/feats_fmllr_train.9.ark:4706880
fapb0_sx433 /nfs-share/xinchi/kaldi/egs/timit/s5_la5/data-fmllr-tri3/train/data/feats_fmllr_train.1.ark:1928400
mdlr0_sx423 /nfs-share/xinchi/kaldi/egs/timit/s5_la5/data-fmllr-tri3/train/data/feats_fmllr_train.5.ark:4960221
mjdm0_sx170 /nfs-share/xinchi/kaldi/egs/timit/s5_la5/data-fmllr-tri3/train/data/feats_fmllr_train.6.ark:9746635
mdcm0_si850 /nfs-share/xinchi/kaldi/egs/timit/s5_la5/data-fmllr-tri3/train/data/feats_fmllr_train.4.ark:16382197
fdas1_si831 /nfs-share/xinchi/kaldi/egs/timit/s5_la5/data-fmllr-tri3/train/data/feats_fmllr_train.1.ark:9446394
fsdj0_si1115 /nfs-share/xinchi/kaldi/egs/timit/s5_la5/data-fmllr-tri3/train/data/feats_fmllr_train.3.ark:7578695
mmaa0_sx215 /nfs-share/xinchi/kaldi/egs/timit/s5_la5/data-fmllr-tri3/train/data/feats_fmllr_train.7.ark:12818907
mgjc0_sx165 /nfs-share/xinchi/kaldi/egs/timit/s5_la5/data-fmllr-tri3/train/data/feats_fmllr_train.6.ark:1222828
mclk0_sx220 /nfs-share/xinchi/kaldi/egs/timit/s5_la5/data-fmllr-tri3/train/data/feats_fmllr_train.4.ark:11588873
mrcg0_sx438 /nfs-share/xinchi/kaldi/egs/timit/s5_la5/data-fmllr-tri3/train/data/feats_fmllr_train.8.ark:13571395
flmc0_sx22 /nfs-share/xinchi/kaldi/egs/timit/s5_la5/data-fmllr-tri3/train/data/feats_fmllr_train.2.ark:13002593
fgrw0_sx342 /nfs-share/xinchi/kaldi/egs/timit/s5_la5/data-fmllr-tri3/train/data/feats_fmllr_train.1.ark:17799302
fljd0_sx76 /nfs-share/xinchi/kaldi/egs/timit/s5_la5/data-fmllr-tri3/train/data/feats_fmllr_train.2.ark:11535247
mmea0_sx398 /nfs-share/xinchi/kaldi/egs/timit/s5_la5/data-fmllr-tri3/train/data/feats_fmllr_train.7.ark:17610552
mbma1_sx324 /nfs-share/xinchi/kaldi/egs/timit/s5_la5/data-fmllr-tri3/train/data/feats_fmllr_train.4.ark:6153224
fecd0_si1418 /nfs-share/xinchi/kaldi/egs/timit/s5_la5/data-fmllr-tri3/train/data/feats_fmllr_train.1.ark:14136308
mdks0_si2326 /nfs-share/xinchi/kaldi/egs/timit/s5_la5/data-fmllr-tri3/train/data/feats_fmllr_train.5.ark:1990114
mtat1_sx419 /nfs-share/xinchi/kaldi/egs/timit/s5_la5/data-fmllr-tri3/train/data/feats_fmllr_train.10.ark:1970804
mrso0_si1659 /nfs-share/xinchi/kaldi/egs/timit/s5_la5/data-fmllr-tri3/train/data/feats_fmllr_train.9.ark:7963422
fcmg0_sx432 /nfs-share/xinchi/kaldi/egs/timit/s5_la5/data-fmllr-tri3/train/data/feats_fmllr_train.1.ark:8087074
mmgc0_sx45 /nfs-share/xinchi/kaldi/egs/timit/s5_la5/data-fmllr-tri3/train/data/feats_fmllr_train.8.ark:313163
mtkd0_si1187 /nfs-share/xinchi/kaldi/egs/timit/s5_la5/data-fmllr-tri3/train/data/feats_fmllr_train.10.ark:5669771
fdmy0_sx117 /nfs-share/xinchi/kaldi/egs/timit/s5_la5/data-fmllr-tri3/train/data/feats_fmllr_train.1.ark:11877326
mmdm1_sx423 /nfs-share/xinchi/kaldi/egs/timit/s5_la5/data-fmllr-tri3/train/data/feats_fmllr_train.7.ark:16913292
mdhl0_si1439 /nfs-share/xinchi/kaldi/egs/timit/s5_la5/data-fmllr-tri3/train/data/feats_fmllr_train.5.ark:826207
mkxl0_sx195 /nfs-share/xinchi/kaldi/egs/timit/s5_la5/data-fmllr-tri3/train/data/feats_fmllr_train.7.ark:10010374
fpab1_sx211 /nfs-share/xinchi/kaldi/egs/timit/s5_la5/data-fmllr-tri3/train/data/feats_fmllr_train.3.ark:1006475
fsjk1_sx125 /nfs-share/xinchi/kaldi/egs/timit/s5_la5/data-fmllr-tri3/train/data/feats_fmllr_train.3.ark:8963748
mhmr0_si1119 /nfs-share/xinchi/kaldi/egs/timit/s5_la5/data-fmllr-tri3/train/data/feats_fmllr_train.6.ark:4957871
mpfu0_si1258 /nfs-share/xinchi/kaldi/egs/timit/s5_la5/data-fmllr-tri3/train/data/feats_fmllr_train.8.ark:6416822
mjwg0_sx355 /nfs-share/xinchi/kaldi/egs/timit/s5_la5/data-fmllr-tri3/train/data/feats_fmllr_train.7.ark:2280434
mgak0_sx226 /nfs-share/xinchi/kaldi/egs/timit/s5_la5/data-fmllr-tri3/train/data/feats_fmllr_train.5.ark:17155808
mafm0_sx219 /nfs-share/xinchi/kaldi/egs/timit/s5_la5/data-fmllr-tri3/train/data/feats_fmllr_train.4.ark:894637
mtpf0_si1865 /nfs-share/xinchi/kaldi/egs/timit/s5_la5/data-fmllr-tri3/train/data/feats_fmllr_train.10.ark:8504759
mmab1_sx414 /nfs-share/xinchi/kaldi/egs/timit/s5_la5/data-fmllr-tri3/train/data/feats_fmllr_train.7.ark:13306058
mtkd0_sx287 /nfs-share/xinchi/kaldi/egs/timit/s5_la5/data-fmllr-tri3/train/data/feats_fmllr_train.10.ark:5980173
mjpg0_sx111 /nfs-share/xinchi/kaldi/egs/timit/s5_la5/data-fmllr-tri3/train/data/feats_fmllr_train.6.ark:16271606
mjee0_si1867 /nfs-share/xinchi/kaldi/egs/timit/s5_la5/data-fmllr-tri3/train/data/feats_fmllr_train.6.ark:10886272
mrjm1_sx38 /nfs-share/xinchi/kaldi/egs/timit/s5_la5/data-fmllr-tri3/train/data/feats_fmllr_train.9.ark:2392139
mlbc0_sx429 /nfs-share/xinchi/kaldi/egs/timit/s5_la5/data-fmllr-tri3/train/data/feats_fmllr_train.7.ark:10408219
fsma0_si1621 /nfs-share/xinchi/kaldi/egs/timit/s5_la5/data-fmllr-tri3/train/data/feats_fmllr_train.3.ark:11485026
fjxp0_si1752 /nfs-share/xinchi/kaldi/egs/timit/s5_la5/data-fmllr-tri3/train/data/feats_fmllr_train.2.ark:4884409
madd0_sx448 /nfs-share/xinchi/kaldi/egs/timit/s5_la5/data-fmllr-tri3/train/data/feats_fmllr_train.3.ark:17874421
mgar0_si1842 /nfs-share/xinchi/kaldi/egs/timit/s5_la5/data-fmllr-tri3/train/data/feats_fmllr_train.6.ark:93829
mjwg0_sx175 /nfs-share/xinchi/kaldi/egs/timit/s5_la5/data-fmllr-tri3/train/data/feats_fmllr_train.7.ark:2162780
fsls0_sx246 /nfs-share/xinchi/kaldi/egs/timit/s5_la5/data-fmllr-tri3/train/data/feats_fmllr_train.3.ark:11347825
mtpf0_sx245 /nfs-share/xinchi/kaldi/egs/timit/s5_la5/data-fmllr-tri3/train/data/feats_fmllr_train.10.ark:8636360
fhlm0_si2190 /nfs-share/xinchi/kaldi/egs/timit/s5_la5/data-fmllr-tri3/train/data/feats_fmllr_train.1.ark:17983571
mjrg0_si1996 /nfs-share/xinchi/kaldi/egs/timit/s5_la5/data-fmllr-tri3/train/data/feats_fmllr_train.6.ark:17658340
mwre0_sx67 /nfs-share/xinchi/kaldi/egs/timit/s5_la5/data-fmllr-tri3/train/data/feats_fmllr_train.10.ark:16347665
mrab0_si1224 /nfs-share/xinchi/kaldi/egs/timit/s5_la5/data-fmllr-tri3/train/data/feats_fmllr_train.8.ark:10934728
fspm0_si1871 /nfs-share/xinchi/kaldi/egs/timit/s5_la5/data-fmllr-tri3/train/data/feats_fmllr_train.3.ark:12783785
mjdg0_si1672 /nfs-share/xinchi/kaldi/egs/timit/s5_la5/data-fmllr-tri3/train/data/feats_fmllr_train.6.ark:9291003
msvs0_si1568 /nfs-share/xinchi/kaldi/egs/timit/s5_la5/data-fmllr-tri3/train/data/feats_fmllr_train.10.ark:13
mbar0_sx59 /nfs-share/xinchi/kaldi/egs/timit/s5_la5/data-fmllr-tri3/train/data/feats_fmllr_train.4.ark:3722158
ftaj0_sx159 /nfs-share/xinchi/kaldi/egs/timit/s5_la5/data-fmllr-tri3/train/data/feats_fmllr_train.3.ark:14031690
fjdm2_si2212 /nfs-share/xinchi/kaldi/egs/timit/s5_la5/data-fmllr-tri3/train/data/feats_fmllr_train.2.ark:96549
mmgg0_si1709 /nfs-share/xinchi/kaldi/egs/timit/s5_la5/data-fmllr-tri3/train/data/feats_fmllr_train.8.ark:428579
flhd0_si1827 /nfs-share/xinchi/kaldi/egs/timit/s5_la5/data-fmllr-tri3/train/data/feats_fmllr_train.2.ark:10463130
fssb0_si2342 /nfs-share/xinchi/kaldi/egs/timit/s5_la5/data-fmllr-tri3/train/data/feats_fmllr_train.3.ark:13619287
mvjh0_sx386 /nfs-share/xinchi/kaldi/egs/timit/s5_la5/data-fmllr-tri3/train/data/feats_fmllr_train.10.ark:12665970
mram0_sx195 /nfs-share/xinchi/kaldi/egs/timit/s5_la5/data-fmllr-tri3/train/data/feats_fmllr_train.8.ark:12384795
mdbp0_si528 /nfs-share/xinchi/kaldi/egs/timit/s5_la5/data-fmllr-tri3/train/data/feats_fmllr_train.4.ark:15555843
mdss1_si697 /nfs-share/xinchi/kaldi/egs/timit/s5_la5/data-fmllr-tri3/train/data/feats_fmllr_train.5.ark:8982501
fdnc0_sx378 /nfs-share/xinchi/kaldi/egs/timit/s5_la5/data-fmllr-tri3/train/data/feats_fmllr_train.1.ark:12532691
mnet0_si2076 /nfs-share/xinchi/kaldi/egs/timit/s5_la5/data-fmllr-tri3/train/data/feats_fmllr_train.8.ark:5047983
mgrp0_sx417 /nfs-share/xinchi/kaldi/egs/timit/s5_la5/data-fmllr-tri3/train/data/feats_fmllr_train.6.ark:2202223
mgaw0_sx175 /nfs-share/xinchi/kaldi/egs/timit/s5_la5/data-fmllr-tri3/train/data/feats_fmllr_train.6.ark:549753
mcss0_sx210 /nfs-share/xinchi/kaldi/egs/timit/s5_la5/data-fmllr-tri3/train/data/feats_fmllr_train.4.ark:13079340
fsjw0_si1333 /nfs-share/xinchi/kaldi/egs/timit/s5_la5/data-fmllr-tri3/train/data/feats_fmllr_train.3.ark:9584260
mwrp0_si1525 /nfs-share/xinchi/kaldi/egs/timit/s5_la5/data-fmllr-tri3/train/data/feats_fmllr_train.10.ark:16487401
mddc0_sx159 /nfs-share/xinchi/kaldi/egs/timit/s5_la5/data-fmllr-tri3/train/data/feats_fmllr_train.4.ark:16793321
fkde0_si1141 /nfs-share/xinchi/kaldi/egs/timit/s5_la5/data-fmllr-tri3/train/data/feats_fmllr_train.2.ark:5621455
fjsk0_sx242 /nfs-share/xinchi/kaldi/egs/timit/s5_la5/data-fmllr-tri3/train/data/feats_fmllr_train.2.ark:3458183
fkkh0_sx210 /nfs-share/xinchi/kaldi/egs/timit/s5_la5/data-fmllr-tri3/train/data/feats_fmllr_train.2.ark:7140936
falr0_sx65 /nfs-share/xinchi/kaldi/egs/timit/s5_la5/data-fmllr-tri3/train/data/feats_fmllr_train.1.ark:1531248
mctm0_sx450 /nfs-share/xinchi/kaldi/egs/timit/s5_la5/data-fmllr-tri3/train/data/feats_fmllr_train.4.ark:13904948
flet0_si1767 /nfs-share/xinchi/kaldi/egs/timit/s5_la5/data-fmllr-tri3/train/data/feats_fmllr_train.2.ark:10101633
mjee0_sx67 /nfs-share/xinchi/kaldi/egs/timit/s5_la5/data-fmllr-tri3/train/data/feats_fmllr_train.6.ark:11153153
fsdj0_sx35 /nfs-share/xinchi/kaldi/egs/timit/s5_la5/data-fmllr-tri3/train/data/feats_fmllr_train.3.ark:7837737
fceg0_si1248 /nfs-share/xinchi/kaldi/egs/timit/s5_la5/data-fmllr-tri3/train/data/feats_fmllr_train.1.ark:6075585
frjb0_sx437 /nfs-share/xinchi/kaldi/egs/timit/s5_la5/data-fmllr-tri3/train/data/feats_fmllr_train.3.ark:4597762
mwsb0_si2256 /nfs-share/xinchi/kaldi/egs/timit/s5_la5/data-fmllr-tri3/train/data/feats_fmllr_train.10.ark:16839937
mkaj0_si784 /nfs-share/xinchi/kaldi/egs/timit/s5_la5/data-fmllr-tri3/train/data/feats_fmllr_train.7.ark:4909391
fsdc0_si1312 /nfs-share/xinchi/kaldi/egs/timit/s5_la5/data-fmllr-tri3/train/data/feats_fmllr_train.3.ark:7225517
mjfr0_sx435 /nfs-share/xinchi/kaldi/egs/timit/s5_la5/data-fmllr-tri3/train/data/feats_fmllr_train.6.ark:11831961
mjsr0_si1424 /nfs-share/xinchi/kaldi/egs/timit/s5_la5/data-fmllr-tri3/train/data/feats_fmllr_train.7.ark:1466482
mchl0_si1977 /nfs-share/xinchi/kaldi/egs/timit/s5_la5/data-fmllr-tri3/train/data/feats_fmllr_train.4.ark:11121722
mbcg0_sx417 /nfs-share/xinchi/kaldi/egs/timit/s5_la5/data-fmllr-tri3/train/data/feats_fmllr_train.4.ark:4388806
fjhk0_sx302 /nfs-share/xinchi/kaldi/egs/timit/s5_la5/data-fmllr-tri3/train/data/feats_fmllr_train.2.ark:1122026
mmar0_sx436 /nfs-share/xinchi/kaldi/egs/timit/s5_la5/data-fmllr-tri3/train/data/feats_fmllr_train.7.ark:14568310
mmsm0_sx116 /nfs-share/xinchi/kaldi/egs/timit/s5_la5/data-fmllr-tri3/train/data/feats_fmllr_train.8.ark:2748016
ftbw0_si1975 /nfs-share/xinchi/kaldi/egs/timit/s5_la5/data-fmllr-tri3/train/data/feats_fmllr_train.3.ark:14626470
mgaw0_si1165 /nfs-share/xinchi/kaldi/egs/timit/s5_la5/data-fmllr-tri3/train/data/feats_fmllr_train.6.ark:385831
fltm0_sx80 /nfs-share/xinchi/kaldi/egs/timit/s5_la5/data-fmllr-tri3/train/data/feats_fmllr_train.2.ark:14304608
mdlh0_si574 /nfs-share/xinchi/kaldi/egs/timit/s5_la5/data-fmllr-tri3/train/data/feats_fmllr_train.5.ark:3964132
mewm0_sx268 /nfs-share/xinchi/kaldi/egs/timit/s5_la5/data-fmllr-tri3/train/data/feats_fmllr_train.5.ark:13858012
fbch0_sx236 /nfs-share/xinchi/kaldi/egs/timit/s5_la5/data-fmllr-tri3/train/data/feats_fmllr_train.1.ark:3076677
fpmy0_sx196 /nfs-share/xinchi/kaldi/egs/timit/s5_la5/data-fmllr-tri3/train/data/feats_fmllr_train.3.ark:3824633
mlns0_sx147 /nfs-share/xinchi/kaldi/egs/timit/s5_la5/data-fmllr-tri3/train/data/feats_fmllr_train.7.ark:11966286
msfh0_sx46 /nfs-share/xinchi/kaldi/egs/timit/s5_la5/data-fmllr-tri3/train/data/feats_fmllr_train.9.ark:14934158
mtrc0_si993 /nfs-share/xinchi/kaldi/egs/timit/s5_la5/data-fmllr-tri3/train/data/feats_fmllr_train.10.ark:10573390
mjsr0_si2054 /nfs-share/xinchi/kaldi/egs/timit/s5_la5/data-fmllr-tri3/train/data/feats_fmllr_train.7.ark:1525550
fdmy0_si714 /nfs-share/xinchi/kaldi/egs/timit/s5_la5/data-fmllr-tri3/train/data/feats_fmllr_train.1.ark:11772179
mrdd0_sx60 /nfs-share/xinchi/kaldi/egs/timit/s5_la5/data-fmllr-tri3/train/data/feats_fmllr_train.8.ark:14357136
mtab0_sx402 /nfs-share/xinchi/kaldi/egs/timit/s5_la5/data-fmllr-tri3/train/data/feats_fmllr_train.10.ark:850313
mcdc0_sx302 /nfs-share/xinchi/kaldi/egs/timit/s5_la5/data-fmllr-tri3/train/data/feats_fmllr_train.4.ark:9213517
mter0_si527 /nfs-share/xinchi/kaldi/egs/timit/s5_la5/data-fmllr-tri3/train/data/feats_fmllr_train.10.ark:3799462
mtrc0_sx183 /nfs-share/xinchi/kaldi/egs/timit/s5_la5/data-fmllr-tri3/train/data/feats_fmllr_train.10.ark:10667364
mpsw0_si1697 /nfs-share/xinchi/kaldi/egs/timit/s5_la5/data-fmllr-tri3/train/data/feats_fmllr_train.8.ark:10666539
mkrg0_sx51 /nfs-share/xinchi/kaldi/egs/timit/s5_la5/data-fmllr-tri3/train/data/feats_fmllr_train.7.ark:9718370
mdhl0_si809 /nfs-share/xinchi/kaldi/egs/timit/s5_la5/data-fmllr-tri3/train/data/feats_fmllr_train.5.ark:919702
fsak0_sx220 /nfs-share/xinchi/kaldi/egs/timit/s5_la5/data-fmllr-tri3/train/data/feats_fmllr_train.3.ark:6137135
mmar0_sx166 /nfs-share/xinchi/kaldi/egs/timit/s5_la5/data-fmllr-tri3/train/data/feats_fmllr_train.7.ark:14354149
fvkb0_sx349 /nfs-share/xinchi/kaldi/egs/timit/s5_la5/data-fmllr-tri3/train/data/feats_fmllr_train.3.ark:16318486
mkdd0_si2197 /nfs-share/xinchi/kaldi/egs/timit/s5_la5/data-fmllr-tri3/train/data/feats_fmllr_train.7.ark:6006815
mgag0_si691 /nfs-share/xinchi/kaldi/egs/timit/s5_la5/data-fmllr-tri3/train/data/feats_fmllr_train.5.ark:16663216
msrg0_si1851 /nfs-share/xinchi/kaldi/egs/timit/s5_la5/data-fmllr-tri3/train/data/feats_fmllr_train.9.ark:17046818
mprt0_sx310 /nfs-share/xinchi/kaldi/egs/timit/s5_la5/data-fmllr-tri3/train/data/feats_fmllr_train.8.ark:10507550
mpar0_sx316 /nfs-share/xinchi/kaldi/egs/timit/s5_la5/data-fmllr-tri3/train/data/feats_fmllr_train.8.ark:5954764
mdac0_si1837 /nfs-share/xinchi/kaldi/egs/timit/s5_la5/data-fmllr-tri3/train/data/feats_fmllr_train.4.ark:14408767
fjrp1_sx352 /nfs-share/xinchi/kaldi/egs/timit/s5_la5/data-fmllr-tri3/train/data/feats_fmllr_train.2.ark:3065192
mmdb0_sx177 /nfs-share/xinchi/kaldi/egs/timit/s5_la5/data-fmllr-tri3/train/data/feats_fmllr_train.7.ark:15631440
mclm0_sx286 /nfs-share/xinchi/kaldi/egs/timit/s5_la5/data-fmllr-tri3/train/data/feats_fmllr_train.4.ark:12010583
mdcd0_sx245 /nfs-share/xinchi/kaldi/egs/timit/s5_la5/data-fmllr-tri3/train/data/feats_fmllr_train.4.ark:16090514
fsag0_sx333 /nfs-share/xinchi/kaldi/egs/timit/s5_la5/data-fmllr-tri3/train/data/feats_fmllr_train.3.ark:5336088
mdns0_si1011 /nfs-share/xinchi/kaldi/egs/timit/s5_la5/data-fmllr-tri3/train/data/feats_fmllr_train.5.ark:6279327
mmrp0_si717 /nfs-share/xinchi/kaldi/egs/timit/s5_la5/data-fmllr-tri3/train/data/feats_fmllr_train.8.ark:2177185
mjrk0_sx160 /nfs-share/xinchi/kaldi/egs/timit/s5_la5/data-fmllr-tri3/train/data/feats_fmllr_train.7.ark:887730
mdpk0_sx63 /nfs-share/xinchi/kaldi/egs/timit/s5_la5/data-fmllr-tri3/train/data/feats_fmllr_train.5.ark:7377710
mcpm0_sx294 /nfs-share/xinchi/kaldi/egs/timit/s5_la5/data-fmllr-tri3/train/data/feats_fmllr_train.4.ark:12389680
mjma0_si1495 /nfs-share/xinchi/kaldi/egs/timit/s5_la5/data-fmllr-tri3/train/data/feats_fmllr_train.6.ark:15057912
ftaj0_sx249 /nfs-share/xinchi/kaldi/egs/timit/s5_la5/data-fmllr-tri3/train/data/feats_fmllr_train.3.ark:14072197
mrjh0_sx439 /nfs-share/xinchi/kaldi/egs/timit/s5_la5/data-fmllr-tri3/train/data/feats_fmllr_train.9.ark:1578905
mhrm0_sx418 /nfs-share/xinchi/kaldi/egs/timit/s5_la5/data-fmllr-tri3/train/data/feats_fmllr_train.6.ark:5609131
flja0_sx448 /nfs-share/xinchi/kaldi/egs/timit/s5_la5/data-fmllr-tri3/train/data/feats_fmllr_train.2.ark:11098844
mmea0_sx38 /nfs-share/xinchi/kaldi/egs/timit/s5_la5/data-fmllr-tri3/train/data/feats_fmllr_train.7.ark:17568925
mgsl0_sx84 /nfs-share/xinchi/kaldi/egs/timit/s5_la5/data-fmllr-tri3/train/data/feats_fmllr_train.6.ark:3090200
mlsh0_sx157 /nfs-share/xinchi/kaldi/egs/timit/s5_la5/data-fmllr-tri3/train/data/feats_fmllr_train.7.ark:12338183
fclt0_sx88 /nfs-share/xinchi/kaldi/egs/timit/s5_la5/data-fmllr-tri3/train/data/feats_fmllr_train.1.ark:7724962
msfh0_si1738 /nfs-share/xinchi/kaldi/egs/timit/s5_la5/data-fmllr-tri3/train/data/feats_fmllr_train.9.ark:14556237
mses0_sx149 /nfs-share/xinchi/kaldi/egs/timit/s5_la5/data-fmllr-tri3/train/data/feats_fmllr_train.9.ark:14300074
mjae0_si1999 /nfs-share/xinchi/kaldi/egs/timit/s5_la5/data-fmllr-tri3/train/data/feats_fmllr_train.6.ark:6911140
fdtd0_sx301 /nfs-share/xinchi/kaldi/egs/timit/s5_la5/data-fmllr-tri3/train/data/feats_fmllr_train.1.ark:12833975
mwsb0_sx96 /nfs-share/xinchi/kaldi/egs/timit/s5_la5/data-fmllr-tri3/train/data/feats_fmllr_train.10.ark:17095456
flag0_sx384 /nfs-share/xinchi/kaldi/egs/timit/s5_la5/data-fmllr-tri3/train/data/feats_fmllr_train.2.ark:9613519
fklh0_si627 /nfs-share/xinchi/kaldi/egs/timit/s5_la5/data-fmllr-tri3/train/data/feats_fmllr_train.2.ark:8205534
fpad0_sx86 /nfs-share/xinchi/kaldi/egs/timit/s5_la5/data-fmllr-tri3/train/data/feats_fmllr_train.3.ark:1988749
fjwb1_sx345 /nfs-share/xinchi/kaldi/egs/timit/s5_la5/data-fmllr-tri3/train/data/feats_fmllr_train.2.ark:4268083
mcxm0_si1981 /nfs-share/xinchi/kaldi/egs/timit/s5_la5/data-fmllr-tri3/train/data/feats_fmllr_train.4.ark:14031110
fceg0_si1878 /nfs-share/xinchi/kaldi/egs/timit/s5_la5/data-fmllr-tri3/train/data/feats_fmllr_train.1.ark:6132733
msjk0_si966 /nfs-share/xinchi/kaldi/egs/timit/s5_la5/data-fmllr-tri3/train/data/feats_fmllr_train.9.ark:15525498
fgmb0_si1145 /nfs-share/xinchi/kaldi/egs/timit/s5_la5/data-fmllr-tri3/train/data/feats_fmllr_train.1.ark:17059428
fkkh0_si1920 /nfs-share/xinchi/kaldi/egs/timit/s5_la5/data-fmllr-tri3/train/data/feats_fmllr_train.2.ark:6962455
fdxw0_sx161 /nfs-share/xinchi/kaldi/egs/timit/s5_la5/data-fmllr-tri3/train/data/feats_fmllr_train.1.ark:13123579
fblv0_si2318 /nfs-share/xinchi/kaldi/egs/timit/s5_la5/data-fmllr-tri3/train/data/feats_fmllr_train.1.ark:3799778
mjrp0_sx135 /nfs-share/xinchi/kaldi/egs/timit/s5_la5/data-fmllr-tri3/train/data/feats_fmllr_train.7.ark:1255467
maeb0_sx450 /nfs-share/xinchi/kaldi/egs/timit/s5_la5/data-fmllr-tri3/train/data/feats_fmllr_train.4.ark:288656
mrfl0_sx256 /nfs-share/xinchi/kaldi/egs/timit/s5_la5/data-fmllr-tri3/train/data/feats_fmllr_train.8.ark:17293513
ftbw0_sx445 /nfs-share/xinchi/kaldi/egs/timit/s5_la5/data-fmllr-tri3/train/data/feats_fmllr_train.3.ark:14894125
marc0_sx288 /nfs-share/xinchi/kaldi/egs/timit/s5_la5/data-fmllr-tri3/train/data/feats_fmllr_train.4.ark:2883617
mrlj0_si790 /nfs-share/xinchi/kaldi/egs/timit/s5_la5/data-fmllr-tri3/train/data/feats_fmllr_train.9.ark:3794658
mdns0_sx111 /nfs-share/xinchi/kaldi/egs/timit/s5_la5/data-fmllr-tri3/train/data/feats_fmllr_train.5.ark:6466449
fvkb0_si1789 /nfs-share/xinchi/kaldi/egs/timit/s5_la5/data-fmllr-tri3/train/data/feats_fmllr_train.3.ark:16135178
mjbg0_si1862 /nfs-share/xinchi/kaldi/egs/timit/s5_la5/data-fmllr-tri3/train/data/feats_fmllr_train.6.ark:7726962
fjsk0_sx332 /nfs-share/xinchi/kaldi/egs/timit/s5_la5/data-fmllr-tri3/train/data/feats_fmllr_train.2.ark:3504290
fdkn0_sx451 /nfs-share/xinchi/kaldi/egs/timit/s5_la5/data-fmllr-tri3/train/data/feats_fmllr_train.1.ark:11158253
mdwd0_sx450 /nfs-share/xinchi/kaldi/egs/timit/s5_la5/data-fmllr-tri3/train/data/feats_fmllr_train.5.ark:9848324
mrpc1_si1482 /nfs-share/xinchi/kaldi/egs/timit/s5_la5/data-fmllr-tri3/train/data/feats_fmllr_train.9.ark:7091440
flmk0_sx225 /nfs-share/xinchi/kaldi/egs/timit/s5_la5/data-fmllr-tri3/train/data/feats_fmllr_train.2.ark:13416892
mrcw0_sx201 /nfs-share/xinchi/kaldi/egs/timit/s5_la5/data-fmllr-tri3/train/data/feats_fmllr_train.8.ark:13901958
mjls0_sx16 /nfs-share/xinchi/kaldi/egs/timit/s5_la5/data-fmllr-tri3/train/data/feats_fmllr_train.6.ark:14880843
mkxl0_si1815 /nfs-share/xinchi/kaldi/egs/timit/s5_la5/data-fmllr-tri3/train/data/feats_fmllr_train.7.ark:9795386
fpad0_sx446 /nfs-share/xinchi/kaldi/egs/timit/s5_la5/data-fmllr-tri3/train/data/feats_fmllr_train.3.ark:1943923
fkaa0_si1838 /nfs-share/xinchi/kaldi/egs/timit/s5_la5/data-fmllr-tri3/train/data/feats_fmllr_train.2.ark:5245746
fjrp1_sx262 /nfs-share/xinchi/kaldi/egs/timit/s5_la5/data-fmllr-tri3/train/data/feats_fmllr_train.2.ark:3000685
maeb0_sx360 /nfs-share/xinchi/kaldi/egs/timit/s5_la5/data-fmllr-tri3/train/data/feats_fmllr_train.4.ark:242549
mljc0_sx415 /nfs-share/xinchi/kaldi/egs/timit/s5_la5/data-fmllr-tri3/train/data/feats_fmllr_train.7.ark:11238733
mkah0_si1528 /nfs-share/xinchi/kaldi/egs/timit/s5_la5/data-fmllr-tri3/train/data/feats_fmllr_train.7.ark:4423519
mrcg0_sx348 /nfs-share/xinchi/kaldi/egs/timit/s5_la5/data-fmllr-tri3/train/data/feats_fmllr_train.8.ark:13506408
fklc0_sx265 /nfs-share/xinchi/kaldi/egs/timit/s5_la5/data-fmllr-tri3/train/data/feats_fmllr_train.2.ark:7527073
msrg0_sx51 /nfs-share/xinchi/kaldi/egs/timit/s5_la5/data-fmllr-tri3/train/data/feats_fmllr_train.9.ark:17305059
mdef0_sx33 /nfs-share/xinchi/kaldi/egs/timit/s5_la5/data-fmllr-tri3/train/data/feats_fmllr_train.5.ark:274256
mafm0_sx39 /nfs-share/xinchi/kaldi/egs/timit/s5_la5/data-fmllr-tri3/train/data/feats_fmllr_train.4.ark:988130
mjjj0_sx83 /nfs-share/xinchi/kaldi/egs/timit/s5_la5/data-fmllr-tri3/train/data/feats_fmllr_train.6.ark:13121278
flag0_si1464 /nfs-share/xinchi/kaldi/egs/timit/s5_la5/data-fmllr-tri3/train/data/feats_fmllr_train.2.ark:9220850
mzmb0_si536 /nfs-share/xinchi/kaldi/egs/timit/s5_la5/data-fmllr-tri3/train/data/feats_fmllr_train.10.ark:17687756
fjxp0_si1122 /nfs-share/xinchi/kaldi/egs/timit/s5_la5/data-fmllr-tri3/train/data/feats_fmllr_train.2.ark:4841021
mrvg0_si1140 /nfs-share/xinchi/kaldi/egs/timit/s5_la5/data-fmllr-tri3/train/data/feats_fmllr_train.9.ark:9665703
fsma0_sx181 /nfs-share/xinchi/kaldi/egs/timit/s5_la5/data-fmllr-tri3/train/data/feats_fmllr_train.3.ark:11632948
mcpm0_si564 /nfs-share/xinchi/kaldi/egs/timit/s5_la5/data-fmllr-tri3/train/data/feats_fmllr_train.4.ark:12213253
flkm0_si620 /nfs-share/xinchi/kaldi/egs/timit/s5_la5/data-fmllr-tri3/train/data/feats_fmllr_train.2.ark:12094239
mjjb0_sx239 /nfs-share/xinchi/kaldi/egs/timit/s5_la5/data-fmllr-tri3/train/data/feats_fmllr_train.6.ark:12529781
mrab1_si2108 /nfs-share/xinchi/kaldi/egs/timit/s5_la5/data-fmllr-tri3/train/data/feats_fmllr_train.8.ark:11368893
mcef0_si1765 /nfs-share/xinchi/kaldi/egs/timit/s5_la5/data-fmllr-tri3/train/data/feats_fmllr_train.4.ark:10169740
fpaz0_si2223 /nfs-share/xinchi/kaldi/egs/timit/s5_la5/data-fmllr-tri3/train/data/feats_fmllr_train.3.ark:2455103
fcke0_sx301 /nfs-share/xinchi/kaldi/egs/timit/s5_la5/data-fmllr-tri3/train/data/feats_fmllr_train.1.ark:7306132
fntb0_si573 /nfs-share/xinchi/kaldi/egs/timit/s5_la5/data-fmllr-tri3/train/data/feats_fmllr_train.3.ark:417537
msat0_sx446 /nfs-share/xinchi/kaldi/egs/timit/s5_la5/data-fmllr-tri3/train/data/feats_fmllr_train.9.ark:12079969
mafm0_si1569 /nfs-share/xinchi/kaldi/egs/timit/s5_la5/data-fmllr-tri3/train/data/feats_fmllr_train.4.ark:746368
mrds0_si1797 /nfs-share/xinchi/kaldi/egs/timit/s5_la5/data-fmllr-tri3/train/data/feats_fmllr_train.8.ark:14817409
fpls0_si1590 /nfs-share/xinchi/kaldi/egs/timit/s5_la5/data-fmllr-tri3/train/data/feats_fmllr_train.3.ark:3203989
mmam0_si1668 /nfs-share/xinchi/kaldi/egs/timit/s5_la5/data-fmllr-tri3/train/data/feats_fmllr_train.7.ark:13909397
fapb0_sx343 /nfs-share/xinchi/kaldi/egs/timit/s5_la5/data-fmllr-tri3/train/data/feats_fmllr_train.1.ark:1865653
mwdk0_si1436 /nfs-share/xinchi/kaldi/egs/timit/s5_la5/data-fmllr-tri3/train/data/feats_fmllr_train.10.ark:14865863
fbcg1_sx442 /nfs-share/xinchi/kaldi/egs/timit/s5_la5/data-fmllr-tri3/train/data/feats_fmllr_train.1.ark:2750915
fhxs0_si2302 /nfs-share/xinchi/kaldi/egs/timit/s5_la5/data-fmllr-tri3/train/data/feats_fmllr_train.1.ark:18430189
fmkc0_si1702 /nfs-share/xinchi/kaldi/egs/timit/s5_la5/data-fmllr-tri3/train/data/feats_fmllr_train.2.ark:16841512
fsls0_si2316 /nfs-share/xinchi/kaldi/egs/timit/s5_la5/data-fmllr-tri3/train/data/feats_fmllr_train.3.ark:11197984
fsgf0_sx387 /nfs-share/xinchi/kaldi/egs/timit/s5_la5/data-fmllr-tri3/train/data/feats_fmllr_train.3.ark:8252861
mtrr0_sx288 /nfs-share/xinchi/kaldi/egs/timit/s5_la5/data-fmllr-tri3/train/data/feats_fmllr_train.10.ark:11079634
maeo0_sx66 /nfs-share/xinchi/kaldi/egs/timit/s5_la5/data-fmllr-tri3/train/data/feats_fmllr_train.4.ark:710980
mewm0_sx88 /nfs-share/xinchi/kaldi/egs/timit/s5_la5/data-fmllr-tri3/train/data/feats_fmllr_train.5.ark:13974412
mwch0_si1895 /nfs-share/xinchi/kaldi/egs/timit/s5_la5/data-fmllr-tri3/train/data/feats_fmllr_train.10.ark:14589353
msmr0_sx415 /nfs-share/xinchi/kaldi/egs/timit/s5_la5/data-fmllr-tri3/train/data/feats_fmllr_train.9.ark:16516919
mjls0_sx286 /nfs-share/xinchi/kaldi/egs/timit/s5_la5/data-fmllr-tri3/train/data/feats_fmllr_train.6.ark:14947617
makr0_si722 /nfs-share/xinchi/kaldi/egs/timit/s5_la5/data-fmllr-tri3/train/data/feats_fmllr_train.4.ark:2037956
mdcd0_si785 /nfs-share/xinchi/kaldi/egs/timit/s5_la5/data-fmllr-tri3/train/data/feats_fmllr_train.4.ark:15969500
mfwk0_sx349 /nfs-share/xinchi/kaldi/egs/timit/s5_la5/data-fmllr-tri3/train/data/feats_fmllr_train.5.ark:15332348
mwrp0_sx3 /nfs-share/xinchi/kaldi/egs/timit/s5_la5/data-fmllr-tri3/train/data/feats_fmllr_train.10.ark:16676468
fjsk0_si2312 /nfs-share/xinchi/kaldi/egs/timit/s5_la5/data-fmllr-tri3/train/data/feats_fmllr_train.2.ark:3379249
mrcg0_si798 /nfs-share/xinchi/kaldi/egs/timit/s5_la5/data-fmllr-tri3/train/data/feats_fmllr_train.8.ark:13347447
fnkl0_sx82 /nfs-share/xinchi/kaldi/egs/timit/s5_la5/data-fmllr-tri3/train/data/feats_fmllr_train.3.ark:328522
mrdm0_si965 /nfs-share/xinchi/kaldi/egs/timit/s5_la5/data-fmllr-tri3/train/data/feats_fmllr_train.8.ark:14517059
msdh0_si2240 /nfs-share/xinchi/kaldi/egs/timit/s5_la5/data-fmllr-tri3/train/data/feats_fmllr_train.9.ark:12821927
fkfb0_sx438 /nfs-share/xinchi/kaldi/egs/timit/s5_la5/data-fmllr-tri3/train/data/feats_fmllr_train.2.ark:6749093
mgar0_sx402 /nfs-share/xinchi/kaldi/egs/timit/s5_la5/data-fmllr-tri3/train/data/feats_fmllr_train.6.ark:299057
mcae0_sx277 /nfs-share/xinchi/kaldi/egs/timit/s5_la5/data-fmllr-tri3/train/data/feats_fmllr_train.4.ark:8387938
falr0_si695 /nfs-share/xinchi/kaldi/egs/timit/s5_la5/data-fmllr-tri3/train/data/feats_fmllr_train.1.ark:1302954
fjhk0_si1652 /nfs-share/xinchi/kaldi/egs/timit/s5_la5/data-fmllr-tri3/train/data/feats_fmllr_train.2.ark:906717
mhmg0_sx195 /nfs-share/xinchi/kaldi/egs/timit/s5_la5/data-fmllr-tri3/train/data/feats_fmllr_train.6.ark:4844029
mjlb0_sx176 /nfs-share/xinchi/kaldi/egs/timit/s5_la5/data-fmllr-tri3/train/data/feats_fmllr_train.6.ark:14090302
majp0_sx444 /nfs-share/xinchi/kaldi/egs/timit/s5_la5/data-fmllr-tri3/train/data/feats_fmllr_train.4.ark:1387869
mrgm0_sx416 /nfs-share/xinchi/kaldi/egs/timit/s5_la5/data-fmllr-tri3/train/data/feats_fmllr_train.8.ark:17785917
mzmb0_sx176 /nfs-share/xinchi/kaldi/egs/timit/s5_la5/data-fmllr-tri3/train/data/feats_fmllr_train.10.ark:17744423
mhmg0_sx285 /nfs-share/xinchi/kaldi/egs/timit/s5_la5/data-fmllr-tri3/train/data/feats_fmllr_train.6.ark:4871416
mjjj0_sx173 /nfs-share/xinchi/kaldi/egs/timit/s5_la5/data-fmllr-tri3/train/data/feats_fmllr_train.6.ark:12913011
mkjo0_si887 /nfs-share/xinchi/kaldi/egs/timit/s5_la5/data-fmllr-tri3/train/data/feats_fmllr_train.7.ark:7230052
mwad0_si1749 /nfs-share/xinchi/kaldi/egs/timit/s5_la5/data-fmllr-tri3/train/data/feats_fmllr_train.10.ark:13929717
mrmb0_si2211 /nfs-share/xinchi/kaldi/egs/timit/s5_la5/data-fmllr-tri3/train/data/feats_fmllr_train.9.ark:5188780
mgsh0_sx186 /nfs-share/xinchi/kaldi/egs/timit/s5_la5/data-fmllr-tri3/train/data/feats_fmllr_train.6.ark:2530706
mdlr0_sx153 /nfs-share/xinchi/kaldi/egs/timit/s5_la5/data-fmllr-tri3/train/data/feats_fmllr_train.5.ark:4787980
mpfu0_si628 /nfs-share/xinchi/kaldi/egs/timit/s5_la5/data-fmllr-tri3/train/data/feats_fmllr_train.8.ark:6519437
mrew1_sx330 /nfs-share/xinchi/kaldi/egs/timit/s5_la5/data-fmllr-tri3/train/data/feats_fmllr_train.8.ark:16549745
msds0_sx267 /nfs-share/xinchi/kaldi/egs/timit/s5_la5/data-fmllr-tri3/train/data/feats_fmllr_train.9.ark:13429586
frll0_si805 /nfs-share/xinchi/kaldi/egs/timit/s5_la5/data-fmllr-tri3/train/data/feats_fmllr_train.3.ark:4743443
fajw0_sx183 /nfs-share/xinchi/kaldi/egs/timit/s5_la5/data-fmllr-tri3/train/data/feats_fmllr_train.1.ark:591032
mjws0_sx243 /nfs-share/xinchi/kaldi/egs/timit/s5_la5/data-fmllr-tri3/train/data/feats_fmllr_train.7.ark:2592944
msah1_sx239 /nfs-share/xinchi/kaldi/egs/timit/s5_la5/data-fmllr-tri3/train/data/feats_fmllr_train.9.ark:11252281
mtmn0_sx74 /nfs-share/xinchi/kaldi/egs/timit/s5_la5/data-fmllr-tri3/train/data/feats_fmllr_train.10.ark:8024646
mwsh0_sx256 /nfs-share/xinchi/kaldi/egs/timit/s5_la5/data-fmllr-tri3/train/data/feats_fmllr_train.10.ark:17387113
mljh0_si1324 /nfs-share/xinchi/kaldi/egs/timit/s5_la5/data-fmllr-tri3/train/data/feats_fmllr_train.7.ark:11325187
mmgc0_si1935 /nfs-share/xinchi/kaldi/egs/timit/s5_la5/data-fmllr-tri3/train/data/feats_fmllr_train.8.ark:67561
fdkn0_sx271 /nfs-share/xinchi/kaldi/egs/timit/s5_la5/data-fmllr-tri3/train/data/feats_fmllr_train.1.ark:11062839
mtkp0_sx213 /nfs-share/xinchi/kaldi/egs/timit/s5_la5/data-fmllr-tri3/train/data/feats_fmllr_train.10.ark:6340337
maeo0_si1655 /nfs-share/xinchi/kaldi/egs/timit/s5_la5/data-fmllr-tri3/train/data/feats_fmllr_train.4.ark:435138
fceg0_sx258 /nfs-share/xinchi/kaldi/egs/timit/s5_la5/data-fmllr-tri3/train/data/feats_fmllr_train.1.ark:6221134
mrjt0_sx58 /nfs-share/xinchi/kaldi/egs/timit/s5_la5/data-fmllr-tri3/train/data/feats_fmllr_train.9.ark:2828063
fkfb0_sx78 /nfs-share/xinchi/kaldi/egs/timit/s5_la5/data-fmllr-tri3/train/data/feats_fmllr_train.2.ark:6850879
mwdk0_sx446 /nfs-share/xinchi/kaldi/egs/timit/s5_la5/data-fmllr-tri3/train/data/feats_fmllr_train.10.ark:15165386
fntb0_sx303 /nfs-share/xinchi/kaldi/egs/timit/s5_la5/data-fmllr-tri3/train/data/feats_fmllr_train.3.ark:626125
mhrm0_sx238 /nfs-share/xinchi/kaldi/egs/timit/s5_la5/data-fmllr-tri3/train/data/feats_fmllr_train.6.ark:5522517
flma0_sx253 /nfs-share/xinchi/kaldi/egs/timit/s5_la5/data-fmllr-tri3/train/data/feats_fmllr_train.2.ark:12657257
mjlg1_sx22 /nfs-share/xinchi/kaldi/egs/timit/s5_la5/data-fmllr-tri3/train/data/feats_fmllr_train.6.ark:14527213
fsms1_si2134 /nfs-share/xinchi/kaldi/egs/timit/s5_la5/data-fmllr-tri3/train/data/feats_fmllr_train.3.ark:12357968
fpmy0_sx253 /nfs-share/xinchi/kaldi/egs/timit/s5_la5/data-fmllr-tri3/train/data/feats_fmllr_train.3.ark:3859700
falk0_sx186 /nfs-share/xinchi/kaldi/egs/timit/s5_la5/data-fmllr-tri3/train/data/feats_fmllr_train.1.ark:984206
mreh1_sx339 /nfs-share/xinchi/kaldi/egs/timit/s5_la5/data-fmllr-tri3/train/data/feats_fmllr_train.8.ark:15812512
madd0_sx358 /nfs-share/xinchi/kaldi/egs/timit/s5_la5/data-fmllr-tri3/train/data/feats_fmllr_train.3.ark:17832794
mhmr0_si1692 /nfs-share/xinchi/kaldi/egs/timit/s5_la5/data-fmllr-tri3/train/data/feats_fmllr_train.6.ark:4998219
mwdk0_sx176 /nfs-share/xinchi/kaldi/egs/timit/s5_la5/data-fmllr-tri3/train/data/feats_fmllr_train.10.ark:15018585
mmdm0_si681 /nfs-share/xinchi/kaldi/egs/timit/s5_la5/data-fmllr-tri3/train/data/feats_fmllr_train.7.ark:16349127
madc0_sx107 /nfs-share/xinchi/kaldi/egs/timit/s5_la5/data-fmllr-tri3/train/data/feats_fmllr_train.3.ark:17374923
fcaj0_si849 /nfs-share/xinchi/kaldi/egs/timit/s5_la5/data-fmllr-tri3/train/data/feats_fmllr_train.1.ark:5292966
mjpm0_sx18 /nfs-share/xinchi/kaldi/egs/timit/s5_la5/data-fmllr-tri3/train/data/feats_fmllr_train.6.ark:16650089
mram0_sx375 /nfs-share/xinchi/kaldi/egs/timit/s5_la5/data-fmllr-tri3/train/data/feats_fmllr_train.8.ark:12461969
mvjh0_sx206 /nfs-share/xinchi/kaldi/egs/timit/s5_la5/data-fmllr-tri3/train/data/feats_fmllr_train.10.ark:12546210
feac0_si615 /nfs-share/xinchi/kaldi/egs/timit/s5_la5/data-fmllr-tri3/train/data/feats_fmllr_train.1.ark:13432569
mmcc0_sx438 /nfs-share/xinchi/kaldi/egs/timit/s5_la5/data-fmllr-tri3/train/data/feats_fmllr_train.7.ark:15383624
mprb0_si575 /nfs-share/xinchi/kaldi/egs/timit/s5_la5/data-fmllr-tri3/train/data/feats_fmllr_train.8.ark:9048419
mtju0_sx310 /nfs-share/xinchi/kaldi/egs/timit/s5_la5/data-fmllr-tri3/train/data/feats_fmllr_train.10.ark:5538490
mejs0_si1870 /nfs-share/xinchi/kaldi/egs/timit/s5_la5/data-fmllr-tri3/train/data/feats_fmllr_train.5.ark:12666562
fkkh0_si660 /nfs-share/xinchi/kaldi/egs/timit/s5_la5/data-fmllr-tri3/train/data/feats_fmllr_train.2.ark:7043602
mjeb1_sx387 /nfs-share/xinchi/kaldi/egs/timit/s5_la5/data-fmllr-tri3/train/data/feats_fmllr_train.6.ark:10777256
mmgc0_si1305 /nfs-share/xinchi/kaldi/egs/timit/s5_la5/data-fmllr-tri3/train/data/feats_fmllr_train.8.ark:13
mcdr0_sx434 /nfs-share/xinchi/kaldi/egs/timit/s5_la5/data-fmllr-tri3/train/data/feats_fmllr_train.4.ark:10041178
mbml0_si1799 /nfs-share/xinchi/kaldi/egs/timit/s5_la5/data-fmllr-tri3/train/data/feats_fmllr_train.4.ark:6365493
mwsh0_sx76 /nfs-share/xinchi/kaldi/egs/timit/s5_la5/data-fmllr-tri3/train/data/feats_fmllr_train.10.ark:17537273
mjrp0_si1835 /nfs-share/xinchi/kaldi/egs/timit/s5_la5/data-fmllr-tri3/train/data/feats_fmllr_train.7.ark:1120985
mses0_si2219 /nfs-share/xinchi/kaldi/egs/timit/s5_la5/data-fmllr-tri3/train/data/feats_fmllr_train.9.ark:14253007
mmcc0_si1968 /nfs-share/xinchi/kaldi/egs/timit/s5_la5/data-fmllr-tri3/train/data/feats_fmllr_train.7.ark:15171329
fjlr0_sx61 /nfs-share/xinchi/kaldi/egs/timit/s5_la5/data-fmllr-tri3/train/data/feats_fmllr_train.2.ark:2327691
fjlr0_si1231 /nfs-share/xinchi/kaldi/egs/timit/s5_la5/data-fmllr-tri3/train/data/feats_fmllr_train.2.ark:1994862
fmjf0_si1254 /nfs-share/xinchi/kaldi/egs/timit/s5_la5/data-fmllr-tri3/train/data/feats_fmllr_train.2.ark:15918782
mtju0_sx130 /nfs-share/xinchi/kaldi/egs/timit/s5_la5/data-fmllr-tri3/train/data/feats_fmllr_train.10.ark:5445156
mbom0_sx311 /nfs-share/xinchi/kaldi/egs/timit/s5_la5/data-fmllr-tri3/train/data/feats_fmllr_train.4.ark:6923286
mtrt0_si1857 /nfs-share/xinchi/kaldi/egs/timit/s5_la5/data-fmllr-tri3/train/data/feats_fmllr_train.10.ark:11267397
mbjv0_sx257 /nfs-share/xinchi/kaldi/egs/timit/s5_la5/data-fmllr-tri3/train/data/feats_fmllr_train.4.ark:5381723
mded0_sx270 /nfs-share/xinchi/kaldi/egs/timit/s5_la5/data-fmllr-tri3/train/data/feats_fmllr_train.4.ark:17222365
fntb0_sx33 /nfs-share/xinchi/kaldi/egs/timit/s5_la5/data-fmllr-tri3/train/data/feats_fmllr_train.3.ark:660231
mmdm1_si2043 /nfs-share/xinchi/kaldi/egs/timit/s5_la5/data-fmllr-tri3/train/data/feats_fmllr_train.7.ark:16651077
mtcs0_sx172 /nfs-share/xinchi/kaldi/egs/timit/s5_la5/data-fmllr-tri3/train/data/feats_fmllr_train.10.ark:2582837
mdmt0_sx212 /nfs-share/xinchi/kaldi/egs/timit/s5_la5/data-fmllr-tri3/train/data/feats_fmllr_train.5.ark:6090739
msem1_sx180 /nfs-share/xinchi/kaldi/egs/timit/s5_la5/data-fmllr-tri3/train/data/feats_fmllr_train.9.ark:13907696
mkls0_sx177 /nfs-share/xinchi/kaldi/egs/timit/s5_la5/data-fmllr-tri3/train/data/feats_fmllr_train.7.ark:8385452
mjrk0_si880 /nfs-share/xinchi/kaldi/egs/timit/s5_la5/data-fmllr-tri3/train/data/feats_fmllr_train.7.ark:818903
fjxm0_si1971 /nfs-share/xinchi/kaldi/egs/timit/s5_la5/data-fmllr-tri3/train/data/feats_fmllr_train.2.ark:4451712
mejl0_si1654 /nfs-share/xinchi/kaldi/egs/timit/s5_la5/data-fmllr-tri3/train/data/feats_fmllr_train.5.ark:12299625
fapb0_si2323 /nfs-share/xinchi/kaldi/egs/timit/s5_la5/data-fmllr-tri3/train/data/feats_fmllr_train.1.ark:1679812
msrg0_sx231 /nfs-share/xinchi/kaldi/egs/timit/s5_la5/data-fmllr-tri3/train/data/feats_fmllr_train.9.ark:17180979
mmrp0_sx324 /nfs-share/xinchi/kaldi/egs/timit/s5_la5/data-fmllr-tri3/train/data/feats_fmllr_train.8.ark:2378413
mtmn0_si582 /nfs-share/xinchi/kaldi/egs/timit/s5_la5/data-fmllr-tri3/train/data/feats_fmllr_train.10.ark:7771712
makb0_si2276 /nfs-share/xinchi/kaldi/egs/timit/s5_la5/data-fmllr-tri3/train/data/feats_fmllr_train.4.ark:1643339
fspm0_si611 /nfs-share/xinchi/kaldi/egs/timit/s5_la5/data-fmllr-tri3/train/data/feats_fmllr_train.3.ark:12823172
fkfb0_sx168 /nfs-share/xinchi/kaldi/egs/timit/s5_la5/data-fmllr-tri3/train/data/feats_fmllr_train.2.ark:6598132
flod0_sx207 /nfs-share/xinchi/kaldi/egs/timit/s5_la5/data-fmllr-tri3/train/data/feats_fmllr_train.2.ark:13827376
msms0_sx263 /nfs-share/xinchi/kaldi/egs/timit/s5_la5/data-fmllr-tri3/train/data/feats_fmllr_train.9.ark:16816922
mewm0_si1978 /nfs-share/xinchi/kaldi/egs/timit/s5_la5/data-fmllr-tri3/train/data/feats_fmllr_train.5.ark:13729611
fgmb0_si515 /nfs-share/xinchi/kaldi/egs/timit/s5_la5/data-fmllr-tri3/train/data/feats_fmllr_train.1.ark:17186043
mfer0_sx322 /nfs-share/xinchi/kaldi/egs/timit/s5_la5/data-fmllr-tri3/train/data/feats_fmllr_train.5.ark:14236496
fpac0_si661 /nfs-share/xinchi/kaldi/egs/timit/s5_la5/data-fmllr-tri3/train/data/feats_fmllr_train.3.ark:1302958
fsah0_sx164 /nfs-share/xinchi/kaldi/egs/timit/s5_la5/data-fmllr-tri3/train/data/feats_fmllr_train.3.ark:5714171
mtju0_si2269 /nfs-share/xinchi/kaldi/egs/timit/s5_la5/data-fmllr-tri3/train/data/feats_fmllr_train.10.ark:5370862
msat1_sx83 /nfs-share/xinchi/kaldi/egs/timit/s5_la5/data-fmllr-tri3/train/data/feats_fmllr_train.9.ark:12482613
mrms0_si2100 /nfs-share/xinchi/kaldi/egs/timit/s5_la5/data-fmllr-tri3/train/data/feats_fmllr_train.9.ark:6872078
mjwt0_sx391 /nfs-share/xinchi/kaldi/egs/timit/s5_la5/data-fmllr-tri3/train/data/feats_fmllr_train.7.ark:3210041
fcmm0_si453 /nfs-share/xinchi/kaldi/egs/timit/s5_la5/data-fmllr-tri3/train/data/feats_fmllr_train.1.ark:8306383
mmlm0_sx177 /nfs-share/xinchi/kaldi/egs/timit/s5_la5/data-fmllr-tri3/train/data/feats_fmllr_train.8.ark:1563045
fgdp0_sx268 /nfs-share/xinchi/kaldi/egs/timit/s5_la5/data-fmllr-tri3/train/data/feats_fmllr_train.1.ark:16821240
mgaw0_sx85 /nfs-share/xinchi/kaldi/egs/timit/s5_la5/data-fmllr-tri3/train/data/feats_fmllr_train.6.ark:716580
mrml0_sx161 /nfs-share/xinchi/kaldi/egs/timit/s5_la5/data-fmllr-tri3/train/data/feats_fmllr_train.9.ark:6430287
mrbc0_sx329 /nfs-share/xinchi/kaldi/egs/timit/s5_la5/data-fmllr-tri3/train/data/feats_fmllr_train.8.ark:13086191
mkag0_sx439 /nfs-share/xinchi/kaldi/egs/timit/s5_la5/data-fmllr-tri3/train/data/feats_fmllr_train.7.ark:4317385
fsrh0_sx41 /nfs-share/xinchi/kaldi/egs/timit/s5_la5/data-fmllr-tri3/train/data/feats_fmllr_train.3.ark:13434243
fjlr0_sx331 /nfs-share/xinchi/kaldi/egs/timit/s5_la5/data-fmllr-tri3/train/data/feats_fmllr_train.2.ark:2232438
mdma0_sx260 /nfs-share/xinchi/kaldi/egs/timit/s5_la5/data-fmllr-tri3/train/data/feats_fmllr_train.5.ark:5685722
mjeb0_sx296 /nfs-share/xinchi/kaldi/egs/timit/s5_la5/data-fmllr-tri3/train/data/feats_fmllr_train.6.ark:10338772
mtdb0_si771 /nfs-share/xinchi/kaldi/egs/timit/s5_la5/data-fmllr-tri3/train/data/feats_fmllr_train.10.ark:2927027
mclm0_sx106 /nfs-share/xinchi/kaldi/egs/timit/s5_la5/data-fmllr-tri3/train/data/feats_fmllr_train.4.ark:11917383
falr0_sx155 /nfs-share/xinchi/kaldi/egs/timit/s5_la5/data-fmllr-tri3/train/data/feats_fmllr_train.1.ark:1348261
mmjb1_sx58 /nfs-share/xinchi/kaldi/egs/timit/s5_la5/data-fmllr-tri3/train/data/feats_fmllr_train.8.ark:1380855
flet0_si1137 /nfs-share/xinchi/kaldi/egs/timit/s5_la5/data-fmllr-tri3/train/data/feats_fmllr_train.2.ark:10052325
mjhi0_sx338 /nfs-share/xinchi/kaldi/egs/timit/s5_la5/data-fmllr-tri3/train/data/feats_fmllr_train.6.ark:12182550
msmc0_sx107 /nfs-share/xinchi/kaldi/egs/timit/s5_la5/data-fmllr-tri3/train/data/feats_fmllr_train.9.ark:15990221
flma0_si1873 /nfs-share/xinchi/kaldi/egs/timit/s5_la5/data-fmllr-tri3/train/data/feats_fmllr_train.2.ark:12513176
fcke0_sx211 /nfs-share/xinchi/kaldi/egs/timit/s5_la5/data-fmllr-tri3/train/data/feats_fmllr_train.1.ark:7264665
fexm0_sx381 /nfs-share/xinchi/kaldi/egs/timit/s5_la5/data-fmllr-tri3/train/data/feats_fmllr_train.1.ark:16206646
flod0_si657 /nfs-share/xinchi/kaldi/egs/timit/s5_la5/data-fmllr-tri3/train/data/feats_fmllr_train.2.ark:13682815
milb0_sx93 /nfs-share/xinchi/kaldi/egs/timit/s5_la5/data-fmllr-tri3/train/data/feats_fmllr_train.6.ark:6437427
fsrh0_sx221 /nfs-share/xinchi/kaldi/egs/timit/s5_la5/data-fmllr-tri3/train/data/feats_fmllr_train.3.ark:13264403
mprb0_sx395 /nfs-share/xinchi/kaldi/egs/timit/s5_la5/data-fmllr-tri3/train/data/feats_fmllr_train.8.ark:9330633
mjde0_sx40 /nfs-share/xinchi/kaldi/egs/timit/s5_la5/data-fmllr-tri3/train/data/feats_fmllr_train.6.ark:9128360
mjjm0_si1251 /nfs-share/xinchi/kaldi/egs/timit/s5_la5/data-fmllr-tri3/train/data/feats_fmllr_train.6.ark:13161626
mrcw0_sx111 /nfs-share/xinchi/kaldi/egs/timit/s5_la5/data-fmllr-tri3/train/data/feats_fmllr_train.8.ark:13866891
mrcg0_sx258 /nfs-share/xinchi/kaldi/egs/timit/s5_la5/data-fmllr-tri3/train/data/feats_fmllr_train.8.ark:13449261
mrmb0_sx231 /nfs-share/xinchi/kaldi/egs/timit/s5_la5/data-fmllr-tri3/train/data/feats_fmllr_train.9.ark:5342941
mjee0_sx337 /nfs-share/xinchi/kaldi/egs/timit/s5_la5/data-fmllr-tri3/train/data/feats_fmllr_train.6.ark:11061420
mmag0_sx316 /nfs-share/xinchi/kaldi/egs/timit/s5_la5/data-fmllr-tri3/train/data/feats_fmllr_train.7.ark:13699048
mprd0_sx261 /nfs-share/xinchi/kaldi/egs/timit/s5_la5/data-fmllr-tri3/train/data/feats_fmllr_train.8.ark:9632050
msrg0_si591 /nfs-share/xinchi/kaldi/egs/timit/s5_la5/data-fmllr-tri3/train/data/feats_fmllr_train.9.ark:17071165
fpac0_sx31 /nfs-share/xinchi/kaldi/egs/timit/s5_la5/data-fmllr-tri3/train/data/feats_fmllr_train.3.ark:1533145
falk0_si1086 /nfs-share/xinchi/kaldi/egs/timit/s5_la5/data-fmllr-tri3/train/data/feats_fmllr_train.1.ark:814845
mzmb0_sx446 /nfs-share/xinchi/kaldi/egs/timit/s5_la5/data-fmllr-tri3/train/data/feats_fmllr_train.10.ark:17896504
fbmh0_si970 /nfs-share/xinchi/kaldi/egs/timit/s5_la5/data-fmllr-tri3/train/data/feats_fmllr_train.1.ark:4190875
mrtc0_sx288 /nfs-share/xinchi/kaldi/egs/timit/s5_la5/data-fmllr-tri3/train/data/feats_fmllr_train.9.ark:9068471
fdtd0_sx211 /nfs-share/xinchi/kaldi/egs/timit/s5_la5/data-fmllr-tri3/train/data/feats_fmllr_train.1.ark:12787068
mrlj0_si2050 /nfs-share/xinchi/kaldi/egs/timit/s5_la5/data-fmllr-tri3/train/data/feats_fmllr_train.9.ark:3764391
mcef0_si1135 /nfs-share/xinchi/kaldi/egs/timit/s5_la5/data-fmllr-tri3/train/data/feats_fmllr_train.4.ark:10123952
fajw0_sx3 /nfs-share/xinchi/kaldi/egs/timit/s5_la5/data-fmllr-tri3/train/data/feats_fmllr_train.1.ark:683084
mjdc0_si531 /nfs-share/xinchi/kaldi/egs/timit/s5_la5/data-fmllr-tri3/train/data/feats_fmllr_train.6.ark:8437637
mtjm0_sx326 /nfs-share/xinchi/kaldi/egs/timit/s5_la5/data-fmllr-tri3/train/data/feats_fmllr_train.10.ark:4720616
mdps0_sx269 /nfs-share/xinchi/kaldi/egs/timit/s5_la5/data-fmllr-tri3/train/data/feats_fmllr_train.5.ark:7586327
freh0_sx415 /nfs-share/xinchi/kaldi/egs/timit/s5_la5/data-fmllr-tri3/train/data/feats_fmllr_train.3.ark:4274664
fsbk0_sx439 /nfs-share/xinchi/kaldi/egs/timit/s5_la5/data-fmllr-tri3/train/data/feats_fmllr_train.3.ark:6640127
mjhi0_si1328 /nfs-share/xinchi/kaldi/egs/timit/s5_la5/data-fmllr-tri3/train/data/feats_fmllr_train.6.ark:11946575
fbas0_sx307 /nfs-share/xinchi/kaldi/egs/timit/s5_la5/data-fmllr-tri3/train/data/feats_fmllr_train.1.ark:2348271
mkls1_sx375 /nfs-share/xinchi/kaldi/egs/timit/s5_la5/data-fmllr-tri3/train/data/feats_fmllr_train.7.ark:8939376
mrjt0_sx238 /nfs-share/xinchi/kaldi/egs/timit/s5_la5/data-fmllr-tri3/train/data/feats_fmllr_train.9.ark:2674063
fgdp0_si2248 /nfs-share/xinchi/kaldi/egs/timit/s5_la5/data-fmllr-tri3/train/data/feats_fmllr_train.1.ark:16642439
mmag0_si496 /nfs-share/xinchi/kaldi/egs/timit/s5_la5/data-fmllr-tri3/train/data/feats_fmllr_train.7.ark:13535607
msas0_sx296 /nfs-share/xinchi/kaldi/egs/timit/s5_la5/data-fmllr-tri3/train/data/feats_fmllr_train.9.ark:11770951
fjlg0_sx89 /nfs-share/xinchi/kaldi/egs/timit/s5_la5/data-fmllr-tri3/train/data/feats_fmllr_train.2.ark:1950194
mfxv0_sx105 /nfs-share/xinchi/kaldi/egs/timit/s5_la5/data-fmllr-tri3/train/data/feats_fmllr_train.5.ark:16034970
fmah1_sx249 /nfs-share/xinchi/kaldi/egs/timit/s5_la5/data-fmllr-tri3/train/data/feats_fmllr_train.2.ark:14539465
mejs0_sx340 /nfs-share/xinchi/kaldi/egs/timit/s5_la5/data-fmllr-tri3/train/data/feats_fmllr_train.5.ark:12855630
mwre0_si2317 /nfs-share/xinchi/kaldi/egs/timit/s5_la5/data-fmllr-tri3/train/data/feats_fmllr_train.10.ark:16128011
mrsp0_si799 /nfs-share/xinchi/kaldi/egs/timit/s5_la5/data-fmllr-tri3/train/data/feats_fmllr_train.9.ark:8475187
msdb0_si1637 /nfs-share/xinchi/kaldi/egs/timit/s5_la5/data-fmllr-tri3/train/data/feats_fmllr_train.9.ark:12586189
mrfk0_si1076 /nfs-share/xinchi/kaldi/egs/timit/s5_la5/data-fmllr-tri3/train/data/feats_fmllr_train.8.ark:16712386
mprd0_sx351 /nfs-share/xinchi/kaldi/egs/timit/s5_la5/data-fmllr-tri3/train/data/feats_fmllr_train.8.ark:9671757
mdef0_si1123 /nfs-share/xinchi/kaldi/egs/timit/s5_la5/data-fmllr-tri3/train/data/feats_fmllr_train.5.ark:13
fsjs0_si1801 /nfs-share/xinchi/kaldi/egs/timit/s5_la5/data-fmllr-tri3/train/data/feats_fmllr_train.3.ark:9202311
mdlr0_si1863 /nfs-share/xinchi/kaldi/egs/timit/s5_la5/data-fmllr-tri3/train/data/feats_fmllr_train.5.ark:4713526
mkdb0_si872 /nfs-share/xinchi/kaldi/egs/timit/s5_la5/data-fmllr-tri3/train/data/feats_fmllr_train.7.ark:5640865
freh0_sx55 /nfs-share/xinchi/kaldi/egs/timit/s5_la5/data-fmllr-tri3/train/data/feats_fmllr_train.3.ark:4307650
mjrp0_sx315 /nfs-share/xinchi/kaldi/egs/timit/s5_la5/data-fmllr-tri3/train/data/feats_fmllr_train.7.ark:1342401
mdss1_sx157 /nfs-share/xinchi/kaldi/egs/timit/s5_la5/data-fmllr-tri3/train/data/feats_fmllr_train.5.ark:9039328
fsrh0_si671 /nfs-share/xinchi/kaldi/egs/timit/s5_la5/data-fmllr-tri3/train/data/feats_fmllr_train.3.ark:13183549
mcef0_sx415 /nfs-share/xinchi/kaldi/egs/timit/s5_la5/data-fmllr-tri3/train/data/feats_fmllr_train.4.ark:10399315
mrxb0_sx145 /nfs-share/xinchi/kaldi/egs/timit/s5_la5/data-fmllr-tri3/train/data/feats_fmllr_train.9.ark:10882436
mhbs0_sx45 /nfs-share/xinchi/kaldi/egs/timit/s5_la5/data-fmllr-tri3/train/data/feats_fmllr_train.6.ark:3876071
mkln0_sx158 /nfs-share/xinchi/kaldi/egs/timit/s5_la5/data-fmllr-tri3/train/data/feats_fmllr_train.7.ark:7643736
fbmj0_sx66 /nfs-share/xinchi/kaldi/egs/timit/s5_la5/data-fmllr-tri3/train/data/feats_fmllr_train.1.ark:4850745
feme0_sx335 /nfs-share/xinchi/kaldi/egs/timit/s5_la5/data-fmllr-tri3/train/data/feats_fmllr_train.1.ark:15255278
mhmg0_sx15 /nfs-share/xinchi/kaldi/egs/timit/s5_la5/data-fmllr-tri3/train/data/feats_fmllr_train.6.ark:4802082
fcyl0_sx397 /nfs-share/xinchi/kaldi/egs/timit/s5_la5/data-fmllr-tri3/train/data/feats_fmllr_train.1.ark:9278791
fhxs0_sx265 /nfs-share/xinchi/kaldi/egs/timit/s5_la5/data-fmllr-tri3/train/data/feats_fmllr_train.1.ark:18663231
mcdd0_si1513 /nfs-share/xinchi/kaldi/egs/timit/s5_la5/data-fmllr-tri3/train/data/feats_fmllr_train.4.ark:9348798
mbth0_sx392 /nfs-share/xinchi/kaldi/egs/timit/s5_la5/data-fmllr-tri3/train/data/feats_fmllr_train.4.ark:7656704
mbar0_si689 /nfs-share/xinchi/kaldi/egs/timit/s5_la5/data-fmllr-tri3/train/data/feats_fmllr_train.4.ark:3455784
mhrm0_si958 /nfs-share/xinchi/kaldi/egs/timit/s5_la5/data-fmllr-tri3/train/data/feats_fmllr_train.6.ark:5429823
mcal0_si1768 /nfs-share/xinchi/kaldi/egs/timit/s5_la5/data-fmllr-tri3/train/data/feats_fmllr_train.4.ark:8674952
mdtb0_sx321 /nfs-share/xinchi/kaldi/egs/timit/s5_la5/data-fmllr-tri3/train/data/feats_fmllr_train.5.ark:9484746
mjai0_si1604 /nfs-share/xinchi/kaldi/egs/timit/s5_la5/data-fmllr-tri3/train/data/feats_fmllr_train.6.ark:7268130
mpfu0_sx268 /nfs-share/xinchi/kaldi/egs/timit/s5_la5/data-fmllr-tri3/train/data/feats_fmllr_train.8.ark:6613731
mpeb0_si1860 /nfs-share/xinchi/kaldi/egs/timit/s5_la5/data-fmllr-tri3/train/data/feats_fmllr_train.8.ark:6091353
mapv0_sx123 /nfs-share/xinchi/kaldi/egs/timit/s5_la5/data-fmllr-tri3/train/data/feats_fmllr_train.4.ark:2436600
mtxs0_si2320 /nfs-share/xinchi/kaldi/egs/timit/s5_la5/data-fmllr-tri3/train/data/feats_fmllr_train.10.ark:11986259
mhmr0_sx129 /nfs-share/xinchi/kaldi/egs/timit/s5_la5/data-fmllr-tri3/train/data/feats_fmllr_train.6.ark:5123073
mkag0_si1609 /nfs-share/xinchi/kaldi/egs/timit/s5_la5/data-fmllr-tri3/train/data/feats_fmllr_train.7.ark:4011783
fssb0_sx182 /nfs-share/xinchi/kaldi/egs/timit/s5_la5/data-fmllr-tri3/train/data/feats_fmllr_train.3.ark:13643314
mcth0_sx39 /nfs-share/xinchi/kaldi/egs/timit/s5_la5/data-fmllr-tri3/train/data/feats_fmllr_train.4.ark:13523130
mmdm0_sx231 /nfs-share/xinchi/kaldi/egs/timit/s5_la5/data-fmllr-tri3/train/data/feats_fmllr_train.7.ark:16439101
mtjm0_si1856 /nfs-share/xinchi/kaldi/egs/timit/s5_la5/data-fmllr-tri3/train/data/feats_fmllr_train.10.ark:4530428
msas0_sx206 /nfs-share/xinchi/kaldi/egs/timit/s5_la5/data-fmllr-tri3/train/data/feats_fmllr_train.9.ark:11667698
fcmg0_si1242 /nfs-share/xinchi/kaldi/egs/timit/s5_la5/data-fmllr-tri3/train/data/feats_fmllr_train.1.ark:7858298
fmjf0_si624 /nfs-share/xinchi/kaldi/egs/timit/s5_la5/data-fmllr-tri3/train/data/feats_fmllr_train.2.ark:15988277
fjen0_sx327 /nfs-share/xinchi/kaldi/egs/timit/s5_la5/data-fmllr-tri3/train/data/feats_fmllr_train.2.ark:664208
mvrw0_si2115 /nfs-share/xinchi/kaldi/egs/timit/s5_la5/data-fmllr-tri3/train/data/feats_fmllr_train.10.ark:13157123
mtjs0_si562 /nfs-share/xinchi/kaldi/egs/timit/s5_la5/data-fmllr-tri3/train/data/feats_fmllr_train.10.ark:4980272
mrem0_sx61 /nfs-share/xinchi/kaldi/egs/timit/s5_la5/data-fmllr-tri3/train/data/feats_fmllr_train.8.ark:16303661
feme0_si2135 /nfs-share/xinchi/kaldi/egs/timit/s5_la5/data-fmllr-tri3/train/data/feats_fmllr_train.1.ark:15042850
mrtj0_sx322 /nfs-share/xinchi/kaldi/egs/timit/s5_la5/data-fmllr-tri3/train/data/feats_fmllr_train.9.ark:9504342
mkah0_sx448 /nfs-share/xinchi/kaldi/egs/timit/s5_la5/data-fmllr-tri3/train/data/feats_fmllr_train.7.ark:4713762
fpaf0_si2314 /nfs-share/xinchi/kaldi/egs/timit/s5_la5/data-fmllr-tri3/train/data/feats_fmllr_train.3.ark:2162273
mrwa0_sx253 /nfs-share/xinchi/kaldi/egs/timit/s5_la5/data-fmllr-tri3/train/data/feats_fmllr_train.9.ark:10186029
