faem0_si1392 /nfs-share/xinchi/kaldi/egs/timit/s5_la5/data-fmllr-tri3/train/data/feats_fmllr_train.1.ark:13
mtrc0_sx183 /nfs-share/xinchi/kaldi/egs/timit/s5_la5/data-fmllr-tri3/train/data/feats_fmllr_train.10.ark:10667364
mwsh0_sx436 /nfs-share/xinchi/kaldi/egs/timit/s5_la5/data-fmllr-tri3/train/data/feats_fmllr_train.10.ark:17497087
msdb0_sx107 /nfs-share/xinchi/kaldi/egs/timit/s5_la5/data-fmllr-tri3/train/data/feats_fmllr_train.9.ark:12648164
fgrw0_sx162 /nfs-share/xinchi/kaldi/egs/timit/s5_la5/data-fmllr-tri3/train/data/feats_fmllr_train.1.ark:17686288
fdjh0_si935 /nfs-share/xinchi/kaldi/egs/timit/s5_la5/data-fmllr-tri3/train/data/feats_fmllr_train.1.ark:10560487
mrgs0_si1986 /nfs-share/xinchi/kaldi/egs/timit/s5_la5/data-fmllr-tri3/train/data/feats_fmllr_train.9.ark:75081
fkde0_si2221 /nfs-share/xinchi/kaldi/egs/timit/s5_la5/data-fmllr-tri3/train/data/feats_fmllr_train.2.ark:5768711
mdtb0_si1830 /nfs-share/xinchi/kaldi/egs/timit/s5_la5/data-fmllr-tri3/train/data/feats_fmllr_train.5.ark:9281891
mprk0_sx107 /nfs-share/xinchi/kaldi/egs/timit/s5_la5/data-fmllr-tri3/train/data/feats_fmllr_train.8.ark:10022640
makb0_sx116 /nfs-share/xinchi/kaldi/egs/timit/s5_la5/data-fmllr-tri3/train/data/feats_fmllr_train.4.ark:1725126
msms0_sx173 /nfs-share/xinchi/kaldi/egs/timit/s5_la5/data-fmllr-tri3/train/data/feats_fmllr_train.9.ark:16761855
mfer0_sx142 /nfs-share/xinchi/kaldi/egs/timit/s5_la5/data-fmllr-tri3/train/data/feats_fmllr_train.5.ark:14137082
mjrg0_sx376 /nfs-share/xinchi/kaldi/egs/timit/s5_la5/data-fmllr-tri3/train/data/feats_fmllr_train.6.ark:17951461
maeo0_si1956 /nfs-share/xinchi/kaldi/egs/timit/s5_la5/data-fmllr-tri3/train/data/feats_fmllr_train.4.ark:479006
mses0_sx149 /nfs-share/xinchi/kaldi/egs/timit/s5_la5/data-fmllr-tri3/train/data/feats_fmllr_train.9.ark:14300074
mljc0_si1855 /nfs-share/xinchi/kaldi/egs/timit/s5_la5/data-fmllr-tri3/train/data/feats_fmllr_train.7.ark:11026438
frjb0_si1427 /nfs-share/xinchi/kaldi/egs/timit/s5_la5/data-fmllr-tri3/train/data/feats_fmllr_train.3.ark:4352158
medr0_sx384 /nfs-share/xinchi/kaldi/egs/timit/s5_la5/data-fmllr-tri3/train/data/feats_fmllr_train.5.ark:11386819
fpls0_si960 /nfs-share/xinchi/kaldi/egs/timit/s5_la5/data-fmllr-tri3/train/data/feats_fmllr_train.3.ark:3288524
mrjt0_si1498 /nfs-share/xinchi/kaldi/egs/timit/s5_la5/data-fmllr-tri3/train/data/feats_fmllr_train.9.ark:2495074
fjxp0_si1752 /nfs-share/xinchi/kaldi/egs/timit/s5_la5/data-fmllr-tri3/train/data/feats_fmllr_train.2.ark:4884409
fljd0_sx76 /nfs-share/xinchi/kaldi/egs/timit/s5_la5/data-fmllr-tri3/train/data/feats_fmllr_train.2.ark:11535247
mreh1_si1599 /nfs-share/xinchi/kaldi/egs/timit/s5_la5/data-fmllr-tri3/train/data/feats_fmllr_train.8.ark:15518456
mmjb1_sx238 /nfs-share/xinchi/kaldi/egs/timit/s5_la5/data-fmllr-tri3/train/data/feats_fmllr_train.8.ark:1219975
fcaj0_si1804 /nfs-share/xinchi/kaldi/egs/timit/s5_la5/data-fmllr-tri3/train/data/feats_fmllr_train.1.ark:5264459
maeo0_si1655 /nfs-share/xinchi/kaldi/egs/timit/s5_la5/data-fmllr-tri3/train/data/feats_fmllr_train.4.ark:435138
mmsm0_si476 /nfs-share/xinchi/kaldi/egs/timit/s5_la5/data-fmllr-tri3/train/data/feats_fmllr_train.8.ark:2678229
fhlm0_si2190 /nfs-share/xinchi/kaldi/egs/timit/s5_la5/data-fmllr-tri3/train/data/feats_fmllr_train.1.ark:17983571
mmxs0_sx246 /nfs-share/xinchi/kaldi/egs/timit/s5_la5/data-fmllr-tri3/train/data/feats_fmllr_train.8.ark:4793767
fsbk0_sx169 /nfs-share/xinchi/kaldi/egs/timit/s5_la5/data-fmllr-tri3/train/data/feats_fmllr_train.3.ark:6455886
mgaw0_sx85 /nfs-share/xinchi/kaldi/egs/timit/s5_la5/data-fmllr-tri3/train/data/feats_fmllr_train.6.ark:716580
mjpm1_sx221 /nfs-share/xinchi/kaldi/egs/timit/s5_la5/data-fmllr-tri3/train/data/feats_fmllr_train.6.ark:16992227
mcxm0_sx91 /nfs-share/xinchi/kaldi/egs/timit/s5_la5/data-fmllr-tri3/train/data/feats_fmllr_train.4.ark:14324551
mmlm0_si2150 /nfs-share/xinchi/kaldi/egs/timit/s5_la5/data-fmllr-tri3/train/data/feats_fmllr_train.8.ark:1458991
fpac0_si1921 /nfs-share/xinchi/kaldi/egs/timit/s5_la5/data-fmllr-tri3/train/data/feats_fmllr_train.3.ark:1188503
mdcm0_sx220 /nfs-share/xinchi/kaldi/egs/timit/s5_la5/data-fmllr-tri3/train/data/feats_fmllr_train.4.ark:16466571
fsdj0_si1115 /nfs-share/xinchi/kaldi/egs/timit/s5_la5/data-fmllr-tri3/train/data/feats_fmllr_train.3.ark:7578695
mfxv0_sx285 /nfs-share/xinchi/kaldi/egs/timit/s5_la5/data-fmllr-tri3/train/data/feats_fmllr_train.5.ark:16139690
mejs0_sx340 /nfs-share/xinchi/kaldi/egs/timit/s5_la5/data-fmllr-tri3/train/data/feats_fmllr_train.5.ark:12855630
ftlg0_sx393 /nfs-share/xinchi/kaldi/egs/timit/s5_la5/data-fmllr-tri3/train/data/feats_fmllr_train.3.ark:15339807
mdlm0_sx334 /nfs-share/xinchi/kaldi/egs/timit/s5_la5/data-fmllr-tri3/train/data/feats_fmllr_train.5.ark:4542217
fksr0_si1117 /nfs-share/xinchi/kaldi/egs/timit/s5_la5/data-fmllr-tri3/train/data/feats_fmllr_train.2.ark:8479456
mjrg0_sx286 /nfs-share/xinchi/kaldi/egs/timit/s5_la5/data-fmllr-tri3/train/data/feats_fmllr_train.6.ark:17822287
mmwb0_sx449 /nfs-share/xinchi/kaldi/egs/timit/s5_la5/data-fmllr-tri3/train/data/feats_fmllr_train.8.ark:3816372
fskp0_sx108 /nfs-share/xinchi/kaldi/egs/timit/s5_la5/data-fmllr-tri3/train/data/feats_fmllr_train.3.ark:10887713
fgcs0_sx316 /nfs-share/xinchi/kaldi/egs/timit/s5_la5/data-fmllr-tri3/train/data/feats_fmllr_train.1.ark:16484570
mhmr0_sx219 /nfs-share/xinchi/kaldi/egs/timit/s5_la5/data-fmllr-tri3/train/data/feats_fmllr_train.6.ark:5170300
fapb0_sx433 /nfs-share/xinchi/kaldi/egs/timit/s5_la5/data-fmllr-tri3/train/data/feats_fmllr_train.1.ark:1928400
mkln0_sx338 /nfs-share/xinchi/kaldi/egs/timit/s5_la5/data-fmllr-tri3/train/data/feats_fmllr_train.7.ark:7713390
fpaz0_si963 /nfs-share/xinchi/kaldi/egs/timit/s5_la5/data-fmllr-tri3/train/data/feats_fmllr_train.3.ark:2530650
mtqc0_sx451 /nfs-share/xinchi/kaldi/egs/timit/s5_la5/data-fmllr-tri3/train/data/feats_fmllr_train.10.ark:10336002
mrsp0_si1429 /nfs-share/xinchi/kaldi/egs/timit/s5_la5/data-fmllr-tri3/train/data/feats_fmllr_train.9.ark:8344572
mmxs0_sx66 /nfs-share/xinchi/kaldi/egs/timit/s5_la5/data-fmllr-tri3/train/data/feats_fmllr_train.8.ark:4948407
mdem0_sx338 /nfs-share/xinchi/kaldi/egs/timit/s5_la5/data-fmllr-tri3/train/data/feats_fmllr_train.5.ark:646286
mdwd0_si1260 /nfs-share/xinchi/kaldi/egs/timit/s5_la5/data-fmllr-tri3/train/data/feats_fmllr_train.5.ark:9577441
mcdc0_si1922 /nfs-share/xinchi/kaldi/egs/timit/s5_la5/data-fmllr-tri3/train/data/feats_fmllr_train.4.ark:9029409
fsdj0_sx305 /nfs-share/xinchi/kaldi/egs/timit/s5_la5/data-fmllr-tri3/train/data/feats_fmllr_train.3.ark:7800271
fjxp0_sx132 /nfs-share/xinchi/kaldi/egs/timit/s5_la5/data-fmllr-tri3/train/data/feats_fmllr_train.2.ark:4979663
fjsk0_sx152 /nfs-share/xinchi/kaldi/egs/timit/s5_la5/data-fmllr-tri3/train/data/feats_fmllr_train.2.ark:3409036
mlsh0_sx427 /nfs-share/xinchi/kaldi/egs/timit/s5_la5/data-fmllr-tri3/train/data/feats_fmllr_train.7.ark:12494424
mjmm0_sx175 /nfs-share/xinchi/kaldi/egs/timit/s5_la5/data-fmllr-tri3/train/data/feats_fmllr_train.6.ark:15890909
mjxl0_sx272 /nfs-share/xinchi/kaldi/egs/timit/s5_la5/data-fmllr-tri3/train/data/feats_fmllr_train.7.ark:3797755
mtrc0_si993 /nfs-share/xinchi/kaldi/egs/timit/s5_la5/data-fmllr-tri3/train/data/feats_fmllr_train.10.ark:10573390
mkag0_si979 /nfs-share/xinchi/kaldi/egs/timit/s5_la5/data-fmllr-tri3/train/data/feats_fmllr_train.7.ark:4114238
mtxs0_sx250 /nfs-share/xinchi/kaldi/egs/timit/s5_la5/data-fmllr-tri3/train/data/feats_fmllr_train.10.ark:12125513
mmdm0_sx411 /nfs-share/xinchi/kaldi/egs/timit/s5_la5/data-fmllr-tri3/train/data/feats_fmllr_train.7.ark:16521715
mdlr0_sx333 /nfs-share/xinchi/kaldi/egs/timit/s5_la5/data-fmllr-tri3/train/data/feats_fmllr_train.5.ark:4893634
mrab0_si594 /nfs-share/xinchi/kaldi/egs/timit/s5_la5/data-fmllr-tri3/train/data/feats_fmllr_train.8.ark:11041983
mkes0_sx353 /nfs-share/xinchi/kaldi/egs/timit/s5_la5/data-fmllr-tri3/train/data/feats_fmllr_train.7.ark:7002716
flhd0_sx264 /nfs-share/xinchi/kaldi/egs/timit/s5_la5/data-fmllr-tri3/train/data/feats_fmllr_train.2.ark:10600492
frll0_si1514 /nfs-share/xinchi/kaldi/egs/timit/s5_la5/data-fmllr-tri3/train/data/feats_fmllr_train.3.ark:4704856
fkaa0_sx128 /nfs-share/xinchi/kaldi/egs/timit/s5_la5/data-fmllr-tri3/train/data/feats_fmllr_train.2.ark:5349480
fntb0_sx393 /nfs-share/xinchi/kaldi/egs/timit/s5_la5/data-fmllr-tri3/train/data/feats_fmllr_train.3.ark:702978
fsah0_si1874 /nfs-share/xinchi/kaldi/egs/timit/s5_la5/data-fmllr-tri3/train/data/feats_fmllr_train.3.ark:5598437
mmag0_sx226 /nfs-share/xinchi/kaldi/egs/timit/s5_la5/data-fmllr-tri3/train/data/feats_fmllr_train.7.ark:13649101
fsjg0_sx310 /nfs-share/xinchi/kaldi/egs/timit/s5_la5/data-fmllr-tri3/train/data/feats_fmllr_train.3.ark:8630145
fmjf0_si1254 /nfs-share/xinchi/kaldi/egs/timit/s5_la5/data-fmllr-tri3/train/data/feats_fmllr_train.2.ark:15918782
mdwm0_si2176 /nfs-share/xinchi/kaldi/egs/timit/s5_la5/data-fmllr-tri3/train/data/feats_fmllr_train.5.ark:10437103
mrmg0_sx360 /nfs-share/xinchi/kaldi/egs/timit/s5_la5/data-fmllr-tri3/train/data/feats_fmllr_train.9.ark:5747666
mgsh0_sx127 /nfs-share/xinchi/kaldi/egs/timit/s5_la5/data-fmllr-tri3/train/data/feats_fmllr_train.6.ark:2497079
mjjj0_si1793 /nfs-share/xinchi/kaldi/egs/timit/s5_la5/data-fmllr-tri3/train/data/feats_fmllr_train.6.ark:12818077
mjjj0_si533 /nfs-share/xinchi/kaldi/egs/timit/s5_la5/data-fmllr-tri3/train/data/feats_fmllr_train.6.ark:12855704
fjlg0_sx89 /nfs-share/xinchi/kaldi/egs/timit/s5_la5/data-fmllr-tri3/train/data/feats_fmllr_train.2.ark:1950194
msmr0_sx145 /nfs-share/xinchi/kaldi/egs/timit/s5_la5/data-fmllr-tri3/train/data/feats_fmllr_train.9.ark:16386918
fjsk0_si1682 /nfs-share/xinchi/kaldi/egs/timit/s5_la5/data-fmllr-tri3/train/data/feats_fmllr_train.2.ark:3336661
mvjh0_sx386 /nfs-share/xinchi/kaldi/egs/timit/s5_la5/data-fmllr-tri3/train/data/feats_fmllr_train.10.ark:12665970
fhlm0_sx210 /nfs-share/xinchi/kaldi/egs/timit/s5_la5/data-fmllr-tri3/train/data/feats_fmllr_train.1.ark:18143172
fdas1_si831 /nfs-share/xinchi/kaldi/egs/timit/s5_la5/data-fmllr-tri3/train/data/feats_fmllr_train.1.ark:9446394
mrkm0_sx7 /nfs-share/xinchi/kaldi/egs/timit/s5_la5/data-fmllr-tri3/train/data/feats_fmllr_train.9.ark:3287132
fcjf0_sx127 /nfs-share/xinchi/kaldi/egs/timit/s5_la5/data-fmllr-tri3/train/data/feats_fmllr_train.1.ark:6550764
fdkn0_si1081 /nfs-share/xinchi/kaldi/egs/timit/s5_la5/data-fmllr-tri3/train/data/feats_fmllr_train.1.ark:10838089
madd0_sx88 /nfs-share/xinchi/kaldi/egs/timit/s5_la5/data-fmllr-tri3/train/data/feats_fmllr_train.3.ark:17915567
mmdg0_sx340 /nfs-share/xinchi/kaldi/egs/timit/s5_la5/data-fmllr-tri3/train/data/feats_fmllr_train.7.ark:16099231
fskp0_si1098 /nfs-share/xinchi/kaldi/egs/timit/s5_la5/data-fmllr-tri3/train/data/feats_fmllr_train.3.ark:10735311
mesg0_si1962 /nfs-share/xinchi/kaldi/egs/timit/s5_la5/data-fmllr-tri3/train/data/feats_fmllr_train.5.ark:13020539
mbgt0_si1341 /nfs-share/xinchi/kaldi/egs/timit/s5_la5/data-fmllr-tri3/train/data/feats_fmllr_train.4.ark:4784437
mbsb0_sx3 /nfs-share/xinchi/kaldi/egs/timit/s5_la5/data-fmllr-tri3/train/data/feats_fmllr_train.4.ark:7209235
mntw0_sx348 /nfs-share/xinchi/kaldi/egs/timit/s5_la5/data-fmllr-tri3/train/data/feats_fmllr_train.8.ark:5640334
mhmg0_si1995 /nfs-share/xinchi/kaldi/egs/timit/s5_la5/data-fmllr-tri3/train/data/feats_fmllr_train.6.ark:4649842
mjee0_si1237 /nfs-share/xinchi/kaldi/egs/timit/s5_la5/data-fmllr-tri3/train/data/feats_fmllr_train.6.ark:10834884
mjlg1_sx382 /nfs-share/xinchi/kaldi/egs/timit/s5_la5/data-fmllr-tri3/train/data/feats_fmllr_train.6.ark:14611267
mrcw0_si1371 /nfs-share/xinchi/kaldi/egs/timit/s5_la5/data-fmllr-tri3/train/data/feats_fmllr_train.8.ark:13699929
mdcd0_si785 /nfs-share/xinchi/kaldi/egs/timit/s5_la5/data-fmllr-tri3/train/data/feats_fmllr_train.4.ark:15969500
fpls0_si2220 /nfs-share/xinchi/kaldi/egs/timit/s5_la5/data-fmllr-tri3/train/data/feats_fmllr_train.3.ark:3242097
mesj0_si2039 /nfs-share/xinchi/kaldi/egs/timit/s5_la5/data-fmllr-tri3/train/data/feats_fmllr_train.5.ark:13357208
fpab1_sx211 /nfs-share/xinchi/kaldi/egs/timit/s5_la5/data-fmllr-tri3/train/data/feats_fmllr_train.3.ark:1006475
mrvg0_sx240 /nfs-share/xinchi/kaldi/egs/timit/s5_la5/data-fmllr-tri3/train/data/feats_fmllr_train.9.ark:9817012
fdml0_sx249 /nfs-share/xinchi/kaldi/egs/timit/s5_la5/data-fmllr-tri3/train/data/feats_fmllr_train.1.ark:11450417
mdtb0_sx210 /nfs-share/xinchi/kaldi/egs/timit/s5_la5/data-fmllr-tri3/train/data/feats_fmllr_train.5.ark:9417652
mrmg0_si2340 /nfs-share/xinchi/kaldi/egs/timit/s5_la5/data-fmllr-tri3/train/data/feats_fmllr_train.9.ark:5602465
fpaf0_sx424 /nfs-share/xinchi/kaldi/egs/timit/s5_la5/data-fmllr-tri3/train/data/feats_fmllr_train.3.ark:2336941
mafm0_sx129 /nfs-share/xinchi/kaldi/egs/timit/s5_la5/data-fmllr-tri3/train/data/feats_fmllr_train.4.ark:850450
mrtj0_si1551 /nfs-share/xinchi/kaldi/egs/timit/s5_la5/data-fmllr-tri3/train/data/feats_fmllr_train.9.ark:9173806
fpmy0_sx253 /nfs-share/xinchi/kaldi/egs/timit/s5_la5/data-fmllr-tri3/train/data/feats_fmllr_train.3.ark:3859700
mmam0_sx337 /nfs-share/xinchi/kaldi/egs/timit/s5_la5/data-fmllr-tri3/train/data/feats_fmllr_train.7.ark:14060866
mjxl0_si542 /nfs-share/xinchi/kaldi/egs/timit/s5_la5/data-fmllr-tri3/train/data/feats_fmllr_train.7.ark:3714501
mjkr0_sx31 /nfs-share/xinchi/kaldi/egs/timit/s5_la5/data-fmllr-tri3/train/data/feats_fmllr_train.6.ark:13876565
mgar0_sx402 /nfs-share/xinchi/kaldi/egs/timit/s5_la5/data-fmllr-tri3/train/data/feats_fmllr_train.6.ark:299057
mkdb0_si588 /nfs-share/xinchi/kaldi/egs/timit/s5_la5/data-fmllr-tri3/train/data/feats_fmllr_train.7.ark:5604358
mdlh0_sx70 /nfs-share/xinchi/kaldi/egs/timit/s5_la5/data-fmllr-tri3/train/data/feats_fmllr_train.5.ark:4293093
fjlg0_si2306 /nfs-share/xinchi/kaldi/egs/timit/s5_la5/data-fmllr-tri3/train/data/feats_fmllr_train.2.ark:1714060
mbef0_sx381 /nfs-share/xinchi/kaldi/egs/timit/s5_la5/data-fmllr-tri3/train/data/feats_fmllr_train.4.ark:4754169
fjsp0_sx444 /nfs-share/xinchi/kaldi/egs/timit/s5_la5/data-fmllr-tri3/train/data/feats_fmllr_train.2.ark:3938294
flkm0_sx80 /nfs-share/xinchi/kaldi/egs/timit/s5_la5/data-fmllr-tri3/train/data/feats_fmllr_train.2.ark:12444320
fskc0_sx156 /nfs-share/xinchi/kaldi/egs/timit/s5_la5/data-fmllr-tri3/train/data/feats_fmllr_train.3.ark:10120559
mtpf0_sx65 /nfs-share/xinchi/kaldi/egs/timit/s5_la5/data-fmllr-tri3/train/data/feats_fmllr_train.10.ark:8778360
mrjb1_sx390 /nfs-share/xinchi/kaldi/egs/timit/s5_la5/data-fmllr-tri3/train/data/feats_fmllr_train.9.ark:1179515
mtmn0_sx254 /nfs-share/xinchi/kaldi/egs/timit/s5_la5/data-fmllr-tri3/train/data/feats_fmllr_train.10.ark:7912886
mtlc0_si847 /nfs-share/xinchi/kaldi/egs/timit/s5_la5/data-fmllr-tri3/train/data/feats_fmllr_train.10.ark:7032237
fdnc0_si1278 /nfs-share/xinchi/kaldi/egs/timit/s5_la5/data-fmllr-tri3/train/data/feats_fmllr_train.1.ark:12146741
fscn0_sx446 /nfs-share/xinchi/kaldi/egs/timit/s5_la5/data-fmllr-tri3/train/data/feats_fmllr_train.3.ark:7122743
mtmn0_sx74 /nfs-share/xinchi/kaldi/egs/timit/s5_la5/data-fmllr-tri3/train/data/feats_fmllr_train.10.ark:8024646
ftbw0_sx445 /nfs-share/xinchi/kaldi/egs/timit/s5_la5/data-fmllr-tri3/train/data/feats_fmllr_train.3.ark:14894125
mtrt0_sx417 /nfs-share/xinchi/kaldi/egs/timit/s5_la5/data-fmllr-tri3/train/data/feats_fmllr_train.10.ark:11464172
mjrh1_si1558 /nfs-share/xinchi/kaldi/egs/timit/s5_la5/data-fmllr-tri3/train/data/feats_fmllr_train.7.ark:385191
mmdm1_si1650 /nfs-share/xinchi/kaldi/egs/timit/s5_la5/data-fmllr-tri3/train/data/feats_fmllr_train.7.ark:16622089
mprk0_sx197 /nfs-share/xinchi/kaldi/egs/timit/s5_la5/data-fmllr-tri3/train/data/feats_fmllr_train.8.ark:10123013
mjjm0_sx17 /nfs-share/xinchi/kaldi/egs/timit/s5_la5/data-fmllr-tri3/train/data/feats_fmllr_train.6.ark:13383014
fbjl0_si922 /nfs-share/xinchi/kaldi/egs/timit/s5_la5/data-fmllr-tri3/train/data/feats_fmllr_train.1.ark:3364680
mmws0_si559 /nfs-share/xinchi/kaldi/egs/timit/s5_la5/data-fmllr-tri3/train/data/feats_fmllr_train.8.ark:3990533
mcxm0_sx361 /nfs-share/xinchi/kaldi/egs/timit/s5_la5/data-fmllr-tri3/train/data/feats_fmllr_train.4.ark:14229618
frjb0_sx437 /nfs-share/xinchi/kaldi/egs/timit/s5_la5/data-fmllr-tri3/train/data/feats_fmllr_train.3.ark:4597762
fecd0_sx158 /nfs-share/xinchi/kaldi/egs/timit/s5_la5/data-fmllr-tri3/train/data/feats_fmllr_train.1.ark:14348710
mter0_si1157 /nfs-share/xinchi/kaldi/egs/timit/s5_la5/data-fmllr-tri3/train/data/feats_fmllr_train.10.ark:3686607
flod0_si657 /nfs-share/xinchi/kaldi/egs/timit/s5_la5/data-fmllr-tri3/train/data/feats_fmllr_train.2.ark:13682815
mfmc0_si1132 /nfs-share/xinchi/kaldi/egs/timit/s5_la5/data-fmllr-tri3/train/data/feats_fmllr_train.5.ark:14347137
fskl0_sx269 /nfs-share/xinchi/kaldi/egs/timit/s5_la5/data-fmllr-tri3/train/data/feats_fmllr_train.3.ark:10553283
mjpg0_sx111 /nfs-share/xinchi/kaldi/egs/timit/s5_la5/data-fmllr-tri3/train/data/feats_fmllr_train.6.ark:16271606
fskl0_si2159 /nfs-share/xinchi/kaldi/egs/timit/s5_la5/data-fmllr-tri3/train/data/feats_fmllr_train.3.ark:10395922
flma0_sx253 /nfs-share/xinchi/kaldi/egs/timit/s5_la5/data-fmllr-tri3/train/data/feats_fmllr_train.2.ark:12657257
mrjm0_sx148 /nfs-share/xinchi/kaldi/egs/timit/s5_la5/data-fmllr-tri3/train/data/feats_fmllr_train.9.ark:1843522
mvrw0_si855 /nfs-share/xinchi/kaldi/egs/timit/s5_la5/data-fmllr-tri3/train/data/feats_fmllr_train.10.ark:13176350
mmlm0_sx87 /nfs-share/xinchi/kaldi/egs/timit/s5_la5/data-fmllr-tri3/train/data/feats_fmllr_train.8.ark:1725232
mtpp0_si2138 /nfs-share/xinchi/kaldi/egs/timit/s5_la5/data-fmllr-tri3/train/data/feats_fmllr_train.10.ark:9226473
mrem0_sx241 /nfs-share/xinchi/kaldi/egs/timit/s5_la5/data-fmllr-tri3/train/data/feats_fmllr_train.8.ark:16169661
mjjb0_si1139 /nfs-share/xinchi/kaldi/egs/timit/s5_la5/data-fmllr-tri3/train/data/feats_fmllr_train.6.ark:12331111
fpmy0_sx73 /nfs-share/xinchi/kaldi/egs/timit/s5_la5/data-fmllr-tri3/train/data/feats_fmllr_train.3.ark:3959913
fpad0_sx356 /nfs-share/xinchi/kaldi/egs/timit/s5_la5/data-fmllr-tri3/train/data/feats_fmllr_train.3.ark:1886456
mesg0_sx342 /nfs-share/xinchi/kaldi/egs/timit/s5_la5/data-fmllr-tri3/train/data/feats_fmllr_train.5.ark:13213127
mlbc0_sx249 /nfs-share/xinchi/kaldi/egs/timit/s5_la5/data-fmllr-tri3/train/data/feats_fmllr_train.7.ark:10331045
ftaj0_sx429 /nfs-share/xinchi/kaldi/egs/timit/s5_la5/data-fmllr-tri3/train/data/feats_fmllr_train.3.ark:14137851
mwgr0_si976 /nfs-share/xinchi/kaldi/egs/timit/s5_la5/data-fmllr-tri3/train/data/feats_fmllr_train.10.ark:15736113
fscn0_sx86 /nfs-share/xinchi/kaldi/egs/timit/s5_la5/data-fmllr-tri3/train/data/feats_fmllr_train.3.ark:7182129
mcef0_sx55 /nfs-share/xinchi/kaldi/egs/timit/s5_la5/data-fmllr-tri3/train/data/feats_fmllr_train.4.ark:10439821
mtrt0_sx57 /nfs-share/xinchi/kaldi/egs/timit/s5_la5/data-fmllr-tri3/train/data/feats_fmllr_train.10.ark:11511558
mtcs0_sx442 /nfs-share/xinchi/kaldi/egs/timit/s5_la5/data-fmllr-tri3/train/data/feats_fmllr_train.10.ark:2728518
makb0_sx26 /nfs-share/xinchi/kaldi/egs/timit/s5_la5/data-fmllr-tri3/train/data/feats_fmllr_train.4.ark:1835579
mhmr0_si489 /nfs-share/xinchi/kaldi/egs/timit/s5_la5/data-fmllr-tri3/train/data/feats_fmllr_train.6.ark:5070566
mpeb0_sx150 /nfs-share/xinchi/kaldi/egs/timit/s5_la5/data-fmllr-tri3/train/data/feats_fmllr_train.8.ark:6184527
mdlc1_si2065 /nfs-share/xinchi/kaldi/egs/timit/s5_la5/data-fmllr-tri3/train/data/feats_fmllr_train.5.ark:3270578
mcef0_si842 /nfs-share/xinchi/kaldi/egs/timit/s5_la5/data-fmllr-tri3/train/data/feats_fmllr_train.4.ark:10211847
falk0_si658 /nfs-share/xinchi/kaldi/egs/timit/s5_la5/data-fmllr-tri3/train/data/feats_fmllr_train.1.ark:905779
msdb0_sx17 /nfs-share/xinchi/kaldi/egs/timit/s5_la5/data-fmllr-tri3/train/data/feats_fmllr_train.9.ark:12681630
mgaw0_si1165 /nfs-share/xinchi/kaldi/egs/timit/s5_la5/data-fmllr-tri3/train/data/feats_fmllr_train.6.ark:385831
falk0_sx366 /nfs-share/xinchi/kaldi/egs/timit/s5_la5/data-fmllr-tri3/train/data/feats_fmllr_train.1.ark:1064740
fcyl0_si1297 /nfs-share/xinchi/kaldi/egs/timit/s5_la5/data-fmllr-tri3/train/data/feats_fmllr_train.1.ark:8926122
mtmn0_si1064 /nfs-share/xinchi/kaldi/egs/timit/s5_la5/data-fmllr-tri3/train/data/feats_fmllr_train.10.ark:7653097
mcdc0_sx32 /nfs-share/xinchi/kaldi/egs/timit/s5_la5/data-fmllr-tri3/train/data/feats_fmllr_train.4.ark:9256103
mdwd0_sx270 /nfs-share/xinchi/kaldi/egs/timit/s5_la5/data-fmllr-tri3/train/data/feats_fmllr_train.5.ark:9770350
fdtd0_sx301 /nfs-share/xinchi/kaldi/egs/timit/s5_la5/data-fmllr-tri3/train/data/feats_fmllr_train.1.ark:12833975
mrlk0_sx123 /nfs-share/xinchi/kaldi/egs/timit/s5_la5/data-fmllr-tri3/train/data/feats_fmllr_train.9.ark:4587120
fmkf0_sx96 /nfs-share/xinchi/kaldi/egs/timit/s5_la5/data-fmllr-tri3/train/data/feats_fmllr_train.2.ark:17483781
mjbg0_sx242 /nfs-share/xinchi/kaldi/egs/timit/s5_la5/data-fmllr-tri3/train/data/feats_fmllr_train.6.ark:7820616
fcag0_si1503 /nfs-share/xinchi/kaldi/egs/timit/s5_la5/data-fmllr-tri3/train/data/feats_fmllr_train.1.ark:4895413
mjrh0_sx135 /nfs-share/xinchi/kaldi/egs/timit/s5_la5/data-fmllr-tri3/train/data/feats_fmllr_train.7.ark:164736
ftbr0_si921 /nfs-share/xinchi/kaldi/egs/timit/s5_la5/data-fmllr-tri3/train/data/feats_fmllr_train.3.ark:14323720
mtrt0_si597 /nfs-share/xinchi/kaldi/egs/timit/s5_la5/data-fmllr-tri3/train/data/feats_fmllr_train.10.ark:11320064
mtqc0_sx91 /nfs-share/xinchi/kaldi/egs/timit/s5_la5/data-fmllr-tri3/train/data/feats_fmllr_train.10.ark:10417948
mpsw0_sx24 /nfs-share/xinchi/kaldi/egs/timit/s5_la5/data-fmllr-tri3/train/data/feats_fmllr_train.8.ark:10784700
fjxm0_sx131 /nfs-share/xinchi/kaldi/egs/timit/s5_la5/data-fmllr-tri3/train/data/feats_fmllr_train.2.ark:4539286
mges0_sx401 /nfs-share/xinchi/kaldi/egs/timit/s5_la5/data-fmllr-tri3/train/data/feats_fmllr_train.6.ark:987011
fjrp1_sx262 /nfs-share/xinchi/kaldi/egs/timit/s5_la5/data-fmllr-tri3/train/data/feats_fmllr_train.2.ark:3000685
mtwh1_sx432 /nfs-share/xinchi/kaldi/egs/timit/s5_la5/data-fmllr-tri3/train/data/feats_fmllr_train.10.ark:11800229
fdxw0_sx161 /nfs-share/xinchi/kaldi/egs/timit/s5_la5/data-fmllr-tri3/train/data/feats_fmllr_train.1.ark:13123579
mtxs0_si2320 /nfs-share/xinchi/kaldi/egs/timit/s5_la5/data-fmllr-tri3/train/data/feats_fmllr_train.10.ark:11986259
fcrz0_si793 /nfs-share/xinchi/kaldi/egs/timit/s5_la5/data-fmllr-tri3/train/data/feats_fmllr_train.1.ark:8665800
mprt0_sx220 /nfs-share/xinchi/kaldi/egs/timit/s5_la5/data-fmllr-tri3/train/data/feats_fmllr_train.8.ark:10454243
fmpg0_sx72 /nfs-share/xinchi/kaldi/egs/timit/s5_la5/data-fmllr-tri3/train/data/feats_fmllr_train.2.ark:18382293
fpad0_sx176 /nfs-share/xinchi/kaldi/egs/timit/s5_la5/data-fmllr-tri3/train/data/feats_fmllr_train.3.ark:1775202
fmbg0_sx440 /nfs-share/xinchi/kaldi/egs/timit/s5_la5/data-fmllr-tri3/train/data/feats_fmllr_train.2.ark:14997335
mejl0_sx422 /nfs-share/xinchi/kaldi/egs/timit/s5_la5/data-fmllr-tri3/train/data/feats_fmllr_train.5.ark:12507120
fpac0_si661 /nfs-share/xinchi/kaldi/egs/timit/s5_la5/data-fmllr-tri3/train/data/feats_fmllr_train.3.ark:1302958
mtrt0_sx254 /nfs-share/xinchi/kaldi/egs/timit/s5_la5/data-fmllr-tri3/train/data/feats_fmllr_train.10.ark:11429905
mrew1_sx330 /nfs-share/xinchi/kaldi/egs/timit/s5_la5/data-fmllr-tri3/train/data/feats_fmllr_train.8.ark:16549745
mrbc0_si599 /nfs-share/xinchi/kaldi/egs/timit/s5_la5/data-fmllr-tri3/train/data/feats_fmllr_train.8.ark:12936990
mjjb0_sx149 /nfs-share/xinchi/kaldi/egs/timit/s5_la5/data-fmllr-tri3/train/data/feats_fmllr_train.6.ark:12470554
mtpp0_si878 /nfs-share/xinchi/kaldi/egs/timit/s5_la5/data-fmllr-tri3/train/data/feats_fmllr_train.10.ark:9258500
fsbk0_si2329 /nfs-share/xinchi/kaldi/egs/timit/s5_la5/data-fmllr-tri3/train/data/feats_fmllr_train.3.ark:6421299
fkaa0_sx38 /nfs-share/xinchi/kaldi/egs/timit/s5_la5/data-fmllr-tri3/train/data/feats_fmllr_train.2.ark:5499800
fpab1_sx121 /nfs-share/xinchi/kaldi/egs/timit/s5_la5/data-fmllr-tri3/train/data/feats_fmllr_train.3.ark:950288
mrlr0_sx26 /nfs-share/xinchi/kaldi/egs/timit/s5_la5/data-fmllr-tri3/train/data/feats_fmllr_train.9.ark:5034270
fntb0_sx123 /nfs-share/xinchi/kaldi/egs/timit/s5_la5/data-fmllr-tri3/train/data/feats_fmllr_train.3.ark:538071
mzmb0_sx266 /nfs-share/xinchi/kaldi/egs/timit/s5_la5/data-fmllr-tri3/train/data/feats_fmllr_train.10.ark:17803010
feme0_si2135 /nfs-share/xinchi/kaldi/egs/timit/s5_la5/data-fmllr-tri3/train/data/feats_fmllr_train.1.ark:15042850
mclm0_sx106 /nfs-share/xinchi/kaldi/egs/timit/s5_la5/data-fmllr-tri3/train/data/feats_fmllr_train.4.ark:11917383
fajw0_sx273 /nfs-share/xinchi/kaldi/egs/timit/s5_la5/data-fmllr-tri3/train/data/feats_fmllr_train.1.ark:638099
fcyl0_sx37 /nfs-share/xinchi/kaldi/egs/timit/s5_la5/data-fmllr-tri3/train/data/feats_fmllr_train.1.ark:9236844
fsms1_si1504 /nfs-share/xinchi/kaldi/egs/timit/s5_la5/data-fmllr-tri3/train/data/feats_fmllr_train.3.ark:12312180
mtmt0_sx128 /nfs-share/xinchi/kaldi/egs/timit/s5_la5/data-fmllr-tri3/train/data/feats_fmllr_train.10.ark:8227956
mjxa0_sx337 /nfs-share/xinchi/kaldi/egs/timit/s5_la5/data-fmllr-tri3/train/data/feats_fmllr_train.7.ark:3484605
mwar0_sx415 /nfs-share/xinchi/kaldi/egs/timit/s5_la5/data-fmllr-tri3/train/data/feats_fmllr_train.10.ark:14449911
mjpm0_si1998 /nfs-share/xinchi/kaldi/egs/timit/s5_la5/data-fmllr-tri3/train/data/feats_fmllr_train.6.ark:16506809
mjai0_sx74 /nfs-share/xinchi/kaldi/egs/timit/s5_la5/data-fmllr-tri3/train/data/feats_fmllr_train.6.ark:7609118
mrlj0_sx160 /nfs-share/xinchi/kaldi/egs/timit/s5_la5/data-fmllr-tri3/train/data/feats_fmllr_train.9.ark:3860445
fpaf0_si1054 /nfs-share/xinchi/kaldi/egs/timit/s5_la5/data-fmllr-tri3/train/data/feats_fmllr_train.3.ark:2026057
mjdg0_sx232 /nfs-share/xinchi/kaldi/egs/timit/s5_la5/data-fmllr-tri3/train/data/feats_fmllr_train.6.ark:9438285
mtab0_si2202 /nfs-share/xinchi/kaldi/egs/timit/s5_la5/data-fmllr-tri3/train/data/feats_fmllr_train.10.ark:567618
fecd0_si788 /nfs-share/xinchi/kaldi/egs/timit/s5_la5/data-fmllr-tri3/train/data/feats_fmllr_train.1.ark:14266443
mdwd0_sx180 /nfs-share/xinchi/kaldi/egs/timit/s5_la5/data-fmllr-tri3/train/data/feats_fmllr_train.5.ark:9729523
marw0_si1906 /nfs-share/xinchi/kaldi/egs/timit/s5_la5/data-fmllr-tri3/train/data/feats_fmllr_train.4.ark:3016820
fecd0_sx428 /nfs-share/xinchi/kaldi/egs/timit/s5_la5/data-fmllr-tri3/train/data/feats_fmllr_train.1.ark:14490871
mrld0_sx154 /nfs-share/xinchi/kaldi/egs/timit/s5_la5/data-fmllr-tri3/train/data/feats_fmllr_train.9.ark:3529028
faem0_si2022 /nfs-share/xinchi/kaldi/egs/timit/s5_la5/data-fmllr-tri3/train/data/feats_fmllr_train.1.ark:75881
mmag0_sx46 /nfs-share/xinchi/kaldi/egs/timit/s5_la5/data-fmllr-tri3/train/data/feats_fmllr_train.7.ark:13810141
mjrg0_si736 /nfs-share/xinchi/kaldi/egs/timit/s5_la5/data-fmllr-tri3/train/data/feats_fmllr_train.6.ark:17680767
mvjh0_si926 /nfs-share/xinchi/kaldi/egs/timit/s5_la5/data-fmllr-tri3/train/data/feats_fmllr_train.10.ark:12465996
msrr0_si501 /nfs-share/xinchi/kaldi/egs/timit/s5_la5/data-fmllr-tri3/train/data/feats_fmllr_train.9.ark:17451382
mcxm0_si1351 /nfs-share/xinchi/kaldi/egs/timit/s5_la5/data-fmllr-tri3/train/data/feats_fmllr_train.4.ark:13986762
fjwb1_si795 /nfs-share/xinchi/kaldi/egs/timit/s5_la5/data-fmllr-tri3/train/data/feats_fmllr_train.2.ark:4145122
mkln0_si2228 /nfs-share/xinchi/kaldi/egs/timit/s5_la5/data-fmllr-tri3/train/data/feats_fmllr_train.7.ark:7546882
mbar0_si689 /nfs-share/xinchi/kaldi/egs/timit/s5_la5/data-fmllr-tri3/train/data/feats_fmllr_train.4.ark:3455784
mmag0_si1756 /nfs-share/xinchi/kaldi/egs/timit/s5_la5/data-fmllr-tri3/train/data/feats_fmllr_train.7.ark:13465180
mrms0_sx300 /nfs-share/xinchi/kaldi/egs/timit/s5_la5/data-fmllr-tri3/train/data/feats_fmllr_train.9.ark:7016185
mdas0_si1896 /nfs-share/xinchi/kaldi/egs/timit/s5_la5/data-fmllr-tri3/train/data/feats_fmllr_train.4.ark:14804504
fsjs0_sx361 /nfs-share/xinchi/kaldi/egs/timit/s5_la5/data-fmllr-tri3/train/data/feats_fmllr_train.3.ark:9431219
fjxp0_sx312 /nfs-share/xinchi/kaldi/egs/timit/s5_la5/data-fmllr-tri3/train/data/feats_fmllr_train.2.ark:5058277
flac0_sx361 /nfs-share/xinchi/kaldi/egs/timit/s5_la5/data-fmllr-tri3/train/data/feats_fmllr_train.2.ark:9082849
mmam0_sx67 /nfs-share/xinchi/kaldi/egs/timit/s5_la5/data-fmllr-tri3/train/data/feats_fmllr_train.7.ark:14132759
mgrp0_sx417 /nfs-share/xinchi/kaldi/egs/timit/s5_la5/data-fmllr-tri3/train/data/feats_fmllr_train.6.ark:2202223
fbmj0_sx156 /nfs-share/xinchi/kaldi/egs/timit/s5_la5/data-fmllr-tri3/train/data/feats_fmllr_train.1.ark:4630318
mzmb0_sx86 /nfs-share/xinchi/kaldi/egs/timit/s5_la5/data-fmllr-tri3/train/data/feats_fmllr_train.10.ark:17940210
mpgr0_si1410 /nfs-share/xinchi/kaldi/egs/timit/s5_la5/data-fmllr-tri3/train/data/feats_fmllr_train.8.ark:7151815
mkxl0_si1185 /nfs-share/xinchi/kaldi/egs/timit/s5_la5/data-fmllr-tri3/train/data/feats_fmllr_train.7.ark:9755998
mdwh0_si1925 /nfs-share/xinchi/kaldi/egs/timit/s5_la5/data-fmllr-tri3/train/data/feats_fmllr_train.5.ark:10013206
mjbg0_si1862 /nfs-share/xinchi/kaldi/egs/timit/s5_la5/data-fmllr-tri3/train/data/feats_fmllr_train.6.ark:7726962
fbmh0_sx416 /nfs-share/xinchi/kaldi/egs/timit/s5_la5/data-fmllr-tri3/train/data/feats_fmllr_train.1.ark:4376423
mmdm1_sx153 /nfs-share/xinchi/kaldi/egs/timit/s5_la5/data-fmllr-tri3/train/data/feats_fmllr_train.7.ark:16727451
fmbg0_si1790 /nfs-share/xinchi/kaldi/egs/timit/s5_la5/data-fmllr-tri3/train/data/feats_fmllr_train.2.ark:14791121
mrew1_si2130 /nfs-share/xinchi/kaldi/egs/timit/s5_la5/data-fmllr-tri3/train/data/feats_fmllr_train.8.ark:16392517
msmr0_sx415 /nfs-share/xinchi/kaldi/egs/timit/s5_la5/data-fmllr-tri3/train/data/feats_fmllr_train.9.ark:16516919
mmxs0_si876 /nfs-share/xinchi/kaldi/egs/timit/s5_la5/data-fmllr-tri3/train/data/feats_fmllr_train.8.ark:4715153
mdpb0_sx416 /nfs-share/xinchi/kaldi/egs/timit/s5_la5/data-fmllr-tri3/train/data/feats_fmllr_train.5.ark:6985307
mejs0_si1870 /nfs-share/xinchi/kaldi/egs/timit/s5_la5/data-fmllr-tri3/train/data/feats_fmllr_train.5.ark:12666562
mrav0_si2268 /nfs-share/xinchi/kaldi/egs/timit/s5_la5/data-fmllr-tri3/train/data/feats_fmllr_train.8.ark:12593253
mwem0_si1320 /nfs-share/xinchi/kaldi/egs/timit/s5_la5/data-fmllr-tri3/train/data/feats_fmllr_train.10.ark:15248000
mcal0_si508 /nfs-share/xinchi/kaldi/egs/timit/s5_la5/data-fmllr-tri3/train/data/feats_fmllr_train.4.ark:8700259
fdas1_sx111 /nfs-share/xinchi/kaldi/egs/timit/s5_la5/data-fmllr-tri3/train/data/feats_fmllr_train.1.ark:9523061
fkdw0_sx307 /nfs-share/xinchi/kaldi/egs/timit/s5_la5/data-fmllr-tri3/train/data/feats_fmllr_train.2.ark:6313969
mtrt0_si1857 /nfs-share/xinchi/kaldi/egs/timit/s5_la5/data-fmllr-tri3/train/data/feats_fmllr_train.10.ark:11267397
msmc0_si509 /nfs-share/xinchi/kaldi/egs/timit/s5_la5/data-fmllr-tri3/train/data/feats_fmllr_train.9.ark:15868407
mrwa0_si973 /nfs-share/xinchi/kaldi/egs/timit/s5_la5/data-fmllr-tri3/train/data/feats_fmllr_train.9.ark:10096055
mtpr0_si506 /nfs-share/xinchi/kaldi/egs/timit/s5_la5/data-fmllr-tri3/train/data/feats_fmllr_train.10.ark:9650717
fljg0_sx351 /nfs-share/xinchi/kaldi/egs/timit/s5_la5/data-fmllr-tri3/train/data/feats_fmllr_train.2.ark:11866291
mmrp0_sx414 /nfs-share/xinchi/kaldi/egs/timit/s5_la5/data-fmllr-tri3/train/data/feats_fmllr_train.8.ark:2452040
fmpg0_si1602 /nfs-share/xinchi/kaldi/egs/timit/s5_la5/data-fmllr-tri3/train/data/feats_fmllr_train.2.ark:17925144
msas0_si2006 /nfs-share/xinchi/kaldi/egs/timit/s5_la5/data-fmllr-tri3/train/data/feats_fmllr_train.9.ark:11499457
mrdd0_sx277 /nfs-share/xinchi/kaldi/egs/timit/s5_la5/data-fmllr-tri3/train/data/feats_fmllr_train.8.ark:14270843
mafm0_sx399 /nfs-share/xinchi/kaldi/egs/timit/s5_la5/data-fmllr-tri3/train/data/feats_fmllr_train.4.ark:1026077
feac0_sx75 /nfs-share/xinchi/kaldi/egs/timit/s5_la5/data-fmllr-tri3/train/data/feats_fmllr_train.1.ark:13703743
msms0_si2063 /nfs-share/xinchi/kaldi/egs/timit/s5_la5/data-fmllr-tri3/train/data/feats_fmllr_train.9.ark:16668681
ftlg0_sx33 /nfs-share/xinchi/kaldi/egs/timit/s5_la5/data-fmllr-tri3/train/data/feats_fmllr_train.3.ark:15299620
mpgr1_sx149 /nfs-share/xinchi/kaldi/egs/timit/s5_la5/data-fmllr-tri3/train/data/feats_fmllr_train.8.ark:7646675
mrkm0_sx277 /nfs-share/xinchi/kaldi/egs/timit/s5_la5/data-fmllr-tri3/train/data/feats_fmllr_train.9.ark:3168200
mdac0_si631 /nfs-share/xinchi/kaldi/egs/timit/s5_la5/data-fmllr-tri3/train/data/feats_fmllr_train.4.ark:14444154
mrpc1_sx222 /nfs-share/xinchi/kaldi/egs/timit/s5_la5/data-fmllr-tri3/train/data/feats_fmllr_train.9.ark:7239550
frjb0_sx347 /nfs-share/xinchi/kaldi/egs/timit/s5_la5/data-fmllr-tri3/train/data/feats_fmllr_train.3.ark:4535975
mjpg0_sx291 /nfs-share/xinchi/kaldi/egs/timit/s5_la5/data-fmllr-tri3/train/data/feats_fmllr_train.6.ark:16371686
fsma0_sx451 /nfs-share/xinchi/kaldi/egs/timit/s5_la5/data-fmllr-tri3/train/data/feats_fmllr_train.3.ark:11776229
mjpm0_si1368 /nfs-share/xinchi/kaldi/egs/timit/s5_la5/data-fmllr-tri3/train/data/feats_fmllr_train.6.ark:16436381
mtpp0_sx158 /nfs-share/xinchi/kaldi/egs/timit/s5_la5/data-fmllr-tri3/train/data/feats_fmllr_train.10.ark:9298687
megj0_sx437 /nfs-share/xinchi/kaldi/egs/timit/s5_la5/data-fmllr-tri3/train/data/feats_fmllr_train.5.ark:12145783
fdkn0_si1711 /nfs-share/xinchi/kaldi/egs/timit/s5_la5/data-fmllr-tri3/train/data/feats_fmllr_train.1.ark:10964385
falk0_si1086 /nfs-share/xinchi/kaldi/egs/timit/s5_la5/data-fmllr-tri3/train/data/feats_fmllr_train.1.ark:814845
msah1_si2309 /nfs-share/xinchi/kaldi/egs/timit/s5_la5/data-fmllr-tri3/train/data/feats_fmllr_train.9.ark:11162627
mljc0_si1225 /nfs-share/xinchi/kaldi/egs/timit/s5_la5/data-fmllr-tri3/train/data/feats_fmllr_train.7.ark:10940010
mwad0_si1062 /nfs-share/xinchi/kaldi/egs/timit/s5_la5/data-fmllr-tri3/train/data/feats_fmllr_train.10.ark:13878809
mtml0_si1695 /nfs-share/xinchi/kaldi/egs/timit/s5_la5/data-fmllr-tri3/train/data/feats_fmllr_train.10.ark:7285067
fkdw0_si577 /nfs-share/xinchi/kaldi/egs/timit/s5_la5/data-fmllr-tri3/train/data/feats_fmllr_train.2.ark:6209568
mrlk0_sx303 /nfs-share/xinchi/kaldi/egs/timit/s5_la5/data-fmllr-tri3/train/data/feats_fmllr_train.9.ark:4672454
fpac0_sx121 /nfs-share/xinchi/kaldi/egs/timit/s5_la5/data-fmllr-tri3/train/data/feats_fmllr_train.3.ark:1377865
fljg0_sx441 /nfs-share/xinchi/kaldi/egs/timit/s5_la5/data-fmllr-tri3/train/data/feats_fmllr_train.2.ark:11942638
mcxm0_si1981 /nfs-share/xinchi/kaldi/egs/timit/s5_la5/data-fmllr-tri3/train/data/feats_fmllr_train.4.ark:14031110
mbom0_si2274 /nfs-share/xinchi/kaldi/egs/timit/s5_la5/data-fmllr-tri3/train/data/feats_fmllr_train.4.ark:6768778
fklh0_sx177 /nfs-share/xinchi/kaldi/egs/timit/s5_la5/data-fmllr-tri3/train/data/feats_fmllr_train.2.ark:8249561
mdtb0_sx321 /nfs-share/xinchi/kaldi/egs/timit/s5_la5/data-fmllr-tri3/train/data/feats_fmllr_train.5.ark:9484746
ftaj0_sx69 /nfs-share/xinchi/kaldi/egs/timit/s5_la5/data-fmllr-tri3/train/data/feats_fmllr_train.3.ark:14174997
mbsb0_si1983 /nfs-share/xinchi/kaldi/egs/timit/s5_la5/data-fmllr-tri3/train/data/feats_fmllr_train.4.ark:7070569
mrgm0_sx172 /nfs-share/xinchi/kaldi/egs/timit/s5_la5/data-fmllr-tri3/train/data/feats_fmllr_train.8.ark:17673703
fvmh0_si836 /nfs-share/xinchi/kaldi/egs/timit/s5_la5/data-fmllr-tri3/train/data/feats_fmllr_train.3.ark:16603902
mrml0_sx431 /nfs-share/xinchi/kaldi/egs/timit/s5_la5/data-fmllr-tri3/train/data/feats_fmllr_train.9.ark:6634528
mmjb1_si1408 /nfs-share/xinchi/kaldi/egs/timit/s5_la5/data-fmllr-tri3/train/data/feats_fmllr_train.8.ark:1034426
mrfl0_sx76 /nfs-share/xinchi/kaldi/egs/timit/s5_la5/data-fmllr-tri3/train/data/feats_fmllr_train.8.ark:17435353
mrpc1_sx132 /nfs-share/xinchi/kaldi/egs/timit/s5_la5/data-fmllr-tri3/train/data/feats_fmllr_train.9.ark:7204643
mtjm0_sx326 /nfs-share/xinchi/kaldi/egs/timit/s5_la5/data-fmllr-tri3/train/data/feats_fmllr_train.10.ark:4720616
mbbr0_sx155 /nfs-share/xinchi/kaldi/egs/timit/s5_la5/data-fmllr-tri3/train/data/feats_fmllr_train.4.ark:3894429
mmab1_sx414 /nfs-share/xinchi/kaldi/egs/timit/s5_la5/data-fmllr-tri3/train/data/feats_fmllr_train.7.ark:13306058
mwre0_sx247 /nfs-share/xinchi/kaldi/egs/timit/s5_la5/data-fmllr-tri3/train/data/feats_fmllr_train.10.ark:16206785
mbml0_sx449 /nfs-share/xinchi/kaldi/egs/timit/s5_la5/data-fmllr-tri3/train/data/feats_fmllr_train.4.ark:6588828
flhd0_si1974 /nfs-share/xinchi/kaldi/egs/timit/s5_la5/data-fmllr-tri3/train/data/feats_fmllr_train.2.ark:10491478
mrjm0_si1858 /nfs-share/xinchi/kaldi/egs/timit/s5_la5/data-fmllr-tri3/train/data/feats_fmllr_train.9.ark:1780135
fdxw0_sx431 /nfs-share/xinchi/kaldi/egs/timit/s5_la5/data-fmllr-tri3/train/data/feats_fmllr_train.1.ark:13265740
fjen0_si1677 /nfs-share/xinchi/kaldi/egs/timit/s5_la5/data-fmllr-tri3/train/data/feats_fmllr_train.2.ark:463299
mgsl0_sx174 /nfs-share/xinchi/kaldi/egs/timit/s5_la5/data-fmllr-tri3/train/data/feats_fmllr_train.6.ark:2879853
mcre0_si1725 /nfs-share/xinchi/kaldi/egs/timit/s5_la5/data-fmllr-tri3/train/data/feats_fmllr_train.4.ark:12513283
mmpm0_si1061 /nfs-share/xinchi/kaldi/egs/timit/s5_la5/data-fmllr-tri3/train/data/feats_fmllr_train.8.ark:1762380
fpmy0_si1783 /nfs-share/xinchi/kaldi/egs/timit/s5_la5/data-fmllr-tri3/train/data/feats_fmllr_train.3.ark:3639272
mgsh0_si1176 /nfs-share/xinchi/kaldi/egs/timit/s5_la5/data-fmllr-tri3/train/data/feats_fmllr_train.6.ark:2305957
mhit0_si983 /nfs-share/xinchi/kaldi/egs/timit/s5_la5/data-fmllr-tri3/train/data/feats_fmllr_train.6.ark:3993914
mjra0_sx336 /nfs-share/xinchi/kaldi/egs/timit/s5_la5/data-fmllr-tri3/train/data/feats_fmllr_train.6.ark:17450231
fjen0_si2307 /nfs-share/xinchi/kaldi/egs/timit/s5_la5/data-fmllr-tri3/train/data/feats_fmllr_train.2.ark:515007
fsjk1_sx395 /nfs-share/xinchi/kaldi/egs/timit/s5_la5/data-fmllr-tri3/train/data/feats_fmllr_train.3.ark:9124015
fpac0_sx391 /nfs-share/xinchi/kaldi/egs/timit/s5_la5/data-fmllr-tri3/train/data/feats_fmllr_train.3.ark:1566772
mrkm0_sx367 /nfs-share/xinchi/kaldi/egs/timit/s5_la5/data-fmllr-tri3/train/data/feats_fmllr_train.9.ark:3223427
mrjm1_si668 /nfs-share/xinchi/kaldi/egs/timit/s5_la5/data-fmllr-tri3/train/data/feats_fmllr_train.9.ark:2208352
fnkl0_sx442 /nfs-share/xinchi/kaldi/egs/timit/s5_la5/data-fmllr-tri3/train/data/feats_fmllr_train.3.ark:278096
mgak0_sx226 /nfs-share/xinchi/kaldi/egs/timit/s5_la5/data-fmllr-tri3/train/data/feats_fmllr_train.5.ark:17155808
mgjc0_sx345 /nfs-share/xinchi/kaldi/egs/timit/s5_la5/data-fmllr-tri3/train/data/feats_fmllr_train.6.ark:1331682
mdas0_sx276 /nfs-share/xinchi/kaldi/egs/timit/s5_la5/data-fmllr-tri3/train/data/feats_fmllr_train.4.ark:14999011
mntw0_si1698 /nfs-share/xinchi/kaldi/egs/timit/s5_la5/data-fmllr-tri3/train/data/feats_fmllr_train.8.ark:5407078
fcjs0_sx347 /nfs-share/xinchi/kaldi/egs/timit/s5_la5/data-fmllr-tri3/train/data/feats_fmllr_train.1.ark:6887355
fvmh0_sx26 /nfs-share/xinchi/kaldi/egs/timit/s5_la5/data-fmllr-tri3/train/data/feats_fmllr_train.3.ark:16751982
mrab1_sx218 /nfs-share/xinchi/kaldi/egs/timit/s5_la5/data-fmllr-tri3/train/data/feats_fmllr_train.8.ark:11517774
mtdb0_sx231 /nfs-share/xinchi/kaldi/egs/timit/s5_la5/data-fmllr-tri3/train/data/feats_fmllr_train.10.ark:3052841
fcmm0_sx420 /nfs-share/xinchi/kaldi/egs/timit/s5_la5/data-fmllr-tri3/train/data/feats_fmllr_train.1.ark:8462811
mhmg0_sx375 /nfs-share/xinchi/kaldi/egs/timit/s5_la5/data-fmllr-tri3/train/data/feats_fmllr_train.6.ark:4912563
mwac0_sx71 /nfs-share/xinchi/kaldi/egs/timit/s5_la5/data-fmllr-tri3/train/data/feats_fmllr_train.10.ark:13834941
mvjh0_sx26 /nfs-share/xinchi/kaldi/egs/timit/s5_la5/data-fmllr-tri3/train/data/feats_fmllr_train.10.ark:12595356
mhbs0_si945 /nfs-share/xinchi/kaldi/egs/timit/s5_la5/data-fmllr-tri3/train/data/feats_fmllr_train.6.ark:3654977
msdb0_si1637 /nfs-share/xinchi/kaldi/egs/timit/s5_la5/data-fmllr-tri3/train/data/feats_fmllr_train.9.ark:12586189
mjhi0_si1328 /nfs-share/xinchi/kaldi/egs/timit/s5_la5/data-fmllr-tri3/train/data/feats_fmllr_train.6.ark:11946575
fcrz0_sx73 /nfs-share/xinchi/kaldi/egs/timit/s5_la5/data-fmllr-tri3/train/data/feats_fmllr_train.1.ark:8883854
msah1_sx419 /nfs-share/xinchi/kaldi/egs/timit/s5_la5/data-fmllr-tri3/train/data/feats_fmllr_train.9.ark:11346735
fmjb0_sx367 /nfs-share/xinchi/kaldi/egs/timit/s5_la5/data-fmllr-tri3/train/data/feats_fmllr_train.2.ark:15778703
mbcg0_sx147 /nfs-share/xinchi/kaldi/egs/timit/s5_la5/data-fmllr-tri3/train/data/feats_fmllr_train.4.ark:4247285
fssb0_sx272 /nfs-share/xinchi/kaldi/egs/timit/s5_la5/data-fmllr-tri3/train/data/feats_fmllr_train.3.ark:13688301
marc0_si1188 /nfs-share/xinchi/kaldi/egs/timit/s5_la5/data-fmllr-tri3/train/data/feats_fmllr_train.4.ark:2663295
fscn0_si1886 /nfs-share/xinchi/kaldi/egs/timit/s5_la5/data-fmllr-tri3/train/data/feats_fmllr_train.3.ark:6762261
mmpm0_sx71 /nfs-share/xinchi/kaldi/egs/timit/s5_la5/data-fmllr-tri3/train/data/feats_fmllr_train.8.ark:2112810
mjkr0_si571 /nfs-share/xinchi/kaldi/egs/timit/s5_la5/data-fmllr-tri3/train/data/feats_fmllr_train.6.ark:13664778
mlsh0_sx337 /nfs-share/xinchi/kaldi/egs/timit/s5_la5/data-fmllr-tri3/train/data/feats_fmllr_train.7.ark:12448157
mwem0_si1393 /nfs-share/xinchi/kaldi/egs/timit/s5_la5/data-fmllr-tri3/train/data/feats_fmllr_train.10.ark:15298748
fjrb0_sx132 /nfs-share/xinchi/kaldi/egs/timit/s5_la5/data-fmllr-tri3/train/data/feats_fmllr_train.2.ark:2503641
fdas1_sx21 /nfs-share/xinchi/kaldi/egs/timit/s5_la5/data-fmllr-tri3/train/data/feats_fmllr_train.1.ark:9616554
mmlm0_si897 /nfs-share/xinchi/kaldi/egs/timit/s5_la5/data-fmllr-tri3/train/data/feats_fmllr_train.8.ark:1526698
mabc0_si1620 /nfs-share/xinchi/kaldi/egs/timit/s5_la5/data-fmllr-tri3/train/data/feats_fmllr_train.3.ark:16853184
medr0_sx294 /nfs-share/xinchi/kaldi/egs/timit/s5_la5/data-fmllr-tri3/train/data/feats_fmllr_train.5.ark:11355112
mwac0_si971 /nfs-share/xinchi/kaldi/egs/timit/s5_la5/data-fmllr-tri3/train/data/feats_fmllr_train.10.ark:13532087
fmkc0_sx352 /nfs-share/xinchi/kaldi/egs/timit/s5_la5/data-fmllr-tri3/train/data/feats_fmllr_train.2.ark:16972153
mjfh0_sx207 /nfs-share/xinchi/kaldi/egs/timit/s5_la5/data-fmllr-tri3/train/data/feats_fmllr_train.6.ark:11393930
fdtd0_si2191 /nfs-share/xinchi/kaldi/egs/timit/s5_la5/data-fmllr-tri3/train/data/feats_fmllr_train.1.ark:12638347
mrtc0_sx378 /nfs-share/xinchi/kaldi/egs/timit/s5_la5/data-fmllr-tri3/train/data/feats_fmllr_train.9.ark:9123538
mrab1_si2108 /nfs-share/xinchi/kaldi/egs/timit/s5_la5/data-fmllr-tri3/train/data/feats_fmllr_train.8.ark:11368893
fkdw0_si1207 /nfs-share/xinchi/kaldi/egs/timit/s5_la5/data-fmllr-tri3/train/data/feats_fmllr_train.2.ark:6053993
mkaj0_sx334 /nfs-share/xinchi/kaldi/egs/timit/s5_la5/data-fmllr-tri3/train/data/feats_fmllr_train.7.ark:5035552
mree0_sx294 /nfs-share/xinchi/kaldi/egs/timit/s5_la5/data-fmllr-tri3/train/data/feats_fmllr_train.8.ark:15441921
fgmb0_sx335 /nfs-share/xinchi/kaldi/egs/timit/s5_la5/data-fmllr-tri3/train/data/feats_fmllr_train.1.ark:17345804
mjfh0_si1737 /nfs-share/xinchi/kaldi/egs/timit/s5_la5/data-fmllr-tri3/train/data/feats_fmllr_train.6.ark:11256729
mtjm0_sx56 /nfs-share/xinchi/kaldi/egs/timit/s5_la5/data-fmllr-tri3/train/data/feats_fmllr_train.10.ark:4806269
fdml0_sx159 /nfs-share/xinchi/kaldi/egs/timit/s5_la5/data-fmllr-tri3/train/data/feats_fmllr_train.1.ark:11404790
mrgm0_sx442 /nfs-share/xinchi/kaldi/egs/timit/s5_la5/data-fmllr-tri3/train/data/feats_fmllr_train.8.ark:17831064
mbma1_sx324 /nfs-share/xinchi/kaldi/egs/timit/s5_la5/data-fmllr-tri3/train/data/feats_fmllr_train.4.ark:6153224
mpgr1_si1499 /nfs-share/xinchi/kaldi/egs/timit/s5_la5/data-fmllr-tri3/train/data/feats_fmllr_train.8.ark:7533980
mcew0_sx272 /nfs-share/xinchi/kaldi/egs/timit/s5_la5/data-fmllr-tri3/train/data/feats_fmllr_train.4.ark:10734198
mdhl0_si809 /nfs-share/xinchi/kaldi/egs/timit/s5_la5/data-fmllr-tri3/train/data/feats_fmllr_train.5.ark:919702
msah1_sx149 /nfs-share/xinchi/kaldi/egs/timit/s5_la5/data-fmllr-tri3/train/data/feats_fmllr_train.9.ark:11202014
fgrw0_si1782 /nfs-share/xinchi/kaldi/egs/timit/s5_la5/data-fmllr-tri3/train/data/feats_fmllr_train.1.ark:17591513
mkln0_sx428 /nfs-share/xinchi/kaldi/egs/timit/s5_la5/data-fmllr-tri3/train/data/feats_fmllr_train.7.ark:7766857
mdss0_sx261 /nfs-share/xinchi/kaldi/egs/timit/s5_la5/data-fmllr-tri3/train/data/feats_fmllr_train.5.ark:8753058
mgaw0_sx265 /nfs-share/xinchi/kaldi/egs/timit/s5_la5/data-fmllr-tri3/train/data/feats_fmllr_train.6.ark:605940
msat1_sx263 /nfs-share/xinchi/kaldi/egs/timit/s5_la5/data-fmllr-tri3/train/data/feats_fmllr_train.9.ark:12353413
mtpr0_si2230 /nfs-share/xinchi/kaldi/egs/timit/s5_la5/data-fmllr-tri3/train/data/feats_fmllr_train.10.ark:9569570
mkag0_sx79 /nfs-share/xinchi/kaldi/egs/timit/s5_la5/data-fmllr-tri3/train/data/feats_fmllr_train.7.ark:4375491
mdac0_si1261 /nfs-share/xinchi/kaldi/egs/timit/s5_la5/data-fmllr-tri3/train/data/feats_fmllr_train.4.ark:14365379
mkrg0_sx231 /nfs-share/xinchi/kaldi/egs/timit/s5_la5/data-fmllr-tri3/train/data/feats_fmllr_train.7.ark:9633011
madd0_sx358 /nfs-share/xinchi/kaldi/egs/timit/s5_la5/data-fmllr-tri3/train/data/feats_fmllr_train.3.ark:17832794
fexm0_sx111 /nfs-share/xinchi/kaldi/egs/timit/s5_la5/data-fmllr-tri3/train/data/feats_fmllr_train.1.ark:15968778
fhlm0_sx120 /nfs-share/xinchi/kaldi/egs/timit/s5_la5/data-fmllr-tri3/train/data/feats_fmllr_train.1.ark:18077065
mjhi0_si555 /nfs-share/xinchi/kaldi/egs/timit/s5_la5/data-fmllr-tri3/train/data/feats_fmllr_train.6.ark:12024362
mtrc0_sx363 /nfs-share/xinchi/kaldi/egs/timit/s5_la5/data-fmllr-tri3/train/data/feats_fmllr_train.10.ark:10734298
mrmh0_sx121 /nfs-share/xinchi/kaldi/egs/timit/s5_la5/data-fmllr-tri3/train/data/feats_fmllr_train.9.ark:6061430
mmgc0_si2184 /nfs-share/xinchi/kaldi/egs/timit/s5_la5/data-fmllr-tri3/train/data/feats_fmllr_train.8.ark:120549
mtbc0_sx273 /nfs-share/xinchi/kaldi/egs/timit/s5_la5/data-fmllr-tri3/train/data/feats_fmllr_train.10.ark:2254007
mclk0_sx220 /nfs-share/xinchi/kaldi/egs/timit/s5_la5/data-fmllr-tri3/train/data/feats_fmllr_train.4.ark:11588873
mjmm0_sx355 /nfs-share/xinchi/kaldi/egs/timit/s5_la5/data-fmllr-tri3/train/data/feats_fmllr_train.6.ark:16002003
mpgh0_sx384 /nfs-share/xinchi/kaldi/egs/timit/s5_la5/data-fmllr-tri3/train/data/feats_fmllr_train.8.ark:7118987
mjeb0_sx26 /nfs-share/xinchi/kaldi/egs/timit/s5_la5/data-fmllr-tri3/train/data/feats_fmllr_train.6.ark:10304345
mmdb0_sx177 /nfs-share/xinchi/kaldi/egs/timit/s5_la5/data-fmllr-tri3/train/data/feats_fmllr_train.7.ark:15631440
fcyl0_si667 /nfs-share/xinchi/kaldi/egs/timit/s5_la5/data-fmllr-tri3/train/data/feats_fmllr_train.1.ark:9023297
ftbw0_si715 /nfs-share/xinchi/kaldi/egs/timit/s5_la5/data-fmllr-tri3/train/data/feats_fmllr_train.3.ark:14668417
mmws1_sx261 /nfs-share/xinchi/kaldi/egs/timit/s5_la5/data-fmllr-tri3/train/data/feats_fmllr_train.8.ark:4438965
mjfh0_sx27 /nfs-share/xinchi/kaldi/egs/timit/s5_la5/data-fmllr-tri3/train/data/feats_fmllr_train.6.ark:11421956
mmdm0_si1311 /nfs-share/xinchi/kaldi/egs/timit/s5_la5/data-fmllr-tri3/train/data/feats_fmllr_train.7.ark:16233392
mtrr0_sx198 /nfs-share/xinchi/kaldi/egs/timit/s5_la5/data-fmllr-tri3/train/data/feats_fmllr_train.10.ark:11038807
mrcw0_si741 /nfs-share/xinchi/kaldi/egs/timit/s5_la5/data-fmllr-tri3/train/data/feats_fmllr_train.8.ark:13797904
mrvg0_sx330 /nfs-share/xinchi/kaldi/egs/timit/s5_la5/data-fmllr-tri3/train/data/feats_fmllr_train.9.ark:9858959
fmju0_sx39 /nfs-share/xinchi/kaldi/egs/timit/s5_la5/data-fmllr-tri3/train/data/feats_fmllr_train.2.ark:16644121
mree0_sx114 /nfs-share/xinchi/kaldi/egs/timit/s5_la5/data-fmllr-tri3/train/data/feats_fmllr_train.8.ark:15321681
mcth0_sx399 /nfs-share/xinchi/kaldi/egs/timit/s5_la5/data-fmllr-tri3/train/data/feats_fmllr_train.4.ark:13570997
mmxs0_sx336 /nfs-share/xinchi/kaldi/egs/timit/s5_la5/data-fmllr-tri3/train/data/feats_fmllr_train.8.ark:4831234
mtat0_sx300 /nfs-share/xinchi/kaldi/egs/timit/s5_la5/data-fmllr-tri3/train/data/feats_fmllr_train.10.ark:1542586
mkdd0_sx37 /nfs-share/xinchi/kaldi/egs/timit/s5_la5/data-fmllr-tri3/train/data/feats_fmllr_train.7.ark:6230309
mgak0_sx136 /nfs-share/xinchi/kaldi/egs/timit/s5_la5/data-fmllr-tri3/train/data/feats_fmllr_train.5.ark:17080421
mdef0_sx213 /nfs-share/xinchi/kaldi/egs/timit/s5_la5/data-fmllr-tri3/train/data/feats_fmllr_train.5.ark:202843
fltm0_sx80 /nfs-share/xinchi/kaldi/egs/timit/s5_la5/data-fmllr-tri3/train/data/feats_fmllr_train.2.ark:14304608
mjpm0_sx288 /nfs-share/xinchi/kaldi/egs/timit/s5_la5/data-fmllr-tri3/train/data/feats_fmllr_train.6.ark:16743423
fklc1_sx148 /nfs-share/xinchi/kaldi/egs/timit/s5_la5/data-fmllr-tri3/train/data/feats_fmllr_train.2.ark:7841024
mdps0_sx269 /nfs-share/xinchi/kaldi/egs/timit/s5_la5/data-fmllr-tri3/train/data/feats_fmllr_train.5.ark:7586327
marw0_sx16 /nfs-share/xinchi/kaldi/egs/timit/s5_la5/data-fmllr-tri3/train/data/feats_fmllr_train.4.ark:3135300
mtrt0_sx147 /nfs-share/xinchi/kaldi/egs/timit/s5_la5/data-fmllr-tri3/train/data/feats_fmllr_train.10.ark:11359291
mtrr0_si2178 /nfs-share/xinchi/kaldi/egs/timit/s5_la5/data-fmllr-tri3/train/data/feats_fmllr_train.10.ark:10841260
mmgc0_sx225 /nfs-share/xinchi/kaldi/egs/timit/s5_la5/data-fmllr-tri3/train/data/feats_fmllr_train.8.ark:195163
mefg0_si491 /nfs-share/xinchi/kaldi/egs/timit/s5_la5/data-fmllr-tri3/train/data/feats_fmllr_train.5.ark:11461913
mjwg0_sx445 /nfs-share/xinchi/kaldi/egs/timit/s5_la5/data-fmllr-tri3/train/data/feats_fmllr_train.7.ark:2322541
fmkf0_sx6 /nfs-share/xinchi/kaldi/egs/timit/s5_la5/data-fmllr-tri3/train/data/feats_fmllr_train.2.ark:17445195
mkah0_sx268 /nfs-share/xinchi/kaldi/egs/timit/s5_la5/data-fmllr-tri3/train/data/feats_fmllr_train.7.ark:4619948
mrhl0_sx75 /nfs-share/xinchi/kaldi/egs/timit/s5_la5/data-fmllr-tri3/train/data/feats_fmllr_train.9.ark:748417
mwar0_sx235 /nfs-share/xinchi/kaldi/egs/timit/s5_la5/data-fmllr-tri3/train/data/feats_fmllr_train.10.ark:14370817
makb0_sx386 /nfs-share/xinchi/kaldi/egs/timit/s5_la5/data-fmllr-tri3/train/data/feats_fmllr_train.4.ark:1917073
mdsj0_sx112 /nfs-share/xinchi/kaldi/egs/timit/s5_la5/data-fmllr-tri3/train/data/feats_fmllr_train.5.ark:8349454
fpjf0_si1046 /nfs-share/xinchi/kaldi/egs/timit/s5_la5/data-fmllr-tri3/train/data/feats_fmllr_train.3.ark:2831611
msah1_sx59 /nfs-share/xinchi/kaldi/egs/timit/s5_la5/data-fmllr-tri3/train/data/feats_fmllr_train.9.ark:11389961
mrml0_sx251 /nfs-share/xinchi/kaldi/egs/timit/s5_la5/data-fmllr-tri3/train/data/feats_fmllr_train.9.ark:6504874
fsrh0_sx131 /nfs-share/xinchi/kaldi/egs/timit/s5_la5/data-fmllr-tri3/train/data/feats_fmllr_train.3.ark:13225016
mrfk0_si1706 /nfs-share/xinchi/kaldi/egs/timit/s5_la5/data-fmllr-tri3/train/data/feats_fmllr_train.8.ark:16782494
mpeb0_sx60 /nfs-share/xinchi/kaldi/egs/timit/s5_la5/data-fmllr-tri3/train/data/feats_fmllr_train.8.ark:6365114
mjfr0_sx345 /nfs-share/xinchi/kaldi/egs/timit/s5_la5/data-fmllr-tri3/train/data/feats_fmllr_train.6.ark:11772894
fmkc0_si1072 /nfs-share/xinchi/kaldi/egs/timit/s5_la5/data-fmllr-tri3/train/data/feats_fmllr_train.2.ark:16805484
mwsb0_sx366 /nfs-share/xinchi/kaldi/egs/timit/s5_la5/data-fmllr-tri3/train/data/feats_fmllr_train.10.ark:17009805
mpar0_sx406 /nfs-share/xinchi/kaldi/egs/timit/s5_la5/data-fmllr-tri3/train/data/feats_fmllr_train.8.ark:5989671
mdmt0_sx32 /nfs-share/xinchi/kaldi/egs/timit/s5_la5/data-fmllr-tri3/train/data/feats_fmllr_train.5.ark:6189992
mclk0_sx310 /nfs-share/xinchi/kaldi/egs/timit/s5_la5/data-fmllr-tri3/train/data/feats_fmllr_train.4.ark:11643940
mhxl0_sx332 /nfs-share/xinchi/kaldi/egs/timit/s5_la5/data-fmllr-tri3/train/data/feats_fmllr_train.6.ark:5956360
madc0_sx107 /nfs-share/xinchi/kaldi/egs/timit/s5_la5/data-fmllr-tri3/train/data/feats_fmllr_train.3.ark:17374923
mrlr0_sx386 /nfs-share/xinchi/kaldi/egs/timit/s5_la5/data-fmllr-tri3/train/data/feats_fmllr_train.9.ark:5112564
milb0_sx3 /nfs-share/xinchi/kaldi/egs/timit/s5_la5/data-fmllr-tri3/train/data/feats_fmllr_train.6.ark:6364894
flac0_sx271 /nfs-share/xinchi/kaldi/egs/timit/s5_la5/data-fmllr-tri3/train/data/feats_fmllr_train.2.ark:9044422
flmc0_sx336 /nfs-share/xinchi/kaldi/egs/timit/s5_la5/data-fmllr-tri3/train/data/feats_fmllr_train.2.ark:13094967
mtqc0_sx271 /nfs-share/xinchi/kaldi/egs/timit/s5_la5/data-fmllr-tri3/train/data/feats_fmllr_train.10.ark:10227148
mtpg0_sx213 /nfs-share/xinchi/kaldi/egs/timit/s5_la5/data-fmllr-tri3/train/data/feats_fmllr_train.10.ark:9004097
mjxa0_sx427 /nfs-share/xinchi/kaldi/egs/timit/s5_la5/data-fmllr-tri3/train/data/feats_fmllr_train.7.ark:3526392
ftmg0_si1532 /nfs-share/xinchi/kaldi/egs/timit/s5_la5/data-fmllr-tri3/train/data/feats_fmllr_train.3.ark:15382715
mkdt0_sx173 /nfs-share/xinchi/kaldi/egs/timit/s5_la5/data-fmllr-tri3/train/data/feats_fmllr_train.7.ark:6480045
mhrm0_sx238 /nfs-share/xinchi/kaldi/egs/timit/s5_la5/data-fmllr-tri3/train/data/feats_fmllr_train.6.ark:5522517
mjrh0_sx405 /nfs-share/xinchi/kaldi/egs/timit/s5_la5/data-fmllr-tri3/train/data/feats_fmllr_train.7.ark:297137
flmc0_sx112 /nfs-share/xinchi/kaldi/egs/timit/s5_la5/data-fmllr-tri3/train/data/feats_fmllr_train.2.ark:12959527
mlel0_sx346 /nfs-share/xinchi/kaldi/egs/timit/s5_la5/data-fmllr-tri3/train/data/feats_fmllr_train.7.ark:10786329
mctm0_si1350 /nfs-share/xinchi/kaldi/egs/timit/s5_la5/data-fmllr-tri3/train/data/feats_fmllr_train.4.ark:13609265
msfv0_si1892 /nfs-share/xinchi/kaldi/egs/timit/s5_la5/data-fmllr-tri3/train/data/feats_fmllr_train.9.ark:15015814
fjhk0_si2282 /nfs-share/xinchi/kaldi/egs/timit/s5_la5/data-fmllr-tri3/train/data/feats_fmllr_train.2.ark:931865
mjrg0_si1996 /nfs-share/xinchi/kaldi/egs/timit/s5_la5/data-fmllr-tri3/train/data/feats_fmllr_train.6.ark:17658340
fskl0_sx359 /nfs-share/xinchi/kaldi/egs/timit/s5_la5/data-fmllr-tri3/train/data/feats_fmllr_train.3.ark:10586110
mfxv0_sx15 /nfs-share/xinchi/kaldi/egs/timit/s5_la5/data-fmllr-tri3/train/data/feats_fmllr_train.5.ark:16070836
msdh0_sx350 /nfs-share/xinchi/kaldi/egs/timit/s5_la5/data-fmllr-tri3/train/data/feats_fmllr_train.9.ark:13033875
fsjk1_sx35 /nfs-share/xinchi/kaldi/egs/timit/s5_la5/data-fmllr-tri3/train/data/feats_fmllr_train.3.ark:9086868
mtas0_si755 /nfs-share/xinchi/kaldi/egs/timit/s5_la5/data-fmllr-tri3/train/data/feats_fmllr_train.10.ark:1021942
fajw0_si1893 /nfs-share/xinchi/kaldi/egs/timit/s5_la5/data-fmllr-tri3/train/data/feats_fmllr_train.1.ark:469858
mhxl0_sx242 /nfs-share/xinchi/kaldi/egs/timit/s5_la5/data-fmllr-tri3/train/data/feats_fmllr_train.6.ark:5907853
fear0_sx172 /nfs-share/xinchi/kaldi/egs/timit/s5_la5/data-fmllr-tri3/train/data/feats_fmllr_train.1.ark:13866413
fmah1_sx159 /nfs-share/xinchi/kaldi/egs/timit/s5_la5/data-fmllr-tri3/train/data/feats_fmllr_train.2.ark:14486638
flkm0_sx440 /nfs-share/xinchi/kaldi/egs/timit/s5_la5/data-fmllr-tri3/train/data/feats_fmllr_train.2.ark:12375654
mmaa0_sx35 /nfs-share/xinchi/kaldi/egs/timit/s5_la5/data-fmllr-tri3/train/data/feats_fmllr_train.7.ark:12914800
faem0_sx132 /nfs-share/xinchi/kaldi/egs/timit/s5_la5/data-fmllr-tri3/train/data/feats_fmllr_train.1.ark:155455
msdb0_sx197 /nfs-share/xinchi/kaldi/egs/timit/s5_la5/data-fmllr-tri3/train/data/feats_fmllr_train.9.ark:12704377
mbjv0_sx257 /nfs-share/xinchi/kaldi/egs/timit/s5_la5/data-fmllr-tri3/train/data/feats_fmllr_train.4.ark:5381723
mjra0_si606 /nfs-share/xinchi/kaldi/egs/timit/s5_la5/data-fmllr-tri3/train/data/feats_fmllr_train.6.ark:17322630
mfrm0_sx345 /nfs-share/xinchi/kaldi/egs/timit/s5_la5/data-fmllr-tri3/train/data/feats_fmllr_train.5.ark:14988611
mkln0_si968 /nfs-share/xinchi/kaldi/egs/timit/s5_la5/data-fmllr-tri3/train/data/feats_fmllr_train.7.ark:7583229
fmbg0_si1160 /nfs-share/xinchi/kaldi/egs/timit/s5_la5/data-fmllr-tri3/train/data/feats_fmllr_train.2.ark:14706933
mdrd0_si1382 /nfs-share/xinchi/kaldi/egs/timit/s5_la5/data-fmllr-tri3/train/data/feats_fmllr_train.5.ark:7766115
fkfb0_sx168 /nfs-share/xinchi/kaldi/egs/timit/s5_la5/data-fmllr-tri3/train/data/feats_fmllr_train.2.ark:6598132
fmah1_sx429 /nfs-share/xinchi/kaldi/egs/timit/s5_la5/data-fmllr-tri3/train/data/feats_fmllr_train.2.ark:14618559
mcth0_si579 /nfs-share/xinchi/kaldi/egs/timit/s5_la5/data-fmllr-tri3/train/data/feats_fmllr_train.4.ark:13323183
mrew1_si1500 /nfs-share/xinchi/kaldi/egs/timit/s5_la5/data-fmllr-tri3/train/data/feats_fmllr_train.8.ark:16352169
mtlb0_si1764 /nfs-share/xinchi/kaldi/egs/timit/s5_la5/data-fmllr-tri3/train/data/feats_fmllr_train.10.ark:6569273
mjfr0_si975 /nfs-share/xinchi/kaldi/egs/timit/s5_la5/data-fmllr-tri3/train/data/feats_fmllr_train.6.ark:11616813
mhrm0_si958 /nfs-share/xinchi/kaldi/egs/timit/s5_la5/data-fmllr-tri3/train/data/feats_fmllr_train.6.ark:5429823
fetb0_sx158 /nfs-share/xinchi/kaldi/egs/timit/s5_la5/data-fmllr-tri3/train/data/feats_fmllr_train.1.ark:15569361
fkaa0_si1838 /nfs-share/xinchi/kaldi/egs/timit/s5_la5/data-fmllr-tri3/train/data/feats_fmllr_train.2.ark:5245746
mrew1_sx420 /nfs-share/xinchi/kaldi/egs/timit/s5_la5/data-fmllr-tri3/train/data/feats_fmllr_train.8.ark:16604812
mjpm0_sx198 /nfs-share/xinchi/kaldi/egs/timit/s5_la5/data-fmllr-tri3/train/data/feats_fmllr_train.6.ark:16688516
mrso0_sx129 /nfs-share/xinchi/kaldi/egs/timit/s5_la5/data-fmllr-tri3/train/data/feats_fmllr_train.9.ark:8069237
fcdr1_sx286 /nfs-share/xinchi/kaldi/egs/timit/s5_la5/data-fmllr-tri3/train/data/feats_fmllr_train.1.ark:5955050
mtat1_sx329 /nfs-share/xinchi/kaldi/egs/timit/s5_la5/data-fmllr-tri3/train/data/feats_fmllr_train.10.ark:1900377
feac0_si615 /nfs-share/xinchi/kaldi/egs/timit/s5_la5/data-fmllr-tri3/train/data/feats_fmllr_train.1.ark:13432569
fmjb0_si1177 /nfs-share/xinchi/kaldi/egs/timit/s5_la5/data-fmllr-tri3/train/data/feats_fmllr_train.2.ark:15526727
mhjb0_sx297 /nfs-share/xinchi/kaldi/egs/timit/s5_la5/data-fmllr-tri3/train/data/feats_fmllr_train.6.ark:4537759
maeb0_sx180 /nfs-share/xinchi/kaldi/egs/timit/s5_la5/data-fmllr-tri3/train/data/feats_fmllr_train.4.ark:158015
fmju0_sx399 /nfs-share/xinchi/kaldi/egs/timit/s5_la5/data-fmllr-tri3/train/data/feats_fmllr_train.2.ark:16692948
mpar0_sx46 /nfs-share/xinchi/kaldi/egs/timit/s5_la5/data-fmllr-tri3/train/data/feats_fmllr_train.8.ark:6038177
mmab1_sx234 /nfs-share/xinchi/kaldi/egs/timit/s5_la5/data-fmllr-tri3/train/data/feats_fmllr_train.7.ark:13188244
mfmc0_sx412 /nfs-share/xinchi/kaldi/egs/timit/s5_la5/data-fmllr-tri3/train/data/feats_fmllr_train.5.ark:14658340
mljc0_sx325 /nfs-share/xinchi/kaldi/egs/timit/s5_la5/data-fmllr-tri3/train/data/feats_fmllr_train.7.ark:11196786
mbma0_sx322 /nfs-share/xinchi/kaldi/egs/timit/s5_la5/data-fmllr-tri3/train/data/feats_fmllr_train.4.ark:5782927
fpab1_si1471 /nfs-share/xinchi/kaldi/egs/timit/s5_la5/data-fmllr-tri3/train/data/feats_fmllr_train.3.ark:741406
mrhl0_sx345 /nfs-share/xinchi/kaldi/egs/timit/s5_la5/data-fmllr-tri3/train/data/feats_fmllr_train.9.ark:652204
mkdd0_si2197 /nfs-share/xinchi/kaldi/egs/timit/s5_la5/data-fmllr-tri3/train/data/feats_fmllr_train.7.ark:6006815
mdks0_sx76 /nfs-share/xinchi/kaldi/egs/timit/s5_la5/data-fmllr-tri3/train/data/feats_fmllr_train.5.ark:2257768
mcew0_si812 /nfs-share/xinchi/kaldi/egs/timit/s5_la5/data-fmllr-tri3/train/data/feats_fmllr_train.4.ark:10604864
msdh0_si980 /nfs-share/xinchi/kaldi/egs/timit/s5_la5/data-fmllr-tri3/train/data/feats_fmllr_train.9.ark:12844514
mcal0_si1768 /nfs-share/xinchi/kaldi/egs/timit/s5_la5/data-fmllr-tri3/train/data/feats_fmllr_train.4.ark:8674952
mrjh0_sx169 /nfs-share/xinchi/kaldi/egs/timit/s5_la5/data-fmllr-tri3/train/data/feats_fmllr_train.9.ark:1422664
msrr0_si1131 /nfs-share/xinchi/kaldi/egs/timit/s5_la5/data-fmllr-tri3/train/data/feats_fmllr_train.9.ark:17342047
msfv0_si1262 /nfs-share/xinchi/kaldi/egs/timit/s5_la5/data-fmllr-tri3/train/data/feats_fmllr_train.9.ark:14979466
mtmn0_si2324 /nfs-share/xinchi/kaldi/egs/timit/s5_la5/data-fmllr-tri3/train/data/feats_fmllr_train.10.ark:7707685
mjra0_sx426 /nfs-share/xinchi/kaldi/egs/timit/s5_la5/data-fmllr-tri3/train/data/feats_fmllr_train.6.ark:17516338
mdss1_sx247 /nfs-share/xinchi/kaldi/egs/timit/s5_la5/data-fmllr-tri3/train/data/feats_fmllr_train.5.ark:9074235
mter0_si1787 /nfs-share/xinchi/kaldi/egs/timit/s5_la5/data-fmllr-tri3/train/data/feats_fmllr_train.10.ark:3756395
mcal0_si1138 /nfs-share/xinchi/kaldi/egs/timit/s5_la5/data-fmllr-tri3/train/data/feats_fmllr_train.4.ark:8609644
fbmh0_sx236 /nfs-share/xinchi/kaldi/egs/timit/s5_la5/data-fmllr-tri3/train/data/feats_fmllr_train.1.ark:4302929
meal0_si1547 /nfs-share/xinchi/kaldi/egs/timit/s5_la5/data-fmllr-tri3/train/data/feats_fmllr_train.5.ark:10773932
mjda0_sx311 /nfs-share/xinchi/kaldi/egs/timit/s5_la5/data-fmllr-tri3/train/data/feats_fmllr_train.6.ark:8217981
mlsh0_sx157 /nfs-share/xinchi/kaldi/egs/timit/s5_la5/data-fmllr-tri3/train/data/feats_fmllr_train.7.ark:12338183
mtpp0_si1508 /nfs-share/xinchi/kaldi/egs/timit/s5_la5/data-fmllr-tri3/train/data/feats_fmllr_train.10.ark:9160205
flet0_sx237 /nfs-share/xinchi/kaldi/egs/timit/s5_la5/data-fmllr-tri3/train/data/feats_fmllr_train.2.ark:10270674
mkah0_sx358 /nfs-share/xinchi/kaldi/egs/timit/s5_la5/data-fmllr-tri3/train/data/feats_fmllr_train.7.ark:4671495
msds0_si1077 /nfs-share/xinchi/kaldi/egs/timit/s5_la5/data-fmllr-tri3/train/data/feats_fmllr_train.9.ark:13190916
mdlb0_si1306 /nfs-share/xinchi/kaldi/egs/timit/s5_la5/data-fmllr-tri3/train/data/feats_fmllr_train.5.ark:2319556
fjrb0_sx312 /nfs-share/xinchi/kaldi/egs/timit/s5_la5/data-fmllr-tri3/train/data/feats_fmllr_train.2.ark:2591535
mfer0_sx232 /nfs-share/xinchi/kaldi/egs/timit/s5_la5/data-fmllr-tri3/train/data/feats_fmllr_train.5.ark:14182549
fjwb1_sx165 /nfs-share/xinchi/kaldi/egs/timit/s5_la5/data-fmllr-tri3/train/data/feats_fmllr_train.2.ark:4187869
fljg0_si981 /nfs-share/xinchi/kaldi/egs/timit/s5_la5/data-fmllr-tri3/train/data/feats_fmllr_train.2.ark:11672930
mrjm1_sx218 /nfs-share/xinchi/kaldi/egs/timit/s5_la5/data-fmllr-tri3/train/data/feats_fmllr_train.9.ark:2291126
fcmg0_si1872 /nfs-share/xinchi/kaldi/egs/timit/s5_la5/data-fmllr-tri3/train/data/feats_fmllr_train.1.ark:7902006
mtat1_sx149 /nfs-share/xinchi/kaldi/egs/timit/s5_la5/data-fmllr-tri3/train/data/feats_fmllr_train.10.ark:1772163
mgar0_si1694 /nfs-share/xinchi/kaldi/egs/timit/s5_la5/data-fmllr-tri3/train/data/feats_fmllr_train.6.ark:59241
mrjh0_sx259 /nfs-share/xinchi/kaldi/egs/timit/s5_la5/data-fmllr-tri3/train/data/feats_fmllr_train.9.ark:1496451
fdtd0_sx211 /nfs-share/xinchi/kaldi/egs/timit/s5_la5/data-fmllr-tri3/train/data/feats_fmllr_train.1.ark:12787068
flac0_si1339 /nfs-share/xinchi/kaldi/egs/timit/s5_la5/data-fmllr-tri3/train/data/feats_fmllr_train.2.ark:8862233
mtat1_si1627 /nfs-share/xinchi/kaldi/egs/timit/s5_la5/data-fmllr-tri3/train/data/feats_fmllr_train.10.ark:1668749
mstf0_sx406 /nfs-share/xinchi/kaldi/egs/timit/s5_la5/data-fmllr-tri3/train/data/feats_fmllr_train.9.ark:18040985
mges0_sx131 /nfs-share/xinchi/kaldi/egs/timit/s5_la5/data-fmllr-tri3/train/data/feats_fmllr_train.6.ark:850610
fsjw0_sx433 /nfs-share/xinchi/kaldi/egs/timit/s5_la5/data-fmllr-tri3/train/data/feats_fmllr_train.3.ark:9891623
fljg0_sx261 /nfs-share/xinchi/kaldi/egs/timit/s5_la5/data-fmllr-tri3/train/data/feats_fmllr_train.2.ark:11830584
mcae0_si2077 /nfs-share/xinchi/kaldi/egs/timit/s5_la5/data-fmllr-tri3/train/data/feats_fmllr_train.4.ark:8199057
mklw0_sx131 /nfs-share/xinchi/kaldi/egs/timit/s5_la5/data-fmllr-tri3/train/data/feats_fmllr_train.7.ark:9127007
mkam0_sx56 /nfs-share/xinchi/kaldi/egs/timit/s5_la5/data-fmllr-tri3/train/data/feats_fmllr_train.7.ark:5507023
mrjt0_si868 /nfs-share/xinchi/kaldi/egs/timit/s5_la5/data-fmllr-tri3/train/data/feats_fmllr_train.9.ark:2565369
mlsh0_si787 /nfs-share/xinchi/kaldi/egs/timit/s5_la5/data-fmllr-tri3/train/data/feats_fmllr_train.7.ark:12293196
mtdp0_sx81 /nfs-share/xinchi/kaldi/egs/timit/s5_la5/data-fmllr-tri3/train/data/feats_fmllr_train.10.ark:3638259
fdxw0_sx71 /nfs-share/xinchi/kaldi/egs/timit/s5_la5/data-fmllr-tri3/train/data/feats_fmllr_train.1.ark:13310566
fgdp0_sx178 /nfs-share/xinchi/kaldi/egs/timit/s5_la5/data-fmllr-tri3/train/data/feats_fmllr_train.1.ark:16759613
mjdm0_sx440 /nfs-share/xinchi/kaldi/egs/timit/s5_la5/data-fmllr-tri3/train/data/feats_fmllr_train.6.ark:9943036
mrjm0_sx238 /nfs-share/xinchi/kaldi/egs/timit/s5_la5/data-fmllr-tri3/train/data/feats_fmllr_train.9.ark:1888829
fpjf0_sx352 /nfs-share/xinchi/kaldi/egs/timit/s5_la5/data-fmllr-tri3/train/data/feats_fmllr_train.3.ark:3095135
mjwg0_sx355 /nfs-share/xinchi/kaldi/egs/timit/s5_la5/data-fmllr-tri3/train/data/feats_fmllr_train.7.ark:2280434
mdlm0_sx424 /nfs-share/xinchi/kaldi/egs/timit/s5_la5/data-fmllr-tri3/train/data/feats_fmllr_train.5.ark:4569924
mpgh0_sx294 /nfs-share/xinchi/kaldi/egs/timit/s5_la5/data-fmllr-tri3/train/data/feats_fmllr_train.8.ark:7086480
mpfu0_sx178 /nfs-share/xinchi/kaldi/egs/timit/s5_la5/data-fmllr-tri3/train/data/feats_fmllr_train.8.ark:6558024
flag0_sx204 /nfs-share/xinchi/kaldi/egs/timit/s5_la5/data-fmllr-tri3/train/data/feats_fmllr_train.2.ark:9459359
mgag0_sx61 /nfs-share/xinchi/kaldi/egs/timit/s5_la5/data-fmllr-tri3/train/data/feats_fmllr_train.5.ark:16879670
mdas0_sx186 /nfs-share/xinchi/kaldi/egs/timit/s5_la5/data-fmllr-tri3/train/data/feats_fmllr_train.4.ark:14936558
mrtj0_sx52 /nfs-share/xinchi/kaldi/egs/timit/s5_la5/data-fmllr-tri3/train/data/feats_fmllr_train.9.ark:9601355
fbcg1_si2242 /nfs-share/xinchi/kaldi/egs/timit/s5_la5/data-fmllr-tri3/train/data/feats_fmllr_train.1.ark:2493020
mjjm0_si1251 /nfs-share/xinchi/kaldi/egs/timit/s5_la5/data-fmllr-tri3/train/data/feats_fmllr_train.6.ark:13161626
fltm0_sx350 /nfs-share/xinchi/kaldi/egs/timit/s5_la5/data-fmllr-tri3/train/data/feats_fmllr_train.2.ark:14164395
mrab0_sx414 /nfs-share/xinchi/kaldi/egs/timit/s5_la5/data-fmllr-tri3/train/data/feats_fmllr_train.8.ark:11220971
fcmg0_sx432 /nfs-share/xinchi/kaldi/egs/timit/s5_la5/data-fmllr-tri3/train/data/feats_fmllr_train.1.ark:8087074
fsmm0_sx54 /nfs-share/xinchi/kaldi/egs/timit/s5_la5/data-fmllr-tri3/train/data/feats_fmllr_train.3.ark:12256632
mkrg0_sx141 /nfs-share/xinchi/kaldi/egs/timit/s5_la5/data-fmllr-tri3/train/data/feats_fmllr_train.7.ark:9582104
mcxm0_sx451 /nfs-share/xinchi/kaldi/egs/timit/s5_la5/data-fmllr-tri3/train/data/feats_fmllr_train.4.ark:14266285
msah1_si1679 /nfs-share/xinchi/kaldi/egs/timit/s5_la5/data-fmllr-tri3/train/data/feats_fmllr_train.9.ark:11139399
mjpm1_sx41 /nfs-share/xinchi/kaldi/egs/timit/s5_la5/data-fmllr-tri3/train/data/feats_fmllr_train.6.ark:17164307
fsjg0_si2200 /nfs-share/xinchi/kaldi/egs/timit/s5_la5/data-fmllr-tri3/train/data/feats_fmllr_train.3.ark:8355317
mjxa0_sx67 /nfs-share/xinchi/kaldi/egs/timit/s5_la5/data-fmllr-tri3/train/data/feats_fmllr_train.7.ark:3561298
mljh0_sx64 /nfs-share/xinchi/kaldi/egs/timit/s5_la5/data-fmllr-tri3/train/data/feats_fmllr_train.7.ark:11783456
fcrz0_si2053 /nfs-share/xinchi/kaldi/egs/timit/s5_la5/data-fmllr-tri3/train/data/feats_fmllr_train.1.ark:8625613
fsbk0_sx349 /nfs-share/xinchi/kaldi/egs/timit/s5_la5/data-fmllr-tri3/train/data/feats_fmllr_train.3.ark:6559940
fsdj0_sx125 /nfs-share/xinchi/kaldi/egs/timit/s5_la5/data-fmllr-tri3/train/data/feats_fmllr_train.3.ark:7722297
msem1_sx180 /nfs-share/xinchi/kaldi/egs/timit/s5_la5/data-fmllr-tri3/train/data/feats_fmllr_train.9.ark:13907696
mprd0_si801 /nfs-share/xinchi/kaldi/egs/timit/s5_la5/data-fmllr-tri3/train/data/feats_fmllr_train.8.ark:9472156
fjrp1_sx352 /nfs-share/xinchi/kaldi/egs/timit/s5_la5/data-fmllr-tri3/train/data/feats_fmllr_train.2.ark:3065192
mjdg0_sx322 /nfs-share/xinchi/kaldi/egs/timit/s5_la5/data-fmllr-tri3/train/data/feats_fmllr_train.6.ark:9492392
mjjb0_sx59 /nfs-share/xinchi/kaldi/egs/timit/s5_la5/data-fmllr-tri3/train/data/feats_fmllr_train.6.ark:12690181
flja0_si1078 /nfs-share/xinchi/kaldi/egs/timit/s5_la5/data-fmllr-tri3/train/data/feats_fmllr_train.2.ark:10780920
fsag0_sx153 /nfs-share/xinchi/kaldi/egs/timit/s5_la5/data-fmllr-tri3/train/data/feats_fmllr_train.3.ark:5209474
mree0_si1959 /nfs-share/xinchi/kaldi/egs/timit/s5_la5/data-fmllr-tri3/train/data/feats_fmllr_train.8.ark:15254774
mmxs0_si629 /nfs-share/xinchi/kaldi/egs/timit/s5_la5/data-fmllr-tri3/train/data/feats_fmllr_train.8.ark:4656726
mpgh0_sx24 /nfs-share/xinchi/kaldi/egs/timit/s5_la5/data-fmllr-tri3/train/data/feats_fmllr_train.8.ark:7056053
fsak0_sx130 /nfs-share/xinchi/kaldi/egs/timit/s5_la5/data-fmllr-tri3/train/data/feats_fmllr_train.3.ark:6105268
mmdb0_sx267 /nfs-share/xinchi/kaldi/egs/timit/s5_la5/data-fmllr-tri3/train/data/feats_fmllr_train.7.ark:15657067
mtrt0_si1227 /nfs-share/xinchi/kaldi/egs/timit/s5_la5/data-fmllr-tri3/train/data/feats_fmllr_train.10.ark:11187849
mgar0_si1842 /nfs-share/xinchi/kaldi/egs/timit/s5_la5/data-fmllr-tri3/train/data/feats_fmllr_train.6.ark:93829
mcdr0_si1784 /nfs-share/xinchi/kaldi/egs/timit/s5_la5/data-fmllr-tri3/train/data/feats_fmllr_train.4.ark:9753523
mkdb0_si872 /nfs-share/xinchi/kaldi/egs/timit/s5_la5/data-fmllr-tri3/train/data/feats_fmllr_train.7.ark:5640865
mmeb0_sx327 /nfs-share/xinchi/kaldi/egs/timit/s5_la5/data-fmllr-tri3/train/data/feats_fmllr_train.7.ark:17812929
fklc0_sx175 /nfs-share/xinchi/kaldi/egs/timit/s5_la5/data-fmllr-tri3/train/data/feats_fmllr_train.2.ark:7447046
mmds0_sx173 /nfs-share/xinchi/kaldi/egs/timit/s5_la5/data-fmllr-tri3/train/data/feats_fmllr_train.7.ark:17130068
feme0_sx245 /nfs-share/xinchi/kaldi/egs/timit/s5_la5/data-fmllr-tri3/train/data/feats_fmllr_train.1.ark:15211571
mlbc0_si609 /nfs-share/xinchi/kaldi/egs/timit/s5_la5/data-fmllr-tri3/train/data/feats_fmllr_train.7.ark:10225071
mtjg0_si890 /nfs-share/xinchi/kaldi/egs/timit/s5_la5/data-fmllr-tri3/train/data/feats_fmllr_train.10.ark:4141118
mjdc0_sx261 /nfs-share/xinchi/kaldi/egs/timit/s5_la5/data-fmllr-tri3/train/data/feats_fmllr_train.6.ark:8583931
mfrm0_sx165 /nfs-share/xinchi/kaldi/egs/timit/s5_la5/data-fmllr-tri3/train/data/feats_fmllr_train.5.ark:14903277
mafm0_sx309 /nfs-share/xinchi/kaldi/egs/timit/s5_la5/data-fmllr-tri3/train/data/feats_fmllr_train.4.ark:940104
mdps0_sx359 /nfs-share/xinchi/kaldi/egs/timit/s5_la5/data-fmllr-tri3/train/data/feats_fmllr_train.5.ark:7619474
fgdp0_si988 /nfs-share/xinchi/kaldi/egs/timit/s5_la5/data-fmllr-tri3/train/data/feats_fmllr_train.1.ark:16694626
fsrh0_sx311 /nfs-share/xinchi/kaldi/egs/timit/s5_la5/data-fmllr-tri3/train/data/feats_fmllr_train.3.ark:13324910
mmvp0_si1284 /nfs-share/xinchi/kaldi/egs/timit/s5_la5/data-fmllr-tri3/train/data/feats_fmllr_train.8.ark:2969111
fmpg0_si972 /nfs-share/xinchi/kaldi/egs/timit/s5_la5/data-fmllr-tri3/train/data/feats_fmllr_train.2.ark:18029999
mtbc0_sx363 /nfs-share/xinchi/kaldi/egs/timit/s5_la5/data-fmllr-tri3/train/data/feats_fmllr_train.10.ark:2353101
msjk0_sx426 /nfs-share/xinchi/kaldi/egs/timit/s5_la5/data-fmllr-tri3/train/data/feats_fmllr_train.9.ark:15732806
fkkh0_sx210 /nfs-share/xinchi/kaldi/egs/timit/s5_la5/data-fmllr-tri3/train/data/feats_fmllr_train.2.ark:7140936
mfer0_sx412 /nfs-share/xinchi/kaldi/egs/timit/s5_la5/data-fmllr-tri3/train/data/feats_fmllr_train.5.ark:14270283
msfh0_sx226 /nfs-share/xinchi/kaldi/egs/timit/s5_la5/data-fmllr-tri3/train/data/feats_fmllr_train.9.ark:14763358
mdpb0_si866 /nfs-share/xinchi/kaldi/egs/timit/s5_la5/data-fmllr-tri3/train/data/feats_fmllr_train.5.ark:6785039
mapv0_si663 /nfs-share/xinchi/kaldi/egs/timit/s5_la5/data-fmllr-tri3/train/data/feats_fmllr_train.4.ark:2364733
mrlj0_sx70 /nfs-share/xinchi/kaldi/egs/timit/s5_la5/data-fmllr-tri3/train/data/feats_fmllr_train.9.ark:4044712
mmlm0_sx267 /nfs-share/xinchi/kaldi/egs/timit/s5_la5/data-fmllr-tri3/train/data/feats_fmllr_train.8.ark:1594432
mrcw0_sx21 /nfs-share/xinchi/kaldi/egs/timit/s5_la5/data-fmllr-tri3/train/data/feats_fmllr_train.8.ark:13945824
mrjt0_sx148 /nfs-share/xinchi/kaldi/egs/timit/s5_la5/data-fmllr-tri3/train/data/feats_fmllr_train.9.ark:2635476
flod0_sx387 /nfs-share/xinchi/kaldi/egs/timit/s5_la5/data-fmllr-tri3/train/data/feats_fmllr_train.2.ark:13891750
mjwt0_sx211 /nfs-share/xinchi/kaldi/egs/timit/s5_la5/data-fmllr-tri3/train/data/feats_fmllr_train.7.ark:3065641
mlns0_sx57 /nfs-share/xinchi/kaldi/egs/timit/s5_la5/data-fmllr-tri3/train/data/feats_fmllr_train.7.ark:12143833
mewm0_sx358 /nfs-share/xinchi/kaldi/egs/timit/s5_la5/data-fmllr-tri3/train/data/feats_fmllr_train.5.ark:13903319
mrws0_sx292 /nfs-share/xinchi/kaldi/egs/timit/s5_la5/data-fmllr-tri3/train/data/feats_fmllr_train.9.ark:10611259
mjwg0_si895 /nfs-share/xinchi/kaldi/egs/timit/s5_la5/data-fmllr-tri3/train/data/feats_fmllr_train.7.ark:2069313
msms0_sx443 /nfs-share/xinchi/kaldi/egs/timit/s5_la5/data-fmllr-tri3/train/data/feats_fmllr_train.9.ark:16900336
mbsb0_si723 /nfs-share/xinchi/kaldi/egs/timit/s5_la5/data-fmllr-tri3/train/data/feats_fmllr_train.4.ark:7093636
mjls0_sx196 /nfs-share/xinchi/kaldi/egs/timit/s5_la5/data-fmllr-tri3/train/data/feats_fmllr_train.6.ark:14918470
fjwb1_sx255 /nfs-share/xinchi/kaldi/egs/timit/s5_la5/data-fmllr-tri3/train/data/feats_fmllr_train.2.ark:4233496
mpmb0_si1501 /nfs-share/xinchi/kaldi/egs/timit/s5_la5/data-fmllr-tri3/train/data/feats_fmllr_train.8.ark:7881690
fvkb0_si1159 /nfs-share/xinchi/kaldi/egs/timit/s5_la5/data-fmllr-tri3/train/data/feats_fmllr_train.3.ark:16098030
mrwa0_si1603 /nfs-share/xinchi/kaldi/egs/timit/s5_la5/data-fmllr-tri3/train/data/feats_fmllr_train.9.ark:10002560
mmlm0_si1527 /nfs-share/xinchi/kaldi/egs/timit/s5_la5/data-fmllr-tri3/train/data/feats_fmllr_train.8.ark:1439763
mrhl0_si885 /nfs-share/xinchi/kaldi/egs/timit/s5_la5/data-fmllr-tri3/train/data/feats_fmllr_train.9.ark:513563
fmju0_si1389 /nfs-share/xinchi/kaldi/egs/timit/s5_la5/data-fmllr-tri3/train/data/feats_fmllr_train.2.ark:16331479
mdlb0_sx316 /nfs-share/xinchi/kaldi/egs/timit/s5_la5/data-fmllr-tri3/train/data/feats_fmllr_train.5.ark:2620812
msmc0_sx377 /nfs-share/xinchi/kaldi/egs/timit/s5_la5/data-fmllr-tri3/train/data/feats_fmllr_train.9.ark:16170488
mkdb0_sx62 /nfs-share/xinchi/kaldi/egs/timit/s5_la5/data-fmllr-tri3/train/data/feats_fmllr_train.7.ark:5896359
fsgf0_sx387 /nfs-share/xinchi/kaldi/egs/timit/s5_la5/data-fmllr-tri3/train/data/feats_fmllr_train.3.ark:8252861
mjrk0_sx430 /nfs-share/xinchi/kaldi/egs/timit/s5_la5/data-fmllr-tri3/train/data/feats_fmllr_train.7.ark:1041411
madc0_si1997 /nfs-share/xinchi/kaldi/egs/timit/s5_la5/data-fmllr-tri3/train/data/feats_fmllr_train.3.ark:17247989
mdef0_sx393 /nfs-share/xinchi/kaldi/egs/timit/s5_la5/data-fmllr-tri3/train/data/feats_fmllr_train.5.ark:319723
mgsh0_sx276 /nfs-share/xinchi/kaldi/egs/timit/s5_la5/data-fmllr-tri3/train/data/feats_fmllr_train.6.ark:2576493
mbgt0_sx351 /nfs-share/xinchi/kaldi/egs/timit/s5_la5/data-fmllr-tri3/train/data/feats_fmllr_train.4.ark:5047133
ftaj0_si699 /nfs-share/xinchi/kaldi/egs/timit/s5_la5/data-fmllr-tri3/train/data/feats_fmllr_train.3.ark:13980303
fntb0_sx303 /nfs-share/xinchi/kaldi/egs/timit/s5_la5/data-fmllr-tri3/train/data/feats_fmllr_train.3.ark:626125
mbma0_sx142 /nfs-share/xinchi/kaldi/egs/timit/s5_la5/data-fmllr-tri3/train/data/feats_fmllr_train.4.ark:5677113
fmmh0_si1537 /nfs-share/xinchi/kaldi/egs/timit/s5_la5/data-fmllr-tri3/train/data/feats_fmllr_train.2.ark:17535969
fcke0_si481 /nfs-share/xinchi/kaldi/egs/timit/s5_la5/data-fmllr-tri3/train/data/feats_fmllr_train.1.ark:7149091
mwch0_sx92 /nfs-share/xinchi/kaldi/egs/timit/s5_la5/data-fmllr-tri3/train/data/feats_fmllr_train.10.ark:14825035
msdh0_sx80 /nfs-share/xinchi/kaldi/egs/timit/s5_la5/data-fmllr-tri3/train/data/feats_fmllr_train.9.ark:13156648
mrab0_sx54 /nfs-share/xinchi/kaldi/egs/timit/s5_la5/data-fmllr-tri3/train/data/feats_fmllr_train.8.ark:11271397
mdrd0_si2012 /nfs-share/xinchi/kaldi/egs/timit/s5_la5/data-fmllr-tri3/train/data/feats_fmllr_train.5.ark:7806943
mmar0_sx76 /nfs-share/xinchi/kaldi/egs/timit/s5_la5/data-fmllr-tri3/train/data/feats_fmllr_train.7.ark:14609616
flja0_si1708 /nfs-share/xinchi/kaldi/egs/timit/s5_la5/data-fmllr-tri3/train/data/feats_fmllr_train.2.ark:10876148
mjfh0_si477 /nfs-share/xinchi/kaldi/egs/timit/s5_la5/data-fmllr-tri3/train/data/feats_fmllr_train.6.ark:11298996
mgjc0_sx75 /nfs-share/xinchi/kaldi/egs/timit/s5_la5/data-fmllr-tri3/train/data/feats_fmllr_train.6.ark:1459095
mtqc0_si1441 /nfs-share/xinchi/kaldi/egs/timit/s5_la5/data-fmllr-tri3/train/data/feats_fmllr_train.10.ark:9943519
mclk0_si1660 /nfs-share/xinchi/kaldi/egs/timit/s5_la5/data-fmllr-tri3/train/data/feats_fmllr_train.4.ark:11365724
fpac0_sx301 /nfs-share/xinchi/kaldi/egs/timit/s5_la5/data-fmllr-tri3/train/data/feats_fmllr_train.3.ark:1474239
fgcs0_si856 /nfs-share/xinchi/kaldi/egs/timit/s5_la5/data-fmllr-tri3/train/data/feats_fmllr_train.1.ark:16336009
flhd0_sx444 /nfs-share/xinchi/kaldi/egs/timit/s5_la5/data-fmllr-tri3/train/data/feats_fmllr_train.2.ark:10683106
msrg0_sx231 /nfs-share/xinchi/kaldi/egs/timit/s5_la5/data-fmllr-tri3/train/data/feats_fmllr_train.9.ark:17180979
mbma1_sx54 /nfs-share/xinchi/kaldi/egs/timit/s5_la5/data-fmllr-tri3/train/data/feats_fmllr_train.4.ark:6271197
fhxs0_sx175 /nfs-share/xinchi/kaldi/egs/timit/s5_la5/data-fmllr-tri3/train/data/feats_fmllr_train.1.ark:18588164
marw0_sx286 /nfs-share/xinchi/kaldi/egs/timit/s5_la5/data-fmllr-tri3/train/data/feats_fmllr_train.4.ark:3177727
mtas0_si2015 /nfs-share/xinchi/kaldi/egs/timit/s5_la5/data-fmllr-tri3/train/data/feats_fmllr_train.10.ark:993915
mrdd0_si1680 /nfs-share/xinchi/kaldi/egs/timit/s5_la5/data-fmllr-tri3/train/data/feats_fmllr_train.8.ark:14108974
mcth0_si1209 /nfs-share/xinchi/kaldi/egs/timit/s5_la5/data-fmllr-tri3/train/data/feats_fmllr_train.4.ark:13233848
fmkf0_sx186 /nfs-share/xinchi/kaldi/egs/timit/s5_la5/data-fmllr-tri3/train/data/feats_fmllr_train.2.ark:17307836
fvfb0_si1510 /nfs-share/xinchi/kaldi/egs/timit/s5_la5/data-fmllr-tri3/train/data/feats_fmllr_train.3.ark:15799280
fsls0_si2316 /nfs-share/xinchi/kaldi/egs/timit/s5_la5/data-fmllr-tri3/train/data/feats_fmllr_train.3.ark:11197984
marc0_sx198 /nfs-share/xinchi/kaldi/egs/timit/s5_la5/data-fmllr-tri3/train/data/feats_fmllr_train.4.ark:2849030
fsjk1_sx215 /nfs-share/xinchi/kaldi/egs/timit/s5_la5/data-fmllr-tri3/train/data/feats_fmllr_train.3.ark:8999775
fbcg1_sx82 /nfs-share/xinchi/kaldi/egs/timit/s5_la5/data-fmllr-tri3/train/data/feats_fmllr_train.1.ark:2808221
mrcg0_sx258 /nfs-share/xinchi/kaldi/egs/timit/s5_la5/data-fmllr-tri3/train/data/feats_fmllr_train.8.ark:13449261
mcdc0_sx392 /nfs-share/xinchi/kaldi/egs/timit/s5_la5/data-fmllr-tri3/train/data/feats_fmllr_train.4.ark:9299810
mdss0_si621 /nfs-share/xinchi/kaldi/egs/timit/s5_la5/data-fmllr-tri3/train/data/feats_fmllr_train.5.ark:8660844
mzmb0_sx446 /nfs-share/xinchi/kaldi/egs/timit/s5_la5/data-fmllr-tri3/train/data/feats_fmllr_train.10.ark:17896504
mdlc2_si1614 /nfs-share/xinchi/kaldi/egs/timit/s5_la5/data-fmllr-tri3/train/data/feats_fmllr_train.5.ark:3572848
mbcg0_sx327 /nfs-share/xinchi/kaldi/egs/timit/s5_la5/data-fmllr-tri3/train/data/feats_fmllr_train.4.ark:4319179
fsjg0_sx400 /nfs-share/xinchi/kaldi/egs/timit/s5_la5/data-fmllr-tri3/train/data/feats_fmllr_train.3.ark:8756918
mdlr1_si1929 /nfs-share/xinchi/kaldi/egs/timit/s5_la5/data-fmllr-tri3/train/data/feats_fmllr_train.5.ark:5107663
msds0_si2337 /nfs-share/xinchi/kaldi/egs/timit/s5_la5/data-fmllr-tri3/train/data/feats_fmllr_train.9.ark:13337052
fsdj0_si485 /nfs-share/xinchi/kaldi/egs/timit/s5_la5/data-fmllr-tri3/train/data/feats_fmllr_train.3.ark:7689790
mclm0_si1456 /nfs-share/xinchi/kaldi/egs/timit/s5_la5/data-fmllr-tri3/train/data/feats_fmllr_train.4.ark:11767541
mbcg0_si2217 /nfs-share/xinchi/kaldi/egs/timit/s5_la5/data-fmllr-tri3/train/data/feats_fmllr_train.4.ark:4113444
fmmh0_si2167 /nfs-share/xinchi/kaldi/egs/timit/s5_la5/data-fmllr-tri3/train/data/feats_fmllr_train.2.ark:17598397
falk0_si456 /nfs-share/xinchi/kaldi/egs/timit/s5_la5/data-fmllr-tri3/train/data/feats_fmllr_train.1.ark:860152
msat1_sx443 /nfs-share/xinchi/kaldi/egs/timit/s5_la5/data-fmllr-tri3/train/data/feats_fmllr_train.9.ark:12436987
flma0_sx343 /nfs-share/xinchi/kaldi/egs/timit/s5_la5/data-fmllr-tri3/train/data/feats_fmllr_train.2.ark:12687844
mdps0_si1979 /nfs-share/xinchi/kaldi/egs/timit/s5_la5/data-fmllr-tri3/train/data/feats_fmllr_train.5.ark:7443846
mdpk0_sx423 /nfs-share/xinchi/kaldi/egs/timit/s5_la5/data-fmllr-tri3/train/data/feats_fmllr_train.5.ark:7327764
fmah1_si879 /nfs-share/xinchi/kaldi/egs/timit/s5_la5/data-fmllr-tri3/train/data/feats_fmllr_train.2.ark:14411091
freh0_sx325 /nfs-share/xinchi/kaldi/egs/timit/s5_la5/data-fmllr-tri3/train/data/feats_fmllr_train.3.ark:4244077
mprd0_si2061 /nfs-share/xinchi/kaldi/egs/timit/s5_la5/data-fmllr-tri3/train/data/feats_fmllr_train.8.ark:9443649
madd0_si538 /nfs-share/xinchi/kaldi/egs/timit/s5_la5/data-fmllr-tri3/train/data/feats_fmllr_train.3.ark:17676873
mpar0_si2206 /nfs-share/xinchi/kaldi/egs/timit/s5_la5/data-fmllr-tri3/train/data/feats_fmllr_train.8.ark:5763936
mkah0_sx88 /nfs-share/xinchi/kaldi/egs/timit/s5_la5/data-fmllr-tri3/train/data/feats_fmllr_train.7.ark:4757948
fljd0_si2146 /nfs-share/xinchi/kaldi/egs/timit/s5_la5/data-fmllr-tri3/train/data/feats_fmllr_train.2.ark:11279726
flmk0_si1035 /nfs-share/xinchi/kaldi/egs/timit/s5_la5/data-fmllr-tri3/train/data/feats_fmllr_train.2.ark:13204142
mtrc0_sx273 /nfs-share/xinchi/kaldi/egs/timit/s5_la5/data-fmllr-tri3/train/data/feats_fmllr_train.10.ark:10704511
mbef0_si651 /nfs-share/xinchi/kaldi/egs/timit/s5_la5/data-fmllr-tri3/train/data/feats_fmllr_train.4.ark:4562035
mtat0_si811 /nfs-share/xinchi/kaldi/egs/timit/s5_la5/data-fmllr-tri3/train/data/feats_fmllr_train.10.ark:1364079
fskc0_sx246 /nfs-share/xinchi/kaldi/egs/timit/s5_la5/data-fmllr-tri3/train/data/feats_fmllr_train.3.ark:10161386
msvs0_sx38 /nfs-share/xinchi/kaldi/egs/timit/s5_la5/data-fmllr-tri3/train/data/feats_fmllr_train.10.ark:358255
fkaa0_si1208 /nfs-share/xinchi/kaldi/egs/timit/s5_la5/data-fmllr-tri3/train/data/feats_fmllr_train.2.ark:5196758
mjfh0_si1107 /nfs-share/xinchi/kaldi/egs/timit/s5_la5/data-fmllr-tri3/train/data/feats_fmllr_train.6.ark:11215581
fklc1_sx418 /nfs-share/xinchi/kaldi/egs/timit/s5_la5/data-fmllr-tri3/train/data/feats_fmllr_train.2.ark:7981105
fdjh0_sx215 /nfs-share/xinchi/kaldi/egs/timit/s5_la5/data-fmllr-tri3/train/data/feats_fmllr_train.1.ark:10664861
mdsj0_si2092 /nfs-share/xinchi/kaldi/egs/timit/s5_la5/data-fmllr-tri3/train/data/feats_fmllr_train.5.ark:8272600
mrwa0_sx343 /nfs-share/xinchi/kaldi/egs/timit/s5_la5/data-fmllr-tri3/train/data/feats_fmllr_train.9.ark:10219656
mkxl0_sx375 /nfs-share/xinchi/kaldi/egs/timit/s5_la5/data-fmllr-tri3/train/data/feats_fmllr_train.7.ark:10080348
ftbr0_sx111 /nfs-share/xinchi/kaldi/egs/timit/s5_la5/data-fmllr-tri3/train/data/feats_fmllr_train.3.ark:14390147
mmwb0_si2249 /nfs-share/xinchi/kaldi/egs/timit/s5_la5/data-fmllr-tri3/train/data/feats_fmllr_train.8.ark:3483917
mcpm0_si1194 /nfs-share/xinchi/kaldi/egs/timit/s5_la5/data-fmllr-tri3/train/data/feats_fmllr_train.4.ark:12101838
msfv0_sx452 /nfs-share/xinchi/kaldi/egs/timit/s5_la5/data-fmllr-tri3/train/data/feats_fmllr_train.9.ark:15297549
flja0_sx268 /nfs-share/xinchi/kaldi/egs/timit/s5_la5/data-fmllr-tri3/train/data/feats_fmllr_train.2.ark:10991750
ftbr0_sx201 /nfs-share/xinchi/kaldi/egs/timit/s5_la5/data-fmllr-tri3/train/data/feats_fmllr_train.3.ark:14429854
fjsp0_sx174 /nfs-share/xinchi/kaldi/egs/timit/s5_la5/data-fmllr-tri3/train/data/feats_fmllr_train.2.ark:3787973
mmdb0_si1358 /nfs-share/xinchi/kaldi/egs/timit/s5_la5/data-fmllr-tri3/train/data/feats_fmllr_train.7.ark:15480798
mwch0_sx362 /nfs-share/xinchi/kaldi/egs/timit/s5_la5/data-fmllr-tri3/train/data/feats_fmllr_train.10.ark:14722902
mdtb0_sx120 /nfs-share/xinchi/kaldi/egs/timit/s5_la5/data-fmllr-tri3/train/data/feats_fmllr_train.5.ark:9369465
fpab1_si841 /nfs-share/xinchi/kaldi/egs/timit/s5_la5/data-fmllr-tri3/train/data/feats_fmllr_train.3.ark:872501
madc0_sx17 /nfs-share/xinchi/kaldi/egs/timit/s5_la5/data-fmllr-tri3/train/data/feats_fmllr_train.3.ark:17420549
fkaa0_sx218 /nfs-share/xinchi/kaldi/egs/timit/s5_la5/data-fmllr-tri3/train/data/feats_fmllr_train.2.ark:5389507
mdlr0_sx243 /nfs-share/xinchi/kaldi/egs/timit/s5_la5/data-fmllr-tri3/train/data/feats_fmllr_train.5.ark:4843527
mkdb0_sx152 /nfs-share/xinchi/kaldi/egs/timit/s5_la5/data-fmllr-tri3/train/data/feats_fmllr_train.7.ark:5688572
