mjhi0_sx428 /nfs-share/xinchi/kaldi/egs/timit/s5_la5/data-fmllr-tri3/train/data/feats_fmllr_train.6.ark:12232657
mclm0_sx106 /nfs-share/xinchi/kaldi/egs/timit/s5_la5/data-fmllr-tri3/train/data/feats_fmllr_train.4.ark:11917383
fspm0_si1241 /nfs-share/xinchi/kaldi/egs/timit/s5_la5/data-fmllr-tri3/train/data/feats_fmllr_train.3.ark:12696077
mmlm0_si2150 /nfs-share/xinchi/kaldi/egs/timit/s5_la5/data-fmllr-tri3/train/data/feats_fmllr_train.8.ark:1458991
mrtc0_sx378 /nfs-share/xinchi/kaldi/egs/timit/s5_la5/data-fmllr-tri3/train/data/feats_fmllr_train.9.ark:9123538
mkxl0_sx15 /nfs-share/xinchi/kaldi/egs/timit/s5_la5/data-fmllr-tri3/train/data/feats_fmllr_train.7.ark:9968427
msrr0_sx141 /nfs-share/xinchi/kaldi/egs/timit/s5_la5/data-fmllr-tri3/train/data/feats_fmllr_train.9.ark:17522129
fmpg0_si2232 /nfs-share/xinchi/kaldi/egs/timit/s5_la5/data-fmllr-tri3/train/data/feats_fmllr_train.2.ark:17976052
fjxm0_si1971 /nfs-share/xinchi/kaldi/egs/timit/s5_la5/data-fmllr-tri3/train/data/feats_fmllr_train.2.ark:4451712
msms0_sx173 /nfs-share/xinchi/kaldi/egs/timit/s5_la5/data-fmllr-tri3/train/data/feats_fmllr_train.9.ark:16761855
mdks0_sx346 /nfs-share/xinchi/kaldi/egs/timit/s5_la5/data-fmllr-tri3/train/data/feats_fmllr_train.5.ark:2156915
fskp0_si468 /nfs-share/xinchi/kaldi/egs/timit/s5_la5/data-fmllr-tri3/train/data/feats_fmllr_train.3.ark:10844806
mkln0_sx158 /nfs-share/xinchi/kaldi/egs/timit/s5_la5/data-fmllr-tri3/train/data/feats_fmllr_train.7.ark:7643736
mbgt0_si1841 /nfs-share/xinchi/kaldi/egs/timit/s5_la5/data-fmllr-tri3/train/data/feats_fmllr_train.4.ark:4811345
mjkr0_si1831 /nfs-share/xinchi/kaldi/egs/timit/s5_la5/data-fmllr-tri3/train/data/feats_fmllr_train.6.ark:13615791
mjxa0_sx337 /nfs-share/xinchi/kaldi/egs/timit/s5_la5/data-fmllr-tri3/train/data/feats_fmllr_train.7.ark:3484605
mrew1_sx60 /nfs-share/xinchi/kaldi/egs/timit/s5_la5/data-fmllr-tri3/train/data/feats_fmllr_train.8.ark:16658758
fksr0_si487 /nfs-share/xinchi/kaldi/egs/timit/s5_la5/data-fmllr-tri3/train/data/feats_fmllr_train.2.ark:8573431
mmsm0_sx26 /nfs-share/xinchi/kaldi/egs/timit/s5_la5/data-fmllr-tri3/train/data/feats_fmllr_train.8.ark:2835429
mdtb0_sx390 /nfs-share/xinchi/kaldi/egs/timit/s5_la5/data-fmllr-tri3/train/data/feats_fmllr_train.5.ark:9538693
mjwg0_sx265 /nfs-share/xinchi/kaldi/egs/timit/s5_la5/data-fmllr-tri3/train/data/feats_fmllr_train.7.ark:2230967
mdcm0_sx40 /nfs-share/xinchi/kaldi/egs/timit/s5_la5/data-fmllr-tri3/train/data/feats_fmllr_train.4.ark:16562304
mdef0_sx33 /nfs-share/xinchi/kaldi/egs/timit/s5_la5/data-fmllr-tri3/train/data/feats_fmllr_train.5.ark:274256
fjrp1_sx262 /nfs-share/xinchi/kaldi/egs/timit/s5_la5/data-fmllr-tri3/train/data/feats_fmllr_train.2.ark:3000685
msfv0_si1262 /nfs-share/xinchi/kaldi/egs/timit/s5_la5/data-fmllr-tri3/train/data/feats_fmllr_train.9.ark:14979466
mses0_sx239 /nfs-share/xinchi/kaldi/egs/timit/s5_la5/data-fmllr-tri3/train/data/feats_fmllr_train.9.ark:14344261
fsls0_sx202 /nfs-share/xinchi/kaldi/egs/timit/s5_la5/data-fmllr-tri3/train/data/feats_fmllr_train.3.ark:11316758
mjmm0_si625 /nfs-share/xinchi/kaldi/egs/timit/s5_la5/data-fmllr-tri3/train/data/feats_fmllr_train.6.ark:15853442
fsls0_sx156 /nfs-share/xinchi/kaldi/egs/timit/s5_la5/data-fmllr-tri3/train/data/feats_fmllr_train.3.ark:11261211
fmkf0_sx186 /nfs-share/xinchi/kaldi/egs/timit/s5_la5/data-fmllr-tri3/train/data/feats_fmllr_train.2.ark:17307836
maeo0_sx336 /nfs-share/xinchi/kaldi/egs/timit/s5_la5/data-fmllr-tri3/train/data/feats_fmllr_train.4.ark:593327
fjhk0_sx212 /nfs-share/xinchi/kaldi/egs/timit/s5_la5/data-fmllr-tri3/train/data/feats_fmllr_train.2.ark:1064559
mmws0_sx78 /nfs-share/xinchi/kaldi/egs/timit/s5_la5/data-fmllr-tri3/train/data/feats_fmllr_train.8.ark:4271814
mafm0_sx39 /nfs-share/xinchi/kaldi/egs/timit/s5_la5/data-fmllr-tri3/train/data/feats_fmllr_train.4.ark:988130
fjrp1_sx352 /nfs-share/xinchi/kaldi/egs/timit/s5_la5/data-fmllr-tri3/train/data/feats_fmllr_train.2.ark:3065192
mtpp0_si1508 /nfs-share/xinchi/kaldi/egs/timit/s5_la5/data-fmllr-tri3/train/data/feats_fmllr_train.10.ark:9160205
mges0_si1481 /nfs-share/xinchi/kaldi/egs/timit/s5_la5/data-fmllr-tri3/train/data/feats_fmllr_train.6.ark:751328
mpgr0_sx60 /nfs-share/xinchi/kaldi/egs/timit/s5_la5/data-fmllr-tri3/train/data/feats_fmllr_train.8.ark:7457284
mrso0_si1659 /nfs-share/xinchi/kaldi/egs/timit/s5_la5/data-fmllr-tri3/train/data/feats_fmllr_train.9.ark:7963422
mfxs0_sx324 /nfs-share/xinchi/kaldi/egs/timit/s5_la5/data-fmllr-tri3/train/data/feats_fmllr_train.5.ark:15696566
fcdr1_sx16 /nfs-share/xinchi/kaldi/egs/timit/s5_la5/data-fmllr-tri3/train/data/feats_fmllr_train.1.ark:5875636
fdml0_sx249 /nfs-share/xinchi/kaldi/egs/timit/s5_la5/data-fmllr-tri3/train/data/feats_fmllr_train.1.ark:11450417
mclm0_sx16 /nfs-share/xinchi/kaldi/egs/timit/s5_la5/data-fmllr-tri3/train/data/feats_fmllr_train.4.ark:11952449
mnet0_sx96 /nfs-share/xinchi/kaldi/egs/timit/s5_la5/data-fmllr-tri3/train/data/feats_fmllr_train.8.ark:5278702
mchl0_sx177 /nfs-share/xinchi/kaldi/egs/timit/s5_la5/data-fmllr-tri3/train/data/feats_fmllr_train.4.ark:11151989
mklw0_sx401 /nfs-share/xinchi/kaldi/egs/timit/s5_la5/data-fmllr-tri3/train/data/feats_fmllr_train.7.ark:9290608
freh0_sx325 /nfs-share/xinchi/kaldi/egs/timit/s5_la5/data-fmllr-tri3/train/data/feats_fmllr_train.3.ark:4244077
msrr0_si501 /nfs-share/xinchi/kaldi/egs/timit/s5_la5/data-fmllr-tri3/train/data/feats_fmllr_train.9.ark:17451382
mmdg0_sx430 /nfs-share/xinchi/kaldi/egs/timit/s5_la5/data-fmllr-tri3/train/data/feats_fmllr_train.7.ark:16153658
mrbc0_sx419 /nfs-share/xinchi/kaldi/egs/timit/s5_la5/data-fmllr-tri3/train/data/feats_fmllr_train.8.ark:13145738
mrpc1_si2112 /nfs-share/xinchi/kaldi/egs/timit/s5_la5/data-fmllr-tri3/train/data/feats_fmllr_train.9.ark:7170696
mkdt0_sx263 /nfs-share/xinchi/kaldi/egs/timit/s5_la5/data-fmllr-tri3/train/data/feats_fmllr_train.7.ark:6541032
mrkm0_si1267 /nfs-share/xinchi/kaldi/egs/timit/s5_la5/data-fmllr-tri3/train/data/feats_fmllr_train.9.ark:2892731
fjen0_si1047 /nfs-share/xinchi/kaldi/egs/timit/s5_la5/data-fmllr-tri3/train/data/feats_fmllr_train.2.ark:417031
fsah0_si1244 /nfs-share/xinchi/kaldi/egs/timit/s5_la5/data-fmllr-tri3/train/data/feats_fmllr_train.3.ark:5542089
mwad0_si1749 /nfs-share/xinchi/kaldi/egs/timit/s5_la5/data-fmllr-tri3/train/data/feats_fmllr_train.10.ark:13929717
faem0_sx312 /nfs-share/xinchi/kaldi/egs/timit/s5_la5/data-fmllr-tri3/train/data/feats_fmllr_train.1.ark:244309
mcdc0_sx302 /nfs-share/xinchi/kaldi/egs/timit/s5_la5/data-fmllr-tri3/train/data/feats_fmllr_train.4.ark:9213517
fmpg0_sx72 /nfs-share/xinchi/kaldi/egs/timit/s5_la5/data-fmllr-tri3/train/data/feats_fmllr_train.2.ark:18382293
mtpg0_si2013 /nfs-share/xinchi/kaldi/egs/timit/s5_la5/data-fmllr-tri3/train/data/feats_fmllr_train.10.ark:8868816
fmkf0_si1536 /nfs-share/xinchi/kaldi/egs/timit/s5_la5/data-fmllr-tri3/train/data/feats_fmllr_train.2.ark:17201702
mtmt0_sx308 /nfs-share/xinchi/kaldi/egs/timit/s5_la5/data-fmllr-tri3/train/data/feats_fmllr_train.10.ark:8311530
mrab0_sx234 /nfs-share/xinchi/kaldi/egs/timit/s5_la5/data-fmllr-tri3/train/data/feats_fmllr_train.8.ark:11114837
mtdp0_sx171 /nfs-share/xinchi/kaldi/egs/timit/s5_la5/data-fmllr-tri3/train/data/feats_fmllr_train.10.ark:3385352
mejs0_sx70 /nfs-share/xinchi/kaldi/egs/timit/s5_la5/data-fmllr-tri3/train/data/feats_fmllr_train.5.ark:12958403
mprb0_si575 /nfs-share/xinchi/kaldi/egs/timit/s5_la5/data-fmllr-tri3/train/data/feats_fmllr_train.8.ark:9048419
mreh1_si969 /nfs-share/xinchi/kaldi/egs/timit/s5_la5/data-fmllr-tri3/train/data/feats_fmllr_train.8.ark:15629231
flkm0_si1880 /nfs-share/xinchi/kaldi/egs/timit/s5_la5/data-fmllr-tri3/train/data/feats_fmllr_train.2.ark:12043492
mmbs0_sx251 /nfs-share/xinchi/kaldi/egs/timit/s5_la5/data-fmllr-tri3/train/data/feats_fmllr_train.7.ark:14880313
mjjj0_sx173 /nfs-share/xinchi/kaldi/egs/timit/s5_la5/data-fmllr-tri3/train/data/feats_fmllr_train.6.ark:12913011
mree0_sx384 /nfs-share/xinchi/kaldi/egs/timit/s5_la5/data-fmllr-tri3/train/data/feats_fmllr_train.8.ark:15484188
mwrp0_si1525 /nfs-share/xinchi/kaldi/egs/timit/s5_la5/data-fmllr-tri3/train/data/feats_fmllr_train.10.ark:16487401
mbgt0_sx81 /nfs-share/xinchi/kaldi/egs/timit/s5_la5/data-fmllr-tri3/train/data/feats_fmllr_train.4.ark:5154226
mrsp0_sx259 /nfs-share/xinchi/kaldi/egs/timit/s5_la5/data-fmllr-tri3/train/data/feats_fmllr_train.9.ark:8604868
fbjl0_sx202 /nfs-share/xinchi/kaldi/egs/timit/s5_la5/data-fmllr-tri3/train/data/feats_fmllr_train.1.ark:3484094
mdsj0_si2092 /nfs-share/xinchi/kaldi/egs/timit/s5_la5/data-fmllr-tri3/train/data/feats_fmllr_train.5.ark:8272600
mmjb1_sx238 /nfs-share/xinchi/kaldi/egs/timit/s5_la5/data-fmllr-tri3/train/data/feats_fmllr_train.8.ark:1219975
ftbw0_si715 /nfs-share/xinchi/kaldi/egs/timit/s5_la5/data-fmllr-tri3/train/data/feats_fmllr_train.3.ark:14668417
fcmg0_sx342 /nfs-share/xinchi/kaldi/egs/timit/s5_la5/data-fmllr-tri3/train/data/feats_fmllr_train.1.ark:8036967
mhrm0_si2218 /nfs-share/xinchi/kaldi/egs/timit/s5_la5/data-fmllr-tri3/train/data/feats_fmllr_train.6.ark:5385156
mjjj0_si1793 /nfs-share/xinchi/kaldi/egs/timit/s5_la5/data-fmllr-tri3/train/data/feats_fmllr_train.6.ark:12818077
mpsw0_si2327 /nfs-share/xinchi/kaldi/egs/timit/s5_la5/data-fmllr-tri3/train/data/feats_fmllr_train.8.ark:10705287
fbmj0_sx156 /nfs-share/xinchi/kaldi/egs/timit/s5_la5/data-fmllr-tri3/train/data/feats_fmllr_train.1.ark:4630318
mgak0_si1036 /nfs-share/xinchi/kaldi/egs/timit/s5_la5/data-fmllr-tri3/train/data/feats_fmllr_train.5.ark:16923058
fbas0_sx37 /nfs-share/xinchi/kaldi/egs/timit/s5_la5/data-fmllr-tri3/train/data/feats_fmllr_train.1.ark:2373097
mges0_sx41 /nfs-share/xinchi/kaldi/egs/timit/s5_la5/data-fmllr-tri3/train/data/feats_fmllr_train.6.ark:1024797
mjdc0_sx261 /nfs-share/xinchi/kaldi/egs/timit/s5_la5/data-fmllr-tri3/train/data/feats_fmllr_train.6.ark:8583931
mjma0_sx325 /nfs-share/xinchi/kaldi/egs/timit/s5_la5/data-fmllr-tri3/train/data/feats_fmllr_train.6.ark:15305888
mgar0_sx312 /nfs-share/xinchi/kaldi/egs/timit/s5_la5/data-fmllr-tri3/train/data/feats_fmllr_train.6.ark:234870
fvfb0_si2292 /nfs-share/xinchi/kaldi/egs/timit/s5_la5/data-fmllr-tri3/train/data/feats_fmllr_train.3.ark:15863628
mwad0_sx162 /nfs-share/xinchi/kaldi/egs/timit/s5_la5/data-fmllr-tri3/train/data/feats_fmllr_train.10.ark:13985292
feac0_si615 /nfs-share/xinchi/kaldi/egs/timit/s5_la5/data-fmllr-tri3/train/data/feats_fmllr_train.1.ark:13432569
mtlc0_sx37 /nfs-share/xinchi/kaldi/egs/timit/s5_la5/data-fmllr-tri3/train/data/feats_fmllr_train.10.ark:7155704
fmju0_sx39 /nfs-share/xinchi/kaldi/egs/timit/s5_la5/data-fmllr-tri3/train/data/feats_fmllr_train.2.ark:16644121
fcmg0_si1872 /nfs-share/xinchi/kaldi/egs/timit/s5_la5/data-fmllr-tri3/train/data/feats_fmllr_train.1.ark:7902006
mtpr0_si1600 /nfs-share/xinchi/kaldi/egs/timit/s5_la5/data-fmllr-tri3/train/data/feats_fmllr_train.10.ark:9517702
fljd0_sx76 /nfs-share/xinchi/kaldi/egs/timit/s5_la5/data-fmllr-tri3/train/data/feats_fmllr_train.2.ark:11535247
fljd0_sx256 /nfs-share/xinchi/kaldi/egs/timit/s5_la5/data-fmllr-tri3/train/data/feats_fmllr_train.2.ark:11412287
mdlr1_si1299 /nfs-share/xinchi/kaldi/egs/timit/s5_la5/data-fmllr-tri3/train/data/feats_fmllr_train.5.ark:5059635
mmgc0_sx135 /nfs-share/xinchi/kaldi/egs/timit/s5_la5/data-fmllr-tri3/train/data/feats_fmllr_train.8.ark:150016
mhit0_sx83 /nfs-share/xinchi/kaldi/egs/timit/s5_la5/data-fmllr-tri3/train/data/feats_fmllr_train.6.ark:4257568
mbom0_sx311 /nfs-share/xinchi/kaldi/egs/timit/s5_la5/data-fmllr-tri3/train/data/feats_fmllr_train.4.ark:6923286
fjdm2_sx322 /nfs-share/xinchi/kaldi/egs/timit/s5_la5/data-fmllr-tri3/train/data/feats_fmllr_train.2.ark:271670
fjrb0_si672 /nfs-share/xinchi/kaldi/egs/timit/s5_la5/data-fmllr-tri3/train/data/feats_fmllr_train.2.ark:2480734
mwdk0_si1436 /nfs-share/xinchi/kaldi/egs/timit/s5_la5/data-fmllr-tri3/train/data/feats_fmllr_train.10.ark:14865863
mapv0_si1923 /nfs-share/xinchi/kaldi/egs/timit/s5_la5/data-fmllr-tri3/train/data/feats_fmllr_train.4.ark:2321186
mkes0_sx353 /nfs-share/xinchi/kaldi/egs/timit/s5_la5/data-fmllr-tri3/train/data/feats_fmllr_train.7.ark:7002716
mejl0_si1654 /nfs-share/xinchi/kaldi/egs/timit/s5_la5/data-fmllr-tri3/train/data/feats_fmllr_train.5.ark:12299625
mtpf0_sx425 /nfs-share/xinchi/kaldi/egs/timit/s5_la5/data-fmllr-tri3/train/data/feats_fmllr_train.10.ark:8751774
mcxm0_sx361 /nfs-share/xinchi/kaldi/egs/timit/s5_la5/data-fmllr-tri3/train/data/feats_fmllr_train.4.ark:14229618
mrjm0_sx148 /nfs-share/xinchi/kaldi/egs/timit/s5_la5/data-fmllr-tri3/train/data/feats_fmllr_train.9.ark:1843522
mesj0_si997 /nfs-share/xinchi/kaldi/egs/timit/s5_la5/data-fmllr-tri3/train/data/feats_fmllr_train.5.ark:13467183
madc0_si737 /nfs-share/xinchi/kaldi/egs/timit/s5_la5/data-fmllr-tri3/train/data/feats_fmllr_train.3.ark:17298416
mdwd0_sx180 /nfs-share/xinchi/kaldi/egs/timit/s5_la5/data-fmllr-tri3/train/data/feats_fmllr_train.5.ark:9729523
fscn0_sx266 /nfs-share/xinchi/kaldi/egs/timit/s5_la5/data-fmllr-tri3/train/data/feats_fmllr_train.3.ark:7018209
mrjm0_sx58 /nfs-share/xinchi/kaldi/egs/timit/s5_la5/data-fmllr-tri3/train/data/feats_fmllr_train.9.ark:2037869
msjk0_sx336 /nfs-share/xinchi/kaldi/egs/timit/s5_la5/data-fmllr-tri3/train/data/feats_fmllr_train.9.ark:15666219
mkag0_si979 /nfs-share/xinchi/kaldi/egs/timit/s5_la5/data-fmllr-tri3/train/data/feats_fmllr_train.7.ark:4114238
mwem0_sx330 /nfs-share/xinchi/kaldi/egs/timit/s5_la5/data-fmllr-tri3/train/data/feats_fmllr_train.10.ark:15469097
mjrh0_sx45 /nfs-share/xinchi/kaldi/egs/timit/s5_la5/data-fmllr-tri3/train/data/feats_fmllr_train.7.ark:340203
fmkf0_si906 /nfs-share/xinchi/kaldi/egs/timit/s5_la5/data-fmllr-tri3/train/data/feats_fmllr_train.2.ark:17253729
maeb0_sx360 /nfs-share/xinchi/kaldi/egs/timit/s5_la5/data-fmllr-tri3/train/data/feats_fmllr_train.4.ark:242549
mtpf0_si605 /nfs-share/xinchi/kaldi/egs/timit/s5_la5/data-fmllr-tri3/train/data/feats_fmllr_train.10.ark:8541906
mhbs0_sx45 /nfs-share/xinchi/kaldi/egs/timit/s5_la5/data-fmllr-tri3/train/data/feats_fmllr_train.6.ark:3876071
mrlk0_sx123 /nfs-share/xinchi/kaldi/egs/timit/s5_la5/data-fmllr-tri3/train/data/feats_fmllr_train.9.ark:4587120
fklh0_sx447 /nfs-share/xinchi/kaldi/egs/timit/s5_la5/data-fmllr-tri3/train/data/feats_fmllr_train.2.ark:8393802
madd0_sx178 /nfs-share/xinchi/kaldi/egs/timit/s5_la5/data-fmllr-tri3/train/data/feats_fmllr_train.3.ark:17721860
msfv0_si1892 /nfs-share/xinchi/kaldi/egs/timit/s5_la5/data-fmllr-tri3/train/data/feats_fmllr_train.9.ark:15015814
mjrh1_sx424 /nfs-share/xinchi/kaldi/egs/timit/s5_la5/data-fmllr-tri3/train/data/feats_fmllr_train.7.ark:681994
fljg0_sx171 /nfs-share/xinchi/kaldi/egs/timit/s5_la5/data-fmllr-tri3/train/data/feats_fmllr_train.2.ark:11750717
mjai0_sx254 /nfs-share/xinchi/kaldi/egs/timit/s5_la5/data-fmllr-tri3/train/data/feats_fmllr_train.6.ark:7506318
fcmg0_sx252 /nfs-share/xinchi/kaldi/egs/timit/s5_la5/data-fmllr-tri3/train/data/feats_fmllr_train.1.ark:7998540
flmk0_sx45 /nfs-share/xinchi/kaldi/egs/timit/s5_la5/data-fmllr-tri3/train/data/feats_fmllr_train.2.ark:13539852
mmdb0_si1358 /nfs-share/xinchi/kaldi/egs/timit/s5_la5/data-fmllr-tri3/train/data/feats_fmllr_train.7.ark:15480798
fmah1_sx249 /nfs-share/xinchi/kaldi/egs/timit/s5_la5/data-fmllr-tri3/train/data/feats_fmllr_train.2.ark:14539465
mjrk0_sx250 /nfs-share/xinchi/kaldi/egs/timit/s5_la5/data-fmllr-tri3/train/data/feats_fmllr_train.7.ark:947597
fmah1_si1509 /nfs-share/xinchi/kaldi/egs/timit/s5_la5/data-fmllr-tri3/train/data/feats_fmllr_train.2.ark:14337436
mjdm0_sx440 /nfs-share/xinchi/kaldi/egs/timit/s5_la5/data-fmllr-tri3/train/data/feats_fmllr_train.6.ark:9943036
mrjh0_sx439 /nfs-share/xinchi/kaldi/egs/timit/s5_la5/data-fmllr-tri3/train/data/feats_fmllr_train.9.ark:1578905
mlsh0_sx247 /nfs-share/xinchi/kaldi/egs/timit/s5_la5/data-fmllr-tri3/train/data/feats_fmllr_train.7.ark:12378690
fmjb0_si1807 /nfs-share/xinchi/kaldi/egs/timit/s5_la5/data-fmllr-tri3/train/data/feats_fmllr_train.2.ark:15598755
mter0_sx167 /nfs-share/xinchi/kaldi/egs/timit/s5_la5/data-fmllr-tri3/train/data/feats_fmllr_train.10.ark:3847169
msdb0_sx377 /nfs-share/xinchi/kaldi/egs/timit/s5_la5/data-fmllr-tri3/train/data/feats_fmllr_train.9.ark:12765711
mtrr0_sx18 /nfs-share/xinchi/kaldi/egs/timit/s5_la5/data-fmllr-tri3/train/data/feats_fmllr_train.10.ark:10994620
madd0_si1295 /nfs-share/xinchi/kaldi/egs/timit/s5_la5/data-fmllr-tri3/train/data/feats_fmllr_train.3.ark:17591378
fajw0_si1263 /nfs-share/xinchi/kaldi/egs/timit/s5_la5/data-fmllr-tri3/train/data/feats_fmllr_train.1.ark:390310
fpad0_sx446 /nfs-share/xinchi/kaldi/egs/timit/s5_la5/data-fmllr-tri3/train/data/feats_fmllr_train.3.ark:1943923
msdh0_sx350 /nfs-share/xinchi/kaldi/egs/timit/s5_la5/data-fmllr-tri3/train/data/feats_fmllr_train.9.ark:13033875
mtrt0_sx57 /nfs-share/xinchi/kaldi/egs/timit/s5_la5/data-fmllr-tri3/train/data/feats_fmllr_train.10.ark:11511558
fjsk0_sx152 /nfs-share/xinchi/kaldi/egs/timit/s5_la5/data-fmllr-tri3/train/data/feats_fmllr_train.2.ark:3409036
megj0_si1337 /nfs-share/xinchi/kaldi/egs/timit/s5_la5/data-fmllr-tri3/train/data/feats_fmllr_train.5.ark:11824502
fjxm0_sx41 /nfs-share/xinchi/kaldi/egs/timit/s5_la5/data-fmllr-tri3/train/data/feats_fmllr_train.2.ark:4761313
msah1_sx149 /nfs-share/xinchi/kaldi/egs/timit/s5_la5/data-fmllr-tri3/train/data/feats_fmllr_train.9.ark:11202014
mtab0_sx312 /nfs-share/xinchi/kaldi/egs/timit/s5_la5/data-fmllr-tri3/train/data/feats_fmllr_train.10.ark:775406
mjxl0_si1795 /nfs-share/xinchi/kaldi/egs/timit/s5_la5/data-fmllr-tri3/train/data/feats_fmllr_train.7.ark:3687114
mgsh0_si546 /nfs-share/xinchi/kaldi/egs/timit/s5_la5/data-fmllr-tri3/train/data/feats_fmllr_train.6.ark:2430332
fspm0_si611 /nfs-share/xinchi/kaldi/egs/timit/s5_la5/data-fmllr-tri3/train/data/feats_fmllr_train.3.ark:12823172
mjfh0_si1737 /nfs-share/xinchi/kaldi/egs/timit/s5_la5/data-fmllr-tri3/train/data/feats_fmllr_train.6.ark:11256729
fcke0_sx391 /nfs-share/xinchi/kaldi/egs/timit/s5_la5/data-fmllr-tri3/train/data/feats_fmllr_train.1.ark:7373865
fpmy0_sx163 /nfs-share/xinchi/kaldi/egs/timit/s5_la5/data-fmllr-tri3/train/data/feats_fmllr_train.3.ark:3776446
fljg0_sx81 /nfs-share/xinchi/kaldi/egs/timit/s5_la5/data-fmllr-tri3/train/data/feats_fmllr_train.2.ark:11997064
fdmy0_sx27 /nfs-share/xinchi/kaldi/egs/timit/s5_la5/data-fmllr-tri3/train/data/feats_fmllr_train.1.ark:11980899
mjlg1_sx202 /nfs-share/xinchi/kaldi/egs/timit/s5_la5/data-fmllr-tri3/train/data/feats_fmllr_train.6.ark:14499987
mntw0_sx258 /nfs-share/xinchi/kaldi/egs/timit/s5_la5/data-fmllr-tri3/train/data/feats_fmllr_train.8.ark:5584627
mabc0_sx421 /nfs-share/xinchi/kaldi/egs/timit/s5_la5/data-fmllr-tri3/train/data/feats_fmllr_train.3.ark:17098787
mrcw0_sx291 /nfs-share/xinchi/kaldi/egs/timit/s5_la5/data-fmllr-tri3/train/data/feats_fmllr_train.8.ark:13972891
feac0_sx345 /nfs-share/xinchi/kaldi/egs/timit/s5_la5/data-fmllr-tri3/train/data/feats_fmllr_train.1.ark:13598250
mjrp0_si585 /nfs-share/xinchi/kaldi/egs/timit/s5_la5/data-fmllr-tri3/train/data/feats_fmllr_train.7.ark:1208560
fcmm0_si453 /nfs-share/xinchi/kaldi/egs/timit/s5_la5/data-fmllr-tri3/train/data/feats_fmllr_train.1.ark:8306383
fjsk0_si1682 /nfs-share/xinchi/kaldi/egs/timit/s5_la5/data-fmllr-tri3/train/data/feats_fmllr_train.2.ark:3336661
mdlh0_sx430 /nfs-share/xinchi/kaldi/egs/timit/s5_la5/data-fmllr-tri3/train/data/feats_fmllr_train.5.ark:4228587
mgrp0_sx237 /nfs-share/xinchi/kaldi/egs/timit/s5_la5/data-fmllr-tri3/train/data/feats_fmllr_train.6.ark:2094489
fcmg0_si1242 /nfs-share/xinchi/kaldi/egs/timit/s5_la5/data-fmllr-tri3/train/data/feats_fmllr_train.1.ark:7858298
msah1_sx239 /nfs-share/xinchi/kaldi/egs/timit/s5_la5/data-fmllr-tri3/train/data/feats_fmllr_train.9.ark:11252281
fvkb0_sx259 /nfs-share/xinchi/kaldi/egs/timit/s5_la5/data-fmllr-tri3/train/data/feats_fmllr_train.3.ark:16264699
mmam0_sx247 /nfs-share/xinchi/kaldi/egs/timit/s5_la5/data-fmllr-tri3/train/data/feats_fmllr_train.7.ark:14006279
mdcd0_si1415 /nfs-share/xinchi/kaldi/egs/timit/s5_la5/data-fmllr-tri3/train/data/feats_fmllr_train.4.ark:15888805
mmsm0_sx386 /nfs-share/xinchi/kaldi/egs/timit/s5_la5/data-fmllr-tri3/train/data/feats_fmllr_train.8.ark:2922843
fjrp1_sx172 /nfs-share/xinchi/kaldi/egs/timit/s5_la5/data-fmllr-tri3/train/data/feats_fmllr_train.2.ark:2942258
mmgg0_si2339 /nfs-share/xinchi/kaldi/egs/timit/s5_la5/data-fmllr-tri3/train/data/feats_fmllr_train.8.ark:461407
mter0_sx257 /nfs-share/xinchi/kaldi/egs/timit/s5_la5/data-fmllr-tri3/train/data/feats_fmllr_train.10.ark:3939222
mdlb0_si676 /nfs-share/xinchi/kaldi/egs/timit/s5_la5/data-fmllr-tri3/train/data/feats_fmllr_train.5.ark:2461851
fsms1_sx347 /nfs-share/xinchi/kaldi/egs/timit/s5_la5/data-fmllr-tri3/train/data/feats_fmllr_train.3.ark:12589623
mmdm1_sx153 /nfs-share/xinchi/kaldi/egs/timit/s5_la5/data-fmllr-tri3/train/data/feats_fmllr_train.7.ark:16727451
mjeb1_sx387 /nfs-share/xinchi/kaldi/egs/timit/s5_la5/data-fmllr-tri3/train/data/feats_fmllr_train.6.ark:10777256
fgrw0_si1990 /nfs-share/xinchi/kaldi/egs/timit/s5_la5/data-fmllr-tri3/train/data/feats_fmllr_train.1.ark:17649781
fntb0_sx33 /nfs-share/xinchi/kaldi/egs/timit/s5_la5/data-fmllr-tri3/train/data/feats_fmllr_train.3.ark:660231
mrso0_si1206 /nfs-share/xinchi/kaldi/egs/timit/s5_la5/data-fmllr-tri3/train/data/feats_fmllr_train.9.ark:7875074
mbma1_sx144 /nfs-share/xinchi/kaldi/egs/timit/s5_la5/data-fmllr-tri3/train/data/feats_fmllr_train.4.ark:6061010
mrjm0_si1858 /nfs-share/xinchi/kaldi/egs/timit/s5_la5/data-fmllr-tri3/train/data/feats_fmllr_train.9.ark:1780135
msas0_sx386 /nfs-share/xinchi/kaldi/egs/timit/s5_la5/data-fmllr-tri3/train/data/feats_fmllr_train.9.ark:11814818
msem1_sx360 /nfs-share/xinchi/kaldi/egs/timit/s5_la5/data-fmllr-tri3/train/data/feats_fmllr_train.9.ark:14007270
mmjb1_si1408 /nfs-share/xinchi/kaldi/egs/timit/s5_la5/data-fmllr-tri3/train/data/feats_fmllr_train.8.ark:1034426
fskp0_sx288 /nfs-share/xinchi/kaldi/egs/timit/s5_la5/data-fmllr-tri3/train/data/feats_fmllr_train.3.ark:11003793
fceg0_si618 /nfs-share/xinchi/kaldi/egs/timit/s5_la5/data-fmllr-tri3/train/data/feats_fmllr_train.1.ark:6152920
mbef0_si651 /nfs-share/xinchi/kaldi/egs/timit/s5_la5/data-fmllr-tri3/train/data/feats_fmllr_train.4.ark:4562035
milb0_si2163 /nfs-share/xinchi/kaldi/egs/timit/s5_la5/data-fmllr-tri3/train/data/feats_fmllr_train.6.ark:6120761
mmaa0_sx215 /nfs-share/xinchi/kaldi/egs/timit/s5_la5/data-fmllr-tri3/train/data/feats_fmllr_train.7.ark:12818907
mreh1_sx429 /nfs-share/xinchi/kaldi/egs/timit/s5_la5/data-fmllr-tri3/train/data/feats_fmllr_train.8.ark:15860379
fsdc0_si1942 /nfs-share/xinchi/kaldi/egs/timit/s5_la5/data-fmllr-tri3/train/data/feats_fmllr_train.3.ark:7291145
mrab1_si1478 /nfs-share/xinchi/kaldi/egs/timit/s5_la5/data-fmllr-tri3/train/data/feats_fmllr_train.8.ark:11321025
fsls0_sx246 /nfs-share/xinchi/kaldi/egs/timit/s5_la5/data-fmllr-tri3/train/data/feats_fmllr_train.3.ark:11347825
mtmt0_si488 /nfs-share/xinchi/kaldi/egs/timit/s5_la5/data-fmllr-tri3/train/data/feats_fmllr_train.10.ark:8153369
mbsb0_sx93 /nfs-share/xinchi/kaldi/egs/timit/s5_la5/data-fmllr-tri3/train/data/feats_fmllr_train.4.ark:7266248
mtlc0_sx397 /nfs-share/xinchi/kaldi/egs/timit/s5_la5/data-fmllr-tri3/train/data/feats_fmllr_train.10.ark:7195891
mcae0_sx277 /nfs-share/xinchi/kaldi/egs/timit/s5_la5/data-fmllr-tri3/train/data/feats_fmllr_train.4.ark:8387938
mtml0_sx165 /nfs-share/xinchi/kaldi/egs/timit/s5_la5/data-fmllr-tri3/train/data/feats_fmllr_train.10.ark:7399842
fltm0_sx350 /nfs-share/xinchi/kaldi/egs/timit/s5_la5/data-fmllr-tri3/train/data/feats_fmllr_train.2.ark:14164395
mafm0_si939 /nfs-share/xinchi/kaldi/egs/timit/s5_la5/data-fmllr-tri3/train/data/feats_fmllr_train.4.ark:787543
mjlb0_sx446 /nfs-share/xinchi/kaldi/egs/timit/s5_la5/data-fmllr-tri3/train/data/feats_fmllr_train.6.ark:14228303
fgrw0_sx342 /nfs-share/xinchi/kaldi/egs/timit/s5_la5/data-fmllr-tri3/train/data/feats_fmllr_train.1.ark:17799302
mrlj1_si2332 /nfs-share/xinchi/kaldi/egs/timit/s5_la5/data-fmllr-tri3/train/data/feats_fmllr_train.9.ark:4172956
mrjm1_si668 /nfs-share/xinchi/kaldi/egs/timit/s5_la5/data-fmllr-tri3/train/data/feats_fmllr_train.9.ark:2208352
mdlc0_sx135 /nfs-share/xinchi/kaldi/egs/timit/s5_la5/data-fmllr-tri3/train/data/feats_fmllr_train.5.ark:2968815
mljh0_si1422 /nfs-share/xinchi/kaldi/egs/timit/s5_la5/data-fmllr-tri3/train/data/feats_fmllr_train.7.ark:11379455
mmag0_sx136 /nfs-share/xinchi/kaldi/egs/timit/s5_la5/data-fmllr-tri3/train/data/feats_fmllr_train.7.ark:13582674
mjrp0_sx135 /nfs-share/xinchi/kaldi/egs/timit/s5_la5/data-fmllr-tri3/train/data/feats_fmllr_train.7.ark:1255467
fgrw0_si1152 /nfs-share/xinchi/kaldi/egs/timit/s5_la5/data-fmllr-tri3/train/data/feats_fmllr_train.1.ark:17507965
mjfh0_sx387 /nfs-share/xinchi/kaldi/egs/timit/s5_la5/data-fmllr-tri3/train/data/feats_fmllr_train.6.ark:11481370
fmem0_sx333 /nfs-share/xinchi/kaldi/egs/timit/s5_la5/data-fmllr-tri3/train/data/feats_fmllr_train.2.ark:15384272
mmea0_si1388 /nfs-share/xinchi/kaldi/egs/timit/s5_la5/data-fmllr-tri3/train/data/feats_fmllr_train.7.ark:17323963
mcre0_si1725 /nfs-share/xinchi/kaldi/egs/timit/s5_la5/data-fmllr-tri3/train/data/feats_fmllr_train.4.ark:12513283
mtjg0_si890 /nfs-share/xinchi/kaldi/egs/timit/s5_la5/data-fmllr-tri3/train/data/feats_fmllr_train.10.ark:4141118
mjls0_sx286 /nfs-share/xinchi/kaldi/egs/timit/s5_la5/data-fmllr-tri3/train/data/feats_fmllr_train.6.ark:14947617
mrpc1_si2026 /nfs-share/xinchi/kaldi/egs/timit/s5_la5/data-fmllr-tri3/train/data/feats_fmllr_train.9.ark:7143468
fmbg0_si1160 /nfs-share/xinchi/kaldi/egs/timit/s5_la5/data-fmllr-tri3/train/data/feats_fmllr_train.2.ark:14706933
mpeb0_sx420 /nfs-share/xinchi/kaldi/egs/timit/s5_la5/data-fmllr-tri3/train/data/feats_fmllr_train.8.ark:6310048
fpls0_sx330 /nfs-share/xinchi/kaldi/egs/timit/s5_la5/data-fmllr-tri3/train/data/feats_fmllr_train.3.ark:3466070
mbar0_sx329 /nfs-share/xinchi/kaldi/egs/timit/s5_la5/data-fmllr-tri3/train/data/feats_fmllr_train.4.ark:3620025
mtrr0_si2178 /nfs-share/xinchi/kaldi/egs/timit/s5_la5/data-fmllr-tri3/train/data/feats_fmllr_train.10.ark:10841260
mmab1_si1494 /nfs-share/xinchi/kaldi/egs/timit/s5_la5/data-fmllr-tri3/train/data/feats_fmllr_train.7.ark:13001095
fsrh0_si1719 /nfs-share/xinchi/kaldi/egs/timit/s5_la5/data-fmllr-tri3/train/data/feats_fmllr_train.3.ark:13120614
fdnc0_si1278 /nfs-share/xinchi/kaldi/egs/timit/s5_la5/data-fmllr-tri3/train/data/feats_fmllr_train.1.ark:12146741
msds0_si1707 /nfs-share/xinchi/kaldi/egs/timit/s5_la5/data-fmllr-tri3/train/data/feats_fmllr_train.9.ark:13282464
fjkl0_sx392 /nfs-share/xinchi/kaldi/egs/timit/s5_la5/data-fmllr-tri3/train/data/feats_fmllr_train.2.ark:1564696
mtjg0_sx170 /nfs-share/xinchi/kaldi/egs/timit/s5_la5/data-fmllr-tri3/train/data/feats_fmllr_train.10.ark:4200345
mwem0_si1950 /nfs-share/xinchi/kaldi/egs/timit/s5_la5/data-fmllr-tri3/train/data/feats_fmllr_train.10.ark:15337496
mjrh1_si1558 /nfs-share/xinchi/kaldi/egs/timit/s5_la5/data-fmllr-tri3/train/data/feats_fmllr_train.7.ark:385191
fetb0_sx428 /nfs-share/xinchi/kaldi/egs/timit/s5_la5/data-fmllr-tri3/train/data/feats_fmllr_train.1.ark:15697602
mdlc1_sx265 /nfs-share/xinchi/kaldi/egs/timit/s5_la5/data-fmllr-tri3/train/data/feats_fmllr_train.5.ark:3421060
flet0_sx237 /nfs-share/xinchi/kaldi/egs/timit/s5_la5/data-fmllr-tri3/train/data/feats_fmllr_train.2.ark:10270674
mkdt0_si893 /nfs-share/xinchi/kaldi/egs/timit/s5_la5/data-fmllr-tri3/train/data/feats_fmllr_train.7.ark:6433458
fdjh0_sx395 /nfs-share/xinchi/kaldi/egs/timit/s5_la5/data-fmllr-tri3/train/data/feats_fmllr_train.1.ark:10791341
mprb0_sx395 /nfs-share/xinchi/kaldi/egs/timit/s5_la5/data-fmllr-tri3/train/data/feats_fmllr_train.8.ark:9330633
mjkr0_sx301 /nfs-share/xinchi/kaldi/egs/timit/s5_la5/data-fmllr-tri3/train/data/feats_fmllr_train.6.ark:13819899
msms0_sx83 /nfs-share/xinchi/kaldi/egs/timit/s5_la5/data-fmllr-tri3/train/data/feats_fmllr_train.9.ark:16944042
mdlh0_si700 /nfs-share/xinchi/kaldi/egs/timit/s5_la5/data-fmllr-tri3/train/data/feats_fmllr_train.5.ark:3995999
mjfr0_sx435 /nfs-share/xinchi/kaldi/egs/timit/s5_la5/data-fmllr-tri3/train/data/feats_fmllr_train.6.ark:11831961
mrws0_sx112 /nfs-share/xinchi/kaldi/egs/timit/s5_la5/data-fmllr-tri3/train/data/feats_fmllr_train.9.ark:10512939
mdbb1_si1636 /nfs-share/xinchi/kaldi/egs/timit/s5_la5/data-fmllr-tri3/train/data/feats_fmllr_train.4.ark:15179278
mrgs0_si726 /nfs-share/xinchi/kaldi/egs/timit/s5_la5/data-fmllr-tri3/train/data/feats_fmllr_train.9.ark:98628
mmab1_sx414 /nfs-share/xinchi/kaldi/egs/timit/s5_la5/data-fmllr-tri3/train/data/feats_fmllr_train.7.ark:13306058
marw0_si646 /nfs-share/xinchi/kaldi/egs/timit/s5_la5/data-fmllr-tri3/train/data/feats_fmllr_train.4.ark:3050287
fvmh0_si2096 /nfs-share/xinchi/kaldi/egs/timit/s5_la5/data-fmllr-tri3/train/data/feats_fmllr_train.3.ark:16560195
fpjf0_si1676 /nfs-share/xinchi/kaldi/egs/timit/s5_la5/data-fmllr-tri3/train/data/feats_fmllr_train.3.ark:2938227
mgak0_sx226 /nfs-share/xinchi/kaldi/egs/timit/s5_la5/data-fmllr-tri3/train/data/feats_fmllr_train.5.ark:17155808
mjxa0_si877 /nfs-share/xinchi/kaldi/egs/timit/s5_la5/data-fmllr-tri3/train/data/feats_fmllr_train.7.ark:3350924
fblv0_si1688 /nfs-share/xinchi/kaldi/egs/timit/s5_la5/data-fmllr-tri3/train/data/feats_fmllr_train.1.ark:3716870
fjrb0_sx222 /nfs-share/xinchi/kaldi/egs/timit/s5_la5/data-fmllr-tri3/train/data/feats_fmllr_train.2.ark:2543028
mjrg0_sx376 /nfs-share/xinchi/kaldi/egs/timit/s5_la5/data-fmllr-tri3/train/data/feats_fmllr_train.6.ark:17951461
fcrz0_sx433 /nfs-share/xinchi/kaldi/egs/timit/s5_la5/data-fmllr-tri3/train/data/feats_fmllr_train.1.ark:8833428
msat1_si1073 /nfs-share/xinchi/kaldi/egs/timit/s5_la5/data-fmllr-tri3/train/data/feats_fmllr_train.9.ark:12156183
fecd0_sx158 /nfs-share/xinchi/kaldi/egs/timit/s5_la5/data-fmllr-tri3/train/data/feats_fmllr_train.1.ark:14348710
fcrz0_si2053 /nfs-share/xinchi/kaldi/egs/timit/s5_la5/data-fmllr-tri3/train/data/feats_fmllr_train.1.ark:8625613
fjhk0_si1022 /nfs-share/xinchi/kaldi/egs/timit/s5_la5/data-fmllr-tri3/train/data/feats_fmllr_train.2.ark:864449
fklc1_sx328 /nfs-share/xinchi/kaldi/egs/timit/s5_la5/data-fmllr-tri3/train/data/feats_fmllr_train.2.ark:7928598
faem0_si1392 /nfs-share/xinchi/kaldi/egs/timit/s5_la5/data-fmllr-tri3/train/data/feats_fmllr_train.1.ark:13
fjsk0_sx242 /nfs-share/xinchi/kaldi/egs/timit/s5_la5/data-fmllr-tri3/train/data/feats_fmllr_train.2.ark:3458183
mrpc1_sx402 /nfs-share/xinchi/kaldi/egs/timit/s5_la5/data-fmllr-tri3/train/data/feats_fmllr_train.9.ark:7345684
mbma0_si1222 /nfs-share/xinchi/kaldi/egs/timit/s5_la5/data-fmllr-tri3/train/data/feats_fmllr_train.4.ark:5550791
makr0_sx362 /nfs-share/xinchi/kaldi/egs/timit/s5_la5/data-fmllr-tri3/train/data/feats_fmllr_train.4.ark:2124277
mgrl0_si867 /nfs-share/xinchi/kaldi/egs/timit/s5_la5/data-fmllr-tri3/train/data/feats_fmllr_train.6.ark:1588618
maeo0_si1655 /nfs-share/xinchi/kaldi/egs/timit/s5_la5/data-fmllr-tri3/train/data/feats_fmllr_train.4.ark:435138
mmdm0_sx321 /nfs-share/xinchi/kaldi/egs/timit/s5_la5/data-fmllr-tri3/train/data/feats_fmllr_train.7.ark:16464728
mesj0_sx187 /nfs-share/xinchi/kaldi/egs/timit/s5_la5/data-fmllr-tri3/train/data/feats_fmllr_train.5.ark:13525130
falk0_si456 /nfs-share/xinchi/kaldi/egs/timit/s5_la5/data-fmllr-tri3/train/data/feats_fmllr_train.1.ark:860152
mmpm0_sx71 /nfs-share/xinchi/kaldi/egs/timit/s5_la5/data-fmllr-tri3/train/data/feats_fmllr_train.8.ark:2112810
mdpk0_sx153 /nfs-share/xinchi/kaldi/egs/timit/s5_la5/data-fmllr-tri3/train/data/feats_fmllr_train.5.ark:7182723
mrbc0_sx59 /nfs-share/xinchi/kaldi/egs/timit/s5_la5/data-fmllr-tri3/train/data/feats_fmllr_train.8.ark:13195684
fjlr0_sx331 /nfs-share/xinchi/kaldi/egs/timit/s5_la5/data-fmllr-tri3/train/data/feats_fmllr_train.2.ark:2232438
mbma0_si592 /nfs-share/xinchi/kaldi/egs/timit/s5_la5/data-fmllr-tri3/train/data/feats_fmllr_train.4.ark:5653726
madc0_sx197 /nfs-share/xinchi/kaldi/egs/timit/s5_la5/data-fmllr-tri3/train/data/feats_fmllr_train.3.ark:17451616
fpab1_si841 /nfs-share/xinchi/kaldi/egs/timit/s5_la5/data-fmllr-tri3/train/data/feats_fmllr_train.3.ark:872501
mdtb0_si570 /nfs-share/xinchi/kaldi/egs/timit/s5_la5/data-fmllr-tri3/train/data/feats_fmllr_train.5.ark:9315038
fssb0_si1712 /nfs-share/xinchi/kaldi/egs/timit/s5_la5/data-fmllr-tri3/train/data/feats_fmllr_train.3.ark:13551099
fbmh0_sx326 /nfs-share/xinchi/kaldi/egs/timit/s5_la5/data-fmllr-tri3/train/data/feats_fmllr_train.1.ark:4337836
fdkn0_sx181 /nfs-share/xinchi/kaldi/egs/timit/s5_la5/data-fmllr-tri3/train/data/feats_fmllr_train.1.ark:10997852
fgrw0_sx432 /nfs-share/xinchi/kaldi/egs/timit/s5_la5/data-fmllr-tri3/train/data/feats_fmllr_train.1.ark:17850529
feac0_sx255 /nfs-share/xinchi/kaldi/egs/timit/s5_la5/data-fmllr-tri3/train/data/feats_fmllr_train.1.ark:13557743
mrld0_si1594 /nfs-share/xinchi/kaldi/egs/timit/s5_la5/data-fmllr-tri3/train/data/feats_fmllr_train.9.ark:3385266
mprd0_sx261 /nfs-share/xinchi/kaldi/egs/timit/s5_la5/data-fmllr-tri3/train/data/feats_fmllr_train.8.ark:9632050
fjxm0_sx401 /nfs-share/xinchi/kaldi/egs/timit/s5_la5/data-fmllr-tri3/train/data/feats_fmllr_train.2.ark:4704807
msmr0_sx415 /nfs-share/xinchi/kaldi/egs/timit/s5_la5/data-fmllr-tri3/train/data/feats_fmllr_train.9.ark:16516919
mtdb0_sx231 /nfs-share/xinchi/kaldi/egs/timit/s5_la5/data-fmllr-tri3/train/data/feats_fmllr_train.10.ark:3052841
mewm0_sx448 /nfs-share/xinchi/kaldi/egs/timit/s5_la5/data-fmllr-tri3/train/data/feats_fmllr_train.5.ark:13941906
mfxv0_sx195 /nfs-share/xinchi/kaldi/egs/timit/s5_la5/data-fmllr-tri3/train/data/feats_fmllr_train.5.ark:16109743
fcjs0_sx257 /nfs-share/xinchi/kaldi/egs/timit/s5_la5/data-fmllr-tri3/train/data/feats_fmllr_train.1.ark:6859168
mprt0_sx400 /nfs-share/xinchi/kaldi/egs/timit/s5_la5/data-fmllr-tri3/train/data/feats_fmllr_train.8.ark:10590963
mpgr1_sx239 /nfs-share/xinchi/kaldi/egs/timit/s5_la5/data-fmllr-tri3/train/data/feats_fmllr_train.8.ark:7702862
mrfk0_sx356 /nfs-share/xinchi/kaldi/egs/timit/s5_la5/data-fmllr-tri3/train/data/feats_fmllr_train.8.ark:16930923
mjpm1_si2280 /nfs-share/xinchi/kaldi/egs/timit/s5_la5/data-fmllr-tri3/train/data/feats_fmllr_train.6.ark:16863986
mdpb0_si1760 /nfs-share/xinchi/kaldi/egs/timit/s5_la5/data-fmllr-tri3/train/data/feats_fmllr_train.5.ark:6661944
mtat1_si779 /nfs-share/xinchi/kaldi/egs/timit/s5_la5/data-fmllr-tri3/train/data/feats_fmllr_train.10.ark:1701256
fklc1_sx58 /nfs-share/xinchi/kaldi/egs/timit/s5_la5/data-fmllr-tri3/train/data/feats_fmllr_train.2.ark:8037291
fsag0_sx423 /nfs-share/xinchi/kaldi/egs/timit/s5_la5/data-fmllr-tri3/train/data/feats_fmllr_train.3.ark:5415795
mtrc0_sx170 /nfs-share/xinchi/kaldi/egs/timit/s5_la5/data-fmllr-tri3/train/data/feats_fmllr_train.10.ark:10604777
mdlb0_sx226 /nfs-share/xinchi/kaldi/egs/timit/s5_la5/data-fmllr-tri3/train/data/feats_fmllr_train.5.ark:2562865
mtrt0_sx237 /nfs-share/xinchi/kaldi/egs/timit/s5_la5/data-fmllr-tri3/train/data/feats_fmllr_train.10.ark:11405558
mpeb0_si600 /nfs-share/xinchi/kaldi/egs/timit/s5_la5/data-fmllr-tri3/train/data/feats_fmllr_train.8.ark:6117620
mdas0_si636 /nfs-share/xinchi/kaldi/egs/timit/s5_la5/data-fmllr-tri3/train/data/feats_fmllr_train.4.ark:14871411
mwad0_sx252 /nfs-share/xinchi/kaldi/egs/timit/s5_la5/data-fmllr-tri3/train/data/feats_fmllr_train.10.ark:14022759
flhd0_sx444 /nfs-share/xinchi/kaldi/egs/timit/s5_la5/data-fmllr-tri3/train/data/feats_fmllr_train.2.ark:10683106
mefg0_sx105 /nfs-share/xinchi/kaldi/egs/timit/s5_la5/data-fmllr-tri3/train/data/feats_fmllr_train.5.ark:11607567
mapv0_sx393 /nfs-share/xinchi/kaldi/egs/timit/s5_la5/data-fmllr-tri3/train/data/feats_fmllr_train.4.ark:2621347
mpsw0_sx24 /nfs-share/xinchi/kaldi/egs/timit/s5_la5/data-fmllr-tri3/train/data/feats_fmllr_train.8.ark:10784700
milb0_si903 /nfs-share/xinchi/kaldi/egs/timit/s5_la5/data-fmllr-tri3/train/data/feats_fmllr_train.6.ark:6215855
fljg0_si981 /nfs-share/xinchi/kaldi/egs/timit/s5_la5/data-fmllr-tri3/train/data/feats_fmllr_train.2.ark:11672930
mrvg0_sx420 /nfs-share/xinchi/kaldi/egs/timit/s5_la5/data-fmllr-tri3/train/data/feats_fmllr_train.9.ark:9898986
flet0_sx57 /nfs-share/xinchi/kaldi/egs/timit/s5_la5/data-fmllr-tri3/train/data/feats_fmllr_train.2.ark:10378914
fnkl0_si892 /nfs-share/xinchi/kaldi/egs/timit/s5_la5/data-fmllr-tri3/train/data/feats_fmllr_train.3.ark:81348
fsmm0_sx414 /nfs-share/xinchi/kaldi/egs/timit/s5_la5/data-fmllr-tri3/train/data/feats_fmllr_train.3.ark:12202046
mgjc0_si1335 /nfs-share/xinchi/kaldi/egs/timit/s5_la5/data-fmllr-tri3/train/data/feats_fmllr_train.6.ark:1120533
fbas0_sx397 /nfs-share/xinchi/kaldi/egs/timit/s5_la5/data-fmllr-tri3/train/data/feats_fmllr_train.1.ark:2416324
mjae0_si1999 /nfs-share/xinchi/kaldi/egs/timit/s5_la5/data-fmllr-tri3/train/data/feats_fmllr_train.6.ark:6911140
mlel0_sx76 /nfs-share/xinchi/kaldi/egs/timit/s5_la5/data-fmllr-tri3/train/data/feats_fmllr_train.7.ark:10886382
mgar0_sx132 /nfs-share/xinchi/kaldi/egs/timit/s5_la5/data-fmllr-tri3/train/data/feats_fmllr_train.6.ark:133696
fpaz0_sx243 /nfs-share/xinchi/kaldi/egs/timit/s5_la5/data-fmllr-tri3/train/data/feats_fmllr_train.3.ark:2652784
mljc0_sx235 /nfs-share/xinchi/kaldi/egs/timit/s5_la5/data-fmllr-tri3/train/data/feats_fmllr_train.7.ark:11149559
fjlr0_sx241 /nfs-share/xinchi/kaldi/egs/timit/s5_la5/data-fmllr-tri3/train/data/feats_fmllr_train.2.ark:2187931
mprb0_sx215 /nfs-share/xinchi/kaldi/egs/timit/s5_la5/data-fmllr-tri3/train/data/feats_fmllr_train.8.ark:9170873
mreh1_si2229 /nfs-share/xinchi/kaldi/egs/timit/s5_la5/data-fmllr-tri3/train/data/feats_fmllr_train.8.ark:15599284
mbjv0_si1877 /nfs-share/xinchi/kaldi/egs/timit/s5_la5/data-fmllr-tri3/train/data/feats_fmllr_train.4.ark:5243722
mcef0_si842 /nfs-share/xinchi/kaldi/egs/timit/s5_la5/data-fmllr-tri3/train/data/feats_fmllr_train.4.ark:10211847
mfmc0_sx232 /nfs-share/xinchi/kaldi/egs/timit/s5_la5/data-fmllr-tri3/train/data/feats_fmllr_train.5.ark:14557166
fpab1_sx391 /nfs-share/xinchi/kaldi/egs/timit/s5_la5/data-fmllr-tri3/train/data/feats_fmllr_train.3.ark:1150875
mkjo0_sx424 /nfs-share/xinchi/kaldi/egs/timit/s5_la5/data-fmllr-tri3/train/data/feats_fmllr_train.7.ark:7349653
mgaw0_sx85 /nfs-share/xinchi/kaldi/egs/timit/s5_la5/data-fmllr-tri3/train/data/feats_fmllr_train.6.ark:716580
mjls0_si1726 /nfs-share/xinchi/kaldi/egs/timit/s5_la5/data-fmllr-tri3/train/data/feats_fmllr_train.6.ark:14711003
fjwb1_si2055 /nfs-share/xinchi/kaldi/egs/timit/s5_la5/data-fmllr-tri3/train/data/feats_fmllr_train.2.ark:4039308
mrem0_sx241 /nfs-share/xinchi/kaldi/egs/timit/s5_la5/data-fmllr-tri3/train/data/feats_fmllr_train.8.ark:16169661
mkdb0_sx242 /nfs-share/xinchi/kaldi/egs/timit/s5_la5/data-fmllr-tri3/train/data/feats_fmllr_train.7.ark:5735319
fdaw0_sx416 /nfs-share/xinchi/kaldi/egs/timit/s5_la5/data-fmllr-tri3/train/data/feats_fmllr_train.1.ark:10052480
mhbs0_si945 /nfs-share/xinchi/kaldi/egs/timit/s5_la5/data-fmllr-tri3/train/data/feats_fmllr_train.6.ark:3654977
msms0_si1433 /nfs-share/xinchi/kaldi/egs/timit/s5_la5/data-fmllr-tri3/train/data/feats_fmllr_train.9.ark:16600333
fmmh0_sx97 /nfs-share/xinchi/kaldi/egs/timit/s5_la5/data-fmllr-tri3/train/data/feats_fmllr_train.2.ark:17889436
flac0_si1339 /nfs-share/xinchi/kaldi/egs/timit/s5_la5/data-fmllr-tri3/train/data/feats_fmllr_train.2.ark:8862233
mrws0_sx292 /nfs-share/xinchi/kaldi/egs/timit/s5_la5/data-fmllr-tri3/train/data/feats_fmllr_train.9.ark:10611259
fdnc0_sx288 /nfs-share/xinchi/kaldi/egs/timit/s5_la5/data-fmllr-tri3/train/data/feats_fmllr_train.1.ark:12471704
mses0_si1589 /nfs-share/xinchi/kaldi/egs/timit/s5_la5/data-fmllr-tri3/train/data/feats_fmllr_train.9.ark:14166391
mkag0_sx169 /nfs-share/xinchi/kaldi/egs/timit/s5_la5/data-fmllr-tri3/train/data/feats_fmllr_train.7.ark:4189305
mrld0_sx424 /nfs-share/xinchi/kaldi/egs/timit/s5_la5/data-fmllr-tri3/train/data/feats_fmllr_train.9.ark:3638229
fbas0_sx217 /nfs-share/xinchi/kaldi/egs/timit/s5_la5/data-fmllr-tri3/train/data/feats_fmllr_train.1.ark:2311124
mwsh0_si1426 /nfs-share/xinchi/kaldi/egs/timit/s5_la5/data-fmllr-tri3/train/data/feats_fmllr_train.10.ark:17135164
mjwt0_si1291 /nfs-share/xinchi/kaldi/egs/timit/s5_la5/data-fmllr-tri3/train/data/feats_fmllr_train.7.ark:2817532
mcdc0_si1292 /nfs-share/xinchi/kaldi/egs/timit/s5_la5/data-fmllr-tri3/train/data/feats_fmllr_train.4.ark:8986501
fhxs0_si2335 /nfs-share/xinchi/kaldi/egs/timit/s5_la5/data-fmllr-tri3/train/data/feats_fmllr_train.1.ark:18546217
mjmd0_si1658 /nfs-share/xinchi/kaldi/egs/timit/s5_la5/data-fmllr-tri3/train/data/feats_fmllr_train.6.ark:15455597
mstf0_si852 /nfs-share/xinchi/kaldi/egs/timit/s5_la5/data-fmllr-tri3/train/data/feats_fmllr_train.9.ark:17814317
mdrd0_sx392 /nfs-share/xinchi/kaldi/egs/timit/s5_la5/data-fmllr-tri3/train/data/feats_fmllr_train.5.ark:8150784
mklw0_sx311 /nfs-share/xinchi/kaldi/egs/timit/s5_la5/data-fmllr-tri3/train/data/feats_fmllr_train.7.ark:9216981
mpmb0_sx241 /nfs-share/xinchi/kaldi/egs/timit/s5_la5/data-fmllr-tri3/train/data/feats_fmllr_train.8.ark:8248839
mrtj0_si772 /nfs-share/xinchi/kaldi/egs/timit/s5_la5/data-fmllr-tri3/train/data/feats_fmllr_train.9.ark:9271301
mtpf0_sx155 /nfs-share/xinchi/kaldi/egs/timit/s5_la5/data-fmllr-tri3/train/data/feats_fmllr_train.10.ark:8596813
mcxm0_sx451 /nfs-share/xinchi/kaldi/egs/timit/s5_la5/data-fmllr-tri3/train/data/feats_fmllr_train.4.ark:14266285
mjpm0_sx288 /nfs-share/xinchi/kaldi/egs/timit/s5_la5/data-fmllr-tri3/train/data/feats_fmllr_train.6.ark:16743423
mbar0_si1319 /nfs-share/xinchi/kaldi/egs/timit/s5_la5/data-fmllr-tri3/train/data/feats_fmllr_train.4.ark:3375569
mjkr0_sx31 /nfs-share/xinchi/kaldi/egs/timit/s5_la5/data-fmllr-tri3/train/data/feats_fmllr_train.6.ark:13876565
mfxv0_si1342 /nfs-share/xinchi/kaldi/egs/timit/s5_la5/data-fmllr-tri3/train/data/feats_fmllr_train.5.ark:15932835
mmlm0_sx177 /nfs-share/xinchi/kaldi/egs/timit/s5_la5/data-fmllr-tri3/train/data/feats_fmllr_train.8.ark:1563045
mdtb0_si1200 /nfs-share/xinchi/kaldi/egs/timit/s5_la5/data-fmllr-tri3/train/data/feats_fmllr_train.5.ark:9250983
mcae0_sx367 /nfs-share/xinchi/kaldi/egs/timit/s5_la5/data-fmllr-tri3/train/data/feats_fmllr_train.4.ark:8442685
fsah0_si1874 /nfs-share/xinchi/kaldi/egs/timit/s5_la5/data-fmllr-tri3/train/data/feats_fmllr_train.3.ark:5598437
fecd0_si788 /nfs-share/xinchi/kaldi/egs/timit/s5_la5/data-fmllr-tri3/train/data/feats_fmllr_train.1.ark:14266443
mdps0_si1979 /nfs-share/xinchi/kaldi/egs/timit/s5_la5/data-fmllr-tri3/train/data/feats_fmllr_train.5.ark:7443846
mrjt0_sx418 /nfs-share/xinchi/kaldi/egs/timit/s5_la5/data-fmllr-tri3/train/data/feats_fmllr_train.9.ark:2775237
fdaw0_si2036 /nfs-share/xinchi/kaldi/egs/timit/s5_la5/data-fmllr-tri3/train/data/feats_fmllr_train.1.ark:9848852
mmlm0_sx447 /nfs-share/xinchi/kaldi/egs/timit/s5_la5/data-fmllr-tri3/train/data/feats_fmllr_train.8.ark:1690966
mtbc0_sx347 /nfs-share/xinchi/kaldi/egs/timit/s5_la5/data-fmllr-tri3/train/data/feats_fmllr_train.10.ark:2291954
fgrw0_sx162 /nfs-share/xinchi/kaldi/egs/timit/s5_la5/data-fmllr-tri3/train/data/feats_fmllr_train.1.ark:17686288
mvrw0_sx45 /nfs-share/xinchi/kaldi/egs/timit/s5_la5/data-fmllr-tri3/train/data/feats_fmllr_train.10.ark:13368804
msds0_sx87 /nfs-share/xinchi/kaldi/egs/timit/s5_la5/data-fmllr-tri3/train/data/feats_fmllr_train.9.ark:13612226
mmxs0_sx246 /nfs-share/xinchi/kaldi/egs/timit/s5_la5/data-fmllr-tri3/train/data/feats_fmllr_train.8.ark:4793767
fdjh0_sx35 /nfs-share/xinchi/kaldi/egs/timit/s5_la5/data-fmllr-tri3/train/data/feats_fmllr_train.1.ark:10751314
msmr0_si1405 /nfs-share/xinchi/kaldi/egs/timit/s5_la5/data-fmllr-tri3/train/data/feats_fmllr_train.9.ark:16303664
fpmy0_si1153 /nfs-share/xinchi/kaldi/egs/timit/s5_la5/data-fmllr-tri3/train/data/feats_fmllr_train.3.ark:3564844
mpar0_sx136 /nfs-share/xinchi/kaldi/egs/timit/s5_la5/data-fmllr-tri3/train/data/feats_fmllr_train.8.ark:5860150
fajw0_sx363 /nfs-share/xinchi/kaldi/egs/timit/s5_la5/data-fmllr-tri3/train/data/feats_fmllr_train.1.ark:710471
mbma0_si1852 /nfs-share/xinchi/kaldi/egs/timit/s5_la5/data-fmllr-tri3/train/data/feats_fmllr_train.4.ark:5627139
mdns0_si873 /nfs-share/xinchi/kaldi/egs/timit/s5_la5/data-fmllr-tri3/train/data/feats_fmllr_train.5.ark:6392662
fjsp0_sx174 /nfs-share/xinchi/kaldi/egs/timit/s5_la5/data-fmllr-tri3/train/data/feats_fmllr_train.2.ark:3787973
mmvp0_sx294 /nfs-share/xinchi/kaldi/egs/timit/s5_la5/data-fmllr-tri3/train/data/feats_fmllr_train.8.ark:3263647
falr0_sx245 /nfs-share/xinchi/kaldi/egs/timit/s5_la5/data-fmllr-tri3/train/data/feats_fmllr_train.1.ark:1396288
megj0_sx437 /nfs-share/xinchi/kaldi/egs/timit/s5_la5/data-fmllr-tri3/train/data/feats_fmllr_train.5.ark:12145783
msms0_si2063 /nfs-share/xinchi/kaldi/egs/timit/s5_la5/data-fmllr-tri3/train/data/feats_fmllr_train.9.ark:16668681
mrdd0_sx60 /nfs-share/xinchi/kaldi/egs/timit/s5_la5/data-fmllr-tri3/train/data/feats_fmllr_train.8.ark:14357136
fgmb0_sx155 /nfs-share/xinchi/kaldi/egs/timit/s5_la5/data-fmllr-tri3/train/data/feats_fmllr_train.1.ark:17233270
mgag0_si691 /nfs-share/xinchi/kaldi/egs/timit/s5_la5/data-fmllr-tri3/train/data/feats_fmllr_train.5.ark:16663216
mtat0_si1740 /nfs-share/xinchi/kaldi/egs/timit/s5_la5/data-fmllr-tri3/train/data/feats_fmllr_train.10.ark:1314132
msat1_sx263 /nfs-share/xinchi/kaldi/egs/timit/s5_la5/data-fmllr-tri3/train/data/feats_fmllr_train.9.ark:12353413
fssb0_sx452 /nfs-share/xinchi/kaldi/egs/timit/s5_la5/data-fmllr-tri3/train/data/feats_fmllr_train.3.ark:13799555
mtjs0_sx382 /nfs-share/xinchi/kaldi/egs/timit/s5_la5/data-fmllr-tri3/train/data/feats_fmllr_train.10.ark:5239766
mprd0_sx351 /nfs-share/xinchi/kaldi/egs/timit/s5_la5/data-fmllr-tri3/train/data/feats_fmllr_train.8.ark:9671757
mjmm0_sx265 /nfs-share/xinchi/kaldi/egs/timit/s5_la5/data-fmllr-tri3/train/data/feats_fmllr_train.6.ark:15956216
mkaj0_sx64 /nfs-share/xinchi/kaldi/egs/timit/s5_la5/data-fmllr-tri3/train/data/feats_fmllr_train.7.ark:5106485
mgaw0_si1165 /nfs-share/xinchi/kaldi/egs/timit/s5_la5/data-fmllr-tri3/train/data/feats_fmllr_train.6.ark:385831
fkaa0_sx38 /nfs-share/xinchi/kaldi/egs/timit/s5_la5/data-fmllr-tri3/train/data/feats_fmllr_train.2.ark:5499800
mmgg0_sx449 /nfs-share/xinchi/kaldi/egs/timit/s5_la5/data-fmllr-tri3/train/data/feats_fmllr_train.8.ark:633835
mdtb0_sx210 /nfs-share/xinchi/kaldi/egs/timit/s5_la5/data-fmllr-tri3/train/data/feats_fmllr_train.5.ark:9417652
fjdm2_sx232 /nfs-share/xinchi/kaldi/egs/timit/s5_la5/data-fmllr-tri3/train/data/feats_fmllr_train.2.ark:208443
mgjc0_sx435 /nfs-share/xinchi/kaldi/egs/timit/s5_la5/data-fmllr-tri3/train/data/feats_fmllr_train.6.ark:1387229
mesj0_sx367 /nfs-share/xinchi/kaldi/egs/timit/s5_la5/data-fmllr-tri3/train/data/feats_fmllr_train.5.ark:13586624
fmpg0_sx432 /nfs-share/xinchi/kaldi/egs/timit/s5_la5/data-fmllr-tri3/train/data/feats_fmllr_train.2.ark:18300347
falr0_si695 /nfs-share/xinchi/kaldi/egs/timit/s5_la5/data-fmllr-tri3/train/data/feats_fmllr_train.1.ark:1302954
fntb0_sx303 /nfs-share/xinchi/kaldi/egs/timit/s5_la5/data-fmllr-tri3/train/data/feats_fmllr_train.3.ark:626125
mmws1_sx351 /nfs-share/xinchi/kaldi/egs/timit/s5_la5/data-fmllr-tri3/train/data/feats_fmllr_train.8.ark:4495658
mrmh0_si1349 /nfs-share/xinchi/kaldi/egs/timit/s5_la5/data-fmllr-tri3/train/data/feats_fmllr_train.9.ark:5953535
mkaj0_sx424 /nfs-share/xinchi/kaldi/egs/timit/s5_la5/data-fmllr-tri3/train/data/feats_fmllr_train.7.ark:5067259
mpar0_si1576 /nfs-share/xinchi/kaldi/egs/timit/s5_la5/data-fmllr-tri3/train/data/feats_fmllr_train.8.ark:5741028
ftmg0_si1532 /nfs-share/xinchi/kaldi/egs/timit/s5_la5/data-fmllr-tri3/train/data/feats_fmllr_train.3.ark:15382715
fjsp0_sx84 /nfs-share/xinchi/kaldi/egs/timit/s5_la5/data-fmllr-tri3/train/data/feats_fmllr_train.2.ark:3984240
fcag0_sx423 /nfs-share/xinchi/kaldi/egs/timit/s5_la5/data-fmllr-tri3/train/data/feats_fmllr_train.1.ark:5146457
fclt0_sx448 /nfs-share/xinchi/kaldi/egs/timit/s5_la5/data-fmllr-tri3/train/data/feats_fmllr_train.1.ark:7684776
mejl0_sx242 /nfs-share/xinchi/kaldi/egs/timit/s5_la5/data-fmllr-tri3/train/data/feats_fmllr_train.5.ark:12416506
mgsl0_sx174 /nfs-share/xinchi/kaldi/egs/timit/s5_la5/data-fmllr-tri3/train/data/feats_fmllr_train.6.ark:2879853
mjrg0_sx106 /nfs-share/xinchi/kaldi/egs/timit/s5_la5/data-fmllr-tri3/train/data/feats_fmllr_train.6.ark:17754074
mchl0_sx87 /nfs-share/xinchi/kaldi/egs/timit/s5_la5/data-fmllr-tri3/train/data/feats_fmllr_train.4.ark:11327936
fsdc0_sx52 /nfs-share/xinchi/kaldi/egs/timit/s5_la5/data-fmllr-tri3/train/data/feats_fmllr_train.3.ark:7531627
mrbc0_sx329 /nfs-share/xinchi/kaldi/egs/timit/s5_la5/data-fmllr-tri3/train/data/feats_fmllr_train.8.ark:13086191
mjrg0_si1996 /nfs-share/xinchi/kaldi/egs/timit/s5_la5/data-fmllr-tri3/train/data/feats_fmllr_train.6.ark:17658340
mjjm0_si1457 /nfs-share/xinchi/kaldi/egs/timit/s5_la5/data-fmllr-tri3/train/data/feats_fmllr_train.6.ark:13239894
makb0_sx26 /nfs-share/xinchi/kaldi/egs/timit/s5_la5/data-fmllr-tri3/train/data/feats_fmllr_train.4.ark:1835579
mjjj0_si1163 /nfs-share/xinchi/kaldi/egs/timit/s5_la5/data-fmllr-tri3/train/data/feats_fmllr_train.6.ark:12724129
fltm0_sx170 /nfs-share/xinchi/kaldi/egs/timit/s5_la5/data-fmllr-tri3/train/data/feats_fmllr_train.2.ark:14040661
msvs0_si1568 /nfs-share/xinchi/kaldi/egs/timit/s5_la5/data-fmllr-tri3/train/data/feats_fmllr_train.10.ark:13
mrws0_sx382 /nfs-share/xinchi/kaldi/egs/timit/s5_la5/data-fmllr-tri3/train/data/feats_fmllr_train.9.ark:10662166
mntw0_sx78 /nfs-share/xinchi/kaldi/egs/timit/s5_la5/data-fmllr-tri3/train/data/feats_fmllr_train.8.ark:5697640
fcdr1_sx196 /nfs-share/xinchi/kaldi/egs/timit/s5_la5/data-fmllr-tri3/train/data/feats_fmllr_train.1.ark:5917103
mrdm0_si1595 /nfs-share/xinchi/kaldi/egs/timit/s5_la5/data-fmllr-tri3/train/data/feats_fmllr_train.8.ark:14477032
mtrr0_sx378 /nfs-share/xinchi/kaldi/egs/timit/s5_la5/data-fmllr-tri3/train/data/feats_fmllr_train.10.ark:11132621
mpgr1_sx419 /nfs-share/xinchi/kaldi/egs/timit/s5_la5/data-fmllr-tri3/train/data/feats_fmllr_train.8.ark:7803396
fmjb0_sx367 /nfs-share/xinchi/kaldi/egs/timit/s5_la5/data-fmllr-tri3/train/data/feats_fmllr_train.2.ark:15778703
mmvp0_sx347 /nfs-share/xinchi/kaldi/egs/timit/s5_la5/data-fmllr-tri3/train/data/feats_fmllr_train.8.ark:3309594
mjeb1_sx27 /nfs-share/xinchi/kaldi/egs/timit/s5_la5/data-fmllr-tri3/train/data/feats_fmllr_train.6.ark:10704082
mmab1_sx54 /nfs-share/xinchi/kaldi/egs/timit/s5_la5/data-fmllr-tri3/train/data/feats_fmllr_train.7.ark:13354244
mdns0_si1011 /nfs-share/xinchi/kaldi/egs/timit/s5_la5/data-fmllr-tri3/train/data/feats_fmllr_train.5.ark:6279327
fsma0_si991 /nfs-share/xinchi/kaldi/egs/timit/s5_la5/data-fmllr-tri3/train/data/feats_fmllr_train.3.ark:11561401
mrhl0_si2145 /nfs-share/xinchi/kaldi/egs/timit/s5_la5/data-fmllr-tri3/train/data/feats_fmllr_train.9.ark:450176
mbml0_sx179 /nfs-share/xinchi/kaldi/egs/timit/s5_la5/data-fmllr-tri3/train/data/feats_fmllr_train.4.ark:6450667
mprt0_sx40 /nfs-share/xinchi/kaldi/egs/timit/s5_la5/data-fmllr-tri3/train/data/feats_fmllr_train.8.ark:10545016
fnkl0_sx442 /nfs-share/xinchi/kaldi/egs/timit/s5_la5/data-fmllr-tri3/train/data/feats_fmllr_train.3.ark:278096
mdef0_si1123 /nfs-share/xinchi/kaldi/egs/timit/s5_la5/data-fmllr-tri3/train/data/feats_fmllr_train.5.ark:13
mapv0_sx33 /nfs-share/xinchi/kaldi/egs/timit/s5_la5/data-fmllr-tri3/train/data/feats_fmllr_train.4.ark:2582760
flhd0_sx174 /nfs-share/xinchi/kaldi/egs/timit/s5_la5/data-fmllr-tri3/train/data/feats_fmllr_train.2.ark:10539345
mtkd0_sx17 /nfs-share/xinchi/kaldi/egs/timit/s5_la5/data-fmllr-tri3/train/data/feats_fmllr_train.10.ark:5902039
fsjw0_sx433 /nfs-share/xinchi/kaldi/egs/timit/s5_la5/data-fmllr-tri3/train/data/feats_fmllr_train.3.ark:9891623
fdnc0_si1908 /nfs-share/xinchi/kaldi/egs/timit/s5_la5/data-fmllr-tri3/train/data/feats_fmllr_train.1.ark:12230129
mjdg0_si1042 /nfs-share/xinchi/kaldi/egs/timit/s5_la5/data-fmllr-tri3/train/data/feats_fmllr_train.6.ark:9246815
mses0_si2216 /nfs-share/xinchi/kaldi/egs/timit/s5_la5/data-fmllr-tri3/train/data/feats_fmllr_train.9.ark:14224979
mjsr0_sx74 /nfs-share/xinchi/kaldi/egs/timit/s5_la5/data-fmllr-tri3/train/data/feats_fmllr_train.7.ark:1893391
mfwk0_si619 /nfs-share/xinchi/kaldi/egs/timit/s5_la5/data-fmllr-tri3/train/data/feats_fmllr_train.5.ark:15202187
fsms1_si2134 /nfs-share/xinchi/kaldi/egs/timit/s5_la5/data-fmllr-tri3/train/data/feats_fmllr_train.3.ark:12357968
mpmb0_sx331 /nfs-share/xinchi/kaldi/egs/timit/s5_la5/data-fmllr-tri3/train/data/feats_fmllr_train.8.ark:8302946
msem1_sx270 /nfs-share/xinchi/kaldi/egs/timit/s5_la5/data-fmllr-tri3/train/data/feats_fmllr_train.9.ark:13968203
mwgr0_sx166 /nfs-share/xinchi/kaldi/egs/timit/s5_la5/data-fmllr-tri3/train/data/feats_fmllr_train.10.ark:15795340
mjrh0_si1840 /nfs-share/xinchi/kaldi/egs/timit/s5_la5/data-fmllr-tri3/train/data/feats_fmllr_train.7.ark:89029
fsjk1_sx125 /nfs-share/xinchi/kaldi/egs/timit/s5_la5/data-fmllr-tri3/train/data/feats_fmllr_train.3.ark:8963748
fmjb0_si547 /nfs-share/xinchi/kaldi/egs/timit/s5_la5/data-fmllr-tri3/train/data/feats_fmllr_train.2.ark:15659262
mwdk0_sx176 /nfs-share/xinchi/kaldi/egs/timit/s5_la5/data-fmllr-tri3/train/data/feats_fmllr_train.10.ark:15018585
fgrw0_si1782 /nfs-share/xinchi/kaldi/egs/timit/s5_la5/data-fmllr-tri3/train/data/feats_fmllr_train.1.ark:17591513
mrtj0_si2032 /nfs-share/xinchi/kaldi/egs/timit/s5_la5/data-fmllr-tri3/train/data/feats_fmllr_train.9.ark:9231754
mkrg0_sx31 /nfs-share/xinchi/kaldi/egs/timit/s5_la5/data-fmllr-tri3/train/data/feats_fmllr_train.7.ark:9650157
fcjs0_sx167 /nfs-share/xinchi/kaldi/egs/timit/s5_la5/data-fmllr-tri3/train/data/feats_fmllr_train.1.ark:6799621
fcmm0_sx273 /nfs-share/xinchi/kaldi/egs/timit/s5_la5/data-fmllr-tri3/train/data/feats_fmllr_train.1.ark:8376837
mbgt0_sx261 /nfs-share/xinchi/kaldi/egs/timit/s5_la5/data-fmllr-tri3/train/data/feats_fmllr_train.4.ark:5009986
fdas1_sx291 /nfs-share/xinchi/kaldi/egs/timit/s5_la5/data-fmllr-tri3/train/data/feats_fmllr_train.1.ark:9649061
mtqc0_sx271 /nfs-share/xinchi/kaldi/egs/timit/s5_la5/data-fmllr-tri3/train/data/feats_fmllr_train.10.ark:10227148
fjsk0_sx332 /nfs-share/xinchi/kaldi/egs/timit/s5_la5/data-fmllr-tri3/train/data/feats_fmllr_train.2.ark:3504290
flag0_sx204 /nfs-share/xinchi/kaldi/egs/timit/s5_la5/data-fmllr-tri3/train/data/feats_fmllr_train.2.ark:9459359
mwac0_si971 /nfs-share/xinchi/kaldi/egs/timit/s5_la5/data-fmllr-tri3/train/data/feats_fmllr_train.10.ark:13532087
feme0_si875 /nfs-share/xinchi/kaldi/egs/timit/s5_la5/data-fmllr-tri3/train/data/feats_fmllr_train.1.ark:15080477
mwad0_si2322 /nfs-share/xinchi/kaldi/egs/timit/s5_la5/data-fmllr-tri3/train/data/feats_fmllr_train.10.ark:13948305
maeo0_si1326 /nfs-share/xinchi/kaldi/egs/timit/s5_la5/data-fmllr-tri3/train/data/feats_fmllr_train.4.ark:368870
mvrw0_si855 /nfs-share/xinchi/kaldi/egs/timit/s5_la5/data-fmllr-tri3/train/data/feats_fmllr_train.10.ark:13176350
mcae0_sx187 /nfs-share/xinchi/kaldi/egs/timit/s5_la5/data-fmllr-tri3/train/data/feats_fmllr_train.4.ark:8351751
mclm0_sx286 /nfs-share/xinchi/kaldi/egs/timit/s5_la5/data-fmllr-tri3/train/data/feats_fmllr_train.4.ark:12010583
mbbr0_sx335 /nfs-share/xinchi/kaldi/egs/timit/s5_la5/data-fmllr-tri3/train/data/feats_fmllr_train.4.ark:3979923
mree0_sx294 /nfs-share/xinchi/kaldi/egs/timit/s5_la5/data-fmllr-tri3/train/data/feats_fmllr_train.8.ark:15441921
mhmg0_sx375 /nfs-share/xinchi/kaldi/egs/timit/s5_la5/data-fmllr-tri3/train/data/feats_fmllr_train.6.ark:4912563
flmc0_sx382 /nfs-share/xinchi/kaldi/egs/timit/s5_la5/data-fmllr-tri3/train/data/feats_fmllr_train.2.ark:13158674
falr0_sx155 /nfs-share/xinchi/kaldi/egs/timit/s5_la5/data-fmllr-tri3/train/data/feats_fmllr_train.1.ark:1348261
mjsr0_si2054 /nfs-share/xinchi/kaldi/egs/timit/s5_la5/data-fmllr-tri3/train/data/feats_fmllr_train.7.ark:1525550
mgaf0_sx382 /nfs-share/xinchi/kaldi/egs/timit/s5_la5/data-fmllr-tri3/train/data/feats_fmllr_train.5.ark:16530814
maeb0_sx90 /nfs-share/xinchi/kaldi/egs/timit/s5_la5/data-fmllr-tri3/train/data/feats_fmllr_train.4.ark:337962
msds0_sx267 /nfs-share/xinchi/kaldi/egs/timit/s5_la5/data-fmllr-tri3/train/data/feats_fmllr_train.9.ark:13429586
mdpk0_si1683 /nfs-share/xinchi/kaldi/egs/timit/s5_la5/data-fmllr-tri3/train/data/feats_fmllr_train.5.ark:7125709
ftlg0_sx123 /nfs-share/xinchi/kaldi/egs/timit/s5_la5/data-fmllr-tri3/train/data/feats_fmllr_train.3.ark:15164980
maeb0_sx450 /nfs-share/xinchi/kaldi/egs/timit/s5_la5/data-fmllr-tri3/train/data/feats_fmllr_train.4.ark:288656
mdhl0_sx269 /nfs-share/xinchi/kaldi/egs/timit/s5_la5/data-fmllr-tri3/train/data/feats_fmllr_train.5.ark:1017356
mrdm0_sx155 /nfs-share/xinchi/kaldi/egs/timit/s5_la5/data-fmllr-tri3/train/data/feats_fmllr_train.8.ark:14560766
fcyl0_sx397 /nfs-share/xinchi/kaldi/egs/timit/s5_la5/data-fmllr-tri3/train/data/feats_fmllr_train.1.ark:9278791
mtat1_sx239 /nfs-share/xinchi/kaldi/egs/timit/s5_la5/data-fmllr-tri3/train/data/feats_fmllr_train.10.ark:1840190
mdpk0_sx423 /nfs-share/xinchi/kaldi/egs/timit/s5_la5/data-fmllr-tri3/train/data/feats_fmllr_train.5.ark:7327764
mjdm0_si974 /nfs-share/xinchi/kaldi/egs/timit/s5_la5/data-fmllr-tri3/train/data/feats_fmllr_train.6.ark:9723568
mrmg0_sx90 /nfs-share/xinchi/kaldi/egs/timit/s5_la5/data-fmllr-tri3/train/data/feats_fmllr_train.9.ark:5856839
fgcs0_sx316 /nfs-share/xinchi/kaldi/egs/timit/s5_la5/data-fmllr-tri3/train/data/feats_fmllr_train.1.ark:16484570
mvjh0_si1556 /nfs-share/xinchi/kaldi/egs/timit/s5_la5/data-fmllr-tri3/train/data/feats_fmllr_train.10.ark:12337941
fcaj0_sx39 /nfs-share/xinchi/kaldi/egs/timit/s5_la5/data-fmllr-tri3/train/data/feats_fmllr_train.1.ark:5496593
flma0_si1873 /nfs-share/xinchi/kaldi/egs/timit/s5_la5/data-fmllr-tri3/train/data/feats_fmllr_train.2.ark:12513176
mmpm0_sx161 /nfs-share/xinchi/kaldi/egs/timit/s5_la5/data-fmllr-tri3/train/data/feats_fmllr_train.8.ark:1889983
fapb0_sx73 /nfs-share/xinchi/kaldi/egs/timit/s5_la5/data-fmllr-tri3/train/data/feats_fmllr_train.1.ark:1997226
mges0_sx401 /nfs-share/xinchi/kaldi/egs/timit/s5_la5/data-fmllr-tri3/train/data/feats_fmllr_train.6.ark:987011
mcef0_sx325 /nfs-share/xinchi/kaldi/egs/timit/s5_la5/data-fmllr-tri3/train/data/feats_fmllr_train.4.ark:10361368
msrg0_sx411 /nfs-share/xinchi/kaldi/egs/timit/s5_la5/data-fmllr-tri3/train/data/feats_fmllr_train.9.ark:17258633
mbef0_sx111 /nfs-share/xinchi/kaldi/egs/timit/s5_la5/data-fmllr-tri3/train/data/feats_fmllr_train.4.ark:4623662
mcew0_sx362 /nfs-share/xinchi/kaldi/egs/timit/s5_la5/data-fmllr-tri3/train/data/feats_fmllr_train.4.ark:10784625
mrav0_si1638 /nfs-share/xinchi/kaldi/egs/timit/s5_la5/data-fmllr-tri3/train/data/feats_fmllr_train.8.ark:12541065
mfxs0_sx144 /nfs-share/xinchi/kaldi/egs/timit/s5_la5/data-fmllr-tri3/train/data/feats_fmllr_train.5.ark:15603072
mfxv0_si1005 /nfs-share/xinchi/kaldi/egs/timit/s5_la5/data-fmllr-tri3/train/data/feats_fmllr_train.5.ark:15867527
mgak0_sx406 /nfs-share/xinchi/kaldi/egs/timit/s5_la5/data-fmllr-tri3/train/data/feats_fmllr_train.5.ark:17254582
mrem0_sx421 /nfs-share/xinchi/kaldi/egs/timit/s5_la5/data-fmllr-tri3/train/data/feats_fmllr_train.8.ark:16257875
makb0_sx296 /nfs-share/xinchi/kaldi/egs/timit/s5_la5/data-fmllr-tri3/train/data/feats_fmllr_train.4.ark:1875446
fntb0_sx213 /nfs-share/xinchi/kaldi/egs/timit/s5_la5/data-fmllr-tri3/train/data/feats_fmllr_train.3.ark:585618
mjai0_sx74 /nfs-share/xinchi/kaldi/egs/timit/s5_la5/data-fmllr-tri3/train/data/feats_fmllr_train.6.ark:7609118
fjrb0_si1932 /nfs-share/xinchi/kaldi/egs/timit/s5_la5/data-fmllr-tri3/train/data/feats_fmllr_train.2.ark:2443267
mewm0_si1978 /nfs-share/xinchi/kaldi/egs/timit/s5_la5/data-fmllr-tri3/train/data/feats_fmllr_train.5.ark:13729611
fsmm0_si1944 /nfs-share/xinchi/kaldi/egs/timit/s5_la5/data-fmllr-tri3/train/data/feats_fmllr_train.3.ark:11939351
fklc0_si2245 /nfs-share/xinchi/kaldi/egs/timit/s5_la5/data-fmllr-tri3/train/data/feats_fmllr_train.2.ark:7334352
msjk0_sx426 /nfs-share/xinchi/kaldi/egs/timit/s5_la5/data-fmllr-tri3/train/data/feats_fmllr_train.9.ark:15732806
mjlb0_si2246 /nfs-share/xinchi/kaldi/egs/timit/s5_la5/data-fmllr-tri3/train/data/feats_fmllr_train.6.ark:14017128
megj0_sx257 /nfs-share/xinchi/kaldi/egs/timit/s5_la5/data-fmllr-tri3/train/data/feats_fmllr_train.5.ark:12087171
fmah1_si879 /nfs-share/xinchi/kaldi/egs/timit/s5_la5/data-fmllr-tri3/train/data/feats_fmllr_train.2.ark:14411091
mtpf0_si1235 /nfs-share/xinchi/kaldi/egs/timit/s5_la5/data-fmllr-tri3/train/data/feats_fmllr_train.10.ark:8452411
mwem0_sx60 /nfs-share/xinchi/kaldi/egs/timit/s5_la5/data-fmllr-tri3/train/data/feats_fmllr_train.10.ark:15600350
mrai0_si1954 /nfs-share/xinchi/kaldi/egs/timit/s5_la5/data-fmllr-tri3/train/data/feats_fmllr_train.8.ark:11715162
mrhl0_sx75 /nfs-share/xinchi/kaldi/egs/timit/s5_la5/data-fmllr-tri3/train/data/feats_fmllr_train.9.ark:748417
mdbp0_sx348 /nfs-share/xinchi/kaldi/egs/timit/s5_la5/data-fmllr-tri3/train/data/feats_fmllr_train.4.ark:15723764
fdfb0_si1318 /nfs-share/xinchi/kaldi/egs/timit/s5_la5/data-fmllr-tri3/train/data/feats_fmllr_train.1.ark:10142134
flag0_si2094 /nfs-share/xinchi/kaldi/egs/timit/s5_la5/data-fmllr-tri3/train/data/feats_fmllr_train.2.ark:9301838
mtml0_sx435 /nfs-share/xinchi/kaldi/egs/timit/s5_la5/data-fmllr-tri3/train/data/feats_fmllr_train.10.ark:7534963
mbwp0_sx169 /nfs-share/xinchi/kaldi/egs/timit/s5_la5/data-fmllr-tri3/train/data/feats_fmllr_train.4.ark:7828014
flod0_sx297 /nfs-share/xinchi/kaldi/egs/timit/s5_la5/data-fmllr-tri3/train/data/feats_fmllr_train.2.ark:13860523
fspm0_sx341 /nfs-share/xinchi/kaldi/egs/timit/s5_la5/data-fmllr-tri3/train/data/feats_fmllr_train.3.ark:12991893
fspm0_si1871 /nfs-share/xinchi/kaldi/egs/timit/s5_la5/data-fmllr-tri3/train/data/feats_fmllr_train.3.ark:12783785
mmgc0_sx45 /nfs-share/xinchi/kaldi/egs/timit/s5_la5/data-fmllr-tri3/train/data/feats_fmllr_train.8.ark:313163
fvmh0_sx116 /nfs-share/xinchi/kaldi/egs/timit/s5_la5/data-fmllr-tri3/train/data/feats_fmllr_train.3.ark:16672409
mkls0_si1437 /nfs-share/xinchi/kaldi/egs/timit/s5_la5/data-fmllr-tri3/train/data/feats_fmllr_train.7.ark:8197209
fdxw0_si2141 /nfs-share/xinchi/kaldi/egs/timit/s5_la5/data-fmllr-tri3/train/data/feats_fmllr_train.1.ark:13041765
fsjs0_sx91 /nfs-share/xinchi/kaldi/egs/timit/s5_la5/data-fmllr-tri3/train/data/feats_fmllr_train.3.ark:9537672
fdnc0_sx108 /nfs-share/xinchi/kaldi/egs/timit/s5_la5/data-fmllr-tri3/train/data/feats_fmllr_train.1.ark:12333064
mbml0_sx269 /nfs-share/xinchi/kaldi/egs/timit/s5_la5/data-fmllr-tri3/train/data/feats_fmllr_train.4.ark:6495494
fkaa0_sx218 /nfs-share/xinchi/kaldi/egs/timit/s5_la5/data-fmllr-tri3/train/data/feats_fmllr_train.2.ark:5389507
fdxw0_sx341 /nfs-share/xinchi/kaldi/egs/timit/s5_la5/data-fmllr-tri3/train/data/feats_fmllr_train.1.ark:13223633
msmc0_sx107 /nfs-share/xinchi/kaldi/egs/timit/s5_la5/data-fmllr-tri3/train/data/feats_fmllr_train.9.ark:15990221
fsjw0_si1963 /nfs-share/xinchi/kaldi/egs/timit/s5_la5/data-fmllr-tri3/train/data/feats_fmllr_train.3.ark:9667168
flmc0_sx22 /nfs-share/xinchi/kaldi/egs/timit/s5_la5/data-fmllr-tri3/train/data/feats_fmllr_train.2.ark:13002593
mbwp0_sx259 /nfs-share/xinchi/kaldi/egs/timit/s5_la5/data-fmllr-tri3/train/data/feats_fmllr_train.4.ark:7873961
mtxs0_sx160 /nfs-share/xinchi/kaldi/egs/timit/s5_la5/data-fmllr-tri3/train/data/feats_fmllr_train.10.ark:12058606
falr0_si1955 /nfs-share/xinchi/kaldi/egs/timit/s5_la5/data-fmllr-tri3/train/data/feats_fmllr_train.1.ark:1262287
mjrh1_si1774 /nfs-share/xinchi/kaldi/egs/timit/s5_la5/data-fmllr-tri3/train/data/feats_fmllr_train.7.ark:461219
mdsj0_sx382 /nfs-share/xinchi/kaldi/egs/timit/s5_la5/data-fmllr-tri3/train/data/feats_fmllr_train.5.ark:8486174
mgaf0_si1282 /nfs-share/xinchi/kaldi/egs/timit/s5_la5/data-fmllr-tri3/train/data/feats_fmllr_train.5.ark:16233825
mdas0_sx21 /nfs-share/xinchi/kaldi/egs/timit/s5_la5/data-fmllr-tri3/train/data/feats_fmllr_train.4.ark:14970504
mdjm0_sx105 /nfs-share/xinchi/kaldi/egs/timit/s5_la5/data-fmllr-tri3/train/data/feats_fmllr_train.5.ark:1728323
mvlo0_si1777 /nfs-share/xinchi/kaldi/egs/timit/s5_la5/data-fmllr-tri3/train/data/feats_fmllr_train.10.ark:12749866
mjeb0_si656 /nfs-share/xinchi/kaldi/egs/timit/s5_la5/data-fmllr-tri3/train/data/feats_fmllr_train.6.ark:10139625
mcdc0_si662 /nfs-share/xinchi/kaldi/egs/timit/s5_la5/data-fmllr-tri3/train/data/feats_fmllr_train.4.ark:9067356
mtbc0_sx273 /nfs-share/xinchi/kaldi/egs/timit/s5_la5/data-fmllr-tri3/train/data/feats_fmllr_train.10.ark:2254007
mdwd0_si1890 /nfs-share/xinchi/kaldi/egs/timit/s5_la5/data-fmllr-tri3/train/data/feats_fmllr_train.5.ark:9647549
mjfh0_si477 /nfs-share/xinchi/kaldi/egs/timit/s5_la5/data-fmllr-tri3/train/data/feats_fmllr_train.6.ark:11298996
mprk0_si1097 /nfs-share/xinchi/kaldi/egs/timit/s5_la5/data-fmllr-tri3/train/data/feats_fmllr_train.8.ark:9816798
mtas0_si1385 /nfs-share/xinchi/kaldi/egs/timit/s5_la5/data-fmllr-tri3/train/data/feats_fmllr_train.10.ark:937407
mbwp0_si1531 /nfs-share/xinchi/kaldi/egs/timit/s5_la5/data-fmllr-tri3/train/data/feats_fmllr_train.4.ark:7708092
msrr0_sx51 /nfs-share/xinchi/kaldi/egs/timit/s5_la5/data-fmllr-tri3/train/data/feats_fmllr_train.9.ark:17683835
mtat0_si1110 /nfs-share/xinchi/kaldi/egs/timit/s5_la5/data-fmllr-tri3/train/data/feats_fmllr_train.10.ark:1241304
fdkn0_sx271 /nfs-share/xinchi/kaldi/egs/timit/s5_la5/data-fmllr-tri3/train/data/feats_fmllr_train.1.ark:11062839
marc0_sx378 /nfs-share/xinchi/kaldi/egs/timit/s5_la5/data-fmllr-tri3/train/data/feats_fmllr_train.4.ark:2929244
mtxs0_si1060 /nfs-share/xinchi/kaldi/egs/timit/s5_la5/data-fmllr-tri3/train/data/feats_fmllr_train.10.ark:11883803
mrsp0_sx196 /nfs-share/xinchi/kaldi/egs/timit/s5_la5/data-fmllr-tri3/train/data/feats_fmllr_train.9.ark:8576361
fcke0_sx121 /nfs-share/xinchi/kaldi/egs/timit/s5_la5/data-fmllr-tri3/train/data/feats_fmllr_train.1.ark:7224478
fcmg0_sx72 /nfs-share/xinchi/kaldi/egs/timit/s5_la5/data-fmllr-tri3/train/data/feats_fmllr_train.1.ark:8160380
fjsk0_si1052 /nfs-share/xinchi/kaldi/egs/timit/s5_la5/data-fmllr-tri3/train/data/feats_fmllr_train.2.ark:3263193
mtrc0_si589 /nfs-share/xinchi/kaldi/egs/timit/s5_la5/data-fmllr-tri3/train/data/feats_fmllr_train.10.ark:10508083
mrgm0_sx262 /nfs-share/xinchi/kaldi/egs/timit/s5_la5/data-fmllr-tri3/train/data/feats_fmllr_train.8.ark:17738690
falr0_sx425 /nfs-share/xinchi/kaldi/egs/timit/s5_la5/data-fmllr-tri3/train/data/feats_fmllr_train.1.ark:1500342
mhrm0_si958 /nfs-share/xinchi/kaldi/egs/timit/s5_la5/data-fmllr-tri3/train/data/feats_fmllr_train.6.ark:5429823
mhit0_si2243 /nfs-share/xinchi/kaldi/egs/timit/s5_la5/data-fmllr-tri3/train/data/feats_fmllr_train.6.ark:3961087
msfh0_si1738 /nfs-share/xinchi/kaldi/egs/timit/s5_la5/data-fmllr-tri3/train/data/feats_fmllr_train.9.ark:14556237
fklc1_si1678 /nfs-share/xinchi/kaldi/egs/timit/s5_la5/data-fmllr-tri3/train/data/feats_fmllr_train.2.ark:7782569
mjpg0_si561 /nfs-share/xinchi/kaldi/egs/timit/s5_la5/data-fmllr-tri3/train/data/feats_fmllr_train.6.ark:16212219
mbjv0_sx167 /nfs-share/xinchi/kaldi/egs/timit/s5_la5/data-fmllr-tri3/train/data/feats_fmllr_train.4.ark:5330816
mmar0_sx76 /nfs-share/xinchi/kaldi/egs/timit/s5_la5/data-fmllr-tri3/train/data/feats_fmllr_train.7.ark:14609616
mcpm0_sx204 /nfs-share/xinchi/kaldi/egs/timit/s5_la5/data-fmllr-tri3/train/data/feats_fmllr_train.4.ark:12316827
fcmg0_sx162 /nfs-share/xinchi/kaldi/egs/timit/s5_la5/data-fmllr-tri3/train/data/feats_fmllr_train.1.ark:7944433
fdjh0_si2195 /nfs-share/xinchi/kaldi/egs/timit/s5_la5/data-fmllr-tri3/train/data/feats_fmllr_train.1.ark:10510860
mgrl0_sx417 /nfs-share/xinchi/kaldi/egs/timit/s5_la5/data-fmllr-tri3/train/data/feats_fmllr_train.6.ark:1797046
fsjg0_sx40 /nfs-share/xinchi/kaldi/egs/timit/s5_la5/data-fmllr-tri3/train/data/feats_fmllr_train.3.ark:8690971
mmws0_sx348 /nfs-share/xinchi/kaldi/egs/timit/s5_la5/data-fmllr-tri3/train/data/feats_fmllr_train.8.ark:4159761
mnet0_si1446 /nfs-share/xinchi/kaldi/egs/timit/s5_la5/data-fmllr-tri3/train/data/feats_fmllr_train.8.ark:4986355
fsjw0_sx73 /nfs-share/xinchi/kaldi/egs/timit/s5_la5/data-fmllr-tri3/train/data/feats_fmllr_train.3.ark:9944449
freh0_sx235 /nfs-share/xinchi/kaldi/egs/timit/s5_la5/data-fmllr-tri3/train/data/feats_fmllr_train.3.ark:4206450
flet0_si1767 /nfs-share/xinchi/kaldi/egs/timit/s5_la5/data-fmllr-tri3/train/data/feats_fmllr_train.2.ark:10101633
mtas0_sx35 /nfs-share/xinchi/kaldi/egs/timit/s5_la5/data-fmllr-tri3/train/data/feats_fmllr_train.10.ark:1167489
mkrg0_si1491 /nfs-share/xinchi/kaldi/egs/timit/s5_la5/data-fmllr-tri3/train/data/feats_fmllr_train.7.ark:9393382
mtat1_sx59 /nfs-share/xinchi/kaldi/egs/timit/s5_la5/data-fmllr-tri3/train/data/feats_fmllr_train.10.ark:2030190
mrmh0_sx121 /nfs-share/xinchi/kaldi/egs/timit/s5_la5/data-fmllr-tri3/train/data/feats_fmllr_train.9.ark:6061430
mmlm0_sx357 /nfs-share/xinchi/kaldi/egs/timit/s5_la5/data-fmllr-tri3/train/data/feats_fmllr_train.8.ark:1643419
mmgc0_si2184 /nfs-share/xinchi/kaldi/egs/timit/s5_la5/data-fmllr-tri3/train/data/feats_fmllr_train.8.ark:120549
mcdc0_sx392 /nfs-share/xinchi/kaldi/egs/timit/s5_la5/data-fmllr-tri3/train/data/feats_fmllr_train.4.ark:9299810
mcth0_sx309 /nfs-share/xinchi/kaldi/egs/timit/s5_la5/data-fmllr-tri3/train/data/feats_fmllr_train.4.ark:13472704
mctm0_sx450 /nfs-share/xinchi/kaldi/egs/timit/s5_la5/data-fmllr-tri3/train/data/feats_fmllr_train.4.ark:13904948
majp0_sx174 /nfs-share/xinchi/kaldi/egs/timit/s5_la5/data-fmllr-tri3/train/data/feats_fmllr_train.4.ark:1219468
fsdc0_sx412 /nfs-share/xinchi/kaldi/egs/timit/s5_la5/data-fmllr-tri3/train/data/feats_fmllr_train.3.ark:7493521
mmjb1_sx328 /nfs-share/xinchi/kaldi/egs/timit/s5_la5/data-fmllr-tri3/train/data/feats_fmllr_train.8.ark:1270242
mkrg0_sx141 /nfs-share/xinchi/kaldi/egs/timit/s5_la5/data-fmllr-tri3/train/data/feats_fmllr_train.7.ark:9582104
mfwk0_sx259 /nfs-share/xinchi/kaldi/egs/timit/s5_la5/data-fmllr-tri3/train/data/feats_fmllr_train.5.ark:15288961
mhit0_sx263 /nfs-share/xinchi/kaldi/egs/timit/s5_la5/data-fmllr-tri3/train/data/feats_fmllr_train.6.ark:4126608
fmjf0_sx444 /nfs-share/xinchi/kaldi/egs/timit/s5_la5/data-fmllr-tri3/train/data/feats_fmllr_train.2.ark:16216065
mtkp0_sx393 /nfs-share/xinchi/kaldi/egs/timit/s5_la5/data-fmllr-tri3/train/data/feats_fmllr_train.10.ark:6460257
mdps0_sx269 /nfs-share/xinchi/kaldi/egs/timit/s5_la5/data-fmllr-tri3/train/data/feats_fmllr_train.5.ark:7586327
mdac0_sx451 /nfs-share/xinchi/kaldi/egs/timit/s5_la5/data-fmllr-tri3/train/data/feats_fmllr_train.4.ark:14668902
mtju0_si2020 /nfs-share/xinchi/kaldi/egs/timit/s5_la5/data-fmllr-tri3/train/data/feats_fmllr_train.10.ark:5304434
mkjo0_sx257 /nfs-share/xinchi/kaldi/egs/timit/s5_la5/data-fmllr-tri3/train/data/feats_fmllr_train.7.ark:7322106
mjls0_sx196 /nfs-share/xinchi/kaldi/egs/timit/s5_la5/data-fmllr-tri3/train/data/feats_fmllr_train.6.ark:14918470
mdsj0_sx22 /nfs-share/xinchi/kaldi/egs/timit/s5_la5/data-fmllr-tri3/train/data/feats_fmllr_train.5.ark:8394280
mrlk0_sx33 /nfs-share/xinchi/kaldi/egs/timit/s5_la5/data-fmllr-tri3/train/data/feats_fmllr_train.9.ark:4706880
mmgg0_sx89 /nfs-share/xinchi/kaldi/egs/timit/s5_la5/data-fmllr-tri3/train/data/feats_fmllr_train.8.ark:702021
marc0_sx108 /nfs-share/xinchi/kaldi/egs/timit/s5_la5/data-fmllr-tri3/train/data/feats_fmllr_train.4.ark:2775057
mdef0_si1563 /nfs-share/xinchi/kaldi/egs/timit/s5_la5/data-fmllr-tri3/train/data/feats_fmllr_train.5.ark:78761
msjk0_si1596 /nfs-share/xinchi/kaldi/egs/timit/s5_la5/data-fmllr-tri3/train/data/feats_fmllr_train.9.ark:15415363
mjfr0_si975 /nfs-share/xinchi/kaldi/egs/timit/s5_la5/data-fmllr-tri3/train/data/feats_fmllr_train.6.ark:11616813
mrew1_sx150 /nfs-share/xinchi/kaldi/egs/timit/s5_la5/data-fmllr-tri3/train/data/feats_fmllr_train.8.ark:16467611
mjeb0_si1286 /nfs-share/xinchi/kaldi/egs/timit/s5_la5/data-fmllr-tri3/train/data/feats_fmllr_train.6.ark:10042290
mdlh0_si1960 /nfs-share/xinchi/kaldi/egs/timit/s5_la5/data-fmllr-tri3/train/data/feats_fmllr_train.5.ark:3906505
mdpb0_sx236 /nfs-share/xinchi/kaldi/egs/timit/s5_la5/data-fmllr-tri3/train/data/feats_fmllr_train.5.ark:6899813
mtmn0_sx254 /nfs-share/xinchi/kaldi/egs/timit/s5_la5/data-fmllr-tri3/train/data/feats_fmllr_train.10.ark:7912886
fpaz0_si1593 /nfs-share/xinchi/kaldi/egs/timit/s5_la5/data-fmllr-tri3/train/data/feats_fmllr_train.3.ark:2427075
mddc0_sx249 /nfs-share/xinchi/kaldi/egs/timit/s5_la5/data-fmllr-tri3/train/data/feats_fmllr_train.4.ark:16840388
mdlc2_si1614 /nfs-share/xinchi/kaldi/egs/timit/s5_la5/data-fmllr-tri3/train/data/feats_fmllr_train.5.ark:3572848
mcew0_sx92 /nfs-share/xinchi/kaldi/egs/timit/s5_la5/data-fmllr-tri3/train/data/feats_fmllr_train.4.ark:10922598
mjde0_sx220 /nfs-share/xinchi/kaldi/egs/timit/s5_la5/data-fmllr-tri3/train/data/feats_fmllr_train.6.ark:8995027
fpmy0_si1783 /nfs-share/xinchi/kaldi/egs/timit/s5_la5/data-fmllr-tri3/train/data/feats_fmllr_train.3.ark:3639272
mdlm0_si1234 /nfs-share/xinchi/kaldi/egs/timit/s5_la5/data-fmllr-tri3/train/data/feats_fmllr_train.5.ark:4310241
mrds0_sx357 /nfs-share/xinchi/kaldi/egs/timit/s5_la5/data-fmllr-tri3/train/data/feats_fmllr_train.8.ark:15008237
falr0_si1325 /nfs-share/xinchi/kaldi/egs/timit/s5_la5/data-fmllr-tri3/train/data/feats_fmllr_train.1.ark:1210419
mjdg0_sx412 /nfs-share/xinchi/kaldi/egs/timit/s5_la5/data-fmllr-tri3/train/data/feats_fmllr_train.6.ark:9528579
mmds0_sx263 /nfs-share/xinchi/kaldi/egs/timit/s5_la5/data-fmllr-tri3/train/data/feats_fmllr_train.7.ark:17177935
mjrk0_si1662 /nfs-share/xinchi/kaldi/egs/timit/s5_la5/data-fmllr-tri3/train/data/feats_fmllr_train.7.ark:765888
mrgm0_si1162 /nfs-share/xinchi/kaldi/egs/timit/s5_la5/data-fmllr-tri3/train/data/feats_fmllr_train.8.ark:17486421
fsag0_si1953 /nfs-share/xinchi/kaldi/egs/timit/s5_la5/data-fmllr-tri3/train/data/feats_fmllr_train.3.ark:5146700
mhxl0_si612 /nfs-share/xinchi/kaldi/egs/timit/s5_la5/data-fmllr-tri3/train/data/feats_fmllr_train.6.ark:5812439
fbmh0_sx56 /nfs-share/xinchi/kaldi/egs/timit/s5_la5/data-fmllr-tri3/train/data/feats_fmllr_train.1.ark:4416289
mjrh0_sx315 /nfs-share/xinchi/kaldi/egs/timit/s5_la5/data-fmllr-tri3/train/data/feats_fmllr_train.7.ark:249910
fltm0_si1070 /nfs-share/xinchi/kaldi/egs/timit/s5_la5/data-fmllr-tri3/train/data/feats_fmllr_train.2.ark:13933538
mrmb0_sx141 /nfs-share/xinchi/kaldi/egs/timit/s5_la5/data-fmllr-tri3/train/data/feats_fmllr_train.9.ark:5289954
mjpm1_sx131 /nfs-share/xinchi/kaldi/egs/timit/s5_la5/data-fmllr-tri3/train/data/feats_fmllr_train.6.ark:16957160
mfxs0_sx414 /nfs-share/xinchi/kaldi/egs/timit/s5_la5/data-fmllr-tri3/train/data/feats_fmllr_train.5.ark:15763633
mgag0_si1321 /nfs-share/xinchi/kaldi/egs/timit/s5_la5/data-fmllr-tri3/train/data/feats_fmllr_train.5.ark:16573402
fsdj0_sx395 /nfs-share/xinchi/kaldi/egs/timit/s5_la5/data-fmllr-tri3/train/data/feats_fmllr_train.3.ark:7872484
fsjs0_si541 /nfs-share/xinchi/kaldi/egs/timit/s5_la5/data-fmllr-tri3/train/data/feats_fmllr_train.3.ark:9261858
frll0_sx74 /nfs-share/xinchi/kaldi/egs/timit/s5_la5/data-fmllr-tri3/train/data/feats_fmllr_train.3.ark:5040084
mjls0_si1096 /nfs-share/xinchi/kaldi/egs/timit/s5_la5/data-fmllr-tri3/train/data/feats_fmllr_train.6.ark:14655615
mwre0_si2317 /nfs-share/xinchi/kaldi/egs/timit/s5_la5/data-fmllr-tri3/train/data/feats_fmllr_train.10.ark:16128011
fpmy0_sx253 /nfs-share/xinchi/kaldi/egs/timit/s5_la5/data-fmllr-tri3/train/data/feats_fmllr_train.3.ark:3859700
fdmy0_sx297 /nfs-share/xinchi/kaldi/egs/timit/s5_la5/data-fmllr-tri3/train/data/feats_fmllr_train.1.ark:12031166
mded0_si1170 /nfs-share/xinchi/kaldi/egs/timit/s5_la5/data-fmllr-tri3/train/data/feats_fmllr_train.4.ark:16997136
mdlb0_sx316 /nfs-share/xinchi/kaldi/egs/timit/s5_la5/data-fmllr-tri3/train/data/feats_fmllr_train.5.ark:2620812
fjsp0_si1763 /nfs-share/xinchi/kaldi/egs/timit/s5_la5/data-fmllr-tri3/train/data/feats_fmllr_train.2.ark:3728719
mkdt0_si814 /nfs-share/xinchi/kaldi/egs/timit/s5_la5/data-fmllr-tri3/train/data/feats_fmllr_train.7.ark:6362391
mlbc0_sx69 /nfs-share/xinchi/kaldi/egs/timit/s5_la5/data-fmllr-tri3/train/data/feats_fmllr_train.7.ark:10455285
mdhs0_sx270 /nfs-share/xinchi/kaldi/egs/timit/s5_la5/data-fmllr-tri3/train/data/feats_fmllr_train.5.ark:1398373
fklh0_si1887 /nfs-share/xinchi/kaldi/egs/timit/s5_la5/data-fmllr-tri3/train/data/feats_fmllr_train.2.ark:8183107
mfer0_sx142 /nfs-share/xinchi/kaldi/egs/timit/s5_la5/data-fmllr-tri3/train/data/feats_fmllr_train.5.ark:14137082
fkde0_sx241 /nfs-share/xinchi/kaldi/egs/timit/s5_la5/data-fmllr-tri3/train/data/feats_fmllr_train.2.ark:5851325
msat0_si2156 /nfs-share/xinchi/kaldi/egs/timit/s5_la5/data-fmllr-tri3/train/data/feats_fmllr_train.9.ark:11894394
mrlr0_sx206 /nfs-share/xinchi/kaldi/egs/timit/s5_la5/data-fmllr-tri3/train/data/feats_fmllr_train.9.ark:4982404
freh0_si1315 /nfs-share/xinchi/kaldi/egs/timit/s5_la5/data-fmllr-tri3/train/data/feats_fmllr_train.3.ark:4008901
flmc0_si742 /nfs-share/xinchi/kaldi/egs/timit/s5_la5/data-fmllr-tri3/train/data/feats_fmllr_train.2.ark:12913740
fsdj0_si1115 /nfs-share/xinchi/kaldi/egs/timit/s5_la5/data-fmllr-tri3/train/data/feats_fmllr_train.3.ark:7578695
feme0_si1505 /nfs-share/xinchi/kaldi/egs/timit/s5_la5/data-fmllr-tri3/train/data/feats_fmllr_train.1.ark:14992742
mkjo0_sx77 /nfs-share/xinchi/kaldi/egs/timit/s5_la5/data-fmllr-tri3/train/data/feats_fmllr_train.7.ark:7455146
mmaa0_sx395 /nfs-share/xinchi/kaldi/egs/timit/s5_la5/data-fmllr-tri3/train/data/feats_fmllr_train.7.ark:12953547
mrgm0_sx416 /nfs-share/xinchi/kaldi/egs/timit/s5_la5/data-fmllr-tri3/train/data/feats_fmllr_train.8.ark:17785917
mbgt0_si711 /nfs-share/xinchi/kaldi/egs/timit/s5_la5/data-fmllr-tri3/train/data/feats_fmllr_train.4.ark:4887212
fcrz0_sx163 /nfs-share/xinchi/kaldi/egs/timit/s5_la5/data-fmllr-tri3/train/data/feats_fmllr_train.1.ark:8710307
fscn0_sx356 /nfs-share/xinchi/kaldi/egs/timit/s5_la5/data-fmllr-tri3/train/data/feats_fmllr_train.3.ark:7071836
mjdm0_sx260 /nfs-share/xinchi/kaldi/egs/timit/s5_la5/data-fmllr-tri3/train/data/feats_fmllr_train.6.ark:9827782
mwre0_si1057 /nfs-share/xinchi/kaldi/egs/timit/s5_la5/data-fmllr-tri3/train/data/feats_fmllr_train.10.ark:16027155
mcxm0_sx271 /nfs-share/xinchi/kaldi/egs/timit/s5_la5/data-fmllr-tri3/train/data/feats_fmllr_train.4.ark:14189911
mdcm0_si850 /nfs-share/xinchi/kaldi/egs/timit/s5_la5/data-fmllr-tri3/train/data/feats_fmllr_train.4.ark:16382197
fbcg1_sx82 /nfs-share/xinchi/kaldi/egs/timit/s5_la5/data-fmllr-tri3/train/data/feats_fmllr_train.1.ark:2808221
fpad0_sx86 /nfs-share/xinchi/kaldi/egs/timit/s5_la5/data-fmllr-tri3/train/data/feats_fmllr_train.3.ark:1988749
mjpm0_si738 /nfs-share/xinchi/kaldi/egs/timit/s5_la5/data-fmllr-tri3/train/data/feats_fmllr_train.6.ark:16566036
fdas1_si1461 /nfs-share/xinchi/kaldi/egs/timit/s5_la5/data-fmllr-tri3/train/data/feats_fmllr_train.1.ark:9329219
msdh0_sx260 /nfs-share/xinchi/kaldi/egs/timit/s5_la5/data-fmllr-tri3/train/data/feats_fmllr_train.9.ark:12986328
fdas1_sx381 /nfs-share/xinchi/kaldi/egs/timit/s5_la5/data-fmllr-tri3/train/data/feats_fmllr_train.1.ark:9692768
mafm0_sx129 /nfs-share/xinchi/kaldi/egs/timit/s5_la5/data-fmllr-tri3/train/data/feats_fmllr_train.4.ark:850450
mdss1_si697 /nfs-share/xinchi/kaldi/egs/timit/s5_la5/data-fmllr-tri3/train/data/feats_fmllr_train.5.ark:8982501
msrg0_si591 /nfs-share/xinchi/kaldi/egs/timit/s5_la5/data-fmllr-tri3/train/data/feats_fmllr_train.9.ark:17071165
fkaa0_sx128 /nfs-share/xinchi/kaldi/egs/timit/s5_la5/data-fmllr-tri3/train/data/feats_fmllr_train.2.ark:5349480
mafm0_sx309 /nfs-share/xinchi/kaldi/egs/timit/s5_la5/data-fmllr-tri3/train/data/feats_fmllr_train.4.ark:940104
mwdk0_si806 /nfs-share/xinchi/kaldi/egs/timit/s5_la5/data-fmllr-tri3/train/data/feats_fmllr_train.10.ark:14967358
fleh0_sx151 /nfs-share/xinchi/kaldi/egs/timit/s5_la5/data-fmllr-tri3/train/data/feats_fmllr_train.2.ark:9805150
mkdd0_sx397 /nfs-share/xinchi/kaldi/egs/timit/s5_la5/data-fmllr-tri3/train/data/feats_fmllr_train.7.ark:6273536
fssb0_sx362 /nfs-share/xinchi/kaldi/egs/timit/s5_la5/data-fmllr-tri3/train/data/feats_fmllr_train.3.ark:13728008
mrab1_sx398 /nfs-share/xinchi/kaldi/egs/timit/s5_la5/data-fmllr-tri3/train/data/feats_fmllr_train.8.ark:11665214
fpls0_sx60 /nfs-share/xinchi/kaldi/egs/timit/s5_la5/data-fmllr-tri3/train/data/feats_fmllr_train.3.ark:3512016
mcxm0_si721 /nfs-share/xinchi/kaldi/egs/timit/s5_la5/data-fmllr-tri3/train/data/feats_fmllr_train.4.ark:14093697
mmam0_si2227 /nfs-share/xinchi/kaldi/egs/timit/s5_la5/data-fmllr-tri3/train/data/feats_fmllr_train.7.ark:13944465
fsdj0_sx305 /nfs-share/xinchi/kaldi/egs/timit/s5_la5/data-fmllr-tri3/train/data/feats_fmllr_train.3.ark:7800271
mkjo0_si2147 /nfs-share/xinchi/kaldi/egs/timit/s5_la5/data-fmllr-tri3/train/data/feats_fmllr_train.7.ark:7196425
mwdk0_sx86 /nfs-share/xinchi/kaldi/egs/timit/s5_la5/data-fmllr-tri3/train/data/feats_fmllr_train.10.ark:15210212
msdh0_si2113 /nfs-share/xinchi/kaldi/egs/timit/s5_la5/data-fmllr-tri3/train/data/feats_fmllr_train.9.ark:12801899
fear0_sx442 /nfs-share/xinchi/kaldi/egs/timit/s5_la5/data-fmllr-tri3/train/data/feats_fmllr_train.1.ark:14037374
mdhl0_si1439 /nfs-share/xinchi/kaldi/egs/timit/s5_la5/data-fmllr-tri3/train/data/feats_fmllr_train.5.ark:826207
fjlr0_si1231 /nfs-share/xinchi/kaldi/egs/timit/s5_la5/data-fmllr-tri3/train/data/feats_fmllr_train.2.ark:1994862
mjjj0_sx83 /nfs-share/xinchi/kaldi/egs/timit/s5_la5/data-fmllr-tri3/train/data/feats_fmllr_train.6.ark:13121278
mjsr0_sx434 /nfs-share/xinchi/kaldi/egs/timit/s5_la5/data-fmllr-tri3/train/data/feats_fmllr_train.7.ark:1841205
mmgk0_sx62 /nfs-share/xinchi/kaldi/egs/timit/s5_la5/data-fmllr-tri3/train/data/feats_fmllr_train.8.ark:998238
fsbk0_sx259 /nfs-share/xinchi/kaldi/egs/timit/s5_la5/data-fmllr-tri3/train/data/feats_fmllr_train.3.ark:6505673
msat0_si896 /nfs-share/xinchi/kaldi/egs/timit/s5_la5/data-fmllr-tri3/train/data/feats_fmllr_train.9.ark:11931221
fltm0_si2330 /nfs-share/xinchi/kaldi/egs/timit/s5_la5/data-fmllr-tri3/train/data/feats_fmllr_train.2.ark:14009274
mjbg0_sx62 /nfs-share/xinchi/kaldi/egs/timit/s5_la5/data-fmllr-tri3/train/data/feats_fmllr_train.6.ark:7992376
mlsh0_sx337 /nfs-share/xinchi/kaldi/egs/timit/s5_la5/data-fmllr-tri3/train/data/feats_fmllr_train.7.ark:12448157
mmea0_sx398 /nfs-share/xinchi/kaldi/egs/timit/s5_la5/data-fmllr-tri3/train/data/feats_fmllr_train.7.ark:17610552
mmdg0_sx70 /nfs-share/xinchi/kaldi/egs/timit/s5_la5/data-fmllr-tri3/train/data/feats_fmllr_train.7.ark:16216884
fskp0_sx198 /nfs-share/xinchi/kaldi/egs/timit/s5_la5/data-fmllr-tri3/train/data/feats_fmllr_train.3.ark:10966646
fvmh0_si1466 /nfs-share/xinchi/kaldi/egs/timit/s5_la5/data-fmllr-tri3/train/data/feats_fmllr_train.3.ark:16493127
mdks0_sx166 /nfs-share/xinchi/kaldi/egs/timit/s5_la5/data-fmllr-tri3/train/data/feats_fmllr_train.5.ark:2037341
mtmn0_si582 /nfs-share/xinchi/kaldi/egs/timit/s5_la5/data-fmllr-tri3/train/data/feats_fmllr_train.10.ark:7771712
mtpr0_sx70 /nfs-share/xinchi/kaldi/egs/timit/s5_la5/data-fmllr-tri3/train/data/feats_fmllr_train.10.ark:9926851
mjsr0_sx164 /nfs-share/xinchi/kaldi/egs/timit/s5_la5/data-fmllr-tri3/train/data/feats_fmllr_train.7.ark:1688804
mmds0_sx443 /nfs-share/xinchi/kaldi/egs/timit/s5_la5/data-fmllr-tri3/train/data/feats_fmllr_train.7.ark:17249669
fnkl0_sx262 /nfs-share/xinchi/kaldi/egs/timit/s5_la5/data-fmllr-tri3/train/data/feats_fmllr_train.3.ark:236469
mjwt0_sx391 /nfs-share/xinchi/kaldi/egs/timit/s5_la5/data-fmllr-tri3/train/data/feats_fmllr_train.7.ark:3210041
marw0_sx106 /nfs-share/xinchi/kaldi/egs/timit/s5_la5/data-fmllr-tri3/train/data/feats_fmllr_train.4.ark:3088554
fklc0_si1615 /nfs-share/xinchi/kaldi/egs/timit/s5_la5/data-fmllr-tri3/train/data/feats_fmllr_train.2.ark:7304084
fbch0_sx326 /nfs-share/xinchi/kaldi/egs/timit/s5_la5/data-fmllr-tri3/train/data/feats_fmllr_train.1.ark:3115744
fjrb0_si1302 /nfs-share/xinchi/kaldi/egs/timit/s5_la5/data-fmllr-tri3/train/data/feats_fmllr_train.2.ark:2383719
mbcg0_sx327 /nfs-share/xinchi/kaldi/egs/timit/s5_la5/data-fmllr-tri3/train/data/feats_fmllr_train.4.ark:4319179
