mjeb1_sx117 /nfs-share/titouan/workspace/kaldi/egs/timit/s5_la2/data-fmllr-tri3/train/data/feats_fmllr_train.6.ark:10627549
msds0_si1077 /nfs-share/titouan/workspace/kaldi/egs/timit/s5_la2/data-fmllr-tri3/train/data/feats_fmllr_train.9.ark:13190916
mrws0_sx22 /nfs-share/titouan/workspace/kaldi/egs/timit/s5_la2/data-fmllr-tri3/train/data/feats_fmllr_train.9.ark:10577472
medr0_si2004 /nfs-share/titouan/workspace/kaldi/egs/timit/s5_la2/data-fmllr-tri3/train/data/feats_fmllr_train.5.ark:11117058
mcdd0_sx163 /nfs-share/titouan/workspace/kaldi/egs/timit/s5_la2/data-fmllr-tri3/train/data/feats_fmllr_train.4.ark:9474800
mwsh0_si796 /nfs-share/titouan/workspace/kaldi/egs/timit/s5_la2/data-fmllr-tri3/train/data/feats_fmllr_train.10.ark:17245139
fkkh0_sx120 /nfs-share/titouan/workspace/kaldi/egs/timit/s5_la2/data-fmllr-tri3/train/data/feats_fmllr_train.2.ark:7087469
fvkb0_si529 /nfs-share/titouan/workspace/kaldi/egs/timit/s5_la2/data-fmllr-tri3/train/data/feats_fmllr_train.3.ark:16165125
mtkp0_si1023 /nfs-share/titouan/workspace/kaldi/egs/timit/s5_la2/data-fmllr-tri3/train/data/feats_fmllr_train.10.ark:6092548
mjrk0_si880 /nfs-share/titouan/workspace/kaldi/egs/timit/s5_la2/data-fmllr-tri3/train/data/feats_fmllr_train.7.ark:818903
fsgf0_sx207 /nfs-share/titouan/workspace/kaldi/egs/timit/s5_la2/data-fmllr-tri3/train/data/feats_fmllr_train.3.ark:8150061
mjeb1_sx297 /nfs-share/titouan/workspace/kaldi/egs/timit/s5_la2/data-fmllr-tri3/train/data/feats_fmllr_train.6.ark:10738669
mbef0_si1281 /nfs-share/titouan/workspace/kaldi/egs/timit/s5_la2/data-fmllr-tri3/train/data/feats_fmllr_train.4.ark:4472700
fcyl0_si1927 /nfs-share/titouan/workspace/kaldi/egs/timit/s5_la2/data-fmllr-tri3/train/data/feats_fmllr_train.1.ark:8975110
mkls0_sx177 /nfs-share/titouan/workspace/kaldi/egs/timit/s5_la2/data-fmllr-tri3/train/data/feats_fmllr_train.7.ark:8385452
fajw0_si633 /nfs-share/titouan/workspace/kaldi/egs/timit/s5_la2/data-fmllr-tri3/train/data/feats_fmllr_train.1.ark:512445
msdh0_sx80 /nfs-share/titouan/workspace/kaldi/egs/timit/s5_la2/data-fmllr-tri3/train/data/feats_fmllr_train.9.ark:13156648
mrjt0_si1498 /nfs-share/titouan/workspace/kaldi/egs/timit/s5_la2/data-fmllr-tri3/train/data/feats_fmllr_train.9.ark:2495074
mrms0_sx390 /nfs-share/titouan/workspace/kaldi/egs/timit/s5_la2/data-fmllr-tri3/train/data/feats_fmllr_train.9.ark:7049492
mjda0_sx41 /nfs-share/titouan/workspace/kaldi/egs/timit/s5_la2/data-fmllr-tri3/train/data/feats_fmllr_train.6.ark:8323154
fcmm0_sx273 /nfs-share/titouan/workspace/kaldi/egs/timit/s5_la2/data-fmllr-tri3/train/data/feats_fmllr_train.1.ark:8376837
mbml0_si539 /nfs-share/titouan/workspace/kaldi/egs/timit/s5_la2/data-fmllr-tri3/train/data/feats_fmllr_train.4.ark:6409840
mbjv0_sx437 /nfs-share/titouan/workspace/kaldi/egs/timit/s5_la2/data-fmllr-tri3/train/data/feats_fmllr_train.4.ark:5466257
mrkm0_si637 /nfs-share/titouan/workspace/kaldi/egs/timit/s5_la2/data-fmllr-tri3/train/data/feats_fmllr_train.9.ark:3046546
mhjb0_si1017 /nfs-share/titouan/workspace/kaldi/egs/timit/s5_la2/data-fmllr-tri3/train/data/feats_fmllr_train.6.ark:4299836
mesg0_sx72 /nfs-share/titouan/workspace/kaldi/egs/timit/s5_la2/data-fmllr-tri3/train/data/feats_fmllr_train.5.ark:13330620
fdxw0_si1511 /nfs-share/titouan/workspace/kaldi/egs/timit/s5_la2/data-fmllr-tri3/train/data/feats_fmllr_train.1.ark:13009417
fkkh0_si1920 /nfs-share/titouan/workspace/kaldi/egs/timit/s5_la2/data-fmllr-tri3/train/data/feats_fmllr_train.2.ark:6962455
mdrd0_si752 /nfs-share/titouan/workspace/kaldi/egs/timit/s5_la2/data-fmllr-tri3/train/data/feats_fmllr_train.5.ark:7849210
fdjh0_sx215 /nfs-share/titouan/workspace/kaldi/egs/timit/s5_la2/data-fmllr-tri3/train/data/feats_fmllr_train.1.ark:10664861
mmeb0_sx97 /nfs-share/titouan/workspace/kaldi/egs/timit/s5_la2/data-fmllr-tri3/train/data/feats_fmllr_train.7.ark:17961967
mjpg0_si1191 /nfs-share/titouan/workspace/kaldi/egs/timit/s5_la2/data-fmllr-tri3/train/data/feats_fmllr_train.6.ark:16109124
mprd0_sx351 /nfs-share/titouan/workspace/kaldi/egs/timit/s5_la2/data-fmllr-tri3/train/data/feats_fmllr_train.8.ark:9671757
fbmj0_si815 /nfs-share/titouan/workspace/kaldi/egs/timit/s5_la2/data-fmllr-tri3/train/data/feats_fmllr_train.1.ark:4596531
mjeb0_si1286 /nfs-share/titouan/workspace/kaldi/egs/timit/s5_la2/data-fmllr-tri3/train/data/feats_fmllr_train.6.ark:10042290
fdfb0_sx238 /nfs-share/titouan/workspace/kaldi/egs/timit/s5_la2/data-fmllr-tri3/train/data/feats_fmllr_train.1.ark:10298724
mlsh0_sx337 /nfs-share/titouan/workspace/kaldi/egs/timit/s5_la2/data-fmllr-tri3/train/data/feats_fmllr_train.7.ark:12448157
mkah0_sx358 /nfs-share/titouan/workspace/kaldi/egs/timit/s5_la2/data-fmllr-tri3/train/data/feats_fmllr_train.7.ark:4671495
fpac0_sx31 /nfs-share/titouan/workspace/kaldi/egs/timit/s5_la2/data-fmllr-tri3/train/data/feats_fmllr_train.3.ark:1533145
mcss0_sx30 /nfs-share/titouan/workspace/kaldi/egs/timit/s5_la2/data-fmllr-tri3/train/data/feats_fmllr_train.4.ark:13116486
mram0_si1951 /nfs-share/titouan/workspace/kaldi/egs/timit/s5_la2/data-fmllr-tri3/train/data/feats_fmllr_train.8.ark:12225995
mkdd0_sx307 /nfs-share/titouan/workspace/kaldi/egs/timit/s5_la2/data-fmllr-tri3/train/data/feats_fmllr_train.7.ark:6202923
msat1_sx263 /nfs-share/titouan/workspace/kaldi/egs/timit/s5_la2/data-fmllr-tri3/train/data/feats_fmllr_train.9.ark:12353413
mmsm0_si476 /nfs-share/titouan/workspace/kaldi/egs/timit/s5_la2/data-fmllr-tri3/train/data/feats_fmllr_train.8.ark:2678229
mdlr1_si1299 /nfs-share/titouan/workspace/kaldi/egs/timit/s5_la2/data-fmllr-tri3/train/data/feats_fmllr_train.5.ark:5059635
mtjs0_sx382 /nfs-share/titouan/workspace/kaldi/egs/timit/s5_la2/data-fmllr-tri3/train/data/feats_fmllr_train.10.ark:5239766
frll0_sx344 /nfs-share/titouan/workspace/kaldi/egs/timit/s5_la2/data-fmllr-tri3/train/data/feats_fmllr_train.3.ark:4964671
fsls0_sx246 /nfs-share/titouan/workspace/kaldi/egs/timit/s5_la2/data-fmllr-tri3/train/data/feats_fmllr_train.3.ark:11347825
mwad0_sx162 /nfs-share/titouan/workspace/kaldi/egs/timit/s5_la2/data-fmllr-tri3/train/data/feats_fmllr_train.10.ark:13985292
flkm0_sx116 /nfs-share/titouan/workspace/kaldi/egs/timit/s5_la2/data-fmllr-tri3/train/data/feats_fmllr_train.2.ark:12206453
mdns0_sx21 /nfs-share/titouan/workspace/kaldi/egs/timit/s5_la2/data-fmllr-tri3/train/data/feats_fmllr_train.5.ark:6554182
madd0_sx268 /nfs-share/titouan/workspace/kaldi/egs/timit/s5_la2/data-fmllr-tri3/train/data/feats_fmllr_train.3.ark:17780447
fsjs0_si1801 /nfs-share/titouan/workspace/kaldi/egs/timit/s5_la2/data-fmllr-tri3/train/data/feats_fmllr_train.3.ark:9202311
mdlc1_sx445 /nfs-share/titouan/workspace/kaldi/egs/timit/s5_la2/data-fmllr-tri3/train/data/feats_fmllr_train.5.ark:3504794
mcdd0_sx433 /nfs-share/titouan/workspace/kaldi/egs/timit/s5_la2/data-fmllr-tri3/train/data/feats_fmllr_train.4.ark:9598721
mdns0_sx381 /nfs-share/titouan/workspace/kaldi/egs/timit/s5_la2/data-fmllr-tri3/train/data/feats_fmllr_train.5.ark:6625916
fjdm2_sx142 /nfs-share/titouan/workspace/kaldi/egs/timit/s5_la2/data-fmllr-tri3/train/data/feats_fmllr_train.2.ark:143456
mtdb0_si771 /nfs-share/titouan/workspace/kaldi/egs/timit/s5_la2/data-fmllr-tri3/train/data/feats_fmllr_train.10.ark:2927027
mdcd0_sx335 /nfs-share/titouan/workspace/kaldi/egs/timit/s5_la2/data-fmllr-tri3/train/data/feats_fmllr_train.4.ark:16129741
mprd0_sx441 /nfs-share/titouan/workspace/kaldi/egs/timit/s5_la2/data-fmllr-tri3/train/data/feats_fmllr_train.8.ark:9730504
mkag0_sx439 /nfs-share/titouan/workspace/kaldi/egs/timit/s5_la2/data-fmllr-tri3/train/data/feats_fmllr_train.7.ark:4317385
fbjl0_sx112 /nfs-share/titouan/workspace/kaldi/egs/timit/s5_la2/data-fmllr-tri3/train/data/feats_fmllr_train.1.ark:3435587
fgdp0_sx358 /nfs-share/titouan/workspace/kaldi/egs/timit/s5_la2/data-fmllr-tri3/train/data/feats_fmllr_train.1.ark:16881907
mdbp0_sx168 /nfs-share/titouan/workspace/kaldi/egs/timit/s5_la2/data-fmllr-tri3/train/data/feats_fmllr_train.4.ark:15640190
mjxa0_si877 /nfs-share/titouan/workspace/kaldi/egs/timit/s5_la2/data-fmllr-tri3/train/data/feats_fmllr_train.7.ark:3350924
fkde0_sx61 /nfs-share/titouan/workspace/kaldi/egs/timit/s5_la2/data-fmllr-tri3/train/data/feats_fmllr_train.2.ark:5995565
mwem0_si1950 /nfs-share/titouan/workspace/kaldi/egs/timit/s5_la2/data-fmllr-tri3/train/data/feats_fmllr_train.10.ark:15337496
mcdr0_si1784 /nfs-share/titouan/workspace/kaldi/egs/timit/s5_la2/data-fmllr-tri3/train/data/feats_fmllr_train.4.ark:9753523
mjfr0_sx165 /nfs-share/titouan/workspace/kaldi/egs/timit/s5_la2/data-fmllr-tri3/train/data/feats_fmllr_train.6.ark:11666920
mejs0_si1870 /nfs-share/titouan/workspace/kaldi/egs/timit/s5_la2/data-fmllr-tri3/train/data/feats_fmllr_train.5.ark:12666562
fskp0_si468 /nfs-share/titouan/workspace/kaldi/egs/timit/s5_la2/data-fmllr-tri3/train/data/feats_fmllr_train.3.ark:10844806
mdcd0_si2045 /nfs-share/titouan/workspace/kaldi/egs/timit/s5_la2/data-fmllr-tri3/train/data/feats_fmllr_train.4.ark:15932673
fcag0_si1641 /nfs-share/titouan/workspace/kaldi/egs/timit/s5_la2/data-fmllr-tri3/train/data/feats_fmllr_train.1.ark:4931761
mjfh0_sx387 /nfs-share/titouan/workspace/kaldi/egs/timit/s5_la2/data-fmllr-tri3/train/data/feats_fmllr_train.6.ark:11481370
mmeb0_sx327 /nfs-share/titouan/workspace/kaldi/egs/timit/s5_la2/data-fmllr-tri3/train/data/feats_fmllr_train.7.ark:17812929
msfh0_sx46 /nfs-share/titouan/workspace/kaldi/egs/timit/s5_la2/data-fmllr-tri3/train/data/feats_fmllr_train.9.ark:14934158
mdwh0_sx35 /nfs-share/titouan/workspace/kaldi/egs/timit/s5_la2/data-fmllr-tri3/train/data/feats_fmllr_train.5.ark:10286460
mrdd0_sx60 /nfs-share/titouan/workspace/kaldi/egs/timit/s5_la2/data-fmllr-tri3/train/data/feats_fmllr_train.8.ark:14357136
mdwm0_si2176 /nfs-share/titouan/workspace/kaldi/egs/timit/s5_la2/data-fmllr-tri3/train/data/feats_fmllr_train.5.ark:10437103
mmxs0_sx66 /nfs-share/titouan/workspace/kaldi/egs/timit/s5_la2/data-fmllr-tri3/train/data/feats_fmllr_train.8.ark:4948407
fdkn0_si1202 /nfs-share/titouan/workspace/kaldi/egs/timit/s5_la2/data-fmllr-tri3/train/data/feats_fmllr_train.1.ark:10885957
mjxl0_si1795 /nfs-share/titouan/workspace/kaldi/egs/timit/s5_la2/data-fmllr-tri3/train/data/feats_fmllr_train.7.ark:3687114
mdcd0_si1415 /nfs-share/titouan/workspace/kaldi/egs/timit/s5_la2/data-fmllr-tri3/train/data/feats_fmllr_train.4.ark:15888805
mdtb0_sx120 /nfs-share/titouan/workspace/kaldi/egs/timit/s5_la2/data-fmllr-tri3/train/data/feats_fmllr_train.5.ark:9369465
fgdp0_sx268 /nfs-share/titouan/workspace/kaldi/egs/timit/s5_la2/data-fmllr-tri3/train/data/feats_fmllr_train.1.ark:16821240
mcef0_sx235 /nfs-share/titouan/workspace/kaldi/egs/timit/s5_la2/data-fmllr-tri3/train/data/feats_fmllr_train.4.ark:10319101
fljd0_sx256 /nfs-share/titouan/workspace/kaldi/egs/timit/s5_la2/data-fmllr-tri3/train/data/feats_fmllr_train.2.ark:11412287
mrvg0_sx330 /nfs-share/titouan/workspace/kaldi/egs/timit/s5_la2/data-fmllr-tri3/train/data/feats_fmllr_train.9.ark:9858959
mlsh0_si1417 /nfs-share/titouan/workspace/kaldi/egs/timit/s5_la2/data-fmllr-tri3/train/data/feats_fmllr_train.7.ark:12180661
madd0_sx358 /nfs-share/titouan/workspace/kaldi/egs/timit/s5_la2/data-fmllr-tri3/train/data/feats_fmllr_train.3.ark:17832794
fpjf0_sx236 /nfs-share/titouan/workspace/kaldi/egs/timit/s5_la2/data-fmllr-tri3/train/data/feats_fmllr_train.3.ark:3020201
mabc0_sx241 /nfs-share/titouan/workspace/kaldi/egs/timit/s5_la2/data-fmllr-tri3/train/data/feats_fmllr_train.3.ark:17028013
mgsl0_sx444 /nfs-share/titouan/workspace/kaldi/egs/timit/s5_la2/data-fmllr-tri3/train/data/feats_fmllr_train.6.ark:3032734
mfxs0_sx414 /nfs-share/titouan/workspace/kaldi/egs/timit/s5_la2/data-fmllr-tri3/train/data/feats_fmllr_train.5.ark:15763633
meal0_sx197 /nfs-share/titouan/workspace/kaldi/egs/timit/s5_la2/data-fmllr-tri3/train/data/feats_fmllr_train.5.ark:10917401
fjlr0_sx151 /nfs-share/titouan/workspace/kaldi/egs/timit/s5_la2/data-fmllr-tri3/train/data/feats_fmllr_train.2.ark:2135264
mbgt0_sx171 /nfs-share/titouan/workspace/kaldi/egs/timit/s5_la2/data-fmllr-tri3/train/data/feats_fmllr_train.4.ark:4937479
mwsh0_sx166 /nfs-share/titouan/workspace/kaldi/egs/timit/s5_la2/data-fmllr-tri3/train/data/feats_fmllr_train.10.ark:17320686
fgrw0_sx162 /nfs-share/titouan/workspace/kaldi/egs/timit/s5_la2/data-fmllr-tri3/train/data/feats_fmllr_train.1.ark:17686288
fdmy0_sx207 /nfs-share/titouan/workspace/kaldi/egs/timit/s5_la2/data-fmllr-tri3/train/data/feats_fmllr_train.1.ark:11935273
faem0_sx132 /nfs-share/titouan/workspace/kaldi/egs/timit/s5_la2/data-fmllr-tri3/train/data/feats_fmllr_train.1.ark:155455
mcth0_si579 /nfs-share/titouan/workspace/kaldi/egs/timit/s5_la2/data-fmllr-tri3/train/data/feats_fmllr_train.4.ark:13323183
fdxw0_sx341 /nfs-share/titouan/workspace/kaldi/egs/timit/s5_la2/data-fmllr-tri3/train/data/feats_fmllr_train.1.ark:13223633
mrcg0_sx168 /nfs-share/titouan/workspace/kaldi/egs/timit/s5_la2/data-fmllr-tri3/train/data/feats_fmllr_train.8.ark:13407314
mlsh0_sx247 /nfs-share/titouan/workspace/kaldi/egs/timit/s5_la2/data-fmllr-tri3/train/data/feats_fmllr_train.7.ark:12378690
mpfu0_sx448 /nfs-share/titouan/workspace/kaldi/egs/timit/s5_la2/data-fmllr-tri3/train/data/feats_fmllr_train.8.ark:6705465
mjma0_si2125 /nfs-share/titouan/workspace/kaldi/egs/timit/s5_la2/data-fmllr-tri3/train/data/feats_fmllr_train.6.ark:15104980
mdhl0_si809 /nfs-share/titouan/workspace/kaldi/egs/timit/s5_la2/data-fmllr-tri3/train/data/feats_fmllr_train.5.ark:919702
mmgc0_sx135 /nfs-share/titouan/workspace/kaldi/egs/timit/s5_la2/data-fmllr-tri3/train/data/feats_fmllr_train.8.ark:150016
mtmn0_sx74 /nfs-share/titouan/workspace/kaldi/egs/timit/s5_la2/data-fmllr-tri3/train/data/feats_fmllr_train.10.ark:8024646
fsma0_si1621 /nfs-share/titouan/workspace/kaldi/egs/timit/s5_la2/data-fmllr-tri3/train/data/feats_fmllr_train.3.ark:11485026
mtdb0_si2031 /nfs-share/titouan/workspace/kaldi/egs/timit/s5_la2/data-fmllr-tri3/train/data/feats_fmllr_train.10.ark:2898200
fntb0_sx303 /nfs-share/titouan/workspace/kaldi/egs/timit/s5_la2/data-fmllr-tri3/train/data/feats_fmllr_train.3.ark:626125
mdss1_sx337 /nfs-share/titouan/workspace/kaldi/egs/timit/s5_la2/data-fmllr-tri3/train/data/feats_fmllr_train.5.ark:9129302
msmc0_sx197 /nfs-share/titouan/workspace/kaldi/egs/timit/s5_la2/data-fmllr-tri3/train/data/feats_fmllr_train.9.ark:16078274
mrmb0_sx51 /nfs-share/titouan/workspace/kaldi/egs/timit/s5_la2/data-fmllr-tri3/train/data/feats_fmllr_train.9.ark:5470381
fsak0_sx130 /nfs-share/titouan/workspace/kaldi/egs/timit/s5_la2/data-fmllr-tri3/train/data/feats_fmllr_train.3.ark:6105268
mrai0_sx162 /nfs-share/titouan/workspace/kaldi/egs/timit/s5_la2/data-fmllr-tri3/train/data/feats_fmllr_train.8.ark:11888204
mgxp0_sx187 /nfs-share/titouan/workspace/kaldi/egs/timit/s5_la2/data-fmllr-tri3/train/data/feats_fmllr_train.6.ark:3339749
mcdc0_sx392 /nfs-share/titouan/workspace/kaldi/egs/timit/s5_la2/data-fmllr-tri3/train/data/feats_fmllr_train.4.ark:9299810
mtlc0_sx37 /nfs-share/titouan/workspace/kaldi/egs/timit/s5_la2/data-fmllr-tri3/train/data/feats_fmllr_train.10.ark:7155704
mrml0_si791 /nfs-share/titouan/workspace/kaldi/egs/timit/s5_la2/data-fmllr-tri3/train/data/feats_fmllr_train.9.ark:6372180
flhd0_sx354 /nfs-share/titouan/workspace/kaldi/egs/timit/s5_la2/data-fmllr-tri3/train/data/feats_fmllr_train.2.ark:10645319
mtat1_si779 /nfs-share/titouan/workspace/kaldi/egs/timit/s5_la2/data-fmllr-tri3/train/data/feats_fmllr_train.10.ark:1701256
mdlh0_si574 /nfs-share/titouan/workspace/kaldi/egs/timit/s5_la2/data-fmllr-tri3/train/data/feats_fmllr_train.5.ark:3964132
mmbs0_sx71 /nfs-share/titouan/workspace/kaldi/egs/timit/s5_la2/data-fmllr-tri3/train/data/feats_fmllr_train.7.ark:15052233
mpar0_sx136 /nfs-share/titouan/workspace/kaldi/egs/timit/s5_la2/data-fmllr-tri3/train/data/feats_fmllr_train.8.ark:5860150
mdem0_si800 /nfs-share/titouan/workspace/kaldi/egs/timit/s5_la2/data-fmllr-tri3/train/data/feats_fmllr_train.5.ark:464285
mrlj1_si2332 /nfs-share/titouan/workspace/kaldi/egs/timit/s5_la2/data-fmllr-tri3/train/data/feats_fmllr_train.9.ark:4172956
mkdd0_si2197 /nfs-share/titouan/workspace/kaldi/egs/timit/s5_la2/data-fmllr-tri3/train/data/feats_fmllr_train.7.ark:6006815
mbjv0_si1877 /nfs-share/titouan/workspace/kaldi/egs/timit/s5_la2/data-fmllr-tri3/train/data/feats_fmllr_train.4.ark:5243722
mkjo0_sx77 /nfs-share/titouan/workspace/kaldi/egs/timit/s5_la2/data-fmllr-tri3/train/data/feats_fmllr_train.7.ark:7455146
mrml0_sx71 /nfs-share/titouan/workspace/kaldi/egs/timit/s5_la2/data-fmllr-tri3/train/data/feats_fmllr_train.9.ark:6692474
fjlg0_si1506 /nfs-share/titouan/workspace/kaldi/egs/timit/s5_la2/data-fmllr-tri3/train/data/feats_fmllr_train.2.ark:1614004
mjxl0_sx92 /nfs-share/titouan/workspace/kaldi/egs/timit/s5_la2/data-fmllr-tri3/train/data/feats_fmllr_train.7.ark:3964715
mtjm0_sx416 /nfs-share/titouan/workspace/kaldi/egs/timit/s5_la2/data-fmllr-tri3/train/data/feats_fmllr_train.10.ark:4765123
mdtb0_si570 /nfs-share/titouan/workspace/kaldi/egs/timit/s5_la2/data-fmllr-tri3/train/data/feats_fmllr_train.5.ark:9315038
mjra0_si1236 /nfs-share/titouan/workspace/kaldi/egs/timit/s5_la2/data-fmllr-tri3/train/data/feats_fmllr_train.6.ark:17223375
mdlm0_si1864 /nfs-share/titouan/workspace/kaldi/egs/timit/s5_la2/data-fmllr-tri3/train/data/feats_fmllr_train.5.ark:4364189
mjac0_sx71 /nfs-share/titouan/workspace/kaldi/egs/timit/s5_la2/data-fmllr-tri3/train/data/feats_fmllr_train.6.ark:6817004
mvrw0_sx45 /nfs-share/titouan/workspace/kaldi/egs/timit/s5_la2/data-fmllr-tri3/train/data/feats_fmllr_train.10.ark:13368804
mram0_sx195 /nfs-share/titouan/workspace/kaldi/egs/timit/s5_la2/data-fmllr-tri3/train/data/feats_fmllr_train.8.ark:12384795
mter0_sx167 /nfs-share/titouan/workspace/kaldi/egs/timit/s5_la2/data-fmllr-tri3/train/data/feats_fmllr_train.10.ark:3847169
fltm0_sx80 /nfs-share/titouan/workspace/kaldi/egs/timit/s5_la2/data-fmllr-tri3/train/data/feats_fmllr_train.2.ark:14304608
mmdm0_sx411 /nfs-share/titouan/workspace/kaldi/egs/timit/s5_la2/data-fmllr-tri3/train/data/feats_fmllr_train.7.ark:16521715
fvfb0_sx312 /nfs-share/titouan/workspace/kaldi/egs/timit/s5_la2/data-fmllr-tri3/train/data/feats_fmllr_train.3.ark:15971069
mmws0_si1518 /nfs-share/titouan/workspace/kaldi/egs/timit/s5_la2/data-fmllr-tri3/train/data/feats_fmllr_train.8.ark:3940266
mprd0_si1431 /nfs-share/titouan/workspace/kaldi/egs/timit/s5_la2/data-fmllr-tri3/train/data/feats_fmllr_train.8.ark:9381861
mbma0_si1852 /nfs-share/titouan/workspace/kaldi/egs/timit/s5_la2/data-fmllr-tri3/train/data/feats_fmllr_train.4.ark:5627139
mjai0_si710 /nfs-share/titouan/workspace/kaldi/egs/timit/s5_la2/data-fmllr-tri3/train/data/feats_fmllr_train.6.ark:7382104
flac0_sx91 /nfs-share/titouan/workspace/kaldi/egs/timit/s5_la2/data-fmllr-tri3/train/data/feats_fmllr_train.2.ark:9180182
msvs0_sx218 /nfs-share/titouan/workspace/kaldi/egs/timit/s5_la2/data-fmllr-tri3/train/data/feats_fmllr_train.10.ark:249402
mctm0_si720 /nfs-share/titouan/workspace/kaldi/egs/timit/s5_la2/data-fmllr-tri3/train/data/feats_fmllr_train.4.ark:13742760
mkdt0_si2153 /nfs-share/titouan/workspace/kaldi/egs/timit/s5_la2/data-fmllr-tri3/train/data/feats_fmllr_train.7.ark:6322364
mbef0_si1911 /nfs-share/titouan/workspace/kaldi/egs/timit/s5_la2/data-fmllr-tri3/train/data/feats_fmllr_train.4.ark:4524728
mtlc0_si847 /nfs-share/titouan/workspace/kaldi/egs/timit/s5_la2/data-fmllr-tri3/train/data/feats_fmllr_train.10.ark:7032237
majp0_si1074 /nfs-share/titouan/workspace/kaldi/egs/timit/s5_la2/data-fmllr-tri3/train/data/feats_fmllr_train.4.ark:1061785
megj0_si707 /nfs-share/titouan/workspace/kaldi/egs/timit/s5_la2/data-fmllr-tri3/train/data/feats_fmllr_train.5.ark:11943757
mwsh0_sx256 /nfs-share/titouan/workspace/kaldi/egs/timit/s5_la2/data-fmllr-tri3/train/data/feats_fmllr_train.10.ark:17387113
mmam0_sx337 /nfs-share/titouan/workspace/kaldi/egs/timit/s5_la2/data-fmllr-tri3/train/data/feats_fmllr_train.7.ark:14060866
mcae0_si817 /nfs-share/titouan/workspace/kaldi/egs/timit/s5_la2/data-fmllr-tri3/train/data/feats_fmllr_train.4.ark:8285644
fcag0_sx243 /nfs-share/titouan/workspace/kaldi/egs/timit/s5_la2/data-fmllr-tri3/train/data/feats_fmllr_train.1.ark:5040003
fvfb0_sx132 /nfs-share/titouan/workspace/kaldi/egs/timit/s5_la2/data-fmllr-tri3/train/data/feats_fmllr_train.3.ark:15891335
mzmb0_sx446 /nfs-share/titouan/workspace/kaldi/egs/timit/s5_la2/data-fmllr-tri3/train/data/feats_fmllr_train.10.ark:17896504
fsjw0_sx253 /nfs-share/titouan/workspace/kaldi/egs/timit/s5_la2/data-fmllr-tri3/train/data/feats_fmllr_train.3.ark:9799569
mtrc0_sx93 /nfs-share/titouan/workspace/kaldi/egs/timit/s5_la2/data-fmllr-tri3/train/data/feats_fmllr_train.10.ark:10774964
fntb0_sx123 /nfs-share/titouan/workspace/kaldi/egs/timit/s5_la2/data-fmllr-tri3/train/data/feats_fmllr_train.3.ark:538071
mwrp0_sx93 /nfs-share/titouan/workspace/kaldi/egs/timit/s5_la2/data-fmllr-tri3/train/data/feats_fmllr_train.10.ark:16759721
mvrw0_sx315 /nfs-share/titouan/workspace/kaldi/egs/timit/s5_la2/data-fmllr-tri3/train/data/feats_fmllr_train.10.ark:13299151
mtrt0_sx147 /nfs-share/titouan/workspace/kaldi/egs/timit/s5_la2/data-fmllr-tri3/train/data/feats_fmllr_train.10.ark:11359291
fskc0_sx336 /nfs-share/titouan/workspace/kaldi/egs/timit/s5_la2/data-fmllr-tri3/train/data/feats_fmllr_train.3.ark:10198853
mrmb0_sx141 /nfs-share/titouan/workspace/kaldi/egs/timit/s5_la2/data-fmllr-tri3/train/data/feats_fmllr_train.9.ark:5289954
mpmb0_sx421 /nfs-share/titouan/workspace/kaldi/egs/timit/s5_la2/data-fmllr-tri3/train/data/feats_fmllr_train.8.ark:8371133
mtmn0_si1064 /nfs-share/titouan/workspace/kaldi/egs/timit/s5_la2/data-fmllr-tri3/train/data/feats_fmllr_train.10.ark:7653097
msjk0_sx246 /nfs-share/titouan/workspace/kaldi/egs/timit/s5_la2/data-fmllr-tri3/train/data/feats_fmllr_train.9.ark:15623312
fskp0_sx108 /nfs-share/titouan/workspace/kaldi/egs/timit/s5_la2/data-fmllr-tri3/train/data/feats_fmllr_train.3.ark:10887713
fklc0_sx445 /nfs-share/titouan/workspace/kaldi/egs/timit/s5_la2/data-fmllr-tri3/train/data/feats_fmllr_train.2.ark:7620887
fcdr1_si1186 /nfs-share/titouan/workspace/kaldi/egs/timit/s5_la2/data-fmllr-tri3/train/data/feats_fmllr_train.1.ark:5577768
mjdm0_sx170 /nfs-share/titouan/workspace/kaldi/egs/timit/s5_la2/data-fmllr-tri3/train/data/feats_fmllr_train.6.ark:9746635
fbmj0_si516 /nfs-share/titouan/workspace/kaldi/egs/timit/s5_la2/data-fmllr-tri3/train/data/feats_fmllr_train.1.ark:4527064
mrdd0_si1680 /nfs-share/titouan/workspace/kaldi/egs/timit/s5_la2/data-fmllr-tri3/train/data/feats_fmllr_train.8.ark:14108974
fvmh0_si2096 /nfs-share/titouan/workspace/kaldi/egs/timit/s5_la2/data-fmllr-tri3/train/data/feats_fmllr_train.3.ark:16560195
fsrh0_sx401 /nfs-share/titouan/workspace/kaldi/egs/timit/s5_la2/data-fmllr-tri3/train/data/feats_fmllr_train.3.ark:13389577
mmdb0_sx267 /nfs-share/titouan/workspace/kaldi/egs/timit/s5_la2/data-fmllr-tri3/train/data/feats_fmllr_train.7.ark:15657067
mdlc2_sx264 /nfs-share/titouan/workspace/kaldi/egs/timit/s5_la2/data-fmllr-tri3/train/data/feats_fmllr_train.5.ark:3739197
mtpr0_sx160 /nfs-share/titouan/workspace/kaldi/egs/timit/s5_la2/data-fmllr-tri3/train/data/feats_fmllr_train.10.ark:9679544
mbma0_sx232 /nfs-share/titouan/workspace/kaldi/egs/timit/s5_la2/data-fmllr-tri3/train/data/feats_fmllr_train.4.ark:5729780
mhmr0_si1692 /nfs-share/titouan/workspace/kaldi/egs/timit/s5_la2/data-fmllr-tri3/train/data/feats_fmllr_train.6.ark:4998219
flmk0_sx45 /nfs-share/titouan/workspace/kaldi/egs/timit/s5_la2/data-fmllr-tri3/train/data/feats_fmllr_train.2.ark:13539852
fajw0_si1263 /nfs-share/titouan/workspace/kaldi/egs/timit/s5_la2/data-fmllr-tri3/train/data/feats_fmllr_train.1.ark:390310
milb0_sx363 /nfs-share/titouan/workspace/kaldi/egs/timit/s5_la2/data-fmllr-tri3/train/data/feats_fmllr_train.6.ark:6395801
mcew0_sx362 /nfs-share/titouan/workspace/kaldi/egs/timit/s5_la2/data-fmllr-tri3/train/data/feats_fmllr_train.4.ark:10784625
madc0_sx377 /nfs-share/titouan/workspace/kaldi/egs/timit/s5_la2/data-fmllr-tri3/train/data/feats_fmllr_train.3.ark:17540630
fear0_sx262 /nfs-share/titouan/workspace/kaldi/egs/timit/s5_la2/data-fmllr-tri3/train/data/feats_fmllr_train.1.ark:13917160
mdcd0_sx65 /nfs-share/titouan/workspace/kaldi/egs/timit/s5_la2/data-fmllr-tri3/train/data/feats_fmllr_train.4.ark:16231874
mrav0_si1638 /nfs-share/titouan/workspace/kaldi/egs/timit/s5_la2/data-fmllr-tri3/train/data/feats_fmllr_train.8.ark:12541065
flag0_sx24 /nfs-share/titouan/workspace/kaldi/egs/timit/s5_la2/data-fmllr-tri3/train/data/feats_fmllr_train.2.ark:9512825
mjhi0_sx248 /nfs-share/titouan/workspace/kaldi/egs/timit/s5_la2/data-fmllr-tri3/train/data/feats_fmllr_train.6.ark:12147483
mkdb0_sx242 /nfs-share/titouan/workspace/kaldi/egs/timit/s5_la2/data-fmllr-tri3/train/data/feats_fmllr_train.7.ark:5735319
faem0_sx222 /nfs-share/titouan/workspace/kaldi/egs/timit/s5_la2/data-fmllr-tri3/train/data/feats_fmllr_train.1.ark:201402
fsjk1_si1025 /nfs-share/titouan/workspace/kaldi/egs/timit/s5_la2/data-fmllr-tri3/train/data/feats_fmllr_train.3.ark:8826386
msfv0_sx452 /nfs-share/titouan/workspace/kaldi/egs/timit/s5_la2/data-fmllr-tri3/train/data/feats_fmllr_train.9.ark:15297549
fsah0_sx327 /nfs-share/titouan/workspace/kaldi/egs/timit/s5_la2/data-fmllr-tri3/train/data/feats_fmllr_train.3.ark:5760758
fcag0_si2133 /nfs-share/titouan/workspace/kaldi/egs/timit/s5_la2/data-fmllr-tri3/train/data/feats_fmllr_train.1.ark:4955309
mbth0_sx32 /nfs-share/titouan/workspace/kaldi/egs/timit/s5_la2/data-fmllr-tri3/train/data/feats_fmllr_train.4.ark:7612197
mbth0_si2102 /nfs-share/titouan/workspace/kaldi/egs/timit/s5_la2/data-fmllr-tri3/train/data/feats_fmllr_train.4.ark:7293476
fsdj0_sx395 /nfs-share/titouan/workspace/kaldi/egs/timit/s5_la2/data-fmllr-tri3/train/data/feats_fmllr_train.3.ark:7872484
mrxb0_sx145 /nfs-share/titouan/workspace/kaldi/egs/timit/s5_la2/data-fmllr-tri3/train/data/feats_fmllr_train.9.ark:10882436
fsma0_si2251 /nfs-share/titouan/workspace/kaldi/egs/timit/s5_la2/data-fmllr-tri3/train/data/feats_fmllr_train.3.ark:11510014
mdns0_si1011 /nfs-share/titouan/workspace/kaldi/egs/timit/s5_la2/data-fmllr-tri3/train/data/feats_fmllr_train.5.ark:6279327
mdmt0_sx122 /nfs-share/titouan/workspace/kaldi/egs/timit/s5_la2/data-fmllr-tri3/train/data/feats_fmllr_train.5.ark:6036312
mkag0_si1609 /nfs-share/titouan/workspace/kaldi/egs/timit/s5_la2/data-fmllr-tri3/train/data/feats_fmllr_train.7.ark:4011783
mtkp0_sx213 /nfs-share/titouan/workspace/kaldi/egs/timit/s5_la2/data-fmllr-tri3/train/data/feats_fmllr_train.10.ark:6340337
fgrw0_si1152 /nfs-share/titouan/workspace/kaldi/egs/timit/s5_la2/data-fmllr-tri3/train/data/feats_fmllr_train.1.ark:17507965
mwdk0_sx266 /nfs-share/titouan/workspace/kaldi/egs/timit/s5_la2/data-fmllr-tri3/train/data/feats_fmllr_train.10.ark:15078132
mkls0_sx447 /nfs-share/titouan/workspace/kaldi/egs/timit/s5_la2/data-fmllr-tri3/train/data/feats_fmllr_train.7.ark:8536253
fmkf0_sx6 /nfs-share/titouan/workspace/kaldi/egs/timit/s5_la2/data-fmllr-tri3/train/data/feats_fmllr_train.2.ark:17445195
mvrw0_sx405 /nfs-share/titouan/workspace/kaldi/egs/timit/s5_la2/data-fmllr-tri3/train/data/feats_fmllr_train.10.ark:13333738
mtmn0_sx254 /nfs-share/titouan/workspace/kaldi/egs/timit/s5_la2/data-fmllr-tri3/train/data/feats_fmllr_train.10.ark:7912886
mcss0_sx120 /nfs-share/titouan/workspace/kaldi/egs/timit/s5_la2/data-fmllr-tri3/train/data/feats_fmllr_train.4.ark:13021393
mmea0_sx308 /nfs-share/titouan/workspace/kaldi/egs/timit/s5_la2/data-fmllr-tri3/train/data/feats_fmllr_train.7.ark:17530179
mtrc0_sx363 /nfs-share/titouan/workspace/kaldi/egs/timit/s5_la2/data-fmllr-tri3/train/data/feats_fmllr_train.10.ark:10734298
mvlo0_sx157 /nfs-share/titouan/workspace/kaldi/egs/timit/s5_la2/data-fmllr-tri3/train/data/feats_fmllr_train.10.ark:12856320
mjeb1_si1467 /nfs-share/titouan/workspace/kaldi/egs/timit/s5_la2/data-fmllr-tri3/train/data/feats_fmllr_train.6.ark:10416267
mfmc0_si1132 /nfs-share/titouan/workspace/kaldi/egs/timit/s5_la2/data-fmllr-tri3/train/data/feats_fmllr_train.5.ark:14347137
fmpg0_sx342 /nfs-share/titouan/workspace/kaldi/egs/timit/s5_la2/data-fmllr-tri3/train/data/feats_fmllr_train.2.ark:18230720
mljc0_sx415 /nfs-share/titouan/workspace/kaldi/egs/timit/s5_la2/data-fmllr-tri3/train/data/feats_fmllr_train.7.ark:11238733
mjlg1_si1012 /nfs-share/titouan/workspace/kaldi/egs/timit/s5_la2/data-fmllr-tri3/train/data/feats_fmllr_train.6.ark:14302757
flja0_si2338 /nfs-share/titouan/workspace/kaldi/egs/timit/s5_la2/data-fmllr-tri3/train/data/feats_fmllr_train.2.ark:10900336
meal0_sx347 /nfs-share/titouan/workspace/kaldi/egs/timit/s5_la2/data-fmllr-tri3/train/data/feats_fmllr_train.5.ark:10988335
faem0_si2022 /nfs-share/titouan/workspace/kaldi/egs/timit/s5_la2/data-fmllr-tri3/train/data/feats_fmllr_train.1.ark:75881
mmaa0_sx305 /nfs-share/titouan/workspace/kaldi/egs/timit/s5_la2/data-fmllr-tri3/train/data/feats_fmllr_train.7.ark:12869814
mvlo0_si1777 /nfs-share/titouan/workspace/kaldi/egs/timit/s5_la2/data-fmllr-tri3/train/data/feats_fmllr_train.10.ark:12749866
mjrh1_sx244 /nfs-share/titouan/workspace/kaldi/egs/timit/s5_la2/data-fmllr-tri3/train/data/feats_fmllr_train.7.ark:594420
mdps0_sx269 /nfs-share/titouan/workspace/kaldi/egs/timit/s5_la2/data-fmllr-tri3/train/data/feats_fmllr_train.5.ark:7586327
mrso0_sx399 /nfs-share/titouan/workspace/kaldi/egs/timit/s5_la2/data-fmllr-tri3/train/data/feats_fmllr_train.9.ark:8294944
mdlm0_sx64 /nfs-share/titouan/workspace/kaldi/egs/timit/s5_la2/data-fmllr-tri3/train/data/feats_fmllr_train.5.ark:4616350
mmbs0_si1151 /nfs-share/titouan/workspace/kaldi/egs/timit/s5_la2/data-fmllr-tri3/train/data/feats_fmllr_train.7.ark:14666924
mgsl0_sx174 /nfs-share/titouan/workspace/kaldi/egs/timit/s5_la2/data-fmllr-tri3/train/data/feats_fmllr_train.6.ark:2879853
mtdp0_sx171 /nfs-share/titouan/workspace/kaldi/egs/timit/s5_la2/data-fmllr-tri3/train/data/feats_fmllr_train.10.ark:3385352
mjws0_si1143 /nfs-share/titouan/workspace/kaldi/egs/timit/s5_la2/data-fmllr-tri3/train/data/feats_fmllr_train.7.ark:2403875
fblv0_sx338 /nfs-share/titouan/workspace/kaldi/egs/timit/s5_la2/data-fmllr-tri3/train/data/feats_fmllr_train.1.ark:3930739
flja0_si1708 /nfs-share/titouan/workspace/kaldi/egs/timit/s5_la2/data-fmllr-tri3/train/data/feats_fmllr_train.2.ark:10876148
mdwh0_sx305 /nfs-share/titouan/workspace/kaldi/egs/timit/s5_la2/data-fmllr-tri3/train/data/feats_fmllr_train.5.ark:10231074
mrbc0_sx59 /nfs-share/titouan/workspace/kaldi/egs/timit/s5_la2/data-fmllr-tri3/train/data/feats_fmllr_train.8.ark:13195684
medr0_si744 /nfs-share/titouan/workspace/kaldi/egs/timit/s5_la2/data-fmllr-tri3/train/data/feats_fmllr_train.5.ark:11182685
fnkl0_sx262 /nfs-share/titouan/workspace/kaldi/egs/timit/s5_la2/data-fmllr-tri3/train/data/feats_fmllr_train.3.ark:236469
mjae0_sx444 /nfs-share/titouan/workspace/kaldi/egs/timit/s5_la2/data-fmllr-tri3/train/data/feats_fmllr_train.6.ark:7141836
mrlr0_sx116 /nfs-share/titouan/workspace/kaldi/egs/timit/s5_la2/data-fmllr-tri3/train/data/feats_fmllr_train.9.ark:4947657
mstf0_sx136 /nfs-share/titouan/workspace/kaldi/egs/timit/s5_la2/data-fmllr-tri3/train/data/feats_fmllr_train.9.ark:17891624
mdem0_sx248 /nfs-share/titouan/workspace/kaldi/egs/timit/s5_la2/data-fmllr-tri3/train/data/feats_fmllr_train.5.ark:590419
mbwp0_si709 /nfs-share/titouan/workspace/kaldi/egs/timit/s5_la2/data-fmllr-tri3/train/data/feats_fmllr_train.4.ark:7776147
mmeb0_si727 /nfs-share/titouan/workspace/kaldi/egs/timit/s5_la2/data-fmllr-tri3/train/data/feats_fmllr_train.7.ark:17750315
mhrm0_sx418 /nfs-share/titouan/workspace/kaldi/egs/timit/s5_la2/data-fmllr-tri3/train/data/feats_fmllr_train.6.ark:5609131
mefg0_sx285 /nfs-share/titouan/workspace/kaldi/egs/timit/s5_la2/data-fmllr-tri3/train/data/feats_fmllr_train.5.ark:11724767
fmju0_sx219 /nfs-share/titouan/workspace/kaldi/egs/timit/s5_la2/data-fmllr-tri3/train/data/feats_fmllr_train.2.ark:16542468
mnet0_sx96 /nfs-share/titouan/workspace/kaldi/egs/timit/s5_la2/data-fmllr-tri3/train/data/feats_fmllr_train.8.ark:5278702
mtpf0_si1865 /nfs-share/titouan/workspace/kaldi/egs/timit/s5_la2/data-fmllr-tri3/train/data/feats_fmllr_train.10.ark:8504759
mfxv0_sx375 /nfs-share/titouan/workspace/kaldi/egs/timit/s5_la2/data-fmllr-tri3/train/data/feats_fmllr_train.5.ark:16183397
mmaa0_si1588 /nfs-share/titouan/workspace/kaldi/egs/timit/s5_la2/data-fmllr-tri3/train/data/feats_fmllr_train.7.ark:12587758
msfv0_sx272 /nfs-share/titouan/workspace/kaldi/egs/timit/s5_la2/data-fmllr-tri3/train/data/feats_fmllr_train.9.ark:15196855
fbcg1_si2242 /nfs-share/titouan/workspace/kaldi/egs/timit/s5_la2/data-fmllr-tri3/train/data/feats_fmllr_train.1.ark:2493020
mclm0_sx106 /nfs-share/titouan/workspace/kaldi/egs/timit/s5_la2/data-fmllr-tri3/train/data/feats_fmllr_train.4.ark:11917383
fjxp0_si492 /nfs-share/titouan/workspace/kaldi/egs/timit/s5_la2/data-fmllr-tri3/train/data/feats_fmllr_train.2.ark:4951316
fdxw0_si2141 /nfs-share/titouan/workspace/kaldi/egs/timit/s5_la2/data-fmllr-tri3/train/data/feats_fmllr_train.1.ark:13041765
mkjo0_si887 /nfs-share/titouan/workspace/kaldi/egs/timit/s5_la2/data-fmllr-tri3/train/data/feats_fmllr_train.7.ark:7230052
mjdg0_sx52 /nfs-share/titouan/workspace/kaldi/egs/timit/s5_la2/data-fmllr-tri3/train/data/feats_fmllr_train.6.ark:9571165
msat1_si2333 /nfs-share/titouan/workspace/kaldi/egs/timit/s5_la2/data-fmllr-tri3/train/data/feats_fmllr_train.9.ark:12250319
fbjl0_si922 /nfs-share/titouan/workspace/kaldi/egs/timit/s5_la2/data-fmllr-tri3/train/data/feats_fmllr_train.1.ark:3364680
mram0_sx375 /nfs-share/titouan/workspace/kaldi/egs/timit/s5_la2/data-fmllr-tri3/train/data/feats_fmllr_train.8.ark:12461969
fpls0_sx330 /nfs-share/titouan/workspace/kaldi/egs/timit/s5_la2/data-fmllr-tri3/train/data/feats_fmllr_train.3.ark:3466070
mdss0_sx441 /nfs-share/titouan/workspace/kaldi/egs/timit/s5_la2/data-fmllr-tri3/train/data/feats_fmllr_train.5.ark:8825912
fmmh0_si2167 /nfs-share/titouan/workspace/kaldi/egs/timit/s5_la2/data-fmllr-tri3/train/data/feats_fmllr_train.2.ark:17598397
fntb0_si573 /nfs-share/titouan/workspace/kaldi/egs/timit/s5_la2/data-fmllr-tri3/train/data/feats_fmllr_train.3.ark:417537
fsah0_si1874 /nfs-share/titouan/workspace/kaldi/egs/timit/s5_la2/data-fmllr-tri3/train/data/feats_fmllr_train.3.ark:5598437
mjmd0_sx38 /nfs-share/titouan/workspace/kaldi/egs/timit/s5_la2/data-fmllr-tri3/train/data/feats_fmllr_train.6.ark:15659572
fjhk0_sx392 /nfs-share/titouan/workspace/kaldi/egs/timit/s5_la2/data-fmllr-tri3/train/data/feats_fmllr_train.2.ark:1201919
mlsh0_sx67 /nfs-share/titouan/workspace/kaldi/egs/timit/s5_la2/data-fmllr-tri3/train/data/feats_fmllr_train.7.ark:12533170
mded0_sx270 /nfs-share/titouan/workspace/kaldi/egs/timit/s5_la2/data-fmllr-tri3/train/data/feats_fmllr_train.4.ark:17222365
fkde0_sx421 /nfs-share/titouan/workspace/kaldi/egs/timit/s5_la2/data-fmllr-tri3/train/data/feats_fmllr_train.2.ark:5950259
fljd0_sx346 /nfs-share/titouan/workspace/kaldi/egs/timit/s5_la2/data-fmllr-tri3/train/data/feats_fmllr_train.2.ark:11453274
mjls0_sx16 /nfs-share/titouan/workspace/kaldi/egs/timit/s5_la2/data-fmllr-tri3/train/data/feats_fmllr_train.6.ark:14880843
mrre0_sx434 /nfs-share/titouan/workspace/kaldi/egs/timit/s5_la2/data-fmllr-tri3/train/data/feats_fmllr_train.9.ark:7775820
fljg0_sx171 /nfs-share/titouan/workspace/kaldi/egs/timit/s5_la2/data-fmllr-tri3/train/data/feats_fmllr_train.2.ark:11750717
mjrk0_si1662 /nfs-share/titouan/workspace/kaldi/egs/timit/s5_la2/data-fmllr-tri3/train/data/feats_fmllr_train.7.ark:765888
mgaf0_si1912 /nfs-share/titouan/workspace/kaldi/egs/timit/s5_la2/data-fmllr-tri3/train/data/feats_fmllr_train.5.ark:16299453
mmdb0_sx177 /nfs-share/titouan/workspace/kaldi/egs/timit/s5_la2/data-fmllr-tri3/train/data/feats_fmllr_train.7.ark:15631440
mgag0_sx331 /nfs-share/titouan/workspace/kaldi/egs/timit/s5_la2/data-fmllr-tri3/train/data/feats_fmllr_train.5.ark:16805697
fmju0_si1389 /nfs-share/titouan/workspace/kaldi/egs/timit/s5_la2/data-fmllr-tri3/train/data/feats_fmllr_train.2.ark:16331479
mdlr0_si1233 /nfs-share/titouan/workspace/kaldi/egs/timit/s5_la2/data-fmllr-tri3/train/data/feats_fmllr_train.5.ark:4649978
mrld0_sx154 /nfs-share/titouan/workspace/kaldi/egs/timit/s5_la2/data-fmllr-tri3/train/data/feats_fmllr_train.9.ark:3529028
fscn0_sx446 /nfs-share/titouan/workspace/kaldi/egs/timit/s5_la2/data-fmllr-tri3/train/data/feats_fmllr_train.3.ark:7122743
mrds0_si537 /nfs-share/titouan/workspace/kaldi/egs/timit/s5_la2/data-fmllr-tri3/train/data/feats_fmllr_train.8.ark:14869436
mrxb0_sx415 /nfs-share/titouan/workspace/kaldi/egs/timit/s5_la2/data-fmllr-tri3/train/data/feats_fmllr_train.9.ark:11009717
flmc0_sx382 /nfs-share/titouan/workspace/kaldi/egs/timit/s5_la2/data-fmllr-tri3/train/data/feats_fmllr_train.2.ark:13158674
mcdc0_si662 /nfs-share/titouan/workspace/kaldi/egs/timit/s5_la2/data-fmllr-tri3/train/data/feats_fmllr_train.4.ark:9067356
fcmm0_si1083 /nfs-share/titouan/workspace/kaldi/egs/timit/s5_la2/data-fmllr-tri3/train/data/feats_fmllr_train.1.ark:8195768
fdas1_sx21 /nfs-share/titouan/workspace/kaldi/egs/timit/s5_la2/data-fmllr-tri3/train/data/feats_fmllr_train.1.ark:9616554
mjda0_si1661 /nfs-share/titouan/workspace/kaldi/egs/timit/s5_la2/data-fmllr-tri3/train/data/feats_fmllr_train.6.ark:8058992
mmgc0_si2184 /nfs-share/titouan/workspace/kaldi/egs/timit/s5_la2/data-fmllr-tri3/train/data/feats_fmllr_train.8.ark:120549
fmpg0_sx432 /nfs-share/titouan/workspace/kaldi/egs/timit/s5_la2/data-fmllr-tri3/train/data/feats_fmllr_train.2.ark:18300347
fvmh0_si836 /nfs-share/titouan/workspace/kaldi/egs/timit/s5_la2/data-fmllr-tri3/train/data/feats_fmllr_train.3.ark:16603902
mmds0_sx263 /nfs-share/titouan/workspace/kaldi/egs/timit/s5_la2/data-fmllr-tri3/train/data/feats_fmllr_train.7.ark:17177935
mjws0_sx153 /nfs-share/titouan/workspace/kaldi/egs/timit/s5_la2/data-fmllr-tri3/train/data/feats_fmllr_train.7.ark:2531797
fjkl0_sx122 /nfs-share/titouan/workspace/kaldi/egs/timit/s5_la2/data-fmllr-tri3/train/data/feats_fmllr_train.2.ark:1371469
mljc0_sx145 /nfs-share/titouan/workspace/kaldi/egs/timit/s5_la2/data-fmllr-tri3/train/data/feats_fmllr_train.7.ark:11102492
fsbk0_si2329 /nfs-share/titouan/workspace/kaldi/egs/timit/s5_la2/data-fmllr-tri3/train/data/feats_fmllr_train.3.ark:6421299
mklw0_si1571 /nfs-share/titouan/workspace/kaldi/egs/timit/s5_la2/data-fmllr-tri3/train/data/feats_fmllr_train.7.ark:8990444
mnet0_si816 /nfs-share/titouan/workspace/kaldi/egs/timit/s5_la2/data-fmllr-tri3/train/data/feats_fmllr_train.8.ark:5074250
mdlc2_sx174 /nfs-share/titouan/workspace/kaldi/egs/timit/s5_la2/data-fmllr-tri3/train/data/feats_fmllr_train.5.ark:3683330
mrjm1_sx128 /nfs-share/titouan/workspace/kaldi/egs/timit/s5_la2/data-fmllr-tri3/train/data/feats_fmllr_train.9.ark:2254299
fdkn0_sx361 /nfs-share/titouan/workspace/kaldi/egs/timit/s5_la2/data-fmllr-tri3/train/data/feats_fmllr_train.1.ark:11112306
ftlg0_si1743 /nfs-share/titouan/workspace/kaldi/egs/timit/s5_la2/data-fmllr-tri3/train/data/feats_fmllr_train.3.ark:14971459
fbjl0_si1552 /nfs-share/titouan/workspace/kaldi/egs/timit/s5_la2/data-fmllr-tri3/train/data/feats_fmllr_train.1.ark:3276465
mrmh0_sx301 /nfs-share/titouan/workspace/kaldi/egs/timit/s5_la2/data-fmllr-tri3/train/data/feats_fmllr_train.9.ark:6145484
mmds0_si1973 /nfs-share/titouan/workspace/kaldi/egs/timit/s5_la2/data-fmllr-tri3/train/data/feats_fmllr_train.7.ark:17077214
mdss1_si1713 /nfs-share/titouan/workspace/kaldi/egs/timit/s5_la2/data-fmllr-tri3/train/data/feats_fmllr_train.5.ark:8958634
fsjg0_si1570 /nfs-share/titouan/workspace/kaldi/egs/timit/s5_la2/data-fmllr-tri3/train/data/feats_fmllr_train.3.ark:8298329
mrlj0_sx70 /nfs-share/titouan/workspace/kaldi/egs/timit/s5_la2/data-fmllr-tri3/train/data/feats_fmllr_train.9.ark:4044712
fpab1_sx31 /nfs-share/titouan/workspace/kaldi/egs/timit/s5_la2/data-fmllr-tri3/train/data/feats_fmllr_train.3.ark:1115968
mmvp0_si1284 /nfs-share/titouan/workspace/kaldi/egs/timit/s5_la2/data-fmllr-tri3/train/data/feats_fmllr_train.8.ark:2969111
mdlm0_si604 /nfs-share/titouan/workspace/kaldi/egs/timit/s5_la2/data-fmllr-tri3/train/data/feats_fmllr_train.5.ark:4389336
mses0_sx149 /nfs-share/titouan/workspace/kaldi/egs/timit/s5_la2/data-fmllr-tri3/train/data/feats_fmllr_train.9.ark:14300074
mcdd0_si2143 /nfs-share/titouan/workspace/kaldi/egs/timit/s5_la2/data-fmllr-tri3/train/data/feats_fmllr_train.4.ark:9381466
fdtd0_si1561 /nfs-share/titouan/workspace/kaldi/egs/timit/s5_la2/data-fmllr-tri3/train/data/feats_fmllr_train.1.ark:12587759
fjsk0_sx152 /nfs-share/titouan/workspace/kaldi/egs/timit/s5_la2/data-fmllr-tri3/train/data/feats_fmllr_train.2.ark:3409036
mmdm0_si1311 /nfs-share/titouan/workspace/kaldi/egs/timit/s5_la2/data-fmllr-tri3/train/data/feats_fmllr_train.7.ark:16233392
mdtb0_sx300 /nfs-share/titouan/workspace/kaldi/egs/timit/s5_la2/data-fmllr-tri3/train/data/feats_fmllr_train.5.ark:9452239
mklw0_sx41 /nfs-share/titouan/workspace/kaldi/egs/timit/s5_la2/data-fmllr-tri3/train/data/feats_fmllr_train.7.ark:9338154
msjk0_si2226 /nfs-share/titouan/workspace/kaldi/egs/timit/s5_la2/data-fmllr-tri3/train/data/feats_fmllr_train.9.ark:15491391
mfwk0_sx349 /nfs-share/titouan/workspace/kaldi/egs/timit/s5_la2/data-fmllr-tri3/train/data/feats_fmllr_train.5.ark:15332348
msfh0_si1738 /nfs-share/titouan/workspace/kaldi/egs/timit/s5_la2/data-fmllr-tri3/train/data/feats_fmllr_train.9.ark:14556237
mtdb0_sx321 /nfs-share/titouan/workspace/kaldi/egs/timit/s5_la2/data-fmllr-tri3/train/data/feats_fmllr_train.10.ark:3072388
mram0_sx285 /nfs-share/titouan/workspace/kaldi/egs/timit/s5_la2/data-fmllr-tri3/train/data/feats_fmllr_train.8.ark:12416502
fdxw0_sx431 /nfs-share/titouan/workspace/kaldi/egs/timit/s5_la2/data-fmllr-tri3/train/data/feats_fmllr_train.1.ark:13265740
mpgr0_sx60 /nfs-share/titouan/workspace/kaldi/egs/timit/s5_la2/data-fmllr-tri3/train/data/feats_fmllr_train.8.ark:7457284
fcag0_sx153 /nfs-share/titouan/workspace/kaldi/egs/timit/s5_la2/data-fmllr-tri3/train/data/feats_fmllr_train.1.ark:4988456
mrab0_sx144 /nfs-share/titouan/workspace/kaldi/egs/timit/s5_la2/data-fmllr-tri3/train/data/feats_fmllr_train.8.ark:11074490
mdtb0_si1830 /nfs-share/titouan/workspace/kaldi/egs/timit/s5_la2/data-fmllr-tri3/train/data/feats_fmllr_train.5.ark:9281891
msdb0_si1007 /nfs-share/titouan/workspace/kaldi/egs/timit/s5_la2/data-fmllr-tri3/train/data/feats_fmllr_train.9.ark:12525841
mmaa0_sx215 /nfs-share/titouan/workspace/kaldi/egs/timit/s5_la2/data-fmllr-tri3/train/data/feats_fmllr_train.7.ark:12818907
msmr0_sx55 /nfs-share/titouan/workspace/kaldi/egs/timit/s5_la2/data-fmllr-tri3/train/data/feats_fmllr_train.9.ark:16555505
fdkn0_si1081 /nfs-share/titouan/workspace/kaldi/egs/timit/s5_la2/data-fmllr-tri3/train/data/feats_fmllr_train.1.ark:10838089
mtcs0_sx172 /nfs-share/titouan/workspace/kaldi/egs/timit/s5_la2/data-fmllr-tri3/train/data/feats_fmllr_train.10.ark:2582837
mbma0_sx322 /nfs-share/titouan/workspace/kaldi/egs/timit/s5_la2/data-fmllr-tri3/train/data/feats_fmllr_train.4.ark:5782927
marw0_sx16 /nfs-share/titouan/workspace/kaldi/egs/timit/s5_la2/data-fmllr-tri3/train/data/feats_fmllr_train.4.ark:3135300
mwem0_si1393 /nfs-share/titouan/workspace/kaldi/egs/timit/s5_la2/data-fmllr-tri3/train/data/feats_fmllr_train.10.ark:15298748
fbch0_si956 /nfs-share/titouan/workspace/kaldi/egs/timit/s5_la2/data-fmllr-tri3/train/data/feats_fmllr_train.1.ark:2909236
mtxs0_si1060 /nfs-share/titouan/workspace/kaldi/egs/timit/s5_la2/data-fmllr-tri3/train/data/feats_fmllr_train.10.ark:11883803
mtqc0_si1441 /nfs-share/titouan/workspace/kaldi/egs/timit/s5_la2/data-fmllr-tri3/train/data/feats_fmllr_train.10.ark:9943519
mfrm0_si1717 /nfs-share/titouan/workspace/kaldi/egs/timit/s5_la2/data-fmllr-tri3/train/data/feats_fmllr_train.5.ark:14818102
fajw0_sx183 /nfs-share/titouan/workspace/kaldi/egs/timit/s5_la2/data-fmllr-tri3/train/data/feats_fmllr_train.1.ark:591032
mefg0_sx195 /nfs-share/titouan/workspace/kaldi/egs/timit/s5_la2/data-fmllr-tri3/train/data/feats_fmllr_train.5.ark:11691460
mkaj0_sx244 /nfs-share/titouan/workspace/kaldi/egs/timit/s5_la2/data-fmllr-tri3/train/data/feats_fmllr_train.7.ark:4986725
mrld0_si1594 /nfs-share/titouan/workspace/kaldi/egs/timit/s5_la2/data-fmllr-tri3/train/data/feats_fmllr_train.9.ark:3385266
mwgr0_sx436 /nfs-share/titouan/workspace/kaldi/egs/timit/s5_la2/data-fmllr-tri3/train/data/feats_fmllr_train.10.ark:15949341
mkag0_sx259 /nfs-share/titouan/workspace/kaldi/egs/timit/s5_la2/data-fmllr-tri3/train/data/feats_fmllr_train.7.ark:4236372
frjb0_sx77 /nfs-share/titouan/workspace/kaldi/egs/timit/s5_la2/data-fmllr-tri3/train/data/feats_fmllr_train.3.ark:4658108
mrms0_sx120 /nfs-share/titouan/workspace/kaldi/egs/timit/s5_la2/data-fmllr-tri3/train/data/feats_fmllr_train.9.ark:6909225
mgsh0_sx186 /nfs-share/titouan/workspace/kaldi/egs/timit/s5_la2/data-fmllr-tri3/train/data/feats_fmllr_train.6.ark:2530706
mpar0_si946 /nfs-share/titouan/workspace/kaldi/egs/timit/s5_la2/data-fmllr-tri3/train/data/feats_fmllr_train.8.ark:5822843
fdas1_sx111 /nfs-share/titouan/workspace/kaldi/egs/timit/s5_la2/data-fmllr-tri3/train/data/feats_fmllr_train.1.ark:9523061
mrre0_sx164 /nfs-share/titouan/workspace/kaldi/egs/timit/s5_la2/data-fmllr-tri3/train/data/feats_fmllr_train.9.ark:7632379
fgdp0_si2248 /nfs-share/titouan/workspace/kaldi/egs/timit/s5_la2/data-fmllr-tri3/train/data/feats_fmllr_train.1.ark:16642439
mmab1_sx54 /nfs-share/titouan/workspace/kaldi/egs/timit/s5_la2/data-fmllr-tri3/train/data/feats_fmllr_train.7.ark:13354244
fdml0_sx429 /nfs-share/titouan/workspace/kaldi/egs/timit/s5_la2/data-fmllr-tri3/train/data/feats_fmllr_train.1.ark:11522791
mprt0_sx400 /nfs-share/titouan/workspace/kaldi/egs/timit/s5_la2/data-fmllr-tri3/train/data/feats_fmllr_train.8.ark:10590963
mrmh0_sx211 /nfs-share/titouan/workspace/kaldi/egs/timit/s5_la2/data-fmllr-tri3/train/data/feats_fmllr_train.9.ark:6105617
mgrl0_sx417 /nfs-share/titouan/workspace/kaldi/egs/timit/s5_la2/data-fmllr-tri3/train/data/feats_fmllr_train.6.ark:1797046
mjsr0_sx434 /nfs-share/titouan/workspace/kaldi/egs/timit/s5_la2/data-fmllr-tri3/train/data/feats_fmllr_train.7.ark:1841205
mjrk0_sx430 /nfs-share/titouan/workspace/kaldi/egs/timit/s5_la2/data-fmllr-tri3/train/data/feats_fmllr_train.7.ark:1041411
mgag0_sx241 /nfs-share/titouan/workspace/kaldi/egs/timit/s5_la2/data-fmllr-tri3/train/data/feats_fmllr_train.5.ark:16771430
mmeb0_sx187 /nfs-share/titouan/workspace/kaldi/egs/timit/s5_la2/data-fmllr-tri3/train/data/feats_fmllr_train.7.ark:17784422
mtpf0_sx155 /nfs-share/titouan/workspace/kaldi/egs/timit/s5_la2/data-fmllr-tri3/train/data/feats_fmllr_train.10.ark:8596813
mrgs0_sx96 /nfs-share/titouan/workspace/kaldi/egs/timit/s5_la2/data-fmllr-tri3/train/data/feats_fmllr_train.9.ark:387400
flma0_sx73 /nfs-share/titouan/workspace/kaldi/egs/timit/s5_la2/data-fmllr-tri3/train/data/feats_fmllr_train.2.ark:12782777
mwsh0_si1426 /nfs-share/titouan/workspace/kaldi/egs/timit/s5_la2/data-fmllr-tri3/train/data/feats_fmllr_train.10.ark:17135164
mrso0_sx129 /nfs-share/titouan/workspace/kaldi/egs/timit/s5_la2/data-fmllr-tri3/train/data/feats_fmllr_train.9.ark:8069237
mjac0_sx431 /nfs-share/titouan/workspace/kaldi/egs/timit/s5_la2/data-fmllr-tri3/train/data/feats_fmllr_train.6.ark:6765138
mrlj1_sx141 /nfs-share/titouan/workspace/kaldi/egs/timit/s5_la2/data-fmllr-tri3/train/data/feats_fmllr_train.9.ark:4197623
makb0_si2276 /nfs-share/titouan/workspace/kaldi/egs/timit/s5_la2/data-fmllr-tri3/train/data/feats_fmllr_train.4.ark:1643339
mtpg0_sx303 /nfs-share/titouan/workspace/kaldi/egs/timit/s5_la2/data-fmllr-tri3/train/data/feats_fmllr_train.10.ark:9043484
mbgt0_sx441 /nfs-share/titouan/workspace/kaldi/egs/timit/s5_la2/data-fmllr-tri3/train/data/feats_fmllr_train.4.ark:5111160
fmbg0_si1790 /nfs-share/titouan/workspace/kaldi/egs/timit/s5_la2/data-fmllr-tri3/train/data/feats_fmllr_train.2.ark:14791121
mkls1_sx375 /nfs-share/titouan/workspace/kaldi/egs/timit/s5_la2/data-fmllr-tri3/train/data/feats_fmllr_train.7.ark:8939376
msem1_si1440 /nfs-share/titouan/workspace/kaldi/egs/timit/s5_la2/data-fmllr-tri3/train/data/feats_fmllr_train.9.ark:13658974
fjrb0_sx132 /nfs-share/titouan/workspace/kaldi/egs/timit/s5_la2/data-fmllr-tri3/train/data/feats_fmllr_train.2.ark:2503641
msvs0_sx308 /nfs-share/titouan/workspace/kaldi/egs/timit/s5_la2/data-fmllr-tri3/train/data/feats_fmllr_train.10.ark:305269
ftbr0_si2181 /nfs-share/titouan/workspace/kaldi/egs/timit/s5_la2/data-fmllr-tri3/train/data/feats_fmllr_train.3.ark:14284653
mrmg0_si1080 /nfs-share/titouan/workspace/kaldi/egs/timit/s5_la2/data-fmllr-tri3/train/data/feats_fmllr_train.9.ark:5511529
mppc0_sx242 /nfs-share/titouan/workspace/kaldi/egs/timit/s5_la2/data-fmllr-tri3/train/data/feats_fmllr_train.8.ark:8736576
fmjf0_si1254 /nfs-share/titouan/workspace/kaldi/egs/timit/s5_la2/data-fmllr-tri3/train/data/feats_fmllr_train.2.ark:15918782
fvkb0_sx349 /nfs-share/titouan/workspace/kaldi/egs/timit/s5_la2/data-fmllr-tri3/train/data/feats_fmllr_train.3.ark:16318486
mrso0_sx219 /nfs-share/titouan/workspace/kaldi/egs/timit/s5_la2/data-fmllr-tri3/train/data/feats_fmllr_train.9.ark:8121104
fskp0_si1728 /nfs-share/titouan/workspace/kaldi/egs/timit/s5_la2/data-fmllr-tri3/train/data/feats_fmllr_train.3.ark:10804939
mdef0_sx123 /nfs-share/titouan/workspace/kaldi/egs/timit/s5_la2/data-fmllr-tri3/train/data/feats_fmllr_train.5.ark:160256
mtrc0_sx170 /nfs-share/titouan/workspace/kaldi/egs/timit/s5_la2/data-fmllr-tri3/train/data/feats_fmllr_train.10.ark:10604777
mree0_si1959 /nfs-share/titouan/workspace/kaldi/egs/timit/s5_la2/data-fmllr-tri3/train/data/feats_fmllr_train.8.ark:15254774
mesj0_sx277 /nfs-share/titouan/workspace/kaldi/egs/timit/s5_la2/data-fmllr-tri3/train/data/feats_fmllr_train.5.ark:13550757
fssb0_si1082 /nfs-share/titouan/workspace/kaldi/egs/timit/s5_la2/data-fmllr-tri3/train/data/feats_fmllr_train.3.ark:13492191
mdks0_sx436 /nfs-share/titouan/workspace/kaldi/egs/timit/s5_la2/data-fmllr-tri3/train/data/feats_fmllr_train.5.ark:2222542
mhxl0_sx332 /nfs-share/titouan/workspace/kaldi/egs/timit/s5_la2/data-fmllr-tri3/train/data/feats_fmllr_train.6.ark:5956360
majp0_sx354 /nfs-share/titouan/workspace/kaldi/egs/timit/s5_la2/data-fmllr-tri3/train/data/feats_fmllr_train.4.ark:1339682
flkm0_si620 /nfs-share/titouan/workspace/kaldi/egs/timit/s5_la2/data-fmllr-tri3/train/data/feats_fmllr_train.2.ark:12094239
mrmh0_sx31 /nfs-share/titouan/workspace/kaldi/egs/timit/s5_la2/data-fmllr-tri3/train/data/feats_fmllr_train.9.ark:6190790
mbgt0_sx261 /nfs-share/titouan/workspace/kaldi/egs/timit/s5_la2/data-fmllr-tri3/train/data/feats_fmllr_train.4.ark:5009986
ftmg0_sx272 /nfs-share/titouan/workspace/kaldi/egs/timit/s5_la2/data-fmllr-tri3/train/data/feats_fmllr_train.3.ark:15565864
fksr0_si487 /nfs-share/titouan/workspace/kaldi/egs/timit/s5_la2/data-fmllr-tri3/train/data/feats_fmllr_train.2.ark:8573431
mkrg0_sx141 /nfs-share/titouan/workspace/kaldi/egs/timit/s5_la2/data-fmllr-tri3/train/data/feats_fmllr_train.7.ark:9582104
mtat1_sx239 /nfs-share/titouan/workspace/kaldi/egs/timit/s5_la2/data-fmllr-tri3/train/data/feats_fmllr_train.10.ark:1840190
mrmg0_sx270 /nfs-share/titouan/workspace/kaldi/egs/timit/s5_la2/data-fmllr-tri3/train/data/feats_fmllr_train.9.ark:5704919
fsdc0_sx322 /nfs-share/titouan/workspace/kaldi/egs/timit/s5_la2/data-fmllr-tri3/train/data/feats_fmllr_train.3.ark:7454134
mtmt0_si1748 /nfs-share/titouan/workspace/kaldi/egs/timit/s5_la2/data-fmllr-tri3/train/data/feats_fmllr_train.10.ark:8114302
mnet0_sx366 /nfs-share/titouan/workspace/kaldi/egs/timit/s5_la2/data-fmllr-tri3/train/data/feats_fmllr_train.8.ark:5191131
mjfr0_sx435 /nfs-share/titouan/workspace/kaldi/egs/timit/s5_la2/data-fmllr-tri3/train/data/feats_fmllr_train.6.ark:11831961
fpmy0_sx196 /nfs-share/titouan/workspace/kaldi/egs/timit/s5_la2/data-fmllr-tri3/train/data/feats_fmllr_train.3.ark:3824633
fklh0_si1887 /nfs-share/titouan/workspace/kaldi/egs/timit/s5_la2/data-fmllr-tri3/train/data/feats_fmllr_train.2.ark:8183107
flja0_sx88 /nfs-share/titouan/workspace/kaldi/egs/timit/s5_la2/data-fmllr-tri3/train/data/feats_fmllr_train.2.ark:11143990
ftbr0_sx111 /nfs-share/titouan/workspace/kaldi/egs/timit/s5_la2/data-fmllr-tri3/train/data/feats_fmllr_train.3.ark:14390147
mjmm0_sx85 /nfs-share/titouan/workspace/kaldi/egs/timit/s5_la2/data-fmllr-tri3/train/data/feats_fmllr_train.6.ark:16072776
mkah0_si898 /nfs-share/titouan/workspace/kaldi/egs/timit/s5_la2/data-fmllr-tri3/train/data/feats_fmllr_train.7.ark:4511094
mmsm0_si1736 /nfs-share/titouan/workspace/kaldi/egs/timit/s5_la2/data-fmllr-tri3/train/data/feats_fmllr_train.8.ark:2635802
mwgr0_sx256 /nfs-share/titouan/workspace/kaldi/egs/timit/s5_la2/data-fmllr-tri3/train/data/feats_fmllr_train.10.ark:15854887
fpls0_sx150 /nfs-share/titouan/workspace/kaldi/egs/timit/s5_la2/data-fmllr-tri3/train/data/feats_fmllr_train.3.ark:3361511
mcef0_si1135 /nfs-share/titouan/workspace/kaldi/egs/timit/s5_la2/data-fmllr-tri3/train/data/feats_fmllr_train.4.ark:10123952
msem1_sx90 /nfs-share/titouan/workspace/kaldi/egs/timit/s5_la2/data-fmllr-tri3/train/data/feats_fmllr_train.9.ark:14118523
mjbg0_si1232 /nfs-share/titouan/workspace/kaldi/egs/timit/s5_la2/data-fmllr-tri3/train/data/feats_fmllr_train.6.ark:7645946
mwac0_sx431 /nfs-share/titouan/workspace/kaldi/egs/timit/s5_la2/data-fmllr-tri3/train/data/feats_fmllr_train.10.ark:13770915
fhxs0_sx445 /nfs-share/titouan/workspace/kaldi/egs/timit/s5_la2/data-fmllr-tri3/train/data/feats_fmllr_train.1.ark:18754165
mdef0_si2193 /nfs-share/titouan/workspace/kaldi/egs/timit/s5_la2/data-fmllr-tri3/train/data/feats_fmllr_train.5.ark:122149
mtjs0_si1822 /nfs-share/titouan/workspace/kaldi/egs/timit/s5_la2/data-fmllr-tri3/train/data/feats_fmllr_train.10.ark:4887605
mjjm0_si1457 /nfs-share/titouan/workspace/kaldi/egs/timit/s5_la2/data-fmllr-tri3/train/data/feats_fmllr_train.6.ark:13239894
mrpc1_sx312 /nfs-share/titouan/workspace/kaldi/egs/timit/s5_la2/data-fmllr-tri3/train/data/feats_fmllr_train.9.ark:7283737
mtab0_sx132 /nfs-share/titouan/workspace/kaldi/egs/timit/s5_la2/data-fmllr-tri3/train/data/feats_fmllr_train.10.ark:666392
mclk0_si1660 /nfs-share/titouan/workspace/kaldi/egs/timit/s5_la2/data-fmllr-tri3/train/data/feats_fmllr_train.4.ark:11365724
ftmg0_si2162 /nfs-share/titouan/workspace/kaldi/egs/timit/s5_la2/data-fmllr-tri3/train/data/feats_fmllr_train.3.ark:15409303
fpls0_si1590 /nfs-share/titouan/workspace/kaldi/egs/timit/s5_la2/data-fmllr-tri3/train/data/feats_fmllr_train.3.ark:3203989
mefg0_sx375 /nfs-share/titouan/workspace/kaldi/egs/timit/s5_la2/data-fmllr-tri3/train/data/feats_fmllr_train.5.ark:11770074
frll0_sx434 /nfs-share/titouan/workspace/kaldi/egs/timit/s5_la2/data-fmllr-tri3/train/data/feats_fmllr_train.3.ark:5002618
mmea0_sx218 /nfs-share/titouan/workspace/kaldi/egs/timit/s5_la2/data-fmllr-tri3/train/data/feats_fmllr_train.7.ark:17492552
mmws0_sx438 /nfs-share/titouan/workspace/kaldi/egs/timit/s5_la2/data-fmllr-tri3/train/data/feats_fmllr_train.8.ark:4208748
mjws0_sx243 /nfs-share/titouan/workspace/kaldi/egs/timit/s5_la2/data-fmllr-tri3/train/data/feats_fmllr_train.7.ark:2592944
fbas0_sx37 /nfs-share/titouan/workspace/kaldi/egs/timit/s5_la2/data-fmllr-tri3/train/data/feats_fmllr_train.1.ark:2373097
mctm0_si1980 /nfs-share/titouan/workspace/kaldi/egs/timit/s5_la2/data-fmllr-tri3/train/data/feats_fmllr_train.4.ark:13676013
msdh0_sx440 /nfs-share/titouan/workspace/kaldi/egs/timit/s5_la2/data-fmllr-tri3/train/data/feats_fmllr_train.9.ark:13097582
fdaw0_sx146 /nfs-share/titouan/workspace/kaldi/egs/timit/s5_la2/data-fmllr-tri3/train/data/feats_fmllr_train.1.ark:9925199
mlel0_sx436 /nfs-share/titouan/workspace/kaldi/egs/timit/s5_la2/data-fmllr-tri3/train/data/feats_fmllr_train.7.ark:10840436
fbmj0_sx66 /nfs-share/titouan/workspace/kaldi/egs/timit/s5_la2/data-fmllr-tri3/train/data/feats_fmllr_train.1.ark:4850745
mtpf0_si605 /nfs-share/titouan/workspace/kaldi/egs/timit/s5_la2/data-fmllr-tri3/train/data/feats_fmllr_train.10.ark:8541906
mgsl0_sx264 /nfs-share/titouan/workspace/kaldi/egs/timit/s5_la2/data-fmllr-tri3/train/data/feats_fmllr_train.6.ark:2940360
fsjw0_si1963 /nfs-share/titouan/workspace/kaldi/egs/timit/s5_la2/data-fmllr-tri3/train/data/feats_fmllr_train.3.ark:9667168
mpgr1_sx149 /nfs-share/titouan/workspace/kaldi/egs/timit/s5_la2/data-fmllr-tri3/train/data/feats_fmllr_train.8.ark:7646675
mcre0_si1121 /nfs-share/titouan/workspace/kaldi/egs/timit/s5_la2/data-fmllr-tri3/train/data/feats_fmllr_train.4.ark:12454695
mkls0_si2067 /nfs-share/titouan/workspace/kaldi/egs/timit/s5_la2/data-fmllr-tri3/train/data/feats_fmllr_train.7.ark:8317585
mjjb0_si1277 /nfs-share/titouan/workspace/kaldi/egs/timit/s5_la2/data-fmllr-tri3/train/data/feats_fmllr_train.6.ark:12393539
mejl0_si1654 /nfs-share/titouan/workspace/kaldi/egs/timit/s5_la2/data-fmllr-tri3/train/data/feats_fmllr_train.5.ark:12299625
mtdb0_si1401 /nfs-share/titouan/workspace/kaldi/egs/timit/s5_la2/data-fmllr-tri3/train/data/feats_fmllr_train.10.ark:2828092
mmws1_si2331 /nfs-share/titouan/workspace/kaldi/egs/timit/s5_la2/data-fmllr-tri3/train/data/feats_fmllr_train.8.ark:4403578
mbar0_sx419 /nfs-share/titouan/workspace/kaldi/egs/timit/s5_la2/data-fmllr-tri3/train/data/feats_fmllr_train.4.ark:3675572
megj0_sx167 /nfs-share/titouan/workspace/kaldi/egs/timit/s5_la2/data-fmllr-tri3/train/data/feats_fmllr_train.5.ark:12010184
fksr0_sx366 /nfs-share/titouan/workspace/kaldi/egs/timit/s5_la2/data-fmllr-tri3/train/data/feats_fmllr_train.2.ark:8712552
mjpm0_si1368 /nfs-share/titouan/workspace/kaldi/egs/timit/s5_la2/data-fmllr-tri3/train/data/feats_fmllr_train.6.ark:16436381
mmgg0_si1079 /nfs-share/titouan/workspace/kaldi/egs/timit/s5_la2/data-fmllr-tri3/train/data/feats_fmllr_train.8.ark:354791
mzmb0_sx356 /nfs-share/titouan/workspace/kaldi/egs/timit/s5_la2/data-fmllr-tri3/train/data/feats_fmllr_train.10.ark:17845437
mrds0_sx267 /nfs-share/titouan/workspace/kaldi/egs/timit/s5_la2/data-fmllr-tri3/train/data/feats_fmllr_train.8.ark:14959250
falr0_si695 /nfs-share/titouan/workspace/kaldi/egs/timit/s5_la2/data-fmllr-tri3/train/data/feats_fmllr_train.1.ark:1302954
mree0_sx294 /nfs-share/titouan/workspace/kaldi/egs/timit/s5_la2/data-fmllr-tri3/train/data/feats_fmllr_train.8.ark:15441921
fjlr0_sx331 /nfs-share/titouan/workspace/kaldi/egs/timit/s5_la2/data-fmllr-tri3/train/data/feats_fmllr_train.2.ark:2232438
fhxs0_sx265 /nfs-share/titouan/workspace/kaldi/egs/timit/s5_la2/data-fmllr-tri3/train/data/feats_fmllr_train.1.ark:18663231
mlsh0_sx157 /nfs-share/titouan/workspace/kaldi/egs/timit/s5_la2/data-fmllr-tri3/train/data/feats_fmllr_train.7.ark:12338183
mfrm0_sx345 /nfs-share/titouan/workspace/kaldi/egs/timit/s5_la2/data-fmllr-tri3/train/data/feats_fmllr_train.5.ark:14988611
mabc0_sx421 /nfs-share/titouan/workspace/kaldi/egs/timit/s5_la2/data-fmllr-tri3/train/data/feats_fmllr_train.3.ark:17098787
makr0_si722 /nfs-share/titouan/workspace/kaldi/egs/timit/s5_la2/data-fmllr-tri3/train/data/feats_fmllr_train.4.ark:2037956
mmgg0_sx359 /nfs-share/titouan/workspace/kaldi/egs/timit/s5_la2/data-fmllr-tri3/train/data/feats_fmllr_train.8.ark:579888
fcrz0_sx73 /nfs-share/titouan/workspace/kaldi/egs/timit/s5_la2/data-fmllr-tri3/train/data/feats_fmllr_train.1.ark:8883854
fjlg0_sx89 /nfs-share/titouan/workspace/kaldi/egs/timit/s5_la2/data-fmllr-tri3/train/data/feats_fmllr_train.2.ark:1950194
mmds0_si1343 /nfs-share/titouan/workspace/kaldi/egs/timit/s5_la2/data-fmllr-tri3/train/data/feats_fmllr_train.7.ark:17017026
mkln0_si968 /nfs-share/titouan/workspace/kaldi/egs/timit/s5_la2/data-fmllr-tri3/train/data/feats_fmllr_train.7.ark:7583229
mtrc0_si993 /nfs-share/titouan/workspace/kaldi/egs/timit/s5_la2/data-fmllr-tri3/train/data/feats_fmllr_train.10.ark:10573390
mcae0_sx187 /nfs-share/titouan/workspace/kaldi/egs/timit/s5_la2/data-fmllr-tri3/train/data/feats_fmllr_train.4.ark:8351751
mter0_sx437 /nfs-share/titouan/workspace/kaldi/egs/timit/s5_la2/data-fmllr-tri3/train/data/feats_fmllr_train.10.ark:3977809
mkdd0_sx217 /nfs-share/titouan/workspace/kaldi/egs/timit/s5_la2/data-fmllr-tri3/train/data/feats_fmllr_train.7.ark:6173456
mmxs0_si876 /nfs-share/titouan/workspace/kaldi/egs/timit/s5_la2/data-fmllr-tri3/train/data/feats_fmllr_train.8.ark:4715153
fkdw0_sx217 /nfs-share/titouan/workspace/kaldi/egs/timit/s5_la2/data-fmllr-tri3/train/data/feats_fmllr_train.2.ark:6284662
fblv0_sx68 /nfs-share/titouan/workspace/kaldi/egs/timit/s5_la2/data-fmllr-tri3/train/data/feats_fmllr_train.1.ark:4039592
maeo0_sx336 /nfs-share/titouan/workspace/kaldi/egs/timit/s5_la2/data-fmllr-tri3/train/data/feats_fmllr_train.4.ark:593327
mklw0_si2201 /nfs-share/titouan/workspace/kaldi/egs/timit/s5_la2/data-fmllr-tri3/train/data/feats_fmllr_train.7.ark:9096900
mtjm0_si1856 /nfs-share/titouan/workspace/kaldi/egs/timit/s5_la2/data-fmllr-tri3/train/data/feats_fmllr_train.10.ark:4530428
mmgc0_sx45 /nfs-share/titouan/workspace/kaldi/egs/timit/s5_la2/data-fmllr-tri3/train/data/feats_fmllr_train.8.ark:313163
fcke0_sx31 /nfs-share/titouan/workspace/kaldi/egs/timit/s5_la2/data-fmllr-tri3/train/data/feats_fmllr_train.1.ark:7348718
mdlc0_sx315 /nfs-share/titouan/workspace/kaldi/egs/timit/s5_la2/data-fmllr-tri3/train/data/feats_fmllr_train.5.ark:3057669
mwgr0_si976 /nfs-share/titouan/workspace/kaldi/egs/timit/s5_la2/data-fmllr-tri3/train/data/feats_fmllr_train.10.ark:15736113
fjhk0_si1022 /nfs-share/titouan/workspace/kaldi/egs/timit/s5_la2/data-fmllr-tri3/train/data/feats_fmllr_train.2.ark:864449
fcaj0_sx39 /nfs-share/titouan/workspace/kaldi/egs/timit/s5_la2/data-fmllr-tri3/train/data/feats_fmllr_train.1.ark:5496593
mejl0_si962 /nfs-share/titouan/workspace/kaldi/egs/timit/s5_la2/data-fmllr-tri3/train/data/feats_fmllr_train.5.ark:12330372
fcdr1_si1816 /nfs-share/titouan/workspace/kaldi/egs/timit/s5_la2/data-fmllr-tri3/train/data/feats_fmllr_train.1.ark:5667716
msfv0_si632 /nfs-share/titouan/workspace/kaldi/egs/timit/s5_la2/data-fmllr-tri3/train/data/feats_fmllr_train.9.ark:15078561
mprb0_sx125 /nfs-share/titouan/workspace/kaldi/egs/timit/s5_la2/data-fmllr-tri3/train/data/feats_fmllr_train.8.ark:9127006
fdaw0_sx56 /nfs-share/titouan/workspace/kaldi/egs/timit/s5_la2/data-fmllr-tri3/train/data/feats_fmllr_train.1.ark:10093946
mmlm0_sx267 /nfs-share/titouan/workspace/kaldi/egs/timit/s5_la2/data-fmllr-tri3/train/data/feats_fmllr_train.8.ark:1594432
mjpm1_sx311 /nfs-share/titouan/workspace/kaldi/egs/timit/s5_la2/data-fmllr-tri3/train/data/feats_fmllr_train.6.ark:17040894
mkdd0_sx127 /nfs-share/titouan/workspace/kaldi/egs/timit/s5_la2/data-fmllr-tri3/train/data/feats_fmllr_train.7.ark:6143989
fcrz0_sx163 /nfs-share/titouan/workspace/kaldi/egs/timit/s5_la2/data-fmllr-tri3/train/data/feats_fmllr_train.1.ark:8710307
fklc1_si1678 /nfs-share/titouan/workspace/kaldi/egs/timit/s5_la2/data-fmllr-tri3/train/data/feats_fmllr_train.2.ark:7782569
msms0_sx83 /nfs-share/titouan/workspace/kaldi/egs/timit/s5_la2/data-fmllr-tri3/train/data/feats_fmllr_train.9.ark:16944042
fnkl0_sx196 /nfs-share/titouan/workspace/kaldi/egs/timit/s5_la2/data-fmllr-tri3/train/data/feats_fmllr_train.3.ark:207642
mdcm0_si850 /nfs-share/titouan/workspace/kaldi/egs/timit/s5_la2/data-fmllr-tri3/train/data/feats_fmllr_train.4.ark:16382197
mjsr0_si2054 /nfs-share/titouan/workspace/kaldi/egs/timit/s5_la2/data-fmllr-tri3/train/data/feats_fmllr_train.7.ark:1525550
flag0_si834 /nfs-share/titouan/workspace/kaldi/egs/timit/s5_la2/data-fmllr-tri3/train/data/feats_fmllr_train.2.ark:9335145
fklc1_sx58 /nfs-share/titouan/workspace/kaldi/egs/timit/s5_la2/data-fmllr-tri3/train/data/feats_fmllr_train.2.ark:8037291
mprt0_si580 /nfs-share/titouan/workspace/kaldi/egs/timit/s5_la2/data-fmllr-tri3/train/data/feats_fmllr_train.8.ark:10375149
mmea0_si2018 /nfs-share/titouan/workspace/kaldi/egs/timit/s5_la2/data-fmllr-tri3/train/data/feats_fmllr_train.7.ark:17380951
mdcd0_si785 /nfs-share/titouan/workspace/kaldi/egs/timit/s5_la2/data-fmllr-tri3/train/data/feats_fmllr_train.4.ark:15969500
mcxm0_si1981 /nfs-share/titouan/workspace/kaldi/egs/timit/s5_la2/data-fmllr-tri3/train/data/feats_fmllr_train.4.ark:14031110
mrvg0_sx240 /nfs-share/titouan/workspace/kaldi/egs/timit/s5_la2/data-fmllr-tri3/train/data/feats_fmllr_train.9.ark:9817012
mrld0_sx424 /nfs-share/titouan/workspace/kaldi/egs/timit/s5_la2/data-fmllr-tri3/train/data/feats_fmllr_train.9.ark:3638229
faem0_sx312 /nfs-share/titouan/workspace/kaldi/egs/timit/s5_la2/data-fmllr-tri3/train/data/feats_fmllr_train.1.ark:244309
mrcg0_si1428 /nfs-share/titouan/workspace/kaldi/egs/timit/s5_la2/data-fmllr-tri3/train/data/feats_fmllr_train.8.ark:13228352
msat0_sx356 /nfs-share/titouan/workspace/kaldi/egs/timit/s5_la2/data-fmllr-tri3/train/data/feats_fmllr_train.9.ark:12043302
mrcw0_sx21 /nfs-share/titouan/workspace/kaldi/egs/timit/s5_la2/data-fmllr-tri3/train/data/feats_fmllr_train.8.ark:13945824
mrgs0_sx276 /nfs-share/titouan/workspace/kaldi/egs/timit/s5_la2/data-fmllr-tri3/train/data/feats_fmllr_train.9.ark:214522
mjpm1_sx131 /nfs-share/titouan/workspace/kaldi/egs/timit/s5_la2/data-fmllr-tri3/train/data/feats_fmllr_train.6.ark:16957160
feac0_si1875 /nfs-share/titouan/workspace/kaldi/egs/timit/s5_la2/data-fmllr-tri3/train/data/feats_fmllr_train.1.ark:13380702
mwsb0_sx96 /nfs-share/titouan/workspace/kaldi/egs/timit/s5_la2/data-fmllr-tri3/train/data/feats_fmllr_train.10.ark:17095456
fbch0_sx56 /nfs-share/titouan/workspace/kaldi/egs/timit/s5_la2/data-fmllr-tri3/train/data/feats_fmllr_train.1.ark:3228117
mjrh1_sx424 /nfs-share/titouan/workspace/kaldi/egs/timit/s5_la2/data-fmllr-tri3/train/data/feats_fmllr_train.7.ark:681994
mrgm0_sx172 /nfs-share/titouan/workspace/kaldi/egs/timit/s5_la2/data-fmllr-tri3/train/data/feats_fmllr_train.8.ark:17673703
mwre0_si2317 /nfs-share/titouan/workspace/kaldi/egs/timit/s5_la2/data-fmllr-tri3/train/data/feats_fmllr_train.10.ark:16128011
mjdg0_sx142 /nfs-share/titouan/workspace/kaldi/egs/timit/s5_la2/data-fmllr-tri3/train/data/feats_fmllr_train.6.ark:9388338
mdlm0_si1234 /nfs-share/titouan/workspace/kaldi/egs/timit/s5_la2/data-fmllr-tri3/train/data/feats_fmllr_train.5.ark:4310241
ftbr0_sx201 /nfs-share/titouan/workspace/kaldi/egs/timit/s5_la2/data-fmllr-tri3/train/data/feats_fmllr_train.3.ark:14429854
fljg0_si2241 /nfs-share/titouan/workspace/kaldi/egs/timit/s5_la2/data-fmllr-tri3/train/data/feats_fmllr_train.2.ark:11638023
mjkr0_sx211 /nfs-share/titouan/workspace/kaldi/egs/timit/s5_la2/data-fmllr-tri3/train/data/feats_fmllr_train.6.ark:13777632
fbas0_sx217 /nfs-share/titouan/workspace/kaldi/egs/timit/s5_la2/data-fmllr-tri3/train/data/feats_fmllr_train.1.ark:2311124
feeh0_si1112 /nfs-share/titouan/workspace/kaldi/egs/timit/s5_la2/data-fmllr-tri3/train/data/feats_fmllr_train.1.ark:14596205
fskc0_sx246 /nfs-share/titouan/workspace/kaldi/egs/timit/s5_la2/data-fmllr-tri3/train/data/feats_fmllr_train.3.ark:10161386
mjpm0_sx378 /nfs-share/titouan/workspace/kaldi/egs/timit/s5_la2/data-fmllr-tri3/train/data/feats_fmllr_train.6.ark:16792730
mklr0_si1059 /nfs-share/titouan/workspace/kaldi/egs/timit/s5_la2/data-fmllr-tri3/train/data/feats_fmllr_train.7.ark:7862271
fgcs0_sx136 /nfs-share/titouan/workspace/kaldi/egs/timit/s5_la2/data-fmllr-tri3/train/data/feats_fmllr_train.1.ark:16375236
mcdc0_sx122 /nfs-share/titouan/workspace/kaldi/egs/timit/s5_la2/data-fmllr-tri3/train/data/feats_fmllr_train.4.ark:9108983
fbcg1_si982 /nfs-share/titouan/workspace/kaldi/egs/timit/s5_la2/data-fmllr-tri3/train/data/feats_fmllr_train.1.ark:2526007
mkln0_sx158 /nfs-share/titouan/workspace/kaldi/egs/timit/s5_la2/data-fmllr-tri3/train/data/feats_fmllr_train.7.ark:7643736
mtju0_sx130 /nfs-share/titouan/workspace/kaldi/egs/timit/s5_la2/data-fmllr-tri3/train/data/feats_fmllr_train.10.ark:5445156
mclk0_si650 /nfs-share/titouan/workspace/kaldi/egs/timit/s5_la2/data-fmllr-tri3/train/data/feats_fmllr_train.4.ark:11457939
mkdb0_sx62 /nfs-share/titouan/workspace/kaldi/egs/timit/s5_la2/data-fmllr-tri3/train/data/feats_fmllr_train.7.ark:5896359
mmgg0_sx449 /nfs-share/titouan/workspace/kaldi/egs/timit/s5_la2/data-fmllr-tri3/train/data/feats_fmllr_train.8.ark:633835
mjlb0_sx176 /nfs-share/titouan/workspace/kaldi/egs/timit/s5_la2/data-fmllr-tri3/train/data/feats_fmllr_train.6.ark:14090302
mtpr0_sx250 /nfs-share/titouan/workspace/kaldi/egs/timit/s5_la2/data-fmllr-tri3/train/data/feats_fmllr_train.10.ark:9746771
fhxs0_si2335 /nfs-share/titouan/workspace/kaldi/egs/timit/s5_la2/data-fmllr-tri3/train/data/feats_fmllr_train.1.ark:18546217
mter0_si1157 /nfs-share/titouan/workspace/kaldi/egs/timit/s5_la2/data-fmllr-tri3/train/data/feats_fmllr_train.10.ark:3686607
fexm0_sx111 /nfs-share/titouan/workspace/kaldi/egs/timit/s5_la2/data-fmllr-tri3/train/data/feats_fmllr_train.1.ark:15968778
mdpb0_si1760 /nfs-share/titouan/workspace/kaldi/egs/timit/s5_la2/data-fmllr-tri3/train/data/feats_fmllr_train.5.ark:6661944
mwdk0_si806 /nfs-share/titouan/workspace/kaldi/egs/timit/s5_la2/data-fmllr-tri3/train/data/feats_fmllr_train.10.ark:14967358
mkxl0_sx105 /nfs-share/titouan/workspace/kaldi/egs/timit/s5_la2/data-fmllr-tri3/train/data/feats_fmllr_train.7.ark:9931441
mrtc0_sx378 /nfs-share/titouan/workspace/kaldi/egs/timit/s5_la2/data-fmllr-tri3/train/data/feats_fmllr_train.9.ark:9123538
maeb0_si2250 /nfs-share/titouan/workspace/kaldi/egs/timit/s5_la2/data-fmllr-tri3/train/data/feats_fmllr_train.4.ark:65321
mdss1_si697 /nfs-share/titouan/workspace/kaldi/egs/timit/s5_la2/data-fmllr-tri3/train/data/feats_fmllr_train.5.ark:8982501
flhd0_sx444 /nfs-share/titouan/workspace/kaldi/egs/timit/s5_la2/data-fmllr-tri3/train/data/feats_fmllr_train.2.ark:10683106
mrhl0_si885 /nfs-share/titouan/workspace/kaldi/egs/timit/s5_la2/data-fmllr-tri3/train/data/feats_fmllr_train.9.ark:513563
mmar0_sx76 /nfs-share/titouan/workspace/kaldi/egs/timit/s5_la2/data-fmllr-tri3/train/data/feats_fmllr_train.7.ark:14609616
mtqc0_sx451 /nfs-share/titouan/workspace/kaldi/egs/timit/s5_la2/data-fmllr-tri3/train/data/feats_fmllr_train.10.ark:10336002
msah1_si2309 /nfs-share/titouan/workspace/kaldi/egs/timit/s5_la2/data-fmllr-tri3/train/data/feats_fmllr_train.9.ark:11162627
mdlb0_si676 /nfs-share/titouan/workspace/kaldi/egs/timit/s5_la2/data-fmllr-tri3/train/data/feats_fmllr_train.5.ark:2461851
mabc0_si2041 /nfs-share/titouan/workspace/kaldi/egs/timit/s5_la2/data-fmllr-tri3/train/data/feats_fmllr_train.3.ark:16875292
fskp0_sx378 /nfs-share/titouan/workspace/kaldi/egs/timit/s5_la2/data-fmllr-tri3/train/data/feats_fmllr_train.3.ark:11051180
mljh0_sx154 /nfs-share/titouan/workspace/kaldi/egs/timit/s5_la2/data-fmllr-tri3/train/data/feats_fmllr_train.7.ark:11557909
fcyl0_si1297 /nfs-share/titouan/workspace/kaldi/egs/timit/s5_la2/data-fmllr-tri3/train/data/feats_fmllr_train.1.ark:8926122
msmr0_sx235 /nfs-share/titouan/workspace/kaldi/egs/timit/s5_la2/data-fmllr-tri3/train/data/feats_fmllr_train.9.ark:16433025
fkdw0_sx37 /nfs-share/titouan/workspace/kaldi/egs/timit/s5_la2/data-fmllr-tri3/train/data/feats_fmllr_train.2.ark:6343915
fjen0_sx147 /nfs-share/titouan/workspace/kaldi/egs/timit/s5_la2/data-fmllr-tri3/train/data/feats_fmllr_train.2.ark:571034
mmws1_si1071 /nfs-share/titouan/workspace/kaldi/egs/timit/s5_la2/data-fmllr-tri3/train/data/feats_fmllr_train.8.ark:4306722
mprt0_sx130 /nfs-share/titouan/workspace/kaldi/egs/timit/s5_la2/data-fmllr-tri3/train/data/feats_fmllr_train.8.ark:10419656
fsak0_sx400 /nfs-share/titouan/workspace/kaldi/egs/timit/s5_la2/data-fmllr-tri3/train/data/feats_fmllr_train.3.ark:6290175
frjb0_si1427 /nfs-share/titouan/workspace/kaldi/egs/timit/s5_la2/data-fmllr-tri3/train/data/feats_fmllr_train.3.ark:4352158
fbas0_sx307 /nfs-share/titouan/workspace/kaldi/egs/timit/s5_la2/data-fmllr-tri3/train/data/feats_fmllr_train.1.ark:2348271
mrlj1_sx231 /nfs-share/titouan/workspace/kaldi/egs/timit/s5_la2/data-fmllr-tri3/train/data/feats_fmllr_train.9.ark:4245810
fvkb0_sx259 /nfs-share/titouan/workspace/kaldi/egs/timit/s5_la2/data-fmllr-tri3/train/data/feats_fmllr_train.3.ark:16264699
fpad0_sx86 /nfs-share/titouan/workspace/kaldi/egs/timit/s5_la2/data-fmllr-tri3/train/data/feats_fmllr_train.3.ark:1988749
mjai0_sx164 /nfs-share/titouan/workspace/kaldi/egs/timit/s5_la2/data-fmllr-tri3/train/data/feats_fmllr_train.6.ark:7453971
mrab1_si1478 /nfs-share/titouan/workspace/kaldi/egs/timit/s5_la2/data-fmllr-tri3/train/data/feats_fmllr_train.8.ark:11321025
mjai0_sx74 /nfs-share/titouan/workspace/kaldi/egs/timit/s5_la2/data-fmllr-tri3/train/data/feats_fmllr_train.6.ark:7609118
fcjs0_sx347 /nfs-share/titouan/workspace/kaldi/egs/timit/s5_la2/data-fmllr-tri3/train/data/feats_fmllr_train.1.ark:6887355
mjpm0_si738 /nfs-share/titouan/workspace/kaldi/egs/timit/s5_la2/data-fmllr-tri3/train/data/feats_fmllr_train.6.ark:16566036
mdef0_sx213 /nfs-share/titouan/workspace/kaldi/egs/timit/s5_la2/data-fmllr-tri3/train/data/feats_fmllr_train.5.ark:202843
mcre0_sx41 /nfs-share/titouan/workspace/kaldi/egs/timit/s5_la2/data-fmllr-tri3/train/data/feats_fmllr_train.4.ark:12777284
flhd0_sx264 /nfs-share/titouan/workspace/kaldi/egs/timit/s5_la2/data-fmllr-tri3/train/data/feats_fmllr_train.2.ark:10600492
mjhi0_si698 /nfs-share/titouan/workspace/kaldi/egs/timit/s5_la2/data-fmllr-tri3/train/data/feats_fmllr_train.6.ark:12057509
mprd0_sx261 /nfs-share/titouan/workspace/kaldi/egs/timit/s5_la2/data-fmllr-tri3/train/data/feats_fmllr_train.8.ark:9632050
fcjf0_si1657 /nfs-share/titouan/workspace/kaldi/egs/timit/s5_la2/data-fmllr-tri3/train/data/feats_fmllr_train.1.ark:6447990
mstf0_si852 /nfs-share/titouan/workspace/kaldi/egs/timit/s5_la2/data-fmllr-tri3/train/data/feats_fmllr_train.9.ark:17814317
mjjm0_si827 /nfs-share/titouan/workspace/kaldi/egs/timit/s5_la2/data-fmllr-tri3/train/data/feats_fmllr_train.6.ark:13298001
fscn0_sx176 /nfs-share/titouan/workspace/kaldi/egs/timit/s5_la2/data-fmllr-tri3/train/data/feats_fmllr_train.3.ark:6940742
mwad0_sx432 /nfs-share/titouan/workspace/kaldi/egs/timit/s5_la2/data-fmllr-tri3/train/data/feats_fmllr_train.10.ark:14094333
mkjo0_sx257 /nfs-share/titouan/workspace/kaldi/egs/timit/s5_la2/data-fmllr-tri3/train/data/feats_fmllr_train.7.ark:7322106
mdpb0_si866 /nfs-share/titouan/workspace/kaldi/egs/timit/s5_la2/data-fmllr-tri3/train/data/feats_fmllr_train.5.ark:6785039
mcdd0_sx253 /nfs-share/titouan/workspace/kaldi/egs/timit/s5_la2/data-fmllr-tri3/train/data/feats_fmllr_train.4.ark:9517547
mbth0_sx122 /nfs-share/titouan/workspace/kaldi/egs/timit/s5_la2/data-fmllr-tri3/train/data/feats_fmllr_train.4.ark:7455477
fapb0_si1063 /nfs-share/titouan/workspace/kaldi/egs/timit/s5_la2/data-fmllr-tri3/train/data/feats_fmllr_train.1.ark:1568716
mbcg0_sx327 /nfs-share/titouan/workspace/kaldi/egs/timit/s5_la2/data-fmllr-tri3/train/data/feats_fmllr_train.4.ark:4319179
mhmg0_si1995 /nfs-share/titouan/workspace/kaldi/egs/timit/s5_la2/data-fmllr-tri3/train/data/feats_fmllr_train.6.ark:4649842
mded0_si1170 /nfs-share/titouan/workspace/kaldi/egs/timit/s5_la2/data-fmllr-tri3/train/data/feats_fmllr_train.4.ark:16997136
mjrk0_si2103 /nfs-share/titouan/workspace/kaldi/egs/timit/s5_la2/data-fmllr-tri3/train/data/feats_fmllr_train.7.ark:792316
mreh1_sx159 /nfs-share/titouan/workspace/kaldi/egs/timit/s5_la2/data-fmllr-tri3/train/data/feats_fmllr_train.8.ark:15713578
mdlr1_sx39 /nfs-share/titouan/workspace/kaldi/egs/timit/s5_la2/data-fmllr-tri3/train/data/feats_fmllr_train.5.ark:5378997
fapb0_sx73 /nfs-share/titouan/workspace/kaldi/egs/timit/s5_la2/data-fmllr-tri3/train/data/feats_fmllr_train.1.ark:1997226
mgar0_sx222 /nfs-share/titouan/workspace/kaldi/egs/timit/s5_la2/data-fmllr-tri3/train/data/feats_fmllr_train.6.ark:181083
mrjh0_sx259 /nfs-share/titouan/workspace/kaldi/egs/timit/s5_la2/data-fmllr-tri3/train/data/feats_fmllr_train.9.ark:1496451
mdlh0_sx340 /nfs-share/titouan/workspace/kaldi/egs/timit/s5_la2/data-fmllr-tri3/train/data/feats_fmllr_train.5.ark:4176880
mkag0_si2239 /nfs-share/titouan/workspace/kaldi/egs/timit/s5_la2/data-fmllr-tri3/train/data/feats_fmllr_train.7.ark:4075651
mjmd0_si1028 /nfs-share/titouan/workspace/kaldi/egs/timit/s5_la2/data-fmllr-tri3/train/data/feats_fmllr_train.6.ark:15419409
fskc0_sx66 /nfs-share/titouan/workspace/kaldi/egs/timit/s5_la2/data-fmllr-tri3/train/data/feats_fmllr_train.3.ark:10309146
mbwp0_si1969 /nfs-share/titouan/workspace/kaldi/egs/timit/s5_la2/data-fmllr-tri3/train/data/feats_fmllr_train.4.ark:7733080
mdef0_sx393 /nfs-share/titouan/workspace/kaldi/egs/timit/s5_la2/data-fmllr-tri3/train/data/feats_fmllr_train.5.ark:319723
mdlr1_si1929 /nfs-share/titouan/workspace/kaldi/egs/timit/s5_la2/data-fmllr-tri3/train/data/feats_fmllr_train.5.ark:5107663
fsag0_sx423 /nfs-share/titouan/workspace/kaldi/egs/timit/s5_la2/data-fmllr-tri3/train/data/feats_fmllr_train.3.ark:5415795
mctm0_sx450 /nfs-share/titouan/workspace/kaldi/egs/timit/s5_la2/data-fmllr-tri3/train/data/feats_fmllr_train.4.ark:13904948
mjxl0_sx452 /nfs-share/titouan/workspace/kaldi/egs/timit/s5_la2/data-fmllr-tri3/train/data/feats_fmllr_train.7.ark:3903089
mrfk0_sx266 /nfs-share/titouan/workspace/kaldi/egs/timit/s5_la2/data-fmllr-tri3/train/data/feats_fmllr_train.8.ark:16896976
mbbr0_si1685 /nfs-share/titouan/workspace/kaldi/egs/timit/s5_la2/data-fmllr-tri3/train/data/feats_fmllr_train.4.ark:3823654
fsms1_si1504 /nfs-share/titouan/workspace/kaldi/egs/timit/s5_la2/data-fmllr-tri3/train/data/feats_fmllr_train.3.ark:12312180
fsma0_sx361 /nfs-share/titouan/workspace/kaldi/egs/timit/s5_la2/data-fmllr-tri3/train/data/feats_fmllr_train.3.ark:11734282
mrgm0_sx262 /nfs-share/titouan/workspace/kaldi/egs/timit/s5_la2/data-fmllr-tri3/train/data/feats_fmllr_train.8.ark:17738690
mrai0_si2052 /nfs-share/titouan/workspace/kaldi/egs/timit/s5_la2/data-fmllr-tri3/train/data/feats_fmllr_train.8.ark:11738870
mfrm0_si1785 /nfs-share/titouan/workspace/kaldi/egs/timit/s5_la2/data-fmllr-tri3/train/data/feats_fmllr_train.5.ark:14858930
fjkl0_si2192 /nfs-share/titouan/workspace/kaldi/egs/timit/s5_la2/data-fmllr-tri3/train/data/feats_fmllr_train.2.ark:1267415
mrgm0_si1162 /nfs-share/titouan/workspace/kaldi/egs/timit/s5_la2/data-fmllr-tri3/train/data/feats_fmllr_train.8.ark:17486421
mmlm0_sx177 /nfs-share/titouan/workspace/kaldi/egs/timit/s5_la2/data-fmllr-tri3/train/data/feats_fmllr_train.8.ark:1563045
mrds0_sx87 /nfs-share/titouan/workspace/kaldi/egs/timit/s5_la2/data-fmllr-tri3/train/data/feats_fmllr_train.8.ark:15095490
mhmr0_sx129 /nfs-share/titouan/workspace/kaldi/egs/timit/s5_la2/data-fmllr-tri3/train/data/feats_fmllr_train.6.ark:5123073
fsjs0_sx451 /nfs-share/titouan/workspace/kaldi/egs/timit/s5_la2/data-fmllr-tri3/train/data/feats_fmllr_train.3.ark:9472846
mjrp0_si585 /nfs-share/titouan/workspace/kaldi/egs/timit/s5_la2/data-fmllr-tri3/train/data/feats_fmllr_train.7.ark:1208560
mdks0_sx166 /nfs-share/titouan/workspace/kaldi/egs/timit/s5_la2/data-fmllr-tri3/train/data/feats_fmllr_train.5.ark:2037341
mwar0_sx325 /nfs-share/titouan/workspace/kaldi/egs/timit/s5_la2/data-fmllr-tri3/train/data/feats_fmllr_train.10.ark:14414204
fskc0_sx426 /nfs-share/titouan/workspace/kaldi/egs/timit/s5_la2/data-fmllr-tri3/train/data/feats_fmllr_train.3.ark:10260800
mpgh0_sx204 /nfs-share/titouan/workspace/kaldi/egs/timit/s5_la2/data-fmllr-tri3/train/data/feats_fmllr_train.8.ark:7021947
mmar0_sx436 /nfs-share/titouan/workspace/kaldi/egs/timit/s5_la2/data-fmllr-tri3/train/data/feats_fmllr_train.7.ark:14568310
mdma0_sx350 /nfs-share/titouan/workspace/kaldi/egs/timit/s5_la2/data-fmllr-tri3/train/data/feats_fmllr_train.5.ark:5742709
mwgr0_si2236 /nfs-share/titouan/workspace/kaldi/egs/timit/s5_la2/data-fmllr-tri3/train/data/feats_fmllr_train.10.ark:15694806
mkls1_si915 /nfs-share/titouan/workspace/kaldi/egs/timit/s5_la2/data-fmllr-tri3/train/data/feats_fmllr_train.7.ark:8709322
mjrh0_si1125 /nfs-share/titouan/workspace/kaldi/egs/timit/s5_la2/data-fmllr-tri3/train/data/feats_fmllr_train.7.ark:13
mdlr1_sx399 /nfs-share/titouan/workspace/kaldi/egs/timit/s5_la2/data-fmllr-tri3/train/data/feats_fmllr_train.5.ark:5426384
fmah1_sx339 /nfs-share/titouan/workspace/kaldi/egs/timit/s5_la2/data-fmllr-tri3/train/data/feats_fmllr_train.2.ark:14577252
mwch0_sx362 /nfs-share/titouan/workspace/kaldi/egs/timit/s5_la2/data-fmllr-tri3/train/data/feats_fmllr_train.10.ark:14722902
fjsp0_si1763 /nfs-share/titouan/workspace/kaldi/egs/timit/s5_la2/data-fmllr-tri3/train/data/feats_fmllr_train.2.ark:3728719
fdfb0_sx418 /nfs-share/titouan/workspace/kaldi/egs/timit/s5_la2/data-fmllr-tri3/train/data/feats_fmllr_train.1.ark:10376538
ftbr0_sx381 /nfs-share/titouan/workspace/kaldi/egs/timit/s5_la2/data-fmllr-tri3/train/data/feats_fmllr_train.3.ark:14551054
mrfk0_sx446 /nfs-share/titouan/workspace/kaldi/egs/timit/s5_la2/data-fmllr-tri3/train/data/feats_fmllr_train.8.ark:16976550
mdpk0_sx153 /nfs-share/titouan/workspace/kaldi/egs/timit/s5_la2/data-fmllr-tri3/train/data/feats_fmllr_train.5.ark:7182723
fsbk0_sx169 /nfs-share/titouan/workspace/kaldi/egs/timit/s5_la2/data-fmllr-tri3/train/data/feats_fmllr_train.3.ark:6455886
fbas0_sx397 /nfs-share/titouan/workspace/kaldi/egs/timit/s5_la2/data-fmllr-tri3/train/data/feats_fmllr_train.1.ark:2416324
mcew0_si2072 /nfs-share/titouan/workspace/kaldi/egs/timit/s5_la2/data-fmllr-tri3/train/data/feats_fmllr_train.4.ark:10537957
mcre0_sx401 /nfs-share/titouan/workspace/kaldi/egs/timit/s5_la2/data-fmllr-tri3/train/data/feats_fmllr_train.4.ark:12729098
fbch0_sx416 /nfs-share/titouan/workspace/kaldi/egs/timit/s5_la2/data-fmllr-tri3/train/data/feats_fmllr_train.1.ark:3167291
mrfl0_sx436 /nfs-share/titouan/workspace/kaldi/egs/timit/s5_la2/data-fmllr-tri3/train/data/feats_fmllr_train.8.ark:17399327
fbch0_sx236 /nfs-share/titouan/workspace/kaldi/egs/timit/s5_la2/data-fmllr-tri3/train/data/feats_fmllr_train.1.ark:3076677
mafm0_si939 /nfs-share/titouan/workspace/kaldi/egs/timit/s5_la2/data-fmllr-tri3/train/data/feats_fmllr_train.4.ark:787543
mkjo0_si2147 /nfs-share/titouan/workspace/kaldi/egs/timit/s5_la2/data-fmllr-tri3/train/data/feats_fmllr_train.7.ark:7196425
fgmb0_sx65 /nfs-share/titouan/workspace/kaldi/egs/timit/s5_la2/data-fmllr-tri3/train/data/feats_fmllr_train.1.ark:17463777
feme0_sx245 /nfs-share/titouan/workspace/kaldi/egs/timit/s5_la2/data-fmllr-tri3/train/data/feats_fmllr_train.1.ark:15211571
mrhl0_sx255 /nfs-share/titouan/workspace/kaldi/egs/timit/s5_la2/data-fmllr-tri3/train/data/feats_fmllr_train.9.ark:615217
frjb0_sx167 /nfs-share/titouan/workspace/kaldi/egs/timit/s5_la2/data-fmllr-tri3/train/data/feats_fmllr_train.3.ark:4446961
fsdc0_sx52 /nfs-share/titouan/workspace/kaldi/egs/timit/s5_la2/data-fmllr-tri3/train/data/feats_fmllr_train.3.ark:7531627
msms0_sx173 /nfs-share/titouan/workspace/kaldi/egs/timit/s5_la2/data-fmllr-tri3/train/data/feats_fmllr_train.9.ark:16761855
mtrr0_sx288 /nfs-share/titouan/workspace/kaldi/egs/timit/s5_la2/data-fmllr-tri3/train/data/feats_fmllr_train.10.ark:11079634
mchl0_sx447 /nfs-share/titouan/workspace/kaldi/egs/timit/s5_la2/data-fmllr-tri3/train/data/feats_fmllr_train.4.ark:11289670
mrfl0_sx346 /nfs-share/titouan/workspace/kaldi/egs/timit/s5_la2/data-fmllr-tri3/train/data/feats_fmllr_train.8.ark:17339140
mdjm0_si1455 /nfs-share/titouan/workspace/kaldi/egs/timit/s5_la2/data-fmllr-tri3/train/data/feats_fmllr_train.5.ark:1555441
fjhk0_si2282 /nfs-share/titouan/workspace/kaldi/egs/timit/s5_la2/data-fmllr-tri3/train/data/feats_fmllr_train.2.ark:931865
mdrd0_sx302 /nfs-share/titouan/workspace/kaldi/egs/timit/s5_la2/data-fmllr-tri3/train/data/feats_fmllr_train.5.ark:8054091
mmwb0_si1619 /nfs-share/titouan/workspace/kaldi/egs/timit/s5_la2/data-fmllr-tri3/train/data/feats_fmllr_train.8.ark:3435089
mvjh0_si2186 /nfs-share/titouan/workspace/kaldi/egs/timit/s5_la2/data-fmllr-tri3/train/data/feats_fmllr_train.10.ark:12409649
majp0_sx84 /nfs-share/titouan/workspace/kaldi/egs/timit/s5_la2/data-fmllr-tri3/train/data/feats_fmllr_train.4.ark:1439095
mtkp0_sx393 /nfs-share/titouan/workspace/kaldi/egs/timit/s5_la2/data-fmllr-tri3/train/data/feats_fmllr_train.10.ark:6460257
mjlb0_si986 /nfs-share/titouan/workspace/kaldi/egs/timit/s5_la2/data-fmllr-tri3/train/data/feats_fmllr_train.6.ark:14051555
fjrp1_sx442 /nfs-share/titouan/workspace/kaldi/egs/timit/s5_la2/data-fmllr-tri3/train/data/feats_fmllr_train.2.ark:3152899
mmws0_sx348 /nfs-share/titouan/workspace/kaldi/egs/timit/s5_la2/data-fmllr-tri3/train/data/feats_fmllr_train.8.ark:4159761
mtkp0_sx33 /nfs-share/titouan/workspace/kaldi/egs/timit/s5_la2/data-fmllr-tri3/train/data/feats_fmllr_train.10.ark:6419910
mjjm0_sx377 /nfs-share/titouan/workspace/kaldi/egs/timit/s5_la2/data-fmllr-tri3/train/data/feats_fmllr_train.6.ark:13504375
fmpg0_sx252 /nfs-share/titouan/workspace/kaldi/egs/timit/s5_la2/data-fmllr-tri3/train/data/feats_fmllr_train.2.ark:18185413
mrem0_sx61 /nfs-share/titouan/workspace/kaldi/egs/timit/s5_la2/data-fmllr-tri3/train/data/feats_fmllr_train.8.ark:16303661
mntw0_sx168 /nfs-share/titouan/workspace/kaldi/egs/timit/s5_la2/data-fmllr-tri3/train/data/feats_fmllr_train.8.ark:5514973
fjrp1_si1432 /nfs-share/titouan/workspace/kaldi/egs/timit/s5_la2/data-fmllr-tri3/train/data/feats_fmllr_train.2.ark:2765376
fdaw0_sx326 /nfs-share/titouan/workspace/kaldi/egs/timit/s5_la2/data-fmllr-tri3/train/data/feats_fmllr_train.1.ark:10006853
maeb0_sx360 /nfs-share/titouan/workspace/kaldi/egs/timit/s5_la2/data-fmllr-tri3/train/data/feats_fmllr_train.4.ark:242549
fskl0_sx269 /nfs-share/titouan/workspace/kaldi/egs/timit/s5_la2/data-fmllr-tri3/train/data/feats_fmllr_train.3.ark:10553283
fskl0_sx179 /nfs-share/titouan/workspace/kaldi/egs/timit/s5_la2/data-fmllr-tri3/train/data/feats_fmllr_train.3.ark:10502216
mkls1_sx105 /nfs-share/titouan/workspace/kaldi/egs/timit/s5_la2/data-fmllr-tri3/train/data/feats_fmllr_train.7.ark:8780229
fcyl0_sx397 /nfs-share/titouan/workspace/kaldi/egs/timit/s5_la2/data-fmllr-tri3/train/data/feats_fmllr_train.1.ark:9278791
mhxl0_sx152 /nfs-share/titouan/workspace/kaldi/egs/timit/s5_la2/data-fmllr-tri3/train/data/feats_fmllr_train.6.ark:5853906
fmjf0_sx264 /nfs-share/titouan/workspace/kaldi/egs/timit/s5_la2/data-fmllr-tri3/train/data/feats_fmllr_train.2.ark:16126251
mwad0_si2322 /nfs-share/titouan/workspace/kaldi/egs/timit/s5_la2/data-fmllr-tri3/train/data/feats_fmllr_train.10.ark:13948305
mrmg0_sx180 /nfs-share/titouan/workspace/kaldi/egs/timit/s5_la2/data-fmllr-tri3/train/data/feats_fmllr_train.9.ark:5658972
mddc0_sx159 /nfs-share/titouan/workspace/kaldi/egs/timit/s5_la2/data-fmllr-tri3/train/data/feats_fmllr_train.4.ark:16793321
falr0_sx425 /nfs-share/titouan/workspace/kaldi/egs/timit/s5_la2/data-fmllr-tri3/train/data/feats_fmllr_train.1.ark:1500342
fcjf0_si1027 /nfs-share/titouan/workspace/kaldi/egs/timit/s5_la2/data-fmllr-tri3/train/data/feats_fmllr_train.1.ark:6398842
fjwb1_sx75 /nfs-share/titouan/workspace/kaldi/egs/timit/s5_la2/data-fmllr-tri3/train/data/feats_fmllr_train.2.ark:4365896
mgrp0_sx237 /nfs-share/titouan/workspace/kaldi/egs/timit/s5_la2/data-fmllr-tri3/train/data/feats_fmllr_train.6.ark:2094489
fceg0_si618 /nfs-share/titouan/workspace/kaldi/egs/timit/s5_la2/data-fmllr-tri3/train/data/feats_fmllr_train.1.ark:6152920
mrcw0_si1371 /nfs-share/titouan/workspace/kaldi/egs/timit/s5_la2/data-fmllr-tri3/train/data/feats_fmllr_train.8.ark:13699929
mmar0_sx346 /nfs-share/titouan/workspace/kaldi/egs/timit/s5_la2/data-fmllr-tri3/train/data/feats_fmllr_train.7.ark:14495963
mhrm0_si1475 /nfs-share/titouan/workspace/kaldi/egs/timit/s5_la2/data-fmllr-tri3/train/data/feats_fmllr_train.6.ark:5357928
mdlb0_sx136 /nfs-share/titouan/workspace/kaldi/egs/timit/s5_la2/data-fmllr-tri3/train/data/feats_fmllr_train.5.ark:2493238
mhit0_sx263 /nfs-share/titouan/workspace/kaldi/egs/timit/s5_la2/data-fmllr-tri3/train/data/feats_fmllr_train.6.ark:4126608
mhbs0_sx225 /nfs-share/titouan/workspace/kaldi/egs/timit/s5_la2/data-fmllr-tri3/train/data/feats_fmllr_train.6.ark:3768311
mdma0_sx260 /nfs-share/titouan/workspace/kaldi/egs/timit/s5_la2/data-fmllr-tri3/train/data/feats_fmllr_train.5.ark:5685722
mkam0_sx236 /nfs-share/titouan/workspace/kaldi/egs/timit/s5_la2/data-fmllr-tri3/train/data/feats_fmllr_train.7.ark:5376863
mdcm0_sx400 /nfs-share/titouan/workspace/kaldi/egs/timit/s5_la2/data-fmllr-tri3/train/data/feats_fmllr_train.4.ark:16606491
fklc0_si2245 /nfs-share/titouan/workspace/kaldi/egs/timit/s5_la2/data-fmllr-tri3/train/data/feats_fmllr_train.2.ark:7334352
mhmg0_sx195 /nfs-share/titouan/workspace/kaldi/egs/timit/s5_la2/data-fmllr-tri3/train/data/feats_fmllr_train.6.ark:4844029
fmbg0_sx350 /nfs-share/titouan/workspace/kaldi/egs/timit/s5_la2/data-fmllr-tri3/train/data/feats_fmllr_train.2.ark:14939388
fljd0_sx76 /nfs-share/titouan/workspace/kaldi/egs/timit/s5_la2/data-fmllr-tri3/train/data/feats_fmllr_train.2.ark:11535247
mtbc0_sx183 /nfs-share/titouan/workspace/kaldi/egs/timit/s5_la2/data-fmllr-tri3/train/data/feats_fmllr_train.10.ark:2212700
mmab1_sx324 /nfs-share/titouan/workspace/kaldi/egs/timit/s5_la2/data-fmllr-tri3/train/data/feats_fmllr_train.7.ark:13236271
mesg0_si1962 /nfs-share/titouan/workspace/kaldi/egs/timit/s5_la2/data-fmllr-tri3/train/data/feats_fmllr_train.5.ark:13020539
msds0_sx177 /nfs-share/titouan/workspace/kaldi/egs/timit/s5_la2/data-fmllr-tri3/train/data/feats_fmllr_train.9.ark:13396439
mrbc0_sx419 /nfs-share/titouan/workspace/kaldi/egs/timit/s5_la2/data-fmllr-tri3/train/data/feats_fmllr_train.8.ark:13145738
mrms0_si2100 /nfs-share/titouan/workspace/kaldi/egs/timit/s5_la2/data-fmllr-tri3/train/data/feats_fmllr_train.9.ark:6872078
mclk0_sx130 /nfs-share/titouan/workspace/kaldi/egs/timit/s5_la2/data-fmllr-tri3/train/data/feats_fmllr_train.4.ark:11549166
mwar0_sx415 /nfs-share/titouan/workspace/kaldi/egs/timit/s5_la2/data-fmllr-tri3/train/data/feats_fmllr_train.10.ark:14449911
mjsr0_sx74 /nfs-share/titouan/workspace/kaldi/egs/timit/s5_la2/data-fmllr-tri3/train/data/feats_fmllr_train.7.ark:1893391
mrkm0_si1391 /nfs-share/titouan/workspace/kaldi/egs/timit/s5_la2/data-fmllr-tri3/train/data/feats_fmllr_train.9.ark:2965399
fsdj0_si1115 /nfs-share/titouan/workspace/kaldi/egs/timit/s5_la2/data-fmllr-tri3/train/data/feats_fmllr_train.3.ark:7578695
fjlr0_sx61 /nfs-share/titouan/workspace/kaldi/egs/timit/s5_la2/data-fmllr-tri3/train/data/feats_fmllr_train.2.ark:2327691
mkln0_sx338 /nfs-share/titouan/workspace/kaldi/egs/timit/s5_la2/data-fmllr-tri3/train/data/feats_fmllr_train.7.ark:7713390
fgdp0_sx448 /nfs-share/titouan/workspace/kaldi/egs/timit/s5_la2/data-fmllr-tri3/train/data/feats_fmllr_train.1.ark:16933294
flmk0_sx225 /nfs-share/titouan/workspace/kaldi/egs/timit/s5_la2/data-fmllr-tri3/train/data/feats_fmllr_train.2.ark:13416892
mrds0_sx357 /nfs-share/titouan/workspace/kaldi/egs/timit/s5_la2/data-fmllr-tri3/train/data/feats_fmllr_train.8.ark:15008237
mrmh0_sx121 /nfs-share/titouan/workspace/kaldi/egs/timit/s5_la2/data-fmllr-tri3/train/data/feats_fmllr_train.9.ark:6061430
mbwp0_sx439 /nfs-share/titouan/workspace/kaldi/egs/timit/s5_la2/data-fmllr-tri3/train/data/feats_fmllr_train.4.ark:8001535
fmjb0_si547 /nfs-share/titouan/workspace/kaldi/egs/timit/s5_la2/data-fmllr-tri3/train/data/feats_fmllr_train.2.ark:15659262
mjlb0_sx446 /nfs-share/titouan/workspace/kaldi/egs/timit/s5_la2/data-fmllr-tri3/train/data/feats_fmllr_train.6.ark:14228303
mmgk0_si1952 /nfs-share/titouan/workspace/kaldi/egs/timit/s5_la2/data-fmllr-tri3/train/data/feats_fmllr_train.8.ark:793277
fpls0_sx3 /nfs-share/titouan/workspace/kaldi/egs/timit/s5_la2/data-fmllr-tri3/train/data/feats_fmllr_train.3.ark:3441083
msdb0_sx377 /nfs-share/titouan/workspace/kaldi/egs/timit/s5_la2/data-fmllr-tri3/train/data/feats_fmllr_train.9.ark:12765711
mdlm0_sx154 /nfs-share/titouan/workspace/kaldi/egs/timit/s5_la2/data-fmllr-tri3/train/data/feats_fmllr_train.5.ark:4468883
fmpg0_sx72 /nfs-share/titouan/workspace/kaldi/egs/timit/s5_la2/data-fmllr-tri3/train/data/feats_fmllr_train.2.ark:18382293
fkdw0_si1891 /nfs-share/titouan/workspace/kaldi/egs/timit/s5_la2/data-fmllr-tri3/train/data/feats_fmllr_train.2.ark:6129701
mesj0_sx367 /nfs-share/titouan/workspace/kaldi/egs/timit/s5_la2/data-fmllr-tri3/train/data/feats_fmllr_train.5.ark:13586624
fmem0_si2007 /nfs-share/titouan/workspace/kaldi/egs/timit/s5_la2/data-fmllr-tri3/train/data/feats_fmllr_train.2.ark:15152617
