mrso0_si1659 /nfs-share/xinchi/kaldi/egs/timit/s5_la3/data-fmllr-tri3/train/data/feats_fmllr_train.9.ark:7963422
mstf0_si852 /nfs-share/xinchi/kaldi/egs/timit/s5_la3/data-fmllr-tri3/train/data/feats_fmllr_train.9.ark:17814317
faem0_sx132 /nfs-share/xinchi/kaldi/egs/timit/s5_la3/data-fmllr-tri3/train/data/feats_fmllr_train.1.ark:155455
mjwt0_si1381 /nfs-share/xinchi/kaldi/egs/timit/s5_la3/data-fmllr-tri3/train/data/feats_fmllr_train.7.ark:2892920
ftbr0_sx111 /nfs-share/xinchi/kaldi/egs/timit/s5_la3/data-fmllr-tri3/train/data/feats_fmllr_train.3.ark:14390147
mtmn0_si2324 /nfs-share/xinchi/kaldi/egs/timit/s5_la3/data-fmllr-tri3/train/data/feats_fmllr_train.10.ark:7707685
mcxm0_sx91 /nfs-share/xinchi/kaldi/egs/timit/s5_la3/data-fmllr-tri3/train/data/feats_fmllr_train.4.ark:14324551
mjrk0_si1662 /nfs-share/xinchi/kaldi/egs/timit/s5_la3/data-fmllr-tri3/train/data/feats_fmllr_train.7.ark:765888
fklc0_sx175 /nfs-share/xinchi/kaldi/egs/timit/s5_la3/data-fmllr-tri3/train/data/feats_fmllr_train.2.ark:7447046
msrr0_sx231 /nfs-share/xinchi/kaldi/egs/timit/s5_la3/data-fmllr-tri3/train/data/feats_fmllr_train.9.ark:17581676
marw0_sx106 /nfs-share/xinchi/kaldi/egs/timit/s5_la3/data-fmllr-tri3/train/data/feats_fmllr_train.4.ark:3088554
mjbg0_si1232 /nfs-share/xinchi/kaldi/egs/timit/s5_la3/data-fmllr-tri3/train/data/feats_fmllr_train.6.ark:7645946
fjsp0_si1434 /nfs-share/xinchi/kaldi/egs/timit/s5_la3/data-fmllr-tri3/train/data/feats_fmllr_train.2.ark:3658931
mbar0_si1319 /nfs-share/xinchi/kaldi/egs/timit/s5_la3/data-fmllr-tri3/train/data/feats_fmllr_train.4.ark:3375569
fsgf0_si927 /nfs-share/xinchi/kaldi/egs/timit/s5_la3/data-fmllr-tri3/train/data/feats_fmllr_train.3.ark:8023607
mpmb0_sx331 /nfs-share/xinchi/kaldi/egs/timit/s5_la3/data-fmllr-tri3/train/data/feats_fmllr_train.8.ark:8302946
feac0_si1875 /nfs-share/xinchi/kaldi/egs/timit/s5_la3/data-fmllr-tri3/train/data/feats_fmllr_train.1.ark:13380702
mwar0_sx415 /nfs-share/xinchi/kaldi/egs/timit/s5_la3/data-fmllr-tri3/train/data/feats_fmllr_train.10.ark:14449911
mdps0_si719 /nfs-share/xinchi/kaldi/egs/timit/s5_la3/data-fmllr-tri3/train/data/feats_fmllr_train.5.ark:7496193
mrvg0_si1770 /nfs-share/xinchi/kaldi/egs/timit/s5_la3/data-fmllr-tri3/train/data/feats_fmllr_train.9.ark:9706691
fsrh0_sx401 /nfs-share/xinchi/kaldi/egs/timit/s5_la3/data-fmllr-tri3/train/data/feats_fmllr_train.3.ark:13389577
mtkd0_si1187 /nfs-share/xinchi/kaldi/egs/timit/s5_la3/data-fmllr-tri3/train/data/feats_fmllr_train.10.ark:5669771
fmmh0_si1537 /nfs-share/xinchi/kaldi/egs/timit/s5_la3/data-fmllr-tri3/train/data/feats_fmllr_train.2.ark:17535969
fleh0_sx421 /nfs-share/xinchi/kaldi/egs/timit/s5_la3/data-fmllr-tri3/train/data/feats_fmllr_train.2.ark:9949231
msrg0_si1851 /nfs-share/xinchi/kaldi/egs/timit/s5_la3/data-fmllr-tri3/train/data/feats_fmllr_train.9.ark:17046818
mprb0_si1215 /nfs-share/xinchi/kaldi/egs/timit/s5_la3/data-fmllr-tri3/train/data/feats_fmllr_train.8.ark:8965832
mprd0_sx351 /nfs-share/xinchi/kaldi/egs/timit/s5_la3/data-fmllr-tri3/train/data/feats_fmllr_train.8.ark:9671757
mrfl0_si526 /nfs-share/xinchi/kaldi/egs/timit/s5_la3/data-fmllr-tri3/train/data/feats_fmllr_train.8.ark:17160499
mkln0_si1598 /nfs-share/xinchi/kaldi/egs/timit/s5_la3/data-fmllr-tri3/train/data/feats_fmllr_train.7.ark:7492614
feeh0_si471 /nfs-share/xinchi/kaldi/egs/timit/s5_la3/data-fmllr-tri3/train/data/feats_fmllr_train.1.ark:14706020
mcae0_sx97 /nfs-share/xinchi/kaldi/egs/timit/s5_la3/data-fmllr-tri3/train/data/feats_fmllr_train.4.ark:8563216
mddc0_sx249 /nfs-share/xinchi/kaldi/egs/timit/s5_la3/data-fmllr-tri3/train/data/feats_fmllr_train.4.ark:16840388
mjrp0_sx405 /nfs-share/xinchi/kaldi/egs/timit/s5_la3/data-fmllr-tri3/train/data/feats_fmllr_train.7.ark:1384988
fjrp1_sx172 /nfs-share/xinchi/kaldi/egs/timit/s5_la3/data-fmllr-tri3/train/data/feats_fmllr_train.2.ark:2942258
msem1_sx180 /nfs-share/xinchi/kaldi/egs/timit/s5_la3/data-fmllr-tri3/train/data/feats_fmllr_train.9.ark:13907696
fclt0_si2068 /nfs-share/xinchi/kaldi/egs/timit/s5_la3/data-fmllr-tri3/train/data/feats_fmllr_train.1.ark:7449441
mrjt0_sx418 /nfs-share/xinchi/kaldi/egs/timit/s5_la3/data-fmllr-tri3/train/data/feats_fmllr_train.9.ark:2775237
fjdm2_sx412 /nfs-share/xinchi/kaldi/egs/timit/s5_la3/data-fmllr-tri3/train/data/feats_fmllr_train.2.ark:317937
mrds0_sx87 /nfs-share/xinchi/kaldi/egs/timit/s5_la3/data-fmllr-tri3/train/data/feats_fmllr_train.8.ark:15095490
mbml0_sx449 /nfs-share/xinchi/kaldi/egs/timit/s5_la3/data-fmllr-tri3/train/data/feats_fmllr_train.4.ark:6588828
mzmb0_si1166 /nfs-share/xinchi/kaldi/egs/timit/s5_la3/data-fmllr-tri3/train/data/feats_fmllr_train.10.ark:17595701
mmds0_sx83 /nfs-share/xinchi/kaldi/egs/timit/s5_la3/data-fmllr-tri3/train/data/feats_fmllr_train.7.ark:17287295
makb0_si1016 /nfs-share/xinchi/kaldi/egs/timit/s5_la3/data-fmllr-tri3/train/data/feats_fmllr_train.4.ark:1498323
mkdb0_sx332 /nfs-share/xinchi/kaldi/egs/timit/s5_la3/data-fmllr-tri3/train/data/feats_fmllr_train.7.ark:5785586
fscn0_sx86 /nfs-share/xinchi/kaldi/egs/timit/s5_la3/data-fmllr-tri3/train/data/feats_fmllr_train.3.ark:7182129
fblv0_sx248 /nfs-share/xinchi/kaldi/egs/timit/s5_la3/data-fmllr-tri3/train/data/feats_fmllr_train.1.ark:3892952
marc0_si1188 /nfs-share/xinchi/kaldi/egs/timit/s5_la3/data-fmllr-tri3/train/data/feats_fmllr_train.4.ark:2663295
fkkh0_sx390 /nfs-share/xinchi/kaldi/egs/timit/s5_la3/data-fmllr-tri3/train/data/feats_fmllr_train.2.ark:7254456
falr0_sx155 /nfs-share/xinchi/kaldi/egs/timit/s5_la3/data-fmllr-tri3/train/data/feats_fmllr_train.1.ark:1348261
mprd0_si801 /nfs-share/xinchi/kaldi/egs/timit/s5_la3/data-fmllr-tri3/train/data/feats_fmllr_train.8.ark:9472156
mrml0_sx161 /nfs-share/xinchi/kaldi/egs/timit/s5_la3/data-fmllr-tri3/train/data/feats_fmllr_train.9.ark:6430287
fleh0_sx151 /nfs-share/xinchi/kaldi/egs/timit/s5_la3/data-fmllr-tri3/train/data/feats_fmllr_train.2.ark:9805150
mrds0_sx267 /nfs-share/xinchi/kaldi/egs/timit/s5_la3/data-fmllr-tri3/train/data/feats_fmllr_train.8.ark:14959250
mdps0_si1651 /nfs-share/xinchi/kaldi/egs/timit/s5_la3/data-fmllr-tri3/train/data/feats_fmllr_train.5.ark:7415338
mgrp0_si687 /nfs-share/xinchi/kaldi/egs/timit/s5_la3/data-fmllr-tri3/train/data/feats_fmllr_train.6.ark:1984515
mmdg0_sx250 /nfs-share/xinchi/kaldi/egs/timit/s5_la3/data-fmllr-tri3/train/data/feats_fmllr_train.7.ark:16043524
mjls0_sx286 /nfs-share/xinchi/kaldi/egs/timit/s5_la3/data-fmllr-tri3/train/data/feats_fmllr_train.6.ark:14947617
mabc0_sx151 /nfs-share/xinchi/kaldi/egs/timit/s5_la3/data-fmllr-tri3/train/data/feats_fmllr_train.3.ark:16979186
msrg0_sx231 /nfs-share/xinchi/kaldi/egs/timit/s5_la3/data-fmllr-tri3/train/data/feats_fmllr_train.9.ark:17180979
fntb0_si573 /nfs-share/xinchi/kaldi/egs/timit/s5_la3/data-fmllr-tri3/train/data/feats_fmllr_train.3.ark:417537
mmrp0_sx324 /nfs-share/xinchi/kaldi/egs/timit/s5_la3/data-fmllr-tri3/train/data/feats_fmllr_train.8.ark:2378413
fskl0_sx179 /nfs-share/xinchi/kaldi/egs/timit/s5_la3/data-fmllr-tri3/train/data/feats_fmllr_train.3.ark:10502216
mpar0_sx406 /nfs-share/xinchi/kaldi/egs/timit/s5_la3/data-fmllr-tri3/train/data/feats_fmllr_train.8.ark:5989671
fdmy0_sx387 /nfs-share/xinchi/kaldi/egs/timit/s5_la3/data-fmllr-tri3/train/data/feats_fmllr_train.1.ark:12079033
mtrc0_si1623 /nfs-share/xinchi/kaldi/egs/timit/s5_la3/data-fmllr-tri3/train/data/feats_fmllr_train.10.ark:10473976
fjdm2_si2212 /nfs-share/xinchi/kaldi/egs/timit/s5_la3/data-fmllr-tri3/train/data/feats_fmllr_train.2.ark:96549
mrml0_si2051 /nfs-share/xinchi/kaldi/egs/timit/s5_la3/data-fmllr-tri3/train/data/feats_fmllr_train.9.ark:6342393
mefg0_sx195 /nfs-share/xinchi/kaldi/egs/timit/s5_la3/data-fmllr-tri3/train/data/feats_fmllr_train.5.ark:11691460
mjfr0_sx345 /nfs-share/xinchi/kaldi/egs/timit/s5_la3/data-fmllr-tri3/train/data/feats_fmllr_train.6.ark:11772894
mesg0_si1332 /nfs-share/xinchi/kaldi/egs/timit/s5_la3/data-fmllr-tri3/train/data/feats_fmllr_train.5.ark:12972831
fmpg0_si972 /nfs-share/xinchi/kaldi/egs/timit/s5_la3/data-fmllr-tri3/train/data/feats_fmllr_train.2.ark:18029999
ftaj0_sx339 /nfs-share/xinchi/kaldi/egs/timit/s5_la3/data-fmllr-tri3/train/data/feats_fmllr_train.3.ark:14106144
mrgm0_si1162 /nfs-share/xinchi/kaldi/egs/timit/s5_la3/data-fmllr-tri3/train/data/feats_fmllr_train.8.ark:17486421
fsma0_sx91 /nfs-share/xinchi/kaldi/egs/timit/s5_la3/data-fmllr-tri3/train/data/feats_fmllr_train.3.ark:11852895
mrfl0_si1786 /nfs-share/xinchi/kaldi/egs/timit/s5_la3/data-fmllr-tri3/train/data/feats_fmllr_train.8.ark:17126712
fbcg1_si1612 /nfs-share/xinchi/kaldi/egs/timit/s5_la3/data-fmllr-tri3/train/data/feats_fmllr_train.1.ark:2469312
fdfb0_sx418 /nfs-share/xinchi/kaldi/egs/timit/s5_la3/data-fmllr-tri3/train/data/feats_fmllr_train.1.ark:10376538
mtab0_si2202 /nfs-share/xinchi/kaldi/egs/timit/s5_la3/data-fmllr-tri3/train/data/feats_fmllr_train.10.ark:567618
fjxp0_sx222 /nfs-share/xinchi/kaldi/egs/timit/s5_la3/data-fmllr-tri3/train/data/feats_fmllr_train.2.ark:5018250
flag0_sx384 /nfs-share/xinchi/kaldi/egs/timit/s5_la3/data-fmllr-tri3/train/data/feats_fmllr_train.2.ark:9613519
fkkh0_sx30 /nfs-share/xinchi/kaldi/egs/timit/s5_la3/data-fmllr-tri3/train/data/feats_fmllr_train.2.ark:7181762
mapv0_sx123 /nfs-share/xinchi/kaldi/egs/timit/s5_la3/data-fmllr-tri3/train/data/feats_fmllr_train.4.ark:2436600
mmgk0_sx62 /nfs-share/xinchi/kaldi/egs/timit/s5_la3/data-fmllr-tri3/train/data/feats_fmllr_train.8.ark:998238
mmeb0_sx187 /nfs-share/xinchi/kaldi/egs/timit/s5_la3/data-fmllr-tri3/train/data/feats_fmllr_train.7.ark:17784422
fmkf0_si906 /nfs-share/xinchi/kaldi/egs/timit/s5_la3/data-fmllr-tri3/train/data/feats_fmllr_train.2.ark:17253729
mabc0_si1620 /nfs-share/xinchi/kaldi/egs/timit/s5_la3/data-fmllr-tri3/train/data/feats_fmllr_train.3.ark:16853184
mbsb0_sx183 /nfs-share/xinchi/kaldi/egs/timit/s5_la3/data-fmllr-tri3/train/data/feats_fmllr_train.4.ark:7152703
mgak0_sx136 /nfs-share/xinchi/kaldi/egs/timit/s5_la3/data-fmllr-tri3/train/data/feats_fmllr_train.5.ark:17080421
mvrw0_si855 /nfs-share/xinchi/kaldi/egs/timit/s5_la3/data-fmllr-tri3/train/data/feats_fmllr_train.10.ark:13176350
fbcg1_si982 /nfs-share/xinchi/kaldi/egs/timit/s5_la3/data-fmllr-tri3/train/data/feats_fmllr_train.1.ark:2526007
mjde0_sx220 /nfs-share/xinchi/kaldi/egs/timit/s5_la3/data-fmllr-tri3/train/data/feats_fmllr_train.6.ark:8995027
mkxl0_si1185 /nfs-share/xinchi/kaldi/egs/timit/s5_la3/data-fmllr-tri3/train/data/feats_fmllr_train.7.ark:9755998
mjda0_si1661 /nfs-share/xinchi/kaldi/egs/timit/s5_la3/data-fmllr-tri3/train/data/feats_fmllr_train.6.ark:8058992
fleh0_sx331 /nfs-share/xinchi/kaldi/egs/timit/s5_la3/data-fmllr-tri3/train/data/feats_fmllr_train.2.ark:9903604
fhlm0_sx300 /nfs-share/xinchi/kaldi/egs/timit/s5_la3/data-fmllr-tri3/train/data/feats_fmllr_train.1.ark:18191039
fjsk0_sx332 /nfs-share/xinchi/kaldi/egs/timit/s5_la3/data-fmllr-tri3/train/data/feats_fmllr_train.2.ark:3504290
fvkb0_sx79 /nfs-share/xinchi/kaldi/egs/timit/s5_la3/data-fmllr-tri3/train/data/feats_fmllr_train.3.ark:16448939
mdpb0_sx416 /nfs-share/xinchi/kaldi/egs/timit/s5_la3/data-fmllr-tri3/train/data/feats_fmllr_train.5.ark:6985307
fjsp0_sx174 /nfs-share/xinchi/kaldi/egs/timit/s5_la3/data-fmllr-tri3/train/data/feats_fmllr_train.2.ark:3787973
mjda0_sx41 /nfs-share/xinchi/kaldi/egs/timit/s5_la3/data-fmllr-tri3/train/data/feats_fmllr_train.6.ark:8323154
mdlc0_sx225 /nfs-share/xinchi/kaldi/egs/timit/s5_la3/data-fmllr-tri3/train/data/feats_fmllr_train.5.ark:3020202
mdss0_sx81 /nfs-share/xinchi/kaldi/egs/timit/s5_la3/data-fmllr-tri3/train/data/feats_fmllr_train.5.ark:8869138
mmcc0_si1968 /nfs-share/xinchi/kaldi/egs/timit/s5_la3/data-fmllr-tri3/train/data/feats_fmllr_train.7.ark:15171329
flmc0_si2002 /nfs-share/xinchi/kaldi/egs/timit/s5_la3/data-fmllr-tri3/train/data/feats_fmllr_train.2.ark:12884593
mjma0_sx325 /nfs-share/xinchi/kaldi/egs/timit/s5_la3/data-fmllr-tri3/train/data/feats_fmllr_train.6.ark:15305888
mwgr0_si976 /nfs-share/xinchi/kaldi/egs/timit/s5_la3/data-fmllr-tri3/train/data/feats_fmllr_train.10.ark:15736113
mtlc0_si1313 /nfs-share/xinchi/kaldi/egs/timit/s5_la3/data-fmllr-tri3/train/data/feats_fmllr_train.10.ark:6890262
mkdt0_sx173 /nfs-share/xinchi/kaldi/egs/timit/s5_la3/data-fmllr-tri3/train/data/feats_fmllr_train.7.ark:6480045
fgmb0_si1145 /nfs-share/xinchi/kaldi/egs/timit/s5_la3/data-fmllr-tri3/train/data/feats_fmllr_train.1.ark:17059428
fsak0_sx400 /nfs-share/xinchi/kaldi/egs/timit/s5_la3/data-fmllr-tri3/train/data/feats_fmllr_train.3.ark:6290175
mljh0_si1324 /nfs-share/xinchi/kaldi/egs/timit/s5_la3/data-fmllr-tri3/train/data/feats_fmllr_train.7.ark:11325187
mree0_sx204 /nfs-share/xinchi/kaldi/egs/timit/s5_la3/data-fmllr-tri3/train/data/feats_fmllr_train.8.ark:15363948
mgxp0_sx187 /nfs-share/xinchi/kaldi/egs/timit/s5_la3/data-fmllr-tri3/train/data/feats_fmllr_train.6.ark:3339749
mjpm0_si1368 /nfs-share/xinchi/kaldi/egs/timit/s5_la3/data-fmllr-tri3/train/data/feats_fmllr_train.6.ark:16436381
mjdg0_sx142 /nfs-share/xinchi/kaldi/egs/timit/s5_la3/data-fmllr-tri3/train/data/feats_fmllr_train.6.ark:9388338
mram0_sx375 /nfs-share/xinchi/kaldi/egs/timit/s5_la3/data-fmllr-tri3/train/data/feats_fmllr_train.8.ark:12461969
mjai0_sx74 /nfs-share/xinchi/kaldi/egs/timit/s5_la3/data-fmllr-tri3/train/data/feats_fmllr_train.6.ark:7609118
mmws1_si1071 /nfs-share/xinchi/kaldi/egs/timit/s5_la3/data-fmllr-tri3/train/data/feats_fmllr_train.8.ark:4306722
fsma0_sx271 /nfs-share/xinchi/kaldi/egs/timit/s5_la3/data-fmllr-tri3/train/data/feats_fmllr_train.3.ark:11689775
fsjw0_sx73 /nfs-share/xinchi/kaldi/egs/timit/s5_la3/data-fmllr-tri3/train/data/feats_fmllr_train.3.ark:9944449
mdwm0_sx376 /nfs-share/xinchi/kaldi/egs/timit/s5_la3/data-fmllr-tri3/train/data/feats_fmllr_train.5.ark:10682037
mtkd0_sx287 /nfs-share/xinchi/kaldi/egs/timit/s5_la3/data-fmllr-tri3/train/data/feats_fmllr_train.10.ark:5980173
mcdc0_sx392 /nfs-share/xinchi/kaldi/egs/timit/s5_la3/data-fmllr-tri3/train/data/feats_fmllr_train.4.ark:9299810
fsmm0_sx144 /nfs-share/xinchi/kaldi/egs/timit/s5_la3/data-fmllr-tri3/train/data/feats_fmllr_train.3.ark:12030125
mdlr0_sx63 /nfs-share/xinchi/kaldi/egs/timit/s5_la3/data-fmllr-tri3/train/data/feats_fmllr_train.5.ark:5017047
mpgr0_sx330 /nfs-share/xinchi/kaldi/egs/timit/s5_la3/data-fmllr-tri3/train/data/feats_fmllr_train.8.ark:7349711
mnet0_si2076 /nfs-share/xinchi/kaldi/egs/timit/s5_la3/data-fmllr-tri3/train/data/feats_fmllr_train.8.ark:5047983
makr0_sx362 /nfs-share/xinchi/kaldi/egs/timit/s5_la3/data-fmllr-tri3/train/data/feats_fmllr_train.4.ark:2124277
fjkl0_sx302 /nfs-share/xinchi/kaldi/egs/timit/s5_la3/data-fmllr-tri3/train/data/feats_fmllr_train.2.ark:1483203
mtju0_si2269 /nfs-share/xinchi/kaldi/egs/timit/s5_la3/data-fmllr-tri3/train/data/feats_fmllr_train.10.ark:5370862
mtas0_sx215 /nfs-share/xinchi/kaldi/egs/timit/s5_la3/data-fmllr-tri3/train/data/feats_fmllr_train.10.ark:1088876
mkln0_sx248 /nfs-share/xinchi/kaldi/egs/timit/s5_la3/data-fmllr-tri3/train/data/feats_fmllr_train.7.ark:7677363
frjb0_si1427 /nfs-share/xinchi/kaldi/egs/timit/s5_la3/data-fmllr-tri3/train/data/feats_fmllr_train.3.ark:4352158
mtat1_si1409 /nfs-share/xinchi/kaldi/egs/timit/s5_la3/data-fmllr-tri3/train/data/feats_fmllr_train.10.ark:1622481
fapb0_sx253 /nfs-share/xinchi/kaldi/egs/timit/s5_la3/data-fmllr-tri3/train/data/feats_fmllr_train.1.ark:1818106
mclk0_si2290 /nfs-share/xinchi/kaldi/egs/timit/s5_la3/data-fmllr-tri3/train/data/feats_fmllr_train.4.ark:11392312
fsrh0_si1931 /nfs-share/xinchi/kaldi/egs/timit/s5_la3/data-fmllr-tri3/train/data/feats_fmllr_train.3.ark:13143522
mrgs0_sx366 /nfs-share/xinchi/kaldi/egs/timit/s5_la3/data-fmllr-tri3/train/data/feats_fmllr_train.9.ark:257589
mmam0_si1597 /nfs-share/xinchi/kaldi/egs/timit/s5_la3/data-fmllr-tri3/train/data/feats_fmllr_train.7.ark:13850169
mfwk0_sx79 /nfs-share/xinchi/kaldi/egs/timit/s5_la3/data-fmllr-tri3/train/data/feats_fmllr_train.5.ark:15453841
megj0_sx437 /nfs-share/xinchi/kaldi/egs/timit/s5_la3/data-fmllr-tri3/train/data/feats_fmllr_train.5.ark:12145783
mwsh0_sx76 /nfs-share/xinchi/kaldi/egs/timit/s5_la3/data-fmllr-tri3/train/data/feats_fmllr_train.10.ark:17537273
mmxs0_si876 /nfs-share/xinchi/kaldi/egs/timit/s5_la3/data-fmllr-tri3/train/data/feats_fmllr_train.8.ark:4715153
mtas0_sx35 /nfs-share/xinchi/kaldi/egs/timit/s5_la3/data-fmllr-tri3/train/data/feats_fmllr_train.10.ark:1167489
meal0_sx197 /nfs-share/xinchi/kaldi/egs/timit/s5_la3/data-fmllr-tri3/train/data/feats_fmllr_train.5.ark:10917401
fmbg0_si2264 /nfs-share/xinchi/kaldi/egs/timit/s5_la3/data-fmllr-tri3/train/data/feats_fmllr_train.2.ark:14828109
fjen0_si1677 /nfs-share/xinchi/kaldi/egs/timit/s5_la3/data-fmllr-tri3/train/data/feats_fmllr_train.2.ark:463299
fgrw0_sx252 /nfs-share/xinchi/kaldi/egs/timit/s5_la3/data-fmllr-tri3/train/data/feats_fmllr_train.1.ark:17756715
fbjl0_sx202 /nfs-share/xinchi/kaldi/egs/timit/s5_la3/data-fmllr-tri3/train/data/feats_fmllr_train.1.ark:3484094
fmjb0_si1807 /nfs-share/xinchi/kaldi/egs/timit/s5_la3/data-fmllr-tri3/train/data/feats_fmllr_train.2.ark:15598755
fsls0_sx202 /nfs-share/xinchi/kaldi/egs/timit/s5_la3/data-fmllr-tri3/train/data/feats_fmllr_train.3.ark:11316758
fgdp0_si988 /nfs-share/xinchi/kaldi/egs/timit/s5_la3/data-fmllr-tri3/train/data/feats_fmllr_train.1.ark:16694626
mjrh0_si1125 /nfs-share/xinchi/kaldi/egs/timit/s5_la3/data-fmllr-tri3/train/data/feats_fmllr_train.7.ark:13
mdas0_sx186 /nfs-share/xinchi/kaldi/egs/timit/s5_la3/data-fmllr-tri3/train/data/feats_fmllr_train.4.ark:14936558
mjmm0_sx355 /nfs-share/xinchi/kaldi/egs/timit/s5_la3/data-fmllr-tri3/train/data/feats_fmllr_train.6.ark:16002003
mjwt0_sx211 /nfs-share/xinchi/kaldi/egs/timit/s5_la3/data-fmllr-tri3/train/data/feats_fmllr_train.7.ark:3065641
fsdj0_sx215 /nfs-share/xinchi/kaldi/egs/timit/s5_la3/data-fmllr-tri3/train/data/feats_fmllr_train.3.ark:7755444
mdcd0_si785 /nfs-share/xinchi/kaldi/egs/timit/s5_la3/data-fmllr-tri3/train/data/feats_fmllr_train.4.ark:15969500
mrre0_si704 /nfs-share/xinchi/kaldi/egs/timit/s5_la3/data-fmllr-tri3/train/data/feats_fmllr_train.9.ark:7499525
mjma0_si1495 /nfs-share/xinchi/kaldi/egs/timit/s5_la3/data-fmllr-tri3/train/data/feats_fmllr_train.6.ark:15057912
fdjh0_sx35 /nfs-share/xinchi/kaldi/egs/timit/s5_la3/data-fmllr-tri3/train/data/feats_fmllr_train.1.ark:10751314
fjxm0_si1211 /nfs-share/xinchi/kaldi/egs/timit/s5_la3/data-fmllr-tri3/train/data/feats_fmllr_train.2.ark:4400324
mjpg0_sx381 /nfs-share/xinchi/kaldi/egs/timit/s5_la3/data-fmllr-tri3/train/data/feats_fmllr_train.6.ark:16403713
mesj0_sx277 /nfs-share/xinchi/kaldi/egs/timit/s5_la3/data-fmllr-tri3/train/data/feats_fmllr_train.5.ark:13550757
mwad0_sx162 /nfs-share/xinchi/kaldi/egs/timit/s5_la3/data-fmllr-tri3/train/data/feats_fmllr_train.10.ark:13985292
mhbs0_sx405 /nfs-share/xinchi/kaldi/egs/timit/s5_la3/data-fmllr-tri3/train/data/feats_fmllr_train.6.ark:3837325
ftbw0_sx85 /nfs-share/xinchi/kaldi/egs/timit/s5_la3/data-fmllr-tri3/train/data/feats_fmllr_train.3.ark:14932871
mhrm0_sx58 /nfs-share/xinchi/kaldi/egs/timit/s5_la3/data-fmllr-tri3/train/data/feats_fmllr_train.6.ark:5670117
mcal0_si1138 /nfs-share/xinchi/kaldi/egs/timit/s5_la3/data-fmllr-tri3/train/data/feats_fmllr_train.4.ark:8609644
msrr0_si1761 /nfs-share/xinchi/kaldi/egs/timit/s5_la3/data-fmllr-tri3/train/data/feats_fmllr_train.9.ark:17384795
mtrr0_si1548 /nfs-share/xinchi/kaldi/egs/timit/s5_la3/data-fmllr-tri3/train/data/feats_fmllr_train.10.ark:10803792
mrmg0_si2340 /nfs-share/xinchi/kaldi/egs/timit/s5_la3/data-fmllr-tri3/train/data/feats_fmllr_train.9.ark:5602465
mppc0_sx62 /nfs-share/xinchi/kaldi/egs/timit/s5_la3/data-fmllr-tri3/train/data/feats_fmllr_train.8.ark:8882416
mbar0_sx239 /nfs-share/xinchi/kaldi/egs/timit/s5_la3/data-fmllr-tri3/train/data/feats_fmllr_train.4.ark:3571998
mcss0_si750 /nfs-share/xinchi/kaldi/egs/timit/s5_la3/data-fmllr-tri3/train/data/feats_fmllr_train.4.ark:12977526
mrlk0_sx123 /nfs-share/xinchi/kaldi/egs/timit/s5_la3/data-fmllr-tri3/train/data/feats_fmllr_train.9.ark:4587120
mbar0_sx419 /nfs-share/xinchi/kaldi/egs/timit/s5_la3/data-fmllr-tri3/train/data/feats_fmllr_train.4.ark:3675572
fhxs0_si1075 /nfs-share/xinchi/kaldi/egs/timit/s5_la3/data-fmllr-tri3/train/data/feats_fmllr_train.1.ark:18358801
fapb0_sx433 /nfs-share/xinchi/kaldi/egs/timit/s5_la3/data-fmllr-tri3/train/data/feats_fmllr_train.1.ark:1928400
mrdd0_sx60 /nfs-share/xinchi/kaldi/egs/timit/s5_la3/data-fmllr-tri3/train/data/feats_fmllr_train.8.ark:14357136
fcjf0_sx37 /nfs-share/xinchi/kaldi/egs/timit/s5_la3/data-fmllr-tri3/train/data/feats_fmllr_train.1.ark:6625404
fkfb0_sx168 /nfs-share/xinchi/kaldi/egs/timit/s5_la3/data-fmllr-tri3/train/data/feats_fmllr_train.2.ark:6598132
mtpr0_si2230 /nfs-share/xinchi/kaldi/egs/timit/s5_la3/data-fmllr-tri3/train/data/feats_fmllr_train.10.ark:9569570
majp0_si2334 /nfs-share/xinchi/kaldi/egs/timit/s5_la3/data-fmllr-tri3/train/data/feats_fmllr_train.4.ark:1167921
mkes0_sx443 /nfs-share/xinchi/kaldi/egs/timit/s5_la3/data-fmllr-tri3/train/data/feats_fmllr_train.7.ark:7061143
fceg0_si1878 /nfs-share/xinchi/kaldi/egs/timit/s5_la3/data-fmllr-tri3/train/data/feats_fmllr_train.1.ark:6132733
fcag0_sx63 /nfs-share/xinchi/kaldi/egs/timit/s5_la3/data-fmllr-tri3/train/data/feats_fmllr_train.1.ark:5201683
mrmh0_si2281 /nfs-share/xinchi/kaldi/egs/timit/s5_la3/data-fmllr-tri3/train/data/feats_fmllr_train.9.ark:6013403
mrgs0_sx276 /nfs-share/xinchi/kaldi/egs/timit/s5_la3/data-fmllr-tri3/train/data/feats_fmllr_train.9.ark:214522
mcdc0_si1292 /nfs-share/xinchi/kaldi/egs/timit/s5_la3/data-fmllr-tri3/train/data/feats_fmllr_train.4.ark:8986501
fdmy0_sx207 /nfs-share/xinchi/kaldi/egs/timit/s5_la3/data-fmllr-tri3/train/data/feats_fmllr_train.1.ark:11935273
mhit0_si2243 /nfs-share/xinchi/kaldi/egs/timit/s5_la3/data-fmllr-tri3/train/data/feats_fmllr_train.6.ark:3961087
msas0_sx116 /nfs-share/xinchi/kaldi/egs/timit/s5_la3/data-fmllr-tri3/train/data/feats_fmllr_train.9.ark:11628311
mprk0_sx197 /nfs-share/xinchi/kaldi/egs/timit/s5_la3/data-fmllr-tri3/train/data/feats_fmllr_train.8.ark:10123013
mtrr0_sx198 /nfs-share/xinchi/kaldi/egs/timit/s5_la3/data-fmllr-tri3/train/data/feats_fmllr_train.10.ark:11038807
mrab0_sx324 /nfs-share/xinchi/kaldi/egs/timit/s5_la3/data-fmllr-tri3/train/data/feats_fmllr_train.8.ark:11158864
mjwt0_sx391 /nfs-share/xinchi/kaldi/egs/timit/s5_la3/data-fmllr-tri3/train/data/feats_fmllr_train.7.ark:3210041
mtrt0_sx417 /nfs-share/xinchi/kaldi/egs/timit/s5_la3/data-fmllr-tri3/train/data/feats_fmllr_train.10.ark:11464172
mddc0_sx159 /nfs-share/xinchi/kaldi/egs/timit/s5_la3/data-fmllr-tri3/train/data/feats_fmllr_train.4.ark:16793321
mtmn0_sx434 /nfs-share/xinchi/kaldi/egs/timit/s5_la3/data-fmllr-tri3/train/data/feats_fmllr_train.10.ark:7982700
mkdd0_sx307 /nfs-share/xinchi/kaldi/egs/timit/s5_la3/data-fmllr-tri3/train/data/feats_fmllr_train.7.ark:6202923
fltm0_si1070 /nfs-share/xinchi/kaldi/egs/timit/s5_la3/data-fmllr-tri3/train/data/feats_fmllr_train.2.ark:13933538
mdhs0_sx180 /nfs-share/xinchi/kaldi/egs/timit/s5_la3/data-fmllr-tri3/train/data/feats_fmllr_train.5.ark:1355786
mjfh0_sx207 /nfs-share/xinchi/kaldi/egs/timit/s5_la3/data-fmllr-tri3/train/data/feats_fmllr_train.6.ark:11393930
mmdb0_sx357 /nfs-share/xinchi/kaldi/egs/timit/s5_la3/data-fmllr-tri3/train/data/feats_fmllr_train.7.ark:15705254
mvrw0_sx225 /nfs-share/xinchi/kaldi/egs/timit/s5_la3/data-fmllr-tri3/train/data/feats_fmllr_train.10.ark:13271444
mabc0_sx241 /nfs-share/xinchi/kaldi/egs/timit/s5_la3/data-fmllr-tri3/train/data/feats_fmllr_train.3.ark:17028013
fsms1_sx334 /nfs-share/xinchi/kaldi/egs/timit/s5_la3/data-fmllr-tri3/train/data/feats_fmllr_train.3.ark:12548636
mtkp0_si1023 /nfs-share/xinchi/kaldi/egs/timit/s5_la3/data-fmllr-tri3/train/data/feats_fmllr_train.10.ark:6092548
mlsh0_si787 /nfs-share/xinchi/kaldi/egs/timit/s5_la3/data-fmllr-tri3/train/data/feats_fmllr_train.7.ark:12293196
fcmg0_sx162 /nfs-share/xinchi/kaldi/egs/timit/s5_la3/data-fmllr-tri3/train/data/feats_fmllr_train.1.ark:7944433
mclk0_sx40 /nfs-share/xinchi/kaldi/egs/timit/s5_la3/data-fmllr-tri3/train/data/feats_fmllr_train.4.ark:11680606
ftlg0_si1743 /nfs-share/xinchi/kaldi/egs/timit/s5_la3/data-fmllr-tri3/train/data/feats_fmllr_train.3.ark:14971459
makr0_si722 /nfs-share/xinchi/kaldi/egs/timit/s5_la3/data-fmllr-tri3/train/data/feats_fmllr_train.4.ark:2037956
mgsh0_si546 /nfs-share/xinchi/kaldi/egs/timit/s5_la3/data-fmllr-tri3/train/data/feats_fmllr_train.6.ark:2430332
mdwd0_sx90 /nfs-share/xinchi/kaldi/egs/timit/s5_la3/data-fmllr-tri3/train/data/feats_fmllr_train.5.ark:9899710
fcag0_sx423 /nfs-share/xinchi/kaldi/egs/timit/s5_la3/data-fmllr-tri3/train/data/feats_fmllr_train.1.ark:5146457
flmk0_sx225 /nfs-share/xinchi/kaldi/egs/timit/s5_la3/data-fmllr-tri3/train/data/feats_fmllr_train.2.ark:13416892
mmam0_sx427 /nfs-share/xinchi/kaldi/egs/timit/s5_la3/data-fmllr-tri3/train/data/feats_fmllr_train.7.ark:14101533
fjxp0_si1122 /nfs-share/xinchi/kaldi/egs/timit/s5_la3/data-fmllr-tri3/train/data/feats_fmllr_train.2.ark:4841021
fecd0_si1418 /nfs-share/xinchi/kaldi/egs/timit/s5_la3/data-fmllr-tri3/train/data/feats_fmllr_train.1.ark:14136308
fpab1_sx391 /nfs-share/xinchi/kaldi/egs/timit/s5_la3/data-fmllr-tri3/train/data/feats_fmllr_train.3.ark:1150875
fgrw0_si1990 /nfs-share/xinchi/kaldi/egs/timit/s5_la3/data-fmllr-tri3/train/data/feats_fmllr_train.1.ark:17649781
flac0_sx361 /nfs-share/xinchi/kaldi/egs/timit/s5_la3/data-fmllr-tri3/train/data/feats_fmllr_train.2.ark:9082849
mrld0_sx424 /nfs-share/xinchi/kaldi/egs/timit/s5_la3/data-fmllr-tri3/train/data/feats_fmllr_train.9.ark:3638229
mree0_sx294 /nfs-share/xinchi/kaldi/egs/timit/s5_la3/data-fmllr-tri3/train/data/feats_fmllr_train.8.ark:15441921
fmjb0_si547 /nfs-share/xinchi/kaldi/egs/timit/s5_la3/data-fmllr-tri3/train/data/feats_fmllr_train.2.ark:15659262
mjrk0_sx250 /nfs-share/xinchi/kaldi/egs/timit/s5_la3/data-fmllr-tri3/train/data/feats_fmllr_train.7.ark:947597
mddc0_si2049 /nfs-share/xinchi/kaldi/egs/timit/s5_la3/data-fmllr-tri3/train/data/feats_fmllr_train.4.ark:16715667
mdlm0_sx424 /nfs-share/xinchi/kaldi/egs/timit/s5_la3/data-fmllr-tri3/train/data/feats_fmllr_train.5.ark:4569924
fcyl0_si1927 /nfs-share/xinchi/kaldi/egs/timit/s5_la3/data-fmllr-tri3/train/data/feats_fmllr_train.1.ark:8975110
fpaz0_sx63 /nfs-share/xinchi/kaldi/egs/timit/s5_la3/data-fmllr-tri3/train/data/feats_fmllr_train.3.ark:2783743
msfv0_sx92 /nfs-share/xinchi/kaldi/egs/timit/s5_la3/data-fmllr-tri3/train/data/feats_fmllr_train.9.ark:15360775
fbas0_sx307 /nfs-share/xinchi/kaldi/egs/timit/s5_la3/data-fmllr-tri3/train/data/feats_fmllr_train.1.ark:2348271
mkes0_sx173 /nfs-share/xinchi/kaldi/egs/timit/s5_la3/data-fmllr-tri3/train/data/feats_fmllr_train.7.ark:6904582
mdrd0_si752 /nfs-share/xinchi/kaldi/egs/timit/s5_la3/data-fmllr-tri3/train/data/feats_fmllr_train.5.ark:7849210
mrfk0_sx86 /nfs-share/xinchi/kaldi/egs/timit/s5_la3/data-fmllr-tri3/train/data/feats_fmllr_train.8.ark:17016736
fdjh0_sx215 /nfs-share/xinchi/kaldi/egs/timit/s5_la3/data-fmllr-tri3/train/data/feats_fmllr_train.1.ark:10664861
mdlm0_sx334 /nfs-share/xinchi/kaldi/egs/timit/s5_la3/data-fmllr-tri3/train/data/feats_fmllr_train.5.ark:4542217
mmvp0_sx204 /nfs-share/xinchi/kaldi/egs/timit/s5_la3/data-fmllr-tri3/train/data/feats_fmllr_train.8.ark:3217380
fcaj0_si1804 /nfs-share/xinchi/kaldi/egs/timit/s5_la3/data-fmllr-tri3/train/data/feats_fmllr_train.1.ark:5264459
mdac0_sx181 /nfs-share/xinchi/kaldi/egs/timit/s5_la3/data-fmllr-tri3/train/data/feats_fmllr_train.4.ark:14526101
mtat1_sx419 /nfs-share/xinchi/kaldi/egs/timit/s5_la3/data-fmllr-tri3/train/data/feats_fmllr_train.10.ark:1970804
fvmh0_si1466 /nfs-share/xinchi/kaldi/egs/timit/s5_la3/data-fmllr-tri3/train/data/feats_fmllr_train.3.ark:16493127
mbef0_si651 /nfs-share/xinchi/kaldi/egs/timit/s5_la3/data-fmllr-tri3/train/data/feats_fmllr_train.4.ark:4562035
fklc1_si1678 /nfs-share/xinchi/kaldi/egs/timit/s5_la3/data-fmllr-tri3/train/data/feats_fmllr_train.2.ark:7782569
fjhk0_sx392 /nfs-share/xinchi/kaldi/egs/timit/s5_la3/data-fmllr-tri3/train/data/feats_fmllr_train.2.ark:1201919
mdpk0_sx243 /nfs-share/xinchi/kaldi/egs/timit/s5_la3/data-fmllr-tri3/train/data/feats_fmllr_train.5.ark:7229470
fcmg0_sx72 /nfs-share/xinchi/kaldi/egs/timit/s5_la3/data-fmllr-tri3/train/data/feats_fmllr_train.1.ark:8160380
mfxv0_sx195 /nfs-share/xinchi/kaldi/egs/timit/s5_la3/data-fmllr-tri3/train/data/feats_fmllr_train.5.ark:16109743
msmc0_si647 /nfs-share/xinchi/kaldi/egs/timit/s5_la3/data-fmllr-tri3/train/data/feats_fmllr_train.9.ark:15933234
mmbs0_sx161 /nfs-share/xinchi/kaldi/egs/timit/s5_la3/data-fmllr-tri3/train/data/feats_fmllr_train.7.ark:14812126
mrmb0_si1581 /nfs-share/xinchi/kaldi/egs/timit/s5_la3/data-fmllr-tri3/train/data/feats_fmllr_train.9.ark:5146512
mrxb0_si955 /nfs-share/xinchi/kaldi/egs/timit/s5_la3/data-fmllr-tri3/train/data/feats_fmllr_train.9.ark:10816489
maeb0_sx360 /nfs-share/xinchi/kaldi/egs/timit/s5_la3/data-fmllr-tri3/train/data/feats_fmllr_train.4.ark:242549
fcag0_si1503 /nfs-share/xinchi/kaldi/egs/timit/s5_la3/data-fmllr-tri3/train/data/feats_fmllr_train.1.ark:4895413
mfrm0_sx345 /nfs-share/xinchi/kaldi/egs/timit/s5_la3/data-fmllr-tri3/train/data/feats_fmllr_train.5.ark:14988611
fsjk1_si696 /nfs-share/xinchi/kaldi/egs/timit/s5_la3/data-fmllr-tri3/train/data/feats_fmllr_train.3.ark:8907561
frjb0_sx347 /nfs-share/xinchi/kaldi/egs/timit/s5_la3/data-fmllr-tri3/train/data/feats_fmllr_train.3.ark:4535975
mjdg0_si1705 /nfs-share/xinchi/kaldi/egs/timit/s5_la3/data-fmllr-tri3/train/data/feats_fmllr_train.6.ark:9352791
fdas1_sx291 /nfs-share/xinchi/kaldi/egs/timit/s5_la3/data-fmllr-tri3/train/data/feats_fmllr_train.1.ark:9649061
mvjh0_sx386 /nfs-share/xinchi/kaldi/egs/timit/s5_la3/data-fmllr-tri3/train/data/feats_fmllr_train.10.ark:12665970
mbml0_sx89 /nfs-share/xinchi/kaldi/egs/timit/s5_la3/data-fmllr-tri3/train/data/feats_fmllr_train.4.ark:6638774
fklh0_si1257 /nfs-share/xinchi/kaldi/egs/timit/s5_la3/data-fmllr-tri3/train/data/feats_fmllr_train.2.ark:8100519
mmaa0_sx125 /nfs-share/xinchi/kaldi/egs/timit/s5_la3/data-fmllr-tri3/train/data/feats_fmllr_train.7.ark:12774080
msjk0_sx426 /nfs-share/xinchi/kaldi/egs/timit/s5_la3/data-fmllr-tri3/train/data/feats_fmllr_train.9.ark:15732806
fskp0_sx288 /nfs-share/xinchi/kaldi/egs/timit/s5_la3/data-fmllr-tri3/train/data/feats_fmllr_train.3.ark:11003793
mrws0_si1102 /nfs-share/xinchi/kaldi/egs/timit/s5_la3/data-fmllr-tri3/train/data/feats_fmllr_train.9.ark:10372857
flod0_si1917 /nfs-share/xinchi/kaldi/egs/timit/s5_la3/data-fmllr-tri3/train/data/feats_fmllr_train.2.ark:13643108
fkfb0_sx258 /nfs-share/xinchi/kaldi/egs/timit/s5_la3/data-fmllr-tri3/train/data/feats_fmllr_train.2.ark:6635439
mrbc0_si1859 /nfs-share/xinchi/kaldi/egs/timit/s5_la3/data-fmllr-tri3/train/data/feats_fmllr_train.8.ark:12894563
mjeb1_si2097 /nfs-share/xinchi/kaldi/egs/timit/s5_la3/data-fmllr-tri3/train/data/feats_fmllr_train.6.ark:10492135
madc0_si1367 /nfs-share/xinchi/kaldi/egs/timit/s5_la3/data-fmllr-tri3/train/data/feats_fmllr_train.3.ark:17176121
mpgr1_sx239 /nfs-share/xinchi/kaldi/egs/timit/s5_la3/data-fmllr-tri3/train/data/feats_fmllr_train.8.ark:7702862
mkls0_si2067 /nfs-share/xinchi/kaldi/egs/timit/s5_la3/data-fmllr-tri3/train/data/feats_fmllr_train.7.ark:8317585
mpgh0_sx204 /nfs-share/xinchi/kaldi/egs/timit/s5_la3/data-fmllr-tri3/train/data/feats_fmllr_train.8.ark:7021947
fntb0_sx213 /nfs-share/xinchi/kaldi/egs/timit/s5_la3/data-fmllr-tri3/train/data/feats_fmllr_train.3.ark:585618
mlns0_si1407 /nfs-share/xinchi/kaldi/egs/timit/s5_la3/data-fmllr-tri3/train/data/feats_fmllr_train.7.ark:11832284
msfh0_sx136 /nfs-share/xinchi/kaldi/egs/timit/s5_la3/data-fmllr-tri3/train/data/feats_fmllr_train.9.ark:14698531
fapb0_si1063 /nfs-share/xinchi/kaldi/egs/timit/s5_la3/data-fmllr-tri3/train/data/feats_fmllr_train.1.ark:1568716
mrfl0_sx346 /nfs-share/xinchi/kaldi/egs/timit/s5_la3/data-fmllr-tri3/train/data/feats_fmllr_train.8.ark:17339140
mjfh0_sx27 /nfs-share/xinchi/kaldi/egs/timit/s5_la3/data-fmllr-tri3/train/data/feats_fmllr_train.6.ark:11421956
mses0_sx239 /nfs-share/xinchi/kaldi/egs/timit/s5_la3/data-fmllr-tri3/train/data/feats_fmllr_train.9.ark:14344261
flmk0_sx135 /nfs-share/xinchi/kaldi/egs/timit/s5_la3/data-fmllr-tri3/train/data/feats_fmllr_train.2.ark:13358145
mmgc0_sx225 /nfs-share/xinchi/kaldi/egs/timit/s5_la3/data-fmllr-tri3/train/data/feats_fmllr_train.8.ark:195163
mtjg0_sx260 /nfs-share/xinchi/kaldi/egs/timit/s5_la3/data-fmllr-tri3/train/data/feats_fmllr_train.10.ark:4270132
mchl0_sx267 /nfs-share/xinchi/kaldi/egs/timit/s5_la3/data-fmllr-tri3/train/data/feats_fmllr_train.4.ark:11182576
mhrm0_si2218 /nfs-share/xinchi/kaldi/egs/timit/s5_la3/data-fmllr-tri3/train/data/feats_fmllr_train.6.ark:5385156
mrms0_sx30 /nfs-share/xinchi/kaldi/egs/timit/s5_la3/data-fmllr-tri3/train/data/feats_fmllr_train.9.ark:6989598
mjde0_sx130 /nfs-share/xinchi/kaldi/egs/timit/s5_la3/data-fmllr-tri3/train/data/feats_fmllr_train.6.ark:8942360
fcjs0_sx167 /nfs-share/xinchi/kaldi/egs/timit/s5_la3/data-fmllr-tri3/train/data/feats_fmllr_train.1.ark:6799621
mrjb1_sx210 /nfs-share/xinchi/kaldi/egs/timit/s5_la3/data-fmllr-tri3/train/data/feats_fmllr_train.9.ark:1064075
mmam0_si2227 /nfs-share/xinchi/kaldi/egs/timit/s5_la3/data-fmllr-tri3/train/data/feats_fmllr_train.7.ark:13944465
msrg0_sx141 /nfs-share/xinchi/kaldi/egs/timit/s5_la3/data-fmllr-tri3/train/data/feats_fmllr_train.9.ark:17134712
mcpm0_sx204 /nfs-share/xinchi/kaldi/egs/timit/s5_la3/data-fmllr-tri3/train/data/feats_fmllr_train.4.ark:12316827
fdxw0_si1511 /nfs-share/xinchi/kaldi/egs/timit/s5_la3/data-fmllr-tri3/train/data/feats_fmllr_train.1.ark:13009417
fljd0_sx76 /nfs-share/xinchi/kaldi/egs/timit/s5_la3/data-fmllr-tri3/train/data/feats_fmllr_train.2.ark:11535247
fdaw0_sx326 /nfs-share/xinchi/kaldi/egs/timit/s5_la3/data-fmllr-tri3/train/data/feats_fmllr_train.1.ark:10006853
fdtd0_si931 /nfs-share/xinchi/kaldi/egs/timit/s5_la3/data-fmllr-tri3/train/data/feats_fmllr_train.1.ark:12689414
fcyl0_sx397 /nfs-share/xinchi/kaldi/egs/timit/s5_la3/data-fmllr-tri3/train/data/feats_fmllr_train.1.ark:9278791
fjxm0_si1971 /nfs-share/xinchi/kaldi/egs/timit/s5_la3/data-fmllr-tri3/train/data/feats_fmllr_train.2.ark:4451712
fdkn0_sx181 /nfs-share/xinchi/kaldi/egs/timit/s5_la3/data-fmllr-tri3/train/data/feats_fmllr_train.1.ark:10997852
fcdr1_si556 /nfs-share/xinchi/kaldi/egs/timit/s5_la3/data-fmllr-tri3/train/data/feats_fmllr_train.1.ark:5744543
fgmb0_si1775 /nfs-share/xinchi/kaldi/egs/timit/s5_la3/data-fmllr-tri3/train/data/feats_fmllr_train.1.ark:17137216
mtlb0_sx54 /nfs-share/xinchi/kaldi/egs/timit/s5_la3/data-fmllr-tri3/train/data/feats_fmllr_train.10.ark:6836314
flmc0_si1372 /nfs-share/xinchi/kaldi/egs/timit/s5_la3/data-fmllr-tri3/train/data/feats_fmllr_train.2.ark:12819605
mbef0_sx201 /nfs-share/xinchi/kaldi/egs/timit/s5_la3/data-fmllr-tri3/train/data/feats_fmllr_train.4.ark:4657129
feeh0_sx122 /nfs-share/xinchi/kaldi/egs/timit/s5_la3/data-fmllr-tri3/train/data/feats_fmllr_train.1.ark:14745727
mjlb0_sx356 /nfs-share/xinchi/kaldi/egs/timit/s5_la3/data-fmllr-tri3/train/data/feats_fmllr_train.6.ark:14183796
mmlm0_si2150 /nfs-share/xinchi/kaldi/egs/timit/s5_la3/data-fmllr-tri3/train/data/feats_fmllr_train.8.ark:1458991
fssb0_si1082 /nfs-share/xinchi/kaldi/egs/timit/s5_la3/data-fmllr-tri3/train/data/feats_fmllr_train.3.ark:13492191
mrjm1_sx128 /nfs-share/xinchi/kaldi/egs/timit/s5_la3/data-fmllr-tri3/train/data/feats_fmllr_train.9.ark:2254299
fskl0_si899 /nfs-share/xinchi/kaldi/egs/timit/s5_la3/data-fmllr-tri3/train/data/feats_fmllr_train.3.ark:10459789
fjrp1_sx352 /nfs-share/xinchi/kaldi/egs/timit/s5_la3/data-fmllr-tri3/train/data/feats_fmllr_train.2.ark:3065192
mdrd0_sx32 /nfs-share/xinchi/kaldi/egs/timit/s5_la3/data-fmllr-tri3/train/data/feats_fmllr_train.5.ark:8102597
msem1_sx360 /nfs-share/xinchi/kaldi/egs/timit/s5_la3/data-fmllr-tri3/train/data/feats_fmllr_train.9.ark:14007270
fjsp0_sx264 /nfs-share/xinchi/kaldi/egs/timit/s5_la3/data-fmllr-tri3/train/data/feats_fmllr_train.2.ark:3848800
fcmm0_si1957 /nfs-share/xinchi/kaldi/egs/timit/s5_la3/data-fmllr-tri3/train/data/feats_fmllr_train.1.ark:8235956
msmc0_sx287 /nfs-share/xinchi/kaldi/egs/timit/s5_la3/data-fmllr-tri3/train/data/feats_fmllr_train.9.ark:16123741
mdrd0_sx302 /nfs-share/xinchi/kaldi/egs/timit/s5_la3/data-fmllr-tri3/train/data/feats_fmllr_train.5.ark:8054091
mpfu0_sx88 /nfs-share/xinchi/kaldi/egs/timit/s5_la3/data-fmllr-tri3/train/data/feats_fmllr_train.8.ark:6765171
mpeb0_sx420 /nfs-share/xinchi/kaldi/egs/timit/s5_la3/data-fmllr-tri3/train/data/feats_fmllr_train.8.ark:6310048
fcaj0_sx39 /nfs-share/xinchi/kaldi/egs/timit/s5_la3/data-fmllr-tri3/train/data/feats_fmllr_train.1.ark:5496593
fdjh0_si1565 /nfs-share/xinchi/kaldi/egs/timit/s5_la3/data-fmllr-tri3/train/data/feats_fmllr_train.1.ark:10472272
fjxm0_sx311 /nfs-share/xinchi/kaldi/egs/timit/s5_la3/data-fmllr-tri3/train/data/feats_fmllr_train.2.ark:4628460
mhmr0_si1119 /nfs-share/xinchi/kaldi/egs/timit/s5_la3/data-fmllr-tri3/train/data/feats_fmllr_train.6.ark:4957871
fpaz0_sx423 /nfs-share/xinchi/kaldi/egs/timit/s5_la3/data-fmllr-tri3/train/data/feats_fmllr_train.3.ark:2729317
mkaj0_sx64 /nfs-share/xinchi/kaldi/egs/timit/s5_la3/data-fmllr-tri3/train/data/feats_fmllr_train.7.ark:5106485
mgag0_sx151 /nfs-share/xinchi/kaldi/egs/timit/s5_la3/data-fmllr-tri3/train/data/feats_fmllr_train.5.ark:16727403
fskc0_sx426 /nfs-share/xinchi/kaldi/egs/timit/s5_la3/data-fmllr-tri3/train/data/feats_fmllr_train.3.ark:10260800
frll0_si884 /nfs-share/xinchi/kaldi/egs/timit/s5_la3/data-fmllr-tri3/train/data/feats_fmllr_train.3.ark:4818030
mntw0_sx348 /nfs-share/xinchi/kaldi/egs/timit/s5_la3/data-fmllr-tri3/train/data/feats_fmllr_train.8.ark:5640334
mljh0_sx424 /nfs-share/xinchi/kaldi/egs/timit/s5_la3/data-fmllr-tri3/train/data/feats_fmllr_train.7.ark:11725830
mgag0_si645 /nfs-share/xinchi/kaldi/egs/timit/s5_la3/data-fmllr-tri3/train/data/feats_fmllr_train.5.ark:16632949
fskl0_si1529 /nfs-share/xinchi/kaldi/egs/timit/s5_la3/data-fmllr-tri3/train/data/feats_fmllr_train.3.ark:10349654
mrdd0_sx240 /nfs-share/xinchi/kaldi/egs/timit/s5_la3/data-fmllr-tri3/train/data/feats_fmllr_train.8.ark:14226816
mfwk0_sx169 /nfs-share/xinchi/kaldi/egs/timit/s5_la3/data-fmllr-tri3/train/data/feats_fmllr_train.5.ark:15243814
mwad0_sx432 /nfs-share/xinchi/kaldi/egs/timit/s5_la3/data-fmllr-tri3/train/data/feats_fmllr_train.10.ark:14094333
mdma0_si1430 /nfs-share/xinchi/kaldi/egs/timit/s5_la3/data-fmllr-tri3/train/data/feats_fmllr_train.5.ark:5503720
mmbs0_sx251 /nfs-share/xinchi/kaldi/egs/timit/s5_la3/data-fmllr-tri3/train/data/feats_fmllr_train.7.ark:14880313
mtat0_sx300 /nfs-share/xinchi/kaldi/egs/timit/s5_la3/data-fmllr-tri3/train/data/feats_fmllr_train.10.ark:1542586
fhxs0_sx265 /nfs-share/xinchi/kaldi/egs/timit/s5_la3/data-fmllr-tri3/train/data/feats_fmllr_train.1.ark:18663231
mdbp0_sx438 /nfs-share/xinchi/kaldi/egs/timit/s5_la3/data-fmllr-tri3/train/data/feats_fmllr_train.4.ark:15781551
mtpg0_si1383 /nfs-share/xinchi/kaldi/egs/timit/s5_la3/data-fmllr-tri3/train/data/feats_fmllr_train.10.ark:8808948
fsma0_sx451 /nfs-share/xinchi/kaldi/egs/timit/s5_la3/data-fmllr-tri3/train/data/feats_fmllr_train.3.ark:11776229
mdpk0_sx153 /nfs-share/xinchi/kaldi/egs/timit/s5_la3/data-fmllr-tri3/train/data/feats_fmllr_train.5.ark:7182723
fssb0_sx362 /nfs-share/xinchi/kaldi/egs/timit/s5_la3/data-fmllr-tri3/train/data/feats_fmllr_train.3.ark:13728008
fdfb0_si1948 /nfs-share/xinchi/kaldi/egs/timit/s5_la3/data-fmllr-tri3/train/data/feats_fmllr_train.1.ark:10205682
majp0_sx354 /nfs-share/xinchi/kaldi/egs/timit/s5_la3/data-fmllr-tri3/train/data/feats_fmllr_train.4.ark:1339682
mdpb0_si866 /nfs-share/xinchi/kaldi/egs/timit/s5_la3/data-fmllr-tri3/train/data/feats_fmllr_train.5.ark:6785039
fjwb1_si748 /nfs-share/xinchi/kaldi/egs/timit/s5_la3/data-fmllr-tri3/train/data/feats_fmllr_train.2.ark:4078695
mjma0_sx415 /nfs-share/xinchi/kaldi/egs/timit/s5_la3/data-fmllr-tri3/train/data/feats_fmllr_train.6.ark:15339035
mjrg0_sx352 /nfs-share/xinchi/kaldi/egs/timit/s5_la3/data-fmllr-tri3/train/data/feats_fmllr_train.6.ark:17882154
mrgm0_sx82 /nfs-share/xinchi/kaldi/egs/timit/s5_la3/data-fmllr-tri3/train/data/feats_fmllr_train.8.ark:17914130
fhlm0_sx120 /nfs-share/xinchi/kaldi/egs/timit/s5_la3/data-fmllr-tri3/train/data/feats_fmllr_train.1.ark:18077065
mpar0_sx46 /nfs-share/xinchi/kaldi/egs/timit/s5_la3/data-fmllr-tri3/train/data/feats_fmllr_train.8.ark:6038177
fclt0_si808 /nfs-share/xinchi/kaldi/egs/timit/s5_la3/data-fmllr-tri3/train/data/feats_fmllr_train.1.ark:7470268
mdns0_sx21 /nfs-share/xinchi/kaldi/egs/timit/s5_la3/data-fmllr-tri3/train/data/feats_fmllr_train.5.ark:6554182
majp0_si1704 /nfs-share/xinchi/kaldi/egs/timit/s5_la3/data-fmllr-tri3/train/data/feats_fmllr_train.4.ark:1098613
mtrt0_si597 /nfs-share/xinchi/kaldi/egs/timit/s5_la3/data-fmllr-tri3/train/data/feats_fmllr_train.10.ark:11320064
mrem0_si961 /nfs-share/xinchi/kaldi/egs/timit/s5_la3/data-fmllr-tri3/train/data/feats_fmllr_train.8.ark:16083687
msmr0_si1405 /nfs-share/xinchi/kaldi/egs/timit/s5_la3/data-fmllr-tri3/train/data/feats_fmllr_train.9.ark:16303664
mrem0_si511 /nfs-share/xinchi/kaldi/egs/timit/s5_la3/data-fmllr-tri3/train/data/feats_fmllr_train.8.ark:16013900
mrwa0_sx163 /nfs-share/xinchi/kaldi/egs/timit/s5_la3/data-fmllr-tri3/train/data/feats_fmllr_train.9.ark:10142002
mjfr0_si975 /nfs-share/xinchi/kaldi/egs/timit/s5_la3/data-fmllr-tri3/train/data/feats_fmllr_train.6.ark:11616813
msvs0_si2198 /nfs-share/xinchi/kaldi/egs/timit/s5_la3/data-fmllr-tri3/train/data/feats_fmllr_train.10.ark:41321
mjpm0_sx378 /nfs-share/xinchi/kaldi/egs/timit/s5_la3/data-fmllr-tri3/train/data/feats_fmllr_train.6.ark:16792730
fskc0_sx156 /nfs-share/xinchi/kaldi/egs/timit/s5_la3/data-fmllr-tri3/train/data/feats_fmllr_train.3.ark:10120559
mtpf0_sx245 /nfs-share/xinchi/kaldi/egs/timit/s5_la3/data-fmllr-tri3/train/data/feats_fmllr_train.10.ark:8636360
fjhk0_si2282 /nfs-share/xinchi/kaldi/egs/timit/s5_la3/data-fmllr-tri3/train/data/feats_fmllr_train.2.ark:931865
fdfb0_sx148 /nfs-share/xinchi/kaldi/egs/timit/s5_la3/data-fmllr-tri3/train/data/feats_fmllr_train.1.ark:10261577
mwdk0_si1436 /nfs-share/xinchi/kaldi/egs/timit/s5_la3/data-fmllr-tri3/train/data/feats_fmllr_train.10.ark:14865863
fcjf0_sx397 /nfs-share/xinchi/kaldi/egs/timit/s5_la3/data-fmllr-tri3/train/data/feats_fmllr_train.1.ark:6661431
fsrh0_sx311 /nfs-share/xinchi/kaldi/egs/timit/s5_la3/data-fmllr-tri3/train/data/feats_fmllr_train.3.ark:13324910
mjrh1_sx64 /nfs-share/xinchi/kaldi/egs/timit/s5_la3/data-fmllr-tri3/train/data/feats_fmllr_train.7.ark:726340
mtxs0_si1060 /nfs-share/xinchi/kaldi/egs/timit/s5_la3/data-fmllr-tri3/train/data/feats_fmllr_train.10.ark:11883803
meal0_sx347 /nfs-share/xinchi/kaldi/egs/timit/s5_la3/data-fmllr-tri3/train/data/feats_fmllr_train.5.ark:10988335
fsms1_sx347 /nfs-share/xinchi/kaldi/egs/timit/s5_la3/data-fmllr-tri3/train/data/feats_fmllr_train.3.ark:12589623
mcae0_si1447 /nfs-share/xinchi/kaldi/egs/timit/s5_la3/data-fmllr-tri3/train/data/feats_fmllr_train.4.ark:8108629
mcdd0_sx433 /nfs-share/xinchi/kaldi/egs/timit/s5_la3/data-fmllr-tri3/train/data/feats_fmllr_train.4.ark:9598721
mfxs0_si1674 /nfs-share/xinchi/kaldi/egs/timit/s5_la3/data-fmllr-tri3/train/data/feats_fmllr_train.5.ark:15497229
mcxm0_si1981 /nfs-share/xinchi/kaldi/egs/timit/s5_la3/data-fmllr-tri3/train/data/feats_fmllr_train.4.ark:14031110
mbma1_si2214 /nfs-share/xinchi/kaldi/egs/timit/s5_la3/data-fmllr-tri3/train/data/feats_fmllr_train.4.ark:5947996
mtpr0_sx340 /nfs-share/xinchi/kaldi/egs/timit/s5_la3/data-fmllr-tri3/train/data/feats_fmllr_train.10.ark:9803758
fsls0_si1056 /nfs-share/xinchi/kaldi/egs/timit/s5_la3/data-fmllr-tri3/train/data/feats_fmllr_train.3.ark:11094088
mses0_sx59 /nfs-share/xinchi/kaldi/egs/timit/s5_la3/data-fmllr-tri3/train/data/feats_fmllr_train.9.ark:14475541
mgxp0_sx7 /nfs-share/xinchi/kaldi/egs/timit/s5_la3/data-fmllr-tri3/train/data/feats_fmllr_train.6.ark:3475828
mtpf0_sx425 /nfs-share/xinchi/kaldi/egs/timit/s5_la3/data-fmllr-tri3/train/data/feats_fmllr_train.10.ark:8751774
fdmy0_si567 /nfs-share/xinchi/kaldi/egs/timit/s5_la3/data-fmllr-tri3/train/data/feats_fmllr_train.1.ark:11671032
msdb0_si1007 /nfs-share/xinchi/kaldi/egs/timit/s5_la3/data-fmllr-tri3/train/data/feats_fmllr_train.9.ark:12525841
mbjv0_sx437 /nfs-share/xinchi/kaldi/egs/timit/s5_la3/data-fmllr-tri3/train/data/feats_fmllr_train.4.ark:5466257
fdml0_sx429 /nfs-share/xinchi/kaldi/egs/timit/s5_la3/data-fmllr-tri3/train/data/feats_fmllr_train.1.ark:11522791
fjrb0_sx402 /nfs-share/xinchi/kaldi/egs/timit/s5_la3/data-fmllr-tri3/train/data/feats_fmllr_train.2.ark:2655562
msat0_sx446 /nfs-share/xinchi/kaldi/egs/timit/s5_la3/data-fmllr-tri3/train/data/feats_fmllr_train.9.ark:12079969
mrmb0_sx51 /nfs-share/xinchi/kaldi/egs/timit/s5_la3/data-fmllr-tri3/train/data/feats_fmllr_train.9.ark:5470381
mwgr0_si1606 /nfs-share/xinchi/kaldi/egs/timit/s5_la3/data-fmllr-tri3/train/data/feats_fmllr_train.10.ark:15655898
fljd0_si2146 /nfs-share/xinchi/kaldi/egs/timit/s5_la3/data-fmllr-tri3/train/data/feats_fmllr_train.2.ark:11279726
mdcd0_sx245 /nfs-share/xinchi/kaldi/egs/timit/s5_la3/data-fmllr-tri3/train/data/feats_fmllr_train.4.ark:16090514
fecd0_si2048 /nfs-share/xinchi/kaldi/egs/timit/s5_la3/data-fmllr-tri3/train/data/feats_fmllr_train.1.ark:14225136
fcjs0_si2237 /nfs-share/xinchi/kaldi/egs/timit/s5_la3/data-fmllr-tri3/train/data/feats_fmllr_train.1.ark:6728207
mgrl0_sx57 /nfs-share/xinchi/kaldi/egs/timit/s5_la3/data-fmllr-tri3/train/data/feats_fmllr_train.6.ark:1844112
flet0_sx417 /nfs-share/xinchi/kaldi/egs/timit/s5_la3/data-fmllr-tri3/train/data/feats_fmllr_train.2.ark:10331208
mpgh0_sx24 /nfs-share/xinchi/kaldi/egs/timit/s5_la3/data-fmllr-tri3/train/data/feats_fmllr_train.8.ark:7056053
mkam0_si1250 /nfs-share/xinchi/kaldi/egs/timit/s5_la3/data-fmllr-tri3/train/data/feats_fmllr_train.7.ark:5139953
mmaa0_sx215 /nfs-share/xinchi/kaldi/egs/timit/s5_la3/data-fmllr-tri3/train/data/feats_fmllr_train.7.ark:12818907
mmar0_sx346 /nfs-share/xinchi/kaldi/egs/timit/s5_la3/data-fmllr-tri3/train/data/feats_fmllr_train.7.ark:14495963
fjsk0_sx152 /nfs-share/xinchi/kaldi/egs/timit/s5_la3/data-fmllr-tri3/train/data/feats_fmllr_train.2.ark:3409036
mmvp0_si1284 /nfs-share/xinchi/kaldi/egs/timit/s5_la3/data-fmllr-tri3/train/data/feats_fmllr_train.8.ark:2969111
mjxl0_si1795 /nfs-share/xinchi/kaldi/egs/timit/s5_la3/data-fmllr-tri3/train/data/feats_fmllr_train.7.ark:3687114
fssb0_sx452 /nfs-share/xinchi/kaldi/egs/timit/s5_la3/data-fmllr-tri3/train/data/feats_fmllr_train.3.ark:13799555
mrgs0_sx96 /nfs-share/xinchi/kaldi/egs/timit/s5_la3/data-fmllr-tri3/train/data/feats_fmllr_train.9.ark:387400
mvjh0_sx116 /nfs-share/xinchi/kaldi/egs/timit/s5_la3/data-fmllr-tri3/train/data/feats_fmllr_train.10.ark:12511303
mtml0_sx75 /nfs-share/xinchi/kaldi/egs/timit/s5_la3/data-fmllr-tri3/train/data/feats_fmllr_train.10.ark:7603149
mrlk0_si2140 /nfs-share/xinchi/kaldi/egs/timit/s5_la3/data-fmllr-tri3/train/data/feats_fmllr_train.9.ark:4472826
msdb0_sx107 /nfs-share/xinchi/kaldi/egs/timit/s5_la3/data-fmllr-tri3/train/data/feats_fmllr_train.9.ark:12648164
fear0_sx262 /nfs-share/xinchi/kaldi/egs/timit/s5_la3/data-fmllr-tri3/train/data/feats_fmllr_train.1.ark:13917160
fsmm0_sx234 /nfs-share/xinchi/kaldi/egs/timit/s5_la3/data-fmllr-tri3/train/data/feats_fmllr_train.3.ark:12071592
mtjm0_sx146 /nfs-share/xinchi/kaldi/egs/timit/s5_la3/data-fmllr-tri3/train/data/feats_fmllr_train.10.ark:4647602
falr0_sx65 /nfs-share/xinchi/kaldi/egs/timit/s5_la3/data-fmllr-tri3/train/data/feats_fmllr_train.1.ark:1531248
mmjb1_si2038 /nfs-share/xinchi/kaldi/egs/timit/s5_la3/data-fmllr-tri3/train/data/feats_fmllr_train.8.ark:1082614
mhbs0_si945 /nfs-share/xinchi/kaldi/egs/timit/s5_la3/data-fmllr-tri3/train/data/feats_fmllr_train.6.ark:3654977
fsjg0_sx130 /nfs-share/xinchi/kaldi/egs/timit/s5_la3/data-fmllr-tri3/train/data/feats_fmllr_train.3.ark:8493131
mjdm0_sx80 /nfs-share/xinchi/kaldi/egs/timit/s5_la3/data-fmllr-tri3/train/data/feats_fmllr_train.6.ark:10004662
mtjg0_sx440 /nfs-share/xinchi/kaldi/egs/timit/s5_la3/data-fmllr-tri3/train/data/feats_fmllr_train.10.ark:4377226
mwrp0_sx273 /nfs-share/xinchi/kaldi/egs/timit/s5_la3/data-fmllr-tri3/train/data/feats_fmllr_train.10.ark:16633883
mclk0_sx130 /nfs-share/xinchi/kaldi/egs/timit/s5_la3/data-fmllr-tri3/train/data/feats_fmllr_train.4.ark:11549166
fpab1_sx121 /nfs-share/xinchi/kaldi/egs/timit/s5_la3/data-fmllr-tri3/train/data/feats_fmllr_train.3.ark:950288
mrld0_si1594 /nfs-share/xinchi/kaldi/egs/timit/s5_la3/data-fmllr-tri3/train/data/feats_fmllr_train.9.ark:3385266
mrxb0_sx145 /nfs-share/xinchi/kaldi/egs/timit/s5_la3/data-fmllr-tri3/train/data/feats_fmllr_train.9.ark:10882436
mdmt0_sx302 /nfs-share/xinchi/kaldi/egs/timit/s5_la3/data-fmllr-tri3/train/data/feats_fmllr_train.5.ark:6144686
mjdg0_si1042 /nfs-share/xinchi/kaldi/egs/timit/s5_la3/data-fmllr-tri3/train/data/feats_fmllr_train.6.ark:9246815
mprk0_si1727 /nfs-share/xinchi/kaldi/egs/timit/s5_la3/data-fmllr-tri3/train/data/feats_fmllr_train.8.ark:9912826
fpaz0_si2223 /nfs-share/xinchi/kaldi/egs/timit/s5_la3/data-fmllr-tri3/train/data/feats_fmllr_train.3.ark:2455103
fjrb0_si672 /nfs-share/xinchi/kaldi/egs/timit/s5_la3/data-fmllr-tri3/train/data/feats_fmllr_train.2.ark:2480734
mbef0_sx21 /nfs-share/xinchi/kaldi/egs/timit/s5_la3/data-fmllr-tri3/train/data/feats_fmllr_train.4.ark:4694275
mpsw0_si2327 /nfs-share/xinchi/kaldi/egs/timit/s5_la3/data-fmllr-tri3/train/data/feats_fmllr_train.8.ark:10705287
mdss1_sx157 /nfs-share/xinchi/kaldi/egs/timit/s5_la3/data-fmllr-tri3/train/data/feats_fmllr_train.5.ark:9039328
mmag0_sx316 /nfs-share/xinchi/kaldi/egs/timit/s5_la3/data-fmllr-tri3/train/data/feats_fmllr_train.7.ark:13699048
mmdm1_sx243 /nfs-share/xinchi/kaldi/egs/timit/s5_la3/data-fmllr-tri3/train/data/feats_fmllr_train.7.ark:16800758
mkls1_si915 /nfs-share/xinchi/kaldi/egs/timit/s5_la3/data-fmllr-tri3/train/data/feats_fmllr_train.7.ark:8709322
mdns0_si1011 /nfs-share/xinchi/kaldi/egs/timit/s5_la3/data-fmllr-tri3/train/data/feats_fmllr_train.5.ark:6279327
mapv0_si663 /nfs-share/xinchi/kaldi/egs/timit/s5_la3/data-fmllr-tri3/train/data/feats_fmllr_train.4.ark:2364733
ftbw0_si1975 /nfs-share/xinchi/kaldi/egs/timit/s5_la3/data-fmllr-tri3/train/data/feats_fmllr_train.3.ark:14626470
mjra0_si606 /nfs-share/xinchi/kaldi/egs/timit/s5_la3/data-fmllr-tri3/train/data/feats_fmllr_train.6.ark:17322630
mtmt0_sx38 /nfs-share/xinchi/kaldi/egs/timit/s5_la3/data-fmllr-tri3/train/data/feats_fmllr_train.10.ark:8353476
mrws0_si472 /nfs-share/xinchi/kaldi/egs/timit/s5_la3/data-fmllr-tri3/train/data/feats_fmllr_train.9.ark:10467792
fsjw0_si1333 /nfs-share/xinchi/kaldi/egs/timit/s5_la3/data-fmllr-tri3/train/data/feats_fmllr_train.3.ark:9584260
mjee0_sx157 /nfs-share/xinchi/kaldi/egs/timit/s5_la3/data-fmllr-tri3/train/data/feats_fmllr_train.6.ark:10964406
mbsb0_sx273 /nfs-share/xinchi/kaldi/egs/timit/s5_la3/data-fmllr-tri3/train/data/feats_fmllr_train.4.ark:7181050
fmkc0_sx262 /nfs-share/xinchi/kaldi/egs/timit/s5_la3/data-fmllr-tri3/train/data/feats_fmllr_train.2.ark:16927646
mrcw0_si1371 /nfs-share/xinchi/kaldi/egs/timit/s5_la3/data-fmllr-tri3/train/data/feats_fmllr_train.8.ark:13699929
mdss1_sx427 /nfs-share/xinchi/kaldi/egs/timit/s5_la3/data-fmllr-tri3/train/data/feats_fmllr_train.5.ark:9169329
marw0_sx349 /nfs-share/xinchi/kaldi/egs/timit/s5_la3/data-fmllr-tri3/train/data/feats_fmllr_train.4.ark:3247034
msmc0_si509 /nfs-share/xinchi/kaldi/egs/timit/s5_la3/data-fmllr-tri3/train/data/feats_fmllr_train.9.ark:15868407
mjjj0_sx263 /nfs-share/xinchi/kaldi/egs/timit/s5_la3/data-fmllr-tri3/train/data/feats_fmllr_train.6.ark:12966798
fbjl0_si922 /nfs-share/xinchi/kaldi/egs/timit/s5_la3/data-fmllr-tri3/train/data/feats_fmllr_train.1.ark:3364680
mtpf0_sx155 /nfs-share/xinchi/kaldi/egs/timit/s5_la3/data-fmllr-tri3/train/data/feats_fmllr_train.10.ark:8596813
mbcg0_sx327 /nfs-share/xinchi/kaldi/egs/timit/s5_la3/data-fmllr-tri3/train/data/feats_fmllr_train.4.ark:4319179
fdfb0_sx58 /nfs-share/xinchi/kaldi/egs/timit/s5_la3/data-fmllr-tri3/train/data/feats_fmllr_train.1.ark:10422164
mprk0_sx377 /nfs-share/xinchi/kaldi/egs/timit/s5_la3/data-fmllr-tri3/train/data/feats_fmllr_train.8.ark:10230107
mwad0_sx252 /nfs-share/xinchi/kaldi/egs/timit/s5_la3/data-fmllr-tri3/train/data/feats_fmllr_train.10.ark:14022759
mjrk0_sx160 /nfs-share/xinchi/kaldi/egs/timit/s5_la3/data-fmllr-tri3/train/data/feats_fmllr_train.7.ark:887730
fsjw0_si703 /nfs-share/xinchi/kaldi/egs/timit/s5_la3/data-fmllr-tri3/train/data/feats_fmllr_train.3.ark:9715035
mmxs0_si2136 /nfs-share/xinchi/kaldi/egs/timit/s5_la3/data-fmllr-tri3/train/data/feats_fmllr_train.8.ark:4612859
fecd0_sx158 /nfs-share/xinchi/kaldi/egs/timit/s5_la3/data-fmllr-tri3/train/data/feats_fmllr_train.1.ark:14348710
fsrh0_si1719 /nfs-share/xinchi/kaldi/egs/timit/s5_la3/data-fmllr-tri3/train/data/feats_fmllr_train.3.ark:13120614
mkls0_sx447 /nfs-share/xinchi/kaldi/egs/timit/s5_la3/data-fmllr-tri3/train/data/feats_fmllr_train.7.ark:8536253
majp0_sx174 /nfs-share/xinchi/kaldi/egs/timit/s5_la3/data-fmllr-tri3/train/data/feats_fmllr_train.4.ark:1219468
mwsb0_si2256 /nfs-share/xinchi/kaldi/egs/timit/s5_la3/data-fmllr-tri3/train/data/feats_fmllr_train.10.ark:16839937
fcaj0_sx219 /nfs-share/xinchi/kaldi/egs/timit/s5_la3/data-fmllr-tri3/train/data/feats_fmllr_train.1.ark:5394460
mprb0_si575 /nfs-share/xinchi/kaldi/egs/timit/s5_la3/data-fmllr-tri3/train/data/feats_fmllr_train.8.ark:9048419
mfmc0_sx142 /nfs-share/xinchi/kaldi/egs/timit/s5_la3/data-fmllr-tri3/train/data/feats_fmllr_train.5.ark:14498099
fpad0_si1346 /nfs-share/xinchi/kaldi/egs/timit/s5_la3/data-fmllr-tri3/train/data/feats_fmllr_train.3.ark:1604880
fsjw0_sx163 /nfs-share/xinchi/kaldi/egs/timit/s5_la3/data-fmllr-tri3/train/data/feats_fmllr_train.3.ark:9756182
mrab1_sx398 /nfs-share/xinchi/kaldi/egs/timit/s5_la3/data-fmllr-tri3/train/data/feats_fmllr_train.8.ark:11665214
mrjm0_si1095 /nfs-share/xinchi/kaldi/egs/timit/s5_la3/data-fmllr-tri3/train/data/feats_fmllr_train.9.ark:1700559
mtpf0_si1865 /nfs-share/xinchi/kaldi/egs/timit/s5_la3/data-fmllr-tri3/train/data/feats_fmllr_train.10.ark:8504759
mkdd0_si937 /nfs-share/xinchi/kaldi/egs/timit/s5_la3/data-fmllr-tri3/train/data/feats_fmllr_train.7.ark:6078042
msat1_sx443 /nfs-share/xinchi/kaldi/egs/timit/s5_la3/data-fmllr-tri3/train/data/feats_fmllr_train.9.ark:12436987
mhrm0_si1475 /nfs-share/xinchi/kaldi/egs/timit/s5_la3/data-fmllr-tri3/train/data/feats_fmllr_train.6.ark:5357928
mjmm0_sx175 /nfs-share/xinchi/kaldi/egs/timit/s5_la3/data-fmllr-tri3/train/data/feats_fmllr_train.6.ark:15890909
mmvp0_sx347 /nfs-share/xinchi/kaldi/egs/timit/s5_la3/data-fmllr-tri3/train/data/feats_fmllr_train.8.ark:3309594
mclm0_si826 /nfs-share/xinchi/kaldi/egs/timit/s5_la3/data-fmllr-tri3/train/data/feats_fmllr_train.4.ark:11860076
mrew1_si1500 /nfs-share/xinchi/kaldi/egs/timit/s5_la3/data-fmllr-tri3/train/data/feats_fmllr_train.8.ark:16352169
mlsh0_sx157 /nfs-share/xinchi/kaldi/egs/timit/s5_la3/data-fmllr-tri3/train/data/feats_fmllr_train.7.ark:12338183
mrsp0_sx196 /nfs-share/xinchi/kaldi/egs/timit/s5_la3/data-fmllr-tri3/train/data/feats_fmllr_train.9.ark:8576361
fgmb0_si515 /nfs-share/xinchi/kaldi/egs/timit/s5_la3/data-fmllr-tri3/train/data/feats_fmllr_train.1.ark:17186043
mesg0_si702 /nfs-share/xinchi/kaldi/egs/timit/s5_la3/data-fmllr-tri3/train/data/feats_fmllr_train.5.ark:13051446
mkag0_sx259 /nfs-share/xinchi/kaldi/egs/timit/s5_la3/data-fmllr-tri3/train/data/feats_fmllr_train.7.ark:4236372
fmah1_sx429 /nfs-share/xinchi/kaldi/egs/timit/s5_la3/data-fmllr-tri3/train/data/feats_fmllr_train.2.ark:14618559
fcjs0_sx77 /nfs-share/xinchi/kaldi/egs/timit/s5_la3/data-fmllr-tri3/train/data/feats_fmllr_train.1.ark:7012688
fcag0_sx153 /nfs-share/xinchi/kaldi/egs/timit/s5_la3/data-fmllr-tri3/train/data/feats_fmllr_train.1.ark:4988456
falr0_si695 /nfs-share/xinchi/kaldi/egs/timit/s5_la3/data-fmllr-tri3/train/data/feats_fmllr_train.1.ark:1302954
mpsw0_sx437 /nfs-share/xinchi/kaldi/egs/timit/s5_la3/data-fmllr-tri3/train/data/feats_fmllr_train.8.ark:10846514
msem1_si810 /nfs-share/xinchi/kaldi/egs/timit/s5_la3/data-fmllr-tri3/train/data/feats_fmllr_train.9.ark:13798069
mchl0_sx177 /nfs-share/xinchi/kaldi/egs/timit/s5_la3/data-fmllr-tri3/train/data/feats_fmllr_train.4.ark:11151989
mtml0_si1065 /nfs-share/xinchi/kaldi/egs/timit/s5_la3/data-fmllr-tri3/train/data/feats_fmllr_train.10.ark:7235759
mrvg0_sx420 /nfs-share/xinchi/kaldi/egs/timit/s5_la3/data-fmllr-tri3/train/data/feats_fmllr_train.9.ark:9898986
mbjv0_si1877 /nfs-share/xinchi/kaldi/egs/timit/s5_la3/data-fmllr-tri3/train/data/feats_fmllr_train.4.ark:5243722
mrhl0_sx345 /nfs-share/xinchi/kaldi/egs/timit/s5_la3/data-fmllr-tri3/train/data/feats_fmllr_train.9.ark:652204
mbcg0_sx57 /nfs-share/xinchi/kaldi/egs/timit/s5_la3/data-fmllr-tri3/train/data/feats_fmllr_train.4.ark:4432192
fgcs0_sx406 /nfs-share/xinchi/kaldi/egs/timit/s5_la3/data-fmllr-tri3/train/data/feats_fmllr_train.1.ark:16522197
fdaw0_sx146 /nfs-share/xinchi/kaldi/egs/timit/s5_la3/data-fmllr-tri3/train/data/feats_fmllr_train.1.ark:9925199
mstf0_sx406 /nfs-share/xinchi/kaldi/egs/timit/s5_la3/data-fmllr-tri3/train/data/feats_fmllr_train.9.ark:18040985
mddc0_si1419 /nfs-share/xinchi/kaldi/egs/timit/s5_la3/data-fmllr-tri3/train/data/feats_fmllr_train.4.ark:16649879
fmah1_sx249 /nfs-share/xinchi/kaldi/egs/timit/s5_la3/data-fmllr-tri3/train/data/feats_fmllr_train.2.ark:14539465
mrso0_sx219 /nfs-share/xinchi/kaldi/egs/timit/s5_la3/data-fmllr-tri3/train/data/feats_fmllr_train.9.ark:8121104
msfv0_si1262 /nfs-share/xinchi/kaldi/egs/timit/s5_la3/data-fmllr-tri3/train/data/feats_fmllr_train.9.ark:14979466
feme0_si1505 /nfs-share/xinchi/kaldi/egs/timit/s5_la3/data-fmllr-tri3/train/data/feats_fmllr_train.1.ark:14992742
mmam0_si1668 /nfs-share/xinchi/kaldi/egs/timit/s5_la3/data-fmllr-tri3/train/data/feats_fmllr_train.7.ark:13909397
mkjo0_sx77 /nfs-share/xinchi/kaldi/egs/timit/s5_la3/data-fmllr-tri3/train/data/feats_fmllr_train.7.ark:7455146
mrfk0_sx176 /nfs-share/xinchi/kaldi/egs/timit/s5_la3/data-fmllr-tri3/train/data/feats_fmllr_train.8.ark:16839989
mkln0_sx428 /nfs-share/xinchi/kaldi/egs/timit/s5_la3/data-fmllr-tri3/train/data/feats_fmllr_train.7.ark:7766857
mjai0_sx434 /nfs-share/xinchi/kaldi/egs/timit/s5_la3/data-fmllr-tri3/train/data/feats_fmllr_train.6.ark:7573412
mcdd0_sx163 /nfs-share/xinchi/kaldi/egs/timit/s5_la3/data-fmllr-tri3/train/data/feats_fmllr_train.4.ark:9474800
mtju0_sx400 /nfs-share/xinchi/kaldi/egs/timit/s5_la3/data-fmllr-tri3/train/data/feats_fmllr_train.10.ark:5623023
mrjh0_sx169 /nfs-share/xinchi/kaldi/egs/timit/s5_la3/data-fmllr-tri3/train/data/feats_fmllr_train.9.ark:1422664
mdac0_sx451 /nfs-share/xinchi/kaldi/egs/timit/s5_la3/data-fmllr-tri3/train/data/feats_fmllr_train.4.ark:14668902
fsgf0_sx387 /nfs-share/xinchi/kaldi/egs/timit/s5_la3/data-fmllr-tri3/train/data/feats_fmllr_train.3.ark:8252861
mjma0_sx235 /nfs-share/xinchi/kaldi/egs/timit/s5_la3/data-fmllr-tri3/train/data/feats_fmllr_train.6.ark:15268101
mdlh0_sx430 /nfs-share/xinchi/kaldi/egs/timit/s5_la3/data-fmllr-tri3/train/data/feats_fmllr_train.5.ark:4228587
mdns0_sx381 /nfs-share/xinchi/kaldi/egs/timit/s5_la3/data-fmllr-tri3/train/data/feats_fmllr_train.5.ark:6625916
mcre0_si1725 /nfs-share/xinchi/kaldi/egs/timit/s5_la3/data-fmllr-tri3/train/data/feats_fmllr_train.4.ark:12513283
mcdc0_sx302 /nfs-share/xinchi/kaldi/egs/timit/s5_la3/data-fmllr-tri3/train/data/feats_fmllr_train.4.ark:9213517
mdpb0_si1760 /nfs-share/xinchi/kaldi/egs/timit/s5_la3/data-fmllr-tri3/train/data/feats_fmllr_train.5.ark:6661944
mmea0_sx308 /nfs-share/xinchi/kaldi/egs/timit/s5_la3/data-fmllr-tri3/train/data/feats_fmllr_train.7.ark:17530179
fklc0_sx85 /nfs-share/xinchi/kaldi/egs/timit/s5_la3/data-fmllr-tri3/train/data/feats_fmllr_train.2.ark:7666193
mafm0_sx309 /nfs-share/xinchi/kaldi/egs/timit/s5_la3/data-fmllr-tri3/train/data/feats_fmllr_train.4.ark:940104
mcxm0_sx451 /nfs-share/xinchi/kaldi/egs/timit/s5_la3/data-fmllr-tri3/train/data/feats_fmllr_train.4.ark:14266285
fmjf0_si1254 /nfs-share/xinchi/kaldi/egs/timit/s5_la3/data-fmllr-tri3/train/data/feats_fmllr_train.2.ark:15918782
mdlb0_sx226 /nfs-share/xinchi/kaldi/egs/timit/s5_la3/data-fmllr-tri3/train/data/feats_fmllr_train.5.ark:2562865
mmlm0_si1527 /nfs-share/xinchi/kaldi/egs/timit/s5_la3/data-fmllr-tri3/train/data/feats_fmllr_train.8.ark:1439763
fbas0_si1387 /nfs-share/xinchi/kaldi/egs/timit/s5_la3/data-fmllr-tri3/train/data/feats_fmllr_train.1.ark:2053414
fapb0_si2323 /nfs-share/xinchi/kaldi/egs/timit/s5_la3/data-fmllr-tri3/train/data/feats_fmllr_train.1.ark:1679812
fjlg0_sx449 /nfs-share/xinchi/kaldi/egs/timit/s5_la3/data-fmllr-tri3/train/data/feats_fmllr_train.2.ark:1890008
mkjo0_sx257 /nfs-share/xinchi/kaldi/egs/timit/s5_la3/data-fmllr-tri3/train/data/feats_fmllr_train.7.ark:7322106
mbbr0_sx65 /nfs-share/xinchi/kaldi/egs/timit/s5_la3/data-fmllr-tri3/train/data/feats_fmllr_train.4.ark:4078856
fblv0_si1058 /nfs-share/xinchi/kaldi/egs/timit/s5_la3/data-fmllr-tri3/train/data/feats_fmllr_train.1.ark:3664362
fpab1_si841 /nfs-share/xinchi/kaldi/egs/timit/s5_la3/data-fmllr-tri3/train/data/feats_fmllr_train.3.ark:872501
mntw0_sx168 /nfs-share/xinchi/kaldi/egs/timit/s5_la3/data-fmllr-tri3/train/data/feats_fmllr_train.8.ark:5514973
mbma0_si592 /nfs-share/xinchi/kaldi/egs/timit/s5_la3/data-fmllr-tri3/train/data/feats_fmllr_train.4.ark:5653726
mhbs0_si1575 /nfs-share/xinchi/kaldi/egs/timit/s5_la3/data-fmllr-tri3/train/data/feats_fmllr_train.6.ark:3565802
fntb0_si679 /nfs-share/xinchi/kaldi/egs/timit/s5_la3/data-fmllr-tri3/train/data/feats_fmllr_train.3.ark:458684
mtpg0_sx393 /nfs-share/xinchi/kaldi/egs/timit/s5_la3/data-fmllr-tri3/train/data/feats_fmllr_train.10.ark:9120657
msah1_sx239 /nfs-share/xinchi/kaldi/egs/timit/s5_la3/data-fmllr-tri3/train/data/feats_fmllr_train.9.ark:11252281
mrtc0_sx198 /nfs-share/xinchi/kaldi/egs/timit/s5_la3/data-fmllr-tri3/train/data/feats_fmllr_train.9.ark:9026044
fdxw0_sx341 /nfs-share/xinchi/kaldi/egs/timit/s5_la3/data-fmllr-tri3/train/data/feats_fmllr_train.1.ark:13223633
mrvg0_sx150 /nfs-share/xinchi/kaldi/egs/timit/s5_la3/data-fmllr-tri3/train/data/feats_fmllr_train.9.ark:9782105
msdh0_si2113 /nfs-share/xinchi/kaldi/egs/timit/s5_la3/data-fmllr-tri3/train/data/feats_fmllr_train.9.ark:12801899
mtlc0_sx217 /nfs-share/xinchi/kaldi/egs/timit/s5_la3/data-fmllr-tri3/train/data/feats_fmllr_train.10.ark:7099651
ftbw0_si1345 /nfs-share/xinchi/kaldi/egs/timit/s5_la3/data-fmllr-tri3/train/data/feats_fmllr_train.3.ark:14590442
msfv0_si1892 /nfs-share/xinchi/kaldi/egs/timit/s5_la3/data-fmllr-tri3/train/data/feats_fmllr_train.9.ark:15015814
fcyl0_sx127 /nfs-share/xinchi/kaldi/egs/timit/s5_la3/data-fmllr-tri3/train/data/feats_fmllr_train.1.ark:9102844
mcdr0_sx344 /nfs-share/xinchi/kaldi/egs/timit/s5_la3/data-fmllr-tri3/train/data/feats_fmllr_train.4.ark:10000991
fpmy0_sx73 /nfs-share/xinchi/kaldi/egs/timit/s5_la3/data-fmllr-tri3/train/data/feats_fmllr_train.3.ark:3959913
mtpp0_sx248 /nfs-share/xinchi/kaldi/egs/timit/s5_la3/data-fmllr-tri3/train/data/feats_fmllr_train.10.ark:9338874
mjeb1_sx387 /nfs-share/xinchi/kaldi/egs/timit/s5_la3/data-fmllr-tri3/train/data/feats_fmllr_train.6.ark:10777256
mjpm1_sx401 /nfs-share/xinchi/kaldi/egs/timit/s5_la3/data-fmllr-tri3/train/data/feats_fmllr_train.6.ark:17117561
mrdm0_sx245 /nfs-share/xinchi/kaldi/egs/timit/s5_la3/data-fmllr-tri3/train/data/feats_fmllr_train.8.ark:14613913
fpmy0_sx163 /nfs-share/xinchi/kaldi/egs/timit/s5_la3/data-fmllr-tri3/train/data/feats_fmllr_train.3.ark:3776446
mlel0_sx346 /nfs-share/xinchi/kaldi/egs/timit/s5_la3/data-fmllr-tri3/train/data/feats_fmllr_train.7.ark:10786329
mdwm0_sx433 /nfs-share/xinchi/kaldi/egs/timit/s5_la3/data-fmllr-tri3/train/data/feats_fmllr_train.5.ark:10725744
mdbb1_sx376 /nfs-share/xinchi/kaldi/egs/timit/s5_la3/data-fmllr-tri3/train/data/feats_fmllr_train.4.ark:15428720
mrml0_sx71 /nfs-share/xinchi/kaldi/egs/timit/s5_la3/data-fmllr-tri3/train/data/feats_fmllr_train.9.ark:6692474
mjrg0_sx16 /nfs-share/xinchi/kaldi/egs/timit/s5_la3/data-fmllr-tri3/train/data/feats_fmllr_train.6.ark:17791540
mlel0_si1246 /nfs-share/xinchi/kaldi/egs/timit/s5_la3/data-fmllr-tri3/train/data/feats_fmllr_train.7.ark:10498193
mrab0_si1224 /nfs-share/xinchi/kaldi/egs/timit/s5_la3/data-fmllr-tri3/train/data/feats_fmllr_train.8.ark:10934728
frll0_sx164 /nfs-share/xinchi/kaldi/egs/timit/s5_la3/data-fmllr-tri3/train/data/feats_fmllr_train.3.ark:4874857
mmcc0_sx438 /nfs-share/xinchi/kaldi/egs/timit/s5_la3/data-fmllr-tri3/train/data/feats_fmllr_train.7.ark:15383624
mwac0_sx341 /nfs-share/xinchi/kaldi/egs/timit/s5_la3/data-fmllr-tri3/train/data/feats_fmllr_train.10.ark:13716328
mprb0_sx125 /nfs-share/xinchi/kaldi/egs/timit/s5_la3/data-fmllr-tri3/train/data/feats_fmllr_train.8.ark:9127006
mdsj0_sx292 /nfs-share/xinchi/kaldi/egs/timit/s5_la3/data-fmllr-tri3/train/data/feats_fmllr_train.5.ark:8430627
msmc0_sx377 /nfs-share/xinchi/kaldi/egs/timit/s5_la3/data-fmllr-tri3/train/data/feats_fmllr_train.9.ark:16170488
mafm0_sx129 /nfs-share/xinchi/kaldi/egs/timit/s5_la3/data-fmllr-tri3/train/data/feats_fmllr_train.4.ark:850450
fgmb0_sx425 /nfs-share/xinchi/kaldi/egs/timit/s5_la3/data-fmllr-tri3/train/data/feats_fmllr_train.1.ark:17426311
mtmn0_sx74 /nfs-share/xinchi/kaldi/egs/timit/s5_la3/data-fmllr-tri3/train/data/feats_fmllr_train.10.ark:8024646
meal0_si1547 /nfs-share/xinchi/kaldi/egs/timit/s5_la3/data-fmllr-tri3/train/data/feats_fmllr_train.5.ark:10773932
fntb0_si1203 /nfs-share/xinchi/kaldi/egs/timit/s5_la3/data-fmllr-tri3/train/data/feats_fmllr_train.3.ark:378950
mdpb0_sx326 /nfs-share/xinchi/kaldi/egs/timit/s5_la3/data-fmllr-tri3/train/data/feats_fmllr_train.5.ark:6944000
freh0_sx415 /nfs-share/xinchi/kaldi/egs/timit/s5_la3/data-fmllr-tri3/train/data/feats_fmllr_train.3.ark:4274664
mcdd0_si2143 /nfs-share/xinchi/kaldi/egs/timit/s5_la3/data-fmllr-tri3/train/data/feats_fmllr_train.4.ark:9381466
fltm0_sx440 /nfs-share/xinchi/kaldi/egs/timit/s5_la3/data-fmllr-tri3/train/data/feats_fmllr_train.2.ark:14239622
flhd0_sx444 /nfs-share/xinchi/kaldi/egs/timit/s5_la3/data-fmllr-tri3/train/data/feats_fmllr_train.2.ark:10683106
mcal0_sx418 /nfs-share/xinchi/kaldi/egs/timit/s5_la3/data-fmllr-tri3/train/data/feats_fmllr_train.4.ark:8864367
fjlr0_sx151 /nfs-share/xinchi/kaldi/egs/timit/s5_la3/data-fmllr-tri3/train/data/feats_fmllr_train.2.ark:2135264
megj0_si1337 /nfs-share/xinchi/kaldi/egs/timit/s5_la3/data-fmllr-tri3/train/data/feats_fmllr_train.5.ark:11824502
mrcw0_sx111 /nfs-share/xinchi/kaldi/egs/timit/s5_la3/data-fmllr-tri3/train/data/feats_fmllr_train.8.ark:13866891
mdbb1_si1006 /nfs-share/xinchi/kaldi/egs/timit/s5_la3/data-fmllr-tri3/train/data/feats_fmllr_train.4.ark:15118290
mdma0_sx260 /nfs-share/xinchi/kaldi/egs/timit/s5_la3/data-fmllr-tri3/train/data/feats_fmllr_train.5.ark:5685722
mrld0_si964 /nfs-share/xinchi/kaldi/egs/timit/s5_la3/data-fmllr-tri3/train/data/feats_fmllr_train.9.ark:3471401
fsag0_sx153 /nfs-share/xinchi/kaldi/egs/timit/s5_la3/data-fmllr-tri3/train/data/feats_fmllr_train.3.ark:5209474
msah1_sx419 /nfs-share/xinchi/kaldi/egs/timit/s5_la3/data-fmllr-tri3/train/data/feats_fmllr_train.9.ark:11346735
mram0_si1275 /nfs-share/xinchi/kaldi/egs/timit/s5_la3/data-fmllr-tri3/train/data/feats_fmllr_train.8.ark:12136659
fmbg0_sx80 /nfs-share/xinchi/kaldi/egs/timit/s5_la3/data-fmllr-tri3/train/data/feats_fmllr_train.2.ark:15057521
fvfb0_sx402 /nfs-share/xinchi/kaldi/egs/timit/s5_la3/data-fmllr-tri3/train/data/feats_fmllr_train.3.ark:16031576
mfwk0_sx259 /nfs-share/xinchi/kaldi/egs/timit/s5_la3/data-fmllr-tri3/train/data/feats_fmllr_train.5.ark:15288961
fjxm0_sx131 /nfs-share/xinchi/kaldi/egs/timit/s5_la3/data-fmllr-tri3/train/data/feats_fmllr_train.2.ark:4539286
mdac0_sx271 /nfs-share/xinchi/kaldi/egs/timit/s5_la3/data-fmllr-tri3/train/data/feats_fmllr_train.4.ark:14589328
mtbc0_sx93 /nfs-share/xinchi/kaldi/egs/timit/s5_la3/data-fmllr-tri3/train/data/feats_fmllr_train.10.ark:2410567
fjsp0_sx84 /nfs-share/xinchi/kaldi/egs/timit/s5_la3/data-fmllr-tri3/train/data/feats_fmllr_train.2.ark:3984240
fdxw0_si2141 /nfs-share/xinchi/kaldi/egs/timit/s5_la3/data-fmllr-tri3/train/data/feats_fmllr_train.1.ark:13041765
fjrb0_sx222 /nfs-share/xinchi/kaldi/egs/timit/s5_la3/data-fmllr-tri3/train/data/feats_fmllr_train.2.ark:2543028
mtmt0_si1748 /nfs-share/xinchi/kaldi/egs/timit/s5_la3/data-fmllr-tri3/train/data/feats_fmllr_train.10.ark:8114302
mjmm0_sx445 /nfs-share/xinchi/kaldi/egs/timit/s5_la3/data-fmllr-tri3/train/data/feats_fmllr_train.6.ark:16039310
ftlg0_sx213 /nfs-share/xinchi/kaldi/egs/timit/s5_la3/data-fmllr-tri3/train/data/feats_fmllr_train.3.ark:15217807
fkde0_si2221 /nfs-share/xinchi/kaldi/egs/timit/s5_la3/data-fmllr-tri3/train/data/feats_fmllr_train.2.ark:5768711
mjac0_sx431 /nfs-share/xinchi/kaldi/egs/timit/s5_la3/data-fmllr-tri3/train/data/feats_fmllr_train.6.ark:6765138
fvfb0_si1510 /nfs-share/xinchi/kaldi/egs/timit/s5_la3/data-fmllr-tri3/train/data/feats_fmllr_train.3.ark:15799280
fjxp0_si1752 /nfs-share/xinchi/kaldi/egs/timit/s5_la3/data-fmllr-tri3/train/data/feats_fmllr_train.2.ark:4884409
mklr0_sx159 /nfs-share/xinchi/kaldi/egs/timit/s5_la3/data-fmllr-tri3/train/data/feats_fmllr_train.7.ark:7986034
fbmj0_sx246 /nfs-share/xinchi/kaldi/egs/timit/s5_la3/data-fmllr-tri3/train/data/feats_fmllr_train.1.ark:4683305
mwem0_sx240 /nfs-share/xinchi/kaldi/egs/timit/s5_la3/data-fmllr-tri3/train/data/feats_fmllr_train.10.ark:15416750
msjk0_sx246 /nfs-share/xinchi/kaldi/egs/timit/s5_la3/data-fmllr-tri3/train/data/feats_fmllr_train.9.ark:15623312
fapb0_sx343 /nfs-share/xinchi/kaldi/egs/timit/s5_la3/data-fmllr-tri3/train/data/feats_fmllr_train.1.ark:1865653
mkah0_sx358 /nfs-share/xinchi/kaldi/egs/timit/s5_la3/data-fmllr-tri3/train/data/feats_fmllr_train.7.ark:4671495
mvlo0_si1777 /nfs-share/xinchi/kaldi/egs/timit/s5_la3/data-fmllr-tri3/train/data/feats_fmllr_train.10.ark:12749866
mdpb0_sx146 /nfs-share/xinchi/kaldi/egs/timit/s5_la3/data-fmllr-tri3/train/data/feats_fmllr_train.5.ark:6857066
mjrg0_sx106 /nfs-share/xinchi/kaldi/egs/timit/s5_la3/data-fmllr-tri3/train/data/feats_fmllr_train.6.ark:17754074
mejl0_sx62 /nfs-share/xinchi/kaldi/egs/timit/s5_la3/data-fmllr-tri3/train/data/feats_fmllr_train.5.ark:12555306
mjra0_sx156 /nfs-share/xinchi/kaldi/egs/timit/s5_la3/data-fmllr-tri3/train/data/feats_fmllr_train.6.ark:17365537
fljg0_sx261 /nfs-share/xinchi/kaldi/egs/timit/s5_la3/data-fmllr-tri3/train/data/feats_fmllr_train.2.ark:11830584
mcef0_sx415 /nfs-share/xinchi/kaldi/egs/timit/s5_la3/data-fmllr-tri3/train/data/feats_fmllr_train.4.ark:10399315
fcmg0_sx342 /nfs-share/xinchi/kaldi/egs/timit/s5_la3/data-fmllr-tri3/train/data/feats_fmllr_train.1.ark:8036967
mjeb0_sx26 /nfs-share/xinchi/kaldi/egs/timit/s5_la3/data-fmllr-tri3/train/data/feats_fmllr_train.6.ark:10304345
mmdb0_si1358 /nfs-share/xinchi/kaldi/egs/timit/s5_la3/data-fmllr-tri3/train/data/feats_fmllr_train.7.ark:15480798
fmkf0_si1018 /nfs-share/xinchi/kaldi/egs/timit/s5_la3/data-fmllr-tri3/train/data/feats_fmllr_train.2.ark:17130474
mmar0_sx256 /nfs-share/xinchi/kaldi/egs/timit/s5_la3/data-fmllr-tri3/train/data/feats_fmllr_train.7.ark:14439936
mtab0_sx222 /nfs-share/xinchi/kaldi/egs/timit/s5_la3/data-fmllr-tri3/train/data/feats_fmllr_train.10.ark:724659
mjee0_sx427 /nfs-share/xinchi/kaldi/egs/timit/s5_la3/data-fmllr-tri3/train/data/feats_fmllr_train.6.ark:11111687
mfer0_sx322 /nfs-share/xinchi/kaldi/egs/timit/s5_la3/data-fmllr-tri3/train/data/feats_fmllr_train.5.ark:14236496
flja0_sx178 /nfs-share/xinchi/kaldi/egs/timit/s5_la3/data-fmllr-tri3/train/data/feats_fmllr_train.2.ark:10927403
mjjb0_sx149 /nfs-share/xinchi/kaldi/egs/timit/s5_la3/data-fmllr-tri3/train/data/feats_fmllr_train.6.ark:12470554
mdjm0_sx195 /nfs-share/xinchi/kaldi/egs/timit/s5_la3/data-fmllr-tri3/train/data/feats_fmllr_train.5.ark:1808696
mkjo0_si2147 /nfs-share/xinchi/kaldi/egs/timit/s5_la3/data-fmllr-tri3/train/data/feats_fmllr_train.7.ark:7196425
maeb0_sx270 /nfs-share/xinchi/kaldi/egs/timit/s5_la3/data-fmllr-tri3/train/data/feats_fmllr_train.4.ark:201882
mtwh1_si2142 /nfs-share/xinchi/kaldi/egs/timit/s5_la3/data-fmllr-tri3/train/data/feats_fmllr_train.10.ark:11607934
mdjm0_sx375 /nfs-share/xinchi/kaldi/egs/timit/s5_la3/data-fmllr-tri3/train/data/feats_fmllr_train.5.ark:1880910
fkdw0_si1207 /nfs-share/xinchi/kaldi/egs/timit/s5_la3/data-fmllr-tri3/train/data/feats_fmllr_train.2.ark:6053993
fsag0_si1953 /nfs-share/xinchi/kaldi/egs/timit/s5_la3/data-fmllr-tri3/train/data/feats_fmllr_train.3.ark:5146700
feme0_sx155 /nfs-share/xinchi/kaldi/egs/timit/s5_la3/data-fmllr-tri3/train/data/feats_fmllr_train.1.ark:15155704
mdbb1_si2056 /nfs-share/xinchi/kaldi/egs/timit/s5_la3/data-fmllr-tri3/train/data/feats_fmllr_train.4.ark:15208106
mbar0_sx59 /nfs-share/xinchi/kaldi/egs/timit/s5_la3/data-fmllr-tri3/train/data/feats_fmllr_train.4.ark:3722158
fmem0_sx387 /nfs-share/xinchi/kaldi/egs/timit/s5_la3/data-fmllr-tri3/train/data/feats_fmllr_train.2.ark:15466219
mjpm0_si738 /nfs-share/xinchi/kaldi/egs/timit/s5_la3/data-fmllr-tri3/train/data/feats_fmllr_train.6.ark:16566036
mwac0_sx71 /nfs-share/xinchi/kaldi/egs/timit/s5_la3/data-fmllr-tri3/train/data/feats_fmllr_train.10.ark:13834941
mhmr0_sx399 /nfs-share/xinchi/kaldi/egs/timit/s5_la3/data-fmllr-tri3/train/data/feats_fmllr_train.6.ark:5319820
mges0_sx131 /nfs-share/xinchi/kaldi/egs/timit/s5_la3/data-fmllr-tri3/train/data/feats_fmllr_train.6.ark:850610
mvjh0_sx26 /nfs-share/xinchi/kaldi/egs/timit/s5_la3/data-fmllr-tri3/train/data/feats_fmllr_train.10.ark:12595356
fskp0_si1728 /nfs-share/xinchi/kaldi/egs/timit/s5_la3/data-fmllr-tri3/train/data/feats_fmllr_train.3.ark:10804939
mgrl0_si2127 /nfs-share/xinchi/kaldi/egs/timit/s5_la3/data-fmllr-tri3/train/data/feats_fmllr_train.6.ark:1544751
fblv0_si1688 /nfs-share/xinchi/kaldi/egs/timit/s5_la3/data-fmllr-tri3/train/data/feats_fmllr_train.1.ark:3716870
mgaw0_sx175 /nfs-share/xinchi/kaldi/egs/timit/s5_la3/data-fmllr-tri3/train/data/feats_fmllr_train.6.ark:549753
mrms0_sx300 /nfs-share/xinchi/kaldi/egs/timit/s5_la3/data-fmllr-tri3/train/data/feats_fmllr_train.9.ark:7016185
mdps0_sx449 /nfs-share/xinchi/kaldi/egs/timit/s5_la3/data-fmllr-tri3/train/data/feats_fmllr_train.5.ark:7675181
fkde0_sx421 /nfs-share/xinchi/kaldi/egs/timit/s5_la3/data-fmllr-tri3/train/data/feats_fmllr_train.2.ark:5950259
mjpm0_sx18 /nfs-share/xinchi/kaldi/egs/timit/s5_la3/data-fmllr-tri3/train/data/feats_fmllr_train.6.ark:16650089
mjjb0_si1277 /nfs-share/xinchi/kaldi/egs/timit/s5_la3/data-fmllr-tri3/train/data/feats_fmllr_train.6.ark:12393539
mgxp0_si525 /nfs-share/xinchi/kaldi/egs/timit/s5_la3/data-fmllr-tri3/train/data/feats_fmllr_train.6.ark:3266282
mges0_sx41 /nfs-share/xinchi/kaldi/egs/timit/s5_la3/data-fmllr-tri3/train/data/feats_fmllr_train.6.ark:1024797
fjdm2_sx52 /nfs-share/xinchi/kaldi/egs/timit/s5_la3/data-fmllr-tri3/train/data/feats_fmllr_train.2.ark:366123
mcth0_si1839 /nfs-share/xinchi/kaldi/egs/timit/s5_la3/data-fmllr-tri3/train/data/feats_fmllr_train.4.ark:13289716
mwgr0_sx256 /nfs-share/xinchi/kaldi/egs/timit/s5_la3/data-fmllr-tri3/train/data/feats_fmllr_train.10.ark:15854887
mrab1_si848 /nfs-share/xinchi/kaldi/egs/timit/s5_la3/data-fmllr-tri3/train/data/feats_fmllr_train.8.ark:11411640
mkls1_si1545 /nfs-share/xinchi/kaldi/egs/timit/s5_la3/data-fmllr-tri3/train/data/feats_fmllr_train.7.ark:8621747
mded0_si540 /nfs-share/xinchi/kaldi/egs/timit/s5_la3/data-fmllr-tri3/train/data/feats_fmllr_train.4.ark:17098471
mprk0_sx17 /nfs-share/xinchi/kaldi/egs/timit/s5_la3/data-fmllr-tri3/train/data/feats_fmllr_train.8.ark:10070826
fjrp1_si2062 /nfs-share/xinchi/kaldi/egs/timit/s5_la3/data-fmllr-tri3/train/data/feats_fmllr_train.2.ark:2870684
mrsp0_sx169 /nfs-share/xinchi/kaldi/egs/timit/s5_la3/data-fmllr-tri3/train/data/feats_fmllr_train.9.ark:8523374
mtju0_sx220 /nfs-share/xinchi/kaldi/egs/timit/s5_la3/data-fmllr-tri3/train/data/feats_fmllr_train.10.ark:5484543
fcdr1_sx376 /nfs-share/xinchi/kaldi/egs/timit/s5_la3/data-fmllr-tri3/train/data/feats_fmllr_train.1.ark:6024517
mtas0_sx305 /nfs-share/xinchi/kaldi/egs/timit/s5_la3/data-fmllr-tri3/train/data/feats_fmllr_train.10.ark:1132423
mmws1_sx81 /nfs-share/xinchi/kaldi/egs/timit/s5_la3/data-fmllr-tri3/train/data/feats_fmllr_train.8.ark:4580511
mfxv0_si1005 /nfs-share/xinchi/kaldi/egs/timit/s5_la3/data-fmllr-tri3/train/data/feats_fmllr_train.5.ark:15867527
mstf0_sx46 /nfs-share/xinchi/kaldi/egs/timit/s5_la3/data-fmllr-tri3/train/data/feats_fmllr_train.9.ark:18104851
ftbr0_si2181 /nfs-share/xinchi/kaldi/egs/timit/s5_la3/data-fmllr-tri3/train/data/feats_fmllr_train.3.ark:14284653
fpad0_sx266 /nfs-share/xinchi/kaldi/egs/timit/s5_la3/data-fmllr-tri3/train/data/feats_fmllr_train.3.ark:1839389
fnkl0_si892 /nfs-share/xinchi/kaldi/egs/timit/s5_la3/data-fmllr-tri3/train/data/feats_fmllr_train.3.ark:81348
mmaa0_sx395 /nfs-share/xinchi/kaldi/egs/timit/s5_la3/data-fmllr-tri3/train/data/feats_fmllr_train.7.ark:12953547
mwsh0_sx166 /nfs-share/xinchi/kaldi/egs/timit/s5_la3/data-fmllr-tri3/train/data/feats_fmllr_train.10.ark:17320686
mtpr0_sx160 /nfs-share/xinchi/kaldi/egs/timit/s5_la3/data-fmllr-tri3/train/data/feats_fmllr_train.10.ark:9679544
mtmt0_sx308 /nfs-share/xinchi/kaldi/egs/timit/s5_la3/data-fmllr-tri3/train/data/feats_fmllr_train.10.ark:8311530
mdwh0_sx35 /nfs-share/xinchi/kaldi/egs/timit/s5_la3/data-fmllr-tri3/train/data/feats_fmllr_train.5.ark:10286460
msmr0_sx145 /nfs-share/xinchi/kaldi/egs/timit/s5_la3/data-fmllr-tri3/train/data/feats_fmllr_train.9.ark:16386918
mjrp0_sx135 /nfs-share/xinchi/kaldi/egs/timit/s5_la3/data-fmllr-tri3/train/data/feats_fmllr_train.7.ark:1255467
fkdw0_sx127 /nfs-share/xinchi/kaldi/egs/timit/s5_la3/data-fmllr-tri3/train/data/feats_fmllr_train.2.ark:6253275
mkdb0_si872 /nfs-share/xinchi/kaldi/egs/timit/s5_la3/data-fmllr-tri3/train/data/feats_fmllr_train.7.ark:5640865
mprb0_sx305 /nfs-share/xinchi/kaldi/egs/timit/s5_la3/data-fmllr-tri3/train/data/feats_fmllr_train.8.ark:9233780
mjda0_sx311 /nfs-share/xinchi/kaldi/egs/timit/s5_la3/data-fmllr-tri3/train/data/feats_fmllr_train.6.ark:8217981
mmdb0_sx447 /nfs-share/xinchi/kaldi/egs/timit/s5_la3/data-fmllr-tri3/train/data/feats_fmllr_train.7.ark:15755521
fnkl0_si2152 /nfs-share/xinchi/kaldi/egs/timit/s5_la3/data-fmllr-tri3/train/data/feats_fmllr_train.3.ark:40521
mjlb0_sx86 /nfs-share/xinchi/kaldi/egs/timit/s5_la3/data-fmllr-tri3/train/data/feats_fmllr_train.6.ark:14267369
flac0_sx91 /nfs-share/xinchi/kaldi/egs/timit/s5_la3/data-fmllr-tri3/train/data/feats_fmllr_train.2.ark:9180182
fsak0_si1300 /nfs-share/xinchi/kaldi/egs/timit/s5_la3/data-fmllr-tri3/train/data/feats_fmllr_train.3.ark:5957186
fdjh0_sx395 /nfs-share/xinchi/kaldi/egs/timit/s5_la3/data-fmllr-tri3/train/data/feats_fmllr_train.1.ark:10791341
mcal0_si508 /nfs-share/xinchi/kaldi/egs/timit/s5_la3/data-fmllr-tri3/train/data/feats_fmllr_train.4.ark:8700259
fsak0_sx130 /nfs-share/xinchi/kaldi/egs/timit/s5_la3/data-fmllr-tri3/train/data/feats_fmllr_train.3.ark:6105268
mlsh0_si2047 /nfs-share/xinchi/kaldi/egs/timit/s5_la3/data-fmllr-tri3/train/data/feats_fmllr_train.7.ark:12248849
fmbg0_sx350 /nfs-share/xinchi/kaldi/egs/timit/s5_la3/data-fmllr-tri3/train/data/feats_fmllr_train.2.ark:14939388
faem0_si762 /nfs-share/xinchi/kaldi/egs/timit/s5_la3/data-fmllr-tri3/train/data/feats_fmllr_train.1.ark:111588
mdpk0_sx333 /nfs-share/xinchi/kaldi/egs/timit/s5_la3/data-fmllr-tri3/train/data/feats_fmllr_train.5.ark:7272377
fsls0_si1686 /nfs-share/xinchi/kaldi/egs/timit/s5_la3/data-fmllr-tri3/train/data/feats_fmllr_train.3.ark:11142596
mkdb0_sx422 /nfs-share/xinchi/kaldi/egs/timit/s5_la3/data-fmllr-tri3/train/data/feats_fmllr_train.7.ark:5836653
mbjv0_sx77 /nfs-share/xinchi/kaldi/egs/timit/s5_la3/data-fmllr-tri3/train/data/feats_fmllr_train.4.ark:5512523
fsjg0_si940 /nfs-share/xinchi/kaldi/egs/timit/s5_la3/data-fmllr-tri3/train/data/feats_fmllr_train.3.ark:8408304
mmbs0_si1781 /nfs-share/xinchi/kaldi/egs/timit/s5_la3/data-fmllr-tri3/train/data/feats_fmllr_train.7.ark:14703912
ftlg0_sx303 /nfs-share/xinchi/kaldi/egs/timit/s5_la3/data-fmllr-tri3/train/data/feats_fmllr_train.3.ark:15263434
mbbr0_sx425 /nfs-share/xinchi/kaldi/egs/timit/s5_la3/data-fmllr-tri3/train/data/feats_fmllr_train.4.ark:4048590
mrws0_sx112 /nfs-share/xinchi/kaldi/egs/timit/s5_la3/data-fmllr-tri3/train/data/feats_fmllr_train.9.ark:10512939
msmc0_si1907 /nfs-share/xinchi/kaldi/egs/timit/s5_la3/data-fmllr-tri3/train/data/feats_fmllr_train.9.ark:15828060
mfmc0_si1762 /nfs-share/xinchi/kaldi/egs/timit/s5_la3/data-fmllr-tri3/train/data/feats_fmllr_train.5.ark:14404445
fnkl0_sx196 /nfs-share/xinchi/kaldi/egs/timit/s5_la3/data-fmllr-tri3/train/data/feats_fmllr_train.3.ark:207642
flmk0_si1035 /nfs-share/xinchi/kaldi/egs/timit/s5_la3/data-fmllr-tri3/train/data/feats_fmllr_train.2.ark:13204142
mjfh0_si1107 /nfs-share/xinchi/kaldi/egs/timit/s5_la3/data-fmllr-tri3/train/data/feats_fmllr_train.6.ark:11215581
fear0_si1252 /nfs-share/xinchi/kaldi/egs/timit/s5_la3/data-fmllr-tri3/train/data/feats_fmllr_train.1.ark:13743451
mmws1_si1701 /nfs-share/xinchi/kaldi/egs/timit/s5_la3/data-fmllr-tri3/train/data/feats_fmllr_train.8.ark:4364830
mzmb0_sx266 /nfs-share/xinchi/kaldi/egs/timit/s5_la3/data-fmllr-tri3/train/data/feats_fmllr_train.10.ark:17803010
fjxm0_sx221 /nfs-share/xinchi/kaldi/egs/timit/s5_la3/data-fmllr-tri3/train/data/feats_fmllr_train.2.ark:4581553
mkls1_sx105 /nfs-share/xinchi/kaldi/egs/timit/s5_la3/data-fmllr-tri3/train/data/feats_fmllr_train.7.ark:8780229
mljc0_si1855 /nfs-share/xinchi/kaldi/egs/timit/s5_la3/data-fmllr-tri3/train/data/feats_fmllr_train.7.ark:11026438
mhmg0_si735 /nfs-share/xinchi/kaldi/egs/timit/s5_la3/data-fmllr-tri3/train/data/feats_fmllr_train.6.ark:4692269
mtmt0_sx218 /nfs-share/xinchi/kaldi/egs/timit/s5_la3/data-fmllr-tri3/train/data/feats_fmllr_train.10.ark:8265103
mmws0_sx348 /nfs-share/xinchi/kaldi/egs/timit/s5_la3/data-fmllr-tri3/train/data/feats_fmllr_train.8.ark:4159761
fsbk0_sx79 /nfs-share/xinchi/kaldi/egs/timit/s5_la3/data-fmllr-tri3/train/data/feats_fmllr_train.3.ark:6700153
mrvg0_sx330 /nfs-share/xinchi/kaldi/egs/timit/s5_la3/data-fmllr-tri3/train/data/feats_fmllr_train.9.ark:9858959
mtml0_sx165 /nfs-share/xinchi/kaldi/egs/timit/s5_la3/data-fmllr-tri3/train/data/feats_fmllr_train.10.ark:7399842
mrem0_sx331 /nfs-share/xinchi/kaldi/egs/timit/s5_la3/data-fmllr-tri3/train/data/feats_fmllr_train.8.ark:16207608
flkm0_sx116 /nfs-share/xinchi/kaldi/egs/timit/s5_la3/data-fmllr-tri3/train/data/feats_fmllr_train.2.ark:12206453
msvs0_sx218 /nfs-share/xinchi/kaldi/egs/timit/s5_la3/data-fmllr-tri3/train/data/feats_fmllr_train.10.ark:249402
fkaa0_sx128 /nfs-share/xinchi/kaldi/egs/timit/s5_la3/data-fmllr-tri3/train/data/feats_fmllr_train.2.ark:5349480
mwem0_si1320 /nfs-share/xinchi/kaldi/egs/timit/s5_la3/data-fmllr-tri3/train/data/feats_fmllr_train.10.ark:15248000
mrab1_si1478 /nfs-share/xinchi/kaldi/egs/timit/s5_la3/data-fmllr-tri3/train/data/feats_fmllr_train.8.ark:11321025
fbas0_sx127 /nfs-share/xinchi/kaldi/egs/timit/s5_la3/data-fmllr-tri3/train/data/feats_fmllr_train.1.ark:2279417
fcyl0_si1297 /nfs-share/xinchi/kaldi/egs/timit/s5_la3/data-fmllr-tri3/train/data/feats_fmllr_train.1.ark:8926122
fgcs0_sx226 /nfs-share/xinchi/kaldi/egs/timit/s5_la3/data-fmllr-tri3/train/data/feats_fmllr_train.1.ark:16438303
mrcg0_si2058 /nfs-share/xinchi/kaldi/egs/timit/s5_la3/data-fmllr-tri3/train/data/feats_fmllr_train.8.ark:13305180
mrtc0_si2088 /nfs-share/xinchi/kaldi/egs/timit/s5_la3/data-fmllr-tri3/train/data/feats_fmllr_train.9.ark:8826097
fmmh0_sx420 /nfs-share/xinchi/kaldi/egs/timit/s5_la3/data-fmllr-tri3/train/data/feats_fmllr_train.2.ark:17782985
mejs0_si610 /nfs-share/xinchi/kaldi/egs/timit/s5_la3/data-fmllr-tri3/train/data/feats_fmllr_train.5.ark:12703229
mrlk0_sx33 /nfs-share/xinchi/kaldi/egs/timit/s5_la3/data-fmllr-tri3/train/data/feats_fmllr_train.9.ark:4706880
fsdj0_sx305 /nfs-share/xinchi/kaldi/egs/timit/s5_la3/data-fmllr-tri3/train/data/feats_fmllr_train.3.ark:7800271
