mrjm0_sx148 /nfs-share/xinchi/kaldi/egs/timit/s5_la4/data-fmllr-tri3/train/data/feats_fmllr_train.9.ark:1843522
mmdg0_sx340 /nfs-share/xinchi/kaldi/egs/timit/s5_la4/data-fmllr-tri3/train/data/feats_fmllr_train.7.ark:16099231
mjpg0_sx291 /nfs-share/xinchi/kaldi/egs/timit/s5_la4/data-fmllr-tri3/train/data/feats_fmllr_train.6.ark:16371686
mgaf0_sx292 /nfs-share/xinchi/kaldi/egs/timit/s5_la4/data-fmllr-tri3/train/data/feats_fmllr_train.5.ark:16482307
ftmg0_sx362 /nfs-share/xinchi/kaldi/egs/timit/s5_la4/data-fmllr-tri3/train/data/feats_fmllr_train.3.ark:15607171
mtlb0_sx324 /nfs-share/xinchi/kaldi/egs/timit/s5_la4/data-fmllr-tri3/train/data/feats_fmllr_train.10.ark:6723301
fetb0_sx68 /nfs-share/xinchi/kaldi/egs/timit/s5_la4/data-fmllr-tri3/train/data/feats_fmllr_train.1.ark:15752188
fvkb0_sx169 /nfs-share/xinchi/kaldi/egs/timit/s5_la4/data-fmllr-tri3/train/data/feats_fmllr_train.3.ark:16219392
meal0_si2177 /nfs-share/xinchi/kaldi/egs/timit/s5_la4/data-fmllr-tri3/train/data/feats_fmllr_train.5.ark:10811080
mmbs0_si521 /nfs-share/xinchi/kaldi/egs/timit/s5_la4/data-fmllr-tri3/train/data/feats_fmllr_train.7.ark:14736099
flac0_sx271 /nfs-share/xinchi/kaldi/egs/timit/s5_la4/data-fmllr-tri3/train/data/feats_fmllr_train.2.ark:9044422
flet0_sx57 /nfs-share/xinchi/kaldi/egs/timit/s5_la4/data-fmllr-tri3/train/data/feats_fmllr_train.2.ark:10378914
fsdc0_si1942 /nfs-share/xinchi/kaldi/egs/timit/s5_la4/data-fmllr-tri3/train/data/feats_fmllr_train.3.ark:7291145
mrav0_si1638 /nfs-share/xinchi/kaldi/egs/timit/s5_la4/data-fmllr-tri3/train/data/feats_fmllr_train.8.ark:12541065
fskp0_sx198 /nfs-share/xinchi/kaldi/egs/timit/s5_la4/data-fmllr-tri3/train/data/feats_fmllr_train.3.ark:10966646
mrwa0_si973 /nfs-share/xinchi/kaldi/egs/timit/s5_la4/data-fmllr-tri3/train/data/feats_fmllr_train.9.ark:10096055
msms0_si2063 /nfs-share/xinchi/kaldi/egs/timit/s5_la4/data-fmllr-tri3/train/data/feats_fmllr_train.9.ark:16668681
mgak0_sx406 /nfs-share/xinchi/kaldi/egs/timit/s5_la4/data-fmllr-tri3/train/data/feats_fmllr_train.5.ark:17254582
mjwt0_sx121 /nfs-share/xinchi/kaldi/egs/timit/s5_la4/data-fmllr-tri3/train/data/feats_fmllr_train.7.ark:3015854
feeh0_si1112 /nfs-share/xinchi/kaldi/egs/timit/s5_la4/data-fmllr-tri3/train/data/feats_fmllr_train.1.ark:14596205
mjra0_sx336 /nfs-share/xinchi/kaldi/egs/timit/s5_la4/data-fmllr-tri3/train/data/feats_fmllr_train.6.ark:17450231
mprd0_sx81 /nfs-share/xinchi/kaldi/egs/timit/s5_la4/data-fmllr-tri3/train/data/feats_fmllr_train.8.ark:9775970
mtrt0_sx254 /nfs-share/xinchi/kaldi/egs/timit/s5_la4/data-fmllr-tri3/train/data/feats_fmllr_train.10.ark:11429905
mmsm0_sx206 /nfs-share/xinchi/kaldi/egs/timit/s5_la4/data-fmllr-tri3/train/data/feats_fmllr_train.8.ark:2784203
mmwb0_sx89 /nfs-share/xinchi/kaldi/egs/timit/s5_la4/data-fmllr-tri3/train/data/feats_fmllr_train.8.ark:3890158
fmmh0_si907 /nfs-share/xinchi/kaldi/egs/timit/s5_la4/data-fmllr-tri3/train/data/feats_fmllr_train.2.ark:17652344
mrre0_sx434 /nfs-share/xinchi/kaldi/egs/timit/s5_la4/data-fmllr-tri3/train/data/feats_fmllr_train.9.ark:7775820
mjmd0_sx218 /nfs-share/xinchi/kaldi/egs/timit/s5_la4/data-fmllr-tri3/train/data/feats_fmllr_train.6.ark:15578879
mmaa0_sx305 /nfs-share/xinchi/kaldi/egs/timit/s5_la4/data-fmllr-tri3/train/data/feats_fmllr_train.7.ark:12869814
mejl0_sx242 /nfs-share/xinchi/kaldi/egs/timit/s5_la4/data-fmllr-tri3/train/data/feats_fmllr_train.5.ark:12416506
mwgr0_sx436 /nfs-share/xinchi/kaldi/egs/timit/s5_la4/data-fmllr-tri3/train/data/feats_fmllr_train.10.ark:15949341
mtwh1_sx252 /nfs-share/xinchi/kaldi/egs/timit/s5_la4/data-fmllr-tri3/train/data/feats_fmllr_train.10.ark:11715215
fmju0_sx399 /nfs-share/xinchi/kaldi/egs/timit/s5_la4/data-fmllr-tri3/train/data/feats_fmllr_train.2.ark:16692948
mtjm0_si655 /nfs-share/xinchi/kaldi/egs/timit/s5_la4/data-fmllr-tri3/train/data/feats_fmllr_train.10.ark:4585975
mlel0_si616 /nfs-share/xinchi/kaldi/egs/timit/s5_la4/data-fmllr-tri3/train/data/feats_fmllr_train.7.ark:10587368
fkde0_sx331 /nfs-share/xinchi/kaldi/egs/timit/s5_la4/data-fmllr-tri3/train/data/feats_fmllr_train.2.ark:5895192
mdps0_sx269 /nfs-share/xinchi/kaldi/egs/timit/s5_la4/data-fmllr-tri3/train/data/feats_fmllr_train.5.ark:7586327
fcjf0_sx307 /nfs-share/xinchi/kaldi/egs/timit/s5_la4/data-fmllr-tri3/train/data/feats_fmllr_train.1.ark:6602498
mwsb0_sx6 /nfs-share/xinchi/kaldi/egs/timit/s5_la4/data-fmllr-tri3/train/data/feats_fmllr_train.10.ark:17062790
megj0_sx3 /nfs-share/xinchi/kaldi/egs/timit/s5_la4/data-fmllr-tri3/train/data/feats_fmllr_train.5.ark:12118076
fjhk0_si1022 /nfs-share/xinchi/kaldi/egs/timit/s5_la4/data-fmllr-tri3/train/data/feats_fmllr_train.2.ark:864449
mrdm0_si1595 /nfs-share/xinchi/kaldi/egs/timit/s5_la4/data-fmllr-tri3/train/data/feats_fmllr_train.8.ark:14477032
mrwa0_sx343 /nfs-share/xinchi/kaldi/egs/timit/s5_la4/data-fmllr-tri3/train/data/feats_fmllr_train.9.ark:10219656
fdxw0_sx71 /nfs-share/xinchi/kaldi/egs/timit/s5_la4/data-fmllr-tri3/train/data/feats_fmllr_train.1.ark:13310566
fcmm0_sx183 /nfs-share/xinchi/kaldi/egs/timit/s5_la4/data-fmllr-tri3/train/data/feats_fmllr_train.1.ark:8344010
fkkh0_si660 /nfs-share/xinchi/kaldi/egs/timit/s5_la4/data-fmllr-tri3/train/data/feats_fmllr_train.2.ark:7043602
mdpk0_si1053 /nfs-share/xinchi/kaldi/egs/timit/s5_la4/data-fmllr-tri3/train/data/feats_fmllr_train.5.ark:7068081
mtab0_si942 /nfs-share/xinchi/kaldi/egs/timit/s5_la4/data-fmllr-tri3/train/data/feats_fmllr_train.10.ark:606205
mkdb0_si588 /nfs-share/xinchi/kaldi/egs/timit/s5_la4/data-fmllr-tri3/train/data/feats_fmllr_train.7.ark:5604358
fsjw0_sx343 /nfs-share/xinchi/kaldi/egs/timit/s5_la4/data-fmllr-tri3/train/data/feats_fmllr_train.3.ark:9834796
mcss0_sx300 /nfs-share/xinchi/kaldi/egs/timit/s5_la4/data-fmllr-tri3/train/data/feats_fmllr_train.4.ark:13148513
mgaw0_si535 /nfs-share/xinchi/kaldi/egs/timit/s5_la4/data-fmllr-tri3/train/data/feats_fmllr_train.6.ark:516126
mgar0_si1212 /nfs-share/xinchi/kaldi/egs/timit/s5_la4/data-fmllr-tri3/train/data/feats_fmllr_train.6.ark:13
mhxl0_si1772 /nfs-share/xinchi/kaldi/egs/timit/s5_la4/data-fmllr-tri3/train/data/feats_fmllr_train.6.ark:5723585
fleh0_si1051 /nfs-share/xinchi/kaldi/egs/timit/s5_la4/data-fmllr-tri3/train/data/feats_fmllr_train.2.ark:9664267
mmdm0_si681 /nfs-share/xinchi/kaldi/egs/timit/s5_la4/data-fmllr-tri3/train/data/feats_fmllr_train.7.ark:16349127
mjdc0_si531 /nfs-share/xinchi/kaldi/egs/timit/s5_la4/data-fmllr-tri3/train/data/feats_fmllr_train.6.ark:8437637
fcmg0_si1872 /nfs-share/xinchi/kaldi/egs/timit/s5_la4/data-fmllr-tri3/train/data/feats_fmllr_train.1.ark:7902006
mfwk0_sx439 /nfs-share/xinchi/kaldi/egs/timit/s5_la4/data-fmllr-tri3/train/data/feats_fmllr_train.5.ark:15399895
mmdg0_sx160 /nfs-share/xinchi/kaldi/egs/timit/s5_la4/data-fmllr-tri3/train/data/feats_fmllr_train.7.ark:15979657
mrew1_sx420 /nfs-share/xinchi/kaldi/egs/timit/s5_la4/data-fmllr-tri3/train/data/feats_fmllr_train.8.ark:16604812
mtdp0_sx441 /nfs-share/xinchi/kaldi/egs/timit/s5_la4/data-fmllr-tri3/train/data/feats_fmllr_train.10.ark:3576633
msjk0_si966 /nfs-share/xinchi/kaldi/egs/timit/s5_la4/data-fmllr-tri3/train/data/feats_fmllr_train.9.ark:15525498
fsma0_sx361 /nfs-share/xinchi/kaldi/egs/timit/s5_la4/data-fmllr-tri3/train/data/feats_fmllr_train.3.ark:11734282
mpeb0_si600 /nfs-share/xinchi/kaldi/egs/timit/s5_la4/data-fmllr-tri3/train/data/feats_fmllr_train.8.ark:6117620
fjxp0_sx312 /nfs-share/xinchi/kaldi/egs/timit/s5_la4/data-fmllr-tri3/train/data/feats_fmllr_train.2.ark:5058277
msdh0_sx350 /nfs-share/xinchi/kaldi/egs/timit/s5_la4/data-fmllr-tri3/train/data/feats_fmllr_train.9.ark:13033875
fajw0_sx3 /nfs-share/xinchi/kaldi/egs/timit/s5_la4/data-fmllr-tri3/train/data/feats_fmllr_train.1.ark:683084
mgrl0_sx237 /nfs-share/xinchi/kaldi/egs/timit/s5_la4/data-fmllr-tri3/train/data/feats_fmllr_train.6.ark:1689792
flhd0_si1827 /nfs-share/xinchi/kaldi/egs/timit/s5_la4/data-fmllr-tri3/train/data/feats_fmllr_train.2.ark:10463130
mjrh0_sx45 /nfs-share/xinchi/kaldi/egs/timit/s5_la4/data-fmllr-tri3/train/data/feats_fmllr_train.7.ark:340203
mrsp0_si2059 /nfs-share/xinchi/kaldi/egs/timit/s5_la4/data-fmllr-tri3/train/data/feats_fmllr_train.9.ark:8423800
flkm0_sx350 /nfs-share/xinchi/kaldi/egs/timit/s5_la4/data-fmllr-tri3/train/data/feats_fmllr_train.2.ark:12303627
mjda0_si2291 /nfs-share/xinchi/kaldi/egs/timit/s5_la4/data-fmllr-tri3/train/data/feats_fmllr_train.6.ark:8096300
mesj0_sx367 /nfs-share/xinchi/kaldi/egs/timit/s5_la4/data-fmllr-tri3/train/data/feats_fmllr_train.5.ark:13586624
fmju0_sx219 /nfs-share/xinchi/kaldi/egs/timit/s5_la4/data-fmllr-tri3/train/data/feats_fmllr_train.2.ark:16542468
mewm0_sx358 /nfs-share/xinchi/kaldi/egs/timit/s5_la4/data-fmllr-tri3/train/data/feats_fmllr_train.5.ark:13903319
mjjj0_sx353 /nfs-share/xinchi/kaldi/egs/timit/s5_la4/data-fmllr-tri3/train/data/feats_fmllr_train.6.ark:13027145
fgmb0_sx245 /nfs-share/xinchi/kaldi/egs/timit/s5_la4/data-fmllr-tri3/train/data/feats_fmllr_train.1.ark:17296177
mmab1_sx54 /nfs-share/xinchi/kaldi/egs/timit/s5_la4/data-fmllr-tri3/train/data/feats_fmllr_train.7.ark:13354244
fbch0_si959 /nfs-share/xinchi/kaldi/egs/timit/s5_la4/data-fmllr-tri3/train/data/feats_fmllr_train.1.ark:2955823
mdlm0_si1234 /nfs-share/xinchi/kaldi/egs/timit/s5_la4/data-fmllr-tri3/train/data/feats_fmllr_train.5.ark:4310241
mdlr0_si1863 /nfs-share/xinchi/kaldi/egs/timit/s5_la4/data-fmllr-tri3/train/data/feats_fmllr_train.5.ark:4713526
mmws1_sx261 /nfs-share/xinchi/kaldi/egs/timit/s5_la4/data-fmllr-tri3/train/data/feats_fmllr_train.8.ark:4438965
makb0_sx296 /nfs-share/xinchi/kaldi/egs/timit/s5_la4/data-fmllr-tri3/train/data/feats_fmllr_train.4.ark:1875446
fltm0_sx260 /nfs-share/xinchi/kaldi/egs/timit/s5_la4/data-fmllr-tri3/train/data/feats_fmllr_train.2.ark:14111088
fmkf0_sx186 /nfs-share/xinchi/kaldi/egs/timit/s5_la4/data-fmllr-tri3/train/data/feats_fmllr_train.2.ark:17307836
mrws0_sx292 /nfs-share/xinchi/kaldi/egs/timit/s5_la4/data-fmllr-tri3/train/data/feats_fmllr_train.9.ark:10611259
mfer0_si862 /nfs-share/xinchi/kaldi/egs/timit/s5_la4/data-fmllr-tri3/train/data/feats_fmllr_train.5.ark:14074975
mctm0_sx90 /nfs-share/xinchi/kaldi/egs/timit/s5_la4/data-fmllr-tri3/train/data/feats_fmllr_train.4.ark:13956494
mcdd0_si1513 /nfs-share/xinchi/kaldi/egs/timit/s5_la4/data-fmllr-tri3/train/data/feats_fmllr_train.4.ark:9348798
mtas0_si755 /nfs-share/xinchi/kaldi/egs/timit/s5_la4/data-fmllr-tri3/train/data/feats_fmllr_train.10.ark:1021942
fsjs0_sx181 /nfs-share/xinchi/kaldi/egs/timit/s5_la4/data-fmllr-tri3/train/data/feats_fmllr_train.3.ark:9321725
mtcs0_sx82 /nfs-share/xinchi/kaldi/egs/timit/s5_la4/data-fmllr-tri3/train/data/feats_fmllr_train.10.ark:2785024
mmag0_si1126 /nfs-share/xinchi/kaldi/egs/timit/s5_la4/data-fmllr-tri3/train/data/feats_fmllr_train.7.ark:13412672
fdkn0_si1081 /nfs-share/xinchi/kaldi/egs/timit/s5_la4/data-fmllr-tri3/train/data/feats_fmllr_train.1.ark:10838089
ftmg0_si2162 /nfs-share/xinchi/kaldi/egs/timit/s5_la4/data-fmllr-tri3/train/data/feats_fmllr_train.3.ark:15409303
mter0_sx257 /nfs-share/xinchi/kaldi/egs/timit/s5_la4/data-fmllr-tri3/train/data/feats_fmllr_train.10.ark:3939222
mrfl0_sx166 /nfs-share/xinchi/kaldi/egs/timit/s5_la4/data-fmllr-tri3/train/data/feats_fmllr_train.8.ark:17226126
mmab1_sx234 /nfs-share/xinchi/kaldi/egs/timit/s5_la4/data-fmllr-tri3/train/data/feats_fmllr_train.7.ark:13188244
mrcg0_sx348 /nfs-share/xinchi/kaldi/egs/timit/s5_la4/data-fmllr-tri3/train/data/feats_fmllr_train.8.ark:13506408
mtab0_sx312 /nfs-share/xinchi/kaldi/egs/timit/s5_la4/data-fmllr-tri3/train/data/feats_fmllr_train.10.ark:775406
mkes0_sx83 /nfs-share/xinchi/kaldi/egs/timit/s5_la4/data-fmllr-tri3/train/data/feats_fmllr_train.7.ark:7105329
mdmt0_sx212 /nfs-share/xinchi/kaldi/egs/timit/s5_la4/data-fmllr-tri3/train/data/feats_fmllr_train.5.ark:6090739
mmsm0_sx296 /nfs-share/xinchi/kaldi/egs/timit/s5_la4/data-fmllr-tri3/train/data/feats_fmllr_train.8.ark:2882336
freh0_si1945 /nfs-share/xinchi/kaldi/egs/timit/s5_la4/data-fmllr-tri3/train/data/feats_fmllr_train.3.ark:4065889
fklc1_sx148 /nfs-share/xinchi/kaldi/egs/timit/s5_la4/data-fmllr-tri3/train/data/feats_fmllr_train.2.ark:7841024
mrlk0_si1468 /nfs-share/xinchi/kaldi/egs/timit/s5_la4/data-fmllr-tri3/train/data/feats_fmllr_train.9.ark:4399358
mmdm0_sx321 /nfs-share/xinchi/kaldi/egs/timit/s5_la4/data-fmllr-tri3/train/data/feats_fmllr_train.7.ark:16464728
fspm0_si611 /nfs-share/xinchi/kaldi/egs/timit/s5_la4/data-fmllr-tri3/train/data/feats_fmllr_train.3.ark:12823172
mtdp0_si2151 /nfs-share/xinchi/kaldi/egs/timit/s5_la4/data-fmllr-tri3/train/data/feats_fmllr_train.10.ark:3324845
fdjh0_sx125 /nfs-share/xinchi/kaldi/egs/timit/s5_la4/data-fmllr-tri3/train/data/feats_fmllr_train.1.ark:10626914
mafm0_sx39 /nfs-share/xinchi/kaldi/egs/timit/s5_la4/data-fmllr-tri3/train/data/feats_fmllr_train.4.ark:988130
mgxp0_sx277 /nfs-share/xinchi/kaldi/egs/timit/s5_la4/data-fmllr-tri3/train/data/feats_fmllr_train.6.ark:3377216
mjwg0_sx175 /nfs-share/xinchi/kaldi/egs/timit/s5_la4/data-fmllr-tri3/train/data/feats_fmllr_train.7.ark:2162780
mhxl0_sx332 /nfs-share/xinchi/kaldi/egs/timit/s5_la4/data-fmllr-tri3/train/data/feats_fmllr_train.6.ark:5956360
mzmb0_sx446 /nfs-share/xinchi/kaldi/egs/timit/s5_la4/data-fmllr-tri3/train/data/feats_fmllr_train.10.ark:17896504
mrem0_si1591 /nfs-share/xinchi/kaldi/egs/timit/s5_la4/data-fmllr-tri3/train/data/feats_fmllr_train.8.ark:15967633
mjai0_si1604 /nfs-share/xinchi/kaldi/egs/timit/s5_la4/data-fmllr-tri3/train/data/feats_fmllr_train.6.ark:7268130
mdhl0_sx449 /nfs-share/xinchi/kaldi/egs/timit/s5_la4/data-fmllr-tri3/train/data/feats_fmllr_train.5.ark:1108290
mtas0_si1385 /nfs-share/xinchi/kaldi/egs/timit/s5_la4/data-fmllr-tri3/train/data/feats_fmllr_train.10.ark:937407
mjlb0_si1616 /nfs-share/xinchi/kaldi/egs/timit/s5_la4/data-fmllr-tri3/train/data/feats_fmllr_train.6.ark:13949420
fdas1_si2091 /nfs-share/xinchi/kaldi/egs/timit/s5_la4/data-fmllr-tri3/train/data/feats_fmllr_train.1.ark:9407647
mtml0_si2325 /nfs-share/xinchi/kaldi/egs/timit/s5_la4/data-fmllr-tri3/train/data/feats_fmllr_train.10.ark:7343815
msdb0_sx377 /nfs-share/xinchi/kaldi/egs/timit/s5_la4/data-fmllr-tri3/train/data/feats_fmllr_train.9.ark:12765711
fjlg0_si1506 /nfs-share/xinchi/kaldi/egs/timit/s5_la4/data-fmllr-tri3/train/data/feats_fmllr_train.2.ark:1614004
mljh0_si694 /nfs-share/xinchi/kaldi/egs/timit/s5_la4/data-fmllr-tri3/train/data/feats_fmllr_train.7.ark:11485562
mjma0_si865 /nfs-share/xinchi/kaldi/egs/timit/s5_la4/data-fmllr-tri3/train/data/feats_fmllr_train.6.ark:15175887
mewm0_sx88 /nfs-share/xinchi/kaldi/egs/timit/s5_la4/data-fmllr-tri3/train/data/feats_fmllr_train.5.ark:13974412
mklw0_sx311 /nfs-share/xinchi/kaldi/egs/timit/s5_la4/data-fmllr-tri3/train/data/feats_fmllr_train.7.ark:9216981
mrmb0_sx411 /nfs-share/xinchi/kaldi/egs/timit/s5_la4/data-fmllr-tri3/train/data/feats_fmllr_train.9.ark:5424435
mdbb1_sx196 /nfs-share/xinchi/kaldi/egs/timit/s5_la4/data-fmllr-tri3/train/data/feats_fmllr_train.4.ark:15338426
fspm0_sx161 /nfs-share/xinchi/kaldi/egs/timit/s5_la4/data-fmllr-tri3/train/data/feats_fmllr_train.3.ark:12860799
mrmg0_sx360 /nfs-share/xinchi/kaldi/egs/timit/s5_la4/data-fmllr-tri3/train/data/feats_fmllr_train.9.ark:5747666
mkag0_sx169 /nfs-share/xinchi/kaldi/egs/timit/s5_la4/data-fmllr-tri3/train/data/feats_fmllr_train.7.ark:4189305
msah1_si2309 /nfs-share/xinchi/kaldi/egs/timit/s5_la4/data-fmllr-tri3/train/data/feats_fmllr_train.9.ark:11162627
fgcs0_sx316 /nfs-share/xinchi/kaldi/egs/timit/s5_la4/data-fmllr-tri3/train/data/feats_fmllr_train.1.ark:16484570
mdrd0_si1382 /nfs-share/xinchi/kaldi/egs/timit/s5_la4/data-fmllr-tri3/train/data/feats_fmllr_train.5.ark:7766115
mrre0_sx344 /nfs-share/xinchi/kaldi/egs/timit/s5_la4/data-fmllr-tri3/train/data/feats_fmllr_train.9.ark:7734193
mcxm0_sx181 /nfs-share/xinchi/kaldi/egs/timit/s5_la4/data-fmllr-tri3/train/data/feats_fmllr_train.4.ark:14128444
mgaf0_sx202 /nfs-share/xinchi/kaldi/egs/timit/s5_la4/data-fmllr-tri3/train/data/feats_fmllr_train.5.ark:16431374
mtml0_sx255 /nfs-share/xinchi/kaldi/egs/timit/s5_la4/data-fmllr-tri3/train/data/feats_fmllr_train.10.ark:7454109
fskc0_si786 /nfs-share/xinchi/kaldi/egs/timit/s5_la4/data-fmllr-tri3/train/data/feats_fmllr_train.3.ark:10092852
feme0_sx65 /nfs-share/xinchi/kaldi/egs/timit/s5_la4/data-fmllr-tri3/train/data/feats_fmllr_train.1.ark:15377251
mhjb0_si1017 /nfs-share/xinchi/kaldi/egs/timit/s5_la4/data-fmllr-tri3/train/data/feats_fmllr_train.6.ark:4299836
fear0_sx442 /nfs-share/xinchi/kaldi/egs/timit/s5_la4/data-fmllr-tri3/train/data/feats_fmllr_train.1.ark:14037374
mrai0_sx432 /nfs-share/xinchi/kaldi/egs/timit/s5_la4/data-fmllr-tri3/train/data/feats_fmllr_train.8.ark:12031325
mjai0_sx164 /nfs-share/xinchi/kaldi/egs/timit/s5_la4/data-fmllr-tri3/train/data/feats_fmllr_train.6.ark:7453971
fkaa0_sx398 /nfs-share/xinchi/kaldi/egs/timit/s5_la4/data-fmllr-tri3/train/data/feats_fmllr_train.2.ark:5559347
mjbg0_sx62 /nfs-share/xinchi/kaldi/egs/timit/s5_la4/data-fmllr-tri3/train/data/feats_fmllr_train.6.ark:7992376
mbom0_sx294 /nfs-share/xinchi/kaldi/egs/timit/s5_la4/data-fmllr-tri3/train/data/feats_fmllr_train.4.ark:6880379
mmgk0_sx152 /nfs-share/xinchi/kaldi/egs/timit/s5_la4/data-fmllr-tri3/train/data/feats_fmllr_train.8.ark:843891
mrsp0_sx439 /nfs-share/xinchi/kaldi/egs/timit/s5_la4/data-fmllr-tri3/train/data/feats_fmllr_train.9.ark:8651455
mdlc0_si1395 /nfs-share/xinchi/kaldi/egs/timit/s5_la4/data-fmllr-tri3/train/data/feats_fmllr_train.5.ark:2782173
mcal0_sx328 /nfs-share/xinchi/kaldi/egs/timit/s5_la4/data-fmllr-tri3/train/data/feats_fmllr_train.4.ark:8808980
mewm0_sx178 /nfs-share/xinchi/kaldi/egs/timit/s5_la4/data-fmllr-tri3/train/data/feats_fmllr_train.5.ark:13798785
mjwt0_si751 /nfs-share/xinchi/kaldi/egs/timit/s5_la4/data-fmllr-tri3/train/data/feats_fmllr_train.7.ark:2966867
fljd0_sx256 /nfs-share/xinchi/kaldi/egs/timit/s5_la4/data-fmllr-tri3/train/data/feats_fmllr_train.2.ark:11412287
fbcg1_sx262 /nfs-share/xinchi/kaldi/egs/timit/s5_la4/data-fmllr-tri3/train/data/feats_fmllr_train.1.ark:2640621
mdlh0_sx160 /nfs-share/xinchi/kaldi/egs/timit/s5_la4/data-fmllr-tri3/train/data/feats_fmllr_train.5.ark:4055866
flkm0_sx80 /nfs-share/xinchi/kaldi/egs/timit/s5_la4/data-fmllr-tri3/train/data/feats_fmllr_train.2.ark:12444320
mjda0_sx221 /nfs-share/xinchi/kaldi/egs/timit/s5_la4/data-fmllr-tri3/train/data/feats_fmllr_train.6.ark:8176674
mgsl0_si797 /nfs-share/xinchi/kaldi/egs/timit/s5_la4/data-fmllr-tri3/train/data/feats_fmllr_train.6.ark:2809906
fetb0_si1778 /nfs-share/xinchi/kaldi/egs/timit/s5_la4/data-fmllr-tri3/train/data/feats_fmllr_train.1.ark:15457787
fcag0_sx333 /nfs-share/xinchi/kaldi/egs/timit/s5_la4/data-fmllr-tri3/train/data/feats_fmllr_train.1.ark:5084510
mbma0_si1222 /nfs-share/xinchi/kaldi/egs/timit/s5_la4/data-fmllr-tri3/train/data/feats_fmllr_train.4.ark:5550791
fspm0_si1871 /nfs-share/xinchi/kaldi/egs/timit/s5_la4/data-fmllr-tri3/train/data/feats_fmllr_train.3.ark:12783785
mrtc0_si1458 /nfs-share/xinchi/kaldi/egs/timit/s5_la4/data-fmllr-tri3/train/data/feats_fmllr_train.9.ark:8751509
fbas0_sx217 /nfs-share/xinchi/kaldi/egs/timit/s5_la4/data-fmllr-tri3/train/data/feats_fmllr_train.1.ark:2311124
mjbg0_sx242 /nfs-share/xinchi/kaldi/egs/timit/s5_la4/data-fmllr-tri3/train/data/feats_fmllr_train.6.ark:7820616
mgaw0_sx355 /nfs-share/xinchi/kaldi/egs/timit/s5_la4/data-fmllr-tri3/train/data/feats_fmllr_train.6.ark:650127
mtwh1_si1512 /nfs-share/xinchi/kaldi/egs/timit/s5_la4/data-fmllr-tri3/train/data/feats_fmllr_train.10.ark:11556066
fpjf0_si1676 /nfs-share/xinchi/kaldi/egs/timit/s5_la4/data-fmllr-tri3/train/data/feats_fmllr_train.3.ark:2938227
mbma1_sx324 /nfs-share/xinchi/kaldi/egs/timit/s5_la4/data-fmllr-tri3/train/data/feats_fmllr_train.4.ark:6153224
mrtc0_sx288 /nfs-share/xinchi/kaldi/egs/timit/s5_la4/data-fmllr-tri3/train/data/feats_fmllr_train.9.ark:9068471
mtkp0_si454 /nfs-share/xinchi/kaldi/egs/timit/s5_la4/data-fmllr-tri3/train/data/feats_fmllr_train.10.ark:6223643
mtjg0_si2157 /nfs-share/xinchi/kaldi/egs/timit/s5_la4/data-fmllr-tri3/train/data/feats_fmllr_train.10.ark:4119491
mdmt0_sx392 /nfs-share/xinchi/kaldi/egs/timit/s5_la4/data-fmllr-tri3/train/data/feats_fmllr_train.5.ark:6231139
mgar0_si1842 /nfs-share/xinchi/kaldi/egs/timit/s5_la4/data-fmllr-tri3/train/data/feats_fmllr_train.6.ark:93829
mmeb0_si727 /nfs-share/xinchi/kaldi/egs/timit/s5_la4/data-fmllr-tri3/train/data/feats_fmllr_train.7.ark:17750315
mtpg0_sx213 /nfs-share/xinchi/kaldi/egs/timit/s5_la4/data-fmllr-tri3/train/data/feats_fmllr_train.10.ark:9004097
flmc0_sx336 /nfs-share/xinchi/kaldi/egs/timit/s5_la4/data-fmllr-tri3/train/data/feats_fmllr_train.2.ark:13094967
mdns0_sx111 /nfs-share/xinchi/kaldi/egs/timit/s5_la4/data-fmllr-tri3/train/data/feats_fmllr_train.5.ark:6466449
mkah0_si2158 /nfs-share/xinchi/kaldi/egs/timit/s5_la4/data-fmllr-tri3/train/data/feats_fmllr_train.7.ark:4469787
mrtj0_si2032 /nfs-share/xinchi/kaldi/egs/timit/s5_la4/data-fmllr-tri3/train/data/feats_fmllr_train.9.ark:9231754
freh0_sx235 /nfs-share/xinchi/kaldi/egs/timit/s5_la4/data-fmllr-tri3/train/data/feats_fmllr_train.3.ark:4206450
mmcc0_sx78 /nfs-share/xinchi/kaldi/egs/timit/s5_la4/data-fmllr-tri3/train/data/feats_fmllr_train.7.ark:15445890
msfv0_sx452 /nfs-share/xinchi/kaldi/egs/timit/s5_la4/data-fmllr-tri3/train/data/feats_fmllr_train.9.ark:15297549
mwem0_sx420 /nfs-share/xinchi/kaldi/egs/timit/s5_la4/data-fmllr-tri3/train/data/feats_fmllr_train.10.ark:15520644
mrjb1_sx120 /nfs-share/xinchi/kaldi/egs/timit/s5_la4/data-fmllr-tri3/train/data/feats_fmllr_train.9.ark:999088
mtkd0_sx377 /nfs-share/xinchi/kaldi/egs/timit/s5_la4/data-fmllr-tri3/train/data/feats_fmllr_train.10.ark:6043240
fbmj0_sx426 /nfs-share/xinchi/kaldi/egs/timit/s5_la4/data-fmllr-tri3/train/data/feats_fmllr_train.1.ark:4799839
mvrw0_sx135 /nfs-share/xinchi/kaldi/egs/timit/s5_la4/data-fmllr-tri3/train/data/feats_fmllr_train.10.ark:13226617
mtju0_sx40 /nfs-share/xinchi/kaldi/egs/timit/s5_la4/data-fmllr-tri3/train/data/feats_fmllr_train.10.ark:5580756
fcke0_si1741 /nfs-share/xinchi/kaldi/egs/timit/s5_la4/data-fmllr-tri3/train/data/feats_fmllr_train.1.ark:7077864
mjjj0_si1163 /nfs-share/xinchi/kaldi/egs/timit/s5_la4/data-fmllr-tri3/train/data/feats_fmllr_train.6.ark:12724129
marw0_si1906 /nfs-share/xinchi/kaldi/egs/timit/s5_la4/data-fmllr-tri3/train/data/feats_fmllr_train.4.ark:3016820
msdb0_si1637 /nfs-share/xinchi/kaldi/egs/timit/s5_la4/data-fmllr-tri3/train/data/feats_fmllr_train.9.ark:12586189
fcdr1_si1186 /nfs-share/xinchi/kaldi/egs/timit/s5_la4/data-fmllr-tri3/train/data/feats_fmllr_train.1.ark:5577768
mjma0_sx55 /nfs-share/xinchi/kaldi/egs/timit/s5_la4/data-fmllr-tri3/train/data/feats_fmllr_train.6.ark:15374101
mkah0_si898 /nfs-share/xinchi/kaldi/egs/timit/s5_la4/data-fmllr-tri3/train/data/feats_fmllr_train.7.ark:4511094
mhmg0_si1365 /nfs-share/xinchi/kaldi/egs/timit/s5_la4/data-fmllr-tri3/train/data/feats_fmllr_train.6.ark:4606454
fvkb0_sx349 /nfs-share/xinchi/kaldi/egs/timit/s5_la4/data-fmllr-tri3/train/data/feats_fmllr_train.3.ark:16318486
mrtj0_sx52 /nfs-share/xinchi/kaldi/egs/timit/s5_la4/data-fmllr-tri3/train/data/feats_fmllr_train.9.ark:9601355
mrcg0_sx168 /nfs-share/xinchi/kaldi/egs/timit/s5_la4/data-fmllr-tri3/train/data/feats_fmllr_train.8.ark:13407314
mhmg0_sx195 /nfs-share/xinchi/kaldi/egs/timit/s5_la4/data-fmllr-tri3/train/data/feats_fmllr_train.6.ark:4844029
fdnc0_si1278 /nfs-share/xinchi/kaldi/egs/timit/s5_la4/data-fmllr-tri3/train/data/feats_fmllr_train.1.ark:12146741
mmws0_sx438 /nfs-share/xinchi/kaldi/egs/timit/s5_la4/data-fmllr-tri3/train/data/feats_fmllr_train.8.ark:4208748
fetb0_si518 /nfs-share/xinchi/kaldi/egs/timit/s5_la4/data-fmllr-tri3/train/data/feats_fmllr_train.1.ark:15513974
mfrm0_sx75 /nfs-share/xinchi/kaldi/egs/timit/s5_la4/data-fmllr-tri3/train/data/feats_fmllr_train.5.ark:15087064
mrgm0_sx172 /nfs-share/xinchi/kaldi/egs/timit/s5_la4/data-fmllr-tri3/train/data/feats_fmllr_train.8.ark:17673703
mklr0_sx249 /nfs-share/xinchi/kaldi/egs/timit/s5_la4/data-fmllr-tri3/train/data/feats_fmllr_train.7.ark:8032781
mdlr0_sx153 /nfs-share/xinchi/kaldi/egs/timit/s5_la4/data-fmllr-tri3/train/data/feats_fmllr_train.5.ark:4787980
fbch0_sx236 /nfs-share/xinchi/kaldi/egs/timit/s5_la4/data-fmllr-tri3/train/data/feats_fmllr_train.1.ark:3076677
mdjm0_sx285 /nfs-share/xinchi/kaldi/egs/timit/s5_la4/data-fmllr-tri3/train/data/feats_fmllr_train.5.ark:1840083
fdfb0_si2010 /nfs-share/xinchi/kaldi/egs/timit/s5_la4/data-fmllr-tri3/train/data/feats_fmllr_train.1.ark:10230990
fajw0_si633 /nfs-share/xinchi/kaldi/egs/timit/s5_la4/data-fmllr-tri3/train/data/feats_fmllr_train.1.ark:512445
fscn0_si1886 /nfs-share/xinchi/kaldi/egs/timit/s5_la4/data-fmllr-tri3/train/data/feats_fmllr_train.3.ark:6762261
fmkc0_si1702 /nfs-share/xinchi/kaldi/egs/timit/s5_la4/data-fmllr-tri3/train/data/feats_fmllr_train.2.ark:16841512
fbmh0_si1766 /nfs-share/xinchi/kaldi/egs/timit/s5_la4/data-fmllr-tri3/train/data/feats_fmllr_train.1.ark:4153888
fdkn0_sx451 /nfs-share/xinchi/kaldi/egs/timit/s5_la4/data-fmllr-tri3/train/data/feats_fmllr_train.1.ark:11158253
fsdj0_si1115 /nfs-share/xinchi/kaldi/egs/timit/s5_la4/data-fmllr-tri3/train/data/feats_fmllr_train.3.ark:7578695
mgak0_si1666 /nfs-share/xinchi/kaldi/egs/timit/s5_la4/data-fmllr-tri3/train/data/feats_fmllr_train.5.ark:16995726
mjpm0_si1998 /nfs-share/xinchi/kaldi/egs/timit/s5_la4/data-fmllr-tri3/train/data/feats_fmllr_train.6.ark:16506809
mrjm0_sx58 /nfs-share/xinchi/kaldi/egs/timit/s5_la4/data-fmllr-tri3/train/data/feats_fmllr_train.9.ark:2037869
fsgf0_si2187 /nfs-share/xinchi/kaldi/egs/timit/s5_la4/data-fmllr-tri3/train/data/feats_fmllr_train.3.ark:7959420
ftaj0_sx159 /nfs-share/xinchi/kaldi/egs/timit/s5_la4/data-fmllr-tri3/train/data/feats_fmllr_train.3.ark:14031690
fksr0_sx397 /nfs-share/xinchi/kaldi/egs/timit/s5_la4/data-fmllr-tri3/train/data/feats_fmllr_train.2.ark:8818525
fjxm0_sx41 /nfs-share/xinchi/kaldi/egs/timit/s5_la4/data-fmllr-tri3/train/data/feats_fmllr_train.2.ark:4761313
msem1_sx270 /nfs-share/xinchi/kaldi/egs/timit/s5_la4/data-fmllr-tri3/train/data/feats_fmllr_train.9.ark:13968203
ftaj0_si474 /nfs-share/xinchi/kaldi/egs/timit/s5_la4/data-fmllr-tri3/train/data/feats_fmllr_train.3.ark:13946036
fklc1_sx418 /nfs-share/xinchi/kaldi/egs/timit/s5_la4/data-fmllr-tri3/train/data/feats_fmllr_train.2.ark:7981105
mdlr0_si603 /nfs-share/xinchi/kaldi/egs/timit/s5_la4/data-fmllr-tri3/train/data/feats_fmllr_train.5.ark:4750513
msmc0_sx17 /nfs-share/xinchi/kaldi/egs/timit/s5_la4/data-fmllr-tri3/train/data/feats_fmllr_train.9.ark:16045127
mrms0_si1113 /nfs-share/xinchi/kaldi/egs/timit/s5_la4/data-fmllr-tri3/train/data/feats_fmllr_train.9.ark:6741622
mmaa0_si1588 /nfs-share/xinchi/kaldi/egs/timit/s5_la4/data-fmllr-tri3/train/data/feats_fmllr_train.7.ark:12587758
mkaj0_si1414 /nfs-share/xinchi/kaldi/egs/timit/s5_la4/data-fmllr-tri3/train/data/feats_fmllr_train.7.ark:4815576
fvmh0_sx116 /nfs-share/xinchi/kaldi/egs/timit/s5_la4/data-fmllr-tri3/train/data/feats_fmllr_train.3.ark:16672409
mlbc0_si609 /nfs-share/xinchi/kaldi/egs/timit/s5_la4/data-fmllr-tri3/train/data/feats_fmllr_train.7.ark:10225071
mjxl0_sx362 /nfs-share/xinchi/kaldi/egs/timit/s5_la4/data-fmllr-tri3/train/data/feats_fmllr_train.7.ark:3842582
mwsh0_si1426 /nfs-share/xinchi/kaldi/egs/timit/s5_la4/data-fmllr-tri3/train/data/feats_fmllr_train.10.ark:17135164
fsls0_sx156 /nfs-share/xinchi/kaldi/egs/timit/s5_la4/data-fmllr-tri3/train/data/feats_fmllr_train.3.ark:11261211
frjb0_sx77 /nfs-share/xinchi/kaldi/egs/timit/s5_la4/data-fmllr-tri3/train/data/feats_fmllr_train.3.ark:4658108
mgsh0_si1176 /nfs-share/xinchi/kaldi/egs/timit/s5_la4/data-fmllr-tri3/train/data/feats_fmllr_train.6.ark:2305957
madd0_si1295 /nfs-share/xinchi/kaldi/egs/timit/s5_la4/data-fmllr-tri3/train/data/feats_fmllr_train.3.ark:17591378
ftbw0_si715 /nfs-share/xinchi/kaldi/egs/timit/s5_la4/data-fmllr-tri3/train/data/feats_fmllr_train.3.ark:14668417
fskl0_si2159 /nfs-share/xinchi/kaldi/egs/timit/s5_la4/data-fmllr-tri3/train/data/feats_fmllr_train.3.ark:10395922
mlbc0_sx159 /nfs-share/xinchi/kaldi/egs/timit/s5_la4/data-fmllr-tri3/train/data/feats_fmllr_train.7.ark:10286858
mtqc0_sx361 /nfs-share/xinchi/kaldi/egs/timit/s5_la4/data-fmllr-tri3/train/data/feats_fmllr_train.10.ark:10276775
marw0_si646 /nfs-share/xinchi/kaldi/egs/timit/s5_la4/data-fmllr-tri3/train/data/feats_fmllr_train.4.ark:3050287
mdsj0_sx112 /nfs-share/xinchi/kaldi/egs/timit/s5_la4/data-fmllr-tri3/train/data/feats_fmllr_train.5.ark:8349454
mcss0_sx30 /nfs-share/xinchi/kaldi/egs/timit/s5_la4/data-fmllr-tri3/train/data/feats_fmllr_train.4.ark:13116486
mjlg1_si2272 /nfs-share/xinchi/kaldi/egs/timit/s5_la4/data-fmllr-tri3/train/data/feats_fmllr_train.6.ark:14390973
mkag0_sx439 /nfs-share/xinchi/kaldi/egs/timit/s5_la4/data-fmllr-tri3/train/data/feats_fmllr_train.7.ark:4317385
mbwp0_si1531 /nfs-share/xinchi/kaldi/egs/timit/s5_la4/data-fmllr-tri3/train/data/feats_fmllr_train.4.ark:7708092
fbmj0_sx66 /nfs-share/xinchi/kaldi/egs/timit/s5_la4/data-fmllr-tri3/train/data/feats_fmllr_train.1.ark:4850745
mdss0_sx171 /nfs-share/xinchi/kaldi/egs/timit/s5_la4/data-fmllr-tri3/train/data/feats_fmllr_train.5.ark:8701511
mjpm0_sx108 /nfs-share/xinchi/kaldi/egs/timit/s5_la4/data-fmllr-tri3/train/data/feats_fmllr_train.6.ark:16610383
fdtd0_sx391 /nfs-share/xinchi/kaldi/egs/timit/s5_la4/data-fmllr-tri3/train/data/feats_fmllr_train.1.ark:12968269
mgsl0_sx264 /nfs-share/xinchi/kaldi/egs/timit/s5_la4/data-fmllr-tri3/train/data/feats_fmllr_train.6.ark:2940360
mgar0_sx42 /nfs-share/xinchi/kaldi/egs/timit/s5_la4/data-fmllr-tri3/train/data/feats_fmllr_train.6.ark:347883
mdss0_sx441 /nfs-share/xinchi/kaldi/egs/timit/s5_la4/data-fmllr-tri3/train/data/feats_fmllr_train.5.ark:8825912
fmbg0_sx3 /nfs-share/xinchi/kaldi/egs/timit/s5_la4/data-fmllr-tri3/train/data/feats_fmllr_train.2.ark:14909761
fapb0_sx73 /nfs-share/xinchi/kaldi/egs/timit/s5_la4/data-fmllr-tri3/train/data/feats_fmllr_train.1.ark:1997226
mree0_si1104 /nfs-share/xinchi/kaldi/egs/timit/s5_la4/data-fmllr-tri3/train/data/feats_fmllr_train.8.ark:15129918
mefg0_sx375 /nfs-share/xinchi/kaldi/egs/timit/s5_la4/data-fmllr-tri3/train/data/feats_fmllr_train.5.ark:11770074
mdlb0_si676 /nfs-share/xinchi/kaldi/egs/timit/s5_la4/data-fmllr-tri3/train/data/feats_fmllr_train.5.ark:2461851
ftmg0_sx182 /nfs-share/xinchi/kaldi/egs/timit/s5_la4/data-fmllr-tri3/train/data/feats_fmllr_train.3.ark:15527117
mpmb0_si1501 /nfs-share/xinchi/kaldi/egs/timit/s5_la4/data-fmllr-tri3/train/data/feats_fmllr_train.8.ark:7881690
mlns0_sx57 /nfs-share/xinchi/kaldi/egs/timit/s5_la4/data-fmllr-tri3/train/data/feats_fmllr_train.7.ark:12143833
fdnc0_si2287 /nfs-share/xinchi/kaldi/egs/timit/s5_la4/data-fmllr-tri3/train/data/feats_fmllr_train.1.ark:12303437
ftlg0_si483 /nfs-share/xinchi/kaldi/egs/timit/s5_la4/data-fmllr-tri3/train/data/feats_fmllr_train.3.ark:15046366
mbsb0_sx3 /nfs-share/xinchi/kaldi/egs/timit/s5_la4/data-fmllr-tri3/train/data/feats_fmllr_train.4.ark:7209235
fkkh0_sx300 /nfs-share/xinchi/kaldi/egs/timit/s5_la4/data-fmllr-tri3/train/data/feats_fmllr_train.2.ark:7215549
mwad0_si1062 /nfs-share/xinchi/kaldi/egs/timit/s5_la4/data-fmllr-tri3/train/data/feats_fmllr_train.10.ark:13878809
mbom0_si2274 /nfs-share/xinchi/kaldi/egs/timit/s5_la4/data-fmllr-tri3/train/data/feats_fmllr_train.4.ark:6768778
mvlo0_si517 /nfs-share/xinchi/kaldi/egs/timit/s5_la4/data-fmllr-tri3/train/data/feats_fmllr_train.10.ark:12786053
mrlk0_sx393 /nfs-share/xinchi/kaldi/egs/timit/s5_la4/data-fmllr-tri3/train/data/feats_fmllr_train.9.ark:4740027
mrjb1_si1020 /nfs-share/xinchi/kaldi/egs/timit/s5_la4/data-fmllr-tri3/train/data/feats_fmllr_train.9.ark:783805
mcal0_si1768 /nfs-share/xinchi/kaldi/egs/timit/s5_la4/data-fmllr-tri3/train/data/feats_fmllr_train.4.ark:8674952
mmbs0_sx341 /nfs-share/xinchi/kaldi/egs/timit/s5_la4/data-fmllr-tri3/train/data/feats_fmllr_train.7.ark:14942740
mtkp0_si2283 /nfs-share/xinchi/kaldi/egs/timit/s5_la4/data-fmllr-tri3/train/data/feats_fmllr_train.10.ark:6139936
mjsr0_sx254 /nfs-share/xinchi/kaldi/egs/timit/s5_la4/data-fmllr-tri3/train/data/feats_fmllr_train.7.ark:1744191
fpaf0_si1054 /nfs-share/xinchi/kaldi/egs/timit/s5_la4/data-fmllr-tri3/train/data/feats_fmllr_train.3.ark:2026057
mree0_si1959 /nfs-share/xinchi/kaldi/egs/timit/s5_la4/data-fmllr-tri3/train/data/feats_fmllr_train.8.ark:15254774
mjkr0_si1201 /nfs-share/xinchi/kaldi/egs/timit/s5_la4/data-fmllr-tri3/train/data/feats_fmllr_train.6.ark:13552563
mrwa0_sx433 /nfs-share/xinchi/kaldi/egs/timit/s5_la4/data-fmllr-tri3/train/data/feats_fmllr_train.9.ark:10277283
ftaj0_sx429 /nfs-share/xinchi/kaldi/egs/timit/s5_la4/data-fmllr-tri3/train/data/feats_fmllr_train.3.ark:14137851
fjlg0_sx269 /nfs-share/xinchi/kaldi/egs/timit/s5_la4/data-fmllr-tri3/train/data/feats_fmllr_train.2.ark:1793154
mvjh0_si2186 /nfs-share/xinchi/kaldi/egs/timit/s5_la4/data-fmllr-tri3/train/data/feats_fmllr_train.10.ark:12409649
msms0_sx263 /nfs-share/xinchi/kaldi/egs/timit/s5_la4/data-fmllr-tri3/train/data/feats_fmllr_train.9.ark:16816922
fmpg0_sx342 /nfs-share/xinchi/kaldi/egs/timit/s5_la4/data-fmllr-tri3/train/data/feats_fmllr_train.2.ark:18230720
mjxl0_sx92 /nfs-share/xinchi/kaldi/egs/timit/s5_la4/data-fmllr-tri3/train/data/feats_fmllr_train.7.ark:3964715
fcke0_sx211 /nfs-share/xinchi/kaldi/egs/timit/s5_la4/data-fmllr-tri3/train/data/feats_fmllr_train.1.ark:7264665
msrr0_si1131 /nfs-share/xinchi/kaldi/egs/timit/s5_la4/data-fmllr-tri3/train/data/feats_fmllr_train.9.ark:17342047
mded0_sx180 /nfs-share/xinchi/kaldi/egs/timit/s5_la4/data-fmllr-tri3/train/data/feats_fmllr_train.4.ark:17174498
mhit0_si1613 /nfs-share/xinchi/kaldi/egs/timit/s5_la4/data-fmllr-tri3/train/data/feats_fmllr_train.6.ark:3914659
mdwd0_si557 /nfs-share/xinchi/kaldi/egs/timit/s5_la4/data-fmllr-tri3/train/data/feats_fmllr_train.5.ark:9706136
mcre0_si1121 /nfs-share/xinchi/kaldi/egs/timit/s5_la4/data-fmllr-tri3/train/data/feats_fmllr_train.4.ark:12454695
madd0_sx88 /nfs-share/xinchi/kaldi/egs/timit/s5_la4/data-fmllr-tri3/train/data/feats_fmllr_train.3.ark:17915567
mrfk0_sx356 /nfs-share/xinchi/kaldi/egs/timit/s5_la4/data-fmllr-tri3/train/data/feats_fmllr_train.8.ark:16930923
mfmc0_sx232 /nfs-share/xinchi/kaldi/egs/timit/s5_la4/data-fmllr-tri3/train/data/feats_fmllr_train.5.ark:14557166
fblv0_sx338 /nfs-share/xinchi/kaldi/egs/timit/s5_la4/data-fmllr-tri3/train/data/feats_fmllr_train.1.ark:3930739
mmcc0_sx168 /nfs-share/xinchi/kaldi/egs/timit/s5_la4/data-fmllr-tri3/train/data/feats_fmllr_train.7.ark:15258263
mtjs0_si562 /nfs-share/xinchi/kaldi/egs/timit/s5_la4/data-fmllr-tri3/train/data/feats_fmllr_train.10.ark:4980272
mwrp0_sx183 /nfs-share/xinchi/kaldi/egs/timit/s5_la4/data-fmllr-tri3/train/data/feats_fmllr_train.10.ark:16588576
mntw0_sx258 /nfs-share/xinchi/kaldi/egs/timit/s5_la4/data-fmllr-tri3/train/data/feats_fmllr_train.8.ark:5584627
mjdg0_si1672 /nfs-share/xinchi/kaldi/egs/timit/s5_la4/data-fmllr-tri3/train/data/feats_fmllr_train.6.ark:9291003
mkln0_si2228 /nfs-share/xinchi/kaldi/egs/timit/s5_la4/data-fmllr-tri3/train/data/feats_fmllr_train.7.ark:7546882
mkaj0_si784 /nfs-share/xinchi/kaldi/egs/timit/s5_la4/data-fmllr-tri3/train/data/feats_fmllr_train.7.ark:4909391
mgsl0_sx354 /nfs-share/xinchi/kaldi/egs/timit/s5_la4/data-fmllr-tri3/train/data/feats_fmllr_train.6.ark:2985827
mges0_sx311 /nfs-share/xinchi/kaldi/egs/timit/s5_la4/data-fmllr-tri3/train/data/feats_fmllr_train.6.ark:916904
mjdc0_sx81 /nfs-share/xinchi/kaldi/egs/timit/s5_la4/data-fmllr-tri3/train/data/feats_fmllr_train.6.ark:8696651
mtxs0_sx340 /nfs-share/xinchi/kaldi/egs/timit/s5_la4/data-fmllr-tri3/train/data/feats_fmllr_train.10.ark:12178020
msfh0_si1738 /nfs-share/xinchi/kaldi/egs/timit/s5_la4/data-fmllr-tri3/train/data/feats_fmllr_train.9.ark:14556237
msfv0_sx272 /nfs-share/xinchi/kaldi/egs/timit/s5_la4/data-fmllr-tri3/train/data/feats_fmllr_train.9.ark:15196855
mbma0_si1852 /nfs-share/xinchi/kaldi/egs/timit/s5_la4/data-fmllr-tri3/train/data/feats_fmllr_train.4.ark:5627139
mjwt0_si1291 /nfs-share/xinchi/kaldi/egs/timit/s5_la4/data-fmllr-tri3/train/data/feats_fmllr_train.7.ark:2817532
mdcd0_sx65 /nfs-share/xinchi/kaldi/egs/timit/s5_la4/data-fmllr-tri3/train/data/feats_fmllr_train.4.ark:16231874
mdrd0_sx392 /nfs-share/xinchi/kaldi/egs/timit/s5_la4/data-fmllr-tri3/train/data/feats_fmllr_train.5.ark:8150784
mafm0_sx399 /nfs-share/xinchi/kaldi/egs/timit/s5_la4/data-fmllr-tri3/train/data/feats_fmllr_train.4.ark:1026077
fnkl0_sx262 /nfs-share/xinchi/kaldi/egs/timit/s5_la4/data-fmllr-tri3/train/data/feats_fmllr_train.3.ark:236469
flmk0_si2295 /nfs-share/xinchi/kaldi/egs/timit/s5_la4/data-fmllr-tri3/train/data/feats_fmllr_train.2.ark:13317958
mgar0_sx402 /nfs-share/xinchi/kaldi/egs/timit/s5_la4/data-fmllr-tri3/train/data/feats_fmllr_train.6.ark:299057
mpmb0_sx61 /nfs-share/xinchi/kaldi/egs/timit/s5_la4/data-fmllr-tri3/train/data/feats_fmllr_train.8.ark:8466039
mpgh0_sx114 /nfs-share/xinchi/kaldi/egs/timit/s5_la4/data-fmllr-tri3/train/data/feats_fmllr_train.8.ark:6985440
mrlj1_sx231 /nfs-share/xinchi/kaldi/egs/timit/s5_la4/data-fmllr-tri3/train/data/feats_fmllr_train.9.ark:4245810
fbmj0_sx336 /nfs-share/xinchi/kaldi/egs/timit/s5_la4/data-fmllr-tri3/train/data/feats_fmllr_train.1.ark:4723812
mjdm0_sx260 /nfs-share/xinchi/kaldi/egs/timit/s5_la4/data-fmllr-tri3/train/data/feats_fmllr_train.6.ark:9827782
mrmg0_si1080 /nfs-share/xinchi/kaldi/egs/timit/s5_la4/data-fmllr-tri3/train/data/feats_fmllr_train.9.ark:5511529
mtpp0_si1508 /nfs-share/xinchi/kaldi/egs/timit/s5_la4/data-fmllr-tri3/train/data/feats_fmllr_train.10.ark:9160205
mrlj0_sx250 /nfs-share/xinchi/kaldi/egs/timit/s5_la4/data-fmllr-tri3/train/data/feats_fmllr_train.9.ark:3912312
mdtb0_si1830 /nfs-share/xinchi/kaldi/egs/timit/s5_la4/data-fmllr-tri3/train/data/feats_fmllr_train.5.ark:9281891
mhit0_sx263 /nfs-share/xinchi/kaldi/egs/timit/s5_la4/data-fmllr-tri3/train/data/feats_fmllr_train.6.ark:4126608
mdss1_si697 /nfs-share/xinchi/kaldi/egs/timit/s5_la4/data-fmllr-tri3/train/data/feats_fmllr_train.5.ark:8982501
mjde0_sx400 /nfs-share/xinchi/kaldi/egs/timit/s5_la4/data-fmllr-tri3/train/data/feats_fmllr_train.6.ark:9187907
mdcm0_si1480 /nfs-share/xinchi/kaldi/egs/timit/s5_la4/data-fmllr-tri3/train/data/feats_fmllr_train.4.ark:16264542
fsah0_sx344 /nfs-share/xinchi/kaldi/egs/timit/s5_la4/data-fmllr-tri3/train/data/feats_fmllr_train.3.ark:5840465
msms0_sx353 /nfs-share/xinchi/kaldi/egs/timit/s5_la4/data-fmllr-tri3/train/data/feats_fmllr_train.9.ark:16854069
mtwh1_si882 /nfs-share/xinchi/kaldi/egs/timit/s5_la4/data-fmllr-tri3/train/data/feats_fmllr_train.10.ark:11633081
mrgs0_sx6 /nfs-share/xinchi/kaldi/egs/timit/s5_la4/data-fmllr-tri3/train/data/feats_fmllr_train.9.ark:316014
feeh0_sx212 /nfs-share/xinchi/kaldi/egs/timit/s5_la4/data-fmllr-tri3/train/data/feats_fmllr_train.1.ark:14798074
fpaz0_sx243 /nfs-share/xinchi/kaldi/egs/timit/s5_la4/data-fmllr-tri3/train/data/feats_fmllr_train.3.ark:2652784
mfer0_sx232 /nfs-share/xinchi/kaldi/egs/timit/s5_la4/data-fmllr-tri3/train/data/feats_fmllr_train.5.ark:14182549
medr0_sx24 /nfs-share/xinchi/kaldi/egs/timit/s5_la4/data-fmllr-tri3/train/data/feats_fmllr_train.5.ark:11318925
fjrb0_si1302 /nfs-share/xinchi/kaldi/egs/timit/s5_la4/data-fmllr-tri3/train/data/feats_fmllr_train.2.ark:2383719
mter0_sx437 /nfs-share/xinchi/kaldi/egs/timit/s5_la4/data-fmllr-tri3/train/data/feats_fmllr_train.10.ark:3977809
fsms1_si2134 /nfs-share/xinchi/kaldi/egs/timit/s5_la4/data-fmllr-tri3/train/data/feats_fmllr_train.3.ark:12357968
mrjh0_sx307 /nfs-share/xinchi/kaldi/egs/timit/s5_la4/data-fmllr-tri3/train/data/feats_fmllr_train.9.ark:1550558
falr0_si1325 /nfs-share/xinchi/kaldi/egs/timit/s5_la4/data-fmllr-tri3/train/data/feats_fmllr_train.1.ark:1210419
mrhl0_si885 /nfs-share/xinchi/kaldi/egs/timit/s5_la4/data-fmllr-tri3/train/data/feats_fmllr_train.9.ark:513563
mdks0_sx256 /nfs-share/xinchi/kaldi/egs/timit/s5_la4/data-fmllr-tri3/train/data/feats_fmllr_train.5.ark:2110648
mpgr0_si780 /nfs-share/xinchi/kaldi/egs/timit/s5_la4/data-fmllr-tri3/train/data/feats_fmllr_train.8.ark:7244190
mjra0_sx426 /nfs-share/xinchi/kaldi/egs/timit/s5_la4/data-fmllr-tri3/train/data/feats_fmllr_train.6.ark:17516338
mbom0_sx311 /nfs-share/xinchi/kaldi/egs/timit/s5_la4/data-fmllr-tri3/train/data/feats_fmllr_train.4.ark:6923286
mclm0_sx286 /nfs-share/xinchi/kaldi/egs/timit/s5_la4/data-fmllr-tri3/train/data/feats_fmllr_train.4.ark:12010583
mcdr0_si524 /nfs-share/xinchi/kaldi/egs/timit/s5_la4/data-fmllr-tri3/train/data/feats_fmllr_train.4.ark:9831310
mdef0_sx213 /nfs-share/xinchi/kaldi/egs/timit/s5_la4/data-fmllr-tri3/train/data/feats_fmllr_train.5.ark:202843
mdss0_si2087 /nfs-share/xinchi/kaldi/egs/timit/s5_la4/data-fmllr-tri3/train/data/feats_fmllr_train.5.ark:8627377
mmar0_si1336 /nfs-share/xinchi/kaldi/egs/timit/s5_la4/data-fmllr-tri3/train/data/feats_fmllr_train.7.ark:14181587
flet0_sx237 /nfs-share/xinchi/kaldi/egs/timit/s5_la4/data-fmllr-tri3/train/data/feats_fmllr_train.2.ark:10270674
frjb0_sx167 /nfs-share/xinchi/kaldi/egs/timit/s5_la4/data-fmllr-tri3/train/data/feats_fmllr_train.3.ark:4446961
mjwt0_sx31 /nfs-share/xinchi/kaldi/egs/timit/s5_la4/data-fmllr-tri3/train/data/feats_fmllr_train.7.ark:3172894
mrbc0_si599 /nfs-share/xinchi/kaldi/egs/timit/s5_la4/data-fmllr-tri3/train/data/feats_fmllr_train.8.ark:12936990
mbjv0_sx347 /nfs-share/xinchi/kaldi/egs/timit/s5_la4/data-fmllr-tri3/train/data/feats_fmllr_train.4.ark:5408630
mrso0_si1206 /nfs-share/xinchi/kaldi/egs/timit/s5_la4/data-fmllr-tri3/train/data/feats_fmllr_train.9.ark:7875074
mjfr0_sx75 /nfs-share/xinchi/kaldi/egs/timit/s5_la4/data-fmllr-tri3/train/data/feats_fmllr_train.6.ark:11902867
mdps0_sx359 /nfs-share/xinchi/kaldi/egs/timit/s5_la4/data-fmllr-tri3/train/data/feats_fmllr_train.5.ark:7619474
mwsb0_sx186 /nfs-share/xinchi/kaldi/egs/timit/s5_la4/data-fmllr-tri3/train/data/feats_fmllr_train.10.ark:16945271
fsjg0_sx40 /nfs-share/xinchi/kaldi/egs/timit/s5_la4/data-fmllr-tri3/train/data/feats_fmllr_train.3.ark:8690971
fmmh0_sx367 /nfs-share/xinchi/kaldi/egs/timit/s5_la4/data-fmllr-tri3/train/data/feats_fmllr_train.2.ark:17737198
mjjb0_si1139 /nfs-share/xinchi/kaldi/egs/timit/s5_la4/data-fmllr-tri3/train/data/feats_fmllr_train.6.ark:12331111
mhbs0_si2205 /nfs-share/xinchi/kaldi/egs/timit/s5_la4/data-fmllr-tri3/train/data/feats_fmllr_train.6.ark:3607270
fklc0_si2245 /nfs-share/xinchi/kaldi/egs/timit/s5_la4/data-fmllr-tri3/train/data/feats_fmllr_train.2.ark:7334352
mljh0_sx244 /nfs-share/xinchi/kaldi/egs/timit/s5_la4/data-fmllr-tri3/train/data/feats_fmllr_train.7.ark:11610896
fjrp1_sx262 /nfs-share/xinchi/kaldi/egs/timit/s5_la4/data-fmllr-tri3/train/data/feats_fmllr_train.2.ark:3000685
mjwg0_si813 /nfs-share/xinchi/kaldi/egs/timit/s5_la4/data-fmllr-tri3/train/data/feats_fmllr_train.7.ark:1990566
mges0_si1481 /nfs-share/xinchi/kaldi/egs/timit/s5_la4/data-fmllr-tri3/train/data/feats_fmllr_train.6.ark:751328
mwgr0_sx346 /nfs-share/xinchi/kaldi/egs/timit/s5_la4/data-fmllr-tri3/train/data/feats_fmllr_train.10.ark:15894594
mjls0_sx16 /nfs-share/xinchi/kaldi/egs/timit/s5_la4/data-fmllr-tri3/train/data/feats_fmllr_train.6.ark:14880843
fdml0_si1149 /nfs-share/xinchi/kaldi/egs/timit/s5_la4/data-fmllr-tri3/train/data/feats_fmllr_train.1.ark:11281667
fexm0_si482 /nfs-share/xinchi/kaldi/egs/timit/s5_la4/data-fmllr-tri3/train/data/feats_fmllr_train.1.ark:15900911
mfxs0_sx144 /nfs-share/xinchi/kaldi/egs/timit/s5_la4/data-fmllr-tri3/train/data/feats_fmllr_train.5.ark:15603072
fexm0_sx201 /nfs-share/xinchi/kaldi/egs/timit/s5_la4/data-fmllr-tri3/train/data/feats_fmllr_train.1.ark:16017765
mbjv0_si1247 /nfs-share/xinchi/kaldi/egs/timit/s5_la4/data-fmllr-tri3/train/data/feats_fmllr_train.4.ark:5198254
fjlr0_si1231 /nfs-share/xinchi/kaldi/egs/timit/s5_la4/data-fmllr-tri3/train/data/feats_fmllr_train.2.ark:1994862
mjjb0_si1769 /nfs-share/xinchi/kaldi/egs/timit/s5_la4/data-fmllr-tri3/train/data/feats_fmllr_train.6.ark:12430047
megj0_si1967 /nfs-share/xinchi/kaldi/egs/timit/s5_la4/data-fmllr-tri3/train/data/feats_fmllr_train.5.ark:11922450
flmk0_sx45 /nfs-share/xinchi/kaldi/egs/timit/s5_la4/data-fmllr-tri3/train/data/feats_fmllr_train.2.ark:13539852
mejs0_si1870 /nfs-share/xinchi/kaldi/egs/timit/s5_la4/data-fmllr-tri3/train/data/feats_fmllr_train.5.ark:12666562
fjlr0_sx241 /nfs-share/xinchi/kaldi/egs/timit/s5_la4/data-fmllr-tri3/train/data/feats_fmllr_train.2.ark:2187931
mcdd0_sx73 /nfs-share/xinchi/kaldi/egs/timit/s5_la4/data-fmllr-tri3/train/data/feats_fmllr_train.4.ark:9647227
fjxm0_sx401 /nfs-share/xinchi/kaldi/egs/timit/s5_la4/data-fmllr-tri3/train/data/feats_fmllr_train.2.ark:4704807
mrsp0_sx79 /nfs-share/xinchi/kaldi/egs/timit/s5_la4/data-fmllr-tri3/train/data/feats_fmllr_train.9.ark:8711321
fceg0_sx438 /nfs-share/xinchi/kaldi/egs/timit/s5_la4/data-fmllr-tri3/train/data/feats_fmllr_train.1.ark:6311908
mrhl0_sx165 /nfs-share/xinchi/kaldi/egs/timit/s5_la4/data-fmllr-tri3/train/data/feats_fmllr_train.9.ark:563830
mdbp0_sx78 /nfs-share/xinchi/kaldi/egs/timit/s5_la4/data-fmllr-tri3/train/data/feats_fmllr_train.4.ark:15851977
mmeb0_sx7 /nfs-share/xinchi/kaldi/egs/timit/s5_la4/data-fmllr-tri3/train/data/feats_fmllr_train.7.ark:17925141
mreh1_si969 /nfs-share/xinchi/kaldi/egs/timit/s5_la4/data-fmllr-tri3/train/data/feats_fmllr_train.8.ark:15629231
mprt0_sx40 /nfs-share/xinchi/kaldi/egs/timit/s5_la4/data-fmllr-tri3/train/data/feats_fmllr_train.8.ark:10545016
mlns0_si2037 /nfs-share/xinchi/kaldi/egs/timit/s5_la4/data-fmllr-tri3/train/data/feats_fmllr_train.7.ark:11867992
fjsk0_sx62 /nfs-share/xinchi/kaldi/egs/timit/s5_la4/data-fmllr-tri3/train/data/feats_fmllr_train.2.ark:3615543
ftbw0_sx265 /nfs-share/xinchi/kaldi/egs/timit/s5_la4/data-fmllr-tri3/train/data/feats_fmllr_train.3.ark:14809911
fbas0_si1472 /nfs-share/xinchi/kaldi/egs/timit/s5_la4/data-fmllr-tri3/train/data/feats_fmllr_train.1.ark:2110402
mmgc0_sx405 /nfs-share/xinchi/kaldi/egs/timit/s5_la4/data-fmllr-tri3/train/data/feats_fmllr_train.8.ark:275537
mdwd0_si1890 /nfs-share/xinchi/kaldi/egs/timit/s5_la4/data-fmllr-tri3/train/data/feats_fmllr_train.5.ark:9647549
mrcw0_sx201 /nfs-share/xinchi/kaldi/egs/timit/s5_la4/data-fmllr-tri3/train/data/feats_fmllr_train.8.ark:13901958
fjdm2_si1582 /nfs-share/xinchi/kaldi/egs/timit/s5_la4/data-fmllr-tri3/train/data/feats_fmllr_train.2.ark:13
mbth0_sx32 /nfs-share/xinchi/kaldi/egs/timit/s5_la4/data-fmllr-tri3/train/data/feats_fmllr_train.4.ark:7612197
mwsb0_sx96 /nfs-share/xinchi/kaldi/egs/timit/s5_la4/data-fmllr-tri3/train/data/feats_fmllr_train.10.ark:17095456
mrlj0_sx340 /nfs-share/xinchi/kaldi/egs/timit/s5_la4/data-fmllr-tri3/train/data/feats_fmllr_train.9.ark:3951379
mrfl0_sx256 /nfs-share/xinchi/kaldi/egs/timit/s5_la4/data-fmllr-tri3/train/data/feats_fmllr_train.8.ark:17293513
mdma0_sx440 /nfs-share/xinchi/kaldi/egs/timit/s5_la4/data-fmllr-tri3/train/data/feats_fmllr_train.5.ark:5815696
mgaf0_sx22 /nfs-share/xinchi/kaldi/egs/timit/s5_la4/data-fmllr-tri3/train/data/feats_fmllr_train.5.ark:16453320
fkde0_sx241 /nfs-share/xinchi/kaldi/egs/timit/s5_la4/data-fmllr-tri3/train/data/feats_fmllr_train.2.ark:5851325
fsak0_sx310 /nfs-share/xinchi/kaldi/egs/timit/s5_la4/data-fmllr-tri3/train/data/feats_fmllr_train.3.ark:6192042
mdbp0_sx348 /nfs-share/xinchi/kaldi/egs/timit/s5_la4/data-fmllr-tri3/train/data/feats_fmllr_train.4.ark:15723764
mrlj1_sx141 /nfs-share/xinchi/kaldi/egs/timit/s5_la4/data-fmllr-tri3/train/data/feats_fmllr_train.9.ark:4197623
mvjh0_si1556 /nfs-share/xinchi/kaldi/egs/timit/s5_la4/data-fmllr-tri3/train/data/feats_fmllr_train.10.ark:12337941
mcxm0_sx361 /nfs-share/xinchi/kaldi/egs/timit/s5_la4/data-fmllr-tri3/train/data/feats_fmllr_train.4.ark:14229618
fbmj0_si516 /nfs-share/xinchi/kaldi/egs/timit/s5_la4/data-fmllr-tri3/train/data/feats_fmllr_train.1.ark:4527064
mrtj0_sx412 /nfs-share/xinchi/kaldi/egs/timit/s5_la4/data-fmllr-tri3/train/data/feats_fmllr_train.9.ark:9549969
mdef0_sx303 /nfs-share/xinchi/kaldi/egs/timit/s5_la4/data-fmllr-tri3/train/data/feats_fmllr_train.5.ark:244310
fsma0_si2251 /nfs-share/xinchi/kaldi/egs/timit/s5_la4/data-fmllr-tri3/train/data/feats_fmllr_train.3.ark:11510014
feac0_sx255 /nfs-share/xinchi/kaldi/egs/timit/s5_la4/data-fmllr-tri3/train/data/feats_fmllr_train.1.ark:13557743
mrjm1_sx398 /nfs-share/xinchi/kaldi/egs/timit/s5_la4/data-fmllr-tri3/train/data/feats_fmllr_train.9.ark:2440326
mgaw0_si1802 /nfs-share/xinchi/kaldi/egs/timit/s5_la4/data-fmllr-tri3/train/data/feats_fmllr_train.6.ark:456579
mwrp0_sx93 /nfs-share/xinchi/kaldi/egs/timit/s5_la4/data-fmllr-tri3/train/data/feats_fmllr_train.10.ark:16759721
fpab1_sx211 /nfs-share/xinchi/kaldi/egs/timit/s5_la4/data-fmllr-tri3/train/data/feats_fmllr_train.3.ark:1006475
mdpb0_si2126 /nfs-share/xinchi/kaldi/egs/timit/s5_la4/data-fmllr-tri3/train/data/feats_fmllr_train.5.ark:6733172
msfv0_si632 /nfs-share/xinchi/kaldi/egs/timit/s5_la4/data-fmllr-tri3/train/data/feats_fmllr_train.9.ark:15078561
mrlj1_si2301 /nfs-share/xinchi/kaldi/egs/timit/s5_la4/data-fmllr-tri3/train/data/feats_fmllr_train.9.ark:4108768
mjrp0_si1845 /nfs-share/xinchi/kaldi/egs/timit/s5_la4/data-fmllr-tri3/train/data/feats_fmllr_train.7.ark:1141493
fmjf0_sx354 /nfs-share/xinchi/kaldi/egs/timit/s5_la4/data-fmllr-tri3/train/data/feats_fmllr_train.2.ark:16170438
mtxs0_sx250 /nfs-share/xinchi/kaldi/egs/timit/s5_la4/data-fmllr-tri3/train/data/feats_fmllr_train.10.ark:12125513
mrfk0_si1706 /nfs-share/xinchi/kaldi/egs/timit/s5_la4/data-fmllr-tri3/train/data/feats_fmllr_train.8.ark:16782494
mvrw0_sx405 /nfs-share/xinchi/kaldi/egs/timit/s5_la4/data-fmllr-tri3/train/data/feats_fmllr_train.10.ark:13333738
mtjs0_sx382 /nfs-share/xinchi/kaldi/egs/timit/s5_la4/data-fmllr-tri3/train/data/feats_fmllr_train.10.ark:5239766
flac0_si901 /nfs-share/xinchi/kaldi/egs/timit/s5_la4/data-fmllr-tri3/train/data/feats_fmllr_train.2.ark:8966768
mdlc0_sx315 /nfs-share/xinchi/kaldi/egs/timit/s5_la4/data-fmllr-tri3/train/data/feats_fmllr_train.5.ark:3057669
mesj0_sx187 /nfs-share/xinchi/kaldi/egs/timit/s5_la4/data-fmllr-tri3/train/data/feats_fmllr_train.5.ark:13525130
msdb0_sx287 /nfs-share/xinchi/kaldi/egs/timit/s5_la4/data-fmllr-tri3/train/data/feats_fmllr_train.9.ark:12732564
mvrw0_si2115 /nfs-share/xinchi/kaldi/egs/timit/s5_la4/data-fmllr-tri3/train/data/feats_fmllr_train.10.ark:13157123
fcmm0_sx273 /nfs-share/xinchi/kaldi/egs/timit/s5_la4/data-fmllr-tri3/train/data/feats_fmllr_train.1.ark:8376837
fsls0_sx426 /nfs-share/xinchi/kaldi/egs/timit/s5_la4/data-fmllr-tri3/train/data/feats_fmllr_train.3.ark:11387052
mlsh0_sx337 /nfs-share/xinchi/kaldi/egs/timit/s5_la4/data-fmllr-tri3/train/data/feats_fmllr_train.7.ark:12448157
mhbs0_sx45 /nfs-share/xinchi/kaldi/egs/timit/s5_la4/data-fmllr-tri3/train/data/feats_fmllr_train.6.ark:3876071
msah1_sx59 /nfs-share/xinchi/kaldi/egs/timit/s5_la4/data-fmllr-tri3/train/data/feats_fmllr_train.9.ark:11389961
msah1_si1679 /nfs-share/xinchi/kaldi/egs/timit/s5_la4/data-fmllr-tri3/train/data/feats_fmllr_train.9.ark:11139399
fnkl0_sx82 /nfs-share/xinchi/kaldi/egs/timit/s5_la4/data-fmllr-tri3/train/data/feats_fmllr_train.3.ark:328522
mjde0_si490 /nfs-share/xinchi/kaldi/egs/timit/s5_la4/data-fmllr-tri3/train/data/feats_fmllr_train.6.ark:8860573
mtrt0_sx237 /nfs-share/xinchi/kaldi/egs/timit/s5_la4/data-fmllr-tri3/train/data/feats_fmllr_train.10.ark:11405558
ftmg0_si1532 /nfs-share/xinchi/kaldi/egs/timit/s5_la4/data-fmllr-tri3/train/data/feats_fmllr_train.3.ark:15382715
mjls0_sx106 /nfs-share/xinchi/kaldi/egs/timit/s5_la4/data-fmllr-tri3/train/data/feats_fmllr_train.6.ark:14838577
mrdd0_sx277 /nfs-share/xinchi/kaldi/egs/timit/s5_la4/data-fmllr-tri3/train/data/feats_fmllr_train.8.ark:14270843
fjkl0_sx32 /nfs-share/xinchi/kaldi/egs/timit/s5_la4/data-fmllr-tri3/train/data/feats_fmllr_train.2.ark:1523389
mpfu0_sx358 /nfs-share/xinchi/kaldi/egs/timit/s5_la4/data-fmllr-tri3/train/data/feats_fmllr_train.8.ark:6665598
mrhl0_si2145 /nfs-share/xinchi/kaldi/egs/timit/s5_la4/data-fmllr-tri3/train/data/feats_fmllr_train.9.ark:450176
mkes0_sx263 /nfs-share/xinchi/kaldi/egs/timit/s5_la4/data-fmllr-tri3/train/data/feats_fmllr_train.7.ark:6963649
mprb0_sx215 /nfs-share/xinchi/kaldi/egs/timit/s5_la4/data-fmllr-tri3/train/data/feats_fmllr_train.8.ark:9170873
mkag0_sx79 /nfs-share/xinchi/kaldi/egs/timit/s5_la4/data-fmllr-tri3/train/data/feats_fmllr_train.7.ark:4375491
fgrw0_sx162 /nfs-share/xinchi/kaldi/egs/timit/s5_la4/data-fmllr-tri3/train/data/feats_fmllr_train.1.ark:17686288
mmdm1_si1650 /nfs-share/xinchi/kaldi/egs/timit/s5_la4/data-fmllr-tri3/train/data/feats_fmllr_train.7.ark:16622089
mhit0_sx443 /nfs-share/xinchi/kaldi/egs/timit/s5_la4/data-fmllr-tri3/train/data/feats_fmllr_train.6.ark:4213222
mdcd0_sx335 /nfs-share/xinchi/kaldi/egs/timit/s5_la4/data-fmllr-tri3/train/data/feats_fmllr_train.4.ark:16129741
mkes0_sx353 /nfs-share/xinchi/kaldi/egs/timit/s5_la4/data-fmllr-tri3/train/data/feats_fmllr_train.7.ark:7002716
mkls0_si1437 /nfs-share/xinchi/kaldi/egs/timit/s5_la4/data-fmllr-tri3/train/data/feats_fmllr_train.7.ark:8197209
fkfb0_si978 /nfs-share/xinchi/kaldi/egs/timit/s5_la4/data-fmllr-tri3/train/data/feats_fmllr_train.2.ark:6541465
mlbc0_sx339 /nfs-share/xinchi/kaldi/egs/timit/s5_la4/data-fmllr-tri3/train/data/feats_fmllr_train.7.ark:10368992
fskc0_sx336 /nfs-share/xinchi/kaldi/egs/timit/s5_la4/data-fmllr-tri3/train/data/feats_fmllr_train.3.ark:10198853
fcmg0_sx432 /nfs-share/xinchi/kaldi/egs/timit/s5_la4/data-fmllr-tri3/train/data/feats_fmllr_train.1.ark:8087074
msfh0_sx316 /nfs-share/xinchi/kaldi/egs/timit/s5_la4/data-fmllr-tri3/train/data/feats_fmllr_train.9.ark:14820025
makb0_si2276 /nfs-share/xinchi/kaldi/egs/timit/s5_la4/data-fmllr-tri3/train/data/feats_fmllr_train.4.ark:1643339
mtpr0_sx70 /nfs-share/xinchi/kaldi/egs/timit/s5_la4/data-fmllr-tri3/train/data/feats_fmllr_train.10.ark:9926851
mtwh1_sx162 /nfs-share/xinchi/kaldi/egs/timit/s5_la4/data-fmllr-tri3/train/data/feats_fmllr_train.10.ark:11674708
feme0_si2135 /nfs-share/xinchi/kaldi/egs/timit/s5_la4/data-fmllr-tri3/train/data/feats_fmllr_train.1.ark:15042850
mjxa0_si877 /nfs-share/xinchi/kaldi/egs/timit/s5_la4/data-fmllr-tri3/train/data/feats_fmllr_train.7.ark:3350924
fmah1_sx339 /nfs-share/xinchi/kaldi/egs/timit/s5_la4/data-fmllr-tri3/train/data/feats_fmllr_train.2.ark:14577252
mrjm1_sx218 /nfs-share/xinchi/kaldi/egs/timit/s5_la4/data-fmllr-tri3/train/data/feats_fmllr_train.9.ark:2291126
fbmj0_si815 /nfs-share/xinchi/kaldi/egs/timit/s5_la4/data-fmllr-tri3/train/data/feats_fmllr_train.1.ark:4596531
mtdp0_si1521 /nfs-share/xinchi/kaldi/egs/timit/s5_la4/data-fmllr-tri3/train/data/feats_fmllr_train.10.ark:3246577
mtlc0_sx397 /nfs-share/xinchi/kaldi/egs/timit/s5_la4/data-fmllr-tri3/train/data/feats_fmllr_train.10.ark:7195891
feme0_sx335 /nfs-share/xinchi/kaldi/egs/timit/s5_la4/data-fmllr-tri3/train/data/feats_fmllr_train.1.ark:15255278
mdcm0_si850 /nfs-share/xinchi/kaldi/egs/timit/s5_la4/data-fmllr-tri3/train/data/feats_fmllr_train.4.ark:16382197
mrab0_si594 /nfs-share/xinchi/kaldi/egs/timit/s5_la4/data-fmllr-tri3/train/data/feats_fmllr_train.8.ark:11041983
mjrg0_si1996 /nfs-share/xinchi/kaldi/egs/timit/s5_la4/data-fmllr-tri3/train/data/feats_fmllr_train.6.ark:17658340
mdac0_sx361 /nfs-share/xinchi/kaldi/egs/timit/s5_la4/data-fmllr-tri3/train/data/feats_fmllr_train.4.ark:14627755
mcdc0_sx122 /nfs-share/xinchi/kaldi/egs/timit/s5_la4/data-fmllr-tri3/train/data/feats_fmllr_train.4.ark:9108983
mrws0_sx202 /nfs-share/xinchi/kaldi/egs/timit/s5_la4/data-fmllr-tri3/train/data/feats_fmllr_train.9.ark:10555206
fkaa0_sx218 /nfs-share/xinchi/kaldi/egs/timit/s5_la4/data-fmllr-tri3/train/data/feats_fmllr_train.2.ark:5389507
mppc0_si782 /nfs-share/xinchi/kaldi/egs/timit/s5_la4/data-fmllr-tri3/train/data/feats_fmllr_train.8.ark:8648522
mrlj1_sx51 /nfs-share/xinchi/kaldi/egs/timit/s5_la4/data-fmllr-tri3/train/data/feats_fmllr_train.9.ark:4361410
fcag0_si1641 /nfs-share/xinchi/kaldi/egs/timit/s5_la4/data-fmllr-tri3/train/data/feats_fmllr_train.1.ark:4931761
mjae0_sx264 /nfs-share/xinchi/kaldi/egs/timit/s5_la4/data-fmllr-tri3/train/data/feats_fmllr_train.6.ark:7044822
ftlg0_sx123 /nfs-share/xinchi/kaldi/egs/timit/s5_la4/data-fmllr-tri3/train/data/feats_fmllr_train.3.ark:15164980
milb0_si2163 /nfs-share/xinchi/kaldi/egs/timit/s5_la4/data-fmllr-tri3/train/data/feats_fmllr_train.6.ark:6120761
mklw0_si1844 /nfs-share/xinchi/kaldi/egs/timit/s5_la4/data-fmllr-tri3/train/data/feats_fmllr_train.7.ark:9072552
mrlr0_sx296 /nfs-share/xinchi/kaldi/egs/timit/s5_la4/data-fmllr-tri3/train/data/feats_fmllr_train.9.ark:5072857
fbcg1_sx442 /nfs-share/xinchi/kaldi/egs/timit/s5_la4/data-fmllr-tri3/train/data/feats_fmllr_train.1.ark:2750915
mbar0_sx329 /nfs-share/xinchi/kaldi/egs/timit/s5_la4/data-fmllr-tri3/train/data/feats_fmllr_train.4.ark:3620025
msms0_si1433 /nfs-share/xinchi/kaldi/egs/timit/s5_la4/data-fmllr-tri3/train/data/feats_fmllr_train.9.ark:16600333
frll0_sx434 /nfs-share/xinchi/kaldi/egs/timit/s5_la4/data-fmllr-tri3/train/data/feats_fmllr_train.3.ark:5002618
mljc0_sx415 /nfs-share/xinchi/kaldi/egs/timit/s5_la4/data-fmllr-tri3/train/data/feats_fmllr_train.7.ark:11238733
feeh0_sx302 /nfs-share/xinchi/kaldi/egs/timit/s5_la4/data-fmllr-tri3/train/data/feats_fmllr_train.1.ark:14851381
msat1_si1703 /nfs-share/xinchi/kaldi/egs/timit/s5_la4/data-fmllr-tri3/train/data/feats_fmllr_train.9.ark:12208051
mdcm0_sx310 /nfs-share/xinchi/kaldi/egs/timit/s5_la4/data-fmllr-tri3/train/data/feats_fmllr_train.4.ark:16522598
fmjb0_sx277 /nfs-share/xinchi/kaldi/egs/timit/s5_la4/data-fmllr-tri3/train/data/feats_fmllr_train.2.ark:15742836
mmgk0_sx242 /nfs-share/xinchi/kaldi/egs/timit/s5_la4/data-fmllr-tri3/train/data/feats_fmllr_train.8.ark:877358
freh0_sx325 /nfs-share/xinchi/kaldi/egs/timit/s5_la4/data-fmllr-tri3/train/data/feats_fmllr_train.3.ark:4244077
mdlc0_sx405 /nfs-share/xinchi/kaldi/egs/timit/s5_la4/data-fmllr-tri3/train/data/feats_fmllr_train.5.ark:3103456
fmkf0_si1536 /nfs-share/xinchi/kaldi/egs/timit/s5_la4/data-fmllr-tri3/train/data/feats_fmllr_train.2.ark:17201702
feeh0_sx392 /nfs-share/xinchi/kaldi/egs/timit/s5_la4/data-fmllr-tri3/train/data/feats_fmllr_train.1.ark:14942474
flmc0_sx292 /nfs-share/xinchi/kaldi/egs/timit/s5_la4/data-fmllr-tri3/train/data/feats_fmllr_train.2.ark:13040860
mjls0_si466 /nfs-share/xinchi/kaldi/egs/timit/s5_la4/data-fmllr-tri3/train/data/feats_fmllr_train.6.ark:14800790
mmpm0_sx251 /nfs-share/xinchi/kaldi/egs/timit/s5_la4/data-fmllr-tri3/train/data/feats_fmllr_train.8.ark:1955770
fdaw0_si1406 /nfs-share/xinchi/kaldi/egs/timit/s5_la4/data-fmllr-tri3/train/data/feats_fmllr_train.1.ark:9808504
mjae0_si1524 /nfs-share/xinchi/kaldi/egs/timit/s5_la4/data-fmllr-tri3/train/data/feats_fmllr_train.6.ark:6859592
mmar0_sx76 /nfs-share/xinchi/kaldi/egs/timit/s5_la4/data-fmllr-tri3/train/data/feats_fmllr_train.7.ark:14609616
fskp0_sx108 /nfs-share/xinchi/kaldi/egs/timit/s5_la4/data-fmllr-tri3/train/data/feats_fmllr_train.3.ark:10887713
fpaf0_sx424 /nfs-share/xinchi/kaldi/egs/timit/s5_la4/data-fmllr-tri3/train/data/feats_fmllr_train.3.ark:2336941
mrmb0_sx141 /nfs-share/xinchi/kaldi/egs/timit/s5_la4/data-fmllr-tri3/train/data/feats_fmllr_train.9.ark:5289954
mtab0_si1572 /nfs-share/xinchi/kaldi/egs/timit/s5_la4/data-fmllr-tri3/train/data/feats_fmllr_train.10.ark:481670
mdas0_sx96 /nfs-share/xinchi/kaldi/egs/timit/s5_la4/data-fmllr-tri3/train/data/feats_fmllr_train.4.ark:15076022
mrtj0_sx322 /nfs-share/xinchi/kaldi/egs/timit/s5_la4/data-fmllr-tri3/train/data/feats_fmllr_train.9.ark:9504342
mgsh0_sx276 /nfs-share/xinchi/kaldi/egs/timit/s5_la4/data-fmllr-tri3/train/data/feats_fmllr_train.6.ark:2576493
mcew0_si2072 /nfs-share/xinchi/kaldi/egs/timit/s5_la4/data-fmllr-tri3/train/data/feats_fmllr_train.4.ark:10537957
mdlr1_sx39 /nfs-share/xinchi/kaldi/egs/timit/s5_la4/data-fmllr-tri3/train/data/feats_fmllr_train.5.ark:5378997
mcef0_sx55 /nfs-share/xinchi/kaldi/egs/timit/s5_la4/data-fmllr-tri3/train/data/feats_fmllr_train.4.ark:10439821
mmbs0_si1151 /nfs-share/xinchi/kaldi/egs/timit/s5_la4/data-fmllr-tri3/train/data/feats_fmllr_train.7.ark:14666924
mmam0_sx157 /nfs-share/xinchi/kaldi/egs/timit/s5_la4/data-fmllr-tri3/train/data/feats_fmllr_train.7.ark:13974892
fjen0_si1047 /nfs-share/xinchi/kaldi/egs/timit/s5_la4/data-fmllr-tri3/train/data/feats_fmllr_train.2.ark:417031
mrdm0_sx335 /nfs-share/xinchi/kaldi/egs/timit/s5_la4/data-fmllr-tri3/train/data/feats_fmllr_train.8.ark:14653940
fmah1_sx159 /nfs-share/xinchi/kaldi/egs/timit/s5_la4/data-fmllr-tri3/train/data/feats_fmllr_train.2.ark:14486638
mgrl0_sx147 /nfs-share/xinchi/kaldi/egs/timit/s5_la4/data-fmllr-tri3/train/data/feats_fmllr_train.6.ark:1649925
mcew0_si1442 /nfs-share/xinchi/kaldi/egs/timit/s5_la4/data-fmllr-tri3/train/data/feats_fmllr_train.4.ark:10485769
flet0_sx277 /nfs-share/xinchi/kaldi/egs/timit/s5_la4/data-fmllr-tri3/train/data/feats_fmllr_train.2.ark:10296301
mprk0_si467 /nfs-share/xinchi/kaldi/egs/timit/s5_la4/data-fmllr-tri3/train/data/feats_fmllr_train.8.ark:9955413
mjxa0_sx67 /nfs-share/xinchi/kaldi/egs/timit/s5_la4/data-fmllr-tri3/train/data/feats_fmllr_train.7.ark:3561298
mwdk0_sx86 /nfs-share/xinchi/kaldi/egs/timit/s5_la4/data-fmllr-tri3/train/data/feats_fmllr_train.10.ark:15210212
mgar0_sx132 /nfs-share/xinchi/kaldi/egs/timit/s5_la4/data-fmllr-tri3/train/data/feats_fmllr_train.6.ark:133696
fjwb1_sx255 /nfs-share/xinchi/kaldi/egs/timit/s5_la4/data-fmllr-tri3/train/data/feats_fmllr_train.2.ark:4233496
mdlc1_sx355 /nfs-share/xinchi/kaldi/egs/timit/s5_la4/data-fmllr-tri3/train/data/feats_fmllr_train.5.ark:3467007
msrg0_sx321 /nfs-share/xinchi/kaldi/egs/timit/s5_la4/data-fmllr-tri3/train/data/feats_fmllr_train.9.ark:17204366
fsjw0_sx253 /nfs-share/xinchi/kaldi/egs/timit/s5_la4/data-fmllr-tri3/train/data/feats_fmllr_train.3.ark:9799569
ftbw0_sx175 /nfs-share/xinchi/kaldi/egs/timit/s5_la4/data-fmllr-tri3/train/data/feats_fmllr_train.3.ark:14741564
mkxl0_sx285 /nfs-share/xinchi/kaldi/egs/timit/s5_la4/data-fmllr-tri3/train/data/feats_fmllr_train.7.ark:10042081
mcre0_sx131 /nfs-share/xinchi/kaldi/egs/timit/s5_la4/data-fmllr-tri3/train/data/feats_fmllr_train.4.ark:12600058
mjws0_sx153 /nfs-share/xinchi/kaldi/egs/timit/s5_la4/data-fmllr-tri3/train/data/feats_fmllr_train.7.ark:2531797
mafm0_si939 /nfs-share/xinchi/kaldi/egs/timit/s5_la4/data-fmllr-tri3/train/data/feats_fmllr_train.4.ark:787543
fleh0_sx241 /nfs-share/xinchi/kaldi/egs/timit/s5_la4/data-fmllr-tri3/train/data/feats_fmllr_train.2.ark:9859897
mrab0_si1854 /nfs-share/xinchi/kaldi/egs/timit/s5_la4/data-fmllr-tri3/train/data/feats_fmllr_train.8.ark:10973476
fmkf0_sx276 /nfs-share/xinchi/kaldi/egs/timit/s5_la4/data-fmllr-tri3/train/data/feats_fmllr_train.2.ark:17344503
mvjh0_sx296 /nfs-share/xinchi/kaldi/egs/timit/s5_la4/data-fmllr-tri3/train/data/feats_fmllr_train.10.ark:12628503
fklh0_sx447 /nfs-share/xinchi/kaldi/egs/timit/s5_la4/data-fmllr-tri3/train/data/feats_fmllr_train.2.ark:8393802
mtcs0_si2265 /nfs-share/xinchi/kaldi/egs/timit/s5_la4/data-fmllr-tri3/train/data/feats_fmllr_train.10.ark:2471903
fgrw0_si1782 /nfs-share/xinchi/kaldi/egs/timit/s5_la4/data-fmllr-tri3/train/data/feats_fmllr_train.1.ark:17591513
mmws0_sx258 /nfs-share/xinchi/kaldi/egs/timit/s5_la4/data-fmllr-tri3/train/data/feats_fmllr_train.8.ark:4110934
mfer0_sx52 /nfs-share/xinchi/kaldi/egs/timit/s5_la4/data-fmllr-tri3/train/data/feats_fmllr_train.5.ark:14310149
mmdm1_sx423 /nfs-share/xinchi/kaldi/egs/timit/s5_la4/data-fmllr-tri3/train/data/feats_fmllr_train.7.ark:16913292
mrfk0_si2336 /nfs-share/xinchi/kaldi/egs/timit/s5_la4/data-fmllr-tri3/train/data/feats_fmllr_train.8.ark:16806362
mdlc0_si2025 /nfs-share/xinchi/kaldi/egs/timit/s5_la4/data-fmllr-tri3/train/data/feats_fmllr_train.5.ark:2865721
mpgh0_si1554 /nfs-share/xinchi/kaldi/egs/timit/s5_la4/data-fmllr-tri3/train/data/feats_fmllr_train.8.ark:6819919
fmjf0_si1884 /nfs-share/xinchi/kaldi/egs/timit/s5_la4/data-fmllr-tri3/train/data/feats_fmllr_train.2.ark:15956250
fdtd0_sx211 /nfs-share/xinchi/kaldi/egs/timit/s5_la4/data-fmllr-tri3/train/data/feats_fmllr_train.1.ark:12787068
mejs0_sx340 /nfs-share/xinchi/kaldi/egs/timit/s5_la4/data-fmllr-tri3/train/data/feats_fmllr_train.5.ark:12855630
fjhk0_si1652 /nfs-share/xinchi/kaldi/egs/timit/s5_la4/data-fmllr-tri3/train/data/feats_fmllr_train.2.ark:906717
mrms0_si2057 /nfs-share/xinchi/kaldi/egs/timit/s5_la4/data-fmllr-tri3/train/data/feats_fmllr_train.9.ark:6802770
mstf0_sx316 /nfs-share/xinchi/kaldi/egs/timit/s5_la4/data-fmllr-tri3/train/data/feats_fmllr_train.9.ark:17994718
mrfl0_sx76 /nfs-share/xinchi/kaldi/egs/timit/s5_la4/data-fmllr-tri3/train/data/feats_fmllr_train.8.ark:17435353
mhrm0_sx328 /nfs-share/xinchi/kaldi/egs/timit/s5_la4/data-fmllr-tri3/train/data/feats_fmllr_train.6.ark:5560464
mbth0_sx302 /nfs-share/xinchi/kaldi/egs/timit/s5_la4/data-fmllr-tri3/train/data/feats_fmllr_train.4.ark:7567051
mstf0_sx226 /nfs-share/xinchi/kaldi/egs/timit/s5_la4/data-fmllr-tri3/train/data/feats_fmllr_train.9.ark:17948931
fdtd0_si1561 /nfs-share/xinchi/kaldi/egs/timit/s5_la4/data-fmllr-tri3/train/data/feats_fmllr_train.1.ark:12587759
mprk0_si1097 /nfs-share/xinchi/kaldi/egs/timit/s5_la4/data-fmllr-tri3/train/data/feats_fmllr_train.8.ark:9816798
mmdb0_si987 /nfs-share/xinchi/kaldi/egs/timit/s5_la4/data-fmllr-tri3/train/data/feats_fmllr_train.7.ark:15563253
mtmn0_sx344 /nfs-share/xinchi/kaldi/egs/timit/s5_la4/data-fmllr-tri3/train/data/feats_fmllr_train.10.ark:7948113
mtkp0_sx213 /nfs-share/xinchi/kaldi/egs/timit/s5_la4/data-fmllr-tri3/train/data/feats_fmllr_train.10.ark:6340337
mjac0_si2148 /nfs-share/xinchi/kaldi/egs/timit/s5_la4/data-fmllr-tri3/train/data/feats_fmllr_train.6.ark:6518923
mtdb0_sx51 /nfs-share/xinchi/kaldi/egs/timit/s5_la4/data-fmllr-tri3/train/data/feats_fmllr_train.10.ark:3177561
mfxs0_sx324 /nfs-share/xinchi/kaldi/egs/timit/s5_la4/data-fmllr-tri3/train/data/feats_fmllr_train.5.ark:15696566
mgaw0_si1165 /nfs-share/xinchi/kaldi/egs/timit/s5_la4/data-fmllr-tri3/train/data/feats_fmllr_train.6.ark:385831
fvkb0_si1789 /nfs-share/xinchi/kaldi/egs/timit/s5_la4/data-fmllr-tri3/train/data/feats_fmllr_train.3.ark:16135178
mfer0_sx412 /nfs-share/xinchi/kaldi/egs/timit/s5_la4/data-fmllr-tri3/train/data/feats_fmllr_train.5.ark:14270283
mgrl0_sx417 /nfs-share/xinchi/kaldi/egs/timit/s5_la4/data-fmllr-tri3/train/data/feats_fmllr_train.6.ark:1797046
mjda0_sx131 /nfs-share/xinchi/kaldi/egs/timit/s5_la4/data-fmllr-tri3/train/data/feats_fmllr_train.6.ark:8148007
fbas0_si2066 /nfs-share/xinchi/kaldi/egs/timit/s5_la4/data-fmllr-tri3/train/data/feats_fmllr_train.1.ark:2181150
fkfb0_si2238 /nfs-share/xinchi/kaldi/egs/timit/s5_la4/data-fmllr-tri3/train/data/feats_fmllr_train.2.ark:6506558
mrem0_sx241 /nfs-share/xinchi/kaldi/egs/timit/s5_la4/data-fmllr-tri3/train/data/feats_fmllr_train.8.ark:16169661
mkdd0_si1567 /nfs-share/xinchi/kaldi/egs/timit/s5_la4/data-fmllr-tri3/train/data/feats_fmllr_train.7.ark:5940067
mcef0_si1765 /nfs-share/xinchi/kaldi/egs/timit/s5_la4/data-fmllr-tri3/train/data/feats_fmllr_train.4.ark:10169740
fear0_sx172 /nfs-share/xinchi/kaldi/egs/timit/s5_la4/data-fmllr-tri3/train/data/feats_fmllr_train.1.ark:13866413
fjwb1_si2055 /nfs-share/xinchi/kaldi/egs/timit/s5_la4/data-fmllr-tri3/train/data/feats_fmllr_train.2.ark:4039308
mmjb1_sx58 /nfs-share/xinchi/kaldi/egs/timit/s5_la4/data-fmllr-tri3/train/data/feats_fmllr_train.8.ark:1380855
mkdb0_sx242 /nfs-share/xinchi/kaldi/egs/timit/s5_la4/data-fmllr-tri3/train/data/feats_fmllr_train.7.ark:5735319
mjkr0_sx31 /nfs-share/xinchi/kaldi/egs/timit/s5_la4/data-fmllr-tri3/train/data/feats_fmllr_train.6.ark:13876565
mdbb1_si1636 /nfs-share/xinchi/kaldi/egs/timit/s5_la4/data-fmllr-tri3/train/data/feats_fmllr_train.4.ark:15179278
flhd0_sx174 /nfs-share/xinchi/kaldi/egs/timit/s5_la4/data-fmllr-tri3/train/data/feats_fmllr_train.2.ark:10539345
fsdc0_sx322 /nfs-share/xinchi/kaldi/egs/timit/s5_la4/data-fmllr-tri3/train/data/feats_fmllr_train.3.ark:7454134
fkdw0_sx397 /nfs-share/xinchi/kaldi/egs/timit/s5_la4/data-fmllr-tri3/train/data/feats_fmllr_train.2.ark:6385222
mkln0_sx158 /nfs-share/xinchi/kaldi/egs/timit/s5_la4/data-fmllr-tri3/train/data/feats_fmllr_train.7.ark:7643736
fcyl0_sx37 /nfs-share/xinchi/kaldi/egs/timit/s5_la4/data-fmllr-tri3/train/data/feats_fmllr_train.1.ark:9236844
mrlj1_si1671 /nfs-share/xinchi/kaldi/egs/timit/s5_la4/data-fmllr-tri3/train/data/feats_fmllr_train.9.ark:4063460
mtjm0_sx56 /nfs-share/xinchi/kaldi/egs/timit/s5_la4/data-fmllr-tri3/train/data/feats_fmllr_train.10.ark:4806269
mtxs0_sx70 /nfs-share/xinchi/kaldi/egs/timit/s5_la4/data-fmllr-tri3/train/data/feats_fmllr_train.10.ark:12309913
mvlo0_sx337 /nfs-share/xinchi/kaldi/egs/timit/s5_la4/data-fmllr-tri3/train/data/feats_fmllr_train.10.ark:12949974
freh0_si1315 /nfs-share/xinchi/kaldi/egs/timit/s5_la4/data-fmllr-tri3/train/data/feats_fmllr_train.3.ark:4008901
fdjh0_si935 /nfs-share/xinchi/kaldi/egs/timit/s5_la4/data-fmllr-tri3/train/data/feats_fmllr_train.1.ark:10560487
mrmh0_sx301 /nfs-share/xinchi/kaldi/egs/timit/s5_la4/data-fmllr-tri3/train/data/feats_fmllr_train.9.ark:6145484
fvfb0_sx222 /nfs-share/xinchi/kaldi/egs/timit/s5_la4/data-fmllr-tri3/train/data/feats_fmllr_train.3.ark:15930882
mmlm0_sx267 /nfs-share/xinchi/kaldi/egs/timit/s5_la4/data-fmllr-tri3/train/data/feats_fmllr_train.8.ark:1594432
mmsm0_sx386 /nfs-share/xinchi/kaldi/egs/timit/s5_la4/data-fmllr-tri3/train/data/feats_fmllr_train.8.ark:2922843
mbma0_sx142 /nfs-share/xinchi/kaldi/egs/timit/s5_la4/data-fmllr-tri3/train/data/feats_fmllr_train.4.ark:5677113
fksr0_sx217 /nfs-share/xinchi/kaldi/egs/timit/s5_la4/data-fmllr-tri3/train/data/feats_fmllr_train.2.ark:8679245
mwrp0_sx3 /nfs-share/xinchi/kaldi/egs/timit/s5_la4/data-fmllr-tri3/train/data/feats_fmllr_train.10.ark:16676468
mrvg0_si1140 /nfs-share/xinchi/kaldi/egs/timit/s5_la4/data-fmllr-tri3/train/data/feats_fmllr_train.9.ark:9665703
mtcs0_si1972 /nfs-share/xinchi/kaldi/egs/timit/s5_la4/data-fmllr-tri3/train/data/feats_fmllr_train.10.ark:2446435
mfmc0_sx52 /nfs-share/xinchi/kaldi/egs/timit/s5_la4/data-fmllr-tri3/train/data/feats_fmllr_train.5.ark:14704766
mjdc0_si1161 /nfs-share/xinchi/kaldi/egs/timit/s5_la4/data-fmllr-tri3/train/data/feats_fmllr_train.6.ark:8372142
mljh0_sx154 /nfs-share/xinchi/kaldi/egs/timit/s5_la4/data-fmllr-tri3/train/data/feats_fmllr_train.7.ark:11557909
fljg0_si1611 /nfs-share/xinchi/kaldi/egs/timit/s5_la4/data-fmllr-tri3/train/data/feats_fmllr_train.2.ark:11583595
mrhl0_sx435 /nfs-share/xinchi/kaldi/egs/timit/s5_la4/data-fmllr-tri3/train/data/feats_fmllr_train.9.ark:692871
maeo0_sx156 /nfs-share/xinchi/kaldi/egs/timit/s5_la4/data-fmllr-tri3/train/data/feats_fmllr_train.4.ark:517913
mmjb1_sx148 /nfs-share/xinchi/kaldi/egs/timit/s5_la4/data-fmllr-tri3/train/data/feats_fmllr_train.8.ark:1178028
feme0_si875 /nfs-share/xinchi/kaldi/egs/timit/s5_la4/data-fmllr-tri3/train/data/feats_fmllr_train.1.ark:15080477
mpar0_si2206 /nfs-share/xinchi/kaldi/egs/timit/s5_la4/data-fmllr-tri3/train/data/feats_fmllr_train.8.ark:5763936
mhmr0_si1692 /nfs-share/xinchi/kaldi/egs/timit/s5_la4/data-fmllr-tri3/train/data/feats_fmllr_train.6.ark:4998219
fjlr0_sx61 /nfs-share/xinchi/kaldi/egs/timit/s5_la4/data-fmllr-tri3/train/data/feats_fmllr_train.2.ark:2327691
mmgg0_sx179 /nfs-share/xinchi/kaldi/egs/timit/s5_la4/data-fmllr-tri3/train/data/feats_fmllr_train.8.ark:498234
mbjv0_sx257 /nfs-share/xinchi/kaldi/egs/timit/s5_la4/data-fmllr-tri3/train/data/feats_fmllr_train.4.ark:5381723
mrmb0_si951 /nfs-share/xinchi/kaldi/egs/timit/s5_la4/data-fmllr-tri3/train/data/feats_fmllr_train.9.ark:5232647
fsbk0_sx169 /nfs-share/xinchi/kaldi/egs/timit/s5_la4/data-fmllr-tri3/train/data/feats_fmllr_train.3.ark:6455886
msas0_sx296 /nfs-share/xinchi/kaldi/egs/timit/s5_la4/data-fmllr-tri3/train/data/feats_fmllr_train.9.ark:11770951
fcag0_si2133 /nfs-share/xinchi/kaldi/egs/timit/s5_la4/data-fmllr-tri3/train/data/feats_fmllr_train.1.ark:4955309
fecd0_sx68 /nfs-share/xinchi/kaldi/egs/timit/s5_la4/data-fmllr-tri3/train/data/feats_fmllr_train.1.ark:14549297
mrsp0_sx259 /nfs-share/xinchi/kaldi/egs/timit/s5_la4/data-fmllr-tri3/train/data/feats_fmllr_train.9.ark:8604868
freh0_sx145 /nfs-share/xinchi/kaldi/egs/timit/s5_la4/data-fmllr-tri3/train/data/feats_fmllr_train.3.ark:4171063
fvfb0_si1032 /nfs-share/xinchi/kaldi/egs/timit/s5_la4/data-fmllr-tri3/train/data/feats_fmllr_train.3.ark:15754452
fspm0_sx71 /nfs-share/xinchi/kaldi/egs/timit/s5_la4/data-fmllr-tri3/train/data/feats_fmllr_train.3.ark:13084586
mdlb0_si1936 /nfs-share/xinchi/kaldi/egs/timit/s5_la4/data-fmllr-tri3/train/data/feats_fmllr_train.5.ark:2415104
mfxs0_sx234 /nfs-share/xinchi/kaldi/egs/timit/s5_la4/data-fmllr-tri3/train/data/feats_fmllr_train.5.ark:15645499
msat0_sx356 /nfs-share/xinchi/kaldi/egs/timit/s5_la4/data-fmllr-tri3/train/data/feats_fmllr_train.9.ark:12043302
mrew1_sx60 /nfs-share/xinchi/kaldi/egs/timit/s5_la4/data-fmllr-tri3/train/data/feats_fmllr_train.8.ark:16658758
mctm0_si1350 /nfs-share/xinchi/kaldi/egs/timit/s5_la4/data-fmllr-tri3/train/data/feats_fmllr_train.4.ark:13609265
mhjb0_sx207 /nfs-share/xinchi/kaldi/egs/timit/s5_la4/data-fmllr-tri3/train/data/feats_fmllr_train.6.ark:4480906
mtat1_si779 /nfs-share/xinchi/kaldi/egs/timit/s5_la4/data-fmllr-tri3/train/data/feats_fmllr_train.10.ark:1701256
mdwm0_sx106 /nfs-share/xinchi/kaldi/egs/timit/s5_la4/data-fmllr-tri3/train/data/feats_fmllr_train.5.ark:10549157
mewm0_sx268 /nfs-share/xinchi/kaldi/egs/timit/s5_la4/data-fmllr-tri3/train/data/feats_fmllr_train.5.ark:13858012
mrcg0_si1428 /nfs-share/xinchi/kaldi/egs/timit/s5_la4/data-fmllr-tri3/train/data/feats_fmllr_train.8.ark:13228352
mfwk0_si1879 /nfs-share/xinchi/kaldi/egs/timit/s5_la4/data-fmllr-tri3/train/data/feats_fmllr_train.5.ark:15163120
fdmy0_sx297 /nfs-share/xinchi/kaldi/egs/timit/s5_la4/data-fmllr-tri3/train/data/feats_fmllr_train.1.ark:12031166
mjwg0_sx355 /nfs-share/xinchi/kaldi/egs/timit/s5_la4/data-fmllr-tri3/train/data/feats_fmllr_train.7.ark:2280434
mhmr0_sx129 /nfs-share/xinchi/kaldi/egs/timit/s5_la4/data-fmllr-tri3/train/data/feats_fmllr_train.6.ark:5123073
mrds0_sx447 /nfs-share/xinchi/kaldi/egs/timit/s5_la4/data-fmllr-tri3/train/data/feats_fmllr_train.8.ark:15059784
mrso0_sx39 /nfs-share/xinchi/kaldi/egs/timit/s5_la4/data-fmllr-tri3/train/data/feats_fmllr_train.9.ark:8245637
fsrh0_sx41 /nfs-share/xinchi/kaldi/egs/timit/s5_la4/data-fmllr-tri3/train/data/feats_fmllr_train.3.ark:13434243
mhjb0_sx387 /nfs-share/xinchi/kaldi/egs/timit/s5_la4/data-fmllr-tri3/train/data/feats_fmllr_train.6.ark:4566106
fscn0_si705 /nfs-share/xinchi/kaldi/egs/timit/s5_la4/data-fmllr-tri3/train/data/feats_fmllr_train.3.ark:6854475
fpab1_si2101 /nfs-share/xinchi/kaldi/egs/timit/s5_la4/data-fmllr-tri3/train/data/feats_fmllr_train.3.ark:795034
mrai0_si2052 /nfs-share/xinchi/kaldi/egs/timit/s5_la4/data-fmllr-tri3/train/data/feats_fmllr_train.8.ark:11738870
mmea0_sx218 /nfs-share/xinchi/kaldi/egs/timit/s5_la4/data-fmllr-tri3/train/data/feats_fmllr_train.7.ark:17492552
mmpm0_si1061 /nfs-share/xinchi/kaldi/egs/timit/s5_la4/data-fmllr-tri3/train/data/feats_fmllr_train.8.ark:1762380
mejl0_sx152 /nfs-share/xinchi/kaldi/egs/timit/s5_la4/data-fmllr-tri3/train/data/feats_fmllr_train.5.ark:12376479
mgsl0_si1164 /nfs-share/xinchi/kaldi/egs/timit/s5_la4/data-fmllr-tri3/train/data/feats_fmllr_train.6.ark:2726812
mtjg0_sx170 /nfs-share/xinchi/kaldi/egs/timit/s5_la4/data-fmllr-tri3/train/data/feats_fmllr_train.10.ark:4200345
mjpm1_sx311 /nfs-share/xinchi/kaldi/egs/timit/s5_la4/data-fmllr-tri3/train/data/feats_fmllr_train.6.ark:17040894
mdlr1_sx129 /nfs-share/xinchi/kaldi/egs/timit/s5_la4/data-fmllr-tri3/train/data/feats_fmllr_train.5.ark:5225157
msat0_si2156 /nfs-share/xinchi/kaldi/egs/timit/s5_la4/data-fmllr-tri3/train/data/feats_fmllr_train.9.ark:11894394
mmdg0_si1780 /nfs-share/xinchi/kaldi/egs/timit/s5_la4/data-fmllr-tri3/train/data/feats_fmllr_train.7.ark:15817815
mmea0_sx38 /nfs-share/xinchi/kaldi/egs/timit/s5_la4/data-fmllr-tri3/train/data/feats_fmllr_train.7.ark:17568925
mbma0_sx52 /nfs-share/xinchi/kaldi/egs/timit/s5_la4/data-fmllr-tri3/train/data/feats_fmllr_train.4.ark:5871300
mmpm0_sx71 /nfs-share/xinchi/kaldi/egs/timit/s5_la4/data-fmllr-tri3/train/data/feats_fmllr_train.8.ark:2112810
mtqc0_si1441 /nfs-share/xinchi/kaldi/egs/timit/s5_la4/data-fmllr-tri3/train/data/feats_fmllr_train.10.ark:9943519
fcmg0_si1142 /nfs-share/xinchi/kaldi/egs/timit/s5_la4/data-fmllr-tri3/train/data/feats_fmllr_train.1.ark:7779390
fexm0_sx291 /nfs-share/xinchi/kaldi/egs/timit/s5_la4/data-fmllr-tri3/train/data/feats_fmllr_train.1.ark:16080032
mjdg0_sx52 /nfs-share/xinchi/kaldi/egs/timit/s5_la4/data-fmllr-tri3/train/data/feats_fmllr_train.6.ark:9571165
mesj0_si2257 /nfs-share/xinchi/kaldi/egs/timit/s5_la4/data-fmllr-tri3/train/data/feats_fmllr_train.5.ark:13431316
mhxl0_sx152 /nfs-share/xinchi/kaldi/egs/timit/s5_la4/data-fmllr-tri3/train/data/feats_fmllr_train.6.ark:5853906
mtqc0_sx451 /nfs-share/xinchi/kaldi/egs/timit/s5_la4/data-fmllr-tri3/train/data/feats_fmllr_train.10.ark:10336002
mjae0_sx354 /nfs-share/xinchi/kaldi/egs/timit/s5_la4/data-fmllr-tri3/train/data/feats_fmllr_train.6.ark:7090449
mmpm0_sx161 /nfs-share/xinchi/kaldi/egs/timit/s5_la4/data-fmllr-tri3/train/data/feats_fmllr_train.8.ark:1889983
mbbr0_si2315 /nfs-share/xinchi/kaldi/egs/timit/s5_la4/data-fmllr-tri3/train/data/feats_fmllr_train.4.ark:3863842
mhmg0_sx285 /nfs-share/xinchi/kaldi/egs/timit/s5_la4/data-fmllr-tri3/train/data/feats_fmllr_train.6.ark:4871416
mdsj0_sx382 /nfs-share/xinchi/kaldi/egs/timit/s5_la4/data-fmllr-tri3/train/data/feats_fmllr_train.5.ark:8486174
fhlm0_sx390 /nfs-share/xinchi/kaldi/egs/timit/s5_la4/data-fmllr-tri3/train/data/feats_fmllr_train.1.ark:18308053
mgsh0_sx6 /nfs-share/xinchi/kaldi/egs/timit/s5_la4/data-fmllr-tri3/train/data/feats_fmllr_train.6.ark:2620678
mter0_sx167 /nfs-share/xinchi/kaldi/egs/timit/s5_la4/data-fmllr-tri3/train/data/feats_fmllr_train.10.ark:3847169
mjdc0_si2165 /nfs-share/xinchi/kaldi/egs/timit/s5_la4/data-fmllr-tri3/train/data/feats_fmllr_train.6.ark:8408490
mtkd0_sx17 /nfs-share/xinchi/kaldi/egs/timit/s5_la4/data-fmllr-tri3/train/data/feats_fmllr_train.10.ark:5902039
mfmc0_sx322 /nfs-share/xinchi/kaldi/egs/timit/s5_la4/data-fmllr-tri3/train/data/feats_fmllr_train.5.ark:14617033
mjmd0_si1028 /nfs-share/xinchi/kaldi/egs/timit/s5_la4/data-fmllr-tri3/train/data/feats_fmllr_train.6.ark:15419409
fmbg0_si1790 /nfs-share/xinchi/kaldi/egs/timit/s5_la4/data-fmllr-tri3/train/data/feats_fmllr_train.2.ark:14791121
mgjc0_si1256 /nfs-share/xinchi/kaldi/egs/timit/s5_la4/data-fmllr-tri3/train/data/feats_fmllr_train.6.ark:1075385
mdks0_sx436 /nfs-share/xinchi/kaldi/egs/timit/s5_la4/data-fmllr-tri3/train/data/feats_fmllr_train.5.ark:2222542
mbbr0_si1055 /nfs-share/xinchi/kaldi/egs/timit/s5_la4/data-fmllr-tri3/train/data/feats_fmllr_train.4.ark:3752266
mejl0_si1654 /nfs-share/xinchi/kaldi/egs/timit/s5_la4/data-fmllr-tri3/train/data/feats_fmllr_train.5.ark:12299625
fgrw0_sx342 /nfs-share/xinchi/kaldi/egs/timit/s5_la4/data-fmllr-tri3/train/data/feats_fmllr_train.1.ark:17799302
mcae0_sx7 /nfs-share/xinchi/kaldi/egs/timit/s5_la4/data-fmllr-tri3/train/data/feats_fmllr_train.4.ark:8502070
mfrm0_si1785 /nfs-share/xinchi/kaldi/egs/timit/s5_la4/data-fmllr-tri3/train/data/feats_fmllr_train.5.ark:14858930
mkls1_sx375 /nfs-share/xinchi/kaldi/egs/timit/s5_la4/data-fmllr-tri3/train/data/feats_fmllr_train.7.ark:8939376
mtkp0_sx303 /nfs-share/xinchi/kaldi/egs/timit/s5_la4/data-fmllr-tri3/train/data/feats_fmllr_train.10.ark:6382124
mter0_si527 /nfs-share/xinchi/kaldi/egs/timit/s5_la4/data-fmllr-tri3/train/data/feats_fmllr_train.10.ark:3799462
mded0_sx450 /nfs-share/xinchi/kaldi/egs/timit/s5_la4/data-fmllr-tri3/train/data/feats_fmllr_train.4.ark:17313459
mklr0_si2319 /nfs-share/xinchi/kaldi/egs/timit/s5_la4/data-fmllr-tri3/train/data/feats_fmllr_train.7.ark:7958807
mpmb0_si2131 /nfs-share/xinchi/kaldi/egs/timit/s5_la4/data-fmllr-tri3/train/data/feats_fmllr_train.8.ark:7992278
fgmb0_sx155 /nfs-share/xinchi/kaldi/egs/timit/s5_la4/data-fmllr-tri3/train/data/feats_fmllr_train.1.ark:17233270
mmws0_si888 /nfs-share/xinchi/kaldi/egs/timit/s5_la4/data-fmllr-tri3/train/data/feats_fmllr_train.8.ark:4022400
mtjs0_sx292 /nfs-share/xinchi/kaldi/egs/timit/s5_la4/data-fmllr-tri3/train/data/feats_fmllr_train.10.ark:5179899
mrjm1_sx308 /nfs-share/xinchi/kaldi/egs/timit/s5_la4/data-fmllr-tri3/train/data/feats_fmllr_train.9.ark:2338993
mjeb1_si837 /nfs-share/xinchi/kaldi/egs/timit/s5_la4/data-fmllr-tri3/train/data/feats_fmllr_train.6.ark:10548162
mrfk0_sx446 /nfs-share/xinchi/kaldi/egs/timit/s5_la4/data-fmllr-tri3/train/data/feats_fmllr_train.8.ark:16976550
mdbp0_sx168 /nfs-share/xinchi/kaldi/egs/timit/s5_la4/data-fmllr-tri3/train/data/feats_fmllr_train.4.ark:15640190
mgrp0_sx327 /nfs-share/xinchi/kaldi/egs/timit/s5_la4/data-fmllr-tri3/train/data/feats_fmllr_train.6.ark:2126996
msvs0_si1568 /nfs-share/xinchi/kaldi/egs/timit/s5_la4/data-fmllr-tri3/train/data/feats_fmllr_train.10.ark:13
mnet0_sx186 /nfs-share/xinchi/kaldi/egs/timit/s5_la4/data-fmllr-tri3/train/data/feats_fmllr_train.8.ark:5119717
mtat1_sx329 /nfs-share/xinchi/kaldi/egs/timit/s5_la4/data-fmllr-tri3/train/data/feats_fmllr_train.10.ark:1900377
mapv0_sx303 /nfs-share/xinchi/kaldi/egs/timit/s5_la4/data-fmllr-tri3/train/data/feats_fmllr_train.4.ark:2544814
mwem0_si1950 /nfs-share/xinchi/kaldi/egs/timit/s5_la4/data-fmllr-tri3/train/data/feats_fmllr_train.10.ark:15337496
mtrc0_sx183 /nfs-share/xinchi/kaldi/egs/timit/s5_la4/data-fmllr-tri3/train/data/feats_fmllr_train.10.ark:10667364
mjpg0_sx111 /nfs-share/xinchi/kaldi/egs/timit/s5_la4/data-fmllr-tri3/train/data/feats_fmllr_train.6.ark:16271606
fskl0_sx269 /nfs-share/xinchi/kaldi/egs/timit/s5_la4/data-fmllr-tri3/train/data/feats_fmllr_train.3.ark:10553283
fjlg0_si1889 /nfs-share/xinchi/kaldi/egs/timit/s5_la4/data-fmllr-tri3/train/data/feats_fmllr_train.2.ark:1638832
mjdc0_sx351 /nfs-share/xinchi/kaldi/egs/timit/s5_la4/data-fmllr-tri3/train/data/feats_fmllr_train.6.ark:8611318
fbjl0_sx292 /nfs-share/xinchi/kaldi/egs/timit/s5_la4/data-fmllr-tri3/train/data/feats_fmllr_train.1.ark:3556307
msrr0_sx51 /nfs-share/xinchi/kaldi/egs/timit/s5_la4/data-fmllr-tri3/train/data/feats_fmllr_train.9.ark:17683835
mjhi0_sx158 /nfs-share/xinchi/kaldi/egs/timit/s5_la4/data-fmllr-tri3/train/data/feats_fmllr_train.6.ark:12114816
mrmh0_sx211 /nfs-share/xinchi/kaldi/egs/timit/s5_la4/data-fmllr-tri3/train/data/feats_fmllr_train.9.ark:6105617
mstf0_sx136 /nfs-share/xinchi/kaldi/egs/timit/s5_la4/data-fmllr-tri3/train/data/feats_fmllr_train.9.ark:17891624
flmc0_sx382 /nfs-share/xinchi/kaldi/egs/timit/s5_la4/data-fmllr-tri3/train/data/feats_fmllr_train.2.ark:13158674
mjmd0_sx128 /nfs-share/xinchi/kaldi/egs/timit/s5_la4/data-fmllr-tri3/train/data/feats_fmllr_train.6.ark:15542052
ftbr0_si921 /nfs-share/xinchi/kaldi/egs/timit/s5_la4/data-fmllr-tri3/train/data/feats_fmllr_train.3.ark:14323720
mafm0_sx219 /nfs-share/xinchi/kaldi/egs/timit/s5_la4/data-fmllr-tri3/train/data/feats_fmllr_train.4.ark:894637
mjxa0_sx337 /nfs-share/xinchi/kaldi/egs/timit/s5_la4/data-fmllr-tri3/train/data/feats_fmllr_train.7.ark:3484605
mjeb0_sx170 /nfs-share/xinchi/kaldi/egs/timit/s5_la4/data-fmllr-tri3/train/data/feats_fmllr_train.6.ark:10177892
mdem0_sx68 /nfs-share/xinchi/kaldi/egs/timit/s5_la4/data-fmllr-tri3/train/data/feats_fmllr_train.5.ark:774819
fvmh0_si836 /nfs-share/xinchi/kaldi/egs/timit/s5_la4/data-fmllr-tri3/train/data/feats_fmllr_train.3.ark:16603902
fpac0_sx211 /nfs-share/xinchi/kaldi/egs/timit/s5_la4/data-fmllr-tri3/train/data/feats_fmllr_train.3.ark:1428292
mpmb0_sx421 /nfs-share/xinchi/kaldi/egs/timit/s5_la4/data-fmllr-tri3/train/data/feats_fmllr_train.8.ark:8371133
mjpg0_si561 /nfs-share/xinchi/kaldi/egs/timit/s5_la4/data-fmllr-tri3/train/data/feats_fmllr_train.6.ark:16212219
fsag0_sx63 /nfs-share/xinchi/kaldi/egs/timit/s5_la4/data-fmllr-tri3/train/data/feats_fmllr_train.3.ark:5485421
