mdlh0_sx70 /nfs-share/titouan/workspace/kaldi/egs/timit/s5_la2/data-fmllr-tri3/train/data/feats_fmllr_train.5.ark:4293093
mbbr0_sx65 /nfs-share/titouan/workspace/kaldi/egs/timit/s5_la2/data-fmllr-tri3/train/data/feats_fmllr_train.4.ark:4078856
mtxs0_si2320 /nfs-share/titouan/workspace/kaldi/egs/timit/s5_la2/data-fmllr-tri3/train/data/feats_fmllr_train.10.ark:11986259
mjrh0_si1125 /nfs-share/titouan/workspace/kaldi/egs/timit/s5_la2/data-fmllr-tri3/train/data/feats_fmllr_train.7.ark:13
msfv0_sx272 /nfs-share/titouan/workspace/kaldi/egs/timit/s5_la2/data-fmllr-tri3/train/data/feats_fmllr_train.9.ark:15196855
mfer0_sx412 /nfs-share/titouan/workspace/kaldi/egs/timit/s5_la2/data-fmllr-tri3/train/data/feats_fmllr_train.5.ark:14270283
mdps0_si1651 /nfs-share/titouan/workspace/kaldi/egs/timit/s5_la2/data-fmllr-tri3/train/data/feats_fmllr_train.5.ark:7415338
mrso0_sx129 /nfs-share/titouan/workspace/kaldi/egs/timit/s5_la2/data-fmllr-tri3/train/data/feats_fmllr_train.9.ark:8069237
mdlc2_si2244 /nfs-share/titouan/workspace/kaldi/egs/timit/s5_la2/data-fmllr-tri3/train/data/feats_fmllr_train.5.ark:3597676
mjda0_sx311 /nfs-share/titouan/workspace/kaldi/egs/timit/s5_la2/data-fmllr-tri3/train/data/feats_fmllr_train.6.ark:8217981
mrhl0_sx75 /nfs-share/titouan/workspace/kaldi/egs/timit/s5_la2/data-fmllr-tri3/train/data/feats_fmllr_train.9.ark:748417
mfrm0_sx165 /nfs-share/titouan/workspace/kaldi/egs/timit/s5_la2/data-fmllr-tri3/train/data/feats_fmllr_train.5.ark:14903277
mrlj1_sx411 /nfs-share/titouan/workspace/kaldi/egs/timit/s5_la2/data-fmllr-tri3/train/data/feats_fmllr_train.9.ark:4317704
mejl0_sx332 /nfs-share/titouan/workspace/kaldi/egs/timit/s5_la2/data-fmllr-tri3/train/data/feats_fmllr_train.5.ark:12459893
mdwh0_si1925 /nfs-share/titouan/workspace/kaldi/egs/timit/s5_la2/data-fmllr-tri3/train/data/feats_fmllr_train.5.ark:10013206
mctm0_si1980 /nfs-share/titouan/workspace/kaldi/egs/timit/s5_la2/data-fmllr-tri3/train/data/feats_fmllr_train.4.ark:13676013
fjkl0_sx122 /nfs-share/titouan/workspace/kaldi/egs/timit/s5_la2/data-fmllr-tri3/train/data/feats_fmllr_train.2.ark:1371469
mdas0_si1266 /nfs-share/titouan/workspace/kaldi/egs/timit/s5_la2/data-fmllr-tri3/train/data/feats_fmllr_train.4.ark:14766236
mcpm0_sx294 /nfs-share/titouan/workspace/kaldi/egs/timit/s5_la2/data-fmllr-tri3/train/data/feats_fmllr_train.4.ark:12389680
mjpg0_si561 /nfs-share/titouan/workspace/kaldi/egs/timit/s5_la2/data-fmllr-tri3/train/data/feats_fmllr_train.6.ark:16212219
mdjm0_si2085 /nfs-share/titouan/workspace/kaldi/egs/timit/s5_la2/data-fmllr-tri3/train/data/feats_fmllr_train.5.ark:1629389
mdlb0_si1936 /nfs-share/titouan/workspace/kaldi/egs/timit/s5_la2/data-fmllr-tri3/train/data/feats_fmllr_train.5.ark:2415104
mrpc1_sx222 /nfs-share/titouan/workspace/kaldi/egs/timit/s5_la2/data-fmllr-tri3/train/data/feats_fmllr_train.9.ark:7239550
msas0_sx296 /nfs-share/titouan/workspace/kaldi/egs/timit/s5_la2/data-fmllr-tri3/train/data/feats_fmllr_train.9.ark:11770951
fvkb0_sx349 /nfs-share/titouan/workspace/kaldi/egs/timit/s5_la2/data-fmllr-tri3/train/data/feats_fmllr_train.3.ark:16318486
mmds0_sx353 /nfs-share/titouan/workspace/kaldi/egs/timit/s5_la2/data-fmllr-tri3/train/data/feats_fmllr_train.7.ark:17209002
mges0_sx221 /nfs-share/titouan/workspace/kaldi/egs/timit/s5_la2/data-fmllr-tri3/train/data/feats_fmllr_train.6.ark:880237
flhd0_sx84 /nfs-share/titouan/workspace/kaldi/egs/timit/s5_la2/data-fmllr-tri3/train/data/feats_fmllr_train.2.ark:10728092
fksr0_si487 /nfs-share/titouan/workspace/kaldi/egs/timit/s5_la2/data-fmllr-tri3/train/data/feats_fmllr_train.2.ark:8573431
fkdw0_sx37 /nfs-share/titouan/workspace/kaldi/egs/timit/s5_la2/data-fmllr-tri3/train/data/feats_fmllr_train.2.ark:6343915
mtjs0_sx382 /nfs-share/titouan/workspace/kaldi/egs/timit/s5_la2/data-fmllr-tri3/train/data/feats_fmllr_train.10.ark:5239766
mrdm0_sx425 /nfs-share/titouan/workspace/kaldi/egs/timit/s5_la2/data-fmllr-tri3/train/data/feats_fmllr_train.8.ark:14725967
mgrl0_sx327 /nfs-share/titouan/workspace/kaldi/egs/timit/s5_la2/data-fmllr-tri3/train/data/feats_fmllr_train.6.ark:1709659
fsms1_sx244 /nfs-share/titouan/workspace/kaldi/egs/timit/s5_la2/data-fmllr-tri3/train/data/feats_fmllr_train.3.ark:12499009
mtat0_sx300 /nfs-share/titouan/workspace/kaldi/egs/timit/s5_la2/data-fmllr-tri3/train/data/feats_fmllr_train.10.ark:1542586
mmea0_si758 /nfs-share/titouan/workspace/kaldi/egs/timit/s5_la2/data-fmllr-tri3/train/data/feats_fmllr_train.7.ark:17396818
mhxl0_si512 /nfs-share/titouan/workspace/kaldi/egs/timit/s5_la2/data-fmllr-tri3/train/data/feats_fmllr_train.6.ark:5768892
majp0_si2334 /nfs-share/titouan/workspace/kaldi/egs/timit/s5_la2/data-fmllr-tri3/train/data/feats_fmllr_train.4.ark:1167921
ftlg0_sx213 /nfs-share/titouan/workspace/kaldi/egs/timit/s5_la2/data-fmllr-tri3/train/data/feats_fmllr_train.3.ark:15217807
mjxl0_sx92 /nfs-share/titouan/workspace/kaldi/egs/timit/s5_la2/data-fmllr-tri3/train/data/feats_fmllr_train.7.ark:3964715
mrmb0_sx51 /nfs-share/titouan/workspace/kaldi/egs/timit/s5_la2/data-fmllr-tri3/train/data/feats_fmllr_train.9.ark:5470381
fmju0_sx219 /nfs-share/titouan/workspace/kaldi/egs/timit/s5_la2/data-fmllr-tri3/train/data/feats_fmllr_train.2.ark:16542468
mmaa0_sx395 /nfs-share/titouan/workspace/kaldi/egs/timit/s5_la2/data-fmllr-tri3/train/data/feats_fmllr_train.7.ark:12953547
mdcd0_sx335 /nfs-share/titouan/workspace/kaldi/egs/timit/s5_la2/data-fmllr-tri3/train/data/feats_fmllr_train.4.ark:16129741
maeb0_si2250 /nfs-share/titouan/workspace/kaldi/egs/timit/s5_la2/data-fmllr-tri3/train/data/feats_fmllr_train.4.ark:65321
mgxp0_sx277 /nfs-share/titouan/workspace/kaldi/egs/timit/s5_la2/data-fmllr-tri3/train/data/feats_fmllr_train.6.ark:3377216
mjpm0_sx288 /nfs-share/titouan/workspace/kaldi/egs/timit/s5_la2/data-fmllr-tri3/train/data/feats_fmllr_train.6.ark:16743423
mhbs0_sx315 /nfs-share/titouan/workspace/kaldi/egs/timit/s5_la2/data-fmllr-tri3/train/data/feats_fmllr_train.6.ark:3798098
ftlg0_si483 /nfs-share/titouan/workspace/kaldi/egs/timit/s5_la2/data-fmllr-tri3/train/data/feats_fmllr_train.3.ark:15046366
madc0_si1997 /nfs-share/titouan/workspace/kaldi/egs/timit/s5_la2/data-fmllr-tri3/train/data/feats_fmllr_train.3.ark:17247989
mtcs0_sx352 /nfs-share/titouan/workspace/kaldi/egs/timit/s5_la2/data-fmllr-tri3/train/data/feats_fmllr_train.10.ark:2665451
mesj0_si2257 /nfs-share/titouan/workspace/kaldi/egs/timit/s5_la2/data-fmllr-tri3/train/data/feats_fmllr_train.5.ark:13431316
mdem0_si800 /nfs-share/titouan/workspace/kaldi/egs/timit/s5_la2/data-fmllr-tri3/train/data/feats_fmllr_train.5.ark:464285
fpmy0_si1153 /nfs-share/titouan/workspace/kaldi/egs/timit/s5_la2/data-fmllr-tri3/train/data/feats_fmllr_train.3.ark:3564844
mmws0_si559 /nfs-share/titouan/workspace/kaldi/egs/timit/s5_la2/data-fmllr-tri3/train/data/feats_fmllr_train.8.ark:3990533
mntw0_si1698 /nfs-share/titouan/workspace/kaldi/egs/timit/s5_la2/data-fmllr-tri3/train/data/feats_fmllr_train.8.ark:5407078
fpls0_sx240 /nfs-share/titouan/workspace/kaldi/egs/timit/s5_la2/data-fmllr-tri3/train/data/feats_fmllr_train.3.ark:3394338
mrvg0_si510 /nfs-share/titouan/workspace/kaldi/egs/timit/s5_la2/data-fmllr-tri3/train/data/feats_fmllr_train.9.ark:9743358
fsdj0_si485 /nfs-share/titouan/workspace/kaldi/egs/timit/s5_la2/data-fmllr-tri3/train/data/feats_fmllr_train.3.ark:7689790
msat0_si896 /nfs-share/titouan/workspace/kaldi/egs/timit/s5_la2/data-fmllr-tri3/train/data/feats_fmllr_train.9.ark:11931221
msds0_sx87 /nfs-share/titouan/workspace/kaldi/egs/timit/s5_la2/data-fmllr-tri3/train/data/feats_fmllr_train.9.ark:13612226
mjee0_sx337 /nfs-share/titouan/workspace/kaldi/egs/timit/s5_la2/data-fmllr-tri3/train/data/feats_fmllr_train.6.ark:11061420
msat1_si1703 /nfs-share/titouan/workspace/kaldi/egs/timit/s5_la2/data-fmllr-tri3/train/data/feats_fmllr_train.9.ark:12208051
fbas0_si2066 /nfs-share/titouan/workspace/kaldi/egs/timit/s5_la2/data-fmllr-tri3/train/data/feats_fmllr_train.1.ark:2181150
fsjs0_sx451 /nfs-share/titouan/workspace/kaldi/egs/timit/s5_la2/data-fmllr-tri3/train/data/feats_fmllr_train.3.ark:9472846
mprt0_si580 /nfs-share/titouan/workspace/kaldi/egs/timit/s5_la2/data-fmllr-tri3/train/data/feats_fmllr_train.8.ark:10375149
mlsh0_si2047 /nfs-share/titouan/workspace/kaldi/egs/timit/s5_la2/data-fmllr-tri3/train/data/feats_fmllr_train.7.ark:12248849
mtcs0_sx442 /nfs-share/titouan/workspace/kaldi/egs/timit/s5_la2/data-fmllr-tri3/train/data/feats_fmllr_train.10.ark:2728518
mmam0_sx247 /nfs-share/titouan/workspace/kaldi/egs/timit/s5_la2/data-fmllr-tri3/train/data/feats_fmllr_train.7.ark:14006279
mtpp0_si2138 /nfs-share/titouan/workspace/kaldi/egs/timit/s5_la2/data-fmllr-tri3/train/data/feats_fmllr_train.10.ark:9226473
mcdc0_sx392 /nfs-share/titouan/workspace/kaldi/egs/timit/s5_la2/data-fmllr-tri3/train/data/feats_fmllr_train.4.ark:9299810
fceg0_si1248 /nfs-share/titouan/workspace/kaldi/egs/timit/s5_la2/data-fmllr-tri3/train/data/feats_fmllr_train.1.ark:6075585
mcth0_sx129 /nfs-share/titouan/workspace/kaldi/egs/timit/s5_la2/data-fmllr-tri3/train/data/feats_fmllr_train.4.ark:13379530
msfh0_sx46 /nfs-share/titouan/workspace/kaldi/egs/timit/s5_la2/data-fmllr-tri3/train/data/feats_fmllr_train.9.ark:14934158
fklc1_sx238 /nfs-share/titouan/workspace/kaldi/egs/timit/s5_la2/data-fmllr-tri3/train/data/feats_fmllr_train.2.ark:7885371
mtjg0_si890 /nfs-share/titouan/workspace/kaldi/egs/timit/s5_la2/data-fmllr-tri3/train/data/feats_fmllr_train.10.ark:4141118
mpgr1_sx149 /nfs-share/titouan/workspace/kaldi/egs/timit/s5_la2/data-fmllr-tri3/train/data/feats_fmllr_train.8.ark:7646675
flod0_sx207 /nfs-share/titouan/workspace/kaldi/egs/timit/s5_la2/data-fmllr-tri3/train/data/feats_fmllr_train.2.ark:13827376
msas0_sx26 /nfs-share/titouan/workspace/kaldi/egs/timit/s5_la2/data-fmllr-tri3/train/data/feats_fmllr_train.9.ark:11727084
fjrp1_sx352 /nfs-share/titouan/workspace/kaldi/egs/timit/s5_la2/data-fmllr-tri3/train/data/feats_fmllr_train.2.ark:3065192
mfrm0_sx75 /nfs-share/titouan/workspace/kaldi/egs/timit/s5_la2/data-fmllr-tri3/train/data/feats_fmllr_train.5.ark:15087064
mdpb0_sx236 /nfs-share/titouan/workspace/kaldi/egs/timit/s5_la2/data-fmllr-tri3/train/data/feats_fmllr_train.5.ark:6899813
mlbc0_sx429 /nfs-share/titouan/workspace/kaldi/egs/timit/s5_la2/data-fmllr-tri3/train/data/feats_fmllr_train.7.ark:10408219
mlel0_si616 /nfs-share/titouan/workspace/kaldi/egs/timit/s5_la2/data-fmllr-tri3/train/data/feats_fmllr_train.7.ark:10587368
mprt0_sx40 /nfs-share/titouan/workspace/kaldi/egs/timit/s5_la2/data-fmllr-tri3/train/data/feats_fmllr_train.8.ark:10545016
mmlm0_sx267 /nfs-share/titouan/workspace/kaldi/egs/timit/s5_la2/data-fmllr-tri3/train/data/feats_fmllr_train.8.ark:1594432
flma0_sx163 /nfs-share/titouan/workspace/kaldi/egs/timit/s5_la2/data-fmllr-tri3/train/data/feats_fmllr_train.2.ark:12620910
fkaa0_sx128 /nfs-share/titouan/workspace/kaldi/egs/timit/s5_la2/data-fmllr-tri3/train/data/feats_fmllr_train.2.ark:5349480
fbjl0_sx202 /nfs-share/titouan/workspace/kaldi/egs/timit/s5_la2/data-fmllr-tri3/train/data/feats_fmllr_train.1.ark:3484094
mjra0_sx426 /nfs-share/titouan/workspace/kaldi/egs/timit/s5_la2/data-fmllr-tri3/train/data/feats_fmllr_train.6.ark:17516338
mmab1_sx234 /nfs-share/titouan/workspace/kaldi/egs/timit/s5_la2/data-fmllr-tri3/train/data/feats_fmllr_train.7.ark:13188244
mcef0_si1135 /nfs-share/titouan/workspace/kaldi/egs/timit/s5_la2/data-fmllr-tri3/train/data/feats_fmllr_train.4.ark:10123952
flod0_si1287 /nfs-share/titouan/workspace/kaldi/egs/timit/s5_la2/data-fmllr-tri3/train/data/feats_fmllr_train.2.ark:13583560
megj0_sx167 /nfs-share/titouan/workspace/kaldi/egs/timit/s5_la2/data-fmllr-tri3/train/data/feats_fmllr_train.5.ark:12010184
mjai0_sx344 /nfs-share/titouan/workspace/kaldi/egs/timit/s5_la2/data-fmllr-tri3/train/data/feats_fmllr_train.6.ark:7536425
mfmc0_sx412 /nfs-share/titouan/workspace/kaldi/egs/timit/s5_la2/data-fmllr-tri3/train/data/feats_fmllr_train.5.ark:14658340
mdtb0_sx321 /nfs-share/titouan/workspace/kaldi/egs/timit/s5_la2/data-fmllr-tri3/train/data/feats_fmllr_train.5.ark:9484746
mcth0_sx309 /nfs-share/titouan/workspace/kaldi/egs/timit/s5_la2/data-fmllr-tri3/train/data/feats_fmllr_train.4.ark:13472704
mhjb0_sx117 /nfs-share/titouan/workspace/kaldi/egs/timit/s5_la2/data-fmllr-tri3/train/data/feats_fmllr_train.6.ark:4446479
mhrm0_sx58 /nfs-share/titouan/workspace/kaldi/egs/timit/s5_la2/data-fmllr-tri3/train/data/feats_fmllr_train.6.ark:5670117
mbma0_sx412 /nfs-share/titouan/workspace/kaldi/egs/timit/s5_la2/data-fmllr-tri3/train/data/feats_fmllr_train.4.ark:5824234
fjlr0_si1861 /nfs-share/titouan/workspace/kaldi/egs/timit/s5_la2/data-fmllr-tri3/train/data/feats_fmllr_train.2.ark:2063850
mdbb1_sx196 /nfs-share/titouan/workspace/kaldi/egs/timit/s5_la2/data-fmllr-tri3/train/data/feats_fmllr_train.4.ark:15338426
mmeb0_sx367 /nfs-share/titouan/workspace/kaldi/egs/timit/s5_la2/data-fmllr-tri3/train/data/feats_fmllr_train.7.ark:17883676
mjrp0_sx405 /nfs-share/titouan/workspace/kaldi/egs/timit/s5_la2/data-fmllr-tri3/train/data/feats_fmllr_train.7.ark:1384988
mcal0_sx418 /nfs-share/titouan/workspace/kaldi/egs/timit/s5_la2/data-fmllr-tri3/train/data/feats_fmllr_train.4.ark:8864367
mrtj0_sx322 /nfs-share/titouan/workspace/kaldi/egs/timit/s5_la2/data-fmllr-tri3/train/data/feats_fmllr_train.9.ark:9504342
mdma0_sx80 /nfs-share/titouan/workspace/kaldi/egs/timit/s5_la2/data-fmllr-tri3/train/data/feats_fmllr_train.5.ark:5889962
falk0_sx366 /nfs-share/titouan/workspace/kaldi/egs/timit/s5_la2/data-fmllr-tri3/train/data/feats_fmllr_train.1.ark:1064740
mfmc0_si1132 /nfs-share/titouan/workspace/kaldi/egs/timit/s5_la2/data-fmllr-tri3/train/data/feats_fmllr_train.5.ark:14347137
fsls0_si1056 /nfs-share/titouan/workspace/kaldi/egs/timit/s5_la2/data-fmllr-tri3/train/data/feats_fmllr_train.3.ark:11094088
mmdm1_si1650 /nfs-share/titouan/workspace/kaldi/egs/timit/s5_la2/data-fmllr-tri3/train/data/feats_fmllr_train.7.ark:16622089
mmag0_sx136 /nfs-share/titouan/workspace/kaldi/egs/timit/s5_la2/data-fmllr-tri3/train/data/feats_fmllr_train.7.ark:13582674
msvs0_sx398 /nfs-share/titouan/workspace/kaldi/egs/timit/s5_la2/data-fmllr-tri3/train/data/feats_fmllr_train.10.ark:414282
msds0_si1707 /nfs-share/titouan/workspace/kaldi/egs/timit/s5_la2/data-fmllr-tri3/train/data/feats_fmllr_train.9.ark:13282464
mmws0_sx78 /nfs-share/titouan/workspace/kaldi/egs/timit/s5_la2/data-fmllr-tri3/train/data/feats_fmllr_train.8.ark:4271814
mbcg0_sx237 /nfs-share/titouan/workspace/kaldi/egs/timit/s5_la2/data-fmllr-tri3/train/data/feats_fmllr_train.4.ark:4292592
fjlg0_sx89 /nfs-share/titouan/workspace/kaldi/egs/timit/s5_la2/data-fmllr-tri3/train/data/feats_fmllr_train.2.ark:1950194
mdss1_sx427 /nfs-share/titouan/workspace/kaldi/egs/timit/s5_la2/data-fmllr-tri3/train/data/feats_fmllr_train.5.ark:9169329
mrai0_sx72 /nfs-share/titouan/workspace/kaldi/egs/timit/s5_la2/data-fmllr-tri3/train/data/feats_fmllr_train.8.ark:12101271
mrtj0_sx232 /nfs-share/titouan/workspace/kaldi/egs/timit/s5_la2/data-fmllr-tri3/train/data/feats_fmllr_train.9.ark:9429915
mcae0_si1447 /nfs-share/titouan/workspace/kaldi/egs/timit/s5_la2/data-fmllr-tri3/train/data/feats_fmllr_train.4.ark:8108629
mdss0_sx261 /nfs-share/titouan/workspace/kaldi/egs/timit/s5_la2/data-fmllr-tri3/train/data/feats_fmllr_train.5.ark:8753058
fpjf0_si1259 /nfs-share/titouan/workspace/kaldi/egs/timit/s5_la2/data-fmllr-tri3/train/data/feats_fmllr_train.3.ark:2873239
flkm0_si686 /nfs-share/titouan/workspace/kaldi/egs/timit/s5_la2/data-fmllr-tri3/train/data/feats_fmllr_train.2.ark:12179546
mtpr0_sx250 /nfs-share/titouan/workspace/kaldi/egs/timit/s5_la2/data-fmllr-tri3/train/data/feats_fmllr_train.10.ark:9746771
fgrw0_sx252 /nfs-share/titouan/workspace/kaldi/egs/timit/s5_la2/data-fmllr-tri3/train/data/feats_fmllr_train.1.ark:17756715
mpgh0_si924 /nfs-share/titouan/workspace/kaldi/egs/timit/s5_la2/data-fmllr-tri3/train/data/feats_fmllr_train.8.ark:6947173
fskp0_sx378 /nfs-share/titouan/workspace/kaldi/egs/timit/s5_la2/data-fmllr-tri3/train/data/feats_fmllr_train.3.ark:11051180
meal0_sx377 /nfs-share/titouan/workspace/kaldi/egs/timit/s5_la2/data-fmllr-tri3/train/data/feats_fmllr_train.5.ark:11042922
msat0_sx266 /nfs-share/titouan/workspace/kaldi/egs/timit/s5_la2/data-fmllr-tri3/train/data/feats_fmllr_train.9.ark:12012395
fsma0_si1621 /nfs-share/titouan/workspace/kaldi/egs/timit/s5_la2/data-fmllr-tri3/train/data/feats_fmllr_train.3.ark:11485026
mrcg0_si2058 /nfs-share/titouan/workspace/kaldi/egs/timit/s5_la2/data-fmllr-tri3/train/data/feats_fmllr_train.8.ark:13305180
feeh0_si1742 /nfs-share/titouan/workspace/kaldi/egs/timit/s5_la2/data-fmllr-tri3/train/data/feats_fmllr_train.1.ark:14652553
flhd0_si1827 /nfs-share/titouan/workspace/kaldi/egs/timit/s5_la2/data-fmllr-tri3/train/data/feats_fmllr_train.2.ark:10463130
mjls0_sx376 /nfs-share/titouan/workspace/kaldi/egs/timit/s5_la2/data-fmllr-tri3/train/data/feats_fmllr_train.6.ark:15009724
msat0_si1526 /nfs-share/titouan/workspace/kaldi/egs/timit/s5_la2/data-fmllr-tri3/train/data/feats_fmllr_train.9.ark:11859166
fmkc0_sx442 /nfs-share/titouan/workspace/kaldi/egs/timit/s5_la2/data-fmllr-tri3/train/data/feats_fmllr_train.2.ark:17034900
mkls1_si1545 /nfs-share/titouan/workspace/kaldi/egs/timit/s5_la2/data-fmllr-tri3/train/data/feats_fmllr_train.7.ark:8621747
mdlr0_sx63 /nfs-share/titouan/workspace/kaldi/egs/timit/s5_la2/data-fmllr-tri3/train/data/feats_fmllr_train.5.ark:5017047
mapv0_sx393 /nfs-share/titouan/workspace/kaldi/egs/timit/s5_la2/data-fmllr-tri3/train/data/feats_fmllr_train.4.ark:2621347
mdsj0_si832 /nfs-share/titouan/workspace/kaldi/egs/timit/s5_la2/data-fmllr-tri3/train/data/feats_fmllr_train.5.ark:8306227
fkaa0_si1208 /nfs-share/titouan/workspace/kaldi/egs/timit/s5_la2/data-fmllr-tri3/train/data/feats_fmllr_train.2.ark:5196758
fjkl0_si932 /nfs-share/titouan/workspace/kaldi/egs/timit/s5_la2/data-fmllr-tri3/train/data/feats_fmllr_train.2.ark:1292242
fjhk0_sx32 /nfs-share/titouan/workspace/kaldi/egs/timit/s5_la2/data-fmllr-tri3/train/data/feats_fmllr_train.2.ark:1161092
mgar0_sx132 /nfs-share/titouan/workspace/kaldi/egs/timit/s5_la2/data-fmllr-tri3/train/data/feats_fmllr_train.6.ark:133696
fsah0_sx74 /nfs-share/titouan/workspace/kaldi/egs/timit/s5_la2/data-fmllr-tri3/train/data/feats_fmllr_train.3.ark:5914918
fdjh0_sx305 /nfs-share/titouan/workspace/kaldi/egs/timit/s5_la2/data-fmllr-tri3/train/data/feats_fmllr_train.1.ark:10710008
mpmb0_sx151 /nfs-share/titouan/workspace/kaldi/egs/timit/s5_la2/data-fmllr-tri3/train/data/feats_fmllr_train.8.ark:8180332
mrew1_si1500 /nfs-share/titouan/workspace/kaldi/egs/timit/s5_la2/data-fmllr-tri3/train/data/feats_fmllr_train.8.ark:16352169
mkxl0_si1958 /nfs-share/titouan/workspace/kaldi/egs/timit/s5_la2/data-fmllr-tri3/train/data/feats_fmllr_train.7.ark:9866134
mejs0_sx250 /nfs-share/titouan/workspace/kaldi/egs/timit/s5_la2/data-fmllr-tri3/train/data/feats_fmllr_train.5.ark:12811123
mrai0_sx162 /nfs-share/titouan/workspace/kaldi/egs/timit/s5_la2/data-fmllr-tri3/train/data/feats_fmllr_train.8.ark:11888204
fbch0_sx416 /nfs-share/titouan/workspace/kaldi/egs/timit/s5_la2/data-fmllr-tri3/train/data/feats_fmllr_train.1.ark:3167291
frjb0_sx437 /nfs-share/titouan/workspace/kaldi/egs/timit/s5_la2/data-fmllr-tri3/train/data/feats_fmllr_train.3.ark:4597762
msmr0_si775 /nfs-share/titouan/workspace/kaldi/egs/timit/s5_la2/data-fmllr-tri3/train/data/feats_fmllr_train.9.ark:16346251
mrml0_sx251 /nfs-share/titouan/workspace/kaldi/egs/timit/s5_la2/data-fmllr-tri3/train/data/feats_fmllr_train.9.ark:6504874
mded0_sx360 /nfs-share/titouan/workspace/kaldi/egs/timit/s5_la2/data-fmllr-tri3/train/data/feats_fmllr_train.4.ark:17263672
fkkh0_sx300 /nfs-share/titouan/workspace/kaldi/egs/timit/s5_la2/data-fmllr-tri3/train/data/feats_fmllr_train.2.ark:7215549
freh0_sx415 /nfs-share/titouan/workspace/kaldi/egs/timit/s5_la2/data-fmllr-tri3/train/data/feats_fmllr_train.3.ark:4274664
mkaj0_sx154 /nfs-share/titouan/workspace/kaldi/egs/timit/s5_la2/data-fmllr-tri3/train/data/feats_fmllr_train.7.ark:4952778
fmjf0_sx444 /nfs-share/titouan/workspace/kaldi/egs/timit/s5_la2/data-fmllr-tri3/train/data/feats_fmllr_train.2.ark:16216065
mmvp0_sx384 /nfs-share/titouan/workspace/kaldi/egs/timit/s5_la2/data-fmllr-tri3/train/data/feats_fmllr_train.8.ark:3385941
mdma0_si1430 /nfs-share/titouan/workspace/kaldi/egs/timit/s5_la2/data-fmllr-tri3/train/data/feats_fmllr_train.5.ark:5503720
mklw0_si1571 /nfs-share/titouan/workspace/kaldi/egs/timit/s5_la2/data-fmllr-tri3/train/data/feats_fmllr_train.7.ark:8990444
meal0_si2177 /nfs-share/titouan/workspace/kaldi/egs/timit/s5_la2/data-fmllr-tri3/train/data/feats_fmllr_train.5.ark:10811080
mrvg0_sx240 /nfs-share/titouan/workspace/kaldi/egs/timit/s5_la2/data-fmllr-tri3/train/data/feats_fmllr_train.9.ark:9817012
mprb0_si1205 /nfs-share/titouan/workspace/kaldi/egs/timit/s5_la2/data-fmllr-tri3/train/data/feats_fmllr_train.8.ark:8928844
mdhs0_si900 /nfs-share/titouan/workspace/kaldi/egs/timit/s5_la2/data-fmllr-tri3/train/data/feats_fmllr_train.5.ark:1286959
mjdc0_si1161 /nfs-share/titouan/workspace/kaldi/egs/timit/s5_la2/data-fmllr-tri3/train/data/feats_fmllr_train.6.ark:8372142
mwsb0_sx366 /nfs-share/titouan/workspace/kaldi/egs/timit/s5_la2/data-fmllr-tri3/train/data/feats_fmllr_train.10.ark:17009805
majp0_si1704 /nfs-share/titouan/workspace/kaldi/egs/timit/s5_la2/data-fmllr-tri3/train/data/feats_fmllr_train.4.ark:1098613
mtjg0_sx170 /nfs-share/titouan/workspace/kaldi/egs/timit/s5_la2/data-fmllr-tri3/train/data/feats_fmllr_train.10.ark:4200345
mjae0_si2154 /nfs-share/titouan/workspace/kaldi/egs/timit/s5_la2/data-fmllr-tri3/train/data/feats_fmllr_train.6.ark:6947808
mmgc0_sx225 /nfs-share/titouan/workspace/kaldi/egs/timit/s5_la2/data-fmllr-tri3/train/data/feats_fmllr_train.8.ark:195163
mmbs0_si1781 /nfs-share/titouan/workspace/kaldi/egs/timit/s5_la2/data-fmllr-tri3/train/data/feats_fmllr_train.7.ark:14703912
mklw0_sx41 /nfs-share/titouan/workspace/kaldi/egs/timit/s5_la2/data-fmllr-tri3/train/data/feats_fmllr_train.7.ark:9338154
ftbr0_sx21 /nfs-share/titouan/workspace/kaldi/egs/timit/s5_la2/data-fmllr-tri3/train/data/feats_fmllr_train.3.ark:14477400
mkjo0_si2147 /nfs-share/titouan/workspace/kaldi/egs/timit/s5_la2/data-fmllr-tri3/train/data/feats_fmllr_train.7.ark:7196425
mgaw0_sx265 /nfs-share/titouan/workspace/kaldi/egs/timit/s5_la2/data-fmllr-tri3/train/data/feats_fmllr_train.6.ark:605940
fleh0_sx331 /nfs-share/titouan/workspace/kaldi/egs/timit/s5_la2/data-fmllr-tri3/train/data/feats_fmllr_train.2.ark:9903604
mdpb0_sx326 /nfs-share/titouan/workspace/kaldi/egs/timit/s5_la2/data-fmllr-tri3/train/data/feats_fmllr_train.5.ark:6944000
mmbs0_sx431 /nfs-share/titouan/workspace/kaldi/egs/timit/s5_la2/data-fmllr-tri3/train/data/feats_fmllr_train.7.ark:14995727
mrjt0_sx328 /nfs-share/titouan/workspace/kaldi/egs/timit/s5_la2/data-fmllr-tri3/train/data/feats_fmllr_train.9.ark:2718250
mdlc1_si2065 /nfs-share/titouan/workspace/kaldi/egs/timit/s5_la2/data-fmllr-tri3/train/data/feats_fmllr_train.5.ark:3270578
mvjh0_si1556 /nfs-share/titouan/workspace/kaldi/egs/timit/s5_la2/data-fmllr-tri3/train/data/feats_fmllr_train.10.ark:12337941
mreh1_sx339 /nfs-share/titouan/workspace/kaldi/egs/timit/s5_la2/data-fmllr-tri3/train/data/feats_fmllr_train.8.ark:15812512
mree0_sx24 /nfs-share/titouan/workspace/kaldi/egs/timit/s5_la2/data-fmllr-tri3/train/data/feats_fmllr_train.8.ark:15405094
fsrh0_si1719 /nfs-share/titouan/workspace/kaldi/egs/timit/s5_la2/data-fmllr-tri3/train/data/feats_fmllr_train.3.ark:13120614
mjjb0_sx149 /nfs-share/titouan/workspace/kaldi/egs/timit/s5_la2/data-fmllr-tri3/train/data/feats_fmllr_train.6.ark:12470554
mkes0_sx83 /nfs-share/titouan/workspace/kaldi/egs/timit/s5_la2/data-fmllr-tri3/train/data/feats_fmllr_train.7.ark:7105329
mdmt0_sx392 /nfs-share/titouan/workspace/kaldi/egs/timit/s5_la2/data-fmllr-tri3/train/data/feats_fmllr_train.5.ark:6231139
fnkl0_si2152 /nfs-share/titouan/workspace/kaldi/egs/timit/s5_la2/data-fmllr-tri3/train/data/feats_fmllr_train.3.ark:40521
fljd0_sx76 /nfs-share/titouan/workspace/kaldi/egs/timit/s5_la2/data-fmllr-tri3/train/data/feats_fmllr_train.2.ark:11535247
mkxl0_sx15 /nfs-share/titouan/workspace/kaldi/egs/timit/s5_la2/data-fmllr-tri3/train/data/feats_fmllr_train.7.ark:9968427
mjac0_sx341 /nfs-share/titouan/workspace/kaldi/egs/timit/s5_la2/data-fmllr-tri3/train/data/feats_fmllr_train.6.ark:6715191
fapb0_si1693 /nfs-share/titouan/workspace/kaldi/egs/timit/s5_la2/data-fmllr-tri3/train/data/feats_fmllr_train.1.ark:1637384
fvmh0_sx116 /nfs-share/titouan/workspace/kaldi/egs/timit/s5_la2/data-fmllr-tri3/train/data/feats_fmllr_train.3.ark:16672409
marc0_sx378 /nfs-share/titouan/workspace/kaldi/egs/timit/s5_la2/data-fmllr-tri3/train/data/feats_fmllr_train.4.ark:2929244
mgaf0_si1282 /nfs-share/titouan/workspace/kaldi/egs/timit/s5_la2/data-fmllr-tri3/train/data/feats_fmllr_train.5.ark:16233825
mjjm0_sx17 /nfs-share/titouan/workspace/kaldi/egs/timit/s5_la2/data-fmllr-tri3/train/data/feats_fmllr_train.6.ark:13383014
fcyl0_sx127 /nfs-share/titouan/workspace/kaldi/egs/timit/s5_la2/data-fmllr-tri3/train/data/feats_fmllr_train.1.ark:9102844
fsak0_si1930 /nfs-share/titouan/workspace/kaldi/egs/timit/s5_la2/data-fmllr-tri3/train/data/feats_fmllr_train.3.ark:6031134
mmrp0_sx54 /nfs-share/titouan/workspace/kaldi/egs/timit/s5_la2/data-fmllr-tri3/train/data/feats_fmllr_train.8.ark:2506466
mjjj0_sx443 /nfs-share/titouan/workspace/kaldi/egs/timit/s5_la2/data-fmllr-tri3/train/data/feats_fmllr_train.6.ark:13077412
fcaj0_sx219 /nfs-share/titouan/workspace/kaldi/egs/timit/s5_la2/data-fmllr-tri3/train/data/feats_fmllr_train.1.ark:5394460
mrcg0_sx258 /nfs-share/titouan/workspace/kaldi/egs/timit/s5_la2/data-fmllr-tri3/train/data/feats_fmllr_train.8.ark:13449261
fajw0_si1263 /nfs-share/titouan/workspace/kaldi/egs/timit/s5_la2/data-fmllr-tri3/train/data/feats_fmllr_train.1.ark:390310
mtkd0_si1817 /nfs-share/titouan/workspace/kaldi/egs/timit/s5_la2/data-fmllr-tri3/train/data/feats_fmllr_train.10.ark:5712199
mdlr0_sx423 /nfs-share/titouan/workspace/kaldi/egs/timit/s5_la2/data-fmllr-tri3/train/data/feats_fmllr_train.5.ark:4960221
freh0_si685 /nfs-share/titouan/workspace/kaldi/egs/timit/s5_la2/data-fmllr-tri3/train/data/feats_fmllr_train.3.ark:4130236
mrcw0_sx381 /nfs-share/titouan/workspace/kaldi/egs/timit/s5_la2/data-fmllr-tri3/train/data/feats_fmllr_train.8.ark:14010998
msat1_sx443 /nfs-share/titouan/workspace/kaldi/egs/timit/s5_la2/data-fmllr-tri3/train/data/feats_fmllr_train.9.ark:12436987
mmjb1_sx418 /nfs-share/titouan/workspace/kaldi/egs/timit/s5_la2/data-fmllr-tri3/train/data/feats_fmllr_train.8.ark:1327229
mprd0_si1431 /nfs-share/titouan/workspace/kaldi/egs/timit/s5_la2/data-fmllr-tri3/train/data/feats_fmllr_train.8.ark:9381861
mtas0_sx215 /nfs-share/titouan/workspace/kaldi/egs/timit/s5_la2/data-fmllr-tri3/train/data/feats_fmllr_train.10.ark:1088876
fjlr0_sx61 /nfs-share/titouan/workspace/kaldi/egs/timit/s5_la2/data-fmllr-tri3/train/data/feats_fmllr_train.2.ark:2327691
mtjm0_sx326 /nfs-share/titouan/workspace/kaldi/egs/timit/s5_la2/data-fmllr-tri3/train/data/feats_fmllr_train.10.ark:4720616
fbmh0_si1136 /nfs-share/titouan/workspace/kaldi/egs/timit/s5_la2/data-fmllr-tri3/train/data/feats_fmllr_train.1.ark:4082660
mclk0_si650 /nfs-share/titouan/workspace/kaldi/egs/timit/s5_la2/data-fmllr-tri3/train/data/feats_fmllr_train.4.ark:11457939
fsbk0_sx349 /nfs-share/titouan/workspace/kaldi/egs/timit/s5_la2/data-fmllr-tri3/train/data/feats_fmllr_train.3.ark:6559940
mdac0_si1261 /nfs-share/titouan/workspace/kaldi/egs/timit/s5_la2/data-fmllr-tri3/train/data/feats_fmllr_train.4.ark:14365379
mrws0_sx382 /nfs-share/titouan/workspace/kaldi/egs/timit/s5_la2/data-fmllr-tri3/train/data/feats_fmllr_train.9.ark:10662166
mrlr0_si1826 /nfs-share/titouan/workspace/kaldi/egs/timit/s5_la2/data-fmllr-tri3/train/data/feats_fmllr_train.9.ark:4853363
mtlb0_sx144 /nfs-share/titouan/workspace/kaldi/egs/timit/s5_la2/data-fmllr-tri3/train/data/feats_fmllr_train.10.ark:6638447
mjsr0_si794 /nfs-share/titouan/workspace/kaldi/egs/timit/s5_la2/data-fmllr-tri3/train/data/feats_fmllr_train.7.ark:1606217
mdlh0_si1960 /nfs-share/titouan/workspace/kaldi/egs/timit/s5_la2/data-fmllr-tri3/train/data/feats_fmllr_train.5.ark:3906505
fjlg0_si2306 /nfs-share/titouan/workspace/kaldi/egs/timit/s5_la2/data-fmllr-tri3/train/data/feats_fmllr_train.2.ark:1714060
mjrh0_si1755 /nfs-share/titouan/workspace/kaldi/egs/timit/s5_la2/data-fmllr-tri3/train/data/feats_fmllr_train.7.ark:40521
mrem0_si961 /nfs-share/titouan/workspace/kaldi/egs/timit/s5_la2/data-fmllr-tri3/train/data/feats_fmllr_train.8.ark:16083687
fkaa0_sx398 /nfs-share/titouan/workspace/kaldi/egs/timit/s5_la2/data-fmllr-tri3/train/data/feats_fmllr_train.2.ark:5559347
frjb0_si1427 /nfs-share/titouan/workspace/kaldi/egs/timit/s5_la2/data-fmllr-tri3/train/data/feats_fmllr_train.3.ark:4352158
mmdm0_sx411 /nfs-share/titouan/workspace/kaldi/egs/timit/s5_la2/data-fmllr-tri3/train/data/feats_fmllr_train.7.ark:16521715
mgsh0_sx127 /nfs-share/titouan/workspace/kaldi/egs/timit/s5_la2/data-fmllr-tri3/train/data/feats_fmllr_train.6.ark:2497079
mmdm1_sx333 /nfs-share/titouan/workspace/kaldi/egs/timit/s5_la2/data-fmllr-tri3/train/data/feats_fmllr_train.7.ark:16848465
mtlb0_si504 /nfs-share/titouan/workspace/kaldi/egs/timit/s5_la2/data-fmllr-tri3/train/data/feats_fmllr_train.10.ark:6598420
mdhs0_sx180 /nfs-share/titouan/workspace/kaldi/egs/timit/s5_la2/data-fmllr-tri3/train/data/feats_fmllr_train.5.ark:1355786
mcpm0_sx24 /nfs-share/titouan/workspace/kaldi/egs/timit/s5_la2/data-fmllr-tri3/train/data/feats_fmllr_train.4.ark:12355413
mdks0_sx166 /nfs-share/titouan/workspace/kaldi/egs/timit/s5_la2/data-fmllr-tri3/train/data/feats_fmllr_train.5.ark:2037341
mnet0_sx186 /nfs-share/titouan/workspace/kaldi/egs/timit/s5_la2/data-fmllr-tri3/train/data/feats_fmllr_train.8.ark:5119717
mfwk0_si1249 /nfs-share/titouan/workspace/kaldi/egs/timit/s5_la2/data-fmllr-tri3/train/data/feats_fmllr_train.5.ark:15124372
fskc0_si1416 /nfs-share/titouan/workspace/kaldi/egs/timit/s5_la2/data-fmllr-tri3/train/data/feats_fmllr_train.3.ark:9998077
fljg0_si1611 /nfs-share/titouan/workspace/kaldi/egs/timit/s5_la2/data-fmllr-tri3/train/data/feats_fmllr_train.2.ark:11583595
fjrp1_sx172 /nfs-share/titouan/workspace/kaldi/egs/timit/s5_la2/data-fmllr-tri3/train/data/feats_fmllr_train.2.ark:2942258
mtpr0_si506 /nfs-share/titouan/workspace/kaldi/egs/timit/s5_la2/data-fmllr-tri3/train/data/feats_fmllr_train.10.ark:9650717
flmk0_sx405 /nfs-share/titouan/workspace/kaldi/egs/timit/s5_la2/data-fmllr-tri3/train/data/feats_fmllr_train.2.ark:13496786
medr0_sx294 /nfs-share/titouan/workspace/kaldi/egs/timit/s5_la2/data-fmllr-tri3/train/data/feats_fmllr_train.5.ark:11355112
mram0_sx285 /nfs-share/titouan/workspace/kaldi/egs/timit/s5_la2/data-fmllr-tri3/train/data/feats_fmllr_train.8.ark:12416502
mjai0_sx434 /nfs-share/titouan/workspace/kaldi/egs/timit/s5_la2/data-fmllr-tri3/train/data/feats_fmllr_train.6.ark:7573412
mmpm0_sx251 /nfs-share/titouan/workspace/kaldi/egs/timit/s5_la2/data-fmllr-tri3/train/data/feats_fmllr_train.8.ark:1955770
mmwb0_sx269 /nfs-share/titouan/workspace/kaldi/egs/timit/s5_la2/data-fmllr-tri3/train/data/feats_fmllr_train.8.ark:3694078
mdcd0_si2045 /nfs-share/titouan/workspace/kaldi/egs/timit/s5_la2/data-fmllr-tri3/train/data/feats_fmllr_train.4.ark:15932673
mrgs0_sx186 /nfs-share/titouan/workspace/kaldi/egs/timit/s5_la2/data-fmllr-tri3/train/data/feats_fmllr_train.9.ark:168735
mbsb0_si1353 /nfs-share/titouan/workspace/kaldi/egs/timit/s5_la2/data-fmllr-tri3/train/data/feats_fmllr_train.4.ark:7009901
mtxs0_si1690 /nfs-share/titouan/workspace/kaldi/egs/timit/s5_la2/data-fmllr-tri3/train/data/feats_fmllr_train.10.ark:11959031
mrjm0_si1228 /nfs-share/titouan/workspace/kaldi/egs/timit/s5_la2/data-fmllr-tri3/train/data/feats_fmllr_train.9.ark:1734827
mbma1_sx414 /nfs-share/titouan/workspace/kaldi/egs/timit/s5_la2/data-fmllr-tri3/train/data/feats_fmllr_train.4.ark:6224451
mrre0_sx254 /nfs-share/titouan/workspace/kaldi/egs/timit/s5_la2/data-fmllr-tri3/train/data/feats_fmllr_train.9.ark:7694486
fjxp0_si1752 /nfs-share/titouan/workspace/kaldi/egs/timit/s5_la2/data-fmllr-tri3/train/data/feats_fmllr_train.2.ark:4884409
mkjo0_sx424 /nfs-share/titouan/workspace/kaldi/egs/timit/s5_la2/data-fmllr-tri3/train/data/feats_fmllr_train.7.ark:7349653
mrmb0_si1581 /nfs-share/titouan/workspace/kaldi/egs/timit/s5_la2/data-fmllr-tri3/train/data/feats_fmllr_train.9.ark:5146512
mdbb1_si2056 /nfs-share/titouan/workspace/kaldi/egs/timit/s5_la2/data-fmllr-tri3/train/data/feats_fmllr_train.4.ark:15208106
mjfh0_si477 /nfs-share/titouan/workspace/kaldi/egs/timit/s5_la2/data-fmllr-tri3/train/data/feats_fmllr_train.6.ark:11298996
fecd0_sx68 /nfs-share/titouan/workspace/kaldi/egs/timit/s5_la2/data-fmllr-tri3/train/data/feats_fmllr_train.1.ark:14549297
msjk0_si966 /nfs-share/titouan/workspace/kaldi/egs/timit/s5_la2/data-fmllr-tri3/train/data/feats_fmllr_train.9.ark:15525498
mrlk0_sx303 /nfs-share/titouan/workspace/kaldi/egs/timit/s5_la2/data-fmllr-tri3/train/data/feats_fmllr_train.9.ark:4672454
flhd0_sx174 /nfs-share/titouan/workspace/kaldi/egs/timit/s5_la2/data-fmllr-tri3/train/data/feats_fmllr_train.2.ark:10539345
feme0_sx425 /nfs-share/titouan/workspace/kaldi/egs/timit/s5_la2/data-fmllr-tri3/train/data/feats_fmllr_train.1.ark:15331625
fskp0_sx18 /nfs-share/titouan/workspace/kaldi/egs/timit/s5_la2/data-fmllr-tri3/train/data/feats_fmllr_train.3.ark:10928219
fajw0_sx3 /nfs-share/titouan/workspace/kaldi/egs/timit/s5_la2/data-fmllr-tri3/train/data/feats_fmllr_train.1.ark:683084
fdnc0_sx18 /nfs-share/titouan/workspace/kaldi/egs/timit/s5_la2/data-fmllr-tri3/train/data/feats_fmllr_train.1.ark:12379810
mcre0_si1751 /nfs-share/titouan/workspace/kaldi/egs/timit/s5_la2/data-fmllr-tri3/train/data/feats_fmllr_train.4.ark:12538431
mrmh0_sx121 /nfs-share/titouan/workspace/kaldi/egs/timit/s5_la2/data-fmllr-tri3/train/data/feats_fmllr_train.9.ark:6061430
mabc0_si781 /nfs-share/titouan/workspace/kaldi/egs/timit/s5_la2/data-fmllr-tri3/train/data/feats_fmllr_train.3.ark:16920439
fspm0_sx431 /nfs-share/titouan/workspace/kaldi/egs/timit/s5_la2/data-fmllr-tri3/train/data/feats_fmllr_train.3.ark:13040880
mmvp0_si654 /nfs-share/titouan/workspace/kaldi/egs/timit/s5_la2/data-fmllr-tri3/train/data/feats_fmllr_train.8.ark:3060686
mrgm0_sx442 /nfs-share/titouan/workspace/kaldi/egs/timit/s5_la2/data-fmllr-tri3/train/data/feats_fmllr_train.8.ark:17831064
fcjf0_sx37 /nfs-share/titouan/workspace/kaldi/egs/timit/s5_la2/data-fmllr-tri3/train/data/feats_fmllr_train.1.ark:6625404
flac0_si2161 /nfs-share/titouan/workspace/kaldi/egs/timit/s5_la2/data-fmllr-tri3/train/data/feats_fmllr_train.2.ark:8942421
fbmh0_si970 /nfs-share/titouan/workspace/kaldi/egs/timit/s5_la2/data-fmllr-tri3/train/data/feats_fmllr_train.1.ark:4190875
fkdw0_sx217 /nfs-share/titouan/workspace/kaldi/egs/timit/s5_la2/data-fmllr-tri3/train/data/feats_fmllr_train.2.ark:6284662
mkls1_sx285 /nfs-share/titouan/workspace/kaldi/egs/timit/s5_la2/data-fmllr-tri3/train/data/feats_fmllr_train.7.ark:8899829
mdlr1_sx129 /nfs-share/titouan/workspace/kaldi/egs/timit/s5_la2/data-fmllr-tri3/train/data/feats_fmllr_train.5.ark:5225157
fklc0_sx85 /nfs-share/titouan/workspace/kaldi/egs/timit/s5_la2/data-fmllr-tri3/train/data/feats_fmllr_train.2.ark:7666193
mmws0_sx258 /nfs-share/titouan/workspace/kaldi/egs/timit/s5_la2/data-fmllr-tri3/train/data/feats_fmllr_train.8.ark:4110934
fgdp0_si1618 /nfs-share/titouan/workspace/kaldi/egs/timit/s5_la2/data-fmllr-tri3/train/data/feats_fmllr_train.1.ark:16604491
mjhi0_sx158 /nfs-share/titouan/workspace/kaldi/egs/timit/s5_la2/data-fmllr-tri3/train/data/feats_fmllr_train.6.ark:12114816
flag0_sx294 /nfs-share/titouan/workspace/kaldi/egs/timit/s5_la2/data-fmllr-tri3/train/data/feats_fmllr_train.2.ark:9558772
mtxs0_sx70 /nfs-share/titouan/workspace/kaldi/egs/timit/s5_la2/data-fmllr-tri3/train/data/feats_fmllr_train.10.ark:12309913
fljg0_si2241 /nfs-share/titouan/workspace/kaldi/egs/timit/s5_la2/data-fmllr-tri3/train/data/feats_fmllr_train.2.ark:11638023
mwar0_sx235 /nfs-share/titouan/workspace/kaldi/egs/timit/s5_la2/data-fmllr-tri3/train/data/feats_fmllr_train.10.ark:14370817
mmgk0_sx422 /nfs-share/titouan/workspace/kaldi/egs/timit/s5_la2/data-fmllr-tri3/train/data/feats_fmllr_train.8.ark:950692
fbjl0_si922 /nfs-share/titouan/workspace/kaldi/egs/timit/s5_la2/data-fmllr-tri3/train/data/feats_fmllr_train.1.ark:3364680
mdwm0_si916 /nfs-share/titouan/workspace/kaldi/egs/timit/s5_la2/data-fmllr-tri3/train/data/feats_fmllr_train.5.ark:10479370
fdxw0_sx71 /nfs-share/titouan/workspace/kaldi/egs/timit/s5_la2/data-fmllr-tri3/train/data/feats_fmllr_train.1.ark:13310566
fmbg0_si2264 /nfs-share/titouan/workspace/kaldi/egs/timit/s5_la2/data-fmllr-tri3/train/data/feats_fmllr_train.2.ark:14828109
fsjw0_sx433 /nfs-share/titouan/workspace/kaldi/egs/timit/s5_la2/data-fmllr-tri3/train/data/feats_fmllr_train.3.ark:9891623
fgrw0_si1152 /nfs-share/titouan/workspace/kaldi/egs/timit/s5_la2/data-fmllr-tri3/train/data/feats_fmllr_train.1.ark:17507965
fbcg1_si982 /nfs-share/titouan/workspace/kaldi/egs/timit/s5_la2/data-fmllr-tri3/train/data/feats_fmllr_train.1.ark:2526007
mwsh0_sx436 /nfs-share/titouan/workspace/kaldi/egs/timit/s5_la2/data-fmllr-tri3/train/data/feats_fmllr_train.10.ark:17497087
fjrp1_si2062 /nfs-share/titouan/workspace/kaldi/egs/timit/s5_la2/data-fmllr-tri3/train/data/feats_fmllr_train.2.ark:2870684
fbcg1_si1612 /nfs-share/titouan/workspace/kaldi/egs/timit/s5_la2/data-fmllr-tri3/train/data/feats_fmllr_train.1.ark:2469312
mtrr0_si1548 /nfs-share/titouan/workspace/kaldi/egs/timit/s5_la2/data-fmllr-tri3/train/data/feats_fmllr_train.10.ark:10803792
mchl0_sx357 /nfs-share/titouan/workspace/kaldi/egs/timit/s5_la2/data-fmllr-tri3/train/data/feats_fmllr_train.4.ark:11236843
mmar0_si706 /nfs-share/titouan/workspace/kaldi/egs/timit/s5_la2/data-fmllr-tri3/train/data/feats_fmllr_train.7.ark:14318122
fmah1_si2139 /nfs-share/titouan/workspace/kaldi/egs/timit/s5_la2/data-fmllr-tri3/train/data/feats_fmllr_train.2.ark:14383384
mjwg0_sx445 /nfs-share/titouan/workspace/kaldi/egs/timit/s5_la2/data-fmllr-tri3/train/data/feats_fmllr_train.7.ark:2322541
fpaf0_sx154 /nfs-share/titouan/workspace/kaldi/egs/timit/s5_la2/data-fmllr-tri3/train/data/feats_fmllr_train.3.ark:2192060
mjpg0_sx291 /nfs-share/titouan/workspace/kaldi/egs/timit/s5_la2/data-fmllr-tri3/train/data/feats_fmllr_train.6.ark:16371686
fhlm0_sx300 /nfs-share/titouan/workspace/kaldi/egs/timit/s5_la2/data-fmllr-tri3/train/data/feats_fmllr_train.1.ark:18191039
fklc0_si985 /nfs-share/titouan/workspace/kaldi/egs/timit/s5_la2/data-fmllr-tri3/train/data/feats_fmllr_train.2.ark:7365899
mpgr1_sx419 /nfs-share/titouan/workspace/kaldi/egs/timit/s5_la2/data-fmllr-tri3/train/data/feats_fmllr_train.8.ark:7803396
mzmb0_sx266 /nfs-share/titouan/workspace/kaldi/egs/timit/s5_la2/data-fmllr-tri3/train/data/feats_fmllr_train.10.ark:17803010
mtkp0_sx303 /nfs-share/titouan/workspace/kaldi/egs/timit/s5_la2/data-fmllr-tri3/train/data/feats_fmllr_train.10.ark:6382124
msrr0_si1131 /nfs-share/titouan/workspace/kaldi/egs/timit/s5_la2/data-fmllr-tri3/train/data/feats_fmllr_train.9.ark:17342047
fgrw0_sx342 /nfs-share/titouan/workspace/kaldi/egs/timit/s5_la2/data-fmllr-tri3/train/data/feats_fmllr_train.1.ark:17799302
mrai0_sx342 /nfs-share/titouan/workspace/kaldi/egs/timit/s5_la2/data-fmllr-tri3/train/data/feats_fmllr_train.8.ark:11978338
mtpg0_si753 /nfs-share/titouan/workspace/kaldi/egs/timit/s5_la2/data-fmllr-tri3/train/data/feats_fmllr_train.10.ark:8900363
mmpm0_sx341 /nfs-share/titouan/workspace/kaldi/egs/timit/s5_la2/data-fmllr-tri3/train/data/feats_fmllr_train.8.ark:2012597
mrws0_sx292 /nfs-share/titouan/workspace/kaldi/egs/timit/s5_la2/data-fmllr-tri3/train/data/feats_fmllr_train.9.ark:10611259
fapb0_sx73 /nfs-share/titouan/workspace/kaldi/egs/timit/s5_la2/data-fmllr-tri3/train/data/feats_fmllr_train.1.ark:1997226
fsdj0_si1115 /nfs-share/titouan/workspace/kaldi/egs/timit/s5_la2/data-fmllr-tri3/train/data/feats_fmllr_train.3.ark:7578695
mejs0_si1240 /nfs-share/titouan/workspace/kaldi/egs/timit/s5_la2/data-fmllr-tri3/train/data/feats_fmllr_train.5.ark:12598374
fpls0_sx330 /nfs-share/titouan/workspace/kaldi/egs/timit/s5_la2/data-fmllr-tri3/train/data/feats_fmllr_train.3.ark:3466070
msmc0_sx17 /nfs-share/titouan/workspace/kaldi/egs/timit/s5_la2/data-fmllr-tri3/train/data/feats_fmllr_train.9.ark:16045127
mrtc0_si828 /nfs-share/titouan/workspace/kaldi/egs/timit/s5_la2/data-fmllr-tri3/train/data/feats_fmllr_train.9.ark:8885484
fltm0_si1700 /nfs-share/titouan/workspace/kaldi/egs/timit/s5_la2/data-fmllr-tri3/train/data/feats_fmllr_train.2.ark:13967006
mprk0_si467 /nfs-share/titouan/workspace/kaldi/egs/timit/s5_la2/data-fmllr-tri3/train/data/feats_fmllr_train.8.ark:9955413
mmaa0_sx35 /nfs-share/titouan/workspace/kaldi/egs/timit/s5_la2/data-fmllr-tri3/train/data/feats_fmllr_train.7.ark:12914800
mefg0_sx195 /nfs-share/titouan/workspace/kaldi/egs/timit/s5_la2/data-fmllr-tri3/train/data/feats_fmllr_train.5.ark:11691460
mdlc0_si765 /nfs-share/titouan/workspace/kaldi/egs/timit/s5_la2/data-fmllr-tri3/train/data/feats_fmllr_train.5.ark:2932948
fsag0_sx153 /nfs-share/titouan/workspace/kaldi/egs/timit/s5_la2/data-fmllr-tri3/train/data/feats_fmllr_train.3.ark:5209474
msfh0_si586 /nfs-share/titouan/workspace/kaldi/egs/timit/s5_la2/data-fmllr-tri3/train/data/feats_fmllr_train.9.ark:14648584
mrem0_sx241 /nfs-share/titouan/workspace/kaldi/egs/timit/s5_la2/data-fmllr-tri3/train/data/feats_fmllr_train.8.ark:16169661
mdhl0_sx179 /nfs-share/titouan/workspace/kaldi/egs/timit/s5_la2/data-fmllr-tri3/train/data/feats_fmllr_train.5.ark:969009
ftbw0_si1975 /nfs-share/titouan/workspace/kaldi/egs/timit/s5_la2/data-fmllr-tri3/train/data/feats_fmllr_train.3.ark:14626470
mrmb0_si2211 /nfs-share/titouan/workspace/kaldi/egs/timit/s5_la2/data-fmllr-tri3/train/data/feats_fmllr_train.9.ark:5188780
fdjh0_si1565 /nfs-share/titouan/workspace/kaldi/egs/timit/s5_la2/data-fmllr-tri3/train/data/feats_fmllr_train.1.ark:10472272
flmk0_sx315 /nfs-share/titouan/workspace/kaldi/egs/timit/s5_la2/data-fmllr-tri3/train/data/feats_fmllr_train.2.ark:13451479
mtab0_si2202 /nfs-share/titouan/workspace/kaldi/egs/timit/s5_la2/data-fmllr-tri3/train/data/feats_fmllr_train.10.ark:567618
fltm0_sx350 /nfs-share/titouan/workspace/kaldi/egs/timit/s5_la2/data-fmllr-tri3/train/data/feats_fmllr_train.2.ark:14164395
mdlr0_si1233 /nfs-share/titouan/workspace/kaldi/egs/timit/s5_la2/data-fmllr-tri3/train/data/feats_fmllr_train.5.ark:4649978
mtab0_sx42 /nfs-share/titouan/workspace/kaldi/egs/timit/s5_la2/data-fmllr-tri3/train/data/feats_fmllr_train.10.ark:901379
fcyl0_si667 /nfs-share/titouan/workspace/kaldi/egs/timit/s5_la2/data-fmllr-tri3/train/data/feats_fmllr_train.1.ark:9023297
fmmh0_sx97 /nfs-share/titouan/workspace/kaldi/egs/timit/s5_la2/data-fmllr-tri3/train/data/feats_fmllr_train.2.ark:17889436
fjrp1_sx442 /nfs-share/titouan/workspace/kaldi/egs/timit/s5_la2/data-fmllr-tri3/train/data/feats_fmllr_train.2.ark:3152899
mtxs0_sx160 /nfs-share/titouan/workspace/kaldi/egs/timit/s5_la2/data-fmllr-tri3/train/data/feats_fmllr_train.10.ark:12058606
mfer0_si1492 /nfs-share/titouan/workspace/kaldi/egs/timit/s5_la2/data-fmllr-tri3/train/data/feats_fmllr_train.5.ark:14027720
mcew0_sx272 /nfs-share/titouan/workspace/kaldi/egs/timit/s5_la2/data-fmllr-tri3/train/data/feats_fmllr_train.4.ark:10734198
mdcm0_si1480 /nfs-share/titouan/workspace/kaldi/egs/timit/s5_la2/data-fmllr-tri3/train/data/feats_fmllr_train.4.ark:16264542
fjrp1_si1432 /nfs-share/titouan/workspace/kaldi/egs/timit/s5_la2/data-fmllr-tri3/train/data/feats_fmllr_train.2.ark:2765376
fear0_sx442 /nfs-share/titouan/workspace/kaldi/egs/timit/s5_la2/data-fmllr-tri3/train/data/feats_fmllr_train.1.ark:14037374
mtxs0_sx250 /nfs-share/titouan/workspace/kaldi/egs/timit/s5_la2/data-fmllr-tri3/train/data/feats_fmllr_train.10.ark:12125513
mdmt0_si2341 /nfs-share/titouan/workspace/kaldi/egs/timit/s5_la2/data-fmllr-tri3/train/data/feats_fmllr_train.5.ark:5949218
mcre0_sx221 /nfs-share/titouan/workspace/kaldi/egs/timit/s5_la2/data-fmllr-tri3/train/data/feats_fmllr_train.4.ark:12640245
mdtb0_sx300 /nfs-share/titouan/workspace/kaldi/egs/timit/s5_la2/data-fmllr-tri3/train/data/feats_fmllr_train.5.ark:9452239
mdwh0_sx305 /nfs-share/titouan/workspace/kaldi/egs/timit/s5_la2/data-fmllr-tri3/train/data/feats_fmllr_train.5.ark:10231074
mcdr0_sx344 /nfs-share/titouan/workspace/kaldi/egs/timit/s5_la2/data-fmllr-tri3/train/data/feats_fmllr_train.4.ark:10000991
mtjm0_sx146 /nfs-share/titouan/workspace/kaldi/egs/timit/s5_la2/data-fmllr-tri3/train/data/feats_fmllr_train.10.ark:4647602
mmgc0_sx315 /nfs-share/titouan/workspace/kaldi/egs/timit/s5_la2/data-fmllr-tri3/train/data/feats_fmllr_train.8.ark:229430
fmbg0_si1160 /nfs-share/titouan/workspace/kaldi/egs/timit/s5_la2/data-fmllr-tri3/train/data/feats_fmllr_train.2.ark:14706933
fetb0_si1778 /nfs-share/titouan/workspace/kaldi/egs/timit/s5_la2/data-fmllr-tri3/train/data/feats_fmllr_train.1.ark:15457787
fsma0_sx181 /nfs-share/titouan/workspace/kaldi/egs/timit/s5_la2/data-fmllr-tri3/train/data/feats_fmllr_train.3.ark:11632948
fvmh0_si836 /nfs-share/titouan/workspace/kaldi/egs/timit/s5_la2/data-fmllr-tri3/train/data/feats_fmllr_train.3.ark:16603902
mgrl0_sx147 /nfs-share/titouan/workspace/kaldi/egs/timit/s5_la2/data-fmllr-tri3/train/data/feats_fmllr_train.6.ark:1649925
mmsm0_sx386 /nfs-share/titouan/workspace/kaldi/egs/timit/s5_la2/data-fmllr-tri3/train/data/feats_fmllr_train.8.ark:2922843
fjrb0_sx222 /nfs-share/titouan/workspace/kaldi/egs/timit/s5_la2/data-fmllr-tri3/train/data/feats_fmllr_train.2.ark:2543028
fkkh0_sx210 /nfs-share/titouan/workspace/kaldi/egs/timit/s5_la2/data-fmllr-tri3/train/data/feats_fmllr_train.2.ark:7140936
mmpm0_si1691 /nfs-share/titouan/workspace/kaldi/egs/timit/s5_la2/data-fmllr-tri3/train/data/feats_fmllr_train.8.ark:1803688
mdlb0_sx226 /nfs-share/titouan/workspace/kaldi/egs/timit/s5_la2/data-fmllr-tri3/train/data/feats_fmllr_train.5.ark:2562865
fdjh0_sx215 /nfs-share/titouan/workspace/kaldi/egs/timit/s5_la2/data-fmllr-tri3/train/data/feats_fmllr_train.1.ark:10664861
mjsr0_sx74 /nfs-share/titouan/workspace/kaldi/egs/timit/s5_la2/data-fmllr-tri3/train/data/feats_fmllr_train.7.ark:1893391
mjrh0_sx315 /nfs-share/titouan/workspace/kaldi/egs/timit/s5_la2/data-fmllr-tri3/train/data/feats_fmllr_train.7.ark:249910
mdbb1_sx16 /nfs-share/titouan/workspace/kaldi/egs/timit/s5_la2/data-fmllr-tri3/train/data/feats_fmllr_train.4.ark:15305119
mjwt0_si1291 /nfs-share/titouan/workspace/kaldi/egs/timit/s5_la2/data-fmllr-tri3/train/data/feats_fmllr_train.7.ark:2817532
mrhl0_sx255 /nfs-share/titouan/workspace/kaldi/egs/timit/s5_la2/data-fmllr-tri3/train/data/feats_fmllr_train.9.ark:615217
fmjb0_sx367 /nfs-share/titouan/workspace/kaldi/egs/timit/s5_la2/data-fmllr-tri3/train/data/feats_fmllr_train.2.ark:15778703
mtju0_sx220 /nfs-share/titouan/workspace/kaldi/egs/timit/s5_la2/data-fmllr-tri3/train/data/feats_fmllr_train.10.ark:5484543
mjdg0_sx142 /nfs-share/titouan/workspace/kaldi/egs/timit/s5_la2/data-fmllr-tri3/train/data/feats_fmllr_train.6.ark:9388338
fskc0_sx426 /nfs-share/titouan/workspace/kaldi/egs/timit/s5_la2/data-fmllr-tri3/train/data/feats_fmllr_train.3.ark:10260800
mrsp0_si799 /nfs-share/titouan/workspace/kaldi/egs/timit/s5_la2/data-fmllr-tri3/train/data/feats_fmllr_train.9.ark:8475187
mkls1_sx15 /nfs-share/titouan/workspace/kaldi/egs/timit/s5_la2/data-fmllr-tri3/train/data/feats_fmllr_train.7.ark:8822175
mrlk0_sx393 /nfs-share/titouan/workspace/kaldi/egs/timit/s5_la2/data-fmllr-tri3/train/data/feats_fmllr_train.9.ark:4740027
fpaf0_si1684 /nfs-share/titouan/workspace/kaldi/egs/timit/s5_la2/data-fmllr-tri3/train/data/feats_fmllr_train.3.ark:2116645
mmea0_sx38 /nfs-share/titouan/workspace/kaldi/egs/timit/s5_la2/data-fmllr-tri3/train/data/feats_fmllr_train.7.ark:17568925
mjlb0_sx266 /nfs-share/titouan/workspace/kaldi/egs/timit/s5_la2/data-fmllr-tri3/train/data/feats_fmllr_train.6.ark:14146969
mjsr0_sx254 /nfs-share/titouan/workspace/kaldi/egs/timit/s5_la2/data-fmllr-tri3/train/data/feats_fmllr_train.7.ark:1744191
mkdt0_si893 /nfs-share/titouan/workspace/kaldi/egs/timit/s5_la2/data-fmllr-tri3/train/data/feats_fmllr_train.7.ark:6433458
mjjb0_si1769 /nfs-share/titouan/workspace/kaldi/egs/timit/s5_la2/data-fmllr-tri3/train/data/feats_fmllr_train.6.ark:12430047
mkdb0_sx152 /nfs-share/titouan/workspace/kaldi/egs/timit/s5_la2/data-fmllr-tri3/train/data/feats_fmllr_train.7.ark:5688572
mjfh0_sx207 /nfs-share/titouan/workspace/kaldi/egs/timit/s5_la2/data-fmllr-tri3/train/data/feats_fmllr_train.6.ark:11393930
mcxm0_si1351 /nfs-share/titouan/workspace/kaldi/egs/timit/s5_la2/data-fmllr-tri3/train/data/feats_fmllr_train.4.ark:13986762
flmk0_si1229 /nfs-share/titouan/workspace/kaldi/egs/timit/s5_la2/data-fmllr-tri3/train/data/feats_fmllr_train.2.ark:13250570
mdwh0_sx395 /nfs-share/titouan/workspace/kaldi/egs/timit/s5_la2/data-fmllr-tri3/train/data/feats_fmllr_train.5.ark:10330327
mabc0_sx241 /nfs-share/titouan/workspace/kaldi/egs/timit/s5_la2/data-fmllr-tri3/train/data/feats_fmllr_train.3.ark:17028013
mwac0_sx431 /nfs-share/titouan/workspace/kaldi/egs/timit/s5_la2/data-fmllr-tri3/train/data/feats_fmllr_train.10.ark:13770915
mmeb0_si1987 /nfs-share/titouan/workspace/kaldi/egs/timit/s5_la2/data-fmllr-tri3/train/data/feats_fmllr_train.7.ark:17716848
mdmt0_si572 /nfs-share/titouan/workspace/kaldi/egs/timit/s5_la2/data-fmllr-tri3/train/data/feats_fmllr_train.5.ark:5973245
mmws1_sx351 /nfs-share/titouan/workspace/kaldi/egs/timit/s5_la2/data-fmllr-tri3/train/data/feats_fmllr_train.8.ark:4495658
mdlb0_si1306 /nfs-share/titouan/workspace/kaldi/egs/timit/s5_la2/data-fmllr-tri3/train/data/feats_fmllr_train.5.ark:2319556
mfxs0_sx144 /nfs-share/titouan/workspace/kaldi/egs/timit/s5_la2/data-fmllr-tri3/train/data/feats_fmllr_train.5.ark:15603072
mtqc0_sx271 /nfs-share/titouan/workspace/kaldi/egs/timit/s5_la2/data-fmllr-tri3/train/data/feats_fmllr_train.10.ark:10227148
mgsl0_si797 /nfs-share/titouan/workspace/kaldi/egs/timit/s5_la2/data-fmllr-tri3/train/data/feats_fmllr_train.6.ark:2809906
fljg0_sx351 /nfs-share/titouan/workspace/kaldi/egs/timit/s5_la2/data-fmllr-tri3/train/data/feats_fmllr_train.2.ark:11866291
mewm0_sx88 /nfs-share/titouan/workspace/kaldi/egs/timit/s5_la2/data-fmllr-tri3/train/data/feats_fmllr_train.5.ark:13974412
mdas0_sx276 /nfs-share/titouan/workspace/kaldi/egs/timit/s5_la2/data-fmllr-tri3/train/data/feats_fmllr_train.4.ark:14999011
mtkp0_sx33 /nfs-share/titouan/workspace/kaldi/egs/timit/s5_la2/data-fmllr-tri3/train/data/feats_fmllr_train.10.ark:6419910
fcrz0_si2053 /nfs-share/titouan/workspace/kaldi/egs/timit/s5_la2/data-fmllr-tri3/train/data/feats_fmllr_train.1.ark:8625613
fcjs0_sx347 /nfs-share/titouan/workspace/kaldi/egs/timit/s5_la2/data-fmllr-tri3/train/data/feats_fmllr_train.1.ark:6887355
mwch0_sx452 /nfs-share/titouan/workspace/kaldi/egs/timit/s5_la2/data-fmllr-tri3/train/data/feats_fmllr_train.10.ark:14769649
mwem0_si1393 /nfs-share/titouan/workspace/kaldi/egs/timit/s5_la2/data-fmllr-tri3/train/data/feats_fmllr_train.10.ark:15298748
fcdr1_sx196 /nfs-share/titouan/workspace/kaldi/egs/timit/s5_la2/data-fmllr-tri3/train/data/feats_fmllr_train.1.ark:5917103
mjkr0_si1831 /nfs-share/titouan/workspace/kaldi/egs/timit/s5_la2/data-fmllr-tri3/train/data/feats_fmllr_train.6.ark:13615791
mrkm0_sx97 /nfs-share/titouan/workspace/kaldi/egs/timit/s5_la2/data-fmllr-tri3/train/data/feats_fmllr_train.9.ark:3340918
fcmg0_si1872 /nfs-share/titouan/workspace/kaldi/egs/timit/s5_la2/data-fmllr-tri3/train/data/feats_fmllr_train.1.ark:7902006
mmgk0_sx152 /nfs-share/titouan/workspace/kaldi/egs/timit/s5_la2/data-fmllr-tri3/train/data/feats_fmllr_train.8.ark:843891
mtjs0_sx292 /nfs-share/titouan/workspace/kaldi/egs/timit/s5_la2/data-fmllr-tri3/train/data/feats_fmllr_train.10.ark:5179899
fmjb0_sx187 /nfs-share/titouan/workspace/kaldi/egs/timit/s5_la2/data-fmllr-tri3/train/data/feats_fmllr_train.2.ark:15715129
mlbc0_sx339 /nfs-share/titouan/workspace/kaldi/egs/timit/s5_la2/data-fmllr-tri3/train/data/feats_fmllr_train.7.ark:10368992
mpeb0_si1860 /nfs-share/titouan/workspace/kaldi/egs/timit/s5_la2/data-fmllr-tri3/train/data/feats_fmllr_train.8.ark:6091353
mwac0_si1601 /nfs-share/titouan/workspace/kaldi/egs/timit/s5_la2/data-fmllr-tri3/train/data/feats_fmllr_train.10.ark:13405472
mlel0_sx256 /nfs-share/titouan/workspace/kaldi/egs/timit/s5_la2/data-fmllr-tri3/train/data/feats_fmllr_train.7.ark:10730782
fdnc0_sx198 /nfs-share/titouan/workspace/kaldi/egs/timit/s5_la2/data-fmllr-tri3/train/data/feats_fmllr_train.1.ark:12430877
mrsp0_sx439 /nfs-share/titouan/workspace/kaldi/egs/timit/s5_la2/data-fmllr-tri3/train/data/feats_fmllr_train.9.ark:8651455
fkfb0_sx348 /nfs-share/titouan/workspace/kaldi/egs/timit/s5_la2/data-fmllr-tri3/train/data/feats_fmllr_train.2.ark:6690026
msms0_sx353 /nfs-share/titouan/workspace/kaldi/egs/timit/s5_la2/data-fmllr-tri3/train/data/feats_fmllr_train.9.ark:16854069
mmrp0_si2034 /nfs-share/titouan/workspace/kaldi/egs/timit/s5_la2/data-fmllr-tri3/train/data/feats_fmllr_train.8.ark:2152358
mbth0_sx32 /nfs-share/titouan/workspace/kaldi/egs/timit/s5_la2/data-fmllr-tri3/train/data/feats_fmllr_train.4.ark:7612197
feme0_sx335 /nfs-share/titouan/workspace/kaldi/egs/timit/s5_la2/data-fmllr-tri3/train/data/feats_fmllr_train.1.ark:15255278
fdtd0_sx211 /nfs-share/titouan/workspace/kaldi/egs/timit/s5_la2/data-fmllr-tri3/train/data/feats_fmllr_train.1.ark:12787068
makb0_si1646 /nfs-share/titouan/workspace/kaldi/egs/timit/s5_la2/data-fmllr-tri3/train/data/feats_fmllr_train.4.ark:1594831
mefg0_si491 /nfs-share/titouan/workspace/kaldi/egs/timit/s5_la2/data-fmllr-tri3/train/data/feats_fmllr_train.5.ark:11461913
mtml0_sx75 /nfs-share/titouan/workspace/kaldi/egs/timit/s5_la2/data-fmllr-tri3/train/data/feats_fmllr_train.10.ark:7603149
mewm0_si718 /nfs-share/titouan/workspace/kaldi/egs/timit/s5_la2/data-fmllr-tri3/train/data/feats_fmllr_train.5.ark:13751398
fsma0_sx91 /nfs-share/titouan/workspace/kaldi/egs/timit/s5_la2/data-fmllr-tri3/train/data/feats_fmllr_train.3.ark:11852895
flag0_si2094 /nfs-share/titouan/workspace/kaldi/egs/timit/s5_la2/data-fmllr-tri3/train/data/feats_fmllr_train.2.ark:9301838
mwem0_sx150 /nfs-share/titouan/workspace/kaldi/egs/timit/s5_la2/data-fmllr-tri3/train/data/feats_fmllr_train.10.ark:15372243
mtpf0_sx155 /nfs-share/titouan/workspace/kaldi/egs/timit/s5_la2/data-fmllr-tri3/train/data/feats_fmllr_train.10.ark:8596813
msdh0_si2240 /nfs-share/titouan/workspace/kaldi/egs/timit/s5_la2/data-fmllr-tri3/train/data/feats_fmllr_train.9.ark:12821927
mtat1_si1627 /nfs-share/titouan/workspace/kaldi/egs/timit/s5_la2/data-fmllr-tri3/train/data/feats_fmllr_train.10.ark:1668749
mdpk0_sx333 /nfs-share/titouan/workspace/kaldi/egs/timit/s5_la2/data-fmllr-tri3/train/data/feats_fmllr_train.5.ark:7272377
mklw0_sx221 /nfs-share/titouan/workspace/kaldi/egs/timit/s5_la2/data-fmllr-tri3/train/data/feats_fmllr_train.7.ark:9167834
fkde0_sx331 /nfs-share/titouan/workspace/kaldi/egs/timit/s5_la2/data-fmllr-tri3/train/data/feats_fmllr_train.2.ark:5895192
mrcw0_sx201 /nfs-share/titouan/workspace/kaldi/egs/timit/s5_la2/data-fmllr-tri3/train/data/feats_fmllr_train.8.ark:13901958
mjrg0_sx376 /nfs-share/titouan/workspace/kaldi/egs/timit/s5_la2/data-fmllr-tri3/train/data/feats_fmllr_train.6.ark:17951461
mwsh0_sx166 /nfs-share/titouan/workspace/kaldi/egs/timit/s5_la2/data-fmllr-tri3/train/data/feats_fmllr_train.10.ark:17320686
mklw0_sx131 /nfs-share/titouan/workspace/kaldi/egs/timit/s5_la2/data-fmllr-tri3/train/data/feats_fmllr_train.7.ark:9127007
fvmh0_sx26 /nfs-share/titouan/workspace/kaldi/egs/timit/s5_la2/data-fmllr-tri3/train/data/feats_fmllr_train.3.ark:16751982
mdbb1_si1636 /nfs-share/titouan/workspace/kaldi/egs/timit/s5_la2/data-fmllr-tri3/train/data/feats_fmllr_train.4.ark:15179278
mjpm1_sx221 /nfs-share/titouan/workspace/kaldi/egs/timit/s5_la2/data-fmllr-tri3/train/data/feats_fmllr_train.6.ark:16992227
mejl0_si1654 /nfs-share/titouan/workspace/kaldi/egs/timit/s5_la2/data-fmllr-tri3/train/data/feats_fmllr_train.5.ark:12299625
fsjw0_si703 /nfs-share/titouan/workspace/kaldi/egs/timit/s5_la2/data-fmllr-tri3/train/data/feats_fmllr_train.3.ark:9715035
mmar0_sx436 /nfs-share/titouan/workspace/kaldi/egs/timit/s5_la2/data-fmllr-tri3/train/data/feats_fmllr_train.7.ark:14568310
mrjh0_sx307 /nfs-share/titouan/workspace/kaldi/egs/timit/s5_la2/data-fmllr-tri3/train/data/feats_fmllr_train.9.ark:1550558
mkdb0_sx62 /nfs-share/titouan/workspace/kaldi/egs/timit/s5_la2/data-fmllr-tri3/train/data/feats_fmllr_train.7.ark:5896359
fdfb0_sx148 /nfs-share/titouan/workspace/kaldi/egs/timit/s5_la2/data-fmllr-tri3/train/data/feats_fmllr_train.1.ark:10261577
mtwh1_sx432 /nfs-share/titouan/workspace/kaldi/egs/timit/s5_la2/data-fmllr-tri3/train/data/feats_fmllr_train.10.ark:11800229
mmgk0_si692 /nfs-share/titouan/workspace/kaldi/egs/timit/s5_la2/data-fmllr-tri3/train/data/feats_fmllr_train.8.ark:812984
mpmb0_sx331 /nfs-share/titouan/workspace/kaldi/egs/timit/s5_la2/data-fmllr-tri3/train/data/feats_fmllr_train.8.ark:8302946
fhxs0_si2335 /nfs-share/titouan/workspace/kaldi/egs/timit/s5_la2/data-fmllr-tri3/train/data/feats_fmllr_train.1.ark:18546217
mpgr0_sx60 /nfs-share/titouan/workspace/kaldi/egs/timit/s5_la2/data-fmllr-tri3/train/data/feats_fmllr_train.8.ark:7457284
fntb0_sx33 /nfs-share/titouan/workspace/kaldi/egs/timit/s5_la2/data-fmllr-tri3/train/data/feats_fmllr_train.3.ark:660231
fecd0_sx338 /nfs-share/titouan/workspace/kaldi/egs/timit/s5_la2/data-fmllr-tri3/train/data/feats_fmllr_train.1.ark:14438044
msfv0_si1262 /nfs-share/titouan/workspace/kaldi/egs/timit/s5_la2/data-fmllr-tri3/train/data/feats_fmllr_train.9.ark:14979466
mjrh1_sx154 /nfs-share/titouan/workspace/kaldi/egs/timit/s5_la2/data-fmllr-tri3/train/data/feats_fmllr_train.7.ark:547833
fpaz0_si963 /nfs-share/titouan/workspace/kaldi/egs/timit/s5_la2/data-fmllr-tri3/train/data/feats_fmllr_train.3.ark:2530650
mkls0_sx177 /nfs-share/titouan/workspace/kaldi/egs/timit/s5_la2/data-fmllr-tri3/train/data/feats_fmllr_train.7.ark:8385452
mbgt0_si1341 /nfs-share/titouan/workspace/kaldi/egs/timit/s5_la2/data-fmllr-tri3/train/data/feats_fmllr_train.4.ark:4784437
mkam0_sx326 /nfs-share/titouan/workspace/kaldi/egs/timit/s5_la2/data-fmllr-tri3/train/data/feats_fmllr_train.7.ark:5416570
mjls0_sx106 /nfs-share/titouan/workspace/kaldi/egs/timit/s5_la2/data-fmllr-tri3/train/data/feats_fmllr_train.6.ark:14838577
mmaa0_si1588 /nfs-share/titouan/workspace/kaldi/egs/timit/s5_la2/data-fmllr-tri3/train/data/feats_fmllr_train.7.ark:12587758
mgsl0_si1164 /nfs-share/titouan/workspace/kaldi/egs/timit/s5_la2/data-fmllr-tri3/train/data/feats_fmllr_train.6.ark:2726812
mmlm0_si897 /nfs-share/titouan/workspace/kaldi/egs/timit/s5_la2/data-fmllr-tri3/train/data/feats_fmllr_train.8.ark:1526698
fhxs0_sx175 /nfs-share/titouan/workspace/kaldi/egs/timit/s5_la2/data-fmllr-tri3/train/data/feats_fmllr_train.1.ark:18588164
fcmm0_sx273 /nfs-share/titouan/workspace/kaldi/egs/timit/s5_la2/data-fmllr-tri3/train/data/feats_fmllr_train.1.ark:8376837
fjkl0_sx32 /nfs-share/titouan/workspace/kaldi/egs/timit/s5_la2/data-fmllr-tri3/train/data/feats_fmllr_train.2.ark:1523389
mtkp0_sx123 /nfs-share/titouan/workspace/kaldi/egs/timit/s5_la2/data-fmllr-tri3/train/data/feats_fmllr_train.10.ark:6293590
mdlh0_sx430 /nfs-share/titouan/workspace/kaldi/egs/timit/s5_la2/data-fmllr-tri3/train/data/feats_fmllr_train.5.ark:4228587
mkdd0_si1567 /nfs-share/titouan/workspace/kaldi/egs/timit/s5_la2/data-fmllr-tri3/train/data/feats_fmllr_train.7.ark:5940067
mdsj0_sx382 /nfs-share/titouan/workspace/kaldi/egs/timit/s5_la2/data-fmllr-tri3/train/data/feats_fmllr_train.5.ark:8486174
mgag0_sx331 /nfs-share/titouan/workspace/kaldi/egs/timit/s5_la2/data-fmllr-tri3/train/data/feats_fmllr_train.5.ark:16805697
mtml0_si1065 /nfs-share/titouan/workspace/kaldi/egs/timit/s5_la2/data-fmllr-tri3/train/data/feats_fmllr_train.10.ark:7235759
ftmg0_si902 /nfs-share/titouan/workspace/kaldi/egs/timit/s5_la2/data-fmllr-tri3/train/data/feats_fmllr_train.3.ark:15446930
mmam0_sx337 /nfs-share/titouan/workspace/kaldi/egs/timit/s5_la2/data-fmllr-tri3/train/data/feats_fmllr_train.7.ark:14060866
mtrr0_sx108 /nfs-share/titouan/workspace/kaldi/egs/timit/s5_la2/data-fmllr-tri3/train/data/feats_fmllr_train.10.ark:10950114
mmjb1_si1408 /nfs-share/titouan/workspace/kaldi/egs/timit/s5_la2/data-fmllr-tri3/train/data/feats_fmllr_train.8.ark:1034426
mgaf0_sx382 /nfs-share/titouan/workspace/kaldi/egs/timit/s5_la2/data-fmllr-tri3/train/data/feats_fmllr_train.5.ark:16530814
fcmg0_sx162 /nfs-share/titouan/workspace/kaldi/egs/timit/s5_la2/data-fmllr-tri3/train/data/feats_fmllr_train.1.ark:7944433
mjjm0_sx377 /nfs-share/titouan/workspace/kaldi/egs/timit/s5_la2/data-fmllr-tri3/train/data/feats_fmllr_train.6.ark:13504375
fgcs0_si2116 /nfs-share/titouan/workspace/kaldi/egs/timit/s5_la2/data-fmllr-tri3/train/data/feats_fmllr_train.1.ark:16290542
fltm0_sx260 /nfs-share/titouan/workspace/kaldi/egs/timit/s5_la2/data-fmllr-tri3/train/data/feats_fmllr_train.2.ark:14111088
mrds0_si1797 /nfs-share/titouan/workspace/kaldi/egs/timit/s5_la2/data-fmllr-tri3/train/data/feats_fmllr_train.8.ark:14817409
mrjt0_si868 /nfs-share/titouan/workspace/kaldi/egs/timit/s5_la2/data-fmllr-tri3/train/data/feats_fmllr_train.9.ark:2565369
mdtb0_sx120 /nfs-share/titouan/workspace/kaldi/egs/timit/s5_la2/data-fmllr-tri3/train/data/feats_fmllr_train.5.ark:9369465
mcdc0_sx212 /nfs-share/titouan/workspace/kaldi/egs/timit/s5_la2/data-fmllr-tri3/train/data/feats_fmllr_train.4.ark:9161010
mrlj0_si790 /nfs-share/titouan/workspace/kaldi/egs/timit/s5_la2/data-fmllr-tri3/train/data/feats_fmllr_train.9.ark:3794658
fsms1_sx347 /nfs-share/titouan/workspace/kaldi/egs/timit/s5_la2/data-fmllr-tri3/train/data/feats_fmllr_train.3.ark:12589623
fgdp0_sx268 /nfs-share/titouan/workspace/kaldi/egs/timit/s5_la2/data-fmllr-tri3/train/data/feats_fmllr_train.1.ark:16821240
fexm0_si482 /nfs-share/titouan/workspace/kaldi/egs/timit/s5_la2/data-fmllr-tri3/train/data/feats_fmllr_train.1.ark:15900911
mklr0_si1689 /nfs-share/titouan/workspace/kaldi/egs/timit/s5_la2/data-fmllr-tri3/train/data/feats_fmllr_train.7.ark:7925179
mdac0_sx451 /nfs-share/titouan/workspace/kaldi/egs/timit/s5_la2/data-fmllr-tri3/train/data/feats_fmllr_train.4.ark:14668902
ftlg0_sx393 /nfs-share/titouan/workspace/kaldi/egs/timit/s5_la2/data-fmllr-tri3/train/data/feats_fmllr_train.3.ark:15339807
mjmm0_si625 /nfs-share/titouan/workspace/kaldi/egs/timit/s5_la2/data-fmllr-tri3/train/data/feats_fmllr_train.6.ark:15853442
mreh1_si1599 /nfs-share/titouan/workspace/kaldi/egs/timit/s5_la2/data-fmllr-tri3/train/data/feats_fmllr_train.8.ark:15518456
fssb0_si2342 /nfs-share/titouan/workspace/kaldi/egs/timit/s5_la2/data-fmllr-tri3/train/data/feats_fmllr_train.3.ark:13619287
majp0_sx84 /nfs-share/titouan/workspace/kaldi/egs/timit/s5_la2/data-fmllr-tri3/train/data/feats_fmllr_train.4.ark:1439095
meal0_sx347 /nfs-share/titouan/workspace/kaldi/egs/timit/s5_la2/data-fmllr-tri3/train/data/feats_fmllr_train.5.ark:10988335
maeb0_sx180 /nfs-share/titouan/workspace/kaldi/egs/timit/s5_la2/data-fmllr-tri3/train/data/feats_fmllr_train.4.ark:158015
mtat1_sx59 /nfs-share/titouan/workspace/kaldi/egs/timit/s5_la2/data-fmllr-tri3/train/data/feats_fmllr_train.10.ark:2030190
mram0_sx105 /nfs-share/titouan/workspace/kaldi/egs/timit/s5_la2/data-fmllr-tri3/train/data/feats_fmllr_train.8.ark:12294982
fjrb0_si1302 /nfs-share/titouan/workspace/kaldi/egs/timit/s5_la2/data-fmllr-tri3/train/data/feats_fmllr_train.2.ark:2383719
mdlc1_si2144 /nfs-share/titouan/workspace/kaldi/egs/timit/s5_la2/data-fmllr-tri3/train/data/feats_fmllr_train.5.ark:3334126
mbth0_si757 /nfs-share/titouan/workspace/kaldi/egs/timit/s5_la2/data-fmllr-tri3/train/data/feats_fmllr_train.4.ark:7422010
msdb0_sx287 /nfs-share/titouan/workspace/kaldi/egs/timit/s5_la2/data-fmllr-tri3/train/data/feats_fmllr_train.9.ark:12732564
mmws1_sx261 /nfs-share/titouan/workspace/kaldi/egs/timit/s5_la2/data-fmllr-tri3/train/data/feats_fmllr_train.8.ark:4438965
fceg0_si618 /nfs-share/titouan/workspace/kaldi/egs/timit/s5_la2/data-fmllr-tri3/train/data/feats_fmllr_train.1.ark:6152920
mtpp0_sx428 /nfs-share/titouan/workspace/kaldi/egs/timit/s5_la2/data-fmllr-tri3/train/data/feats_fmllr_train.10.ark:9427408
msem1_sx450 /nfs-share/titouan/workspace/kaldi/egs/timit/s5_la2/data-fmllr-tri3/train/data/feats_fmllr_train.9.ark:14056257
fcjf0_sx307 /nfs-share/titouan/workspace/kaldi/egs/timit/s5_la2/data-fmllr-tri3/train/data/feats_fmllr_train.1.ark:6602498
mcdc0_si662 /nfs-share/titouan/workspace/kaldi/egs/timit/s5_la2/data-fmllr-tri3/train/data/feats_fmllr_train.4.ark:9067356
flag0_sx24 /nfs-share/titouan/workspace/kaldi/egs/timit/s5_la2/data-fmllr-tri3/train/data/feats_fmllr_train.2.ark:9512825
mtqc0_si480 /nfs-share/titouan/workspace/kaldi/egs/timit/s5_la2/data-fmllr-tri3/train/data/feats_fmllr_train.10.ark:10112694
mgrl0_sx237 /nfs-share/titouan/workspace/kaldi/egs/timit/s5_la2/data-fmllr-tri3/train/data/feats_fmllr_train.6.ark:1689792
mrml0_si791 /nfs-share/titouan/workspace/kaldi/egs/timit/s5_la2/data-fmllr-tri3/train/data/feats_fmllr_train.9.ark:6372180
mlsh0_sx247 /nfs-share/titouan/workspace/kaldi/egs/timit/s5_la2/data-fmllr-tri3/train/data/feats_fmllr_train.7.ark:12378690
fleh0_si1051 /nfs-share/titouan/workspace/kaldi/egs/timit/s5_la2/data-fmllr-tri3/train/data/feats_fmllr_train.2.ark:9664267
fgrw0_si1990 /nfs-share/titouan/workspace/kaldi/egs/timit/s5_la2/data-fmllr-tri3/train/data/feats_fmllr_train.1.ark:17649781
flod0_si657 /nfs-share/titouan/workspace/kaldi/egs/timit/s5_la2/data-fmllr-tri3/train/data/feats_fmllr_train.2.ark:13682815
mwdk0_sx266 /nfs-share/titouan/workspace/kaldi/egs/timit/s5_la2/data-fmllr-tri3/train/data/feats_fmllr_train.10.ark:15078132
mrms0_sx390 /nfs-share/titouan/workspace/kaldi/egs/timit/s5_la2/data-fmllr-tri3/train/data/feats_fmllr_train.9.ark:7049492
mjfh0_sx297 /nfs-share/titouan/workspace/kaldi/egs/timit/s5_la2/data-fmllr-tri3/train/data/feats_fmllr_train.6.ark:11449823
mbgt0_sx261 /nfs-share/titouan/workspace/kaldi/egs/timit/s5_la2/data-fmllr-tri3/train/data/feats_fmllr_train.4.ark:5009986
mpgh0_sx114 /nfs-share/titouan/workspace/kaldi/egs/timit/s5_la2/data-fmllr-tri3/train/data/feats_fmllr_train.8.ark:6985440
mrew1_sx420 /nfs-share/titouan/workspace/kaldi/egs/timit/s5_la2/data-fmllr-tri3/train/data/feats_fmllr_train.8.ark:16604812
mmdm0_sx321 /nfs-share/titouan/workspace/kaldi/egs/timit/s5_la2/data-fmllr-tri3/train/data/feats_fmllr_train.7.ark:16464728
feac0_sx165 /nfs-share/titouan/workspace/kaldi/egs/timit/s5_la2/data-fmllr-tri3/train/data/feats_fmllr_train.1.ark:13500916
fvkb0_si529 /nfs-share/titouan/workspace/kaldi/egs/timit/s5_la2/data-fmllr-tri3/train/data/feats_fmllr_train.3.ark:16165125
mjws0_si1773 /nfs-share/titouan/workspace/kaldi/egs/timit/s5_la2/data-fmllr-tri3/train/data/feats_fmllr_train.7.ark:2444063
mjpm0_sx108 /nfs-share/titouan/workspace/kaldi/egs/timit/s5_la2/data-fmllr-tri3/train/data/feats_fmllr_train.6.ark:16610383
fskl0_sx179 /nfs-share/titouan/workspace/kaldi/egs/timit/s5_la2/data-fmllr-tri3/train/data/feats_fmllr_train.3.ark:10502216
mmvp0_sx114 /nfs-share/titouan/workspace/kaldi/egs/timit/s5_la2/data-fmllr-tri3/train/data/feats_fmllr_train.8.ark:3167753
mrlr0_si1196 /nfs-share/titouan/workspace/kaldi/egs/timit/s5_la2/data-fmllr-tri3/train/data/feats_fmllr_train.9.ark:4783575
mmws1_sx441 /nfs-share/titouan/workspace/kaldi/egs/timit/s5_la2/data-fmllr-tri3/train/data/feats_fmllr_train.8.ark:4545125
mlns0_si1407 /nfs-share/titouan/workspace/kaldi/egs/timit/s5_la2/data-fmllr-tri3/train/data/feats_fmllr_train.7.ark:11832284
fdml0_si1149 /nfs-share/titouan/workspace/kaldi/egs/timit/s5_la2/data-fmllr-tri3/train/data/feats_fmllr_train.1.ark:11281667
fdnc0_si1278 /nfs-share/titouan/workspace/kaldi/egs/timit/s5_la2/data-fmllr-tri3/train/data/feats_fmllr_train.1.ark:12146741
mkam0_sx146 /nfs-share/titouan/workspace/kaldi/egs/timit/s5_la2/data-fmllr-tri3/train/data/feats_fmllr_train.7.ark:5337156
mmea0_si1388 /nfs-share/titouan/workspace/kaldi/egs/timit/s5_la2/data-fmllr-tri3/train/data/feats_fmllr_train.7.ark:17323963
mjee0_sx427 /nfs-share/titouan/workspace/kaldi/egs/timit/s5_la2/data-fmllr-tri3/train/data/feats_fmllr_train.6.ark:11111687
fsag0_si1323 /nfs-share/titouan/workspace/kaldi/egs/timit/s5_la2/data-fmllr-tri3/train/data/feats_fmllr_train.3.ark:5081712
mctm0_sx270 /nfs-share/titouan/workspace/kaldi/egs/timit/s5_la2/data-fmllr-tri3/train/data/feats_fmllr_train.4.ark:13821854
milb0_si903 /nfs-share/titouan/workspace/kaldi/egs/timit/s5_la2/data-fmllr-tri3/train/data/feats_fmllr_train.6.ark:6215855
megj0_sx257 /nfs-share/titouan/workspace/kaldi/egs/timit/s5_la2/data-fmllr-tri3/train/data/feats_fmllr_train.5.ark:12087171
mrtj0_si1551 /nfs-share/titouan/workspace/kaldi/egs/timit/s5_la2/data-fmllr-tri3/train/data/feats_fmllr_train.9.ark:9173806
fskl0_sx449 /nfs-share/titouan/workspace/kaldi/egs/timit/s5_la2/data-fmllr-tri3/train/data/feats_fmllr_train.3.ark:10639417
mtmt0_sx38 /nfs-share/titouan/workspace/kaldi/egs/timit/s5_la2/data-fmllr-tri3/train/data/feats_fmllr_train.10.ark:8353476
mree0_si1104 /nfs-share/titouan/workspace/kaldi/egs/timit/s5_la2/data-fmllr-tri3/train/data/feats_fmllr_train.8.ark:15129918
fexm0_sx111 /nfs-share/titouan/workspace/kaldi/egs/timit/s5_la2/data-fmllr-tri3/train/data/feats_fmllr_train.1.ark:15968778
flmc0_sx382 /nfs-share/titouan/workspace/kaldi/egs/timit/s5_la2/data-fmllr-tri3/train/data/feats_fmllr_train.2.ark:13158674
mrld0_sx244 /nfs-share/titouan/workspace/kaldi/egs/timit/s5_la2/data-fmllr-tri3/train/data/feats_fmllr_train.9.ark:3565215
fkfb0_sx168 /nfs-share/titouan/workspace/kaldi/egs/timit/s5_la2/data-fmllr-tri3/train/data/feats_fmllr_train.2.ark:6598132
mfxs0_si2304 /nfs-share/titouan/workspace/kaldi/egs/timit/s5_la2/data-fmllr-tri3/train/data/feats_fmllr_train.5.ark:15562565
mgak0_sx406 /nfs-share/titouan/workspace/kaldi/egs/timit/s5_la2/data-fmllr-tri3/train/data/feats_fmllr_train.5.ark:17254582
mcss0_si688 /nfs-share/titouan/workspace/kaldi/egs/timit/s5_la2/data-fmllr-tri3/train/data/feats_fmllr_train.4.ark:12901019
mljh0_sx64 /nfs-share/titouan/workspace/kaldi/egs/timit/s5_la2/data-fmllr-tri3/train/data/feats_fmllr_train.7.ark:11783456
mmsm0_sx296 /nfs-share/titouan/workspace/kaldi/egs/timit/s5_la2/data-fmllr-tri3/train/data/feats_fmllr_train.8.ark:2882336
mmds0_si1973 /nfs-share/titouan/workspace/kaldi/egs/timit/s5_la2/data-fmllr-tri3/train/data/feats_fmllr_train.7.ark:17077214
mstf0_si852 /nfs-share/titouan/workspace/kaldi/egs/timit/s5_la2/data-fmllr-tri3/train/data/feats_fmllr_train.9.ark:17814317
msms0_sx263 /nfs-share/titouan/workspace/kaldi/egs/timit/s5_la2/data-fmllr-tri3/train/data/feats_fmllr_train.9.ark:16816922
mclk0_si1660 /nfs-share/titouan/workspace/kaldi/egs/timit/s5_la2/data-fmllr-tri3/train/data/feats_fmllr_train.4.ark:11365724
mjxl0_si1795 /nfs-share/titouan/workspace/kaldi/egs/timit/s5_la2/data-fmllr-tri3/train/data/feats_fmllr_train.7.ark:3687114
fjlr0_sx151 /nfs-share/titouan/workspace/kaldi/egs/timit/s5_la2/data-fmllr-tri3/train/data/feats_fmllr_train.2.ark:2135264
fsgf0_sx207 /nfs-share/titouan/workspace/kaldi/egs/timit/s5_la2/data-fmllr-tri3/train/data/feats_fmllr_train.3.ark:8150061
mjfr0_si2235 /nfs-share/titouan/workspace/kaldi/egs/timit/s5_la2/data-fmllr-tri3/train/data/feats_fmllr_train.6.ark:11575986
mafm0_si1569 /nfs-share/titouan/workspace/kaldi/egs/timit/s5_la2/data-fmllr-tri3/train/data/feats_fmllr_train.4.ark:746368
fjwb1_sx75 /nfs-share/titouan/workspace/kaldi/egs/timit/s5_la2/data-fmllr-tri3/train/data/feats_fmllr_train.2.ark:4365896
maeb0_sx270 /nfs-share/titouan/workspace/kaldi/egs/timit/s5_la2/data-fmllr-tri3/train/data/feats_fmllr_train.4.ark:201882
fvfb0_sx222 /nfs-share/titouan/workspace/kaldi/egs/timit/s5_la2/data-fmllr-tri3/train/data/feats_fmllr_train.3.ark:15930882
mgsh0_sx276 /nfs-share/titouan/workspace/kaldi/egs/timit/s5_la2/data-fmllr-tri3/train/data/feats_fmllr_train.6.ark:2576493
mljc0_si595 /nfs-share/titouan/workspace/kaldi/egs/timit/s5_la2/data-fmllr-tri3/train/data/feats_fmllr_train.7.ark:11057825
mcdr0_si524 /nfs-share/titouan/workspace/kaldi/egs/timit/s5_la2/data-fmllr-tri3/train/data/feats_fmllr_train.4.ark:9831310
fdkn0_sx91 /nfs-share/titouan/workspace/kaldi/egs/timit/s5_la2/data-fmllr-tri3/train/data/feats_fmllr_train.1.ark:11232359
fexm0_sx201 /nfs-share/titouan/workspace/kaldi/egs/timit/s5_la2/data-fmllr-tri3/train/data/feats_fmllr_train.1.ark:16017765
mmbs0_sx251 /nfs-share/titouan/workspace/kaldi/egs/timit/s5_la2/data-fmllr-tri3/train/data/feats_fmllr_train.7.ark:14880313
fsah0_si1244 /nfs-share/titouan/workspace/kaldi/egs/timit/s5_la2/data-fmllr-tri3/train/data/feats_fmllr_train.3.ark:5542089
mrab1_sx218 /nfs-share/titouan/workspace/kaldi/egs/timit/s5_la2/data-fmllr-tri3/train/data/feats_fmllr_train.8.ark:11517774
fvkb0_sx79 /nfs-share/titouan/workspace/kaldi/egs/timit/s5_la2/data-fmllr-tri3/train/data/feats_fmllr_train.3.ark:16448939
mcew0_si1442 /nfs-share/titouan/workspace/kaldi/egs/timit/s5_la2/data-fmllr-tri3/train/data/feats_fmllr_train.4.ark:10485769
frll0_si884 /nfs-share/titouan/workspace/kaldi/egs/timit/s5_la2/data-fmllr-tri3/train/data/feats_fmllr_train.3.ark:4818030
maeb0_sx90 /nfs-share/titouan/workspace/kaldi/egs/timit/s5_la2/data-fmllr-tri3/train/data/feats_fmllr_train.4.ark:337962
mgaf0_sx202 /nfs-share/titouan/workspace/kaldi/egs/timit/s5_la2/data-fmllr-tri3/train/data/feats_fmllr_train.5.ark:16431374
mkaj0_sx64 /nfs-share/titouan/workspace/kaldi/egs/timit/s5_la2/data-fmllr-tri3/train/data/feats_fmllr_train.7.ark:5106485
mcae0_sx97 /nfs-share/titouan/workspace/kaldi/egs/timit/s5_la2/data-fmllr-tri3/train/data/feats_fmllr_train.4.ark:8563216
fklh0_sx357 /nfs-share/titouan/workspace/kaldi/egs/timit/s5_la2/data-fmllr-tri3/train/data/feats_fmllr_train.2.ark:8335055
mrxb0_si955 /nfs-share/titouan/workspace/kaldi/egs/timit/s5_la2/data-fmllr-tri3/train/data/feats_fmllr_train.9.ark:10816489
mjdc0_sx441 /nfs-share/titouan/workspace/kaldi/egs/timit/s5_la2/data-fmllr-tri3/train/data/feats_fmllr_train.6.ark:8660145
ftaj0_si474 /nfs-share/titouan/workspace/kaldi/egs/timit/s5_la2/data-fmllr-tri3/train/data/feats_fmllr_train.3.ark:13946036
mtmn0_sx434 /nfs-share/titouan/workspace/kaldi/egs/timit/s5_la2/data-fmllr-tri3/train/data/feats_fmllr_train.10.ark:7982700
mrmg0_sx360 /nfs-share/titouan/workspace/kaldi/egs/timit/s5_la2/data-fmllr-tri3/train/data/feats_fmllr_train.9.ark:5747666
mrjt0_sx238 /nfs-share/titouan/workspace/kaldi/egs/timit/s5_la2/data-fmllr-tri3/train/data/feats_fmllr_train.9.ark:2674063
fkkh0_si660 /nfs-share/titouan/workspace/kaldi/egs/timit/s5_la2/data-fmllr-tri3/train/data/feats_fmllr_train.2.ark:7043602
mrvg0_si1140 /nfs-share/titouan/workspace/kaldi/egs/timit/s5_la2/data-fmllr-tri3/train/data/feats_fmllr_train.9.ark:9665703
mtcs0_sx172 /nfs-share/titouan/workspace/kaldi/egs/timit/s5_la2/data-fmllr-tri3/train/data/feats_fmllr_train.10.ark:2582837
mree0_sx384 /nfs-share/titouan/workspace/kaldi/egs/timit/s5_la2/data-fmllr-tri3/train/data/feats_fmllr_train.8.ark:15484188
mfxv0_sx375 /nfs-share/titouan/workspace/kaldi/egs/timit/s5_la2/data-fmllr-tri3/train/data/feats_fmllr_train.5.ark:16183397
mtkd0_sx107 /nfs-share/titouan/workspace/kaldi/egs/timit/s5_la2/data-fmllr-tri3/train/data/feats_fmllr_train.10.ark:5852733
fntb0_sx303 /nfs-share/titouan/workspace/kaldi/egs/timit/s5_la2/data-fmllr-tri3/train/data/feats_fmllr_train.3.ark:626125
mvlo0_si1777 /nfs-share/titouan/workspace/kaldi/egs/timit/s5_la2/data-fmllr-tri3/train/data/feats_fmllr_train.10.ark:12749866
mklr0_sx249 /nfs-share/titouan/workspace/kaldi/egs/timit/s5_la2/data-fmllr-tri3/train/data/feats_fmllr_train.7.ark:8032781
fklc0_sx175 /nfs-share/titouan/workspace/kaldi/egs/timit/s5_la2/data-fmllr-tri3/train/data/feats_fmllr_train.2.ark:7447046
feeh0_sx392 /nfs-share/titouan/workspace/kaldi/egs/timit/s5_la2/data-fmllr-tri3/train/data/feats_fmllr_train.1.ark:14942474
mdbb1_sx376 /nfs-share/titouan/workspace/kaldi/egs/timit/s5_la2/data-fmllr-tri3/train/data/feats_fmllr_train.4.ark:15428720
mvlo0_sx337 /nfs-share/titouan/workspace/kaldi/egs/timit/s5_la2/data-fmllr-tri3/train/data/feats_fmllr_train.10.ark:12949974
mtdp0_sx261 /nfs-share/titouan/workspace/kaldi/egs/timit/s5_la2/data-fmllr-tri3/train/data/feats_fmllr_train.10.ark:3458339
mjma0_sx325 /nfs-share/titouan/workspace/kaldi/egs/timit/s5_la2/data-fmllr-tri3/train/data/feats_fmllr_train.6.ark:15305888
fkde0_sx421 /nfs-share/titouan/workspace/kaldi/egs/timit/s5_la2/data-fmllr-tri3/train/data/feats_fmllr_train.2.ark:5950259
fjlg0_sx179 /nfs-share/titouan/workspace/kaldi/egs/timit/s5_la2/data-fmllr-tri3/train/data/feats_fmllr_train.2.ark:1742727
fgcs0_sx226 /nfs-share/titouan/workspace/kaldi/egs/timit/s5_la2/data-fmllr-tri3/train/data/feats_fmllr_train.1.ark:16438303
mjwt0_sx31 /nfs-share/titouan/workspace/kaldi/egs/timit/s5_la2/data-fmllr-tri3/train/data/feats_fmllr_train.7.ark:3172894
mgxp0_si457 /nfs-share/titouan/workspace/kaldi/egs/timit/s5_la2/data-fmllr-tri3/train/data/feats_fmllr_train.6.ark:3218895
mmab1_si2124 /nfs-share/titouan/workspace/kaldi/egs/timit/s5_la2/data-fmllr-tri3/train/data/feats_fmllr_train.7.ark:13025443
mmdb0_sx177 /nfs-share/titouan/workspace/kaldi/egs/timit/s5_la2/data-fmllr-tri3/train/data/feats_fmllr_train.7.ark:15631440
fdnc0_si1908 /nfs-share/titouan/workspace/kaldi/egs/timit/s5_la2/data-fmllr-tri3/train/data/feats_fmllr_train.1.ark:12230129
mpar0_sx406 /nfs-share/titouan/workspace/kaldi/egs/timit/s5_la2/data-fmllr-tri3/train/data/feats_fmllr_train.8.ark:5989671
mmdg0_sx70 /nfs-share/titouan/workspace/kaldi/egs/timit/s5_la2/data-fmllr-tri3/train/data/feats_fmllr_train.7.ark:16216884
fskc0_sx156 /nfs-share/titouan/workspace/kaldi/egs/timit/s5_la2/data-fmllr-tri3/train/data/feats_fmllr_train.3.ark:10120559
mses0_si1589 /nfs-share/titouan/workspace/kaldi/egs/timit/s5_la2/data-fmllr-tri3/train/data/feats_fmllr_train.9.ark:14166391
fsrh0_sx41 /nfs-share/titouan/workspace/kaldi/egs/timit/s5_la2/data-fmllr-tri3/train/data/feats_fmllr_train.3.ark:13434243
mrms0_sx300 /nfs-share/titouan/workspace/kaldi/egs/timit/s5_la2/data-fmllr-tri3/train/data/feats_fmllr_train.9.ark:7016185
mtkd0_sx287 /nfs-share/titouan/workspace/kaldi/egs/timit/s5_la2/data-fmllr-tri3/train/data/feats_fmllr_train.10.ark:5980173
fskl0_si2159 /nfs-share/titouan/workspace/kaldi/egs/timit/s5_la2/data-fmllr-tri3/train/data/feats_fmllr_train.3.ark:10395922
maeo0_sx246 /nfs-share/titouan/workspace/kaldi/egs/timit/s5_la2/data-fmllr-tri3/train/data/feats_fmllr_train.4.ark:561140
fcjf0_sx217 /nfs-share/titouan/workspace/kaldi/egs/timit/s5_la2/data-fmllr-tri3/train/data/feats_fmllr_train.1.ark:6575111
mjrp0_sx225 /nfs-share/titouan/workspace/kaldi/egs/timit/s5_la2/data-fmllr-tri3/train/data/feats_fmllr_train.7.ark:1309574
mrso0_sx39 /nfs-share/titouan/workspace/kaldi/egs/timit/s5_la2/data-fmllr-tri3/train/data/feats_fmllr_train.9.ark:8245637
mljc0_sx325 /nfs-share/titouan/workspace/kaldi/egs/timit/s5_la2/data-fmllr-tri3/train/data/feats_fmllr_train.7.ark:11196786
mkes0_sx353 /nfs-share/titouan/workspace/kaldi/egs/timit/s5_la2/data-fmllr-tri3/train/data/feats_fmllr_train.7.ark:7002716
marc0_sx198 /nfs-share/titouan/workspace/kaldi/egs/timit/s5_la2/data-fmllr-tri3/train/data/feats_fmllr_train.4.ark:2849030
mjpg0_sx21 /nfs-share/titouan/workspace/kaldi/egs/timit/s5_la2/data-fmllr-tri3/train/data/feats_fmllr_train.6.ark:16340139
makb0_si2276 /nfs-share/titouan/workspace/kaldi/egs/timit/s5_la2/data-fmllr-tri3/train/data/feats_fmllr_train.4.ark:1643339
fvkb0_sx169 /nfs-share/titouan/workspace/kaldi/egs/timit/s5_la2/data-fmllr-tri3/train/data/feats_fmllr_train.3.ark:16219392
ftaj0_sx249 /nfs-share/titouan/workspace/kaldi/egs/timit/s5_la2/data-fmllr-tri3/train/data/feats_fmllr_train.3.ark:14072197
fcke0_sx31 /nfs-share/titouan/workspace/kaldi/egs/timit/s5_la2/data-fmllr-tri3/train/data/feats_fmllr_train.1.ark:7348718
mrmh0_sx391 /nfs-share/titouan/workspace/kaldi/egs/timit/s5_la2/data-fmllr-tri3/train/data/feats_fmllr_train.9.ark:6216737
fjhk0_si2282 /nfs-share/titouan/workspace/kaldi/egs/timit/s5_la2/data-fmllr-tri3/train/data/feats_fmllr_train.2.ark:931865
fsms1_sx64 /nfs-share/titouan/workspace/kaldi/egs/timit/s5_la2/data-fmllr-tri3/train/data/feats_fmllr_train.3.ark:12653009
mrcg0_sx348 /nfs-share/titouan/workspace/kaldi/egs/timit/s5_la2/data-fmllr-tri3/train/data/feats_fmllr_train.8.ark:13506408
fcrz0_sx343 /nfs-share/titouan/workspace/kaldi/egs/timit/s5_la2/data-fmllr-tri3/train/data/feats_fmllr_train.1.ark:8786841
fcjs0_sx257 /nfs-share/titouan/workspace/kaldi/egs/timit/s5_la2/data-fmllr-tri3/train/data/feats_fmllr_train.1.ark:6859168
fpmy0_sx163 /nfs-share/titouan/workspace/kaldi/egs/timit/s5_la2/data-fmllr-tri3/train/data/feats_fmllr_train.3.ark:3776446
mljh0_sx244 /nfs-share/titouan/workspace/kaldi/egs/timit/s5_la2/data-fmllr-tri3/train/data/feats_fmllr_train.7.ark:11610896
mhit0_sx173 /nfs-share/titouan/workspace/kaldi/egs/timit/s5_la2/data-fmllr-tri3/train/data/feats_fmllr_train.6.ark:4069301
msdh0_sx440 /nfs-share/titouan/workspace/kaldi/egs/timit/s5_la2/data-fmllr-tri3/train/data/feats_fmllr_train.9.ark:13097582
mesj0_si997 /nfs-share/titouan/workspace/kaldi/egs/timit/s5_la2/data-fmllr-tri3/train/data/feats_fmllr_train.5.ark:13467183
mtmn0_si582 /nfs-share/titouan/workspace/kaldi/egs/timit/s5_la2/data-fmllr-tri3/train/data/feats_fmllr_train.10.ark:7771712
mmaa0_si2105 /nfs-share/titouan/workspace/kaldi/egs/timit/s5_la2/data-fmllr-tri3/train/data/feats_fmllr_train.7.ark:12662826
frjb0_sx77 /nfs-share/titouan/workspace/kaldi/egs/timit/s5_la2/data-fmllr-tri3/train/data/feats_fmllr_train.3.ark:4658108
mpfu0_sx268 /nfs-share/titouan/workspace/kaldi/egs/timit/s5_la2/data-fmllr-tri3/train/data/feats_fmllr_train.8.ark:6613731
mrvg0_sx420 /nfs-share/titouan/workspace/kaldi/egs/timit/s5_la2/data-fmllr-tri3/train/data/feats_fmllr_train.9.ark:9898986
mmxs0_sx156 /nfs-share/titouan/workspace/kaldi/egs/timit/s5_la2/data-fmllr-tri3/train/data/feats_fmllr_train.8.ark:4748940
fmbg0_sx3 /nfs-share/titouan/workspace/kaldi/egs/timit/s5_la2/data-fmllr-tri3/train/data/feats_fmllr_train.2.ark:14909761
mrew1_sx330 /nfs-share/titouan/workspace/kaldi/egs/timit/s5_la2/data-fmllr-tri3/train/data/feats_fmllr_train.8.ark:16549745
mrfk0_si1706 /nfs-share/titouan/workspace/kaldi/egs/timit/s5_la2/data-fmllr-tri3/train/data/feats_fmllr_train.8.ark:16782494
mjeb1_si837 /nfs-share/titouan/workspace/kaldi/egs/timit/s5_la2/data-fmllr-tri3/train/data/feats_fmllr_train.6.ark:10548162
mwem0_sx420 /nfs-share/titouan/workspace/kaldi/egs/timit/s5_la2/data-fmllr-tri3/train/data/feats_fmllr_train.10.ark:15520644
mjpg0_si1821 /nfs-share/titouan/workspace/kaldi/egs/timit/s5_la2/data-fmllr-tri3/train/data/feats_fmllr_train.6.ark:16147392
mfer0_sx232 /nfs-share/titouan/workspace/kaldi/egs/timit/s5_la2/data-fmllr-tri3/train/data/feats_fmllr_train.5.ark:14182549
mmrp0_si717 /nfs-share/titouan/workspace/kaldi/egs/timit/s5_la2/data-fmllr-tri3/train/data/feats_fmllr_train.8.ark:2177185
fklh0_si1257 /nfs-share/titouan/workspace/kaldi/egs/timit/s5_la2/data-fmllr-tri3/train/data/feats_fmllr_train.2.ark:8100519
mcxm0_sx91 /nfs-share/titouan/workspace/kaldi/egs/timit/s5_la2/data-fmllr-tri3/train/data/feats_fmllr_train.4.ark:14324551
fklc1_sx418 /nfs-share/titouan/workspace/kaldi/egs/timit/s5_la2/data-fmllr-tri3/train/data/feats_fmllr_train.2.ark:7981105
mbar0_sx239 /nfs-share/titouan/workspace/kaldi/egs/timit/s5_la2/data-fmllr-tri3/train/data/feats_fmllr_train.4.ark:3571998
mrgs0_sx366 /nfs-share/titouan/workspace/kaldi/egs/timit/s5_la2/data-fmllr-tri3/train/data/feats_fmllr_train.9.ark:257589
mdtb0_si570 /nfs-share/titouan/workspace/kaldi/egs/timit/s5_la2/data-fmllr-tri3/train/data/feats_fmllr_train.5.ark:9315038
mtpp0_sx68 /nfs-share/titouan/workspace/kaldi/egs/timit/s5_la2/data-fmllr-tri3/train/data/feats_fmllr_train.10.ark:9479274
fjrb0_sx312 /nfs-share/titouan/workspace/kaldi/egs/timit/s5_la2/data-fmllr-tri3/train/data/feats_fmllr_train.2.ark:2591535
mdks0_si1066 /nfs-share/titouan/workspace/kaldi/egs/timit/s5_la2/data-fmllr-tri3/train/data/feats_fmllr_train.5.ark:1926538
mdmt0_sx122 /nfs-share/titouan/workspace/kaldi/egs/timit/s5_la2/data-fmllr-tri3/train/data/feats_fmllr_train.5.ark:6036312
fdmy0_sx297 /nfs-share/titouan/workspace/kaldi/egs/timit/s5_la2/data-fmllr-tri3/train/data/feats_fmllr_train.1.ark:12031166
mrab0_sx144 /nfs-share/titouan/workspace/kaldi/egs/timit/s5_la2/data-fmllr-tri3/train/data/feats_fmllr_train.8.ark:11074490
msvs0_si1568 /nfs-share/titouan/workspace/kaldi/egs/timit/s5_la2/data-fmllr-tri3/train/data/feats_fmllr_train.10.ark:13
msjk0_sx426 /nfs-share/titouan/workspace/kaldi/egs/timit/s5_la2/data-fmllr-tri3/train/data/feats_fmllr_train.9.ark:15732806
mdhl0_sx449 /nfs-share/titouan/workspace/kaldi/egs/timit/s5_la2/data-fmllr-tri3/train/data/feats_fmllr_train.5.ark:1108290
mrcw0_sx21 /nfs-share/titouan/workspace/kaldi/egs/timit/s5_la2/data-fmllr-tri3/train/data/feats_fmllr_train.8.ark:13945824
mjxa0_si877 /nfs-share/titouan/workspace/kaldi/egs/timit/s5_la2/data-fmllr-tri3/train/data/feats_fmllr_train.7.ark:3350924
mrso0_si2289 /nfs-share/titouan/workspace/kaldi/egs/timit/s5_la2/data-fmllr-tri3/train/data/feats_fmllr_train.9.ark:8022970
fbmh0_sx326 /nfs-share/titouan/workspace/kaldi/egs/timit/s5_la2/data-fmllr-tri3/train/data/feats_fmllr_train.1.ark:4337836
mrms0_si2100 /nfs-share/titouan/workspace/kaldi/egs/timit/s5_la2/data-fmllr-tri3/train/data/feats_fmllr_train.9.ark:6872078
mclm0_sx376 /nfs-share/titouan/workspace/kaldi/egs/timit/s5_la2/data-fmllr-tri3/train/data/feats_fmllr_train.4.ark:12062770
mrlk0_sx213 /nfs-share/titouan/workspace/kaldi/egs/timit/s5_la2/data-fmllr-tri3/train/data/feats_fmllr_train.9.ark:4638827
mrav0_si1008 /nfs-share/titouan/workspace/kaldi/egs/timit/s5_la2/data-fmllr-tri3/train/data/feats_fmllr_train.8.ark:12512557
fpmy0_sx343 /nfs-share/titouan/workspace/kaldi/egs/timit/s5_la2/data-fmllr-tri3/train/data/feats_fmllr_train.3.ark:3903567
msms0_si1433 /nfs-share/titouan/workspace/kaldi/egs/timit/s5_la2/data-fmllr-tri3/train/data/feats_fmllr_train.9.ark:16600333
fmju0_sx39 /nfs-share/titouan/workspace/kaldi/egs/timit/s5_la2/data-fmllr-tri3/train/data/feats_fmllr_train.2.ark:16644121
mkah0_si1528 /nfs-share/titouan/workspace/kaldi/egs/timit/s5_la2/data-fmllr-tri3/train/data/feats_fmllr_train.7.ark:4423519
mrjm1_si668 /nfs-share/titouan/workspace/kaldi/egs/timit/s5_la2/data-fmllr-tri3/train/data/feats_fmllr_train.9.ark:2208352
mmdm0_si1311 /nfs-share/titouan/workspace/kaldi/egs/timit/s5_la2/data-fmllr-tri3/train/data/feats_fmllr_train.7.ark:16233392
fbmj0_si516 /nfs-share/titouan/workspace/kaldi/egs/timit/s5_la2/data-fmllr-tri3/train/data/feats_fmllr_train.1.ark:4527064
flmc0_si1372 /nfs-share/titouan/workspace/kaldi/egs/timit/s5_la2/data-fmllr-tri3/train/data/feats_fmllr_train.2.ark:12819605
mjjj0_si533 /nfs-share/titouan/workspace/kaldi/egs/timit/s5_la2/data-fmllr-tri3/train/data/feats_fmllr_train.6.ark:12855704
mvrw0_si2115 /nfs-share/titouan/workspace/kaldi/egs/timit/s5_la2/data-fmllr-tri3/train/data/feats_fmllr_train.10.ark:13157123
mrjb1_si1020 /nfs-share/titouan/workspace/kaldi/egs/timit/s5_la2/data-fmllr-tri3/train/data/feats_fmllr_train.9.ark:783805
fcyl0_sx397 /nfs-share/titouan/workspace/kaldi/egs/timit/s5_la2/data-fmllr-tri3/train/data/feats_fmllr_train.1.ark:9278791
mmcc0_sx348 /nfs-share/titouan/workspace/kaldi/egs/timit/s5_la2/data-fmllr-tri3/train/data/feats_fmllr_train.7.ark:15329677
mdrd0_si752 /nfs-share/titouan/workspace/kaldi/egs/timit/s5_la2/data-fmllr-tri3/train/data/feats_fmllr_train.5.ark:7849210
mdas0_si636 /nfs-share/titouan/workspace/kaldi/egs/timit/s5_la2/data-fmllr-tri3/train/data/feats_fmllr_train.4.ark:14871411
mjjm0_si1457 /nfs-share/titouan/workspace/kaldi/egs/timit/s5_la2/data-fmllr-tri3/train/data/feats_fmllr_train.6.ark:13239894
fdjh0_sx395 /nfs-share/titouan/workspace/kaldi/egs/timit/s5_la2/data-fmllr-tri3/train/data/feats_fmllr_train.1.ark:10791341
mpgh0_si675 /nfs-share/titouan/workspace/kaldi/egs/timit/s5_la2/data-fmllr-tri3/train/data/feats_fmllr_train.8.ark:6881706
flet0_si507 /nfs-share/titouan/workspace/kaldi/egs/timit/s5_la2/data-fmllr-tri3/train/data/feats_fmllr_train.2.ark:10154460
mrxb0_sx415 /nfs-share/titouan/workspace/kaldi/egs/timit/s5_la2/data-fmllr-tri3/train/data/feats_fmllr_train.9.ark:11009717
mbbr0_si1055 /nfs-share/titouan/workspace/kaldi/egs/timit/s5_la2/data-fmllr-tri3/train/data/feats_fmllr_train.4.ark:3752266
mbar0_si1319 /nfs-share/titouan/workspace/kaldi/egs/timit/s5_la2/data-fmllr-tri3/train/data/feats_fmllr_train.4.ark:3375569
mjrh1_si1774 /nfs-share/titouan/workspace/kaldi/egs/timit/s5_la2/data-fmllr-tri3/train/data/feats_fmllr_train.7.ark:461219
fbmh0_sx416 /nfs-share/titouan/workspace/kaldi/egs/timit/s5_la2/data-fmllr-tri3/train/data/feats_fmllr_train.1.ark:4376423
mcal0_sx148 /nfs-share/titouan/workspace/kaldi/egs/timit/s5_la2/data-fmllr-tri3/train/data/feats_fmllr_train.4.ark:8728286
fbcg1_sx442 /nfs-share/titouan/workspace/kaldi/egs/timit/s5_la2/data-fmllr-tri3/train/data/feats_fmllr_train.1.ark:2750915
mdlh0_sx160 /nfs-share/titouan/workspace/kaldi/egs/timit/s5_la2/data-fmllr-tri3/train/data/feats_fmllr_train.5.ark:4055866
megj0_si1967 /nfs-share/titouan/workspace/kaldi/egs/timit/s5_la2/data-fmllr-tri3/train/data/feats_fmllr_train.5.ark:11922450
fsag0_sx423 /nfs-share/titouan/workspace/kaldi/egs/timit/s5_la2/data-fmllr-tri3/train/data/feats_fmllr_train.3.ark:5415795
mjde0_si490 /nfs-share/titouan/workspace/kaldi/egs/timit/s5_la2/data-fmllr-tri3/train/data/feats_fmllr_train.6.ark:8860573
fsmm0_sx234 /nfs-share/titouan/workspace/kaldi/egs/timit/s5_la2/data-fmllr-tri3/train/data/feats_fmllr_train.3.ark:12071592
fjsp0_sx174 /nfs-share/titouan/workspace/kaldi/egs/timit/s5_la2/data-fmllr-tri3/train/data/feats_fmllr_train.2.ark:3787973
mcef0_si842 /nfs-share/titouan/workspace/kaldi/egs/timit/s5_la2/data-fmllr-tri3/train/data/feats_fmllr_train.4.ark:10211847
mtpf0_sx425 /nfs-share/titouan/workspace/kaldi/egs/timit/s5_la2/data-fmllr-tri3/train/data/feats_fmllr_train.10.ark:8751774
mlbc0_si1239 /nfs-share/titouan/workspace/kaldi/egs/timit/s5_la2/data-fmllr-tri3/train/data/feats_fmllr_train.7.ark:10126776
mdps0_sx179 /nfs-share/titouan/workspace/kaldi/egs/timit/s5_la2/data-fmllr-tri3/train/data/feats_fmllr_train.5.ark:7539900
flac0_sx181 /nfs-share/titouan/workspace/kaldi/egs/timit/s5_la2/data-fmllr-tri3/train/data/feats_fmllr_train.2.ark:8994795
mnet0_sx96 /nfs-share/titouan/workspace/kaldi/egs/timit/s5_la2/data-fmllr-tri3/train/data/feats_fmllr_train.8.ark:5278702
mdss1_si697 /nfs-share/titouan/workspace/kaldi/egs/timit/s5_la2/data-fmllr-tri3/train/data/feats_fmllr_train.5.ark:8982501
mgxp0_sx367 /nfs-share/titouan/workspace/kaldi/egs/timit/s5_la2/data-fmllr-tri3/train/data/feats_fmllr_train.6.ark:3421083
mrcg0_sx438 /nfs-share/titouan/workspace/kaldi/egs/timit/s5_la2/data-fmllr-tri3/train/data/feats_fmllr_train.8.ark:13571395
maeo0_si1655 /nfs-share/titouan/workspace/kaldi/egs/timit/s5_la2/data-fmllr-tri3/train/data/feats_fmllr_train.4.ark:435138
msds0_sx357 /nfs-share/titouan/workspace/kaldi/egs/timit/s5_la2/data-fmllr-tri3/train/data/feats_fmllr_train.9.ark:13497133
mbar0_sx419 /nfs-share/titouan/workspace/kaldi/egs/timit/s5_la2/data-fmllr-tri3/train/data/feats_fmllr_train.4.ark:3675572
fjxm0_si581 /nfs-share/titouan/workspace/kaldi/egs/timit/s5_la2/data-fmllr-tri3/train/data/feats_fmllr_train.2.ark:4480219
mrlr0_sx26 /nfs-share/titouan/workspace/kaldi/egs/timit/s5_la2/data-fmllr-tri3/train/data/feats_fmllr_train.9.ark:5034270
mzmb0_si1166 /nfs-share/titouan/workspace/kaldi/egs/timit/s5_la2/data-fmllr-tri3/train/data/feats_fmllr_train.10.ark:17595701
mhrm0_sx148 /nfs-share/titouan/workspace/kaldi/egs/timit/s5_la2/data-fmllr-tri3/train/data/feats_fmllr_train.6.ark:5479290
mhrm0_sx328 /nfs-share/titouan/workspace/kaldi/egs/timit/s5_la2/data-fmllr-tri3/train/data/feats_fmllr_train.6.ark:5560464
