fsma0_sx361 /nfs-share/xinchi/kaldi/egs/timit/s5_la3/data-fmllr-tri3/train/data/feats_fmllr_train.3.ark:11734282
mrjh0_sx79 /nfs-share/xinchi/kaldi/egs/timit/s5_la3/data-fmllr-tri3/train/data/feats_fmllr_train.9.ark:1642131
mtpr0_sx70 /nfs-share/xinchi/kaldi/egs/timit/s5_la3/data-fmllr-tri3/train/data/feats_fmllr_train.10.ark:9926851
mmdm1_sx63 /nfs-share/xinchi/kaldi/egs/timit/s5_la3/data-fmllr-tri3/train/data/feats_fmllr_train.7.ark:16973158
mrbc0_sx239 /nfs-share/xinchi/kaldi/egs/timit/s5_la3/data-fmllr-tri3/train/data/feats_fmllr_train.8.ark:13038644
mwar0_sx325 /nfs-share/xinchi/kaldi/egs/timit/s5_la3/data-fmllr-tri3/train/data/feats_fmllr_train.10.ark:14414204
mrkm0_sx187 /nfs-share/xinchi/kaldi/egs/timit/s5_la3/data-fmllr-tri3/train/data/feats_fmllr_train.9.ark:3128013
mgjc0_si1965 /nfs-share/xinchi/kaldi/egs/timit/s5_la3/data-fmllr-tri3/train/data/feats_fmllr_train.6.ark:1170961
fsah0_si614 /nfs-share/xinchi/kaldi/egs/timit/s5_la3/data-fmllr-tri3/train/data/feats_fmllr_train.3.ark:5639584
fetb0_sx158 /nfs-share/xinchi/kaldi/egs/timit/s5_la3/data-fmllr-tri3/train/data/feats_fmllr_train.1.ark:15569361
mmws1_si1071 /nfs-share/xinchi/kaldi/egs/timit/s5_la3/data-fmllr-tri3/train/data/feats_fmllr_train.8.ark:4306722
mdwd0_sx90 /nfs-share/xinchi/kaldi/egs/timit/s5_la3/data-fmllr-tri3/train/data/feats_fmllr_train.5.ark:9899710
mppc0_sx422 /nfs-share/xinchi/kaldi/egs/timit/s5_la3/data-fmllr-tri3/train/data/feats_fmllr_train.8.ark:8830550
fklh0_sx267 /nfs-share/xinchi/kaldi/egs/timit/s5_la3/data-fmllr-tri3/train/data/feats_fmllr_train.2.ark:8280948
mjda0_sx41 /nfs-share/xinchi/kaldi/egs/timit/s5_la3/data-fmllr-tri3/train/data/feats_fmllr_train.6.ark:8323154
mjdc0_si1161 /nfs-share/xinchi/kaldi/egs/timit/s5_la3/data-fmllr-tri3/train/data/feats_fmllr_train.6.ark:8372142
mwgr0_si1606 /nfs-share/xinchi/kaldi/egs/timit/s5_la3/data-fmllr-tri3/train/data/feats_fmllr_train.10.ark:15655898
fjsk0_sx152 /nfs-share/xinchi/kaldi/egs/timit/s5_la3/data-fmllr-tri3/train/data/feats_fmllr_train.2.ark:3409036
mmdm1_sx333 /nfs-share/xinchi/kaldi/egs/timit/s5_la3/data-fmllr-tri3/train/data/feats_fmllr_train.7.ark:16848465
fsrh0_si1719 /nfs-share/xinchi/kaldi/egs/timit/s5_la3/data-fmllr-tri3/train/data/feats_fmllr_train.3.ark:13120614
mtxs0_sx250 /nfs-share/xinchi/kaldi/egs/timit/s5_la3/data-fmllr-tri3/train/data/feats_fmllr_train.10.ark:12125513
fdxw0_si881 /nfs-share/xinchi/kaldi/egs/timit/s5_la3/data-fmllr-tri3/train/data/feats_fmllr_train.1.ark:13063392
mrhl0_sx345 /nfs-share/xinchi/kaldi/egs/timit/s5_la3/data-fmllr-tri3/train/data/feats_fmllr_train.9.ark:652204
fbch0_si956 /nfs-share/xinchi/kaldi/egs/timit/s5_la3/data-fmllr-tri3/train/data/feats_fmllr_train.1.ark:2909236
mrjt0_sx58 /nfs-share/xinchi/kaldi/egs/timit/s5_la3/data-fmllr-tri3/train/data/feats_fmllr_train.9.ark:2828063
mmeb0_si1987 /nfs-share/xinchi/kaldi/egs/timit/s5_la3/data-fmllr-tri3/train/data/feats_fmllr_train.7.ark:17716848
mcae0_sx7 /nfs-share/xinchi/kaldi/egs/timit/s5_la3/data-fmllr-tri3/train/data/feats_fmllr_train.4.ark:8502070
mrgs0_sx96 /nfs-share/xinchi/kaldi/egs/timit/s5_la3/data-fmllr-tri3/train/data/feats_fmllr_train.9.ark:387400
fpac0_sx301 /nfs-share/xinchi/kaldi/egs/timit/s5_la3/data-fmllr-tri3/train/data/feats_fmllr_train.3.ark:1474239
fntb0_sx33 /nfs-share/xinchi/kaldi/egs/timit/s5_la3/data-fmllr-tri3/train/data/feats_fmllr_train.3.ark:660231
msms0_sx263 /nfs-share/xinchi/kaldi/egs/timit/s5_la3/data-fmllr-tri3/train/data/feats_fmllr_train.9.ark:16816922
mjls0_sx286 /nfs-share/xinchi/kaldi/egs/timit/s5_la3/data-fmllr-tri3/train/data/feats_fmllr_train.6.ark:14947617
fjhk0_sx302 /nfs-share/xinchi/kaldi/egs/timit/s5_la3/data-fmllr-tri3/train/data/feats_fmllr_train.2.ark:1122026
mdas0_sx276 /nfs-share/xinchi/kaldi/egs/timit/s5_la3/data-fmllr-tri3/train/data/feats_fmllr_train.4.ark:14999011
mpgr1_sx239 /nfs-share/xinchi/kaldi/egs/timit/s5_la3/data-fmllr-tri3/train/data/feats_fmllr_train.8.ark:7702862
mjdg0_sx232 /nfs-share/xinchi/kaldi/egs/timit/s5_la3/data-fmllr-tri3/train/data/feats_fmllr_train.6.ark:9438285
mtkd0_sx377 /nfs-share/xinchi/kaldi/egs/timit/s5_la3/data-fmllr-tri3/train/data/feats_fmllr_train.10.ark:6043240
mkag0_sx259 /nfs-share/xinchi/kaldi/egs/timit/s5_la3/data-fmllr-tri3/train/data/feats_fmllr_train.7.ark:4236372
mrjm0_sx58 /nfs-share/xinchi/kaldi/egs/timit/s5_la3/data-fmllr-tri3/train/data/feats_fmllr_train.9.ark:2037869
mkrg0_si2121 /nfs-share/xinchi/kaldi/egs/timit/s5_la3/data-fmllr-tri3/train/data/feats_fmllr_train.7.ark:9455170
mkdd0_sx127 /nfs-share/xinchi/kaldi/egs/timit/s5_la3/data-fmllr-tri3/train/data/feats_fmllr_train.7.ark:6143989
mwdk0_si2017 /nfs-share/xinchi/kaldi/egs/timit/s5_la3/data-fmllr-tri3/train/data/feats_fmllr_train.10.ark:14931171
mjeb1_si1467 /nfs-share/xinchi/kaldi/egs/timit/s5_la3/data-fmllr-tri3/train/data/feats_fmllr_train.6.ark:10416267
fmkc0_si1041 /nfs-share/xinchi/kaldi/egs/timit/s5_la3/data-fmllr-tri3/train/data/feats_fmllr_train.2.ark:16733616
mtrc0_sx93 /nfs-share/xinchi/kaldi/egs/timit/s5_la3/data-fmllr-tri3/train/data/feats_fmllr_train.10.ark:10774964
fcag0_sx63 /nfs-share/xinchi/kaldi/egs/timit/s5_la3/data-fmllr-tri3/train/data/feats_fmllr_train.1.ark:5201683
mpar0_sx316 /nfs-share/xinchi/kaldi/egs/timit/s5_la3/data-fmllr-tri3/train/data/feats_fmllr_train.8.ark:5954764
mrdm0_sx155 /nfs-share/xinchi/kaldi/egs/timit/s5_la3/data-fmllr-tri3/train/data/feats_fmllr_train.8.ark:14560766
mtqc0_sx451 /nfs-share/xinchi/kaldi/egs/timit/s5_la3/data-fmllr-tri3/train/data/feats_fmllr_train.10.ark:10336002
mjae0_si2154 /nfs-share/xinchi/kaldi/egs/timit/s5_la3/data-fmllr-tri3/train/data/feats_fmllr_train.6.ark:6947808
fvmh0_si836 /nfs-share/xinchi/kaldi/egs/timit/s5_la3/data-fmllr-tri3/train/data/feats_fmllr_train.3.ark:16603902
mdlm0_sx64 /nfs-share/xinchi/kaldi/egs/timit/s5_la3/data-fmllr-tri3/train/data/feats_fmllr_train.5.ark:4616350
mtab0_si942 /nfs-share/xinchi/kaldi/egs/timit/s5_la3/data-fmllr-tri3/train/data/feats_fmllr_train.10.ark:606205
mtjs0_sx382 /nfs-share/xinchi/kaldi/egs/timit/s5_la3/data-fmllr-tri3/train/data/feats_fmllr_train.10.ark:5239766
mrld0_sx334 /nfs-share/xinchi/kaldi/egs/timit/s5_la3/data-fmllr-tri3/train/data/feats_fmllr_train.9.ark:3604762
mses0_si1589 /nfs-share/xinchi/kaldi/egs/timit/s5_la3/data-fmllr-tri3/train/data/feats_fmllr_train.9.ark:14166391
freh0_sx145 /nfs-share/xinchi/kaldi/egs/timit/s5_la3/data-fmllr-tri3/train/data/feats_fmllr_train.3.ark:4171063
mrlj1_sx141 /nfs-share/xinchi/kaldi/egs/timit/s5_la3/data-fmllr-tri3/train/data/feats_fmllr_train.9.ark:4197623
mmjb1_si2038 /nfs-share/xinchi/kaldi/egs/timit/s5_la3/data-fmllr-tri3/train/data/feats_fmllr_train.8.ark:1082614
mtlb0_si1764 /nfs-share/xinchi/kaldi/egs/timit/s5_la3/data-fmllr-tri3/train/data/feats_fmllr_train.10.ark:6569273
mkls0_sx177 /nfs-share/xinchi/kaldi/egs/timit/s5_la3/data-fmllr-tri3/train/data/feats_fmllr_train.7.ark:8385452
mtwh1_sx432 /nfs-share/xinchi/kaldi/egs/timit/s5_la3/data-fmllr-tri3/train/data/feats_fmllr_train.10.ark:11800229
msmr0_sx235 /nfs-share/xinchi/kaldi/egs/timit/s5_la3/data-fmllr-tri3/train/data/feats_fmllr_train.9.ark:16433025
feme0_sx65 /nfs-share/xinchi/kaldi/egs/timit/s5_la3/data-fmllr-tri3/train/data/feats_fmllr_train.1.ark:15377251
mbml0_si1799 /nfs-share/xinchi/kaldi/egs/timit/s5_la3/data-fmllr-tri3/train/data/feats_fmllr_train.4.ark:6365493
fbmj0_si1776 /nfs-share/xinchi/kaldi/egs/timit/s5_la3/data-fmllr-tri3/train/data/feats_fmllr_train.1.ark:4460317
mmws0_sx348 /nfs-share/xinchi/kaldi/egs/timit/s5_la3/data-fmllr-tri3/train/data/feats_fmllr_train.8.ark:4159761
mmar0_si1966 /nfs-share/xinchi/kaldi/egs/timit/s5_la3/data-fmllr-tri3/train/data/feats_fmllr_train.7.ark:14239695
mmgg0_sx89 /nfs-share/xinchi/kaldi/egs/timit/s5_la3/data-fmllr-tri3/train/data/feats_fmllr_train.8.ark:702021
fsjs0_sx181 /nfs-share/xinchi/kaldi/egs/timit/s5_la3/data-fmllr-tri3/train/data/feats_fmllr_train.3.ark:9321725
mrpc1_sx312 /nfs-share/xinchi/kaldi/egs/timit/s5_la3/data-fmllr-tri3/train/data/feats_fmllr_train.9.ark:7283737
mjwg0_si895 /nfs-share/xinchi/kaldi/egs/timit/s5_la3/data-fmllr-tri3/train/data/feats_fmllr_train.7.ark:2069313
mdem0_sx68 /nfs-share/xinchi/kaldi/egs/timit/s5_la3/data-fmllr-tri3/train/data/feats_fmllr_train.5.ark:774819
mdss0_si621 /nfs-share/xinchi/kaldi/egs/timit/s5_la3/data-fmllr-tri3/train/data/feats_fmllr_train.5.ark:8660844
mmag0_si496 /nfs-share/xinchi/kaldi/egs/timit/s5_la3/data-fmllr-tri3/train/data/feats_fmllr_train.7.ark:13535607
mrlj0_sx340 /nfs-share/xinchi/kaldi/egs/timit/s5_la3/data-fmllr-tri3/train/data/feats_fmllr_train.9.ark:3951379
mpmb0_si1501 /nfs-share/xinchi/kaldi/egs/timit/s5_la3/data-fmllr-tri3/train/data/feats_fmllr_train.8.ark:7881690
fsdc0_sx52 /nfs-share/xinchi/kaldi/egs/timit/s5_la3/data-fmllr-tri3/train/data/feats_fmllr_train.3.ark:7531627
mdsj0_sx112 /nfs-share/xinchi/kaldi/egs/timit/s5_la3/data-fmllr-tri3/train/data/feats_fmllr_train.5.ark:8349454
mfxs0_si2225 /nfs-share/xinchi/kaldi/egs/timit/s5_la3/data-fmllr-tri3/train/data/feats_fmllr_train.5.ark:15536937
mjsr0_si1424 /nfs-share/xinchi/kaldi/egs/timit/s5_la3/data-fmllr-tri3/train/data/feats_fmllr_train.7.ark:1466482
fexm0_si1731 /nfs-share/xinchi/kaldi/egs/timit/s5_la3/data-fmllr-tri3/train/data/feats_fmllr_train.1.ark:15844404
mtkp0_si2283 /nfs-share/xinchi/kaldi/egs/timit/s5_la3/data-fmllr-tri3/train/data/feats_fmllr_train.10.ark:6139936
fklc0_si1615 /nfs-share/xinchi/kaldi/egs/timit/s5_la3/data-fmllr-tri3/train/data/feats_fmllr_train.2.ark:7304084
mtpr0_si2230 /nfs-share/xinchi/kaldi/egs/timit/s5_la3/data-fmllr-tri3/train/data/feats_fmllr_train.10.ark:9569570
mfer0_si862 /nfs-share/xinchi/kaldi/egs/timit/s5_la3/data-fmllr-tri3/train/data/feats_fmllr_train.5.ark:14074975
maeb0_si1411 /nfs-share/xinchi/kaldi/egs/timit/s5_la3/data-fmllr-tri3/train/data/feats_fmllr_train.4.ark:13
fdkn0_si1711 /nfs-share/xinchi/kaldi/egs/timit/s5_la3/data-fmllr-tri3/train/data/feats_fmllr_train.1.ark:10964385
mmaa0_si845 /nfs-share/xinchi/kaldi/egs/timit/s5_la3/data-fmllr-tri3/train/data/feats_fmllr_train.7.ark:12701733
mtml0_si1695 /nfs-share/xinchi/kaldi/egs/timit/s5_la3/data-fmllr-tri3/train/data/feats_fmllr_train.10.ark:7285067
fcjf0_si1657 /nfs-share/xinchi/kaldi/egs/timit/s5_la3/data-fmllr-tri3/train/data/feats_fmllr_train.1.ark:6447990
mfwk0_sx439 /nfs-share/xinchi/kaldi/egs/timit/s5_la3/data-fmllr-tri3/train/data/feats_fmllr_train.5.ark:15399895
mrjt0_sx328 /nfs-share/xinchi/kaldi/egs/timit/s5_la3/data-fmllr-tri3/train/data/feats_fmllr_train.9.ark:2718250
mlel0_si1876 /nfs-share/xinchi/kaldi/egs/timit/s5_la3/data-fmllr-tri3/train/data/feats_fmllr_train.7.ark:10550861
mrab1_si1478 /nfs-share/xinchi/kaldi/egs/timit/s5_la3/data-fmllr-tri3/train/data/feats_fmllr_train.8.ark:11321025
mafm0_sx309 /nfs-share/xinchi/kaldi/egs/timit/s5_la3/data-fmllr-tri3/train/data/feats_fmllr_train.4.ark:940104
fleh0_si1681 /nfs-share/xinchi/kaldi/egs/timit/s5_la3/data-fmllr-tri3/train/data/feats_fmllr_train.2.ark:9732615
fskc0_sx156 /nfs-share/xinchi/kaldi/egs/timit/s5_la3/data-fmllr-tri3/train/data/feats_fmllr_train.3.ark:10120559
mdwh0_sx125 /nfs-share/xinchi/kaldi/egs/timit/s5_la3/data-fmllr-tri3/train/data/feats_fmllr_train.5.ark:10126060
mtwh1_sx72 /nfs-share/xinchi/kaldi/egs/timit/s5_la3/data-fmllr-tri3/train/data/feats_fmllr_train.10.ark:11855775
mklr0_sx159 /nfs-share/xinchi/kaldi/egs/timit/s5_la3/data-fmllr-tri3/train/data/feats_fmllr_train.7.ark:7986034
mdmt0_sx392 /nfs-share/xinchi/kaldi/egs/timit/s5_la3/data-fmllr-tri3/train/data/feats_fmllr_train.5.ark:6231139
makr0_si1352 /nfs-share/xinchi/kaldi/egs/timit/s5_la3/data-fmllr-tri3/train/data/feats_fmllr_train.4.ark:1956301
madd0_sx448 /nfs-share/xinchi/kaldi/egs/timit/s5_la3/data-fmllr-tri3/train/data/feats_fmllr_train.3.ark:17874421
mjwt0_sx31 /nfs-share/xinchi/kaldi/egs/timit/s5_la3/data-fmllr-tri3/train/data/feats_fmllr_train.7.ark:3172894
fvkb0_sx79 /nfs-share/xinchi/kaldi/egs/timit/s5_la3/data-fmllr-tri3/train/data/feats_fmllr_train.3.ark:16448939
ftaj0_sx249 /nfs-share/xinchi/kaldi/egs/timit/s5_la3/data-fmllr-tri3/train/data/feats_fmllr_train.3.ark:14072197
mlns0_si1407 /nfs-share/xinchi/kaldi/egs/timit/s5_la3/data-fmllr-tri3/train/data/feats_fmllr_train.7.ark:11832284
fgdp0_sx448 /nfs-share/xinchi/kaldi/egs/timit/s5_la3/data-fmllr-tri3/train/data/feats_fmllr_train.1.ark:16933294
mmpm0_sx341 /nfs-share/xinchi/kaldi/egs/timit/s5_la3/data-fmllr-tri3/train/data/feats_fmllr_train.8.ark:2012597
mklr0_sx339 /nfs-share/xinchi/kaldi/egs/timit/s5_la3/data-fmllr-tri3/train/data/feats_fmllr_train.7.ark:8074728
mrai0_sx162 /nfs-share/xinchi/kaldi/egs/timit/s5_la3/data-fmllr-tri3/train/data/feats_fmllr_train.8.ark:11888204
mtpr0_si1600 /nfs-share/xinchi/kaldi/egs/timit/s5_la3/data-fmllr-tri3/train/data/feats_fmllr_train.10.ark:9517702
mtxs0_sx340 /nfs-share/xinchi/kaldi/egs/timit/s5_la3/data-fmllr-tri3/train/data/feats_fmllr_train.10.ark:12178020
fecd0_sx338 /nfs-share/xinchi/kaldi/egs/timit/s5_la3/data-fmllr-tri3/train/data/feats_fmllr_train.1.ark:14438044
mdlc1_sx85 /nfs-share/xinchi/kaldi/egs/timit/s5_la3/data-fmllr-tri3/train/data/feats_fmllr_train.5.ark:3537940
flod0_si657 /nfs-share/xinchi/kaldi/egs/timit/s5_la3/data-fmllr-tri3/train/data/feats_fmllr_train.2.ark:13682815
mram0_si1951 /nfs-share/xinchi/kaldi/egs/timit/s5_la3/data-fmllr-tri3/train/data/feats_fmllr_train.8.ark:12225995
mfer0_sx52 /nfs-share/xinchi/kaldi/egs/timit/s5_la3/data-fmllr-tri3/train/data/feats_fmllr_train.5.ark:14310149
mjxa0_sx427 /nfs-share/xinchi/kaldi/egs/timit/s5_la3/data-fmllr-tri3/train/data/feats_fmllr_train.7.ark:3526392
mhmg0_si735 /nfs-share/xinchi/kaldi/egs/timit/s5_la3/data-fmllr-tri3/train/data/feats_fmllr_train.6.ark:4692269
mnet0_si2076 /nfs-share/xinchi/kaldi/egs/timit/s5_la3/data-fmllr-tri3/train/data/feats_fmllr_train.8.ark:5047983
mprk0_sx287 /nfs-share/xinchi/kaldi/egs/timit/s5_la3/data-fmllr-tri3/train/data/feats_fmllr_train.8.ark:10164640
msas0_si2006 /nfs-share/xinchi/kaldi/egs/timit/s5_la3/data-fmllr-tri3/train/data/feats_fmllr_train.9.ark:11499457
fjlg0_sx269 /nfs-share/xinchi/kaldi/egs/timit/s5_la3/data-fmllr-tri3/train/data/feats_fmllr_train.2.ark:1793154
mram0_si1275 /nfs-share/xinchi/kaldi/egs/timit/s5_la3/data-fmllr-tri3/train/data/feats_fmllr_train.8.ark:12136659
mnet0_sx186 /nfs-share/xinchi/kaldi/egs/timit/s5_la3/data-fmllr-tri3/train/data/feats_fmllr_train.8.ark:5119717
mjjj0_sx443 /nfs-share/xinchi/kaldi/egs/timit/s5_la3/data-fmllr-tri3/train/data/feats_fmllr_train.6.ark:13077412
mrab1_si2108 /nfs-share/xinchi/kaldi/egs/timit/s5_la3/data-fmllr-tri3/train/data/feats_fmllr_train.8.ark:11368893
mrpc1_sx222 /nfs-share/xinchi/kaldi/egs/timit/s5_la3/data-fmllr-tri3/train/data/feats_fmllr_train.9.ark:7239550
mter0_sx437 /nfs-share/xinchi/kaldi/egs/timit/s5_la3/data-fmllr-tri3/train/data/feats_fmllr_train.10.ark:3977809
mvlo0_sx67 /nfs-share/xinchi/kaldi/egs/timit/s5_la3/data-fmllr-tri3/train/data/feats_fmllr_train.10.ark:13034027
mjmd0_sx218 /nfs-share/xinchi/kaldi/egs/timit/s5_la3/data-fmllr-tri3/train/data/feats_fmllr_train.6.ark:15578879
mrgm0_sx262 /nfs-share/xinchi/kaldi/egs/timit/s5_la3/data-fmllr-tri3/train/data/feats_fmllr_train.8.ark:17738690
mrlr0_sx386 /nfs-share/xinchi/kaldi/egs/timit/s5_la3/data-fmllr-tri3/train/data/feats_fmllr_train.9.ark:5112564
mesg0_si1332 /nfs-share/xinchi/kaldi/egs/timit/s5_la3/data-fmllr-tri3/train/data/feats_fmllr_train.5.ark:12972831
mstf0_si1396 /nfs-share/xinchi/kaldi/egs/timit/s5_la3/data-fmllr-tri3/train/data/feats_fmllr_train.9.ark:17729943
marw0_sx376 /nfs-share/xinchi/kaldi/egs/timit/s5_la3/data-fmllr-tri3/train/data/feats_fmllr_train.4.ark:3328821
fmkf0_sx96 /nfs-share/xinchi/kaldi/egs/timit/s5_la3/data-fmllr-tri3/train/data/feats_fmllr_train.2.ark:17483781
fsbk0_si1069 /nfs-share/xinchi/kaldi/egs/timit/s5_la3/data-fmllr-tri3/train/data/feats_fmllr_train.3.ark:6333883
mmwb0_sx359 /nfs-share/xinchi/kaldi/egs/timit/s5_la3/data-fmllr-tri3/train/data/feats_fmllr_train.8.ark:3742905
fjlg0_si1889 /nfs-share/xinchi/kaldi/egs/timit/s5_la3/data-fmllr-tri3/train/data/feats_fmllr_train.2.ark:1638832
flmk0_si1035 /nfs-share/xinchi/kaldi/egs/timit/s5_la3/data-fmllr-tri3/train/data/feats_fmllr_train.2.ark:13204142
mesj0_si997 /nfs-share/xinchi/kaldi/egs/timit/s5_la3/data-fmllr-tri3/train/data/feats_fmllr_train.5.ark:13467183
mjjj0_sx353 /nfs-share/xinchi/kaldi/egs/timit/s5_la3/data-fmllr-tri3/train/data/feats_fmllr_train.6.ark:13027145
fpab1_sx301 /nfs-share/xinchi/kaldi/egs/timit/s5_la3/data-fmllr-tri3/train/data/feats_fmllr_train.3.ark:1059302
mjfr0_si2235 /nfs-share/xinchi/kaldi/egs/timit/s5_la3/data-fmllr-tri3/train/data/feats_fmllr_train.6.ark:11575986
mrgm0_si1162 /nfs-share/xinchi/kaldi/egs/timit/s5_la3/data-fmllr-tri3/train/data/feats_fmllr_train.8.ark:17486421
msjk0_sx336 /nfs-share/xinchi/kaldi/egs/timit/s5_la3/data-fmllr-tri3/train/data/feats_fmllr_train.9.ark:15666219
fkkh0_si1920 /nfs-share/xinchi/kaldi/egs/timit/s5_la3/data-fmllr-tri3/train/data/feats_fmllr_train.2.ark:6962455
mrcg0_sx348 /nfs-share/xinchi/kaldi/egs/timit/s5_la3/data-fmllr-tri3/train/data/feats_fmllr_train.8.ark:13506408
fsak0_sx40 /nfs-share/xinchi/kaldi/egs/timit/s5_la3/data-fmllr-tri3/train/data/feats_fmllr_train.3.ark:6244388
mhmr0_si489 /nfs-share/xinchi/kaldi/egs/timit/s5_la3/data-fmllr-tri3/train/data/feats_fmllr_train.6.ark:5070566
mgxp0_si457 /nfs-share/xinchi/kaldi/egs/timit/s5_la3/data-fmllr-tri3/train/data/feats_fmllr_train.6.ark:3218895
fdas1_si2091 /nfs-share/xinchi/kaldi/egs/timit/s5_la3/data-fmllr-tri3/train/data/feats_fmllr_train.1.ark:9407647
fgcs0_si1486 /nfs-share/xinchi/kaldi/egs/timit/s5_la3/data-fmllr-tri3/train/data/feats_fmllr_train.1.ark:16249234
mcef0_sx325 /nfs-share/xinchi/kaldi/egs/timit/s5_la3/data-fmllr-tri3/train/data/feats_fmllr_train.4.ark:10361368
fspm0_sx161 /nfs-share/xinchi/kaldi/egs/timit/s5_la3/data-fmllr-tri3/train/data/feats_fmllr_train.3.ark:12860799
mdks0_sx256 /nfs-share/xinchi/kaldi/egs/timit/s5_la3/data-fmllr-tri3/train/data/feats_fmllr_train.5.ark:2110648
mdps0_sx359 /nfs-share/xinchi/kaldi/egs/timit/s5_la3/data-fmllr-tri3/train/data/feats_fmllr_train.5.ark:7619474
fblv0_si1058 /nfs-share/xinchi/kaldi/egs/timit/s5_la3/data-fmllr-tri3/train/data/feats_fmllr_train.1.ark:3664362
mefg0_sx15 /nfs-share/xinchi/kaldi/egs/timit/s5_la3/data-fmllr-tri3/train/data/feats_fmllr_train.5.ark:11646473
fcke0_si1741 /nfs-share/xinchi/kaldi/egs/timit/s5_la3/data-fmllr-tri3/train/data/feats_fmllr_train.1.ark:7077864
mctm0_sx180 /nfs-share/xinchi/kaldi/egs/timit/s5_la3/data-fmllr-tri3/train/data/feats_fmllr_train.4.ark:13776707
fcag0_sx153 /nfs-share/xinchi/kaldi/egs/timit/s5_la3/data-fmllr-tri3/train/data/feats_fmllr_train.1.ark:4988456
mrfl0_sx256 /nfs-share/xinchi/kaldi/egs/timit/s5_la3/data-fmllr-tri3/train/data/feats_fmllr_train.8.ark:17293513
mbbr0_si2315 /nfs-share/xinchi/kaldi/egs/timit/s5_la3/data-fmllr-tri3/train/data/feats_fmllr_train.4.ark:3863842
mdjm0_sx15 /nfs-share/xinchi/kaldi/egs/timit/s5_la3/data-fmllr-tri3/train/data/feats_fmllr_train.5.ark:1763869
fljg0_si1611 /nfs-share/xinchi/kaldi/egs/timit/s5_la3/data-fmllr-tri3/train/data/feats_fmllr_train.2.ark:11583595
mrem0_si1591 /nfs-share/xinchi/kaldi/egs/timit/s5_la3/data-fmllr-tri3/train/data/feats_fmllr_train.8.ark:15967633
mjde0_sx130 /nfs-share/xinchi/kaldi/egs/timit/s5_la3/data-fmllr-tri3/train/data/feats_fmllr_train.6.ark:8942360
mrjm0_si1095 /nfs-share/xinchi/kaldi/egs/timit/s5_la3/data-fmllr-tri3/train/data/feats_fmllr_train.9.ark:1700559
fcmm0_sx273 /nfs-share/xinchi/kaldi/egs/timit/s5_la3/data-fmllr-tri3/train/data/feats_fmllr_train.1.ark:8376837
fmem0_si747 /nfs-share/xinchi/kaldi/egs/timit/s5_la3/data-fmllr-tri3/train/data/feats_fmllr_train.2.ark:15209124
mwdk0_sx356 /nfs-share/xinchi/kaldi/egs/timit/s5_la3/data-fmllr-tri3/train/data/feats_fmllr_train.10.ark:15117519
flag0_si1464 /nfs-share/xinchi/kaldi/egs/timit/s5_la3/data-fmllr-tri3/train/data/feats_fmllr_train.2.ark:9220850
fspm0_sx71 /nfs-share/xinchi/kaldi/egs/timit/s5_la3/data-fmllr-tri3/train/data/feats_fmllr_train.3.ark:13084586
mrlr0_sx116 /nfs-share/xinchi/kaldi/egs/timit/s5_la3/data-fmllr-tri3/train/data/feats_fmllr_train.9.ark:4947657
mkdd0_sx397 /nfs-share/xinchi/kaldi/egs/timit/s5_la3/data-fmllr-tri3/train/data/feats_fmllr_train.7.ark:6273536
mmar0_sx256 /nfs-share/xinchi/kaldi/egs/timit/s5_la3/data-fmllr-tri3/train/data/feats_fmllr_train.7.ark:14439936
fcke0_si481 /nfs-share/xinchi/kaldi/egs/timit/s5_la3/data-fmllr-tri3/train/data/feats_fmllr_train.1.ark:7149091
mwsh0_si1426 /nfs-share/xinchi/kaldi/egs/timit/s5_la3/data-fmllr-tri3/train/data/feats_fmllr_train.10.ark:17135164
mdks0_sx76 /nfs-share/xinchi/kaldi/egs/timit/s5_la3/data-fmllr-tri3/train/data/feats_fmllr_train.5.ark:2257768
fjxm0_sx401 /nfs-share/xinchi/kaldi/egs/timit/s5_la3/data-fmllr-tri3/train/data/feats_fmllr_train.2.ark:4704807
mpgr0_si780 /nfs-share/xinchi/kaldi/egs/timit/s5_la3/data-fmllr-tri3/train/data/feats_fmllr_train.8.ark:7244190
fmmh0_sx97 /nfs-share/xinchi/kaldi/egs/timit/s5_la3/data-fmllr-tri3/train/data/feats_fmllr_train.2.ark:17889436
msrr0_sx30 /nfs-share/xinchi/kaldi/egs/timit/s5_la3/data-fmllr-tri3/train/data/feats_fmllr_train.9.ark:17604582
mcdr0_si524 /nfs-share/xinchi/kaldi/egs/timit/s5_la3/data-fmllr-tri3/train/data/feats_fmllr_train.4.ark:9831310
mree0_sx114 /nfs-share/xinchi/kaldi/egs/timit/s5_la3/data-fmllr-tri3/train/data/feats_fmllr_train.8.ark:15321681
feeh0_sx212 /nfs-share/xinchi/kaldi/egs/timit/s5_la3/data-fmllr-tri3/train/data/feats_fmllr_train.1.ark:14798074
fapb0_sx253 /nfs-share/xinchi/kaldi/egs/timit/s5_la3/data-fmllr-tri3/train/data/feats_fmllr_train.1.ark:1818106
mmws0_sx438 /nfs-share/xinchi/kaldi/egs/timit/s5_la3/data-fmllr-tri3/train/data/feats_fmllr_train.8.ark:4208748
mcdd0_sx163 /nfs-share/xinchi/kaldi/egs/timit/s5_la3/data-fmllr-tri3/train/data/feats_fmllr_train.4.ark:9474800
mgrl0_sx417 /nfs-share/xinchi/kaldi/egs/timit/s5_la3/data-fmllr-tri3/train/data/feats_fmllr_train.6.ark:1797046
mtdb0_sx141 /nfs-share/xinchi/kaldi/egs/timit/s5_la3/data-fmllr-tri3/train/data/feats_fmllr_train.10.ark:2999694
mrms0_si2100 /nfs-share/xinchi/kaldi/egs/timit/s5_la3/data-fmllr-tri3/train/data/feats_fmllr_train.9.ark:6872078
mbwp0_sx259 /nfs-share/xinchi/kaldi/egs/timit/s5_la3/data-fmllr-tri3/train/data/feats_fmllr_train.4.ark:7873961
mgsl0_sx444 /nfs-share/xinchi/kaldi/egs/timit/s5_la3/data-fmllr-tri3/train/data/feats_fmllr_train.6.ark:3032734
marw0_sx16 /nfs-share/xinchi/kaldi/egs/timit/s5_la3/data-fmllr-tri3/train/data/feats_fmllr_train.4.ark:3135300
mmrp0_si2034 /nfs-share/xinchi/kaldi/egs/timit/s5_la3/data-fmllr-tri3/train/data/feats_fmllr_train.8.ark:2152358
fsjk1_sx215 /nfs-share/xinchi/kaldi/egs/timit/s5_la3/data-fmllr-tri3/train/data/feats_fmllr_train.3.ark:8999775
mhxl0_si612 /nfs-share/xinchi/kaldi/egs/timit/s5_la3/data-fmllr-tri3/train/data/feats_fmllr_train.6.ark:5812439
mpgr1_sx419 /nfs-share/xinchi/kaldi/egs/timit/s5_la3/data-fmllr-tri3/train/data/feats_fmllr_train.8.ark:7803396
mgrl0_sx327 /nfs-share/xinchi/kaldi/egs/timit/s5_la3/data-fmllr-tri3/train/data/feats_fmllr_train.6.ark:1709659
fdxw0_sx251 /nfs-share/xinchi/kaldi/egs/timit/s5_la3/data-fmllr-tri3/train/data/feats_fmllr_train.1.ark:13175766
fjlg0_si1506 /nfs-share/xinchi/kaldi/egs/timit/s5_la3/data-fmllr-tri3/train/data/feats_fmllr_train.2.ark:1614004
mdlh0_si700 /nfs-share/xinchi/kaldi/egs/timit/s5_la3/data-fmllr-tri3/train/data/feats_fmllr_train.5.ark:3995999
fdas1_si1461 /nfs-share/xinchi/kaldi/egs/timit/s5_la3/data-fmllr-tri3/train/data/feats_fmllr_train.1.ark:9329219
mdef0_sx213 /nfs-share/xinchi/kaldi/egs/timit/s5_la3/data-fmllr-tri3/train/data/feats_fmllr_train.5.ark:202843
feac0_sx255 /nfs-share/xinchi/kaldi/egs/timit/s5_la3/data-fmllr-tri3/train/data/feats_fmllr_train.1.ark:13557743
mjls0_sx376 /nfs-share/xinchi/kaldi/egs/timit/s5_la3/data-fmllr-tri3/train/data/feats_fmllr_train.6.ark:15009724
mdpb0_sx146 /nfs-share/xinchi/kaldi/egs/timit/s5_la3/data-fmllr-tri3/train/data/feats_fmllr_train.5.ark:6857066
mjjb0_sx419 /nfs-share/xinchi/kaldi/egs/timit/s5_la3/data-fmllr-tri3/train/data/feats_fmllr_train.6.ark:12641195
frll0_sx344 /nfs-share/xinchi/kaldi/egs/timit/s5_la3/data-fmllr-tri3/train/data/feats_fmllr_train.3.ark:4964671
mjde0_si1120 /nfs-share/xinchi/kaldi/egs/timit/s5_la3/data-fmllr-tri3/train/data/feats_fmllr_train.6.ark:8727719
fmkc0_si1072 /nfs-share/xinchi/kaldi/egs/timit/s5_la3/data-fmllr-tri3/train/data/feats_fmllr_train.2.ark:16805484
mefg0_sx375 /nfs-share/xinchi/kaldi/egs/timit/s5_la3/data-fmllr-tri3/train/data/feats_fmllr_train.5.ark:11770074
mrai0_sx432 /nfs-share/xinchi/kaldi/egs/timit/s5_la3/data-fmllr-tri3/train/data/feats_fmllr_train.8.ark:12031325
mrml0_sx161 /nfs-share/xinchi/kaldi/egs/timit/s5_la3/data-fmllr-tri3/train/data/feats_fmllr_train.9.ark:6430287
mwch0_sx92 /nfs-share/xinchi/kaldi/egs/timit/s5_la3/data-fmllr-tri3/train/data/feats_fmllr_train.10.ark:14825035
msmc0_si509 /nfs-share/xinchi/kaldi/egs/timit/s5_la3/data-fmllr-tri3/train/data/feats_fmllr_train.9.ark:15868407
mcae0_sx277 /nfs-share/xinchi/kaldi/egs/timit/s5_la3/data-fmllr-tri3/train/data/feats_fmllr_train.4.ark:8387938
mdrd0_sx212 /nfs-share/xinchi/kaldi/egs/timit/s5_la3/data-fmllr-tri3/train/data/feats_fmllr_train.5.ark:7995664
fntb0_sx123 /nfs-share/xinchi/kaldi/egs/timit/s5_la3/data-fmllr-tri3/train/data/feats_fmllr_train.3.ark:538071
mdns0_si2271 /nfs-share/xinchi/kaldi/egs/timit/s5_la3/data-fmllr-tri3/train/data/feats_fmllr_train.5.ark:6360795
mhmr0_sx219 /nfs-share/xinchi/kaldi/egs/timit/s5_la3/data-fmllr-tri3/train/data/feats_fmllr_train.6.ark:5170300
msjk0_sx426 /nfs-share/xinchi/kaldi/egs/timit/s5_la3/data-fmllr-tri3/train/data/feats_fmllr_train.9.ark:15732806
fdfb0_si2010 /nfs-share/xinchi/kaldi/egs/timit/s5_la3/data-fmllr-tri3/train/data/feats_fmllr_train.1.ark:10230990
mrre0_sx74 /nfs-share/xinchi/kaldi/egs/timit/s5_la3/data-fmllr-tri3/train/data/feats_fmllr_train.9.ark:7824806
mtpg0_sx213 /nfs-share/xinchi/kaldi/egs/timit/s5_la3/data-fmllr-tri3/train/data/feats_fmllr_train.10.ark:9004097
mpgr0_si1410 /nfs-share/xinchi/kaldi/egs/timit/s5_la3/data-fmllr-tri3/train/data/feats_fmllr_train.8.ark:7151815
fhxs0_sx355 /nfs-share/xinchi/kaldi/egs/timit/s5_la3/data-fmllr-tri3/train/data/feats_fmllr_train.1.ark:18707418
mjxa0_sx67 /nfs-share/xinchi/kaldi/egs/timit/s5_la3/data-fmllr-tri3/train/data/feats_fmllr_train.7.ark:3561298
fsrh0_sx311 /nfs-share/xinchi/kaldi/egs/timit/s5_la3/data-fmllr-tri3/train/data/feats_fmllr_train.3.ark:13324910
mbth0_sx32 /nfs-share/xinchi/kaldi/egs/timit/s5_la3/data-fmllr-tri3/train/data/feats_fmllr_train.4.ark:7612197
fvmh0_sx296 /nfs-share/xinchi/kaldi/egs/timit/s5_la3/data-fmllr-tri3/train/data/feats_fmllr_train.3.ark:16784809
mrgm0_sx172 /nfs-share/xinchi/kaldi/egs/timit/s5_la3/data-fmllr-tri3/train/data/feats_fmllr_train.8.ark:17673703
mded0_si1800 /nfs-share/xinchi/kaldi/egs/timit/s5_la3/data-fmllr-tri3/train/data/feats_fmllr_train.4.ark:17047404
mrlk0_sx123 /nfs-share/xinchi/kaldi/egs/timit/s5_la3/data-fmllr-tri3/train/data/feats_fmllr_train.9.ark:4587120
mppc0_si2042 /nfs-share/xinchi/kaldi/egs/timit/s5_la3/data-fmllr-tri3/train/data/feats_fmllr_train.8.ark:8622255
mafm0_sx399 /nfs-share/xinchi/kaldi/egs/timit/s5_la3/data-fmllr-tri3/train/data/feats_fmllr_train.4.ark:1026077
mvrw0_sx225 /nfs-share/xinchi/kaldi/egs/timit/s5_la3/data-fmllr-tri3/train/data/feats_fmllr_train.10.ark:13271444
mjws0_sx243 /nfs-share/xinchi/kaldi/egs/timit/s5_la3/data-fmllr-tri3/train/data/feats_fmllr_train.7.ark:2592944
mrcg0_si798 /nfs-share/xinchi/kaldi/egs/timit/s5_la3/data-fmllr-tri3/train/data/feats_fmllr_train.8.ark:13347447
mrwa0_sx163 /nfs-share/xinchi/kaldi/egs/timit/s5_la3/data-fmllr-tri3/train/data/feats_fmllr_train.9.ark:10142002
mddc0_sx249 /nfs-share/xinchi/kaldi/egs/timit/s5_la3/data-fmllr-tri3/train/data/feats_fmllr_train.4.ark:16840388
mpfu0_si1888 /nfs-share/xinchi/kaldi/egs/timit/s5_la3/data-fmllr-tri3/train/data/feats_fmllr_train.8.ark:6495090
mrgs0_si1356 /nfs-share/xinchi/kaldi/egs/timit/s5_la3/data-fmllr-tri3/train/data/feats_fmllr_train.9.ark:13
mgrp0_sx417 /nfs-share/xinchi/kaldi/egs/timit/s5_la3/data-fmllr-tri3/train/data/feats_fmllr_train.6.ark:2202223
mntw0_sx78 /nfs-share/xinchi/kaldi/egs/timit/s5_la3/data-fmllr-tri3/train/data/feats_fmllr_train.8.ark:5697640
mkxl0_si1185 /nfs-share/xinchi/kaldi/egs/timit/s5_la3/data-fmllr-tri3/train/data/feats_fmllr_train.7.ark:9755998
mtmn0_sx434 /nfs-share/xinchi/kaldi/egs/timit/s5_la3/data-fmllr-tri3/train/data/feats_fmllr_train.10.ark:7982700
mkxl0_sx15 /nfs-share/xinchi/kaldi/egs/timit/s5_la3/data-fmllr-tri3/train/data/feats_fmllr_train.7.ark:9968427
mjde0_si490 /nfs-share/xinchi/kaldi/egs/timit/s5_la3/data-fmllr-tri3/train/data/feats_fmllr_train.6.ark:8860573
falk0_sx366 /nfs-share/xinchi/kaldi/egs/timit/s5_la3/data-fmllr-tri3/train/data/feats_fmllr_train.1.ark:1064740
mrxb0_si955 /nfs-share/xinchi/kaldi/egs/timit/s5_la3/data-fmllr-tri3/train/data/feats_fmllr_train.9.ark:10816489
mdjm0_sx375 /nfs-share/xinchi/kaldi/egs/timit/s5_la3/data-fmllr-tri3/train/data/feats_fmllr_train.5.ark:1880910
fmju0_si759 /nfs-share/xinchi/kaldi/egs/timit/s5_la3/data-fmllr-tri3/train/data/feats_fmllr_train.2.ark:16439054
mrcw0_si1371 /nfs-share/xinchi/kaldi/egs/timit/s5_la3/data-fmllr-tri3/train/data/feats_fmllr_train.8.ark:13699929
mrso0_sx219 /nfs-share/xinchi/kaldi/egs/timit/s5_la3/data-fmllr-tri3/train/data/feats_fmllr_train.9.ark:8121104
fbas0_si2066 /nfs-share/xinchi/kaldi/egs/timit/s5_la3/data-fmllr-tri3/train/data/feats_fmllr_train.1.ark:2181150
mrdd0_sx330 /nfs-share/xinchi/kaldi/egs/timit/s5_la3/data-fmllr-tri3/train/data/feats_fmllr_train.8.ark:14306870
fvmh0_sx26 /nfs-share/xinchi/kaldi/egs/timit/s5_la3/data-fmllr-tri3/train/data/feats_fmllr_train.3.ark:16751982
mjma0_si1495 /nfs-share/xinchi/kaldi/egs/timit/s5_la3/data-fmllr-tri3/train/data/feats_fmllr_train.6.ark:15057912
mkln0_si1598 /nfs-share/xinchi/kaldi/egs/timit/s5_la3/data-fmllr-tri3/train/data/feats_fmllr_train.7.ark:7492614
feme0_sx155 /nfs-share/xinchi/kaldi/egs/timit/s5_la3/data-fmllr-tri3/train/data/feats_fmllr_train.1.ark:15155704
mtrt0_sx57 /nfs-share/xinchi/kaldi/egs/timit/s5_la3/data-fmllr-tri3/train/data/feats_fmllr_train.10.ark:11511558
mree0_sx204 /nfs-share/xinchi/kaldi/egs/timit/s5_la3/data-fmllr-tri3/train/data/feats_fmllr_train.8.ark:15363948
mbjv0_si617 /nfs-share/xinchi/kaldi/egs/timit/s5_la3/data-fmllr-tri3/train/data/feats_fmllr_train.4.ark:5279749
fjsp0_sx174 /nfs-share/xinchi/kaldi/egs/timit/s5_la3/data-fmllr-tri3/train/data/feats_fmllr_train.2.ark:3787973
mkln0_sx338 /nfs-share/xinchi/kaldi/egs/timit/s5_la3/data-fmllr-tri3/train/data/feats_fmllr_train.7.ark:7713390
mkdb0_sx332 /nfs-share/xinchi/kaldi/egs/timit/s5_la3/data-fmllr-tri3/train/data/feats_fmllr_train.7.ark:5785586
mtrr0_sx378 /nfs-share/xinchi/kaldi/egs/timit/s5_la3/data-fmllr-tri3/train/data/feats_fmllr_train.10.ark:11132621
mwsb0_sx96 /nfs-share/xinchi/kaldi/egs/timit/s5_la3/data-fmllr-tri3/train/data/feats_fmllr_train.10.ark:17095456
mkdb0_sx152 /nfs-share/xinchi/kaldi/egs/timit/s5_la3/data-fmllr-tri3/train/data/feats_fmllr_train.7.ark:5688572
mbar0_sx149 /nfs-share/xinchi/kaldi/egs/timit/s5_la3/data-fmllr-tri3/train/data/feats_fmllr_train.4.ark:3512771
msrg0_sx411 /nfs-share/xinchi/kaldi/egs/timit/s5_la3/data-fmllr-tri3/train/data/feats_fmllr_train.9.ark:17258633
mdss0_si1881 /nfs-share/xinchi/kaldi/egs/timit/s5_la3/data-fmllr-tri3/train/data/feats_fmllr_train.5.ark:8596309
fbjl0_sx382 /nfs-share/xinchi/kaldi/egs/timit/s5_la3/data-fmllr-tri3/train/data/feats_fmllr_train.1.ark:3614254
mprt0_sx400 /nfs-share/xinchi/kaldi/egs/timit/s5_la3/data-fmllr-tri3/train/data/feats_fmllr_train.8.ark:10590963
fecd0_si788 /nfs-share/xinchi/kaldi/egs/timit/s5_la3/data-fmllr-tri3/train/data/feats_fmllr_train.1.ark:14266443
fclt0_sx88 /nfs-share/xinchi/kaldi/egs/timit/s5_la3/data-fmllr-tri3/train/data/feats_fmllr_train.1.ark:7724962
flmk0_sx45 /nfs-share/xinchi/kaldi/egs/timit/s5_la3/data-fmllr-tri3/train/data/feats_fmllr_train.2.ark:13539852
mmar0_si706 /nfs-share/xinchi/kaldi/egs/timit/s5_la3/data-fmllr-tri3/train/data/feats_fmllr_train.7.ark:14318122
fvmh0_si1466 /nfs-share/xinchi/kaldi/egs/timit/s5_la3/data-fmllr-tri3/train/data/feats_fmllr_train.3.ark:16493127
mrds0_si537 /nfs-share/xinchi/kaldi/egs/timit/s5_la3/data-fmllr-tri3/train/data/feats_fmllr_train.8.ark:14869436
fpmy0_sx163 /nfs-share/xinchi/kaldi/egs/timit/s5_la3/data-fmllr-tri3/train/data/feats_fmllr_train.3.ark:3776446
ftbr0_sx201 /nfs-share/xinchi/kaldi/egs/timit/s5_la3/data-fmllr-tri3/train/data/feats_fmllr_train.3.ark:14429854
mdss1_sx427 /nfs-share/xinchi/kaldi/egs/timit/s5_la3/data-fmllr-tri3/train/data/feats_fmllr_train.5.ark:9169329
fcrz0_si793 /nfs-share/xinchi/kaldi/egs/timit/s5_la3/data-fmllr-tri3/train/data/feats_fmllr_train.1.ark:8665800
mtwh1_sx342 /nfs-share/xinchi/kaldi/egs/timit/s5_la3/data-fmllr-tri3/train/data/feats_fmllr_train.10.ark:11759082
fjxm0_sx41 /nfs-share/xinchi/kaldi/egs/timit/s5_la3/data-fmllr-tri3/train/data/feats_fmllr_train.2.ark:4761313
mljc0_sx415 /nfs-share/xinchi/kaldi/egs/timit/s5_la3/data-fmllr-tri3/train/data/feats_fmllr_train.7.ark:11238733
mjrh0_sx135 /nfs-share/xinchi/kaldi/egs/timit/s5_la3/data-fmllr-tri3/train/data/feats_fmllr_train.7.ark:164736
mpmb0_sx421 /nfs-share/xinchi/kaldi/egs/timit/s5_la3/data-fmllr-tri3/train/data/feats_fmllr_train.8.ark:8371133
fgmb0_si1775 /nfs-share/xinchi/kaldi/egs/timit/s5_la3/data-fmllr-tri3/train/data/feats_fmllr_train.1.ark:17137216
fpmy0_si1783 /nfs-share/xinchi/kaldi/egs/timit/s5_la3/data-fmllr-tri3/train/data/feats_fmllr_train.3.ark:3639272
fdjh0_sx215 /nfs-share/xinchi/kaldi/egs/timit/s5_la3/data-fmllr-tri3/train/data/feats_fmllr_train.1.ark:10664861
fvkb0_sx349 /nfs-share/xinchi/kaldi/egs/timit/s5_la3/data-fmllr-tri3/train/data/feats_fmllr_train.3.ark:16318486
mrdd0_sx150 /nfs-share/xinchi/kaldi/egs/timit/s5_la3/data-fmllr-tri3/train/data/feats_fmllr_train.8.ark:14194789
mtqc0_si2071 /nfs-share/xinchi/kaldi/egs/timit/s5_la3/data-fmllr-tri3/train/data/feats_fmllr_train.10.ark:10067867
mjee0_sx247 /nfs-share/xinchi/kaldi/egs/timit/s5_la3/data-fmllr-tri3/train/data/feats_fmllr_train.6.ark:11003153
mlns0_sx417 /nfs-share/xinchi/kaldi/egs/timit/s5_la3/data-fmllr-tri3/train/data/feats_fmllr_train.7.ark:12090207
mtbc0_si1173 /nfs-share/xinchi/kaldi/egs/timit/s5_la3/data-fmllr-tri3/train/data/feats_fmllr_train.10.ark:2067018
mkls1_si1545 /nfs-share/xinchi/kaldi/egs/timit/s5_la3/data-fmllr-tri3/train/data/feats_fmllr_train.7.ark:8621747
mcae0_si817 /nfs-share/xinchi/kaldi/egs/timit/s5_la3/data-fmllr-tri3/train/data/feats_fmllr_train.4.ark:8285644
mjma0_si2125 /nfs-share/xinchi/kaldi/egs/timit/s5_la3/data-fmllr-tri3/train/data/feats_fmllr_train.6.ark:15104980
fdkn0_sx361 /nfs-share/xinchi/kaldi/egs/timit/s5_la3/data-fmllr-tri3/train/data/feats_fmllr_train.1.ark:11112306
mljc0_si1855 /nfs-share/xinchi/kaldi/egs/timit/s5_la3/data-fmllr-tri3/train/data/feats_fmllr_train.7.ark:11026438
mpar0_si946 /nfs-share/xinchi/kaldi/egs/timit/s5_la3/data-fmllr-tri3/train/data/feats_fmllr_train.8.ark:5822843
mrpc1_sx402 /nfs-share/xinchi/kaldi/egs/timit/s5_la3/data-fmllr-tri3/train/data/feats_fmllr_train.9.ark:7345684
mtlc0_si1477 /nfs-share/xinchi/kaldi/egs/timit/s5_la3/data-fmllr-tri3/train/data/feats_fmllr_train.10.ark:6957650
mrjh0_si914 /nfs-share/xinchi/kaldi/egs/timit/s5_la3/data-fmllr-tri3/train/data/feats_fmllr_train.9.ark:1389197
fsbk0_si2329 /nfs-share/xinchi/kaldi/egs/timit/s5_la3/data-fmllr-tri3/train/data/feats_fmllr_train.3.ark:6421299
mmdm0_si681 /nfs-share/xinchi/kaldi/egs/timit/s5_la3/data-fmllr-tri3/train/data/feats_fmllr_train.7.ark:16349127
mjpm0_sx198 /nfs-share/xinchi/kaldi/egs/timit/s5_la3/data-fmllr-tri3/train/data/feats_fmllr_train.6.ark:16688516
mrds0_si1797 /nfs-share/xinchi/kaldi/egs/timit/s5_la3/data-fmllr-tri3/train/data/feats_fmllr_train.8.ark:14817409
mrbc0_si1665 /nfs-share/xinchi/kaldi/egs/timit/s5_la3/data-fmllr-tri3/train/data/feats_fmllr_train.8.ark:12855815
mrdm0_si1595 /nfs-share/xinchi/kaldi/egs/timit/s5_la3/data-fmllr-tri3/train/data/feats_fmllr_train.8.ark:14477032
flet0_si1137 /nfs-share/xinchi/kaldi/egs/timit/s5_la3/data-fmllr-tri3/train/data/feats_fmllr_train.2.ark:10052325
mtmn0_sx164 /nfs-share/xinchi/kaldi/egs/timit/s5_la3/data-fmllr-tri3/train/data/feats_fmllr_train.10.ark:7856379
mrcg0_si2058 /nfs-share/xinchi/kaldi/egs/timit/s5_la3/data-fmllr-tri3/train/data/feats_fmllr_train.8.ark:13305180
marc0_sx108 /nfs-share/xinchi/kaldi/egs/timit/s5_la3/data-fmllr-tri3/train/data/feats_fmllr_train.4.ark:2775057
mrfl0_si1786 /nfs-share/xinchi/kaldi/egs/timit/s5_la3/data-fmllr-tri3/train/data/feats_fmllr_train.8.ark:17126712
mmgc0_sx135 /nfs-share/xinchi/kaldi/egs/timit/s5_la3/data-fmllr-tri3/train/data/feats_fmllr_train.8.ark:150016
flja0_si1078 /nfs-share/xinchi/kaldi/egs/timit/s5_la3/data-fmllr-tri3/train/data/feats_fmllr_train.2.ark:10780920
mjkr0_si571 /nfs-share/xinchi/kaldi/egs/timit/s5_la3/data-fmllr-tri3/train/data/feats_fmllr_train.6.ark:13664778
mdlb0_sx316 /nfs-share/xinchi/kaldi/egs/timit/s5_la3/data-fmllr-tri3/train/data/feats_fmllr_train.5.ark:2620812
mrjh0_sx259 /nfs-share/xinchi/kaldi/egs/timit/s5_la3/data-fmllr-tri3/train/data/feats_fmllr_train.9.ark:1496451
mdpk0_si1683 /nfs-share/xinchi/kaldi/egs/timit/s5_la3/data-fmllr-tri3/train/data/feats_fmllr_train.5.ark:7125709
mprb0_si1205 /nfs-share/xinchi/kaldi/egs/timit/s5_la3/data-fmllr-tri3/train/data/feats_fmllr_train.8.ark:8928844
mdmt0_si572 /nfs-share/xinchi/kaldi/egs/timit/s5_la3/data-fmllr-tri3/train/data/feats_fmllr_train.5.ark:5973245
meal0_sx197 /nfs-share/xinchi/kaldi/egs/timit/s5_la3/data-fmllr-tri3/train/data/feats_fmllr_train.5.ark:10917401
fpaz0_si1593 /nfs-share/xinchi/kaldi/egs/timit/s5_la3/data-fmllr-tri3/train/data/feats_fmllr_train.3.ark:2427075
mjda0_sx131 /nfs-share/xinchi/kaldi/egs/timit/s5_la3/data-fmllr-tri3/train/data/feats_fmllr_train.6.ark:8148007
mrld0_si2224 /nfs-share/xinchi/kaldi/egs/timit/s5_la3/data-fmllr-tri3/train/data/feats_fmllr_train.9.ark:3436014
mjdg0_si1042 /nfs-share/xinchi/kaldi/egs/timit/s5_la3/data-fmllr-tri3/train/data/feats_fmllr_train.6.ark:9246815
mvjh0_sx26 /nfs-share/xinchi/kaldi/egs/timit/s5_la3/data-fmllr-tri3/train/data/feats_fmllr_train.10.ark:12595356
mmjb1_sx238 /nfs-share/xinchi/kaldi/egs/timit/s5_la3/data-fmllr-tri3/train/data/feats_fmllr_train.8.ark:1219975
msfv0_sx182 /nfs-share/xinchi/kaldi/egs/timit/s5_la3/data-fmllr-tri3/train/data/feats_fmllr_train.9.ark:15153788
fsls0_sx246 /nfs-share/xinchi/kaldi/egs/timit/s5_la3/data-fmllr-tri3/train/data/feats_fmllr_train.3.ark:11347825
mrms0_sx120 /nfs-share/xinchi/kaldi/egs/timit/s5_la3/data-fmllr-tri3/train/data/feats_fmllr_train.9.ark:6909225
mtbc0_si543 /nfs-share/xinchi/kaldi/egs/timit/s5_la3/data-fmllr-tri3/train/data/feats_fmllr_train.10.ark:2137473
flkm0_sx440 /nfs-share/xinchi/kaldi/egs/timit/s5_la3/data-fmllr-tri3/train/data/feats_fmllr_train.2.ark:12375654
fcag0_si1503 /nfs-share/xinchi/kaldi/egs/timit/s5_la3/data-fmllr-tri3/train/data/feats_fmllr_train.1.ark:4895413
mjeb0_si656 /nfs-share/xinchi/kaldi/egs/timit/s5_la3/data-fmllr-tri3/train/data/feats_fmllr_train.6.ark:10139625
mrav0_si2268 /nfs-share/xinchi/kaldi/egs/timit/s5_la3/data-fmllr-tri3/train/data/feats_fmllr_train.8.ark:12593253
fsdj0_si1115 /nfs-share/xinchi/kaldi/egs/timit/s5_la3/data-fmllr-tri3/train/data/feats_fmllr_train.3.ark:7578695
mrtj0_sx412 /nfs-share/xinchi/kaldi/egs/timit/s5_la3/data-fmllr-tri3/train/data/feats_fmllr_train.9.ark:9549969
mjjm0_si827 /nfs-share/xinchi/kaldi/egs/timit/s5_la3/data-fmllr-tri3/train/data/feats_fmllr_train.6.ark:13298001
fjlg0_si2306 /nfs-share/xinchi/kaldi/egs/timit/s5_la3/data-fmllr-tri3/train/data/feats_fmllr_train.2.ark:1714060
mdlr1_sx309 /nfs-share/xinchi/kaldi/egs/timit/s5_la3/data-fmllr-tri3/train/data/feats_fmllr_train.5.ark:5324891
mmab1_si1494 /nfs-share/xinchi/kaldi/egs/timit/s5_la3/data-fmllr-tri3/train/data/feats_fmllr_train.7.ark:13001095
mprb0_sx395 /nfs-share/xinchi/kaldi/egs/timit/s5_la3/data-fmllr-tri3/train/data/feats_fmllr_train.8.ark:9330633
fdxw0_sx71 /nfs-share/xinchi/kaldi/egs/timit/s5_la3/data-fmllr-tri3/train/data/feats_fmllr_train.1.ark:13310566
mrjm1_sx38 /nfs-share/xinchi/kaldi/egs/timit/s5_la3/data-fmllr-tri3/train/data/feats_fmllr_train.9.ark:2392139
fmjb0_sx7 /nfs-share/xinchi/kaldi/egs/timit/s5_la3/data-fmllr-tri3/train/data/feats_fmllr_train.2.ark:15833448
fear0_si622 /nfs-share/xinchi/kaldi/egs/timit/s5_la3/data-fmllr-tri3/train/data/feats_fmllr_train.1.ark:13817106
mcpm0_sx24 /nfs-share/xinchi/kaldi/egs/timit/s5_la3/data-fmllr-tri3/train/data/feats_fmllr_train.4.ark:12355413
fbmh0_si970 /nfs-share/xinchi/kaldi/egs/timit/s5_la3/data-fmllr-tri3/train/data/feats_fmllr_train.1.ark:4190875
mtlc0_sx127 /nfs-share/xinchi/kaldi/egs/timit/s5_la3/data-fmllr-tri3/train/data/feats_fmllr_train.10.ark:7074184
mrew1_sx60 /nfs-share/xinchi/kaldi/egs/timit/s5_la3/data-fmllr-tri3/train/data/feats_fmllr_train.8.ark:16658758
mrhl0_si2145 /nfs-share/xinchi/kaldi/egs/timit/s5_la3/data-fmllr-tri3/train/data/feats_fmllr_train.9.ark:450176
fsbk0_sx439 /nfs-share/xinchi/kaldi/egs/timit/s5_la3/data-fmllr-tri3/train/data/feats_fmllr_train.3.ark:6640127
mdlr0_sx243 /nfs-share/xinchi/kaldi/egs/timit/s5_la3/data-fmllr-tri3/train/data/feats_fmllr_train.5.ark:4843527
mrmb0_sx321 /nfs-share/xinchi/kaldi/egs/timit/s5_la3/data-fmllr-tri3/train/data/feats_fmllr_train.9.ark:5369528
mjee0_sx337 /nfs-share/xinchi/kaldi/egs/timit/s5_la3/data-fmllr-tri3/train/data/feats_fmllr_train.6.ark:11061420
msds0_sx447 /nfs-share/xinchi/kaldi/egs/timit/s5_la3/data-fmllr-tri3/train/data/feats_fmllr_train.9.ark:13570600
msas0_sx26 /nfs-share/xinchi/kaldi/egs/timit/s5_la3/data-fmllr-tri3/train/data/feats_fmllr_train.9.ark:11727084
fjrp1_sx442 /nfs-share/xinchi/kaldi/egs/timit/s5_la3/data-fmllr-tri3/train/data/feats_fmllr_train.2.ark:3152899
mcdr0_sx74 /nfs-share/xinchi/kaldi/egs/timit/s5_la3/data-fmllr-tri3/train/data/feats_fmllr_train.4.ark:10082004
fdaw0_sx236 /nfs-share/xinchi/kaldi/egs/timit/s5_la3/data-fmllr-tri3/train/data/feats_fmllr_train.1.ark:9966986
mbcg0_sx57 /nfs-share/xinchi/kaldi/egs/timit/s5_la3/data-fmllr-tri3/train/data/feats_fmllr_train.4.ark:4432192
flja0_sx268 /nfs-share/xinchi/kaldi/egs/timit/s5_la3/data-fmllr-tri3/train/data/feats_fmllr_train.2.ark:10991750
mtpf0_sx425 /nfs-share/xinchi/kaldi/egs/timit/s5_la3/data-fmllr-tri3/train/data/feats_fmllr_train.10.ark:8751774
fkde0_si1141 /nfs-share/xinchi/kaldi/egs/timit/s5_la3/data-fmllr-tri3/train/data/feats_fmllr_train.2.ark:5621455
fscn0_sx176 /nfs-share/xinchi/kaldi/egs/timit/s5_la3/data-fmllr-tri3/train/data/feats_fmllr_train.3.ark:6940742
fjen0_sx417 /nfs-share/xinchi/kaldi/egs/timit/s5_la3/data-fmllr-tri3/train/data/feats_fmllr_train.2.ark:747115
mtjm0_si1226 /nfs-share/xinchi/kaldi/egs/timit/s5_la3/data-fmllr-tri3/train/data/feats_fmllr_train.10.ark:4469440
mjxl0_si1172 /nfs-share/xinchi/kaldi/egs/timit/s5_la3/data-fmllr-tri3/train/data/feats_fmllr_train.7.ark:3610126
fvkb0_sx439 /nfs-share/xinchi/kaldi/egs/timit/s5_la3/data-fmllr-tri3/train/data/feats_fmllr_train.3.ark:16395953
mklr0_si2319 /nfs-share/xinchi/kaldi/egs/timit/s5_la3/data-fmllr-tri3/train/data/feats_fmllr_train.7.ark:7958807
mdks0_si1696 /nfs-share/xinchi/kaldi/egs/timit/s5_la3/data-fmllr-tri3/train/data/feats_fmllr_train.5.ark:1955686
mclk0_si2290 /nfs-share/xinchi/kaldi/egs/timit/s5_la3/data-fmllr-tri3/train/data/feats_fmllr_train.4.ark:11392312
mgaw0_sx445 /nfs-share/xinchi/kaldi/egs/timit/s5_la3/data-fmllr-tri3/train/data/feats_fmllr_train.6.ark:682954
mkjo0_sx257 /nfs-share/xinchi/kaldi/egs/timit/s5_la3/data-fmllr-tri3/train/data/feats_fmllr_train.7.ark:7322106
msdb0_si2267 /nfs-share/xinchi/kaldi/egs/timit/s5_la3/data-fmllr-tri3/train/data/feats_fmllr_train.9.ark:12616777
fskl0_si2159 /nfs-share/xinchi/kaldi/egs/timit/s5_la3/data-fmllr-tri3/train/data/feats_fmllr_train.3.ark:10395922
mpgr0_sx60 /nfs-share/xinchi/kaldi/egs/timit/s5_la3/data-fmllr-tri3/train/data/feats_fmllr_train.8.ark:7457284
fbas0_sx127 /nfs-share/xinchi/kaldi/egs/timit/s5_la3/data-fmllr-tri3/train/data/feats_fmllr_train.1.ark:2279417
mrvg0_sx240 /nfs-share/xinchi/kaldi/egs/timit/s5_la3/data-fmllr-tri3/train/data/feats_fmllr_train.9.ark:9817012
fvmh0_sx206 /nfs-share/xinchi/kaldi/egs/timit/s5_la3/data-fmllr-tri3/train/data/feats_fmllr_train.3.ark:16704276
mrtc0_si828 /nfs-share/xinchi/kaldi/egs/timit/s5_la3/data-fmllr-tri3/train/data/feats_fmllr_train.9.ark:8885484
mjai0_sx344 /nfs-share/xinchi/kaldi/egs/timit/s5_la3/data-fmllr-tri3/train/data/feats_fmllr_train.6.ark:7536425
mjls0_sx196 /nfs-share/xinchi/kaldi/egs/timit/s5_la3/data-fmllr-tri3/train/data/feats_fmllr_train.6.ark:14918470
mlel0_sx166 /nfs-share/xinchi/kaldi/egs/timit/s5_la3/data-fmllr-tri3/train/data/feats_fmllr_train.7.ark:10662755
mgaf0_si1282 /nfs-share/xinchi/kaldi/egs/timit/s5_la3/data-fmllr-tri3/train/data/feats_fmllr_train.5.ark:16233825
mlel0_sx436 /nfs-share/xinchi/kaldi/egs/timit/s5_la3/data-fmllr-tri3/train/data/feats_fmllr_train.7.ark:10840436
mtmt0_sx128 /nfs-share/xinchi/kaldi/egs/timit/s5_la3/data-fmllr-tri3/train/data/feats_fmllr_train.10.ark:8227956
mdma0_sx80 /nfs-share/xinchi/kaldi/egs/timit/s5_la3/data-fmllr-tri3/train/data/feats_fmllr_train.5.ark:5889962
fsjg0_si1570 /nfs-share/xinchi/kaldi/egs/timit/s5_la3/data-fmllr-tri3/train/data/feats_fmllr_train.3.ark:8298329
mmdm1_sx243 /nfs-share/xinchi/kaldi/egs/timit/s5_la3/data-fmllr-tri3/train/data/feats_fmllr_train.7.ark:16800758
fssb0_sx182 /nfs-share/xinchi/kaldi/egs/timit/s5_la3/data-fmllr-tri3/train/data/feats_fmllr_train.3.ark:13643314
mkrg0_sx231 /nfs-share/xinchi/kaldi/egs/timit/s5_la3/data-fmllr-tri3/train/data/feats_fmllr_train.7.ark:9633011
mtjm0_sx326 /nfs-share/xinchi/kaldi/egs/timit/s5_la3/data-fmllr-tri3/train/data/feats_fmllr_train.10.ark:4720616
mmdm1_si783 /nfs-share/xinchi/kaldi/egs/timit/s5_la3/data-fmllr-tri3/train/data/feats_fmllr_train.7.ark:16685824
fdfb0_sx238 /nfs-share/xinchi/kaldi/egs/timit/s5_la3/data-fmllr-tri3/train/data/feats_fmllr_train.1.ark:10298724
mafm0_sx39 /nfs-share/xinchi/kaldi/egs/timit/s5_la3/data-fmllr-tri3/train/data/feats_fmllr_train.4.ark:988130
mjjb0_si1277 /nfs-share/xinchi/kaldi/egs/timit/s5_la3/data-fmllr-tri3/train/data/feats_fmllr_train.6.ark:12393539
mreh1_si2229 /nfs-share/xinchi/kaldi/egs/timit/s5_la3/data-fmllr-tri3/train/data/feats_fmllr_train.8.ark:15599284
fcjf0_si648 /nfs-share/xinchi/kaldi/egs/timit/s5_la3/data-fmllr-tri3/train/data/feats_fmllr_train.1.ark:6493137
mklw0_sx41 /nfs-share/xinchi/kaldi/egs/timit/s5_la3/data-fmllr-tri3/train/data/feats_fmllr_train.7.ark:9338154
fcmm0_sx183 /nfs-share/xinchi/kaldi/egs/timit/s5_la3/data-fmllr-tri3/train/data/feats_fmllr_train.1.ark:8344010
mrcg0_si1428 /nfs-share/xinchi/kaldi/egs/timit/s5_la3/data-fmllr-tri3/train/data/feats_fmllr_train.8.ark:13228352
fleh0_sx241 /nfs-share/xinchi/kaldi/egs/timit/s5_la3/data-fmllr-tri3/train/data/feats_fmllr_train.2.ark:9859897
fhxs0_sx175 /nfs-share/xinchi/kaldi/egs/timit/s5_la3/data-fmllr-tri3/train/data/feats_fmllr_train.1.ark:18588164
msat1_si1073 /nfs-share/xinchi/kaldi/egs/timit/s5_la3/data-fmllr-tri3/train/data/feats_fmllr_train.9.ark:12156183
flmk0_si2295 /nfs-share/xinchi/kaldi/egs/timit/s5_la3/data-fmllr-tri3/train/data/feats_fmllr_train.2.ark:13317958
mtml0_sx435 /nfs-share/xinchi/kaldi/egs/timit/s5_la3/data-fmllr-tri3/train/data/feats_fmllr_train.10.ark:7534963
mges0_si851 /nfs-share/xinchi/kaldi/egs/timit/s5_la3/data-fmllr-tri3/train/data/feats_fmllr_train.6.ark:795383
fvfb0_sx132 /nfs-share/xinchi/kaldi/egs/timit/s5_la3/data-fmllr-tri3/train/data/feats_fmllr_train.3.ark:15891335
fjxm0_si1211 /nfs-share/xinchi/kaldi/egs/timit/s5_la3/data-fmllr-tri3/train/data/feats_fmllr_train.2.ark:4400324
mtqc0_sx271 /nfs-share/xinchi/kaldi/egs/timit/s5_la3/data-fmllr-tri3/train/data/feats_fmllr_train.10.ark:10227148
fvfb0_si2292 /nfs-share/xinchi/kaldi/egs/timit/s5_la3/data-fmllr-tri3/train/data/feats_fmllr_train.3.ark:15863628
mwar0_si1675 /nfs-share/xinchi/kaldi/egs/timit/s5_la3/data-fmllr-tri3/train/data/feats_fmllr_train.10.ark:14246735
mcdc0_si662 /nfs-share/xinchi/kaldi/egs/timit/s5_la3/data-fmllr-tri3/train/data/feats_fmllr_train.4.ark:9067356
fpjf0_si1259 /nfs-share/xinchi/kaldi/egs/timit/s5_la3/data-fmllr-tri3/train/data/feats_fmllr_train.3.ark:2873239
fsmm0_sx144 /nfs-share/xinchi/kaldi/egs/timit/s5_la3/data-fmllr-tri3/train/data/feats_fmllr_train.3.ark:12030125
mkag0_si1609 /nfs-share/xinchi/kaldi/egs/timit/s5_la3/data-fmllr-tri3/train/data/feats_fmllr_train.7.ark:4011783
mrlr0_sx26 /nfs-share/xinchi/kaldi/egs/timit/s5_la3/data-fmllr-tri3/train/data/feats_fmllr_train.9.ark:5034270
mmea0_sx398 /nfs-share/xinchi/kaldi/egs/timit/s5_la3/data-fmllr-tri3/train/data/feats_fmllr_train.7.ark:17610552
mtrt0_si1857 /nfs-share/xinchi/kaldi/egs/timit/s5_la3/data-fmllr-tri3/train/data/feats_fmllr_train.10.ark:11267397
msfv0_sx92 /nfs-share/xinchi/kaldi/egs/timit/s5_la3/data-fmllr-tri3/train/data/feats_fmllr_train.9.ark:15360775
mrai0_si792 /nfs-share/xinchi/kaldi/egs/timit/s5_la3/data-fmllr-tri3/train/data/feats_fmllr_train.8.ark:11810097
fclt0_sx268 /nfs-share/xinchi/kaldi/egs/timit/s5_la3/data-fmllr-tri3/train/data/feats_fmllr_train.1.ark:7593042
mdmt0_sx302 /nfs-share/xinchi/kaldi/egs/timit/s5_la3/data-fmllr-tri3/train/data/feats_fmllr_train.5.ark:6144686
msem1_sx90 /nfs-share/xinchi/kaldi/egs/timit/s5_la3/data-fmllr-tri3/train/data/feats_fmllr_train.9.ark:14118523
fjlr0_sx151 /nfs-share/xinchi/kaldi/egs/timit/s5_la3/data-fmllr-tri3/train/data/feats_fmllr_train.2.ark:2135264
fhlm0_si930 /nfs-share/xinchi/kaldi/egs/timit/s5_la3/data-fmllr-tri3/train/data/feats_fmllr_train.1.ark:18029998
mrmb0_sx51 /nfs-share/xinchi/kaldi/egs/timit/s5_la3/data-fmllr-tri3/train/data/feats_fmllr_train.9.ark:5470381
fsah0_sx434 /nfs-share/xinchi/kaldi/egs/timit/s5_la3/data-fmllr-tri3/train/data/feats_fmllr_train.3.ark:5872972
mrgs0_sx6 /nfs-share/xinchi/kaldi/egs/timit/s5_la3/data-fmllr-tri3/train/data/feats_fmllr_train.9.ark:316014
fmpg0_sx342 /nfs-share/xinchi/kaldi/egs/timit/s5_la3/data-fmllr-tri3/train/data/feats_fmllr_train.2.ark:18230720
maeb0_sx450 /nfs-share/xinchi/kaldi/egs/timit/s5_la3/data-fmllr-tri3/train/data/feats_fmllr_train.4.ark:288656
mtmt0_sx398 /nfs-share/xinchi/kaldi/egs/timit/s5_la3/data-fmllr-tri3/train/data/feats_fmllr_train.10.ark:8399103
mmrp0_si717 /nfs-share/xinchi/kaldi/egs/timit/s5_la3/data-fmllr-tri3/train/data/feats_fmllr_train.8.ark:2177185
mjws0_si513 /nfs-share/xinchi/kaldi/egs/timit/s5_la3/data-fmllr-tri3/train/data/feats_fmllr_train.7.ark:2487290
mgaf0_si652 /nfs-share/xinchi/kaldi/egs/timit/s5_la3/data-fmllr-tri3/train/data/feats_fmllr_train.5.ark:16359640
mapv0_sx393 /nfs-share/xinchi/kaldi/egs/timit/s5_la3/data-fmllr-tri3/train/data/feats_fmllr_train.4.ark:2621347
mesg0_sx432 /nfs-share/xinchi/kaldi/egs/timit/s5_la3/data-fmllr-tri3/train/data/feats_fmllr_train.5.ark:13267074
msfh0_sx226 /nfs-share/xinchi/kaldi/egs/timit/s5_la3/data-fmllr-tri3/train/data/feats_fmllr_train.9.ark:14763358
mkam0_si1465 /nfs-share/xinchi/kaldi/egs/timit/s5_la3/data-fmllr-tri3/train/data/feats_fmllr_train.7.ark:5256169
fmbg0_si1790 /nfs-share/xinchi/kaldi/egs/timit/s5_la3/data-fmllr-tri3/train/data/feats_fmllr_train.2.ark:14791121
mhxl0_si1772 /nfs-share/xinchi/kaldi/egs/timit/s5_la3/data-fmllr-tri3/train/data/feats_fmllr_train.6.ark:5723585
mrab0_si1224 /nfs-share/xinchi/kaldi/egs/timit/s5_la3/data-fmllr-tri3/train/data/feats_fmllr_train.8.ark:10934728
fmmh0_si907 /nfs-share/xinchi/kaldi/egs/timit/s5_la3/data-fmllr-tri3/train/data/feats_fmllr_train.2.ark:17652344
fcjf0_sx37 /nfs-share/xinchi/kaldi/egs/timit/s5_la3/data-fmllr-tri3/train/data/feats_fmllr_train.1.ark:6625404
mwrp0_sx273 /nfs-share/xinchi/kaldi/egs/timit/s5_la3/data-fmllr-tri3/train/data/feats_fmllr_train.10.ark:16633883
mrvg0_sx330 /nfs-share/xinchi/kaldi/egs/timit/s5_la3/data-fmllr-tri3/train/data/feats_fmllr_train.9.ark:9858959
mdef0_si1563 /nfs-share/xinchi/kaldi/egs/timit/s5_la3/data-fmllr-tri3/train/data/feats_fmllr_train.5.ark:78761
mbwp0_si709 /nfs-share/xinchi/kaldi/egs/timit/s5_la3/data-fmllr-tri3/train/data/feats_fmllr_train.4.ark:7776147
mhrm0_sx58 /nfs-share/xinchi/kaldi/egs/timit/s5_la3/data-fmllr-tri3/train/data/feats_fmllr_train.6.ark:5670117
mdlc1_sx445 /nfs-share/xinchi/kaldi/egs/timit/s5_la3/data-fmllr-tri3/train/data/feats_fmllr_train.5.ark:3504794
mdtb0_sx300 /nfs-share/xinchi/kaldi/egs/timit/s5_la3/data-fmllr-tri3/train/data/feats_fmllr_train.5.ark:9452239
frll0_si884 /nfs-share/xinchi/kaldi/egs/timit/s5_la3/data-fmllr-tri3/train/data/feats_fmllr_train.3.ark:4818030
ftlg0_sx303 /nfs-share/xinchi/kaldi/egs/timit/s5_la3/data-fmllr-tri3/train/data/feats_fmllr_train.3.ark:15263434
fbcg1_sx82 /nfs-share/xinchi/kaldi/egs/timit/s5_la3/data-fmllr-tri3/train/data/feats_fmllr_train.1.ark:2808221
fsjg0_sx130 /nfs-share/xinchi/kaldi/egs/timit/s5_la3/data-fmllr-tri3/train/data/feats_fmllr_train.3.ark:8493131
mtlc0_si847 /nfs-share/xinchi/kaldi/egs/timit/s5_la3/data-fmllr-tri3/train/data/feats_fmllr_train.10.ark:7032237
mjhi0_si555 /nfs-share/xinchi/kaldi/egs/timit/s5_la3/data-fmllr-tri3/train/data/feats_fmllr_train.6.ark:12024362
mtas0_si2015 /nfs-share/xinchi/kaldi/egs/timit/s5_la3/data-fmllr-tri3/train/data/feats_fmllr_train.10.ark:993915
mtmn0_si2324 /nfs-share/xinchi/kaldi/egs/timit/s5_la3/data-fmllr-tri3/train/data/feats_fmllr_train.10.ark:7707685
mtjg0_si1520 /nfs-share/xinchi/kaldi/egs/timit/s5_la3/data-fmllr-tri3/train/data/feats_fmllr_train.10.ark:4089063
mdtb0_si1200 /nfs-share/xinchi/kaldi/egs/timit/s5_la3/data-fmllr-tri3/train/data/feats_fmllr_train.5.ark:9250983
mtpp0_si1508 /nfs-share/xinchi/kaldi/egs/timit/s5_la3/data-fmllr-tri3/train/data/feats_fmllr_train.10.ark:9160205
fsjg0_sx220 /nfs-share/xinchi/kaldi/egs/timit/s5_la3/data-fmllr-tri3/train/data/feats_fmllr_train.3.ark:8545798
mhit0_sx83 /nfs-share/xinchi/kaldi/egs/timit/s5_la3/data-fmllr-tri3/train/data/feats_fmllr_train.6.ark:4257568
fcag0_si2133 /nfs-share/xinchi/kaldi/egs/timit/s5_la3/data-fmllr-tri3/train/data/feats_fmllr_train.1.ark:4955309
fnkl0_si892 /nfs-share/xinchi/kaldi/egs/timit/s5_la3/data-fmllr-tri3/train/data/feats_fmllr_train.3.ark:81348
msdb0_sx107 /nfs-share/xinchi/kaldi/egs/timit/s5_la3/data-fmllr-tri3/train/data/feats_fmllr_train.9.ark:12648164
mrjm0_sx418 /nfs-share/xinchi/kaldi/egs/timit/s5_la3/data-fmllr-tri3/train/data/feats_fmllr_train.9.ark:1985523
mgsl0_si534 /nfs-share/xinchi/kaldi/egs/timit/s5_la3/data-fmllr-tri3/train/data/feats_fmllr_train.6.ark:2773079
mdlr1_sx399 /nfs-share/xinchi/kaldi/egs/timit/s5_la3/data-fmllr-tri3/train/data/feats_fmllr_train.5.ark:5426384
mgak0_sx316 /nfs-share/xinchi/kaldi/egs/timit/s5_la3/data-fmllr-tri3/train/data/feats_fmllr_train.5.ark:17209115
mmbs0_sx431 /nfs-share/xinchi/kaldi/egs/timit/s5_la3/data-fmllr-tri3/train/data/feats_fmllr_train.7.ark:14995727
mmcc0_si1968 /nfs-share/xinchi/kaldi/egs/timit/s5_la3/data-fmllr-tri3/train/data/feats_fmllr_train.7.ark:15171329
mgxp0_sx277 /nfs-share/xinchi/kaldi/egs/timit/s5_la3/data-fmllr-tri3/train/data/feats_fmllr_train.6.ark:3377216
fcmm0_sx363 /nfs-share/xinchi/kaldi/egs/timit/s5_la3/data-fmllr-tri3/train/data/feats_fmllr_train.1.ark:8416384
mbsb0_si723 /nfs-share/xinchi/kaldi/egs/timit/s5_la3/data-fmllr-tri3/train/data/feats_fmllr_train.4.ark:7093636
fjrb0_sx312 /nfs-share/xinchi/kaldi/egs/timit/s5_la3/data-fmllr-tri3/train/data/feats_fmllr_train.2.ark:2591535
fjen0_sx237 /nfs-share/xinchi/kaldi/egs/timit/s5_la3/data-fmllr-tri3/train/data/feats_fmllr_train.2.ark:628341
mprd0_si801 /nfs-share/xinchi/kaldi/egs/timit/s5_la3/data-fmllr-tri3/train/data/feats_fmllr_train.8.ark:9472156
msrg0_sx51 /nfs-share/xinchi/kaldi/egs/timit/s5_la3/data-fmllr-tri3/train/data/feats_fmllr_train.9.ark:17305059
mdsj0_sx292 /nfs-share/xinchi/kaldi/egs/timit/s5_la3/data-fmllr-tri3/train/data/feats_fmllr_train.5.ark:8430627
msms0_si803 /nfs-share/xinchi/kaldi/egs/timit/s5_la3/data-fmllr-tri3/train/data/feats_fmllr_train.9.ark:16707748
mapv0_si1923 /nfs-share/xinchi/kaldi/egs/timit/s5_la3/data-fmllr-tri3/train/data/feats_fmllr_train.4.ark:2321186
mdsj0_sx382 /nfs-share/xinchi/kaldi/egs/timit/s5_la3/data-fmllr-tri3/train/data/feats_fmllr_train.5.ark:8486174
fsdc0_sx412 /nfs-share/xinchi/kaldi/egs/timit/s5_la3/data-fmllr-tri3/train/data/feats_fmllr_train.3.ark:7493521
mmeb0_sx187 /nfs-share/xinchi/kaldi/egs/timit/s5_la3/data-fmllr-tri3/train/data/feats_fmllr_train.7.ark:17784422
mjlg1_sx22 /nfs-share/xinchi/kaldi/egs/timit/s5_la3/data-fmllr-tri3/train/data/feats_fmllr_train.6.ark:14527213
mcdd0_sx73 /nfs-share/xinchi/kaldi/egs/timit/s5_la3/data-fmllr-tri3/train/data/feats_fmllr_train.4.ark:9647227
mmpm0_sx71 /nfs-share/xinchi/kaldi/egs/timit/s5_la3/data-fmllr-tri3/train/data/feats_fmllr_train.8.ark:2112810
mclk0_sx40 /nfs-share/xinchi/kaldi/egs/timit/s5_la3/data-fmllr-tri3/train/data/feats_fmllr_train.4.ark:11680606
mrjm0_sx328 /nfs-share/xinchi/kaldi/egs/timit/s5_la3/data-fmllr-tri3/train/data/feats_fmllr_train.9.ark:1930136
fmkf0_sx6 /nfs-share/xinchi/kaldi/egs/timit/s5_la3/data-fmllr-tri3/train/data/feats_fmllr_train.2.ark:17445195
fjkl0_sx392 /nfs-share/xinchi/kaldi/egs/timit/s5_la3/data-fmllr-tri3/train/data/feats_fmllr_train.2.ark:1564696
fdxw0_sx431 /nfs-share/xinchi/kaldi/egs/timit/s5_la3/data-fmllr-tri3/train/data/feats_fmllr_train.1.ark:13265740
mjjj0_sx83 /nfs-share/xinchi/kaldi/egs/timit/s5_la3/data-fmllr-tri3/train/data/feats_fmllr_train.6.ark:13121278
mrem0_si511 /nfs-share/xinchi/kaldi/egs/timit/s5_la3/data-fmllr-tri3/train/data/feats_fmllr_train.8.ark:16013900
mklw0_sx311 /nfs-share/xinchi/kaldi/egs/timit/s5_la3/data-fmllr-tri3/train/data/feats_fmllr_train.7.ark:9216981
mkdt0_si893 /nfs-share/xinchi/kaldi/egs/timit/s5_la3/data-fmllr-tri3/train/data/feats_fmllr_train.7.ark:6433458
mdef0_sx303 /nfs-share/xinchi/kaldi/egs/timit/s5_la3/data-fmllr-tri3/train/data/feats_fmllr_train.5.ark:244310
flac0_sx91 /nfs-share/xinchi/kaldi/egs/timit/s5_la3/data-fmllr-tri3/train/data/feats_fmllr_train.2.ark:9180182
mcal0_si1138 /nfs-share/xinchi/kaldi/egs/timit/s5_la3/data-fmllr-tri3/train/data/feats_fmllr_train.4.ark:8609644
freh0_si685 /nfs-share/xinchi/kaldi/egs/timit/s5_la3/data-fmllr-tri3/train/data/feats_fmllr_train.3.ark:4130236
mbma1_si2214 /nfs-share/xinchi/kaldi/egs/timit/s5_la3/data-fmllr-tri3/train/data/feats_fmllr_train.4.ark:5947996
flmc0_sx22 /nfs-share/xinchi/kaldi/egs/timit/s5_la3/data-fmllr-tri3/train/data/feats_fmllr_train.2.ark:13002593
fsjs0_sx361 /nfs-share/xinchi/kaldi/egs/timit/s5_la3/data-fmllr-tri3/train/data/feats_fmllr_train.3.ark:9431219
fgdp0_sx178 /nfs-share/xinchi/kaldi/egs/timit/s5_la3/data-fmllr-tri3/train/data/feats_fmllr_train.1.ark:16759613
mdmt0_si2341 /nfs-share/xinchi/kaldi/egs/timit/s5_la3/data-fmllr-tri3/train/data/feats_fmllr_train.5.ark:5949218
mtrt0_sx417 /nfs-share/xinchi/kaldi/egs/timit/s5_la3/data-fmllr-tri3/train/data/feats_fmllr_train.10.ark:11464172
mrdm0_sx335 /nfs-share/xinchi/kaldi/egs/timit/s5_la3/data-fmllr-tri3/train/data/feats_fmllr_train.8.ark:14653940
mkdd0_sx217 /nfs-share/xinchi/kaldi/egs/timit/s5_la3/data-fmllr-tri3/train/data/feats_fmllr_train.7.ark:6173456
mdlc1_sx355 /nfs-share/xinchi/kaldi/egs/timit/s5_la3/data-fmllr-tri3/train/data/feats_fmllr_train.5.ark:3467007
flag0_sx294 /nfs-share/xinchi/kaldi/egs/timit/s5_la3/data-fmllr-tri3/train/data/feats_fmllr_train.2.ark:9558772
maeo0_sx336 /nfs-share/xinchi/kaldi/egs/timit/s5_la3/data-fmllr-tri3/train/data/feats_fmllr_train.4.ark:593327
mhxl0_sx152 /nfs-share/xinchi/kaldi/egs/timit/s5_la3/data-fmllr-tri3/train/data/feats_fmllr_train.6.ark:5853906
mmdm1_si1650 /nfs-share/xinchi/kaldi/egs/timit/s5_la3/data-fmllr-tri3/train/data/feats_fmllr_train.7.ark:16622089
falk0_sx276 /nfs-share/xinchi/kaldi/egs/timit/s5_la3/data-fmllr-tri3/train/data/feats_fmllr_train.1.ark:1022473
mjrh1_sx424 /nfs-share/xinchi/kaldi/egs/timit/s5_la3/data-fmllr-tri3/train/data/feats_fmllr_train.7.ark:681994
mkdb0_si588 /nfs-share/xinchi/kaldi/egs/timit/s5_la3/data-fmllr-tri3/train/data/feats_fmllr_train.7.ark:5604358
mkes0_si1883 /nfs-share/xinchi/kaldi/egs/timit/s5_la3/data-fmllr-tri3/train/data/feats_fmllr_train.7.ark:6777168
mrjm1_sx218 /nfs-share/xinchi/kaldi/egs/timit/s5_la3/data-fmllr-tri3/train/data/feats_fmllr_train.9.ark:2291126
mter0_si1787 /nfs-share/xinchi/kaldi/egs/timit/s5_la3/data-fmllr-tri3/train/data/feats_fmllr_train.10.ark:3756395
makb0_sx116 /nfs-share/xinchi/kaldi/egs/timit/s5_la3/data-fmllr-tri3/train/data/feats_fmllr_train.4.ark:1725126
falr0_sx425 /nfs-share/xinchi/kaldi/egs/timit/s5_la3/data-fmllr-tri3/train/data/feats_fmllr_train.1.ark:1500342
mrso0_sx309 /nfs-share/xinchi/kaldi/egs/timit/s5_la3/data-fmllr-tri3/train/data/feats_fmllr_train.9.ark:8183211
freh0_sx55 /nfs-share/xinchi/kaldi/egs/timit/s5_la3/data-fmllr-tri3/train/data/feats_fmllr_train.3.ark:4307650
mdma0_si1238 /nfs-share/xinchi/kaldi/egs/timit/s5_la3/data-fmllr-tri3/train/data/feats_fmllr_train.5.ark:5469772
mmdg0_sx160 /nfs-share/xinchi/kaldi/egs/timit/s5_la3/data-fmllr-tri3/train/data/feats_fmllr_train.7.ark:15979657
mcdc0_sx302 /nfs-share/xinchi/kaldi/egs/timit/s5_la3/data-fmllr-tri3/train/data/feats_fmllr_train.4.ark:9213517
fmjb0_sx97 /nfs-share/xinchi/kaldi/egs/timit/s5_la3/data-fmllr-tri3/train/data/feats_fmllr_train.2.ark:15881314
fmju0_sx129 /nfs-share/xinchi/kaldi/egs/timit/s5_la3/data-fmllr-tri3/train/data/feats_fmllr_train.2.ark:16491241
mkxl0_sx105 /nfs-share/xinchi/kaldi/egs/timit/s5_la3/data-fmllr-tri3/train/data/feats_fmllr_train.7.ark:9931441
mrai0_sx342 /nfs-share/xinchi/kaldi/egs/timit/s5_la3/data-fmllr-tri3/train/data/feats_fmllr_train.8.ark:11978338
mjjm0_sx287 /nfs-share/xinchi/kaldi/egs/timit/s5_la3/data-fmllr-tri3/train/data/feats_fmllr_train.6.ark:13457468
falr0_sx155 /nfs-share/xinchi/kaldi/egs/timit/s5_la3/data-fmllr-tri3/train/data/feats_fmllr_train.1.ark:1348261
mtjg0_sx440 /nfs-share/xinchi/kaldi/egs/timit/s5_la3/data-fmllr-tri3/train/data/feats_fmllr_train.10.ark:4377226
mklr0_si1689 /nfs-share/xinchi/kaldi/egs/timit/s5_la3/data-fmllr-tri3/train/data/feats_fmllr_train.7.ark:7925179
fssb0_sx452 /nfs-share/xinchi/kaldi/egs/timit/s5_la3/data-fmllr-tri3/train/data/feats_fmllr_train.3.ark:13799555
flkm0_si1880 /nfs-share/xinchi/kaldi/egs/timit/s5_la3/data-fmllr-tri3/train/data/feats_fmllr_train.2.ark:12043492
mcef0_sx415 /nfs-share/xinchi/kaldi/egs/timit/s5_la3/data-fmllr-tri3/train/data/feats_fmllr_train.4.ark:10399315
mdlc2_sx84 /nfs-share/xinchi/kaldi/egs/timit/s5_la3/data-fmllr-tri3/train/data/feats_fmllr_train.5.ark:3858797
fsjk1_sx395 /nfs-share/xinchi/kaldi/egs/timit/s5_la3/data-fmllr-tri3/train/data/feats_fmllr_train.3.ark:9124015
mrso0_sx399 /nfs-share/xinchi/kaldi/egs/timit/s5_la3/data-fmllr-tri3/train/data/feats_fmllr_train.9.ark:8294944
fpjf0_si1046 /nfs-share/xinchi/kaldi/egs/timit/s5_la3/data-fmllr-tri3/train/data/feats_fmllr_train.3.ark:2831611
mnet0_sx6 /nfs-share/xinchi/kaldi/egs/timit/s5_la3/data-fmllr-tri3/train/data/feats_fmllr_train.8.ark:5245556
mcre0_sx221 /nfs-share/xinchi/kaldi/egs/timit/s5_la3/data-fmllr-tri3/train/data/feats_fmllr_train.4.ark:12640245
mrsp0_sx439 /nfs-share/xinchi/kaldi/egs/timit/s5_la3/data-fmllr-tri3/train/data/feats_fmllr_train.9.ark:8651455
mrkm0_sx97 /nfs-share/xinchi/kaldi/egs/timit/s5_la3/data-fmllr-tri3/train/data/feats_fmllr_train.9.ark:3340918
mstf0_si766 /nfs-share/xinchi/kaldi/egs/timit/s5_la3/data-fmllr-tri3/train/data/feats_fmllr_train.9.ark:17783250
mkjo0_sx424 /nfs-share/xinchi/kaldi/egs/timit/s5_la3/data-fmllr-tri3/train/data/feats_fmllr_train.7.ark:7349653
fsls0_si1056 /nfs-share/xinchi/kaldi/egs/timit/s5_la3/data-fmllr-tri3/train/data/feats_fmllr_train.3.ark:11094088
mmcc0_sx168 /nfs-share/xinchi/kaldi/egs/timit/s5_la3/data-fmllr-tri3/train/data/feats_fmllr_train.7.ark:15258263
milb0_sx183 /nfs-share/xinchi/kaldi/egs/timit/s5_la3/data-fmllr-tri3/train/data/feats_fmllr_train.6.ark:6286602
msjk0_si966 /nfs-share/xinchi/kaldi/egs/timit/s5_la3/data-fmllr-tri3/train/data/feats_fmllr_train.9.ark:15525498
fdmy0_si714 /nfs-share/xinchi/kaldi/egs/timit/s5_la3/data-fmllr-tri3/train/data/feats_fmllr_train.1.ark:11772179
fssb0_sx362 /nfs-share/xinchi/kaldi/egs/timit/s5_la3/data-fmllr-tri3/train/data/feats_fmllr_train.3.ark:13728008
mdlc1_sx265 /nfs-share/xinchi/kaldi/egs/timit/s5_la3/data-fmllr-tri3/train/data/feats_fmllr_train.5.ark:3421060
mctm0_sx360 /nfs-share/xinchi/kaldi/egs/timit/s5_la3/data-fmllr-tri3/train/data/feats_fmllr_train.4.ark:13857721
mges0_sx221 /nfs-share/xinchi/kaldi/egs/timit/s5_la3/data-fmllr-tri3/train/data/feats_fmllr_train.6.ark:880237
fskp0_si1098 /nfs-share/xinchi/kaldi/egs/timit/s5_la3/data-fmllr-tri3/train/data/feats_fmllr_train.3.ark:10735311
mgsl0_sx264 /nfs-share/xinchi/kaldi/egs/timit/s5_la3/data-fmllr-tri3/train/data/feats_fmllr_train.6.ark:2940360
mjra0_si606 /nfs-share/xinchi/kaldi/egs/timit/s5_la3/data-fmllr-tri3/train/data/feats_fmllr_train.6.ark:17322630
marw0_sx349 /nfs-share/xinchi/kaldi/egs/timit/s5_la3/data-fmllr-tri3/train/data/feats_fmllr_train.4.ark:3247034
mmws1_sx261 /nfs-share/xinchi/kaldi/egs/timit/s5_la3/data-fmllr-tri3/train/data/feats_fmllr_train.8.ark:4438965
fsms1_si1504 /nfs-share/xinchi/kaldi/egs/timit/s5_la3/data-fmllr-tri3/train/data/feats_fmllr_train.3.ark:12312180
fetb0_sx338 /nfs-share/xinchi/kaldi/egs/timit/s5_la3/data-fmllr-tri3/train/data/feats_fmllr_train.1.ark:15646855
mtcs0_sx262 /nfs-share/xinchi/kaldi/egs/timit/s5_la3/data-fmllr-tri3/train/data/feats_fmllr_train.10.ark:2627504
mdrd0_sx122 /nfs-share/xinchi/kaldi/egs/timit/s5_la3/data-fmllr-tri3/train/data/feats_fmllr_train.5.ark:7938197
ftbw0_sx265 /nfs-share/xinchi/kaldi/egs/timit/s5_la3/data-fmllr-tri3/train/data/feats_fmllr_train.3.ark:14809911
mdef0_sx393 /nfs-share/xinchi/kaldi/egs/timit/s5_la3/data-fmllr-tri3/train/data/feats_fmllr_train.5.ark:319723
mbjv0_sx167 /nfs-share/xinchi/kaldi/egs/timit/s5_la3/data-fmllr-tri3/train/data/feats_fmllr_train.4.ark:5330816
mjls0_si1096 /nfs-share/xinchi/kaldi/egs/timit/s5_la3/data-fmllr-tri3/train/data/feats_fmllr_train.6.ark:14655615
mdlc0_sx405 /nfs-share/xinchi/kaldi/egs/timit/s5_la3/data-fmllr-tri3/train/data/feats_fmllr_train.5.ark:3103456
mwgr0_sx436 /nfs-share/xinchi/kaldi/egs/timit/s5_la3/data-fmllr-tri3/train/data/feats_fmllr_train.10.ark:15949341
fsjk1_si1025 /nfs-share/xinchi/kaldi/egs/timit/s5_la3/data-fmllr-tri3/train/data/feats_fmllr_train.3.ark:8826386
mljc0_si1225 /nfs-share/xinchi/kaldi/egs/timit/s5_la3/data-fmllr-tri3/train/data/feats_fmllr_train.7.ark:10940010
mdwm0_si2176 /nfs-share/xinchi/kaldi/egs/timit/s5_la3/data-fmllr-tri3/train/data/feats_fmllr_train.5.ark:10437103
mtrc0_sx170 /nfs-share/xinchi/kaldi/egs/timit/s5_la3/data-fmllr-tri3/train/data/feats_fmllr_train.10.ark:10604777
mcdd0_si1513 /nfs-share/xinchi/kaldi/egs/timit/s5_la3/data-fmllr-tri3/train/data/feats_fmllr_train.4.ark:9348798
mrjt0_si1805 /nfs-share/xinchi/kaldi/egs/timit/s5_la3/data-fmllr-tri3/train/data/feats_fmllr_train.9.ark:2539422
marw0_sx286 /nfs-share/xinchi/kaldi/egs/timit/s5_la3/data-fmllr-tri3/train/data/feats_fmllr_train.4.ark:3177727
mdhs0_si1530 /nfs-share/xinchi/kaldi/egs/timit/s5_la3/data-fmllr-tri3/train/data/feats_fmllr_train.5.ark:1207864
frll0_si1514 /nfs-share/xinchi/kaldi/egs/timit/s5_la3/data-fmllr-tri3/train/data/feats_fmllr_train.3.ark:4704856
mtlc0_si1313 /nfs-share/xinchi/kaldi/egs/timit/s5_la3/data-fmllr-tri3/train/data/feats_fmllr_train.10.ark:6890262
ftaj0_si474 /nfs-share/xinchi/kaldi/egs/timit/s5_la3/data-fmllr-tri3/train/data/feats_fmllr_train.3.ark:13946036
mbwp0_sx439 /nfs-share/xinchi/kaldi/egs/timit/s5_la3/data-fmllr-tri3/train/data/feats_fmllr_train.4.ark:8001535
mcre0_sx131 /nfs-share/xinchi/kaldi/egs/timit/s5_la3/data-fmllr-tri3/train/data/feats_fmllr_train.4.ark:12600058
mdwm0_sx16 /nfs-share/xinchi/kaldi/egs/timit/s5_la3/data-fmllr-tri3/train/data/feats_fmllr_train.5.ark:10589183
mmwb0_sx269 /nfs-share/xinchi/kaldi/egs/timit/s5_la3/data-fmllr-tri3/train/data/feats_fmllr_train.8.ark:3694078
flag0_sx24 /nfs-share/xinchi/kaldi/egs/timit/s5_la3/data-fmllr-tri3/train/data/feats_fmllr_train.2.ark:9512825
mtjg0_si2157 /nfs-share/xinchi/kaldi/egs/timit/s5_la3/data-fmllr-tri3/train/data/feats_fmllr_train.10.ark:4119491
flag0_sx384 /nfs-share/xinchi/kaldi/egs/timit/s5_la3/data-fmllr-tri3/train/data/feats_fmllr_train.2.ark:9613519
mjrk0_sx340 /nfs-share/xinchi/kaldi/egs/timit/s5_la3/data-fmllr-tri3/train/data/feats_fmllr_train.7.ark:996424
mtbc0_sx273 /nfs-share/xinchi/kaldi/egs/timit/s5_la3/data-fmllr-tri3/train/data/feats_fmllr_train.10.ark:2254007
mjrh0_si1125 /nfs-share/xinchi/kaldi/egs/timit/s5_la3/data-fmllr-tri3/train/data/feats_fmllr_train.7.ark:13
mjlb0_sx176 /nfs-share/xinchi/kaldi/egs/timit/s5_la3/data-fmllr-tri3/train/data/feats_fmllr_train.6.ark:14090302
mdlr1_sx39 /nfs-share/xinchi/kaldi/egs/timit/s5_la3/data-fmllr-tri3/train/data/feats_fmllr_train.5.ark:5378997
fsjw0_sx343 /nfs-share/xinchi/kaldi/egs/timit/s5_la3/data-fmllr-tri3/train/data/feats_fmllr_train.3.ark:9834796
mtjs0_sx202 /nfs-share/xinchi/kaldi/egs/timit/s5_la3/data-fmllr-tri3/train/data/feats_fmllr_train.10.ark:5111366
fdaw0_si1271 /nfs-share/xinchi/kaldi/egs/timit/s5_la3/data-fmllr-tri3/train/data/feats_fmllr_train.1.ark:9731036
fmju0_si2019 /nfs-share/xinchi/kaldi/egs/timit/s5_la3/data-fmllr-tri3/train/data/feats_fmllr_train.2.ark:16407667
fkfb0_si978 /nfs-share/xinchi/kaldi/egs/timit/s5_la3/data-fmllr-tri3/train/data/feats_fmllr_train.2.ark:6541465
mdbb1_si2056 /nfs-share/xinchi/kaldi/egs/timit/s5_la3/data-fmllr-tri3/train/data/feats_fmllr_train.4.ark:15208106
mdlc0_si765 /nfs-share/xinchi/kaldi/egs/timit/s5_la3/data-fmllr-tri3/train/data/feats_fmllr_train.5.ark:2932948
mdlh0_sx340 /nfs-share/xinchi/kaldi/egs/timit/s5_la3/data-fmllr-tri3/train/data/feats_fmllr_train.5.ark:4176880
mjai0_sx254 /nfs-share/xinchi/kaldi/egs/timit/s5_la3/data-fmllr-tri3/train/data/feats_fmllr_train.6.ark:7506318
fmju0_sx309 /nfs-share/xinchi/kaldi/egs/timit/s5_la3/data-fmllr-tri3/train/data/feats_fmllr_train.2.ark:16590495
mwrp0_sx93 /nfs-share/xinchi/kaldi/egs/timit/s5_la3/data-fmllr-tri3/train/data/feats_fmllr_train.10.ark:16759721
mkah0_si898 /nfs-share/xinchi/kaldi/egs/timit/s5_la3/data-fmllr-tri3/train/data/feats_fmllr_train.7.ark:4511094
mtlb0_si1134 /nfs-share/xinchi/kaldi/egs/timit/s5_la3/data-fmllr-tri3/train/data/feats_fmllr_train.10.ark:6498845
mkln0_sx68 /nfs-share/xinchi/kaldi/egs/timit/s5_la3/data-fmllr-tri3/train/data/feats_fmllr_train.7.ark:7820963
mtbc0_sx347 /nfs-share/xinchi/kaldi/egs/timit/s5_la3/data-fmllr-tri3/train/data/feats_fmllr_train.10.ark:2291954
mgjc0_si1256 /nfs-share/xinchi/kaldi/egs/timit/s5_la3/data-fmllr-tri3/train/data/feats_fmllr_train.6.ark:1075385
mpfu0_si1258 /nfs-share/xinchi/kaldi/egs/timit/s5_la3/data-fmllr-tri3/train/data/feats_fmllr_train.8.ark:6416822
fsmm0_sx414 /nfs-share/xinchi/kaldi/egs/timit/s5_la3/data-fmllr-tri3/train/data/feats_fmllr_train.3.ark:12202046
mtdp0_si1521 /nfs-share/xinchi/kaldi/egs/timit/s5_la3/data-fmllr-tri3/train/data/feats_fmllr_train.10.ark:3246577
mjbg0_sx422 /nfs-share/xinchi/kaldi/egs/timit/s5_la3/data-fmllr-tri3/train/data/feats_fmllr_train.6.ark:7932510
mrlj1_si2332 /nfs-share/xinchi/kaldi/egs/timit/s5_la3/data-fmllr-tri3/train/data/feats_fmllr_train.9.ark:4172956
mgrp0_si1317 /nfs-share/xinchi/kaldi/egs/timit/s5_la3/data-fmllr-tri3/train/data/feats_fmllr_train.6.ark:1876140
mtjm0_sx236 /nfs-share/xinchi/kaldi/egs/timit/s5_la3/data-fmllr-tri3/train/data/feats_fmllr_train.10.ark:4685549
mrjt0_si868 /nfs-share/xinchi/kaldi/egs/timit/s5_la3/data-fmllr-tri3/train/data/feats_fmllr_train.9.ark:2565369
madd0_sx178 /nfs-share/xinchi/kaldi/egs/timit/s5_la3/data-fmllr-tri3/train/data/feats_fmllr_train.3.ark:17721860
fjsk0_si1052 /nfs-share/xinchi/kaldi/egs/timit/s5_la3/data-fmllr-tri3/train/data/feats_fmllr_train.2.ark:3263193
mmpm0_sx431 /nfs-share/xinchi/kaldi/egs/timit/s5_la3/data-fmllr-tri3/train/data/feats_fmllr_train.8.ark:2062864
mlel0_si616 /nfs-share/xinchi/kaldi/egs/timit/s5_la3/data-fmllr-tri3/train/data/feats_fmllr_train.7.ark:10587368
mprt0_si495 /nfs-share/xinchi/kaldi/egs/timit/s5_la3/data-fmllr-tri3/train/data/feats_fmllr_train.8.ark:10347602
fajw0_si1893 /nfs-share/xinchi/kaldi/egs/timit/s5_la3/data-fmllr-tri3/train/data/feats_fmllr_train.1.ark:469858
mpgr0_si2040 /nfs-share/xinchi/kaldi/egs/timit/s5_la3/data-fmllr-tri3/train/data/feats_fmllr_train.8.ark:7217123
mkrg0_sx411 /nfs-share/xinchi/kaldi/egs/timit/s5_la3/data-fmllr-tri3/train/data/feats_fmllr_train.7.ark:9677704
mkdt0_sx263 /nfs-share/xinchi/kaldi/egs/timit/s5_la3/data-fmllr-tri3/train/data/feats_fmllr_train.7.ark:6541032
mcth0_si579 /nfs-share/xinchi/kaldi/egs/timit/s5_la3/data-fmllr-tri3/train/data/feats_fmllr_train.4.ark:13323183
mgsl0_sx84 /nfs-share/xinchi/kaldi/egs/timit/s5_la3/data-fmllr-tri3/train/data/feats_fmllr_train.6.ark:3090200
mmgk0_si692 /nfs-share/xinchi/kaldi/egs/timit/s5_la3/data-fmllr-tri3/train/data/feats_fmllr_train.8.ark:812984
mclm0_si826 /nfs-share/xinchi/kaldi/egs/timit/s5_la3/data-fmllr-tri3/train/data/feats_fmllr_train.4.ark:11860076
mgag0_sx421 /nfs-share/xinchi/kaldi/egs/timit/s5_la3/data-fmllr-tri3/train/data/feats_fmllr_train.5.ark:16843324
mhrm0_sx328 /nfs-share/xinchi/kaldi/egs/timit/s5_la3/data-fmllr-tri3/train/data/feats_fmllr_train.6.ark:5560464
mjwg0_sx355 /nfs-share/xinchi/kaldi/egs/timit/s5_la3/data-fmllr-tri3/train/data/feats_fmllr_train.7.ark:2280434
flja0_sx358 /nfs-share/xinchi/kaldi/egs/timit/s5_la3/data-fmllr-tri3/train/data/feats_fmllr_train.2.ark:11051777
mbom0_sx204 /nfs-share/xinchi/kaldi/egs/timit/s5_la3/data-fmllr-tri3/train/data/feats_fmllr_train.4.ark:6846752
fsag0_si1953 /nfs-share/xinchi/kaldi/egs/timit/s5_la3/data-fmllr-tri3/train/data/feats_fmllr_train.3.ark:5146700
fjrb0_sx402 /nfs-share/xinchi/kaldi/egs/timit/s5_la3/data-fmllr-tri3/train/data/feats_fmllr_train.2.ark:2655562
mmgg0_sx179 /nfs-share/xinchi/kaldi/egs/timit/s5_la3/data-fmllr-tri3/train/data/feats_fmllr_train.8.ark:498234
mrjm0_si1858 /nfs-share/xinchi/kaldi/egs/timit/s5_la3/data-fmllr-tri3/train/data/feats_fmllr_train.9.ark:1780135
fsms1_sx154 /nfs-share/xinchi/kaldi/egs/timit/s5_la3/data-fmllr-tri3/train/data/feats_fmllr_train.3.ark:12457062
mtjm0_sx56 /nfs-share/xinchi/kaldi/egs/timit/s5_la3/data-fmllr-tri3/train/data/feats_fmllr_train.10.ark:4806269
mmds0_sx353 /nfs-share/xinchi/kaldi/egs/timit/s5_la3/data-fmllr-tri3/train/data/feats_fmllr_train.7.ark:17209002
mram0_sx375 /nfs-share/xinchi/kaldi/egs/timit/s5_la3/data-fmllr-tri3/train/data/feats_fmllr_train.8.ark:12461969
mrjt0_sx238 /nfs-share/xinchi/kaldi/egs/timit/s5_la3/data-fmllr-tri3/train/data/feats_fmllr_train.9.ark:2674063
fsdj0_sx395 /nfs-share/xinchi/kaldi/egs/timit/s5_la3/data-fmllr-tri3/train/data/feats_fmllr_train.3.ark:7872484
mrtj0_si1551 /nfs-share/xinchi/kaldi/egs/timit/s5_la3/data-fmllr-tri3/train/data/feats_fmllr_train.9.ark:9173806
mrjh0_sx169 /nfs-share/xinchi/kaldi/egs/timit/s5_la3/data-fmllr-tri3/train/data/feats_fmllr_train.9.ark:1422664
msat1_si2333 /nfs-share/xinchi/kaldi/egs/timit/s5_la3/data-fmllr-tri3/train/data/feats_fmllr_train.9.ark:12250319
mjda0_si2291 /nfs-share/xinchi/kaldi/egs/timit/s5_la3/data-fmllr-tri3/train/data/feats_fmllr_train.6.ark:8096300
mrjm0_si1228 /nfs-share/xinchi/kaldi/egs/timit/s5_la3/data-fmllr-tri3/train/data/feats_fmllr_train.9.ark:1734827
megj0_sx3 /nfs-share/xinchi/kaldi/egs/timit/s5_la3/data-fmllr-tri3/train/data/feats_fmllr_train.5.ark:12118076
fsms1_sx347 /nfs-share/xinchi/kaldi/egs/timit/s5_la3/data-fmllr-tri3/train/data/feats_fmllr_train.3.ark:12589623
mcpm0_sx294 /nfs-share/xinchi/kaldi/egs/timit/s5_la3/data-fmllr-tri3/train/data/feats_fmllr_train.4.ark:12389680
mkxl0_sx375 /nfs-share/xinchi/kaldi/egs/timit/s5_la3/data-fmllr-tri3/train/data/feats_fmllr_train.7.ark:10080348
mmea0_sx128 /nfs-share/xinchi/kaldi/egs/timit/s5_la3/data-fmllr-tri3/train/data/feats_fmllr_train.7.ark:17457805
fceg0_si618 /nfs-share/xinchi/kaldi/egs/timit/s5_la3/data-fmllr-tri3/train/data/feats_fmllr_train.1.ark:6152920
ftmg0_si1532 /nfs-share/xinchi/kaldi/egs/timit/s5_la3/data-fmllr-tri3/train/data/feats_fmllr_train.3.ark:15382715
mmag0_si1756 /nfs-share/xinchi/kaldi/egs/timit/s5_la3/data-fmllr-tri3/train/data/feats_fmllr_train.7.ark:13465180
fsbk0_si1699 /nfs-share/xinchi/kaldi/egs/timit/s5_la3/data-fmllr-tri3/train/data/feats_fmllr_train.3.ark:6395191
mdbp0_si1788 /nfs-share/xinchi/kaldi/egs/timit/s5_la3/data-fmllr-tri3/train/data/feats_fmllr_train.4.ark:15502856
mmgc0_sx405 /nfs-share/xinchi/kaldi/egs/timit/s5_la3/data-fmllr-tri3/train/data/feats_fmllr_train.8.ark:275537
mtjm0_sx416 /nfs-share/xinchi/kaldi/egs/timit/s5_la3/data-fmllr-tri3/train/data/feats_fmllr_train.10.ark:4765123
mrmh0_sx31 /nfs-share/xinchi/kaldi/egs/timit/s5_la3/data-fmllr-tri3/train/data/feats_fmllr_train.9.ark:6190790
fjhk0_si1652 /nfs-share/xinchi/kaldi/egs/timit/s5_la3/data-fmllr-tri3/train/data/feats_fmllr_train.2.ark:906717
mjae0_si1999 /nfs-share/xinchi/kaldi/egs/timit/s5_la3/data-fmllr-tri3/train/data/feats_fmllr_train.6.ark:6911140
mprb0_si575 /nfs-share/xinchi/kaldi/egs/timit/s5_la3/data-fmllr-tri3/train/data/feats_fmllr_train.8.ark:9048419
mmjb1_sx148 /nfs-share/xinchi/kaldi/egs/timit/s5_la3/data-fmllr-tri3/train/data/feats_fmllr_train.8.ark:1178028
mtab0_sx42 /nfs-share/xinchi/kaldi/egs/timit/s5_la3/data-fmllr-tri3/train/data/feats_fmllr_train.10.ark:901379
mntw0_si1698 /nfs-share/xinchi/kaldi/egs/timit/s5_la3/data-fmllr-tri3/train/data/feats_fmllr_train.8.ark:5407078
mewm0_sx268 /nfs-share/xinchi/kaldi/egs/timit/s5_la3/data-fmllr-tri3/train/data/feats_fmllr_train.5.ark:13858012
mjmd0_sx308 /nfs-share/xinchi/kaldi/egs/timit/s5_la3/data-fmllr-tri3/train/data/feats_fmllr_train.6.ark:15619386
mhrm0_sx238 /nfs-share/xinchi/kaldi/egs/timit/s5_la3/data-fmllr-tri3/train/data/feats_fmllr_train.6.ark:5522517
mjpm0_si1998 /nfs-share/xinchi/kaldi/egs/timit/s5_la3/data-fmllr-tri3/train/data/feats_fmllr_train.6.ark:16506809
mwch0_si1895 /nfs-share/xinchi/kaldi/egs/timit/s5_la3/data-fmllr-tri3/train/data/feats_fmllr_train.10.ark:14589353
mrre0_si1334 /nfs-share/xinchi/kaldi/egs/timit/s5_la3/data-fmllr-tri3/train/data/feats_fmllr_train.9.ark:7416938
mgaw0_si535 /nfs-share/xinchi/kaldi/egs/timit/s5_la3/data-fmllr-tri3/train/data/feats_fmllr_train.6.ark:516126
mmws0_si559 /nfs-share/xinchi/kaldi/egs/timit/s5_la3/data-fmllr-tri3/train/data/feats_fmllr_train.8.ark:3990533
mdlr0_sx63 /nfs-share/xinchi/kaldi/egs/timit/s5_la3/data-fmllr-tri3/train/data/feats_fmllr_train.5.ark:5017047
mjeb1_sx297 /nfs-share/xinchi/kaldi/egs/timit/s5_la3/data-fmllr-tri3/train/data/feats_fmllr_train.6.ark:10738669
fetb0_sx428 /nfs-share/xinchi/kaldi/egs/timit/s5_la3/data-fmllr-tri3/train/data/feats_fmllr_train.1.ark:15697602
fsdc0_sx232 /nfs-share/xinchi/kaldi/egs/timit/s5_la3/data-fmllr-tri3/train/data/feats_fmllr_train.3.ark:7404827
mpsw0_sx77 /nfs-share/xinchi/kaldi/egs/timit/s5_la3/data-fmllr-tri3/train/data/feats_fmllr_train.8.ark:10895340
frjb0_si1470 /nfs-share/xinchi/kaldi/egs/timit/s5_la3/data-fmllr-tri3/train/data/feats_fmllr_train.3.ark:4395066
mgjc0_sx75 /nfs-share/xinchi/kaldi/egs/timit/s5_la3/data-fmllr-tri3/train/data/feats_fmllr_train.6.ark:1459095
mrws0_sx112 /nfs-share/xinchi/kaldi/egs/timit/s5_la3/data-fmllr-tri3/train/data/feats_fmllr_train.9.ark:10512939
marw0_si1276 /nfs-share/xinchi/kaldi/egs/timit/s5_la3/data-fmllr-tri3/train/data/feats_fmllr_train.4.ark:2970872
mbjv0_si1877 /nfs-share/xinchi/kaldi/egs/timit/s5_la3/data-fmllr-tri3/train/data/feats_fmllr_train.4.ark:5243722
fmmh0_sx367 /nfs-share/xinchi/kaldi/egs/timit/s5_la3/data-fmllr-tri3/train/data/feats_fmllr_train.2.ark:17737198
mtml0_si2325 /nfs-share/xinchi/kaldi/egs/timit/s5_la3/data-fmllr-tri3/train/data/feats_fmllr_train.10.ark:7343815
mjai0_si710 /nfs-share/xinchi/kaldi/egs/timit/s5_la3/data-fmllr-tri3/train/data/feats_fmllr_train.6.ark:7382104
mpar0_si2206 /nfs-share/xinchi/kaldi/egs/timit/s5_la3/data-fmllr-tri3/train/data/feats_fmllr_train.8.ark:5763936
mejl0_sx242 /nfs-share/xinchi/kaldi/egs/timit/s5_la3/data-fmllr-tri3/train/data/feats_fmllr_train.5.ark:12416506
mfxv0_sx285 /nfs-share/xinchi/kaldi/egs/timit/s5_la3/data-fmllr-tri3/train/data/feats_fmllr_train.5.ark:16139690
mdlr0_si603 /nfs-share/xinchi/kaldi/egs/timit/s5_la3/data-fmllr-tri3/train/data/feats_fmllr_train.5.ark:4750513
mvlo0_sx247 /nfs-share/xinchi/kaldi/egs/timit/s5_la3/data-fmllr-tri3/train/data/feats_fmllr_train.10.ark:12892987
mdwm0_sx376 /nfs-share/xinchi/kaldi/egs/timit/s5_la3/data-fmllr-tri3/train/data/feats_fmllr_train.5.ark:10682037
mdss0_sx351 /nfs-share/xinchi/kaldi/egs/timit/s5_la3/data-fmllr-tri3/train/data/feats_fmllr_train.5.ark:8778525
mwac0_si1601 /nfs-share/xinchi/kaldi/egs/timit/s5_la3/data-fmllr-tri3/train/data/feats_fmllr_train.10.ark:13405472
mjmm0_si625 /nfs-share/xinchi/kaldi/egs/timit/s5_la3/data-fmllr-tri3/train/data/feats_fmllr_train.6.ark:15853442
mjwt0_si751 /nfs-share/xinchi/kaldi/egs/timit/s5_la3/data-fmllr-tri3/train/data/feats_fmllr_train.7.ark:2966867
mpeb0_sx240 /nfs-share/xinchi/kaldi/egs/timit/s5_la3/data-fmllr-tri3/train/data/feats_fmllr_train.8.ark:6220554
mdef0_sx33 /nfs-share/xinchi/kaldi/egs/timit/s5_la3/data-fmllr-tri3/train/data/feats_fmllr_train.5.ark:274256
fsdj0_sx125 /nfs-share/xinchi/kaldi/egs/timit/s5_la3/data-fmllr-tri3/train/data/feats_fmllr_train.3.ark:7722297
fltm0_si1700 /nfs-share/xinchi/kaldi/egs/timit/s5_la3/data-fmllr-tri3/train/data/feats_fmllr_train.2.ark:13967006
mdwh0_sx35 /nfs-share/xinchi/kaldi/egs/timit/s5_la3/data-fmllr-tri3/train/data/feats_fmllr_train.5.ark:10286460
mrmh0_si2281 /nfs-share/xinchi/kaldi/egs/timit/s5_la3/data-fmllr-tri3/train/data/feats_fmllr_train.9.ark:6013403
mrjb1_sx120 /nfs-share/xinchi/kaldi/egs/timit/s5_la3/data-fmllr-tri3/train/data/feats_fmllr_train.9.ark:999088
fecd0_si1418 /nfs-share/xinchi/kaldi/egs/timit/s5_la3/data-fmllr-tri3/train/data/feats_fmllr_train.1.ark:14136308
mhbs0_si1575 /nfs-share/xinchi/kaldi/egs/timit/s5_la3/data-fmllr-tri3/train/data/feats_fmllr_train.6.ark:3565802
fmjf0_sx174 /nfs-share/xinchi/kaldi/egs/timit/s5_la3/data-fmllr-tri3/train/data/feats_fmllr_train.2.ark:16056944
fdml0_si1149 /nfs-share/xinchi/kaldi/egs/timit/s5_la3/data-fmllr-tri3/train/data/feats_fmllr_train.1.ark:11281667
msfh0_sx46 /nfs-share/xinchi/kaldi/egs/timit/s5_la3/data-fmllr-tri3/train/data/feats_fmllr_train.9.ark:14934158
mmsm0_si476 /nfs-share/xinchi/kaldi/egs/timit/s5_la3/data-fmllr-tri3/train/data/feats_fmllr_train.8.ark:2678229
fleh0_sx61 /nfs-share/xinchi/kaldi/egs/timit/s5_la3/data-fmllr-tri3/train/data/feats_fmllr_train.2.ark:10000297
mdwh0_sx305 /nfs-share/xinchi/kaldi/egs/timit/s5_la3/data-fmllr-tri3/train/data/feats_fmllr_train.5.ark:10231074
mejl0_sx152 /nfs-share/xinchi/kaldi/egs/timit/s5_la3/data-fmllr-tri3/train/data/feats_fmllr_train.5.ark:12376479
flmc0_sx382 /nfs-share/xinchi/kaldi/egs/timit/s5_la3/data-fmllr-tri3/train/data/feats_fmllr_train.2.ark:13158674
mnet0_sx366 /nfs-share/xinchi/kaldi/egs/timit/s5_la3/data-fmllr-tri3/train/data/feats_fmllr_train.8.ark:5191131
mrws0_sx202 /nfs-share/xinchi/kaldi/egs/timit/s5_la3/data-fmllr-tri3/train/data/feats_fmllr_train.9.ark:10555206
mjwt0_sx391 /nfs-share/xinchi/kaldi/egs/timit/s5_la3/data-fmllr-tri3/train/data/feats_fmllr_train.7.ark:3210041
fpad0_sx446 /nfs-share/xinchi/kaldi/egs/timit/s5_la3/data-fmllr-tri3/train/data/feats_fmllr_train.3.ark:1943923
msds0_sx357 /nfs-share/xinchi/kaldi/egs/timit/s5_la3/data-fmllr-tri3/train/data/feats_fmllr_train.9.ark:13497133
mcre0_sx41 /nfs-share/xinchi/kaldi/egs/timit/s5_la3/data-fmllr-tri3/train/data/feats_fmllr_train.4.ark:12777284
