mabc0_si781 /nfs-share/xinchi/kaldi/egs/timit/s5_la4/data-fmllr-tri3/train/data/feats_fmllr_train.3.ark:16920439
milb0_sx183 /nfs-share/xinchi/kaldi/egs/timit/s5_la4/data-fmllr-tri3/train/data/feats_fmllr_train.6.ark:6286602
mmxs0_si629 /nfs-share/xinchi/kaldi/egs/timit/s5_la4/data-fmllr-tri3/train/data/feats_fmllr_train.8.ark:4656726
fvmh0_sx386 /nfs-share/xinchi/kaldi/egs/timit/s5_la4/data-fmllr-tri3/train/data/feats_fmllr_train.3.ark:16820836
mdhs0_si900 /nfs-share/xinchi/kaldi/egs/timit/s5_la4/data-fmllr-tri3/train/data/feats_fmllr_train.5.ark:1286959
mpsw0_si1697 /nfs-share/xinchi/kaldi/egs/timit/s5_la4/data-fmllr-tri3/train/data/feats_fmllr_train.8.ark:10666539
mdlc1_si2144 /nfs-share/xinchi/kaldi/egs/timit/s5_la4/data-fmllr-tri3/train/data/feats_fmllr_train.5.ark:3334126
flod0_sx297 /nfs-share/xinchi/kaldi/egs/timit/s5_la4/data-fmllr-tri3/train/data/feats_fmllr_train.2.ark:13860523
mlns0_sx147 /nfs-share/xinchi/kaldi/egs/timit/s5_la4/data-fmllr-tri3/train/data/feats_fmllr_train.7.ark:11966286
mtjg0_sx260 /nfs-share/xinchi/kaldi/egs/timit/s5_la4/data-fmllr-tri3/train/data/feats_fmllr_train.10.ark:4270132
fskc0_si786 /nfs-share/xinchi/kaldi/egs/timit/s5_la4/data-fmllr-tri3/train/data/feats_fmllr_train.3.ark:10092852
mwdk0_si806 /nfs-share/xinchi/kaldi/egs/timit/s5_la4/data-fmllr-tri3/train/data/feats_fmllr_train.10.ark:14967358
mrws0_sx292 /nfs-share/xinchi/kaldi/egs/timit/s5_la4/data-fmllr-tri3/train/data/feats_fmllr_train.9.ark:10611259
fcdr1_si1186 /nfs-share/xinchi/kaldi/egs/timit/s5_la4/data-fmllr-tri3/train/data/feats_fmllr_train.1.ark:5577768
feeh0_sx212 /nfs-share/xinchi/kaldi/egs/timit/s5_la4/data-fmllr-tri3/train/data/feats_fmllr_train.1.ark:14798074
mhmg0_si1365 /nfs-share/xinchi/kaldi/egs/timit/s5_la4/data-fmllr-tri3/train/data/feats_fmllr_train.6.ark:4606454
fhxs0_si1075 /nfs-share/xinchi/kaldi/egs/timit/s5_la4/data-fmllr-tri3/train/data/feats_fmllr_train.1.ark:18358801
fsms1_si874 /nfs-share/xinchi/kaldi/egs/timit/s5_la4/data-fmllr-tri3/train/data/feats_fmllr_train.3.ark:12404075
fklc1_sx328 /nfs-share/xinchi/kaldi/egs/timit/s5_la4/data-fmllr-tri3/train/data/feats_fmllr_train.2.ark:7928598
mded0_sx360 /nfs-share/xinchi/kaldi/egs/timit/s5_la4/data-fmllr-tri3/train/data/feats_fmllr_train.4.ark:17263672
mwch0_si1895 /nfs-share/xinchi/kaldi/egs/timit/s5_la4/data-fmllr-tri3/train/data/feats_fmllr_train.10.ark:14589353
mrlk0_si2140 /nfs-share/xinchi/kaldi/egs/timit/s5_la4/data-fmllr-tri3/train/data/feats_fmllr_train.9.ark:4472826
mkls1_si1545 /nfs-share/xinchi/kaldi/egs/timit/s5_la4/data-fmllr-tri3/train/data/feats_fmllr_train.7.ark:8621747
fjxm0_sx311 /nfs-share/xinchi/kaldi/egs/timit/s5_la4/data-fmllr-tri3/train/data/feats_fmllr_train.2.ark:4628460
frll0_sx254 /nfs-share/xinchi/kaldi/egs/timit/s5_la4/data-fmllr-tri3/train/data/feats_fmllr_train.3.ark:4924644
fmpg0_si972 /nfs-share/xinchi/kaldi/egs/timit/s5_la4/data-fmllr-tri3/train/data/feats_fmllr_train.2.ark:18029999
mgrl0_sx417 /nfs-share/xinchi/kaldi/egs/timit/s5_la4/data-fmllr-tri3/train/data/feats_fmllr_train.6.ark:1797046
mjra0_si1236 /nfs-share/xinchi/kaldi/egs/timit/s5_la4/data-fmllr-tri3/train/data/feats_fmllr_train.6.ark:17223375
mjws0_sx63 /nfs-share/xinchi/kaldi/egs/timit/s5_la4/data-fmllr-tri3/train/data/feats_fmllr_train.7.ark:2774944
mdbp0_si1158 /nfs-share/xinchi/kaldi/egs/timit/s5_la4/data-fmllr-tri3/train/data/feats_fmllr_train.4.ark:15474348
feeh0_sx392 /nfs-share/xinchi/kaldi/egs/timit/s5_la4/data-fmllr-tri3/train/data/feats_fmllr_train.1.ark:14942474
fdmy0_si1197 /nfs-share/xinchi/kaldi/egs/timit/s5_la4/data-fmllr-tri3/train/data/feats_fmllr_train.1.ark:11607485
fsms1_si1504 /nfs-share/xinchi/kaldi/egs/timit/s5_la4/data-fmllr-tri3/train/data/feats_fmllr_train.3.ark:12312180
mjls0_sx196 /nfs-share/xinchi/kaldi/egs/timit/s5_la4/data-fmllr-tri3/train/data/feats_fmllr_train.6.ark:14918470
mwrp0_sx273 /nfs-share/xinchi/kaldi/egs/timit/s5_la4/data-fmllr-tri3/train/data/feats_fmllr_train.10.ark:16633883
msms0_sx173 /nfs-share/xinchi/kaldi/egs/timit/s5_la4/data-fmllr-tri3/train/data/feats_fmllr_train.9.ark:16761855
mhmr0_sx309 /nfs-share/xinchi/kaldi/egs/timit/s5_la4/data-fmllr-tri3/train/data/feats_fmllr_train.6.ark:5229047
mpar0_si2206 /nfs-share/xinchi/kaldi/egs/timit/s5_la4/data-fmllr-tri3/train/data/feats_fmllr_train.8.ark:5763936
mtmn0_sx434 /nfs-share/xinchi/kaldi/egs/timit/s5_la4/data-fmllr-tri3/train/data/feats_fmllr_train.10.ark:7982700
mpgh0_sx204 /nfs-share/xinchi/kaldi/egs/timit/s5_la4/data-fmllr-tri3/train/data/feats_fmllr_train.8.ark:7021947
mjdc0_sx171 /nfs-share/xinchi/kaldi/egs/timit/s5_la4/data-fmllr-tri3/train/data/feats_fmllr_train.6.ark:8531104
mgag0_sx331 /nfs-share/xinchi/kaldi/egs/timit/s5_la4/data-fmllr-tri3/train/data/feats_fmllr_train.5.ark:16805697
mbjv0_sx437 /nfs-share/xinchi/kaldi/egs/timit/s5_la4/data-fmllr-tri3/train/data/feats_fmllr_train.4.ark:5466257
fpaf0_si2314 /nfs-share/xinchi/kaldi/egs/timit/s5_la4/data-fmllr-tri3/train/data/feats_fmllr_train.3.ark:2162273
mmgk0_sx62 /nfs-share/xinchi/kaldi/egs/timit/s5_la4/data-fmllr-tri3/train/data/feats_fmllr_train.8.ark:998238
mtjg0_sx350 /nfs-share/xinchi/kaldi/egs/timit/s5_la4/data-fmllr-tri3/train/data/feats_fmllr_train.10.ark:4315919
mctm0_si1980 /nfs-share/xinchi/kaldi/egs/timit/s5_la4/data-fmllr-tri3/train/data/feats_fmllr_train.4.ark:13676013
mrds0_si537 /nfs-share/xinchi/kaldi/egs/timit/s5_la4/data-fmllr-tri3/train/data/feats_fmllr_train.8.ark:14869436
mtat1_si1627 /nfs-share/xinchi/kaldi/egs/timit/s5_la4/data-fmllr-tri3/train/data/feats_fmllr_train.10.ark:1668749
fblv0_si2318 /nfs-share/xinchi/kaldi/egs/timit/s5_la4/data-fmllr-tri3/train/data/feats_fmllr_train.1.ark:3799778
mrcg0_sx78 /nfs-share/xinchi/kaldi/egs/timit/s5_la4/data-fmllr-tri3/train/data/feats_fmllr_train.8.ark:13644701
fetb0_si1148 /nfs-share/xinchi/kaldi/egs/timit/s5_la4/data-fmllr-tri3/train/data/feats_fmllr_train.1.ark:15416959
mdac0_sx271 /nfs-share/xinchi/kaldi/egs/timit/s5_la4/data-fmllr-tri3/train/data/feats_fmllr_train.4.ark:14589328
fkaa0_si578 /nfs-share/xinchi/kaldi/egs/timit/s5_la4/data-fmllr-tri3/train/data/feats_fmllr_train.2.ark:5292493
mcss0_sx210 /nfs-share/xinchi/kaldi/egs/timit/s5_la4/data-fmllr-tri3/train/data/feats_fmllr_train.4.ark:13079340
mwac0_sx251 /nfs-share/xinchi/kaldi/egs/timit/s5_la4/data-fmllr-tri3/train/data/feats_fmllr_train.10.ark:13646381
mdks0_sx346 /nfs-share/xinchi/kaldi/egs/timit/s5_la4/data-fmllr-tri3/train/data/feats_fmllr_train.5.ark:2156915
mjeb1_si837 /nfs-share/xinchi/kaldi/egs/timit/s5_la4/data-fmllr-tri3/train/data/feats_fmllr_train.6.ark:10548162
mjrh1_si514 /nfs-share/xinchi/kaldi/egs/timit/s5_la4/data-fmllr-tri3/train/data/feats_fmllr_train.7.ark:503326
fpad0_si716 /nfs-share/xinchi/kaldi/egs/timit/s5_la4/data-fmllr-tri3/train/data/feats_fmllr_train.3.ark:1700135
mbth0_sx122 /nfs-share/xinchi/kaldi/egs/timit/s5_la4/data-fmllr-tri3/train/data/feats_fmllr_train.4.ark:7455477
mjsr0_sx254 /nfs-share/xinchi/kaldi/egs/timit/s5_la4/data-fmllr-tri3/train/data/feats_fmllr_train.7.ark:1744191
fetb0_si518 /nfs-share/xinchi/kaldi/egs/timit/s5_la4/data-fmllr-tri3/train/data/feats_fmllr_train.1.ark:15513974
mctm0_sx270 /nfs-share/xinchi/kaldi/egs/timit/s5_la4/data-fmllr-tri3/train/data/feats_fmllr_train.4.ark:13821854
mdtb0_sx300 /nfs-share/xinchi/kaldi/egs/timit/s5_la4/data-fmllr-tri3/train/data/feats_fmllr_train.5.ark:9452239
mjdm0_sx80 /nfs-share/xinchi/kaldi/egs/timit/s5_la4/data-fmllr-tri3/train/data/feats_fmllr_train.6.ark:10004662
fksr0_si1747 /nfs-share/xinchi/kaldi/egs/timit/s5_la4/data-fmllr-tri3/train/data/feats_fmllr_train.2.ark:8525724
mwdk0_sx86 /nfs-share/xinchi/kaldi/egs/timit/s5_la4/data-fmllr-tri3/train/data/feats_fmllr_train.10.ark:15210212
mmdb0_sx447 /nfs-share/xinchi/kaldi/egs/timit/s5_la4/data-fmllr-tri3/train/data/feats_fmllr_train.7.ark:15755521
mhjb0_sx27 /nfs-share/xinchi/kaldi/egs/timit/s5_la4/data-fmllr-tri3/train/data/feats_fmllr_train.6.ark:4506372
fmkc0_si1041 /nfs-share/xinchi/kaldi/egs/timit/s5_la4/data-fmllr-tri3/train/data/feats_fmllr_train.2.ark:16733616
mbma0_si1222 /nfs-share/xinchi/kaldi/egs/timit/s5_la4/data-fmllr-tri3/train/data/feats_fmllr_train.4.ark:5550791
mejs0_sx70 /nfs-share/xinchi/kaldi/egs/timit/s5_la4/data-fmllr-tri3/train/data/feats_fmllr_train.5.ark:12958403
flac0_sx91 /nfs-share/xinchi/kaldi/egs/timit/s5_la4/data-fmllr-tri3/train/data/feats_fmllr_train.2.ark:9180182
maeo0_sx156 /nfs-share/xinchi/kaldi/egs/timit/s5_la4/data-fmllr-tri3/train/data/feats_fmllr_train.4.ark:517913
fklc0_si2245 /nfs-share/xinchi/kaldi/egs/timit/s5_la4/data-fmllr-tri3/train/data/feats_fmllr_train.2.ark:7334352
mjai0_sx164 /nfs-share/xinchi/kaldi/egs/timit/s5_la4/data-fmllr-tri3/train/data/feats_fmllr_train.6.ark:7453971
mtmt0_sx38 /nfs-share/xinchi/kaldi/egs/timit/s5_la4/data-fmllr-tri3/train/data/feats_fmllr_train.10.ark:8353476
mdmt0_si1832 /nfs-share/xinchi/kaldi/egs/timit/s5_la4/data-fmllr-tri3/train/data/feats_fmllr_train.5.ark:5929030
fear0_sx352 /nfs-share/xinchi/kaldi/egs/timit/s5_la4/data-fmllr-tri3/train/data/feats_fmllr_train.1.ark:13959267
mjee0_sx427 /nfs-share/xinchi/kaldi/egs/timit/s5_la4/data-fmllr-tri3/train/data/feats_fmllr_train.6.ark:11111687
mdpb0_sx236 /nfs-share/xinchi/kaldi/egs/timit/s5_la4/data-fmllr-tri3/train/data/feats_fmllr_train.5.ark:6899813
mtmn0_si2324 /nfs-share/xinchi/kaldi/egs/timit/s5_la4/data-fmllr-tri3/train/data/feats_fmllr_train.10.ark:7707685
mtjm0_sx56 /nfs-share/xinchi/kaldi/egs/timit/s5_la4/data-fmllr-tri3/train/data/feats_fmllr_train.10.ark:4806269
fjrb0_sx402 /nfs-share/xinchi/kaldi/egs/timit/s5_la4/data-fmllr-tri3/train/data/feats_fmllr_train.2.ark:2655562
mmbs0_sx341 /nfs-share/xinchi/kaldi/egs/timit/s5_la4/data-fmllr-tri3/train/data/feats_fmllr_train.7.ark:14942740
mtjg0_si1520 /nfs-share/xinchi/kaldi/egs/timit/s5_la4/data-fmllr-tri3/train/data/feats_fmllr_train.10.ark:4089063
mgrp0_sx147 /nfs-share/xinchi/kaldi/egs/timit/s5_la4/data-fmllr-tri3/train/data/feats_fmllr_train.6.ark:2037022
mdlb0_sx226 /nfs-share/xinchi/kaldi/egs/timit/s5_la4/data-fmllr-tri3/train/data/feats_fmllr_train.5.ark:2562865
mfmc0_si502 /nfs-share/xinchi/kaldi/egs/timit/s5_la4/data-fmllr-tri3/train/data/feats_fmllr_train.5.ark:14451992
fmkc0_si1702 /nfs-share/xinchi/kaldi/egs/timit/s5_la4/data-fmllr-tri3/train/data/feats_fmllr_train.2.ark:16841512
mcdr0_sx434 /nfs-share/xinchi/kaldi/egs/timit/s5_la4/data-fmllr-tri3/train/data/feats_fmllr_train.4.ark:10041178
mesg0_sx162 /nfs-share/xinchi/kaldi/egs/timit/s5_la4/data-fmllr-tri3/train/data/feats_fmllr_train.5.ark:13121073
mhit0_sx83 /nfs-share/xinchi/kaldi/egs/timit/s5_la4/data-fmllr-tri3/train/data/feats_fmllr_train.6.ark:4257568
mmlm0_si897 /nfs-share/xinchi/kaldi/egs/timit/s5_la4/data-fmllr-tri3/train/data/feats_fmllr_train.8.ark:1526698
mhmr0_si1692 /nfs-share/xinchi/kaldi/egs/timit/s5_la4/data-fmllr-tri3/train/data/feats_fmllr_train.6.ark:4998219
msas0_sx206 /nfs-share/xinchi/kaldi/egs/timit/s5_la4/data-fmllr-tri3/train/data/feats_fmllr_train.9.ark:11667698
mdcm0_si1480 /nfs-share/xinchi/kaldi/egs/timit/s5_la4/data-fmllr-tri3/train/data/feats_fmllr_train.4.ark:16264542
marw0_sx349 /nfs-share/xinchi/kaldi/egs/timit/s5_la4/data-fmllr-tri3/train/data/feats_fmllr_train.4.ark:3247034
mtpf0_sx425 /nfs-share/xinchi/kaldi/egs/timit/s5_la4/data-fmllr-tri3/train/data/feats_fmllr_train.10.ark:8751774
fklh0_sx447 /nfs-share/xinchi/kaldi/egs/timit/s5_la4/data-fmllr-tri3/train/data/feats_fmllr_train.2.ark:8393802
mjws0_si1143 /nfs-share/xinchi/kaldi/egs/timit/s5_la4/data-fmllr-tri3/train/data/feats_fmllr_train.7.ark:2403875
mmdb0_si1617 /nfs-share/xinchi/kaldi/egs/timit/s5_la4/data-fmllr-tri3/train/data/feats_fmllr_train.7.ark:15537946
mkag0_sx259 /nfs-share/xinchi/kaldi/egs/timit/s5_la4/data-fmllr-tri3/train/data/feats_fmllr_train.7.ark:4236372
mjdc0_sx441 /nfs-share/xinchi/kaldi/egs/timit/s5_la4/data-fmllr-tri3/train/data/feats_fmllr_train.6.ark:8660145
fpls0_sx3 /nfs-share/xinchi/kaldi/egs/timit/s5_la4/data-fmllr-tri3/train/data/feats_fmllr_train.3.ark:3441083
madd0_sx178 /nfs-share/xinchi/kaldi/egs/timit/s5_la4/data-fmllr-tri3/train/data/feats_fmllr_train.3.ark:17721860
mbma1_sx144 /nfs-share/xinchi/kaldi/egs/timit/s5_la4/data-fmllr-tri3/train/data/feats_fmllr_train.4.ark:6061010
mgsh0_sx6 /nfs-share/xinchi/kaldi/egs/timit/s5_la4/data-fmllr-tri3/train/data/feats_fmllr_train.6.ark:2620678
mjwg0_sx175 /nfs-share/xinchi/kaldi/egs/timit/s5_la4/data-fmllr-tri3/train/data/feats_fmllr_train.7.ark:2162780
mtdb0_sx51 /nfs-share/xinchi/kaldi/egs/timit/s5_la4/data-fmllr-tri3/train/data/feats_fmllr_train.10.ark:3177561
mrew1_sx330 /nfs-share/xinchi/kaldi/egs/timit/s5_la4/data-fmllr-tri3/train/data/feats_fmllr_train.8.ark:16549745
mjfr0_sx255 /nfs-share/xinchi/kaldi/egs/timit/s5_la4/data-fmllr-tri3/train/data/feats_fmllr_train.6.ark:11723427
mmgc0_sx315 /nfs-share/xinchi/kaldi/egs/timit/s5_la4/data-fmllr-tri3/train/data/feats_fmllr_train.8.ark:229430
mdhs0_sx90 /nfs-share/xinchi/kaldi/egs/timit/s5_la4/data-fmllr-tri3/train/data/feats_fmllr_train.5.ark:1524053
mcre0_sx41 /nfs-share/xinchi/kaldi/egs/timit/s5_la4/data-fmllr-tri3/train/data/feats_fmllr_train.4.ark:12777284
fjlg0_sx179 /nfs-share/xinchi/kaldi/egs/timit/s5_la4/data-fmllr-tri3/train/data/feats_fmllr_train.2.ark:1742727
mlns0_sx417 /nfs-share/xinchi/kaldi/egs/timit/s5_la4/data-fmllr-tri3/train/data/feats_fmllr_train.7.ark:12090207
fexm0_sx291 /nfs-share/xinchi/kaldi/egs/timit/s5_la4/data-fmllr-tri3/train/data/feats_fmllr_train.1.ark:16080032
fsjs0_sx451 /nfs-share/xinchi/kaldi/egs/timit/s5_la4/data-fmllr-tri3/train/data/feats_fmllr_train.3.ark:9472846
mmpm0_sx161 /nfs-share/xinchi/kaldi/egs/timit/s5_la4/data-fmllr-tri3/train/data/feats_fmllr_train.8.ark:1889983
msas0_si1376 /nfs-share/xinchi/kaldi/egs/timit/s5_la4/data-fmllr-tri3/train/data/feats_fmllr_train.9.ark:11413989
fgmb0_sx65 /nfs-share/xinchi/kaldi/egs/timit/s5_la4/data-fmllr-tri3/train/data/feats_fmllr_train.1.ark:17463777
mmdm1_sx243 /nfs-share/xinchi/kaldi/egs/timit/s5_la4/data-fmllr-tri3/train/data/feats_fmllr_train.7.ark:16800758
fdtd0_sx121 /nfs-share/xinchi/kaldi/egs/timit/s5_la4/data-fmllr-tri3/train/data/feats_fmllr_train.1.ark:12734881
mjsr0_sx344 /nfs-share/xinchi/kaldi/egs/timit/s5_la4/data-fmllr-tri3/train/data/feats_fmllr_train.7.ark:1792698
mdtb0_si570 /nfs-share/xinchi/kaldi/egs/timit/s5_la4/data-fmllr-tri3/train/data/feats_fmllr_train.5.ark:9315038
fpls0_sx60 /nfs-share/xinchi/kaldi/egs/timit/s5_la4/data-fmllr-tri3/train/data/feats_fmllr_train.3.ark:3512016
fdfb0_si2010 /nfs-share/xinchi/kaldi/egs/timit/s5_la4/data-fmllr-tri3/train/data/feats_fmllr_train.1.ark:10230990
mram0_sx105 /nfs-share/xinchi/kaldi/egs/timit/s5_la4/data-fmllr-tri3/train/data/feats_fmllr_train.8.ark:12294982
mefg0_si598 /nfs-share/xinchi/kaldi/egs/timit/s5_la4/data-fmllr-tri3/train/data/feats_fmllr_train.5.ark:11534420
mfxs0_sx144 /nfs-share/xinchi/kaldi/egs/timit/s5_la4/data-fmllr-tri3/train/data/feats_fmllr_train.5.ark:15603072
mtab0_si942 /nfs-share/xinchi/kaldi/egs/timit/s5_la4/data-fmllr-tri3/train/data/feats_fmllr_train.10.ark:606205
mhjb0_sx117 /nfs-share/xinchi/kaldi/egs/timit/s5_la4/data-fmllr-tri3/train/data/feats_fmllr_train.6.ark:4446479
fsah0_sx434 /nfs-share/xinchi/kaldi/egs/timit/s5_la4/data-fmllr-tri3/train/data/feats_fmllr_train.3.ark:5872972
fkdw0_sx217 /nfs-share/xinchi/kaldi/egs/timit/s5_la4/data-fmllr-tri3/train/data/feats_fmllr_train.2.ark:6284662
mddc0_sx69 /nfs-share/xinchi/kaldi/egs/timit/s5_la4/data-fmllr-tri3/train/data/feats_fmllr_train.4.ark:16956628
mrms0_sx120 /nfs-share/xinchi/kaldi/egs/timit/s5_la4/data-fmllr-tri3/train/data/feats_fmllr_train.9.ark:6909225
mkes0_si623 /nfs-share/xinchi/kaldi/egs/timit/s5_la4/data-fmllr-tri3/train/data/feats_fmllr_train.7.ark:6838155
fklc0_sx355 /nfs-share/xinchi/kaldi/egs/timit/s5_la4/data-fmllr-tri3/train/data/feats_fmllr_train.2.ark:7578300
fmjb0_si1177 /nfs-share/xinchi/kaldi/egs/timit/s5_la4/data-fmllr-tri3/train/data/feats_fmllr_train.2.ark:15526727
mrfk0_sx446 /nfs-share/xinchi/kaldi/egs/timit/s5_la4/data-fmllr-tri3/train/data/feats_fmllr_train.8.ark:16976550
mpgh0_si1554 /nfs-share/xinchi/kaldi/egs/timit/s5_la4/data-fmllr-tri3/train/data/feats_fmllr_train.8.ark:6819919
mpgr1_si1269 /nfs-share/xinchi/kaldi/egs/timit/s5_la4/data-fmllr-tri3/train/data/feats_fmllr_train.8.ark:7506592
mcal0_sx148 /nfs-share/xinchi/kaldi/egs/timit/s5_la4/data-fmllr-tri3/train/data/feats_fmllr_train.4.ark:8728286
mcdc0_si662 /nfs-share/xinchi/kaldi/egs/timit/s5_la4/data-fmllr-tri3/train/data/feats_fmllr_train.4.ark:9067356
mmgc0_sx225 /nfs-share/xinchi/kaldi/egs/timit/s5_la4/data-fmllr-tri3/train/data/feats_fmllr_train.8.ark:195163
mrav0_si1008 /nfs-share/xinchi/kaldi/egs/timit/s5_la4/data-fmllr-tri3/train/data/feats_fmllr_train.8.ark:12512557
fexm0_si1101 /nfs-share/xinchi/kaldi/egs/timit/s5_la4/data-fmllr-tri3/train/data/feats_fmllr_train.1.ark:15794776
mbar0_sx419 /nfs-share/xinchi/kaldi/egs/timit/s5_la4/data-fmllr-tri3/train/data/feats_fmllr_train.4.ark:3675572
mtbc0_si1803 /nfs-share/xinchi/kaldi/egs/timit/s5_la4/data-fmllr-tri3/train/data/feats_fmllr_train.10.ark:2089446
msdh0_sx440 /nfs-share/xinchi/kaldi/egs/timit/s5_la4/data-fmllr-tri3/train/data/feats_fmllr_train.9.ark:13097582
fjlg0_sx269 /nfs-share/xinchi/kaldi/egs/timit/s5_la4/data-fmllr-tri3/train/data/feats_fmllr_train.2.ark:1793154
fjrp1_sx352 /nfs-share/xinchi/kaldi/egs/timit/s5_la4/data-fmllr-tri3/train/data/feats_fmllr_train.2.ark:3065192
mcdd0_sx73 /nfs-share/xinchi/kaldi/egs/timit/s5_la4/data-fmllr-tri3/train/data/feats_fmllr_train.4.ark:9647227
msvs0_si1568 /nfs-share/xinchi/kaldi/egs/timit/s5_la4/data-fmllr-tri3/train/data/feats_fmllr_train.10.ark:13
mpmb0_si871 /nfs-share/xinchi/kaldi/egs/timit/s5_la4/data-fmllr-tri3/train/data/feats_fmllr_train.8.ark:8082705
mmjb1_sx238 /nfs-share/xinchi/kaldi/egs/timit/s5_la4/data-fmllr-tri3/train/data/feats_fmllr_train.8.ark:1219975
mrab1_sx128 /nfs-share/xinchi/kaldi/egs/timit/s5_la4/data-fmllr-tri3/train/data/feats_fmllr_train.8.ark:11477267
mrcw0_si1371 /nfs-share/xinchi/kaldi/egs/timit/s5_la4/data-fmllr-tri3/train/data/feats_fmllr_train.8.ark:13699929
megj0_sx167 /nfs-share/xinchi/kaldi/egs/timit/s5_la4/data-fmllr-tri3/train/data/feats_fmllr_train.5.ark:12010184
mbjv0_sx167 /nfs-share/xinchi/kaldi/egs/timit/s5_la4/data-fmllr-tri3/train/data/feats_fmllr_train.4.ark:5330816
fjdm2_sx322 /nfs-share/xinchi/kaldi/egs/timit/s5_la4/data-fmllr-tri3/train/data/feats_fmllr_train.2.ark:271670
fscn0_sx266 /nfs-share/xinchi/kaldi/egs/timit/s5_la4/data-fmllr-tri3/train/data/feats_fmllr_train.3.ark:7018209
fbcg1_si2242 /nfs-share/xinchi/kaldi/egs/timit/s5_la4/data-fmllr-tri3/train/data/feats_fmllr_train.1.ark:2493020
mdlr0_sx423 /nfs-share/xinchi/kaldi/egs/timit/s5_la4/data-fmllr-tri3/train/data/feats_fmllr_train.5.ark:4960221
fmkc0_sx82 /nfs-share/xinchi/kaldi/egs/timit/s5_la4/data-fmllr-tri3/train/data/feats_fmllr_train.2.ark:17085166
fjdm2_si2212 /nfs-share/xinchi/kaldi/egs/timit/s5_la4/data-fmllr-tri3/train/data/feats_fmllr_train.2.ark:96549
fvmh0_si1466 /nfs-share/xinchi/kaldi/egs/timit/s5_la4/data-fmllr-tri3/train/data/feats_fmllr_train.3.ark:16493127
flja0_sx448 /nfs-share/xinchi/kaldi/egs/timit/s5_la4/data-fmllr-tri3/train/data/feats_fmllr_train.2.ark:11098844
mrtj0_si2032 /nfs-share/xinchi/kaldi/egs/timit/s5_la4/data-fmllr-tri3/train/data/feats_fmllr_train.9.ark:9231754
mrdm0_sx245 /nfs-share/xinchi/kaldi/egs/timit/s5_la4/data-fmllr-tri3/train/data/feats_fmllr_train.8.ark:14613913
mkln0_si2228 /nfs-share/xinchi/kaldi/egs/timit/s5_la4/data-fmllr-tri3/train/data/feats_fmllr_train.7.ark:7546882
mwem0_sx150 /nfs-share/xinchi/kaldi/egs/timit/s5_la4/data-fmllr-tri3/train/data/feats_fmllr_train.10.ark:15372243
mmvp0_si1914 /nfs-share/xinchi/kaldi/egs/timit/s5_la4/data-fmllr-tri3/train/data/feats_fmllr_train.8.ark:3015059
fjxp0_sx222 /nfs-share/xinchi/kaldi/egs/timit/s5_la4/data-fmllr-tri3/train/data/feats_fmllr_train.2.ark:5018250
mmdm0_si1311 /nfs-share/xinchi/kaldi/egs/timit/s5_la4/data-fmllr-tri3/train/data/feats_fmllr_train.7.ark:16233392
mcdd0_sx343 /nfs-share/xinchi/kaldi/egs/timit/s5_la4/data-fmllr-tri3/train/data/feats_fmllr_train.4.ark:9550694
mgjc0_sx255 /nfs-share/xinchi/kaldi/egs/timit/s5_la4/data-fmllr-tri3/train/data/feats_fmllr_train.6.ark:1282695
madc0_si1997 /nfs-share/xinchi/kaldi/egs/timit/s5_la4/data-fmllr-tri3/train/data/feats_fmllr_train.3.ark:17247989
mbth0_si757 /nfs-share/xinchi/kaldi/egs/timit/s5_la4/data-fmllr-tri3/train/data/feats_fmllr_train.4.ark:7422010
fmjf0_sx444 /nfs-share/xinchi/kaldi/egs/timit/s5_la4/data-fmllr-tri3/train/data/feats_fmllr_train.2.ark:16216065
fklh0_si627 /nfs-share/xinchi/kaldi/egs/timit/s5_la4/data-fmllr-tri3/train/data/feats_fmllr_train.2.ark:8205534
fskc0_si1416 /nfs-share/xinchi/kaldi/egs/timit/s5_la4/data-fmllr-tri3/train/data/feats_fmllr_train.3.ark:9998077
faem0_sx222 /nfs-share/xinchi/kaldi/egs/timit/s5_la4/data-fmllr-tri3/train/data/feats_fmllr_train.1.ark:201402
mkrg0_sx231 /nfs-share/xinchi/kaldi/egs/timit/s5_la4/data-fmllr-tri3/train/data/feats_fmllr_train.7.ark:9633011
mrab1_sx308 /nfs-share/xinchi/kaldi/egs/timit/s5_la4/data-fmllr-tri3/train/data/feats_fmllr_train.8.ark:11565801
mrjt0_si1498 /nfs-share/xinchi/kaldi/egs/timit/s5_la4/data-fmllr-tri3/train/data/feats_fmllr_train.9.ark:2495074
mrfl0_si526 /nfs-share/xinchi/kaldi/egs/timit/s5_la4/data-fmllr-tri3/train/data/feats_fmllr_train.8.ark:17160499
mbef0_sx291 /nfs-share/xinchi/kaldi/egs/timit/s5_la4/data-fmllr-tri3/train/data/feats_fmllr_train.4.ark:4720222
mvjh0_sx296 /nfs-share/xinchi/kaldi/egs/timit/s5_la4/data-fmllr-tri3/train/data/feats_fmllr_train.10.ark:12628503
mrhl0_sx435 /nfs-share/xinchi/kaldi/egs/timit/s5_la4/data-fmllr-tri3/train/data/feats_fmllr_train.9.ark:692871
mbom0_sx384 /nfs-share/xinchi/kaldi/egs/timit/s5_la4/data-fmllr-tri3/train/data/feats_fmllr_train.4.ark:6980273
mrjb1_sx210 /nfs-share/xinchi/kaldi/egs/timit/s5_la4/data-fmllr-tri3/train/data/feats_fmllr_train.9.ark:1064075
mmgk0_si692 /nfs-share/xinchi/kaldi/egs/timit/s5_la4/data-fmllr-tri3/train/data/feats_fmllr_train.8.ark:812984
fdaw0_si2036 /nfs-share/xinchi/kaldi/egs/timit/s5_la4/data-fmllr-tri3/train/data/feats_fmllr_train.1.ark:9848852
mgaw0_si1802 /nfs-share/xinchi/kaldi/egs/timit/s5_la4/data-fmllr-tri3/train/data/feats_fmllr_train.6.ark:456579
mgaf0_sx22 /nfs-share/xinchi/kaldi/egs/timit/s5_la4/data-fmllr-tri3/train/data/feats_fmllr_train.5.ark:16453320
mrkm0_sx277 /nfs-share/xinchi/kaldi/egs/timit/s5_la4/data-fmllr-tri3/train/data/feats_fmllr_train.9.ark:3168200
mree0_sx294 /nfs-share/xinchi/kaldi/egs/timit/s5_la4/data-fmllr-tri3/train/data/feats_fmllr_train.8.ark:15441921
mwre0_sx247 /nfs-share/xinchi/kaldi/egs/timit/s5_la4/data-fmllr-tri3/train/data/feats_fmllr_train.10.ark:16206785
mvjh0_sx206 /nfs-share/xinchi/kaldi/egs/timit/s5_la4/data-fmllr-tri3/train/data/feats_fmllr_train.10.ark:12546210
mmgc0_si2184 /nfs-share/xinchi/kaldi/egs/timit/s5_la4/data-fmllr-tri3/train/data/feats_fmllr_train.8.ark:120549
flod0_sx171 /nfs-share/xinchi/kaldi/egs/timit/s5_la4/data-fmllr-tri3/train/data/feats_fmllr_train.2.ark:13766709
mdsj0_sx22 /nfs-share/xinchi/kaldi/egs/timit/s5_la4/data-fmllr-tri3/train/data/feats_fmllr_train.5.ark:8394280
mmar0_sx166 /nfs-share/xinchi/kaldi/egs/timit/s5_la4/data-fmllr-tri3/train/data/feats_fmllr_train.7.ark:14354149
fjwb1_sx75 /nfs-share/xinchi/kaldi/egs/timit/s5_la4/data-fmllr-tri3/train/data/feats_fmllr_train.2.ark:4365896
mcth0_sx39 /nfs-share/xinchi/kaldi/egs/timit/s5_la4/data-fmllr-tri3/train/data/feats_fmllr_train.4.ark:13523130
fsjk1_si1025 /nfs-share/xinchi/kaldi/egs/timit/s5_la4/data-fmllr-tri3/train/data/feats_fmllr_train.3.ark:8826386
mcdr0_si1154 /nfs-share/xinchi/kaldi/egs/timit/s5_la4/data-fmllr-tri3/train/data/feats_fmllr_train.4.ark:9690295
mwad0_sx252 /nfs-share/xinchi/kaldi/egs/timit/s5_la4/data-fmllr-tri3/train/data/feats_fmllr_train.10.ark:14022759
mtjg0_sx170 /nfs-share/xinchi/kaldi/egs/timit/s5_la4/data-fmllr-tri3/train/data/feats_fmllr_train.10.ark:4200345
mdlb0_sx406 /nfs-share/xinchi/kaldi/egs/timit/s5_la4/data-fmllr-tri3/train/data/feats_fmllr_train.5.ark:2672199
mjlg1_sx292 /nfs-share/xinchi/kaldi/egs/timit/s5_la4/data-fmllr-tri3/train/data/feats_fmllr_train.6.ark:14561320
mjfh0_sx387 /nfs-share/xinchi/kaldi/egs/timit/s5_la4/data-fmllr-tri3/train/data/feats_fmllr_train.6.ark:11481370
mtjs0_si1822 /nfs-share/xinchi/kaldi/egs/timit/s5_la4/data-fmllr-tri3/train/data/feats_fmllr_train.10.ark:4887605
fsls0_sx202 /nfs-share/xinchi/kaldi/egs/timit/s5_la4/data-fmllr-tri3/train/data/feats_fmllr_train.3.ark:11316758
mtml0_sx75 /nfs-share/xinchi/kaldi/egs/timit/s5_la4/data-fmllr-tri3/train/data/feats_fmllr_train.10.ark:7603149
mdef0_si1123 /nfs-share/xinchi/kaldi/egs/timit/s5_la4/data-fmllr-tri3/train/data/feats_fmllr_train.5.ark:13
mwsb0_si2256 /nfs-share/xinchi/kaldi/egs/timit/s5_la4/data-fmllr-tri3/train/data/feats_fmllr_train.10.ark:16839937
fkdw0_si1207 /nfs-share/xinchi/kaldi/egs/timit/s5_la4/data-fmllr-tri3/train/data/feats_fmllr_train.2.ark:6053993
fsjg0_si2200 /nfs-share/xinchi/kaldi/egs/timit/s5_la4/data-fmllr-tri3/train/data/feats_fmllr_train.3.ark:8355317
mmdg0_si1780 /nfs-share/xinchi/kaldi/egs/timit/s5_la4/data-fmllr-tri3/train/data/feats_fmllr_train.7.ark:15817815
mwem0_si1320 /nfs-share/xinchi/kaldi/egs/timit/s5_la4/data-fmllr-tri3/train/data/feats_fmllr_train.10.ark:15248000
mdwh0_si665 /nfs-share/xinchi/kaldi/egs/timit/s5_la4/data-fmllr-tri3/train/data/feats_fmllr_train.5.ark:10049073
mkah0_si1528 /nfs-share/xinchi/kaldi/egs/timit/s5_la4/data-fmllr-tri3/train/data/feats_fmllr_train.7.ark:4423519
mrdm0_sx155 /nfs-share/xinchi/kaldi/egs/timit/s5_la4/data-fmllr-tri3/train/data/feats_fmllr_train.8.ark:14560766
mtwh1_si882 /nfs-share/xinchi/kaldi/egs/timit/s5_la4/data-fmllr-tri3/train/data/feats_fmllr_train.10.ark:11633081
mjws0_sx333 /nfs-share/xinchi/kaldi/egs/timit/s5_la4/data-fmllr-tri3/train/data/feats_fmllr_train.7.ark:2644491
mwad0_sx432 /nfs-share/xinchi/kaldi/egs/timit/s5_la4/data-fmllr-tri3/train/data/feats_fmllr_train.10.ark:14094333
msdb0_sx377 /nfs-share/xinchi/kaldi/egs/timit/s5_la4/data-fmllr-tri3/train/data/feats_fmllr_train.9.ark:12765711
mrvg0_si510 /nfs-share/xinchi/kaldi/egs/timit/s5_la4/data-fmllr-tri3/train/data/feats_fmllr_train.9.ark:9743358
mchl0_sx357 /nfs-share/xinchi/kaldi/egs/timit/s5_la4/data-fmllr-tri3/train/data/feats_fmllr_train.4.ark:11236843
mbcg0_sx237 /nfs-share/xinchi/kaldi/egs/timit/s5_la4/data-fmllr-tri3/train/data/feats_fmllr_train.4.ark:4292592
mnet0_sx366 /nfs-share/xinchi/kaldi/egs/timit/s5_la4/data-fmllr-tri3/train/data/feats_fmllr_train.8.ark:5191131
fcmg0_si1142 /nfs-share/xinchi/kaldi/egs/timit/s5_la4/data-fmllr-tri3/train/data/feats_fmllr_train.1.ark:7779390
fjlr0_sx61 /nfs-share/xinchi/kaldi/egs/timit/s5_la4/data-fmllr-tri3/train/data/feats_fmllr_train.2.ark:2327691
mcdr0_sx254 /nfs-share/xinchi/kaldi/egs/timit/s5_la4/data-fmllr-tri3/train/data/feats_fmllr_train.4.ark:9968324
mafm0_si939 /nfs-share/xinchi/kaldi/egs/timit/s5_la4/data-fmllr-tri3/train/data/feats_fmllr_train.4.ark:787543
mjde0_si490 /nfs-share/xinchi/kaldi/egs/timit/s5_la4/data-fmllr-tri3/train/data/feats_fmllr_train.6.ark:8860573
mtab0_sx402 /nfs-share/xinchi/kaldi/egs/timit/s5_la4/data-fmllr-tri3/train/data/feats_fmllr_train.10.ark:850313
mmsm0_sx296 /nfs-share/xinchi/kaldi/egs/timit/s5_la4/data-fmllr-tri3/train/data/feats_fmllr_train.8.ark:2882336
mfwk0_sx79 /nfs-share/xinchi/kaldi/egs/timit/s5_la4/data-fmllr-tri3/train/data/feats_fmllr_train.5.ark:15453841
mdpk0_sx333 /nfs-share/xinchi/kaldi/egs/timit/s5_la4/data-fmllr-tri3/train/data/feats_fmllr_train.5.ark:7272377
fbjl0_sx202 /nfs-share/xinchi/kaldi/egs/timit/s5_la4/data-fmllr-tri3/train/data/feats_fmllr_train.1.ark:3484094
fcaj0_sx129 /nfs-share/xinchi/kaldi/egs/timit/s5_la4/data-fmllr-tri3/train/data/feats_fmllr_train.1.ark:5348513
mtbc0_sx183 /nfs-share/xinchi/kaldi/egs/timit/s5_la4/data-fmllr-tri3/train/data/feats_fmllr_train.10.ark:2212700
fdjh0_si2195 /nfs-share/xinchi/kaldi/egs/timit/s5_la4/data-fmllr-tri3/train/data/feats_fmllr_train.1.ark:10510860
mcef0_sx55 /nfs-share/xinchi/kaldi/egs/timit/s5_la4/data-fmllr-tri3/train/data/feats_fmllr_train.4.ark:10439821
mwem0_sx240 /nfs-share/xinchi/kaldi/egs/timit/s5_la4/data-fmllr-tri3/train/data/feats_fmllr_train.10.ark:15416750
mcae0_sx367 /nfs-share/xinchi/kaldi/egs/timit/s5_la4/data-fmllr-tri3/train/data/feats_fmllr_train.4.ark:8442685
mdss0_sx351 /nfs-share/xinchi/kaldi/egs/timit/s5_la4/data-fmllr-tri3/train/data/feats_fmllr_train.5.ark:8778525
ftmg0_si2162 /nfs-share/xinchi/kaldi/egs/timit/s5_la4/data-fmllr-tri3/train/data/feats_fmllr_train.3.ark:15409303
mcef0_sx145 /nfs-share/xinchi/kaldi/egs/timit/s5_la4/data-fmllr-tri3/train/data/feats_fmllr_train.4.ark:10278434
mcss0_sx30 /nfs-share/xinchi/kaldi/egs/timit/s5_la4/data-fmllr-tri3/train/data/feats_fmllr_train.4.ark:13116486
mrab1_si848 /nfs-share/xinchi/kaldi/egs/timit/s5_la4/data-fmllr-tri3/train/data/feats_fmllr_train.8.ark:11411640
mtmn0_si1064 /nfs-share/xinchi/kaldi/egs/timit/s5_la4/data-fmllr-tri3/train/data/feats_fmllr_train.10.ark:7653097
mjkr0_sx31 /nfs-share/xinchi/kaldi/egs/timit/s5_la4/data-fmllr-tri3/train/data/feats_fmllr_train.6.ark:13876565
mgaf0_sx292 /nfs-share/xinchi/kaldi/egs/timit/s5_la4/data-fmllr-tri3/train/data/feats_fmllr_train.5.ark:16482307
mjjm0_sx17 /nfs-share/xinchi/kaldi/egs/timit/s5_la4/data-fmllr-tri3/train/data/feats_fmllr_train.6.ark:13383014
fcyl0_sx349 /nfs-share/xinchi/kaldi/egs/timit/s5_la4/data-fmllr-tri3/train/data/feats_fmllr_train.1.ark:9168658
msat1_sx263 /nfs-share/xinchi/kaldi/egs/timit/s5_la4/data-fmllr-tri3/train/data/feats_fmllr_train.9.ark:12353413
fjsk0_si1052 /nfs-share/xinchi/kaldi/egs/timit/s5_la4/data-fmllr-tri3/train/data/feats_fmllr_train.2.ark:3263193
mjae0_si1524 /nfs-share/xinchi/kaldi/egs/timit/s5_la4/data-fmllr-tri3/train/data/feats_fmllr_train.6.ark:6859592
mjac0_si1331 /nfs-share/xinchi/kaldi/egs/timit/s5_la4/data-fmllr-tri3/train/data/feats_fmllr_train.6.ark:6468495
flhd0_si1974 /nfs-share/xinchi/kaldi/egs/timit/s5_la4/data-fmllr-tri3/train/data/feats_fmllr_train.2.ark:10491478
mjls0_si1726 /nfs-share/xinchi/kaldi/egs/timit/s5_la4/data-fmllr-tri3/train/data/feats_fmllr_train.6.ark:14711003
fbmj0_sx246 /nfs-share/xinchi/kaldi/egs/timit/s5_la4/data-fmllr-tri3/train/data/feats_fmllr_train.1.ark:4683305
mrmg0_sx180 /nfs-share/xinchi/kaldi/egs/timit/s5_la4/data-fmllr-tri3/train/data/feats_fmllr_train.9.ark:5658972
mreh1_sx69 /nfs-share/xinchi/kaldi/egs/timit/s5_la4/data-fmllr-tri3/train/data/feats_fmllr_train.8.ark:15912085
mrsp0_si2059 /nfs-share/xinchi/kaldi/egs/timit/s5_la4/data-fmllr-tri3/train/data/feats_fmllr_train.9.ark:8423800
mrab0_sx144 /nfs-share/xinchi/kaldi/egs/timit/s5_la4/data-fmllr-tri3/train/data/feats_fmllr_train.8.ark:11074490
fcaj0_si1804 /nfs-share/xinchi/kaldi/egs/timit/s5_la4/data-fmllr-tri3/train/data/feats_fmllr_train.1.ark:5264459
mdas0_sx276 /nfs-share/xinchi/kaldi/egs/timit/s5_la4/data-fmllr-tri3/train/data/feats_fmllr_train.4.ark:14999011
mmdb0_sx177 /nfs-share/xinchi/kaldi/egs/timit/s5_la4/data-fmllr-tri3/train/data/feats_fmllr_train.7.ark:15631440
mklr0_sx429 /nfs-share/xinchi/kaldi/egs/timit/s5_la4/data-fmllr-tri3/train/data/feats_fmllr_train.7.ark:8115875
mfwk0_si619 /nfs-share/xinchi/kaldi/egs/timit/s5_la4/data-fmllr-tri3/train/data/feats_fmllr_train.5.ark:15202187
flmk0_sx225 /nfs-share/xinchi/kaldi/egs/timit/s5_la4/data-fmllr-tri3/train/data/feats_fmllr_train.2.ark:13416892
mvlo0_si517 /nfs-share/xinchi/kaldi/egs/timit/s5_la4/data-fmllr-tri3/train/data/feats_fmllr_train.10.ark:12786053
mkdt0_sx83 /nfs-share/xinchi/kaldi/egs/timit/s5_la4/data-fmllr-tri3/train/data/feats_fmllr_train.7.ark:6684152
mjdg0_sx52 /nfs-share/xinchi/kaldi/egs/timit/s5_la4/data-fmllr-tri3/train/data/feats_fmllr_train.6.ark:9571165
mcpm0_si1194 /nfs-share/xinchi/kaldi/egs/timit/s5_la4/data-fmllr-tri3/train/data/feats_fmllr_train.4.ark:12101838
mgsl0_sx174 /nfs-share/xinchi/kaldi/egs/timit/s5_la4/data-fmllr-tri3/train/data/feats_fmllr_train.6.ark:2879853
mtdp0_sx81 /nfs-share/xinchi/kaldi/egs/timit/s5_la4/data-fmllr-tri3/train/data/feats_fmllr_train.10.ark:3638259
fmpg0_si1602 /nfs-share/xinchi/kaldi/egs/timit/s5_la4/data-fmllr-tri3/train/data/feats_fmllr_train.2.ark:17925144
msrr0_sx231 /nfs-share/xinchi/kaldi/egs/timit/s5_la4/data-fmllr-tri3/train/data/feats_fmllr_train.9.ark:17581676
mtmt0_si488 /nfs-share/xinchi/kaldi/egs/timit/s5_la4/data-fmllr-tri3/train/data/feats_fmllr_train.10.ark:8153369
mjjj0_sx263 /nfs-share/xinchi/kaldi/egs/timit/s5_la4/data-fmllr-tri3/train/data/feats_fmllr_train.6.ark:12966798
mbbr0_si2315 /nfs-share/xinchi/kaldi/egs/timit/s5_la4/data-fmllr-tri3/train/data/feats_fmllr_train.4.ark:3863842
mmaa0_sx305 /nfs-share/xinchi/kaldi/egs/timit/s5_la4/data-fmllr-tri3/train/data/feats_fmllr_train.7.ark:12869814
msvs0_sx308 /nfs-share/xinchi/kaldi/egs/timit/s5_la4/data-fmllr-tri3/train/data/feats_fmllr_train.10.ark:305269
mtpg0_sx213 /nfs-share/xinchi/kaldi/egs/timit/s5_la4/data-fmllr-tri3/train/data/feats_fmllr_train.10.ark:9004097
fcyl0_si1297 /nfs-share/xinchi/kaldi/egs/timit/s5_la4/data-fmllr-tri3/train/data/feats_fmllr_train.1.ark:8926122
mtab0_si1572 /nfs-share/xinchi/kaldi/egs/timit/s5_la4/data-fmllr-tri3/train/data/feats_fmllr_train.10.ark:481670
mbma1_si2214 /nfs-share/xinchi/kaldi/egs/timit/s5_la4/data-fmllr-tri3/train/data/feats_fmllr_train.4.ark:5947996
mrkm0_sx7 /nfs-share/xinchi/kaldi/egs/timit/s5_la4/data-fmllr-tri3/train/data/feats_fmllr_train.9.ark:3287132
mrmh0_sx31 /nfs-share/xinchi/kaldi/egs/timit/s5_la4/data-fmllr-tri3/train/data/feats_fmllr_train.9.ark:6190790
mdcm0_sx400 /nfs-share/xinchi/kaldi/egs/timit/s5_la4/data-fmllr-tri3/train/data/feats_fmllr_train.4.ark:16606491
mdlh0_si1960 /nfs-share/xinchi/kaldi/egs/timit/s5_la4/data-fmllr-tri3/train/data/feats_fmllr_train.5.ark:3906505
mbjv0_si1247 /nfs-share/xinchi/kaldi/egs/timit/s5_la4/data-fmllr-tri3/train/data/feats_fmllr_train.4.ark:5198254
mpsw0_sx257 /nfs-share/xinchi/kaldi/egs/timit/s5_la4/data-fmllr-tri3/train/data/feats_fmllr_train.8.ark:10814167
mtjm0_sx146 /nfs-share/xinchi/kaldi/egs/timit/s5_la4/data-fmllr-tri3/train/data/feats_fmllr_train.10.ark:4647602
medr0_sx294 /nfs-share/xinchi/kaldi/egs/timit/s5_la4/data-fmllr-tri3/train/data/feats_fmllr_train.5.ark:11355112
fnkl0_sx442 /nfs-share/xinchi/kaldi/egs/timit/s5_la4/data-fmllr-tri3/train/data/feats_fmllr_train.3.ark:278096
mklw0_si1844 /nfs-share/xinchi/kaldi/egs/timit/s5_la4/data-fmllr-tri3/train/data/feats_fmllr_train.7.ark:9072552
fkkh0_sx300 /nfs-share/xinchi/kaldi/egs/timit/s5_la4/data-fmllr-tri3/train/data/feats_fmllr_train.2.ark:7215549
mter0_si527 /nfs-share/xinchi/kaldi/egs/timit/s5_la4/data-fmllr-tri3/train/data/feats_fmllr_train.10.ark:3799462
mgsl0_sx264 /nfs-share/xinchi/kaldi/egs/timit/s5_la4/data-fmllr-tri3/train/data/feats_fmllr_train.6.ark:2940360
mtdb0_si1401 /nfs-share/xinchi/kaldi/egs/timit/s5_la4/data-fmllr-tri3/train/data/feats_fmllr_train.10.ark:2828092
fpad0_si1976 /nfs-share/xinchi/kaldi/egs/timit/s5_la4/data-fmllr-tri3/train/data/feats_fmllr_train.3.ark:1659948
mtkp0_sx213 /nfs-share/xinchi/kaldi/egs/timit/s5_la4/data-fmllr-tri3/train/data/feats_fmllr_train.10.ark:6340337
fajw0_sx273 /nfs-share/xinchi/kaldi/egs/timit/s5_la4/data-fmllr-tri3/train/data/feats_fmllr_train.1.ark:638099
meal0_si1547 /nfs-share/xinchi/kaldi/egs/timit/s5_la4/data-fmllr-tri3/train/data/feats_fmllr_train.5.ark:10773932
mgar0_si1842 /nfs-share/xinchi/kaldi/egs/timit/s5_la4/data-fmllr-tri3/train/data/feats_fmllr_train.6.ark:93829
fnkl0_si892 /nfs-share/xinchi/kaldi/egs/timit/s5_la4/data-fmllr-tri3/train/data/feats_fmllr_train.3.ark:81348
mrpc1_sx42 /nfs-share/xinchi/kaldi/egs/timit/s5_la4/data-fmllr-tri3/train/data/feats_fmllr_train.9.ark:7385070
mhbs0_sx225 /nfs-share/xinchi/kaldi/egs/timit/s5_la4/data-fmllr-tri3/train/data/feats_fmllr_train.6.ark:3768311
fdml0_si1149 /nfs-share/xinchi/kaldi/egs/timit/s5_la4/data-fmllr-tri3/train/data/feats_fmllr_train.1.ark:11281667
fsak0_sx220 /nfs-share/xinchi/kaldi/egs/timit/s5_la4/data-fmllr-tri3/train/data/feats_fmllr_train.3.ark:6137135
fltm0_sx440 /nfs-share/xinchi/kaldi/egs/timit/s5_la4/data-fmllr-tri3/train/data/feats_fmllr_train.2.ark:14239622
mdhl0_sx179 /nfs-share/xinchi/kaldi/egs/timit/s5_la4/data-fmllr-tri3/train/data/feats_fmllr_train.5.ark:969009
mbcg0_si957 /nfs-share/xinchi/kaldi/egs/timit/s5_la4/data-fmllr-tri3/train/data/feats_fmllr_train.4.ark:4183098
medr0_sx204 /nfs-share/xinchi/kaldi/egs/timit/s5_la4/data-fmllr-tri3/train/data/feats_fmllr_train.5.ark:11283059
mjbg0_si1724 /nfs-share/xinchi/kaldi/egs/timit/s5_la4/data-fmllr-tri3/train/data/feats_fmllr_train.6.ark:7700374
mjwg0_sx265 /nfs-share/xinchi/kaldi/egs/timit/s5_la4/data-fmllr-tri3/train/data/feats_fmllr_train.7.ark:2230967
fgmb0_sx425 /nfs-share/xinchi/kaldi/egs/timit/s5_la4/data-fmllr-tri3/train/data/feats_fmllr_train.1.ark:17426311
mjeb1_si2097 /nfs-share/xinchi/kaldi/egs/timit/s5_la4/data-fmllr-tri3/train/data/feats_fmllr_train.6.ark:10492135
mdlc2_si2244 /nfs-share/xinchi/kaldi/egs/timit/s5_la4/data-fmllr-tri3/train/data/feats_fmllr_train.5.ark:3597676
ftaj0_si474 /nfs-share/xinchi/kaldi/egs/timit/s5_la4/data-fmllr-tri3/train/data/feats_fmllr_train.3.ark:13946036
fdxw0_si2141 /nfs-share/xinchi/kaldi/egs/timit/s5_la4/data-fmllr-tri3/train/data/feats_fmllr_train.1.ark:13041765
mrvg0_si1770 /nfs-share/xinchi/kaldi/egs/timit/s5_la4/data-fmllr-tri3/train/data/feats_fmllr_train.9.ark:9706691
flet0_sx237 /nfs-share/xinchi/kaldi/egs/timit/s5_la4/data-fmllr-tri3/train/data/feats_fmllr_train.2.ark:10270674
mdns0_sx381 /nfs-share/xinchi/kaldi/egs/timit/s5_la4/data-fmllr-tri3/train/data/feats_fmllr_train.5.ark:6625916
mrmg0_si1080 /nfs-share/xinchi/kaldi/egs/timit/s5_la4/data-fmllr-tri3/train/data/feats_fmllr_train.9.ark:5511529
mdlr0_sx243 /nfs-share/xinchi/kaldi/egs/timit/s5_la4/data-fmllr-tri3/train/data/feats_fmllr_train.5.ark:4843527
mgaw0_sx85 /nfs-share/xinchi/kaldi/egs/timit/s5_la4/data-fmllr-tri3/train/data/feats_fmllr_train.6.ark:716580
mpsw0_si1067 /nfs-share/xinchi/kaldi/egs/timit/s5_la4/data-fmllr-tri3/train/data/feats_fmllr_train.8.ark:10629231
fjrp1_si802 /nfs-share/xinchi/kaldi/egs/timit/s5_la4/data-fmllr-tri3/train/data/feats_fmllr_train.2.ark:2901591
msrr0_sx30 /nfs-share/xinchi/kaldi/egs/timit/s5_la4/data-fmllr-tri3/train/data/feats_fmllr_train.9.ark:17604582
mejs0_sx430 /nfs-share/xinchi/kaldi/egs/timit/s5_la4/data-fmllr-tri3/train/data/feats_fmllr_train.5.ark:12897737
mwrp0_sx3 /nfs-share/xinchi/kaldi/egs/timit/s5_la4/data-fmllr-tri3/train/data/feats_fmllr_train.10.ark:16676468
fgcs0_sx136 /nfs-share/xinchi/kaldi/egs/timit/s5_la4/data-fmllr-tri3/train/data/feats_fmllr_train.1.ark:16375236
fdkn0_sx181 /nfs-share/xinchi/kaldi/egs/timit/s5_la4/data-fmllr-tri3/train/data/feats_fmllr_train.1.ark:10997852
mtjg0_si2157 /nfs-share/xinchi/kaldi/egs/timit/s5_la4/data-fmllr-tri3/train/data/feats_fmllr_train.10.ark:4119491
fdml0_si2075 /nfs-share/xinchi/kaldi/egs/timit/s5_la4/data-fmllr-tri3/train/data/feats_fmllr_train.1.ark:11379483
flod0_sx387 /nfs-share/xinchi/kaldi/egs/timit/s5_la4/data-fmllr-tri3/train/data/feats_fmllr_train.2.ark:13891750
mjda0_sx401 /nfs-share/xinchi/kaldi/egs/timit/s5_la4/data-fmllr-tri3/train/data/feats_fmllr_train.6.ark:8273528
mrws0_si1102 /nfs-share/xinchi/kaldi/egs/timit/s5_la4/data-fmllr-tri3/train/data/feats_fmllr_train.9.ark:10372857
mrtc0_sx108 /nfs-share/xinchi/kaldi/egs/timit/s5_la4/data-fmllr-tri3/train/data/feats_fmllr_train.9.ark:8931591
mclm0_sx286 /nfs-share/xinchi/kaldi/egs/timit/s5_la4/data-fmllr-tri3/train/data/feats_fmllr_train.4.ark:12010583
fcke0_sx211 /nfs-share/xinchi/kaldi/egs/timit/s5_la4/data-fmllr-tri3/train/data/feats_fmllr_train.1.ark:7264665
mgsh0_sx96 /nfs-share/xinchi/kaldi/egs/timit/s5_la4/data-fmllr-tri3/train/data/feats_fmllr_train.6.ark:2664064
mdma0_sx440 /nfs-share/xinchi/kaldi/egs/timit/s5_la4/data-fmllr-tri3/train/data/feats_fmllr_train.5.ark:5815696
msjk0_si1596 /nfs-share/xinchi/kaldi/egs/timit/s5_la4/data-fmllr-tri3/train/data/feats_fmllr_train.9.ark:15415363
mvlo0_si1147 /nfs-share/xinchi/kaldi/egs/timit/s5_la4/data-fmllr-tri3/train/data/feats_fmllr_train.10.ark:12702958
mdhl0_si2069 /nfs-share/xinchi/kaldi/egs/timit/s5_la4/data-fmllr-tri3/train/data/feats_fmllr_train.5.ark:877915
mjra0_sx156 /nfs-share/xinchi/kaldi/egs/timit/s5_la4/data-fmllr-tri3/train/data/feats_fmllr_train.6.ark:17365537
mmwb0_si1619 /nfs-share/xinchi/kaldi/egs/timit/s5_la4/data-fmllr-tri3/train/data/feats_fmllr_train.8.ark:3435089
mctm0_sx180 /nfs-share/xinchi/kaldi/egs/timit/s5_la4/data-fmllr-tri3/train/data/feats_fmllr_train.4.ark:13776707
mtwh1_si2142 /nfs-share/xinchi/kaldi/egs/timit/s5_la4/data-fmllr-tri3/train/data/feats_fmllr_train.10.ark:11607934
mwrp0_sx183 /nfs-share/xinchi/kaldi/egs/timit/s5_la4/data-fmllr-tri3/train/data/feats_fmllr_train.10.ark:16588576
frjb0_sx257 /nfs-share/xinchi/kaldi/egs/timit/s5_la4/data-fmllr-tri3/train/data/feats_fmllr_train.3.ark:4504588
mrtc0_sx198 /nfs-share/xinchi/kaldi/egs/timit/s5_la4/data-fmllr-tri3/train/data/feats_fmllr_train.9.ark:9026044
mjxl0_sx272 /nfs-share/xinchi/kaldi/egs/timit/s5_la4/data-fmllr-tri3/train/data/feats_fmllr_train.7.ark:3797755
mdcd0_si2045 /nfs-share/xinchi/kaldi/egs/timit/s5_la4/data-fmllr-tri3/train/data/feats_fmllr_train.4.ark:15932673
mmvp0_sx114 /nfs-share/xinchi/kaldi/egs/timit/s5_la4/data-fmllr-tri3/train/data/feats_fmllr_train.8.ark:3167753
fbmj0_sx156 /nfs-share/xinchi/kaldi/egs/timit/s5_la4/data-fmllr-tri3/train/data/feats_fmllr_train.1.ark:4630318
mwgr0_sx166 /nfs-share/xinchi/kaldi/egs/timit/s5_la4/data-fmllr-tri3/train/data/feats_fmllr_train.10.ark:15795340
mbar0_sx239 /nfs-share/xinchi/kaldi/egs/timit/s5_la4/data-fmllr-tri3/train/data/feats_fmllr_train.4.ark:3571998
fjxm0_si581 /nfs-share/xinchi/kaldi/egs/timit/s5_la4/data-fmllr-tri3/train/data/feats_fmllr_train.2.ark:4480219
fgmb0_sx245 /nfs-share/xinchi/kaldi/egs/timit/s5_la4/data-fmllr-tri3/train/data/feats_fmllr_train.1.ark:17296177
mclk0_sx400 /nfs-share/xinchi/kaldi/egs/timit/s5_la4/data-fmllr-tri3/train/data/feats_fmllr_train.4.ark:11725433
mrfk0_sx266 /nfs-share/xinchi/kaldi/egs/timit/s5_la4/data-fmllr-tri3/train/data/feats_fmllr_train.8.ark:16896976
msmc0_si509 /nfs-share/xinchi/kaldi/egs/timit/s5_la4/data-fmllr-tri3/train/data/feats_fmllr_train.9.ark:15868407
fsgf0_sx207 /nfs-share/xinchi/kaldi/egs/timit/s5_la4/data-fmllr-tri3/train/data/feats_fmllr_train.3.ark:8150061
mwsb0_si996 /nfs-share/xinchi/kaldi/egs/timit/s5_la4/data-fmllr-tri3/train/data/feats_fmllr_train.10.ark:16875644
mrtc0_sx288 /nfs-share/xinchi/kaldi/egs/timit/s5_la4/data-fmllr-tri3/train/data/feats_fmllr_train.9.ark:9068471
mfxv0_si1342 /nfs-share/xinchi/kaldi/egs/timit/s5_la4/data-fmllr-tri3/train/data/feats_fmllr_train.5.ark:15932835
fskl0_si2159 /nfs-share/xinchi/kaldi/egs/timit/s5_la4/data-fmllr-tri3/train/data/feats_fmllr_train.3.ark:10395922
mdns0_sx21 /nfs-share/xinchi/kaldi/egs/timit/s5_la4/data-fmllr-tri3/train/data/feats_fmllr_train.5.ark:6554182
mjhi0_si555 /nfs-share/xinchi/kaldi/egs/timit/s5_la4/data-fmllr-tri3/train/data/feats_fmllr_train.6.ark:12024362
mtjm0_si1226 /nfs-share/xinchi/kaldi/egs/timit/s5_la4/data-fmllr-tri3/train/data/feats_fmllr_train.10.ark:4469440
fspm0_si1871 /nfs-share/xinchi/kaldi/egs/timit/s5_la4/data-fmllr-tri3/train/data/feats_fmllr_train.3.ark:12783785
fmem0_sx333 /nfs-share/xinchi/kaldi/egs/timit/s5_la4/data-fmllr-tri3/train/data/feats_fmllr_train.2.ark:15384272
mhbs0_sx315 /nfs-share/xinchi/kaldi/egs/timit/s5_la4/data-fmllr-tri3/train/data/feats_fmllr_train.6.ark:3798098
meal0_sx347 /nfs-share/xinchi/kaldi/egs/timit/s5_la4/data-fmllr-tri3/train/data/feats_fmllr_train.5.ark:10988335
mrcg0_sx168 /nfs-share/xinchi/kaldi/egs/timit/s5_la4/data-fmllr-tri3/train/data/feats_fmllr_train.8.ark:13407314
mfer0_sx142 /nfs-share/xinchi/kaldi/egs/timit/s5_la4/data-fmllr-tri3/train/data/feats_fmllr_train.5.ark:14137082
feme0_sx335 /nfs-share/xinchi/kaldi/egs/timit/s5_la4/data-fmllr-tri3/train/data/feats_fmllr_train.1.ark:15255278
mwre0_sx337 /nfs-share/xinchi/kaldi/egs/timit/s5_la4/data-fmllr-tri3/train/data/feats_fmllr_train.10.ark:16264092
fbas0_sx127 /nfs-share/xinchi/kaldi/egs/timit/s5_la4/data-fmllr-tri3/train/data/feats_fmllr_train.1.ark:2279417
mjls0_sx286 /nfs-share/xinchi/kaldi/egs/timit/s5_la4/data-fmllr-tri3/train/data/feats_fmllr_train.6.ark:14947617
mmea0_si1388 /nfs-share/xinchi/kaldi/egs/timit/s5_la4/data-fmllr-tri3/train/data/feats_fmllr_train.7.ark:17323963
mmrp0_sx234 /nfs-share/xinchi/kaldi/egs/timit/s5_la4/data-fmllr-tri3/train/data/feats_fmllr_train.8.ark:2323026
mtkp0_si454 /nfs-share/xinchi/kaldi/egs/timit/s5_la4/data-fmllr-tri3/train/data/feats_fmllr_train.10.ark:6223643
fsjg0_sx220 /nfs-share/xinchi/kaldi/egs/timit/s5_la4/data-fmllr-tri3/train/data/feats_fmllr_train.3.ark:8545798
mcew0_si2072 /nfs-share/xinchi/kaldi/egs/timit/s5_la4/data-fmllr-tri3/train/data/feats_fmllr_train.4.ark:10537957
fhlm0_si1560 /nfs-share/xinchi/kaldi/egs/timit/s5_la4/data-fmllr-tri3/train/data/feats_fmllr_train.1.ark:17959863
fklc1_si1678 /nfs-share/xinchi/kaldi/egs/timit/s5_la4/data-fmllr-tri3/train/data/feats_fmllr_train.2.ark:7782569
mjdg0_sx412 /nfs-share/xinchi/kaldi/egs/timit/s5_la4/data-fmllr-tri3/train/data/feats_fmllr_train.6.ark:9528579
fbcg1_si1612 /nfs-share/xinchi/kaldi/egs/timit/s5_la4/data-fmllr-tri3/train/data/feats_fmllr_train.1.ark:2469312
mtrt0_sx417 /nfs-share/xinchi/kaldi/egs/timit/s5_la4/data-fmllr-tri3/train/data/feats_fmllr_train.10.ark:11464172
mrbc0_si599 /nfs-share/xinchi/kaldi/egs/timit/s5_la4/data-fmllr-tri3/train/data/feats_fmllr_train.8.ark:12936990
ftbw0_sx85 /nfs-share/xinchi/kaldi/egs/timit/s5_la4/data-fmllr-tri3/train/data/feats_fmllr_train.3.ark:14932871
fsjk1_si2285 /nfs-share/xinchi/kaldi/egs/timit/s5_la4/data-fmllr-tri3/train/data/feats_fmllr_train.3.ark:8876014
fbjl0_sx382 /nfs-share/xinchi/kaldi/egs/timit/s5_la4/data-fmllr-tri3/train/data/feats_fmllr_train.1.ark:3614254
flja0_sx88 /nfs-share/xinchi/kaldi/egs/timit/s5_la4/data-fmllr-tri3/train/data/feats_fmllr_train.2.ark:11143990
msdb0_si2267 /nfs-share/xinchi/kaldi/egs/timit/s5_la4/data-fmllr-tri3/train/data/feats_fmllr_train.9.ark:12616777
mses0_sx239 /nfs-share/xinchi/kaldi/egs/timit/s5_la4/data-fmllr-tri3/train/data/feats_fmllr_train.9.ark:14344261
mram0_sx375 /nfs-share/xinchi/kaldi/egs/timit/s5_la4/data-fmllr-tri3/train/data/feats_fmllr_train.8.ark:12461969
mtmt0_si1118 /nfs-share/xinchi/kaldi/egs/timit/s5_la4/data-fmllr-tri3/train/data/feats_fmllr_train.10.ark:8068354
mkxl0_si1815 /nfs-share/xinchi/kaldi/egs/timit/s5_la4/data-fmllr-tri3/train/data/feats_fmllr_train.7.ark:9795386
mrml0_sx341 /nfs-share/xinchi/kaldi/egs/timit/s5_la4/data-fmllr-tri3/train/data/feats_fmllr_train.9.ark:6577861
fvfb0_sx42 /nfs-share/xinchi/kaldi/egs/timit/s5_la4/data-fmllr-tri3/train/data/feats_fmllr_train.3.ark:16067762
mnet0_sx6 /nfs-share/xinchi/kaldi/egs/timit/s5_la4/data-fmllr-tri3/train/data/feats_fmllr_train.8.ark:5245556
mcdc0_si1922 /nfs-share/xinchi/kaldi/egs/timit/s5_la4/data-fmllr-tri3/train/data/feats_fmllr_train.4.ark:9029409
mjeb1_si1467 /nfs-share/xinchi/kaldi/egs/timit/s5_la4/data-fmllr-tri3/train/data/feats_fmllr_train.6.ark:10416267
mrem0_sx331 /nfs-share/xinchi/kaldi/egs/timit/s5_la4/data-fmllr-tri3/train/data/feats_fmllr_train.8.ark:16207608
fcmm0_sx420 /nfs-share/xinchi/kaldi/egs/timit/s5_la4/data-fmllr-tri3/train/data/feats_fmllr_train.1.ark:8462811
maeb0_sx90 /nfs-share/xinchi/kaldi/egs/timit/s5_la4/data-fmllr-tri3/train/data/feats_fmllr_train.4.ark:337962
fsls0_sx156 /nfs-share/xinchi/kaldi/egs/timit/s5_la4/data-fmllr-tri3/train/data/feats_fmllr_train.3.ark:11261211
mjjm0_si1457 /nfs-share/xinchi/kaldi/egs/timit/s5_la4/data-fmllr-tri3/train/data/feats_fmllr_train.6.ark:13239894
fdjh0_si1565 /nfs-share/xinchi/kaldi/egs/timit/s5_la4/data-fmllr-tri3/train/data/feats_fmllr_train.1.ark:10472272
flag0_sx384 /nfs-share/xinchi/kaldi/egs/timit/s5_la4/data-fmllr-tri3/train/data/feats_fmllr_train.2.ark:9613519
msem1_sx180 /nfs-share/xinchi/kaldi/egs/timit/s5_la4/data-fmllr-tri3/train/data/feats_fmllr_train.9.ark:13907696
mprb0_si1215 /nfs-share/xinchi/kaldi/egs/timit/s5_la4/data-fmllr-tri3/train/data/feats_fmllr_train.8.ark:8965832
mkaj0_si2044 /nfs-share/xinchi/kaldi/egs/timit/s5_la4/data-fmllr-tri3/train/data/feats_fmllr_train.7.ark:4846644
mkag0_si2239 /nfs-share/xinchi/kaldi/egs/timit/s5_la4/data-fmllr-tri3/train/data/feats_fmllr_train.7.ark:4075651
mstf0_sx316 /nfs-share/xinchi/kaldi/egs/timit/s5_la4/data-fmllr-tri3/train/data/feats_fmllr_train.9.ark:17994718
mrds0_sx177 /nfs-share/xinchi/kaldi/egs/timit/s5_la4/data-fmllr-tri3/train/data/feats_fmllr_train.8.ark:14927543
fsdj0_si1745 /nfs-share/xinchi/kaldi/egs/timit/s5_la4/data-fmllr-tri3/train/data/feats_fmllr_train.3.ark:7648483
mded0_si540 /nfs-share/xinchi/kaldi/egs/timit/s5_la4/data-fmllr-tri3/train/data/feats_fmllr_train.4.ark:17098471
fetb0_si1778 /nfs-share/xinchi/kaldi/egs/timit/s5_la4/data-fmllr-tri3/train/data/feats_fmllr_train.1.ark:15457787
mdac0_si631 /nfs-share/xinchi/kaldi/egs/timit/s5_la4/data-fmllr-tri3/train/data/feats_fmllr_train.4.ark:14444154
fmmh0_sx7 /nfs-share/xinchi/kaldi/egs/timit/s5_la4/data-fmllr-tri3/train/data/feats_fmllr_train.2.ark:17844290
mgrl0_si1497 /nfs-share/xinchi/kaldi/egs/timit/s5_la4/data-fmllr-tri3/train/data/feats_fmllr_train.6.ark:1506803
mrlr0_sx386 /nfs-share/xinchi/kaldi/egs/timit/s5_la4/data-fmllr-tri3/train/data/feats_fmllr_train.9.ark:5112564
mhxl0_si1772 /nfs-share/xinchi/kaldi/egs/timit/s5_la4/data-fmllr-tri3/train/data/feats_fmllr_train.6.ark:5723585
mklr0_sx339 /nfs-share/xinchi/kaldi/egs/timit/s5_la4/data-fmllr-tri3/train/data/feats_fmllr_train.7.ark:8074728
mdlc1_sx85 /nfs-share/xinchi/kaldi/egs/timit/s5_la4/data-fmllr-tri3/train/data/feats_fmllr_train.5.ark:3537940
mdlm0_sx154 /nfs-share/xinchi/kaldi/egs/timit/s5_la4/data-fmllr-tri3/train/data/feats_fmllr_train.5.ark:4468883
mcth0_si579 /nfs-share/xinchi/kaldi/egs/timit/s5_la4/data-fmllr-tri3/train/data/feats_fmllr_train.4.ark:13323183
mewm0_si718 /nfs-share/xinchi/kaldi/egs/timit/s5_la4/data-fmllr-tri3/train/data/feats_fmllr_train.5.ark:13751398
mesg0_sx252 /nfs-share/xinchi/kaldi/egs/timit/s5_la4/data-fmllr-tri3/train/data/feats_fmllr_train.5.ark:13172620
msmr0_sx145 /nfs-share/xinchi/kaldi/egs/timit/s5_la4/data-fmllr-tri3/train/data/feats_fmllr_train.9.ark:16386918
msat1_sx353 /nfs-share/xinchi/kaldi/egs/timit/s5_la4/data-fmllr-tri3/train/data/feats_fmllr_train.9.ark:12392160
mntw0_si1068 /nfs-share/xinchi/kaldi/egs/timit/s5_la4/data-fmllr-tri3/train/data/feats_fmllr_train.8.ark:5322090
mppc0_si1412 /nfs-share/xinchi/kaldi/egs/timit/s5_la4/data-fmllr-tri3/train/data/feats_fmllr_train.8.ark:8543507
fsah0_si1874 /nfs-share/xinchi/kaldi/egs/timit/s5_la4/data-fmllr-tri3/train/data/feats_fmllr_train.3.ark:5598437
mmws0_sx168 /nfs-share/xinchi/kaldi/egs/timit/s5_la4/data-fmllr-tri3/train/data/feats_fmllr_train.8.ark:4074747
mdrd0_sx392 /nfs-share/xinchi/kaldi/egs/timit/s5_la4/data-fmllr-tri3/train/data/feats_fmllr_train.5.ark:8150784
mclk0_sx40 /nfs-share/xinchi/kaldi/egs/timit/s5_la4/data-fmllr-tri3/train/data/feats_fmllr_train.4.ark:11680606
fsjs0_si1801 /nfs-share/xinchi/kaldi/egs/timit/s5_la4/data-fmllr-tri3/train/data/feats_fmllr_train.3.ark:9202311
fljd0_sx256 /nfs-share/xinchi/kaldi/egs/timit/s5_la4/data-fmllr-tri3/train/data/feats_fmllr_train.2.ark:11412287
mkag0_sx169 /nfs-share/xinchi/kaldi/egs/timit/s5_la4/data-fmllr-tri3/train/data/feats_fmllr_train.7.ark:4189305
mprt0_si495 /nfs-share/xinchi/kaldi/egs/timit/s5_la4/data-fmllr-tri3/train/data/feats_fmllr_train.8.ark:10347602
fjen0_sx417 /nfs-share/xinchi/kaldi/egs/timit/s5_la4/data-fmllr-tri3/train/data/feats_fmllr_train.2.ark:747115
mtjm0_si1856 /nfs-share/xinchi/kaldi/egs/timit/s5_la4/data-fmllr-tri3/train/data/feats_fmllr_train.10.ark:4530428
mjbg0_si1862 /nfs-share/xinchi/kaldi/egs/timit/s5_la4/data-fmllr-tri3/train/data/feats_fmllr_train.6.ark:7726962
fmem0_si2007 /nfs-share/xinchi/kaldi/egs/timit/s5_la4/data-fmllr-tri3/train/data/feats_fmllr_train.2.ark:15152617
mrdd0_si1050 /nfs-share/xinchi/kaldi/egs/timit/s5_la4/data-fmllr-tri3/train/data/feats_fmllr_train.8.ark:14046066
mjxa0_si877 /nfs-share/xinchi/kaldi/egs/timit/s5_la4/data-fmllr-tri3/train/data/feats_fmllr_train.7.ark:3350924
mjda0_sx221 /nfs-share/xinchi/kaldi/egs/timit/s5_la4/data-fmllr-tri3/train/data/feats_fmllr_train.6.ark:8176674
mkag0_sx439 /nfs-share/xinchi/kaldi/egs/timit/s5_la4/data-fmllr-tri3/train/data/feats_fmllr_train.7.ark:4317385
fmmh0_sx367 /nfs-share/xinchi/kaldi/egs/timit/s5_la4/data-fmllr-tri3/train/data/feats_fmllr_train.2.ark:17737198
mhit0_sx173 /nfs-share/xinchi/kaldi/egs/timit/s5_la4/data-fmllr-tri3/train/data/feats_fmllr_train.6.ark:4069301
mdbp0_si528 /nfs-share/xinchi/kaldi/egs/timit/s5_la4/data-fmllr-tri3/train/data/feats_fmllr_train.4.ark:15555843
mtpg0_sx123 /nfs-share/xinchi/kaldi/egs/timit/s5_la4/data-fmllr-tri3/train/data/feats_fmllr_train.10.ark:8962950
mkxl0_sx375 /nfs-share/xinchi/kaldi/egs/timit/s5_la4/data-fmllr-tri3/train/data/feats_fmllr_train.7.ark:10080348
mrmg0_sx90 /nfs-share/xinchi/kaldi/egs/timit/s5_la4/data-fmllr-tri3/train/data/feats_fmllr_train.9.ark:5856839
medr0_si1374 /nfs-share/xinchi/kaldi/egs/timit/s5_la4/data-fmllr-tri3/train/data/feats_fmllr_train.5.ark:11081030
fklc0_sx85 /nfs-share/xinchi/kaldi/egs/timit/s5_la4/data-fmllr-tri3/train/data/feats_fmllr_train.2.ark:7666193
makb0_si2276 /nfs-share/xinchi/kaldi/egs/timit/s5_la4/data-fmllr-tri3/train/data/feats_fmllr_train.4.ark:1643339
mfwk0_sx259 /nfs-share/xinchi/kaldi/egs/timit/s5_la4/data-fmllr-tri3/train/data/feats_fmllr_train.5.ark:15288961
fpac0_sx31 /nfs-share/xinchi/kaldi/egs/timit/s5_la4/data-fmllr-tri3/train/data/feats_fmllr_train.3.ark:1533145
mdem0_sx158 /nfs-share/xinchi/kaldi/egs/timit/s5_la4/data-fmllr-tri3/train/data/feats_fmllr_train.5.ark:547832
mdas0_sx21 /nfs-share/xinchi/kaldi/egs/timit/s5_la4/data-fmllr-tri3/train/data/feats_fmllr_train.4.ark:14970504
fhxs0_sx265 /nfs-share/xinchi/kaldi/egs/timit/s5_la4/data-fmllr-tri3/train/data/feats_fmllr_train.1.ark:18663231
mjxl0_sx452 /nfs-share/xinchi/kaldi/egs/timit/s5_la4/data-fmllr-tri3/train/data/feats_fmllr_train.7.ark:3903089
fsdj0_sx215 /nfs-share/xinchi/kaldi/egs/timit/s5_la4/data-fmllr-tri3/train/data/feats_fmllr_train.3.ark:7755444
mtrr0_sx378 /nfs-share/xinchi/kaldi/egs/timit/s5_la4/data-fmllr-tri3/train/data/feats_fmllr_train.10.ark:11132621
mtat1_sx149 /nfs-share/xinchi/kaldi/egs/timit/s5_la4/data-fmllr-tri3/train/data/feats_fmllr_train.10.ark:1772163
msas0_si2006 /nfs-share/xinchi/kaldi/egs/timit/s5_la4/data-fmllr-tri3/train/data/feats_fmllr_train.9.ark:11499457
mses0_sx59 /nfs-share/xinchi/kaldi/egs/timit/s5_la4/data-fmllr-tri3/train/data/feats_fmllr_train.9.ark:14475541
fcjs0_si977 /nfs-share/xinchi/kaldi/egs/timit/s5_la4/data-fmllr-tri3/train/data/feats_fmllr_train.1.ark:6753674
fsbk0_sx169 /nfs-share/xinchi/kaldi/egs/timit/s5_la4/data-fmllr-tri3/train/data/feats_fmllr_train.3.ark:6455886
mmea0_sx128 /nfs-share/xinchi/kaldi/egs/timit/s5_la4/data-fmllr-tri3/train/data/feats_fmllr_train.7.ark:17457805
mstf0_sx406 /nfs-share/xinchi/kaldi/egs/timit/s5_la4/data-fmllr-tri3/train/data/feats_fmllr_train.9.ark:18040985
fclt0_sx178 /nfs-share/xinchi/kaldi/egs/timit/s5_la4/data-fmllr-tri3/train/data/feats_fmllr_train.1.ark:7540855
mlsh0_sx427 /nfs-share/xinchi/kaldi/egs/timit/s5_la4/data-fmllr-tri3/train/data/feats_fmllr_train.7.ark:12494424
mtjm0_sx236 /nfs-share/xinchi/kaldi/egs/timit/s5_la4/data-fmllr-tri3/train/data/feats_fmllr_train.10.ark:4685549
fear0_sx262 /nfs-share/xinchi/kaldi/egs/timit/s5_la4/data-fmllr-tri3/train/data/feats_fmllr_train.1.ark:13917160
fgdp0_sx178 /nfs-share/xinchi/kaldi/egs/timit/s5_la4/data-fmllr-tri3/train/data/feats_fmllr_train.1.ark:16759613
mrgm0_si1792 /nfs-share/xinchi/kaldi/egs/timit/s5_la4/data-fmllr-tri3/train/data/feats_fmllr_train.8.ark:17538129
fdtd0_si2191 /nfs-share/xinchi/kaldi/egs/timit/s5_la4/data-fmllr-tri3/train/data/feats_fmllr_train.1.ark:12638347
fcyl0_si1927 /nfs-share/xinchi/kaldi/egs/timit/s5_la4/data-fmllr-tri3/train/data/feats_fmllr_train.1.ark:8975110
mwsb0_sx276 /nfs-share/xinchi/kaldi/egs/timit/s5_la4/data-fmllr-tri3/train/data/feats_fmllr_train.10.ark:16977778
fmbg0_sx3 /nfs-share/xinchi/kaldi/egs/timit/s5_la4/data-fmllr-tri3/train/data/feats_fmllr_train.2.ark:14909761
mmgg0_si1709 /nfs-share/xinchi/kaldi/egs/timit/s5_la4/data-fmllr-tri3/train/data/feats_fmllr_train.8.ark:428579
fmkf0_sx276 /nfs-share/xinchi/kaldi/egs/timit/s5_la4/data-fmllr-tri3/train/data/feats_fmllr_train.2.ark:17344503
mges0_si2111 /nfs-share/xinchi/kaldi/egs/timit/s5_la4/data-fmllr-tri3/train/data/feats_fmllr_train.6.ark:772156
feac0_si1875 /nfs-share/xinchi/kaldi/egs/timit/s5_la4/data-fmllr-tri3/train/data/feats_fmllr_train.1.ark:13380702
fjhk0_si1652 /nfs-share/xinchi/kaldi/egs/timit/s5_la4/data-fmllr-tri3/train/data/feats_fmllr_train.2.ark:906717
mkrg0_sx141 /nfs-share/xinchi/kaldi/egs/timit/s5_la4/data-fmllr-tri3/train/data/feats_fmllr_train.7.ark:9582104
fmkc0_si1072 /nfs-share/xinchi/kaldi/egs/timit/s5_la4/data-fmllr-tri3/train/data/feats_fmllr_train.2.ark:16805484
msas0_sx296 /nfs-share/xinchi/kaldi/egs/timit/s5_la4/data-fmllr-tri3/train/data/feats_fmllr_train.9.ark:11770951
flmc0_si1372 /nfs-share/xinchi/kaldi/egs/timit/s5_la4/data-fmllr-tri3/train/data/feats_fmllr_train.2.ark:12819605
mefg0_sx15 /nfs-share/xinchi/kaldi/egs/timit/s5_la4/data-fmllr-tri3/train/data/feats_fmllr_train.5.ark:11646473
msvs0_si2198 /nfs-share/xinchi/kaldi/egs/timit/s5_la4/data-fmllr-tri3/train/data/feats_fmllr_train.10.ark:41321
mmws1_sx81 /nfs-share/xinchi/kaldi/egs/timit/s5_la4/data-fmllr-tri3/train/data/feats_fmllr_train.8.ark:4580511
fdnc0_si1908 /nfs-share/xinchi/kaldi/egs/timit/s5_la4/data-fmllr-tri3/train/data/feats_fmllr_train.1.ark:12230129
mjmd0_sx218 /nfs-share/xinchi/kaldi/egs/timit/s5_la4/data-fmllr-tri3/train/data/feats_fmllr_train.6.ark:15578879
mtcs0_sx82 /nfs-share/xinchi/kaldi/egs/timit/s5_la4/data-fmllr-tri3/train/data/feats_fmllr_train.10.ark:2785024
mbth0_sx302 /nfs-share/xinchi/kaldi/egs/timit/s5_la4/data-fmllr-tri3/train/data/feats_fmllr_train.4.ark:7567051
mrld0_sx424 /nfs-share/xinchi/kaldi/egs/timit/s5_la4/data-fmllr-tri3/train/data/feats_fmllr_train.9.ark:3638229
mljh0_sx154 /nfs-share/xinchi/kaldi/egs/timit/s5_la4/data-fmllr-tri3/train/data/feats_fmllr_train.7.ark:11557909
mrxb0_sx235 /nfs-share/xinchi/kaldi/egs/timit/s5_la4/data-fmllr-tri3/train/data/feats_fmllr_train.9.ark:10924703
mjlg1_si2272 /nfs-share/xinchi/kaldi/egs/timit/s5_la4/data-fmllr-tri3/train/data/feats_fmllr_train.6.ark:14390973
mmdm1_si783 /nfs-share/xinchi/kaldi/egs/timit/s5_la4/data-fmllr-tri3/train/data/feats_fmllr_train.7.ark:16685824
mjpm1_si761 /nfs-share/xinchi/kaldi/egs/timit/s5_la4/data-fmllr-tri3/train/data/feats_fmllr_train.6.ark:16894253
mhit0_sx263 /nfs-share/xinchi/kaldi/egs/timit/s5_la4/data-fmllr-tri3/train/data/feats_fmllr_train.6.ark:4126608
mtjg0_sx440 /nfs-share/xinchi/kaldi/egs/timit/s5_la4/data-fmllr-tri3/train/data/feats_fmllr_train.10.ark:4377226
mrfk0_si2336 /nfs-share/xinchi/kaldi/egs/timit/s5_la4/data-fmllr-tri3/train/data/feats_fmllr_train.8.ark:16806362
mmws0_si1518 /nfs-share/xinchi/kaldi/egs/timit/s5_la4/data-fmllr-tri3/train/data/feats_fmllr_train.8.ark:3940266
mvlo0_sx247 /nfs-share/xinchi/kaldi/egs/timit/s5_la4/data-fmllr-tri3/train/data/feats_fmllr_train.10.ark:12892987
mefg0_sx375 /nfs-share/xinchi/kaldi/egs/timit/s5_la4/data-fmllr-tri3/train/data/feats_fmllr_train.5.ark:11770074
mjrk0_si1662 /nfs-share/xinchi/kaldi/egs/timit/s5_la4/data-fmllr-tri3/train/data/feats_fmllr_train.7.ark:765888
mdwh0_si1925 /nfs-share/xinchi/kaldi/egs/timit/s5_la4/data-fmllr-tri3/train/data/feats_fmllr_train.5.ark:10013206
mljc0_sx145 /nfs-share/xinchi/kaldi/egs/timit/s5_la4/data-fmllr-tri3/train/data/feats_fmllr_train.7.ark:11102492
msmc0_si647 /nfs-share/xinchi/kaldi/egs/timit/s5_la4/data-fmllr-tri3/train/data/feats_fmllr_train.9.ark:15933234
fceg0_sx438 /nfs-share/xinchi/kaldi/egs/timit/s5_la4/data-fmllr-tri3/train/data/feats_fmllr_train.1.ark:6311908
fdxw0_sx71 /nfs-share/xinchi/kaldi/egs/timit/s5_la4/data-fmllr-tri3/train/data/feats_fmllr_train.1.ark:13310566
mdwm0_sx433 /nfs-share/xinchi/kaldi/egs/timit/s5_la4/data-fmllr-tri3/train/data/feats_fmllr_train.5.ark:10725744
mmds0_sx173 /nfs-share/xinchi/kaldi/egs/timit/s5_la4/data-fmllr-tri3/train/data/feats_fmllr_train.7.ark:17130068
marc0_sx288 /nfs-share/xinchi/kaldi/egs/timit/s5_la4/data-fmllr-tri3/train/data/feats_fmllr_train.4.ark:2883617
mbgt0_si1841 /nfs-share/xinchi/kaldi/egs/timit/s5_la4/data-fmllr-tri3/train/data/feats_fmllr_train.4.ark:4811345
mbom0_sx114 /nfs-share/xinchi/kaldi/egs/timit/s5_la4/data-fmllr-tri3/train/data/feats_fmllr_train.4.ark:6808805
mjdg0_sx322 /nfs-share/xinchi/kaldi/egs/timit/s5_la4/data-fmllr-tri3/train/data/feats_fmllr_train.6.ark:9492392
mejl0_si1654 /nfs-share/xinchi/kaldi/egs/timit/s5_la4/data-fmllr-tri3/train/data/feats_fmllr_train.5.ark:12299625
mmgc0_sx405 /nfs-share/xinchi/kaldi/egs/timit/s5_la4/data-fmllr-tri3/train/data/feats_fmllr_train.8.ark:275537
fcag0_si1503 /nfs-share/xinchi/kaldi/egs/timit/s5_la4/data-fmllr-tri3/train/data/feats_fmllr_train.1.ark:4895413
mrhl0_sx165 /nfs-share/xinchi/kaldi/egs/timit/s5_la4/data-fmllr-tri3/train/data/feats_fmllr_train.9.ark:563830
mjpm0_si1998 /nfs-share/xinchi/kaldi/egs/timit/s5_la4/data-fmllr-tri3/train/data/feats_fmllr_train.6.ark:16506809
mdbp0_si1788 /nfs-share/xinchi/kaldi/egs/timit/s5_la4/data-fmllr-tri3/train/data/feats_fmllr_train.4.ark:15502856
mrgm0_sx416 /nfs-share/xinchi/kaldi/egs/timit/s5_la4/data-fmllr-tri3/train/data/feats_fmllr_train.8.ark:17785917
fsjw0_si1333 /nfs-share/xinchi/kaldi/egs/timit/s5_la4/data-fmllr-tri3/train/data/feats_fmllr_train.3.ark:9584260
mrtj0_si1551 /nfs-share/xinchi/kaldi/egs/timit/s5_la4/data-fmllr-tri3/train/data/feats_fmllr_train.9.ark:9173806
mpgr0_sx420 /nfs-share/xinchi/kaldi/egs/timit/s5_la4/data-fmllr-tri3/train/data/feats_fmllr_train.8.ark:7398218
mtju0_si760 /nfs-share/xinchi/kaldi/egs/timit/s5_la4/data-fmllr-tri3/train/data/feats_fmllr_train.10.ark:5394889
mhrm0_si958 /nfs-share/xinchi/kaldi/egs/timit/s5_la4/data-fmllr-tri3/train/data/feats_fmllr_train.6.ark:5429823
maeo0_sx336 /nfs-share/xinchi/kaldi/egs/timit/s5_la4/data-fmllr-tri3/train/data/feats_fmllr_train.4.ark:593327
fdnc0_sx108 /nfs-share/xinchi/kaldi/egs/timit/s5_la4/data-fmllr-tri3/train/data/feats_fmllr_train.1.ark:12333064
mpsw0_sx167 /nfs-share/xinchi/kaldi/egs/timit/s5_la4/data-fmllr-tri3/train/data/feats_fmllr_train.8.ark:10738434
mdpk0_sx243 /nfs-share/xinchi/kaldi/egs/timit/s5_la4/data-fmllr-tri3/train/data/feats_fmllr_train.5.ark:7229470
fmbg0_sx440 /nfs-share/xinchi/kaldi/egs/timit/s5_la4/data-fmllr-tri3/train/data/feats_fmllr_train.2.ark:14997335
mgrl0_sx327 /nfs-share/xinchi/kaldi/egs/timit/s5_la4/data-fmllr-tri3/train/data/feats_fmllr_train.6.ark:1709659
mcew0_sx92 /nfs-share/xinchi/kaldi/egs/timit/s5_la4/data-fmllr-tri3/train/data/feats_fmllr_train.4.ark:10922598
fbcg1_sx352 /nfs-share/xinchi/kaldi/egs/timit/s5_la4/data-fmllr-tri3/train/data/feats_fmllr_train.1.ark:2681928
msdb0_sx287 /nfs-share/xinchi/kaldi/egs/timit/s5_la4/data-fmllr-tri3/train/data/feats_fmllr_train.9.ark:12732564
mrvg0_sx420 /nfs-share/xinchi/kaldi/egs/timit/s5_la4/data-fmllr-tri3/train/data/feats_fmllr_train.9.ark:9898986
mbwp0_sx259 /nfs-share/xinchi/kaldi/egs/timit/s5_la4/data-fmllr-tri3/train/data/feats_fmllr_train.4.ark:7873961
mrld0_sx154 /nfs-share/xinchi/kaldi/egs/timit/s5_la4/data-fmllr-tri3/train/data/feats_fmllr_train.9.ark:3529028
mtpr0_si506 /nfs-share/xinchi/kaldi/egs/timit/s5_la4/data-fmllr-tri3/train/data/feats_fmllr_train.10.ark:9650717
mdlc0_sx135 /nfs-share/xinchi/kaldi/egs/timit/s5_la4/data-fmllr-tri3/train/data/feats_fmllr_train.5.ark:2968815
mmbs0_sx431 /nfs-share/xinchi/kaldi/egs/timit/s5_la4/data-fmllr-tri3/train/data/feats_fmllr_train.7.ark:14995727
msjk0_si2226 /nfs-share/xinchi/kaldi/egs/timit/s5_la4/data-fmllr-tri3/train/data/feats_fmllr_train.9.ark:15491391
mdas0_sx186 /nfs-share/xinchi/kaldi/egs/timit/s5_la4/data-fmllr-tri3/train/data/feats_fmllr_train.4.ark:14936558
mdas0_si636 /nfs-share/xinchi/kaldi/egs/timit/s5_la4/data-fmllr-tri3/train/data/feats_fmllr_train.4.ark:14871411
mdas0_sx6 /nfs-share/xinchi/kaldi/egs/timit/s5_la4/data-fmllr-tri3/train/data/feats_fmllr_train.4.ark:15034236
mcpm0_si1824 /nfs-share/xinchi/kaldi/egs/timit/s5_la4/data-fmllr-tri3/train/data/feats_fmllr_train.4.ark:12146346
fjrp1_sx172 /nfs-share/xinchi/kaldi/egs/timit/s5_la4/data-fmllr-tri3/train/data/feats_fmllr_train.2.ark:2942258
msem1_sx90 /nfs-share/xinchi/kaldi/egs/timit/s5_la4/data-fmllr-tri3/train/data/feats_fmllr_train.9.ark:14118523
fsjk1_si696 /nfs-share/xinchi/kaldi/egs/timit/s5_la4/data-fmllr-tri3/train/data/feats_fmllr_train.3.ark:8907561
fsbk0_sx439 /nfs-share/xinchi/kaldi/egs/timit/s5_la4/data-fmllr-tri3/train/data/feats_fmllr_train.3.ark:6640127
mrgm0_sx172 /nfs-share/xinchi/kaldi/egs/timit/s5_la4/data-fmllr-tri3/train/data/feats_fmllr_train.8.ark:17673703
mhbs0_si1575 /nfs-share/xinchi/kaldi/egs/timit/s5_la4/data-fmllr-tri3/train/data/feats_fmllr_train.6.ark:3565802
mdac0_si1261 /nfs-share/xinchi/kaldi/egs/timit/s5_la4/data-fmllr-tri3/train/data/feats_fmllr_train.4.ark:14365379
fklc0_sx175 /nfs-share/xinchi/kaldi/egs/timit/s5_la4/data-fmllr-tri3/train/data/feats_fmllr_train.2.ark:7447046
mrjb1_si1020 /nfs-share/xinchi/kaldi/egs/timit/s5_la4/data-fmllr-tri3/train/data/feats_fmllr_train.9.ark:783805
mrws0_sx202 /nfs-share/xinchi/kaldi/egs/timit/s5_la4/data-fmllr-tri3/train/data/feats_fmllr_train.9.ark:10555206
mfmc0_sx232 /nfs-share/xinchi/kaldi/egs/timit/s5_la4/data-fmllr-tri3/train/data/feats_fmllr_train.5.ark:14557166
fcjs0_sx167 /nfs-share/xinchi/kaldi/egs/timit/s5_la4/data-fmllr-tri3/train/data/feats_fmllr_train.1.ark:6799621
fsah0_si614 /nfs-share/xinchi/kaldi/egs/timit/s5_la4/data-fmllr-tri3/train/data/feats_fmllr_train.3.ark:5639584
mdem0_si1868 /nfs-share/xinchi/kaldi/egs/timit/s5_la4/data-fmllr-tri3/train/data/feats_fmllr_train.5.ark:352071
mkah0_sx268 /nfs-share/xinchi/kaldi/egs/timit/s5_la4/data-fmllr-tri3/train/data/feats_fmllr_train.7.ark:4619948
marc0_si1818 /nfs-share/xinchi/kaldi/egs/timit/s5_la4/data-fmllr-tri3/train/data/feats_fmllr_train.4.ark:2685883
fsmm0_sx324 /nfs-share/xinchi/kaldi/egs/timit/s5_la4/data-fmllr-tri3/train/data/feats_fmllr_train.3.ark:12132259
mtdb0_sx141 /nfs-share/xinchi/kaldi/egs/timit/s5_la4/data-fmllr-tri3/train/data/feats_fmllr_train.10.ark:2999694
fexm0_si482 /nfs-share/xinchi/kaldi/egs/timit/s5_la4/data-fmllr-tri3/train/data/feats_fmllr_train.1.ark:15900911
flac0_sx451 /nfs-share/xinchi/kaldi/egs/timit/s5_la4/data-fmllr-tri3/train/data/feats_fmllr_train.2.ark:9123676
msat1_sx83 /nfs-share/xinchi/kaldi/egs/timit/s5_la4/data-fmllr-tri3/train/data/feats_fmllr_train.9.ark:12482613
mdpb0_si1760 /nfs-share/xinchi/kaldi/egs/timit/s5_la4/data-fmllr-tri3/train/data/feats_fmllr_train.5.ark:6661944
mjjj0_sx173 /nfs-share/xinchi/kaldi/egs/timit/s5_la4/data-fmllr-tri3/train/data/feats_fmllr_train.6.ark:12913011
mmwb0_sx89 /nfs-share/xinchi/kaldi/egs/timit/s5_la4/data-fmllr-tri3/train/data/feats_fmllr_train.8.ark:3890158
mcre0_sx401 /nfs-share/xinchi/kaldi/egs/timit/s5_la4/data-fmllr-tri3/train/data/feats_fmllr_train.4.ark:12729098
fdnc0_sx18 /nfs-share/xinchi/kaldi/egs/timit/s5_la4/data-fmllr-tri3/train/data/feats_fmllr_train.1.ark:12379810
fdxw0_sx251 /nfs-share/xinchi/kaldi/egs/timit/s5_la4/data-fmllr-tri3/train/data/feats_fmllr_train.1.ark:13175766
fajw0_sx93 /nfs-share/xinchi/kaldi/egs/timit/s5_la4/data-fmllr-tri3/train/data/feats_fmllr_train.1.ark:764097
fclt0_sx88 /nfs-share/xinchi/kaldi/egs/timit/s5_la4/data-fmllr-tri3/train/data/feats_fmllr_train.1.ark:7724962
mjls0_sx376 /nfs-share/xinchi/kaldi/egs/timit/s5_la4/data-fmllr-tri3/train/data/feats_fmllr_train.6.ark:15009724
mdpk0_si1683 /nfs-share/xinchi/kaldi/egs/timit/s5_la4/data-fmllr-tri3/train/data/feats_fmllr_train.5.ark:7125709
mkxl0_sx285 /nfs-share/xinchi/kaldi/egs/timit/s5_la4/data-fmllr-tri3/train/data/feats_fmllr_train.7.ark:10042081
mrjb1_sx390 /nfs-share/xinchi/kaldi/egs/timit/s5_la4/data-fmllr-tri3/train/data/feats_fmllr_train.9.ark:1179515
mmcc0_sx438 /nfs-share/xinchi/kaldi/egs/timit/s5_la4/data-fmllr-tri3/train/data/feats_fmllr_train.7.ark:15383624
mbml0_sx179 /nfs-share/xinchi/kaldi/egs/timit/s5_la4/data-fmllr-tri3/train/data/feats_fmllr_train.4.ark:6450667
mtrt0_sx57 /nfs-share/xinchi/kaldi/egs/timit/s5_la4/data-fmllr-tri3/train/data/feats_fmllr_train.10.ark:11511558
mrtc0_si1458 /nfs-share/xinchi/kaldi/egs/timit/s5_la4/data-fmllr-tri3/train/data/feats_fmllr_train.9.ark:8751509
mkls1_sx15 /nfs-share/xinchi/kaldi/egs/timit/s5_la4/data-fmllr-tri3/train/data/feats_fmllr_train.7.ark:8822175
mrfk0_sx86 /nfs-share/xinchi/kaldi/egs/timit/s5_la4/data-fmllr-tri3/train/data/feats_fmllr_train.8.ark:17016736
fsjg0_sx310 /nfs-share/xinchi/kaldi/egs/timit/s5_la4/data-fmllr-tri3/train/data/feats_fmllr_train.3.ark:8630145
fjkl0_si2192 /nfs-share/xinchi/kaldi/egs/timit/s5_la4/data-fmllr-tri3/train/data/feats_fmllr_train.2.ark:1267415
mgaf0_si1282 /nfs-share/xinchi/kaldi/egs/timit/s5_la4/data-fmllr-tri3/train/data/feats_fmllr_train.5.ark:16233825
mtrr0_si918 /nfs-share/xinchi/kaldi/egs/timit/s5_la4/data-fmllr-tri3/train/data/feats_fmllr_train.10.ark:10884327
mdas0_si1266 /nfs-share/xinchi/kaldi/egs/timit/s5_la4/data-fmllr-tri3/train/data/feats_fmllr_train.4.ark:14766236
msah1_si1679 /nfs-share/xinchi/kaldi/egs/timit/s5_la4/data-fmllr-tri3/train/data/feats_fmllr_train.9.ark:11139399
mtcs0_sx352 /nfs-share/xinchi/kaldi/egs/timit/s5_la4/data-fmllr-tri3/train/data/feats_fmllr_train.10.ark:2665451
fbjl0_sx112 /nfs-share/xinchi/kaldi/egs/timit/s5_la4/data-fmllr-tri3/train/data/feats_fmllr_train.1.ark:3435587
mjra0_si606 /nfs-share/xinchi/kaldi/egs/timit/s5_la4/data-fmllr-tri3/train/data/feats_fmllr_train.6.ark:17322630
msfv0_sx272 /nfs-share/xinchi/kaldi/egs/timit/s5_la4/data-fmllr-tri3/train/data/feats_fmllr_train.9.ark:15196855
mmab1_si864 /nfs-share/xinchi/kaldi/egs/timit/s5_la4/data-fmllr-tri3/train/data/feats_fmllr_train.7.ark:13064030
mcdd0_sx163 /nfs-share/xinchi/kaldi/egs/timit/s5_la4/data-fmllr-tri3/train/data/feats_fmllr_train.4.ark:9474800
mrso0_si1659 /nfs-share/xinchi/kaldi/egs/timit/s5_la4/data-fmllr-tri3/train/data/feats_fmllr_train.9.ark:7963422
fceg0_sx168 /nfs-share/xinchi/kaldi/egs/timit/s5_la4/data-fmllr-tri3/train/data/feats_fmllr_train.1.ark:6191987
fpaz0_sx63 /nfs-share/xinchi/kaldi/egs/timit/s5_la4/data-fmllr-tri3/train/data/feats_fmllr_train.3.ark:2783743
mewm0_si1978 /nfs-share/xinchi/kaldi/egs/timit/s5_la4/data-fmllr-tri3/train/data/feats_fmllr_train.5.ark:13729611
mejl0_sx242 /nfs-share/xinchi/kaldi/egs/timit/s5_la4/data-fmllr-tri3/train/data/feats_fmllr_train.5.ark:12416506
fsag0_si1953 /nfs-share/xinchi/kaldi/egs/timit/s5_la4/data-fmllr-tri3/train/data/feats_fmllr_train.3.ark:5146700
fltm0_sx260 /nfs-share/xinchi/kaldi/egs/timit/s5_la4/data-fmllr-tri3/train/data/feats_fmllr_train.2.ark:14111088
fkkh0_si1920 /nfs-share/xinchi/kaldi/egs/timit/s5_la4/data-fmllr-tri3/train/data/feats_fmllr_train.2.ark:6962455
fexm0_sx366 /nfs-share/xinchi/kaldi/egs/timit/s5_la4/data-fmllr-tri3/train/data/feats_fmllr_train.1.ark:16135579
mwsh0_sx256 /nfs-share/xinchi/kaldi/egs/timit/s5_la4/data-fmllr-tri3/train/data/feats_fmllr_train.10.ark:17387113
mrkm0_si1391 /nfs-share/xinchi/kaldi/egs/timit/s5_la4/data-fmllr-tri3/train/data/feats_fmllr_train.9.ark:2965399
mcew0_sx272 /nfs-share/xinchi/kaldi/egs/timit/s5_la4/data-fmllr-tri3/train/data/feats_fmllr_train.4.ark:10734198
mges0_sx401 /nfs-share/xinchi/kaldi/egs/timit/s5_la4/data-fmllr-tri3/train/data/feats_fmllr_train.6.ark:987011
freh0_sx55 /nfs-share/xinchi/kaldi/egs/timit/s5_la4/data-fmllr-tri3/train/data/feats_fmllr_train.3.ark:4307650
mejl0_sx152 /nfs-share/xinchi/kaldi/egs/timit/s5_la4/data-fmllr-tri3/train/data/feats_fmllr_train.5.ark:12376479
makb0_sx386 /nfs-share/xinchi/kaldi/egs/timit/s5_la4/data-fmllr-tri3/train/data/feats_fmllr_train.4.ark:1917073
fnkl0_si2152 /nfs-share/xinchi/kaldi/egs/timit/s5_la4/data-fmllr-tri3/train/data/feats_fmllr_train.3.ark:40521
fjsp0_sx84 /nfs-share/xinchi/kaldi/egs/timit/s5_la4/data-fmllr-tri3/train/data/feats_fmllr_train.2.ark:3984240
mjkr0_sx121 /nfs-share/xinchi/kaldi/egs/timit/s5_la4/data-fmllr-tri3/train/data/feats_fmllr_train.6.ark:13724645
mlel0_sx256 /nfs-share/xinchi/kaldi/egs/timit/s5_la4/data-fmllr-tri3/train/data/feats_fmllr_train.7.ark:10730782
mrab0_sx414 /nfs-share/xinchi/kaldi/egs/timit/s5_la4/data-fmllr-tri3/train/data/feats_fmllr_train.8.ark:11220971
mdma0_si1238 /nfs-share/xinchi/kaldi/egs/timit/s5_la4/data-fmllr-tri3/train/data/feats_fmllr_train.5.ark:5469772
mrre0_si704 /nfs-share/xinchi/kaldi/egs/timit/s5_la4/data-fmllr-tri3/train/data/feats_fmllr_train.9.ark:7499525
mwch0_sx272 /nfs-share/xinchi/kaldi/egs/timit/s5_la4/data-fmllr-tri3/train/data/feats_fmllr_train.10.ark:14687035
mmwb0_sx269 /nfs-share/xinchi/kaldi/egs/timit/s5_la4/data-fmllr-tri3/train/data/feats_fmllr_train.8.ark:3694078
fjen0_sx147 /nfs-share/xinchi/kaldi/egs/timit/s5_la4/data-fmllr-tri3/train/data/feats_fmllr_train.2.ark:571034
fsak0_sx310 /nfs-share/xinchi/kaldi/egs/timit/s5_la4/data-fmllr-tri3/train/data/feats_fmllr_train.3.ark:6192042
msfv0_sx182 /nfs-share/xinchi/kaldi/egs/timit/s5_la4/data-fmllr-tri3/train/data/feats_fmllr_train.9.ark:15153788
mtrr0_sx18 /nfs-share/xinchi/kaldi/egs/timit/s5_la4/data-fmllr-tri3/train/data/feats_fmllr_train.10.ark:10994620
mejl0_si1592 /nfs-share/xinchi/kaldi/egs/timit/s5_la4/data-fmllr-tri3/train/data/feats_fmllr_train.5.ark:12259917
mtmt0_sx128 /nfs-share/xinchi/kaldi/egs/timit/s5_la4/data-fmllr-tri3/train/data/feats_fmllr_train.10.ark:8227956
mljc0_sx235 /nfs-share/xinchi/kaldi/egs/timit/s5_la4/data-fmllr-tri3/train/data/feats_fmllr_train.7.ark:11149559
falr0_sx245 /nfs-share/xinchi/kaldi/egs/timit/s5_la4/data-fmllr-tri3/train/data/feats_fmllr_train.1.ark:1396288
mklw0_sx221 /nfs-share/xinchi/kaldi/egs/timit/s5_la4/data-fmllr-tri3/train/data/feats_fmllr_train.7.ark:9167834
msds0_sx447 /nfs-share/xinchi/kaldi/egs/timit/s5_la4/data-fmllr-tri3/train/data/feats_fmllr_train.9.ark:13570600
mdwd0_sx360 /nfs-share/xinchi/kaldi/egs/timit/s5_la4/data-fmllr-tri3/train/data/feats_fmllr_train.5.ark:9805737
mpar0_sx316 /nfs-share/xinchi/kaldi/egs/timit/s5_la4/data-fmllr-tri3/train/data/feats_fmllr_train.8.ark:5954764
mjlb0_sx266 /nfs-share/xinchi/kaldi/egs/timit/s5_la4/data-fmllr-tri3/train/data/feats_fmllr_train.6.ark:14146969
mses0_sx329 /nfs-share/xinchi/kaldi/egs/timit/s5_la4/data-fmllr-tri3/train/data/feats_fmllr_train.9.ark:14387168
fsdc0_sx232 /nfs-share/xinchi/kaldi/egs/timit/s5_la4/data-fmllr-tri3/train/data/feats_fmllr_train.3.ark:7404827
mrms0_si2100 /nfs-share/xinchi/kaldi/egs/timit/s5_la4/data-fmllr-tri3/train/data/feats_fmllr_train.9.ark:6872078
mjac0_sx431 /nfs-share/xinchi/kaldi/egs/timit/s5_la4/data-fmllr-tri3/train/data/feats_fmllr_train.6.ark:6765138
mjwt0_sx211 /nfs-share/xinchi/kaldi/egs/timit/s5_la4/data-fmllr-tri3/train/data/feats_fmllr_train.7.ark:3065641
mmxs0_sx246 /nfs-share/xinchi/kaldi/egs/timit/s5_la4/data-fmllr-tri3/train/data/feats_fmllr_train.8.ark:4793767
mmgk0_sx332 /nfs-share/xinchi/kaldi/egs/timit/s5_la4/data-fmllr-tri3/train/data/feats_fmllr_train.8.ark:912745
fsah0_sx327 /nfs-share/xinchi/kaldi/egs/timit/s5_la4/data-fmllr-tri3/train/data/feats_fmllr_train.3.ark:5760758
mmrp0_si774 /nfs-share/xinchi/kaldi/egs/timit/s5_la4/data-fmllr-tri3/train/data/feats_fmllr_train.8.ark:2216732
feac0_sx435 /nfs-share/xinchi/kaldi/egs/timit/s5_la4/data-fmllr-tri3/train/data/feats_fmllr_train.1.ark:13642117
mdlm0_si1234 /nfs-share/xinchi/kaldi/egs/timit/s5_la4/data-fmllr-tri3/train/data/feats_fmllr_train.5.ark:4310241
mtbc0_si1173 /nfs-share/xinchi/kaldi/egs/timit/s5_la4/data-fmllr-tri3/train/data/feats_fmllr_train.10.ark:2067018
mdem0_si608 /nfs-share/xinchi/kaldi/egs/timit/s5_la4/data-fmllr-tri3/train/data/feats_fmllr_train.5.ark:393858
mmrp0_sx414 /nfs-share/xinchi/kaldi/egs/timit/s5_la4/data-fmllr-tri3/train/data/feats_fmllr_train.8.ark:2452040
mnet0_sx96 /nfs-share/xinchi/kaldi/egs/timit/s5_la4/data-fmllr-tri3/train/data/feats_fmllr_train.8.ark:5278702
mmpm0_si1691 /nfs-share/xinchi/kaldi/egs/timit/s5_la4/data-fmllr-tri3/train/data/feats_fmllr_train.8.ark:1803688
mgag0_sx241 /nfs-share/xinchi/kaldi/egs/timit/s5_la4/data-fmllr-tri3/train/data/feats_fmllr_train.5.ark:16771430
mram0_si1275 /nfs-share/xinchi/kaldi/egs/timit/s5_la4/data-fmllr-tri3/train/data/feats_fmllr_train.8.ark:12136659
mrai0_si2052 /nfs-share/xinchi/kaldi/egs/timit/s5_la4/data-fmllr-tri3/train/data/feats_fmllr_train.8.ark:11738870
fmkf0_si1536 /nfs-share/xinchi/kaldi/egs/timit/s5_la4/data-fmllr-tri3/train/data/feats_fmllr_train.2.ark:17201702
mwar0_sx55 /nfs-share/xinchi/kaldi/egs/timit/s5_la4/data-fmllr-tri3/train/data/feats_fmllr_train.10.ark:14488497
mdhl0_si1439 /nfs-share/xinchi/kaldi/egs/timit/s5_la4/data-fmllr-tri3/train/data/feats_fmllr_train.5.ark:826207
mreh1_si1599 /nfs-share/xinchi/kaldi/egs/timit/s5_la4/data-fmllr-tri3/train/data/feats_fmllr_train.8.ark:15518456
mrsp0_si1429 /nfs-share/xinchi/kaldi/egs/timit/s5_la4/data-fmllr-tri3/train/data/feats_fmllr_train.9.ark:8344572
frll0_si805 /nfs-share/xinchi/kaldi/egs/timit/s5_la4/data-fmllr-tri3/train/data/feats_fmllr_train.3.ark:4743443
falr0_si1325 /nfs-share/xinchi/kaldi/egs/timit/s5_la4/data-fmllr-tri3/train/data/feats_fmllr_train.1.ark:1210419
msmc0_sx197 /nfs-share/xinchi/kaldi/egs/timit/s5_la4/data-fmllr-tri3/train/data/feats_fmllr_train.9.ark:16078274
fjxp0_sx312 /nfs-share/xinchi/kaldi/egs/timit/s5_la4/data-fmllr-tri3/train/data/feats_fmllr_train.2.ark:5058277
mtcs0_si2265 /nfs-share/xinchi/kaldi/egs/timit/s5_la4/data-fmllr-tri3/train/data/feats_fmllr_train.10.ark:2471903
mwch0_sx182 /nfs-share/xinchi/kaldi/egs/timit/s5_la4/data-fmllr-tri3/train/data/feats_fmllr_train.10.ark:14657248
mfmc0_si1132 /nfs-share/xinchi/kaldi/egs/timit/s5_la4/data-fmllr-tri3/train/data/feats_fmllr_train.5.ark:14347137
fclt0_sx448 /nfs-share/xinchi/kaldi/egs/timit/s5_la4/data-fmllr-tri3/train/data/feats_fmllr_train.1.ark:7684776
fdxw0_sx431 /nfs-share/xinchi/kaldi/egs/timit/s5_la4/data-fmllr-tri3/train/data/feats_fmllr_train.1.ark:13265740
mjrp0_si1835 /nfs-share/xinchi/kaldi/egs/timit/s5_la4/data-fmllr-tri3/train/data/feats_fmllr_train.7.ark:1120985
msds0_sx177 /nfs-share/xinchi/kaldi/egs/timit/s5_la4/data-fmllr-tri3/train/data/feats_fmllr_train.9.ark:13396439
ftbw0_sx445 /nfs-share/xinchi/kaldi/egs/timit/s5_la4/data-fmllr-tri3/train/data/feats_fmllr_train.3.ark:14894125
mdpb0_sx146 /nfs-share/xinchi/kaldi/egs/timit/s5_la4/data-fmllr-tri3/train/data/feats_fmllr_train.5.ark:6857066
fhlm0_si2190 /nfs-share/xinchi/kaldi/egs/timit/s5_la4/data-fmllr-tri3/train/data/feats_fmllr_train.1.ark:17983571
mpgr0_sx240 /nfs-share/xinchi/kaldi/egs/timit/s5_la4/data-fmllr-tri3/train/data/feats_fmllr_train.8.ark:7307764
mdbp0_sx348 /nfs-share/xinchi/kaldi/egs/timit/s5_la4/data-fmllr-tri3/train/data/feats_fmllr_train.4.ark:15723764
fajw0_si633 /nfs-share/xinchi/kaldi/egs/timit/s5_la4/data-fmllr-tri3/train/data/feats_fmllr_train.1.ark:512445
mwsh0_sx166 /nfs-share/xinchi/kaldi/egs/timit/s5_la4/data-fmllr-tri3/train/data/feats_fmllr_train.10.ark:17320686
mkdd0_sx397 /nfs-share/xinchi/kaldi/egs/timit/s5_la4/data-fmllr-tri3/train/data/feats_fmllr_train.7.ark:6273536
mrdm0_sx425 /nfs-share/xinchi/kaldi/egs/timit/s5_la4/data-fmllr-tri3/train/data/feats_fmllr_train.8.ark:14725967
mrvg0_sx60 /nfs-share/xinchi/kaldi/egs/timit/s5_la4/data-fmllr-tri3/train/data/feats_fmllr_train.9.ark:9954692
fgrw0_sx432 /nfs-share/xinchi/kaldi/egs/timit/s5_la4/data-fmllr-tri3/train/data/feats_fmllr_train.1.ark:17850529
fcmm0_si1083 /nfs-share/xinchi/kaldi/egs/timit/s5_la4/data-fmllr-tri3/train/data/feats_fmllr_train.1.ark:8195768
mmpm0_sx431 /nfs-share/xinchi/kaldi/egs/timit/s5_la4/data-fmllr-tri3/train/data/feats_fmllr_train.8.ark:2062864
mrgs0_sx6 /nfs-share/xinchi/kaldi/egs/timit/s5_la4/data-fmllr-tri3/train/data/feats_fmllr_train.9.ark:316014
msat1_si2333 /nfs-share/xinchi/kaldi/egs/timit/s5_la4/data-fmllr-tri3/train/data/feats_fmllr_train.9.ark:12250319
fcag0_sx243 /nfs-share/xinchi/kaldi/egs/timit/s5_la4/data-fmllr-tri3/train/data/feats_fmllr_train.1.ark:5040003
mjrh1_sx424 /nfs-share/xinchi/kaldi/egs/timit/s5_la4/data-fmllr-tri3/train/data/feats_fmllr_train.7.ark:681994
mjjm0_si827 /nfs-share/xinchi/kaldi/egs/timit/s5_la4/data-fmllr-tri3/train/data/feats_fmllr_train.6.ark:13298001
mkdt0_sx353 /nfs-share/xinchi/kaldi/egs/timit/s5_la4/data-fmllr-tri3/train/data/feats_fmllr_train.7.ark:6578499
mmag0_sx226 /nfs-share/xinchi/kaldi/egs/timit/s5_la4/data-fmllr-tri3/train/data/feats_fmllr_train.7.ark:13649101
mhit0_si983 /nfs-share/xinchi/kaldi/egs/timit/s5_la4/data-fmllr-tri3/train/data/feats_fmllr_train.6.ark:3993914
mhrm0_sx418 /nfs-share/xinchi/kaldi/egs/timit/s5_la4/data-fmllr-tri3/train/data/feats_fmllr_train.6.ark:5609131
mdmt0_sx392 /nfs-share/xinchi/kaldi/egs/timit/s5_la4/data-fmllr-tri3/train/data/feats_fmllr_train.5.ark:6231139
mkls0_si2067 /nfs-share/xinchi/kaldi/egs/timit/s5_la4/data-fmllr-tri3/train/data/feats_fmllr_train.7.ark:8317585
mprd0_sx261 /nfs-share/xinchi/kaldi/egs/timit/s5_la4/data-fmllr-tri3/train/data/feats_fmllr_train.8.ark:9632050
mmeb0_sx327 /nfs-share/xinchi/kaldi/egs/timit/s5_la4/data-fmllr-tri3/train/data/feats_fmllr_train.7.ark:17812929
mclk0_sx310 /nfs-share/xinchi/kaldi/egs/timit/s5_la4/data-fmllr-tri3/train/data/feats_fmllr_train.4.ark:11643940
fexm0_sx381 /nfs-share/xinchi/kaldi/egs/timit/s5_la4/data-fmllr-tri3/train/data/feats_fmllr_train.1.ark:16206646
msem1_si810 /nfs-share/xinchi/kaldi/egs/timit/s5_la4/data-fmllr-tri3/train/data/feats_fmllr_train.9.ark:13798069
mmgg0_sx89 /nfs-share/xinchi/kaldi/egs/timit/s5_la4/data-fmllr-tri3/train/data/feats_fmllr_train.8.ark:702021
fdfb0_sx238 /nfs-share/xinchi/kaldi/egs/timit/s5_la4/data-fmllr-tri3/train/data/feats_fmllr_train.1.ark:10298724
mjjb0_si1769 /nfs-share/xinchi/kaldi/egs/timit/s5_la4/data-fmllr-tri3/train/data/feats_fmllr_train.6.ark:12430047
mclm0_si2086 /nfs-share/xinchi/kaldi/egs/timit/s5_la4/data-fmllr-tri3/train/data/feats_fmllr_train.4.ark:11816369
mgsl0_sx84 /nfs-share/xinchi/kaldi/egs/timit/s5_la4/data-fmllr-tri3/train/data/feats_fmllr_train.6.ark:3090200
mrjm1_sx128 /nfs-share/xinchi/kaldi/egs/timit/s5_la4/data-fmllr-tri3/train/data/feats_fmllr_train.9.ark:2254299
mdlr1_sx219 /nfs-share/xinchi/kaldi/egs/timit/s5_la4/data-fmllr-tri3/train/data/feats_fmllr_train.5.ark:5270464
mvlo0_si1777 /nfs-share/xinchi/kaldi/egs/timit/s5_la4/data-fmllr-tri3/train/data/feats_fmllr_train.10.ark:12749866
fsjw0_sx163 /nfs-share/xinchi/kaldi/egs/timit/s5_la4/data-fmllr-tri3/train/data/feats_fmllr_train.3.ark:9756182
mtrt0_sx254 /nfs-share/xinchi/kaldi/egs/timit/s5_la4/data-fmllr-tri3/train/data/feats_fmllr_train.10.ark:11429905
mbml0_si1799 /nfs-share/xinchi/kaldi/egs/timit/s5_la4/data-fmllr-tri3/train/data/feats_fmllr_train.4.ark:6365493
mrlr0_si1196 /nfs-share/xinchi/kaldi/egs/timit/s5_la4/data-fmllr-tri3/train/data/feats_fmllr_train.9.ark:4783575
mjwg0_si895 /nfs-share/xinchi/kaldi/egs/timit/s5_la4/data-fmllr-tri3/train/data/feats_fmllr_train.7.ark:2069313
fecd0_si788 /nfs-share/xinchi/kaldi/egs/timit/s5_la4/data-fmllr-tri3/train/data/feats_fmllr_train.1.ark:14266443
mtqc0_sx91 /nfs-share/xinchi/kaldi/egs/timit/s5_la4/data-fmllr-tri3/train/data/feats_fmllr_train.10.ark:10417948
mgak0_si1036 /nfs-share/xinchi/kaldi/egs/timit/s5_la4/data-fmllr-tri3/train/data/feats_fmllr_train.5.ark:16923058
