mdrd0_sx122 /nfs-share/titouan/workspace/kaldi/egs/timit/s5_la2/data-fmllr-tri3/train/data/feats_fmllr_train.5.ark:7938197
mntw0_si1698 /nfs-share/titouan/workspace/kaldi/egs/timit/s5_la2/data-fmllr-tri3/train/data/feats_fmllr_train.8.ark:5407078
mrxb0_sx55 /nfs-share/titouan/workspace/kaldi/egs/timit/s5_la2/data-fmllr-tri3/train/data/feats_fmllr_train.9.ark:11052143
mjbg0_sx332 /nfs-share/titouan/workspace/kaldi/egs/timit/s5_la2/data-fmllr-tri3/train/data/feats_fmllr_train.6.ark:7872323
mses0_sx329 /nfs-share/titouan/workspace/kaldi/egs/timit/s5_la2/data-fmllr-tri3/train/data/feats_fmllr_train.9.ark:14387168
fceg0_si618 /nfs-share/titouan/workspace/kaldi/egs/timit/s5_la2/data-fmllr-tri3/train/data/feats_fmllr_train.1.ark:6152920
mwch0_sx92 /nfs-share/titouan/workspace/kaldi/egs/timit/s5_la2/data-fmllr-tri3/train/data/feats_fmllr_train.10.ark:14825035
mcdr0_si524 /nfs-share/titouan/workspace/kaldi/egs/timit/s5_la2/data-fmllr-tri3/train/data/feats_fmllr_train.4.ark:9831310
fsak0_sx130 /nfs-share/titouan/workspace/kaldi/egs/timit/s5_la2/data-fmllr-tri3/train/data/feats_fmllr_train.3.ark:6105268
mrms0_sx390 /nfs-share/titouan/workspace/kaldi/egs/timit/s5_la2/data-fmllr-tri3/train/data/feats_fmllr_train.9.ark:7049492
mdbp0_sx168 /nfs-share/titouan/workspace/kaldi/egs/timit/s5_la2/data-fmllr-tri3/train/data/feats_fmllr_train.4.ark:15640190
mdks0_sx166 /nfs-share/titouan/workspace/kaldi/egs/timit/s5_la2/data-fmllr-tri3/train/data/feats_fmllr_train.5.ark:2037341
madd0_sx178 /nfs-share/titouan/workspace/kaldi/egs/timit/s5_la2/data-fmllr-tri3/train/data/feats_fmllr_train.3.ark:17721860
fetb0_sx428 /nfs-share/titouan/workspace/kaldi/egs/timit/s5_la2/data-fmllr-tri3/train/data/feats_fmllr_train.1.ark:15697602
mbom0_si1644 /nfs-share/titouan/workspace/kaldi/egs/timit/s5_la2/data-fmllr-tri3/train/data/feats_fmllr_train.4.ark:6738350
mkaj0_sx244 /nfs-share/titouan/workspace/kaldi/egs/timit/s5_la2/data-fmllr-tri3/train/data/feats_fmllr_train.7.ark:4986725
falr0_si1325 /nfs-share/titouan/workspace/kaldi/egs/timit/s5_la2/data-fmllr-tri3/train/data/feats_fmllr_train.1.ark:1210419
mdlm0_sx154 /nfs-share/titouan/workspace/kaldi/egs/timit/s5_la2/data-fmllr-tri3/train/data/feats_fmllr_train.5.ark:4468883
mdtb0_sx210 /nfs-share/titouan/workspace/kaldi/egs/timit/s5_la2/data-fmllr-tri3/train/data/feats_fmllr_train.5.ark:9417652
fcag0_si1641 /nfs-share/titouan/workspace/kaldi/egs/timit/s5_la2/data-fmllr-tri3/train/data/feats_fmllr_train.1.ark:4931761
msjk0_sx246 /nfs-share/titouan/workspace/kaldi/egs/timit/s5_la2/data-fmllr-tri3/train/data/feats_fmllr_train.9.ark:15623312
mfxs0_si2304 /nfs-share/titouan/workspace/kaldi/egs/timit/s5_la2/data-fmllr-tri3/train/data/feats_fmllr_train.5.ark:15562565
mvjh0_sx116 /nfs-share/titouan/workspace/kaldi/egs/timit/s5_la2/data-fmllr-tri3/train/data/feats_fmllr_train.10.ark:12511303
mdbb1_si1006 /nfs-share/titouan/workspace/kaldi/egs/timit/s5_la2/data-fmllr-tri3/train/data/feats_fmllr_train.4.ark:15118290
flja0_sx88 /nfs-share/titouan/workspace/kaldi/egs/timit/s5_la2/data-fmllr-tri3/train/data/feats_fmllr_train.2.ark:11143990
fljg0_sx171 /nfs-share/titouan/workspace/kaldi/egs/timit/s5_la2/data-fmllr-tri3/train/data/feats_fmllr_train.2.ark:11750717
fdaw0_si2036 /nfs-share/titouan/workspace/kaldi/egs/timit/s5_la2/data-fmllr-tri3/train/data/feats_fmllr_train.1.ark:9848852
fmbg0_sx350 /nfs-share/titouan/workspace/kaldi/egs/timit/s5_la2/data-fmllr-tri3/train/data/feats_fmllr_train.2.ark:14939388
mrxb0_sx235 /nfs-share/titouan/workspace/kaldi/egs/timit/s5_la2/data-fmllr-tri3/train/data/feats_fmllr_train.9.ark:10924703
mter0_si527 /nfs-share/titouan/workspace/kaldi/egs/timit/s5_la2/data-fmllr-tri3/train/data/feats_fmllr_train.10.ark:3799462
mhmg0_si1995 /nfs-share/titouan/workspace/kaldi/egs/timit/s5_la2/data-fmllr-tri3/train/data/feats_fmllr_train.6.ark:4649842
mdhl0_sx269 /nfs-share/titouan/workspace/kaldi/egs/timit/s5_la2/data-fmllr-tri3/train/data/feats_fmllr_train.5.ark:1017356
fjxp0_sx222 /nfs-share/titouan/workspace/kaldi/egs/timit/s5_la2/data-fmllr-tri3/train/data/feats_fmllr_train.2.ark:5018250
mwem0_sx240 /nfs-share/titouan/workspace/kaldi/egs/timit/s5_la2/data-fmllr-tri3/train/data/feats_fmllr_train.10.ark:15416750
mvlo0_si517 /nfs-share/titouan/workspace/kaldi/egs/timit/s5_la2/data-fmllr-tri3/train/data/feats_fmllr_train.10.ark:12786053
mdma0_si1430 /nfs-share/titouan/workspace/kaldi/egs/timit/s5_la2/data-fmllr-tri3/train/data/feats_fmllr_train.5.ark:5503720
fsma0_sx271 /nfs-share/titouan/workspace/kaldi/egs/timit/s5_la2/data-fmllr-tri3/train/data/feats_fmllr_train.3.ark:11689775
fjen0_si1047 /nfs-share/titouan/workspace/kaldi/egs/timit/s5_la2/data-fmllr-tri3/train/data/feats_fmllr_train.2.ark:417031
fleh0_si1051 /nfs-share/titouan/workspace/kaldi/egs/timit/s5_la2/data-fmllr-tri3/train/data/feats_fmllr_train.2.ark:9664267
mzmb0_sx356 /nfs-share/titouan/workspace/kaldi/egs/timit/s5_la2/data-fmllr-tri3/train/data/feats_fmllr_train.10.ark:17845437
mrso0_si2289 /nfs-share/titouan/workspace/kaldi/egs/timit/s5_la2/data-fmllr-tri3/train/data/feats_fmllr_train.9.ark:8022970
fpjf0_sx236 /nfs-share/titouan/workspace/kaldi/egs/timit/s5_la2/data-fmllr-tri3/train/data/feats_fmllr_train.3.ark:3020201
mrab0_sx414 /nfs-share/titouan/workspace/kaldi/egs/timit/s5_la2/data-fmllr-tri3/train/data/feats_fmllr_train.8.ark:11220971
mrtj0_sx412 /nfs-share/titouan/workspace/kaldi/egs/timit/s5_la2/data-fmllr-tri3/train/data/feats_fmllr_train.9.ark:9549969
mvlo0_sx247 /nfs-share/titouan/workspace/kaldi/egs/timit/s5_la2/data-fmllr-tri3/train/data/feats_fmllr_train.10.ark:12892987
mmdm1_sx153 /nfs-share/titouan/workspace/kaldi/egs/timit/s5_la2/data-fmllr-tri3/train/data/feats_fmllr_train.7.ark:16727451
mmvp0_sx384 /nfs-share/titouan/workspace/kaldi/egs/timit/s5_la2/data-fmllr-tri3/train/data/feats_fmllr_train.8.ark:3385941
mmlm0_sx177 /nfs-share/titouan/workspace/kaldi/egs/timit/s5_la2/data-fmllr-tri3/train/data/feats_fmllr_train.8.ark:1563045
mprk0_si467 /nfs-share/titouan/workspace/kaldi/egs/timit/s5_la2/data-fmllr-tri3/train/data/feats_fmllr_train.8.ark:9955413
fskp0_sx108 /nfs-share/titouan/workspace/kaldi/egs/timit/s5_la2/data-fmllr-tri3/train/data/feats_fmllr_train.3.ark:10887713
mdns0_sx21 /nfs-share/titouan/workspace/kaldi/egs/timit/s5_la2/data-fmllr-tri3/train/data/feats_fmllr_train.5.ark:6554182
mesg0_si1332 /nfs-share/titouan/workspace/kaldi/egs/timit/s5_la2/data-fmllr-tri3/train/data/feats_fmllr_train.5.ark:12972831
mpfu0_si628 /nfs-share/titouan/workspace/kaldi/egs/timit/s5_la2/data-fmllr-tri3/train/data/feats_fmllr_train.8.ark:6519437
fdaw0_sx416 /nfs-share/titouan/workspace/kaldi/egs/timit/s5_la2/data-fmllr-tri3/train/data/feats_fmllr_train.1.ark:10052480
fhlm0_sx210 /nfs-share/titouan/workspace/kaldi/egs/timit/s5_la2/data-fmllr-tri3/train/data/feats_fmllr_train.1.ark:18143172
mkln0_si2228 /nfs-share/titouan/workspace/kaldi/egs/timit/s5_la2/data-fmllr-tri3/train/data/feats_fmllr_train.7.ark:7546882
mmws0_sx348 /nfs-share/titouan/workspace/kaldi/egs/timit/s5_la2/data-fmllr-tri3/train/data/feats_fmllr_train.8.ark:4159761
fsak0_sx220 /nfs-share/titouan/workspace/kaldi/egs/timit/s5_la2/data-fmllr-tri3/train/data/feats_fmllr_train.3.ark:6137135
fhxs0_si2335 /nfs-share/titouan/workspace/kaldi/egs/timit/s5_la2/data-fmllr-tri3/train/data/feats_fmllr_train.1.ark:18546217
msat1_sx443 /nfs-share/titouan/workspace/kaldi/egs/timit/s5_la2/data-fmllr-tri3/train/data/feats_fmllr_train.9.ark:12436987
mcae0_sx97 /nfs-share/titouan/workspace/kaldi/egs/timit/s5_la2/data-fmllr-tri3/train/data/feats_fmllr_train.4.ark:8563216
mklw0_si1571 /nfs-share/titouan/workspace/kaldi/egs/timit/s5_la2/data-fmllr-tri3/train/data/feats_fmllr_train.7.ark:8990444
mcal0_sx58 /nfs-share/titouan/workspace/kaldi/egs/timit/s5_la2/data-fmllr-tri3/train/data/feats_fmllr_train.4.ark:8924873
mdwm0_si916 /nfs-share/titouan/workspace/kaldi/egs/timit/s5_la2/data-fmllr-tri3/train/data/feats_fmllr_train.5.ark:10479370
mgag0_sx331 /nfs-share/titouan/workspace/kaldi/egs/timit/s5_la2/data-fmllr-tri3/train/data/feats_fmllr_train.5.ark:16805697
fsag0_si1323 /nfs-share/titouan/workspace/kaldi/egs/timit/s5_la2/data-fmllr-tri3/train/data/feats_fmllr_train.3.ark:5081712
mtlb0_sx414 /nfs-share/titouan/workspace/kaldi/egs/timit/s5_la2/data-fmllr-tri3/train/data/feats_fmllr_train.10.ark:6790688
mbgt0_si1341 /nfs-share/titouan/workspace/kaldi/egs/timit/s5_la2/data-fmllr-tri3/train/data/feats_fmllr_train.4.ark:4784437
mjkr0_si1831 /nfs-share/titouan/workspace/kaldi/egs/timit/s5_la2/data-fmllr-tri3/train/data/feats_fmllr_train.6.ark:13615791
fgmb0_sx335 /nfs-share/titouan/workspace/kaldi/egs/timit/s5_la2/data-fmllr-tri3/train/data/feats_fmllr_train.1.ark:17345804
fdmy0_sx297 /nfs-share/titouan/workspace/kaldi/egs/timit/s5_la2/data-fmllr-tri3/train/data/feats_fmllr_train.1.ark:12031166
mjeb0_sx26 /nfs-share/titouan/workspace/kaldi/egs/timit/s5_la2/data-fmllr-tri3/train/data/feats_fmllr_train.6.ark:10304345
fljg0_si1611 /nfs-share/titouan/workspace/kaldi/egs/timit/s5_la2/data-fmllr-tri3/train/data/feats_fmllr_train.2.ark:11583595
mgxp0_sx367 /nfs-share/titouan/workspace/kaldi/egs/timit/s5_la2/data-fmllr-tri3/train/data/feats_fmllr_train.6.ark:3421083
mgrp0_sx237 /nfs-share/titouan/workspace/kaldi/egs/timit/s5_la2/data-fmllr-tri3/train/data/feats_fmllr_train.6.ark:2094489
mwem0_sx60 /nfs-share/titouan/workspace/kaldi/egs/timit/s5_la2/data-fmllr-tri3/train/data/feats_fmllr_train.10.ark:15600350
maeb0_sx450 /nfs-share/titouan/workspace/kaldi/egs/timit/s5_la2/data-fmllr-tri3/train/data/feats_fmllr_train.4.ark:288656
mrav0_sx108 /nfs-share/titouan/workspace/kaldi/egs/timit/s5_la2/data-fmllr-tri3/train/data/feats_fmllr_train.8.ark:12654080
mcef0_sx415 /nfs-share/titouan/workspace/kaldi/egs/timit/s5_la2/data-fmllr-tri3/train/data/feats_fmllr_train.4.ark:10399315
fsah0_sx344 /nfs-share/titouan/workspace/kaldi/egs/timit/s5_la2/data-fmllr-tri3/train/data/feats_fmllr_train.3.ark:5840465
feac0_si615 /nfs-share/titouan/workspace/kaldi/egs/timit/s5_la2/data-fmllr-tri3/train/data/feats_fmllr_train.1.ark:13432569
msat0_si896 /nfs-share/titouan/workspace/kaldi/egs/timit/s5_la2/data-fmllr-tri3/train/data/feats_fmllr_train.9.ark:11931221
mrlr0_si566 /nfs-share/titouan/workspace/kaldi/egs/timit/s5_la2/data-fmllr-tri3/train/data/feats_fmllr_train.9.ark:4895630
mtcs0_si712 /nfs-share/titouan/workspace/kaldi/egs/timit/s5_la2/data-fmllr-tri3/train/data/feats_fmllr_train.10.ark:2496730
mhmg0_si735 /nfs-share/titouan/workspace/kaldi/egs/timit/s5_la2/data-fmllr-tri3/train/data/feats_fmllr_train.6.ark:4692269
fcag0_sx63 /nfs-share/titouan/workspace/kaldi/egs/timit/s5_la2/data-fmllr-tri3/train/data/feats_fmllr_train.1.ark:5201683
fgrw0_sx252 /nfs-share/titouan/workspace/kaldi/egs/timit/s5_la2/data-fmllr-tri3/train/data/feats_fmllr_train.1.ark:17756715
fsbk0_sx439 /nfs-share/titouan/workspace/kaldi/egs/timit/s5_la2/data-fmllr-tri3/train/data/feats_fmllr_train.3.ark:6640127
fmmh0_sx187 /nfs-share/titouan/workspace/kaldi/egs/timit/s5_la2/data-fmllr-tri3/train/data/feats_fmllr_train.2.ark:17703731
mcef0_sx55 /nfs-share/titouan/workspace/kaldi/egs/timit/s5_la2/data-fmllr-tri3/train/data/feats_fmllr_train.4.ark:10439821
mjdm0_sx350 /nfs-share/titouan/workspace/kaldi/egs/timit/s5_la2/data-fmllr-tri3/train/data/feats_fmllr_train.6.ark:9875809
mtpp0_sx158 /nfs-share/titouan/workspace/kaldi/egs/timit/s5_la2/data-fmllr-tri3/train/data/feats_fmllr_train.10.ark:9298687
fkkh0_sx30 /nfs-share/titouan/workspace/kaldi/egs/timit/s5_la2/data-fmllr-tri3/train/data/feats_fmllr_train.2.ark:7181762
mtqc0_sx91 /nfs-share/titouan/workspace/kaldi/egs/timit/s5_la2/data-fmllr-tri3/train/data/feats_fmllr_train.10.ark:10417948
mtpr0_si506 /nfs-share/titouan/workspace/kaldi/egs/timit/s5_la2/data-fmllr-tri3/train/data/feats_fmllr_train.10.ark:9650717
fsjg0_sx130 /nfs-share/titouan/workspace/kaldi/egs/timit/s5_la2/data-fmllr-tri3/train/data/feats_fmllr_train.3.ark:8493131
mtju0_sx220 /nfs-share/titouan/workspace/kaldi/egs/timit/s5_la2/data-fmllr-tri3/train/data/feats_fmllr_train.10.ark:5484543
mrsp0_sx79 /nfs-share/titouan/workspace/kaldi/egs/timit/s5_la2/data-fmllr-tri3/train/data/feats_fmllr_train.9.ark:8711321
mtxs0_si1690 /nfs-share/titouan/workspace/kaldi/egs/timit/s5_la2/data-fmllr-tri3/train/data/feats_fmllr_train.10.ark:11959031
fbas0_sx217 /nfs-share/titouan/workspace/kaldi/egs/timit/s5_la2/data-fmllr-tri3/train/data/feats_fmllr_train.1.ark:2311124
flet0_si1767 /nfs-share/titouan/workspace/kaldi/egs/timit/s5_la2/data-fmllr-tri3/train/data/feats_fmllr_train.2.ark:10101633
fdfb0_sx238 /nfs-share/titouan/workspace/kaldi/egs/timit/s5_la2/data-fmllr-tri3/train/data/feats_fmllr_train.1.ark:10298724
mrjm0_sx418 /nfs-share/titouan/workspace/kaldi/egs/timit/s5_la2/data-fmllr-tri3/train/data/feats_fmllr_train.9.ark:1985523
mclk0_si650 /nfs-share/titouan/workspace/kaldi/egs/timit/s5_la2/data-fmllr-tri3/train/data/feats_fmllr_train.4.ark:11457939
ftbw0_sx175 /nfs-share/titouan/workspace/kaldi/egs/timit/s5_la2/data-fmllr-tri3/train/data/feats_fmllr_train.3.ark:14741564
fmjb0_sx7 /nfs-share/titouan/workspace/kaldi/egs/timit/s5_la2/data-fmllr-tri3/train/data/feats_fmllr_train.2.ark:15833448
mrbc0_sx419 /nfs-share/titouan/workspace/kaldi/egs/timit/s5_la2/data-fmllr-tri3/train/data/feats_fmllr_train.8.ark:13145738
mmws1_sx261 /nfs-share/titouan/workspace/kaldi/egs/timit/s5_la2/data-fmllr-tri3/train/data/feats_fmllr_train.8.ark:4438965
fhxs0_sx85 /nfs-share/titouan/workspace/kaldi/egs/timit/s5_la2/data-fmllr-tri3/train/data/feats_fmllr_train.1.ark:18790351
megj0_si1337 /nfs-share/titouan/workspace/kaldi/egs/timit/s5_la2/data-fmllr-tri3/train/data/feats_fmllr_train.5.ark:11824502
mdac0_sx91 /nfs-share/titouan/workspace/kaldi/egs/timit/s5_la2/data-fmllr-tri3/train/data/feats_fmllr_train.4.ark:14729568
mgrp0_sx417 /nfs-share/titouan/workspace/kaldi/egs/timit/s5_la2/data-fmllr-tri3/train/data/feats_fmllr_train.6.ark:2202223
mklr0_sx69 /nfs-share/titouan/workspace/kaldi/egs/timit/s5_la2/data-fmllr-tri3/train/data/feats_fmllr_train.7.ark:8156061
mrjt0_sx328 /nfs-share/titouan/workspace/kaldi/egs/timit/s5_la2/data-fmllr-tri3/train/data/feats_fmllr_train.9.ark:2718250
mtpp0_sx68 /nfs-share/titouan/workspace/kaldi/egs/timit/s5_la2/data-fmllr-tri3/train/data/feats_fmllr_train.10.ark:9479274
mjhi0_si1328 /nfs-share/titouan/workspace/kaldi/egs/timit/s5_la2/data-fmllr-tri3/train/data/feats_fmllr_train.6.ark:11946575
fpmy0_si1153 /nfs-share/titouan/workspace/kaldi/egs/timit/s5_la2/data-fmllr-tri3/train/data/feats_fmllr_train.3.ark:3564844
mmds0_sx83 /nfs-share/titouan/workspace/kaldi/egs/timit/s5_la2/data-fmllr-tri3/train/data/feats_fmllr_train.7.ark:17287295
mgrl0_sx147 /nfs-share/titouan/workspace/kaldi/egs/timit/s5_la2/data-fmllr-tri3/train/data/feats_fmllr_train.6.ark:1649925
mmlm0_sx87 /nfs-share/titouan/workspace/kaldi/egs/timit/s5_la2/data-fmllr-tri3/train/data/feats_fmllr_train.8.ark:1725232
mdbb1_si1636 /nfs-share/titouan/workspace/kaldi/egs/timit/s5_la2/data-fmllr-tri3/train/data/feats_fmllr_train.4.ark:15179278
mljc0_sx235 /nfs-share/titouan/workspace/kaldi/egs/timit/s5_la2/data-fmllr-tri3/train/data/feats_fmllr_train.7.ark:11149559
fajw0_si633 /nfs-share/titouan/workspace/kaldi/egs/timit/s5_la2/data-fmllr-tri3/train/data/feats_fmllr_train.1.ark:512445
mdps0_si719 /nfs-share/titouan/workspace/kaldi/egs/timit/s5_la2/data-fmllr-tri3/train/data/feats_fmllr_train.5.ark:7496193
mjjj0_sx353 /nfs-share/titouan/workspace/kaldi/egs/timit/s5_la2/data-fmllr-tri3/train/data/feats_fmllr_train.6.ark:13027145
mfer0_si862 /nfs-share/titouan/workspace/kaldi/egs/timit/s5_la2/data-fmllr-tri3/train/data/feats_fmllr_train.5.ark:14074975
mtat0_sx120 /nfs-share/titouan/workspace/kaldi/egs/timit/s5_la2/data-fmllr-tri3/train/data/feats_fmllr_train.10.ark:1429386
mljc0_sx325 /nfs-share/titouan/workspace/kaldi/egs/timit/s5_la2/data-fmllr-tri3/train/data/feats_fmllr_train.7.ark:11196786
feeh0_sx32 /nfs-share/titouan/workspace/kaldi/egs/timit/s5_la2/data-fmllr-tri3/train/data/feats_fmllr_train.1.ark:14896847
fhlm0_si1560 /nfs-share/titouan/workspace/kaldi/egs/timit/s5_la2/data-fmllr-tri3/train/data/feats_fmllr_train.1.ark:17959863
mwsh0_sx76 /nfs-share/titouan/workspace/kaldi/egs/timit/s5_la2/data-fmllr-tri3/train/data/feats_fmllr_train.10.ark:17537273
fbjl0_sx112 /nfs-share/titouan/workspace/kaldi/egs/timit/s5_la2/data-fmllr-tri3/train/data/feats_fmllr_train.1.ark:3435587
mjxl0_si1795 /nfs-share/titouan/workspace/kaldi/egs/timit/s5_la2/data-fmllr-tri3/train/data/feats_fmllr_train.7.ark:3687114
fapb0_sx163 /nfs-share/titouan/workspace/kaldi/egs/timit/s5_la2/data-fmllr-tri3/train/data/feats_fmllr_train.1.ark:1767839
mfer0_sx52 /nfs-share/titouan/workspace/kaldi/egs/timit/s5_la2/data-fmllr-tri3/train/data/feats_fmllr_train.5.ark:14310149
mjwg0_si2155 /nfs-share/titouan/workspace/kaldi/egs/timit/s5_la2/data-fmllr-tri3/train/data/feats_fmllr_train.7.ark:1951819
mtpr0_si2230 /nfs-share/titouan/workspace/kaldi/egs/timit/s5_la2/data-fmllr-tri3/train/data/feats_fmllr_train.10.ark:9569570
fljd0_sx166 /nfs-share/titouan/workspace/kaldi/egs/timit/s5_la2/data-fmllr-tri3/train/data/feats_fmllr_train.2.ark:11348260
mrhl0_si885 /nfs-share/titouan/workspace/kaldi/egs/timit/s5_la2/data-fmllr-tri3/train/data/feats_fmllr_train.9.ark:513563
mrkm0_sx367 /nfs-share/titouan/workspace/kaldi/egs/timit/s5_la2/data-fmllr-tri3/train/data/feats_fmllr_train.9.ark:3223427
mcth0_si1839 /nfs-share/titouan/workspace/kaldi/egs/timit/s5_la2/data-fmllr-tri3/train/data/feats_fmllr_train.4.ark:13289716
mgsl0_sx174 /nfs-share/titouan/workspace/kaldi/egs/timit/s5_la2/data-fmllr-tri3/train/data/feats_fmllr_train.6.ark:2879853
mrmh0_si2281 /nfs-share/titouan/workspace/kaldi/egs/timit/s5_la2/data-fmllr-tri3/train/data/feats_fmllr_train.9.ark:6013403
mjmm0_si625 /nfs-share/titouan/workspace/kaldi/egs/timit/s5_la2/data-fmllr-tri3/train/data/feats_fmllr_train.6.ark:15853442
mkdd0_sx37 /nfs-share/titouan/workspace/kaldi/egs/timit/s5_la2/data-fmllr-tri3/train/data/feats_fmllr_train.7.ark:6230309
fblv0_sx338 /nfs-share/titouan/workspace/kaldi/egs/timit/s5_la2/data-fmllr-tri3/train/data/feats_fmllr_train.1.ark:3930739
flma0_sx253 /nfs-share/titouan/workspace/kaldi/egs/timit/s5_la2/data-fmllr-tri3/train/data/feats_fmllr_train.2.ark:12657257
mrav0_sx198 /nfs-share/titouan/workspace/kaldi/egs/timit/s5_la2/data-fmllr-tri3/train/data/feats_fmllr_train.8.ark:12731093
mjma0_sx235 /nfs-share/titouan/workspace/kaldi/egs/timit/s5_la2/data-fmllr-tri3/train/data/feats_fmllr_train.6.ark:15268101
mctm0_sx180 /nfs-share/titouan/workspace/kaldi/egs/timit/s5_la2/data-fmllr-tri3/train/data/feats_fmllr_train.4.ark:13776707
mdbb1_sx106 /nfs-share/titouan/workspace/kaldi/egs/timit/s5_la2/data-fmllr-tri3/train/data/feats_fmllr_train.4.ark:15269413
mdhs0_sx270 /nfs-share/titouan/workspace/kaldi/egs/timit/s5_la2/data-fmllr-tri3/train/data/feats_fmllr_train.5.ark:1398373
flmk0_si1035 /nfs-share/titouan/workspace/kaldi/egs/timit/s5_la2/data-fmllr-tri3/train/data/feats_fmllr_train.2.ark:13204142
fsgf0_si2187 /nfs-share/titouan/workspace/kaldi/egs/timit/s5_la2/data-fmllr-tri3/train/data/feats_fmllr_train.3.ark:7959420
fklh0_sx177 /nfs-share/titouan/workspace/kaldi/egs/timit/s5_la2/data-fmllr-tri3/train/data/feats_fmllr_train.2.ark:8249561
fsmm0_sx234 /nfs-share/titouan/workspace/kaldi/egs/timit/s5_la2/data-fmllr-tri3/train/data/feats_fmllr_train.3.ark:12071592
fgrw0_sx432 /nfs-share/titouan/workspace/kaldi/egs/timit/s5_la2/data-fmllr-tri3/train/data/feats_fmllr_train.1.ark:17850529
mhbs0_si945 /nfs-share/titouan/workspace/kaldi/egs/timit/s5_la2/data-fmllr-tri3/train/data/feats_fmllr_train.6.ark:3654977
fsmm0_si684 /nfs-share/titouan/workspace/kaldi/egs/timit/s5_la2/data-fmllr-tri3/train/data/feats_fmllr_train.3.ark:11981298
mvrw0_sx405 /nfs-share/titouan/workspace/kaldi/egs/timit/s5_la2/data-fmllr-tri3/train/data/feats_fmllr_train.10.ark:13333738
fdjh0_si1565 /nfs-share/titouan/workspace/kaldi/egs/timit/s5_la2/data-fmllr-tri3/train/data/feats_fmllr_train.1.ark:10472272
mdma0_sx80 /nfs-share/titouan/workspace/kaldi/egs/timit/s5_la2/data-fmllr-tri3/train/data/feats_fmllr_train.5.ark:5889962
mrmg0_si1710 /nfs-share/titouan/workspace/kaldi/egs/timit/s5_la2/data-fmllr-tri3/train/data/feats_fmllr_train.9.ark:5558757
mrml0_sx251 /nfs-share/titouan/workspace/kaldi/egs/timit/s5_la2/data-fmllr-tri3/train/data/feats_fmllr_train.9.ark:6504874
milb0_sx93 /nfs-share/titouan/workspace/kaldi/egs/timit/s5_la2/data-fmllr-tri3/train/data/feats_fmllr_train.6.ark:6437427
mhit0_si2243 /nfs-share/titouan/workspace/kaldi/egs/timit/s5_la2/data-fmllr-tri3/train/data/feats_fmllr_train.6.ark:3961087
mtmn0_si1064 /nfs-share/titouan/workspace/kaldi/egs/timit/s5_la2/data-fmllr-tri3/train/data/feats_fmllr_train.10.ark:7653097
mhbs0_si2205 /nfs-share/titouan/workspace/kaldi/egs/timit/s5_la2/data-fmllr-tri3/train/data/feats_fmllr_train.6.ark:3607270
mrmh0_sx31 /nfs-share/titouan/workspace/kaldi/egs/timit/s5_la2/data-fmllr-tri3/train/data/feats_fmllr_train.9.ark:6190790
mlbc0_si609 /nfs-share/titouan/workspace/kaldi/egs/timit/s5_la2/data-fmllr-tri3/train/data/feats_fmllr_train.7.ark:10225071
mree0_sx114 /nfs-share/titouan/workspace/kaldi/egs/timit/s5_la2/data-fmllr-tri3/train/data/feats_fmllr_train.8.ark:15321681
maeb0_sx360 /nfs-share/titouan/workspace/kaldi/egs/timit/s5_la2/data-fmllr-tri3/train/data/feats_fmllr_train.4.ark:242549
mklw0_sx311 /nfs-share/titouan/workspace/kaldi/egs/timit/s5_la2/data-fmllr-tri3/train/data/feats_fmllr_train.7.ark:9216981
mrav0_si1008 /nfs-share/titouan/workspace/kaldi/egs/timit/s5_la2/data-fmllr-tri3/train/data/feats_fmllr_train.8.ark:12512557
mjlg1_sx112 /nfs-share/titouan/workspace/kaldi/egs/timit/s5_la2/data-fmllr-tri3/train/data/feats_fmllr_train.6.ark:14454840
mhrm0_sx58 /nfs-share/titouan/workspace/kaldi/egs/timit/s5_la2/data-fmllr-tri3/train/data/feats_fmllr_train.6.ark:5670117
mrtj0_sx142 /nfs-share/titouan/workspace/kaldi/egs/timit/s5_la2/data-fmllr-tri3/train/data/feats_fmllr_train.9.ark:9359648
fgcs0_sx226 /nfs-share/titouan/workspace/kaldi/egs/timit/s5_la2/data-fmllr-tri3/train/data/feats_fmllr_train.1.ark:16438303
mhmg0_si1365 /nfs-share/titouan/workspace/kaldi/egs/timit/s5_la2/data-fmllr-tri3/train/data/feats_fmllr_train.6.ark:4606454
makb0_sx26 /nfs-share/titouan/workspace/kaldi/egs/timit/s5_la2/data-fmllr-tri3/train/data/feats_fmllr_train.4.ark:1835579
milb0_sx363 /nfs-share/titouan/workspace/kaldi/egs/timit/s5_la2/data-fmllr-tri3/train/data/feats_fmllr_train.6.ark:6395801
mjwg0_sx175 /nfs-share/titouan/workspace/kaldi/egs/timit/s5_la2/data-fmllr-tri3/train/data/feats_fmllr_train.7.ark:2162780
mrmb0_sx321 /nfs-share/titouan/workspace/kaldi/egs/timit/s5_la2/data-fmllr-tri3/train/data/feats_fmllr_train.9.ark:5369528
makr0_sx452 /nfs-share/titouan/workspace/kaldi/egs/timit/s5_la2/data-fmllr-tri3/train/data/feats_fmllr_train.4.ark:2167824
mjrp0_sx135 /nfs-share/titouan/workspace/kaldi/egs/timit/s5_la2/data-fmllr-tri3/train/data/feats_fmllr_train.7.ark:1255467
feac0_sx255 /nfs-share/titouan/workspace/kaldi/egs/timit/s5_la2/data-fmllr-tri3/train/data/feats_fmllr_train.1.ark:13557743
fvmh0_sx26 /nfs-share/titouan/workspace/kaldi/egs/timit/s5_la2/data-fmllr-tri3/train/data/feats_fmllr_train.3.ark:16751982
mrlj1_sx411 /nfs-share/titouan/workspace/kaldi/egs/timit/s5_la2/data-fmllr-tri3/train/data/feats_fmllr_train.9.ark:4317704
mefg0_si598 /nfs-share/titouan/workspace/kaldi/egs/timit/s5_la2/data-fmllr-tri3/train/data/feats_fmllr_train.5.ark:11534420
mcew0_si2072 /nfs-share/titouan/workspace/kaldi/egs/timit/s5_la2/data-fmllr-tri3/train/data/feats_fmllr_train.4.ark:10537957
mjpg0_sx111 /nfs-share/titouan/workspace/kaldi/egs/timit/s5_la2/data-fmllr-tri3/train/data/feats_fmllr_train.6.ark:16271606
fpmy0_si1783 /nfs-share/titouan/workspace/kaldi/egs/timit/s5_la2/data-fmllr-tri3/train/data/feats_fmllr_train.3.ark:3639272
mkag0_si2239 /nfs-share/titouan/workspace/kaldi/egs/timit/s5_la2/data-fmllr-tri3/train/data/feats_fmllr_train.7.ark:4075651
mdbb1_sx16 /nfs-share/titouan/workspace/kaldi/egs/timit/s5_la2/data-fmllr-tri3/train/data/feats_fmllr_train.4.ark:15305119
mrjt0_sx148 /nfs-share/titouan/workspace/kaldi/egs/timit/s5_la2/data-fmllr-tri3/train/data/feats_fmllr_train.9.ark:2635476
mfrm0_si1785 /nfs-share/titouan/workspace/kaldi/egs/timit/s5_la2/data-fmllr-tri3/train/data/feats_fmllr_train.5.ark:14858930
mjra0_sx66 /nfs-share/titouan/workspace/kaldi/egs/timit/s5_la2/data-fmllr-tri3/train/data/feats_fmllr_train.6.ark:17569164
mdcd0_si785 /nfs-share/titouan/workspace/kaldi/egs/timit/s5_la2/data-fmllr-tri3/train/data/feats_fmllr_train.4.ark:15969500
mabc0_sx61 /nfs-share/titouan/workspace/kaldi/egs/timit/s5_la2/data-fmllr-tri3/train/data/feats_fmllr_train.3.ark:17136413
mrew1_si2130 /nfs-share/titouan/workspace/kaldi/egs/timit/s5_la2/data-fmllr-tri3/train/data/feats_fmllr_train.8.ark:16392517
mapv0_sx393 /nfs-share/titouan/workspace/kaldi/egs/timit/s5_la2/data-fmllr-tri3/train/data/feats_fmllr_train.4.ark:2621347
mgar0_si1694 /nfs-share/titouan/workspace/kaldi/egs/timit/s5_la2/data-fmllr-tri3/train/data/feats_fmllr_train.6.ark:59241
fpjf0_sx352 /nfs-share/titouan/workspace/kaldi/egs/timit/s5_la2/data-fmllr-tri3/train/data/feats_fmllr_train.3.ark:3095135
mjlb0_sx356 /nfs-share/titouan/workspace/kaldi/egs/timit/s5_la2/data-fmllr-tri3/train/data/feats_fmllr_train.6.ark:14183796
fklh0_si627 /nfs-share/titouan/workspace/kaldi/egs/timit/s5_la2/data-fmllr-tri3/train/data/feats_fmllr_train.2.ark:8205534
mbma0_sx412 /nfs-share/titouan/workspace/kaldi/egs/timit/s5_la2/data-fmllr-tri3/train/data/feats_fmllr_train.4.ark:5824234
mlbc0_sx429 /nfs-share/titouan/workspace/kaldi/egs/timit/s5_la2/data-fmllr-tri3/train/data/feats_fmllr_train.7.ark:10408219
fbmj0_sx246 /nfs-share/titouan/workspace/kaldi/egs/timit/s5_la2/data-fmllr-tri3/train/data/feats_fmllr_train.1.ark:4683305
flma0_sx343 /nfs-share/titouan/workspace/kaldi/egs/timit/s5_la2/data-fmllr-tri3/train/data/feats_fmllr_train.2.ark:12687844
mlns0_si777 /nfs-share/titouan/workspace/kaldi/egs/timit/s5_la2/data-fmllr-tri3/train/data/feats_fmllr_train.7.ark:11924979
maeb0_sx90 /nfs-share/titouan/workspace/kaldi/egs/timit/s5_la2/data-fmllr-tri3/train/data/feats_fmllr_train.4.ark:337962
mjbg0_si1724 /nfs-share/titouan/workspace/kaldi/egs/timit/s5_la2/data-fmllr-tri3/train/data/feats_fmllr_train.6.ark:7700374
mjae0_si1524 /nfs-share/titouan/workspace/kaldi/egs/timit/s5_la2/data-fmllr-tri3/train/data/feats_fmllr_train.6.ark:6859592
mprt0_sx40 /nfs-share/titouan/workspace/kaldi/egs/timit/s5_la2/data-fmllr-tri3/train/data/feats_fmllr_train.8.ark:10545016
mhxl0_sx62 /nfs-share/titouan/workspace/kaldi/egs/timit/s5_la2/data-fmllr-tri3/train/data/feats_fmllr_train.6.ark:6074333
msdh0_sx80 /nfs-share/titouan/workspace/kaldi/egs/timit/s5_la2/data-fmllr-tri3/train/data/feats_fmllr_train.9.ark:13156648
ftbw0_sx445 /nfs-share/titouan/workspace/kaldi/egs/timit/s5_la2/data-fmllr-tri3/train/data/feats_fmllr_train.3.ark:14894125
mjma0_si2125 /nfs-share/titouan/workspace/kaldi/egs/timit/s5_la2/data-fmllr-tri3/train/data/feats_fmllr_train.6.ark:15104980
mjae0_sx354 /nfs-share/titouan/workspace/kaldi/egs/timit/s5_la2/data-fmllr-tri3/train/data/feats_fmllr_train.6.ark:7090449
mbsb0_sx363 /nfs-share/titouan/workspace/kaldi/egs/timit/s5_la2/data-fmllr-tri3/train/data/feats_fmllr_train.4.ark:7229582
fhxs0_sx175 /nfs-share/titouan/workspace/kaldi/egs/timit/s5_la2/data-fmllr-tri3/train/data/feats_fmllr_train.1.ark:18588164
mjeb1_si1467 /nfs-share/titouan/workspace/kaldi/egs/timit/s5_la2/data-fmllr-tri3/train/data/feats_fmllr_train.6.ark:10416267
fjxp0_sx132 /nfs-share/titouan/workspace/kaldi/egs/timit/s5_la2/data-fmllr-tri3/train/data/feats_fmllr_train.2.ark:4979663
mrab1_si1478 /nfs-share/titouan/workspace/kaldi/egs/timit/s5_la2/data-fmllr-tri3/train/data/feats_fmllr_train.8.ark:11321025
mree0_si1734 /nfs-share/titouan/workspace/kaldi/egs/timit/s5_la2/data-fmllr-tri3/train/data/feats_fmllr_train.8.ark:15202906
mjpm1_si2280 /nfs-share/titouan/workspace/kaldi/egs/timit/s5_la2/data-fmllr-tri3/train/data/feats_fmllr_train.6.ark:16863986
mtwh1_sx342 /nfs-share/titouan/workspace/kaldi/egs/timit/s5_la2/data-fmllr-tri3/train/data/feats_fmllr_train.10.ark:11759082
mdlh0_sx250 /nfs-share/titouan/workspace/kaldi/egs/timit/s5_la2/data-fmllr-tri3/train/data/feats_fmllr_train.5.ark:4125653
mjlb0_si986 /nfs-share/titouan/workspace/kaldi/egs/timit/s5_la2/data-fmllr-tri3/train/data/feats_fmllr_train.6.ark:14051555
fvkb0_sx439 /nfs-share/titouan/workspace/kaldi/egs/timit/s5_la2/data-fmllr-tri3/train/data/feats_fmllr_train.3.ark:16395953
mlsh0_sx427 /nfs-share/titouan/workspace/kaldi/egs/timit/s5_la2/data-fmllr-tri3/train/data/feats_fmllr_train.7.ark:12494424
fdxw0_sx341 /nfs-share/titouan/workspace/kaldi/egs/timit/s5_la2/data-fmllr-tri3/train/data/feats_fmllr_train.1.ark:13223633
mgaf0_sx112 /nfs-share/titouan/workspace/kaldi/egs/timit/s5_la2/data-fmllr-tri3/train/data/feats_fmllr_train.5.ark:16393107
mrem0_sx241 /nfs-share/titouan/workspace/kaldi/egs/timit/s5_la2/data-fmllr-tri3/train/data/feats_fmllr_train.8.ark:16169661
mppc0_si2042 /nfs-share/titouan/workspace/kaldi/egs/timit/s5_la2/data-fmllr-tri3/train/data/feats_fmllr_train.8.ark:8622255
fmem0_sx207 /nfs-share/titouan/workspace/kaldi/egs/timit/s5_la2/data-fmllr-tri3/train/data/feats_fmllr_train.2.ark:15308698
fvmh0_si1466 /nfs-share/titouan/workspace/kaldi/egs/timit/s5_la2/data-fmllr-tri3/train/data/feats_fmllr_train.3.ark:16493127
mrfk0_si2336 /nfs-share/titouan/workspace/kaldi/egs/timit/s5_la2/data-fmllr-tri3/train/data/feats_fmllr_train.8.ark:16806362
mjjj0_si533 /nfs-share/titouan/workspace/kaldi/egs/timit/s5_la2/data-fmllr-tri3/train/data/feats_fmllr_train.6.ark:12855704
mbma1_sx234 /nfs-share/titouan/workspace/kaldi/egs/timit/s5_la2/data-fmllr-tri3/train/data/feats_fmllr_train.4.ark:6109037
mwre0_sx247 /nfs-share/titouan/workspace/kaldi/egs/timit/s5_la2/data-fmllr-tri3/train/data/feats_fmllr_train.10.ark:16206785
mhit0_sx443 /nfs-share/titouan/workspace/kaldi/egs/timit/s5_la2/data-fmllr-tri3/train/data/feats_fmllr_train.6.ark:4213222
mtdb0_sx51 /nfs-share/titouan/workspace/kaldi/egs/timit/s5_la2/data-fmllr-tri3/train/data/feats_fmllr_train.10.ark:3177561
fgrw0_si1990 /nfs-share/titouan/workspace/kaldi/egs/timit/s5_la2/data-fmllr-tri3/train/data/feats_fmllr_train.1.ark:17649781
mdlc0_sx405 /nfs-share/titouan/workspace/kaldi/egs/timit/s5_la2/data-fmllr-tri3/train/data/feats_fmllr_train.5.ark:3103456
msat1_si1703 /nfs-share/titouan/workspace/kaldi/egs/timit/s5_la2/data-fmllr-tri3/train/data/feats_fmllr_train.9.ark:12208051
mtwh1_sx72 /nfs-share/titouan/workspace/kaldi/egs/timit/s5_la2/data-fmllr-tri3/train/data/feats_fmllr_train.10.ark:11855775
fmem0_si2007 /nfs-share/titouan/workspace/kaldi/egs/timit/s5_la2/data-fmllr-tri3/train/data/feats_fmllr_train.2.ark:15152617
flmk0_sx405 /nfs-share/titouan/workspace/kaldi/egs/timit/s5_la2/data-fmllr-tri3/train/data/feats_fmllr_train.2.ark:13496786
mrgs0_sx96 /nfs-share/titouan/workspace/kaldi/egs/timit/s5_la2/data-fmllr-tri3/train/data/feats_fmllr_train.9.ark:387400
mclk0_sx220 /nfs-share/titouan/workspace/kaldi/egs/timit/s5_la2/data-fmllr-tri3/train/data/feats_fmllr_train.4.ark:11588873
fjhk0_sx302 /nfs-share/titouan/workspace/kaldi/egs/timit/s5_la2/data-fmllr-tri3/train/data/feats_fmllr_train.2.ark:1122026
mrgm0_sx442 /nfs-share/titouan/workspace/kaldi/egs/timit/s5_la2/data-fmllr-tri3/train/data/feats_fmllr_train.8.ark:17831064
mrvg0_sx330 /nfs-share/titouan/workspace/kaldi/egs/timit/s5_la2/data-fmllr-tri3/train/data/feats_fmllr_train.9.ark:9858959
mhxl0_si512 /nfs-share/titouan/workspace/kaldi/egs/timit/s5_la2/data-fmllr-tri3/train/data/feats_fmllr_train.6.ark:5768892
mdsj0_sx22 /nfs-share/titouan/workspace/kaldi/egs/timit/s5_la2/data-fmllr-tri3/train/data/feats_fmllr_train.5.ark:8394280
mdac0_sx181 /nfs-share/titouan/workspace/kaldi/egs/timit/s5_la2/data-fmllr-tri3/train/data/feats_fmllr_train.4.ark:14526101
mmxs0_sx66 /nfs-share/titouan/workspace/kaldi/egs/timit/s5_la2/data-fmllr-tri3/train/data/feats_fmllr_train.8.ark:4948407
mjdc0_sx441 /nfs-share/titouan/workspace/kaldi/egs/timit/s5_la2/data-fmllr-tri3/train/data/feats_fmllr_train.6.ark:8660145
mtxs0_sx70 /nfs-share/titouan/workspace/kaldi/egs/timit/s5_la2/data-fmllr-tri3/train/data/feats_fmllr_train.10.ark:12309913
mrmb0_sx411 /nfs-share/titouan/workspace/kaldi/egs/timit/s5_la2/data-fmllr-tri3/train/data/feats_fmllr_train.9.ark:5424435
mnet0_sx6 /nfs-share/titouan/workspace/kaldi/egs/timit/s5_la2/data-fmllr-tri3/train/data/feats_fmllr_train.8.ark:5245556
mhxl0_si1772 /nfs-share/titouan/workspace/kaldi/egs/timit/s5_la2/data-fmllr-tri3/train/data/feats_fmllr_train.6.ark:5723585
msmr0_sx235 /nfs-share/titouan/workspace/kaldi/egs/timit/s5_la2/data-fmllr-tri3/train/data/feats_fmllr_train.9.ark:16433025
mjxa0_si877 /nfs-share/titouan/workspace/kaldi/egs/timit/s5_la2/data-fmllr-tri3/train/data/feats_fmllr_train.7.ark:3350924
fblv0_sx428 /nfs-share/titouan/workspace/kaldi/egs/timit/s5_la2/data-fmllr-tri3/train/data/feats_fmllr_train.1.ark:3985486
marc0_si1188 /nfs-share/titouan/workspace/kaldi/egs/timit/s5_la2/data-fmllr-tri3/train/data/feats_fmllr_train.4.ark:2663295
msdb0_si2267 /nfs-share/titouan/workspace/kaldi/egs/timit/s5_la2/data-fmllr-tri3/train/data/feats_fmllr_train.9.ark:12616777
marc0_si558 /nfs-share/titouan/workspace/kaldi/egs/timit/s5_la2/data-fmllr-tri3/train/data/feats_fmllr_train.4.ark:2720630
mcxm0_si1981 /nfs-share/titouan/workspace/kaldi/egs/timit/s5_la2/data-fmllr-tri3/train/data/feats_fmllr_train.4.ark:14031110
mdps0_sx269 /nfs-share/titouan/workspace/kaldi/egs/timit/s5_la2/data-fmllr-tri3/train/data/feats_fmllr_train.5.ark:7586327
mdbb1_sx286 /nfs-share/titouan/workspace/kaldi/egs/timit/s5_la2/data-fmllr-tri3/train/data/feats_fmllr_train.4.ark:15369013
mcss0_si688 /nfs-share/titouan/workspace/kaldi/egs/timit/s5_la2/data-fmllr-tri3/train/data/feats_fmllr_train.4.ark:12901019
mrlk0_sx33 /nfs-share/titouan/workspace/kaldi/egs/timit/s5_la2/data-fmllr-tri3/train/data/feats_fmllr_train.9.ark:4706880
msdh0_si2113 /nfs-share/titouan/workspace/kaldi/egs/timit/s5_la2/data-fmllr-tri3/train/data/feats_fmllr_train.9.ark:12801899
mrjm1_sx398 /nfs-share/titouan/workspace/kaldi/egs/timit/s5_la2/data-fmllr-tri3/train/data/feats_fmllr_train.9.ark:2440326
msms0_sx263 /nfs-share/titouan/workspace/kaldi/egs/timit/s5_la2/data-fmllr-tri3/train/data/feats_fmllr_train.9.ark:16816922
fbmj0_sx426 /nfs-share/titouan/workspace/kaldi/egs/timit/s5_la2/data-fmllr-tri3/train/data/feats_fmllr_train.1.ark:4799839
mtmt0_sx398 /nfs-share/titouan/workspace/kaldi/egs/timit/s5_la2/data-fmllr-tri3/train/data/feats_fmllr_train.10.ark:8399103
mhbs0_sx225 /nfs-share/titouan/workspace/kaldi/egs/timit/s5_la2/data-fmllr-tri3/train/data/feats_fmllr_train.6.ark:3768311
fcdr1_si1816 /nfs-share/titouan/workspace/kaldi/egs/timit/s5_la2/data-fmllr-tri3/train/data/feats_fmllr_train.1.ark:5667716
mrds0_sx447 /nfs-share/titouan/workspace/kaldi/egs/timit/s5_la2/data-fmllr-tri3/train/data/feats_fmllr_train.8.ark:15059784
mjee0_si1237 /nfs-share/titouan/workspace/kaldi/egs/timit/s5_la2/data-fmllr-tri3/train/data/feats_fmllr_train.6.ark:10834884
fbas0_si2066 /nfs-share/titouan/workspace/kaldi/egs/timit/s5_la2/data-fmllr-tri3/train/data/feats_fmllr_train.1.ark:2181150
mkaj0_si784 /nfs-share/titouan/workspace/kaldi/egs/timit/s5_la2/data-fmllr-tri3/train/data/feats_fmllr_train.7.ark:4909391
fdmy0_si1197 /nfs-share/titouan/workspace/kaldi/egs/timit/s5_la2/data-fmllr-tri3/train/data/feats_fmllr_train.1.ark:11607485
mjsr0_sx164 /nfs-share/titouan/workspace/kaldi/egs/timit/s5_la2/data-fmllr-tri3/train/data/feats_fmllr_train.7.ark:1688804
fdml0_si1149 /nfs-share/titouan/workspace/kaldi/egs/timit/s5_la2/data-fmllr-tri3/train/data/feats_fmllr_train.1.ark:11281667
mdlc1_sx175 /nfs-share/titouan/workspace/kaldi/egs/timit/s5_la2/data-fmllr-tri3/train/data/feats_fmllr_train.5.ark:3358153
mmaa0_si845 /nfs-share/titouan/workspace/kaldi/egs/timit/s5_la2/data-fmllr-tri3/train/data/feats_fmllr_train.7.ark:12701733
fskp0_sx378 /nfs-share/titouan/workspace/kaldi/egs/timit/s5_la2/data-fmllr-tri3/train/data/feats_fmllr_train.3.ark:11051180
mwsh0_sx346 /nfs-share/titouan/workspace/kaldi/egs/timit/s5_la2/data-fmllr-tri3/train/data/feats_fmllr_train.10.ark:17437060
mstf0_sx46 /nfs-share/titouan/workspace/kaldi/egs/timit/s5_la2/data-fmllr-tri3/train/data/feats_fmllr_train.9.ark:18104851
fjdm2_sx322 /nfs-share/titouan/workspace/kaldi/egs/timit/s5_la2/data-fmllr-tri3/train/data/feats_fmllr_train.2.ark:271670
mwrp0_si1525 /nfs-share/titouan/workspace/kaldi/egs/timit/s5_la2/data-fmllr-tri3/train/data/feats_fmllr_train.10.ark:16487401
mtpp0_si1508 /nfs-share/titouan/workspace/kaldi/egs/timit/s5_la2/data-fmllr-tri3/train/data/feats_fmllr_train.10.ark:9160205
fgrw0_sx342 /nfs-share/titouan/workspace/kaldi/egs/timit/s5_la2/data-fmllr-tri3/train/data/feats_fmllr_train.1.ark:17799302
mbwp0_si1969 /nfs-share/titouan/workspace/kaldi/egs/timit/s5_la2/data-fmllr-tri3/train/data/feats_fmllr_train.4.ark:7733080
fclt0_sx268 /nfs-share/titouan/workspace/kaldi/egs/timit/s5_la2/data-fmllr-tri3/train/data/feats_fmllr_train.1.ark:7593042
mwsb0_sx6 /nfs-share/titouan/workspace/kaldi/egs/timit/s5_la2/data-fmllr-tri3/train/data/feats_fmllr_train.10.ark:17062790
mejs0_sx250 /nfs-share/titouan/workspace/kaldi/egs/timit/s5_la2/data-fmllr-tri3/train/data/feats_fmllr_train.5.ark:12811123
fljg0_sx81 /nfs-share/titouan/workspace/kaldi/egs/timit/s5_la2/data-fmllr-tri3/train/data/feats_fmllr_train.2.ark:11997064
mdhs0_si1530 /nfs-share/titouan/workspace/kaldi/egs/timit/s5_la2/data-fmllr-tri3/train/data/feats_fmllr_train.5.ark:1207864
fjen0_sx147 /nfs-share/titouan/workspace/kaldi/egs/timit/s5_la2/data-fmllr-tri3/train/data/feats_fmllr_train.2.ark:571034
fgrw0_sx162 /nfs-share/titouan/workspace/kaldi/egs/timit/s5_la2/data-fmllr-tri3/train/data/feats_fmllr_train.1.ark:17686288
mcxm0_sx181 /nfs-share/titouan/workspace/kaldi/egs/timit/s5_la2/data-fmllr-tri3/train/data/feats_fmllr_train.4.ark:14128444
mjac0_si1331 /nfs-share/titouan/workspace/kaldi/egs/timit/s5_la2/data-fmllr-tri3/train/data/feats_fmllr_train.6.ark:6468495
mdpk0_sx333 /nfs-share/titouan/workspace/kaldi/egs/timit/s5_la2/data-fmllr-tri3/train/data/feats_fmllr_train.5.ark:7272377
mbwp0_si1531 /nfs-share/titouan/workspace/kaldi/egs/timit/s5_la2/data-fmllr-tri3/train/data/feats_fmllr_train.4.ark:7708092
meal0_sx347 /nfs-share/titouan/workspace/kaldi/egs/timit/s5_la2/data-fmllr-tri3/train/data/feats_fmllr_train.5.ark:10988335
fksr0_si1747 /nfs-share/titouan/workspace/kaldi/egs/timit/s5_la2/data-fmllr-tri3/train/data/feats_fmllr_train.2.ark:8525724
fmpg0_sx252 /nfs-share/titouan/workspace/kaldi/egs/timit/s5_la2/data-fmllr-tri3/train/data/feats_fmllr_train.2.ark:18185413
mrxb0_sx415 /nfs-share/titouan/workspace/kaldi/egs/timit/s5_la2/data-fmllr-tri3/train/data/feats_fmllr_train.9.ark:11009717
mdef0_sx123 /nfs-share/titouan/workspace/kaldi/egs/timit/s5_la2/data-fmllr-tri3/train/data/feats_fmllr_train.5.ark:160256
mcdc0_sx392 /nfs-share/titouan/workspace/kaldi/egs/timit/s5_la2/data-fmllr-tri3/train/data/feats_fmllr_train.4.ark:9299810
mdlr1_sx219 /nfs-share/titouan/workspace/kaldi/egs/timit/s5_la2/data-fmllr-tri3/train/data/feats_fmllr_train.5.ark:5270464
mmpm0_sx161 /nfs-share/titouan/workspace/kaldi/egs/timit/s5_la2/data-fmllr-tri3/train/data/feats_fmllr_train.8.ark:1889983
fgrw0_si1152 /nfs-share/titouan/workspace/kaldi/egs/timit/s5_la2/data-fmllr-tri3/train/data/feats_fmllr_train.1.ark:17507965
flja0_si1078 /nfs-share/titouan/workspace/kaldi/egs/timit/s5_la2/data-fmllr-tri3/train/data/feats_fmllr_train.2.ark:10780920
msem1_si2070 /nfs-share/titouan/workspace/kaldi/egs/timit/s5_la2/data-fmllr-tri3/train/data/feats_fmllr_train.9.ark:13710842
mkln0_si968 /nfs-share/titouan/workspace/kaldi/egs/timit/s5_la2/data-fmllr-tri3/train/data/feats_fmllr_train.7.ark:7583229
fkdw0_si577 /nfs-share/titouan/workspace/kaldi/egs/timit/s5_la2/data-fmllr-tri3/train/data/feats_fmllr_train.2.ark:6209568
msmr0_sx325 /nfs-share/titouan/workspace/kaldi/egs/timit/s5_la2/data-fmllr-tri3/train/data/feats_fmllr_train.9.ark:16480092
fcdr1_sx376 /nfs-share/titouan/workspace/kaldi/egs/timit/s5_la2/data-fmllr-tri3/train/data/feats_fmllr_train.1.ark:6024517
fjwb1_sx165 /nfs-share/titouan/workspace/kaldi/egs/timit/s5_la2/data-fmllr-tri3/train/data/feats_fmllr_train.2.ark:4187869
mwad0_sx162 /nfs-share/titouan/workspace/kaldi/egs/timit/s5_la2/data-fmllr-tri3/train/data/feats_fmllr_train.10.ark:13985292
mpmb0_si871 /nfs-share/titouan/workspace/kaldi/egs/timit/s5_la2/data-fmllr-tri3/train/data/feats_fmllr_train.8.ark:8082705
mbma1_sx54 /nfs-share/titouan/workspace/kaldi/egs/timit/s5_la2/data-fmllr-tri3/train/data/feats_fmllr_train.4.ark:6271197
mkah0_si898 /nfs-share/titouan/workspace/kaldi/egs/timit/s5_la2/data-fmllr-tri3/train/data/feats_fmllr_train.7.ark:4511094
mkag0_si1609 /nfs-share/titouan/workspace/kaldi/egs/timit/s5_la2/data-fmllr-tri3/train/data/feats_fmllr_train.7.ark:4011783
mrmb0_si951 /nfs-share/titouan/workspace/kaldi/egs/timit/s5_la2/data-fmllr-tri3/train/data/feats_fmllr_train.9.ark:5232647
fvkb0_sx259 /nfs-share/titouan/workspace/kaldi/egs/timit/s5_la2/data-fmllr-tri3/train/data/feats_fmllr_train.3.ark:16264699
mcal0_si508 /nfs-share/titouan/workspace/kaldi/egs/timit/s5_la2/data-fmllr-tri3/train/data/feats_fmllr_train.4.ark:8700259
fsbk0_sx349 /nfs-share/titouan/workspace/kaldi/egs/timit/s5_la2/data-fmllr-tri3/train/data/feats_fmllr_train.3.ark:6559940
mcae0_sx367 /nfs-share/titouan/workspace/kaldi/egs/timit/s5_la2/data-fmllr-tri3/train/data/feats_fmllr_train.4.ark:8442685
mjfr0_si2235 /nfs-share/titouan/workspace/kaldi/egs/timit/s5_la2/data-fmllr-tri3/train/data/feats_fmllr_train.6.ark:11575986
mcss0_si1380 /nfs-share/titouan/workspace/kaldi/egs/timit/s5_la2/data-fmllr-tri3/train/data/feats_fmllr_train.4.ark:12832672
fsjw0_sx73 /nfs-share/titouan/workspace/kaldi/egs/timit/s5_la2/data-fmllr-tri3/train/data/feats_fmllr_train.3.ark:9944449
mrtc0_si1458 /nfs-share/titouan/workspace/kaldi/egs/timit/s5_la2/data-fmllr-tri3/train/data/feats_fmllr_train.9.ark:8751509
fblv0_sx68 /nfs-share/titouan/workspace/kaldi/egs/timit/s5_la2/data-fmllr-tri3/train/data/feats_fmllr_train.1.ark:4039592
fleh0_sx241 /nfs-share/titouan/workspace/kaldi/egs/timit/s5_la2/data-fmllr-tri3/train/data/feats_fmllr_train.2.ark:9859897
mkdt0_si814 /nfs-share/titouan/workspace/kaldi/egs/timit/s5_la2/data-fmllr-tri3/train/data/feats_fmllr_train.7.ark:6362391
fjdm2_sx232 /nfs-share/titouan/workspace/kaldi/egs/timit/s5_la2/data-fmllr-tri3/train/data/feats_fmllr_train.2.ark:208443
fpab1_sx211 /nfs-share/titouan/workspace/kaldi/egs/timit/s5_la2/data-fmllr-tri3/train/data/feats_fmllr_train.3.ark:1006475
mrcw0_si2001 /nfs-share/titouan/workspace/kaldi/egs/timit/s5_la2/data-fmllr-tri3/train/data/feats_fmllr_train.8.ark:13748917
mrmg0_sx360 /nfs-share/titouan/workspace/kaldi/egs/timit/s5_la2/data-fmllr-tri3/train/data/feats_fmllr_train.9.ark:5747666
msem1_sx270 /nfs-share/titouan/workspace/kaldi/egs/timit/s5_la2/data-fmllr-tri3/train/data/feats_fmllr_train.9.ark:13968203
mgaw0_sx445 /nfs-share/titouan/workspace/kaldi/egs/timit/s5_la2/data-fmllr-tri3/train/data/feats_fmllr_train.6.ark:682954
mtpg0_sx123 /nfs-share/titouan/workspace/kaldi/egs/timit/s5_la2/data-fmllr-tri3/train/data/feats_fmllr_train.10.ark:8962950
fmju0_si759 /nfs-share/titouan/workspace/kaldi/egs/timit/s5_la2/data-fmllr-tri3/train/data/feats_fmllr_train.2.ark:16439054
fclt0_sx448 /nfs-share/titouan/workspace/kaldi/egs/timit/s5_la2/data-fmllr-tri3/train/data/feats_fmllr_train.1.ark:7684776
mjls0_sx106 /nfs-share/titouan/workspace/kaldi/egs/timit/s5_la2/data-fmllr-tri3/train/data/feats_fmllr_train.6.ark:14838577
fcmg0_sx342 /nfs-share/titouan/workspace/kaldi/egs/timit/s5_la2/data-fmllr-tri3/train/data/feats_fmllr_train.1.ark:8036967
mmeb0_sx187 /nfs-share/titouan/workspace/kaldi/egs/timit/s5_la2/data-fmllr-tri3/train/data/feats_fmllr_train.7.ark:17784422
mgak0_sx46 /nfs-share/titouan/workspace/kaldi/egs/timit/s5_la2/data-fmllr-tri3/train/data/feats_fmllr_train.5.ark:17318288
mjlg1_sx22 /nfs-share/titouan/workspace/kaldi/egs/timit/s5_la2/data-fmllr-tri3/train/data/feats_fmllr_train.6.ark:14527213
mmcc0_sx78 /nfs-share/titouan/workspace/kaldi/egs/timit/s5_la2/data-fmllr-tri3/train/data/feats_fmllr_train.7.ark:15445890
mdks0_sx256 /nfs-share/titouan/workspace/kaldi/egs/timit/s5_la2/data-fmllr-tri3/train/data/feats_fmllr_train.5.ark:2110648
mewm0_si718 /nfs-share/titouan/workspace/kaldi/egs/timit/s5_la2/data-fmllr-tri3/train/data/feats_fmllr_train.5.ark:13751398
fhxs0_si1075 /nfs-share/titouan/workspace/kaldi/egs/timit/s5_la2/data-fmllr-tri3/train/data/feats_fmllr_train.1.ark:18358801
mdlc1_sx445 /nfs-share/titouan/workspace/kaldi/egs/timit/s5_la2/data-fmllr-tri3/train/data/feats_fmllr_train.5.ark:3504794
mtkd0_si630 /nfs-share/titouan/workspace/kaldi/egs/timit/s5_la2/data-fmllr-tri3/train/data/feats_fmllr_train.10.ark:5774626
ftbw0_sx85 /nfs-share/titouan/workspace/kaldi/egs/timit/s5_la2/data-fmllr-tri3/train/data/feats_fmllr_train.3.ark:14932871
flhd0_si1974 /nfs-share/titouan/workspace/kaldi/egs/timit/s5_la2/data-fmllr-tri3/train/data/feats_fmllr_train.2.ark:10491478
fcjs0_sx347 /nfs-share/titouan/workspace/kaldi/egs/timit/s5_la2/data-fmllr-tri3/train/data/feats_fmllr_train.1.ark:6887355
mbsb0_si1983 /nfs-share/titouan/workspace/kaldi/egs/timit/s5_la2/data-fmllr-tri3/train/data/feats_fmllr_train.4.ark:7070569
mges0_sx311 /nfs-share/titouan/workspace/kaldi/egs/timit/s5_la2/data-fmllr-tri3/train/data/feats_fmllr_train.6.ark:916904
mjmm0_sx175 /nfs-share/titouan/workspace/kaldi/egs/timit/s5_la2/data-fmllr-tri3/train/data/feats_fmllr_train.6.ark:15890909
mcef0_sx325 /nfs-share/titouan/workspace/kaldi/egs/timit/s5_la2/data-fmllr-tri3/train/data/feats_fmllr_train.4.ark:10361368
fsdc0_si2234 /nfs-share/titouan/workspace/kaldi/egs/timit/s5_la2/data-fmllr-tri3/train/data/feats_fmllr_train.3.ark:7332773
mbml0_sx449 /nfs-share/titouan/workspace/kaldi/egs/timit/s5_la2/data-fmllr-tri3/train/data/feats_fmllr_train.4.ark:6588828
mkag0_sx439 /nfs-share/titouan/workspace/kaldi/egs/timit/s5_la2/data-fmllr-tri3/train/data/feats_fmllr_train.7.ark:4317385
fsjs0_sx361 /nfs-share/titouan/workspace/kaldi/egs/timit/s5_la2/data-fmllr-tri3/train/data/feats_fmllr_train.3.ark:9431219
msfh0_si1738 /nfs-share/titouan/workspace/kaldi/egs/timit/s5_la2/data-fmllr-tri3/train/data/feats_fmllr_train.9.ark:14556237
mdps0_si1979 /nfs-share/titouan/workspace/kaldi/egs/timit/s5_la2/data-fmllr-tri3/train/data/feats_fmllr_train.5.ark:7443846
mtkp0_si1023 /nfs-share/titouan/workspace/kaldi/egs/timit/s5_la2/data-fmllr-tri3/train/data/feats_fmllr_train.10.ark:6092548
mtrt0_si1227 /nfs-share/titouan/workspace/kaldi/egs/timit/s5_la2/data-fmllr-tri3/train/data/feats_fmllr_train.10.ark:11187849
mjee0_sx67 /nfs-share/titouan/workspace/kaldi/egs/timit/s5_la2/data-fmllr-tri3/train/data/feats_fmllr_train.6.ark:11153153
flja0_si2338 /nfs-share/titouan/workspace/kaldi/egs/timit/s5_la2/data-fmllr-tri3/train/data/feats_fmllr_train.2.ark:10900336
mbwp0_sx169 /nfs-share/titouan/workspace/kaldi/egs/timit/s5_la2/data-fmllr-tri3/train/data/feats_fmllr_train.4.ark:7828014
mclm0_sx106 /nfs-share/titouan/workspace/kaldi/egs/timit/s5_la2/data-fmllr-tri3/train/data/feats_fmllr_train.4.ark:11917383
mwar0_si1675 /nfs-share/titouan/workspace/kaldi/egs/timit/s5_la2/data-fmllr-tri3/train/data/feats_fmllr_train.10.ark:14246735
mlbc0_sx69 /nfs-share/titouan/workspace/kaldi/egs/timit/s5_la2/data-fmllr-tri3/train/data/feats_fmllr_train.7.ark:10455285
mhrm0_sx148 /nfs-share/titouan/workspace/kaldi/egs/timit/s5_la2/data-fmllr-tri3/train/data/feats_fmllr_train.6.ark:5479290
mjjb0_si1769 /nfs-share/titouan/workspace/kaldi/egs/timit/s5_la2/data-fmllr-tri3/train/data/feats_fmllr_train.6.ark:12430047
mjma0_sx325 /nfs-share/titouan/workspace/kaldi/egs/timit/s5_la2/data-fmllr-tri3/train/data/feats_fmllr_train.6.ark:15305888
mjmm0_si1885 /nfs-share/titouan/workspace/kaldi/egs/timit/s5_la2/data-fmllr-tri3/train/data/feats_fmllr_train.6.ark:15820295
mtrr0_sx198 /nfs-share/titouan/workspace/kaldi/egs/timit/s5_la2/data-fmllr-tri3/train/data/feats_fmllr_train.10.ark:11038807
mrcw0_sx381 /nfs-share/titouan/workspace/kaldi/egs/timit/s5_la2/data-fmllr-tri3/train/data/feats_fmllr_train.8.ark:14010998
mdks0_sx76 /nfs-share/titouan/workspace/kaldi/egs/timit/s5_la2/data-fmllr-tri3/train/data/feats_fmllr_train.5.ark:2257768
fbmj0_si1776 /nfs-share/titouan/workspace/kaldi/egs/timit/s5_la2/data-fmllr-tri3/train/data/feats_fmllr_train.1.ark:4460317
fkkh0_sx300 /nfs-share/titouan/workspace/kaldi/egs/timit/s5_la2/data-fmllr-tri3/train/data/feats_fmllr_train.2.ark:7215549
mzmb0_sx266 /nfs-share/titouan/workspace/kaldi/egs/timit/s5_la2/data-fmllr-tri3/train/data/feats_fmllr_train.10.ark:17803010
mrlr0_sx206 /nfs-share/titouan/workspace/kaldi/egs/timit/s5_la2/data-fmllr-tri3/train/data/feats_fmllr_train.9.ark:4982404
fscn0_sx86 /nfs-share/titouan/workspace/kaldi/egs/timit/s5_la2/data-fmllr-tri3/train/data/feats_fmllr_train.3.ark:7182129
mtrr0_sx288 /nfs-share/titouan/workspace/kaldi/egs/timit/s5_la2/data-fmllr-tri3/train/data/feats_fmllr_train.10.ark:11079634
mrmb0_sx51 /nfs-share/titouan/workspace/kaldi/egs/timit/s5_la2/data-fmllr-tri3/train/data/feats_fmllr_train.9.ark:5470381
mpgr1_sx419 /nfs-share/titouan/workspace/kaldi/egs/timit/s5_la2/data-fmllr-tri3/train/data/feats_fmllr_train.8.ark:7803396
fsls0_si1056 /nfs-share/titouan/workspace/kaldi/egs/timit/s5_la2/data-fmllr-tri3/train/data/feats_fmllr_train.3.ark:11094088
fspm0_si1871 /nfs-share/titouan/workspace/kaldi/egs/timit/s5_la2/data-fmllr-tri3/train/data/feats_fmllr_train.3.ark:12783785
mstf0_sx136 /nfs-share/titouan/workspace/kaldi/egs/timit/s5_la2/data-fmllr-tri3/train/data/feats_fmllr_train.9.ark:17891624
msdh0_sx440 /nfs-share/titouan/workspace/kaldi/egs/timit/s5_la2/data-fmllr-tri3/train/data/feats_fmllr_train.9.ark:13097582
mtdp0_si2151 /nfs-share/titouan/workspace/kaldi/egs/timit/s5_la2/data-fmllr-tri3/train/data/feats_fmllr_train.10.ark:3324845
mrlj1_si2332 /nfs-share/titouan/workspace/kaldi/egs/timit/s5_la2/data-fmllr-tri3/train/data/feats_fmllr_train.9.ark:4172956
maeo0_si1956 /nfs-share/titouan/workspace/kaldi/egs/timit/s5_la2/data-fmllr-tri3/train/data/feats_fmllr_train.4.ark:479006
fbmj0_sx156 /nfs-share/titouan/workspace/kaldi/egs/timit/s5_la2/data-fmllr-tri3/train/data/feats_fmllr_train.1.ark:4630318
mjpg0_sx21 /nfs-share/titouan/workspace/kaldi/egs/timit/s5_la2/data-fmllr-tri3/train/data/feats_fmllr_train.6.ark:16340139
mrso0_si1659 /nfs-share/titouan/workspace/kaldi/egs/timit/s5_la2/data-fmllr-tri3/train/data/feats_fmllr_train.9.ark:7963422
mhmg0_sx195 /nfs-share/titouan/workspace/kaldi/egs/timit/s5_la2/data-fmllr-tri3/train/data/feats_fmllr_train.6.ark:4844029
mrcg0_sx78 /nfs-share/titouan/workspace/kaldi/egs/timit/s5_la2/data-fmllr-tri3/train/data/feats_fmllr_train.8.ark:13644701
msfv0_si632 /nfs-share/titouan/workspace/kaldi/egs/timit/s5_la2/data-fmllr-tri3/train/data/feats_fmllr_train.9.ark:15078561
mrlj1_si1671 /nfs-share/titouan/workspace/kaldi/egs/timit/s5_la2/data-fmllr-tri3/train/data/feats_fmllr_train.9.ark:4063460
fgdp0_sx178 /nfs-share/titouan/workspace/kaldi/egs/timit/s5_la2/data-fmllr-tri3/train/data/feats_fmllr_train.1.ark:16759613
mcef0_si842 /nfs-share/titouan/workspace/kaldi/egs/timit/s5_la2/data-fmllr-tri3/train/data/feats_fmllr_train.4.ark:10211847
fsms1_sx244 /nfs-share/titouan/workspace/kaldi/egs/timit/s5_la2/data-fmllr-tri3/train/data/feats_fmllr_train.3.ark:12499009
mdbp0_sx78 /nfs-share/titouan/workspace/kaldi/egs/timit/s5_la2/data-fmllr-tri3/train/data/feats_fmllr_train.4.ark:15851977
mrew1_sx420 /nfs-share/titouan/workspace/kaldi/egs/timit/s5_la2/data-fmllr-tri3/train/data/feats_fmllr_train.8.ark:16604812
mejs0_si1240 /nfs-share/titouan/workspace/kaldi/egs/timit/s5_la2/data-fmllr-tri3/train/data/feats_fmllr_train.5.ark:12598374
fjkl0_sx392 /nfs-share/titouan/workspace/kaldi/egs/timit/s5_la2/data-fmllr-tri3/train/data/feats_fmllr_train.2.ark:1564696
mjee0_sx427 /nfs-share/titouan/workspace/kaldi/egs/timit/s5_la2/data-fmllr-tri3/train/data/feats_fmllr_train.6.ark:11111687
mjde0_sx40 /nfs-share/titouan/workspace/kaldi/egs/timit/s5_la2/data-fmllr-tri3/train/data/feats_fmllr_train.6.ark:9128360
mmeb0_si1357 /nfs-share/titouan/workspace/kaldi/egs/timit/s5_la2/data-fmllr-tri3/train/data/feats_fmllr_train.7.ark:17654900
mdsj0_si1462 /nfs-share/titouan/workspace/kaldi/egs/timit/s5_la2/data-fmllr-tri3/train/data/feats_fmllr_train.5.ark:8202972
fvmh0_si836 /nfs-share/titouan/workspace/kaldi/egs/timit/s5_la2/data-fmllr-tri3/train/data/feats_fmllr_train.3.ark:16603902
mjrg0_si1996 /nfs-share/titouan/workspace/kaldi/egs/timit/s5_la2/data-fmllr-tri3/train/data/feats_fmllr_train.6.ark:17658340
fskc0_sx426 /nfs-share/titouan/workspace/kaldi/egs/timit/s5_la2/data-fmllr-tri3/train/data/feats_fmllr_train.3.ark:10260800
mkjo0_sx437 /nfs-share/titouan/workspace/kaldi/egs/timit/s5_la2/data-fmllr-tri3/train/data/feats_fmllr_train.7.ark:7400080
fpmy0_sx73 /nfs-share/titouan/workspace/kaldi/egs/timit/s5_la2/data-fmllr-tri3/train/data/feats_fmllr_train.3.ark:3959913
mrxb0_si1585 /nfs-share/titouan/workspace/kaldi/egs/timit/s5_la2/data-fmllr-tri3/train/data/feats_fmllr_train.9.ark:10707474
fdfb0_si1948 /nfs-share/titouan/workspace/kaldi/egs/timit/s5_la2/data-fmllr-tri3/train/data/feats_fmllr_train.1.ark:10205682
fskp0_si1098 /nfs-share/titouan/workspace/kaldi/egs/timit/s5_la2/data-fmllr-tri3/train/data/feats_fmllr_train.3.ark:10735311
mjpg0_sx381 /nfs-share/titouan/workspace/kaldi/egs/timit/s5_la2/data-fmllr-tri3/train/data/feats_fmllr_train.6.ark:16403713
mbma0_si1222 /nfs-share/titouan/workspace/kaldi/egs/timit/s5_la2/data-fmllr-tri3/train/data/feats_fmllr_train.4.ark:5550791
mtlb0_sx144 /nfs-share/titouan/workspace/kaldi/egs/timit/s5_la2/data-fmllr-tri3/train/data/feats_fmllr_train.10.ark:6638447
mdlr1_si1929 /nfs-share/titouan/workspace/kaldi/egs/timit/s5_la2/data-fmllr-tri3/train/data/feats_fmllr_train.5.ark:5107663
mprk0_sx377 /nfs-share/titouan/workspace/kaldi/egs/timit/s5_la2/data-fmllr-tri3/train/data/feats_fmllr_train.8.ark:10230107
ftmg0_si2162 /nfs-share/titouan/workspace/kaldi/egs/timit/s5_la2/data-fmllr-tri3/train/data/feats_fmllr_train.3.ark:15409303
fgdp0_sx358 /nfs-share/titouan/workspace/kaldi/egs/timit/s5_la2/data-fmllr-tri3/train/data/feats_fmllr_train.1.ark:16881907
feeh0_sx302 /nfs-share/titouan/workspace/kaldi/egs/timit/s5_la2/data-fmllr-tri3/train/data/feats_fmllr_train.1.ark:14851381
mcss0_si750 /nfs-share/titouan/workspace/kaldi/egs/timit/s5_la2/data-fmllr-tri3/train/data/feats_fmllr_train.4.ark:12977526
mpgr1_sx239 /nfs-share/titouan/workspace/kaldi/egs/timit/s5_la2/data-fmllr-tri3/train/data/feats_fmllr_train.8.ark:7702862
mgak0_sx316 /nfs-share/titouan/workspace/kaldi/egs/timit/s5_la2/data-fmllr-tri3/train/data/feats_fmllr_train.5.ark:17209115
mwsh0_si2266 /nfs-share/titouan/workspace/kaldi/egs/timit/s5_la2/data-fmllr-tri3/train/data/feats_fmllr_train.10.ark:17211512
fetb0_sx338 /nfs-share/titouan/workspace/kaldi/egs/timit/s5_la2/data-fmllr-tri3/train/data/feats_fmllr_train.1.ark:15646855
msfh0_sx316 /nfs-share/titouan/workspace/kaldi/egs/timit/s5_la2/data-fmllr-tri3/train/data/feats_fmllr_train.9.ark:14820025
mjdc0_si531 /nfs-share/titouan/workspace/kaldi/egs/timit/s5_la2/data-fmllr-tri3/train/data/feats_fmllr_train.6.ark:8437637
mdlm0_si1864 /nfs-share/titouan/workspace/kaldi/egs/timit/s5_la2/data-fmllr-tri3/train/data/feats_fmllr_train.5.ark:4364189
frll0_sx344 /nfs-share/titouan/workspace/kaldi/egs/timit/s5_la2/data-fmllr-tri3/train/data/feats_fmllr_train.3.ark:4964671
mcdr0_si1154 /nfs-share/titouan/workspace/kaldi/egs/timit/s5_la2/data-fmllr-tri3/train/data/feats_fmllr_train.4.ark:9690295
mhrm0_sx328 /nfs-share/titouan/workspace/kaldi/egs/timit/s5_la2/data-fmllr-tri3/train/data/feats_fmllr_train.6.ark:5560464
mntw0_sx168 /nfs-share/titouan/workspace/kaldi/egs/timit/s5_la2/data-fmllr-tri3/train/data/feats_fmllr_train.8.ark:5514973
mkls1_sx195 /nfs-share/titouan/workspace/kaldi/egs/timit/s5_la2/data-fmllr-tri3/train/data/feats_fmllr_train.7.ark:8868442
fcdr1_sx16 /nfs-share/titouan/workspace/kaldi/egs/timit/s5_la2/data-fmllr-tri3/train/data/feats_fmllr_train.1.ark:5875636
fjwb1_sx345 /nfs-share/titouan/workspace/kaldi/egs/timit/s5_la2/data-fmllr-tri3/train/data/feats_fmllr_train.2.ark:4268083
mrgm0_sx82 /nfs-share/titouan/workspace/kaldi/egs/timit/s5_la2/data-fmllr-tri3/train/data/feats_fmllr_train.8.ark:17914130
mmbs0_sx431 /nfs-share/titouan/workspace/kaldi/egs/timit/s5_la2/data-fmllr-tri3/train/data/feats_fmllr_train.7.ark:14995727
fkdw0_sx307 /nfs-share/titouan/workspace/kaldi/egs/timit/s5_la2/data-fmllr-tri3/train/data/feats_fmllr_train.2.ark:6313969
fsah0_sx164 /nfs-share/titouan/workspace/kaldi/egs/timit/s5_la2/data-fmllr-tri3/train/data/feats_fmllr_train.3.ark:5714171
fjhk0_sx392 /nfs-share/titouan/workspace/kaldi/egs/timit/s5_la2/data-fmllr-tri3/train/data/feats_fmllr_train.2.ark:1201919
fvfb0_sx222 /nfs-share/titouan/workspace/kaldi/egs/timit/s5_la2/data-fmllr-tri3/train/data/feats_fmllr_train.3.ark:15930882
mtdp0_si1274 /nfs-share/titouan/workspace/kaldi/egs/timit/s5_la2/data-fmllr-tri3/train/data/feats_fmllr_train.10.ark:3218869
fjxp0_sx402 /nfs-share/titouan/workspace/kaldi/egs/timit/s5_la2/data-fmllr-tri3/train/data/feats_fmllr_train.2.ark:5114944
mrpc1_sx222 /nfs-share/titouan/workspace/kaldi/egs/timit/s5_la2/data-fmllr-tri3/train/data/feats_fmllr_train.9.ark:7239550
mjwg0_sx355 /nfs-share/titouan/workspace/kaldi/egs/timit/s5_la2/data-fmllr-tri3/train/data/feats_fmllr_train.7.ark:2280434
mkrg0_sx31 /nfs-share/titouan/workspace/kaldi/egs/timit/s5_la2/data-fmllr-tri3/train/data/feats_fmllr_train.7.ark:9650157
mmdm1_sx63 /nfs-share/titouan/workspace/kaldi/egs/timit/s5_la2/data-fmllr-tri3/train/data/feats_fmllr_train.7.ark:16973158
mdef0_si1563 /nfs-share/titouan/workspace/kaldi/egs/timit/s5_la2/data-fmllr-tri3/train/data/feats_fmllr_train.5.ark:78761
mhbs0_sx135 /nfs-share/titouan/workspace/kaldi/egs/timit/s5_la2/data-fmllr-tri3/train/data/feats_fmllr_train.6.ark:3722524
mjfr0_sx165 /nfs-share/titouan/workspace/kaldi/egs/timit/s5_la2/data-fmllr-tri3/train/data/feats_fmllr_train.6.ark:11666920
mrjh0_si889 /nfs-share/titouan/workspace/kaldi/egs/timit/s5_la2/data-fmllr-tri3/train/data/feats_fmllr_train.9.ark:1312850
mjrg0_sx286 /nfs-share/titouan/workspace/kaldi/egs/timit/s5_la2/data-fmllr-tri3/train/data/feats_fmllr_train.6.ark:17822287
mmaa0_sx215 /nfs-share/titouan/workspace/kaldi/egs/timit/s5_la2/data-fmllr-tri3/train/data/feats_fmllr_train.7.ark:12818907
mdas0_sx96 /nfs-share/titouan/workspace/kaldi/egs/timit/s5_la2/data-fmllr-tri3/train/data/feats_fmllr_train.4.ark:15076022
madd0_sx448 /nfs-share/titouan/workspace/kaldi/egs/timit/s5_la2/data-fmllr-tri3/train/data/feats_fmllr_train.3.ark:17874421
fjrb0_sx132 /nfs-share/titouan/workspace/kaldi/egs/timit/s5_la2/data-fmllr-tri3/train/data/feats_fmllr_train.2.ark:2503641
fscn0_si705 /nfs-share/titouan/workspace/kaldi/egs/timit/s5_la2/data-fmllr-tri3/train/data/feats_fmllr_train.3.ark:6854475
makr0_sx92 /nfs-share/titouan/workspace/kaldi/egs/timit/s5_la2/data-fmllr-tri3/train/data/feats_fmllr_train.4.ark:2209770
mwdk0_sx176 /nfs-share/titouan/workspace/kaldi/egs/timit/s5_la2/data-fmllr-tri3/train/data/feats_fmllr_train.10.ark:15018585
fpls0_si2220 /nfs-share/titouan/workspace/kaldi/egs/timit/s5_la2/data-fmllr-tri3/train/data/feats_fmllr_train.3.ark:3242097
fhxs0_sx445 /nfs-share/titouan/workspace/kaldi/egs/timit/s5_la2/data-fmllr-tri3/train/data/feats_fmllr_train.1.ark:18754165
mgaw0_sx265 /nfs-share/titouan/workspace/kaldi/egs/timit/s5_la2/data-fmllr-tri3/train/data/feats_fmllr_train.6.ark:605940
mwsb0_si996 /nfs-share/titouan/workspace/kaldi/egs/timit/s5_la2/data-fmllr-tri3/train/data/feats_fmllr_train.10.ark:16875644
mrml0_sx341 /nfs-share/titouan/workspace/kaldi/egs/timit/s5_la2/data-fmllr-tri3/train/data/feats_fmllr_train.9.ark:6577861
mvjh0_sx386 /nfs-share/titouan/workspace/kaldi/egs/timit/s5_la2/data-fmllr-tri3/train/data/feats_fmllr_train.10.ark:12665970
mdma0_sx440 /nfs-share/titouan/workspace/kaldi/egs/timit/s5_la2/data-fmllr-tri3/train/data/feats_fmllr_train.5.ark:5815696
mmab1_si2124 /nfs-share/titouan/workspace/kaldi/egs/timit/s5_la2/data-fmllr-tri3/train/data/feats_fmllr_train.7.ark:13025443
mmdg0_si2035 /nfs-share/titouan/workspace/kaldi/egs/timit/s5_la2/data-fmllr-tri3/train/data/feats_fmllr_train.7.ark:15895283
frjb0_sx257 /nfs-share/titouan/workspace/kaldi/egs/timit/s5_la2/data-fmllr-tri3/train/data/feats_fmllr_train.3.ark:4504588
mgjc0_sx75 /nfs-share/titouan/workspace/kaldi/egs/timit/s5_la2/data-fmllr-tri3/train/data/feats_fmllr_train.6.ark:1459095
mjls0_si466 /nfs-share/titouan/workspace/kaldi/egs/timit/s5_la2/data-fmllr-tri3/train/data/feats_fmllr_train.6.ark:14800790
msrr0_sx141 /nfs-share/titouan/workspace/kaldi/egs/timit/s5_la2/data-fmllr-tri3/train/data/feats_fmllr_train.9.ark:17522129
mtjm0_sx416 /nfs-share/titouan/workspace/kaldi/egs/timit/s5_la2/data-fmllr-tri3/train/data/feats_fmllr_train.10.ark:4765123
mdrd0_sx212 /nfs-share/titouan/workspace/kaldi/egs/timit/s5_la2/data-fmllr-tri3/train/data/feats_fmllr_train.5.ark:7995664
mjpg0_si1191 /nfs-share/titouan/workspace/kaldi/egs/timit/s5_la2/data-fmllr-tri3/train/data/feats_fmllr_train.6.ark:16109124
fjdm2_sx412 /nfs-share/titouan/workspace/kaldi/egs/timit/s5_la2/data-fmllr-tri3/train/data/feats_fmllr_train.2.ark:317937
mdlr0_sx333 /nfs-share/titouan/workspace/kaldi/egs/timit/s5_la2/data-fmllr-tri3/train/data/feats_fmllr_train.5.ark:4893634
fjlg0_sx89 /nfs-share/titouan/workspace/kaldi/egs/timit/s5_la2/data-fmllr-tri3/train/data/feats_fmllr_train.2.ark:1950194
mesg0_si1962 /nfs-share/titouan/workspace/kaldi/egs/timit/s5_la2/data-fmllr-tri3/train/data/feats_fmllr_train.5.ark:13020539
fdml0_sx339 /nfs-share/titouan/workspace/kaldi/egs/timit/s5_la2/data-fmllr-tri3/train/data/feats_fmllr_train.1.ark:11482124
fclt0_sx358 /nfs-share/titouan/workspace/kaldi/egs/timit/s5_la2/data-fmllr-tri3/train/data/feats_fmllr_train.1.ark:7644109
fdfb0_sx148 /nfs-share/titouan/workspace/kaldi/egs/timit/s5_la2/data-fmllr-tri3/train/data/feats_fmllr_train.1.ark:10261577
mjde0_si1120 /nfs-share/titouan/workspace/kaldi/egs/timit/s5_la2/data-fmllr-tri3/train/data/feats_fmllr_train.6.ark:8727719
fetb0_sx68 /nfs-share/titouan/workspace/kaldi/egs/timit/s5_la2/data-fmllr-tri3/train/data/feats_fmllr_train.1.ark:15752188
mzmb0_sx446 /nfs-share/titouan/workspace/kaldi/egs/timit/s5_la2/data-fmllr-tri3/train/data/feats_fmllr_train.10.ark:17896504
mjrp0_si1835 /nfs-share/titouan/workspace/kaldi/egs/timit/s5_la2/data-fmllr-tri3/train/data/feats_fmllr_train.7.ark:1120985
mtat0_si1110 /nfs-share/titouan/workspace/kaldi/egs/timit/s5_la2/data-fmllr-tri3/train/data/feats_fmllr_train.10.ark:1241304
mjlg1_si1642 /nfs-share/titouan/workspace/kaldi/egs/timit/s5_la2/data-fmllr-tri3/train/data/feats_fmllr_train.6.ark:14346145
fleh0_sx61 /nfs-share/titouan/workspace/kaldi/egs/timit/s5_la2/data-fmllr-tri3/train/data/feats_fmllr_train.2.ark:10000297
mhmr0_sx39 /nfs-share/titouan/workspace/kaldi/egs/timit/s5_la2/data-fmllr-tri3/train/data/feats_fmllr_train.6.ark:5277873
feme0_sx335 /nfs-share/titouan/workspace/kaldi/egs/timit/s5_la2/data-fmllr-tri3/train/data/feats_fmllr_train.1.ark:15255278
msat1_sx353 /nfs-share/titouan/workspace/kaldi/egs/timit/s5_la2/data-fmllr-tri3/train/data/feats_fmllr_train.9.ark:12392160
mhxl0_sx242 /nfs-share/titouan/workspace/kaldi/egs/timit/s5_la2/data-fmllr-tri3/train/data/feats_fmllr_train.6.ark:5907853
mrhl0_si1515 /nfs-share/titouan/workspace/kaldi/egs/timit/s5_la2/data-fmllr-tri3/train/data/feats_fmllr_train.9.ark:433028
fsrh0_sx401 /nfs-share/titouan/workspace/kaldi/egs/timit/s5_la2/data-fmllr-tri3/train/data/feats_fmllr_train.3.ark:13389577
msdb0_sx17 /nfs-share/titouan/workspace/kaldi/egs/timit/s5_la2/data-fmllr-tri3/train/data/feats_fmllr_train.9.ark:12681630
mrew1_sx60 /nfs-share/titouan/workspace/kaldi/egs/timit/s5_la2/data-fmllr-tri3/train/data/feats_fmllr_train.8.ark:16658758
mmpm0_sx251 /nfs-share/titouan/workspace/kaldi/egs/timit/s5_la2/data-fmllr-tri3/train/data/feats_fmllr_train.8.ark:1955770
mbma0_si592 /nfs-share/titouan/workspace/kaldi/egs/timit/s5_la2/data-fmllr-tri3/train/data/feats_fmllr_train.4.ark:5653726
mfwk0_sx259 /nfs-share/titouan/workspace/kaldi/egs/timit/s5_la2/data-fmllr-tri3/train/data/feats_fmllr_train.5.ark:15288961
mtmn0_sx164 /nfs-share/titouan/workspace/kaldi/egs/timit/s5_la2/data-fmllr-tri3/train/data/feats_fmllr_train.10.ark:7856379
mjjm0_sx197 /nfs-share/titouan/workspace/kaldi/egs/timit/s5_la2/data-fmllr-tri3/train/data/feats_fmllr_train.6.ark:13415201
mrlr0_sx116 /nfs-share/titouan/workspace/kaldi/egs/timit/s5_la2/data-fmllr-tri3/train/data/feats_fmllr_train.9.ark:4947657
mjdc0_sx261 /nfs-share/titouan/workspace/kaldi/egs/timit/s5_la2/data-fmllr-tri3/train/data/feats_fmllr_train.6.ark:8583931
mdpb0_si866 /nfs-share/titouan/workspace/kaldi/egs/timit/s5_la2/data-fmllr-tri3/train/data/feats_fmllr_train.5.ark:6785039
mjmm0_sx265 /nfs-share/titouan/workspace/kaldi/egs/timit/s5_la2/data-fmllr-tri3/train/data/feats_fmllr_train.6.ark:15956216
mkdd0_si937 /nfs-share/titouan/workspace/kaldi/egs/timit/s5_la2/data-fmllr-tri3/train/data/feats_fmllr_train.7.ark:6078042
mjai0_sx344 /nfs-share/titouan/workspace/kaldi/egs/timit/s5_la2/data-fmllr-tri3/train/data/feats_fmllr_train.6.ark:7536425
falr0_si1955 /nfs-share/titouan/workspace/kaldi/egs/timit/s5_la2/data-fmllr-tri3/train/data/feats_fmllr_train.1.ark:1262287
mtxs0_sx430 /nfs-share/titouan/workspace/kaldi/egs/timit/s5_la2/data-fmllr-tri3/train/data/feats_fmllr_train.10.ark:12226847
mkls1_si915 /nfs-share/titouan/workspace/kaldi/egs/timit/s5_la2/data-fmllr-tri3/train/data/feats_fmllr_train.7.ark:8709322
mjhi0_si555 /nfs-share/titouan/workspace/kaldi/egs/timit/s5_la2/data-fmllr-tri3/train/data/feats_fmllr_train.6.ark:12024362
mmag0_sx46 /nfs-share/titouan/workspace/kaldi/egs/timit/s5_la2/data-fmllr-tri3/train/data/feats_fmllr_train.7.ark:13810141
mrbc0_sx329 /nfs-share/titouan/workspace/kaldi/egs/timit/s5_la2/data-fmllr-tri3/train/data/feats_fmllr_train.8.ark:13086191
mcdd0_sx433 /nfs-share/titouan/workspace/kaldi/egs/timit/s5_la2/data-fmllr-tri3/train/data/feats_fmllr_train.4.ark:9598721
mmsm0_sx386 /nfs-share/titouan/workspace/kaldi/egs/timit/s5_la2/data-fmllr-tri3/train/data/feats_fmllr_train.8.ark:2922843
mpgr1_sx329 /nfs-share/titouan/workspace/kaldi/egs/timit/s5_la2/data-fmllr-tri3/train/data/feats_fmllr_train.8.ark:7745289
mpsw0_sx24 /nfs-share/titouan/workspace/kaldi/egs/timit/s5_la2/data-fmllr-tri3/train/data/feats_fmllr_train.8.ark:10784700
mpgh0_sx204 /nfs-share/titouan/workspace/kaldi/egs/timit/s5_la2/data-fmllr-tri3/train/data/feats_fmllr_train.8.ark:7021947
mdtb0_sx120 /nfs-share/titouan/workspace/kaldi/egs/timit/s5_la2/data-fmllr-tri3/train/data/feats_fmllr_train.5.ark:9369465
mdlr0_sx423 /nfs-share/titouan/workspace/kaldi/egs/timit/s5_la2/data-fmllr-tri3/train/data/feats_fmllr_train.5.ark:4960221
mjsr0_si1424 /nfs-share/titouan/workspace/kaldi/egs/timit/s5_la2/data-fmllr-tri3/train/data/feats_fmllr_train.7.ark:1466482
mmdb0_sx267 /nfs-share/titouan/workspace/kaldi/egs/timit/s5_la2/data-fmllr-tri3/train/data/feats_fmllr_train.7.ark:15657067
mmws0_sx168 /nfs-share/titouan/workspace/kaldi/egs/timit/s5_la2/data-fmllr-tri3/train/data/feats_fmllr_train.8.ark:4074747
mmeb0_sx7 /nfs-share/titouan/workspace/kaldi/egs/timit/s5_la2/data-fmllr-tri3/train/data/feats_fmllr_train.7.ark:17925141
msms0_sx353 /nfs-share/titouan/workspace/kaldi/egs/timit/s5_la2/data-fmllr-tri3/train/data/feats_fmllr_train.9.ark:16854069
mtqc0_sx271 /nfs-share/titouan/workspace/kaldi/egs/timit/s5_la2/data-fmllr-tri3/train/data/feats_fmllr_train.10.ark:10227148
fskl0_sx89 /nfs-share/titouan/workspace/kaldi/egs/timit/s5_la2/data-fmllr-tri3/train/data/feats_fmllr_train.3.ark:10691123
mjra0_sx156 /nfs-share/titouan/workspace/kaldi/egs/timit/s5_la2/data-fmllr-tri3/train/data/feats_fmllr_train.6.ark:17365537
mjfh0_si477 /nfs-share/titouan/workspace/kaldi/egs/timit/s5_la2/data-fmllr-tri3/train/data/feats_fmllr_train.6.ark:11298996
fjrp1_si2062 /nfs-share/titouan/workspace/kaldi/egs/timit/s5_la2/data-fmllr-tri3/train/data/feats_fmllr_train.2.ark:2870684
mjjb0_sx419 /nfs-share/titouan/workspace/kaldi/egs/timit/s5_la2/data-fmllr-tri3/train/data/feats_fmllr_train.6.ark:12641195
fcke0_si481 /nfs-share/titouan/workspace/kaldi/egs/timit/s5_la2/data-fmllr-tri3/train/data/feats_fmllr_train.1.ark:7149091
mkjo0_si1517 /nfs-share/titouan/workspace/kaldi/egs/timit/s5_la2/data-fmllr-tri3/train/data/feats_fmllr_train.7.ark:7147117
mmpm0_sx71 /nfs-share/titouan/workspace/kaldi/egs/timit/s5_la2/data-fmllr-tri3/train/data/feats_fmllr_train.8.ark:2112810
mjws0_sx153 /nfs-share/titouan/workspace/kaldi/egs/timit/s5_la2/data-fmllr-tri3/train/data/feats_fmllr_train.7.ark:2531797
fbas0_sx307 /nfs-share/titouan/workspace/kaldi/egs/timit/s5_la2/data-fmllr-tri3/train/data/feats_fmllr_train.1.ark:2348271
mjsr0_sx74 /nfs-share/titouan/workspace/kaldi/egs/timit/s5_la2/data-fmllr-tri3/train/data/feats_fmllr_train.7.ark:1893391
falk0_si456 /nfs-share/titouan/workspace/kaldi/egs/timit/s5_la2/data-fmllr-tri3/train/data/feats_fmllr_train.1.ark:860152
msrr0_si501 /nfs-share/titouan/workspace/kaldi/egs/timit/s5_la2/data-fmllr-tri3/train/data/feats_fmllr_train.9.ark:17451382
mjpm0_si738 /nfs-share/titouan/workspace/kaldi/egs/timit/s5_la2/data-fmllr-tri3/train/data/feats_fmllr_train.6.ark:16566036
msrr0_si1131 /nfs-share/titouan/workspace/kaldi/egs/timit/s5_la2/data-fmllr-tri3/train/data/feats_fmllr_train.9.ark:17342047
fkdw0_sx217 /nfs-share/titouan/workspace/kaldi/egs/timit/s5_la2/data-fmllr-tri3/train/data/feats_fmllr_train.2.ark:6284662
mmaa0_sx125 /nfs-share/titouan/workspace/kaldi/egs/timit/s5_la2/data-fmllr-tri3/train/data/feats_fmllr_train.7.ark:12774080
mgrl0_sx327 /nfs-share/titouan/workspace/kaldi/egs/timit/s5_la2/data-fmllr-tri3/train/data/feats_fmllr_train.6.ark:1709659
mprt0_sx400 /nfs-share/titouan/workspace/kaldi/egs/timit/s5_la2/data-fmllr-tri3/train/data/feats_fmllr_train.8.ark:10590963
fmmh0_sx97 /nfs-share/titouan/workspace/kaldi/egs/timit/s5_la2/data-fmllr-tri3/train/data/feats_fmllr_train.2.ark:17889436
mmdm1_si783 /nfs-share/titouan/workspace/kaldi/egs/timit/s5_la2/data-fmllr-tri3/train/data/feats_fmllr_train.7.ark:16685824
fcjf0_sx37 /nfs-share/titouan/workspace/kaldi/egs/timit/s5_la2/data-fmllr-tri3/train/data/feats_fmllr_train.1.ark:6625404
fjsp0_si1763 /nfs-share/titouan/workspace/kaldi/egs/timit/s5_la2/data-fmllr-tri3/train/data/feats_fmllr_train.2.ark:3728719
mdlh0_sx70 /nfs-share/titouan/workspace/kaldi/egs/timit/s5_la2/data-fmllr-tri3/train/data/feats_fmllr_train.5.ark:4293093
megj0_sx77 /nfs-share/titouan/workspace/kaldi/egs/timit/s5_la2/data-fmllr-tri3/train/data/feats_fmllr_train.5.ark:12207569
mfrm0_sx435 /nfs-share/titouan/workspace/kaldi/egs/timit/s5_la2/data-fmllr-tri3/train/data/feats_fmllr_train.5.ark:15029438
ftbr0_si1402 /nfs-share/titouan/workspace/kaldi/egs/timit/s5_la2/data-fmllr-tri3/train/data/feats_fmllr_train.3.ark:14212945
mtrr0_sx108 /nfs-share/titouan/workspace/kaldi/egs/timit/s5_la2/data-fmllr-tri3/train/data/feats_fmllr_train.10.ark:10950114
mtqc0_sx361 /nfs-share/titouan/workspace/kaldi/egs/timit/s5_la2/data-fmllr-tri3/train/data/feats_fmllr_train.10.ark:10276775
mdss1_si1713 /nfs-share/titouan/workspace/kaldi/egs/timit/s5_la2/data-fmllr-tri3/train/data/feats_fmllr_train.5.ark:8958634
mtjs0_sx382 /nfs-share/titouan/workspace/kaldi/egs/timit/s5_la2/data-fmllr-tri3/train/data/feats_fmllr_train.10.ark:5239766
mkdt0_sx173 /nfs-share/titouan/workspace/kaldi/egs/timit/s5_la2/data-fmllr-tri3/train/data/feats_fmllr_train.7.ark:6480045
msds0_sx87 /nfs-share/titouan/workspace/kaldi/egs/timit/s5_la2/data-fmllr-tri3/train/data/feats_fmllr_train.9.ark:13612226
mdem0_sx428 /nfs-share/titouan/workspace/kaldi/egs/timit/s5_la2/data-fmllr-tri3/train/data/feats_fmllr_train.5.ark:703273
mchl0_sx177 /nfs-share/titouan/workspace/kaldi/egs/timit/s5_la2/data-fmllr-tri3/train/data/feats_fmllr_train.4.ark:11151989
falk0_si1086 /nfs-share/titouan/workspace/kaldi/egs/timit/s5_la2/data-fmllr-tri3/train/data/feats_fmllr_train.1.ark:814845
mmdm0_sx51 /nfs-share/titouan/workspace/kaldi/egs/timit/s5_la2/data-fmllr-tri3/train/data/feats_fmllr_train.7.ark:16577581
mbar0_si1319 /nfs-share/titouan/workspace/kaldi/egs/timit/s5_la2/data-fmllr-tri3/train/data/feats_fmllr_train.4.ark:3375569
mdbp0_sx348 /nfs-share/titouan/workspace/kaldi/egs/timit/s5_la2/data-fmllr-tri3/train/data/feats_fmllr_train.4.ark:15723764
mdmt0_sx122 /nfs-share/titouan/workspace/kaldi/egs/timit/s5_la2/data-fmllr-tri3/train/data/feats_fmllr_train.5.ark:6036312
mesj0_sx97 /nfs-share/titouan/workspace/kaldi/egs/timit/s5_la2/data-fmllr-tri3/train/data/feats_fmllr_train.5.ark:13660275
mjee0_sx337 /nfs-share/titouan/workspace/kaldi/egs/timit/s5_la2/data-fmllr-tri3/train/data/feats_fmllr_train.6.ark:11061420
mdwm0_sx376 /nfs-share/titouan/workspace/kaldi/egs/timit/s5_la2/data-fmllr-tri3/train/data/feats_fmllr_train.5.ark:10682037
fdtd0_sx321 /nfs-share/titouan/workspace/kaldi/egs/timit/s5_la2/data-fmllr-tri3/train/data/feats_fmllr_train.1.ark:12894642
mmwb0_sx89 /nfs-share/titouan/workspace/kaldi/egs/timit/s5_la2/data-fmllr-tri3/train/data/feats_fmllr_train.8.ark:3890158
mkdb0_sx62 /nfs-share/titouan/workspace/kaldi/egs/timit/s5_la2/data-fmllr-tri3/train/data/feats_fmllr_train.7.ark:5896359
mvrw0_si855 /nfs-share/titouan/workspace/kaldi/egs/timit/s5_la2/data-fmllr-tri3/train/data/feats_fmllr_train.10.ark:13176350
mdlb0_si1936 /nfs-share/titouan/workspace/kaldi/egs/timit/s5_la2/data-fmllr-tri3/train/data/feats_fmllr_train.5.ark:2415104
fpaz0_sx153 /nfs-share/titouan/workspace/kaldi/egs/timit/s5_la2/data-fmllr-tri3/train/data/feats_fmllr_train.3.ark:2596277
fklh0_sx447 /nfs-share/titouan/workspace/kaldi/egs/timit/s5_la2/data-fmllr-tri3/train/data/feats_fmllr_train.2.ark:8393802
mjls0_si1726 /nfs-share/titouan/workspace/kaldi/egs/timit/s5_la2/data-fmllr-tri3/train/data/feats_fmllr_train.6.ark:14711003
fkaa0_sx128 /nfs-share/titouan/workspace/kaldi/egs/timit/s5_la2/data-fmllr-tri3/train/data/feats_fmllr_train.2.ark:5349480
mgaf0_sx382 /nfs-share/titouan/workspace/kaldi/egs/timit/s5_la2/data-fmllr-tri3/train/data/feats_fmllr_train.5.ark:16530814
mtlc0_sx37 /nfs-share/titouan/workspace/kaldi/egs/timit/s5_la2/data-fmllr-tri3/train/data/feats_fmllr_train.10.ark:7155704
mrbc0_si599 /nfs-share/titouan/workspace/kaldi/egs/timit/s5_la2/data-fmllr-tri3/train/data/feats_fmllr_train.8.ark:12936990
falr0_sx65 /nfs-share/titouan/workspace/kaldi/egs/timit/s5_la2/data-fmllr-tri3/train/data/feats_fmllr_train.1.ark:1531248
mbwp0_sx349 /nfs-share/titouan/workspace/kaldi/egs/timit/s5_la2/data-fmllr-tri3/train/data/feats_fmllr_train.4.ark:7933028
fskp0_sx18 /nfs-share/titouan/workspace/kaldi/egs/timit/s5_la2/data-fmllr-tri3/train/data/feats_fmllr_train.3.ark:10928219
mmam0_sx427 /nfs-share/titouan/workspace/kaldi/egs/timit/s5_la2/data-fmllr-tri3/train/data/feats_fmllr_train.7.ark:14101533
mrtj0_sx52 /nfs-share/titouan/workspace/kaldi/egs/timit/s5_la2/data-fmllr-tri3/train/data/feats_fmllr_train.9.ark:9601355
mcew0_sx362 /nfs-share/titouan/workspace/kaldi/egs/timit/s5_la2/data-fmllr-tri3/train/data/feats_fmllr_train.4.ark:10784625
fear0_sx352 /nfs-share/titouan/workspace/kaldi/egs/timit/s5_la2/data-fmllr-tri3/train/data/feats_fmllr_train.1.ark:13959267
msmc0_si647 /nfs-share/titouan/workspace/kaldi/egs/timit/s5_la2/data-fmllr-tri3/train/data/feats_fmllr_train.9.ark:15933234
mprb0_sx125 /nfs-share/titouan/workspace/kaldi/egs/timit/s5_la2/data-fmllr-tri3/train/data/feats_fmllr_train.8.ark:9127006
fbcg1_sx352 /nfs-share/titouan/workspace/kaldi/egs/timit/s5_la2/data-fmllr-tri3/train/data/feats_fmllr_train.1.ark:2681928
mrai0_sx342 /nfs-share/titouan/workspace/kaldi/egs/timit/s5_la2/data-fmllr-tri3/train/data/feats_fmllr_train.8.ark:11978338
mmwb0_sx179 /nfs-share/titouan/workspace/kaldi/egs/timit/s5_la2/data-fmllr-tri3/train/data/feats_fmllr_train.8.ark:3632291
mdlc2_sx174 /nfs-share/titouan/workspace/kaldi/egs/timit/s5_la2/data-fmllr-tri3/train/data/feats_fmllr_train.5.ark:3683330
fltm0_sx260 /nfs-share/titouan/workspace/kaldi/egs/timit/s5_la2/data-fmllr-tri3/train/data/feats_fmllr_train.2.ark:14111088
mbml0_sx269 /nfs-share/titouan/workspace/kaldi/egs/timit/s5_la2/data-fmllr-tri3/train/data/feats_fmllr_train.4.ark:6495494
mcae0_sx277 /nfs-share/titouan/workspace/kaldi/egs/timit/s5_la2/data-fmllr-tri3/train/data/feats_fmllr_train.4.ark:8387938
mctm0_si1350 /nfs-share/titouan/workspace/kaldi/egs/timit/s5_la2/data-fmllr-tri3/train/data/feats_fmllr_train.4.ark:13609265
fdfb0_sx58 /nfs-share/titouan/workspace/kaldi/egs/timit/s5_la2/data-fmllr-tri3/train/data/feats_fmllr_train.1.ark:10422164
mesj0_si2039 /nfs-share/titouan/workspace/kaldi/egs/timit/s5_la2/data-fmllr-tri3/train/data/feats_fmllr_train.5.ark:13357208
mdtb0_si1830 /nfs-share/titouan/workspace/kaldi/egs/timit/s5_la2/data-fmllr-tri3/train/data/feats_fmllr_train.5.ark:9281891
fjhk0_si2282 /nfs-share/titouan/workspace/kaldi/egs/timit/s5_la2/data-fmllr-tri3/train/data/feats_fmllr_train.2.ark:931865
freh0_si1315 /nfs-share/titouan/workspace/kaldi/egs/timit/s5_la2/data-fmllr-tri3/train/data/feats_fmllr_train.3.ark:4008901
mejl0_si962 /nfs-share/titouan/workspace/kaldi/egs/timit/s5_la2/data-fmllr-tri3/train/data/feats_fmllr_train.5.ark:12330372
mewm0_sx358 /nfs-share/titouan/workspace/kaldi/egs/timit/s5_la2/data-fmllr-tri3/train/data/feats_fmllr_train.5.ark:13903319
mjrk0_sx160 /nfs-share/titouan/workspace/kaldi/egs/timit/s5_la2/data-fmllr-tri3/train/data/feats_fmllr_train.7.ark:887730
mdpb0_si2126 /nfs-share/titouan/workspace/kaldi/egs/timit/s5_la2/data-fmllr-tri3/train/data/feats_fmllr_train.5.ark:6733172
mpsw0_si2327 /nfs-share/titouan/workspace/kaldi/egs/timit/s5_la2/data-fmllr-tri3/train/data/feats_fmllr_train.8.ark:10705287
fgdp0_sx268 /nfs-share/titouan/workspace/kaldi/egs/timit/s5_la2/data-fmllr-tri3/train/data/feats_fmllr_train.1.ark:16821240
mdps0_sx449 /nfs-share/titouan/workspace/kaldi/egs/timit/s5_la2/data-fmllr-tri3/train/data/feats_fmllr_train.5.ark:7675181
mjls0_sx196 /nfs-share/titouan/workspace/kaldi/egs/timit/s5_la2/data-fmllr-tri3/train/data/feats_fmllr_train.6.ark:14918470
mhjb0_sx207 /nfs-share/titouan/workspace/kaldi/egs/timit/s5_la2/data-fmllr-tri3/train/data/feats_fmllr_train.6.ark:4480906
fsjk1_si1025 /nfs-share/titouan/workspace/kaldi/egs/timit/s5_la2/data-fmllr-tri3/train/data/feats_fmllr_train.3.ark:8826386
fsrh0_si1931 /nfs-share/titouan/workspace/kaldi/egs/timit/s5_la2/data-fmllr-tri3/train/data/feats_fmllr_train.3.ark:13143522
mdmt0_si2341 /nfs-share/titouan/workspace/kaldi/egs/timit/s5_la2/data-fmllr-tri3/train/data/feats_fmllr_train.5.ark:5949218
mlns0_sx237 /nfs-share/titouan/workspace/kaldi/egs/timit/s5_la2/data-fmllr-tri3/train/data/feats_fmllr_train.7.ark:12005993
fecd0_si2048 /nfs-share/titouan/workspace/kaldi/egs/timit/s5_la2/data-fmllr-tri3/train/data/feats_fmllr_train.1.ark:14225136
fntb0_si573 /nfs-share/titouan/workspace/kaldi/egs/timit/s5_la2/data-fmllr-tri3/train/data/feats_fmllr_train.3.ark:417537
fsbk0_si1069 /nfs-share/titouan/workspace/kaldi/egs/timit/s5_la2/data-fmllr-tri3/train/data/feats_fmllr_train.3.ark:6333883
mfwk0_sx169 /nfs-share/titouan/workspace/kaldi/egs/timit/s5_la2/data-fmllr-tri3/train/data/feats_fmllr_train.5.ark:15243814
mwrp0_sx363 /nfs-share/titouan/workspace/kaldi/egs/timit/s5_la2/data-fmllr-tri3/train/data/feats_fmllr_train.10.ark:16707215
mmag0_si1756 /nfs-share/titouan/workspace/kaldi/egs/timit/s5_la2/data-fmllr-tri3/train/data/feats_fmllr_train.7.ark:13465180
mram0_sx15 /nfs-share/titouan/workspace/kaldi/egs/timit/s5_la2/data-fmllr-tri3/train/data/feats_fmllr_train.8.ark:12333568
fpls0_si1590 /nfs-share/titouan/workspace/kaldi/egs/timit/s5_la2/data-fmllr-tri3/train/data/feats_fmllr_train.3.ark:3203989
fpaf0_sx64 /nfs-share/titouan/workspace/kaldi/egs/timit/s5_la2/data-fmllr-tri3/train/data/feats_fmllr_train.3.ark:2379207
mtat0_sx390 /nfs-share/titouan/workspace/kaldi/egs/timit/s5_la2/data-fmllr-tri3/train/data/feats_fmllr_train.10.ark:1578773
mcdd0_si883 /nfs-share/titouan/workspace/kaldi/egs/timit/s5_la2/data-fmllr-tri3/train/data/feats_fmllr_train.4.ark:9425173
ftbr0_sx381 /nfs-share/titouan/workspace/kaldi/egs/timit/s5_la2/data-fmllr-tri3/train/data/feats_fmllr_train.3.ark:14551054
fdtd0_sx301 /nfs-share/titouan/workspace/kaldi/egs/timit/s5_la2/data-fmllr-tri3/train/data/feats_fmllr_train.1.ark:12833975
fcke0_sx211 /nfs-share/titouan/workspace/kaldi/egs/timit/s5_la2/data-fmllr-tri3/train/data/feats_fmllr_train.1.ark:7264665
mewm0_sx448 /nfs-share/titouan/workspace/kaldi/egs/timit/s5_la2/data-fmllr-tri3/train/data/feats_fmllr_train.5.ark:13941906
mapv0_sx33 /nfs-share/titouan/workspace/kaldi/egs/timit/s5_la2/data-fmllr-tri3/train/data/feats_fmllr_train.4.ark:2582760
fear0_sx172 /nfs-share/titouan/workspace/kaldi/egs/timit/s5_la2/data-fmllr-tri3/train/data/feats_fmllr_train.1.ark:13866413
mkag0_sx169 /nfs-share/titouan/workspace/kaldi/egs/timit/s5_la2/data-fmllr-tri3/train/data/feats_fmllr_train.7.ark:4189305
fskc0_sx336 /nfs-share/titouan/workspace/kaldi/egs/timit/s5_la2/data-fmllr-tri3/train/data/feats_fmllr_train.3.ark:10198853
mmws0_si1518 /nfs-share/titouan/workspace/kaldi/egs/timit/s5_la2/data-fmllr-tri3/train/data/feats_fmllr_train.8.ark:3940266
mchl0_sx267 /nfs-share/titouan/workspace/kaldi/egs/timit/s5_la2/data-fmllr-tri3/train/data/feats_fmllr_train.4.ark:11182576
mrws0_sx112 /nfs-share/titouan/workspace/kaldi/egs/timit/s5_la2/data-fmllr-tri3/train/data/feats_fmllr_train.9.ark:10512939
fbmh0_sx326 /nfs-share/titouan/workspace/kaldi/egs/timit/s5_la2/data-fmllr-tri3/train/data/feats_fmllr_train.1.ark:4337836
mkaj0_si2044 /nfs-share/titouan/workspace/kaldi/egs/timit/s5_la2/data-fmllr-tri3/train/data/feats_fmllr_train.7.ark:4846644
fjhk0_si1022 /nfs-share/titouan/workspace/kaldi/egs/timit/s5_la2/data-fmllr-tri3/train/data/feats_fmllr_train.2.ark:864449
mrjb1_sx390 /nfs-share/titouan/workspace/kaldi/egs/timit/s5_la2/data-fmllr-tri3/train/data/feats_fmllr_train.9.ark:1179515
mrmg0_si2340 /nfs-share/titouan/workspace/kaldi/egs/timit/s5_la2/data-fmllr-tri3/train/data/feats_fmllr_train.9.ark:5602465
fmbg0_sx260 /nfs-share/titouan/workspace/kaldi/egs/timit/s5_la2/data-fmllr-tri3/train/data/feats_fmllr_train.2.ark:14860776
mljc0_sx145 /nfs-share/titouan/workspace/kaldi/egs/timit/s5_la2/data-fmllr-tri3/train/data/feats_fmllr_train.7.ark:11102492
mtcs0_sx442 /nfs-share/titouan/workspace/kaldi/egs/timit/s5_la2/data-fmllr-tri3/train/data/feats_fmllr_train.10.ark:2728518
fsgf0_sx27 /nfs-share/titouan/workspace/kaldi/egs/timit/s5_la2/data-fmllr-tri3/train/data/feats_fmllr_train.3.ark:8184327
mjxl0_sx92 /nfs-share/titouan/workspace/kaldi/egs/timit/s5_la2/data-fmllr-tri3/train/data/feats_fmllr_train.7.ark:3964715
fapb0_si1693 /nfs-share/titouan/workspace/kaldi/egs/timit/s5_la2/data-fmllr-tri3/train/data/feats_fmllr_train.1.ark:1637384
fsgf0_sx207 /nfs-share/titouan/workspace/kaldi/egs/timit/s5_la2/data-fmllr-tri3/train/data/feats_fmllr_train.3.ark:8150061
mrfk0_sx86 /nfs-share/titouan/workspace/kaldi/egs/timit/s5_la2/data-fmllr-tri3/train/data/feats_fmllr_train.8.ark:17016736
mfxs0_sx234 /nfs-share/titouan/workspace/kaldi/egs/timit/s5_la2/data-fmllr-tri3/train/data/feats_fmllr_train.5.ark:15645499
mdss0_si1881 /nfs-share/titouan/workspace/kaldi/egs/timit/s5_la2/data-fmllr-tri3/train/data/feats_fmllr_train.5.ark:8596309
fdtd0_si1561 /nfs-share/titouan/workspace/kaldi/egs/timit/s5_la2/data-fmllr-tri3/train/data/feats_fmllr_train.1.ark:12587759
fmkf0_sx6 /nfs-share/titouan/workspace/kaldi/egs/timit/s5_la2/data-fmllr-tri3/train/data/feats_fmllr_train.2.ark:17445195
mbcg0_sx147 /nfs-share/titouan/workspace/kaldi/egs/timit/s5_la2/data-fmllr-tri3/train/data/feats_fmllr_train.4.ark:4247285
mdlc0_si2025 /nfs-share/titouan/workspace/kaldi/egs/timit/s5_la2/data-fmllr-tri3/train/data/feats_fmllr_train.5.ark:2865721
mkxl0_sx285 /nfs-share/titouan/workspace/kaldi/egs/timit/s5_la2/data-fmllr-tri3/train/data/feats_fmllr_train.7.ark:10042081
mtju0_sx400 /nfs-share/titouan/workspace/kaldi/egs/timit/s5_la2/data-fmllr-tri3/train/data/feats_fmllr_train.10.ark:5623023
mrab1_sx398 /nfs-share/titouan/workspace/kaldi/egs/timit/s5_la2/data-fmllr-tri3/train/data/feats_fmllr_train.8.ark:11665214
mrsp0_sx169 /nfs-share/titouan/workspace/kaldi/egs/timit/s5_la2/data-fmllr-tri3/train/data/feats_fmllr_train.9.ark:8523374
mtjg0_sx170 /nfs-share/titouan/workspace/kaldi/egs/timit/s5_la2/data-fmllr-tri3/train/data/feats_fmllr_train.10.ark:4200345
mmgc0_sx45 /nfs-share/titouan/workspace/kaldi/egs/timit/s5_la2/data-fmllr-tri3/train/data/feats_fmllr_train.8.ark:313163
mkam0_sx146 /nfs-share/titouan/workspace/kaldi/egs/timit/s5_la2/data-fmllr-tri3/train/data/feats_fmllr_train.7.ark:5337156
msmr0_si1150 /nfs-share/titouan/workspace/kaldi/egs/timit/s5_la2/data-fmllr-tri3/train/data/feats_fmllr_train.9.ark:16220276
frll0_si1514 /nfs-share/titouan/workspace/kaldi/egs/timit/s5_la2/data-fmllr-tri3/train/data/feats_fmllr_train.3.ark:4704856
mcss0_sx30 /nfs-share/titouan/workspace/kaldi/egs/timit/s5_la2/data-fmllr-tri3/train/data/feats_fmllr_train.4.ark:13116486
mrxb0_sx325 /nfs-share/titouan/workspace/kaldi/egs/timit/s5_la2/data-fmllr-tri3/train/data/feats_fmllr_train.9.ark:10968410
mrdd0_si2310 /nfs-share/titouan/workspace/kaldi/egs/timit/s5_la2/data-fmllr-tri3/train/data/feats_fmllr_train.8.ark:14155082
mjsr0_sx344 /nfs-share/titouan/workspace/kaldi/egs/timit/s5_la2/data-fmllr-tri3/train/data/feats_fmllr_train.7.ark:1792698
mjai0_sx254 /nfs-share/titouan/workspace/kaldi/egs/timit/s5_la2/data-fmllr-tri3/train/data/feats_fmllr_train.6.ark:7506318
mpmb0_si2131 /nfs-share/titouan/workspace/kaldi/egs/timit/s5_la2/data-fmllr-tri3/train/data/feats_fmllr_train.8.ark:7992278
mges0_sx131 /nfs-share/titouan/workspace/kaldi/egs/timit/s5_la2/data-fmllr-tri3/train/data/feats_fmllr_train.6.ark:850610
fdaw0_si1271 /nfs-share/titouan/workspace/kaldi/egs/timit/s5_la2/data-fmllr-tri3/train/data/feats_fmllr_train.1.ark:9731036
mlns0_sx57 /nfs-share/titouan/workspace/kaldi/egs/timit/s5_la2/data-fmllr-tri3/train/data/feats_fmllr_train.7.ark:12143833
mrjb1_si1020 /nfs-share/titouan/workspace/kaldi/egs/timit/s5_la2/data-fmllr-tri3/train/data/feats_fmllr_train.9.ark:783805
mdhl0_sx449 /nfs-share/titouan/workspace/kaldi/egs/timit/s5_la2/data-fmllr-tri3/train/data/feats_fmllr_train.5.ark:1108290
mmws0_sx78 /nfs-share/titouan/workspace/kaldi/egs/timit/s5_la2/data-fmllr-tri3/train/data/feats_fmllr_train.8.ark:4271814
mmxs0_si2136 /nfs-share/titouan/workspace/kaldi/egs/timit/s5_la2/data-fmllr-tri3/train/data/feats_fmllr_train.8.ark:4612859
mrfk0_si1706 /nfs-share/titouan/workspace/kaldi/egs/timit/s5_la2/data-fmllr-tri3/train/data/feats_fmllr_train.8.ark:16782494
msjk0_si966 /nfs-share/titouan/workspace/kaldi/egs/timit/s5_la2/data-fmllr-tri3/train/data/feats_fmllr_train.9.ark:15525498
mtpf0_si605 /nfs-share/titouan/workspace/kaldi/egs/timit/s5_la2/data-fmllr-tri3/train/data/feats_fmllr_train.10.ark:8541906
fcyl0_si667 /nfs-share/titouan/workspace/kaldi/egs/timit/s5_la2/data-fmllr-tri3/train/data/feats_fmllr_train.1.ark:9023297
mter0_sx437 /nfs-share/titouan/workspace/kaldi/egs/timit/s5_la2/data-fmllr-tri3/train/data/feats_fmllr_train.10.ark:3977809
mdks0_si2326 /nfs-share/titouan/workspace/kaldi/egs/timit/s5_la2/data-fmllr-tri3/train/data/feats_fmllr_train.5.ark:1990114
fcrz0_si1913 /nfs-share/titouan/workspace/kaldi/egs/timit/s5_la2/data-fmllr-tri3/train/data/feats_fmllr_train.1.ark:8563505
mrpc1_si2112 /nfs-share/titouan/workspace/kaldi/egs/timit/s5_la2/data-fmllr-tri3/train/data/feats_fmllr_train.9.ark:7170696
freh0_si685 /nfs-share/titouan/workspace/kaldi/egs/timit/s5_la2/data-fmllr-tri3/train/data/feats_fmllr_train.3.ark:4130236
mdas0_si1266 /nfs-share/titouan/workspace/kaldi/egs/timit/s5_la2/data-fmllr-tri3/train/data/feats_fmllr_train.4.ark:14766236
mjwg0_sx445 /nfs-share/titouan/workspace/kaldi/egs/timit/s5_la2/data-fmllr-tri3/train/data/feats_fmllr_train.7.ark:2322541
mkam0_sx326 /nfs-share/titouan/workspace/kaldi/egs/timit/s5_la2/data-fmllr-tri3/train/data/feats_fmllr_train.7.ark:5416570
mtpr0_sx70 /nfs-share/titouan/workspace/kaldi/egs/timit/s5_la2/data-fmllr-tri3/train/data/feats_fmllr_train.10.ark:9926851
mjdg0_si1042 /nfs-share/titouan/workspace/kaldi/egs/timit/s5_la2/data-fmllr-tri3/train/data/feats_fmllr_train.6.ark:9246815
mrjt0_si868 /nfs-share/titouan/workspace/kaldi/egs/timit/s5_la2/data-fmllr-tri3/train/data/feats_fmllr_train.9.ark:2565369
marw0_sx286 /nfs-share/titouan/workspace/kaldi/egs/timit/s5_la2/data-fmllr-tri3/train/data/feats_fmllr_train.4.ark:3177727
mdrd0_sx32 /nfs-share/titouan/workspace/kaldi/egs/timit/s5_la2/data-fmllr-tri3/train/data/feats_fmllr_train.5.ark:8102597
mdac0_si1261 /nfs-share/titouan/workspace/kaldi/egs/timit/s5_la2/data-fmllr-tri3/train/data/feats_fmllr_train.4.ark:14365379
mjjb0_sx329 /nfs-share/titouan/workspace/kaldi/egs/timit/s5_la2/data-fmllr-tri3/train/data/feats_fmllr_train.6.ark:12580528
mgxp0_sx7 /nfs-share/titouan/workspace/kaldi/egs/timit/s5_la2/data-fmllr-tri3/train/data/feats_fmllr_train.6.ark:3475828
mmjb1_si778 /nfs-share/titouan/workspace/kaldi/egs/timit/s5_la2/data-fmllr-tri3/train/data/feats_fmllr_train.8.ark:1137201
fskp0_si468 /nfs-share/titouan/workspace/kaldi/egs/timit/s5_la2/data-fmllr-tri3/train/data/feats_fmllr_train.3.ark:10844806
mdns0_si2271 /nfs-share/titouan/workspace/kaldi/egs/timit/s5_la2/data-fmllr-tri3/train/data/feats_fmllr_train.5.ark:6360795
mmsm0_si476 /nfs-share/titouan/workspace/kaldi/egs/timit/s5_la2/data-fmllr-tri3/train/data/feats_fmllr_train.8.ark:2678229
fjwb1_si2055 /nfs-share/titouan/workspace/kaldi/egs/timit/s5_la2/data-fmllr-tri3/train/data/feats_fmllr_train.2.ark:4039308
mmdb0_sx357 /nfs-share/titouan/workspace/kaldi/egs/timit/s5_la2/data-fmllr-tri3/train/data/feats_fmllr_train.7.ark:15705254
mrgm0_si532 /nfs-share/titouan/workspace/kaldi/egs/timit/s5_la2/data-fmllr-tri3/train/data/feats_fmllr_train.8.ark:17597196
mtcs0_sx262 /nfs-share/titouan/workspace/kaldi/egs/timit/s5_la2/data-fmllr-tri3/train/data/feats_fmllr_train.10.ark:2627504
mjrg0_sx352 /nfs-share/titouan/workspace/kaldi/egs/timit/s5_la2/data-fmllr-tri3/train/data/feats_fmllr_train.6.ark:17882154
flmc0_si742 /nfs-share/titouan/workspace/kaldi/egs/timit/s5_la2/data-fmllr-tri3/train/data/feats_fmllr_train.2.ark:12913740
makr0_si722 /nfs-share/titouan/workspace/kaldi/egs/timit/s5_la2/data-fmllr-tri3/train/data/feats_fmllr_train.4.ark:2037956
msmr0_si1405 /nfs-share/titouan/workspace/kaldi/egs/timit/s5_la2/data-fmllr-tri3/train/data/feats_fmllr_train.9.ark:16303664
fksr0_sx37 /nfs-share/titouan/workspace/kaldi/egs/timit/s5_la2/data-fmllr-tri3/train/data/feats_fmllr_train.2.ark:8776738
mdhl0_si1439 /nfs-share/titouan/workspace/kaldi/egs/timit/s5_la2/data-fmllr-tri3/train/data/feats_fmllr_train.5.ark:826207
frjb0_sx77 /nfs-share/titouan/workspace/kaldi/egs/timit/s5_la2/data-fmllr-tri3/train/data/feats_fmllr_train.3.ark:4658108
mctm0_sx360 /nfs-share/titouan/workspace/kaldi/egs/timit/s5_la2/data-fmllr-tri3/train/data/feats_fmllr_train.4.ark:13857721
mkdb0_sx242 /nfs-share/titouan/workspace/kaldi/egs/timit/s5_la2/data-fmllr-tri3/train/data/feats_fmllr_train.7.ark:5735319
mdtb0_sx300 /nfs-share/titouan/workspace/kaldi/egs/timit/s5_la2/data-fmllr-tri3/train/data/feats_fmllr_train.5.ark:9452239
mcre0_si1121 /nfs-share/titouan/workspace/kaldi/egs/timit/s5_la2/data-fmllr-tri3/train/data/feats_fmllr_train.4.ark:12454695
mdrd0_sx392 /nfs-share/titouan/workspace/kaldi/egs/timit/s5_la2/data-fmllr-tri3/train/data/feats_fmllr_train.5.ark:8150784
mjpg0_sx291 /nfs-share/titouan/workspace/kaldi/egs/timit/s5_la2/data-fmllr-tri3/train/data/feats_fmllr_train.6.ark:16371686
