mmdg0_sx160 /nfs-share/xinchi/kaldi/egs/timit/s5_la4/fbank/raw_fbank_train.3.ark:8736047
mjbg0_si1232 /nfs-share/xinchi/kaldi/egs/timit/s5_la4/fbank/raw_fbank_train.3.ark:1966906
mtrr0_sx198 /nfs-share/xinchi/kaldi/egs/timit/s5_la4/fbank/raw_fbank_train.4.ark:9871356
mgak0_sx226 /nfs-share/xinchi/kaldi/egs/timit/s5_la4/fbank/raw_fbank_train.2.ark:11202487
mdks0_sx436 /nfs-share/xinchi/kaldi/egs/timit/s5_la4/fbank/raw_fbank_train.2.ark:7359033
mrav0_si2268 /nfs-share/xinchi/kaldi/egs/timit/s5_la4/fbank/raw_fbank_train.4.ark:991197
mkag0_sx169 /nfs-share/xinchi/kaldi/egs/timit/s5_la4/fbank/raw_fbank_train.3.ark:5705335
mhbs0_sx405 /nfs-share/xinchi/kaldi/egs/timit/s5_la4/fbank/raw_fbank_train.3.ark:986353
mmar0_si706 /nfs-share/xinchi/kaldi/egs/timit/s5_la4/fbank/raw_fbank_train.3.ark:8309234
mdrd0_sx32 /nfs-share/xinchi/kaldi/egs/timit/s5_la4/fbank/raw_fbank_train.2.ark:8870608
mhrm0_sx58 /nfs-share/xinchi/kaldi/egs/timit/s5_la4/fbank/raw_fbank_train.3.ark:1458751
mjxl0_sx272 /nfs-share/xinchi/kaldi/egs/timit/s5_la4/fbank/raw_fbank_train.3.ark:5605023
mtmt0_sx308 /nfs-share/xinchi/kaldi/egs/timit/s5_la4/fbank/raw_fbank_train.4.ark:9170143
mvlo0_si1777 /nfs-share/xinchi/kaldi/egs/timit/s5_la4/fbank/raw_fbank_train.4.ark:10311591
mjlb0_sx446 /nfs-share/xinchi/kaldi/egs/timit/s5_la4/fbank/raw_fbank_train.3.ark:3658907
mwar0_si1675 /nfs-share/xinchi/kaldi/egs/timit/s5_la4/fbank/raw_fbank_train.4.ark:10696892
fsrh0_sx41 /nfs-share/xinchi/kaldi/egs/timit/s5_la4/fbank/raw_fbank_train.2.ark:1140146
freh0_si1945 /nfs-share/xinchi/kaldi/egs/timit/s5_la4/fbank/raw_fbank_train.1.ark:10616353
mdwm0_si1546 /nfs-share/xinchi/kaldi/egs/timit/s5_la4/fbank/raw_fbank_train.2.ark:9460826
mpar0_sx316 /nfs-share/xinchi/kaldi/egs/timit/s5_la4/fbank/raw_fbank_train.3.ark:10790036
mvlo0_sx67 /nfs-share/xinchi/kaldi/egs/timit/s5_la4/fbank/raw_fbank_train.4.ark:10384708
mhmr0_si1692 /nfs-share/xinchi/kaldi/egs/timit/s5_la4/fbank/raw_fbank_train.3.ark:1285929
mtpp0_si878 /nfs-share/xinchi/kaldi/egs/timit/s5_la4/fbank/raw_fbank_train.4.ark:9414159
mrhl0_sx165 /nfs-share/xinchi/kaldi/egs/timit/s5_la4/fbank/raw_fbank_train.4.ark:2515885
mprk0_si1727 /nfs-share/xinchi/kaldi/egs/timit/s5_la4/fbank/raw_fbank_train.4.ark:301348
ftmg0_sx182 /nfs-share/xinchi/kaldi/egs/timit/s5_la4/fbank/raw_fbank_train.2.ark:1678604
fcaj0_si1479 /nfs-share/xinchi/kaldi/egs/timit/s5_la4/fbank/raw_fbank_train.1.ark:1346735
fdkn0_si1711 /nfs-share/xinchi/kaldi/egs/timit/s5_la4/fbank/raw_fbank_train.1.ark:2819381
madd0_sx358 /nfs-share/xinchi/kaldi/egs/timit/s5_la4/fbank/raw_fbank_train.2.ark:2272341
mjhi0_sx248 /nfs-share/xinchi/kaldi/egs/timit/s5_la4/fbank/raw_fbank_train.3.ark:3124155
falr0_si695 /nfs-share/xinchi/kaldi/egs/timit/s5_la4/fbank/raw_fbank_train.1.ark:334750
mpmb0_sx331 /nfs-share/xinchi/kaldi/egs/timit/s5_la4/fbank/raw_fbank_train.3.ark:11393706
mdbb1_si1006 /nfs-share/xinchi/kaldi/egs/timit/s5_la4/fbank/raw_fbank_train.2.ark:6197597
flag0_sx384 /nfs-share/xinchi/kaldi/egs/timit/s5_la4/fbank/raw_fbank_train.1.ark:7308767
mcdc0_si1922 /nfs-share/xinchi/kaldi/egs/timit/s5_la4/fbank/raw_fbank_train.2.ark:4631394
mrtj0_si2032 /nfs-share/xinchi/kaldi/egs/timit/s5_la4/fbank/raw_fbank_train.4.ark:4743133
fsma0_si2251 /nfs-share/xinchi/kaldi/egs/timit/s5_la4/fbank/raw_fbank_train.2.ark:645929
mmbs0_si521 /nfs-share/xinchi/kaldi/egs/timit/s5_la4/fbank/raw_fbank_train.3.ark:8416499
mree0_si1959 /nfs-share/xinchi/kaldi/egs/timit/s5_la4/fbank/raw_fbank_train.4.ark:1675974
mfwk0_sx439 /nfs-share/xinchi/kaldi/egs/timit/s5_la4/fbank/raw_fbank_train.2.ark:10750346
mbgt0_si1341 /nfs-share/xinchi/kaldi/egs/timit/s5_la4/fbank/raw_fbank_train.2.ark:3539328
mjra0_sx66 /nfs-share/xinchi/kaldi/egs/timit/s5_la4/fbank/raw_fbank_train.3.ark:4519406
fdaw0_si2036 /nfs-share/xinchi/kaldi/egs/timit/s5_la4/fbank/raw_fbank_train.1.ark:2532184
mwac0_sx341 /nfs-share/xinchi/kaldi/egs/timit/s5_la4/fbank/raw_fbank_train.4.ark:10560133
mtbc0_sx273 /nfs-share/xinchi/kaldi/egs/timit/s5_la4/fbank/raw_fbank_train.4.ark:7613854
mhbs0_sx225 /nfs-share/xinchi/kaldi/egs/timit/s5_la4/fbank/raw_fbank_train.3.ark:968407
mjxl0_si542 /nfs-share/xinchi/kaldi/egs/timit/s5_la4/fbank/raw_fbank_train.3.ark:5583517
fdtd0_sx321 /nfs-share/xinchi/kaldi/egs/timit/s5_la4/fbank/raw_fbank_train.1.ark:3314414
mmxs0_si629 /nfs-share/xinchi/kaldi/egs/timit/s5_la4/fbank/raw_fbank_train.3.ark:10455830
mkdt0_sx83 /nfs-share/xinchi/kaldi/egs/timit/s5_la4/fbank/raw_fbank_train.3.ark:6347054
fljd0_si1516 /nfs-share/xinchi/kaldi/egs/timit/s5_la4/fbank/raw_fbank_train.1.ark:7716864
fltm0_si1070 /nfs-share/xinchi/kaldi/egs/timit/s5_la4/fbank/raw_fbank_train.1.ark:8419600
fcaj0_si1804 /nfs-share/xinchi/kaldi/egs/timit/s5_la4/fbank/raw_fbank_train.1.ark:1352489
fmju0_si759 /nfs-share/xinchi/kaldi/egs/timit/s5_la4/fbank/raw_fbank_train.1.ark:9063296
mrcw0_si2001 /nfs-share/xinchi/kaldi/egs/timit/s5_la4/fbank/raw_fbank_train.4.ark:1288079
fkde0_sx61 /nfs-share/xinchi/kaldi/egs/timit/s5_la4/fbank/raw_fbank_train.1.ark:6379341
mtlb0_sx324 /nfs-share/xinchi/kaldi/egs/timit/s5_la4/fbank/raw_fbank_train.4.ark:8762002
mjwt0_si1381 /nfs-share/xinchi/kaldi/egs/timit/s5_la4/fbank/raw_fbank_train.3.ark:5372234
mstf0_sx226 /nfs-share/xinchi/kaldi/egs/timit/s5_la4/fbank/raw_fbank_train.4.ark:6984424
mbth0_sx122 /nfs-share/xinchi/kaldi/egs/timit/s5_la4/fbank/raw_fbank_train.2.ark:4227522
ftbw0_si1345 /nfs-share/xinchi/kaldi/egs/timit/s5_la4/fbank/raw_fbank_train.2.ark:1437855
fmbg0_si1790 /nfs-share/xinchi/kaldi/egs/timit/s5_la4/fbank/raw_fbank_train.1.ark:8639885
fjen0_si2307 /nfs-share/xinchi/kaldi/egs/timit/s5_la4/fbank/raw_fbank_train.1.ark:4971449
mjrh0_sx135 /nfs-share/xinchi/kaldi/egs/timit/s5_la4/fbank/raw_fbank_train.3.ark:4671486
mjra0_sx336 /nfs-share/xinchi/kaldi/egs/timit/s5_la4/fbank/raw_fbank_train.3.ark:4488981
fhlm0_sx390 /nfs-share/xinchi/kaldi/egs/timit/s5_la4/fbank/raw_fbank_train.1.ark:4704135
fdnc0_si1908 /nfs-share/xinchi/kaldi/egs/timit/s5_la4/fbank/raw_fbank_train.1.ark:3143783
mrdd0_si1050 /nfs-share/xinchi/kaldi/egs/timit/s5_la4/fbank/raw_fbank_train.4.ark:1364790
mmdm1_sx153 /nfs-share/xinchi/kaldi/egs/timit/s5_la4/fbank/raw_fbank_train.3.ark:8928537
frjb0_sx347 /nfs-share/xinchi/kaldi/egs/timit/s5_la4/fbank/raw_fbank_train.1.ark:10738031
mjeb0_sx170 /nfs-share/xinchi/kaldi/egs/timit/s5_la4/fbank/raw_fbank_train.3.ark:2617558
fmmh0_si2167 /nfs-share/xinchi/kaldi/egs/timit/s5_la4/fbank/raw_fbank_train.1.ark:9361097
mtas0_sx395 /nfs-share/xinchi/kaldi/egs/timit/s5_la4/fbank/raw_fbank_train.4.ark:7342677
mejl0_sx332 /nfs-share/xinchi/kaldi/egs/timit/s5_la4/fbank/raw_fbank_train.2.ark:9992834
mrlr0_si566 /nfs-share/xinchi/kaldi/egs/timit/s5_la4/fbank/raw_fbank_train.4.ark:3628967
fmjf0_si1884 /nfs-share/xinchi/kaldi/egs/timit/s5_la4/fbank/raw_fbank_train.1.ark:8939478
mmjb1_si1408 /nfs-share/xinchi/kaldi/egs/timit/s5_la4/fbank/raw_fbank_train.3.ark:9524972
fdxw0_sx431 /nfs-share/xinchi/kaldi/egs/timit/s5_la4/fbank/raw_fbank_train.1.ark:3409960
flhd0_sx174 /nfs-share/xinchi/kaldi/egs/timit/s5_la4/fbank/raw_fbank_train.1.ark:7547153
fskl0_sx269 /nfs-share/xinchi/kaldi/egs/timit/s5_la4/fbank/raw_fbank_train.2.ark:399472
mctm0_sx270 /nfs-share/xinchi/kaldi/egs/timit/s5_la4/fbank/raw_fbank_train.2.ark:5863793
mmpm0_si2321 /nfs-share/xinchi/kaldi/egs/timit/s5_la4/fbank/raw_fbank_train.3.ark:9735010
flod0_sx171 /nfs-share/xinchi/kaldi/egs/timit/s5_la4/fbank/raw_fbank_train.1.ark:8376507
mwem0_si1393 /nfs-share/xinchi/kaldi/egs/timit/s5_la4/fbank/raw_fbank_train.4.ark:10968209
mjde0_sx130 /nfs-share/xinchi/kaldi/egs/timit/s5_la4/fbank/raw_fbank_train.3.ark:2300362
fcjf0_sx37 /nfs-share/xinchi/kaldi/egs/timit/s5_la4/fbank/raw_fbank_train.1.ark:1702768
mmws1_sx441 /nfs-share/xinchi/kaldi/egs/timit/s5_la4/fbank/raw_fbank_train.3.ark:10426891
mmgc0_si1935 /nfs-share/xinchi/kaldi/egs/timit/s5_la4/fbank/raw_fbank_train.3.ark:9275289
mgsl0_sx354 /nfs-share/xinchi/kaldi/egs/timit/s5_la4/fbank/raw_fbank_train.3.ark:767593
flja0_si2338 /nfs-share/xinchi/kaldi/egs/timit/s5_la4/fbank/raw_fbank_train.1.ark:7639826
msdh0_sx260 /nfs-share/xinchi/kaldi/egs/timit/s5_la4/fbank/raw_fbank_train.4.ark:5710525
mtlb0_si504 /nfs-share/xinchi/kaldi/egs/timit/s5_la4/fbank/raw_fbank_train.4.ark:8729743
mcdc0_sx302 /nfs-share/xinchi/kaldi/egs/timit/s5_la4/fbank/raw_fbank_train.2.ark:4678806
mtab0_sx222 /nfs-share/xinchi/kaldi/egs/timit/s5_la4/fbank/raw_fbank_train.4.ark:7220434
mdbb1_sx196 /nfs-share/xinchi/kaldi/egs/timit/s5_la4/fbank/raw_fbank_train.2.ark:6254363
mkln0_sx158 /nfs-share/xinchi/kaldi/egs/timit/s5_la4/fbank/raw_fbank_train.3.ark:6593878
mmlm0_sx267 /nfs-share/xinchi/kaldi/egs/timit/s5_la4/fbank/raw_fbank_train.3.ark:9669130
mmeb0_si727 /nfs-share/xinchi/kaldi/egs/timit/s5_la4/fbank/raw_fbank_train.3.ark:9192219
mstf0_sx406 /nfs-share/xinchi/kaldi/egs/timit/s5_la4/fbank/raw_fbank_train.4.ark:7008130
mcre0_sx221 /nfs-share/xinchi/kaldi/egs/timit/s5_la4/fbank/raw_fbank_train.2.ark:5560080
mhrm0_sx328 /nfs-share/xinchi/kaldi/egs/timit/s5_la4/fbank/raw_fbank_train.3.ark:1430646
mwgr0_si1606 /nfs-share/xinchi/kaldi/egs/timit/s5_la4/fbank/raw_fbank_train.4.ark:11059921
fpaf0_sx154 /nfs-share/xinchi/kaldi/egs/timit/s5_la4/fbank/raw_fbank_train.1.ark:10134736
mjeb0_sx386 /nfs-share/xinchi/kaldi/egs/timit/s5_la4/fbank/raw_fbank_train.3.ark:2669529
mrds0_sx177 /nfs-share/xinchi/kaldi/egs/timit/s5_la4/fbank/raw_fbank_train.4.ark:1591741
fmpg0_si1602 /nfs-share/xinchi/kaldi/egs/timit/s5_la4/fbank/raw_fbank_train.1.ark:9445206
mrvg0_sx330 /nfs-share/xinchi/kaldi/egs/timit/s5_la4/fbank/raw_fbank_train.4.ark:4904090
msat0_si2156 /nfs-share/xinchi/kaldi/egs/timit/s5_la4/fbank/raw_fbank_train.4.ark:5428189
mjrg0_sx106 /nfs-share/xinchi/kaldi/egs/timit/s5_la4/fbank/raw_fbank_train.3.ark:4567020
mjae0_sx264 /nfs-share/xinchi/kaldi/egs/timit/s5_la4/fbank/raw_fbank_train.3.ark:1812470
fmmh0_sx187 /nfs-share/xinchi/kaldi/egs/timit/s5_la4/fbank/raw_fbank_train.1.ark:9388123
fdkn0_si1202 /nfs-share/xinchi/kaldi/egs/timit/s5_la4/fbank/raw_fbank_train.1.ark:2799427
ftbr0_si921 /nfs-share/xinchi/kaldi/egs/timit/s5_la4/fbank/raw_fbank_train.2.ark:1369097
fear0_sx82 /nfs-share/xinchi/kaldi/egs/timit/s5_la4/fbank/raw_fbank_train.1.ark:3621842
mtjs0_si1822 /nfs-share/xinchi/kaldi/egs/timit/s5_la4/fbank/raw_fbank_train.4.ark:8290610
mtpp0_sx428 /nfs-share/xinchi/kaldi/egs/timit/s5_la4/fbank/raw_fbank_train.4.ark:9457771
fmah1_sx429 /nfs-share/xinchi/kaldi/egs/timit/s5_la4/fbank/raw_fbank_train.1.ark:8595705
fsjk1_si1025 /nfs-share/xinchi/kaldi/egs/timit/s5_la4/fbank/raw_fbank_train.1.ark:11839380
mdlc0_sx135 /nfs-share/xinchi/kaldi/egs/timit/s5_la4/fbank/raw_fbank_train.2.ark:7550104
flmk0_sx45 /nfs-share/xinchi/kaldi/egs/timit/s5_la4/fbank/raw_fbank_train.1.ark:8318060
mdss1_sx157 /nfs-share/xinchi/kaldi/egs/timit/s5_la4/fbank/raw_fbank_train.2.ark:9112065
fpad0_si1976 /nfs-share/xinchi/kaldi/egs/timit/s5_la4/fbank/raw_fbank_train.1.ark:9998244
fbmh0_si1136 /nfs-share/xinchi/kaldi/egs/timit/s5_la4/fbank/raw_fbank_train.1.ark:1048380
mmsm0_sx206 /nfs-share/xinchi/kaldi/egs/timit/s5_la4/fbank/raw_fbank_train.3.ark:9974885
mlns0_sx417 /nfs-share/xinchi/kaldi/egs/timit/s5_la4/fbank/raw_fbank_train.3.ark:7737015
fpab1_si841 /nfs-share/xinchi/kaldi/egs/timit/s5_la4/fbank/raw_fbank_train.1.ark:9796187
ftaj0_sx249 /nfs-share/xinchi/kaldi/egs/timit/s5_la4/fbank/raw_fbank_train.2.ark:1304138
fpad0_sx86 /nfs-share/xinchi/kaldi/egs/timit/s5_la4/fbank/raw_fbank_train.1.ark:10082521
fbjl0_si922 /nfs-share/xinchi/kaldi/egs/timit/s5_la4/fbank/raw_fbank_train.1.ark:864036
msat0_sx86 /nfs-share/xinchi/kaldi/egs/timit/s5_la4/fbank/raw_fbank_train.4.ark:5488266
mwad0_sx432 /nfs-share/xinchi/kaldi/egs/timit/s5_la4/fbank/raw_fbank_train.4.ark:10657752
fpaz0_sx423 /nfs-share/xinchi/kaldi/egs/timit/s5_la4/fbank/raw_fbank_train.1.ark:10272859
fgmb0_sx155 /nfs-share/xinchi/kaldi/egs/timit/s5_la4/fbank/raw_fbank_train.1.ark:4428512
mmgk0_sx332 /nfs-share/xinchi/kaldi/egs/timit/s5_la4/fbank/raw_fbank_train.3.ark:9493513
medr0_sx204 /nfs-share/xinchi/kaldi/egs/timit/s5_la4/fbank/raw_fbank_train.2.ark:9689970
fhxs0_si1075 /nfs-share/xinchi/kaldi/egs/timit/s5_la4/fbank/raw_fbank_train.1.ark:4717169
fdmy0_sx27 /nfs-share/xinchi/kaldi/egs/timit/s5_la4/fbank/raw_fbank_train.1.ark:3080089
fpaz0_si963 /nfs-share/xinchi/kaldi/egs/timit/s5_la4/fbank/raw_fbank_train.1.ark:10221808
mmdg0_sx340 /nfs-share/xinchi/kaldi/egs/timit/s5_la4/fbank/raw_fbank_train.3.ark:8766633
fjwb1_sx255 /nfs-share/xinchi/kaldi/egs/timit/s5_la4/fbank/raw_fbank_train.1.ark:5926702
mrlj0_sx250 /nfs-share/xinchi/kaldi/egs/timit/s5_la4/fbank/raw_fbank_train.4.ark:3375517
fleh0_si1051 /nfs-share/xinchi/kaldi/egs/timit/s5_la4/fbank/raw_fbank_train.1.ark:7321801
mjwg0_sx85 /nfs-share/xinchi/kaldi/egs/timit/s5_la4/fbank/raw_fbank_train.3.ark:5235941
mdas0_si636 /nfs-share/xinchi/kaldi/egs/timit/s5_la4/fbank/raw_fbank_train.2.ark:6133802
mfer0_sx412 /nfs-share/xinchi/kaldi/egs/timit/s5_la4/fbank/raw_fbank_train.2.ark:10459630
msas0_sx296 /nfs-share/xinchi/kaldi/egs/timit/s5_la4/fbank/raw_fbank_train.4.ark:5396288
mklw0_sx131 /nfs-share/xinchi/kaldi/egs/timit/s5_la4/fbank/raw_fbank_train.3.ark:6975781
mkah0_sx358 /nfs-share/xinchi/kaldi/egs/timit/s5_la4/fbank/raw_fbank_train.3.ark:5829345
msat0_sx266 /nfs-share/xinchi/kaldi/egs/timit/s5_la4/fbank/raw_fbank_train.4.ark:5458728
maeo0_sx336 /nfs-share/xinchi/kaldi/egs/timit/s5_la4/fbank/raw_fbank_train.2.ark:2460032
mjeb1_sx27 /nfs-share/xinchi/kaldi/egs/timit/s5_la4/fbank/raw_fbank_train.3.ark:2752568
mppc0_sx422 /nfs-share/xinchi/kaldi/egs/timit/s5_la4/fbank/raw_fbank_train.4.ark:24198
fkdw0_sx397 /nfs-share/xinchi/kaldi/egs/timit/s5_la4/fbank/raw_fbank_train.1.ark:6479526
mwad0_sx252 /nfs-share/xinchi/kaldi/egs/timit/s5_la4/fbank/raw_fbank_train.4.ark:10639166
fetb0_si1148 /nfs-share/xinchi/kaldi/egs/timit/s5_la4/fbank/raw_fbank_train.1.ark:3962311
mjda0_si1031 /nfs-share/xinchi/kaldi/egs/timit/s5_la4/fbank/raw_fbank_train.3.ark:2068052
mbjv0_sx257 /nfs-share/xinchi/kaldi/egs/timit/s5_la4/fbank/raw_fbank_train.2.ark:3692806
mgaf0_si1282 /nfs-share/xinchi/kaldi/egs/timit/s5_la4/fbank/raw_fbank_train.2.ark:10965064
mapv0_sx213 /nfs-share/xinchi/kaldi/egs/timit/s5_la4/fbank/raw_fbank_train.2.ark:2949166
mtcs0_sx442 /nfs-share/xinchi/kaldi/egs/timit/s5_la4/fbank/raw_fbank_train.4.ark:7735945
mmxs0_sx426 /nfs-share/xinchi/kaldi/egs/timit/s5_la4/fbank/raw_fbank_train.3.ark:10517075
mtkp0_si1023 /nfs-share/xinchi/kaldi/egs/timit/s5_la4/fbank/raw_fbank_train.4.ark:8599811
fskl0_sx89 /nfs-share/xinchi/kaldi/egs/timit/s5_la4/fbank/raw_fbank_train.2.ark:434970
mclm0_si826 /nfs-share/xinchi/kaldi/egs/timit/s5_la4/fbank/raw_fbank_train.2.ark:5358803
mlns0_sx147 /nfs-share/xinchi/kaldi/egs/timit/s5_la4/fbank/raw_fbank_train.3.ark:7704996
mwgr0_si2236 /nfs-share/xinchi/kaldi/egs/timit/s5_la4/fbank/raw_fbank_train.4.ark:11069995
mclm0_sx16 /nfs-share/xinchi/kaldi/egs/timit/s5_la4/fbank/raw_fbank_train.2.ark:5382588
mrhl0_si1515 /nfs-share/xinchi/kaldi/egs/timit/s5_la4/fbank/raw_fbank_train.4.ark:2482145
mljh0_sx64 /nfs-share/xinchi/kaldi/egs/timit/s5_la4/fbank/raw_fbank_train.3.ark:7657902
mbef0_sx21 /nfs-share/xinchi/kaldi/egs/timit/s5_la4/fbank/raw_fbank_train.2.ark:3515748
mrgs0_sx276 /nfs-share/xinchi/kaldi/egs/timit/s5_la4/fbank/raw_fbank_train.4.ark:2426135
mrjb1_sx210 /nfs-share/xinchi/kaldi/egs/timit/s5_la4/fbank/raw_fbank_train.4.ark:2644064
mkag0_sx259 /nfs-share/xinchi/kaldi/egs/timit/s5_la4/fbank/raw_fbank_train.3.ark:5717448
mdac0_si1837 /nfs-share/xinchi/kaldi/egs/timit/s5_la4/fbank/raw_fbank_train.2.ark:6015024
mmgc0_si2184 /nfs-share/xinchi/kaldi/egs/timit/s5_la4/fbank/raw_fbank_train.3.ark:9288883
fspm0_sx251 /nfs-share/xinchi/kaldi/egs/timit/s5_la4/fbank/raw_fbank_train.2.ark:1007623
ftlg0_sx123 /nfs-share/xinchi/kaldi/egs/timit/s5_la4/fbank/raw_fbank_train.2.ark:1585299
mjmm0_sx355 /nfs-share/xinchi/kaldi/egs/timit/s5_la4/fbank/raw_fbank_train.3.ark:4115841
mjeb1_si837 /nfs-share/xinchi/kaldi/egs/timit/s5_la4/fbank/raw_fbank_train.3.ark:2712550
fsms1_sx64 /nfs-share/xinchi/kaldi/egs/timit/s5_la4/fbank/raw_fbank_train.2.ark:939296
fdxw0_si2141 /nfs-share/xinchi/kaldi/egs/timit/s5_la4/fbank/raw_fbank_train.1.ark:3352235
msah1_sx419 /nfs-share/xinchi/kaldi/egs/timit/s5_la4/fbank/raw_fbank_train.4.ark:5287464
mtat1_si1627 /nfs-share/xinchi/kaldi/egs/timit/s5_la4/fbank/raw_fbank_train.4.ark:7463730
mkes0_sx443 /nfs-share/xinchi/kaldi/egs/timit/s5_la4/fbank/raw_fbank_train.3.ark:6443727
mjfh0_sx27 /nfs-share/xinchi/kaldi/egs/timit/s5_la4/fbank/raw_fbank_train.3.ark:2937578
fmah1_sx69 /nfs-share/xinchi/kaldi/egs/timit/s5_la4/fbank/raw_fbank_train.1.ark:8606577
mjjm0_sx197 /nfs-share/xinchi/kaldi/egs/timit/s5_la4/fbank/raw_fbank_train.3.ark:3449743
mdss0_si2087 /nfs-share/xinchi/kaldi/egs/timit/s5_la4/fbank/raw_fbank_train.2.ark:9005614
madd0_sx448 /nfs-share/xinchi/kaldi/egs/timit/s5_la4/fbank/raw_fbank_train.2.ark:2283094
mwdk0_sx176 /nfs-share/xinchi/kaldi/egs/timit/s5_la4/fbank/raw_fbank_train.4.ark:10896090
mdns0_si2271 /nfs-share/xinchi/kaldi/egs/timit/s5_la4/fbank/raw_fbank_train.2.ark:8422344
mgaf0_sx382 /nfs-share/xinchi/kaldi/egs/timit/s5_la4/fbank/raw_fbank_train.2.ark:11041735
mwdk0_sx356 /nfs-share/xinchi/kaldi/egs/timit/s5_la4/fbank/raw_fbank_train.4.ark:10921516
mmeb0_sx7 /nfs-share/xinchi/kaldi/egs/timit/s5_la4/fbank/raw_fbank_train.3.ark:9237309
mkxl0_si1185 /nfs-share/xinchi/kaldi/egs/timit/s5_la4/fbank/raw_fbank_train.3.ark:7137530
fmju0_si1389 /nfs-share/xinchi/kaldi/egs/timit/s5_la4/fbank/raw_fbank_train.1.ark:9035709
frll0_sx74 /nfs-share/xinchi/kaldi/egs/timit/s5_la4/fbank/raw_fbank_train.1.ark:10867520
fcjs0_sx437 /nfs-share/xinchi/kaldi/egs/timit/s5_la4/fbank/raw_fbank_train.1.ark:1786874
fcyl0_si667 /nfs-share/xinchi/kaldi/egs/timit/s5_la4/fbank/raw_fbank_train.1.ark:2320253
fsjg0_sx220 /nfs-share/xinchi/kaldi/egs/timit/s5_la4/fbank/raw_fbank_train.1.ark:11767848
fecd0_sx248 /nfs-share/xinchi/kaldi/egs/timit/s5_la4/fbank/raw_fbank_train.1.ark:3698529
medr0_sx24 /nfs-share/xinchi/kaldi/egs/timit/s5_la4/fbank/raw_fbank_train.2.ark:9699282
mtrc0_si993 /nfs-share/xinchi/kaldi/egs/timit/s5_la4/fbank/raw_fbank_train.4.ark:9751193
mjac0_sx341 /nfs-share/xinchi/kaldi/egs/timit/s5_la4/fbank/raw_fbank_train.3.ark:1727637
feeh0_sx212 /nfs-share/xinchi/kaldi/egs/timit/s5_la4/fbank/raw_fbank_train.1.ark:3803434
mdlc2_sx84 /nfs-share/xinchi/kaldi/egs/timit/s5_la4/fbank/raw_fbank_train.2.ark:7779526
msdb0_sx377 /nfs-share/xinchi/kaldi/egs/timit/s5_la4/fbank/raw_fbank_train.4.ark:5653638
mljh0_si1324 /nfs-share/xinchi/kaldi/egs/timit/s5_la4/fbank/raw_fbank_train.3.ark:7540911
mkes0_si1253 /nfs-share/xinchi/kaldi/egs/timit/s5_la4/fbank/raw_fbank_train.3.ark:6357848
fsms1_sx334 /nfs-share/xinchi/kaldi/egs/timit/s5_la4/fbank/raw_fbank_train.2.ark:912511
mbma0_si1852 /nfs-share/xinchi/kaldi/egs/timit/s5_la4/fbank/raw_fbank_train.2.ark:3755892
fcdr1_si1816 /nfs-share/xinchi/kaldi/egs/timit/s5_la4/fbank/raw_fbank_train.1.ark:1456074
mclk0_sx310 /nfs-share/xinchi/kaldi/egs/timit/s5_la4/fbank/raw_fbank_train.2.ark:5303037
mrcw0_sx201 /nfs-share/xinchi/kaldi/egs/timit/s5_la4/fbank/raw_fbank_train.4.ark:1327378
fsag0_sx423 /nfs-share/xinchi/kaldi/egs/timit/s5_la4/fbank/raw_fbank_train.1.ark:10963873
msas0_sx26 /nfs-share/xinchi/kaldi/egs/timit/s5_la4/fbank/raw_fbank_train.4.ark:5384975
msrg0_sx141 /nfs-share/xinchi/kaldi/egs/timit/s5_la4/fbank/raw_fbank_train.4.ark:6774983
mrbc0_sx149 /nfs-share/xinchi/kaldi/egs/timit/s5_la4/fbank/raw_fbank_train.4.ark:1092055
mcxm0_si721 /nfs-share/xinchi/kaldi/egs/timit/s5_la4/fbank/raw_fbank_train.2.ark:5933832
mbwp0_sx439 /nfs-share/xinchi/kaldi/egs/timit/s5_la4/fbank/raw_fbank_train.2.ark:4367846
mkam0_sx146 /nfs-share/xinchi/kaldi/egs/timit/s5_la4/fbank/raw_fbank_train.3.ark:6000610
mejl0_sx152 /nfs-share/xinchi/kaldi/egs/timit/s5_la4/fbank/raw_fbank_train.2.ark:9971288
fgmb0_sx65 /nfs-share/xinchi/kaldi/egs/timit/s5_la4/fbank/raw_fbank_train.1.ark:4487523
mmag0_sx46 /nfs-share/xinchi/kaldi/egs/timit/s5_la4/fbank/raw_fbank_train.3.ark:8178427
fdaw0_si1406 /nfs-share/xinchi/kaldi/egs/timit/s5_la4/fbank/raw_fbank_train.1.ark:2521750
mddc0_si2049 /nfs-share/xinchi/kaldi/egs/timit/s5_la4/fbank/raw_fbank_train.2.ark:6608372
fsag0_sx333 /nfs-share/xinchi/kaldi/egs/timit/s5_la4/fbank/raw_fbank_train.1.ark:10943600
fcjs0_si977 /nfs-share/xinchi/kaldi/egs/timit/s5_la4/fbank/raw_fbank_train.1.ark:1736222
mtkp0_sx33 /nfs-share/xinchi/kaldi/egs/timit/s5_la4/fbank/raw_fbank_train.4.ark:8683729
fskl0_si1529 /nfs-share/xinchi/kaldi/egs/timit/s5_la4/fbank/raw_fbank_train.2.ark:347179
msem1_sx360 /nfs-share/xinchi/kaldi/egs/timit/s5_la4/fbank/raw_fbank_train.4.ark:5971649
mrlk0_si2140 /nfs-share/xinchi/kaldi/egs/timit/s5_la4/fbank/raw_fbank_train.4.ark:3520149
flet0_sx237 /nfs-share/xinchi/kaldi/egs/timit/s5_la4/fbank/raw_fbank_train.1.ark:7477560
majp0_sx354 /nfs-share/xinchi/kaldi/egs/timit/s5_la4/fbank/raw_fbank_train.2.ark:2652163
mjfh0_si1107 /nfs-share/xinchi/kaldi/egs/timit/s5_la4/fbank/raw_fbank_train.3.ark:2884253
mdlh0_si700 /nfs-share/xinchi/kaldi/egs/timit/s5_la4/fbank/raw_fbank_train.2.ark:7814866
mkdt0_sx263 /nfs-share/xinchi/kaldi/egs/timit/s5_la4/fbank/raw_fbank_train.3.ark:6310236
mbbr0_si1685 /nfs-share/xinchi/kaldi/egs/timit/s5_la4/fbank/raw_fbank_train.2.ark:3291167
mpsw0_si2327 /nfs-share/xinchi/kaldi/egs/timit/s5_la4/fbank/raw_fbank_train.4.ark:505351
fksr0_sx217 /nfs-share/xinchi/kaldi/egs/timit/s5_la4/fbank/raw_fbank_train.1.ark:7068619
mree0_sx24 /nfs-share/xinchi/kaldi/egs/timit/s5_la4/fbank/raw_fbank_train.4.ark:1714592
mhit0_si983 /nfs-share/xinchi/kaldi/egs/timit/s5_la4/fbank/raw_fbank_train.3.ark:1026886
msfh0_sx316 /nfs-share/xinchi/kaldi/egs/timit/s5_la4/fbank/raw_fbank_train.4.ark:6180380
mcdd0_sx73 /nfs-share/xinchi/kaldi/egs/timit/s5_la4/fbank/raw_fbank_train.2.ark:4790696
mklr0_sx339 /nfs-share/xinchi/kaldi/egs/timit/s5_la4/fbank/raw_fbank_train.3.ark:6705090
mfmc0_si502 /nfs-share/xinchi/kaldi/egs/timit/s5_la4/fbank/raw_fbank_train.2.ark:10506443
flmc0_si2002 /nfs-share/xinchi/kaldi/egs/timit/s5_la4/fbank/raw_fbank_train.1.ark:8149397
mtpr0_sx430 /nfs-share/xinchi/kaldi/egs/timit/s5_la4/fbank/raw_fbank_train.4.ark:9567476
mbef0_si1911 /nfs-share/xinchi/kaldi/egs/timit/s5_la4/fbank/raw_fbank_train.2.ark:3471977
fspm0_si611 /nfs-share/xinchi/kaldi/egs/timit/s5_la4/fbank/raw_fbank_train.2.ark:982877
mwdk0_si1436 /nfs-share/xinchi/kaldi/egs/timit/s5_la4/fbank/raw_fbank_train.4.ark:10856870
mjrg0_si1366 /nfs-share/xinchi/kaldi/egs/timit/s5_la4/fbank/raw_fbank_train.3.ark:4529000
mtpf0_si1235 /nfs-share/xinchi/kaldi/egs/timit/s5_la4/fbank/raw_fbank_train.4.ark:9206402
fdtd0_si931 /nfs-share/xinchi/kaldi/egs/timit/s5_la4/fbank/raw_fbank_train.1.ark:3261722
mbar0_si1319 /nfs-share/xinchi/kaldi/egs/timit/s5_la4/fbank/raw_fbank_train.2.ark:3176028
mjai0_sx254 /nfs-share/xinchi/kaldi/egs/timit/s5_la4/fbank/raw_fbank_train.3.ark:1930614
mwrp0_si1525 /nfs-share/xinchi/kaldi/egs/timit/s5_la4/fbank/raw_fbank_train.4.ark:11273686
mtdb0_si771 /nfs-share/xinchi/kaldi/egs/timit/s5_la4/fbank/raw_fbank_train.4.ark:7786958
msat1_sx353 /nfs-share/xinchi/kaldi/egs/timit/s5_la4/fbank/raw_fbank_train.4.ark:5556787
mcdd0_sx433 /nfs-share/xinchi/kaldi/egs/timit/s5_la4/fbank/raw_fbank_train.2.ark:4778224
fmjb0_sx7 /nfs-share/xinchi/kaldi/egs/timit/s5_la4/fbank/raw_fbank_train.1.ark:8907738
fsah0_sx74 /nfs-share/xinchi/kaldi/egs/timit/s5_la4/fbank/raw_fbank_train.1.ark:11091770
fetb0_si518 /nfs-share/xinchi/kaldi/egs/timit/s5_la4/fbank/raw_fbank_train.1.ark:3987258
fjsp0_sx444 /nfs-share/xinchi/kaldi/egs/timit/s5_la4/fbank/raw_fbank_train.1.ark:5850824
fcmm0_si1083 /nfs-share/xinchi/kaldi/egs/timit/s5_la4/fbank/raw_fbank_train.1.ark:2107136
mwre0_si1057 /nfs-share/xinchi/kaldi/egs/timit/s5_la4/fbank/raw_fbank_train.4.ark:11155506
mtrc0_si1623 /nfs-share/xinchi/kaldi/egs/timit/s5_la4/fbank/raw_fbank_train.4.ark:9725647
mges0_sx221 /nfs-share/xinchi/kaldi/egs/timit/s5_la4/fbank/raw_fbank_train.3.ark:226997
mdbb1_sx16 /nfs-share/xinchi/kaldi/egs/timit/s5_la4/fbank/raw_fbank_train.2.ark:6245690
fkkh0_si1290 /nfs-share/xinchi/kaldi/egs/timit/s5_la4/fbank/raw_fbank_train.1.ark:6608865
msrr0_sx141 /nfs-share/xinchi/kaldi/egs/timit/s5_la4/fbank/raw_fbank_train.4.ark:6874608
mdlr1_sx219 /nfs-share/xinchi/kaldi/egs/timit/s5_la4/fbank/raw_fbank_train.2.ark:8142487
mbth0_sx302 /nfs-share/xinchi/kaldi/egs/timit/s5_la4/fbank/raw_fbank_train.2.ark:4256108
fljd0_si886 /nfs-share/xinchi/kaldi/egs/timit/s5_la4/fbank/raw_fbank_train.1.ark:7747051
mjae0_si2154 /nfs-share/xinchi/kaldi/egs/timit/s5_la4/fbank/raw_fbank_train.3.ark:1787524
fsgf0_sx117 /nfs-share/xinchi/kaldi/egs/timit/s5_la4/fbank/raw_fbank_train.1.ark:11655310
mbma1_si954 /nfs-share/xinchi/kaldi/egs/timit/s5_la4/fbank/raw_fbank_train.2.ark:3851430
mnet0_si2076 /nfs-share/xinchi/kaldi/egs/timit/s5_la4/fbank/raw_fbank_train.3.ark:10556415
msat1_sx173 /nfs-share/xinchi/kaldi/egs/timit/s5_la4/fbank/raw_fbank_train.4.ark:5531121
mdlm0_si604 /nfs-share/xinchi/kaldi/egs/timit/s5_la4/fbank/raw_fbank_train.2.ark:7915971
mjwg0_sx445 /nfs-share/xinchi/kaldi/egs/timit/s5_la4/fbank/raw_fbank_train.3.ark:5225829
mrvg0_si1140 /nfs-share/xinchi/kaldi/egs/timit/s5_la4/fbank/raw_fbank_train.4.ark:4854044
fsak0_sx310 /nfs-share/xinchi/kaldi/egs/timit/s5_la4/fbank/raw_fbank_train.1.ark:11163130
mcal0_sx148 /nfs-share/xinchi/kaldi/egs/timit/s5_la4/fbank/raw_fbank_train.2.ark:4554035
mcae0_sx277 /nfs-share/xinchi/kaldi/egs/timit/s5_la4/fbank/raw_fbank_train.2.ark:4466525
maeb0_si990 /nfs-share/xinchi/kaldi/egs/timit/s5_la4/fbank/raw_fbank_train.2.ark:2334347
mwre0_sx247 /nfs-share/xinchi/kaldi/egs/timit/s5_la4/fbank/raw_fbank_train.4.ark:11201800
medr0_si1374 /nfs-share/xinchi/kaldi/egs/timit/s5_la4/fbank/raw_fbank_train.2.ark:9638077
fmjf0_si624 /nfs-share/xinchi/kaldi/egs/timit/s5_la4/fbank/raw_fbank_train.1.ark:8947831
ftbw0_sx175 /nfs-share/xinchi/kaldi/egs/timit/s5_la4/fbank/raw_fbank_train.2.ark:1476675
fbjl0_si2182 /nfs-share/xinchi/kaldi/egs/timit/s5_la4/fbank/raw_fbank_train.1.ark:853843
mtjg0_sx260 /nfs-share/xinchi/kaldi/egs/timit/s5_la4/fbank/raw_fbank_train.4.ark:8131739
mrml0_sx71 /nfs-share/xinchi/kaldi/egs/timit/s5_la4/fbank/raw_fbank_train.4.ark:4090993
mjls0_si1726 /nfs-share/xinchi/kaldi/egs/timit/s5_la4/fbank/raw_fbank_train.3.ark:3783393
mram0_si1905 /nfs-share/xinchi/kaldi/egs/timit/s5_la4/fbank/raw_fbank_train.4.ark:886537
fcrz0_sx253 /nfs-share/xinchi/kaldi/egs/timit/s5_la4/fbank/raw_fbank_train.1.ark:2250894
mprk0_sx197 /nfs-share/xinchi/kaldi/egs/timit/s5_la4/fbank/raw_fbank_train.4.ark:355279
mbma1_si2207 /nfs-share/xinchi/kaldi/egs/timit/s5_la4/fbank/raw_fbank_train.2.ark:3831163
fjkl0_sx302 /nfs-share/xinchi/kaldi/egs/timit/s5_la4/fbank/raw_fbank_train.1.ark:5220079
fsag0_sx153 /nfs-share/xinchi/kaldi/egs/timit/s5_la4/fbank/raw_fbank_train.1.ark:10911254
fsjs0_si541 /nfs-share/xinchi/kaldi/egs/timit/s5_la4/fbank/raw_fbank_train.2.ark:67611
fvmh0_sx116 /nfs-share/xinchi/kaldi/egs/timit/s5_la4/fbank/raw_fbank_train.2.ark:1973240
mrws0_sx382 /nfs-share/xinchi/kaldi/egs/timit/s5_la4/fbank/raw_fbank_train.4.ark:5111125
mbbr0_sx245 /nfs-share/xinchi/kaldi/egs/timit/s5_la4/fbank/raw_fbank_train.2.ark:3322267
fdmy0_sx117 /nfs-share/xinchi/kaldi/egs/timit/s5_la4/fbank/raw_fbank_train.1.ark:3053504
mtpr0_sx340 /nfs-share/xinchi/kaldi/egs/timit/s5_la4/fbank/raw_fbank_train.4.ark:9554283
fcmg0_sx252 /nfs-share/xinchi/kaldi/egs/timit/s5_la4/fbank/raw_fbank_train.1.ark:2056444
fbmj0_si516 /nfs-share/xinchi/kaldi/egs/timit/s5_la4/fbank/raw_fbank_train.1.ark:1162598
mprt0_sx130 /nfs-share/xinchi/kaldi/egs/timit/s5_la4/fbank/raw_fbank_train.4.ark:431518
flkm0_sx440 /nfs-share/xinchi/kaldi/egs/timit/s5_la4/fbank/raw_fbank_train.1.ark:8018352
mjfr0_si2235 /nfs-share/xinchi/kaldi/egs/timit/s5_la4/fbank/raw_fbank_train.3.ark:2977472
fbas0_si1472 /nfs-share/xinchi/kaldi/egs/timit/s5_la4/fbank/raw_fbank_train.1.ark:541808
flag0_sx24 /nfs-share/xinchi/kaldi/egs/timit/s5_la4/fbank/raw_fbank_train.1.ark:7282901
mgak0_sx316 /nfs-share/xinchi/kaldi/egs/timit/s5_la4/fbank/raw_fbank_train.2.ark:11216160
mtwh1_sx252 /nfs-share/xinchi/kaldi/egs/timit/s5_la4/fbank/raw_fbank_train.4.ark:10045654
mjlb0_sx176 /nfs-share/xinchi/kaldi/egs/timit/s5_la4/fbank/raw_fbank_train.3.ark:3623368
mrjb1_sx30 /nfs-share/xinchi/kaldi/egs/timit/s5_la4/fbank/raw_fbank_train.4.ark:2654816
mkah0_sx178 /nfs-share/xinchi/kaldi/egs/timit/s5_la4/fbank/raw_fbank_train.3.ark:5799319
mrlj0_sx70 /nfs-share/xinchi/kaldi/egs/timit/s5_la4/fbank/raw_fbank_train.4.ark:3409655
fpab1_sx391 /nfs-share/xinchi/kaldi/egs/timit/s5_la4/fbank/raw_fbank_train.1.ark:9867511
mdlr1_sx399 /nfs-share/xinchi/kaldi/egs/timit/s5_la4/fbank/raw_fbank_train.2.ark:8182505
fapb0_sx343 /nfs-share/xinchi/kaldi/egs/timit/s5_la4/fbank/raw_fbank_train.1.ark:479235
mbwp0_si1969 /nfs-share/xinchi/kaldi/egs/timit/s5_la4/fbank/raw_fbank_train.2.ark:4299001
mrai0_sx162 /nfs-share/xinchi/kaldi/egs/timit/s5_la4/fbank/raw_fbank_train.4.ark:809738
mmdg0_sx250 /nfs-share/xinchi/kaldi/egs/timit/s5_la4/fbank/raw_fbank_train.3.ark:8752360
mcth0_sx399 /nfs-share/xinchi/kaldi/egs/timit/s5_la4/fbank/raw_fbank_train.2.ark:5799346
mdks0_sx166 /nfs-share/xinchi/kaldi/egs/timit/s5_la4/fbank/raw_fbank_train.2.ark:7311694
mjfr0_sx255 /nfs-share/xinchi/kaldi/egs/timit/s5_la4/fbank/raw_fbank_train.3.ark:3015371
falk0_sx96 /nfs-share/xinchi/kaldi/egs/timit/s5_la4/fbank/raw_fbank_train.1.ark:298009
mfmc0_sx232 /nfs-share/xinchi/kaldi/egs/timit/s5_la4/fbank/raw_fbank_train.2.ark:10533429
mvjh0_sx386 /nfs-share/xinchi/kaldi/egs/timit/s5_la4/fbank/raw_fbank_train.4.ark:10289923
mntw0_sx168 /nfs-share/xinchi/kaldi/egs/timit/s5_la4/fbank/raw_fbank_train.3.ark:10676625
mdem0_sx248 /nfs-share/xinchi/kaldi/egs/timit/s5_la4/fbank/raw_fbank_train.2.ark:6939226
mdef0_si1563 /nfs-share/xinchi/kaldi/egs/timit/s5_la4/fbank/raw_fbank_train.2.ark:6807502
fcjf0_sx307 /nfs-share/xinchi/kaldi/egs/timit/s5_la4/fbank/raw_fbank_train.1.ark:1696696
frjb0_sx77 /nfs-share/xinchi/kaldi/egs/timit/s5_la4/fbank/raw_fbank_train.1.ark:10769256
fcaj0_sx399 /nfs-share/xinchi/kaldi/egs/timit/s5_la4/fbank/raw_fbank_train.1.ark:1422766
mkaj0_si784 /nfs-share/xinchi/kaldi/egs/timit/s5_la4/fbank/raw_fbank_train.3.ark:5890551
fetb0_sx428 /nfs-share/xinchi/kaldi/egs/timit/s5_la4/fbank/raw_fbank_train.1.ark:4034550
mrre0_si704 /nfs-share/xinchi/kaldi/egs/timit/s5_la4/fbank/raw_fbank_train.4.ark:4298992
mrjm1_sx398 /nfs-share/xinchi/kaldi/egs/timit/s5_la4/fbank/raw_fbank_train.4.ark:2997477
mwre0_si2317 /nfs-share/xinchi/kaldi/egs/timit/s5_la4/fbank/raw_fbank_train.4.ark:11181414
msrg0_si1221 /nfs-share/xinchi/kaldi/egs/timit/s5_la4/fbank/raw_fbank_train.4.ark:6736443
fsjg0_sx310 /nfs-share/xinchi/kaldi/egs/timit/s5_la4/fbank/raw_fbank_train.1.ark:11789281
mtqc0_sx361 /nfs-share/xinchi/kaldi/egs/timit/s5_la4/fbank/raw_fbank_train.4.ark:9675308
fsma0_sx181 /nfs-share/xinchi/kaldi/egs/timit/s5_la4/fbank/raw_fbank_train.2.ark:677355
mkrg0_sx31 /nfs-share/xinchi/kaldi/egs/timit/s5_la4/fbank/raw_fbank_train.3.ark:7110031
fsms1_si2134 /nfs-share/xinchi/kaldi/egs/timit/s5_la4/fbank/raw_fbank_train.2.ark:863459
mstf0_si766 /nfs-share/xinchi/kaldi/egs/timit/s5_la4/fbank/raw_fbank_train.4.ark:6941965
mkdb0_si872 /nfs-share/xinchi/kaldi/egs/timit/s5_la4/fbank/raw_fbank_train.3.ark:6078961
fjxp0_sx312 /nfs-share/xinchi/kaldi/egs/timit/s5_la4/fbank/raw_fbank_train.1.ark:6138785
mtbc0_sx183 /nfs-share/xinchi/kaldi/egs/timit/s5_la4/fbank/raw_fbank_train.4.ark:7603181
mkrg0_si1491 /nfs-share/xinchi/kaldi/egs/timit/s5_la4/fbank/raw_fbank_train.3.ark:7044106
mtbc0_sx347 /nfs-share/xinchi/kaldi/egs/timit/s5_la4/fbank/raw_fbank_train.4.ark:7623687
mabc0_sx331 /nfs-share/xinchi/kaldi/egs/timit/s5_la4/fbank/raw_fbank_train.2.ark:2073531
mgag0_si645 /nfs-share/xinchi/kaldi/egs/timit/s5_la4/fbank/raw_fbank_train.2.ark:11067962
mtrc0_sx93 /nfs-share/xinchi/kaldi/egs/timit/s5_la4/fbank/raw_fbank_train.4.ark:9803317
mtat0_si1740 /nfs-share/xinchi/kaldi/egs/timit/s5_la4/fbank/raw_fbank_train.4.ark:7372305
mmab1_sx414 /nfs-share/xinchi/kaldi/egs/timit/s5_la4/fbank/raw_fbank_train.3.ark:8049290
mjlb0_si1616 /nfs-share/xinchi/kaldi/egs/timit/s5_la4/fbank/raw_fbank_train.3.ark:3587108
mkls0_si1533 /nfs-share/xinchi/kaldi/egs/timit/s5_la4/fbank/raw_fbank_train.3.ark:6759543
msem1_sx450 /nfs-share/xinchi/kaldi/egs/timit/s5_la4/fbank/raw_fbank_train.4.ark:5984242
mrvg0_sx240 /nfs-share/xinchi/kaldi/egs/timit/s5_la4/fbank/raw_fbank_train.4.ark:4893257
mgsh0_si1806 /nfs-share/xinchi/kaldi/egs/timit/s5_la4/fbank/raw_fbank_train.3.ark:611999
fjlg0_sx449 /nfs-share/xinchi/kaldi/egs/timit/s5_la4/fbank/raw_fbank_train.1.ark:5324898
mprt0_sx310 /nfs-share/xinchi/kaldi/egs/timit/s5_la4/fbank/raw_fbank_train.4.ark:454184
mtxs0_sx160 /nfs-share/xinchi/kaldi/egs/timit/s5_la4/fbank/raw_fbank_train.4.ark:10133927
mprk0_sx17 /nfs-share/xinchi/kaldi/egs/timit/s5_la4/fbank/raw_fbank_train.4.ark:341886
fbmj0_sx426 /nfs-share/xinchi/kaldi/egs/timit/s5_la4/fbank/raw_fbank_train.1.ark:1232523
fpjf0_si1259 /nfs-share/xinchi/kaldi/egs/timit/s5_la4/fbank/raw_fbank_train.1.ark:10309879
fcmg0_sx432 /nfs-share/xinchi/kaldi/egs/timit/s5_la4/fbank/raw_fbank_train.1.ark:2079270
fjlr0_sx61 /nfs-share/xinchi/kaldi/egs/timit/s5_la4/fbank/raw_fbank_train.1.ark:5437435
mree0_sx114 /nfs-share/xinchi/kaldi/egs/timit/s5_la4/fbank/raw_fbank_train.4.ark:1693047
mtxs0_sx250 /nfs-share/xinchi/kaldi/egs/timit/s5_la4/fbank/raw_fbank_train.4.ark:10151000
fdas1_si1461 /nfs-share/xinchi/kaldi/egs/timit/s5_la4/fbank/raw_fbank_train.1.ark:2398811
mjjm0_si1251 /nfs-share/xinchi/kaldi/egs/timit/s5_la4/fbank/raw_fbank_train.3.ark:3384618
flet0_si1767 /nfs-share/xinchi/kaldi/egs/timit/s5_la4/fbank/raw_fbank_train.1.ark:7434261
mgak0_sx46 /nfs-share/xinchi/kaldi/egs/timit/s5_la4/fbank/raw_fbank_train.2.ark:11244145
mmaa0_sx305 /nfs-share/xinchi/kaldi/egs/timit/s5_la4/fbank/raw_fbank_train.3.ark:7937112
fkaa0_sx38 /nfs-share/xinchi/kaldi/egs/timit/s5_la4/fbank/raw_fbank_train.1.ark:6252282
fvfb0_sx132 /nfs-share/xinchi/kaldi/egs/timit/s5_la4/fbank/raw_fbank_train.2.ark:1772430
mmlm0_si1527 /nfs-share/xinchi/kaldi/egs/timit/s5_la4/fbank/raw_fbank_train.3.ark:9629077
mkrg0_sx141 /nfs-share/xinchi/kaldi/egs/timit/s5_la4/fbank/raw_fbank_train.3.ark:7092326
mejl0_sx422 /nfs-share/xinchi/kaldi/egs/timit/s5_la4/fbank/raw_fbank_train.2.ark:10004987
mdcd0_sx335 /nfs-share/xinchi/kaldi/egs/timit/s5_la4/fbank/raw_fbank_train.2.ark:6457734
mlsh0_sx427 /nfs-share/xinchi/kaldi/egs/timit/s5_la4/fbank/raw_fbank_train.3.ark:7840840
mwar0_sx235 /nfs-share/xinchi/kaldi/egs/timit/s5_la4/fbank/raw_fbank_train.4.ark:10728952
fcmm0_sx273 /nfs-share/xinchi/kaldi/egs/timit/s5_la4/fbank/raw_fbank_train.1.ark:2153789
mrre0_sx254 /nfs-share/xinchi/kaldi/egs/timit/s5_la4/fbank/raw_fbank_train.4.ark:4348771
mpgr0_si2040 /nfs-share/xinchi/kaldi/egs/timit/s5_la4/fbank/raw_fbank_train.3.ark:11115323
mgaf0_sx292 /nfs-share/xinchi/kaldi/egs/timit/s5_la4/fbank/raw_fbank_train.2.ark:11029262
mjpm0_sx108 /nfs-share/xinchi/kaldi/egs/timit/s5_la4/fbank/raw_fbank_train.3.ark:4272785
mjma0_sx55 /nfs-share/xinchi/kaldi/egs/timit/s5_la4/fbank/raw_fbank_train.3.ark:3954015
mwad0_sx342 /nfs-share/xinchi/kaldi/egs/timit/s5_la4/fbank/raw_fbank_train.4.ark:10647799
mrld0_sx154 /nfs-share/xinchi/kaldi/egs/timit/s5_la4/fbank/raw_fbank_train.4.ark:3276579
fkkh0_sx30 /nfs-share/xinchi/kaldi/egs/timit/s5_la4/fbank/raw_fbank_train.1.ark:6683510
mjjj0_si1163 /nfs-share/xinchi/kaldi/egs/timit/s5_la4/fbank/raw_fbank_train.3.ark:3272473
mrjh0_sx307 /nfs-share/xinchi/kaldi/egs/timit/s5_la4/fbank/raw_fbank_train.4.ark:2768801
fcke0_si481 /nfs-share/xinchi/kaldi/egs/timit/s5_la4/fbank/raw_fbank_train.1.ark:1837847
mmjb1_si2038 /nfs-share/xinchi/kaldi/egs/timit/s5_la4/fbank/raw_fbank_train.3.ark:9537366
mgrp0_sx417 /nfs-share/xinchi/kaldi/egs/timit/s5_la4/fbank/raw_fbank_train.3.ark:566499
msat0_sx176 /nfs-share/xinchi/kaldi/egs/timit/s5_la4/fbank/raw_fbank_train.4.ark:5446495
mtrt0_si1857 /nfs-share/xinchi/kaldi/egs/timit/s5_la4/fbank/raw_fbank_train.4.ark:9929890
mdpb0_si2126 /nfs-share/xinchi/kaldi/egs/timit/s5_la4/fbank/raw_fbank_train.2.ark:8518209
mdlh0_sx340 /nfs-share/xinchi/kaldi/egs/timit/s5_la4/fbank/raw_fbank_train.2.ark:7861125
mjda0_sx41 /nfs-share/xinchi/kaldi/egs/timit/s5_la4/fbank/raw_fbank_train.3.ark:2141404
mrdm0_sx65 /nfs-share/xinchi/kaldi/egs/timit/s5_la4/fbank/raw_fbank_train.4.ark:1547287
mrcg0_sx348 /nfs-share/xinchi/kaldi/egs/timit/s5_la4/fbank/raw_fbank_train.4.ark:1226066
mmlm0_sx447 /nfs-share/xinchi/kaldi/egs/timit/s5_la4/fbank/raw_fbank_train.3.ark:9693956
mjjb0_sx329 /nfs-share/xinchi/kaldi/egs/timit/s5_la4/fbank/raw_fbank_train.3.ark:3235534
mrxb0_sx415 /nfs-share/xinchi/kaldi/egs/timit/s5_la4/fbank/raw_fbank_train.4.ark:5200438
fgcs0_si2116 /nfs-share/xinchi/kaldi/egs/timit/s5_la4/fbank/raw_fbank_train.1.ark:4186596
mwre0_sx427 /nfs-share/xinchi/kaldi/egs/timit/s5_la4/fbank/raw_fbank_train.4.ark:11229826
mdps0_sx269 /nfs-share/xinchi/kaldi/egs/timit/s5_la4/fbank/raw_fbank_train.2.ark:8738078
fvkb0_sx79 /nfs-share/xinchi/kaldi/egs/timit/s5_la4/fbank/raw_fbank_train.2.ark:1915986
fsdj0_si485 /nfs-share/xinchi/kaldi/egs/timit/s5_la4/fbank/raw_fbank_train.1.ark:11547612
mfrm0_sx435 /nfs-share/xinchi/kaldi/egs/timit/s5_la4/fbank/raw_fbank_train.2.ark:10654961
mses0_si1589 /nfs-share/xinchi/kaldi/egs/timit/s5_la4/fbank/raw_fbank_train.4.ark:6012468
mdsj0_si832 /nfs-share/xinchi/kaldi/egs/timit/s5_la4/fbank/raw_fbank_train.2.ark:8922902
msvs0_si1568 /nfs-share/xinchi/kaldi/egs/timit/s5_la4/fbank/raw_fbank_train.4.ark:7035116
fkde0_sx331 /nfs-share/xinchi/kaldi/egs/timit/s5_la4/fbank/raw_fbank_train.1.ark:6353556
mdwd0_sx180 /nfs-share/xinchi/kaldi/egs/timit/s5_la4/fbank/raw_fbank_train.2.ark:9290156
mrpc1_sx132 /nfs-share/xinchi/kaldi/egs/timit/s5_la4/fbank/raw_fbank_train.4.ark:4223194
mbar0_sx149 /nfs-share/xinchi/kaldi/egs/timit/s5_la4/fbank/raw_fbank_train.2.ark:3211368
mgar0_sx132 /nfs-share/xinchi/kaldi/egs/timit/s5_la4/fbank/raw_fbank_train.3.ark:34474
fmkc0_si1041 /nfs-share/xinchi/kaldi/egs/timit/s5_la4/fbank/raw_fbank_train.1.ark:9139014
msjk0_sx246 /nfs-share/xinchi/kaldi/egs/timit/s5_la4/fbank/raw_fbank_train.4.ark:6386397
mdpk0_sx423 /nfs-share/xinchi/kaldi/egs/timit/s5_la4/fbank/raw_fbank_train.2.ark:8671359
fcke0_sx391 /nfs-share/xinchi/kaldi/egs/timit/s5_la4/fbank/raw_fbank_train.1.ark:1895771
mrlj0_sx430 /nfs-share/xinchi/kaldi/egs/timit/s5_la4/fbank/raw_fbank_train.4.ark:3395623
mrmg0_si1710 /nfs-share/xinchi/kaldi/egs/timit/s5_la4/fbank/raw_fbank_train.4.ark:3799944
ftmg0_si1532 /nfs-share/xinchi/kaldi/egs/timit/s5_la4/fbank/raw_fbank_train.2.ark:1641464
fkdw0_sx127 /nfs-share/xinchi/kaldi/egs/timit/s5_la4/fbank/raw_fbank_train.1.ark:6445155
mnet0_sx96 /nfs-share/xinchi/kaldi/egs/timit/s5_la4/fbank/raw_fbank_train.3.ark:10616170
fear0_si1882 /nfs-share/xinchi/kaldi/egs/timit/s5_la4/fbank/raw_fbank_train.1.ark:3543525
mjrh0_si1125 /nfs-share/xinchi/kaldi/egs/timit/s5_la4/fbank/raw_fbank_train.3.ark:4629265
mrjm0_sx58 /nfs-share/xinchi/kaldi/egs/timit/s5_la4/fbank/raw_fbank_train.4.ark:2894092
mded0_sx270 /nfs-share/xinchi/kaldi/egs/timit/s5_la4/fbank/raw_fbank_train.2.ark:6738856
fmbg0_sx440 /nfs-share/xinchi/kaldi/egs/timit/s5_la4/fbank/raw_fbank_train.1.ark:8693169
mjpm0_si1368 /nfs-share/xinchi/kaldi/egs/timit/s5_la4/fbank/raw_fbank_train.3.ark:4228245
msfh0_sx406 /nfs-share/xinchi/kaldi/egs/timit/s5_la4/fbank/raw_fbank_train.4.ark:6191573
mrhl0_si2145 /nfs-share/xinchi/kaldi/egs/timit/s5_la4/fbank/raw_fbank_train.4.ark:2486779
flja0_sx268 /nfs-share/xinchi/kaldi/egs/timit/s5_la4/fbank/raw_fbank_train.1.ark:7663372
mklw0_si2201 /nfs-share/xinchi/kaldi/egs/timit/s5_la4/fbank/raw_fbank_train.3.ark:6967908
mewm0_sx268 /nfs-share/xinchi/kaldi/egs/timit/s5_la4/fbank/raw_fbank_train.2.ark:10353099
mtpg0_sx123 /nfs-share/xinchi/kaldi/egs/timit/s5_la4/fbank/raw_fbank_train.4.ark:9337847
mrld0_sx64 /nfs-share/xinchi/kaldi/egs/timit/s5_la4/fbank/raw_fbank_train.4.ark:3315750
fbjl0_sx292 /nfs-share/xinchi/kaldi/egs/timit/s5_la4/fbank/raw_fbank_train.1.ark:913327
mwar0_sx325 /nfs-share/xinchi/kaldi/egs/timit/s5_la4/fbank/raw_fbank_train.4.ark:10740145
falk0_sx186 /nfs-share/xinchi/kaldi/egs/timit/s5_la4/fbank/raw_fbank_train.1.ark:252640
mprb0_sx395 /nfs-share/xinchi/kaldi/egs/timit/s5_la4/fbank/raw_fbank_train.4.ark:152335
mdjm0_si1455 /nfs-share/xinchi/kaldi/egs/timit/s5_la4/fbank/raw_fbank_train.2.ark:7187408
fcmg0_sx162 /nfs-share/xinchi/kaldi/egs/timit/s5_la4/fbank/raw_fbank_train.1.ark:2042571
fsbk0_si2329 /nfs-share/xinchi/kaldi/egs/timit/s5_la4/fbank/raw_fbank_train.1.ark:11222177
fsls0_sx246 /nfs-share/xinchi/kaldi/egs/timit/s5_la4/fbank/raw_fbank_train.2.ark:603996
msmc0_si647 /nfs-share/xinchi/kaldi/egs/timit/s5_la4/fbank/raw_fbank_train.4.ark:6465955
mjma0_sx235 /nfs-share/xinchi/kaldi/egs/timit/s5_la4/fbank/raw_fbank_train.3.ark:3926477
mmab1_si864 /nfs-share/xinchi/kaldi/egs/timit/s5_la4/fbank/raw_fbank_train.3.ark:7987398
fsjg0_si1570 /nfs-share/xinchi/kaldi/egs/timit/s5_la4/fbank/raw_fbank_train.1.ark:11704595
mrfl0_si526 /nfs-share/xinchi/kaldi/egs/timit/s5_la4/fbank/raw_fbank_train.4.ark:2166259
mtas0_sx35 /nfs-share/xinchi/kaldi/egs/timit/s5_la4/fbank/raw_fbank_train.4.ark:7334604
mjfr0_sx165 /nfs-share/xinchi/kaldi/egs/timit/s5_la4/fbank/raw_fbank_train.3.ark:3000898
mrbc0_sx59 /nfs-share/xinchi/kaldi/egs/timit/s5_la4/fbank/raw_fbank_train.4.ark:1146306
mdcd0_sx155 /nfs-share/xinchi/kaldi/egs/timit/s5_la4/fbank/raw_fbank_train.2.ark:6435308
mrtj0_sx322 /nfs-share/xinchi/kaldi/egs/timit/s5_la4/fbank/raw_fbank_train.4.ark:4812665
mpgr0_sx60 /nfs-share/xinchi/kaldi/egs/timit/s5_la4/fbank/raw_fbank_train.3.ark:11177440
fceg0_sx438 /nfs-share/xinchi/kaldi/egs/timit/s5_la4/fbank/raw_fbank_train.1.ark:1621624
mmsm0_sx386 /nfs-share/xinchi/kaldi/egs/timit/s5_la4/fbank/raw_fbank_train.3.ark:10010583
fjhk0_sx302 /nfs-share/xinchi/kaldi/egs/timit/s5_la4/fbank/raw_fbank_train.1.ark:5127014
mmeb0_si1357 /nfs-share/xinchi/kaldi/egs/timit/s5_la4/fbank/raw_fbank_train.3.ark:9167672
mcae0_si2077 /nfs-share/xinchi/kaldi/egs/timit/s5_la4/fbank/raw_fbank_train.2.ark:4418266
mmgg0_si1709 /nfs-share/xinchi/kaldi/egs/timit/s5_la4/fbank/raw_fbank_train.3.ark:9368315
mrre0_si1334 /nfs-share/xinchi/kaldi/egs/timit/s5_la4/fbank/raw_fbank_train.4.ark:4277999
fkkh0_sx210 /nfs-share/xinchi/kaldi/egs/timit/s5_la4/fbank/raw_fbank_train.1.ark:6672958
fsah0_sx327 /nfs-share/xinchi/kaldi/egs/timit/s5_la4/fbank/raw_fbank_train.1.ark:11052192
mmwb0_sx269 /nfs-share/xinchi/kaldi/egs/timit/s5_la4/fbank/raw_fbank_train.3.ark:10207896
fjsp0_si804 /nfs-share/xinchi/kaldi/egs/timit/s5_la4/fbank/raw_fbank_train.1.ark:5801932
fjkl0_si1562 /nfs-share/xinchi/kaldi/egs/timit/s5_la4/fbank/raw_fbank_train.1.ark:5159513
mbjv0_sx77 /nfs-share/xinchi/kaldi/egs/timit/s5_la4/fbank/raw_fbank_train.2.ark:3726544
msrg0_sx51 /nfs-share/xinchi/kaldi/egs/timit/s5_la4/fbank/raw_fbank_train.4.ark:6818954
mmgg0_si1079 /nfs-share/xinchi/kaldi/egs/timit/s5_la4/fbank/raw_fbank_train.3.ark:9349521
mstf0_si1396 /nfs-share/xinchi/kaldi/egs/timit/s5_la4/fbank/raw_fbank_train.4.ark:6928292
mrbc0_si1665 /nfs-share/xinchi/kaldi/egs/timit/s5_la4/fbank/raw_fbank_train.4.ark:1058915
mkes0_sx83 /nfs-share/xinchi/kaldi/egs/timit/s5_la4/fbank/raw_fbank_train.3.ark:6455119
mkdb0_sx62 /nfs-share/xinchi/kaldi/egs/timit/s5_la4/fbank/raw_fbank_train.3.ark:6144565
fleh0_sx421 /nfs-share/xinchi/kaldi/egs/timit/s5_la4/fbank/raw_fbank_train.1.ark:7395121
mrre0_sx434 /nfs-share/xinchi/kaldi/egs/timit/s5_la4/fbank/raw_fbank_train.4.ark:4369797
mtjs0_si562 /nfs-share/xinchi/kaldi/egs/timit/s5_la4/fbank/raw_fbank_train.4.ark:8314123
mwac0_sx251 /nfs-share/xinchi/kaldi/egs/timit/s5_la4/fbank/raw_fbank_train.4.ark:10542300
flkm0_sx350 /nfs-share/xinchi/kaldi/egs/timit/s5_la4/fbank/raw_fbank_train.1.ark:7999999
msah1_sx329 /nfs-share/xinchi/kaldi/egs/timit/s5_la4/fbank/raw_fbank_train.4.ark:5273631
mgsl0_sx264 /nfs-share/xinchi/kaldi/egs/timit/s5_la4/fbank/raw_fbank_train.3.ark:755880
fbas0_sx217 /nfs-share/xinchi/kaldi/egs/timit/s5_la4/fbank/raw_fbank_train.1.ark:593028
msas0_si1376 /nfs-share/xinchi/kaldi/egs/timit/s5_la4/fbank/raw_fbank_train.4.ark:5304970
fpaf0_sx424 /nfs-share/xinchi/kaldi/egs/timit/s5_la4/fbank/raw_fbank_train.1.ark:10171995
fmkc0_si1072 /nfs-share/xinchi/kaldi/egs/timit/s5_la4/fbank/raw_fbank_train.1.ark:9157328
mjdg0_sx52 /nfs-share/xinchi/kaldi/egs/timit/s5_la4/fbank/raw_fbank_train.3.ark:2461719
fssb0_sx362 /nfs-share/xinchi/kaldi/egs/timit/s5_la4/fbank/raw_fbank_train.2.ark:1215667
mtas0_sx305 /nfs-share/xinchi/kaldi/egs/timit/s5_la4/fbank/raw_fbank_train.4.ark:7325492
mdwm0_sx376 /nfs-share/xinchi/kaldi/egs/timit/s5_la4/fbank/raw_fbank_train.2.ark:9534864
mrcw0_si1371 /nfs-share/xinchi/kaldi/egs/timit/s5_la4/fbank/raw_fbank_train.4.ark:1275485
msfv0_si632 /nfs-share/xinchi/kaldi/egs/timit/s5_la4/fbank/raw_fbank_train.4.ark:6246746
fmbg0_sx260 /nfs-share/xinchi/kaldi/egs/timit/s5_la4/fbank/raw_fbank_train.1.ark:8657992
mtmt0_sx398 /nfs-share/xinchi/kaldi/egs/timit/s5_la4/fbank/raw_fbank_train.4.ark:9192728
fpls0_sx150 /nfs-share/xinchi/kaldi/egs/timit/s5_la4/fbank/raw_fbank_train.1.ark:10435411
mwch0_sx182 /nfs-share/xinchi/kaldi/egs/timit/s5_la4/fbank/raw_fbank_train.4.ark:10802985
mvjh0_si2186 /nfs-share/xinchi/kaldi/egs/timit/s5_la4/fbank/raw_fbank_train.4.ark:10223766
mdwm0_sx433 /nfs-share/xinchi/kaldi/egs/timit/s5_la4/fbank/raw_fbank_train.2.ark:9546137
mpmb0_si2131 /nfs-share/xinchi/kaldi/egs/timit/s5_la4/fbank/raw_fbank_train.3.ark:11314654
mkls1_sx15 /nfs-share/xinchi/kaldi/egs/timit/s5_la4/fbank/raw_fbank_train.3.ark:6897147
mrfl0_sx256 /nfs-share/xinchi/kaldi/egs/timit/s5_la4/fbank/raw_fbank_train.4.ark:2200205
fpaf0_sx64 /nfs-share/xinchi/kaldi/egs/timit/s5_la4/fbank/raw_fbank_train.1.ark:10182907
fcag0_si2133 /nfs-share/xinchi/kaldi/egs/timit/s5_la4/fbank/raw_fbank_train.1.ark:1272777
flmk0_si2295 /nfs-share/xinchi/kaldi/egs/timit/s5_la4/fbank/raw_fbank_train.1.ark:8260856
fpaz0_sx243 /nfs-share/xinchi/kaldi/egs/timit/s5_la4/fbank/raw_fbank_train.1.ark:10253034
makr0_sx272 /nfs-share/xinchi/kaldi/egs/timit/s5_la4/fbank/raw_fbank_train.2.ark:2847021
fjsp0_si1434 /nfs-share/xinchi/kaldi/egs/timit/s5_la4/fbank/raw_fbank_train.1.ark:5778905
mwac0_sx71 /nfs-share/xinchi/kaldi/egs/timit/s5_la4/fbank/raw_fbank_train.4.ark:10590478
fcke0_si1741 /nfs-share/xinchi/kaldi/egs/timit/s5_la4/fbank/raw_fbank_train.1.ark:1819694
flag0_si2094 /nfs-share/xinchi/kaldi/egs/timit/s5_la4/fbank/raw_fbank_train.1.ark:7228770
mjdm0_sx170 /nfs-share/xinchi/kaldi/egs/timit/s5_la4/fbank/raw_fbank_train.3.ark:2506973
mdlr0_sx243 /nfs-share/xinchi/kaldi/egs/timit/s5_la4/fbank/raw_fbank_train.2.ark:8032982
madc0_si737 /nfs-share/xinchi/kaldi/egs/timit/s5_la4/fbank/raw_fbank_train.2.ark:2134937
mtqc0_sx91 /nfs-share/xinchi/kaldi/egs/timit/s5_la4/fbank/raw_fbank_train.4.ark:9711293
mklr0_si1689 /nfs-share/xinchi/kaldi/egs/timit/s5_la4/fbank/raw_fbank_train.3.ark:6666317
mafm0_si1569 /nfs-share/xinchi/kaldi/egs/timit/s5_la4/fbank/raw_fbank_train.2.ark:2499331
mjdg0_sx232 /nfs-share/xinchi/kaldi/egs/timit/s5_la4/fbank/raw_fbank_train.3.ark:2427461
msvs0_sx218 /nfs-share/xinchi/kaldi/egs/timit/s5_la4/fbank/raw_fbank_train.4.ark:7098849
mgaw0_sx175 /nfs-share/xinchi/kaldi/egs/timit/s5_la4/fbank/raw_fbank_train.3.ark:141259
fskc0_sx246 /nfs-share/xinchi/kaldi/egs/timit/s5_la4/fbank/raw_fbank_train.2.ark:298727
fdnc0_si1278 /nfs-share/xinchi/kaldi/egs/timit/s5_la4/fbank/raw_fbank_train.1.ark:3122589
mrcg0_si2058 /nfs-share/xinchi/kaldi/egs/timit/s5_la4/fbank/raw_fbank_train.4.ark:1174374
mjrk0_si880 /nfs-share/xinchi/kaldi/egs/timit/s5_la4/fbank/raw_fbank_train.3.ark:4840223
mtwh1_si2142 /nfs-share/xinchi/kaldi/egs/timit/s5_la4/fbank/raw_fbank_train.4.ark:10017795
mreh1_si2229 /nfs-share/xinchi/kaldi/egs/timit/s5_la4/fbank/raw_fbank_train.4.ark:1764526
feac0_sx255 /nfs-share/xinchi/kaldi/egs/timit/s5_la4/fbank/raw_fbank_train.1.ark:3485039
mmdg0_si520 /nfs-share/xinchi/kaldi/egs/timit/s5_la4/fbank/raw_fbank_train.3.ark:8722894
mrjm0_sx238 /nfs-share/xinchi/kaldi/egs/timit/s5_la4/fbank/raw_fbank_train.4.ark:2855794
fsdc0_si1942 /nfs-share/xinchi/kaldi/egs/timit/s5_la4/fbank/raw_fbank_train.1.ark:11444833
msjk0_si2226 /nfs-share/xinchi/kaldi/egs/timit/s5_la4/fbank/raw_fbank_train.4.ark:6352378
mcth0_sx39 /nfs-share/xinchi/kaldi/egs/timit/s5_la4/fbank/raw_fbank_train.2.ark:5787033
frjb0_si1427 /nfs-share/xinchi/kaldi/egs/timit/s5_la4/fbank/raw_fbank_train.1.ark:10690344
mfxs0_sx144 /nfs-share/xinchi/kaldi/egs/timit/s5_la4/fbank/raw_fbank_train.2.ark:10802873
fjrb0_sx42 /nfs-share/xinchi/kaldi/egs/timit/s5_la4/fbank/raw_fbank_train.1.ark:5540180
milb0_si903 /nfs-share/xinchi/kaldi/egs/timit/s5_la4/fbank/raw_fbank_train.3.ark:1598995
msmc0_sx377 /nfs-share/xinchi/kaldi/egs/timit/s5_la4/fbank/raw_fbank_train.4.ark:6526999
mtdp0_si1274 /nfs-share/xinchi/kaldi/egs/timit/s5_la4/fbank/raw_fbank_train.4.ark:7861996
mtdb0_si1401 /nfs-share/xinchi/kaldi/egs/timit/s5_la4/fbank/raw_fbank_train.4.ark:7761531
mdrd0_sx302 /nfs-share/xinchi/kaldi/egs/timit/s5_la4/fbank/raw_fbank_train.2.ark:8858136
mkaj0_si1414 /nfs-share/xinchi/kaldi/egs/timit/s5_la4/fbank/raw_fbank_train.3.ark:5866404
mmds0_si1973 /nfs-share/xinchi/kaldi/egs/timit/s5_la4/fbank/raw_fbank_train.3.ark:9018056
mbef0_si1281 /nfs-share/xinchi/kaldi/egs/timit/s5_la4/fbank/raw_fbank_train.2.ark:3458623
fexm0_sx291 /nfs-share/xinchi/kaldi/egs/timit/s5_la4/fbank/raw_fbank_train.1.ark:4132582
mmdg0_si1780 /nfs-share/xinchi/kaldi/egs/timit/s5_la4/fbank/raw_fbank_train.3.ark:8694547
mdpb0_si1760 /nfs-share/xinchi/kaldi/egs/timit/s5_la4/fbank/raw_fbank_train.2.ark:8500055
mcss0_si1380 /nfs-share/xinchi/kaldi/egs/timit/s5_la4/fbank/raw_fbank_train.2.ark:5609571
mkls1_sx195 /nfs-share/xinchi/kaldi/egs/timit/s5_la4/fbank/raw_fbank_train.3.ark:6909060
mjjb0_sx149 /nfs-share/xinchi/kaldi/egs/timit/s5_la4/fbank/raw_fbank_train.3.ark:3207348
msmr0_si775 /nfs-share/xinchi/kaldi/egs/timit/s5_la4/fbank/raw_fbank_train.4.ark:6571980
mdlh0_sx160 /nfs-share/xinchi/kaldi/egs/timit/s5_la4/fbank/raw_fbank_train.2.ark:7830179
fklh0_sx177 /nfs-share/xinchi/kaldi/egs/timit/s5_la4/fbank/raw_fbank_train.1.ark:6958081
mkaj0_sx154 /nfs-share/xinchi/kaldi/egs/timit/s5_la4/fbank/raw_fbank_train.3.ark:5901744
fajw0_sx363 /nfs-share/xinchi/kaldi/egs/timit/s5_la4/fbank/raw_fbank_train.1.ark:182475
fbjl0_si1552 /nfs-share/xinchi/kaldi/egs/timit/s5_la4/fbank/raw_fbank_train.1.ark:841289
mrjh0_si889 /nfs-share/xinchi/kaldi/egs/timit/s5_la4/fbank/raw_fbank_train.4.ark:2707989
mhmr0_sx399 /nfs-share/xinchi/kaldi/egs/timit/s5_la4/fbank/raw_fbank_train.3.ark:1368406
mpsw0_si1067 /nfs-share/xinchi/kaldi/egs/timit/s5_la4/fbank/raw_fbank_train.4.ark:485643
mmlm0_sx87 /nfs-share/xinchi/kaldi/egs/timit/s5_la4/fbank/raw_fbank_train.3.ark:9702868
fjrb0_sx222 /nfs-share/xinchi/kaldi/egs/timit/s5_la4/fbank/raw_fbank_train.1.ark:5493002
mtxs0_sx70 /nfs-share/xinchi/kaldi/egs/timit/s5_la4/fbank/raw_fbank_train.4.ark:10198138
mcdr0_si524 /nfs-share/xinchi/kaldi/egs/timit/s5_la4/fbank/raw_fbank_train.2.ark:4837757
mprk0_si1097 /nfs-share/xinchi/kaldi/egs/timit/s5_la4/fbank/raw_fbank_train.4.ark:276994
mrml0_sx161 /nfs-share/xinchi/kaldi/egs/timit/s5_la4/fbank/raw_fbank_train.4.ark:4024062
fltm0_sx170 /nfs-share/xinchi/kaldi/egs/timit/s5_la4/fbank/raw_fbank_train.1.ark:8447421
fgmb0_sx335 /nfs-share/xinchi/kaldi/egs/timit/s5_la4/fbank/raw_fbank_train.1.ark:4457338
mtju0_si760 /nfs-share/xinchi/kaldi/egs/timit/s5_la4/fbank/raw_fbank_train.4.ark:8420548
mjwt0_si751 /nfs-share/xinchi/kaldi/egs/timit/s5_la4/fbank/raw_fbank_train.3.ark:5391067
fdxw0_si881 /nfs-share/xinchi/kaldi/egs/timit/s5_la4/fbank/raw_fbank_train.1.ark:3357988
fsjk1_si2285 /nfs-share/xinchi/kaldi/egs/timit/s5_la4/fbank/raw_fbank_train.1.ark:11852134
mrfk0_sx266 /nfs-share/xinchi/kaldi/egs/timit/s5_la4/fbank/raw_fbank_train.4.ark:2098300
mkxl0_sx15 /nfs-share/xinchi/kaldi/egs/timit/s5_la4/fbank/raw_fbank_train.3.ark:7192023
mmwb0_si989 /nfs-share/xinchi/kaldi/egs/timit/s5_la4/fbank/raw_fbank_train.3.ark:10178150
mtjg0_si1520 /nfs-share/xinchi/kaldi/egs/timit/s5_la4/fbank/raw_fbank_train.4.ark:8085086
mcae0_sx367 /nfs-share/xinchi/kaldi/egs/timit/s5_la4/fbank/raw_fbank_train.2.ark:4480558
fljd0_sx436 /nfs-share/xinchi/kaldi/egs/timit/s5_la4/fbank/raw_fbank_train.1.ark:7795623
mtab0_si942 /nfs-share/xinchi/kaldi/egs/timit/s5_la4/fbank/raw_fbank_train.4.ark:7190128
mpeb0_sx150 /nfs-share/xinchi/kaldi/egs/timit/s5_la4/fbank/raw_fbank_train.3.ark:10849555
mmag0_si496 /nfs-share/xinchi/kaldi/egs/timit/s5_la4/fbank/raw_fbank_train.3.ark:8108063
mcdc0_si662 /nfs-share/xinchi/kaldi/egs/timit/s5_la4/fbank/raw_fbank_train.2.ark:4641227
mwem0_sx150 /nfs-share/xinchi/kaldi/egs/timit/s5_la4/fbank/raw_fbank_train.4.ark:10987276
mjdg0_sx322 /nfs-share/xinchi/kaldi/egs/timit/s5_la4/fbank/raw_fbank_train.3.ark:2441334
fsdc0_sx232 /nfs-share/xinchi/kaldi/egs/timit/s5_la4/fbank/raw_fbank_train.1.ark:11474293
mgsl0_sx444 /nfs-share/xinchi/kaldi/egs/timit/s5_la4/fbank/raw_fbank_train.3.ark:779666
fmkc0_sx442 /nfs-share/xinchi/kaldi/egs/timit/s5_la4/fbank/raw_fbank_train.1.ark:9216414
mmgk0_sx62 /nfs-share/xinchi/kaldi/egs/timit/s5_la4/fbank/raw_fbank_train.3.ark:9515578
fbas0_sx307 /nfs-share/xinchi/kaldi/egs/timit/s5_la4/fbank/raw_fbank_train.1.ark:602661
fscn0_sx176 /nfs-share/xinchi/kaldi/egs/timit/s5_la4/fbank/raw_fbank_train.1.ark:11355154
ftmg0_sx92 /nfs-share/xinchi/kaldi/egs/timit/s5_la4/fbank/raw_fbank_train.2.ark:1726095
fexm0_sx366 /nfs-share/xinchi/kaldi/egs/timit/s5_la4/fbank/raw_fbank_train.1.ark:4146815
mrgs0_si1356 /nfs-share/xinchi/kaldi/egs/timit/s5_la4/fbank/raw_fbank_train.4.ark:2371122
mwch0_si1622 /nfs-share/xinchi/kaldi/egs/timit/s5_la4/fbank/raw_fbank_train.4.ark:10772924
mmwb0_si1619 /nfs-share/xinchi/kaldi/egs/timit/s5_la4/fbank/raw_fbank_train.3.ark:10141763
mclk0_si2290 /nfs-share/xinchi/kaldi/egs/timit/s5_la4/fbank/raw_fbank_train.2.ark:5238745
mesg0_sx252 /nfs-share/xinchi/kaldi/egs/timit/s5_la4/fbank/raw_fbank_train.2.ark:10176211
mkjo0_sx424 /nfs-share/xinchi/kaldi/egs/timit/s5_la4/fbank/raw_fbank_train.3.ark:6518279
mrlj0_sx160 /nfs-share/xinchi/kaldi/egs/timit/s5_la4/fbank/raw_fbank_train.4.ark:3362204
mtlc0_sx127 /nfs-share/xinchi/kaldi/egs/timit/s5_la4/fbank/raw_fbank_train.4.ark:8851801
mfxv0_sx105 /nfs-share/xinchi/kaldi/egs/timit/s5_la4/fbank/raw_fbank_train.2.ark:10913619
mwdk0_sx86 /nfs-share/xinchi/kaldi/egs/timit/s5_la4/fbank/raw_fbank_train.4.ark:10945381
mbth0_sx392 /nfs-share/xinchi/kaldi/egs/timit/s5_la4/fbank/raw_fbank_train.2.ark:4279213
fdkn0_si1081 /nfs-share/xinchi/kaldi/egs/timit/s5_la4/fbank/raw_fbank_train.1.ark:2787113
mhxl0_sx152 /nfs-share/xinchi/kaldi/egs/timit/s5_la4/fbank/raw_fbank_train.3.ark:1506084
mrlr0_sx296 /nfs-share/xinchi/kaldi/egs/timit/s5_la4/fbank/raw_fbank_train.4.ark:3674658
mree0_sx294 /nfs-share/xinchi/kaldi/egs/timit/s5_la4/fbank/raw_fbank_train.4.ark:1724145
mmws0_si888 /nfs-share/xinchi/kaldi/egs/timit/s5_la4/fbank/raw_fbank_train.3.ark:10292054
msat0_sx446 /nfs-share/xinchi/kaldi/egs/timit/s5_la4/fbank/raw_fbank_train.4.ark:5476314
mcal0_sx238 /nfs-share/xinchi/kaldi/egs/timit/s5_la4/fbank/raw_fbank_train.2.ark:4564708
mrgs0_si1986 /nfs-share/xinchi/kaldi/egs/timit/s5_la4/fbank/raw_fbank_train.4.ark:2390236
fkfb0_sx78 /nfs-share/xinchi/kaldi/egs/timit/s5_la4/fbank/raw_fbank_train.1.ark:6598711
mpfu0_sx358 /nfs-share/xinchi/kaldi/egs/timit/s5_la4/fbank/raw_fbank_train.3.ark:10973286
mgar0_si1694 /nfs-share/xinchi/kaldi/egs/timit/s5_la4/fbank/raw_fbank_train.3.ark:15167
msdb0_sx197 /nfs-share/xinchi/kaldi/egs/timit/s5_la4/fbank/raw_fbank_train.4.ark:5637612
medr0_sx384 /nfs-share/xinchi/kaldi/egs/timit/s5_la4/fbank/raw_fbank_train.2.ark:9716948
fnkl0_sx172 /nfs-share/xinchi/kaldi/egs/timit/s5_la4/fbank/raw_fbank_train.1.ark:9611891
mdlb0_sx226 /nfs-share/xinchi/kaldi/egs/timit/s5_la4/fbank/raw_fbank_train.2.ark:7446192
faem0_si1392 /nfs-share/xinchi/kaldi/egs/timit/s5_la4/fbank/raw_fbank_train.1.ark:13
flag0_si834 /nfs-share/xinchi/kaldi/egs/timit/s5_la4/fbank/raw_fbank_train.1.ark:7237443
mdpk0_sx153 /nfs-share/xinchi/kaldi/egs/timit/s5_la4/fbank/raw_fbank_train.2.ark:8634060
mrld0_si2224 /nfs-share/xinchi/kaldi/egs/timit/s5_la4/fbank/raw_fbank_train.4.ark:3252633
ftlg0_sx33 /nfs-share/xinchi/kaldi/egs/timit/s5_la4/fbank/raw_fbank_train.2.ark:1619997
fjhk0_sx122 /nfs-share/xinchi/kaldi/egs/timit/s5_la4/fbank/raw_fbank_train.1.ark:5098188
mdlc0_sx405 /nfs-share/xinchi/kaldi/egs/timit/s5_la4/fbank/raw_fbank_train.2.ark:7584803
mcef0_si842 /nfs-share/xinchi/kaldi/egs/timit/s5_la4/fbank/raw_fbank_train.2.ark:4935662
msds0_sx87 /nfs-share/xinchi/kaldi/egs/timit/s5_la4/fbank/raw_fbank_train.4.ark:5870809
fdfb0_si1318 /nfs-share/xinchi/kaldi/egs/timit/s5_la4/fbank/raw_fbank_train.1.ark:2607582
mrav0_sx198 /nfs-share/xinchi/kaldi/egs/timit/s5_la4/fbank/raw_fbank_train.4.ark:1026695
fsjg0_sx130 /nfs-share/xinchi/kaldi/egs/timit/s5_la4/fbank/raw_fbank_train.1.ark:11754335
fsls0_sx202 /nfs-share/xinchi/kaldi/egs/timit/s5_la4/fbank/raw_fbank_train.2.ark:595883
mdns0_sx21 /nfs-share/xinchi/kaldi/egs/timit/s5_la4/fbank/raw_fbank_train.2.ark:8472075
mprk0_si467 /nfs-share/xinchi/kaldi/egs/timit/s5_la4/fbank/raw_fbank_train.4.ark:312341
mjlg1_sx382 /nfs-share/xinchi/kaldi/egs/timit/s5_la4/fbank/raw_fbank_train.3.ark:3757765
ftbw0_sx355 /nfs-share/xinchi/kaldi/egs/timit/s5_la4/fbank/raw_fbank_train.2.ark:1505501
mgrl0_si867 /nfs-share/xinchi/kaldi/egs/timit/s5_la4/fbank/raw_fbank_train.3.ark:408942
mjlb0_si2246 /nfs-share/xinchi/kaldi/egs/timit/s5_la4/fbank/raw_fbank_train.3.ark:3604382
mwdk0_si2017 /nfs-share/xinchi/kaldi/egs/timit/s5_la4/fbank/raw_fbank_train.4.ark:10873544
fjxp0_sx42 /nfs-share/xinchi/kaldi/egs/timit/s5_la4/fbank/raw_fbank_train.1.ark:6165490
msms0_si2063 /nfs-share/xinchi/kaldi/egs/timit/s5_la4/fbank/raw_fbank_train.4.ark:6655012
mrbc0_sx419 /nfs-share/xinchi/kaldi/egs/timit/s5_la4/fbank/raw_fbank_train.4.ark:1133474
mdwm0_si916 /nfs-share/xinchi/kaldi/egs/timit/s5_la4/fbank/raw_fbank_train.2.ark:9482813
mfer0_sx142 /nfs-share/xinchi/kaldi/egs/timit/s5_la4/fbank/raw_fbank_train.2.ark:10425291
mbgt0_si1841 /nfs-share/xinchi/kaldi/egs/timit/s5_la4/fbank/raw_fbank_train.2.ark:3546402
fhxs0_sx355 /nfs-share/xinchi/kaldi/egs/timit/s5_la4/fbank/raw_fbank_train.1.ark:4806056
mcpm0_si564 /nfs-share/xinchi/kaldi/egs/timit/s5_la4/fbank/raw_fbank_train.2.ark:5449868
msrr0_si1761 /nfs-share/xinchi/kaldi/egs/timit/s5_la4/fbank/raw_fbank_train.4.ark:6839582
mewm0_sx178 /nfs-share/xinchi/kaldi/egs/timit/s5_la4/fbank/raw_fbank_train.2.ark:10337946
fajw0_si1893 /nfs-share/xinchi/kaldi/egs/timit/s5_la4/fbank/raw_fbank_train.1.ark:120592
mfer0_si862 /nfs-share/xinchi/kaldi/egs/timit/s5_la4/fbank/raw_fbank_train.2.ark:10409418
mtmn0_si582 /nfs-share/xinchi/kaldi/egs/timit/s5_la4/fbank/raw_fbank_train.4.ark:9031379
mrmh0_sx391 /nfs-share/xinchi/kaldi/egs/timit/s5_la4/fbank/raw_fbank_train.4.ark:3969288
mgag0_sx61 /nfs-share/xinchi/kaldi/egs/timit/s5_la4/fbank/raw_fbank_train.2.ark:11131719
mtcs0_sx82 /nfs-share/xinchi/kaldi/egs/timit/s5_la4/fbank/raw_fbank_train.4.ark:7750417
megj0_si1967 /nfs-share/xinchi/kaldi/egs/timit/s5_la4/fbank/raw_fbank_train.2.ark:9854319
fdnc0_sx108 /nfs-share/xinchi/kaldi/egs/timit/s5_la4/fbank/raw_fbank_train.1.ark:3170210
msmr0_si1150 /nfs-share/xinchi/kaldi/egs/timit/s5_la4/fbank/raw_fbank_train.4.ark:6539793
mkls1_sx285 /nfs-share/xinchi/kaldi/egs/timit/s5_la4/fbank/raw_fbank_train.3.ark:6917253
mcth0_si579 /nfs-share/xinchi/kaldi/egs/timit/s5_la4/fbank/raw_fbank_train.2.ark:5735662
mrkm0_si1267 /nfs-share/xinchi/kaldi/egs/timit/s5_la4/fbank/raw_fbank_train.4.ark:3113696
fcjf0_si1657 /nfs-share/xinchi/kaldi/egs/timit/s5_la4/fbank/raw_fbank_train.1.ark:1656684
mtrt0_sx254 /nfs-share/xinchi/kaldi/egs/timit/s5_la4/fbank/raw_fbank_train.4.ark:9971902
mbar0_si1949 /nfs-share/xinchi/kaldi/egs/timit/s5_la4/fbank/raw_fbank_train.2.ark:3191702
mkls1_si1545 /nfs-share/xinchi/kaldi/egs/timit/s5_la4/fbank/raw_fbank_train.3.ark:6845655
mdem0_sx68 /nfs-share/xinchi/kaldi/egs/timit/s5_la4/fbank/raw_fbank_train.2.ark:6986364
mcth0_si1839 /nfs-share/xinchi/kaldi/egs/timit/s5_la4/fbank/raw_fbank_train.2.ark:5726949
fdtd0_sx391 /nfs-share/xinchi/kaldi/egs/timit/s5_la4/fbank/raw_fbank_train.1.ark:3333167
mdlr0_sx63 /nfs-share/xinchi/kaldi/egs/timit/s5_la4/fbank/raw_fbank_train.2.ark:8077400
fecd0_sx158 /nfs-share/xinchi/kaldi/egs/timit/s5_la4/fbank/raw_fbank_train.1.ark:3687976
flmc0_sx22 /nfs-share/xinchi/kaldi/egs/timit/s5_la4/fbank/raw_fbank_train.1.ark:8179935
mtdb0_sx51 /nfs-share/xinchi/kaldi/egs/timit/s5_la4/fbank/raw_fbank_train.4.ark:7851322
mhmr0_si1119 /nfs-share/xinchi/kaldi/egs/timit/s5_la4/fbank/raw_fbank_train.3.ark:1275495
fkde0_si2221 /nfs-share/xinchi/kaldi/egs/timit/s5_la4/fbank/raw_fbank_train.1.ark:6320897
mcth0_sx219 /nfs-share/xinchi/kaldi/egs/timit/s5_la4/fbank/raw_fbank_train.2.ark:5761408
fsrh0_si671 /nfs-share/xinchi/kaldi/egs/timit/s5_la4/fbank/raw_fbank_train.2.ark:1075742
mhxl0_si512 /nfs-share/xinchi/kaldi/egs/timit/s5_la4/fbank/raw_fbank_train.3.ark:1484138
fsah0_si614 /nfs-share/xinchi/kaldi/egs/timit/s5_la4/fbank/raw_fbank_train.1.ark:11021206
mdhs0_sx90 /nfs-share/xinchi/kaldi/egs/timit/s5_la4/fbank/raw_fbank_train.2.ark:7179214
mdma0_sx260 /nfs-share/xinchi/kaldi/egs/timit/s5_la4/fbank/raw_fbank_train.2.ark:8249073
mgak0_si1666 /nfs-share/xinchi/kaldi/egs/timit/s5_la4/fbank/raw_fbank_train.2.ark:11161427
mpfu0_sx178 /nfs-share/xinchi/kaldi/egs/timit/s5_la4/fbank/raw_fbank_train.3.ark:10945700
fntb0_sx393 /nfs-share/xinchi/kaldi/egs/timit/s5_la4/fbank/raw_fbank_train.1.ark:9752766
fjlg0_si2306 /nfs-share/xinchi/kaldi/egs/timit/s5_la4/fbank/raw_fbank_train.1.ark:5279526
mrre0_sx344 /nfs-share/xinchi/kaldi/egs/timit/s5_la4/fbank/raw_fbank_train.4.ark:4359044
mrmh0_sx31 /nfs-share/xinchi/kaldi/egs/timit/s5_la4/fbank/raw_fbank_train.4.ark:3962455
fjrb0_sx132 /nfs-share/xinchi/kaldi/egs/timit/s5_la4/fbank/raw_fbank_train.1.ark:5482809
mfwk0_sx349 /nfs-share/xinchi/kaldi/egs/timit/s5_la4/fbank/raw_fbank_train.2.ark:10733113
mrjm1_sx128 /nfs-share/xinchi/kaldi/egs/timit/s5_la4/fbank/raw_fbank_train.4.ark:2949586
mgsl0_si797 /nfs-share/xinchi/kaldi/egs/timit/s5_la4/fbank/raw_fbank_train.3.ark:722574
mrjh0_si914 /nfs-share/xinchi/kaldi/egs/timit/s5_la4/fbank/raw_fbank_train.4.ark:2727422
mbml0_si1799 /nfs-share/xinchi/kaldi/egs/timit/s5_la4/fbank/raw_fbank_train.2.ark:3946022
fdtd0_sx211 /nfs-share/xinchi/kaldi/egs/timit/s5_la4/fbank/raw_fbank_train.1.ark:3286828
mgrp0_sx327 /nfs-share/xinchi/kaldi/egs/timit/s5_la4/fbank/raw_fbank_train.3.ark:547346
fsdj0_si1115 /nfs-share/xinchi/kaldi/egs/timit/s5_la4/fbank/raw_fbank_train.1.ark:11519145
mkaj0_sx424 /nfs-share/xinchi/kaldi/egs/timit/s5_la4/fbank/raw_fbank_train.3.ark:5931403
mrgm0_sx262 /nfs-share/xinchi/kaldi/egs/timit/s5_la4/fbank/raw_fbank_train.4.ark:2314270
mdtb0_si1830 /nfs-share/xinchi/kaldi/egs/timit/s5_la4/fbank/raw_fbank_train.2.ark:9174784
fkkh0_sx120 /nfs-share/xinchi/kaldi/egs/timit/s5_la4/fbank/raw_fbank_train.1.ark:6659245
mjeb0_sx206 /nfs-share/xinchi/kaldi/egs/timit/s5_la4/fbank/raw_fbank_train.3.ark:2636151
mefg0_si465 /nfs-share/xinchi/kaldi/egs/timit/s5_la4/fbank/raw_fbank_train.2.ark:9725021
mdrd0_si752 /nfs-share/xinchi/kaldi/egs/timit/s5_la4/fbank/raw_fbank_train.2.ark:8805877
mtkp0_sx303 /nfs-share/xinchi/kaldi/egs/timit/s5_la4/fbank/raw_fbank_train.4.ark:8673937
mdlr1_sx309 /nfs-share/xinchi/kaldi/egs/timit/s5_la4/fbank/raw_fbank_train.2.ark:8156440
mgaw0_sx445 /nfs-share/xinchi/kaldi/egs/timit/s5_la4/fbank/raw_fbank_train.3.ark:175598
mtbc0_si543 /nfs-share/xinchi/kaldi/egs/timit/s5_la4/fbank/raw_fbank_train.4.ark:7584028
mtmt0_si488 /nfs-share/xinchi/kaldi/egs/timit/s5_la4/fbank/raw_fbank_train.4.ark:9129564
mjac0_sx431 /nfs-share/xinchi/kaldi/egs/timit/s5_la4/fbank/raw_fbank_train.3.ark:1740470
mchl0_sx357 /nfs-share/xinchi/kaldi/egs/timit/s5_la4/fbank/raw_fbank_train.2.ark:5198492
mdlh0_si574 /nfs-share/xinchi/kaldi/egs/timit/s5_la4/fbank/raw_fbank_train.2.ark:7806553
mgxp0_sx277 /nfs-share/xinchi/kaldi/egs/timit/s5_la4/fbank/raw_fbank_train.3.ark:867864
mcal0_si1768 /nfs-share/xinchi/kaldi/egs/timit/s5_la4/fbank/raw_fbank_train.2.ark:4540009
mmcc0_si1338 /nfs-share/xinchi/kaldi/egs/timit/s5_la4/fbank/raw_fbank_train.3.ark:8509457
mkdt0_sx443 /nfs-share/xinchi/kaldi/egs/timit/s5_la4/fbank/raw_fbank_train.3.ark:6334222
mesg0_sx162 /nfs-share/xinchi/kaldi/egs/timit/s5_la4/fbank/raw_fbank_train.2.ark:10162978
mdcm0_si2110 /nfs-share/xinchi/kaldi/egs/timit/s5_la4/fbank/raw_fbank_train.2.ark:6510267
msfh0_si1216 /nfs-share/xinchi/kaldi/egs/timit/s5_la4/fbank/raw_fbank_train.4.ark:6099454
mrmh0_si1349 /nfs-share/xinchi/kaldi/egs/timit/s5_la4/fbank/raw_fbank_train.4.ark:3901410
mtas0_si755 /nfs-share/xinchi/kaldi/egs/timit/s5_la4/fbank/raw_fbank_train.4.ark:7296833
mjws0_sx333 /nfs-share/xinchi/kaldi/egs/timit/s5_la4/fbank/raw_fbank_train.3.ark:5308741
mdwm0_sx106 /nfs-share/xinchi/kaldi/egs/timit/s5_la4/fbank/raw_fbank_train.2.ark:9500606
fdnc0_sx198 /nfs-share/xinchi/kaldi/egs/timit/s5_la4/fbank/raw_fbank_train.1.ark:3195355
mses0_sx59 /nfs-share/xinchi/kaldi/egs/timit/s5_la4/fbank/raw_fbank_train.4.ark:6092180
fvfb0_sx312 /nfs-share/xinchi/kaldi/egs/timit/s5_la4/fbank/raw_fbank_train.2.ark:1793056
fntb0_sx123 /nfs-share/xinchi/kaldi/egs/timit/s5_la4/fbank/raw_fbank_train.1.ark:9710155
mbbr0_si2315 /nfs-share/xinchi/kaldi/egs/timit/s5_la4/fbank/raw_fbank_train.2.ark:3301561
mpgh0_sx204 /nfs-share/xinchi/kaldi/egs/timit/s5_la4/fbank/raw_fbank_train.3.ark:11064797
mgar0_sx402 /nfs-share/xinchi/kaldi/egs/timit/s5_la4/fbank/raw_fbank_train.3.ark:76853
mjeb0_si1916 /nfs-share/xinchi/kaldi/egs/timit/s5_la4/fbank/raw_fbank_train.3.ark:2596212
mjxa0_sx337 /nfs-share/xinchi/kaldi/egs/timit/s5_la4/fbank/raw_fbank_train.3.ark:5524311
mgxp0_si525 /nfs-share/xinchi/kaldi/egs/timit/s5_la4/fbank/raw_fbank_train.3.ark:839438
mdmt0_si2341 /nfs-share/xinchi/kaldi/egs/timit/s5_la4/fbank/raw_fbank_train.2.ark:8316679
mtrc0_sx170 /nfs-share/xinchi/kaldi/egs/timit/s5_la4/fbank/raw_fbank_train.4.ark:9759386
