mgag0_si645 /nfs-share/xinchi/kaldi/egs/timit/s5_la5/fbank/raw_fbank_train.2.ark:11067962
fsls0_sx246 /nfs-share/xinchi/kaldi/egs/timit/s5_la5/fbank/raw_fbank_train.2.ark:603996
fklh0_sx447 /nfs-share/xinchi/kaldi/egs/timit/s5_la5/fbank/raw_fbank_train.1.ark:6995180
mmds0_sx353 /nfs-share/xinchi/kaldi/egs/timit/s5_la5/fbank/raw_fbank_train.3.ark:9052388
mbma1_sx144 /nfs-share/xinchi/kaldi/egs/timit/s5_la5/fbank/raw_fbank_train.2.ark:3867823
mrtj0_sx412 /nfs-share/xinchi/kaldi/egs/timit/s5_la5/fbank/raw_fbank_train.4.ark:4824418
mdbp0_si1788 /nfs-share/xinchi/kaldi/egs/timit/s5_la5/fbank/raw_fbank_train.2.ark:6296857
mrdm0_sx155 /nfs-share/xinchi/kaldi/egs/timit/s5_la5/fbank/raw_fbank_train.4.ark:1497276
marw0_si646 /nfs-share/xinchi/kaldi/egs/timit/s5_la5/fbank/raw_fbank_train.2.ark:3092630
mdlc0_si2025 /nfs-share/xinchi/kaldi/egs/timit/s5_la5/fbank/raw_fbank_train.2.ark:7523638
fdfb0_si2010 /nfs-share/xinchi/kaldi/egs/timit/s5_la5/fbank/raw_fbank_train.1.ark:2630490
mcdc0_sx302 /nfs-share/xinchi/kaldi/egs/timit/s5_la5/fbank/raw_fbank_train.2.ark:4678806
feeh0_sx32 /nfs-share/xinchi/kaldi/egs/timit/s5_la5/fbank/raw_fbank_train.1.ark:3828819
flod0_sx117 /nfs-share/xinchi/kaldi/egs/timit/s5_la5/fbank/raw_fbank_train.1.ark:8366954
mtrr0_si1548 /nfs-share/xinchi/kaldi/egs/timit/s5_la5/fbank/raw_fbank_train.4.ark:9810871
mrlk0_sx33 /nfs-share/xinchi/kaldi/egs/timit/s5_la5/fbank/raw_fbank_train.4.ark:3580393
mcal0_sx418 /nfs-share/xinchi/kaldi/egs/timit/s5_la5/fbank/raw_fbank_train.2.ark:4589094
msmc0_si1907 /nfs-share/xinchi/kaldi/egs/timit/s5_la5/fbank/raw_fbank_train.4.ark:6438969
mjwt0_sx121 /nfs-share/xinchi/kaldi/egs/timit/s5_la5/fbank/raw_fbank_train.3.ark:5403660
mcdr0_sx344 /nfs-share/xinchi/kaldi/egs/timit/s5_la5/fbank/raw_fbank_train.2.ark:4881216
msdb0_si1007 /nfs-share/xinchi/kaldi/egs/timit/s5_la5/fbank/raw_fbank_train.4.ark:5591246
mjdm0_si974 /nfs-share/xinchi/kaldi/egs/timit/s5_la5/fbank/raw_fbank_train.3.ark:2500860
mrmh0_sx211 /nfs-share/xinchi/kaldi/egs/timit/s5_la5/fbank/raw_fbank_train.4.ark:3940470
msrr0_si501 /nfs-share/xinchi/kaldi/egs/timit/s5_la5/fbank/raw_fbank_train.4.ark:6856575
mtpp0_si878 /nfs-share/xinchi/kaldi/egs/timit/s5_la5/fbank/raw_fbank_train.4.ark:9414159
mree0_si1959 /nfs-share/xinchi/kaldi/egs/timit/s5_la5/fbank/raw_fbank_train.4.ark:1675974
mjpg0_sx381 /nfs-share/xinchi/kaldi/egs/timit/s5_la5/fbank/raw_fbank_train.3.ark:4219731
mhmr0_si489 /nfs-share/xinchi/kaldi/egs/timit/s5_la5/fbank/raw_fbank_train.3.ark:1304362
mreh1_si1599 /nfs-share/xinchi/kaldi/egs/timit/s5_la5/fbank/raw_fbank_train.4.ark:1743972
fsah0_si1244 /nfs-share/xinchi/kaldi/egs/timit/s5_la5/fbank/raw_fbank_train.1.ark:10996139
fsjs0_si1171 /nfs-share/xinchi/kaldi/egs/timit/s5_la5/fbank/raw_fbank_train.2.ark:43184
majp0_sx444 /nfs-share/xinchi/kaldi/egs/timit/s5_la5/fbank/raw_fbank_train.2.ark:2664556
mdac0_sx91 /nfs-share/xinchi/kaldi/egs/timit/s5_la5/fbank/raw_fbank_train.2.ark:6097301
fkdw0_sx127 /nfs-share/xinchi/kaldi/egs/timit/s5_la5/fbank/raw_fbank_train.1.ark:6445155
mrai0_si1954 /nfs-share/xinchi/kaldi/egs/timit/s5_la5/fbank/raw_fbank_train.4.ark:765438
fkkh0_sx300 /nfs-share/xinchi/kaldi/egs/timit/s5_la5/fbank/raw_fbank_train.1.ark:6692303
fjhk0_sx122 /nfs-share/xinchi/kaldi/egs/timit/s5_la5/fbank/raw_fbank_train.1.ark:5098188
mtlb0_sx324 /nfs-share/xinchi/kaldi/egs/timit/s5_la5/fbank/raw_fbank_train.4.ark:8762002
fleh0_sx241 /nfs-share/xinchi/kaldi/egs/timit/s5_la5/fbank/raw_fbank_train.1.ark:7372095
fjhk0_si2282 /nfs-share/xinchi/kaldi/egs/timit/s5_la5/fbank/raw_fbank_train.1.ark:5078435
mefg0_sx195 /nfs-share/xinchi/kaldi/egs/timit/s5_la5/fbank/raw_fbank_train.2.ark:9795185
fcrz0_si2053 /nfs-share/xinchi/kaldi/egs/timit/s5_la5/fbank/raw_fbank_train.1.ark:2217715
fssb0_si2342 /nfs-share/xinchi/kaldi/egs/timit/s5_la5/fbank/raw_fbank_train.2.ark:1187448
mdpb0_sx326 /nfs-share/xinchi/kaldi/egs/timit/s5_la5/fbank/raw_fbank_train.2.ark:8572301
mjfr0_sx345 /nfs-share/xinchi/kaldi/egs/timit/s5_la5/fbank/raw_fbank_train.3.ark:3028084
mtlc0_sx37 /nfs-share/xinchi/kaldi/egs/timit/s5_la5/fbank/raw_fbank_train.4.ark:8873219
mzmb0_sx86 /nfs-share/xinchi/kaldi/egs/timit/s5_la5/fbank/raw_fbank_train.4.ark:11647275
medr0_sx24 /nfs-share/xinchi/kaldi/egs/timit/s5_la5/fbank/raw_fbank_train.2.ark:9699282
mmdm0_si1941 /nfs-share/xinchi/kaldi/egs/timit/s5_la5/fbank/raw_fbank_train.3.ark:8823126
mtju0_si2020 /nfs-share/xinchi/kaldi/egs/timit/s5_la5/fbank/raw_fbank_train.4.ark:8397241
mjma0_si865 /nfs-share/xinchi/kaldi/egs/timit/s5_la5/fbank/raw_fbank_train.3.ark:3902731
mdpk0_sx243 /nfs-share/xinchi/kaldi/egs/timit/s5_la5/fbank/raw_fbank_train.2.ark:8646093
mjfr0_sx255 /nfs-share/xinchi/kaldi/egs/timit/s5_la5/fbank/raw_fbank_train.3.ark:3015371
mjhi0_sx338 /nfs-share/xinchi/kaldi/egs/timit/s5_la5/fbank/raw_fbank_train.3.ark:3133268
mcre0_si1121 /nfs-share/xinchi/kaldi/egs/timit/s5_la5/fbank/raw_fbank_train.2.ark:5512306
mrjt0_sx328 /nfs-share/xinchi/kaldi/egs/timit/s5_la5/fbank/raw_fbank_train.4.ark:3069037
mdem0_sx158 /nfs-share/xinchi/kaldi/egs/timit/s5_la5/fbank/raw_fbank_train.2.ark:6928233
mjde0_sx130 /nfs-share/xinchi/kaldi/egs/timit/s5_la5/fbank/raw_fbank_train.3.ark:2300362
mtdb0_sx231 /nfs-share/xinchi/kaldi/egs/timit/s5_la5/fbank/raw_fbank_train.4.ark:7819104
fjhk0_sx302 /nfs-share/xinchi/kaldi/egs/timit/s5_la5/fbank/raw_fbank_train.1.ark:5127014
mwar0_si1675 /nfs-share/xinchi/kaldi/egs/timit/s5_la5/fbank/raw_fbank_train.4.ark:10696892
mgjc0_si1256 /nfs-share/xinchi/kaldi/egs/timit/s5_la5/fbank/raw_fbank_train.3.ark:277169
mrlj1_sx141 /nfs-share/xinchi/kaldi/egs/timit/s5_la5/fbank/raw_fbank_train.4.ark:3449270
ftbr0_sx291 /nfs-share/xinchi/kaldi/egs/timit/s5_la5/fbank/raw_fbank_train.2.ark:1417548
mree0_sx294 /nfs-share/xinchi/kaldi/egs/timit/s5_la5/fbank/raw_fbank_train.4.ark:1724145
marc0_sx288 /nfs-share/xinchi/kaldi/egs/timit/s5_la5/fbank/raw_fbank_train.2.ark:3049576
mbth0_sx122 /nfs-share/xinchi/kaldi/egs/timit/s5_la5/fbank/raw_fbank_train.2.ark:4227522
mafm0_sx219 /nfs-share/xinchi/kaldi/egs/timit/s5_la5/fbank/raw_fbank_train.2.ark:2537784
mbar0_si1949 /nfs-share/xinchi/kaldi/egs/timit/s5_la5/fbank/raw_fbank_train.2.ark:3191702
mrkm0_sx277 /nfs-share/xinchi/kaldi/egs/timit/s5_la5/fbank/raw_fbank_train.4.ark:3183949
fcmg0_sx342 /nfs-share/xinchi/kaldi/egs/timit/s5_la5/fbank/raw_fbank_train.1.ark:2066397
fspm0_sx431 /nfs-share/xinchi/kaldi/egs/timit/s5_la5/fbank/raw_fbank_train.2.ark:1038689
mrjb1_si1413 /nfs-share/xinchi/kaldi/egs/timit/s5_la5/fbank/raw_fbank_train.4.ark:2587324
maeb0_sx270 /nfs-share/xinchi/kaldi/egs/timit/s5_la5/fbank/raw_fbank_train.2.ark:2359053
falk0_si456 /nfs-share/xinchi/kaldi/egs/timit/s5_la5/fbank/raw_fbank_train.1.ark:220934
mlel0_sx436 /nfs-share/xinchi/kaldi/egs/timit/s5_la5/fbank/raw_fbank_train.3.ark:7416260
mjbg0_si1724 /nfs-share/xinchi/kaldi/egs/timit/s5_la5/fbank/raw_fbank_train.3.ark:1980860
fpmy0_si523 /nfs-share/xinchi/kaldi/egs/timit/s5_la5/fbank/raw_fbank_train.1.ark:10517281
mwre0_si1057 /nfs-share/xinchi/kaldi/egs/timit/s5_la5/fbank/raw_fbank_train.4.ark:11155506
mbbr0_si1055 /nfs-share/xinchi/kaldi/egs/timit/s5_la5/fbank/raw_fbank_train.2.ark:3272973
mprt0_sx130 /nfs-share/xinchi/kaldi/egs/timit/s5_la5/fbank/raw_fbank_train.4.ark:431518
fsdj0_si1745 /nfs-share/xinchi/kaldi/egs/timit/s5_la5/fbank/raw_fbank_train.1.ark:11536939
fjwb1_si795 /nfs-share/xinchi/kaldi/egs/timit/s5_la5/fbank/raw_fbank_train.1.ark:5903916
mrkm0_si637 /nfs-share/xinchi/kaldi/egs/timit/s5_la5/fbank/raw_fbank_train.4.ark:3152843
fcke0_si1741 /nfs-share/xinchi/kaldi/egs/timit/s5_la5/fbank/raw_fbank_train.1.ark:1819694
mapv0_si663 /nfs-share/xinchi/kaldi/egs/timit/s5_la5/fbank/raw_fbank_train.2.ark:2915700
mdns0_sx381 /nfs-share/xinchi/kaldi/egs/timit/s5_la5/fbank/raw_fbank_train.2.ark:8490701
mmvp0_sx294 /nfs-share/xinchi/kaldi/egs/timit/s5_la5/fbank/raw_fbank_train.3.ark:10097863
mrlj0_si2050 /nfs-share/xinchi/kaldi/egs/timit/s5_la5/fbank/raw_fbank_train.4.ark:3337498
fajw0_sx273 /nfs-share/xinchi/kaldi/egs/timit/s5_la5/fbank/raw_fbank_train.1.ark:163691
fecd0_si788 /nfs-share/xinchi/kaldi/egs/timit/s5_la5/fbank/raw_fbank_train.1.ark:3667063
mmea0_sx398 /nfs-share/xinchi/kaldi/egs/timit/s5_la5/fbank/raw_fbank_train.3.ark:9156238
mtrc0_si589 /nfs-share/xinchi/kaldi/egs/timit/s5_la5/fbank/raw_fbank_train.4.ark:9734520
fsms1_sx64 /nfs-share/xinchi/kaldi/egs/timit/s5_la5/fbank/raw_fbank_train.2.ark:939296
mejl0_si1654 /nfs-share/xinchi/kaldi/egs/timit/s5_la5/fbank/raw_fbank_train.2.ark:9951382
mpgr1_sx149 /nfs-share/xinchi/kaldi/egs/timit/s5_la5/fbank/raw_fbank_train.3.ark:11226175
mrjt0_si1805 /nfs-share/xinchi/kaldi/egs/timit/s5_la5/fbank/raw_fbank_train.4.ark:3022945
mjfh0_si477 /nfs-share/xinchi/kaldi/egs/timit/s5_la5/fbank/raw_fbank_train.3.ark:2905800
mdma0_sx260 /nfs-share/xinchi/kaldi/egs/timit/s5_la5/fbank/raw_fbank_train.2.ark:8249073
fsrh0_si1719 /nfs-share/xinchi/kaldi/egs/timit/s5_la5/fbank/raw_fbank_train.2.ark:1059315
mjxl0_sx272 /nfs-share/xinchi/kaldi/egs/timit/s5_la5/fbank/raw_fbank_train.3.ark:5605023
flmk0_si1035 /nfs-share/xinchi/kaldi/egs/timit/s5_la5/fbank/raw_fbank_train.1.ark:8231708
mtrt0_si597 /nfs-share/xinchi/kaldi/egs/timit/s5_la5/fbank/raw_fbank_train.4.ark:9943403
fpls0_si960 /nfs-share/xinchi/kaldi/egs/timit/s5_la5/fbank/raw_fbank_train.1.ark:10416818
mrab1_sx128 /nfs-share/xinchi/kaldi/egs/timit/s5_la5/fbank/raw_fbank_train.4.ark:704233
fljg0_sx171 /nfs-share/xinchi/kaldi/egs/timit/s5_la5/fbank/raw_fbank_train.1.ark:7858309
fpad0_sx86 /nfs-share/xinchi/kaldi/egs/timit/s5_la5/fbank/raw_fbank_train.1.ark:10082521
mrlr0_sx26 /nfs-share/xinchi/kaldi/egs/timit/s5_la5/fbank/raw_fbank_train.4.ark:3664665
fjlg0_sx179 /nfs-share/xinchi/kaldi/egs/timit/s5_la5/fbank/raw_fbank_train.1.ark:5287039
mgar0_sx42 /nfs-share/xinchi/kaldi/egs/timit/s5_la5/fbank/raw_fbank_train.3.ark:89405
mkah0_si898 /nfs-share/xinchi/kaldi/egs/timit/s5_la5/fbank/raw_fbank_train.3.ark:5788206
mjae0_sx444 /nfs-share/xinchi/kaldi/egs/timit/s5_la5/fbank/raw_fbank_train.3.ark:1837416
mrsp0_si2059 /nfs-share/xinchi/kaldi/egs/timit/s5_la5/fbank/raw_fbank_train.4.ark:4535603
mbar0_sx59 /nfs-share/xinchi/kaldi/egs/timit/s5_la5/fbank/raw_fbank_train.2.ark:3265099
fdkn0_sx451 /nfs-share/xinchi/kaldi/egs/timit/s5_la5/fbank/raw_fbank_train.1.ark:2869233
mljh0_si1422 /nfs-share/xinchi/kaldi/egs/timit/s5_la5/fbank/raw_fbank_train.3.ark:7554825
fjen0_sx327 /nfs-share/xinchi/kaldi/egs/timit/s5_la5/fbank/raw_fbank_train.1.ark:5009788
mklr0_sx159 /nfs-share/xinchi/kaldi/egs/timit/s5_la5/fbank/raw_fbank_train.3.ark:6682224
mses0_sx239 /nfs-share/xinchi/kaldi/egs/timit/s5_la5/fbank/raw_fbank_train.4.ark:6058322
mrjm1_sx38 /nfs-share/xinchi/kaldi/egs/timit/s5_la5/fbank/raw_fbank_train.4.ark:2985084
mlsh0_sx67 /nfs-share/xinchi/kaldi/egs/timit/s5_la5/fbank/raw_fbank_train.3.ark:7850872
fpmy0_sx196 /nfs-share/xinchi/kaldi/egs/timit/s5_la5/fbank/raw_fbank_train.1.ark:10554307
mgxp0_sx187 /nfs-share/xinchi/kaldi/egs/timit/s5_la5/fbank/raw_fbank_train.3.ark:858151
mdpk0_sx63 /nfs-share/xinchi/kaldi/egs/timit/s5_la5/fbank/raw_fbank_train.2.ark:8684191
mtbc0_sx183 /nfs-share/xinchi/kaldi/egs/timit/s5_la5/fbank/raw_fbank_train.4.ark:7603181
fbcg1_sx442 /nfs-share/xinchi/kaldi/egs/timit/s5_la5/fbank/raw_fbank_train.1.ark:706439
mdlb0_si1306 /nfs-share/xinchi/kaldi/egs/timit/s5_la5/fbank/raw_fbank_train.2.ark:7383979
fcjs0_sx77 /nfs-share/xinchi/kaldi/egs/timit/s5_la5/fbank/raw_fbank_train.1.ark:1802706
mrvg0_sx420 /nfs-share/xinchi/kaldi/egs/timit/s5_la5/fbank/raw_fbank_train.4.ark:4914443
msfv0_sx182 /nfs-share/xinchi/kaldi/egs/timit/s5_la5/fbank/raw_fbank_train.4.ark:6265899
mrws0_sx22 /nfs-share/xinchi/kaldi/egs/timit/s5_la5/fbank/raw_fbank_train.4.ark:5089259
fljd0_si1516 /nfs-share/xinchi/kaldi/egs/timit/s5_la5/fbank/raw_fbank_train.1.ark:7716864
mded0_sx90 /nfs-share/xinchi/kaldi/egs/timit/s5_la5/fbank/raw_fbank_train.2.ark:6776634
mrlr0_sx296 /nfs-share/xinchi/kaldi/egs/timit/s5_la5/fbank/raw_fbank_train.4.ark:3674658
mjjb0_si1769 /nfs-share/xinchi/kaldi/egs/timit/s5_la5/fbank/raw_fbank_train.3.ark:3196875
mtpr0_sx70 /nfs-share/xinchi/kaldi/egs/timit/s5_la5/fbank/raw_fbank_train.4.ark:9585748
mram0_si1905 /nfs-share/xinchi/kaldi/egs/timit/s5_la5/fbank/raw_fbank_train.4.ark:886537
mtrr0_sx288 /nfs-share/xinchi/kaldi/egs/timit/s5_la5/fbank/raw_fbank_train.4.ark:9881909
mfer0_sx142 /nfs-share/xinchi/kaldi/egs/timit/s5_la5/fbank/raw_fbank_train.2.ark:10425291
mpar0_sx406 /nfs-share/xinchi/kaldi/egs/timit/s5_la5/fbank/raw_fbank_train.3.ark:10799109
fcrz0_si1913 /nfs-share/xinchi/kaldi/egs/timit/s5_la5/fbank/raw_fbank_train.1.ark:2201841
msvs0_sx308 /nfs-share/xinchi/kaldi/egs/timit/s5_la5/fbank/raw_fbank_train.4.ark:7113162
mhbs0_sx315 /nfs-share/xinchi/kaldi/egs/timit/s5_la5/fbank/raw_fbank_train.3.ark:976200
mrab1_si2108 /nfs-share/xinchi/kaldi/egs/timit/s5_la5/fbank/raw_fbank_train.4.ark:676447
mesj0_sx277 /nfs-share/xinchi/kaldi/egs/timit/s5_la5/fbank/raw_fbank_train.2.ark:10273516
mdtb0_sx390 /nfs-share/xinchi/kaldi/egs/timit/s5_la5/fbank/raw_fbank_train.2.ark:9241062
msmr0_sx55 /nfs-share/xinchi/kaldi/egs/timit/s5_la5/fbank/raw_fbank_train.4.ark:6626024
mdss1_sx427 /nfs-share/xinchi/kaldi/egs/timit/s5_la5/fbank/raw_fbank_train.2.ark:9145604
mgar0_sx402 /nfs-share/xinchi/kaldi/egs/timit/s5_la5/fbank/raw_fbank_train.3.ark:76853
mmwb0_sx359 /nfs-share/xinchi/kaldi/egs/timit/s5_la5/fbank/raw_fbank_train.3.ark:10220449
ftmg0_si2162 /nfs-share/xinchi/kaldi/egs/timit/s5_la5/fbank/raw_fbank_train.2.ark:1648458
fpls0_sx60 /nfs-share/xinchi/kaldi/egs/timit/s5_la5/fbank/raw_fbank_train.1.ark:10474420
fdas1_sx291 /nfs-share/xinchi/kaldi/egs/timit/s5_la5/fbank/raw_fbank_train.1.ark:2480849
fsdc0_sx232 /nfs-share/xinchi/kaldi/egs/timit/s5_la5/fbank/raw_fbank_train.1.ark:11474293
fapb0_sx433 /nfs-share/xinchi/kaldi/egs/timit/s5_la5/fbank/raw_fbank_train.1.ark:495268
mbma0_si1852 /nfs-share/xinchi/kaldi/egs/timit/s5_la5/fbank/raw_fbank_train.2.ark:3755892
mrtc0_sx108 /nfs-share/xinchi/kaldi/egs/timit/s5_la5/fbank/raw_fbank_train.4.ark:4666014
fmbg0_sx80 /nfs-share/xinchi/kaldi/egs/timit/s5_la5/fbank/raw_fbank_train.1.ark:8708561
medr0_sx294 /nfs-share/xinchi/kaldi/egs/timit/s5_la5/fbank/raw_fbank_train.2.ark:9708675
mapv0_si1293 /nfs-share/xinchi/kaldi/egs/timit/s5_la5/fbank/raw_fbank_train.2.ark:2884713
fpaz0_sx27 /nfs-share/xinchi/kaldi/egs/timit/s5_la5/fbank/raw_fbank_train.1.ark:10265146
fpaz0_si1593 /nfs-share/xinchi/kaldi/egs/timit/s5_la5/fbank/raw_fbank_train.1.ark:10195221
fear0_sx262 /nfs-share/xinchi/kaldi/egs/timit/s5_la5/fbank/raw_fbank_train.1.ark:3577664
mkxl0_sx375 /nfs-share/xinchi/kaldi/egs/timit/s5_la5/fbank/raw_fbank_train.3.ark:7221042
fbas0_sx127 /nfs-share/xinchi/kaldi/egs/timit/s5_la5/fbank/raw_fbank_train.1.ark:584755
mdlr1_si1299 /nfs-share/xinchi/kaldi/egs/timit/s5_la5/fbank/raw_fbank_train.2.ark:8088394
fltm0_sx350 /nfs-share/xinchi/kaldi/egs/timit/s5_la5/fbank/raw_fbank_train.1.ark:8479047
mdbp0_si528 /nfs-share/xinchi/kaldi/egs/timit/s5_la5/fbank/raw_fbank_train.2.ark:6310450
mmcc0_sx348 /nfs-share/xinchi/kaldi/egs/timit/s5_la5/fbank/raw_fbank_train.3.ark:8568703
msmr0_si1150 /nfs-share/xinchi/kaldi/egs/timit/s5_la5/fbank/raw_fbank_train.4.ark:6539793
mcdd0_sx433 /nfs-share/xinchi/kaldi/egs/timit/s5_la5/fbank/raw_fbank_train.2.ark:4778224
mcae0_sx7 /nfs-share/xinchi/kaldi/egs/timit/s5_la5/fbank/raw_fbank_train.2.ark:4495749
fmjf0_si1254 /nfs-share/xinchi/kaldi/egs/timit/s5_la5/fbank/raw_fbank_train.1.ark:8929764
fpaf0_si1054 /nfs-share/xinchi/kaldi/egs/timit/s5_la5/fbank/raw_fbank_train.1.ark:10092195
mrcg0_si1428 /nfs-share/xinchi/kaldi/egs/timit/s5_la5/fbank/raw_fbank_train.4.ark:1154820
mwsh0_si796 /nfs-share/xinchi/kaldi/egs/timit/s5_la5/fbank/raw_fbank_train.4.ark:11469006
fjkl0_sx302 /nfs-share/xinchi/kaldi/egs/timit/s5_la5/fbank/raw_fbank_train.1.ark:5220079
mmdb0_sx357 /nfs-share/xinchi/kaldi/egs/timit/s5_la5/fbank/raw_fbank_train.3.ark:8665368
mwdk0_sx176 /nfs-share/xinchi/kaldi/egs/timit/s5_la5/fbank/raw_fbank_train.4.ark:10896090
mrld0_sx244 /nfs-share/xinchi/kaldi/egs/timit/s5_la5/fbank/raw_fbank_train.4.ark:3285972
mjdm0_sx350 /nfs-share/xinchi/kaldi/egs/timit/s5_la5/fbank/raw_fbank_train.3.ark:2539959
fapb0_si1063 /nfs-share/xinchi/kaldi/egs/timit/s5_la5/fbank/raw_fbank_train.1.ark:403268
mdhl0_si809 /nfs-share/xinchi/kaldi/egs/timit/s5_la5/fbank/raw_fbank_train.2.ark:7023625
mtpg0_sx393 /nfs-share/xinchi/kaldi/egs/timit/s5_la5/fbank/raw_fbank_train.4.ark:9378658
flhd0_sx174 /nfs-share/xinchi/kaldi/egs/timit/s5_la5/fbank/raw_fbank_train.1.ark:7547153
mjfr0_sx165 /nfs-share/xinchi/kaldi/egs/timit/s5_la5/fbank/raw_fbank_train.3.ark:3000898
fmkf0_si1018 /nfs-share/xinchi/kaldi/egs/timit/s5_la5/fbank/raw_fbank_train.1.ark:9241000
mcdr0_si524 /nfs-share/xinchi/kaldi/egs/timit/s5_la5/fbank/raw_fbank_train.2.ark:4837757
mjpm1_sx41 /nfs-share/xinchi/kaldi/egs/timit/s5_la5/fbank/raw_fbank_train.3.ark:4415421
fskp0_sx18 /nfs-share/xinchi/kaldi/egs/timit/s5_la5/fbank/raw_fbank_train.2.ark:495976
mjsr0_sx344 /nfs-share/xinchi/kaldi/egs/timit/s5_la5/fbank/raw_fbank_train.3.ark:5090252
mpgh0_si1554 /nfs-share/xinchi/kaldi/egs/timit/s5_la5/fbank/raw_fbank_train.3.ark:11012905
mprk0_si467 /nfs-share/xinchi/kaldi/egs/timit/s5_la5/fbank/raw_fbank_train.4.ark:312341
mdtb0_si1830 /nfs-share/xinchi/kaldi/egs/timit/s5_la5/fbank/raw_fbank_train.2.ark:9174784
fsls0_sx202 /nfs-share/xinchi/kaldi/egs/timit/s5_la5/fbank/raw_fbank_train.2.ark:595883
msms0_sx173 /nfs-share/xinchi/kaldi/egs/timit/s5_la5/fbank/raw_fbank_train.4.ark:6678998
fvfb0_sx42 /nfs-share/xinchi/kaldi/egs/timit/s5_la5/fbank/raw_fbank_train.2.ark:1817921
mpmb0_sx61 /nfs-share/xinchi/kaldi/egs/timit/s5_la5/fbank/raw_fbank_train.3.ark:11435171
msjk0_si966 /nfs-share/xinchi/kaldi/egs/timit/s5_la5/fbank/raw_fbank_train.4.ark:6361251
mbgt0_sx351 /nfs-share/xinchi/kaldi/egs/timit/s5_la5/fbank/raw_fbank_train.2.ark:3606734
mtrr0_sx198 /nfs-share/xinchi/kaldi/egs/timit/s5_la5/fbank/raw_fbank_train.4.ark:9871356
mdps0_si719 /nfs-share/xinchi/kaldi/egs/timit/s5_la5/fbank/raw_fbank_train.2.ark:8714852
flkm0_sx350 /nfs-share/xinchi/kaldi/egs/timit/s5_la5/fbank/raw_fbank_train.1.ark:7999999
madc0_si1997 /nfs-share/xinchi/kaldi/egs/timit/s5_la5/fbank/raw_fbank_train.2.ark:2121984
ftaj0_sx429 /nfs-share/xinchi/kaldi/egs/timit/s5_la5/fbank/raw_fbank_train.2.ark:1321244
mtat0_sx300 /nfs-share/xinchi/kaldi/egs/timit/s5_la5/fbank/raw_fbank_train.4.ark:7431149
mkaj0_si1414 /nfs-share/xinchi/kaldi/egs/timit/s5_la5/fbank/raw_fbank_train.3.ark:5866404
fgrw0_sx342 /nfs-share/xinchi/kaldi/egs/timit/s5_la5/fbank/raw_fbank_train.1.ark:4573484
mkag0_si1609 /nfs-share/xinchi/kaldi/egs/timit/s5_la5/fbank/raw_fbank_train.3.ark:5659915
mtjs0_si1192 /nfs-share/xinchi/kaldi/egs/timit/s5_la5/fbank/raw_fbank_train.4.ark:8280896
msrg0_sx411 /nfs-share/xinchi/kaldi/egs/timit/s5_la5/fbank/raw_fbank_train.4.ark:6807002
mmdg0_si520 /nfs-share/xinchi/kaldi/egs/timit/s5_la5/fbank/raw_fbank_train.3.ark:8722894
mfmc0_si1132 /nfs-share/xinchi/kaldi/egs/timit/s5_la5/fbank/raw_fbank_train.2.ark:10479536
mlel0_si1246 /nfs-share/xinchi/kaldi/egs/timit/s5_la5/fbank/raw_fbank_train.3.ark:7328621
mfxv0_sx15 /nfs-share/xinchi/kaldi/egs/timit/s5_la5/fbank/raw_fbank_train.2.ark:10922931
mdef0_si2193 /nfs-share/xinchi/kaldi/egs/timit/s5_la5/fbank/raw_fbank_train.2.ark:6818696
mkls1_sx375 /nfs-share/xinchi/kaldi/egs/timit/s5_la5/fbank/raw_fbank_train.3.ark:6927486
mrav0_sx378 /nfs-share/xinchi/kaldi/egs/timit/s5_la5/fbank/raw_fbank_train.4.ark:1047601
falr0_si1955 /nfs-share/xinchi/kaldi/egs/timit/s5_la5/fbank/raw_fbank_train.1.ark:324237
maeo0_si1956 /nfs-share/xinchi/kaldi/egs/timit/s5_la5/fbank/raw_fbank_train.2.ark:2430413
makr0_sx182 /nfs-share/xinchi/kaldi/egs/timit/s5_la5/fbank/raw_fbank_train.2.ark:2839708
mgsl0_sx354 /nfs-share/xinchi/kaldi/egs/timit/s5_la5/fbank/raw_fbank_train.3.ark:767593
mtpf0_si1865 /nfs-share/xinchi/kaldi/egs/timit/s5_la5/fbank/raw_fbank_train.4.ark:9219836
mwac0_sx431 /nfs-share/xinchi/kaldi/egs/timit/s5_la5/fbank/raw_fbank_train.4.ark:10574126
fcmg0_sx432 /nfs-share/xinchi/kaldi/egs/timit/s5_la5/fbank/raw_fbank_train.1.ark:2079270
mdps0_sx359 /nfs-share/xinchi/kaldi/egs/timit/s5_la5/fbank/raw_fbank_train.2.ark:8746711
mvjh0_sx26 /nfs-share/xinchi/kaldi/egs/timit/s5_la5/fbank/raw_fbank_train.4.ark:10271577
mpfu0_sx448 /nfs-share/xinchi/kaldi/egs/timit/s5_la5/fbank/raw_fbank_train.3.ark:10983599
ftbw0_sx355 /nfs-share/xinchi/kaldi/egs/timit/s5_la5/fbank/raw_fbank_train.2.ark:1505501
mrwa0_si1603 /nfs-share/xinchi/kaldi/egs/timit/s5_la5/fbank/raw_fbank_train.4.ark:4941029
fjrb0_si1932 /nfs-share/xinchi/kaldi/egs/timit/s5_la5/fbank/raw_fbank_train.1.ark:5467023
mjma0_sx235 /nfs-share/xinchi/kaldi/egs/timit/s5_la5/fbank/raw_fbank_train.3.ark:3926477
mtkp0_sx213 /nfs-share/xinchi/kaldi/egs/timit/s5_la5/fbank/raw_fbank_train.4.ark:8663144
fdmy0_sx117 /nfs-share/xinchi/kaldi/egs/timit/s5_la5/fbank/raw_fbank_train.1.ark:3053504
mgar0_sx312 /nfs-share/xinchi/kaldi/egs/timit/s5_la5/fbank/raw_fbank_train.3.ark:60460
mgar0_sx132 /nfs-share/xinchi/kaldi/egs/timit/s5_la5/fbank/raw_fbank_train.3.ark:34474
mmws0_sx78 /nfs-share/xinchi/kaldi/egs/timit/s5_la5/fbank/raw_fbank_train.3.ark:10356138
fnkl0_si1522 /nfs-share/xinchi/kaldi/egs/timit/s5_la5/fbank/raw_fbank_train.1.ark:9571831
mfrm0_sx75 /nfs-share/xinchi/kaldi/egs/timit/s5_la5/fbank/raw_fbank_train.2.ark:10669713
mejs0_si610 /nfs-share/xinchi/kaldi/egs/timit/s5_la5/fbank/raw_fbank_train.2.ark:10055400
mclm0_sx16 /nfs-share/xinchi/kaldi/egs/timit/s5_la5/fbank/raw_fbank_train.2.ark:5382588
mjdm0_sx170 /nfs-share/xinchi/kaldi/egs/timit/s5_la5/fbank/raw_fbank_train.3.ark:2506973
mjpm0_sx378 /nfs-share/xinchi/kaldi/egs/timit/s5_la5/fbank/raw_fbank_train.3.ark:4319756
makb0_si2276 /nfs-share/xinchi/kaldi/egs/timit/s5_la5/fbank/raw_fbank_train.2.ark:2729810
mdhl0_sx179 /nfs-share/xinchi/kaldi/egs/timit/s5_la5/fbank/raw_fbank_train.2.ark:7036298
mram0_si1275 /nfs-share/xinchi/kaldi/egs/timit/s5_la5/fbank/raw_fbank_train.4.ark:873583
mlel0_sx166 /nfs-share/xinchi/kaldi/egs/timit/s5_la5/fbank/raw_fbank_train.3.ark:7370801
mdma0_sx170 /nfs-share/xinchi/kaldi/egs/timit/s5_la5/fbank/raw_fbank_train.2.ark:8229120
mcew0_sx92 /nfs-share/xinchi/kaldi/egs/timit/s5_la5/fbank/raw_fbank_train.2.ark:5117851
fjlr0_si1231 /nfs-share/xinchi/kaldi/egs/timit/s5_la5/fbank/raw_fbank_train.1.ark:5351804
msdh0_si2113 /nfs-share/xinchi/kaldi/egs/timit/s5_la5/fbank/raw_fbank_train.4.ark:5663032
fetb0_sx248 /nfs-share/xinchi/kaldi/egs/timit/s5_la5/fbank/raw_fbank_train.1.ark:4010684
mdlc0_si1395 /nfs-share/xinchi/kaldi/egs/timit/s5_la5/fbank/raw_fbank_train.2.ark:7502404
mprk0_sx17 /nfs-share/xinchi/kaldi/egs/timit/s5_la5/fbank/raw_fbank_train.4.ark:341886
fdtd0_si931 /nfs-share/xinchi/kaldi/egs/timit/s5_la5/fbank/raw_fbank_train.1.ark:3261722
mjrh0_sx225 /nfs-share/xinchi/kaldi/egs/timit/s5_la5/fbank/raw_fbank_train.3.ark:4685039
mgrp0_si1947 /nfs-share/xinchi/kaldi/egs/timit/s5_la5/fbank/raw_fbank_train.3.ark:500414
msdb0_sx197 /nfs-share/xinchi/kaldi/egs/timit/s5_la5/fbank/raw_fbank_train.4.ark:5637612
fecd0_sx248 /nfs-share/xinchi/kaldi/egs/timit/s5_la5/fbank/raw_fbank_train.1.ark:3698529
fdkn0_si1081 /nfs-share/xinchi/kaldi/egs/timit/s5_la5/fbank/raw_fbank_train.1.ark:2787113
mmdm0_sx141 /nfs-share/xinchi/kaldi/egs/timit/s5_la5/fbank/raw_fbank_train.3.ark:8841112
msat0_sx86 /nfs-share/xinchi/kaldi/egs/timit/s5_la5/fbank/raw_fbank_train.4.ark:5488266
mdks0_sx436 /nfs-share/xinchi/kaldi/egs/timit/s5_la5/fbank/raw_fbank_train.2.ark:7359033
mrcw0_si1371 /nfs-share/xinchi/kaldi/egs/timit/s5_la5/fbank/raw_fbank_train.4.ark:1275485
mprd0_si2061 /nfs-share/xinchi/kaldi/egs/timit/s5_la5/fbank/raw_fbank_train.4.ark:181283
mdss1_si1327 /nfs-share/xinchi/kaldi/egs/timit/s5_la5/fbank/raw_fbank_train.2.ark:9076685
mrcg0_sx348 /nfs-share/xinchi/kaldi/egs/timit/s5_la5/fbank/raw_fbank_train.4.ark:1226066
mtpg0_si2013 /nfs-share/xinchi/kaldi/egs/timit/s5_la5/fbank/raw_fbank_train.4.ark:9313621
mges0_sx311 /nfs-share/xinchi/kaldi/egs/timit/s5_la5/fbank/raw_fbank_train.3.ark:236510
mrsp0_si799 /nfs-share/xinchi/kaldi/egs/timit/s5_la5/fbank/raw_fbank_train.4.ark:4548796
mmam0_sx67 /nfs-share/xinchi/kaldi/egs/timit/s5_la5/fbank/raw_fbank_train.3.ark:8261853
mctm0_sx270 /nfs-share/xinchi/kaldi/egs/timit/s5_la5/fbank/raw_fbank_train.2.ark:5863793
fbmh0_si970 /nfs-share/xinchi/kaldi/egs/timit/s5_la5/fbank/raw_fbank_train.1.ark:1076127
mrgs0_si1986 /nfs-share/xinchi/kaldi/egs/timit/s5_la5/fbank/raw_fbank_train.4.ark:2390236
mtdb0_sx321 /nfs-share/xinchi/kaldi/egs/timit/s5_la5/fbank/raw_fbank_train.4.ark:7824337
mkdb0_sx62 /nfs-share/xinchi/kaldi/egs/timit/s5_la5/fbank/raw_fbank_train.3.ark:6144565
fsms1_si2134 /nfs-share/xinchi/kaldi/egs/timit/s5_la5/fbank/raw_fbank_train.2.ark:863459
mrfk0_sx446 /nfs-share/xinchi/kaldi/egs/timit/s5_la5/fbank/raw_fbank_train.4.ark:2118886
mkam0_sx236 /nfs-share/xinchi/kaldi/egs/timit/s5_la5/fbank/raw_fbank_train.3.ark:6010883
mcae0_sx187 /nfs-share/xinchi/kaldi/egs/timit/s5_la5/fbank/raw_fbank_train.2.ark:4457132
mmaa0_sx215 /nfs-share/xinchi/kaldi/egs/timit/s5_la5/fbank/raw_fbank_train.3.ark:7924039
mtkd0_sx377 /nfs-share/xinchi/kaldi/egs/timit/s5_la5/fbank/raw_fbank_train.4.ark:8587137
fdkn0_sx91 /nfs-share/xinchi/kaldi/egs/timit/s5_la5/fbank/raw_fbank_train.1.ark:2888105
mntw0_sx78 /nfs-share/xinchi/kaldi/egs/timit/s5_la5/fbank/raw_fbank_train.3.ark:10723676
mnet0_si1446 /nfs-share/xinchi/kaldi/egs/timit/s5_la5/fbank/raw_fbank_train.3.ark:10540661
fjxm0_sx41 /nfs-share/xinchi/kaldi/egs/timit/s5_la5/fbank/raw_fbank_train.1.ark:6062465
mefg0_si598 /nfs-share/xinchi/kaldi/egs/timit/s5_la5/fbank/raw_fbank_train.2.ark:9754887
mdlr0_sx63 /nfs-share/xinchi/kaldi/egs/timit/s5_la5/fbank/raw_fbank_train.2.ark:8077400
mcre0_sx131 /nfs-share/xinchi/kaldi/egs/timit/s5_la5/fbank/raw_fbank_train.2.ark:5549687
fdtd0_sx391 /nfs-share/xinchi/kaldi/egs/timit/s5_la5/fbank/raw_fbank_train.1.ark:3333167
mrwa0_sx163 /nfs-share/xinchi/kaldi/egs/timit/s5_la5/fbank/raw_fbank_train.4.ark:4976929
mwem0_sx330 /nfs-share/xinchi/kaldi/egs/timit/s5_la5/fbank/raw_fbank_train.4.ark:11012182
mlel0_sx76 /nfs-share/xinchi/kaldi/egs/timit/s5_la5/fbank/raw_fbank_train.3.ark:7428092
fvfb0_si1510 /nfs-share/xinchi/kaldi/egs/timit/s5_la5/fbank/raw_fbank_train.2.ark:1748723
mkag0_sx259 /nfs-share/xinchi/kaldi/egs/timit/s5_la5/fbank/raw_fbank_train.3.ark:5717448
mrld0_sx334 /nfs-share/xinchi/kaldi/egs/timit/s5_la5/fbank/raw_fbank_train.4.ark:3296205
mdsj0_si832 /nfs-share/xinchi/kaldi/egs/timit/s5_la5/fbank/raw_fbank_train.2.ark:8922902
mrab0_sx414 /nfs-share/xinchi/kaldi/egs/timit/s5_la5/fbank/raw_fbank_train.4.ark:638427
fscn0_si626 /nfs-share/xinchi/kaldi/egs/timit/s5_la5/fbank/raw_fbank_train.1.ark:11320768
mdlc2_sx354 /nfs-share/xinchi/kaldi/egs/timit/s5_la5/fbank/raw_fbank_train.2.ark:7759621
mfxs0_sx324 /nfs-share/xinchi/kaldi/egs/timit/s5_la5/fbank/raw_fbank_train.2.ark:10826939
mtpg0_si753 /nfs-share/xinchi/kaldi/egs/timit/s5_la5/fbank/raw_fbank_train.4.ark:9321854
mbwp0_sx259 /nfs-share/xinchi/kaldi/egs/timit/s5_la5/fbank/raw_fbank_train.2.ark:4335260
mpsw0_sx257 /nfs-share/xinchi/kaldi/egs/timit/s5_la5/fbank/raw_fbank_train.4.ark:533609
flhd0_si1827 /nfs-share/xinchi/kaldi/egs/timit/s5_la5/fbank/raw_fbank_train.1.ark:7527406
flmk0_sx225 /nfs-share/xinchi/kaldi/egs/timit/s5_la5/fbank/raw_fbank_train.1.ark:8286282
fkdw0_si1207 /nfs-share/xinchi/kaldi/egs/timit/s5_la5/fbank/raw_fbank_train.1.ark:6394295
mpeb0_sx330 /nfs-share/xinchi/kaldi/egs/timit/s5_la5/fbank/raw_fbank_train.3.ark:10869741
feme0_sx335 /nfs-share/xinchi/kaldi/egs/timit/s5_la5/fbank/raw_fbank_train.1.ark:3920852
mbwp0_sx79 /nfs-share/xinchi/kaldi/egs/timit/s5_la5/fbank/raw_fbank_train.2.ark:4381878
mdef0_sx303 /nfs-share/xinchi/kaldi/egs/timit/s5_la5/fbank/raw_fbank_train.2.ark:6850275
mtqc0_sx271 /nfs-share/xinchi/kaldi/egs/timit/s5_la5/fbank/raw_fbank_train.4.ark:9662555
fscn0_sx266 /nfs-share/xinchi/kaldi/egs/timit/s5_la5/fbank/raw_fbank_train.1.ark:11374867
mdac0_sx181 /nfs-share/xinchi/kaldi/egs/timit/s5_la5/fbank/raw_fbank_train.2.ark:6045050
mrvg0_sx240 /nfs-share/xinchi/kaldi/egs/timit/s5_la5/fbank/raw_fbank_train.4.ark:4893257
mkes0_si1253 /nfs-share/xinchi/kaldi/egs/timit/s5_la5/fbank/raw_fbank_train.3.ark:6357848
mjjj0_si533 /nfs-share/xinchi/kaldi/egs/timit/s5_la5/fbank/raw_fbank_train.3.ark:3306060
mjws0_sx243 /nfs-share/xinchi/kaldi/egs/timit/s5_la5/fbank/raw_fbank_train.3.ark:5295508
mfxv0_si1005 /nfs-share/xinchi/kaldi/egs/timit/s5_la5/fbank/raw_fbank_train.2.ark:10870718
fexm0_si1731 /nfs-share/xinchi/kaldi/egs/timit/s5_la5/fbank/raw_fbank_train.1.ark:4072290
fear0_si622 /nfs-share/xinchi/kaldi/egs/timit/s5_la5/fbank/raw_fbank_train.1.ark:3551958
mhrm0_si958 /nfs-share/xinchi/kaldi/egs/timit/s5_la5/fbank/raw_fbank_train.3.ark:1396947
mkls0_sx177 /nfs-share/xinchi/kaldi/egs/timit/s5_la5/fbank/raw_fbank_train.3.ark:6784850
milb0_sx183 /nfs-share/xinchi/kaldi/egs/timit/s5_la5/fbank/raw_fbank_train.3.ark:1617028
mjrg0_sx106 /nfs-share/xinchi/kaldi/egs/timit/s5_la5/fbank/raw_fbank_train.3.ark:4567020
msrr0_si1131 /nfs-share/xinchi/kaldi/egs/timit/s5_la5/fbank/raw_fbank_train.4.ark:6828548
mgsh0_sx96 /nfs-share/xinchi/kaldi/egs/timit/s5_la5/fbank/raw_fbank_train.3.ark:685074
mrms0_sx300 /nfs-share/xinchi/kaldi/egs/timit/s5_la5/fbank/raw_fbank_train.4.ark:4174346
mwrp0_si1443 /nfs-share/xinchi/kaldi/egs/timit/s5_la5/fbank/raw_fbank_train.4.ark:11256372
fklc0_sx175 /nfs-share/xinchi/kaldi/egs/timit/s5_la5/fbank/raw_fbank_train.1.ark:6751910
mdem0_sx248 /nfs-share/xinchi/kaldi/egs/timit/s5_la5/fbank/raw_fbank_train.2.ark:6939226
mtat0_si1110 /nfs-share/xinchi/kaldi/egs/timit/s5_la5/fbank/raw_fbank_train.4.ark:7353751
mgaf0_si652 /nfs-share/xinchi/kaldi/egs/timit/s5_la5/fbank/raw_fbank_train.2.ark:10997211
mjpg0_si561 /nfs-share/xinchi/kaldi/egs/timit/s5_la5/fbank/raw_fbank_train.3.ark:4170127
mjdc0_sx351 /nfs-share/xinchi/kaldi/egs/timit/s5_la5/fbank/raw_fbank_train.3.ark:2215524
msem1_si1440 /nfs-share/xinchi/kaldi/egs/timit/s5_la5/fbank/raw_fbank_train.4.ark:5882843
fdas1_sx381 /nfs-share/xinchi/kaldi/egs/timit/s5_la5/fbank/raw_fbank_train.1.ark:2492122
mctm0_si1350 /nfs-share/xinchi/kaldi/egs/timit/s5_la5/fbank/raw_fbank_train.2.ark:5809260
mpgr0_sx150 /nfs-share/xinchi/kaldi/egs/timit/s5_la5/fbank/raw_fbank_train.3.ark:11131909
mdef0_sx213 /nfs-share/xinchi/kaldi/egs/timit/s5_la5/fbank/raw_fbank_train.2.ark:6839562
mlsh0_sx157 /nfs-share/xinchi/kaldi/egs/timit/s5_la5/fbank/raw_fbank_train.3.ark:7800741
mjws0_sx333 /nfs-share/xinchi/kaldi/egs/timit/s5_la5/fbank/raw_fbank_train.3.ark:5308741
mdma0_sx80 /nfs-share/xinchi/kaldi/egs/timit/s5_la5/fbank/raw_fbank_train.2.ark:8301171
fsjw0_si1333 /nfs-share/xinchi/kaldi/egs/timit/s5_la5/fbank/raw_fbank_train.2.ark:150289
mesj0_sx187 /nfs-share/xinchi/kaldi/egs/timit/s5_la5/fbank/raw_fbank_train.2.ark:10266763
mdjm0_sx15 /nfs-share/xinchi/kaldi/egs/timit/s5_la5/fbank/raw_fbank_train.2.ark:7240900
mree0_sx24 /nfs-share/xinchi/kaldi/egs/timit/s5_la5/fbank/raw_fbank_train.4.ark:1714592
mjlb0_sx86 /nfs-share/xinchi/kaldi/egs/timit/s5_la5/fbank/raw_fbank_train.3.ark:3669019
mbma1_sx414 /nfs-share/xinchi/kaldi/egs/timit/s5_la5/fbank/raw_fbank_train.2.ark:3909722
fmem0_si2007 /nfs-share/xinchi/kaldi/egs/timit/s5_la5/fbank/raw_fbank_train.1.ark:8733029
mrjm1_sx128 /nfs-share/xinchi/kaldi/egs/timit/s5_la5/fbank/raw_fbank_train.4.ark:2949586
mcdd0_sx73 /nfs-share/xinchi/kaldi/egs/timit/s5_la5/fbank/raw_fbank_train.2.ark:4790696
mcxm0_si1981 /nfs-share/xinchi/kaldi/egs/timit/s5_la5/fbank/raw_fbank_train.2.ark:5917839
fpls0_sx330 /nfs-share/xinchi/kaldi/egs/timit/s5_la5/fbank/raw_fbank_train.1.ark:10462588
mkdt0_si2153 /nfs-share/xinchi/kaldi/egs/timit/s5_la5/fbank/raw_fbank_train.3.ark:6254184
mrgm0_si532 /nfs-share/xinchi/kaldi/egs/timit/s5_la5/fbank/raw_fbank_train.4.ark:2278204
fkkh0_si1920 /nfs-share/xinchi/kaldi/egs/timit/s5_la5/fbank/raw_fbank_train.1.ark:6627299
mbef0_sx21 /nfs-share/xinchi/kaldi/egs/timit/s5_la5/fbank/raw_fbank_train.2.ark:3515748
mntw0_si1068 /nfs-share/xinchi/kaldi/egs/timit/s5_la5/fbank/raw_fbank_train.3.ark:10627364
mjeb0_sx26 /nfs-share/xinchi/kaldi/egs/timit/s5_la5/fbank/raw_fbank_train.3.ark:2649863
fpjf0_sx236 /nfs-share/xinchi/kaldi/egs/timit/s5_la5/fbank/raw_fbank_train.1.ark:10347659
mrcg0_sx258 /nfs-share/xinchi/kaldi/egs/timit/s5_la5/fbank/raw_fbank_train.4.ark:1211433
mpeb0_sx150 /nfs-share/xinchi/kaldi/egs/timit/s5_la5/fbank/raw_fbank_train.3.ark:10849555
mdlr1_si1929 /nfs-share/xinchi/kaldi/egs/timit/s5_la5/fbank/raw_fbank_train.2.ark:8100748
mgrp0_sx147 /nfs-share/xinchi/kaldi/egs/timit/s5_la5/fbank/raw_fbank_train.3.ark:524160
mkdt0_si893 /nfs-share/xinchi/kaldi/egs/timit/s5_la5/fbank/raw_fbank_train.3.ark:6282650
mmwb0_si1619 /nfs-share/xinchi/kaldi/egs/timit/s5_la5/fbank/raw_fbank_train.3.ark:10141763
mgaf0_sx202 /nfs-share/xinchi/kaldi/egs/timit/s5_la5/fbank/raw_fbank_train.2.ark:11015837
mtjs0_si562 /nfs-share/xinchi/kaldi/egs/timit/s5_la5/fbank/raw_fbank_train.4.ark:8314123
mrtc0_sx18 /nfs-share/xinchi/kaldi/egs/timit/s5_la5/fbank/raw_fbank_train.4.ark:4678086
meal0_sx377 /nfs-share/xinchi/kaldi/egs/timit/s5_la5/fbank/raw_fbank_train.2.ark:9628203
mjda0_sx221 /nfs-share/xinchi/kaldi/egs/timit/s5_la5/fbank/raw_fbank_train.3.ark:2103746
msmc0_sx287 /nfs-share/xinchi/kaldi/egs/timit/s5_la5/fbank/raw_fbank_train.4.ark:6514966
mctm0_sx180 /nfs-share/xinchi/kaldi/egs/timit/s5_la5/fbank/raw_fbank_train.2.ark:5852160
mdss1_si697 /nfs-share/xinchi/kaldi/egs/timit/s5_la5/fbank/raw_fbank_train.2.ark:9097512
mkls1_si915 /nfs-share/xinchi/kaldi/egs/timit/s5_la5/fbank/raw_fbank_train.3.ark:6868242
fjsp0_sx174 /nfs-share/xinchi/kaldi/egs/timit/s5_la5/fbank/raw_fbank_train.1.ark:5812205
mdwm0_si916 /nfs-share/xinchi/kaldi/egs/timit/s5_la5/fbank/raw_fbank_train.2.ark:9482813
mtat1_si779 /nfs-share/xinchi/kaldi/egs/timit/s5_la5/fbank/raw_fbank_train.4.ark:7472203
msmc0_sx377 /nfs-share/xinchi/kaldi/egs/timit/s5_la5/fbank/raw_fbank_train.4.ark:6526999
mmrp0_sx324 /nfs-share/xinchi/kaldi/egs/timit/s5_la5/fbank/raw_fbank_train.3.ark:9871013
fexm0_sx201 /nfs-share/xinchi/kaldi/egs/timit/s5_la5/fbank/raw_fbank_train.1.ark:4116669
mtab0_sx312 /nfs-share/xinchi/kaldi/egs/timit/s5_la5/fbank/raw_fbank_train.4.ark:7233467
fjsp0_si1434 /nfs-share/xinchi/kaldi/egs/timit/s5_la5/fbank/raw_fbank_train.1.ark:5778905
mrtj0_si772 /nfs-share/xinchi/kaldi/egs/timit/s5_la5/fbank/raw_fbank_train.4.ark:4753366
mrwa0_si973 /nfs-share/xinchi/kaldi/egs/timit/s5_la5/fbank/raw_fbank_train.4.ark:4965096
mgjc0_sx75 /nfs-share/xinchi/kaldi/egs/timit/s5_la5/fbank/raw_fbank_train.3.ark:375521
mkjo0_si2147 /nfs-share/xinchi/kaldi/egs/timit/s5_la5/fbank/raw_fbank_train.3.ark:6478587
mpgh0_sx204 /nfs-share/xinchi/kaldi/egs/timit/s5_la5/fbank/raw_fbank_train.3.ark:11064797
fmbg0_si1160 /nfs-share/xinchi/kaldi/egs/timit/s5_la5/fbank/raw_fbank_train.1.ark:8618491
mdwm0_sx286 /nfs-share/xinchi/kaldi/egs/timit/s5_la5/fbank/raw_fbank_train.2.ark:9519991
fsmm0_si1314 /nfs-share/xinchi/kaldi/egs/timit/s5_la5/fbank/raw_fbank_train.2.ark:744920
fvmh0_sx26 /nfs-share/xinchi/kaldi/egs/timit/s5_la5/fbank/raw_fbank_train.2.ark:1993825
mwdk0_si806 /nfs-share/xinchi/kaldi/egs/timit/s5_la5/fbank/raw_fbank_train.4.ark:10882937
mjrh1_sx244 /nfs-share/xinchi/kaldi/egs/timit/s5_la5/fbank/raw_fbank_train.3.ark:4782024
mclk0_sx400 /nfs-share/xinchi/kaldi/egs/timit/s5_la5/fbank/raw_fbank_train.2.ark:5324102
feme0_sx65 /nfs-share/xinchi/kaldi/egs/timit/s5_la5/fbank/raw_fbank_train.1.ark:3952037
mkxl0_si1815 /nfs-share/xinchi/kaldi/egs/timit/s5_la5/fbank/raw_fbank_train.3.ark:7147724
mkah0_sx178 /nfs-share/xinchi/kaldi/egs/timit/s5_la5/fbank/raw_fbank_train.3.ark:5799319
mmab1_sx54 /nfs-share/xinchi/kaldi/egs/timit/s5_la5/fbank/raw_fbank_train.3.ark:8061682
mjdg0_si1705 /nfs-share/xinchi/kaldi/egs/timit/s5_la5/fbank/raw_fbank_train.3.ark:2405395
mjwt0_sx211 /nfs-share/xinchi/kaldi/egs/timit/s5_la5/fbank/raw_fbank_train.3.ark:5416453
feac0_si1875 /nfs-share/xinchi/kaldi/egs/timit/s5_la5/fbank/raw_fbank_train.1.ark:3439740
fmah1_sx159 /nfs-share/xinchi/kaldi/egs/timit/s5_la5/fbank/raw_fbank_train.1.ark:8561686
mjac0_sx71 /nfs-share/xinchi/kaldi/egs/timit/s5_la5/fbank/raw_fbank_train.3.ark:1753782
mhit0_si2243 /nfs-share/xinchi/kaldi/egs/timit/s5_la5/fbank/raw_fbank_train.3.ark:1018333
fmem0_sx387 /nfs-share/xinchi/kaldi/egs/timit/s5_la5/fbank/raw_fbank_train.1.ark:8813507
mcdr0_sx434 /nfs-share/xinchi/kaldi/egs/timit/s5_la5/fbank/raw_fbank_train.2.ark:4891609
mjra0_si606 /nfs-share/xinchi/kaldi/egs/timit/s5_la5/fbank/raw_fbank_train.3.ark:4456042
msds0_si2337 /nfs-share/xinchi/kaldi/egs/timit/s5_la5/fbank/raw_fbank_train.4.ark:5800285
mrhl0_si1515 /nfs-share/xinchi/kaldi/egs/timit/s5_la5/fbank/raw_fbank_train.4.ark:2482145
mvrw0_si1485 /nfs-share/xinchi/kaldi/egs/timit/s5_la5/fbank/raw_fbank_train.4.ark:10400422
fmjf0_si1884 /nfs-share/xinchi/kaldi/egs/timit/s5_la5/fbank/raw_fbank_train.1.ark:8939478
msms0_si803 /nfs-share/xinchi/kaldi/egs/timit/s5_la5/fbank/raw_fbank_train.4.ark:6665125
mbcg0_sx147 /nfs-share/xinchi/kaldi/egs/timit/s5_la5/fbank/raw_fbank_train.2.ark:3400538
fdjh0_si2195 /nfs-share/xinchi/kaldi/egs/timit/s5_la5/fbank/raw_fbank_train.1.ark:2702882
fbcg1_sx172 /nfs-share/xinchi/kaldi/egs/timit/s5_la5/fbank/raw_fbank_train.1.ark:665060
mtjm0_si1856 /nfs-share/xinchi/kaldi/egs/timit/s5_la5/fbank/raw_fbank_train.4.ark:8198545
mdjm0_sx375 /nfs-share/xinchi/kaldi/egs/timit/s5_la5/fbank/raw_fbank_train.2.ark:7271199
fcjf0_si1027 /nfs-share/xinchi/kaldi/egs/timit/s5_la5/fbank/raw_fbank_train.1.ark:1644050
fjrb0_sx402 /nfs-share/xinchi/kaldi/egs/timit/s5_la5/fbank/raw_fbank_train.1.ark:5521828
maeo0_sx246 /nfs-share/xinchi/kaldi/egs/timit/s5_la5/fbank/raw_fbank_train.2.ark:2451639
mapv0_sx393 /nfs-share/xinchi/kaldi/egs/timit/s5_la5/fbank/raw_fbank_train.2.ark:2981584
mbom0_sx114 /nfs-share/xinchi/kaldi/egs/timit/s5_la5/fbank/raw_fbank_train.2.ark:4060314
mtpp0_sx248 /nfs-share/xinchi/kaldi/egs/timit/s5_la5/fbank/raw_fbank_train.4.ark:9434945
mmvp0_si1914 /nfs-share/xinchi/kaldi/egs/timit/s5_la5/fbank/raw_fbank_train.3.ark:10034331
mcdr0_sx74 /nfs-share/xinchi/kaldi/egs/timit/s5_la5/fbank/raw_fbank_train.2.ark:4902161
ftmg0_sx272 /nfs-share/xinchi/kaldi/egs/timit/s5_la5/fbank/raw_fbank_train.2.ark:1688637
fdml0_sx69 /nfs-share/xinchi/kaldi/egs/timit/s5_la5/fbank/raw_fbank_train.1.ark:2974451
mkam0_si1316 /nfs-share/xinchi/kaldi/egs/timit/s5_la5/fbank/raw_fbank_train.3.ark:5968183
mcae0_sx367 /nfs-share/xinchi/kaldi/egs/timit/s5_la5/fbank/raw_fbank_train.2.ark:4480558
fljd0_sx76 /nfs-share/xinchi/kaldi/egs/timit/s5_la5/fbank/raw_fbank_train.1.ark:7803055
mdcd0_si785 /nfs-share/xinchi/kaldi/egs/timit/s5_la5/fbank/raw_fbank_train.2.ark:6416635
flmk0_sx45 /nfs-share/xinchi/kaldi/egs/timit/s5_la5/fbank/raw_fbank_train.1.ark:8318060
mmpm0_sx251 /nfs-share/xinchi/kaldi/egs/timit/s5_la5/fbank/raw_fbank_train.3.ark:9762236
mrfk0_si1076 /nfs-share/xinchi/kaldi/egs/timit/s5_la5/fbank/raw_fbank_train.4.ark:2050766
fsah0_sx327 /nfs-share/xinchi/kaldi/egs/timit/s5_la5/fbank/raw_fbank_train.1.ark:11052192
fgrw0_si1990 /nfs-share/xinchi/kaldi/egs/timit/s5_la5/fbank/raw_fbank_train.1.ark:4535065
mjsr0_si794 /nfs-share/xinchi/kaldi/egs/timit/s5_la5/fbank/raw_fbank_train.3.ark:5042593
fbas0_si1387 /nfs-share/xinchi/kaldi/egs/timit/s5_la5/fbank/raw_fbank_train.1.ark:527214
mjma0_si2125 /nfs-share/xinchi/kaldi/egs/timit/s5_la5/fbank/raw_fbank_train.3.ark:3884658
mdns0_sx291 /nfs-share/xinchi/kaldi/egs/timit/s5_la5/fbank/raw_fbank_train.2.ark:8480508
mrjm1_sx398 /nfs-share/xinchi/kaldi/egs/timit/s5_la5/fbank/raw_fbank_train.4.ark:2997477
mmaa0_si845 /nfs-share/xinchi/kaldi/egs/timit/s5_la5/fbank/raw_fbank_train.3.ark:7894053
fsrh0_sx311 /nfs-share/xinchi/kaldi/egs/timit/s5_la5/fbank/raw_fbank_train.2.ark:1112121
fjxp0_sx402 /nfs-share/xinchi/kaldi/egs/timit/s5_la5/fbank/raw_fbank_train.1.ark:6153298
mvjh0_sx116 /nfs-share/xinchi/kaldi/egs/timit/s5_la5/fbank/raw_fbank_train.4.ark:10249872
mtpr0_si2230 /nfs-share/xinchi/kaldi/egs/timit/s5_la5/fbank/raw_fbank_train.4.ark:9494351
mtjg0_sx80 /nfs-share/xinchi/kaldi/egs/timit/s5_la5/fbank/raw_fbank_train.4.ark:8174757
mmgg0_sx449 /nfs-share/xinchi/kaldi/egs/timit/s5_la5/fbank/raw_fbank_train.3.ark:9421361
fskp0_sx198 /nfs-share/xinchi/kaldi/egs/timit/s5_la5/fbank/raw_fbank_train.2.ark:505929
mrpc1_si2026 /nfs-share/xinchi/kaldi/egs/timit/s5_la5/fbank/raw_fbank_train.4.ark:4207207
mwch0_sx452 /nfs-share/xinchi/kaldi/egs/timit/s5_la5/fbank/raw_fbank_train.4.ark:10832124
fceg0_si1878 /nfs-share/xinchi/kaldi/egs/timit/s5_la5/fbank/raw_fbank_train.1.ark:1575099
mrkm0_sx187 /nfs-share/xinchi/kaldi/egs/timit/s5_la5/fbank/raw_fbank_train.4.ark:3173556
mtat1_si1409 /nfs-share/xinchi/kaldi/egs/timit/s5_la5/fbank/raw_fbank_train.4.ark:7451816
fjsk0_sx62 /nfs-share/xinchi/kaldi/egs/timit/s5_la5/fbank/raw_fbank_train.1.ark:5767711
mrem0_si511 /nfs-share/xinchi/kaldi/egs/timit/s5_la5/fbank/raw_fbank_train.4.ark:1870950
mmaa0_si1588 /nfs-share/xinchi/kaldi/egs/timit/s5_la5/fbank/raw_fbank_train.3.ark:7864866
fskl0_si2159 /nfs-share/xinchi/kaldi/egs/timit/s5_la5/fbank/raw_fbank_train.2.ark:359093
fjxm0_sx401 /nfs-share/xinchi/kaldi/egs/timit/s5_la5/fbank/raw_fbank_train.1.ark:6047993
flod0_sx207 /nfs-share/xinchi/kaldi/egs/timit/s5_la5/fbank/raw_fbank_train.1.ark:8392020
mmgk0_sx242 /nfs-share/xinchi/kaldi/egs/timit/s5_la5/fbank/raw_fbank_train.3.ark:9484320
fvmh0_si836 /nfs-share/xinchi/kaldi/egs/timit/s5_la5/fbank/raw_fbank_train.2.ark:1955767
fvkb0_si1159 /nfs-share/xinchi/kaldi/egs/timit/s5_la5/fbank/raw_fbank_train.2.ark:1825835
msvs0_si938 /nfs-share/xinchi/kaldi/egs/timit/s5_la5/fbank/raw_fbank_train.4.ark:7066783
mkah0_sx448 /nfs-share/xinchi/kaldi/egs/timit/s5_la5/fbank/raw_fbank_train.3.ark:5840258
mjxl0_si1795 /nfs-share/xinchi/kaldi/egs/timit/s5_la5/fbank/raw_fbank_train.3.ark:5576324
mrkm0_si1267 /nfs-share/xinchi/kaldi/egs/timit/s5_la5/fbank/raw_fbank_train.4.ark:3113696
fmjf0_sx264 /nfs-share/xinchi/kaldi/egs/timit/s5_la5/fbank/raw_fbank_train.1.ark:8983017
mdtb0_sx321 /nfs-share/xinchi/kaldi/egs/timit/s5_la5/fbank/raw_fbank_train.2.ark:9227229
mmjb1_si1408 /nfs-share/xinchi/kaldi/egs/timit/s5_la5/fbank/raw_fbank_train.3.ark:9524972
mljh0_sx244 /nfs-share/xinchi/kaldi/egs/timit/s5_la5/fbank/raw_fbank_train.3.ark:7613724
fgrw0_sx162 /nfs-share/xinchi/kaldi/egs/timit/s5_la5/fbank/raw_fbank_train.1.ark:4544538
mcth0_sx39 /nfs-share/xinchi/kaldi/egs/timit/s5_la5/fbank/raw_fbank_train.2.ark:5787033
mjxl0_si542 /nfs-share/xinchi/kaldi/egs/timit/s5_la5/fbank/raw_fbank_train.3.ark:5583517
mdlb0_sx316 /nfs-share/xinchi/kaldi/egs/timit/s5_la5/fbank/raw_fbank_train.2.ark:7461025
mges0_si851 /nfs-share/xinchi/kaldi/egs/timit/s5_la5/fbank/raw_fbank_train.3.ark:205091
flma0_sx73 /nfs-share/xinchi/kaldi/egs/timit/s5_la5/fbank/raw_fbank_train.1.ark:8123249
fmkf0_si1536 /nfs-share/xinchi/kaldi/egs/timit/s5_la5/fbank/raw_fbank_train.1.ark:9259154
mtpr0_sx430 /nfs-share/xinchi/kaldi/egs/timit/s5_la5/fbank/raw_fbank_train.4.ark:9567476
mtml0_si2325 /nfs-share/xinchi/kaldi/egs/timit/s5_la5/fbank/raw_fbank_train.4.ark:8921634
majp0_si2334 /nfs-share/xinchi/kaldi/egs/timit/s5_la5/fbank/raw_fbank_train.2.ark:2608184
mkes0_sx173 /nfs-share/xinchi/kaldi/egs/timit/s5_la5/fbank/raw_fbank_train.3.ark:6403548
mtrc0_si993 /nfs-share/xinchi/kaldi/egs/timit/s5_la5/fbank/raw_fbank_train.4.ark:9751193
mjdc0_si1161 /nfs-share/xinchi/kaldi/egs/timit/s5_la5/fbank/raw_fbank_train.3.ark:2153998
fspm0_sx161 /nfs-share/xinchi/kaldi/egs/timit/s5_la5/fbank/raw_fbank_train.2.ark:992630
mcdc0_sx392 /nfs-share/xinchi/kaldi/egs/timit/s5_la5/fbank/raw_fbank_train.2.ark:4701071
msat0_si1526 /nfs-share/xinchi/kaldi/egs/timit/s5_la5/fbank/raw_fbank_train.4.ark:5419035
mjeb0_si1286 /nfs-share/xinchi/kaldi/egs/timit/s5_la5/fbank/raw_fbank_train.3.ark:2582618
mafm0_si939 /nfs-share/xinchi/kaldi/egs/timit/s5_la5/fbank/raw_fbank_train.2.ark:2510318
mklr0_sx429 /nfs-share/xinchi/kaldi/egs/timit/s5_la5/fbank/raw_fbank_train.3.ark:6715723
mmdb0_sx177 /nfs-share/xinchi/kaldi/egs/timit/s5_la5/fbank/raw_fbank_train.3.ark:8646222
mejl0_sx242 /nfs-share/xinchi/kaldi/egs/timit/s5_la5/fbank/raw_fbank_train.2.ark:9981641
msas0_sx116 /nfs-share/xinchi/kaldi/egs/timit/s5_la5/fbank/raw_fbank_train.4.ark:5359590
mcal0_si1138 /nfs-share/xinchi/kaldi/egs/timit/s5_la5/fbank/raw_fbank_train.2.ark:4523335
mmdg0_si2035 /nfs-share/xinchi/kaldi/egs/timit/s5_la5/fbank/raw_fbank_train.3.ark:8714261
fbas0_si1472 /nfs-share/xinchi/kaldi/egs/timit/s5_la5/fbank/raw_fbank_train.1.ark:541808
mrab1_si1478 /nfs-share/xinchi/kaldi/egs/timit/s5_la5/fbank/raw_fbank_train.4.ark:664133
mrso0_sx399 /nfs-share/xinchi/kaldi/egs/timit/s5_la5/fbank/raw_fbank_train.4.ark:4502695
fmjb0_si1177 /nfs-share/xinchi/kaldi/egs/timit/s5_la5/fbank/raw_fbank_train.1.ark:8828981
msem1_si810 /nfs-share/xinchi/kaldi/egs/timit/s5_la5/fbank/raw_fbank_train.4.ark:5918310
mjdm0_sx440 /nfs-share/xinchi/kaldi/egs/timit/s5_la5/fbank/raw_fbank_train.3.ark:2557112
fskl0_sx89 /nfs-share/xinchi/kaldi/egs/timit/s5_la5/fbank/raw_fbank_train.2.ark:434970
fkaa0_sx398 /nfs-share/xinchi/kaldi/egs/timit/s5_la5/fbank/raw_fbank_train.1.ark:6267515
mmjb1_sx418 /nfs-share/xinchi/kaldi/egs/timit/s5_la5/fbank/raw_fbank_train.3.ark:9600251
fcjf0_sx127 /nfs-share/xinchi/kaldi/egs/timit/s5_la5/fbank/raw_fbank_train.1.ark:1683070
fmjf0_sx444 /nfs-share/xinchi/kaldi/egs/timit/s5_la5/fbank/raw_fbank_train.1.ark:9006163
mtab0_sx42 /nfs-share/xinchi/kaldi/egs/timit/s5_la5/fbank/raw_fbank_train.4.ark:7265652
mchl0_sx177 /nfs-share/xinchi/kaldi/egs/timit/s5_la5/fbank/raw_fbank_train.2.ark:5176586
fbch0_sx236 /nfs-share/xinchi/kaldi/egs/timit/s5_la5/fbank/raw_fbank_train.1.ark:789957
mkdt0_sx173 /nfs-share/xinchi/kaldi/egs/timit/s5_la5/fbank/raw_fbank_train.3.ark:6294643
fmju0_sx309 /nfs-share/xinchi/kaldi/egs/timit/s5_la5/fbank/raw_fbank_train.1.ark:9102195
mpar0_sx316 /nfs-share/xinchi/kaldi/egs/timit/s5_la5/fbank/raw_fbank_train.3.ark:10790036
mrvg0_sx330 /nfs-share/xinchi/kaldi/egs/timit/s5_la5/fbank/raw_fbank_train.4.ark:4904090
mjlg1_sx112 /nfs-share/xinchi/kaldi/egs/timit/s5_la5/fbank/raw_fbank_train.3.ark:3717274
mdlc1_si2065 /nfs-share/xinchi/kaldi/egs/timit/s5_la5/fbank/raw_fbank_train.2.ark:7627623
mwem0_sx420 /nfs-share/xinchi/kaldi/egs/timit/s5_la5/fbank/raw_fbank_train.4.ark:11025415
fjsk0_si1682 /nfs-share/xinchi/kaldi/egs/timit/s5_la5/fbank/raw_fbank_train.1.ark:5695913
mtpr0_si506 /nfs-share/xinchi/kaldi/egs/timit/s5_la5/fbank/raw_fbank_train.4.ark:9514984
mrjt0_sx418 /nfs-share/xinchi/kaldi/egs/timit/s5_la5/fbank/raw_fbank_train.4.ark:3083630
fhlm0_si1560 /nfs-share/xinchi/kaldi/egs/timit/s5_la5/fbank/raw_fbank_train.1.ark:4614663
maeo0_sx426 /nfs-share/xinchi/kaldi/egs/timit/s5_la5/fbank/raw_fbank_train.2.ark:2475505
msdh0_sx80 /nfs-share/xinchi/kaldi/egs/timit/s5_la5/fbank/raw_fbank_train.4.ark:5754143
fcke0_si481 /nfs-share/xinchi/kaldi/egs/timit/s5_la5/fbank/raw_fbank_train.1.ark:1837847
msjk0_si2226 /nfs-share/xinchi/kaldi/egs/timit/s5_la5/fbank/raw_fbank_train.4.ark:6352378
mdas0_sx21 /nfs-share/xinchi/kaldi/egs/timit/s5_la5/fbank/raw_fbank_train.2.ark:6159267
mtrr0_si918 /nfs-share/xinchi/kaldi/egs/timit/s5_la5/fbank/raw_fbank_train.4.ark:9831698
mrlk0_si2140 /nfs-share/xinchi/kaldi/egs/timit/s5_la5/fbank/raw_fbank_train.4.ark:3520149
mrtc0_sx288 /nfs-share/xinchi/kaldi/egs/timit/s5_la5/fbank/raw_fbank_train.4.ark:4701272
mfxs0_si2304 /nfs-share/xinchi/kaldi/egs/timit/s5_la5/fbank/raw_fbank_train.2.ark:10792400
mclm0_sx376 /nfs-share/xinchi/kaldi/egs/timit/s5_la5/fbank/raw_fbank_train.2.ark:5411207
megj0_si1337 /nfs-share/xinchi/kaldi/egs/timit/s5_la5/fbank/raw_fbank_train.2.ark:9829485
mwch0_sx272 /nfs-share/xinchi/kaldi/egs/timit/s5_la5/fbank/raw_fbank_train.4.ark:10810778
fdmy0_sx297 /nfs-share/xinchi/kaldi/egs/timit/s5_la5/fbank/raw_fbank_train.1.ark:3093002
mtju0_sx40 /nfs-share/xinchi/kaldi/egs/timit/s5_la5/fbank/raw_fbank_train.4.ark:8468399
mjai0_si1604 /nfs-share/xinchi/kaldi/egs/timit/s5_la5/fbank/raw_fbank_train.3.ark:1869682
flja0_sx268 /nfs-share/xinchi/kaldi/egs/timit/s5_la5/fbank/raw_fbank_train.1.ark:7663372
mwch0_si1895 /nfs-share/xinchi/kaldi/egs/timit/s5_la5/fbank/raw_fbank_train.4.ark:10785318
fsjg0_si1570 /nfs-share/xinchi/kaldi/egs/timit/s5_la5/fbank/raw_fbank_train.1.ark:11704595
mmdg0_sx70 /nfs-share/xinchi/kaldi/egs/timit/s5_la5/fbank/raw_fbank_train.3.ark:8796738
fntb0_sx213 /nfs-share/xinchi/kaldi/egs/timit/s5_la5/fbank/raw_fbank_train.1.ark:9722388
mrbc0_sx239 /nfs-share/xinchi/kaldi/egs/timit/s5_la5/fbank/raw_fbank_train.4.ark:1106008
mesj0_sx367 /nfs-share/xinchi/kaldi/egs/timit/s5_la5/fbank/raw_fbank_train.2.ark:10282829
mkls0_si2067 /nfs-share/xinchi/kaldi/egs/timit/s5_la5/fbank/raw_fbank_train.3.ark:6767537
mclk0_sx220 /nfs-share/xinchi/kaldi/egs/timit/s5_la5/fbank/raw_fbank_train.2.ark:5288924
msfv0_si632 /nfs-share/xinchi/kaldi/egs/timit/s5_la5/fbank/raw_fbank_train.4.ark:6246746
mapv0_si1923 /nfs-share/xinchi/kaldi/egs/timit/s5_la5/fbank/raw_fbank_train.2.ark:2904467
mkag0_sx169 /nfs-share/xinchi/kaldi/egs/timit/s5_la5/fbank/raw_fbank_train.3.ark:5705335
ftbw0_sx85 /nfs-share/xinchi/kaldi/egs/timit/s5_la5/fbank/raw_fbank_train.2.ark:1525886
mtas0_si755 /nfs-share/xinchi/kaldi/egs/timit/s5_la5/fbank/raw_fbank_train.4.ark:7296833
mwgr0_sx256 /nfs-share/xinchi/kaldi/egs/timit/s5_la5/fbank/raw_fbank_train.4.ark:11111054
mtbc0_si543 /nfs-share/xinchi/kaldi/egs/timit/s5_la5/fbank/raw_fbank_train.4.ark:7584028
mrms0_sx30 /nfs-share/xinchi/kaldi/egs/timit/s5_la5/fbank/raw_fbank_train.4.ark:4167353
fdas1_sx201 /nfs-share/xinchi/kaldi/egs/timit/s5_la5/fbank/raw_fbank_train.1.ark:2458704
mjkr0_sx121 /nfs-share/xinchi/kaldi/egs/timit/s5_la5/fbank/raw_fbank_train.3.ark:3529183
mbar0_si689 /nfs-share/xinchi/kaldi/egs/timit/s5_la5/fbank/raw_fbank_train.2.ark:3196775
mhmg0_sx375 /nfs-share/xinchi/kaldi/egs/timit/s5_la5/fbank/raw_fbank_train.3.ark:1263821
mlbc0_sx159 /nfs-share/xinchi/kaldi/egs/timit/s5_la5/fbank/raw_fbank_train.3.ark:7274056
msrg0_si1851 /nfs-share/xinchi/kaldi/egs/timit/s5_la5/fbank/raw_fbank_train.4.ark:6752317
mljh0_si1324 /nfs-share/xinchi/kaldi/egs/timit/s5_la5/fbank/raw_fbank_train.3.ark:7540911
mmar0_sx166 /nfs-share/xinchi/kaldi/egs/timit/s5_la5/fbank/raw_fbank_train.3.ark:8318587
medr0_si744 /nfs-share/xinchi/kaldi/egs/timit/s5_la5/fbank/raw_fbank_train.2.ark:9664184
fklh0_sx177 /nfs-share/xinchi/kaldi/egs/timit/s5_la5/fbank/raw_fbank_train.1.ark:6958081
mtwh1_si2142 /nfs-share/xinchi/kaldi/egs/timit/s5_la5/fbank/raw_fbank_train.4.ark:10017795
msmc0_sx107 /nfs-share/xinchi/kaldi/egs/timit/s5_la5/fbank/raw_fbank_train.4.ark:6480548
mjac0_sx307 /nfs-share/xinchi/kaldi/egs/timit/s5_la5/fbank/raw_fbank_train.3.ark:1719284
msds0_si1707 /nfs-share/xinchi/kaldi/egs/timit/s5_la5/fbank/raw_fbank_train.4.ark:5786291
fmkf0_sx186 /nfs-share/xinchi/kaldi/egs/timit/s5_la5/fbank/raw_fbank_train.1.ark:9286380
feeh0_si471 /nfs-share/xinchi/kaldi/egs/timit/s5_la5/fbank/raw_fbank_train.1.ark:3779728
mlbc0_sx249 /nfs-share/xinchi/kaldi/egs/timit/s5_la5/fbank/raw_fbank_train.3.ark:7285449
mtjg0_sx170 /nfs-share/xinchi/kaldi/egs/timit/s5_la5/fbank/raw_fbank_train.4.ark:8113946
mtpp0_sx338 /nfs-share/xinchi/kaldi/egs/timit/s5_la5/fbank/raw_fbank_train.4.ark:9445498
mjrh1_sx64 /nfs-share/xinchi/kaldi/egs/timit/s5_la5/fbank/raw_fbank_train.3.ark:4816042
fcaj0_sx309 /nfs-share/xinchi/kaldi/egs/timit/s5_la5/fbank/raw_fbank_train.1.ark:1399221
mmgk0_sx62 /nfs-share/xinchi/kaldi/egs/timit/s5_la5/fbank/raw_fbank_train.3.ark:9515578
mbma0_sx322 /nfs-share/xinchi/kaldi/egs/timit/s5_la5/fbank/raw_fbank_train.2.ark:3796224
mfwk0_sx349 /nfs-share/xinchi/kaldi/egs/timit/s5_la5/fbank/raw_fbank_train.2.ark:10733113
mdlm0_sx244 /nfs-share/xinchi/kaldi/egs/timit/s5_la5/fbank/raw_fbank_train.2.ark:7945037
mklr0_sx249 /nfs-share/xinchi/kaldi/egs/timit/s5_la5/fbank/raw_fbank_train.3.ark:6694257
mjjm0_sx287 /nfs-share/xinchi/kaldi/egs/timit/s5_la5/fbank/raw_fbank_train.3.ark:3460656
fsjw0_si703 /nfs-share/xinchi/kaldi/egs/timit/s5_la5/fbank/raw_fbank_train.2.ark:183676
mdwh0_si1168 /nfs-share/xinchi/kaldi/egs/timit/s5_la5/fbank/raw_fbank_train.2.ark:9342801
fgmb0_sx425 /nfs-share/xinchi/kaldi/egs/timit/s5_la5/fbank/raw_fbank_train.1.ark:4477811
msrg0_sx321 /nfs-share/xinchi/kaldi/egs/timit/s5_la5/fbank/raw_fbank_train.4.ark:6793089
fhlm0_sx349 /nfs-share/xinchi/kaldi/egs/timit/s5_la5/fbank/raw_fbank_train.1.ark:4685622
fmjf0_sx84 /nfs-share/xinchi/kaldi/egs/timit/s5_la5/fbank/raw_fbank_train.1.ark:9018915
frjb0_si1794 /nfs-share/xinchi/kaldi/egs/timit/s5_la5/fbank/raw_fbank_train.1.ark:10707612
mrfl0_si1156 /nfs-share/xinchi/kaldi/egs/timit/s5_la5/fbank/raw_fbank_train.4.ark:2138512
mgaw0_sx265 /nfs-share/xinchi/kaldi/egs/timit/s5_la5/fbank/raw_fbank_train.3.ark:155652
fear0_sx82 /nfs-share/xinchi/kaldi/egs/timit/s5_la5/fbank/raw_fbank_train.1.ark:3621842
mcxm0_si1351 /nfs-share/xinchi/kaldi/egs/timit/s5_la5/fbank/raw_fbank_train.2.ark:5906405
mmxs0_sx156 /nfs-share/xinchi/kaldi/egs/timit/s5_la5/fbank/raw_fbank_train.3.ark:10479576
fdtd0_si1561 /nfs-share/xinchi/kaldi/egs/timit/s5_la5/fbank/raw_fbank_train.1.ark:3235615
fklh0_si1887 /nfs-share/xinchi/kaldi/egs/timit/s5_la5/fbank/raw_fbank_train.1.ark:6940775
fcjs0_sx167 /nfs-share/xinchi/kaldi/egs/timit/s5_la5/fbank/raw_fbank_train.1.ark:1748055
msfv0_si1262 /nfs-share/xinchi/kaldi/egs/timit/s5_la5/fbank/raw_fbank_train.4.ark:6221279
mrre0_si704 /nfs-share/xinchi/kaldi/egs/timit/s5_la5/fbank/raw_fbank_train.4.ark:4298992
fmkc0_sx82 /nfs-share/xinchi/kaldi/egs/timit/s5_la5/fbank/raw_fbank_train.1.ark:9229326
megj0_sx77 /nfs-share/xinchi/kaldi/egs/timit/s5_la5/fbank/raw_fbank_train.2.ark:9927674
mtrc0_sx273 /nfs-share/xinchi/kaldi/egs/timit/s5_la5/fbank/raw_fbank_train.4.ark:9785012
mjdg0_sx142 /nfs-share/xinchi/kaldi/egs/timit/s5_la5/fbank/raw_fbank_train.3.ark:2414628
mpgr0_sx240 /nfs-share/xinchi/kaldi/egs/timit/s5_la5/fbank/raw_fbank_train.3.ark:11139022
mpeb0_sx420 /nfs-share/xinchi/kaldi/egs/timit/s5_la5/fbank/raw_fbank_train.3.ark:10881974
mdhl0_sx359 /nfs-share/xinchi/kaldi/egs/timit/s5_la5/fbank/raw_fbank_train.2.ark:7056644
fsrh0_si1931 /nfs-share/xinchi/kaldi/egs/timit/s5_la5/fbank/raw_fbank_train.2.ark:1065389
mrkm0_si1391 /nfs-share/xinchi/kaldi/egs/timit/s5_la5/fbank/raw_fbank_train.4.ark:3132210
mprk0_si1097 /nfs-share/xinchi/kaldi/egs/timit/s5_la5/fbank/raw_fbank_train.4.ark:276994
mjkr0_si571 /nfs-share/xinchi/kaldi/egs/timit/s5_la5/fbank/raw_fbank_train.3.ark:3513870
msrg0_si591 /nfs-share/xinchi/kaldi/egs/timit/s5_la5/fbank/raw_fbank_train.4.ark:6758750
mrlr0_sx206 /nfs-share/xinchi/kaldi/egs/timit/s5_la5/fbank/raw_fbank_train.4.ark:3651353
marc0_sx18 /nfs-share/xinchi/kaldi/egs/timit/s5_la5/fbank/raw_fbank_train.2.ark:3030950
msmr0_sx235 /nfs-share/xinchi/kaldi/egs/timit/s5_la5/fbank/raw_fbank_train.4.ark:6594366
mtas0_sx35 /nfs-share/xinchi/kaldi/egs/timit/s5_la5/fbank/raw_fbank_train.4.ark:7334604
madd0_si1295 /nfs-share/xinchi/kaldi/egs/timit/s5_la5/fbank/raw_fbank_train.2.ark:2210255
mrai0_sx72 /nfs-share/xinchi/kaldi/egs/timit/s5_la5/fbank/raw_fbank_train.4.ark:864389
mhjb0_sx387 /nfs-share/xinchi/kaldi/egs/timit/s5_la5/fbank/raw_fbank_train.3.ark:1174436
mmrp0_si717 /nfs-share/xinchi/kaldi/egs/timit/s5_la5/fbank/raw_fbank_train.3.ark:9819321
msdh0_sx440 /nfs-share/xinchi/kaldi/egs/timit/s5_la5/fbank/raw_fbank_train.4.ark:5739031
fkkh0_sx390 /nfs-share/xinchi/kaldi/egs/timit/s5_la5/fbank/raw_fbank_train.1.ark:6702376
fsls0_si1056 /nfs-share/xinchi/kaldi/egs/timit/s5_la5/fbank/raw_fbank_train.2.ark:538829
feac0_si1245 /nfs-share/xinchi/kaldi/egs/timit/s5_la5/fbank/raw_fbank_train.1.ark:3429986
feac0_sx345 /nfs-share/xinchi/kaldi/egs/timit/s5_la5/fbank/raw_fbank_train.1.ark:3495512
mtlb0_sx234 /nfs-share/xinchi/kaldi/egs/timit/s5_la5/fbank/raw_fbank_train.4.ark:8750849
mrwa0_sx253 /nfs-share/xinchi/kaldi/egs/timit/s5_la5/fbank/raw_fbank_train.4.ark:4988282
mjmd0_sx398 /nfs-share/xinchi/kaldi/egs/timit/s5_la5/fbank/raw_fbank_train.3.ark:4039721
mmag0_sx406 /nfs-share/xinchi/kaldi/egs/timit/s5_la5/fbank/raw_fbank_train.3.ark:8162555
fjhk0_sx392 /nfs-share/xinchi/kaldi/egs/timit/s5_la5/fbank/raw_fbank_train.1.ark:5147679
fkfb0_sx168 /nfs-share/xinchi/kaldi/egs/timit/s5_la5/fbank/raw_fbank_train.1.ark:6534140
fscn0_sx176 /nfs-share/xinchi/kaldi/egs/timit/s5_la5/fbank/raw_fbank_train.1.ark:11355154
fcag0_si1503 /nfs-share/xinchi/kaldi/egs/timit/s5_la5/fbank/raw_fbank_train.1.ark:1257109
mcdd0_si1513 /nfs-share/xinchi/kaldi/egs/timit/s5_la5/fbank/raw_fbank_train.2.ark:4713665
mesj0_sx97 /nfs-share/xinchi/kaldi/egs/timit/s5_la5/fbank/raw_fbank_train.2.ark:10301932
mjrh1_si514 /nfs-share/xinchi/kaldi/egs/timit/s5_la5/fbank/raw_fbank_train.3.ark:4758558
mprb0_sx395 /nfs-share/xinchi/kaldi/egs/timit/s5_la5/fbank/raw_fbank_train.4.ark:152335
ftmg0_si902 /nfs-share/xinchi/kaldi/egs/timit/s5_la5/fbank/raw_fbank_train.2.ark:1658211
fcaj0_si849 /nfs-share/xinchi/kaldi/egs/timit/s5_la5/fbank/raw_fbank_train.1.ark:1359962
mbjv0_si1877 /nfs-share/xinchi/kaldi/egs/timit/s5_la5/fbank/raw_fbank_train.2.ark:3657267
mgrp0_si687 /nfs-share/xinchi/kaldi/egs/timit/s5_la5/fbank/raw_fbank_train.3.ark:510687
mjjm0_si1251 /nfs-share/xinchi/kaldi/egs/timit/s5_la5/fbank/raw_fbank_train.3.ark:3384618
mjsr0_sx434 /nfs-share/xinchi/kaldi/egs/timit/s5_la5/fbank/raw_fbank_train.3.ark:5102725
mtkp0_si1023 /nfs-share/xinchi/kaldi/egs/timit/s5_la5/fbank/raw_fbank_train.4.ark:8599811
mjrg0_si1366 /nfs-share/xinchi/kaldi/egs/timit/s5_la5/fbank/raw_fbank_train.3.ark:4529000
fcdr1_sx16 /nfs-share/xinchi/kaldi/egs/timit/s5_la5/fbank/raw_fbank_train.1.ark:1509092
mgak0_si2296 /nfs-share/xinchi/kaldi/egs/timit/s5_la5/fbank/raw_fbank_train.2.ark:11173381
fjxm0_si1211 /nfs-share/xinchi/kaldi/egs/timit/s5_la5/fbank/raw_fbank_train.1.ark:5969794
mdpk0_si1053 /nfs-share/xinchi/kaldi/egs/timit/s5_la5/fbank/raw_fbank_train.2.ark:8604360
mdlc1_sx265 /nfs-share/xinchi/kaldi/egs/timit/s5_la5/fbank/raw_fbank_train.2.ark:7666283
fkfb0_sx258 /nfs-share/xinchi/kaldi/egs/timit/s5_la5/fbank/raw_fbank_train.1.ark:6543813
mjai0_sx254 /nfs-share/xinchi/kaldi/egs/timit/s5_la5/fbank/raw_fbank_train.3.ark:1930614
mgaf0_sx22 /nfs-share/xinchi/kaldi/egs/timit/s5_la5/fbank/raw_fbank_train.2.ark:11021669
ftaj0_si474 /nfs-share/xinchi/kaldi/egs/timit/s5_la5/fbank/raw_fbank_train.2.ark:1271559
fjwb1_si748 /nfs-share/xinchi/kaldi/egs/timit/s5_la5/fbank/raw_fbank_train.1.ark:5886963
fjen0_si1677 /nfs-share/xinchi/kaldi/egs/timit/s5_la5/fbank/raw_fbank_train.1.ark:4958175
fpjf0_sx56 /nfs-share/xinchi/kaldi/egs/timit/s5_la5/fbank/raw_fbank_train.1.ark:10384317
fsdc0_si1942 /nfs-share/xinchi/kaldi/egs/timit/s5_la5/fbank/raw_fbank_train.1.ark:11444833
mrjt0_sx238 /nfs-share/xinchi/kaldi/egs/timit/s5_la5/fbank/raw_fbank_train.4.ark:3057644
mjra0_si1236 /nfs-share/xinchi/kaldi/egs/timit/s5_la5/fbank/raw_fbank_train.3.ark:4430535
mcdd0_si883 /nfs-share/xinchi/kaldi/egs/timit/s5_la5/fbank/raw_fbank_train.2.ark:4733452
mjhi0_sx248 /nfs-share/xinchi/kaldi/egs/timit/s5_la5/fbank/raw_fbank_train.3.ark:3124155
msrr0_sx231 /nfs-share/xinchi/kaldi/egs/timit/s5_la5/fbank/raw_fbank_train.4.ark:6889841
mdlm0_sx334 /nfs-share/xinchi/kaldi/egs/timit/s5_la5/fbank/raw_fbank_train.2.ark:7955230
fdfb0_sx238 /nfs-share/xinchi/kaldi/egs/timit/s5_la5/fbank/raw_fbank_train.1.ark:2648116
mesg0_si1332 /nfs-share/xinchi/kaldi/egs/timit/s5_la5/fbank/raw_fbank_train.2.ark:10124878
mjai0_si710 /nfs-share/xinchi/kaldi/egs/timit/s5_la5/fbank/raw_fbank_train.3.ark:1898868
mdcm0_si1480 /nfs-share/xinchi/kaldi/egs/timit/s5_la5/fbank/raw_fbank_train.2.ark:6492473
mbgt0_si1841 /nfs-share/xinchi/kaldi/egs/timit/s5_la5/fbank/raw_fbank_train.2.ark:3546402
fsjk1_sx35 /nfs-share/xinchi/kaldi/egs/timit/s5_la5/fbank/raw_fbank_train.2.ark:22477
mwgr0_sx436 /nfs-share/xinchi/kaldi/egs/timit/s5_la5/fbank/raw_fbank_train.4.ark:11135360
mmbs0_sx431 /nfs-share/xinchi/kaldi/egs/timit/s5_la5/fbank/raw_fbank_train.3.ark:8482791
fklc0_si2245 /nfs-share/xinchi/kaldi/egs/timit/s5_la5/fbank/raw_fbank_train.1.ark:6723044
mjac0_si2148 /nfs-share/xinchi/kaldi/egs/timit/s5_la5/fbank/raw_fbank_train.3.ark:1677185
mdlc2_sx84 /nfs-share/xinchi/kaldi/egs/timit/s5_la5/fbank/raw_fbank_train.2.ark:7779526
mdrd0_si2012 /nfs-share/xinchi/kaldi/egs/timit/s5_la5/fbank/raw_fbank_train.2.ark:8794964
fmbg0_si2264 /nfs-share/xinchi/kaldi/egs/timit/s5_la5/fbank/raw_fbank_train.1.ark:8649479
msfv0_sx452 /nfs-share/xinchi/kaldi/egs/timit/s5_la5/fbank/raw_fbank_train.4.ark:6302878
fetb0_si1778 /nfs-share/xinchi/kaldi/egs/timit/s5_la5/fbank/raw_fbank_train.1.ark:3972865
mrcw0_sx201 /nfs-share/xinchi/kaldi/egs/timit/s5_la5/fbank/raw_fbank_train.4.ark:1327378
fdfb0_sx328 /nfs-share/xinchi/kaldi/egs/timit/s5_la5/fbank/raw_fbank_train.1.ark:2656949
mgxp0_sx97 /nfs-share/xinchi/kaldi/egs/timit/s5_la5/fbank/raw_fbank_train.3.ark:905040
mbsb0_sx273 /nfs-share/xinchi/kaldi/egs/timit/s5_la5/fbank/raw_fbank_train.2.ark:4156493
mjxa0_sx337 /nfs-share/xinchi/kaldi/egs/timit/s5_la5/fbank/raw_fbank_train.3.ark:5524311
mtlc0_si1477 /nfs-share/xinchi/kaldi/egs/timit/s5_la5/fbank/raw_fbank_train.4.ark:8821975
mtat0_sx30 /nfs-share/xinchi/kaldi/egs/timit/s5_la5/fbank/raw_fbank_train.4.ark:7423796
fjlg0_si2306 /nfs-share/xinchi/kaldi/egs/timit/s5_la5/fbank/raw_fbank_train.1.ark:5279526
msdb0_sx377 /nfs-share/xinchi/kaldi/egs/timit/s5_la5/fbank/raw_fbank_train.4.ark:5653638
mwgr0_sx76 /nfs-share/xinchi/kaldi/egs/timit/s5_la5/fbank/raw_fbank_train.4.ark:11143952
mmpm0_sx71 /nfs-share/xinchi/kaldi/egs/timit/s5_la5/fbank/raw_fbank_train.3.ark:9802534
mcdd0_sx253 /nfs-share/xinchi/kaldi/egs/timit/s5_la5/fbank/raw_fbank_train.2.ark:4757238
mfer0_sx322 /nfs-share/xinchi/kaldi/egs/timit/s5_la5/fbank/raw_fbank_train.2.ark:10450837
mrmh0_sx31 /nfs-share/xinchi/kaldi/egs/timit/s5_la5/fbank/raw_fbank_train.4.ark:3962455
mter0_sx437 /nfs-share/xinchi/kaldi/egs/timit/s5_la5/fbank/raw_fbank_train.4.ark:8056580
flja0_si2338 /nfs-share/xinchi/kaldi/egs/timit/s5_la5/fbank/raw_fbank_train.1.ark:7639826
mgaw0_sx355 /nfs-share/xinchi/kaldi/egs/timit/s5_la5/fbank/raw_fbank_train.3.ark:167045
mdmt0_sx302 /nfs-share/xinchi/kaldi/egs/timit/s5_la5/fbank/raw_fbank_train.2.ark:8366931
mram0_sx195 /nfs-share/xinchi/kaldi/egs/timit/s5_la5/fbank/raw_fbank_train.4.ark:937349
mjjb0_sx239 /nfs-share/xinchi/kaldi/egs/timit/s5_la5/fbank/raw_fbank_train.3.ark:3222501
mhbs0_si945 /nfs-share/xinchi/kaldi/egs/timit/s5_la5/fbank/raw_fbank_train.3.ark:939381
mdwd0_si557 /nfs-share/xinchi/kaldi/egs/timit/s5_la5/fbank/raw_fbank_train.2.ark:9283963
fpaf0_sx154 /nfs-share/xinchi/kaldi/egs/timit/s5_la5/fbank/raw_fbank_train.1.ark:10134736
msat0_sx266 /nfs-share/xinchi/kaldi/egs/timit/s5_la5/fbank/raw_fbank_train.4.ark:5458728
mppc0_sx62 /nfs-share/xinchi/kaldi/egs/timit/s5_la5/fbank/raw_fbank_train.4.ark:37510
mvlo0_si517 /nfs-share/xinchi/kaldi/egs/timit/s5_la5/fbank/raw_fbank_train.4.ark:10320984
mrxb0_sx235 /nfs-share/xinchi/kaldi/egs/timit/s5_la5/fbank/raw_fbank_train.4.ark:5178492
fskl0_si899 /nfs-share/xinchi/kaldi/egs/timit/s5_la5/fbank/raw_fbank_train.2.ark:375406
fdkn0_si1711 /nfs-share/xinchi/kaldi/egs/timit/s5_la5/fbank/raw_fbank_train.1.ark:2819381
mrkm0_sx7 /nfs-share/xinchi/kaldi/egs/timit/s5_la5/fbank/raw_fbank_train.4.ark:3214373
fcyl0_sx37 /nfs-share/xinchi/kaldi/egs/timit/s5_la5/fbank/raw_fbank_train.1.ark:2375024
mprk0_sx107 /nfs-share/xinchi/kaldi/egs/timit/s5_la5/fbank/raw_fbank_train.4.ark:329494
mjmm0_si1255 /nfs-share/xinchi/kaldi/egs/timit/s5_la5/fbank/raw_fbank_train.3.ark:4051795
mejs0_sx340 /nfs-share/xinchi/kaldi/egs/timit/s5_la5/fbank/raw_fbank_train.2.ark:10094539
mkxl0_si1958 /nfs-share/xinchi/kaldi/egs/timit/s5_la5/fbank/raw_fbank_train.3.ark:7165758
flkm0_si620 /nfs-share/xinchi/kaldi/egs/timit/s5_la5/fbank/raw_fbank_train.1.ark:7946267
mtpg0_si1383 /nfs-share/xinchi/kaldi/egs/timit/s5_la5/fbank/raw_fbank_train.4.ark:9298307
mdcd0_si2045 /nfs-share/xinchi/kaldi/egs/timit/s5_la5/fbank/raw_fbank_train.2.ark:6407082
mbml0_sx269 /nfs-share/xinchi/kaldi/egs/timit/s5_la5/fbank/raw_fbank_train.2.ark:3979561
mrdd0_sx60 /nfs-share/xinchi/kaldi/egs/timit/s5_la5/fbank/raw_fbank_train.4.ark:1444982
mjls0_sx376 /nfs-share/xinchi/kaldi/egs/timit/s5_la5/fbank/raw_fbank_train.3.ark:3860150
mgak0_sx226 /nfs-share/xinchi/kaldi/egs/timit/s5_la5/fbank/raw_fbank_train.2.ark:11202487
mrmg0_si1710 /nfs-share/xinchi/kaldi/egs/timit/s5_la5/fbank/raw_fbank_train.4.ark:3799944
mkaj0_sx244 /nfs-share/xinchi/kaldi/egs/timit/s5_la5/fbank/raw_fbank_train.3.ark:5910577
mmdg0_sx160 /nfs-share/xinchi/kaldi/egs/timit/s5_la5/fbank/raw_fbank_train.3.ark:8736047
mmlm0_si1527 /nfs-share/xinchi/kaldi/egs/timit/s5_la5/fbank/raw_fbank_train.3.ark:9629077
mreh1_sx429 /nfs-share/xinchi/kaldi/egs/timit/s5_la5/fbank/raw_fbank_train.4.ark:1831531
fjsp0_sx84 /nfs-share/xinchi/kaldi/egs/timit/s5_la5/fbank/raw_fbank_train.1.ark:5862656
mwar0_sx415 /nfs-share/xinchi/kaldi/egs/timit/s5_la5/fbank/raw_fbank_train.4.ark:10749418
fdfb0_si1318 /nfs-share/xinchi/kaldi/egs/timit/s5_la5/fbank/raw_fbank_train.1.ark:2607582
mtwh1_sx342 /nfs-share/xinchi/kaldi/egs/timit/s5_la5/fbank/raw_fbank_train.4.ark:10056967
mjlg1_si1642 /nfs-share/xinchi/kaldi/egs/timit/s5_la5/fbank/raw_fbank_train.3.ark:3689407
mrfl0_sx76 /nfs-share/xinchi/kaldi/egs/timit/s5_la5/fbank/raw_fbank_train.4.ark:2236703
fdml0_si2075 /nfs-share/xinchi/kaldi/egs/timit/s5_la5/fbank/raw_fbank_train.1.ark:2925927
mdhs0_sx90 /nfs-share/xinchi/kaldi/egs/timit/s5_la5/fbank/raw_fbank_train.2.ark:7179214
mdns0_si2271 /nfs-share/xinchi/kaldi/egs/timit/s5_la5/fbank/raw_fbank_train.2.ark:8422344
mdcm0_sx130 /nfs-share/xinchi/kaldi/egs/timit/s5_la5/fbank/raw_fbank_train.2.ark:6533693
fcaj0_sx219 /nfs-share/xinchi/kaldi/egs/timit/s5_la5/fbank/raw_fbank_train.1.ark:1386028
mkxl0_si1185 /nfs-share/xinchi/kaldi/egs/timit/s5_la5/fbank/raw_fbank_train.3.ark:7137530
mbom0_sx204 /nfs-share/xinchi/kaldi/egs/timit/s5_la5/fbank/raw_fbank_train.2.ark:4070147
mjrk0_si2103 /nfs-share/xinchi/kaldi/egs/timit/s5_la5/fbank/raw_fbank_train.3.ark:4833230
mgsl0_sx264 /nfs-share/xinchi/kaldi/egs/timit/s5_la5/fbank/raw_fbank_train.3.ark:755880
