mmsm0_sx206 /nfs-share/xinchi/kaldi/egs/timit/s5_la5/fbank/raw_fbank_train.3.ark:9974885
mjwg0_sx175 /nfs-share/xinchi/kaldi/egs/timit/s5_la5/fbank/raw_fbank_train.3.ark:5184850
mbef0_sx201 /nfs-share/xinchi/kaldi/egs/timit/s5_la5/fbank/raw_fbank_train.2.ark:3506116
fmkc0_sx262 /nfs-share/xinchi/kaldi/egs/timit/s5_la5/fbank/raw_fbank_train.1.ark:9188908
mvlo0_si1147 /nfs-share/xinchi/kaldi/egs/timit/s5_la5/fbank/raw_fbank_train.4.ark:10299517
mdlr0_sx63 /nfs-share/xinchi/kaldi/egs/timit/s5_la5/fbank/raw_fbank_train.2.ark:8077400
fksr0_sx366 /nfs-share/xinchi/kaldi/egs/timit/s5_la5/fbank/raw_fbank_train.1.ark:7077292
mjlb0_sx86 /nfs-share/xinchi/kaldi/egs/timit/s5_la5/fbank/raw_fbank_train.3.ark:3669019
fjlg0_sx89 /nfs-share/xinchi/kaldi/egs/timit/s5_la5/fbank/raw_fbank_train.1.ark:5340290
fgrw0_si1782 /nfs-share/xinchi/kaldi/egs/timit/s5_la5/fbank/raw_fbank_train.1.ark:4520151
mded0_sx360 /nfs-share/xinchi/kaldi/egs/timit/s5_la5/fbank/raw_fbank_train.2.ark:6749529
fkkh0_sx210 /nfs-share/xinchi/kaldi/egs/timit/s5_la5/fbank/raw_fbank_train.1.ark:6672958
mtmn0_sx344 /nfs-share/xinchi/kaldi/egs/timit/s5_la5/fbank/raw_fbank_train.4.ark:9076518
mrml0_sx71 /nfs-share/xinchi/kaldi/egs/timit/s5_la5/fbank/raw_fbank_train.4.ark:4090993
fcke0_sx121 /nfs-share/xinchi/kaldi/egs/timit/s5_la5/fbank/raw_fbank_train.1.ark:1857040
fcke0_si1741 /nfs-share/xinchi/kaldi/egs/timit/s5_la5/fbank/raw_fbank_train.1.ark:1819694
mrgs0_sx96 /nfs-share/xinchi/kaldi/egs/timit/s5_la5/fbank/raw_fbank_train.4.ark:2470391
fmem0_sx387 /nfs-share/xinchi/kaldi/egs/timit/s5_la5/fbank/raw_fbank_train.1.ark:8813507
fcmg0_sx252 /nfs-share/xinchi/kaldi/egs/timit/s5_la5/fbank/raw_fbank_train.1.ark:2056444
mclm0_sx376 /nfs-share/xinchi/kaldi/egs/timit/s5_la5/fbank/raw_fbank_train.2.ark:5411207
fklc1_sx58 /nfs-share/xinchi/kaldi/egs/timit/s5_la5/fbank/raw_fbank_train.1.ark:6903627
mmbs0_sx71 /nfs-share/xinchi/kaldi/egs/timit/s5_la5/fbank/raw_fbank_train.3.ark:8497263
mtwh1_sx342 /nfs-share/xinchi/kaldi/egs/timit/s5_la5/fbank/raw_fbank_train.4.ark:10056967
mmbs0_si521 /nfs-share/xinchi/kaldi/egs/timit/s5_la5/fbank/raw_fbank_train.3.ark:8416499
mgrl0_sx327 /nfs-share/xinchi/kaldi/egs/timit/s5_la5/fbank/raw_fbank_train.3.ark:440241
fsms1_sx154 /nfs-share/xinchi/kaldi/egs/timit/s5_la5/fbank/raw_fbank_train.2.ark:888925
mlel0_sx166 /nfs-share/xinchi/kaldi/egs/timit/s5_la5/fbank/raw_fbank_train.3.ark:7370801
fnkl0_sx172 /nfs-share/xinchi/kaldi/egs/timit/s5_la5/fbank/raw_fbank_train.1.ark:9611891
mmdm0_sx51 /nfs-share/xinchi/kaldi/egs/timit/s5_la5/fbank/raw_fbank_train.3.ark:8889683
mkes0_sx443 /nfs-share/xinchi/kaldi/egs/timit/s5_la5/fbank/raw_fbank_train.3.ark:6443727
mjeb1_sx117 /nfs-share/xinchi/kaldi/egs/timit/s5_la5/fbank/raw_fbank_train.3.ark:2732743
mses0_sx419 /nfs-share/xinchi/kaldi/egs/timit/s5_la5/fbank/raw_fbank_train.4.ark:6082188
mbth0_sx212 /nfs-share/xinchi/kaldi/egs/timit/s5_la5/fbank/raw_fbank_train.2.ark:4242235
fgmb0_sx65 /nfs-share/xinchi/kaldi/egs/timit/s5_la5/fbank/raw_fbank_train.1.ark:4487523
mgrp0_sx147 /nfs-share/xinchi/kaldi/egs/timit/s5_la5/fbank/raw_fbank_train.3.ark:524160
mejl0_si1654 /nfs-share/xinchi/kaldi/egs/timit/s5_la5/fbank/raw_fbank_train.2.ark:9951382
mgsh0_sx6 /nfs-share/xinchi/kaldi/egs/timit/s5_la5/fbank/raw_fbank_train.3.ark:673882
fsjs0_sx271 /nfs-share/xinchi/kaldi/egs/timit/s5_la5/fbank/raw_fbank_train.2.ark:99277
mrlk0_si843 /nfs-share/xinchi/kaldi/egs/timit/s5_la5/fbank/raw_fbank_train.4.ark:3536022
mcae0_sx367 /nfs-share/xinchi/kaldi/egs/timit/s5_la5/fbank/raw_fbank_train.2.ark:4480558
flmk0_sx405 /nfs-share/xinchi/kaldi/egs/timit/s5_la5/fbank/raw_fbank_train.1.ark:8306948
ftbr0_sx291 /nfs-share/xinchi/kaldi/egs/timit/s5_la5/fbank/raw_fbank_train.2.ark:1417548
mprd0_si2061 /nfs-share/xinchi/kaldi/egs/timit/s5_la5/fbank/raw_fbank_train.4.ark:181283
majp0_si2334 /nfs-share/xinchi/kaldi/egs/timit/s5_la5/fbank/raw_fbank_train.2.ark:2608184
mjmd0_si1658 /nfs-share/xinchi/kaldi/egs/timit/s5_la5/fbank/raw_fbank_train.3.ark:3975083
mtml0_sx345 /nfs-share/xinchi/kaldi/egs/timit/s5_la5/fbank/raw_fbank_train.4.ark:8959253
flag0_sx24 /nfs-share/xinchi/kaldi/egs/timit/s5_la5/fbank/raw_fbank_train.1.ark:7282901
mcal0_sx148 /nfs-share/xinchi/kaldi/egs/timit/s5_la5/fbank/raw_fbank_train.2.ark:4554035
mlel0_sx76 /nfs-share/xinchi/kaldi/egs/timit/s5_la5/fbank/raw_fbank_train.3.ark:7428092
mram0_sx15 /nfs-share/xinchi/kaldi/egs/timit/s5_la5/fbank/raw_fbank_train.4.ark:924196
mrdd0_sx60 /nfs-share/xinchi/kaldi/egs/timit/s5_la5/fbank/raw_fbank_train.4.ark:1444982
mrjb1_sx390 /nfs-share/xinchi/kaldi/egs/timit/s5_la5/fbank/raw_fbank_train.4.ark:2673962
msat0_sx176 /nfs-share/xinchi/kaldi/egs/timit/s5_la5/fbank/raw_fbank_train.4.ark:5446495
mdpb0_si2126 /nfs-share/xinchi/kaldi/egs/timit/s5_la5/fbank/raw_fbank_train.2.ark:8518209
mrkm0_sx97 /nfs-share/xinchi/kaldi/egs/timit/s5_la5/fbank/raw_fbank_train.4.ark:3228165
fkdw0_sx37 /nfs-share/xinchi/kaldi/egs/timit/s5_la5/fbank/raw_fbank_train.1.ark:6468853
mrcw0_si2001 /nfs-share/xinchi/kaldi/egs/timit/s5_la5/fbank/raw_fbank_train.4.ark:1288079
mmgc0_sx225 /nfs-share/xinchi/kaldi/egs/timit/s5_la5/fbank/raw_fbank_train.3.ark:9308229
meal0_si1547 /nfs-share/xinchi/kaldi/egs/timit/s5_la5/fbank/raw_fbank_train.2.ark:9558531
mprb0_sx305 /nfs-share/xinchi/kaldi/egs/timit/s5_la5/fbank/raw_fbank_train.4.ark:127430
mjkr0_sx121 /nfs-share/xinchi/kaldi/egs/timit/s5_la5/fbank/raw_fbank_train.3.ark:3529183
mkjo0_sx424 /nfs-share/xinchi/kaldi/egs/timit/s5_la5/fbank/raw_fbank_train.3.ark:6518279
fdml0_sx69 /nfs-share/xinchi/kaldi/egs/timit/s5_la5/fbank/raw_fbank_train.1.ark:2974451
mjwt0_sx301 /nfs-share/xinchi/kaldi/egs/timit/s5_la5/fbank/raw_fbank_train.3.ark:5429366
mtxs0_sx160 /nfs-share/xinchi/kaldi/egs/timit/s5_la5/fbank/raw_fbank_train.4.ark:10133927
mesg0_sx72 /nfs-share/xinchi/kaldi/egs/timit/s5_la5/fbank/raw_fbank_train.2.ark:10216749
mkam0_si1250 /nfs-share/xinchi/kaldi/egs/timit/s5_la5/fbank/raw_fbank_train.3.ark:5950269
mwre0_si1687 /nfs-share/xinchi/kaldi/egs/timit/s5_la5/fbank/raw_fbank_train.4.ark:11172100
mdac0_sx271 /nfs-share/xinchi/kaldi/egs/timit/s5_la5/fbank/raw_fbank_train.2.ark:6061203
mhmr0_sx309 /nfs-share/xinchi/kaldi/egs/timit/s5_la5/fbank/raw_fbank_train.3.ark:1345021
mpmb0_sx331 /nfs-share/xinchi/kaldi/egs/timit/s5_la5/fbank/raw_fbank_train.3.ark:11393706
mgaf0_si1912 /nfs-share/xinchi/kaldi/egs/timit/s5_la5/fbank/raw_fbank_train.2.ark:10981818
fpac0_si2011 /nfs-share/xinchi/kaldi/egs/timit/s5_la5/fbank/raw_fbank_train.1.ark:9897779
mtlc0_sx217 /nfs-share/xinchi/kaldi/egs/timit/s5_la5/fbank/raw_fbank_train.4.ark:8858514
marc0_si1188 /nfs-share/xinchi/kaldi/egs/timit/s5_la5/fbank/raw_fbank_train.2.ark:2992418
mclk0_si1660 /nfs-share/xinchi/kaldi/egs/timit/s5_la5/fbank/raw_fbank_train.2.ark:5231751
mgak0_sx226 /nfs-share/xinchi/kaldi/egs/timit/s5_la5/fbank/raw_fbank_train.2.ark:11202487
fjxm0_si1211 /nfs-share/xinchi/kaldi/egs/timit/s5_la5/fbank/raw_fbank_train.1.ark:5969794
mtjs0_sx112 /nfs-share/xinchi/kaldi/egs/timit/s5_la5/fbank/raw_fbank_train.4.ark:8333916
fcaj0_si1804 /nfs-share/xinchi/kaldi/egs/timit/s5_la5/fbank/raw_fbank_train.1.ark:1352489
mrlr0_sx386 /nfs-share/xinchi/kaldi/egs/timit/s5_la5/fbank/raw_fbank_train.4.ark:3684931
flet0_sx147 /nfs-share/xinchi/kaldi/egs/timit/s5_la5/fbank/raw_fbank_train.1.ark:7466647
flja0_si2338 /nfs-share/xinchi/kaldi/egs/timit/s5_la5/fbank/raw_fbank_train.1.ark:7639826
fcke0_sx301 /nfs-share/xinchi/kaldi/egs/timit/s5_la5/fbank/raw_fbank_train.1.ark:1878146
mpsw0_sx24 /nfs-share/xinchi/kaldi/egs/timit/s5_la5/fbank/raw_fbank_train.4.ark:525896
mbcg0_si957 /nfs-share/xinchi/kaldi/egs/timit/s5_la5/fbank/raw_fbank_train.2.ark:3384145
mddc0_sx339 /nfs-share/xinchi/kaldi/egs/timit/s5_la5/fbank/raw_fbank_train.2.ark:6650664
mtat1_si1627 /nfs-share/xinchi/kaldi/egs/timit/s5_la5/fbank/raw_fbank_train.4.ark:7463730
mtjg0_sx170 /nfs-share/xinchi/kaldi/egs/timit/s5_la5/fbank/raw_fbank_train.4.ark:8113946
mtpp0_sx248 /nfs-share/xinchi/kaldi/egs/timit/s5_la5/fbank/raw_fbank_train.4.ark:9434945
mcth0_si1209 /nfs-share/xinchi/kaldi/egs/timit/s5_la5/fbank/raw_fbank_train.2.ark:5712635
mjdg0_sx142 /nfs-share/xinchi/kaldi/egs/timit/s5_la5/fbank/raw_fbank_train.3.ark:2414628
msmc0_sx377 /nfs-share/xinchi/kaldi/egs/timit/s5_la5/fbank/raw_fbank_train.4.ark:6526999
makr0_si1982 /nfs-share/xinchi/kaldi/egs/timit/s5_la5/fbank/raw_fbank_train.2.ark:2819042
ftaj0_sx429 /nfs-share/xinchi/kaldi/egs/timit/s5_la5/fbank/raw_fbank_train.2.ark:1321244
mwsh0_sx436 /nfs-share/xinchi/kaldi/egs/timit/s5_la5/fbank/raw_fbank_train.4.ark:11533378
mwsb0_sx96 /nfs-share/xinchi/kaldi/egs/timit/s5_la5/fbank/raw_fbank_train.4.ark:11430545
mkdt0_sx263 /nfs-share/xinchi/kaldi/egs/timit/s5_la5/fbank/raw_fbank_train.3.ark:6310236
fbjl0_sx382 /nfs-share/xinchi/kaldi/egs/timit/s5_la5/fbank/raw_fbank_train.1.ark:928160
fpac0_sx121 /nfs-share/xinchi/kaldi/egs/timit/s5_la5/fbank/raw_fbank_train.1.ark:9925645
fdmy0_sx117 /nfs-share/xinchi/kaldi/egs/timit/s5_la5/fbank/raw_fbank_train.1.ark:3053504
fvfb0_sx42 /nfs-share/xinchi/kaldi/egs/timit/s5_la5/fbank/raw_fbank_train.2.ark:1817921
mmdm1_si783 /nfs-share/xinchi/kaldi/egs/timit/s5_la5/fbank/raw_fbank_train.3.ark:8917784
fjxp0_sx312 /nfs-share/xinchi/kaldi/egs/timit/s5_la5/fbank/raw_fbank_train.1.ark:6138785
mpgr0_si2040 /nfs-share/xinchi/kaldi/egs/timit/s5_la5/fbank/raw_fbank_train.3.ark:11115323
fbch0_si956 /nfs-share/xinchi/kaldi/egs/timit/s5_la5/fbank/raw_fbank_train.1.ark:747058
mkam0_sx56 /nfs-share/xinchi/kaldi/egs/timit/s5_la5/fbank/raw_fbank_train.3.ark:6044461
mjfh0_si1107 /nfs-share/xinchi/kaldi/egs/timit/s5_la5/fbank/raw_fbank_train.3.ark:2884253
flja0_sx358 /nfs-share/xinchi/kaldi/egs/timit/s5_la5/fbank/raw_fbank_train.1.ark:7678725
fbjl0_sx22 /nfs-share/xinchi/kaldi/egs/timit/s5_la5/fbank/raw_fbank_train.1.ark:901294
mjrh1_sx64 /nfs-share/xinchi/kaldi/egs/timit/s5_la5/fbank/raw_fbank_train.3.ark:4816042
mcxm0_sx451 /nfs-share/xinchi/kaldi/egs/timit/s5_la5/fbank/raw_fbank_train.2.ark:5978364
mdks0_si2326 /nfs-share/xinchi/kaldi/egs/timit/s5_la5/fbank/raw_fbank_train.2.ark:7299541
mrgm0_si532 /nfs-share/xinchi/kaldi/egs/timit/s5_la5/fbank/raw_fbank_train.4.ark:2278204
mdns0_si2271 /nfs-share/xinchi/kaldi/egs/timit/s5_la5/fbank/raw_fbank_train.2.ark:8422344
mtxs0_si1690 /nfs-share/xinchi/kaldi/egs/timit/s5_la5/fbank/raw_fbank_train.4.ark:10108340
mtdb0_sx51 /nfs-share/xinchi/kaldi/egs/timit/s5_la5/fbank/raw_fbank_train.4.ark:7851322
mmdm1_sx153 /nfs-share/xinchi/kaldi/egs/timit/s5_la5/fbank/raw_fbank_train.3.ark:8928537
mcdc0_si1292 /nfs-share/xinchi/kaldi/egs/timit/s5_la5/fbank/raw_fbank_train.2.ark:4620320
flag0_si834 /nfs-share/xinchi/kaldi/egs/timit/s5_la5/fbank/raw_fbank_train.1.ark:7237443
fetb0_sx68 /nfs-share/xinchi/kaldi/egs/timit/s5_la5/fbank/raw_fbank_train.1.ark:4048542
mjde0_si463 /nfs-share/xinchi/kaldi/egs/timit/s5_la5/fbank/raw_fbank_train.3.ark:2270936
mtpr0_sx160 /nfs-share/xinchi/kaldi/egs/timit/s5_la5/fbank/raw_fbank_train.4.ark:9522537
flag0_si2094 /nfs-share/xinchi/kaldi/egs/timit/s5_la5/fbank/raw_fbank_train.1.ark:7228770
fksr0_si487 /nfs-share/xinchi/kaldi/egs/timit/s5_la5/fbank/raw_fbank_train.1.ark:7041473
fsdc0_si1942 /nfs-share/xinchi/kaldi/egs/timit/s5_la5/fbank/raw_fbank_train.1.ark:11444833
mjxl0_sx182 /nfs-share/xinchi/kaldi/egs/timit/s5_la5/fbank/raw_fbank_train.3.ark:5595230
mtbc0_si1173 /nfs-share/xinchi/kaldi/egs/timit/s5_la5/fbank/raw_fbank_train.4.ark:7565721
mbma1_sx144 /nfs-share/xinchi/kaldi/egs/timit/s5_la5/fbank/raw_fbank_train.2.ark:3867823
fcmm0_sx363 /nfs-share/xinchi/kaldi/egs/timit/s5_la5/fbank/raw_fbank_train.1.ark:2164022
fssb0_si1082 /nfs-share/xinchi/kaldi/egs/timit/s5_la5/fbank/raw_fbank_train.2.ark:1154980
mmwb0_si989 /nfs-share/xinchi/kaldi/egs/timit/s5_la5/fbank/raw_fbank_train.3.ark:10178150
mclm0_si2086 /nfs-share/xinchi/kaldi/egs/timit/s5_la5/fbank/raw_fbank_train.2.ark:5347530
mcpm0_sx384 /nfs-share/xinchi/kaldi/egs/timit/s5_la5/fbank/raw_fbank_train.2.ark:5504192
maeb0_si990 /nfs-share/xinchi/kaldi/egs/timit/s5_la5/fbank/raw_fbank_train.2.ark:2334347
mpar0_sx46 /nfs-share/xinchi/kaldi/egs/timit/s5_la5/fbank/raw_fbank_train.3.ark:10811581
fbch0_sx56 /nfs-share/xinchi/kaldi/egs/timit/s5_la5/fbank/raw_fbank_train.1.ark:828855
mtdp0_si1521 /nfs-share/xinchi/kaldi/egs/timit/s5_la5/fbank/raw_fbank_train.4.ark:7869270
mrfl0_si1786 /nfs-share/xinchi/kaldi/egs/timit/s5_la5/fbank/raw_fbank_train.4.ark:2157466
mses0_si2219 /nfs-share/xinchi/kaldi/egs/timit/s5_la5/fbank/raw_fbank_train.4.ark:6034816
mrdm0_sx155 /nfs-share/xinchi/kaldi/egs/timit/s5_la5/fbank/raw_fbank_train.4.ark:1497276
mjpg0_sx291 /nfs-share/xinchi/kaldi/egs/timit/s5_la5/fbank/raw_fbank_train.3.ark:4211378
mtpp0_sx68 /nfs-share/xinchi/kaldi/egs/timit/s5_la5/fbank/raw_fbank_train.4.ark:9471083
mtpg0_si2013 /nfs-share/xinchi/kaldi/egs/timit/s5_la5/fbank/raw_fbank_train.4.ark:9313621
mlns0_sx57 /nfs-share/xinchi/kaldi/egs/timit/s5_la5/fbank/raw_fbank_train.3.ark:7750767
mdef0_sx123 /nfs-share/xinchi/kaldi/egs/timit/s5_la5/fbank/raw_fbank_train.2.ark:6828569
freh0_sx145 /nfs-share/xinchi/kaldi/egs/timit/s5_la5/fbank/raw_fbank_train.1.ark:10643339
mrmg0_sx270 /nfs-share/xinchi/kaldi/egs/timit/s5_la5/fbank/raw_fbank_train.4.ark:3837524
mtmn0_sx74 /nfs-share/xinchi/kaldi/egs/timit/s5_la5/fbank/raw_fbank_train.4.ark:9096343
fkkh0_si660 /nfs-share/xinchi/kaldi/egs/timit/s5_la5/fbank/raw_fbank_train.1.ark:6647932
mrml0_si2051 /nfs-share/xinchi/kaldi/egs/timit/s5_la5/fbank/raw_fbank_train.4.ark:4001396
maeb0_sx360 /nfs-share/xinchi/kaldi/egs/timit/s5_la5/fbank/raw_fbank_train.2.ark:2369566
fsgf0_sx297 /nfs-share/xinchi/kaldi/egs/timit/s5_la5/fbank/raw_fbank_train.1.ark:11683568
fvmh0_si836 /nfs-share/xinchi/kaldi/egs/timit/s5_la5/fbank/raw_fbank_train.2.ark:1955767
mprk0_si1097 /nfs-share/xinchi/kaldi/egs/timit/s5_la5/fbank/raw_fbank_train.4.ark:276994
fdnc0_si1908 /nfs-share/xinchi/kaldi/egs/timit/s5_la5/fbank/raw_fbank_train.1.ark:3143783
mtkp0_si454 /nfs-share/xinchi/kaldi/egs/timit/s5_la5/fbank/raw_fbank_train.4.ark:8633278
mcef0_si1765 /nfs-share/xinchi/kaldi/egs/timit/s5_la5/fbank/raw_fbank_train.2.ark:4924789
msat1_si2333 /nfs-share/xinchi/kaldi/egs/timit/s5_la5/fbank/raw_fbank_train.4.ark:5520288
msfh0_sx226 /nfs-share/xinchi/kaldi/egs/timit/s5_la5/fbank/raw_fbank_train.4.ark:6165867
mjjb0_sx149 /nfs-share/xinchi/kaldi/egs/timit/s5_la5/fbank/raw_fbank_train.3.ark:3207348
msat1_sx443 /nfs-share/xinchi/kaldi/egs/timit/s5_la5/fbank/raw_fbank_train.4.ark:5568340
mrjt0_sx328 /nfs-share/xinchi/kaldi/egs/timit/s5_la5/fbank/raw_fbank_train.4.ark:3069037
fcrz0_si793 /nfs-share/xinchi/kaldi/egs/timit/s5_la5/fbank/raw_fbank_train.1.ark:2228108
mkah0_sx88 /nfs-share/xinchi/kaldi/egs/timit/s5_la5/fbank/raw_fbank_train.3.ark:5851650
fsrh0_sx401 /nfs-share/xinchi/kaldi/egs/timit/s5_la5/fbank/raw_fbank_train.2.ark:1128634
mmgk0_sx332 /nfs-share/xinchi/kaldi/egs/timit/s5_la5/fbank/raw_fbank_train.3.ark:9493513
mtrc0_sx273 /nfs-share/xinchi/kaldi/egs/timit/s5_la5/fbank/raw_fbank_train.4.ark:9785012
fljg0_si2241 /nfs-share/xinchi/kaldi/egs/timit/s5_la5/fbank/raw_fbank_train.1.ark:7829443
mctm0_si1350 /nfs-share/xinchi/kaldi/egs/timit/s5_la5/fbank/raw_fbank_train.2.ark:5809260
mdtb0_si570 /nfs-share/xinchi/kaldi/egs/timit/s5_la5/fbank/raw_fbank_train.2.ark:9183417
fvmh0_sx116 /nfs-share/xinchi/kaldi/egs/timit/s5_la5/fbank/raw_fbank_train.2.ark:1973240
flma0_si1243 /nfs-share/xinchi/kaldi/egs/timit/s5_la5/fbank/raw_fbank_train.1.ark:8045578
fpad0_sx266 /nfs-share/xinchi/kaldi/egs/timit/s5_la5/fbank/raw_fbank_train.1.ark:10044143
fsgf0_si2187 /nfs-share/xinchi/kaldi/egs/timit/s5_la5/fbank/raw_fbank_train.1.ark:11617444
fexm0_sx291 /nfs-share/xinchi/kaldi/egs/timit/s5_la5/fbank/raw_fbank_train.1.ark:4132582
fsbk0_sx79 /nfs-share/xinchi/kaldi/egs/timit/s5_la5/fbank/raw_fbank_train.1.ark:11293621
mtat1_sx149 /nfs-share/xinchi/kaldi/egs/timit/s5_la5/fbank/raw_fbank_train.4.ark:7490276
fhxs0_si2335 /nfs-share/xinchi/kaldi/egs/timit/s5_la5/fbank/raw_fbank_train.1.ark:4764717
feme0_sx155 /nfs-share/xinchi/kaldi/egs/timit/s5_la5/fbank/raw_fbank_train.1.ark:3895266
mhmr0_sx129 /nfs-share/xinchi/kaldi/egs/timit/s5_la5/fbank/raw_fbank_train.3.ark:1317835
mafm0_sx39 /nfs-share/xinchi/kaldi/egs/timit/s5_la5/fbank/raw_fbank_train.2.ark:2561849
fvmh0_si2096 /nfs-share/xinchi/kaldi/egs/timit/s5_la5/fbank/raw_fbank_train.2.ark:1944494
mmds0_si713 /nfs-share/xinchi/kaldi/egs/timit/s5_la5/fbank/raw_fbank_train.3.ark:9023809
mpgh0_si675 /nfs-share/xinchi/kaldi/egs/timit/s5_la5/fbank/raw_fbank_train.3.ark:11028698
meal0_sx287 /nfs-share/xinchi/kaldi/egs/timit/s5_la5/fbank/raw_fbank_train.2.ark:9603457
mrso0_sx39 /nfs-share/xinchi/kaldi/egs/timit/s5_la5/fbank/raw_fbank_train.4.ark:4490022
mjjm0_sx197 /nfs-share/xinchi/kaldi/egs/timit/s5_la5/fbank/raw_fbank_train.3.ark:3449743
mapv0_si1923 /nfs-share/xinchi/kaldi/egs/timit/s5_la5/fbank/raw_fbank_train.2.ark:2904467
mprt0_si495 /nfs-share/xinchi/kaldi/egs/timit/s5_la5/fbank/raw_fbank_train.4.ark:412812
fdml0_si2075 /nfs-share/xinchi/kaldi/egs/timit/s5_la5/fbank/raw_fbank_train.1.ark:2925927
fkaa0_sx38 /nfs-share/xinchi/kaldi/egs/timit/s5_la5/fbank/raw_fbank_train.1.ark:6252282
mbef0_si651 /nfs-share/xinchi/kaldi/egs/timit/s5_la5/fbank/raw_fbank_train.2.ark:3481650
mkxl0_si1815 /nfs-share/xinchi/kaldi/egs/timit/s5_la5/fbank/raw_fbank_train.3.ark:7147724
mrdd0_sx330 /nfs-share/xinchi/kaldi/egs/timit/s5_la5/fbank/raw_fbank_train.4.ark:1432070
mppc0_si782 /nfs-share/xinchi/kaldi/egs/timit/s5_la5/fbank/raw_fbank_train.3.ark:11481832
mmbs0_si1151 /nfs-share/xinchi/kaldi/egs/timit/s5_la5/fbank/raw_fbank_train.3.ark:8398512
msvs0_sx218 /nfs-share/xinchi/kaldi/egs/timit/s5_la5/fbank/raw_fbank_train.4.ark:7098849
flag0_si1464 /nfs-share/xinchi/kaldi/egs/timit/s5_la5/fbank/raw_fbank_train.1.ark:7208176
mmvp0_sx294 /nfs-share/xinchi/kaldi/egs/timit/s5_la5/fbank/raw_fbank_train.3.ark:10097863
mdps0_si719 /nfs-share/xinchi/kaldi/egs/timit/s5_la5/fbank/raw_fbank_train.2.ark:8714852
fear0_si1882 /nfs-share/xinchi/kaldi/egs/timit/s5_la5/fbank/raw_fbank_train.1.ark:3543525
fjhk0_sx302 /nfs-share/xinchi/kaldi/egs/timit/s5_la5/fbank/raw_fbank_train.1.ark:5127014
fskp0_sx18 /nfs-share/xinchi/kaldi/egs/timit/s5_la5/fbank/raw_fbank_train.2.ark:495976
mgag0_si691 /nfs-share/xinchi/kaldi/egs/timit/s5_la5/fbank/raw_fbank_train.2.ark:11075875
fdxw0_si1511 /nfs-share/xinchi/kaldi/egs/timit/s5_la5/fbank/raw_fbank_train.1.ark:3343801
mprd0_sx351 /nfs-share/xinchi/kaldi/egs/timit/s5_la5/fbank/raw_fbank_train.4.ark:239695
fklc1_sx238 /nfs-share/xinchi/kaldi/egs/timit/s5_la5/fbank/raw_fbank_train.1.ark:6864609
mcre0_si1725 /nfs-share/xinchi/kaldi/egs/timit/s5_la5/fbank/raw_fbank_train.2.ark:5527300
madc0_sx197 /nfs-share/xinchi/kaldi/egs/timit/s5_la5/fbank/raw_fbank_train.2.ark:2174275
mwsh0_si1426 /nfs-share/xinchi/kaldi/egs/timit/s5_la5/fbank/raw_fbank_train.4.ark:11440819
mmam0_si1597 /nfs-share/xinchi/kaldi/egs/timit/s5_la5/fbank/raw_fbank_train.3.ark:8188781
mrbc0_sx59 /nfs-share/xinchi/kaldi/egs/timit/s5_la5/fbank/raw_fbank_train.4.ark:1146306
fgcs0_si1486 /nfs-share/xinchi/kaldi/egs/timit/s5_la5/fbank/raw_fbank_train.1.ark:4175922
mrwa0_sx343 /nfs-share/xinchi/kaldi/egs/timit/s5_la5/fbank/raw_fbank_train.4.ark:4997035
mrem0_sx61 /nfs-share/xinchi/kaldi/egs/timit/s5_la5/fbank/raw_fbank_train.4.ark:1945467
mrab0_si594 /nfs-share/xinchi/kaldi/egs/timit/s5_la5/fbank/raw_fbank_train.4.ark:592295
msfh0_si1738 /nfs-share/xinchi/kaldi/egs/timit/s5_la5/fbank/raw_fbank_train.4.ark:6113048
mjjj0_sx443 /nfs-share/xinchi/kaldi/egs/timit/s5_la5/fbank/raw_fbank_train.3.ark:3362872
fkkh0_si1920 /nfs-share/xinchi/kaldi/egs/timit/s5_la5/fbank/raw_fbank_train.1.ark:6627299
mtlb0_si504 /nfs-share/xinchi/kaldi/egs/timit/s5_la5/fbank/raw_fbank_train.4.ark:8729743
fjkl0_sx212 /nfs-share/xinchi/kaldi/egs/timit/s5_la5/fbank/raw_fbank_train.1.ark:5205766
mreh1_sx159 /nfs-share/xinchi/kaldi/egs/timit/s5_la5/fbank/raw_fbank_train.4.ark:1793792
mmeb0_si1357 /nfs-share/xinchi/kaldi/egs/timit/s5_la5/fbank/raw_fbank_train.3.ark:9167672
mdlm0_sx154 /nfs-share/xinchi/kaldi/egs/timit/s5_la5/fbank/raw_fbank_train.2.ark:7936204
mtjs0_si1192 /nfs-share/xinchi/kaldi/egs/timit/s5_la5/fbank/raw_fbank_train.4.ark:8280896
mpar0_sx226 /nfs-share/xinchi/kaldi/egs/timit/s5_la5/fbank/raw_fbank_train.3.ark:10779803
mljc0_sx235 /nfs-share/xinchi/kaldi/egs/timit/s5_la5/fbank/raw_fbank_train.3.ark:7495619
mdsj0_sx112 /nfs-share/xinchi/kaldi/egs/timit/s5_la5/fbank/raw_fbank_train.2.ark:8934055
fhxs0_sx265 /nfs-share/xinchi/kaldi/egs/timit/s5_la5/fbank/raw_fbank_train.1.ark:4794663
fpls0_si2220 /nfs-share/xinchi/kaldi/egs/timit/s5_la5/fbank/raw_fbank_train.1.ark:10404865
fklc0_sx175 /nfs-share/xinchi/kaldi/egs/timit/s5_la5/fbank/raw_fbank_train.1.ark:6751910
mrdm0_sx65 /nfs-share/xinchi/kaldi/egs/timit/s5_la5/fbank/raw_fbank_train.4.ark:1547287
fbmj0_sx246 /nfs-share/xinchi/kaldi/egs/timit/s5_la5/fbank/raw_fbank_train.1.ark:1202697
mdlc0_sx45 /nfs-share/xinchi/kaldi/egs/timit/s5_la5/fbank/raw_fbank_train.2.ark:7596475
fsbk0_si1069 /nfs-share/xinchi/kaldi/egs/timit/s5_la5/fbank/raw_fbank_train.1.ark:11199629
mhjb0_sx27 /nfs-share/xinchi/kaldi/egs/timit/s5_la5/fbank/raw_fbank_train.3.ark:1158810
mtkp0_si2283 /nfs-share/xinchi/kaldi/egs/timit/s5_la5/fbank/raw_fbank_train.4.ark:8612005
mclk0_si650 /nfs-share/xinchi/kaldi/egs/timit/s5_la5/fbank/raw_fbank_train.2.ark:5255498
flod0_sx297 /nfs-share/xinchi/kaldi/egs/timit/s5_la5/fbank/raw_fbank_train.1.ark:8400653
fmah1_sx339 /nfs-share/xinchi/kaldi/egs/timit/s5_la5/fbank/raw_fbank_train.1.ark:8585032
mrlr0_si1196 /nfs-share/xinchi/kaldi/egs/timit/s5_la5/fbank/raw_fbank_train.4.ark:3600260
fsdj0_sx305 /nfs-share/xinchi/kaldi/egs/timit/s5_la5/fbank/raw_fbank_train.1.ark:11576271
mtpg0_si1383 /nfs-share/xinchi/kaldi/egs/timit/s5_la5/fbank/raw_fbank_train.4.ark:9298307
mrjm0_sx328 /nfs-share/xinchi/kaldi/egs/timit/s5_la5/fbank/raw_fbank_train.4.ark:2866467
fjsp0_sx84 /nfs-share/xinchi/kaldi/egs/timit/s5_la5/fbank/raw_fbank_train.1.ark:5862656
fjhk0_sx392 /nfs-share/xinchi/kaldi/egs/timit/s5_la5/fbank/raw_fbank_train.1.ark:5147679
fmkf0_si906 /nfs-share/xinchi/kaldi/egs/timit/s5_la5/fbank/raw_fbank_train.1.ark:9272507
fsjk1_sx125 /nfs-share/xinchi/kaldi/egs/timit/s5_la5/fbank/raw_fbank_train.1.ark:11874760
mrav0_sx198 /nfs-share/xinchi/kaldi/egs/timit/s5_la5/fbank/raw_fbank_train.4.ark:1026695
fcjs0_sx77 /nfs-share/xinchi/kaldi/egs/timit/s5_la5/fbank/raw_fbank_train.1.ark:1802706
mjhi0_sx428 /nfs-share/xinchi/kaldi/egs/timit/s5_la5/fbank/raw_fbank_train.3.ark:3146141
mmab1_si1494 /nfs-share/xinchi/kaldi/egs/timit/s5_la5/fbank/raw_fbank_train.3.ark:7970971
mjma0_sx55 /nfs-share/xinchi/kaldi/egs/timit/s5_la5/fbank/raw_fbank_train.3.ark:3954015
fceg0_si1878 /nfs-share/xinchi/kaldi/egs/timit/s5_la5/fbank/raw_fbank_train.1.ark:1575099
mtrc0_si993 /nfs-share/xinchi/kaldi/egs/timit/s5_la5/fbank/raw_fbank_train.4.ark:9751193
falk0_sx6 /nfs-share/xinchi/kaldi/egs/timit/s5_la5/fbank/raw_fbank_train.1.ark:287977
mmam0_si1668 /nfs-share/xinchi/kaldi/egs/timit/s5_la5/fbank/raw_fbank_train.3.ark:8203935
mrjh0_si914 /nfs-share/xinchi/kaldi/egs/timit/s5_la5/fbank/raw_fbank_train.4.ark:2727422
mdlc1_sx355 /nfs-share/xinchi/kaldi/egs/timit/s5_la5/fbank/raw_fbank_train.2.ark:7678116
mkdd0_si2197 /nfs-share/xinchi/kaldi/egs/timit/s5_la5/fbank/raw_fbank_train.3.ark:6172873
mwsb0_si2256 /nfs-share/xinchi/kaldi/egs/timit/s5_la5/fbank/raw_fbank_train.4.ark:11364590
mrjm1_sx398 /nfs-share/xinchi/kaldi/egs/timit/s5_la5/fbank/raw_fbank_train.4.ark:2997477
msdb0_sx377 /nfs-share/xinchi/kaldi/egs/timit/s5_la5/fbank/raw_fbank_train.4.ark:5653638
mdrd0_si752 /nfs-share/xinchi/kaldi/egs/timit/s5_la5/fbank/raw_fbank_train.2.ark:8805877
mclk0_sx130 /nfs-share/xinchi/kaldi/egs/timit/s5_la5/fbank/raw_fbank_train.2.ark:5278651
mjde0_si1120 /nfs-share/xinchi/kaldi/egs/timit/s5_la5/fbank/raw_fbank_train.3.ark:2245663
mjfh0_sx297 /nfs-share/xinchi/kaldi/egs/timit/s5_la5/fbank/raw_fbank_train.3.ark:2944891
fcmg0_si1142 /nfs-share/xinchi/kaldi/egs/timit/s5_la5/fbank/raw_fbank_train.1.ark:2000270
mbma1_si2214 /nfs-share/xinchi/kaldi/egs/timit/s5_la5/fbank/raw_fbank_train.2.ark:3838877
mjra0_sx426 /nfs-share/xinchi/kaldi/egs/timit/s5_la5/fbank/raw_fbank_train.3.ark:4505854
mbjv0_sx257 /nfs-share/xinchi/kaldi/egs/timit/s5_la5/fbank/raw_fbank_train.2.ark:3692806
mdsj0_si832 /nfs-share/xinchi/kaldi/egs/timit/s5_la5/fbank/raw_fbank_train.2.ark:8922902
fcdr1_sx106 /nfs-share/xinchi/kaldi/egs/timit/s5_la5/fbank/raw_fbank_train.1.ark:1496220
mpgh0_si924 /nfs-share/xinchi/kaldi/egs/timit/s5_la5/fbank/raw_fbank_train.3.ark:11045411
mwch0_sx452 /nfs-share/xinchi/kaldi/egs/timit/s5_la5/fbank/raw_fbank_train.4.ark:10832124
mjac0_si1331 /nfs-share/xinchi/kaldi/egs/timit/s5_la5/fbank/raw_fbank_train.3.ark:1664231
fljd0_si2146 /nfs-share/xinchi/kaldi/egs/timit/s5_la5/fbank/raw_fbank_train.1.ark:7737098
flod0_si657 /nfs-share/xinchi/kaldi/egs/timit/s5_la5/fbank/raw_fbank_train.1.ark:8354841
mmsm0_sx386 /nfs-share/xinchi/kaldi/egs/timit/s5_la5/fbank/raw_fbank_train.3.ark:10010583
fapb0_si2323 /nfs-share/xinchi/kaldi/egs/timit/s5_la5/fbank/raw_fbank_train.1.ark:431736
mjrp0_si1835 /nfs-share/xinchi/kaldi/egs/timit/s5_la5/fbank/raw_fbank_train.3.ark:4917821
mbma1_si2207 /nfs-share/xinchi/kaldi/egs/timit/s5_la5/fbank/raw_fbank_train.2.ark:3831163
mkrg0_sx231 /nfs-share/xinchi/kaldi/egs/timit/s5_la5/fbank/raw_fbank_train.3.ark:7105399
mges0_si1481 /nfs-share/xinchi/kaldi/egs/timit/s5_la5/fbank/raw_fbank_train.3.ark:193384
mfxv0_si1005 /nfs-share/xinchi/kaldi/egs/timit/s5_la5/fbank/raw_fbank_train.2.ark:10870718
mtat1_sx419 /nfs-share/xinchi/kaldi/egs/timit/s5_la5/fbank/raw_fbank_train.4.ark:7540975
mmsm0_si476 /nfs-share/xinchi/kaldi/egs/timit/s5_la5/fbank/raw_fbank_train.3.ark:9947699
fntb0_sx393 /nfs-share/xinchi/kaldi/egs/timit/s5_la5/fbank/raw_fbank_train.1.ark:9752766
mmar0_si706 /nfs-share/xinchi/kaldi/egs/timit/s5_la5/fbank/raw_fbank_train.3.ark:8309234
fsah0_si1244 /nfs-share/xinchi/kaldi/egs/timit/s5_la5/fbank/raw_fbank_train.1.ark:10996139
mrem0_sx331 /nfs-share/xinchi/kaldi/egs/timit/s5_la5/fbank/raw_fbank_train.4.ark:1920762
mrds0_sx447 /nfs-share/xinchi/kaldi/egs/timit/s5_la5/fbank/raw_fbank_train.4.ark:1625840
mmlm0_si2150 /nfs-share/xinchi/kaldi/egs/timit/s5_la5/fbank/raw_fbank_train.3.ark:9634231
mtlb0_sx324 /nfs-share/xinchi/kaldi/egs/timit/s5_la5/fbank/raw_fbank_train.4.ark:8762002
feac0_sx75 /nfs-share/xinchi/kaldi/egs/timit/s5_la5/fbank/raw_fbank_train.1.ark:3522577
mzmb0_sx446 /nfs-share/xinchi/kaldi/egs/timit/s5_la5/fbank/raw_fbank_train.4.ark:11636003
mkaj0_si784 /nfs-share/xinchi/kaldi/egs/timit/s5_la5/fbank/raw_fbank_train.3.ark:5890551
msfh0_sx406 /nfs-share/xinchi/kaldi/egs/timit/s5_la5/fbank/raw_fbank_train.4.ark:6191573
fcmg0_sx162 /nfs-share/xinchi/kaldi/egs/timit/s5_la5/fbank/raw_fbank_train.1.ark:2042571
mtrt0_si1857 /nfs-share/xinchi/kaldi/egs/timit/s5_la5/fbank/raw_fbank_train.4.ark:9929890
fmkc0_sx82 /nfs-share/xinchi/kaldi/egs/timit/s5_la5/fbank/raw_fbank_train.1.ark:9229326
feeh0_sx122 /nfs-share/xinchi/kaldi/egs/timit/s5_la5/fbank/raw_fbank_train.1.ark:3790001
fsjs0_si1801 /nfs-share/xinchi/kaldi/egs/timit/s5_la5/fbank/raw_fbank_train.2.ark:52378
mmpm0_sx71 /nfs-share/xinchi/kaldi/egs/timit/s5_la5/fbank/raw_fbank_train.3.ark:9802534
mtpr0_sx340 /nfs-share/xinchi/kaldi/egs/timit/s5_la5/fbank/raw_fbank_train.4.ark:9554283
mdcd0_sx65 /nfs-share/xinchi/kaldi/egs/timit/s5_la5/fbank/raw_fbank_train.2.ark:6483959
mjeb1_sx297 /nfs-share/xinchi/kaldi/egs/timit/s5_la5/fbank/raw_fbank_train.3.ark:2761561
feeh0_sx212 /nfs-share/xinchi/kaldi/egs/timit/s5_la5/fbank/raw_fbank_train.1.ark:3803434
fksr0_si1117 /nfs-share/xinchi/kaldi/egs/timit/s5_la5/fbank/raw_fbank_train.1.ark:7017286
fsdj0_sx395 /nfs-share/xinchi/kaldi/egs/timit/s5_la5/fbank/raw_fbank_train.1.ark:11595016
makb0_sx386 /nfs-share/xinchi/kaldi/egs/timit/s5_la5/fbank/raw_fbank_train.2.ark:2799974
flmk0_sx45 /nfs-share/xinchi/kaldi/egs/timit/s5_la5/fbank/raw_fbank_train.1.ark:8318060
fklc1_si1678 /nfs-share/xinchi/kaldi/egs/timit/s5_la5/fbank/raw_fbank_train.1.ark:6837869
mkag0_si1609 /nfs-share/xinchi/kaldi/egs/timit/s5_la5/fbank/raw_fbank_train.3.ark:5659915
fgcs0_sx316 /nfs-share/xinchi/kaldi/egs/timit/s5_la5/fbank/raw_fbank_train.1.ark:4236488
mtpr0_sx250 /nfs-share/xinchi/kaldi/egs/timit/s5_la5/fbank/raw_fbank_train.4.ark:9539690
mfxs0_sx414 /nfs-share/xinchi/kaldi/egs/timit/s5_la5/fbank/raw_fbank_train.2.ark:10844052
mtjg0_si2157 /nfs-share/xinchi/kaldi/egs/timit/s5_la5/fbank/raw_fbank_train.4.ark:8093040
mtmn0_si582 /nfs-share/xinchi/kaldi/egs/timit/s5_la5/fbank/raw_fbank_train.4.ark:9031379
mjjj0_sx263 /nfs-share/xinchi/kaldi/egs/timit/s5_la5/fbank/raw_fbank_train.3.ark:3334526
fkfb0_sx258 /nfs-share/xinchi/kaldi/egs/timit/s5_la5/fbank/raw_fbank_train.1.ark:6543813
fsdj0_si485 /nfs-share/xinchi/kaldi/egs/timit/s5_la5/fbank/raw_fbank_train.1.ark:11547612
mdlc1_si2144 /nfs-share/xinchi/kaldi/egs/timit/s5_la5/fbank/raw_fbank_train.2.ark:7643857
fsrh0_sx41 /nfs-share/xinchi/kaldi/egs/timit/s5_la5/fbank/raw_fbank_train.2.ark:1140146
fecd0_sx248 /nfs-share/xinchi/kaldi/egs/timit/s5_la5/fbank/raw_fbank_train.1.ark:3698529
fgrw0_sx342 /nfs-share/xinchi/kaldi/egs/timit/s5_la5/fbank/raw_fbank_train.1.ark:4573484
fbmj0_sx156 /nfs-share/xinchi/kaldi/egs/timit/s5_la5/fbank/raw_fbank_train.1.ark:1189104
mcdr0_si524 /nfs-share/xinchi/kaldi/egs/timit/s5_la5/fbank/raw_fbank_train.2.ark:4837757
mrfk0_sx176 /nfs-share/xinchi/kaldi/egs/timit/s5_la5/fbank/raw_fbank_train.4.ark:2083707
mjae0_sx354 /nfs-share/xinchi/kaldi/egs/timit/s5_la5/fbank/raw_fbank_train.3.ark:1824223
mwre0_sx247 /nfs-share/xinchi/kaldi/egs/timit/s5_la5/fbank/raw_fbank_train.4.ark:11201800
fsjg0_sx130 /nfs-share/xinchi/kaldi/egs/timit/s5_la5/fbank/raw_fbank_train.1.ark:11754335
mcal0_sx58 /nfs-share/xinchi/kaldi/egs/timit/s5_la5/fbank/raw_fbank_train.2.ark:4604566
mses0_sx149 /nfs-share/xinchi/kaldi/egs/timit/s5_la5/fbank/raw_fbank_train.4.ark:6046929
fceg0_sx258 /nfs-share/xinchi/kaldi/egs/timit/s5_la5/fbank/raw_fbank_train.1.ark:1598238
mesj0_sx97 /nfs-share/xinchi/kaldi/egs/timit/s5_la5/fbank/raw_fbank_train.2.ark:10301932
fgmb0_sx245 /nfs-share/xinchi/kaldi/egs/timit/s5_la5/fbank/raw_fbank_train.1.ark:4444585
mjjb0_sx59 /nfs-share/xinchi/kaldi/egs/timit/s5_la5/fbank/raw_fbank_train.3.ark:3263639
mdlh0_sx70 /nfs-share/xinchi/kaldi/egs/timit/s5_la5/fbank/raw_fbank_train.2.ark:7890870
mdks0_sx166 /nfs-share/xinchi/kaldi/egs/timit/s5_la5/fbank/raw_fbank_train.2.ark:7311694
fjen0_sx417 /nfs-share/xinchi/kaldi/egs/timit/s5_la5/fbank/raw_fbank_train.1.ark:5030861
mljh0_sx154 /nfs-share/xinchi/kaldi/egs/timit/s5_la5/fbank/raw_fbank_train.3.ark:7600131
mcth0_si1839 /nfs-share/xinchi/kaldi/egs/timit/s5_la5/fbank/raw_fbank_train.2.ark:5726949
mree0_si1734 /nfs-share/xinchi/kaldi/egs/timit/s5_la5/fbank/raw_fbank_train.4.ark:1662660
fpmy0_sx343 /nfs-share/xinchi/kaldi/egs/timit/s5_la5/fbank/raw_fbank_train.1.ark:10574733
makb0_sx206 /nfs-share/xinchi/kaldi/egs/timit/s5_la5/fbank/raw_fbank_train.2.ark:2767276
mwsh0_sx76 /nfs-share/xinchi/kaldi/egs/timit/s5_la5/fbank/raw_fbank_train.4.ark:11543770
mtab0_sx132 /nfs-share/xinchi/kaldi/egs/timit/s5_la5/fbank/raw_fbank_train.4.ark:7205521
mjeb0_si1286 /nfs-share/xinchi/kaldi/egs/timit/s5_la5/fbank/raw_fbank_train.3.ark:2582618
msmc0_sx287 /nfs-share/xinchi/kaldi/egs/timit/s5_la5/fbank/raw_fbank_train.4.ark:6514966
mhmr0_sx219 /nfs-share/xinchi/kaldi/egs/timit/s5_la5/fbank/raw_fbank_train.3.ark:1329988
mmvp0_sx347 /nfs-share/xinchi/kaldi/egs/timit/s5_la5/fbank/raw_fbank_train.3.ark:10109696
fdml0_si1779 /nfs-share/xinchi/kaldi/egs/timit/s5_la5/fbank/raw_fbank_train.1.ark:2915533
mrlj0_sx340 /nfs-share/xinchi/kaldi/egs/timit/s5_la5/fbank/raw_fbank_train.4.ark:3385630
mmag0_si1126 /nfs-share/xinchi/kaldi/egs/timit/s5_la5/fbank/raw_fbank_train.3.ark:8076636
mrdm0_si1044 /nfs-share/xinchi/kaldi/egs/timit/s5_la5/fbank/raw_fbank_train.4.ark:1458576
mctm0_sx90 /nfs-share/xinchi/kaldi/egs/timit/s5_la5/fbank/raw_fbank_train.2.ark:5898491
msem1_si1440 /nfs-share/xinchi/kaldi/egs/timit/s5_la5/fbank/raw_fbank_train.4.ark:5882843
mbjv0_si1877 /nfs-share/xinchi/kaldi/egs/timit/s5_la5/fbank/raw_fbank_train.2.ark:3657267
mmdm0_sx321 /nfs-share/xinchi/kaldi/egs/timit/s5_la5/fbank/raw_fbank_train.3.ark:8860778
fpac0_sx301 /nfs-share/xinchi/kaldi/egs/timit/s5_la5/fbank/raw_fbank_train.1.ark:9950431
mdbb1_si2056 /nfs-share/xinchi/kaldi/egs/timit/s5_la5/fbank/raw_fbank_train.2.ark:6220745
mmdm0_sx411 /nfs-share/xinchi/kaldi/egs/timit/s5_la5/fbank/raw_fbank_train.3.ark:8875371
mbom0_si2274 /nfs-share/xinchi/kaldi/egs/timit/s5_la5/fbank/raw_fbank_train.2.ark:4049961
mjjj0_sx173 /nfs-share/xinchi/kaldi/egs/timit/s5_la5/fbank/raw_fbank_train.3.ark:3320733
mjrh0_si1755 /nfs-share/xinchi/kaldi/egs/timit/s5_la5/fbank/raw_fbank_train.3.ark:4639739
mmdm1_sx63 /nfs-share/xinchi/kaldi/egs/timit/s5_la5/fbank/raw_fbank_train.3.ark:8991348
mjxl0_si1795 /nfs-share/xinchi/kaldi/egs/timit/s5_la5/fbank/raw_fbank_train.3.ark:5576324
fpad0_sx356 /nfs-share/xinchi/kaldi/egs/timit/s5_la5/fbank/raw_fbank_train.1.ark:10056256
msdb0_si2267 /nfs-share/xinchi/kaldi/egs/timit/s5_la5/fbank/raw_fbank_train.4.ark:5614674
mcae0_sx97 /nfs-share/xinchi/kaldi/egs/timit/s5_la5/fbank/raw_fbank_train.2.ark:4511381
fpab1_si841 /nfs-share/xinchi/kaldi/egs/timit/s5_la5/fbank/raw_fbank_train.1.ark:9796187
mrab1_sx128 /nfs-share/xinchi/kaldi/egs/timit/s5_la5/fbank/raw_fbank_train.4.ark:704233
mvrw0_si855 /nfs-share/xinchi/kaldi/egs/timit/s5_la5/fbank/raw_fbank_train.4.ark:10421329
mmws0_sx168 /nfs-share/xinchi/kaldi/egs/timit/s5_la5/fbank/raw_fbank_train.3.ark:10305487
mtlc0_si1313 /nfs-share/xinchi/kaldi/egs/timit/s5_la5/fbank/raw_fbank_train.4.ark:8804781
mtrc0_sx183 /nfs-share/xinchi/kaldi/egs/timit/s5_la5/fbank/raw_fbank_train.4.ark:9775379
fhlm0_sx120 /nfs-share/xinchi/kaldi/egs/timit/s5_la5/fbank/raw_fbank_train.1.ark:4645003
mrhl0_si2145 /nfs-share/xinchi/kaldi/egs/timit/s5_la5/fbank/raw_fbank_train.4.ark:2486779
mrds0_sx87 /nfs-share/xinchi/kaldi/egs/timit/s5_la5/fbank/raw_fbank_train.4.ark:1635112
fgdp0_sx88 /nfs-share/xinchi/kaldi/egs/timit/s5_la5/fbank/raw_fbank_train.1.ark:4365218
mtml0_sx435 /nfs-share/xinchi/kaldi/egs/timit/s5_la5/fbank/raw_fbank_train.4.ark:8970806
mdjm0_sx285 /nfs-share/xinchi/kaldi/egs/timit/s5_la5/fbank/raw_fbank_train.2.ark:7260646
mgrp0_si1317 /nfs-share/xinchi/kaldi/egs/timit/s5_la5/fbank/raw_fbank_train.3.ark:482900
madc0_sx17 /nfs-share/xinchi/kaldi/egs/timit/s5_la5/fbank/raw_fbank_train.2.ark:2166162
msmc0_si1907 /nfs-share/xinchi/kaldi/egs/timit/s5_la5/fbank/raw_fbank_train.4.ark:6438969
mcdr0_si1154 /nfs-share/xinchi/kaldi/egs/timit/s5_la5/fbank/raw_fbank_train.2.ark:4801810
mljc0_si1225 /nfs-share/xinchi/kaldi/egs/timit/s5_la5/fbank/raw_fbank_train.3.ark:7441846
mhxl0_si1772 /nfs-share/xinchi/kaldi/egs/timit/s5_la5/fbank/raw_fbank_train.3.ark:1472465
fecd0_si1418 /nfs-share/xinchi/kaldi/egs/timit/s5_la5/fbank/raw_fbank_train.1.ark:3633836
mrpc1_sx222 /nfs-share/xinchi/kaldi/egs/timit/s5_la5/fbank/raw_fbank_train.4.ark:4232267
fdmy0_sx387 /nfs-share/xinchi/kaldi/egs/timit/s5_la5/fbank/raw_fbank_train.1.ark:3105315
mlsh0_sx67 /nfs-share/xinchi/kaldi/egs/timit/s5_la5/fbank/raw_fbank_train.3.ark:7850872
feme0_si1505 /nfs-share/xinchi/kaldi/egs/timit/s5_la5/fbank/raw_fbank_train.1.ark:3853486
fsms1_sx347 /nfs-share/xinchi/kaldi/egs/timit/s5_la5/fbank/raw_fbank_train.2.ark:923104
mlns0_sx147 /nfs-share/xinchi/kaldi/egs/timit/s5_la5/fbank/raw_fbank_train.3.ark:7704996
mdlm0_si1864 /nfs-share/xinchi/kaldi/egs/timit/s5_la5/fbank/raw_fbank_train.2.ark:7909338
mmar0_sx166 /nfs-share/xinchi/kaldi/egs/timit/s5_la5/fbank/raw_fbank_train.3.ark:8318587
fspm0_sx431 /nfs-share/xinchi/kaldi/egs/timit/s5_la5/fbank/raw_fbank_train.2.ark:1038689
fear0_sx172 /nfs-share/xinchi/kaldi/egs/timit/s5_la5/fbank/raw_fbank_train.1.ark:3564631
mfmc0_si1762 /nfs-share/xinchi/kaldi/egs/timit/s5_la5/fbank/raw_fbank_train.2.ark:10494210
mmdb0_si1358 /nfs-share/xinchi/kaldi/egs/timit/s5_la5/fbank/raw_fbank_train.3.ark:8607522
mmdg0_si2035 /nfs-share/xinchi/kaldi/egs/timit/s5_la5/fbank/raw_fbank_train.3.ark:8714261
mjjm0_sx107 /nfs-share/xinchi/kaldi/egs/timit/s5_la5/fbank/raw_fbank_train.3.ark:3432518
mdma0_si2060 /nfs-share/xinchi/kaldi/egs/timit/s5_la5/fbank/raw_fbank_train.2.ark:8216367
mrxb0_si2215 /nfs-share/xinchi/kaldi/egs/timit/s5_la5/fbank/raw_fbank_train.4.ark:5132073
fmpg0_si1602 /nfs-share/xinchi/kaldi/egs/timit/s5_la5/fbank/raw_fbank_train.1.ark:9445206
mdps0_sx269 /nfs-share/xinchi/kaldi/egs/timit/s5_la5/fbank/raw_fbank_train.2.ark:8738078
mbbr0_sx65 /nfs-share/xinchi/kaldi/egs/timit/s5_la5/fbank/raw_fbank_train.2.ark:3357045
fjwb1_si748 /nfs-share/xinchi/kaldi/egs/timit/s5_la5/fbank/raw_fbank_train.1.ark:5886963
mmeb0_sx187 /nfs-share/xinchi/kaldi/egs/timit/s5_la5/fbank/raw_fbank_train.3.ark:9201092
mcxm0_sx91 /nfs-share/xinchi/kaldi/egs/timit/s5_la5/fbank/raw_fbank_train.2.ark:5993276
mefg0_sx15 /nfs-share/xinchi/kaldi/egs/timit/s5_la5/fbank/raw_fbank_train.2.ark:9783592
fgrw0_sx162 /nfs-share/xinchi/kaldi/egs/timit/s5_la5/fbank/raw_fbank_train.1.ark:4544538
flma0_sx163 /nfs-share/xinchi/kaldi/egs/timit/s5_la5/fbank/raw_fbank_train.1.ark:8081398
mkdb0_sx422 /nfs-share/xinchi/kaldi/egs/timit/s5_la5/fbank/raw_fbank_train.3.ark:6129293
mkaj0_sx154 /nfs-share/xinchi/kaldi/egs/timit/s5_la5/fbank/raw_fbank_train.3.ark:5901744
mgak0_si1036 /nfs-share/xinchi/kaldi/egs/timit/s5_la5/fbank/raw_fbank_train.2.ark:11142913
mdtb0_sx321 /nfs-share/xinchi/kaldi/egs/timit/s5_la5/fbank/raw_fbank_train.2.ark:9227229
fcjs0_sx437 /nfs-share/xinchi/kaldi/egs/timit/s5_la5/fbank/raw_fbank_train.1.ark:1786874
flhd0_sx264 /nfs-share/xinchi/kaldi/egs/timit/s5_la5/fbank/raw_fbank_train.1.ark:7562786
mdcm0_si850 /nfs-share/xinchi/kaldi/egs/timit/s5_la5/fbank/raw_fbank_train.2.ark:6522580
medr0_si2004 /nfs-share/xinchi/kaldi/egs/timit/s5_la5/fbank/raw_fbank_train.2.ark:9647431
mdlr0_si1863 /nfs-share/xinchi/kaldi/egs/timit/s5_la5/fbank/raw_fbank_train.2.ark:7999443
marw0_si1276 /nfs-share/xinchi/kaldi/egs/timit/s5_la5/fbank/raw_fbank_train.2.ark:3072083
fgdp0_si988 /nfs-share/xinchi/kaldi/egs/timit/s5_la5/fbank/raw_fbank_train.1.ark:4290734
fjxm0_sx131 /nfs-share/xinchi/kaldi/egs/timit/s5_la5/fbank/raw_fbank_train.1.ark:6005574
mjdc0_sx171 /nfs-share/xinchi/kaldi/egs/timit/s5_la5/fbank/raw_fbank_train.3.ark:2194778
mmdg0_sx430 /nfs-share/xinchi/kaldi/egs/timit/s5_la5/fbank/raw_fbank_train.3.ark:8780586
mrfl0_sx346 /nfs-share/xinchi/kaldi/egs/timit/s5_la5/fbank/raw_fbank_train.4.ark:2211958
mjdc0_sx441 /nfs-share/xinchi/kaldi/egs/timit/s5_la5/fbank/raw_fbank_train.3.ark:2228077
fntb0_si1203 /nfs-share/xinchi/kaldi/egs/timit/s5_la5/fbank/raw_fbank_train.1.ark:9669336
fecd0_si788 /nfs-share/xinchi/kaldi/egs/timit/s5_la5/fbank/raw_fbank_train.1.ark:3667063
mjrk0_sx160 /nfs-share/xinchi/kaldi/egs/timit/s5_la5/fbank/raw_fbank_train.3.ark:4857776
fskp0_si468 /nfs-share/xinchi/kaldi/egs/timit/s5_la5/fbank/raw_fbank_train.2.ark:474431
mapv0_sx303 /nfs-share/xinchi/kaldi/egs/timit/s5_la5/fbank/raw_fbank_train.2.ark:2961759
mtmt0_si488 /nfs-share/xinchi/kaldi/egs/timit/s5_la5/fbank/raw_fbank_train.4.ark:9129564
fecd0_sx428 /nfs-share/xinchi/kaldi/egs/timit/s5_la5/fbank/raw_fbank_train.1.ark:3724555
mkam0_si1316 /nfs-share/xinchi/kaldi/egs/timit/s5_la5/fbank/raw_fbank_train.3.ark:5968183
mcdd0_si2143 /nfs-share/xinchi/kaldi/egs/timit/s5_la5/fbank/raw_fbank_train.2.ark:4722179
mcdr0_sx344 /nfs-share/xinchi/kaldi/egs/timit/s5_la5/fbank/raw_fbank_train.2.ark:4881216
fkkh0_sx120 /nfs-share/xinchi/kaldi/egs/timit/s5_la5/fbank/raw_fbank_train.1.ark:6659245
mklw0_si2201 /nfs-share/xinchi/kaldi/egs/timit/s5_la5/fbank/raw_fbank_train.3.ark:6967908
mrbc0_sx329 /nfs-share/xinchi/kaldi/egs/timit/s5_la5/fbank/raw_fbank_train.4.ark:1118241
mdbb1_si1636 /nfs-share/xinchi/kaldi/egs/timit/s5_la5/fbank/raw_fbank_train.2.ark:6213191
mbar0_si1319 /nfs-share/xinchi/kaldi/egs/timit/s5_la5/fbank/raw_fbank_train.2.ark:3176028
mtpf0_si1865 /nfs-share/xinchi/kaldi/egs/timit/s5_la5/fbank/raw_fbank_train.4.ark:9219836
makr0_sx452 /nfs-share/xinchi/kaldi/egs/timit/s5_la5/fbank/raw_fbank_train.2.ark:2865087
fcdr1_si1186 /nfs-share/xinchi/kaldi/egs/timit/s5_la5/fbank/raw_fbank_train.1.ark:1433240
fleh0_sx151 /nfs-share/xinchi/kaldi/egs/timit/s5_la5/fbank/raw_fbank_train.1.ark:7358062
mwch0_si1622 /nfs-share/xinchi/kaldi/egs/timit/s5_la5/fbank/raw_fbank_train.4.ark:10772924
fmjb0_si1177 /nfs-share/xinchi/kaldi/egs/timit/s5_la5/fbank/raw_fbank_train.1.ark:8828981
fmju0_sx219 /nfs-share/xinchi/kaldi/egs/timit/s5_la5/fbank/raw_fbank_train.1.ark:9089842
mdcm0_sx310 /nfs-share/xinchi/kaldi/egs/timit/s5_la5/fbank/raw_fbank_train.2.ark:6558719
ftaj0_sx159 /nfs-share/xinchi/kaldi/egs/timit/s5_la5/fbank/raw_fbank_train.2.ark:1293665
fsjw0_si1963 /nfs-share/xinchi/kaldi/egs/timit/s5_la5/fbank/raw_fbank_train.2.ark:171363
mwar0_sx145 /nfs-share/xinchi/kaldi/egs/timit/s5_la5/fbank/raw_fbank_train.4.ark:10717679
mrld0_sx64 /nfs-share/xinchi/kaldi/egs/timit/s5_la5/fbank/raw_fbank_train.4.ark:3315750
mjhi0_si698 /nfs-share/xinchi/kaldi/egs/timit/s5_la5/fbank/raw_fbank_train.3.ark:3100969
fdas1_si831 /nfs-share/xinchi/kaldi/egs/timit/s5_la5/fbank/raw_fbank_train.1.ark:2428798
mtdp0_sx171 /nfs-share/xinchi/kaldi/egs/timit/s5_la5/fbank/raw_fbank_train.4.ark:7904657
fjkl0_sx302 /nfs-share/xinchi/kaldi/egs/timit/s5_la5/fbank/raw_fbank_train.1.ark:5220079
mtat0_sx210 /nfs-share/xinchi/kaldi/egs/timit/s5_la5/fbank/raw_fbank_train.4.ark:7414844
fkkh0_sx390 /nfs-share/xinchi/kaldi/egs/timit/s5_la5/fbank/raw_fbank_train.1.ark:6702376
mtdb0_sx141 /nfs-share/xinchi/kaldi/egs/timit/s5_la5/fbank/raw_fbank_train.4.ark:7805471
mbcg0_sx57 /nfs-share/xinchi/kaldi/egs/timit/s5_la5/fbank/raw_fbank_train.2.ark:3448149
mjdc0_sx81 /nfs-share/xinchi/kaldi/egs/timit/s5_la5/fbank/raw_fbank_train.3.ark:2237549
mjdg0_si1042 /nfs-share/xinchi/kaldi/egs/timit/s5_la5/fbank/raw_fbank_train.3.ark:2378207
mges0_si851 /nfs-share/xinchi/kaldi/egs/timit/s5_la5/fbank/raw_fbank_train.3.ark:205091
fskp0_sx288 /nfs-share/xinchi/kaldi/egs/timit/s5_la5/fbank/raw_fbank_train.2.ark:515562
mmgg0_sx269 /nfs-share/xinchi/kaldi/egs/timit/s5_la5/fbank/raw_fbank_train.3.ark:9398775
mjmm0_si1885 /nfs-share/xinchi/kaldi/egs/timit/s5_la5/fbank/raw_fbank_train.3.ark:4069029
mdac0_sx91 /nfs-share/xinchi/kaldi/egs/timit/s5_la5/fbank/raw_fbank_train.2.ark:6097301
mjdm0_sx170 /nfs-share/xinchi/kaldi/egs/timit/s5_la5/fbank/raw_fbank_train.3.ark:2506973
mtjg0_si1520 /nfs-share/xinchi/kaldi/egs/timit/s5_la5/fbank/raw_fbank_train.4.ark:8085086
marw0_sx286 /nfs-share/xinchi/kaldi/egs/timit/s5_la5/fbank/raw_fbank_train.2.ark:3125528
fsma0_si991 /nfs-share/xinchi/kaldi/egs/timit/s5_la5/fbank/raw_fbank_train.2.ark:659122
mdcm0_sx400 /nfs-share/xinchi/kaldi/egs/timit/s5_la5/fbank/raw_fbank_train.2.ark:6580384
mbml0_sx449 /nfs-share/xinchi/kaldi/egs/timit/s5_la5/fbank/raw_fbank_train.2.ark:4003587
mvrw0_sx405 /nfs-share/xinchi/kaldi/egs/timit/s5_la5/fbank/raw_fbank_train.4.ark:10462061
mtju0_sx220 /nfs-share/xinchi/kaldi/egs/timit/s5_la5/fbank/raw_fbank_train.4.ark:8443654
mdrd0_sx32 /nfs-share/xinchi/kaldi/egs/timit/s5_la5/fbank/raw_fbank_train.2.ark:8870608
mrab0_sx234 /nfs-share/xinchi/kaldi/egs/timit/s5_la5/fbank/raw_fbank_train.4.ark:611201
mrvg0_sx420 /nfs-share/xinchi/kaldi/egs/timit/s5_la5/fbank/raw_fbank_train.4.ark:4914443
fpjf0_sx352 /nfs-share/xinchi/kaldi/egs/timit/s5_la5/fbank/raw_fbank_train.1.ark:10367085
fbmh0_sx56 /nfs-share/xinchi/kaldi/egs/timit/s5_la5/fbank/raw_fbank_train.1.ark:1134211
mtmn0_sx254 /nfs-share/xinchi/kaldi/egs/timit/s5_la5/fbank/raw_fbank_train.4.ark:9067365
mjdg0_si1672 /nfs-share/xinchi/kaldi/egs/timit/s5_la5/fbank/raw_fbank_train.3.ark:2389601
mpsw0_sx77 /nfs-share/xinchi/kaldi/egs/timit/s5_la5/fbank/raw_fbank_train.4.ark:554594
mmrp0_si2034 /nfs-share/xinchi/kaldi/egs/timit/s5_la5/fbank/raw_fbank_train.3.ark:9812768
mrxb0_sx55 /nfs-share/xinchi/kaldi/egs/timit/s5_la5/fbank/raw_fbank_train.4.ark:5211390
mcpm0_sx294 /nfs-share/xinchi/kaldi/egs/timit/s5_la5/fbank/raw_fbank_train.2.ark:5495359
mrtc0_si828 /nfs-share/xinchi/kaldi/egs/timit/s5_la5/fbank/raw_fbank_train.4.ark:4654141
fbch0_sx236 /nfs-share/xinchi/kaldi/egs/timit/s5_la5/fbank/raw_fbank_train.1.ark:789957
mmdm0_si681 /nfs-share/xinchi/kaldi/egs/timit/s5_la5/fbank/raw_fbank_train.3.ark:8830839
mdlc2_sx264 /nfs-share/xinchi/kaldi/egs/timit/s5_la5/fbank/raw_fbank_train.2.ark:7748588
mewm0_sx178 /nfs-share/xinchi/kaldi/egs/timit/s5_la5/fbank/raw_fbank_train.2.ark:10337946
mmpm0_sx431 /nfs-share/xinchi/kaldi/egs/timit/s5_la5/fbank/raw_fbank_train.3.ark:9789702
mdlr0_si603 /nfs-share/xinchi/kaldi/egs/timit/s5_la5/fbank/raw_fbank_train.2.ark:8009036
mgrl0_sx417 /nfs-share/xinchi/kaldi/egs/timit/s5_la5/fbank/raw_fbank_train.3.ark:462434
fklc1_si2308 /nfs-share/xinchi/kaldi/egs/timit/s5_la5/fbank/raw_fbank_train.1.ark:6845623
mjeb0_sx386 /nfs-share/xinchi/kaldi/egs/timit/s5_la5/fbank/raw_fbank_train.3.ark:2669529
mdjm0_si2085 /nfs-share/xinchi/kaldi/egs/timit/s5_la5/fbank/raw_fbank_train.2.ark:7206242
mdlr1_sx129 /nfs-share/xinchi/kaldi/egs/timit/s5_la5/fbank/raw_fbank_train.2.ark:8130814
fpls0_sx60 /nfs-share/xinchi/kaldi/egs/timit/s5_la5/fbank/raw_fbank_train.1.ark:10474420
mmdb0_sx447 /nfs-share/xinchi/kaldi/egs/timit/s5_la5/fbank/raw_fbank_train.3.ark:8678281
fear0_si622 /nfs-share/xinchi/kaldi/egs/timit/s5_la5/fbank/raw_fbank_train.1.ark:3551958
marc0_sx378 /nfs-share/xinchi/kaldi/egs/timit/s5_la5/fbank/raw_fbank_train.2.ark:3061329
fsjw0_sx163 /nfs-share/xinchi/kaldi/egs/timit/s5_la5/fbank/raw_fbank_train.2.ark:194309
fcyl0_si1297 /nfs-share/xinchi/kaldi/egs/timit/s5_la5/fbank/raw_fbank_train.1.ark:2295266
mjkr0_sx301 /nfs-share/xinchi/kaldi/egs/timit/s5_la5/fbank/raw_fbank_train.3.ark:3553689
msjk0_si2226 /nfs-share/xinchi/kaldi/egs/timit/s5_la5/fbank/raw_fbank_train.4.ark:6352378
mrew1_sx150 /nfs-share/xinchi/kaldi/egs/timit/s5_la5/fbank/raw_fbank_train.4.ark:1987841
fclt0_sx88 /nfs-share/xinchi/kaldi/egs/timit/s5_la5/fbank/raw_fbank_train.1.ark:1986316
mgrl0_sx57 /nfs-share/xinchi/kaldi/egs/timit/s5_la5/fbank/raw_fbank_train.3.ark:474546
mjfh0_sx387 /nfs-share/xinchi/kaldi/egs/timit/s5_la5/fbank/raw_fbank_train.3.ark:2953124
fjdm2_sx232 /nfs-share/xinchi/kaldi/egs/timit/s5_la5/fbank/raw_fbank_train.1.ark:4892729
mdwh0_si1168 /nfs-share/xinchi/kaldi/egs/timit/s5_la5/fbank/raw_fbank_train.2.ark:9342801
mmdg0_sx70 /nfs-share/xinchi/kaldi/egs/timit/s5_la5/fbank/raw_fbank_train.3.ark:8796738
mrfl0_si526 /nfs-share/xinchi/kaldi/egs/timit/s5_la5/fbank/raw_fbank_train.4.ark:2166259
msmr0_sx145 /nfs-share/xinchi/kaldi/egs/timit/s5_la5/fbank/raw_fbank_train.4.ark:6582493
mtat0_sx390 /nfs-share/xinchi/kaldi/egs/timit/s5_la5/fbank/raw_fbank_train.4.ark:7440542
mmlm0_sx267 /nfs-share/xinchi/kaldi/egs/timit/s5_la5/fbank/raw_fbank_train.3.ark:9669130
fceg0_sx348 /nfs-share/xinchi/kaldi/egs/timit/s5_la5/fbank/raw_fbank_train.1.ark:1608831
mbar0_sx239 /nfs-share/xinchi/kaldi/egs/timit/s5_la5/fbank/raw_fbank_train.2.ark:3226521
mbth0_si2102 /nfs-share/xinchi/kaldi/egs/timit/s5_la5/fbank/raw_fbank_train.2.ark:4185983
mdlc1_sx85 /nfs-share/xinchi/kaldi/egs/timit/s5_la5/fbank/raw_fbank_train.2.ark:7696541
mrmb0_sx411 /nfs-share/xinchi/kaldi/egs/timit/s5_la5/fbank/raw_fbank_train.4.ark:3765324
mchl0_sx447 /nfs-share/xinchi/kaldi/egs/timit/s5_la5/fbank/raw_fbank_train.2.ark:5212045
fpmy0_sx253 /nfs-share/xinchi/kaldi/egs/timit/s5_la5/fbank/raw_fbank_train.1.ark:10563420
mrms0_si2057 /nfs-share/xinchi/kaldi/egs/timit/s5_la5/fbank/raw_fbank_train.4.ark:4119261
fdkn0_sx451 /nfs-share/xinchi/kaldi/egs/timit/s5_la5/fbank/raw_fbank_train.1.ark:2869233
mlns0_sx327 /nfs-share/xinchi/kaldi/egs/timit/s5_la5/fbank/raw_fbank_train.3.ark:7721942
mjma0_sx145 /nfs-share/xinchi/kaldi/egs/timit/s5_la5/fbank/raw_fbank_train.3.ark:3916764
mtlc0_si847 /nfs-share/xinchi/kaldi/egs/timit/s5_la5/fbank/raw_fbank_train.4.ark:8840968
mjwt0_sx391 /nfs-share/xinchi/kaldi/egs/timit/s5_la5/fbank/raw_fbank_train.3.ark:5453591
mjda0_sx311 /nfs-share/xinchi/kaldi/egs/timit/s5_la5/fbank/raw_fbank_train.3.ark:2114419
mcdr0_sx164 /nfs-share/xinchi/kaldi/egs/timit/s5_la5/fbank/raw_fbank_train.2.ark:4857110
medr0_sx24 /nfs-share/xinchi/kaldi/egs/timit/s5_la5/fbank/raw_fbank_train.2.ark:9699282
fjen0_si1677 /nfs-share/xinchi/kaldi/egs/timit/s5_la5/fbank/raw_fbank_train.1.ark:4958175
mrds0_si1167 /nfs-share/xinchi/kaldi/egs/timit/s5_la5/fbank/raw_fbank_train.4.ark:1555881
mbwp0_sx349 /nfs-share/xinchi/kaldi/egs/timit/s5_la5/fbank/raw_fbank_train.2.ark:4350373
mrlk0_sx33 /nfs-share/xinchi/kaldi/egs/timit/s5_la5/fbank/raw_fbank_train.4.ark:3580393
mdns0_sx21 /nfs-share/xinchi/kaldi/egs/timit/s5_la5/fbank/raw_fbank_train.2.ark:8472075
mdwd0_si1890 /nfs-share/xinchi/kaldi/egs/timit/s5_la5/fbank/raw_fbank_train.2.ark:9268970
fjlr0_si1861 /nfs-share/xinchi/kaldi/egs/timit/s5_la5/fbank/raw_fbank_train.1.ark:5369398
fkfb0_si978 /nfs-share/xinchi/kaldi/egs/timit/s5_la5/fbank/raw_fbank_train.1.ark:6519627
mreh1_sx339 /nfs-share/xinchi/kaldi/egs/timit/s5_la5/fbank/raw_fbank_train.4.ark:1819218
mjfr0_sx165 /nfs-share/xinchi/kaldi/egs/timit/s5_la5/fbank/raw_fbank_train.3.ark:3000898
flag0_sx294 /nfs-share/xinchi/kaldi/egs/timit/s5_la5/fbank/raw_fbank_train.1.ark:7294734
mdss0_si1881 /nfs-share/xinchi/kaldi/egs/timit/s5_la5/fbank/raw_fbank_train.2.ark:8997500
mwar0_sx325 /nfs-share/xinchi/kaldi/egs/timit/s5_la5/fbank/raw_fbank_train.4.ark:10740145
mpeb0_sx240 /nfs-share/xinchi/kaldi/egs/timit/s5_la5/fbank/raw_fbank_train.3.ark:10858908
msdh0_si2240 /nfs-share/xinchi/kaldi/egs/timit/s5_la5/fbank/raw_fbank_train.4.ark:5668386
mtjm0_si655 /nfs-share/xinchi/kaldi/egs/timit/s5_la5/fbank/raw_fbank_train.4.ark:8212778
mdbb1_sx376 /nfs-share/xinchi/kaldi/egs/timit/s5_la5/fbank/raw_fbank_train.2.ark:6277629
mjfr0_sx75 /nfs-share/xinchi/kaldi/egs/timit/s5_la5/fbank/raw_fbank_train.3.ark:3061269
flhd0_sx174 /nfs-share/xinchi/kaldi/egs/timit/s5_la5/fbank/raw_fbank_train.1.ark:7547153
mklw0_sx401 /nfs-share/xinchi/kaldi/egs/timit/s5_la5/fbank/raw_fbank_train.3.ark:7017720
mtbc0_sx183 /nfs-share/xinchi/kaldi/egs/timit/s5_la5/fbank/raw_fbank_train.4.ark:7603181
mppc0_sx242 /nfs-share/xinchi/kaldi/egs/timit/s5_la5/fbank/raw_fbank_train.4.ark:12
mjmd0_sx38 /nfs-share/xinchi/kaldi/egs/timit/s5_la5/fbank/raw_fbank_train.3.ark:4027808
mtat0_si1110 /nfs-share/xinchi/kaldi/egs/timit/s5_la5/fbank/raw_fbank_train.4.ark:7353751
fclt0_si2068 /nfs-share/xinchi/kaldi/egs/timit/s5_la5/fbank/raw_fbank_train.1.ark:1915359
mdlb0_si1936 /nfs-share/xinchi/kaldi/egs/timit/s5_la5/fbank/raw_fbank_train.2.ark:7408213
mbar0_si689 /nfs-share/xinchi/kaldi/egs/timit/s5_la5/fbank/raw_fbank_train.2.ark:3196775
mrsp0_sx169 /nfs-share/xinchi/kaldi/egs/timit/s5_la5/fbank/raw_fbank_train.4.ark:4561189
mjpg0_sx201 /nfs-share/xinchi/kaldi/egs/timit/s5_la5/fbank/raw_fbank_train.3.ark:4193873
mmea0_sx218 /nfs-share/xinchi/kaldi/egs/timit/s5_la5/fbank/raw_fbank_train.3.ark:9125700
mwre0_si2317 /nfs-share/xinchi/kaldi/egs/timit/s5_la5/fbank/raw_fbank_train.4.ark:11181414
falr0_sx425 /nfs-share/xinchi/kaldi/egs/timit/s5_la5/fbank/raw_fbank_train.1.ark:385482
fmem0_sx117 /nfs-share/xinchi/kaldi/egs/timit/s5_la5/fbank/raw_fbank_train.1.ark:8759895
fdml0_sx429 /nfs-share/xinchi/kaldi/egs/timit/s5_la5/fbank/raw_fbank_train.1.ark:2963139
fdjh0_si1565 /nfs-share/xinchi/kaldi/egs/timit/s5_la5/fbank/raw_fbank_train.1.ark:2692888
makr0_si722 /nfs-share/xinchi/kaldi/egs/timit/s5_la5/fbank/raw_fbank_train.2.ark:2831235
mjwg0_si813 /nfs-share/xinchi/kaldi/egs/timit/s5_la5/fbank/raw_fbank_train.3.ark:5141104
mkdd0_si1567 /nfs-share/xinchi/kaldi/egs/timit/s5_la5/fbank/raw_fbank_train.3.ark:6155839
mrwa0_si973 /nfs-share/xinchi/kaldi/egs/timit/s5_la5/fbank/raw_fbank_train.4.ark:4965096
mcss0_si1380 /nfs-share/xinchi/kaldi/egs/timit/s5_la5/fbank/raw_fbank_train.2.ark:5609571
mjlb0_sx356 /nfs-share/xinchi/kaldi/egs/timit/s5_la5/fbank/raw_fbank_train.3.ark:3647434
fpad0_sx446 /nfs-share/xinchi/kaldi/egs/timit/s5_la5/fbank/raw_fbank_train.1.ark:10070969
msem1_sx90 /nfs-share/xinchi/kaldi/egs/timit/s5_la5/fbank/raw_fbank_train.4.ark:6000154
mbjv0_sx167 /nfs-share/xinchi/kaldi/egs/timit/s5_la5/fbank/raw_fbank_train.2.ark:3679733
mdlc1_sx265 /nfs-share/xinchi/kaldi/egs/timit/s5_la5/fbank/raw_fbank_train.2.ark:7666283
mmeb0_sx7 /nfs-share/xinchi/kaldi/egs/timit/s5_la5/fbank/raw_fbank_train.3.ark:9237309
msfv0_sx362 /nfs-share/xinchi/kaldi/egs/timit/s5_la5/fbank/raw_fbank_train.4.ark:6288205
fjdm2_si1964 /nfs-share/xinchi/kaldi/egs/timit/s5_la5/fbank/raw_fbank_train.1.ark:4850229
mrmh0_si1349 /nfs-share/xinchi/kaldi/egs/timit/s5_la5/fbank/raw_fbank_train.4.ark:3901410
mdef0_sx33 /nfs-share/xinchi/kaldi/egs/timit/s5_la5/fbank/raw_fbank_train.2.ark:6858107
fmbg0_sx350 /nfs-share/xinchi/kaldi/egs/timit/s5_la5/fbank/raw_fbank_train.1.ark:8678336
mrjm0_si1095 /nfs-share/xinchi/kaldi/egs/timit/s5_la5/fbank/raw_fbank_train.4.ark:2807340
mjfh0_sx27 /nfs-share/xinchi/kaldi/egs/timit/s5_la5/fbank/raw_fbank_train.3.ark:2937578
mrjb1_sx300 /nfs-share/xinchi/kaldi/egs/timit/s5_la5/fbank/raw_fbank_train.4.ark:2663449
fdjh0_sx35 /nfs-share/xinchi/kaldi/egs/timit/s5_la5/fbank/raw_fbank_train.1.ark:2764726
fntb0_sx33 /nfs-share/xinchi/kaldi/egs/timit/s5_la5/fbank/raw_fbank_train.1.ark:9741733
mtrc0_si1623 /nfs-share/xinchi/kaldi/egs/timit/s5_la5/fbank/raw_fbank_train.4.ark:9725647
mpar0_sx136 /nfs-share/xinchi/kaldi/egs/timit/s5_la5/fbank/raw_fbank_train.3.ark:10765690
fbmh0_si1766 /nfs-share/xinchi/kaldi/egs/timit/s5_la5/fbank/raw_fbank_train.1.ark:1066534
mdhs0_sx450 /nfs-share/xinchi/kaldi/egs/timit/s5_la5/fbank/raw_fbank_train.2.ark:7166542
mfmc0_si1132 /nfs-share/xinchi/kaldi/egs/timit/s5_la5/fbank/raw_fbank_train.2.ark:10479536
mvlo0_si517 /nfs-share/xinchi/kaldi/egs/timit/s5_la5/fbank/raw_fbank_train.4.ark:10320984
mdss0_sx441 /nfs-share/xinchi/kaldi/egs/timit/s5_la5/fbank/raw_fbank_train.2.ark:9056979
faem0_sx222 /nfs-share/xinchi/kaldi/egs/timit/s5_la5/fbank/raw_fbank_train.1.ark:51746
mnet0_sx186 /nfs-share/xinchi/kaldi/egs/timit/s5_la5/fbank/raw_fbank_train.3.ark:10575041
mnet0_si2076 /nfs-share/xinchi/kaldi/egs/timit/s5_la5/fbank/raw_fbank_train.3.ark:10556415
mrem0_si1591 /nfs-share/xinchi/kaldi/egs/timit/s5_la5/fbank/raw_fbank_train.4.ark:1859037
msds0_sx267 /nfs-share/xinchi/kaldi/egs/timit/s5_la5/fbank/raw_fbank_train.4.ark:5824111
mljh0_sx424 /nfs-share/xinchi/kaldi/egs/timit/s5_la5/fbank/raw_fbank_train.3.ark:7643150
fklc0_sx355 /nfs-share/xinchi/kaldi/egs/timit/s5_la5/fbank/raw_fbank_train.1.ark:6785416
mvrw0_si2115 /nfs-share/xinchi/kaldi/egs/timit/s5_la5/fbank/raw_fbank_train.4.ark:10416176
mhbs0_sx405 /nfs-share/xinchi/kaldi/egs/timit/s5_la5/fbank/raw_fbank_train.3.ark:986353
mwgr0_sx166 /nfs-share/xinchi/kaldi/egs/timit/s5_la5/fbank/raw_fbank_train.4.ark:11095821
mrhl0_sx165 /nfs-share/xinchi/kaldi/egs/timit/s5_la5/fbank/raw_fbank_train.4.ark:2515885
mgaw0_sx85 /nfs-share/xinchi/kaldi/egs/timit/s5_la5/fbank/raw_fbank_train.3.ark:184350
mgxp0_sx367 /nfs-share/xinchi/kaldi/egs/timit/s5_la5/fbank/raw_fbank_train.3.ark:879177
mdhs0_sx360 /nfs-share/xinchi/kaldi/egs/timit/s5_la5/fbank/raw_fbank_train.2.ark:7155989
mwar0_si2305 /nfs-share/xinchi/kaldi/egs/timit/s5_la5/fbank/raw_fbank_train.4.ark:10708166
mrlr0_sx26 /nfs-share/xinchi/kaldi/egs/timit/s5_la5/fbank/raw_fbank_train.4.ark:3664665
msvs0_si1568 /nfs-share/xinchi/kaldi/egs/timit/s5_la5/fbank/raw_fbank_train.4.ark:7035116
mhxl0_sx422 /nfs-share/xinchi/kaldi/egs/timit/s5_la5/fbank/raw_fbank_train.3.ark:1546903
mjkr0_si1201 /nfs-share/xinchi/kaldi/egs/timit/s5_la5/fbank/raw_fbank_train.3.ark:3485123
mdac0_si631 /nfs-share/xinchi/kaldi/egs/timit/s5_la5/fbank/raw_fbank_train.2.ark:6024217
mrem0_si511 /nfs-share/xinchi/kaldi/egs/timit/s5_la5/fbank/raw_fbank_train.4.ark:1870950
mhrm0_sx418 /nfs-share/xinchi/kaldi/egs/timit/s5_la5/fbank/raw_fbank_train.3.ark:1443159
megj0_si1337 /nfs-share/xinchi/kaldi/egs/timit/s5_la5/fbank/raw_fbank_train.2.ark:9829485
mewm0_sx358 /nfs-share/xinchi/kaldi/egs/timit/s5_la5/fbank/raw_fbank_train.2.ark:10364772
mtxs0_sx430 /nfs-share/xinchi/kaldi/egs/timit/s5_la5/fbank/raw_fbank_train.4.ark:10177026
fjhk0_sx122 /nfs-share/xinchi/kaldi/egs/timit/s5_la5/fbank/raw_fbank_train.1.ark:5098188
mklr0_sx429 /nfs-share/xinchi/kaldi/egs/timit/s5_la5/fbank/raw_fbank_train.3.ark:6715723
fsak0_sx130 /nfs-share/xinchi/kaldi/egs/timit/s5_la5/fbank/raw_fbank_train.1.ark:11140744
mhmr0_si489 /nfs-share/xinchi/kaldi/egs/timit/s5_la5/fbank/raw_fbank_train.3.ark:1304362
mmjb1_sx58 /nfs-share/xinchi/kaldi/egs/timit/s5_la5/fbank/raw_fbank_train.3.ark:9614003
fspm0_sx251 /nfs-share/xinchi/kaldi/egs/timit/s5_la5/fbank/raw_fbank_train.2.ark:1007623
mzmb0_si1796 /nfs-share/xinchi/kaldi/egs/timit/s5_la5/fbank/raw_fbank_train.4.ark:11574518
makb0_si2276 /nfs-share/xinchi/kaldi/egs/timit/s5_la5/fbank/raw_fbank_train.2.ark:2729810
mcdd0_sx433 /nfs-share/xinchi/kaldi/egs/timit/s5_la5/fbank/raw_fbank_train.2.ark:4778224
mkrg0_sx51 /nfs-share/xinchi/kaldi/egs/timit/s5_la5/fbank/raw_fbank_train.3.ark:7127776
mejl0_sx152 /nfs-share/xinchi/kaldi/egs/timit/s5_la5/fbank/raw_fbank_train.2.ark:9971288
mtjm0_sx236 /nfs-share/xinchi/kaldi/egs/timit/s5_la5/fbank/raw_fbank_train.4.ark:8238364
mmar0_sx256 /nfs-share/xinchi/kaldi/egs/timit/s5_la5/fbank/raw_fbank_train.3.ark:8340380
mrpc1_sx132 /nfs-share/xinchi/kaldi/egs/timit/s5_la5/fbank/raw_fbank_train.4.ark:4223194
mrew1_sx420 /nfs-share/xinchi/kaldi/egs/timit/s5_la5/fbank/raw_fbank_train.4.ark:2023180
frll0_sx164 /nfs-share/xinchi/kaldi/egs/timit/s5_la5/fbank/raw_fbank_train.1.ark:10824829
fcag0_sx423 /nfs-share/xinchi/kaldi/egs/timit/s5_la5/fbank/raw_fbank_train.1.ark:1321949
mdmt0_si2341 /nfs-share/xinchi/kaldi/egs/timit/s5_la5/fbank/raw_fbank_train.2.ark:8316679
mmcc0_si1338 /nfs-share/xinchi/kaldi/egs/timit/s5_la5/fbank/raw_fbank_train.3.ark:8509457
flet0_sx237 /nfs-share/xinchi/kaldi/egs/timit/s5_la5/fbank/raw_fbank_train.1.ark:7477560
mtqc0_sx91 /nfs-share/xinchi/kaldi/egs/timit/s5_la5/fbank/raw_fbank_train.4.ark:9711293
mcef0_sx415 /nfs-share/xinchi/kaldi/egs/timit/s5_la5/fbank/raw_fbank_train.2.ark:4983914
mclk0_sx310 /nfs-share/xinchi/kaldi/egs/timit/s5_la5/fbank/raw_fbank_train.2.ark:5303037
fbjl0_si922 /nfs-share/xinchi/kaldi/egs/timit/s5_la5/fbank/raw_fbank_train.1.ark:864036
mjeb0_si1916 /nfs-share/xinchi/kaldi/egs/timit/s5_la5/fbank/raw_fbank_train.3.ark:2596212
mmws1_sx261 /nfs-share/xinchi/kaldi/egs/timit/s5_la5/fbank/raw_fbank_train.3.ark:10399313
mlel0_sx346 /nfs-share/xinchi/kaldi/egs/timit/s5_la5/fbank/raw_fbank_train.3.ark:7402387
mgrp0_sx327 /nfs-share/xinchi/kaldi/egs/timit/s5_la5/fbank/raw_fbank_train.3.ark:547346
mjrk0_si2103 /nfs-share/xinchi/kaldi/egs/timit/s5_la5/fbank/raw_fbank_train.3.ark:4833230
fmmh0_si907 /nfs-share/xinchi/kaldi/egs/timit/s5_la5/fbank/raw_fbank_train.1.ark:9374930
fcjf0_sx127 /nfs-share/xinchi/kaldi/egs/timit/s5_la5/fbank/raw_fbank_train.1.ark:1683070
ftaj0_si474 /nfs-share/xinchi/kaldi/egs/timit/s5_la5/fbank/raw_fbank_train.2.ark:1271559
mapv0_sx393 /nfs-share/xinchi/kaldi/egs/timit/s5_la5/fbank/raw_fbank_train.2.ark:2981584
mjrh1_sx424 /nfs-share/xinchi/kaldi/egs/timit/s5_la5/fbank/raw_fbank_train.3.ark:4804610
mjmm0_sx175 /nfs-share/xinchi/kaldi/egs/timit/s5_la5/fbank/raw_fbank_train.3.ark:4087375
fpaf0_sx334 /nfs-share/xinchi/kaldi/egs/timit/s5_la5/fbank/raw_fbank_train.1.ark:10160162
mbsb0_si1983 /nfs-share/xinchi/kaldi/egs/timit/s5_la5/fbank/raw_fbank_train.2.ark:4127834
fgcs0_si856 /nfs-share/xinchi/kaldi/egs/timit/s5_la5/fbank/raw_fbank_train.1.ark:4198309
mhbs0_sx135 /nfs-share/xinchi/kaldi/egs/timit/s5_la5/fbank/raw_fbank_train.3.ark:956614
mmdb0_sx87 /nfs-share/xinchi/kaldi/egs/timit/s5_la5/fbank/raw_fbank_train.3.ark:8686273
mmrp0_sx54 /nfs-share/xinchi/kaldi/egs/timit/s5_la5/fbank/raw_fbank_train.3.ark:9903718
fljg0_sx81 /nfs-share/xinchi/kaldi/egs/timit/s5_la5/fbank/raw_fbank_train.1.ark:7921280
frjb0_sx347 /nfs-share/xinchi/kaldi/egs/timit/s5_la5/fbank/raw_fbank_train.1.ark:10738031
mdmt0_sx32 /nfs-share/xinchi/kaldi/egs/timit/s5_la5/fbank/raw_fbank_train.2.ark:8378603
mdps0_si1651 /nfs-share/xinchi/kaldi/egs/timit/s5_la5/fbank/raw_fbank_train.2.ark:8693945
fcag0_sx243 /nfs-share/xinchi/kaldi/egs/timit/s5_la5/fbank/raw_fbank_train.1.ark:1294643
mjbg0_sx422 /nfs-share/xinchi/kaldi/egs/timit/s5_la5/fbank/raw_fbank_train.3.ark:2040626
majp0_sx354 /nfs-share/xinchi/kaldi/egs/timit/s5_la5/fbank/raw_fbank_train.2.ark:2652163
mdps0_sx89 /nfs-share/xinchi/kaldi/egs/timit/s5_la5/fbank/raw_fbank_train.2.ark:8774296
fapb0_sx73 /nfs-share/xinchi/kaldi/egs/timit/s5_la5/fbank/raw_fbank_train.1.ark:512820
flac0_si2161 /nfs-share/xinchi/kaldi/egs/timit/s5_la5/fbank/raw_fbank_train.1.ark:7136145
mjjj0_sx353 /nfs-share/xinchi/kaldi/egs/timit/s5_la5/fbank/raw_fbank_train.3.ark:3349959
fmkf0_si1536 /nfs-share/xinchi/kaldi/egs/timit/s5_la5/fbank/raw_fbank_train.1.ark:9259154
fvkb0_sx259 /nfs-share/xinchi/kaldi/egs/timit/s5_la5/fbank/raw_fbank_train.2.ark:1868888
mklr0_sx249 /nfs-share/xinchi/kaldi/egs/timit/s5_la5/fbank/raw_fbank_train.3.ark:6694257
mtrr0_sx378 /nfs-share/xinchi/kaldi/egs/timit/s5_la5/fbank/raw_fbank_train.4.ark:9895502
frjb0_sx257 /nfs-share/xinchi/kaldi/egs/timit/s5_la5/fbank/raw_fbank_train.1.ark:10729838
fcrz0_si1913 /nfs-share/xinchi/kaldi/egs/timit/s5_la5/fbank/raw_fbank_train.1.ark:2201841
flma0_si1873 /nfs-share/xinchi/kaldi/egs/timit/s5_la5/fbank/raw_fbank_train.1.ark:8053772
mfer0_sx412 /nfs-share/xinchi/kaldi/egs/timit/s5_la5/fbank/raw_fbank_train.2.ark:10459630
maeo0_sx336 /nfs-share/xinchi/kaldi/egs/timit/s5_la5/fbank/raw_fbank_train.2.ark:2460032
feeh0_sx32 /nfs-share/xinchi/kaldi/egs/timit/s5_la5/fbank/raw_fbank_train.1.ark:3828819
mgaw0_si1165 /nfs-share/xinchi/kaldi/egs/timit/s5_la5/fbank/raw_fbank_train.3.ark:99239
fmju0_sx309 /nfs-share/xinchi/kaldi/egs/timit/s5_la5/fbank/raw_fbank_train.1.ark:9102195
fmjf0_sx354 /nfs-share/xinchi/kaldi/egs/timit/s5_la5/fbank/raw_fbank_train.1.ark:8994410
mwre0_sx67 /nfs-share/xinchi/kaldi/egs/timit/s5_la5/fbank/raw_fbank_train.4.ark:11238058
mrjt0_si868 /nfs-share/xinchi/kaldi/egs/timit/s5_la5/fbank/raw_fbank_train.4.ark:3029778
feme0_sx425 /nfs-share/xinchi/kaldi/egs/timit/s5_la5/fbank/raw_fbank_train.1.ark:3940285
mrav0_sx108 /nfs-share/xinchi/kaldi/egs/timit/s5_la5/fbank/raw_fbank_train.4.ark:1006750
mdwd0_sx360 /nfs-share/xinchi/kaldi/egs/timit/s5_la5/fbank/raw_fbank_train.2.ark:9309902
mdwm0_sx106 /nfs-share/xinchi/kaldi/egs/timit/s5_la5/fbank/raw_fbank_train.2.ark:9500606
mtbc0_sx363 /nfs-share/xinchi/kaldi/egs/timit/s5_la5/fbank/raw_fbank_train.4.ark:7639320
mjrg0_sx16 /nfs-share/xinchi/kaldi/egs/timit/s5_la5/fbank/raw_fbank_train.3.ark:4576732
mhmg0_si1365 /nfs-share/xinchi/kaldi/egs/timit/s5_la5/fbank/raw_fbank_train.3.ark:1184870
mcew0_sx182 /nfs-share/xinchi/kaldi/egs/timit/s5_la5/fbank/raw_fbank_train.2.ark:5058000
mzmb0_si1166 /nfs-share/xinchi/kaldi/egs/timit/s5_la5/fbank/raw_fbank_train.4.ark:11558724
ftlg0_sx303 /nfs-share/xinchi/kaldi/egs/timit/s5_la5/fbank/raw_fbank_train.2.ark:1610605
mtab0_sx312 /nfs-share/xinchi/kaldi/egs/timit/s5_la5/fbank/raw_fbank_train.4.ark:7233467
mmws1_si2331 /nfs-share/xinchi/kaldi/egs/timit/s5_la5/fbank/raw_fbank_train.3.ark:10390120
mbma0_si1852 /nfs-share/xinchi/kaldi/egs/timit/s5_la5/fbank/raw_fbank_train.2.ark:3755892
fcrz0_sx253 /nfs-share/xinchi/kaldi/egs/timit/s5_la5/fbank/raw_fbank_train.1.ark:2250894
fdjh0_sx215 /nfs-share/xinchi/kaldi/egs/timit/s5_la5/fbank/raw_fbank_train.1.ark:2742421
milb0_sx93 /nfs-share/xinchi/kaldi/egs/timit/s5_la5/fbank/raw_fbank_train.3.ark:1656117
frll0_sx74 /nfs-share/xinchi/kaldi/egs/timit/s5_la5/fbank/raw_fbank_train.1.ark:10867520
msrg0_si1221 /nfs-share/xinchi/kaldi/egs/timit/s5_la5/fbank/raw_fbank_train.4.ark:6736443
mgrp0_si1947 /nfs-share/xinchi/kaldi/egs/timit/s5_la5/fbank/raw_fbank_train.3.ark:500414
mjxl0_si1172 /nfs-share/xinchi/kaldi/egs/timit/s5_la5/fbank/raw_fbank_train.3.ark:5556730
fntb0_sx303 /nfs-share/xinchi/kaldi/egs/timit/s5_la5/fbank/raw_fbank_train.1.ark:9732861
fsdj0_sx215 /nfs-share/xinchi/kaldi/egs/timit/s5_la5/fbank/raw_fbank_train.1.ark:11564718
mpgr1_si1269 /nfs-share/xinchi/kaldi/egs/timit/s5_la5/fbank/raw_fbank_train.3.ark:11190114
fblv0_si1688 /nfs-share/xinchi/kaldi/egs/timit/s5_la5/fbank/raw_fbank_train.1.ark:954508
mtqc0_si1441 /nfs-share/xinchi/kaldi/egs/timit/s5_la5/fbank/raw_fbank_train.4.ark:9590262
mwac0_sx251 /nfs-share/xinchi/kaldi/egs/timit/s5_la5/fbank/raw_fbank_train.4.ark:10542300
mmws0_si888 /nfs-share/xinchi/kaldi/egs/timit/s5_la5/fbank/raw_fbank_train.3.ark:10292054
mfrm0_sx435 /nfs-share/xinchi/kaldi/egs/timit/s5_la5/fbank/raw_fbank_train.2.ark:10654961
mrjh0_sx169 /nfs-share/xinchi/kaldi/egs/timit/s5_la5/fbank/raw_fbank_train.4.ark:2736135
mrso0_sx129 /nfs-share/xinchi/kaldi/egs/timit/s5_la5/fbank/raw_fbank_train.4.ark:4444884
mtmt0_sx218 /nfs-share/xinchi/kaldi/egs/timit/s5_la5/fbank/raw_fbank_train.4.ark:9158190
fmju0_sx399 /nfs-share/xinchi/kaldi/egs/timit/s5_la5/fbank/raw_fbank_train.1.ark:9128500
freh0_sx55 /nfs-share/xinchi/kaldi/egs/timit/s5_la5/fbank/raw_fbank_train.1.ark:10678870
mcae0_si2077 /nfs-share/xinchi/kaldi/egs/timit/s5_la5/fbank/raw_fbank_train.2.ark:4418266
mrpc1_si2026 /nfs-share/xinchi/kaldi/egs/timit/s5_la5/fbank/raw_fbank_train.4.ark:4207207
ftbw0_sx85 /nfs-share/xinchi/kaldi/egs/timit/s5_la5/fbank/raw_fbank_train.2.ark:1525886
fsdj0_sx35 /nfs-share/xinchi/kaldi/egs/timit/s5_la5/fbank/raw_fbank_train.1.ark:11585983
mmdb0_sx357 /nfs-share/xinchi/kaldi/egs/timit/s5_la5/fbank/raw_fbank_train.3.ark:8665368
megj0_sx167 /nfs-share/xinchi/kaldi/egs/timit/s5_la5/fbank/raw_fbank_train.2.ark:9876945
mmea0_si758 /nfs-share/xinchi/kaldi/egs/timit/s5_la5/fbank/raw_fbank_train.3.ark:9101074
mdjm0_si1455 /nfs-share/xinchi/kaldi/egs/timit/s5_la5/fbank/raw_fbank_train.2.ark:7187408
mdbp0_si1158 /nfs-share/xinchi/kaldi/egs/timit/s5_la5/fbank/raw_fbank_train.2.ark:6289383
mjlb0_si986 /nfs-share/xinchi/kaldi/egs/timit/s5_la5/fbank/raw_fbank_train.3.ark:3613335
mefg0_si465 /nfs-share/xinchi/kaldi/egs/timit/s5_la5/fbank/raw_fbank_train.2.ark:9725021
