mjdg0_si1042 /nfs-share/xinchi/kaldi/egs/timit/s5_la4/fbank/raw_fbank_train.3.ark:2378207
milb0_sx273 /nfs-share/xinchi/kaldi/egs/timit/s5_la4/fbank/raw_fbank_train.3.ark:1628421
frll0_si1514 /nfs-share/xinchi/kaldi/egs/timit/s5_la4/fbank/raw_fbank_train.1.ark:10781290
madc0_si1367 /nfs-share/xinchi/kaldi/egs/timit/s5_la4/fbank/raw_fbank_train.2.ark:2103670
mtrt0_si1227 /nfs-share/xinchi/kaldi/egs/timit/s5_la4/fbank/raw_fbank_train.4.ark:9909656
mcss0_si750 /nfs-share/xinchi/kaldi/egs/timit/s5_la4/fbank/raw_fbank_train.2.ark:5646477
mmab1_sx54 /nfs-share/xinchi/kaldi/egs/timit/s5_la4/fbank/raw_fbank_train.3.ark:8061682
mdcd0_sx245 /nfs-share/xinchi/kaldi/egs/timit/s5_la4/fbank/raw_fbank_train.2.ark:6447581
mjmd0_sx398 /nfs-share/xinchi/kaldi/egs/timit/s5_la4/fbank/raw_fbank_train.3.ark:4039721
mrew1_si1500 /nfs-share/xinchi/kaldi/egs/timit/s5_la4/fbank/raw_fbank_train.4.ark:1957941
msas0_sx386 /nfs-share/xinchi/kaldi/egs/timit/s5_la4/fbank/raw_fbank_train.4.ark:5407601
mdlc0_sx405 /nfs-share/xinchi/kaldi/egs/timit/s5_la4/fbank/raw_fbank_train.2.ark:7584803
mjrh1_sx244 /nfs-share/xinchi/kaldi/egs/timit/s5_la4/fbank/raw_fbank_train.3.ark:4782024
mdcd0_sx335 /nfs-share/xinchi/kaldi/egs/timit/s5_la4/fbank/raw_fbank_train.2.ark:6457734
mkdd0_sx217 /nfs-share/xinchi/kaldi/egs/timit/s5_la4/fbank/raw_fbank_train.3.ark:6215572
fclt0_si808 /nfs-share/xinchi/kaldi/egs/timit/s5_la4/fbank/raw_fbank_train.1.ark:1920912
mrms0_sx300 /nfs-share/xinchi/kaldi/egs/timit/s5_la4/fbank/raw_fbank_train.4.ark:4174346
mdhs0_sx360 /nfs-share/xinchi/kaldi/egs/timit/s5_la4/fbank/raw_fbank_train.2.ark:7155989
mrav0_sx198 /nfs-share/xinchi/kaldi/egs/timit/s5_la4/fbank/raw_fbank_train.4.ark:1026695
fmpg0_sx342 /nfs-share/xinchi/kaldi/egs/timit/s5_la4/fbank/raw_fbank_train.1.ark:9523332
fcke0_si1741 /nfs-share/xinchi/kaldi/egs/timit/s5_la4/fbank/raw_fbank_train.1.ark:1819694
fjwb1_sx435 /nfs-share/xinchi/kaldi/egs/timit/s5_la4/fbank/raw_fbank_train.1.ark:5946968
mdwd0_sx360 /nfs-share/xinchi/kaldi/egs/timit/s5_la4/fbank/raw_fbank_train.2.ark:9309902
mmpm0_sx251 /nfs-share/xinchi/kaldi/egs/timit/s5_la4/fbank/raw_fbank_train.3.ark:9762236
fvmh0_si836 /nfs-share/xinchi/kaldi/egs/timit/s5_la4/fbank/raw_fbank_train.2.ark:1955767
mmcc0_sx168 /nfs-share/xinchi/kaldi/egs/timit/s5_la4/fbank/raw_fbank_train.3.ark:8550157
mree0_sx384 /nfs-share/xinchi/kaldi/egs/timit/s5_la4/fbank/raw_fbank_train.4.ark:1735058
frll0_si884 /nfs-share/xinchi/kaldi/egs/timit/s5_la4/fbank/raw_fbank_train.1.ark:10810276
mrgs0_sx96 /nfs-share/xinchi/kaldi/egs/timit/s5_la4/fbank/raw_fbank_train.4.ark:2470391
fapb0_si2323 /nfs-share/xinchi/kaldi/egs/timit/s5_la4/fbank/raw_fbank_train.1.ark:431736
mwrp0_si2073 /nfs-share/xinchi/kaldi/egs/timit/s5_la4/fbank/raw_fbank_train.4.ark:11283880
mmxs0_si876 /nfs-share/xinchi/kaldi/egs/timit/s5_la4/fbank/raw_fbank_train.3.ark:10470783
mges0_sx311 /nfs-share/xinchi/kaldi/egs/timit/s5_la4/fbank/raw_fbank_train.3.ark:236510
faem0_si2022 /nfs-share/xinchi/kaldi/egs/timit/s5_la4/fbank/raw_fbank_train.1.ark:19327
fklc0_sx85 /nfs-share/xinchi/kaldi/egs/timit/s5_la4/fbank/raw_fbank_train.1.ark:6808081
fpaf0_sx244 /nfs-share/xinchi/kaldi/egs/timit/s5_la4/fbank/raw_fbank_train.1.ark:10145929
mjls0_sx286 /nfs-share/xinchi/kaldi/egs/timit/s5_la4/fbank/raw_fbank_train.3.ark:3844277
fcjf0_sx397 /nfs-share/xinchi/kaldi/egs/timit/s5_la4/fbank/raw_fbank_train.1.ark:1712121
fcmm0_sx93 /nfs-share/xinchi/kaldi/egs/timit/s5_la4/fbank/raw_fbank_train.1.ark:2192847
mjpm0_sx288 /nfs-share/xinchi/kaldi/egs/timit/s5_la4/fbank/raw_fbank_train.3.ark:4307083
mkdt0_sx263 /nfs-share/xinchi/kaldi/egs/timit/s5_la4/fbank/raw_fbank_train.3.ark:6310236
mrml0_si1421 /nfs-share/xinchi/kaldi/egs/timit/s5_la4/fbank/raw_fbank_train.4.ark:3977682
ftbw0_sx85 /nfs-share/xinchi/kaldi/egs/timit/s5_la4/fbank/raw_fbank_train.2.ark:1525886
mram0_sx195 /nfs-share/xinchi/kaldi/egs/timit/s5_la4/fbank/raw_fbank_train.4.ark:937349
mrew1_sx240 /nfs-share/xinchi/kaldi/egs/timit/s5_la4/fbank/raw_fbank_train.4.ark:1997234
mdks0_sx346 /nfs-share/xinchi/kaldi/egs/timit/s5_la4/fbank/raw_fbank_train.2.ark:7342280
mkjo0_sx77 /nfs-share/xinchi/kaldi/egs/timit/s5_la4/fbank/raw_fbank_train.3.ark:6545344
flma0_sx433 /nfs-share/xinchi/kaldi/egs/timit/s5_la4/fbank/raw_fbank_train.1.ark:8109777
fcdr1_si556 /nfs-share/xinchi/kaldi/egs/timit/s5_la4/fbank/raw_fbank_train.1.ark:1475627
maeb0_sx180 /nfs-share/xinchi/kaldi/egs/timit/s5_la4/fbank/raw_fbank_train.2.ark:2347740
flmk0_sx45 /nfs-share/xinchi/kaldi/egs/timit/s5_la4/fbank/raw_fbank_train.1.ark:8318060
mesg0_si1962 /nfs-share/xinchi/kaldi/egs/timit/s5_la4/fbank/raw_fbank_train.2.ark:10137152
fkfb0_sx168 /nfs-share/xinchi/kaldi/egs/timit/s5_la4/fbank/raw_fbank_train.1.ark:6534140
mprt0_sx130 /nfs-share/xinchi/kaldi/egs/timit/s5_la4/fbank/raw_fbank_train.4.ark:431518
fltm0_si1070 /nfs-share/xinchi/kaldi/egs/timit/s5_la4/fbank/raw_fbank_train.1.ark:8419600
fssb0_si2342 /nfs-share/xinchi/kaldi/egs/timit/s5_la4/fbank/raw_fbank_train.2.ark:1187448
mrgs0_sx6 /nfs-share/xinchi/kaldi/egs/timit/s5_la4/fbank/raw_fbank_train.4.ark:2452199
mpfu0_si1258 /nfs-share/xinchi/kaldi/egs/timit/s5_la4/fbank/raw_fbank_train.3.ark:10909360
fsjs0_sx361 /nfs-share/xinchi/kaldi/egs/timit/s5_la4/fbank/raw_fbank_train.2.ark:110990
mfxv0_sx105 /nfs-share/xinchi/kaldi/egs/timit/s5_la4/fbank/raw_fbank_train.2.ark:10913619
mjeb1_si1467 /nfs-share/xinchi/kaldi/egs/timit/s5_la4/fbank/raw_fbank_train.3.ark:2678883
fmju0_si759 /nfs-share/xinchi/kaldi/egs/timit/s5_la4/fbank/raw_fbank_train.1.ark:9063296
mbef0_sx111 /nfs-share/xinchi/kaldi/egs/timit/s5_la4/fbank/raw_fbank_train.2.ark:3497403
mrlr0_si1826 /nfs-share/xinchi/kaldi/egs/timit/s5_la4/fbank/raw_fbank_train.4.ark:3618054
mdpk0_sx153 /nfs-share/xinchi/kaldi/egs/timit/s5_la4/fbank/raw_fbank_train.2.ark:8634060
fskl0_si899 /nfs-share/xinchi/kaldi/egs/timit/s5_la4/fbank/raw_fbank_train.2.ark:375406
mgxp0_sx277 /nfs-share/xinchi/kaldi/egs/timit/s5_la4/fbank/raw_fbank_train.3.ark:867864
mtrt0_sx237 /nfs-share/xinchi/kaldi/egs/timit/s5_la4/fbank/raw_fbank_train.4.ark:9965469
mmpm0_sx341 /nfs-share/xinchi/kaldi/egs/timit/s5_la4/fbank/raw_fbank_train.3.ark:9776789
flmc0_sx292 /nfs-share/xinchi/kaldi/egs/timit/s5_la4/fbank/raw_fbank_train.1.ark:8189848
msfh0_sx136 /nfs-share/xinchi/kaldi/egs/timit/s5_la4/fbank/raw_fbank_train.4.ark:6149314
msjk0_sx426 /nfs-share/xinchi/kaldi/egs/timit/s5_la4/fbank/raw_fbank_train.4.ark:6414463
mdps0_si1651 /nfs-share/xinchi/kaldi/egs/timit/s5_la4/fbank/raw_fbank_train.2.ark:8693945
mwch0_sx362 /nfs-share/xinchi/kaldi/egs/timit/s5_la4/fbank/raw_fbank_train.4.ark:10820091
mrav0_sx18 /nfs-share/xinchi/kaldi/egs/timit/s5_la4/fbank/raw_fbank_train.4.ark:1017302
fdfb0_si1318 /nfs-share/xinchi/kaldi/egs/timit/s5_la4/fbank/raw_fbank_train.1.ark:2607582
mjjj0_si533 /nfs-share/xinchi/kaldi/egs/timit/s5_la4/fbank/raw_fbank_train.3.ark:3306060
mtpr0_sx70 /nfs-share/xinchi/kaldi/egs/timit/s5_la4/fbank/raw_fbank_train.4.ark:9585748
mclm0_sx376 /nfs-share/xinchi/kaldi/egs/timit/s5_la4/fbank/raw_fbank_train.2.ark:5411207
mrds0_sx357 /nfs-share/xinchi/kaldi/egs/timit/s5_la4/fbank/raw_fbank_train.4.ark:1612607
fbas0_sx397 /nfs-share/xinchi/kaldi/egs/timit/s5_la4/fbank/raw_fbank_train.1.ark:620366
mtpr0_sx250 /nfs-share/xinchi/kaldi/egs/timit/s5_la4/fbank/raw_fbank_train.4.ark:9539690
flod0_si1917 /nfs-share/xinchi/kaldi/egs/timit/s5_la4/fbank/raw_fbank_train.1.ark:8344568
mbef0_sx381 /nfs-share/xinchi/kaldi/egs/timit/s5_la4/fbank/raw_fbank_train.2.ark:3531414
msds0_si1707 /nfs-share/xinchi/kaldi/egs/timit/s5_la4/fbank/raw_fbank_train.4.ark:5786291
mtcs0_sx262 /nfs-share/xinchi/kaldi/egs/timit/s5_la4/fbank/raw_fbank_train.4.ark:7709999
fbmh0_si1766 /nfs-share/xinchi/kaldi/egs/timit/s5_la4/fbank/raw_fbank_train.1.ark:1066534
fpaf0_si2314 /nfs-share/xinchi/kaldi/egs/timit/s5_la4/fbank/raw_fbank_train.1.ark:10126943
fsrh0_sx401 /nfs-share/xinchi/kaldi/egs/timit/s5_la4/fbank/raw_fbank_train.2.ark:1128634
mstf0_sx316 /nfs-share/xinchi/kaldi/egs/timit/s5_la4/fbank/raw_fbank_train.4.ark:6996217
fsmm0_sx54 /nfs-share/xinchi/kaldi/egs/timit/s5_la4/fbank/raw_fbank_train.2.ark:837431
mtat0_sx390 /nfs-share/xinchi/kaldi/egs/timit/s5_la4/fbank/raw_fbank_train.4.ark:7440542
falk0_si456 /nfs-share/xinchi/kaldi/egs/timit/s5_la4/fbank/raw_fbank_train.1.ark:220934
mdns0_sx201 /nfs-share/xinchi/kaldi/egs/timit/s5_la4/fbank/raw_fbank_train.2.ark:8460203
fpad0_si1346 /nfs-share/xinchi/kaldi/egs/timit/s5_la4/fbank/raw_fbank_train.1.ark:9984130
msat1_sx83 /nfs-share/xinchi/kaldi/egs/timit/s5_la4/fbank/raw_fbank_train.4.ark:5580092
mdem0_sx338 /nfs-share/xinchi/kaldi/egs/timit/s5_la4/fbank/raw_fbank_train.2.ark:6953539
mfxs0_sx324 /nfs-share/xinchi/kaldi/egs/timit/s5_la4/fbank/raw_fbank_train.2.ark:10826939
mcae0_si2077 /nfs-share/xinchi/kaldi/egs/timit/s5_la4/fbank/raw_fbank_train.2.ark:4418266
fcag0_sx243 /nfs-share/xinchi/kaldi/egs/timit/s5_la4/fbank/raw_fbank_train.1.ark:1294643
mcae0_sx97 /nfs-share/xinchi/kaldi/egs/timit/s5_la4/fbank/raw_fbank_train.2.ark:4511381
mrew1_sx420 /nfs-share/xinchi/kaldi/egs/timit/s5_la4/fbank/raw_fbank_train.4.ark:2023180
mlsh0_si1417 /nfs-share/xinchi/kaldi/egs/timit/s5_la4/fbank/raw_fbank_train.3.ark:7760321
fsgf0_sx207 /nfs-share/xinchi/kaldi/egs/timit/s5_la4/fbank/raw_fbank_train.1.ark:11666143
mfmc0_si502 /nfs-share/xinchi/kaldi/egs/timit/s5_la4/fbank/raw_fbank_train.2.ark:10506443
fdmy0_si1197 /nfs-share/xinchi/kaldi/egs/timit/s5_la4/fbank/raw_fbank_train.1.ark:2985005
mhit0_sx263 /nfs-share/xinchi/kaldi/egs/timit/s5_la4/fbank/raw_fbank_train.3.ark:1060752
mjwg0_si895 /nfs-share/xinchi/kaldi/egs/timit/s5_la4/fbank/raw_fbank_train.3.ark:5161137
mprk0_sx17 /nfs-share/xinchi/kaldi/egs/timit/s5_la4/fbank/raw_fbank_train.4.ark:341886
mkln0_si968 /nfs-share/xinchi/kaldi/egs/timit/s5_la4/fbank/raw_fbank_train.3.ark:6578405
mrgm0_si1162 /nfs-share/xinchi/kaldi/egs/timit/s5_la4/fbank/raw_fbank_train.4.ark:2249817
mhbs0_sx315 /nfs-share/xinchi/kaldi/egs/timit/s5_la4/fbank/raw_fbank_train.3.ark:976200
mjpm1_si761 /nfs-share/xinchi/kaldi/egs/timit/s5_la4/fbank/raw_fbank_train.3.ark:4346177
mhbs0_si1575 /nfs-share/xinchi/kaldi/egs/timit/s5_la4/fbank/raw_fbank_train.3.ark:916394
mjdc0_si2165 /nfs-share/xinchi/kaldi/egs/timit/s5_la4/fbank/raw_fbank_train.3.ark:2163432
fskc0_si2046 /nfs-share/xinchi/kaldi/egs/timit/s5_la4/fbank/raw_fbank_train.2.ark:267348
mctm0_sx360 /nfs-share/xinchi/kaldi/egs/timit/s5_la4/fbank/raw_fbank_train.2.ark:5873106
flma0_sx73 /nfs-share/xinchi/kaldi/egs/timit/s5_la4/fbank/raw_fbank_train.1.ark:8123249
mrfl0_sx166 /nfs-share/xinchi/kaldi/egs/timit/s5_la4/fbank/raw_fbank_train.4.ark:2183012
mrjb1_sx120 /nfs-share/xinchi/kaldi/egs/timit/s5_la4/fbank/raw_fbank_train.4.ark:2627471
fscn0_sx86 /nfs-share/xinchi/kaldi/egs/timit/s5_la4/fbank/raw_fbank_train.1.ark:11416885
mdpk0_si1053 /nfs-share/xinchi/kaldi/egs/timit/s5_la4/fbank/raw_fbank_train.2.ark:8604360
msem1_sx450 /nfs-share/xinchi/kaldi/egs/timit/s5_la4/fbank/raw_fbank_train.4.ark:5984242
ftmg0_si2162 /nfs-share/xinchi/kaldi/egs/timit/s5_la4/fbank/raw_fbank_train.2.ark:1648458
mprk0_si1097 /nfs-share/xinchi/kaldi/egs/timit/s5_la4/fbank/raw_fbank_train.4.ark:276994
mree0_sx294 /nfs-share/xinchi/kaldi/egs/timit/s5_la4/fbank/raw_fbank_train.4.ark:1724145
mmsm0_sx386 /nfs-share/xinchi/kaldi/egs/timit/s5_la4/fbank/raw_fbank_train.3.ark:10010583
mdss0_sx81 /nfs-share/xinchi/kaldi/egs/timit/s5_la4/fbank/raw_fbank_train.2.ark:9068131
flkm0_sx80 /nfs-share/xinchi/kaldi/egs/timit/s5_la4/fbank/raw_fbank_train.1.ark:8035864
mhxl0_sx62 /nfs-share/xinchi/kaldi/egs/timit/s5_la4/fbank/raw_fbank_train.3.ark:1562575
fkdw0_sx37 /nfs-share/xinchi/kaldi/egs/timit/s5_la4/fbank/raw_fbank_train.1.ark:6468853
mddc0_sx159 /nfs-share/xinchi/kaldi/egs/timit/s5_la4/fbank/raw_fbank_train.2.ark:6628478
mjeb0_si656 /nfs-share/xinchi/kaldi/egs/timit/s5_la4/fbank/raw_fbank_train.3.ark:2607645
mmdm1_sx153 /nfs-share/xinchi/kaldi/egs/timit/s5_la4/fbank/raw_fbank_train.3.ark:8928537
mmws0_sx348 /nfs-share/xinchi/kaldi/egs/timit/s5_la4/fbank/raw_fbank_train.3.ark:10327433
mtat1_si779 /nfs-share/xinchi/kaldi/egs/timit/s5_la4/fbank/raw_fbank_train.4.ark:7472203
fblv0_sx338 /nfs-share/xinchi/kaldi/egs/timit/s5_la4/fbank/raw_fbank_train.1.ark:1009361
mmgg0_sx89 /nfs-share/xinchi/kaldi/egs/timit/s5_la4/fbank/raw_fbank_train.3.ark:9438753
fpmy0_si523 /nfs-share/xinchi/kaldi/egs/timit/s5_la4/fbank/raw_fbank_train.1.ark:10517281
mrlj0_sx70 /nfs-share/xinchi/kaldi/egs/timit/s5_la4/fbank/raw_fbank_train.4.ark:3409655
mtpf0_sx425 /nfs-share/xinchi/kaldi/egs/timit/s5_la4/fbank/raw_fbank_train.4.ark:9283321
mmdm1_si1650 /nfs-share/xinchi/kaldi/egs/timit/s5_la4/fbank/raw_fbank_train.3.ark:8901157
mdmt0_si1832 /nfs-share/xinchi/kaldi/egs/timit/s5_la4/fbank/raw_fbank_train.2.ark:8311285
mkah0_sx88 /nfs-share/xinchi/kaldi/egs/timit/s5_la4/fbank/raw_fbank_train.3.ark:5851650
marw0_sx106 /nfs-share/xinchi/kaldi/egs/timit/s5_la4/fbank/raw_fbank_train.2.ark:3102543
fbcg1_si1612 /nfs-share/xinchi/kaldi/egs/timit/s5_la4/fbank/raw_fbank_train.1.ark:633960
megj0_si1337 /nfs-share/xinchi/kaldi/egs/timit/s5_la4/fbank/raw_fbank_train.2.ark:9829485
mbom0_sx114 /nfs-share/xinchi/kaldi/egs/timit/s5_la4/fbank/raw_fbank_train.2.ark:4060314
fjkl0_sx212 /nfs-share/xinchi/kaldi/egs/timit/s5_la4/fbank/raw_fbank_train.1.ark:5205766
fetb0_sx68 /nfs-share/xinchi/kaldi/egs/timit/s5_la4/fbank/raw_fbank_train.1.ark:4048542
falr0_si1325 /nfs-share/xinchi/kaldi/egs/timit/s5_la4/fbank/raw_fbank_train.1.ark:310923
makr0_si1352 /nfs-share/xinchi/kaldi/egs/timit/s5_la4/fbank/raw_fbank_train.2.ark:2810128
fjlg0_si1506 /nfs-share/xinchi/kaldi/egs/timit/s5_la4/fbank/raw_fbank_train.1.ark:5253818
mdcm0_sx400 /nfs-share/xinchi/kaldi/egs/timit/s5_la4/fbank/raw_fbank_train.2.ark:6580384
mbbr0_si1055 /nfs-share/xinchi/kaldi/egs/timit/s5_la4/fbank/raw_fbank_train.2.ark:3272973
mvjh0_sx386 /nfs-share/xinchi/kaldi/egs/timit/s5_la4/fbank/raw_fbank_train.4.ark:10289923
fhxs0_si2302 /nfs-share/xinchi/kaldi/egs/timit/s5_la4/fbank/raw_fbank_train.1.ark:4735363
mcdd0_sx343 /nfs-share/xinchi/kaldi/egs/timit/s5_la4/fbank/raw_fbank_train.2.ark:4765871
mbml0_sx359 /nfs-share/xinchi/kaldi/egs/timit/s5_la4/fbank/raw_fbank_train.2.ark:3989274
mdcm0_sx310 /nfs-share/xinchi/kaldi/egs/timit/s5_la4/fbank/raw_fbank_train.2.ark:6558719
mrmh0_si1349 /nfs-share/xinchi/kaldi/egs/timit/s5_la4/fbank/raw_fbank_train.4.ark:3901410
mrai0_si792 /nfs-share/xinchi/kaldi/egs/timit/s5_la4/fbank/raw_fbank_train.4.ark:789865
fhlm0_sx390 /nfs-share/xinchi/kaldi/egs/timit/s5_la4/fbank/raw_fbank_train.1.ark:4704135
mrws0_sx202 /nfs-share/xinchi/kaldi/egs/timit/s5_la4/fbank/raw_fbank_train.4.ark:5083347
fskp0_si1728 /nfs-share/xinchi/kaldi/egs/timit/s5_la4/fbank/raw_fbank_train.2.ark:464118
mabc0_sx331 /nfs-share/xinchi/kaldi/egs/timit/s5_la4/fbank/raw_fbank_train.2.ark:2073531
fdml0_si1149 /nfs-share/xinchi/kaldi/egs/timit/s5_la4/fbank/raw_fbank_train.1.ark:2900779
mbsb0_sx273 /nfs-share/xinchi/kaldi/egs/timit/s5_la4/fbank/raw_fbank_train.2.ark:4156493
fjsp0_si804 /nfs-share/xinchi/kaldi/egs/timit/s5_la4/fbank/raw_fbank_train.1.ark:5801932
mrlj1_si1671 /nfs-share/xinchi/kaldi/egs/timit/s5_la4/fbank/raw_fbank_train.4.ark:3414689
makr0_sx272 /nfs-share/xinchi/kaldi/egs/timit/s5_la4/fbank/raw_fbank_train.2.ark:2847021
mter0_si1157 /nfs-share/xinchi/kaldi/egs/timit/s5_la4/fbank/raw_fbank_train.4.ark:7981702
mmws1_sx351 /nfs-share/xinchi/kaldi/egs/timit/s5_la4/fbank/raw_fbank_train.3.ark:10414178
mram0_si1951 /nfs-share/xinchi/kaldi/egs/timit/s5_la4/fbank/raw_fbank_train.4.ark:896611
mpfu0_sx358 /nfs-share/xinchi/kaldi/egs/timit/s5_la4/fbank/raw_fbank_train.3.ark:10973286
faem0_si762 /nfs-share/xinchi/kaldi/egs/timit/s5_la4/fbank/raw_fbank_train.1.ark:28600
mjdc0_si531 /nfs-share/xinchi/kaldi/egs/timit/s5_la4/fbank/raw_fbank_train.3.ark:2171065
marw0_sx16 /nfs-share/xinchi/kaldi/egs/timit/s5_la4/fbank/raw_fbank_train.2.ark:3114575
mrso0_sx129 /nfs-share/xinchi/kaldi/egs/timit/s5_la4/fbank/raw_fbank_train.4.ark:4444884
mrvg0_sx240 /nfs-share/xinchi/kaldi/egs/timit/s5_la4/fbank/raw_fbank_train.4.ark:4893257
fclt0_sx88 /nfs-share/xinchi/kaldi/egs/timit/s5_la4/fbank/raw_fbank_train.1.ark:1986316
mrws0_sx382 /nfs-share/xinchi/kaldi/egs/timit/s5_la4/fbank/raw_fbank_train.4.ark:5111125
mmgg0_sx269 /nfs-share/xinchi/kaldi/egs/timit/s5_la4/fbank/raw_fbank_train.3.ark:9398775
mjbg0_sx152 /nfs-share/xinchi/kaldi/egs/timit/s5_la4/fbank/raw_fbank_train.3.ark:1998567
mses0_sx149 /nfs-share/xinchi/kaldi/egs/timit/s5_la4/fbank/raw_fbank_train.4.ark:6046929
msmc0_sx107 /nfs-share/xinchi/kaldi/egs/timit/s5_la4/fbank/raw_fbank_train.4.ark:6480548
frjb0_sx77 /nfs-share/xinchi/kaldi/egs/timit/s5_la4/fbank/raw_fbank_train.1.ark:10769256
mdcm0_si2110 /nfs-share/xinchi/kaldi/egs/timit/s5_la4/fbank/raw_fbank_train.2.ark:6510267
fdaw0_sx326 /nfs-share/xinchi/kaldi/egs/timit/s5_la4/fbank/raw_fbank_train.1.ark:2572723
mtpp0_sx338 /nfs-share/xinchi/kaldi/egs/timit/s5_la4/fbank/raw_fbank_train.4.ark:9445498
fvkb0_sx169 /nfs-share/xinchi/kaldi/egs/timit/s5_la4/fbank/raw_fbank_train.2.ark:1857215
mhmg0_sx15 /nfs-share/xinchi/kaldi/egs/timit/s5_la4/fbank/raw_fbank_train.3.ark:1235162
flac0_sx271 /nfs-share/xinchi/kaldi/egs/timit/s5_la4/fbank/raw_fbank_train.1.ark:7162684
fljd0_sx436 /nfs-share/xinchi/kaldi/egs/timit/s5_la4/fbank/raw_fbank_train.1.ark:7795623
fsbk0_si1699 /nfs-share/xinchi/kaldi/egs/timit/s5_la4/fbank/raw_fbank_train.1.ark:11215303
fksr0_sx366 /nfs-share/xinchi/kaldi/egs/timit/s5_la4/fbank/raw_fbank_train.1.ark:7077292
mcxm0_si1351 /nfs-share/xinchi/kaldi/egs/timit/s5_la4/fbank/raw_fbank_train.2.ark:5906405
mbcg0_si2217 /nfs-share/xinchi/kaldi/egs/timit/s5_la4/fbank/raw_fbank_train.2.ark:3366039
ftbw0_sx265 /nfs-share/xinchi/kaldi/egs/timit/s5_la4/fbank/raw_fbank_train.2.ark:1494108
msjk0_sx336 /nfs-share/xinchi/kaldi/egs/timit/s5_la4/fbank/raw_fbank_train.4.ark:6397470
mdss0_si1881 /nfs-share/xinchi/kaldi/egs/timit/s5_la4/fbank/raw_fbank_train.2.ark:8997500
mkdt0_sx353 /nfs-share/xinchi/kaldi/egs/timit/s5_la4/fbank/raw_fbank_train.3.ark:6319949
marw0_si1276 /nfs-share/xinchi/kaldi/egs/timit/s5_la4/fbank/raw_fbank_train.2.ark:3072083
madd0_si1798 /nfs-share/xinchi/kaldi/egs/timit/s5_la4/fbank/raw_fbank_train.2.ark:2217929
fcdr1_sx16 /nfs-share/xinchi/kaldi/egs/timit/s5_la4/fbank/raw_fbank_train.1.ark:1509092
mjai0_sx164 /nfs-share/xinchi/kaldi/egs/timit/s5_la4/fbank/raw_fbank_train.3.ark:1917181
mmdm1_sx333 /nfs-share/xinchi/kaldi/egs/timit/s5_la4/fbank/raw_fbank_train.3.ark:8959483
mrai0_sx72 /nfs-share/xinchi/kaldi/egs/timit/s5_la4/fbank/raw_fbank_train.4.ark:864389
mbma1_sx324 /nfs-share/xinchi/kaldi/egs/timit/s5_la4/fbank/raw_fbank_train.2.ark:3891569
mrml0_si791 /nfs-share/xinchi/kaldi/egs/timit/s5_la4/fbank/raw_fbank_train.4.ark:4009189
mwsh0_sx166 /nfs-share/xinchi/kaldi/egs/timit/s5_la4/fbank/raw_fbank_train.4.ark:11488239
fcmm0_sx363 /nfs-share/xinchi/kaldi/egs/timit/s5_la4/fbank/raw_fbank_train.1.ark:2164022
feeh0_si1112 /nfs-share/xinchi/kaldi/egs/timit/s5_la4/fbank/raw_fbank_train.1.ark:3751581
mjlb0_si2246 /nfs-share/xinchi/kaldi/egs/timit/s5_la4/fbank/raw_fbank_train.3.ark:3604382
mdlh0_sx250 /nfs-share/xinchi/kaldi/egs/timit/s5_la4/fbank/raw_fbank_train.2.ark:7847972
mcth0_sx219 /nfs-share/xinchi/kaldi/egs/timit/s5_la4/fbank/raw_fbank_train.2.ark:5761408
mnet0_sx6 /nfs-share/xinchi/kaldi/egs/timit/s5_la4/fbank/raw_fbank_train.3.ark:10607538
mlbc0_sx159 /nfs-share/xinchi/kaldi/egs/timit/s5_la4/fbank/raw_fbank_train.3.ark:7274056
mdlc0_sx135 /nfs-share/xinchi/kaldi/egs/timit/s5_la4/fbank/raw_fbank_train.2.ark:7550104
fscn0_sx266 /nfs-share/xinchi/kaldi/egs/timit/s5_la4/fbank/raw_fbank_train.1.ark:11374867
mrgm0_sx442 /nfs-share/xinchi/kaldi/egs/timit/s5_la4/fbank/raw_fbank_train.4.ark:2338056
mrdd0_sx330 /nfs-share/xinchi/kaldi/egs/timit/s5_la4/fbank/raw_fbank_train.4.ark:1432070
mdwm0_si1546 /nfs-share/xinchi/kaldi/egs/timit/s5_la4/fbank/raw_fbank_train.2.ark:9460826
fmah1_sx69 /nfs-share/xinchi/kaldi/egs/timit/s5_la4/fbank/raw_fbank_train.1.ark:8606577
mhmg0_sx105 /nfs-share/xinchi/kaldi/egs/timit/s5_la4/fbank/raw_fbank_train.3.ark:1225850
fpad0_si716 /nfs-share/xinchi/kaldi/egs/timit/s5_la4/fbank/raw_fbank_train.1.ark:10008637
mjdc0_sx261 /nfs-share/xinchi/kaldi/egs/timit/s5_la4/fbank/raw_fbank_train.3.ark:2208331
mtpr0_sx340 /nfs-share/xinchi/kaldi/egs/timit/s5_la4/fbank/raw_fbank_train.4.ark:9554283
mcre0_sx41 /nfs-share/xinchi/kaldi/egs/timit/s5_la4/fbank/raw_fbank_train.2.ark:5595377
mjrg0_si1996 /nfs-share/xinchi/kaldi/egs/timit/s5_la4/fbank/raw_fbank_train.3.ark:4542394
mklw0_sx401 /nfs-share/xinchi/kaldi/egs/timit/s5_la4/fbank/raw_fbank_train.3.ark:7017720
mmab1_sx144 /nfs-share/xinchi/kaldi/egs/timit/s5_la4/fbank/raw_fbank_train.3.ark:8007751
mzmb0_sx356 /nfs-share/xinchi/kaldi/egs/timit/s5_la4/fbank/raw_fbank_train.4.ark:11622890
mrre0_sx74 /nfs-share/xinchi/kaldi/egs/timit/s5_la4/fbank/raw_fbank_train.4.ark:4382389
mcss0_sx300 /nfs-share/xinchi/kaldi/egs/timit/s5_la4/fbank/raw_fbank_train.2.ark:5690608
mcdc0_sx212 /nfs-share/xinchi/kaldi/egs/timit/s5_la4/fbank/raw_fbank_train.2.ark:4665333
mpgr1_sx419 /nfs-share/xinchi/kaldi/egs/timit/s5_la4/fbank/raw_fbank_train.3.ark:11266394
mbma1_sx234 /nfs-share/xinchi/kaldi/egs/timit/s5_la4/fbank/raw_fbank_train.2.ark:3880176
mrew1_sx330 /nfs-share/xinchi/kaldi/egs/timit/s5_la4/fbank/raw_fbank_train.4.ark:2009067
mprd0_si2061 /nfs-share/xinchi/kaldi/egs/timit/s5_la4/fbank/raw_fbank_train.4.ark:181283
fvmh0_si2096 /nfs-share/xinchi/kaldi/egs/timit/s5_la4/fbank/raw_fbank_train.2.ark:1944494
mgrp0_sx147 /nfs-share/xinchi/kaldi/egs/timit/s5_la4/fbank/raw_fbank_train.3.ark:524160
mrem0_sx421 /nfs-share/xinchi/kaldi/egs/timit/s5_la4/fbank/raw_fbank_train.4.ark:1933675
fear0_sx352 /nfs-share/xinchi/kaldi/egs/timit/s5_la4/fbank/raw_fbank_train.1.ark:3588537
mdrd0_sx122 /nfs-share/xinchi/kaldi/egs/timit/s5_la4/fbank/raw_fbank_train.2.ark:8828470
mjrh0_si1125 /nfs-share/xinchi/kaldi/egs/timit/s5_la4/fbank/raw_fbank_train.3.ark:4629265
fhxs0_sx265 /nfs-share/xinchi/kaldi/egs/timit/s5_la4/fbank/raw_fbank_train.1.ark:4794663
mtkd0_sx197 /nfs-share/xinchi/kaldi/egs/timit/s5_la4/fbank/raw_fbank_train.4.ark:8560151
mefg0_sx105 /nfs-share/xinchi/kaldi/egs/timit/s5_la4/fbank/raw_fbank_train.2.ark:9773520
fdtd0_sx121 /nfs-share/xinchi/kaldi/egs/timit/s5_la4/fbank/raw_fbank_train.1.ark:3273435
mrvg0_si510 /nfs-share/xinchi/kaldi/egs/timit/s5_la4/fbank/raw_fbank_train.4.ark:4874151
mmjb1_sx148 /nfs-share/xinchi/kaldi/egs/timit/s5_la4/fbank/raw_fbank_train.3.ark:9561912
fkdw0_si577 /nfs-share/xinchi/kaldi/egs/timit/s5_la4/fbank/raw_fbank_train.1.ark:6433882
fdnc0_si1908 /nfs-share/xinchi/kaldi/egs/timit/s5_la4/fbank/raw_fbank_train.1.ark:3143783
fgdp0_sx178 /nfs-share/xinchi/kaldi/egs/timit/s5_la4/fbank/raw_fbank_train.1.ark:4307327
mjjm0_sx287 /nfs-share/xinchi/kaldi/egs/timit/s5_la4/fbank/raw_fbank_train.3.ark:3460656
fsag0_si693 /nfs-share/xinchi/kaldi/egs/timit/s5_la4/fbank/raw_fbank_train.1.ark:10899381
mtxs0_sx430 /nfs-share/xinchi/kaldi/egs/timit/s5_la4/fbank/raw_fbank_train.4.ark:10177026
mmvp0_sx204 /nfs-share/xinchi/kaldi/egs/timit/s5_la4/fbank/raw_fbank_train.3.ark:10085950
fbas0_si2066 /nfs-share/xinchi/kaldi/egs/timit/s5_la4/fbank/raw_fbank_train.1.ark:559842
flag0_sx384 /nfs-share/xinchi/kaldi/egs/timit/s5_la4/fbank/raw_fbank_train.1.ark:7308767
mdhl0_sx359 /nfs-share/xinchi/kaldi/egs/timit/s5_la4/fbank/raw_fbank_train.2.ark:7056644
fear0_si1882 /nfs-share/xinchi/kaldi/egs/timit/s5_la4/fbank/raw_fbank_train.1.ark:3543525
fsdj0_sx35 /nfs-share/xinchi/kaldi/egs/timit/s5_la4/fbank/raw_fbank_train.1.ark:11585983
mjkr0_si1831 /nfs-share/xinchi/kaldi/egs/timit/s5_la4/fbank/raw_fbank_train.3.ark:3501277
fbas0_si1387 /nfs-share/xinchi/kaldi/egs/timit/s5_la4/fbank/raw_fbank_train.1.ark:527214
fmmh0_sx420 /nfs-share/xinchi/kaldi/egs/timit/s5_la4/fbank/raw_fbank_train.1.ark:9408629
mjmm0_sx265 /nfs-share/xinchi/kaldi/egs/timit/s5_la4/fbank/raw_fbank_train.3.ark:4104048
fjkl0_sx302 /nfs-share/xinchi/kaldi/egs/timit/s5_la4/fbank/raw_fbank_train.1.ark:5220079
fmkf0_si1018 /nfs-share/xinchi/kaldi/egs/timit/s5_la4/fbank/raw_fbank_train.1.ark:9241000
mrjm0_sx238 /nfs-share/xinchi/kaldi/egs/timit/s5_la4/fbank/raw_fbank_train.4.ark:2855794
mbsb0_sx3 /nfs-share/xinchi/kaldi/egs/timit/s5_la4/fbank/raw_fbank_train.2.ark:4163884
faem0_sx42 /nfs-share/xinchi/kaldi/egs/timit/s5_la4/fbank/raw_fbank_train.1.ark:91084
fbmj0_si815 /nfs-share/xinchi/kaldi/egs/timit/s5_la4/fbank/raw_fbank_train.1.ark:1180311
mdef0_sx213 /nfs-share/xinchi/kaldi/egs/timit/s5_la4/fbank/raw_fbank_train.2.ark:6839562
mrfk0_sx266 /nfs-share/xinchi/kaldi/egs/timit/s5_la4/fbank/raw_fbank_train.4.ark:2098300
fssb0_sx272 /nfs-share/xinchi/kaldi/egs/timit/s5_la4/fbank/raw_fbank_train.2.ark:1205394
msrr0_si1131 /nfs-share/xinchi/kaldi/egs/timit/s5_la4/fbank/raw_fbank_train.4.ark:6828548
medr0_si744 /nfs-share/xinchi/kaldi/egs/timit/s5_la4/fbank/raw_fbank_train.2.ark:9664184
fmpg0_sx162 /nfs-share/xinchi/kaldi/egs/timit/s5_la4/fbank/raw_fbank_train.1.ark:9493746
mesj0_sx277 /nfs-share/xinchi/kaldi/egs/timit/s5_la4/fbank/raw_fbank_train.2.ark:10273516
mbwp0_si1969 /nfs-share/xinchi/kaldi/egs/timit/s5_la4/fbank/raw_fbank_train.2.ark:4299001
mjhi0_sx338 /nfs-share/xinchi/kaldi/egs/timit/s5_la4/fbank/raw_fbank_train.3.ark:3133268
mkdt0_sx173 /nfs-share/xinchi/kaldi/egs/timit/s5_la4/fbank/raw_fbank_train.3.ark:6294643
meal0_sx347 /nfs-share/xinchi/kaldi/egs/timit/s5_la4/fbank/raw_fbank_train.2.ark:9614210
mdbb1_si1636 /nfs-share/xinchi/kaldi/egs/timit/s5_la4/fbank/raw_fbank_train.2.ark:6213191
fclt0_si1438 /nfs-share/xinchi/kaldi/egs/timit/s5_la4/fbank/raw_fbank_train.1.ark:1903685
mjrh1_sx424 /nfs-share/xinchi/kaldi/egs/timit/s5_la4/fbank/raw_fbank_train.3.ark:4804610
mrwa0_sx163 /nfs-share/xinchi/kaldi/egs/timit/s5_la4/fbank/raw_fbank_train.4.ark:4976929
flja0_si1708 /nfs-share/xinchi/kaldi/egs/timit/s5_la4/fbank/raw_fbank_train.1.ark:7633432
mmlm0_sx87 /nfs-share/xinchi/kaldi/egs/timit/s5_la4/fbank/raw_fbank_train.3.ark:9702868
msat0_si2156 /nfs-share/xinchi/kaldi/egs/timit/s5_la4/fbank/raw_fbank_train.4.ark:5428189
mdac0_sx451 /nfs-share/xinchi/kaldi/egs/timit/s5_la4/fbank/raw_fbank_train.2.ark:6081789
mmgg0_si1709 /nfs-share/xinchi/kaldi/egs/timit/s5_la4/fbank/raw_fbank_train.3.ark:9368315
mwre0_si2317 /nfs-share/xinchi/kaldi/egs/timit/s5_la4/fbank/raw_fbank_train.4.ark:11181414
mrlk0_si2140 /nfs-share/xinchi/kaldi/egs/timit/s5_la4/fbank/raw_fbank_train.4.ark:3520149
fsak0_sx130 /nfs-share/xinchi/kaldi/egs/timit/s5_la4/fbank/raw_fbank_train.1.ark:11140744
msdh0_si980 /nfs-share/xinchi/kaldi/egs/timit/s5_la4/fbank/raw_fbank_train.4.ark:5674379
fecd0_sx158 /nfs-share/xinchi/kaldi/egs/timit/s5_la4/fbank/raw_fbank_train.1.ark:3687976
fvmh0_sx206 /nfs-share/xinchi/kaldi/egs/timit/s5_la4/fbank/raw_fbank_train.2.ark:1981553
mtab0_si2202 /nfs-share/xinchi/kaldi/egs/timit/s5_la4/fbank/raw_fbank_train.4.ark:7180135
medr0_sx204 /nfs-share/xinchi/kaldi/egs/timit/s5_la4/fbank/raw_fbank_train.2.ark:9689970
mjsr0_sx434 /nfs-share/xinchi/kaldi/egs/timit/s5_la4/fbank/raw_fbank_train.3.ark:5102725
mdwd0_sx450 /nfs-share/xinchi/kaldi/egs/timit/s5_la4/fbank/raw_fbank_train.2.ark:9320895
mdjm0_si1455 /nfs-share/xinchi/kaldi/egs/timit/s5_la4/fbank/raw_fbank_train.2.ark:7187408
fbch0_sx326 /nfs-share/xinchi/kaldi/egs/timit/s5_la4/fbank/raw_fbank_train.1.ark:800070
mdlc1_si2144 /nfs-share/xinchi/kaldi/egs/timit/s5_la4/fbank/raw_fbank_train.2.ark:7643857
fmjf0_sx84 /nfs-share/xinchi/kaldi/egs/timit/s5_la4/fbank/raw_fbank_train.1.ark:9018915
mmag0_si496 /nfs-share/xinchi/kaldi/egs/timit/s5_la4/fbank/raw_fbank_train.3.ark:8108063
mdcm0_si1480 /nfs-share/xinchi/kaldi/egs/timit/s5_la4/fbank/raw_fbank_train.2.ark:6492473
mreh1_si1599 /nfs-share/xinchi/kaldi/egs/timit/s5_la4/fbank/raw_fbank_train.4.ark:1743972
mljc0_sx235 /nfs-share/xinchi/kaldi/egs/timit/s5_la4/fbank/raw_fbank_train.3.ark:7495619
fklc0_si2245 /nfs-share/xinchi/kaldi/egs/timit/s5_la4/fbank/raw_fbank_train.1.ark:6723044
mpsw0_si1697 /nfs-share/xinchi/kaldi/egs/timit/s5_la4/fbank/raw_fbank_train.4.ark:495317
mded0_si540 /nfs-share/xinchi/kaldi/egs/timit/s5_la4/fbank/raw_fbank_train.2.ark:6707190
fljd0_sx346 /nfs-share/xinchi/kaldi/egs/timit/s5_la4/fbank/raw_fbank_train.1.ark:7781870
mcef0_sx55 /nfs-share/xinchi/kaldi/egs/timit/s5_la4/fbank/raw_fbank_train.2.ark:4994386
mrsp0_sx196 /nfs-share/xinchi/kaldi/egs/timit/s5_la4/fbank/raw_fbank_train.4.ark:4574782
mtlc0_sx217 /nfs-share/xinchi/kaldi/egs/timit/s5_la4/fbank/raw_fbank_train.4.ark:8858514
mtkd0_si1187 /nfs-share/xinchi/kaldi/egs/timit/s5_la4/fbank/raw_fbank_train.4.ark:8491346
mtab0_sx402 /nfs-share/xinchi/kaldi/egs/timit/s5_la4/fbank/raw_fbank_train.4.ark:7252540
mgxp0_sx97 /nfs-share/xinchi/kaldi/egs/timit/s5_la4/fbank/raw_fbank_train.3.ark:905040
mbbr0_si2315 /nfs-share/xinchi/kaldi/egs/timit/s5_la4/fbank/raw_fbank_train.2.ark:3301561
fsdj0_sx305 /nfs-share/xinchi/kaldi/egs/timit/s5_la4/fbank/raw_fbank_train.1.ark:11576271
ftbw0_sx355 /nfs-share/xinchi/kaldi/egs/timit/s5_la4/fbank/raw_fbank_train.2.ark:1505501
msrg0_si1221 /nfs-share/xinchi/kaldi/egs/timit/s5_la4/fbank/raw_fbank_train.4.ark:6736443
mjkr0_si571 /nfs-share/xinchi/kaldi/egs/timit/s5_la4/fbank/raw_fbank_train.3.ark:3513870
fjsk0_si1052 /nfs-share/xinchi/kaldi/egs/timit/s5_la4/fbank/raw_fbank_train.1.ark:5677199
mdpb0_sx146 /nfs-share/xinchi/kaldi/egs/timit/s5_la4/fbank/raw_fbank_train.2.ark:8549875
makb0_si2276 /nfs-share/xinchi/kaldi/egs/timit/s5_la4/fbank/raw_fbank_train.2.ark:2729810
fkfb0_si2238 /nfs-share/xinchi/kaldi/egs/timit/s5_la4/fbank/raw_fbank_train.1.ark:6510554
mdlb0_sx406 /nfs-share/xinchi/kaldi/egs/timit/s5_la4/fbank/raw_fbank_train.2.ark:7474218
mdcd0_sx155 /nfs-share/xinchi/kaldi/egs/timit/s5_la4/fbank/raw_fbank_train.2.ark:6435308
mmgg0_sx179 /nfs-share/xinchi/kaldi/egs/timit/s5_la4/fbank/raw_fbank_train.3.ark:9386422
fkdw0_si1207 /nfs-share/xinchi/kaldi/egs/timit/s5_la4/fbank/raw_fbank_train.1.ark:6394295
mppc0_sx422 /nfs-share/xinchi/kaldi/egs/timit/s5_la4/fbank/raw_fbank_train.4.ark:24198
mbom0_sx311 /nfs-share/xinchi/kaldi/egs/timit/s5_la4/fbank/raw_fbank_train.2.ark:4089973
mtpf0_sx335 /nfs-share/xinchi/kaldi/egs/timit/s5_la4/fbank/raw_fbank_train.4.ark:9267608
mtbc0_si1173 /nfs-share/xinchi/kaldi/egs/timit/s5_la4/fbank/raw_fbank_train.4.ark:7565721
mtpg0_si753 /nfs-share/xinchi/kaldi/egs/timit/s5_la4/fbank/raw_fbank_train.4.ark:9321854
mdlc1_sx445 /nfs-share/xinchi/kaldi/egs/timit/s5_la4/fbank/raw_fbank_train.2.ark:7687909
mkag0_si1609 /nfs-share/xinchi/kaldi/egs/timit/s5_la4/fbank/raw_fbank_train.3.ark:5659915
mjxl0_si542 /nfs-share/xinchi/kaldi/egs/timit/s5_la4/fbank/raw_fbank_train.3.ark:5583517
mrlj1_sx141 /nfs-share/xinchi/kaldi/egs/timit/s5_la4/fbank/raw_fbank_train.4.ark:3449270
mrlk0_sx123 /nfs-share/xinchi/kaldi/egs/timit/s5_la4/fbank/raw_fbank_train.4.ark:3549415
fdnc0_si1278 /nfs-share/xinchi/kaldi/egs/timit/s5_la4/fbank/raw_fbank_train.1.ark:3122589
mwad0_sx432 /nfs-share/xinchi/kaldi/egs/timit/s5_la4/fbank/raw_fbank_train.4.ark:10657752
mdlm0_si1864 /nfs-share/xinchi/kaldi/egs/timit/s5_la4/fbank/raw_fbank_train.2.ark:7909338
mprd0_sx261 /nfs-share/xinchi/kaldi/egs/timit/s5_la4/fbank/raw_fbank_train.4.ark:229422
mwar0_sx55 /nfs-share/xinchi/kaldi/egs/timit/s5_la4/fbank/raw_fbank_train.4.ark:10759410
mdlc2_sx444 /nfs-share/xinchi/kaldi/egs/timit/s5_la4/fbank/raw_fbank_train.2.ark:7768734
mkam0_si1465 /nfs-share/xinchi/kaldi/egs/timit/s5_la4/fbank/raw_fbank_train.3.ark:5980017
mmsm0_si1736 /nfs-share/xinchi/kaldi/egs/timit/s5_la4/fbank/raw_fbank_train.3.ark:9936746
mses0_sx329 /nfs-share/xinchi/kaldi/egs/timit/s5_la4/fbank/raw_fbank_train.4.ark:6069395
mrpc1_si2112 /nfs-share/xinchi/kaldi/egs/timit/s5_la4/fbank/raw_fbank_train.4.ark:4214361
fjhk0_sx392 /nfs-share/xinchi/kaldi/egs/timit/s5_la4/fbank/raw_fbank_train.1.ark:5147679
mkls1_si915 /nfs-share/xinchi/kaldi/egs/timit/s5_la4/fbank/raw_fbank_train.3.ark:6868242
flod0_si1287 /nfs-share/xinchi/kaldi/egs/timit/s5_la4/fbank/raw_fbank_train.1.ark:8329334
mrjm1_si1298 /nfs-share/xinchi/kaldi/egs/timit/s5_la4/fbank/raw_fbank_train.4.ark:2909966
mdwd0_sx180 /nfs-share/xinchi/kaldi/egs/timit/s5_la4/fbank/raw_fbank_train.2.ark:9290156
mdhs0_sx180 /nfs-share/xinchi/kaldi/egs/timit/s5_la4/fbank/raw_fbank_train.2.ark:7135763
mtlb0_sx414 /nfs-share/xinchi/kaldi/egs/timit/s5_la4/fbank/raw_fbank_train.4.ark:8779195
mnet0_si1446 /nfs-share/xinchi/kaldi/egs/timit/s5_la4/fbank/raw_fbank_train.3.ark:10540661
fgdp0_si988 /nfs-share/xinchi/kaldi/egs/timit/s5_la4/fbank/raw_fbank_train.1.ark:4290734
fmem0_si747 /nfs-share/xinchi/kaldi/egs/timit/s5_la4/fbank/raw_fbank_train.1.ark:8747502
mpeb0_sx330 /nfs-share/xinchi/kaldi/egs/timit/s5_la4/fbank/raw_fbank_train.3.ark:10869741
fkfb0_si1608 /nfs-share/xinchi/kaldi/egs/timit/s5_la4/fbank/raw_fbank_train.1.ark:6491200
fsag0_sx63 /nfs-share/xinchi/kaldi/egs/timit/s5_la4/fbank/raw_fbank_train.1.ark:10981625
mdlc0_sx225 /nfs-share/xinchi/kaldi/egs/timit/s5_la4/fbank/raw_fbank_train.2.ark:7563297
makb0_si1646 /nfs-share/xinchi/kaldi/egs/timit/s5_la4/fbank/raw_fbank_train.2.ark:2717336
makb0_sx26 /nfs-share/xinchi/kaldi/egs/timit/s5_la4/fbank/raw_fbank_train.2.ark:2778908
ftbr0_si921 /nfs-share/xinchi/kaldi/egs/timit/s5_la4/fbank/raw_fbank_train.2.ark:1369097
mrlr0_sx296 /nfs-share/xinchi/kaldi/egs/timit/s5_la4/fbank/raw_fbank_train.4.ark:3674658
mmar0_si1966 /nfs-share/xinchi/kaldi/egs/timit/s5_la4/fbank/raw_fbank_train.3.ark:8289281
mgsh0_sx96 /nfs-share/xinchi/kaldi/egs/timit/s5_la4/fbank/raw_fbank_train.3.ark:685074
mjbg0_sx422 /nfs-share/xinchi/kaldi/egs/timit/s5_la4/fbank/raw_fbank_train.3.ark:2040626
mcre0_sx221 /nfs-share/xinchi/kaldi/egs/timit/s5_la4/fbank/raw_fbank_train.2.ark:5560080
mdlh0_sx340 /nfs-share/xinchi/kaldi/egs/timit/s5_la4/fbank/raw_fbank_train.2.ark:7861125
mtat1_si1627 /nfs-share/xinchi/kaldi/egs/timit/s5_la4/fbank/raw_fbank_train.4.ark:7463730
mjjm0_sx17 /nfs-share/xinchi/kaldi/egs/timit/s5_la4/fbank/raw_fbank_train.3.ark:3441350
mkes0_si1883 /nfs-share/xinchi/kaldi/egs/timit/s5_la4/fbank/raw_fbank_train.3.ark:6371002
mmvp0_si1284 /nfs-share/xinchi/kaldi/egs/timit/s5_la4/fbank/raw_fbank_train.3.ark:10022497
msmr0_sx415 /nfs-share/xinchi/kaldi/egs/timit/s5_la4/fbank/raw_fbank_train.4.ark:6616032
fhlm0_si1560 /nfs-share/xinchi/kaldi/egs/timit/s5_la4/fbank/raw_fbank_train.1.ark:4614663
mrxb0_sx55 /nfs-share/xinchi/kaldi/egs/timit/s5_la4/fbank/raw_fbank_train.4.ark:5211390
mejl0_sx422 /nfs-share/xinchi/kaldi/egs/timit/s5_la4/fbank/raw_fbank_train.2.ark:10004987
mmlm0_sx447 /nfs-share/xinchi/kaldi/egs/timit/s5_la4/fbank/raw_fbank_train.3.ark:9693956
fsjg0_si940 /nfs-share/xinchi/kaldi/egs/timit/s5_la4/fbank/raw_fbank_train.1.ark:11732782
mjxa0_sx67 /nfs-share/xinchi/kaldi/egs/timit/s5_la4/fbank/raw_fbank_train.3.ark:5544176
mdsj0_si1462 /nfs-share/xinchi/kaldi/egs/timit/s5_la4/fbank/raw_fbank_train.2.ark:8896395
mmag0_sx136 /nfs-share/xinchi/kaldi/egs/timit/s5_la4/fbank/raw_fbank_train.3.ark:8120176
fmkf0_si1536 /nfs-share/xinchi/kaldi/egs/timit/s5_la4/fbank/raw_fbank_train.1.ark:9259154
mjfh0_si1107 /nfs-share/xinchi/kaldi/egs/timit/s5_la4/fbank/raw_fbank_train.3.ark:2884253
msat1_si1073 /nfs-share/xinchi/kaldi/egs/timit/s5_la4/fbank/raw_fbank_train.4.ark:5496060
mdtb0_sx300 /nfs-share/xinchi/kaldi/egs/timit/s5_la4/fbank/raw_fbank_train.2.ark:9218756
mdlc0_sx45 /nfs-share/xinchi/kaldi/egs/timit/s5_la4/fbank/raw_fbank_train.2.ark:7596475
mmvp0_si654 /nfs-share/xinchi/kaldi/egs/timit/s5_la4/fbank/raw_fbank_train.3.ark:10046084
mkah0_si898 /nfs-share/xinchi/kaldi/egs/timit/s5_la4/fbank/raw_fbank_train.3.ark:5788206
mvlo0_sx427 /nfs-share/xinchi/kaldi/egs/timit/s5_la4/fbank/raw_fbank_train.4.ark:10375236
mjjb0_si1139 /nfs-share/xinchi/kaldi/egs/timit/s5_la4/fbank/raw_fbank_train.3.ark:3171447
mtrc0_si993 /nfs-share/xinchi/kaldi/egs/timit/s5_la4/fbank/raw_fbank_train.4.ark:9751193
mmeb0_sx7 /nfs-share/xinchi/kaldi/egs/timit/s5_la4/fbank/raw_fbank_train.3.ark:9237309
mjxl0_sx92 /nfs-share/xinchi/kaldi/egs/timit/s5_la4/fbank/raw_fbank_train.3.ark:5647801
mclk0_sx130 /nfs-share/xinchi/kaldi/egs/timit/s5_la4/fbank/raw_fbank_train.2.ark:5278651
fjrb0_si1302 /nfs-share/xinchi/kaldi/egs/timit/s5_la4/fbank/raw_fbank_train.1.ark:5451789
mmam0_sx67 /nfs-share/xinchi/kaldi/egs/timit/s5_la4/fbank/raw_fbank_train.3.ark:8261853
flkm0_si620 /nfs-share/xinchi/kaldi/egs/timit/s5_la4/fbank/raw_fbank_train.1.ark:7946267
mrbc0_sx239 /nfs-share/xinchi/kaldi/egs/timit/s5_la4/fbank/raw_fbank_train.4.ark:1106008
mrml0_sx251 /nfs-share/xinchi/kaldi/egs/timit/s5_la4/fbank/raw_fbank_train.4.ark:4043055
freh0_sx55 /nfs-share/xinchi/kaldi/egs/timit/s5_la4/fbank/raw_fbank_train.1.ark:10678870
fjen0_sx237 /nfs-share/xinchi/kaldi/egs/timit/s5_la4/fbank/raw_fbank_train.1.ark:5000475
mcew0_si1442 /nfs-share/xinchi/kaldi/egs/timit/s5_la4/fbank/raw_fbank_train.2.ark:5006220
medr0_sx24 /nfs-share/xinchi/kaldi/egs/timit/s5_la4/fbank/raw_fbank_train.2.ark:9699282
fsjs0_si1171 /nfs-share/xinchi/kaldi/egs/timit/s5_la4/fbank/raw_fbank_train.2.ark:43184
mhmr0_sx399 /nfs-share/xinchi/kaldi/egs/timit/s5_la4/fbank/raw_fbank_train.3.ark:1368406
mjra0_si1866 /nfs-share/xinchi/kaldi/egs/timit/s5_la4/fbank/raw_fbank_train.3.ark:4442129
fljd0_sx166 /nfs-share/xinchi/kaldi/egs/timit/s5_la4/fbank/raw_fbank_train.1.ark:7754924
mrdm0_si1595 /nfs-share/xinchi/kaldi/egs/timit/s5_la4/fbank/raw_fbank_train.4.ark:1475650
mjrh0_si1755 /nfs-share/xinchi/kaldi/egs/timit/s5_la4/fbank/raw_fbank_train.3.ark:4639739
mwre0_si1057 /nfs-share/xinchi/kaldi/egs/timit/s5_la4/fbank/raw_fbank_train.4.ark:11155506
mpfu0_si628 /nfs-share/xinchi/kaldi/egs/timit/s5_la4/fbank/raw_fbank_train.3.ark:10935707
fdtd0_si1561 /nfs-share/xinchi/kaldi/egs/timit/s5_la4/fbank/raw_fbank_train.1.ark:3235615
fmem0_sx117 /nfs-share/xinchi/kaldi/egs/timit/s5_la4/fbank/raw_fbank_train.1.ark:8759895
mctm0_si720 /nfs-share/xinchi/kaldi/egs/timit/s5_la4/fbank/raw_fbank_train.2.ark:5843327
mtpf0_sx65 /nfs-share/xinchi/kaldi/egs/timit/s5_la4/fbank/raw_fbank_train.4.ark:9290313
mpar0_si946 /nfs-share/xinchi/kaldi/egs/timit/s5_la4/fbank/raw_fbank_train.3.ark:10756017
mclk0_sx310 /nfs-share/xinchi/kaldi/egs/timit/s5_la4/fbank/raw_fbank_train.2.ark:5303037
mjeb0_sx170 /nfs-share/xinchi/kaldi/egs/timit/s5_la4/fbank/raw_fbank_train.3.ark:2617558
fcmm0_sx420 /nfs-share/xinchi/kaldi/egs/timit/s5_la4/fbank/raw_fbank_train.1.ark:2175975
fsdj0_sx125 /nfs-share/xinchi/kaldi/egs/timit/s5_la4/fbank/raw_fbank_train.1.ark:11556085
mkes0_sx443 /nfs-share/xinchi/kaldi/egs/timit/s5_la4/fbank/raw_fbank_train.3.ark:6443727
fjsk0_sx242 /nfs-share/xinchi/kaldi/egs/timit/s5_la4/fbank/raw_fbank_train.1.ark:5727333
mdbp0_si1788 /nfs-share/xinchi/kaldi/egs/timit/s5_la4/fbank/raw_fbank_train.2.ark:6296857
mmwb0_sx449 /nfs-share/xinchi/kaldi/egs/timit/s5_la4/fbank/raw_fbank_train.3.ark:10239162
mrld0_si964 /nfs-share/xinchi/kaldi/egs/timit/s5_la4/fbank/raw_fbank_train.4.ark:3261826
mmag0_sx406 /nfs-share/xinchi/kaldi/egs/timit/s5_la4/fbank/raw_fbank_train.3.ark:8162555
mmvp0_sx347 /nfs-share/xinchi/kaldi/egs/timit/s5_la4/fbank/raw_fbank_train.3.ark:10109696
mbml0_sx269 /nfs-share/xinchi/kaldi/egs/timit/s5_la4/fbank/raw_fbank_train.2.ark:3979561
majp0_sx354 /nfs-share/xinchi/kaldi/egs/timit/s5_la4/fbank/raw_fbank_train.2.ark:2652163
mjjj0_sx83 /nfs-share/xinchi/kaldi/egs/timit/s5_la4/fbank/raw_fbank_train.3.ark:3374184
fvmh0_sx116 /nfs-share/xinchi/kaldi/egs/timit/s5_la4/fbank/raw_fbank_train.2.ark:1973240
mjmm0_sx445 /nfs-share/xinchi/kaldi/egs/timit/s5_la4/fbank/raw_fbank_train.3.ark:4125514
mvjh0_sx296 /nfs-share/xinchi/kaldi/egs/timit/s5_la4/fbank/raw_fbank_train.4.ark:10280210
fbcg1_sx442 /nfs-share/xinchi/kaldi/egs/timit/s5_la4/fbank/raw_fbank_train.1.ark:706439
mtwh1_sx252 /nfs-share/xinchi/kaldi/egs/timit/s5_la4/fbank/raw_fbank_train.4.ark:10045654
mrdd0_si1050 /nfs-share/xinchi/kaldi/egs/timit/s5_la4/fbank/raw_fbank_train.4.ark:1364790
fhxs0_sx445 /nfs-share/xinchi/kaldi/egs/timit/s5_la4/fbank/raw_fbank_train.1.ark:4818089
mcth0_sx129 /nfs-share/xinchi/kaldi/egs/timit/s5_la4/fbank/raw_fbank_train.2.ark:5750095
mpgh0_sx294 /nfs-share/xinchi/kaldi/egs/timit/s5_la4/fbank/raw_fbank_train.3.ark:11081622
mtlb0_sx324 /nfs-share/xinchi/kaldi/egs/timit/s5_la4/fbank/raw_fbank_train.4.ark:8762002
fsjk1_sx395 /nfs-share/xinchi/kaldi/egs/timit/s5_la4/fbank/raw_fbank_train.2.ark:32110
fsms1_sx64 /nfs-share/xinchi/kaldi/egs/timit/s5_la4/fbank/raw_fbank_train.2.ark:939296
mmam0_sx427 /nfs-share/xinchi/kaldi/egs/timit/s5_la4/fbank/raw_fbank_train.3.ark:8253701
mkjo0_si1517 /nfs-share/xinchi/kaldi/egs/timit/s5_la4/fbank/raw_fbank_train.3.ark:6465913
mgaf0_sx202 /nfs-share/xinchi/kaldi/egs/timit/s5_la4/fbank/raw_fbank_train.2.ark:11015837
fskp0_sx288 /nfs-share/xinchi/kaldi/egs/timit/s5_la4/fbank/raw_fbank_train.2.ark:515562
mbth0_si505 /nfs-share/xinchi/kaldi/egs/timit/s5_la4/fbank/raw_fbank_train.2.ark:4206936
fcyl0_sx127 /nfs-share/xinchi/kaldi/egs/timit/s5_la4/fbank/raw_fbank_train.1.ark:2340486
fcjf0_si1657 /nfs-share/xinchi/kaldi/egs/timit/s5_la4/fbank/raw_fbank_train.1.ark:1656684
mbjv0_sx347 /nfs-share/xinchi/kaldi/egs/timit/s5_la4/fbank/raw_fbank_train.2.ark:3699879
mjxl0_sx272 /nfs-share/xinchi/kaldi/egs/timit/s5_la4/fbank/raw_fbank_train.3.ark:5605023
mapv0_sx303 /nfs-share/xinchi/kaldi/egs/timit/s5_la4/fbank/raw_fbank_train.2.ark:2961759
fgmb0_si1145 /nfs-share/xinchi/kaldi/egs/timit/s5_la4/fbank/raw_fbank_train.1.ark:4384012
fsjg0_si1570 /nfs-share/xinchi/kaldi/egs/timit/s5_la4/fbank/raw_fbank_train.1.ark:11704595
mdlm0_sx154 /nfs-share/xinchi/kaldi/egs/timit/s5_la4/fbank/raw_fbank_train.2.ark:7936204
mdlm0_sx64 /nfs-share/xinchi/kaldi/egs/timit/s5_la4/fbank/raw_fbank_train.2.ark:7974455
mhrm0_sx148 /nfs-share/xinchi/kaldi/egs/timit/s5_la4/fbank/raw_fbank_train.3.ark:1409660
mcew0_si812 /nfs-share/xinchi/kaldi/egs/timit/s5_la4/fbank/raw_fbank_train.2.ark:5036687
mwac0_sx341 /nfs-share/xinchi/kaldi/egs/timit/s5_la4/fbank/raw_fbank_train.4.ark:10560133
mrhl0_si2145 /nfs-share/xinchi/kaldi/egs/timit/s5_la4/fbank/raw_fbank_train.4.ark:2486779
fjlr0_sx61 /nfs-share/xinchi/kaldi/egs/timit/s5_la4/fbank/raw_fbank_train.1.ark:5437435
mbef0_sx291 /nfs-share/xinchi/kaldi/egs/timit/s5_la4/fbank/raw_fbank_train.2.ark:3522581
mgrl0_si2127 /nfs-share/xinchi/kaldi/egs/timit/s5_la4/fbank/raw_fbank_train.3.ark:397629
fsjg0_sx40 /nfs-share/xinchi/kaldi/egs/timit/s5_la4/fbank/raw_fbank_train.1.ark:11804833
mrmh0_sx31 /nfs-share/xinchi/kaldi/egs/timit/s5_la4/fbank/raw_fbank_train.4.ark:3962455
mcdr0_sx254 /nfs-share/xinchi/kaldi/egs/timit/s5_la4/fbank/raw_fbank_train.2.ark:4872703
flet0_sx417 /nfs-share/xinchi/kaldi/egs/timit/s5_la4/fbank/raw_fbank_train.1.ark:7493386
mdbb1_si2056 /nfs-share/xinchi/kaldi/egs/timit/s5_la4/fbank/raw_fbank_train.2.ark:6220745
mjeb0_sx386 /nfs-share/xinchi/kaldi/egs/timit/s5_la4/fbank/raw_fbank_train.3.ark:2669529
mefg0_si465 /nfs-share/xinchi/kaldi/egs/timit/s5_la4/fbank/raw_fbank_train.2.ark:9725021
msds0_sx177 /nfs-share/xinchi/kaldi/egs/timit/s5_la4/fbank/raw_fbank_train.4.ark:5815478
fsjw0_sx163 /nfs-share/xinchi/kaldi/egs/timit/s5_la4/fbank/raw_fbank_train.2.ark:194309
mgrp0_sx417 /nfs-share/xinchi/kaldi/egs/timit/s5_la4/fbank/raw_fbank_train.3.ark:566499
mrkm0_si1391 /nfs-share/xinchi/kaldi/egs/timit/s5_la4/fbank/raw_fbank_train.4.ark:3132210
mpeb0_si600 /nfs-share/xinchi/kaldi/egs/timit/s5_la4/fbank/raw_fbank_train.3.ark:10832482
msdh0_sx80 /nfs-share/xinchi/kaldi/egs/timit/s5_la4/fbank/raw_fbank_train.4.ark:5754143
mlns0_sx147 /nfs-share/xinchi/kaldi/egs/timit/s5_la4/fbank/raw_fbank_train.3.ark:7704996
mjeb1_sx297 /nfs-share/xinchi/kaldi/egs/timit/s5_la4/fbank/raw_fbank_train.3.ark:2761561
fhxs0_sx85 /nfs-share/xinchi/kaldi/egs/timit/s5_la4/fbank/raw_fbank_train.1.ark:4827481
msem1_sx270 /nfs-share/xinchi/kaldi/egs/timit/s5_la4/fbank/raw_fbank_train.4.ark:5961536
mesg0_sx162 /nfs-share/xinchi/kaldi/egs/timit/s5_la4/fbank/raw_fbank_train.2.ark:10162978
mjfh0_sx207 /nfs-share/xinchi/kaldi/egs/timit/s5_la4/fbank/raw_fbank_train.3.ark:2930226
mjdm0_si1340 /nfs-share/xinchi/kaldi/egs/timit/s5_la4/fbank/raw_fbank_train.3.ark:2473313
msvs0_si1568 /nfs-share/xinchi/kaldi/egs/timit/s5_la4/fbank/raw_fbank_train.4.ark:7035116
mjpm1_sx131 /nfs-share/xinchi/kaldi/egs/timit/s5_la4/fbank/raw_fbank_train.3.ark:4362250
mcdr0_sx74 /nfs-share/xinchi/kaldi/egs/timit/s5_la4/fbank/raw_fbank_train.2.ark:4902161
mhrm0_sx238 /nfs-share/xinchi/kaldi/egs/timit/s5_la4/fbank/raw_fbank_train.3.ark:1420813
fbcg1_si982 /nfs-share/xinchi/kaldi/egs/timit/s5_la4/fbank/raw_fbank_train.1.ark:648827
fljd0_si1516 /nfs-share/xinchi/kaldi/egs/timit/s5_la4/fbank/raw_fbank_train.1.ark:7716864
mtrr0_si2178 /nfs-share/xinchi/kaldi/egs/timit/s5_la4/fbank/raw_fbank_train.4.ark:9820585
fajw0_sx183 /nfs-share/xinchi/kaldi/egs/timit/s5_la4/fbank/raw_fbank_train.1.ark:151578
mmgk0_sx62 /nfs-share/xinchi/kaldi/egs/timit/s5_la4/fbank/raw_fbank_train.3.ark:9515578
fbch0_sx236 /nfs-share/xinchi/kaldi/egs/timit/s5_la4/fbank/raw_fbank_train.1.ark:789957
mtjs0_sx112 /nfs-share/xinchi/kaldi/egs/timit/s5_la4/fbank/raw_fbank_train.4.ark:8333916
flja0_sx268 /nfs-share/xinchi/kaldi/egs/timit/s5_la4/fbank/raw_fbank_train.1.ark:7663372
feac0_si1875 /nfs-share/xinchi/kaldi/egs/timit/s5_la4/fbank/raw_fbank_train.1.ark:3439740
mwem0_sx420 /nfs-share/xinchi/kaldi/egs/timit/s5_la4/fbank/raw_fbank_train.4.ark:11025415
mdbb1_sx196 /nfs-share/xinchi/kaldi/egs/timit/s5_la4/fbank/raw_fbank_train.2.ark:6254363
mtwh1_sx162 /nfs-share/xinchi/kaldi/egs/timit/s5_la4/fbank/raw_fbank_train.4.ark:10035181
mmds0_sx353 /nfs-share/xinchi/kaldi/egs/timit/s5_la4/fbank/raw_fbank_train.3.ark:9052388
mlsh0_si787 /nfs-share/xinchi/kaldi/egs/timit/s5_la4/fbank/raw_fbank_train.3.ark:7789148
flod0_si657 /nfs-share/xinchi/kaldi/egs/timit/s5_la4/fbank/raw_fbank_train.1.ark:8354841
mmlm0_si1527 /nfs-share/xinchi/kaldi/egs/timit/s5_la4/fbank/raw_fbank_train.3.ark:9629077
mcal0_si508 /nfs-share/xinchi/kaldi/egs/timit/s5_la4/fbank/raw_fbank_train.2.ark:4546682
fdnc0_sx378 /nfs-share/xinchi/kaldi/egs/timit/s5_la4/fbank/raw_fbank_train.1.ark:3221501
mmlm0_sx267 /nfs-share/xinchi/kaldi/egs/timit/s5_la4/fbank/raw_fbank_train.3.ark:9669130
mdss1_si1327 /nfs-share/xinchi/kaldi/egs/timit/s5_la4/fbank/raw_fbank_train.2.ark:9076685
fsms1_sx334 /nfs-share/xinchi/kaldi/egs/timit/s5_la4/fbank/raw_fbank_train.2.ark:912511
mrdm0_sx65 /nfs-share/xinchi/kaldi/egs/timit/s5_la4/fbank/raw_fbank_train.4.ark:1547287
fmkf0_sx6 /nfs-share/xinchi/kaldi/egs/timit/s5_la4/fbank/raw_fbank_train.1.ark:9321757
mklw0_sx221 /nfs-share/xinchi/kaldi/egs/timit/s5_la4/fbank/raw_fbank_train.3.ark:6986334
mbom0_sx204 /nfs-share/xinchi/kaldi/egs/timit/s5_la4/fbank/raw_fbank_train.2.ark:4070147
mrtj0_sx322 /nfs-share/xinchi/kaldi/egs/timit/s5_la4/fbank/raw_fbank_train.4.ark:4812665
mrso0_si2289 /nfs-share/xinchi/kaldi/egs/timit/s5_la4/fbank/raw_fbank_train.4.ark:4432971
mrmb0_sx411 /nfs-share/xinchi/kaldi/egs/timit/s5_la4/fbank/raw_fbank_train.4.ark:3765324
mtpg0_sx33 /nfs-share/xinchi/kaldi/egs/timit/s5_la4/fbank/raw_fbank_train.4.ark:9368745
mklw0_sx131 /nfs-share/xinchi/kaldi/egs/timit/s5_la4/fbank/raw_fbank_train.3.ark:6975781
mrms0_sx30 /nfs-share/xinchi/kaldi/egs/timit/s5_la4/fbank/raw_fbank_train.4.ark:4167353
mdks0_sx76 /nfs-share/xinchi/kaldi/egs/timit/s5_la4/fbank/raw_fbank_train.2.ark:7368185
fsag0_sx333 /nfs-share/xinchi/kaldi/egs/timit/s5_la4/fbank/raw_fbank_train.1.ark:10943600
fjhk0_si1022 /nfs-share/xinchi/kaldi/egs/timit/s5_la4/fbank/raw_fbank_train.1.ark:5060887
mgaw0_sx265 /nfs-share/xinchi/kaldi/egs/timit/s5_la4/fbank/raw_fbank_train.3.ark:155652
feac0_sx435 /nfs-share/xinchi/kaldi/egs/timit/s5_la4/fbank/raw_fbank_train.1.ark:3506825
flac0_si2161 /nfs-share/xinchi/kaldi/egs/timit/s5_la4/fbank/raw_fbank_train.1.ark:7136145
mesj0_sx367 /nfs-share/xinchi/kaldi/egs/timit/s5_la4/fbank/raw_fbank_train.2.ark:10282829
mjjm0_sx197 /nfs-share/xinchi/kaldi/egs/timit/s5_la4/fbank/raw_fbank_train.3.ark:3449743
fgcs0_sx46 /nfs-share/xinchi/kaldi/egs/timit/s5_la4/fbank/raw_fbank_train.1.ark:4259073
mnet0_si2076 /nfs-share/xinchi/kaldi/egs/timit/s5_la4/fbank/raw_fbank_train.3.ark:10556415
mfrm0_si1155 /nfs-share/xinchi/kaldi/egs/timit/s5_la4/fbank/raw_fbank_train.2.ark:10584681
mmbs0_si1781 /nfs-share/xinchi/kaldi/egs/timit/s5_la4/fbank/raw_fbank_train.3.ark:8408106
mtmn0_si2324 /nfs-share/xinchi/kaldi/egs/timit/s5_la4/fbank/raw_fbank_train.4.ark:9015026
mdjm0_sx375 /nfs-share/xinchi/kaldi/egs/timit/s5_la4/fbank/raw_fbank_train.2.ark:7271199
fpaz0_si1593 /nfs-share/xinchi/kaldi/egs/timit/s5_la4/fbank/raw_fbank_train.1.ark:10195221
mjeb1_sx387 /nfs-share/xinchi/kaldi/egs/timit/s5_la4/fbank/raw_fbank_train.3.ark:2771554
msms0_sx263 /nfs-share/xinchi/kaldi/egs/timit/s5_la4/fbank/raw_fbank_train.4.ark:6693111
mjma0_si1495 /nfs-share/xinchi/kaldi/egs/timit/s5_la4/fbank/raw_fbank_train.3.ark:3872544
maeo0_si1326 /nfs-share/xinchi/kaldi/egs/timit/s5_la4/fbank/raw_fbank_train.2.ark:2402185
freh0_sx415 /nfs-share/xinchi/kaldi/egs/timit/s5_la4/fbank/raw_fbank_train.1.ark:10670278
mpgr1_sx59 /nfs-share/xinchi/kaldi/egs/timit/s5_la4/fbank/raw_fbank_train.3.ark:11278946
mges0_sx41 /nfs-share/xinchi/kaldi/egs/timit/s5_la4/fbank/raw_fbank_train.3.ark:264175
mrdd0_sx60 /nfs-share/xinchi/kaldi/egs/timit/s5_la4/fbank/raw_fbank_train.4.ark:1444982
fjdm2_sx412 /nfs-share/xinchi/kaldi/egs/timit/s5_la4/fbank/raw_fbank_train.1.ark:4920795
mppc0_sx152 /nfs-share/xinchi/kaldi/egs/timit/s5_la4/fbank/raw_fbank_train.3.ark:11494145
msat0_si1526 /nfs-share/xinchi/kaldi/egs/timit/s5_la4/fbank/raw_fbank_train.4.ark:5419035
fnkl0_sx172 /nfs-share/xinchi/kaldi/egs/timit/s5_la4/fbank/raw_fbank_train.1.ark:9611891
mmds0_si713 /nfs-share/xinchi/kaldi/egs/timit/s5_la4/fbank/raw_fbank_train.3.ark:9023809
mjxa0_si877 /nfs-share/xinchi/kaldi/egs/timit/s5_la4/fbank/raw_fbank_train.3.ark:5489852
mdjm0_si2085 /nfs-share/xinchi/kaldi/egs/timit/s5_la4/fbank/raw_fbank_train.2.ark:7206242
fcaj0_sx219 /nfs-share/xinchi/kaldi/egs/timit/s5_la4/fbank/raw_fbank_train.1.ark:1386028
mdem0_si608 /nfs-share/xinchi/kaldi/egs/timit/s5_la4/fbank/raw_fbank_train.2.ark:6889047
mcal0_sx148 /nfs-share/xinchi/kaldi/egs/timit/s5_la4/fbank/raw_fbank_train.2.ark:4554035
mrds0_sx267 /nfs-share/xinchi/kaldi/egs/timit/s5_la4/fbank/raw_fbank_train.4.ark:1600014
mrfl0_si526 /nfs-share/xinchi/kaldi/egs/timit/s5_la4/fbank/raw_fbank_train.4.ark:2166259
mtdp0_si1274 /nfs-share/xinchi/kaldi/egs/timit/s5_la4/fbank/raw_fbank_train.4.ark:7861996
fclt0_sx448 /nfs-share/xinchi/kaldi/egs/timit/s5_la4/fbank/raw_fbank_train.1.ark:1975924
mkjo0_sx257 /nfs-share/xinchi/kaldi/egs/timit/s5_la4/fbank/raw_fbank_train.3.ark:6511046
msmc0_si647 /nfs-share/xinchi/kaldi/egs/timit/s5_la4/fbank/raw_fbank_train.4.ark:6465955
mded0_sx270 /nfs-share/xinchi/kaldi/egs/timit/s5_la4/fbank/raw_fbank_train.2.ark:6738856
mdas0_sx96 /nfs-share/xinchi/kaldi/egs/timit/s5_la4/fbank/raw_fbank_train.2.ark:6186683
mbar0_sx59 /nfs-share/xinchi/kaldi/egs/timit/s5_la4/fbank/raw_fbank_train.2.ark:3265099
fjkl0_sx122 /nfs-share/xinchi/kaldi/egs/timit/s5_la4/fbank/raw_fbank_train.1.ark:5191453
mree0_sx24 /nfs-share/xinchi/kaldi/egs/timit/s5_la4/fbank/raw_fbank_train.4.ark:1714592
mtxs0_sx160 /nfs-share/xinchi/kaldi/egs/timit/s5_la4/fbank/raw_fbank_train.4.ark:10133927
msat0_si896 /nfs-share/xinchi/kaldi/egs/timit/s5_la4/fbank/raw_fbank_train.4.ark:5437742
mtpg0_sx393 /nfs-share/xinchi/kaldi/egs/timit/s5_la4/fbank/raw_fbank_train.4.ark:9378658
mdpb0_sx56 /nfs-share/xinchi/kaldi/egs/timit/s5_la4/fbank/raw_fbank_train.2.ark:8593446
mtju0_sx130 /nfs-share/xinchi/kaldi/egs/timit/s5_la4/fbank/raw_fbank_train.4.ark:8433461
mefg0_sx375 /nfs-share/xinchi/kaldi/egs/timit/s5_la4/fbank/raw_fbank_train.2.ark:9815531
fdfb0_sx418 /nfs-share/xinchi/kaldi/egs/timit/s5_la4/fbank/raw_fbank_train.1.ark:2668262
mmaa0_sx35 /nfs-share/xinchi/kaldi/egs/timit/s5_la4/fbank/raw_fbank_train.3.ark:7948704
mbar0_si689 /nfs-share/xinchi/kaldi/egs/timit/s5_la4/fbank/raw_fbank_train.2.ark:3196775
mddc0_si1419 /nfs-share/xinchi/kaldi/egs/timit/s5_la4/fbank/raw_fbank_train.2.ark:6591578
mtas0_sx35 /nfs-share/xinchi/kaldi/egs/timit/s5_la4/fbank/raw_fbank_train.4.ark:7334604
mrlj0_sx250 /nfs-share/xinchi/kaldi/egs/timit/s5_la4/fbank/raw_fbank_train.4.ark:3375517
mtjm0_sx56 /nfs-share/xinchi/kaldi/egs/timit/s5_la4/fbank/raw_fbank_train.4.ark:8269582
mmws0_sx168 /nfs-share/xinchi/kaldi/egs/timit/s5_la4/fbank/raw_fbank_train.3.ark:10305487
mgrl0_sx237 /nfs-share/xinchi/kaldi/egs/timit/s5_la4/fbank/raw_fbank_train.3.ark:434928
majp0_sx264 /nfs-share/xinchi/kaldi/egs/timit/s5_la4/fbank/raw_fbank_train.2.ark:2638810
mtmn0_sx254 /nfs-share/xinchi/kaldi/egs/timit/s5_la4/fbank/raw_fbank_train.4.ark:9067365
mrgm0_sx82 /nfs-share/xinchi/kaldi/egs/timit/s5_la4/fbank/raw_fbank_train.4.ark:2359168
mtdp0_si2151 /nfs-share/xinchi/kaldi/egs/timit/s5_la4/fbank/raw_fbank_train.4.ark:7889184
mcef0_sx145 /nfs-share/xinchi/kaldi/egs/timit/s5_la4/fbank/raw_fbank_train.2.ark:4952655
mdwh0_si665 /nfs-share/xinchi/kaldi/egs/timit/s5_la4/fbank/raw_fbank_train.2.ark:9372468
mrlj0_sx340 /nfs-share/xinchi/kaldi/egs/timit/s5_la4/fbank/raw_fbank_train.4.ark:3385630
mtjs0_sx22 /nfs-share/xinchi/kaldi/egs/timit/s5_la4/fbank/raw_fbank_train.4.ark:8356581
mrkm0_sx97 /nfs-share/xinchi/kaldi/egs/timit/s5_la4/fbank/raw_fbank_train.4.ark:3228165
mafm0_sx219 /nfs-share/xinchi/kaldi/egs/timit/s5_la4/fbank/raw_fbank_train.2.ark:2537784
fsgf0_sx27 /nfs-share/xinchi/kaldi/egs/timit/s5_la4/fbank/raw_fbank_train.1.ark:11675055
mrfk0_sx446 /nfs-share/xinchi/kaldi/egs/timit/s5_la4/fbank/raw_fbank_train.4.ark:2118886
mtat1_sx149 /nfs-share/xinchi/kaldi/egs/timit/s5_la4/fbank/raw_fbank_train.4.ark:7490276
mprk0_sx287 /nfs-share/xinchi/kaldi/egs/timit/s5_la4/fbank/raw_fbank_train.4.ark:366032
fjen0_sx327 /nfs-share/xinchi/kaldi/egs/timit/s5_la4/fbank/raw_fbank_train.1.ark:5009788
mlns0_sx417 /nfs-share/xinchi/kaldi/egs/timit/s5_la4/fbank/raw_fbank_train.3.ark:7737015
mjma0_sx415 /nfs-share/xinchi/kaldi/egs/timit/s5_la4/fbank/raw_fbank_train.3.ark:3944903
mdma0_si1430 /nfs-share/xinchi/kaldi/egs/timit/s5_la4/fbank/raw_fbank_train.2.ark:8202533
fleh0_si2311 /nfs-share/xinchi/kaldi/egs/timit/s5_la4/fbank/raw_fbank_train.1.ark:7349149
mjeb1_sx207 /nfs-share/xinchi/kaldi/egs/timit/s5_la4/fbank/raw_fbank_train.3.ark:2743016
mrpc1_sx312 /nfs-share/xinchi/kaldi/egs/timit/s5_la4/fbank/raw_fbank_train.4.ark:4243660
fdkn0_sx361 /nfs-share/xinchi/kaldi/egs/timit/s5_la4/fbank/raw_fbank_train.1.ark:2857400
mrcg0_si2058 /nfs-share/xinchi/kaldi/egs/timit/s5_la4/fbank/raw_fbank_train.4.ark:1174374
fbch0_si1586 /nfs-share/xinchi/kaldi/egs/timit/s5_la4/fbank/raw_fbank_train.1.ark:731665
mcef0_si1765 /nfs-share/xinchi/kaldi/egs/timit/s5_la4/fbank/raw_fbank_train.2.ark:4924789
mwad0_si1062 /nfs-share/xinchi/kaldi/egs/timit/s5_la4/fbank/raw_fbank_train.4.ark:10601792
mgrl0_si867 /nfs-share/xinchi/kaldi/egs/timit/s5_la4/fbank/raw_fbank_train.3.ark:408942
mwem0_si1320 /nfs-share/xinchi/kaldi/egs/timit/s5_la4/fbank/raw_fbank_train.4.ark:10955175
fbmj0_sx426 /nfs-share/xinchi/kaldi/egs/timit/s5_la4/fbank/raw_fbank_train.1.ark:1232523
mgar0_sx42 /nfs-share/xinchi/kaldi/egs/timit/s5_la4/fbank/raw_fbank_train.3.ark:89405
mjsr0_si794 /nfs-share/xinchi/kaldi/egs/timit/s5_la4/fbank/raw_fbank_train.3.ark:5042593
mhmg0_si1995 /nfs-share/xinchi/kaldi/egs/timit/s5_la4/fbank/raw_fbank_train.3.ark:1196064
fbjl0_sx202 /nfs-share/xinchi/kaldi/egs/timit/s5_la4/fbank/raw_fbank_train.1.ark:894582
mtrc0_sx273 /nfs-share/xinchi/kaldi/egs/timit/s5_la4/fbank/raw_fbank_train.4.ark:9785012
ftbw0_sx445 /nfs-share/xinchi/kaldi/egs/timit/s5_la4/fbank/raw_fbank_train.2.ark:1515854
fjkl0_sx32 /nfs-share/xinchi/kaldi/egs/timit/s5_la4/fbank/raw_fbank_train.1.ark:5230471
fmah1_sx339 /nfs-share/xinchi/kaldi/egs/timit/s5_la4/fbank/raw_fbank_train.1.ark:8585032
fjsp0_sx444 /nfs-share/xinchi/kaldi/egs/timit/s5_la4/fbank/raw_fbank_train.1.ark:5850824
mrbc0_si1665 /nfs-share/xinchi/kaldi/egs/timit/s5_la4/fbank/raw_fbank_train.4.ark:1058915
mtml0_sx255 /nfs-share/xinchi/kaldi/egs/timit/s5_la4/fbank/raw_fbank_train.4.ark:8949900
fdjh0_sx305 /nfs-share/xinchi/kaldi/egs/timit/s5_la4/fbank/raw_fbank_train.1.ark:2754054
flhd0_si1974 /nfs-share/xinchi/kaldi/egs/timit/s5_la4/fbank/raw_fbank_train.1.ark:7534840
fajw0_si633 /nfs-share/xinchi/kaldi/egs/timit/s5_la4/fbank/raw_fbank_train.1.ark:131585
mdac0_si631 /nfs-share/xinchi/kaldi/egs/timit/s5_la4/fbank/raw_fbank_train.2.ark:6024217
mbth0_sx392 /nfs-share/xinchi/kaldi/egs/timit/s5_la4/fbank/raw_fbank_train.2.ark:4279213
mcef0_si842 /nfs-share/xinchi/kaldi/egs/timit/s5_la4/fbank/raw_fbank_train.2.ark:4935662
mmws1_sx261 /nfs-share/xinchi/kaldi/egs/timit/s5_la4/fbank/raw_fbank_train.3.ark:10399313
mejs0_sx160 /nfs-share/xinchi/kaldi/egs/timit/s5_la4/fbank/raw_fbank_train.2.ark:10067273
fsag0_sx153 /nfs-share/xinchi/kaldi/egs/timit/s5_la4/fbank/raw_fbank_train.1.ark:10911254
mcdd0_si2143 /nfs-share/xinchi/kaldi/egs/timit/s5_la4/fbank/raw_fbank_train.2.ark:4722179
mtrr0_sx378 /nfs-share/xinchi/kaldi/egs/timit/s5_la4/fbank/raw_fbank_train.4.ark:9895502
fcdr1_sx376 /nfs-share/xinchi/kaldi/egs/timit/s5_la4/fbank/raw_fbank_train.1.ark:1547351
mcdc0_si1292 /nfs-share/xinchi/kaldi/egs/timit/s5_la4/fbank/raw_fbank_train.2.ark:4620320
mprt0_si1210 /nfs-share/xinchi/kaldi/egs/timit/s5_la4/fbank/raw_fbank_train.4.ark:396779
mdss0_si2087 /nfs-share/xinchi/kaldi/egs/timit/s5_la4/fbank/raw_fbank_train.2.ark:9005614
mjdg0_sx322 /nfs-share/xinchi/kaldi/egs/timit/s5_la4/fbank/raw_fbank_train.3.ark:2441334
mprt0_sx400 /nfs-share/xinchi/kaldi/egs/timit/s5_la4/fbank/raw_fbank_train.4.ark:475729
mtmt0_sx308 /nfs-share/xinchi/kaldi/egs/timit/s5_la4/fbank/raw_fbank_train.4.ark:9170143
fljd0_si886 /nfs-share/xinchi/kaldi/egs/timit/s5_la4/fbank/raw_fbank_train.1.ark:7747051
fecd0_si788 /nfs-share/xinchi/kaldi/egs/timit/s5_la4/fbank/raw_fbank_train.1.ark:3667063
fcdr1_sx286 /nfs-share/xinchi/kaldi/egs/timit/s5_la4/fbank/raw_fbank_train.1.ark:1529638
mkdb0_sx242 /nfs-share/xinchi/kaldi/egs/timit/s5_la4/fbank/raw_fbank_train.3.ark:6103267
fdmy0_sx27 /nfs-share/xinchi/kaldi/egs/timit/s5_la4/fbank/raw_fbank_train.1.ark:3080089
mabc0_sx151 /nfs-share/xinchi/kaldi/egs/timit/s5_la4/fbank/raw_fbank_train.2.ark:2052705
mdcm0_si850 /nfs-share/xinchi/kaldi/egs/timit/s5_la4/fbank/raw_fbank_train.2.ark:6522580
mjxl0_sx182 /nfs-share/xinchi/kaldi/egs/timit/s5_la4/fbank/raw_fbank_train.3.ark:5595230
fvfb0_si1510 /nfs-share/xinchi/kaldi/egs/timit/s5_la4/fbank/raw_fbank_train.2.ark:1748723
mzmb0_sx86 /nfs-share/xinchi/kaldi/egs/timit/s5_la4/fbank/raw_fbank_train.4.ark:11647275
msfh0_si586 /nfs-share/xinchi/kaldi/egs/timit/s5_la4/fbank/raw_fbank_train.4.ark:6136481
mwdk0_sx446 /nfs-share/xinchi/kaldi/egs/timit/s5_la4/fbank/raw_fbank_train.4.ark:10933829
fjsk0_sx332 /nfs-share/xinchi/kaldi/egs/timit/s5_la4/fbank/raw_fbank_train.1.ark:5739206
mvlo0_sx337 /nfs-share/xinchi/kaldi/egs/timit/s5_la4/fbank/raw_fbank_train.4.ark:10363003
mklr0_sx339 /nfs-share/xinchi/kaldi/egs/timit/s5_la4/fbank/raw_fbank_train.3.ark:6705090
mgsl0_sx84 /nfs-share/xinchi/kaldi/egs/timit/s5_la4/fbank/raw_fbank_train.3.ark:794378
mrem0_si1591 /nfs-share/xinchi/kaldi/egs/timit/s5_la4/fbank/raw_fbank_train.4.ark:1859037
fsjs0_sx181 /nfs-share/xinchi/kaldi/egs/timit/s5_la4/fbank/raw_fbank_train.2.ark:82924
fmkf0_sx186 /nfs-share/xinchi/kaldi/egs/timit/s5_la4/fbank/raw_fbank_train.1.ark:9286380
mgak0_si2296 /nfs-share/xinchi/kaldi/egs/timit/s5_la4/fbank/raw_fbank_train.2.ark:11173381
fmah1_si1509 /nfs-share/xinchi/kaldi/egs/timit/s5_la4/fbank/raw_fbank_train.1.ark:8523346
mrld0_sx244 /nfs-share/xinchi/kaldi/egs/timit/s5_la4/fbank/raw_fbank_train.4.ark:3285972
fljd0_si2146 /nfs-share/xinchi/kaldi/egs/timit/s5_la4/fbank/raw_fbank_train.1.ark:7737098
fkfb0_sx348 /nfs-share/xinchi/kaldi/egs/timit/s5_la4/fbank/raw_fbank_train.1.ark:6557806
mfxv0_sx375 /nfs-share/xinchi/kaldi/egs/timit/s5_la4/fbank/raw_fbank_train.2.ark:10952110
falk0_sx96 /nfs-share/xinchi/kaldi/egs/timit/s5_la4/fbank/raw_fbank_train.1.ark:298009
mkls1_si1545 /nfs-share/xinchi/kaldi/egs/timit/s5_la4/fbank/raw_fbank_train.3.ark:6845655
fcke0_si481 /nfs-share/xinchi/kaldi/egs/timit/s5_la4/fbank/raw_fbank_train.1.ark:1837847
mgjc0_si1335 /nfs-share/xinchi/kaldi/egs/timit/s5_la4/fbank/raw_fbank_train.3.ark:288803
msfv0_sx452 /nfs-share/xinchi/kaldi/egs/timit/s5_la4/fbank/raw_fbank_train.4.ark:6302878
mmar0_sx436 /nfs-share/xinchi/kaldi/egs/timit/s5_la4/fbank/raw_fbank_train.3.ark:8373166
msms0_sx353 /nfs-share/xinchi/kaldi/egs/timit/s5_la4/fbank/raw_fbank_train.4.ark:6702744
mhjb0_sx27 /nfs-share/xinchi/kaldi/egs/timit/s5_la4/fbank/raw_fbank_train.3.ark:1158810
mejl0_sx152 /nfs-share/xinchi/kaldi/egs/timit/s5_la4/fbank/raw_fbank_train.2.ark:9971288
mhmr0_sx309 /nfs-share/xinchi/kaldi/egs/timit/s5_la4/fbank/raw_fbank_train.3.ark:1345021
fgrw0_sx72 /nfs-share/xinchi/kaldi/egs/timit/s5_la4/fbank/raw_fbank_train.1.ark:4604709
fmkc0_sx442 /nfs-share/xinchi/kaldi/egs/timit/s5_la4/fbank/raw_fbank_train.1.ark:9216414
mprd0_sx81 /nfs-share/xinchi/kaldi/egs/timit/s5_la4/fbank/raw_fbank_train.4.ark:266440
mjee0_sx247 /nfs-share/xinchi/kaldi/egs/timit/s5_la4/fbank/raw_fbank_train.3.ark:2829761
mded0_sx180 /nfs-share/xinchi/kaldi/egs/timit/s5_la4/fbank/raw_fbank_train.2.ark:6726543
mjjb0_sx329 /nfs-share/xinchi/kaldi/egs/timit/s5_la4/fbank/raw_fbank_train.3.ark:3235534
megj0_si707 /nfs-share/xinchi/kaldi/egs/timit/s5_la4/fbank/raw_fbank_train.2.ark:9859992
mrxb0_si955 /nfs-share/xinchi/kaldi/egs/timit/s5_la4/fbank/raw_fbank_train.4.ark:5150746
mdcd0_si1415 /nfs-share/xinchi/kaldi/egs/timit/s5_la4/fbank/raw_fbank_train.2.ark:6395768
mjdm0_sx80 /nfs-share/xinchi/kaldi/egs/timit/s5_la4/fbank/raw_fbank_train.3.ark:2572864
fbmh0_sx326 /nfs-share/xinchi/kaldi/egs/timit/s5_la4/fbank/raw_fbank_train.1.ark:1113906
flet0_sx237 /nfs-share/xinchi/kaldi/egs/timit/s5_la4/fbank/raw_fbank_train.1.ark:7477560
mrtj0_sx52 /nfs-share/xinchi/kaldi/egs/timit/s5_la4/fbank/raw_fbank_train.4.ark:4837610
fcrz0_sx433 /nfs-share/xinchi/kaldi/egs/timit/s5_la4/fbank/raw_fbank_train.1.ark:2271400
msdb0_sx377 /nfs-share/xinchi/kaldi/egs/timit/s5_la4/fbank/raw_fbank_train.4.ark:5653638
fsjw0_sx253 /nfs-share/xinchi/kaldi/egs/timit/s5_la4/fbank/raw_fbank_train.2.ark:205502
mgxp0_si457 /nfs-share/xinchi/kaldi/egs/timit/s5_la4/fbank/raw_fbank_train.3.ark:827245
fnkl0_sx442 /nfs-share/xinchi/kaldi/egs/timit/s5_la4/fbank/raw_fbank_train.1.ark:9643430
mmsm0_sx116 /nfs-share/xinchi/kaldi/egs/timit/s5_la4/fbank/raw_fbank_train.3.ark:9965492
fksr0_si1747 /nfs-share/xinchi/kaldi/egs/timit/s5_la4/fbank/raw_fbank_train.1.ark:7029200
fvfb0_sx222 /nfs-share/xinchi/kaldi/egs/timit/s5_la4/fbank/raw_fbank_train.2.ark:1782663
fjwb1_si748 /nfs-share/xinchi/kaldi/egs/timit/s5_la4/fbank/raw_fbank_train.1.ark:5886963
mdbb1_sx376 /nfs-share/xinchi/kaldi/egs/timit/s5_la4/fbank/raw_fbank_train.2.ark:6277629
mtrt0_sx254 /nfs-share/xinchi/kaldi/egs/timit/s5_la4/fbank/raw_fbank_train.4.ark:9971902
mmdb0_si1358 /nfs-share/xinchi/kaldi/egs/timit/s5_la4/fbank/raw_fbank_train.3.ark:8607522
mtjg0_si1520 /nfs-share/xinchi/kaldi/egs/timit/s5_la4/fbank/raw_fbank_train.4.ark:8085086
fmbg0_sx440 /nfs-share/xinchi/kaldi/egs/timit/s5_la4/fbank/raw_fbank_train.1.ark:8693169
fntb0_sx393 /nfs-share/xinchi/kaldi/egs/timit/s5_la4/fbank/raw_fbank_train.1.ark:9752766
fsma0_si2251 /nfs-share/xinchi/kaldi/egs/timit/s5_la4/fbank/raw_fbank_train.2.ark:645929
mdtb0_si1200 /nfs-share/xinchi/kaldi/egs/timit/s5_la4/fbank/raw_fbank_train.2.ark:9166710
fjhk0_si2282 /nfs-share/xinchi/kaldi/egs/timit/s5_la4/fbank/raw_fbank_train.1.ark:5078435
fetb0_sx248 /nfs-share/xinchi/kaldi/egs/timit/s5_la4/fbank/raw_fbank_train.1.ark:4010684
mmeb0_sx327 /nfs-share/xinchi/kaldi/egs/timit/s5_la4/fbank/raw_fbank_train.3.ark:9208565
mtdb0_si1401 /nfs-share/xinchi/kaldi/egs/timit/s5_la4/fbank/raw_fbank_train.4.ark:7761531
mrso0_si1206 /nfs-share/xinchi/kaldi/egs/timit/s5_la4/fbank/raw_fbank_train.4.ark:4395303
mwdk0_sx176 /nfs-share/xinchi/kaldi/egs/timit/s5_la4/fbank/raw_fbank_train.4.ark:10896090
mcdd0_sx73 /nfs-share/xinchi/kaldi/egs/timit/s5_la4/fbank/raw_fbank_train.2.ark:4790696
fsls0_si2316 /nfs-share/xinchi/kaldi/egs/timit/s5_la4/fbank/raw_fbank_train.2.ark:565497
fmem0_si1377 /nfs-share/xinchi/kaldi/egs/timit/s5_la4/fbank/raw_fbank_train.1.ark:8717275
mrfl0_sx76 /nfs-share/xinchi/kaldi/egs/timit/s5_la4/fbank/raw_fbank_train.4.ark:2236703
fsgf0_sx387 /nfs-share/xinchi/kaldi/egs/timit/s5_la4/fbank/raw_fbank_train.1.ark:11692881
feme0_sx245 /nfs-share/xinchi/kaldi/egs/timit/s5_la4/fbank/raw_fbank_train.1.ark:3909579
mlsh0_sx247 /nfs-share/xinchi/kaldi/egs/timit/s5_la4/fbank/raw_fbank_train.3.ark:7811214
mwre0_sx67 /nfs-share/xinchi/kaldi/egs/timit/s5_la4/fbank/raw_fbank_train.4.ark:11238058
fljg0_si1611 /nfs-share/xinchi/kaldi/egs/timit/s5_la4/fbank/raw_fbank_train.1.ark:7815489
fsdj0_sx395 /nfs-share/xinchi/kaldi/egs/timit/s5_la4/fbank/raw_fbank_train.1.ark:11595016
mtqc0_si1441 /nfs-share/xinchi/kaldi/egs/timit/s5_la4/fbank/raw_fbank_train.4.ark:9590262
mrlj0_si1420 /nfs-share/xinchi/kaldi/egs/timit/s5_la4/fbank/raw_fbank_train.4.ark:3324584
mrso0_si1659 /nfs-share/xinchi/kaldi/egs/timit/s5_la4/fbank/raw_fbank_train.4.ark:4417737
fmju0_sx39 /nfs-share/xinchi/kaldi/egs/timit/s5_la4/fbank/raw_fbank_train.1.ark:9115947
fsdj0_si1745 /nfs-share/xinchi/kaldi/egs/timit/s5_la4/fbank/raw_fbank_train.1.ark:11536939
mkag0_sx30 /nfs-share/xinchi/kaldi/egs/timit/s5_la4/fbank/raw_fbank_train.3.ark:5730640
mmds0_si1973 /nfs-share/xinchi/kaldi/egs/timit/s5_la4/fbank/raw_fbank_train.3.ark:9018056
mpfu0_sx448 /nfs-share/xinchi/kaldi/egs/timit/s5_la4/fbank/raw_fbank_train.3.ark:10983599
mclm0_sx286 /nfs-share/xinchi/kaldi/egs/timit/s5_la4/fbank/raw_fbank_train.2.ark:5397814
mljc0_si1855 /nfs-share/xinchi/kaldi/egs/timit/s5_la4/fbank/raw_fbank_train.3.ark:7463800
mrwa0_sx433 /nfs-share/xinchi/kaldi/egs/timit/s5_la4/fbank/raw_fbank_train.4.ark:5011788
mgxp0_si1087 /nfs-share/xinchi/kaldi/egs/timit/s5_la4/fbank/raw_fbank_train.3.ark:808732
mklw0_si2201 /nfs-share/xinchi/kaldi/egs/timit/s5_la4/fbank/raw_fbank_train.3.ark:6967908
