mmea0_sx398 /nfs-share/xinchi/kaldi/egs/timit/s5_la2/fbank/raw_fbank_train.3.ark:9156238
mkxl0_si1958 /nfs-share/xinchi/kaldi/egs/timit/s5_la2/fbank/raw_fbank_train.3.ark:7165758
fkaa0_sx38 /nfs-share/xinchi/kaldi/egs/timit/s5_la2/fbank/raw_fbank_train.1.ark:6252282
fsms1_sx347 /nfs-share/xinchi/kaldi/egs/timit/s5_la2/fbank/raw_fbank_train.2.ark:923104
mtrr0_si1548 /nfs-share/xinchi/kaldi/egs/timit/s5_la2/fbank/raw_fbank_train.4.ark:9810871
mmam0_sx247 /nfs-share/xinchi/kaldi/egs/timit/s5_la2/fbank/raw_fbank_train.3.ark:8229195
mtpp0_si878 /nfs-share/xinchi/kaldi/egs/timit/s5_la2/fbank/raw_fbank_train.4.ark:9414159
mmbs0_sx431 /nfs-share/xinchi/kaldi/egs/timit/s5_la2/fbank/raw_fbank_train.3.ark:8482791
mtbc0_sx273 /nfs-share/xinchi/kaldi/egs/timit/s5_la2/fbank/raw_fbank_train.4.ark:7613854
mdlr1_sx219 /nfs-share/xinchi/kaldi/egs/timit/s5_la2/fbank/raw_fbank_train.2.ark:8142487
mrjb1_si1413 /nfs-share/xinchi/kaldi/egs/timit/s5_la2/fbank/raw_fbank_train.4.ark:2587324
msat0_si1526 /nfs-share/xinchi/kaldi/egs/timit/s5_la2/fbank/raw_fbank_train.4.ark:5419035
mdbp0_sx168 /nfs-share/xinchi/kaldi/egs/timit/s5_la2/fbank/raw_fbank_train.2.ark:6331883
mprd0_si2061 /nfs-share/xinchi/kaldi/egs/timit/s5_la2/fbank/raw_fbank_train.4.ark:181283
mrjm1_si668 /nfs-share/xinchi/kaldi/egs/timit/s5_la2/fbank/raw_fbank_train.4.ark:2937753
mrld0_sx244 /nfs-share/xinchi/kaldi/egs/timit/s5_la2/fbank/raw_fbank_train.4.ark:3285972
fklc0_sx445 /nfs-share/xinchi/kaldi/egs/timit/s5_la2/fbank/raw_fbank_train.1.ark:6796409
mjbg0_sx62 /nfs-share/xinchi/kaldi/egs/timit/s5_la2/fbank/raw_fbank_train.3.ark:2055938
mtjs0_sx202 /nfs-share/xinchi/kaldi/egs/timit/s5_la2/fbank/raw_fbank_train.4.ark:8347589
fmah1_si2139 /nfs-share/xinchi/kaldi/egs/timit/s5_la2/fbank/raw_fbank_train.1.ark:8535180
mcew0_sx272 /nfs-share/xinchi/kaldi/egs/timit/s5_la2/fbank/raw_fbank_train.2.ark:5069713
mdlc2_si2244 /nfs-share/xinchi/kaldi/egs/timit/s5_la2/fbank/raw_fbank_train.2.ark:7712169
flma0_si1873 /nfs-share/xinchi/kaldi/egs/timit/s5_la2/fbank/raw_fbank_train.1.ark:8053772
mgsh0_si546 /nfs-share/xinchi/kaldi/egs/timit/s5_la2/fbank/raw_fbank_train.3.ark:624912
fmjf0_sx264 /nfs-share/xinchi/kaldi/egs/timit/s5_la2/fbank/raw_fbank_train.1.ark:8983017
mcdc0_sx32 /nfs-share/xinchi/kaldi/egs/timit/s5_la2/fbank/raw_fbank_train.2.ark:4689798
mmdm0_si1311 /nfs-share/xinchi/kaldi/egs/timit/s5_la2/fbank/raw_fbank_train.3.ark:8801212
mkxl0_sx285 /nfs-share/xinchi/kaldi/egs/timit/s5_la2/fbank/raw_fbank_train.3.ark:7211129
mjpm0_sx18 /nfs-share/xinchi/kaldi/egs/timit/s5_la2/fbank/raw_fbank_train.3.ark:4283057
makr0_sx92 /nfs-share/xinchi/kaldi/egs/timit/s5_la2/fbank/raw_fbank_train.2.ark:2875919
mfrm0_si1155 /nfs-share/xinchi/kaldi/egs/timit/s5_la2/fbank/raw_fbank_train.2.ark:10584681
mrkm0_si637 /nfs-share/xinchi/kaldi/egs/timit/s5_la2/fbank/raw_fbank_train.4.ark:3152843
mwsh0_si1426 /nfs-share/xinchi/kaldi/egs/timit/s5_la2/fbank/raw_fbank_train.4.ark:11440819
mzmb0_sx176 /nfs-share/xinchi/kaldi/egs/timit/s5_la2/fbank/raw_fbank_train.4.ark:11596944
mcdc0_si662 /nfs-share/xinchi/kaldi/egs/timit/s5_la2/fbank/raw_fbank_train.2.ark:4641227
mdrd0_si752 /nfs-share/xinchi/kaldi/egs/timit/s5_la2/fbank/raw_fbank_train.2.ark:8805877
fhxs0_sx265 /nfs-share/xinchi/kaldi/egs/timit/s5_la2/fbank/raw_fbank_train.1.ark:4794663
mrtc0_sx378 /nfs-share/xinchi/kaldi/egs/timit/s5_la2/fbank/raw_fbank_train.4.ark:4715385
mrlj0_sx250 /nfs-share/xinchi/kaldi/egs/timit/s5_la2/fbank/raw_fbank_train.4.ark:3375517
mnet0_sx6 /nfs-share/xinchi/kaldi/egs/timit/s5_la2/fbank/raw_fbank_train.3.ark:10607538
frjb0_sx347 /nfs-share/xinchi/kaldi/egs/timit/s5_la2/fbank/raw_fbank_train.1.ark:10738031
fdjh0_sx35 /nfs-share/xinchi/kaldi/egs/timit/s5_la2/fbank/raw_fbank_train.1.ark:2764726
mses0_sx59 /nfs-share/xinchi/kaldi/egs/timit/s5_la2/fbank/raw_fbank_train.4.ark:6092180
mefg0_sx195 /nfs-share/xinchi/kaldi/egs/timit/s5_la2/fbank/raw_fbank_train.2.ark:9795185
fdkn0_sx451 /nfs-share/xinchi/kaldi/egs/timit/s5_la2/fbank/raw_fbank_train.1.ark:2869233
falk0_si1086 /nfs-share/xinchi/kaldi/egs/timit/s5_la2/fbank/raw_fbank_train.1.ark:209261
flhd0_si1344 /nfs-share/xinchi/kaldi/egs/timit/s5_la2/fbank/raw_fbank_train.1.ark:7516492
fkfb0_sx168 /nfs-share/xinchi/kaldi/egs/timit/s5_la2/fbank/raw_fbank_train.1.ark:6534140
mdcm0_sx400 /nfs-share/xinchi/kaldi/egs/timit/s5_la2/fbank/raw_fbank_train.2.ark:6580384
mdhs0_sx90 /nfs-share/xinchi/kaldi/egs/timit/s5_la2/fbank/raw_fbank_train.2.ark:7179214
flma0_si613 /nfs-share/xinchi/kaldi/egs/timit/s5_la2/fbank/raw_fbank_train.1.ark:8067645
mbgt0_si1341 /nfs-share/xinchi/kaldi/egs/timit/s5_la2/fbank/raw_fbank_train.2.ark:3539328
mrlj1_si1671 /nfs-share/xinchi/kaldi/egs/timit/s5_la2/fbank/raw_fbank_train.4.ark:3414689
fsag0_sx423 /nfs-share/xinchi/kaldi/egs/timit/s5_la2/fbank/raw_fbank_train.1.ark:10963873
mdks0_sx436 /nfs-share/xinchi/kaldi/egs/timit/s5_la2/fbank/raw_fbank_train.2.ark:7359033
fcaj0_sx399 /nfs-share/xinchi/kaldi/egs/timit/s5_la2/fbank/raw_fbank_train.1.ark:1422766
fbcg1_sx442 /nfs-share/xinchi/kaldi/egs/timit/s5_la2/fbank/raw_fbank_train.1.ark:706439
mdks0_sx76 /nfs-share/xinchi/kaldi/egs/timit/s5_la2/fbank/raw_fbank_train.2.ark:7368185
fkde0_si1141 /nfs-share/xinchi/kaldi/egs/timit/s5_la2/fbank/raw_fbank_train.1.ark:6283389
msfh0_sx226 /nfs-share/xinchi/kaldi/egs/timit/s5_la2/fbank/raw_fbank_train.4.ark:6165867
mjrk0_sx250 /nfs-share/xinchi/kaldi/egs/timit/s5_la2/fbank/raw_fbank_train.3.ark:4873089
mwad0_sx432 /nfs-share/xinchi/kaldi/egs/timit/s5_la2/fbank/raw_fbank_train.4.ark:10657752
mtpf0_sx245 /nfs-share/xinchi/kaldi/egs/timit/s5_la2/fbank/raw_fbank_train.4.ark:9253775
mdcd0_sx245 /nfs-share/xinchi/kaldi/egs/timit/s5_la2/fbank/raw_fbank_train.2.ark:6447581
mbef0_sx291 /nfs-share/xinchi/kaldi/egs/timit/s5_la2/fbank/raw_fbank_train.2.ark:3522581
frjb0_si1794 /nfs-share/xinchi/kaldi/egs/timit/s5_la2/fbank/raw_fbank_train.1.ark:10707612
fapb0_sx433 /nfs-share/xinchi/kaldi/egs/timit/s5_la2/fbank/raw_fbank_train.1.ark:495268
mjkr0_sx211 /nfs-share/xinchi/kaldi/egs/timit/s5_la2/fbank/raw_fbank_train.3.ark:3542776
mjda0_si1661 /nfs-share/xinchi/kaldi/egs/timit/s5_la2/fbank/raw_fbank_train.3.ark:2073286
mjdc0_sx171 /nfs-share/xinchi/kaldi/egs/timit/s5_la2/fbank/raw_fbank_train.3.ark:2194778
fmmh0_sx187 /nfs-share/xinchi/kaldi/egs/timit/s5_la2/fbank/raw_fbank_train.1.ark:9388123
mjmd0_sx38 /nfs-share/xinchi/kaldi/egs/timit/s5_la2/fbank/raw_fbank_train.3.ark:4027808
mrmh0_sx31 /nfs-share/xinchi/kaldi/egs/timit/s5_la2/fbank/raw_fbank_train.4.ark:3962455
mfxs0_si1674 /nfs-share/xinchi/kaldi/egs/timit/s5_la2/fbank/raw_fbank_train.2.ark:10775372
mcth0_si1209 /nfs-share/xinchi/kaldi/egs/timit/s5_la2/fbank/raw_fbank_train.2.ark:5712635
mfmc0_sx52 /nfs-share/xinchi/kaldi/egs/timit/s5_la2/fbank/raw_fbank_train.2.ark:10571367
fjsk0_si1682 /nfs-share/xinchi/kaldi/egs/timit/s5_la2/fbank/raw_fbank_train.1.ark:5695913
fsjk1_sx35 /nfs-share/xinchi/kaldi/egs/timit/s5_la2/fbank/raw_fbank_train.2.ark:22477
feme0_si2135 /nfs-share/xinchi/kaldi/egs/timit/s5_la2/fbank/raw_fbank_train.1.ark:3866360
mjws0_si513 /nfs-share/xinchi/kaldi/egs/timit/s5_la2/fbank/raw_fbank_train.3.ark:5268402
mrab1_si1478 /nfs-share/xinchi/kaldi/egs/timit/s5_la2/fbank/raw_fbank_train.4.ark:664133
mreh1_sx159 /nfs-share/xinchi/kaldi/egs/timit/s5_la2/fbank/raw_fbank_train.4.ark:1793792
mjmd0_si1028 /nfs-share/xinchi/kaldi/egs/timit/s5_la2/fbank/raw_fbank_train.3.ark:3965689
mmws0_sx348 /nfs-share/xinchi/kaldi/egs/timit/s5_la2/fbank/raw_fbank_train.3.ark:10327433
mtat1_si1409 /nfs-share/xinchi/kaldi/egs/timit/s5_la2/fbank/raw_fbank_train.4.ark:7451816
fsak0_sx400 /nfs-share/xinchi/kaldi/egs/timit/s5_la2/fbank/raw_fbank_train.1.ark:11188355
mprd0_sx441 /nfs-share/xinchi/kaldi/egs/timit/s5_la2/fbank/raw_fbank_train.4.ark:254728
mbjv0_sx437 /nfs-share/xinchi/kaldi/egs/timit/s5_la2/fbank/raw_fbank_train.2.ark:3714632
milb0_si807 /nfs-share/xinchi/kaldi/egs/timit/s5_la2/fbank/raw_fbank_train.3.ark:1584722
mdpb0_sx236 /nfs-share/xinchi/kaldi/egs/timit/s5_la2/fbank/raw_fbank_train.2.ark:8560908
fljd0_sx346 /nfs-share/xinchi/kaldi/egs/timit/s5_la2/fbank/raw_fbank_train.1.ark:7781870
mjpm1_sx41 /nfs-share/xinchi/kaldi/egs/timit/s5_la2/fbank/raw_fbank_train.3.ark:4415421
mrhl0_sx75 /nfs-share/xinchi/kaldi/egs/timit/s5_la2/fbank/raw_fbank_train.4.ark:2563416
fleh0_si1051 /nfs-share/xinchi/kaldi/egs/timit/s5_la2/fbank/raw_fbank_train.1.ark:7321801
fceg0_sx348 /nfs-share/xinchi/kaldi/egs/timit/s5_la2/fbank/raw_fbank_train.1.ark:1608831
fdkn0_sx361 /nfs-share/xinchi/kaldi/egs/timit/s5_la2/fbank/raw_fbank_train.1.ark:2857400
mwch0_sx452 /nfs-share/xinchi/kaldi/egs/timit/s5_la2/fbank/raw_fbank_train.4.ark:10832124
mlns0_sx147 /nfs-share/xinchi/kaldi/egs/timit/s5_la2/fbank/raw_fbank_train.3.ark:7704996
majp0_sx84 /nfs-share/xinchi/kaldi/egs/timit/s5_la2/fbank/raw_fbank_train.2.ark:2677708
fbch0_sx416 /nfs-share/xinchi/kaldi/egs/timit/s5_la2/fbank/raw_fbank_train.1.ark:813303
mjlg1_sx112 /nfs-share/xinchi/kaldi/egs/timit/s5_la2/fbank/raw_fbank_train.3.ark:3717274
fpls0_si960 /nfs-share/xinchi/kaldi/egs/timit/s5_la2/fbank/raw_fbank_train.1.ark:10416818
mmwb0_sx269 /nfs-share/xinchi/kaldi/egs/timit/s5_la2/fbank/raw_fbank_train.3.ark:10207896
mjls0_sx376 /nfs-share/xinchi/kaldi/egs/timit/s5_la2/fbank/raw_fbank_train.3.ark:3860150
mrjt0_sx148 /nfs-share/xinchi/kaldi/egs/timit/s5_la2/fbank/raw_fbank_train.4.ark:3047651
mhjb0_sx207 /nfs-share/xinchi/kaldi/egs/timit/s5_la2/fbank/raw_fbank_train.3.ark:1152098
mdwh0_sx305 /nfs-share/xinchi/kaldi/egs/timit/s5_la2/fbank/raw_fbank_train.2.ark:9419007
fcke0_si1741 /nfs-share/xinchi/kaldi/egs/timit/s5_la2/fbank/raw_fbank_train.1.ark:1819694
fjsk0_sx242 /nfs-share/xinchi/kaldi/egs/timit/s5_la2/fbank/raw_fbank_train.1.ark:5727333
mrpc1_si2112 /nfs-share/xinchi/kaldi/egs/timit/s5_la2/fbank/raw_fbank_train.4.ark:4214361
mjda0_si2291 /nfs-share/xinchi/kaldi/egs/timit/s5_la2/fbank/raw_fbank_train.3.ark:2082960
mtmt0_sx128 /nfs-share/xinchi/kaldi/egs/timit/s5_la2/fbank/raw_fbank_train.4.ark:9148557
mmgg0_sx449 /nfs-share/xinchi/kaldi/egs/timit/s5_la2/fbank/raw_fbank_train.3.ark:9421361
mclm0_sx16 /nfs-share/xinchi/kaldi/egs/timit/s5_la2/fbank/raw_fbank_train.2.ark:5382588
fcrz0_si1913 /nfs-share/xinchi/kaldi/egs/timit/s5_la2/fbank/raw_fbank_train.1.ark:2201841
mljh0_si1324 /nfs-share/xinchi/kaldi/egs/timit/s5_la2/fbank/raw_fbank_train.3.ark:7540911
fklh0_si627 /nfs-share/xinchi/kaldi/egs/timit/s5_la2/fbank/raw_fbank_train.1.ark:6946728
fjxm0_sx41 /nfs-share/xinchi/kaldi/egs/timit/s5_la2/fbank/raw_fbank_train.1.ark:6062465
mjjj0_si1163 /nfs-share/xinchi/kaldi/egs/timit/s5_la2/fbank/raw_fbank_train.3.ark:3272473
fbmh0_sx56 /nfs-share/xinchi/kaldi/egs/timit/s5_la2/fbank/raw_fbank_train.1.ark:1134211
mwsh0_sx256 /nfs-share/xinchi/kaldi/egs/timit/s5_la2/fbank/raw_fbank_train.4.ark:11505192
mrre0_si704 /nfs-share/xinchi/kaldi/egs/timit/s5_la2/fbank/raw_fbank_train.4.ark:4298992
fecd0_si1418 /nfs-share/xinchi/kaldi/egs/timit/s5_la2/fbank/raw_fbank_train.1.ark:3633836
mtjm0_si1226 /nfs-share/xinchi/kaldi/egs/timit/s5_la2/fbank/raw_fbank_train.4.ark:8182951
mdns0_si873 /nfs-share/xinchi/kaldi/egs/timit/s5_la2/fbank/raw_fbank_train.2.ark:8430657
fpad0_sx176 /nfs-share/xinchi/kaldi/egs/timit/s5_la2/fbank/raw_fbank_train.1.ark:10027750
mtrc0_sx273 /nfs-share/xinchi/kaldi/egs/timit/s5_la2/fbank/raw_fbank_train.4.ark:9785012
msmr0_sx235 /nfs-share/xinchi/kaldi/egs/timit/s5_la2/fbank/raw_fbank_train.4.ark:6594366
mrem0_sx331 /nfs-share/xinchi/kaldi/egs/timit/s5_la2/fbank/raw_fbank_train.4.ark:1920762
mkrg0_si861 /nfs-share/xinchi/kaldi/egs/timit/s5_la2/fbank/raw_fbank_train.3.ark:7074933
makr0_sx272 /nfs-share/xinchi/kaldi/egs/timit/s5_la2/fbank/raw_fbank_train.2.ark:2847021
mfwk0_sx259 /nfs-share/xinchi/kaldi/egs/timit/s5_la2/fbank/raw_fbank_train.2.ark:10721920
fmju0_sx39 /nfs-share/xinchi/kaldi/egs/timit/s5_la2/fbank/raw_fbank_train.1.ark:9115947
fsjg0_si940 /nfs-share/xinchi/kaldi/egs/timit/s5_la2/fbank/raw_fbank_train.1.ark:11732782
mmdg0_sx430 /nfs-share/xinchi/kaldi/egs/timit/s5_la2/fbank/raw_fbank_train.3.ark:8780586
mwre0_sx337 /nfs-share/xinchi/kaldi/egs/timit/s5_la2/fbank/raw_fbank_train.4.ark:11216473
mlsh0_si787 /nfs-share/xinchi/kaldi/egs/timit/s5_la2/fbank/raw_fbank_train.3.ark:7789148
mtat0_sx30 /nfs-share/xinchi/kaldi/egs/timit/s5_la2/fbank/raw_fbank_train.4.ark:7423796
mnet0_sx366 /nfs-share/xinchi/kaldi/egs/timit/s5_la2/fbank/raw_fbank_train.3.ark:10593587
fpjf0_si1676 /nfs-share/xinchi/kaldi/egs/timit/s5_la2/fbank/raw_fbank_train.1.ark:10326473
mded0_si1170 /nfs-share/xinchi/kaldi/egs/timit/s5_la2/fbank/raw_fbank_train.2.ark:6681163
mdwm0_si916 /nfs-share/xinchi/kaldi/egs/timit/s5_la2/fbank/raw_fbank_train.2.ark:9482813
mkrg0_sx231 /nfs-share/xinchi/kaldi/egs/timit/s5_la2/fbank/raw_fbank_train.3.ark:7105399
mdns0_si1011 /nfs-share/xinchi/kaldi/egs/timit/s5_la2/fbank/raw_fbank_train.2.ark:8401630
fdjh0_sx215 /nfs-share/xinchi/kaldi/egs/timit/s5_la2/fbank/raw_fbank_train.1.ark:2742421
fsak0_sx310 /nfs-share/xinchi/kaldi/egs/timit/s5_la2/fbank/raw_fbank_train.1.ark:11163130
fklh0_si1887 /nfs-share/xinchi/kaldi/egs/timit/s5_la2/fbank/raw_fbank_train.1.ark:6940775
mwsb0_si1626 /nfs-share/xinchi/kaldi/egs/timit/s5_la2/fbank/raw_fbank_train.4.ark:11353676
mrmb0_si1581 /nfs-share/xinchi/kaldi/egs/timit/s5_la2/fbank/raw_fbank_train.4.ark:3693765
mkls0_sx267 /nfs-share/xinchi/kaldi/egs/timit/s5_la2/fbank/raw_fbank_train.3.ark:6793323
fsjs0_sx271 /nfs-share/xinchi/kaldi/egs/timit/s5_la2/fbank/raw_fbank_train.2.ark:99277
mbma0_si1222 /nfs-share/xinchi/kaldi/egs/timit/s5_la2/fbank/raw_fbank_train.2.ark:3736458
mdef0_si1123 /nfs-share/xinchi/kaldi/egs/timit/s5_la2/fbank/raw_fbank_train.2.ark:6787468
mrtj0_sx322 /nfs-share/xinchi/kaldi/egs/timit/s5_la2/fbank/raw_fbank_train.4.ark:4812665
mwgr0_sx256 /nfs-share/xinchi/kaldi/egs/timit/s5_la2/fbank/raw_fbank_train.4.ark:11111054
mtpr0_sx340 /nfs-share/xinchi/kaldi/egs/timit/s5_la2/fbank/raw_fbank_train.4.ark:9554283
msfv0_sx452 /nfs-share/xinchi/kaldi/egs/timit/s5_la2/fbank/raw_fbank_train.4.ark:6302878
fjen0_sx237 /nfs-share/xinchi/kaldi/egs/timit/s5_la2/fbank/raw_fbank_train.1.ark:5000475
mjpm0_sx378 /nfs-share/xinchi/kaldi/egs/timit/s5_la2/fbank/raw_fbank_train.3.ark:4319756
fsls0_sx202 /nfs-share/xinchi/kaldi/egs/timit/s5_la2/fbank/raw_fbank_train.2.ark:595883
fsgf0_si1557 /nfs-share/xinchi/kaldi/egs/timit/s5_la2/fbank/raw_fbank_train.1.ark:11605690
mrpc1_sx132 /nfs-share/xinchi/kaldi/egs/timit/s5_la2/fbank/raw_fbank_train.4.ark:4223194
fcke0_sx31 /nfs-share/xinchi/kaldi/egs/timit/s5_la2/fbank/raw_fbank_train.1.ark:1889138
mhmg0_sx195 /nfs-share/xinchi/kaldi/egs/timit/s5_la2/fbank/raw_fbank_train.3.ark:1245995
mjjj0_sx83 /nfs-share/xinchi/kaldi/egs/timit/s5_la2/fbank/raw_fbank_train.3.ark:3374184
mjmd0_sx398 /nfs-share/xinchi/kaldi/egs/timit/s5_la2/fbank/raw_fbank_train.3.ark:4039721
mtpg0_sx393 /nfs-share/xinchi/kaldi/egs/timit/s5_la2/fbank/raw_fbank_train.4.ark:9378658
mklr0_sx69 /nfs-share/xinchi/kaldi/egs/timit/s5_la2/fbank/raw_fbank_train.3.ark:6726115
mmsm0_si1106 /nfs-share/xinchi/kaldi/egs/timit/s5_la2/fbank/raw_fbank_train.3.ark:9919472
mjxa0_si1507 /nfs-share/xinchi/kaldi/egs/timit/s5_la2/fbank/raw_fbank_train.3.ark:5463105
mdrd0_sx122 /nfs-share/xinchi/kaldi/egs/timit/s5_la2/fbank/raw_fbank_train.2.ark:8828470
fltm0_sx170 /nfs-share/xinchi/kaldi/egs/timit/s5_la2/fbank/raw_fbank_train.1.ark:8447421
fcjs0_sx257 /nfs-share/xinchi/kaldi/egs/timit/s5_la2/fbank/raw_fbank_train.1.ark:1763288
fjwb1_sx255 /nfs-share/xinchi/kaldi/egs/timit/s5_la2/fbank/raw_fbank_train.1.ark:5926702
mclm0_si1456 /nfs-share/xinchi/kaldi/egs/timit/s5_la2/fbank/raw_fbank_train.2.ark:5334976
mdem0_si800 /nfs-share/xinchi/kaldi/egs/timit/s5_la2/fbank/raw_fbank_train.2.ark:6907000
mbma0_si1852 /nfs-share/xinchi/kaldi/egs/timit/s5_la2/fbank/raw_fbank_train.2.ark:3755892
mwad0_sx72 /nfs-share/xinchi/kaldi/egs/timit/s5_la2/fbank/raw_fbank_train.4.ark:10671544
mbml0_si539 /nfs-share/xinchi/kaldi/egs/timit/s5_la2/fbank/raw_fbank_train.2.ark:3957455
meal0_si1547 /nfs-share/xinchi/kaldi/egs/timit/s5_la2/fbank/raw_fbank_train.2.ark:9558531
mmds0_si713 /nfs-share/xinchi/kaldi/egs/timit/s5_la2/fbank/raw_fbank_train.3.ark:9023809
fhxs0_sx445 /nfs-share/xinchi/kaldi/egs/timit/s5_la2/fbank/raw_fbank_train.1.ark:4818089
fjlg0_si1889 /nfs-share/xinchi/kaldi/egs/timit/s5_la2/fbank/raw_fbank_train.1.ark:5260372
mfwk0_si1879 /nfs-share/xinchi/kaldi/egs/timit/s5_la2/fbank/raw_fbank_train.2.ark:10689421
mrtj0_sx52 /nfs-share/xinchi/kaldi/egs/timit/s5_la2/fbank/raw_fbank_train.4.ark:4837610
mjpg0_sx291 /nfs-share/xinchi/kaldi/egs/timit/s5_la2/fbank/raw_fbank_train.3.ark:4211378
fcmm0_si453 /nfs-share/xinchi/kaldi/egs/timit/s5_la2/fbank/raw_fbank_train.1.ark:2135483
mvjh0_si1556 /nfs-share/xinchi/kaldi/egs/timit/s5_la2/fbank/raw_fbank_train.4.ark:10205492
mtab0_sx402 /nfs-share/xinchi/kaldi/egs/timit/s5_la2/fbank/raw_fbank_train.4.ark:7252540
mtab0_sx222 /nfs-share/xinchi/kaldi/egs/timit/s5_la2/fbank/raw_fbank_train.4.ark:7220434
mdjm0_sx195 /nfs-share/xinchi/kaldi/egs/timit/s5_la2/fbank/raw_fbank_train.2.ark:7252453
mwac0_sx161 /nfs-share/xinchi/kaldi/egs/timit/s5_la2/fbank/raw_fbank_train.4.ark:10524227
fmkf0_si1536 /nfs-share/xinchi/kaldi/egs/timit/s5_la2/fbank/raw_fbank_train.1.ark:9259154
fgrw0_si1782 /nfs-share/xinchi/kaldi/egs/timit/s5_la2/fbank/raw_fbank_train.1.ark:4520151
mwad0_si1749 /nfs-share/xinchi/kaldi/egs/timit/s5_la2/fbank/raw_fbank_train.4.ark:10614866
mrlr0_sx296 /nfs-share/xinchi/kaldi/egs/timit/s5_la2/fbank/raw_fbank_train.4.ark:3674658
mjjj0_sx263 /nfs-share/xinchi/kaldi/egs/timit/s5_la2/fbank/raw_fbank_train.3.ark:3334526
msat0_sx86 /nfs-share/xinchi/kaldi/egs/timit/s5_la2/fbank/raw_fbank_train.4.ark:5488266
fmah1_sx69 /nfs-share/xinchi/kaldi/egs/timit/s5_la2/fbank/raw_fbank_train.1.ark:8606577
fljg0_si1611 /nfs-share/xinchi/kaldi/egs/timit/s5_la2/fbank/raw_fbank_train.1.ark:7815489
mdks0_sx166 /nfs-share/xinchi/kaldi/egs/timit/s5_la2/fbank/raw_fbank_train.2.ark:7311694
fceg0_si1248 /nfs-share/xinchi/kaldi/egs/timit/s5_la2/fbank/raw_fbank_train.1.ark:1560465
fajw0_sx273 /nfs-share/xinchi/kaldi/egs/timit/s5_la2/fbank/raw_fbank_train.1.ark:163691
mwac0_sx431 /nfs-share/xinchi/kaldi/egs/timit/s5_la2/fbank/raw_fbank_train.4.ark:10574126
msfh0_si586 /nfs-share/xinchi/kaldi/egs/timit/s5_la2/fbank/raw_fbank_train.4.ark:6136481
fgrw0_sx432 /nfs-share/xinchi/kaldi/egs/timit/s5_la2/fbank/raw_fbank_train.1.ark:4586637
mmam0_sx157 /nfs-share/xinchi/kaldi/egs/timit/s5_la2/fbank/raw_fbank_train.3.ark:8221002
fcdr1_si556 /nfs-share/xinchi/kaldi/egs/timit/s5_la2/fbank/raw_fbank_train.1.ark:1475627
mmdb0_si1358 /nfs-share/xinchi/kaldi/egs/timit/s5_la2/fbank/raw_fbank_train.3.ark:8607522
mdss0_sx441 /nfs-share/xinchi/kaldi/egs/timit/s5_la2/fbank/raw_fbank_train.2.ark:9056979
mjma0_si2125 /nfs-share/xinchi/kaldi/egs/timit/s5_la2/fbank/raw_fbank_train.3.ark:3884658
mhit0_sx443 /nfs-share/xinchi/kaldi/egs/timit/s5_la2/fbank/raw_fbank_train.3.ark:1083098
mjdg0_sx412 /nfs-share/xinchi/kaldi/egs/timit/s5_la2/fbank/raw_fbank_train.3.ark:2450727
mjdg0_sx322 /nfs-share/xinchi/kaldi/egs/timit/s5_la2/fbank/raw_fbank_train.3.ark:2441334
mbbr0_si2315 /nfs-share/xinchi/kaldi/egs/timit/s5_la2/fbank/raw_fbank_train.2.ark:3301561
mhmg0_sx285 /nfs-share/xinchi/kaldi/egs/timit/s5_la2/fbank/raw_fbank_train.3.ark:1253188
mdlh0_si1960 /nfs-share/xinchi/kaldi/egs/timit/s5_la2/fbank/raw_fbank_train.2.ark:7791800
mwsb0_sx186 /nfs-share/xinchi/kaldi/egs/timit/s5_la2/fbank/raw_fbank_train.4.ark:11391616
mkdt0_sx353 /nfs-share/xinchi/kaldi/egs/timit/s5_la2/fbank/raw_fbank_train.3.ark:6319949
mwar0_sx235 /nfs-share/xinchi/kaldi/egs/timit/s5_la2/fbank/raw_fbank_train.4.ark:10728952
mjrp0_si585 /nfs-share/xinchi/kaldi/egs/timit/s5_la2/fbank/raw_fbank_train.3.ark:4940408
mgrp0_sx327 /nfs-share/xinchi/kaldi/egs/timit/s5_la2/fbank/raw_fbank_train.3.ark:547346
mmag0_sx316 /nfs-share/xinchi/kaldi/egs/timit/s5_la2/fbank/raw_fbank_train.3.ark:8149962
flja0_si2338 /nfs-share/xinchi/kaldi/egs/timit/s5_la2/fbank/raw_fbank_train.1.ark:7639826
mmws1_si1701 /nfs-share/xinchi/kaldi/egs/timit/s5_la2/fbank/raw_fbank_train.3.ark:10380086
mprt0_si495 /nfs-share/xinchi/kaldi/egs/timit/s5_la2/fbank/raw_fbank_train.4.ark:412812
fgrw0_sx162 /nfs-share/xinchi/kaldi/egs/timit/s5_la2/fbank/raw_fbank_train.1.ark:4544538
mrcg0_si1428 /nfs-share/xinchi/kaldi/egs/timit/s5_la2/fbank/raw_fbank_train.4.ark:1154820
fkaa0_si1208 /nfs-share/xinchi/kaldi/egs/timit/s5_la2/fbank/raw_fbank_train.1.ark:6174444
mfrm0_sx255 /nfs-share/xinchi/kaldi/egs/timit/s5_la2/fbank/raw_fbank_train.2.ark:10633935
fcrz0_sx163 /nfs-share/xinchi/kaldi/egs/timit/s5_la2/fbank/raw_fbank_train.1.ark:2239581
mtwh1_sx162 /nfs-share/xinchi/kaldi/egs/timit/s5_la2/fbank/raw_fbank_train.4.ark:10035181
mjdg0_si1042 /nfs-share/xinchi/kaldi/egs/timit/s5_la2/fbank/raw_fbank_train.3.ark:2378207
fsjs0_sx91 /nfs-share/xinchi/kaldi/egs/timit/s5_la2/fbank/raw_fbank_train.2.ark:138295
mhmr0_sx309 /nfs-share/xinchi/kaldi/egs/timit/s5_la2/fbank/raw_fbank_train.3.ark:1345021
mntw0_sx258 /nfs-share/xinchi/kaldi/egs/timit/s5_la2/fbank/raw_fbank_train.3.ark:10694731
mddc0_sx69 /nfs-share/xinchi/kaldi/egs/timit/s5_la2/fbank/raw_fbank_train.2.ark:6670689
fpaf0_si1684 /nfs-share/xinchi/kaldi/egs/timit/s5_la2/fbank/raw_fbank_train.1.ark:10115189
mtpp0_sx338 /nfs-share/xinchi/kaldi/egs/timit/s5_la2/fbank/raw_fbank_train.4.ark:9445498
mwem0_sx240 /nfs-share/xinchi/kaldi/egs/timit/s5_la2/fbank/raw_fbank_train.4.ark:10998749
fskp0_si468 /nfs-share/xinchi/kaldi/egs/timit/s5_la2/fbank/raw_fbank_train.2.ark:474431
mvlo0_sx427 /nfs-share/xinchi/kaldi/egs/timit/s5_la2/fbank/raw_fbank_train.4.ark:10375236
mjdc0_si531 /nfs-share/xinchi/kaldi/egs/timit/s5_la2/fbank/raw_fbank_train.3.ark:2171065
mjdm0_sx350 /nfs-share/xinchi/kaldi/egs/timit/s5_la2/fbank/raw_fbank_train.3.ark:2539959
fmem0_sx117 /nfs-share/xinchi/kaldi/egs/timit/s5_la2/fbank/raw_fbank_train.1.ark:8759895
flhd0_sx444 /nfs-share/xinchi/kaldi/egs/timit/s5_la2/fbank/raw_fbank_train.1.ark:7584132
mvlo0_sx337 /nfs-share/xinchi/kaldi/egs/timit/s5_la2/fbank/raw_fbank_train.4.ark:10363003
mljc0_si1855 /nfs-share/xinchi/kaldi/egs/timit/s5_la2/fbank/raw_fbank_train.3.ark:7463800
mcss0_si750 /nfs-share/xinchi/kaldi/egs/timit/s5_la2/fbank/raw_fbank_train.2.ark:5646477
fpab1_sx121 /nfs-share/xinchi/kaldi/egs/timit/s5_la2/fbank/raw_fbank_train.1.ark:9815980
mdps0_si1651 /nfs-share/xinchi/kaldi/egs/timit/s5_la2/fbank/raw_fbank_train.2.ark:8693945
fsmm0_si1314 /nfs-share/xinchi/kaldi/egs/timit/s5_la2/fbank/raw_fbank_train.2.ark:744920
mtlc0_sx397 /nfs-share/xinchi/kaldi/egs/timit/s5_la2/fbank/raw_fbank_train.4.ark:8883612
fcmm0_sx93 /nfs-share/xinchi/kaldi/egs/timit/s5_la2/fbank/raw_fbank_train.1.ark:2192847
mdas0_sx6 /nfs-share/xinchi/kaldi/egs/timit/s5_la2/fbank/raw_fbank_train.2.ark:6175891
mmgg0_sx359 /nfs-share/xinchi/kaldi/egs/timit/s5_la2/fbank/raw_fbank_train.3.ark:9407528
mtlb0_sx54 /nfs-share/xinchi/kaldi/egs/timit/s5_la2/fbank/raw_fbank_train.4.ark:8790947
mdlm0_sx334 /nfs-share/xinchi/kaldi/egs/timit/s5_la2/fbank/raw_fbank_train.2.ark:7955230
fcdr1_si1816 /nfs-share/xinchi/kaldi/egs/timit/s5_la2/fbank/raw_fbank_train.1.ark:1456074
fdnc0_si2287 /nfs-share/xinchi/kaldi/egs/timit/s5_la2/fbank/raw_fbank_train.1.ark:3162457
msmr0_sx415 /nfs-share/xinchi/kaldi/egs/timit/s5_la2/fbank/raw_fbank_train.4.ark:6616032
mjpg0_si561 /nfs-share/xinchi/kaldi/egs/timit/s5_la2/fbank/raw_fbank_train.3.ark:4170127
fpac0_sx121 /nfs-share/xinchi/kaldi/egs/timit/s5_la2/fbank/raw_fbank_train.1.ark:9925645
mkdd0_si1567 /nfs-share/xinchi/kaldi/egs/timit/s5_la2/fbank/raw_fbank_train.3.ark:6155839
mrem0_sx61 /nfs-share/xinchi/kaldi/egs/timit/s5_la2/fbank/raw_fbank_train.4.ark:1945467
mdlr0_si1863 /nfs-share/xinchi/kaldi/egs/timit/s5_la2/fbank/raw_fbank_train.2.ark:7999443
mdwm0_si2176 /nfs-share/xinchi/kaldi/egs/timit/s5_la2/fbank/raw_fbank_train.2.ark:9471900
mkam0_sx416 /nfs-share/xinchi/kaldi/egs/timit/s5_la2/fbank/raw_fbank_train.3.ark:6033909
mmxs0_si876 /nfs-share/xinchi/kaldi/egs/timit/s5_la2/fbank/raw_fbank_train.3.ark:10470783
fltm0_sx80 /nfs-share/xinchi/kaldi/egs/timit/s5_la2/fbank/raw_fbank_train.1.ark:8514792
fksr0_si1747 /nfs-share/xinchi/kaldi/egs/timit/s5_la2/fbank/raw_fbank_train.1.ark:7029200
mram0_sx15 /nfs-share/xinchi/kaldi/egs/timit/s5_la2/fbank/raw_fbank_train.4.ark:924196
mmam0_si1597 /nfs-share/xinchi/kaldi/egs/timit/s5_la2/fbank/raw_fbank_train.3.ark:8188781
fssb0_si1082 /nfs-share/xinchi/kaldi/egs/timit/s5_la2/fbank/raw_fbank_train.2.ark:1154980
feme0_si1505 /nfs-share/xinchi/kaldi/egs/timit/s5_la2/fbank/raw_fbank_train.1.ark:3853486
fsms1_si2134 /nfs-share/xinchi/kaldi/egs/timit/s5_la2/fbank/raw_fbank_train.2.ark:863459
fcaj0_si849 /nfs-share/xinchi/kaldi/egs/timit/s5_la2/fbank/raw_fbank_train.1.ark:1359962
mrpc1_sx222 /nfs-share/xinchi/kaldi/egs/timit/s5_la2/fbank/raw_fbank_train.4.ark:4232267
marw0_si1906 /nfs-share/xinchi/kaldi/egs/timit/s5_la2/fbank/raw_fbank_train.2.ark:3083917
mtwh1_sx432 /nfs-share/xinchi/kaldi/egs/timit/s5_la2/fbank/raw_fbank_train.4.ark:10067600
mrws0_sx112 /nfs-share/xinchi/kaldi/egs/timit/s5_la2/fbank/raw_fbank_train.4.ark:5072434
fdtd0_sx301 /nfs-share/xinchi/kaldi/egs/timit/s5_la2/fbank/raw_fbank_train.1.ark:3298901
mmab1_si864 /nfs-share/xinchi/kaldi/egs/timit/s5_la2/fbank/raw_fbank_train.3.ark:7987398
mjrh1_sx244 /nfs-share/xinchi/kaldi/egs/timit/s5_la2/fbank/raw_fbank_train.3.ark:4782024
mcdc0_sx122 /nfs-share/xinchi/kaldi/egs/timit/s5_la2/fbank/raw_fbank_train.2.ark:4651980
fajw0_sx3 /nfs-share/xinchi/kaldi/egs/timit/s5_la2/fbank/raw_fbank_train.1.ark:175282
mreh1_sx69 /nfs-share/xinchi/kaldi/egs/timit/s5_la2/fbank/raw_fbank_train.4.ark:1844803
mtrc0_sx170 /nfs-share/xinchi/kaldi/egs/timit/s5_la2/fbank/raw_fbank_train.4.ark:9759386
fdxw0_sx341 /nfs-share/xinchi/kaldi/egs/timit/s5_la2/fbank/raw_fbank_train.1.ark:3399087
mjpm0_sx198 /nfs-share/xinchi/kaldi/egs/timit/s5_la2/fbank/raw_fbank_train.3.ark:4293010
mmag0_sx136 /nfs-share/xinchi/kaldi/egs/timit/s5_la2/fbank/raw_fbank_train.3.ark:8120176
mrtc0_sx288 /nfs-share/xinchi/kaldi/egs/timit/s5_la2/fbank/raw_fbank_train.4.ark:4701272
mesj0_sx277 /nfs-share/xinchi/kaldi/egs/timit/s5_la2/fbank/raw_fbank_train.2.ark:10273516
mdef0_sx303 /nfs-share/xinchi/kaldi/egs/timit/s5_la2/fbank/raw_fbank_train.2.ark:6850275
fsgf0_si927 /nfs-share/xinchi/kaldi/egs/timit/s5_la2/fbank/raw_fbank_train.1.ark:11633837
fsdc0_sx412 /nfs-share/xinchi/kaldi/egs/timit/s5_la2/fbank/raw_fbank_train.1.ark:11497159
mcre0_sx131 /nfs-share/xinchi/kaldi/egs/timit/s5_la2/fbank/raw_fbank_train.2.ark:5549687
mdcm0_sx310 /nfs-share/xinchi/kaldi/egs/timit/s5_la2/fbank/raw_fbank_train.2.ark:6558719
maeb0_sx180 /nfs-share/xinchi/kaldi/egs/timit/s5_la2/fbank/raw_fbank_train.2.ark:2347740
fjwb1_sx165 /nfs-share/xinchi/kaldi/egs/timit/s5_la2/fbank/raw_fbank_train.1.ark:5914949
frll0_si805 /nfs-share/xinchi/kaldi/egs/timit/s5_la2/fbank/raw_fbank_train.1.ark:10791283
mhmr0_si1119 /nfs-share/xinchi/kaldi/egs/timit/s5_la2/fbank/raw_fbank_train.3.ark:1275495
msrg0_sx321 /nfs-share/xinchi/kaldi/egs/timit/s5_la2/fbank/raw_fbank_train.4.ark:6793089
mrpc1_si1482 /nfs-share/xinchi/kaldi/egs/timit/s5_la2/fbank/raw_fbank_train.4.ark:4193853
msmr0_si775 /nfs-share/xinchi/kaldi/egs/timit/s5_la2/fbank/raw_fbank_train.4.ark:6571980
mtkd0_sx197 /nfs-share/xinchi/kaldi/egs/timit/s5_la2/fbank/raw_fbank_train.4.ark:8560151
flac0_si2161 /nfs-share/xinchi/kaldi/egs/timit/s5_la2/fbank/raw_fbank_train.1.ark:7136145
mtkd0_sx107 /nfs-share/xinchi/kaldi/egs/timit/s5_la2/fbank/raw_fbank_train.4.ark:8538126
mhmg0_si1995 /nfs-share/xinchi/kaldi/egs/timit/s5_la2/fbank/raw_fbank_train.3.ark:1196064
mjxl0_sx272 /nfs-share/xinchi/kaldi/egs/timit/s5_la2/fbank/raw_fbank_train.3.ark:5605023
mrkm0_si1391 /nfs-share/xinchi/kaldi/egs/timit/s5_la2/fbank/raw_fbank_train.4.ark:3132210
mtkd0_sx287 /nfs-share/xinchi/kaldi/egs/timit/s5_la2/fbank/raw_fbank_train.4.ark:8571024
fkde0_sx331 /nfs-share/xinchi/kaldi/egs/timit/s5_la2/fbank/raw_fbank_train.1.ark:6353556
fkkh0_sx390 /nfs-share/xinchi/kaldi/egs/timit/s5_la2/fbank/raw_fbank_train.1.ark:6702376
mzmb0_si536 /nfs-share/xinchi/kaldi/egs/timit/s5_la2/fbank/raw_fbank_train.4.ark:11582431
fmjb0_sx7 /nfs-share/xinchi/kaldi/egs/timit/s5_la2/fbank/raw_fbank_train.1.ark:8907738
mtdp0_sx351 /nfs-share/xinchi/kaldi/egs/timit/s5_la2/fbank/raw_fbank_train.4.ark:7932203
fdnc0_sx18 /nfs-share/xinchi/kaldi/egs/timit/s5_la2/fbank/raw_fbank_train.1.ark:3182242
fdxw0_sx71 /nfs-share/xinchi/kaldi/egs/timit/s5_la2/fbank/raw_fbank_train.1.ark:3421512
fear0_sx172 /nfs-share/xinchi/kaldi/egs/timit/s5_la2/fbank/raw_fbank_train.1.ark:3564631
mzmb0_si1796 /nfs-share/xinchi/kaldi/egs/timit/s5_la2/fbank/raw_fbank_train.4.ark:11574518
mgar0_sx312 /nfs-share/xinchi/kaldi/egs/timit/s5_la2/fbank/raw_fbank_train.3.ark:60460
mtcs0_sx352 /nfs-share/xinchi/kaldi/egs/timit/s5_la2/fbank/raw_fbank_train.4.ark:7719832
fjhk0_si1022 /nfs-share/xinchi/kaldi/egs/timit/s5_la2/fbank/raw_fbank_train.1.ark:5060887
mjxa0_sx337 /nfs-share/xinchi/kaldi/egs/timit/s5_la2/fbank/raw_fbank_train.3.ark:5524311
mmdg0_si1780 /nfs-share/xinchi/kaldi/egs/timit/s5_la2/fbank/raw_fbank_train.3.ark:8694547
fjsp0_si804 /nfs-share/xinchi/kaldi/egs/timit/s5_la2/fbank/raw_fbank_train.1.ark:5801932
msem1_sx180 /nfs-share/xinchi/kaldi/egs/timit/s5_la2/fbank/raw_fbank_train.4.ark:5946063
mjrp0_si1835 /nfs-share/xinchi/kaldi/egs/timit/s5_la2/fbank/raw_fbank_train.3.ark:4917821
mjde0_si1120 /nfs-share/xinchi/kaldi/egs/timit/s5_la2/fbank/raw_fbank_train.3.ark:2245663
mjjj0_sx443 /nfs-share/xinchi/kaldi/egs/timit/s5_la2/fbank/raw_fbank_train.3.ark:3362872
mrjb1_sx300 /nfs-share/xinchi/kaldi/egs/timit/s5_la2/fbank/raw_fbank_train.4.ark:2663449
mjbg0_sx152 /nfs-share/xinchi/kaldi/egs/timit/s5_la2/fbank/raw_fbank_train.3.ark:1998567
mmwb0_si1619 /nfs-share/xinchi/kaldi/egs/timit/s5_la2/fbank/raw_fbank_train.3.ark:10141763
fskl0_sx359 /nfs-share/xinchi/kaldi/egs/timit/s5_la2/fbank/raw_fbank_train.2.ark:408025
fspm0_sx341 /nfs-share/xinchi/kaldi/egs/timit/s5_la2/fbank/raw_fbank_train.2.ark:1026096
mejl0_sx62 /nfs-share/xinchi/kaldi/egs/timit/s5_la2/fbank/raw_fbank_train.2.ark:10017379
fjsk0_sx422 /nfs-share/xinchi/kaldi/egs/timit/s5_la2/fbank/raw_fbank_train.1.ark:5753039
mtxs0_si1690 /nfs-share/xinchi/kaldi/egs/timit/s5_la2/fbank/raw_fbank_train.4.ark:10108340
flmc0_sx382 /nfs-share/xinchi/kaldi/egs/timit/s5_la2/fbank/raw_fbank_train.1.ark:8219994
mkah0_sx268 /nfs-share/xinchi/kaldi/egs/timit/s5_la2/fbank/raw_fbank_train.3.ark:5816112
mejs0_sx70 /nfs-share/xinchi/kaldi/egs/timit/s5_la2/fbank/raw_fbank_train.2.ark:10120924
marw0_sx286 /nfs-share/xinchi/kaldi/egs/timit/s5_la2/fbank/raw_fbank_train.2.ark:3125528
mrjb1_sx30 /nfs-share/xinchi/kaldi/egs/timit/s5_la2/fbank/raw_fbank_train.4.ark:2654816
mdbp0_sx258 /nfs-share/xinchi/kaldi/egs/timit/s5_la2/fbank/raw_fbank_train.2.ark:6340876
mrml0_sx71 /nfs-share/xinchi/kaldi/egs/timit/s5_la2/fbank/raw_fbank_train.4.ark:4090993
msrr0_si1761 /nfs-share/xinchi/kaldi/egs/timit/s5_la2/fbank/raw_fbank_train.4.ark:6839582
fvmh0_si1466 /nfs-share/xinchi/kaldi/egs/timit/s5_la2/fbank/raw_fbank_train.2.ark:1927380
fsjs0_sx451 /nfs-share/xinchi/kaldi/egs/timit/s5_la2/fbank/raw_fbank_train.2.ark:121743
marc0_si1818 /nfs-share/xinchi/kaldi/egs/timit/s5_la2/fbank/raw_fbank_train.2.ark:2998412
mdac0_sx271 /nfs-share/xinchi/kaldi/egs/timit/s5_la2/fbank/raw_fbank_train.2.ark:6061203
flkm0_si1880 /nfs-share/xinchi/kaldi/egs/timit/s5_la2/fbank/raw_fbank_train.1.ark:7933234
mdtb0_sx390 /nfs-share/xinchi/kaldi/egs/timit/s5_la2/fbank/raw_fbank_train.2.ark:9241062
mtat1_si1627 /nfs-share/xinchi/kaldi/egs/timit/s5_la2/fbank/raw_fbank_train.4.ark:7463730
fnkl0_si2152 /nfs-share/xinchi/kaldi/egs/timit/s5_la2/fbank/raw_fbank_train.1.ark:9582305
mddc0_si2049 /nfs-share/xinchi/kaldi/egs/timit/s5_la2/fbank/raw_fbank_train.2.ark:6608372
mtlb0_si1134 /nfs-share/xinchi/kaldi/egs/timit/s5_la2/fbank/raw_fbank_train.4.ark:8704156
mpgh0_si1554 /nfs-share/xinchi/kaldi/egs/timit/s5_la2/fbank/raw_fbank_train.3.ark:11012905
mfwk0_sx439 /nfs-share/xinchi/kaldi/egs/timit/s5_la2/fbank/raw_fbank_train.2.ark:10750346
meal0_si2177 /nfs-share/xinchi/kaldi/egs/timit/s5_la2/fbank/raw_fbank_train.2.ark:9568165
msmc0_sx107 /nfs-share/xinchi/kaldi/egs/timit/s5_la2/fbank/raw_fbank_train.4.ark:6480548
fbmj0_sx156 /nfs-share/xinchi/kaldi/egs/timit/s5_la2/fbank/raw_fbank_train.1.ark:1189104
fsjs0_sx181 /nfs-share/xinchi/kaldi/egs/timit/s5_la2/fbank/raw_fbank_train.2.ark:82924
frjb0_sx437 /nfs-share/xinchi/kaldi/egs/timit/s5_la2/fbank/raw_fbank_train.1.ark:10753824
mrvg0_sx60 /nfs-share/xinchi/kaldi/egs/timit/s5_la2/fbank/raw_fbank_train.4.ark:4928715
msas0_sx386 /nfs-share/xinchi/kaldi/egs/timit/s5_la2/fbank/raw_fbank_train.4.ark:5407601
mrml0_sx431 /nfs-share/xinchi/kaldi/egs/timit/s5_la2/fbank/raw_fbank_train.4.ark:4076161
msjk0_si1596 /nfs-share/xinchi/kaldi/egs/timit/s5_la2/fbank/raw_fbank_train.4.ark:6333024
fmjb0_si1177 /nfs-share/xinchi/kaldi/egs/timit/s5_la2/fbank/raw_fbank_train.1.ark:8828981
mtrc0_si589 /nfs-share/xinchi/kaldi/egs/timit/s5_la2/fbank/raw_fbank_train.4.ark:9734520
mdlc1_sx265 /nfs-share/xinchi/kaldi/egs/timit/s5_la2/fbank/raw_fbank_train.2.ark:7666283
mmwb0_si2249 /nfs-share/xinchi/kaldi/egs/timit/s5_la2/fbank/raw_fbank_train.3.ark:10154317
msjk0_sx66 /nfs-share/xinchi/kaldi/egs/timit/s5_la2/fbank/raw_fbank_train.4.ark:6428375
fsdj0_sx395 /nfs-share/xinchi/kaldi/egs/timit/s5_la2/fbank/raw_fbank_train.1.ark:11595016
mafm0_sx219 /nfs-share/xinchi/kaldi/egs/timit/s5_la2/fbank/raw_fbank_train.2.ark:2537784
fcke0_sx301 /nfs-share/xinchi/kaldi/egs/timit/s5_la2/fbank/raw_fbank_train.1.ark:1878146
fexm0_si482 /nfs-share/xinchi/kaldi/egs/timit/s5_la2/fbank/raw_fbank_train.1.ark:4086763
fcke0_si1111 /nfs-share/xinchi/kaldi/egs/timit/s5_la2/fbank/raw_fbank_train.1.ark:1814820
mstf0_sx136 /nfs-share/xinchi/kaldi/egs/timit/s5_la2/fbank/raw_fbank_train.4.ark:6969751
msrr0_sx141 /nfs-share/xinchi/kaldi/egs/timit/s5_la2/fbank/raw_fbank_train.4.ark:6874608
mrgs0_sx6 /nfs-share/xinchi/kaldi/egs/timit/s5_la2/fbank/raw_fbank_train.4.ark:2452199
mwar0_si1675 /nfs-share/xinchi/kaldi/egs/timit/s5_la2/fbank/raw_fbank_train.4.ark:10696892
mgxp0_si525 /nfs-share/xinchi/kaldi/egs/timit/s5_la2/fbank/raw_fbank_train.3.ark:839438
mklr0_sx249 /nfs-share/xinchi/kaldi/egs/timit/s5_la2/fbank/raw_fbank_train.3.ark:6694257
mbgt0_si711 /nfs-share/xinchi/kaldi/egs/timit/s5_la2/fbank/raw_fbank_train.2.ark:3565715
mrjt0_si868 /nfs-share/xinchi/kaldi/egs/timit/s5_la2/fbank/raw_fbank_train.4.ark:3029778
mmbs0_sx251 /nfs-share/xinchi/kaldi/egs/timit/s5_la2/fbank/raw_fbank_train.3.ark:8453245
mmxs0_sx426 /nfs-share/xinchi/kaldi/egs/timit/s5_la2/fbank/raw_fbank_train.3.ark:10517075
mkdd0_si2197 /nfs-share/xinchi/kaldi/egs/timit/s5_la2/fbank/raw_fbank_train.3.ark:6172873
fklh0_sx177 /nfs-share/xinchi/kaldi/egs/timit/s5_la2/fbank/raw_fbank_train.1.ark:6958081
mtpg0_si753 /nfs-share/xinchi/kaldi/egs/timit/s5_la2/fbank/raw_fbank_train.4.ark:9321854
mjde0_si463 /nfs-share/xinchi/kaldi/egs/timit/s5_la2/fbank/raw_fbank_train.3.ark:2270936
fjrp1_si2062 /nfs-share/xinchi/kaldi/egs/timit/s5_la2/fbank/raw_fbank_train.1.ark:5576648
mdcd0_si2045 /nfs-share/xinchi/kaldi/egs/timit/s5_la2/fbank/raw_fbank_train.2.ark:6407082
mklr0_si1689 /nfs-share/xinchi/kaldi/egs/timit/s5_la2/fbank/raw_fbank_train.3.ark:6666317
mdlr0_sx333 /nfs-share/xinchi/kaldi/egs/timit/s5_la2/fbank/raw_fbank_train.2.ark:8045855
fssb0_si2342 /nfs-share/xinchi/kaldi/egs/timit/s5_la2/fbank/raw_fbank_train.2.ark:1187448
mcae0_sx97 /nfs-share/xinchi/kaldi/egs/timit/s5_la2/fbank/raw_fbank_train.2.ark:4511381
fklc1_si2308 /nfs-share/xinchi/kaldi/egs/timit/s5_la2/fbank/raw_fbank_train.1.ark:6845623
mbma0_sx322 /nfs-share/xinchi/kaldi/egs/timit/s5_la2/fbank/raw_fbank_train.2.ark:3796224
mdlb0_sx46 /nfs-share/xinchi/kaldi/egs/timit/s5_la2/fbank/raw_fbank_train.2.ark:7492010
fmkf0_sx6 /nfs-share/xinchi/kaldi/egs/timit/s5_la2/fbank/raw_fbank_train.1.ark:9321757
fblv0_sx338 /nfs-share/xinchi/kaldi/egs/timit/s5_la2/fbank/raw_fbank_train.1.ark:1009361
fpjf0_sx352 /nfs-share/xinchi/kaldi/egs/timit/s5_la2/fbank/raw_fbank_train.1.ark:10367085
mdpb0_sx146 /nfs-share/xinchi/kaldi/egs/timit/s5_la2/fbank/raw_fbank_train.2.ark:8549875
msms0_sx353 /nfs-share/xinchi/kaldi/egs/timit/s5_la2/fbank/raw_fbank_train.4.ark:6702744
mkdd0_sx127 /nfs-share/xinchi/kaldi/egs/timit/s5_la2/fbank/raw_fbank_train.3.ark:6207859
mmam0_si2227 /nfs-share/xinchi/kaldi/egs/timit/s5_la2/fbank/raw_fbank_train.3.ark:8213049
mkes0_sx353 /nfs-share/xinchi/kaldi/egs/timit/s5_la2/fbank/raw_fbank_train.3.ark:6428774
fkaa0_si578 /nfs-share/xinchi/kaldi/egs/timit/s5_la2/fbank/raw_fbank_train.1.ark:6199071
mrfk0_sx86 /nfs-share/xinchi/kaldi/egs/timit/s5_la2/fbank/raw_fbank_train.4.ark:2129278
msdh0_sx170 /nfs-share/xinchi/kaldi/egs/timit/s5_la2/fbank/raw_fbank_train.4.ark:5692652
mppc0_sx242 /nfs-share/xinchi/kaldi/egs/timit/s5_la2/fbank/raw_fbank_train.4.ark:12
mbsb0_sx183 /nfs-share/xinchi/kaldi/egs/timit/s5_la2/fbank/raw_fbank_train.2.ark:4149060
mdlr1_sx309 /nfs-share/xinchi/kaldi/egs/timit/s5_la2/fbank/raw_fbank_train.2.ark:8156440
fklc1_sx58 /nfs-share/xinchi/kaldi/egs/timit/s5_la2/fbank/raw_fbank_train.1.ark:6903627
mrfk0_si2336 /nfs-share/xinchi/kaldi/egs/timit/s5_la2/fbank/raw_fbank_train.4.ark:2074954
fjsp0_sx84 /nfs-share/xinchi/kaldi/egs/timit/s5_la2/fbank/raw_fbank_train.1.ark:5862656
mwsh0_si796 /nfs-share/xinchi/kaldi/egs/timit/s5_la2/fbank/raw_fbank_train.4.ark:11469006
flet0_sx417 /nfs-share/xinchi/kaldi/egs/timit/s5_la2/fbank/raw_fbank_train.1.ark:7493386
mefg0_si598 /nfs-share/xinchi/kaldi/egs/timit/s5_la2/fbank/raw_fbank_train.2.ark:9754887
mmsm0_si476 /nfs-share/xinchi/kaldi/egs/timit/s5_la2/fbank/raw_fbank_train.3.ark:9947699
mcre0_si1121 /nfs-share/xinchi/kaldi/egs/timit/s5_la2/fbank/raw_fbank_train.2.ark:5512306
mljc0_si1225 /nfs-share/xinchi/kaldi/egs/timit/s5_la2/fbank/raw_fbank_train.3.ark:7441846
mmrp0_si2034 /nfs-share/xinchi/kaldi/egs/timit/s5_la2/fbank/raw_fbank_train.3.ark:9812768
flod0_si657 /nfs-share/xinchi/kaldi/egs/timit/s5_la2/fbank/raw_fbank_train.1.ark:8354841
marw0_sx16 /nfs-share/xinchi/kaldi/egs/timit/s5_la2/fbank/raw_fbank_train.2.ark:3114575
fsjg0_si2200 /nfs-share/xinchi/kaldi/egs/timit/s5_la2/fbank/raw_fbank_train.1.ark:11719189
mjdm0_si1937 /nfs-share/xinchi/kaldi/egs/timit/s5_la2/fbank/raw_fbank_train.3.ark:2495267
mcef0_sx415 /nfs-share/xinchi/kaldi/egs/timit/s5_la2/fbank/raw_fbank_train.2.ark:4983914
mjfh0_sx117 /nfs-share/xinchi/kaldi/egs/timit/s5_la2/fbank/raw_fbank_train.3.ark:2920953
fjsk0_sx152 /nfs-share/xinchi/kaldi/egs/timit/s5_la2/fbank/raw_fbank_train.1.ark:5714700
mcdd0_sx253 /nfs-share/xinchi/kaldi/egs/timit/s5_la2/fbank/raw_fbank_train.2.ark:4757238
mjwg0_si895 /nfs-share/xinchi/kaldi/egs/timit/s5_la2/fbank/raw_fbank_train.3.ark:5161137
fblv0_sx68 /nfs-share/xinchi/kaldi/egs/timit/s5_la2/fbank/raw_fbank_train.1.ark:1037266
mrew1_si1500 /nfs-share/xinchi/kaldi/egs/timit/s5_la2/fbank/raw_fbank_train.4.ark:1957941
mctm0_si1980 /nfs-share/xinchi/kaldi/egs/timit/s5_la2/fbank/raw_fbank_train.2.ark:5826294
mejs0_si1870 /nfs-share/xinchi/kaldi/egs/timit/s5_la2/fbank/raw_fbank_train.2.ark:10045887
msdb0_sx377 /nfs-share/xinchi/kaldi/egs/timit/s5_la2/fbank/raw_fbank_train.4.ark:5653638
flkm0_si620 /nfs-share/xinchi/kaldi/egs/timit/s5_la2/fbank/raw_fbank_train.1.ark:7946267
fgrw0_sx72 /nfs-share/xinchi/kaldi/egs/timit/s5_la2/fbank/raw_fbank_train.1.ark:4604709
fecd0_si788 /nfs-share/xinchi/kaldi/egs/timit/s5_la2/fbank/raw_fbank_train.1.ark:3667063
mrws0_sx382 /nfs-share/xinchi/kaldi/egs/timit/s5_la2/fbank/raw_fbank_train.4.ark:5111125
mdlb0_sx406 /nfs-share/xinchi/kaldi/egs/timit/s5_la2/fbank/raw_fbank_train.2.ark:7474218
mtdp0_si1521 /nfs-share/xinchi/kaldi/egs/timit/s5_la2/fbank/raw_fbank_train.4.ark:7869270
fapb0_sx163 /nfs-share/xinchi/kaldi/egs/timit/s5_la2/fbank/raw_fbank_train.1.ark:454089
mtpf0_si1865 /nfs-share/xinchi/kaldi/egs/timit/s5_la2/fbank/raw_fbank_train.4.ark:9219836
falr0_si1955 /nfs-share/xinchi/kaldi/egs/timit/s5_la2/fbank/raw_fbank_train.1.ark:324237
mhit0_sx83 /nfs-share/xinchi/kaldi/egs/timit/s5_la2/fbank/raw_fbank_train.3.ark:1094530
mtdb0_sx321 /nfs-share/xinchi/kaldi/egs/timit/s5_la2/fbank/raw_fbank_train.4.ark:7824337
mpgh0_sx204 /nfs-share/xinchi/kaldi/egs/timit/s5_la2/fbank/raw_fbank_train.3.ark:11064797
mprt0_sx220 /nfs-share/xinchi/kaldi/egs/timit/s5_la2/fbank/raw_fbank_train.4.ark:440511
mgrl0_sx417 /nfs-share/xinchi/kaldi/egs/timit/s5_la2/fbank/raw_fbank_train.3.ark:462434
mkls0_si1437 /nfs-share/xinchi/kaldi/egs/timit/s5_la2/fbank/raw_fbank_train.3.ark:6736749
mtbc0_sx347 /nfs-share/xinchi/kaldi/egs/timit/s5_la2/fbank/raw_fbank_train.4.ark:7623687
fskp0_sx288 /nfs-share/xinchi/kaldi/egs/timit/s5_la2/fbank/raw_fbank_train.2.ark:515562
mntw0_sx78 /nfs-share/xinchi/kaldi/egs/timit/s5_la2/fbank/raw_fbank_train.3.ark:10723676
mcpm0_si1824 /nfs-share/xinchi/kaldi/egs/timit/s5_la2/fbank/raw_fbank_train.2.ark:5432795
mjxl0_sx182 /nfs-share/xinchi/kaldi/egs/timit/s5_la2/fbank/raw_fbank_train.3.ark:5595230
mesg0_si1332 /nfs-share/xinchi/kaldi/egs/timit/s5_la2/fbank/raw_fbank_train.2.ark:10124878
fmju0_si759 /nfs-share/xinchi/kaldi/egs/timit/s5_la2/fbank/raw_fbank_train.1.ark:9063296
fgdp0_si988 /nfs-share/xinchi/kaldi/egs/timit/s5_la2/fbank/raw_fbank_train.1.ark:4290734
mjlg1_sx292 /nfs-share/xinchi/kaldi/egs/timit/s5_la2/fbank/raw_fbank_train.3.ark:3744932
mapv0_si663 /nfs-share/xinchi/kaldi/egs/timit/s5_la2/fbank/raw_fbank_train.2.ark:2915700
mkls1_sx375 /nfs-share/xinchi/kaldi/egs/timit/s5_la2/fbank/raw_fbank_train.3.ark:6927486
mtlb0_si1764 /nfs-share/xinchi/kaldi/egs/timit/s5_la2/fbank/raw_fbank_train.4.ark:8722110
fkkh0_si1290 /nfs-share/xinchi/kaldi/egs/timit/s5_la2/fbank/raw_fbank_train.1.ark:6608865
mmsm0_sx386 /nfs-share/xinchi/kaldi/egs/timit/s5_la2/fbank/raw_fbank_train.3.ark:10010583
fdfb0_sx148 /nfs-share/xinchi/kaldi/egs/timit/s5_la2/fbank/raw_fbank_train.1.ark:2638483
fdml0_si1779 /nfs-share/xinchi/kaldi/egs/timit/s5_la2/fbank/raw_fbank_train.1.ark:2915533
fsjg0_si1570 /nfs-share/xinchi/kaldi/egs/timit/s5_la2/fbank/raw_fbank_train.1.ark:11704595
mrtc0_sx18 /nfs-share/xinchi/kaldi/egs/timit/s5_la2/fbank/raw_fbank_train.4.ark:4678086
falr0_sx155 /nfs-share/xinchi/kaldi/egs/timit/s5_la2/fbank/raw_fbank_train.1.ark:346423
mrre0_sx164 /nfs-share/xinchi/kaldi/egs/timit/s5_la2/fbank/raw_fbank_train.4.ark:4332898
fcdr1_sx106 /nfs-share/xinchi/kaldi/egs/timit/s5_la2/fbank/raw_fbank_train.1.ark:1496220
fmpg0_sx72 /nfs-share/xinchi/kaldi/egs/timit/s5_la2/fbank/raw_fbank_train.1.ark:9561917
mesj0_sx7 /nfs-share/xinchi/kaldi/egs/timit/s5_la2/fbank/raw_fbank_train.2.ark:10293620
mdlb0_si1936 /nfs-share/xinchi/kaldi/egs/timit/s5_la2/fbank/raw_fbank_train.2.ark:7408213
mtmt0_si1748 /nfs-share/xinchi/kaldi/egs/timit/s5_la2/fbank/raw_fbank_train.4.ark:9119451
mmgc0_si2184 /nfs-share/xinchi/kaldi/egs/timit/s5_la2/fbank/raw_fbank_train.3.ark:9288883
mbma1_sx144 /nfs-share/xinchi/kaldi/egs/timit/s5_la2/fbank/raw_fbank_train.2.ark:3867823
mses0_sx239 /nfs-share/xinchi/kaldi/egs/timit/s5_la2/fbank/raw_fbank_train.4.ark:6058322
mdpk0_si552 /nfs-share/xinchi/kaldi/egs/timit/s5_la2/fbank/raw_fbank_train.2.ark:8627147
fdtd0_si2191 /nfs-share/xinchi/kaldi/egs/timit/s5_la2/fbank/raw_fbank_train.1.ark:3248609
freh0_sx325 /nfs-share/xinchi/kaldi/egs/timit/s5_la2/fbank/raw_fbank_train.1.ark:10662285
mlsh0_sx427 /nfs-share/xinchi/kaldi/egs/timit/s5_la2/fbank/raw_fbank_train.3.ark:7840840
mdlb0_sx316 /nfs-share/xinchi/kaldi/egs/timit/s5_la2/fbank/raw_fbank_train.2.ark:7461025
mwre0_sx247 /nfs-share/xinchi/kaldi/egs/timit/s5_la2/fbank/raw_fbank_train.4.ark:11201800
msfv0_si632 /nfs-share/xinchi/kaldi/egs/timit/s5_la2/fbank/raw_fbank_train.4.ark:6246746
mpgr0_sx150 /nfs-share/xinchi/kaldi/egs/timit/s5_la2/fbank/raw_fbank_train.3.ark:11131909
fbcg1_si1612 /nfs-share/xinchi/kaldi/egs/timit/s5_la2/fbank/raw_fbank_train.1.ark:633960
mdlc2_si1614 /nfs-share/xinchi/kaldi/egs/timit/s5_la2/fbank/raw_fbank_train.2.ark:7705615
mwar0_sx145 /nfs-share/xinchi/kaldi/egs/timit/s5_la2/fbank/raw_fbank_train.4.ark:10717679
madd0_sx88 /nfs-share/xinchi/kaldi/egs/timit/s5_la2/fbank/raw_fbank_train.2.ark:2293726
fsag0_sx153 /nfs-share/xinchi/kaldi/egs/timit/s5_la2/fbank/raw_fbank_train.1.ark:10911254
fmbg0_si1160 /nfs-share/xinchi/kaldi/egs/timit/s5_la2/fbank/raw_fbank_train.1.ark:8618491
fdjh0_si935 /nfs-share/xinchi/kaldi/egs/timit/s5_la2/fbank/raw_fbank_train.1.ark:2715635
mjdm0_sx440 /nfs-share/xinchi/kaldi/egs/timit/s5_la2/fbank/raw_fbank_train.3.ark:2557112
mdrd0_si2012 /nfs-share/xinchi/kaldi/egs/timit/s5_la2/fbank/raw_fbank_train.2.ark:8794964
mmam0_sx427 /nfs-share/xinchi/kaldi/egs/timit/s5_la2/fbank/raw_fbank_train.3.ark:8253701
fceg0_sx438 /nfs-share/xinchi/kaldi/egs/timit/s5_la2/fbank/raw_fbank_train.1.ark:1621624
mrbc0_sx239 /nfs-share/xinchi/kaldi/egs/timit/s5_la2/fbank/raw_fbank_train.4.ark:1106008
fbmh0_sx146 /nfs-share/xinchi/kaldi/egs/timit/s5_la2/fbank/raw_fbank_train.1.ark:1094240
mgsl0_si534 /nfs-share/xinchi/kaldi/egs/timit/s5_la2/fbank/raw_fbank_train.3.ark:713021
mmgc0_sx315 /nfs-share/xinchi/kaldi/egs/timit/s5_la2/fbank/raw_fbank_train.3.ark:9317142
mwrp0_si1443 /nfs-share/xinchi/kaldi/egs/timit/s5_la2/fbank/raw_fbank_train.4.ark:11256372
mmgc0_sx135 /nfs-share/xinchi/kaldi/egs/timit/s5_la2/fbank/raw_fbank_train.3.ark:9296596
mlsh0_si2047 /nfs-share/xinchi/kaldi/egs/timit/s5_la2/fbank/raw_fbank_train.3.ark:7777715
mmgc0_sx225 /nfs-share/xinchi/kaldi/egs/timit/s5_la2/fbank/raw_fbank_train.3.ark:9308229
flod0_sx387 /nfs-share/xinchi/kaldi/egs/timit/s5_la2/fbank/raw_fbank_train.1.ark:8408806
fpaz0_si1593 /nfs-share/xinchi/kaldi/egs/timit/s5_la2/fbank/raw_fbank_train.1.ark:10195221
mmam0_sx337 /nfs-share/xinchi/kaldi/egs/timit/s5_la2/fbank/raw_fbank_train.3.ark:8243188
mrjt0_sx328 /nfs-share/xinchi/kaldi/egs/timit/s5_la2/fbank/raw_fbank_train.4.ark:3069037
fdas1_si2091 /nfs-share/xinchi/kaldi/egs/timit/s5_la2/fbank/raw_fbank_train.1.ark:2418765
fmjf0_si624 /nfs-share/xinchi/kaldi/egs/timit/s5_la2/fbank/raw_fbank_train.1.ark:8947831
fgmb0_sx155 /nfs-share/xinchi/kaldi/egs/timit/s5_la2/fbank/raw_fbank_train.1.ark:4428512
mjrp0_sx135 /nfs-share/xinchi/kaldi/egs/timit/s5_la2/fbank/raw_fbank_train.3.ark:4952481
msdb0_sx17 /nfs-share/xinchi/kaldi/egs/timit/s5_la2/fbank/raw_fbank_train.4.ark:5631579
mcdc0_sx212 /nfs-share/xinchi/kaldi/egs/timit/s5_la2/fbank/raw_fbank_train.2.ark:4665333
fgcs0_si2116 /nfs-share/xinchi/kaldi/egs/timit/s5_la2/fbank/raw_fbank_train.1.ark:4186596
fhlm0_si1560 /nfs-share/xinchi/kaldi/egs/timit/s5_la2/fbank/raw_fbank_train.1.ark:4614663
mtas0_sx125 /nfs-share/xinchi/kaldi/egs/timit/s5_la2/fbank/raw_fbank_train.4.ark:7306146
mmds0_si1343 /nfs-share/xinchi/kaldi/egs/timit/s5_la2/fbank/raw_fbank_train.3.ark:9002662
flet0_sx277 /nfs-share/xinchi/kaldi/egs/timit/s5_la2/fbank/raw_fbank_train.1.ark:7484313
fcdr1_sx16 /nfs-share/xinchi/kaldi/egs/timit/s5_la2/fbank/raw_fbank_train.1.ark:1509092
madc0_sx107 /nfs-share/xinchi/kaldi/egs/timit/s5_la2/fbank/raw_fbank_train.2.ark:2154410
mtdp0_si2151 /nfs-share/xinchi/kaldi/egs/timit/s5_la2/fbank/raw_fbank_train.4.ark:7889184
mdrd0_sx32 /nfs-share/xinchi/kaldi/egs/timit/s5_la2/fbank/raw_fbank_train.2.ark:8870608
mwch0_si1622 /nfs-share/xinchi/kaldi/egs/timit/s5_la2/fbank/raw_fbank_train.4.ark:10772924
mrlr0_sx26 /nfs-share/xinchi/kaldi/egs/timit/s5_la2/fbank/raw_fbank_train.4.ark:3664665
mbgt0_sx261 /nfs-share/xinchi/kaldi/egs/timit/s5_la2/fbank/raw_fbank_train.2.ark:3597101
mjee0_si1237 /nfs-share/xinchi/kaldi/egs/timit/s5_la2/fbank/raw_fbank_train.3.ark:2786308
mppc0_sx332 /nfs-share/xinchi/kaldi/egs/timit/s5_la2/fbank/raw_fbank_train.4.ark:12125
mdma0_sx260 /nfs-share/xinchi/kaldi/egs/timit/s5_la2/fbank/raw_fbank_train.2.ark:8249073
mrxb0_sx415 /nfs-share/xinchi/kaldi/egs/timit/s5_la2/fbank/raw_fbank_train.4.ark:5200438
fsrh0_sx131 /nfs-share/xinchi/kaldi/egs/timit/s5_la2/fbank/raw_fbank_train.2.ark:1086455
mwem0_sx150 /nfs-share/xinchi/kaldi/egs/timit/s5_la2/fbank/raw_fbank_train.4.ark:10987276
mtqc0_sx271 /nfs-share/xinchi/kaldi/egs/timit/s5_la2/fbank/raw_fbank_train.4.ark:9662555
mcew0_sx362 /nfs-share/xinchi/kaldi/egs/timit/s5_la2/fbank/raw_fbank_train.2.ark:5082666
mwar0_sx55 /nfs-share/xinchi/kaldi/egs/timit/s5_la2/fbank/raw_fbank_train.4.ark:10759410
fmju0_sx399 /nfs-share/xinchi/kaldi/egs/timit/s5_la2/fbank/raw_fbank_train.1.ark:9128500
fkdw0_sx307 /nfs-share/xinchi/kaldi/egs/timit/s5_la2/fbank/raw_fbank_train.1.ark:6461021
mjpm0_si738 /nfs-share/xinchi/kaldi/egs/timit/s5_la2/fbank/raw_fbank_train.3.ark:4261352
mjrh1_sx334 /nfs-share/xinchi/kaldi/egs/timit/s5_la2/fbank/raw_fbank_train.3.ark:4795337
frll0_sx254 /nfs-share/xinchi/kaldi/egs/timit/s5_la2/fbank/raw_fbank_train.1.ark:10837622
mdlh0_si574 /nfs-share/xinchi/kaldi/egs/timit/s5_la2/fbank/raw_fbank_train.2.ark:7806553
mtjs0_sx292 /nfs-share/xinchi/kaldi/egs/timit/s5_la2/fbank/raw_fbank_train.4.ark:8365414
mtpf0_sx155 /nfs-share/xinchi/kaldi/egs/timit/s5_la2/fbank/raw_fbank_train.4.ark:9243542
mgag0_si1321 /nfs-share/xinchi/kaldi/egs/timit/s5_la2/fbank/raw_fbank_train.2.ark:11052729
mjrg0_si1996 /nfs-share/xinchi/kaldi/egs/timit/s5_la2/fbank/raw_fbank_train.3.ark:4542394
fpls0_sx3 /nfs-share/xinchi/kaldi/egs/timit/s5_la2/fbank/raw_fbank_train.1.ark:10455995
fmkc0_si1041 /nfs-share/xinchi/kaldi/egs/timit/s5_la2/fbank/raw_fbank_train.1.ark:9139014
mlel0_si1246 /nfs-share/xinchi/kaldi/egs/timit/s5_la2/fbank/raw_fbank_train.3.ark:7328621
mafm0_sx399 /nfs-share/xinchi/kaldi/egs/timit/s5_la2/fbank/raw_fbank_train.2.ark:2571682
mgaw0_sx265 /nfs-share/xinchi/kaldi/egs/timit/s5_la2/fbank/raw_fbank_train.3.ark:155652
fpmy0_sx253 /nfs-share/xinchi/kaldi/egs/timit/s5_la2/fbank/raw_fbank_train.1.ark:10563420
mrab1_si848 /nfs-share/xinchi/kaldi/egs/timit/s5_la2/fbank/raw_fbank_train.4.ark:687480
mctm0_sx270 /nfs-share/xinchi/kaldi/egs/timit/s5_la2/fbank/raw_fbank_train.2.ark:5863793
mpgr0_sx60 /nfs-share/xinchi/kaldi/egs/timit/s5_la2/fbank/raw_fbank_train.3.ark:11177440
fjkl0_si2192 /nfs-share/xinchi/kaldi/egs/timit/s5_la2/fbank/raw_fbank_train.1.ark:5164747
mgrp0_si1317 /nfs-share/xinchi/kaldi/egs/timit/s5_la2/fbank/raw_fbank_train.3.ark:482900
mmdm1_si2043 /nfs-share/xinchi/kaldi/egs/timit/s5_la2/fbank/raw_fbank_train.3.ark:8908751
mrds0_si1797 /nfs-share/xinchi/kaldi/egs/timit/s5_la2/fbank/raw_fbank_train.4.ark:1563515
mkls1_sx105 /nfs-share/xinchi/kaldi/egs/timit/s5_la2/fbank/raw_fbank_train.3.ark:6886315
mrfl0_si1786 /nfs-share/xinchi/kaldi/egs/timit/s5_la2/fbank/raw_fbank_train.4.ark:2157466
mdss1_si1713 /nfs-share/xinchi/kaldi/egs/timit/s5_la2/fbank/raw_fbank_train.2.ark:9091199
fhlm0_si2190 /nfs-share/xinchi/kaldi/egs/timit/s5_la2/fbank/raw_fbank_train.1.ark:4620937
fdjh0_sx125 /nfs-share/xinchi/kaldi/egs/timit/s5_la2/fbank/raw_fbank_train.1.ark:2732588
makb0_sx206 /nfs-share/xinchi/kaldi/egs/timit/s5_la2/fbank/raw_fbank_train.2.ark:2767276
mhxl0_sx152 /nfs-share/xinchi/kaldi/egs/timit/s5_la2/fbank/raw_fbank_train.3.ark:1506084
mbjv0_sx167 /nfs-share/xinchi/kaldi/egs/timit/s5_la2/fbank/raw_fbank_train.2.ark:3679733
mvlo0_si1777 /nfs-share/xinchi/kaldi/egs/timit/s5_la2/fbank/raw_fbank_train.4.ark:10311591
fdas1_sx381 /nfs-share/xinchi/kaldi/egs/timit/s5_la2/fbank/raw_fbank_train.1.ark:2492122
mbma0_sx52 /nfs-share/xinchi/kaldi/egs/timit/s5_la2/fbank/raw_fbank_train.2.ark:3819009
fsma0_sx271 /nfs-share/xinchi/kaldi/egs/timit/s5_la2/fbank/raw_fbank_train.2.ark:691908
fdtd0_sx391 /nfs-share/xinchi/kaldi/egs/timit/s5_la2/fbank/raw_fbank_train.1.ark:3333167
fexm0_sx291 /nfs-share/xinchi/kaldi/egs/timit/s5_la2/fbank/raw_fbank_train.1.ark:4132582
mbom0_si2274 /nfs-share/xinchi/kaldi/egs/timit/s5_la2/fbank/raw_fbank_train.2.ark:4049961
msem1_sx270 /nfs-share/xinchi/kaldi/egs/timit/s5_la2/fbank/raw_fbank_train.4.ark:5961536
madd0_sx448 /nfs-share/xinchi/kaldi/egs/timit/s5_la2/fbank/raw_fbank_train.2.ark:2283094
freh0_sx145 /nfs-share/xinchi/kaldi/egs/timit/s5_la2/fbank/raw_fbank_train.1.ark:10643339
fmpg0_sx162 /nfs-share/xinchi/kaldi/egs/timit/s5_la2/fbank/raw_fbank_train.1.ark:9493746
mcxm0_sx271 /nfs-share/xinchi/kaldi/egs/timit/s5_la2/fbank/raw_fbank_train.2.ark:5958578
fgdp0_sx178 /nfs-share/xinchi/kaldi/egs/timit/s5_la2/fbank/raw_fbank_train.1.ark:4307327
mkag0_sx79 /nfs-share/xinchi/kaldi/egs/timit/s5_la2/fbank/raw_fbank_train.3.ark:5753265
mrgm0_sx416 /nfs-share/xinchi/kaldi/egs/timit/s5_la2/fbank/raw_fbank_train.4.ark:2326423
mbsb0_sx363 /nfs-share/xinchi/kaldi/egs/timit/s5_la2/fbank/raw_fbank_train.2.ark:4169317
fdnc0_si1278 /nfs-share/xinchi/kaldi/egs/timit/s5_la2/fbank/raw_fbank_train.1.ark:3122589
mrso0_sx129 /nfs-share/xinchi/kaldi/egs/timit/s5_la2/fbank/raw_fbank_train.4.ark:4444884
fklh0_si1257 /nfs-share/xinchi/kaldi/egs/timit/s5_la2/fbank/raw_fbank_train.1.ark:6919781
medr0_sx384 /nfs-share/xinchi/kaldi/egs/timit/s5_la2/fbank/raw_fbank_train.2.ark:9716948
mjeb1_sx387 /nfs-share/xinchi/kaldi/egs/timit/s5_la2/fbank/raw_fbank_train.3.ark:2771554
milb0_si2163 /nfs-share/xinchi/kaldi/egs/timit/s5_la2/fbank/raw_fbank_train.3.ark:1574529
mrew1_si2130 /nfs-share/xinchi/kaldi/egs/timit/s5_la2/fbank/raw_fbank_train.4.ark:1968375
mdlm0_sx154 /nfs-share/xinchi/kaldi/egs/timit/s5_la2/fbank/raw_fbank_train.2.ark:7936204
mkaj0_sx244 /nfs-share/xinchi/kaldi/egs/timit/s5_la2/fbank/raw_fbank_train.3.ark:5910577
mtpf0_sx425 /nfs-share/xinchi/kaldi/egs/timit/s5_la2/fbank/raw_fbank_train.4.ark:9283321
mrkm0_sx187 /nfs-share/xinchi/kaldi/egs/timit/s5_la2/fbank/raw_fbank_train.4.ark:3173556
fsjw0_si1963 /nfs-share/xinchi/kaldi/egs/timit/s5_la2/fbank/raw_fbank_train.2.ark:171363
mjac0_si2148 /nfs-share/xinchi/kaldi/egs/timit/s5_la2/fbank/raw_fbank_train.3.ark:1677185
mbbr0_si1685 /nfs-share/xinchi/kaldi/egs/timit/s5_la2/fbank/raw_fbank_train.2.ark:3291167
fsrh0_sx401 /nfs-share/xinchi/kaldi/egs/timit/s5_la2/fbank/raw_fbank_train.2.ark:1128634
mgxp0_sx367 /nfs-share/xinchi/kaldi/egs/timit/s5_la2/fbank/raw_fbank_train.3.ark:879177
mrjm0_si1858 /nfs-share/xinchi/kaldi/egs/timit/s5_la2/fbank/raw_fbank_train.4.ark:2827928
mjpg0_si1821 /nfs-share/xinchi/kaldi/egs/timit/s5_la2/fbank/raw_fbank_train.3.ark:4153574
fskp0_si1098 /nfs-share/xinchi/kaldi/egs/timit/s5_la2/fbank/raw_fbank_train.2.ark:446364
fljd0_sx436 /nfs-share/xinchi/kaldi/egs/timit/s5_la2/fbank/raw_fbank_train.1.ark:7795623
fbas0_sx217 /nfs-share/xinchi/kaldi/egs/timit/s5_la2/fbank/raw_fbank_train.1.ark:593028
fsbk0_si1699 /nfs-share/xinchi/kaldi/egs/timit/s5_la2/fbank/raw_fbank_train.1.ark:11215303
mrcg0_sx168 /nfs-share/xinchi/kaldi/egs/timit/s5_la2/fbank/raw_fbank_train.4.ark:1200600
mter0_si1787 /nfs-share/xinchi/kaldi/egs/timit/s5_la2/fbank/raw_fbank_train.4.ark:7999496
ftmg0_sx272 /nfs-share/xinchi/kaldi/egs/timit/s5_la2/fbank/raw_fbank_train.2.ark:1688637
mapv0_si1293 /nfs-share/xinchi/kaldi/egs/timit/s5_la2/fbank/raw_fbank_train.2.ark:2884713
fgmb0_si515 /nfs-share/xinchi/kaldi/egs/timit/s5_la2/fbank/raw_fbank_train.1.ark:4416359
mdss1_si1327 /nfs-share/xinchi/kaldi/egs/timit/s5_la2/fbank/raw_fbank_train.2.ark:9076685
fajw0_sx363 /nfs-share/xinchi/kaldi/egs/timit/s5_la2/fbank/raw_fbank_train.1.ark:182475
fjxp0_sx222 /nfs-share/xinchi/kaldi/egs/timit/s5_la2/fbank/raw_fbank_train.1.ark:6128432
fdtd0_sx211 /nfs-share/xinchi/kaldi/egs/timit/s5_la2/fbank/raw_fbank_train.1.ark:3286828
fdas1_si831 /nfs-share/xinchi/kaldi/egs/timit/s5_la2/fbank/raw_fbank_train.1.ark:2428798
mmjb1_si778 /nfs-share/xinchi/kaldi/egs/timit/s5_la2/fbank/raw_fbank_train.3.ark:9551359
fklc1_sx148 /nfs-share/xinchi/kaldi/egs/timit/s5_la2/fbank/raw_fbank_train.1.ark:6853176
msat1_sx83 /nfs-share/xinchi/kaldi/egs/timit/s5_la2/fbank/raw_fbank_train.4.ark:5580092
mtjm0_sx56 /nfs-share/xinchi/kaldi/egs/timit/s5_la2/fbank/raw_fbank_train.4.ark:8269582
mdcm0_sx40 /nfs-share/xinchi/kaldi/egs/timit/s5_la2/fbank/raw_fbank_train.2.ark:6568991
mtlc0_sx127 /nfs-share/xinchi/kaldi/egs/timit/s5_la2/fbank/raw_fbank_train.4.ark:8851801
mgsl0_si1164 /nfs-share/xinchi/kaldi/egs/timit/s5_la2/fbank/raw_fbank_train.3.ark:701108
mreh1_sx249 /nfs-share/xinchi/kaldi/egs/timit/s5_la2/fbank/raw_fbank_train.4.ark:1808265
fkfb0_sx258 /nfs-share/xinchi/kaldi/egs/timit/s5_la2/fbank/raw_fbank_train.1.ark:6543813
mtpg0_sx123 /nfs-share/xinchi/kaldi/egs/timit/s5_la2/fbank/raw_fbank_train.4.ark:9337847
mges0_sx221 /nfs-share/xinchi/kaldi/egs/timit/s5_la2/fbank/raw_fbank_train.3.ark:226997
mdmt0_sx392 /nfs-share/xinchi/kaldi/egs/timit/s5_la2/fbank/raw_fbank_train.2.ark:8389236
mgxp0_si457 /nfs-share/xinchi/kaldi/egs/timit/s5_la2/fbank/raw_fbank_train.3.ark:827245
mrlk0_si2140 /nfs-share/xinchi/kaldi/egs/timit/s5_la2/fbank/raw_fbank_train.4.ark:3520149
mjwt0_sx301 /nfs-share/xinchi/kaldi/egs/timit/s5_la2/fbank/raw_fbank_train.3.ark:5429366
mmar0_si1966 /nfs-share/xinchi/kaldi/egs/timit/s5_la2/fbank/raw_fbank_train.3.ark:8289281
mvlo0_si1147 /nfs-share/xinchi/kaldi/egs/timit/s5_la2/fbank/raw_fbank_train.4.ark:10299517
mmar0_si1336 /nfs-share/xinchi/kaldi/egs/timit/s5_la2/fbank/raw_fbank_train.3.ark:8274407
mmds0_sx263 /nfs-share/xinchi/kaldi/egs/timit/s5_la2/fbank/raw_fbank_train.3.ark:9044275
fvfb0_sx312 /nfs-share/xinchi/kaldi/egs/timit/s5_la2/fbank/raw_fbank_train.2.ark:1793056
majp0_si1704 /nfs-share/xinchi/kaldi/egs/timit/s5_la2/fbank/raw_fbank_train.2.ark:2590510
mtqc0_sx181 /nfs-share/xinchi/kaldi/egs/timit/s5_la2/fbank/raw_fbank_train.4.ark:9643202
mgar0_sx42 /nfs-share/xinchi/kaldi/egs/timit/s5_la2/fbank/raw_fbank_train.3.ark:89405
fntb0_sx213 /nfs-share/xinchi/kaldi/egs/timit/s5_la2/fbank/raw_fbank_train.1.ark:9722388
mmea0_sx308 /nfs-share/xinchi/kaldi/egs/timit/s5_la2/fbank/raw_fbank_train.3.ark:9135453
fbmj0_si815 /nfs-share/xinchi/kaldi/egs/timit/s5_la2/fbank/raw_fbank_train.1.ark:1180311
mrdm0_si965 /nfs-share/xinchi/kaldi/egs/timit/s5_la2/fbank/raw_fbank_train.4.ark:1486003
mrmb0_si951 /nfs-share/xinchi/kaldi/egs/timit/s5_la2/fbank/raw_fbank_train.4.ark:3715992
mjac0_sx71 /nfs-share/xinchi/kaldi/egs/timit/s5_la2/fbank/raw_fbank_train.3.ark:1753782
fmpg0_sx342 /nfs-share/xinchi/kaldi/egs/timit/s5_la2/fbank/raw_fbank_train.1.ark:9523332
mmab1_sx144 /nfs-share/xinchi/kaldi/egs/timit/s5_la2/fbank/raw_fbank_train.3.ark:8007751
milb0_sx3 /nfs-share/xinchi/kaldi/egs/timit/s5_la2/fbank/raw_fbank_train.3.ark:1637292
fkfb0_si1608 /nfs-share/xinchi/kaldi/egs/timit/s5_la2/fbank/raw_fbank_train.1.ark:6491200
msrg0_sx51 /nfs-share/xinchi/kaldi/egs/timit/s5_la2/fbank/raw_fbank_train.4.ark:6818954
fjsp0_sx354 /nfs-share/xinchi/kaldi/egs/timit/s5_la2/fbank/raw_fbank_train.1.ark:5839591
mjda0_sx311 /nfs-share/xinchi/kaldi/egs/timit/s5_la2/fbank/raw_fbank_train.3.ark:2114419
mbgt0_sx441 /nfs-share/xinchi/kaldi/egs/timit/s5_la2/fbank/raw_fbank_train.2.ark:3623087
fjen0_si1047 /nfs-share/xinchi/kaldi/egs/timit/s5_la2/fbank/raw_fbank_train.1.ark:4946261
mdps0_si1979 /nfs-share/xinchi/kaldi/egs/timit/s5_la2/fbank/raw_fbank_train.2.ark:8701419
fapb0_si2323 /nfs-share/xinchi/kaldi/egs/timit/s5_la2/fbank/raw_fbank_train.1.ark:431736
mlbc0_sx339 /nfs-share/xinchi/kaldi/egs/timit/s5_la2/fbank/raw_fbank_train.3.ark:7295282
fsjk1_si1025 /nfs-share/xinchi/kaldi/egs/timit/s5_la2/fbank/raw_fbank_train.1.ark:11839380
ftmg0_si902 /nfs-share/xinchi/kaldi/egs/timit/s5_la2/fbank/raw_fbank_train.2.ark:1658211
mesg0_sx432 /nfs-share/xinchi/kaldi/egs/timit/s5_la2/fbank/raw_fbank_train.2.ark:10200517
mkes0_si623 /nfs-share/xinchi/kaldi/egs/timit/s5_la2/fbank/raw_fbank_train.3.ark:6386595
mgxp0_sx97 /nfs-share/xinchi/kaldi/egs/timit/s5_la2/fbank/raw_fbank_train.3.ark:905040
mlsh0_sx157 /nfs-share/xinchi/kaldi/egs/timit/s5_la2/fbank/raw_fbank_train.3.ark:7800741
mhrm0_sx238 /nfs-share/xinchi/kaldi/egs/timit/s5_la2/fbank/raw_fbank_train.3.ark:1420813
mbsb0_si723 /nfs-share/xinchi/kaldi/egs/timit/s5_la2/fbank/raw_fbank_train.2.ark:4133947
mrav0_si1638 /nfs-share/xinchi/kaldi/egs/timit/s5_la2/fbank/raw_fbank_train.4.ark:977803
mdmt0_sx32 /nfs-share/xinchi/kaldi/egs/timit/s5_la2/fbank/raw_fbank_train.2.ark:8378603
msah1_sx419 /nfs-share/xinchi/kaldi/egs/timit/s5_la2/fbank/raw_fbank_train.4.ark:5287464
fclt0_sx358 /nfs-share/xinchi/kaldi/egs/timit/s5_la2/fbank/raw_fbank_train.1.ark:1965411
mcew0_si2072 /nfs-share/xinchi/kaldi/egs/timit/s5_la2/fbank/raw_fbank_train.2.ark:5019614
mjlb0_sx356 /nfs-share/xinchi/kaldi/egs/timit/s5_la2/fbank/raw_fbank_train.3.ark:3647434
mcre0_si1725 /nfs-share/xinchi/kaldi/egs/timit/s5_la2/fbank/raw_fbank_train.2.ark:5527300
fsak0_sx130 /nfs-share/xinchi/kaldi/egs/timit/s5_la2/fbank/raw_fbank_train.1.ark:11140744
mtbc0_si1173 /nfs-share/xinchi/kaldi/egs/timit/s5_la2/fbank/raw_fbank_train.4.ark:7565721
mfxs0_sx324 /nfs-share/xinchi/kaldi/egs/timit/s5_la2/fbank/raw_fbank_train.2.ark:10826939
mgxp0_sx187 /nfs-share/xinchi/kaldi/egs/timit/s5_la2/fbank/raw_fbank_train.3.ark:858151
fcrz0_si793 /nfs-share/xinchi/kaldi/egs/timit/s5_la2/fbank/raw_fbank_train.1.ark:2228108
fsdj0_si485 /nfs-share/xinchi/kaldi/egs/timit/s5_la2/fbank/raw_fbank_train.1.ark:11547612
mesg0_sx162 /nfs-share/xinchi/kaldi/egs/timit/s5_la2/fbank/raw_fbank_train.2.ark:10162978
mdlc0_si765 /nfs-share/xinchi/kaldi/egs/timit/s5_la2/fbank/raw_fbank_train.2.ark:7540791
mpmb0_sx331 /nfs-share/xinchi/kaldi/egs/timit/s5_la2/fbank/raw_fbank_train.3.ark:11393706
falk0_sx6 /nfs-share/xinchi/kaldi/egs/timit/s5_la2/fbank/raw_fbank_train.1.ark:287977
mdjm0_si1455 /nfs-share/xinchi/kaldi/egs/timit/s5_la2/fbank/raw_fbank_train.2.ark:7187408
mfrm0_sx345 /nfs-share/xinchi/kaldi/egs/timit/s5_la2/fbank/raw_fbank_train.2.ark:10644408
mtlc0_si1477 /nfs-share/xinchi/kaldi/egs/timit/s5_la2/fbank/raw_fbank_train.4.ark:8821975
mjws0_sx63 /nfs-share/xinchi/kaldi/egs/timit/s5_la2/fbank/raw_fbank_train.3.ark:5342046
mrsp0_sx196 /nfs-share/xinchi/kaldi/egs/timit/s5_la2/fbank/raw_fbank_train.4.ark:4574782
madc0_si737 /nfs-share/xinchi/kaldi/egs/timit/s5_la2/fbank/raw_fbank_train.2.ark:2134937
mrjm1_sx218 /nfs-share/xinchi/kaldi/egs/timit/s5_la2/fbank/raw_fbank_train.4.ark:2959139
fskl0_sx269 /nfs-share/xinchi/kaldi/egs/timit/s5_la2/fbank/raw_fbank_train.2.ark:399472
mjeb1_sx117 /nfs-share/xinchi/kaldi/egs/timit/s5_la2/fbank/raw_fbank_train.3.ark:2732743
mrdd0_sx277 /nfs-share/xinchi/kaldi/egs/timit/s5_la2/fbank/raw_fbank_train.4.ark:1422717
mded0_si1800 /nfs-share/xinchi/kaldi/egs/timit/s5_la2/fbank/raw_fbank_train.2.ark:6694077
mdlr0_si603 /nfs-share/xinchi/kaldi/egs/timit/s5_la2/fbank/raw_fbank_train.2.ark:8009036
mmrp0_sx144 /nfs-share/xinchi/kaldi/egs/timit/s5_la2/fbank/raw_fbank_train.3.ark:9843867
mmea0_sx38 /nfs-share/xinchi/kaldi/egs/timit/s5_la2/fbank/raw_fbank_train.3.ark:9145485
fsmm0_sx414 /nfs-share/xinchi/kaldi/egs/timit/s5_la2/fbank/raw_fbank_train.2.ark:823439
mtwh1_sx72 /nfs-share/xinchi/kaldi/egs/timit/s5_la2/fbank/raw_fbank_train.4.ark:10081832
mdlb0_si676 /nfs-share/xinchi/kaldi/egs/timit/s5_la2/fbank/raw_fbank_train.2.ark:7420246
fcmg0_sx162 /nfs-share/xinchi/kaldi/egs/timit/s5_la2/fbank/raw_fbank_train.1.ark:2042571
mddc0_sx159 /nfs-share/xinchi/kaldi/egs/timit/s5_la2/fbank/raw_fbank_train.2.ark:6628478
fsbk0_sx349 /nfs-share/xinchi/kaldi/egs/timit/s5_la2/fbank/raw_fbank_train.1.ark:11257876
mjra0_sx336 /nfs-share/xinchi/kaldi/egs/timit/s5_la2/fbank/raw_fbank_train.3.ark:4488981
mjmd0_sx218 /nfs-share/xinchi/kaldi/egs/timit/s5_la2/fbank/raw_fbank_train.3.ark:4006943
mrld0_si964 /nfs-share/xinchi/kaldi/egs/timit/s5_la2/fbank/raw_fbank_train.4.ark:3261826
mjls0_sx196 /nfs-share/xinchi/kaldi/egs/timit/s5_la2/fbank/raw_fbank_train.3.ark:3836644
mchl0_si1977 /nfs-share/xinchi/kaldi/egs/timit/s5_la2/fbank/raw_fbank_train.2.ark:5168673
mabc0_si2041 /nfs-share/xinchi/kaldi/egs/timit/s5_la2/fbank/raw_fbank_train.2.ark:2026039
mgjc0_sx75 /nfs-share/xinchi/kaldi/egs/timit/s5_la2/fbank/raw_fbank_train.3.ark:375521
mjjm0_sx287 /nfs-share/xinchi/kaldi/egs/timit/s5_la2/fbank/raw_fbank_train.3.ark:3460656
mvlo0_sx157 /nfs-share/xinchi/kaldi/egs/timit/s5_la2/fbank/raw_fbank_train.4.ark:10338897
mjlb0_si2246 /nfs-share/xinchi/kaldi/egs/timit/s5_la2/fbank/raw_fbank_train.3.ark:3604382
mdns0_sx111 /nfs-share/xinchi/kaldi/egs/timit/s5_la2/fbank/raw_fbank_train.2.ark:8449450
mjeb1_sx297 /nfs-share/xinchi/kaldi/egs/timit/s5_la2/fbank/raw_fbank_train.3.ark:2761561
fmjf0_sx354 /nfs-share/xinchi/kaldi/egs/timit/s5_la2/fbank/raw_fbank_train.1.ark:8994410
mpfu0_sx268 /nfs-share/xinchi/kaldi/egs/timit/s5_la2/fbank/raw_fbank_train.3.ark:10959973
mpar0_sx46 /nfs-share/xinchi/kaldi/egs/timit/s5_la2/fbank/raw_fbank_train.3.ark:10811581
majp0_sx264 /nfs-share/xinchi/kaldi/egs/timit/s5_la2/fbank/raw_fbank_train.2.ark:2638810
fdml0_sx429 /nfs-share/xinchi/kaldi/egs/timit/s5_la2/fbank/raw_fbank_train.1.ark:2963139
mbef0_sx111 /nfs-share/xinchi/kaldi/egs/timit/s5_la2/fbank/raw_fbank_train.2.ark:3497403
mtat0_sx390 /nfs-share/xinchi/kaldi/egs/timit/s5_la2/fbank/raw_fbank_train.4.ark:7440542
mrdd0_si2310 /nfs-share/xinchi/kaldi/egs/timit/s5_la2/fbank/raw_fbank_train.4.ark:1392738
flod0_sx207 /nfs-share/xinchi/kaldi/egs/timit/s5_la2/fbank/raw_fbank_train.1.ark:8392020
mhjb0_sx27 /nfs-share/xinchi/kaldi/egs/timit/s5_la2/fbank/raw_fbank_train.3.ark:1158810
msah1_sx149 /nfs-share/xinchi/kaldi/egs/timit/s5_la2/fbank/raw_fbank_train.4.ark:5250245
fjsk0_si2312 /nfs-share/xinchi/kaldi/egs/timit/s5_la2/fbank/raw_fbank_train.1.ark:5706907
mjjm0_sx197 /nfs-share/xinchi/kaldi/egs/timit/s5_la2/fbank/raw_fbank_train.3.ark:3449743
ftbw0_sx175 /nfs-share/xinchi/kaldi/egs/timit/s5_la2/fbank/raw_fbank_train.2.ark:1476675
mvjh0_sx26 /nfs-share/xinchi/kaldi/egs/timit/s5_la2/fbank/raw_fbank_train.4.ark:10271577
mrml0_si791 /nfs-share/xinchi/kaldi/egs/timit/s5_la2/fbank/raw_fbank_train.4.ark:4009189
fvfb0_si1510 /nfs-share/xinchi/kaldi/egs/timit/s5_la2/fbank/raw_fbank_train.2.ark:1748723
mtju0_si760 /nfs-share/xinchi/kaldi/egs/timit/s5_la2/fbank/raw_fbank_train.4.ark:8420548
fsls0_si1686 /nfs-share/xinchi/kaldi/egs/timit/s5_la2/fbank/raw_fbank_train.2.ark:551303
mdhl0_sx89 /nfs-share/xinchi/kaldi/egs/timit/s5_la2/fbank/raw_fbank_train.2.ark:7086749
mmdm1_si1650 /nfs-share/xinchi/kaldi/egs/timit/s5_la2/fbank/raw_fbank_train.3.ark:8901157
fkkh0_sx210 /nfs-share/xinchi/kaldi/egs/timit/s5_la2/fbank/raw_fbank_train.1.ark:6672958
