msrr0_sx231 /nfs-share/xinchi/kaldi/egs/timit/s5_la2/fbank/raw_fbank_train.4.ark:6889841
feac0_si615 /nfs-share/xinchi/kaldi/egs/timit/s5_la2/fbank/raw_fbank_train.1.ark:3453053
mkln0_sx248 /nfs-share/xinchi/kaldi/egs/timit/s5_la2/fbank/raw_fbank_train.3.ark:6602631
msds0_sx87 /nfs-share/xinchi/kaldi/egs/timit/s5_la2/fbank/raw_fbank_train.4.ark:5870809
frjb0_sx347 /nfs-share/xinchi/kaldi/egs/timit/s5_la2/fbank/raw_fbank_train.1.ark:10738031
mddc0_si2049 /nfs-share/xinchi/kaldi/egs/timit/s5_la2/fbank/raw_fbank_train.2.ark:6608372
mree0_sx114 /nfs-share/xinchi/kaldi/egs/timit/s5_la2/fbank/raw_fbank_train.4.ark:1693047
mrem0_si511 /nfs-share/xinchi/kaldi/egs/timit/s5_la2/fbank/raw_fbank_train.4.ark:1870950
mgsh0_sx6 /nfs-share/xinchi/kaldi/egs/timit/s5_la2/fbank/raw_fbank_train.3.ark:673882
mstf0_sx406 /nfs-share/xinchi/kaldi/egs/timit/s5_la2/fbank/raw_fbank_train.4.ark:7008130
fnkl0_si2152 /nfs-share/xinchi/kaldi/egs/timit/s5_la2/fbank/raw_fbank_train.1.ark:9582305
fmjf0_sx174 /nfs-share/xinchi/kaldi/egs/timit/s5_la2/fbank/raw_fbank_train.1.ark:8965344
fvkb0_si1159 /nfs-share/xinchi/kaldi/egs/timit/s5_la2/fbank/raw_fbank_train.2.ark:1825835
falk0_sx276 /nfs-share/xinchi/kaldi/egs/timit/s5_la2/fbank/raw_fbank_train.1.ark:262553
msfv0_sx182 /nfs-share/xinchi/kaldi/egs/timit/s5_la2/fbank/raw_fbank_train.4.ark:6265899
marc0_si1818 /nfs-share/xinchi/kaldi/egs/timit/s5_la2/fbank/raw_fbank_train.2.ark:2998412
mpsw0_sx257 /nfs-share/xinchi/kaldi/egs/timit/s5_la2/fbank/raw_fbank_train.4.ark:533609
mmws0_si1518 /nfs-share/xinchi/kaldi/egs/timit/s5_la2/fbank/raw_fbank_train.3.ark:10270828
mtkp0_si1023 /nfs-share/xinchi/kaldi/egs/timit/s5_la2/fbank/raw_fbank_train.4.ark:8599811
fklh0_sx177 /nfs-share/xinchi/kaldi/egs/timit/s5_la2/fbank/raw_fbank_train.1.ark:6958081
fcag0_sx333 /nfs-share/xinchi/kaldi/egs/timit/s5_la2/fbank/raw_fbank_train.1.ark:1306116
mrmb0_sx321 /nfs-share/xinchi/kaldi/egs/timit/s5_la2/fbank/raw_fbank_train.4.ark:3751251
fceg0_si1878 /nfs-share/xinchi/kaldi/egs/timit/s5_la2/fbank/raw_fbank_train.1.ark:1575099
fvkb0_si1789 /nfs-share/xinchi/kaldi/egs/timit/s5_la2/fbank/raw_fbank_train.2.ark:1835469
mwgr0_sx346 /nfs-share/xinchi/kaldi/egs/timit/s5_la2/fbank/raw_fbank_train.4.ark:11121327
mdks0_sx436 /nfs-share/xinchi/kaldi/egs/timit/s5_la2/fbank/raw_fbank_train.2.ark:7359033
mrsp0_si1429 /nfs-share/xinchi/kaldi/egs/timit/s5_la2/fbank/raw_fbank_train.4.ark:4515449
mjlg1_sx202 /nfs-share/xinchi/kaldi/egs/timit/s5_la2/fbank/raw_fbank_train.3.ark:3728907
mpgh0_sx24 /nfs-share/xinchi/kaldi/egs/timit/s5_la2/fbank/raw_fbank_train.3.ark:11073669
mvlo0_si1147 /nfs-share/xinchi/kaldi/egs/timit/s5_la2/fbank/raw_fbank_train.4.ark:10299517
fdxw0_sx431 /nfs-share/xinchi/kaldi/egs/timit/s5_la2/fbank/raw_fbank_train.1.ark:3409960
mtju0_si2020 /nfs-share/xinchi/kaldi/egs/timit/s5_la2/fbank/raw_fbank_train.4.ark:8397241
msmc0_sx17 /nfs-share/xinchi/kaldi/egs/timit/s5_la2/fbank/raw_fbank_train.4.ark:6494620
mpgr0_sx330 /nfs-share/xinchi/kaldi/egs/timit/s5_la2/fbank/raw_fbank_train.3.ark:11149855
fdkn0_si1711 /nfs-share/xinchi/kaldi/egs/timit/s5_la2/fbank/raw_fbank_train.1.ark:2819381
fgcs0_si1486 /nfs-share/xinchi/kaldi/egs/timit/s5_la2/fbank/raw_fbank_train.1.ark:4175922
mdwh0_sx395 /nfs-share/xinchi/kaldi/egs/timit/s5_la2/fbank/raw_fbank_train.2.ark:9444512
mrms0_si1113 /nfs-share/xinchi/kaldi/egs/timit/s5_la2/fbank/raw_fbank_train.4.ark:4103627
mdlb0_sx136 /nfs-share/xinchi/kaldi/egs/timit/s5_la2/fbank/raw_fbank_train.2.ark:7428439
mbom0_si2274 /nfs-share/xinchi/kaldi/egs/timit/s5_la2/fbank/raw_fbank_train.2.ark:4049961
marw0_sx376 /nfs-share/xinchi/kaldi/egs/timit/s5_la2/fbank/raw_fbank_train.2.ark:3163994
mpsw0_sx77 /nfs-share/xinchi/kaldi/egs/timit/s5_la2/fbank/raw_fbank_train.4.ark:554594
mmwb0_si2249 /nfs-share/xinchi/kaldi/egs/timit/s5_la2/fbank/raw_fbank_train.3.ark:10154317
mmeb0_si727 /nfs-share/xinchi/kaldi/egs/timit/s5_la2/fbank/raw_fbank_train.3.ark:9192219
mtcs0_sx172 /nfs-share/xinchi/kaldi/egs/timit/s5_la2/fbank/raw_fbank_train.4.ark:7698486
mcal0_si1768 /nfs-share/xinchi/kaldi/egs/timit/s5_la2/fbank/raw_fbank_train.2.ark:4540009
fvfb0_sx312 /nfs-share/xinchi/kaldi/egs/timit/s5_la2/fbank/raw_fbank_train.2.ark:1793056
mwem0_sx240 /nfs-share/xinchi/kaldi/egs/timit/s5_la2/fbank/raw_fbank_train.4.ark:10998749
fclt0_sx358 /nfs-share/xinchi/kaldi/egs/timit/s5_la2/fbank/raw_fbank_train.1.ark:1965411
mjsr0_si2054 /nfs-share/xinchi/kaldi/egs/timit/s5_la2/fbank/raw_fbank_train.3.ark:5022080
msjk0_sx66 /nfs-share/xinchi/kaldi/egs/timit/s5_la2/fbank/raw_fbank_train.4.ark:6428375
mjfr0_si1605 /nfs-share/xinchi/kaldi/egs/timit/s5_la2/fbank/raw_fbank_train.3.ark:2963798
maeo0_si1956 /nfs-share/xinchi/kaldi/egs/timit/s5_la2/fbank/raw_fbank_train.2.ark:2430413
mtpg0_sx213 /nfs-share/xinchi/kaldi/egs/timit/s5_la2/fbank/raw_fbank_train.4.ark:9348480
mjpm1_sx311 /nfs-share/xinchi/kaldi/egs/timit/s5_la2/fbank/raw_fbank_train.3.ark:4383876
fmkc0_sx172 /nfs-share/xinchi/kaldi/egs/timit/s5_la2/fbank/raw_fbank_train.1.ark:9174915
fmem0_sx297 /nfs-share/xinchi/kaldi/egs/timit/s5_la2/fbank/raw_fbank_train.1.ark:8781641
mdwm0_sx433 /nfs-share/xinchi/kaldi/egs/timit/s5_la2/fbank/raw_fbank_train.2.ark:9546137
fcaj0_si1479 /nfs-share/xinchi/kaldi/egs/timit/s5_la2/fbank/raw_fbank_train.1.ark:1346735
fpaz0_sx63 /nfs-share/xinchi/kaldi/egs/timit/s5_la2/fbank/raw_fbank_train.1.ark:10286811
mtlc0_sx397 /nfs-share/xinchi/kaldi/egs/timit/s5_la2/fbank/raw_fbank_train.4.ark:8883612
mrab1_sx218 /nfs-share/xinchi/kaldi/egs/timit/s5_la2/fbank/raw_fbank_train.4.ark:714706
fjrp1_si2062 /nfs-share/xinchi/kaldi/egs/timit/s5_la2/fbank/raw_fbank_train.1.ark:5576648
fgcs0_sx316 /nfs-share/xinchi/kaldi/egs/timit/s5_la2/fbank/raw_fbank_train.1.ark:4236488
mrfl0_sx346 /nfs-share/xinchi/kaldi/egs/timit/s5_la2/fbank/raw_fbank_train.4.ark:2211958
mjdc0_sx171 /nfs-share/xinchi/kaldi/egs/timit/s5_la2/fbank/raw_fbank_train.3.ark:2194778
mjpm1_si1897 /nfs-share/xinchi/kaldi/egs/timit/s5_la2/fbank/raw_fbank_train.3.ark:4332310
fsah0_si1244 /nfs-share/xinchi/kaldi/egs/timit/s5_la2/fbank/raw_fbank_train.1.ark:10996139
mjxa0_sx157 /nfs-share/xinchi/kaldi/egs/timit/s5_la2/fbank/raw_fbank_train.3.ark:5500485
fskc0_sx336 /nfs-share/xinchi/kaldi/egs/timit/s5_la2/fbank/raw_fbank_train.2.ark:308440
mdef0_si1123 /nfs-share/xinchi/kaldi/egs/timit/s5_la2/fbank/raw_fbank_train.2.ark:6787468
fleh0_sx61 /nfs-share/xinchi/kaldi/egs/timit/s5_la2/fbank/raw_fbank_train.1.ark:7408233
fntb0_sx123 /nfs-share/xinchi/kaldi/egs/timit/s5_la2/fbank/raw_fbank_train.1.ark:9710155
mjkr0_si1201 /nfs-share/xinchi/kaldi/egs/timit/s5_la2/fbank/raw_fbank_train.3.ark:3485123
mtmn0_sx344 /nfs-share/xinchi/kaldi/egs/timit/s5_la2/fbank/raw_fbank_train.4.ark:9076518
fajw0_sx273 /nfs-share/xinchi/kaldi/egs/timit/s5_la2/fbank/raw_fbank_train.1.ark:163691
mdpk0_sx243 /nfs-share/xinchi/kaldi/egs/timit/s5_la2/fbank/raw_fbank_train.2.ark:8646093
mdpb0_si1760 /nfs-share/xinchi/kaldi/egs/timit/s5_la2/fbank/raw_fbank_train.2.ark:8500055
mtwh1_si2142 /nfs-share/xinchi/kaldi/egs/timit/s5_la2/fbank/raw_fbank_train.4.ark:10017795
mhit0_si1613 /nfs-share/xinchi/kaldi/egs/timit/s5_la2/fbank/raw_fbank_train.3.ark:1006379
mhrm0_si2218 /nfs-share/xinchi/kaldi/egs/timit/s5_la2/fbank/raw_fbank_train.3.ark:1385434
fdjh0_sx395 /nfs-share/xinchi/kaldi/egs/timit/s5_la2/fbank/raw_fbank_train.1.ark:2775079
mdas0_sx21 /nfs-share/xinchi/kaldi/egs/timit/s5_la2/fbank/raw_fbank_train.2.ark:6159267
fljg0_sx171 /nfs-share/xinchi/kaldi/egs/timit/s5_la2/fbank/raw_fbank_train.1.ark:7858309
mrcg0_si798 /nfs-share/xinchi/kaldi/egs/timit/s5_la2/fbank/raw_fbank_train.4.ark:1185287
fvfb0_si1032 /nfs-share/xinchi/kaldi/egs/timit/s5_la2/fbank/raw_fbank_train.2.ark:1737169
feeh0_sx302 /nfs-share/xinchi/kaldi/egs/timit/s5_la2/fbank/raw_fbank_train.1.ark:3817107
mrcg0_sx78 /nfs-share/xinchi/kaldi/egs/timit/s5_la2/fbank/raw_fbank_train.4.ark:1261331
mtlb0_sx54 /nfs-share/xinchi/kaldi/egs/timit/s5_la2/fbank/raw_fbank_train.4.ark:8790947
mapv0_sx213 /nfs-share/xinchi/kaldi/egs/timit/s5_la2/fbank/raw_fbank_train.2.ark:2949166
mgrp0_si687 /nfs-share/xinchi/kaldi/egs/timit/s5_la2/fbank/raw_fbank_train.3.ark:510687
fhxs0_sx355 /nfs-share/xinchi/kaldi/egs/timit/s5_la2/fbank/raw_fbank_train.1.ark:4806056
mree0_si1104 /nfs-share/xinchi/kaldi/egs/timit/s5_la2/fbank/raw_fbank_train.4.ark:1644066
mlns0_si777 /nfs-share/xinchi/kaldi/egs/timit/s5_la2/fbank/raw_fbank_train.3.ark:7694323
mhrm0_sx328 /nfs-share/xinchi/kaldi/egs/timit/s5_la2/fbank/raw_fbank_train.3.ark:1430646
mhmr0_sx129 /nfs-share/xinchi/kaldi/egs/timit/s5_la2/fbank/raw_fbank_train.3.ark:1317835
msrg0_si1851 /nfs-share/xinchi/kaldi/egs/timit/s5_la2/fbank/raw_fbank_train.4.ark:6752317
mmjb1_si1408 /nfs-share/xinchi/kaldi/egs/timit/s5_la2/fbank/raw_fbank_train.3.ark:9524972
mfwk0_sx439 /nfs-share/xinchi/kaldi/egs/timit/s5_la2/fbank/raw_fbank_train.2.ark:10750346
mram0_sx105 /nfs-share/xinchi/kaldi/egs/timit/s5_la2/fbank/raw_fbank_train.4.ark:914204
mmpm0_si2321 /nfs-share/xinchi/kaldi/egs/timit/s5_la2/fbank/raw_fbank_train.3.ark:9735010
mtju0_si2269 /nfs-share/xinchi/kaldi/egs/timit/s5_la2/fbank/raw_fbank_train.4.ark:8414195
fdaw0_sx416 /nfs-share/xinchi/kaldi/egs/timit/s5_la2/fbank/raw_fbank_train.1.ark:2584476
fnkl0_sx196 /nfs-share/xinchi/kaldi/egs/timit/s5_la2/fbank/raw_fbank_train.1.ark:9625124
mpgh0_si675 /nfs-share/xinchi/kaldi/egs/timit/s5_la2/fbank/raw_fbank_train.3.ark:11028698
fdmy0_si714 /nfs-share/xinchi/kaldi/egs/timit/s5_la2/fbank/raw_fbank_train.1.ark:3026871
mesj0_sx97 /nfs-share/xinchi/kaldi/egs/timit/s5_la2/fbank/raw_fbank_train.2.ark:10301932
mtjm0_sx416 /nfs-share/xinchi/kaldi/egs/timit/s5_la2/fbank/raw_fbank_train.4.ark:8258950
mrjm1_sx218 /nfs-share/xinchi/kaldi/egs/timit/s5_la2/fbank/raw_fbank_train.4.ark:2959139
mfwk0_sx79 /nfs-share/xinchi/kaldi/egs/timit/s5_la2/fbank/raw_fbank_train.2.ark:10764178
mtlb0_sx234 /nfs-share/xinchi/kaldi/egs/timit/s5_la2/fbank/raw_fbank_train.4.ark:8750849
mjwt0_sx301 /nfs-share/xinchi/kaldi/egs/timit/s5_la2/fbank/raw_fbank_train.3.ark:5429366
mmvp0_sx384 /nfs-share/xinchi/kaldi/egs/timit/s5_la2/fbank/raw_fbank_train.3.ark:10129129
fdxw0_si1511 /nfs-share/xinchi/kaldi/egs/timit/s5_la2/fbank/raw_fbank_train.1.ark:3343801
mrcg0_sx168 /nfs-share/xinchi/kaldi/egs/timit/s5_la2/fbank/raw_fbank_train.4.ark:1200600
mgjc0_si1256 /nfs-share/xinchi/kaldi/egs/timit/s5_la2/fbank/raw_fbank_train.3.ark:277169
mtdp0_sx171 /nfs-share/xinchi/kaldi/egs/timit/s5_la2/fbank/raw_fbank_train.4.ark:7904657
mrdd0_sx277 /nfs-share/xinchi/kaldi/egs/timit/s5_la2/fbank/raw_fbank_train.4.ark:1422717
mwsh0_si796 /nfs-share/xinchi/kaldi/egs/timit/s5_la2/fbank/raw_fbank_train.4.ark:11469006
mfrm0_sx345 /nfs-share/xinchi/kaldi/egs/timit/s5_la2/fbank/raw_fbank_train.2.ark:10644408
fksr0_sx37 /nfs-share/xinchi/kaldi/egs/timit/s5_la2/fbank/raw_fbank_train.1.ark:7093684
fbjl0_sx112 /nfs-share/xinchi/kaldi/egs/timit/s5_la2/fbank/raw_fbank_train.1.ark:882109
mtlb0_si1134 /nfs-share/xinchi/kaldi/egs/timit/s5_la2/fbank/raw_fbank_train.4.ark:8704156
fdtd0_sx301 /nfs-share/xinchi/kaldi/egs/timit/s5_la2/fbank/raw_fbank_train.1.ark:3298901
mrmb0_si2211 /nfs-share/xinchi/kaldi/egs/timit/s5_la2/fbank/raw_fbank_train.4.ark:3704679
mter0_sx77 /nfs-share/xinchi/kaldi/egs/timit/s5_la2/fbank/raw_fbank_train.4.ark:8073252
msdb0_sx197 /nfs-share/xinchi/kaldi/egs/timit/s5_la2/fbank/raw_fbank_train.4.ark:5637612
mlel0_sx346 /nfs-share/xinchi/kaldi/egs/timit/s5_la2/fbank/raw_fbank_train.3.ark:7402387
mjlg1_sx382 /nfs-share/xinchi/kaldi/egs/timit/s5_la2/fbank/raw_fbank_train.3.ark:3757765
mjee0_sx337 /nfs-share/xinchi/kaldi/egs/timit/s5_la2/fbank/raw_fbank_train.3.ark:2844674
mbbr0_sx245 /nfs-share/xinchi/kaldi/egs/timit/s5_la2/fbank/raw_fbank_train.2.ark:3322267
fbcg1_si2242 /nfs-share/xinchi/kaldi/egs/timit/s5_la2/fbank/raw_fbank_train.1.ark:640234
fdas1_sx381 /nfs-share/xinchi/kaldi/egs/timit/s5_la2/fbank/raw_fbank_train.1.ark:2492122
mhmg0_sx375 /nfs-share/xinchi/kaldi/egs/timit/s5_la2/fbank/raw_fbank_train.3.ark:1263821
mjlb0_sx266 /nfs-share/xinchi/kaldi/egs/timit/s5_la2/fbank/raw_fbank_train.3.ark:3637881
mjlg1_sx112 /nfs-share/xinchi/kaldi/egs/timit/s5_la2/fbank/raw_fbank_train.3.ark:3717274
fdaw0_sx236 /nfs-share/xinchi/kaldi/egs/timit/s5_la2/fbank/raw_fbank_train.1.ark:2562410
fsjg0_sx400 /nfs-share/xinchi/kaldi/egs/timit/s5_la2/fbank/raw_fbank_train.1.ark:11821666
fmpg0_sx252 /nfs-share/xinchi/kaldi/egs/timit/s5_la2/fbank/raw_fbank_train.1.ark:9511659
madd0_si538 /nfs-share/xinchi/kaldi/egs/timit/s5_la2/fbank/raw_fbank_train.2.ark:2232322
mmgc0_sx225 /nfs-share/xinchi/kaldi/egs/timit/s5_la2/fbank/raw_fbank_train.3.ark:9308229
mdwh0_sx35 /nfs-share/xinchi/kaldi/egs/timit/s5_la2/fbank/raw_fbank_train.2.ark:9433199
mjjj0_sx353 /nfs-share/xinchi/kaldi/egs/timit/s5_la2/fbank/raw_fbank_train.3.ark:3349959
mrpc1_sx42 /nfs-share/xinchi/kaldi/egs/timit/s5_la2/fbank/raw_fbank_train.4.ark:4269685
fklc1_si2308 /nfs-share/xinchi/kaldi/egs/timit/s5_la2/fbank/raw_fbank_train.1.ark:6845623
mmgk0_sx242 /nfs-share/xinchi/kaldi/egs/timit/s5_la2/fbank/raw_fbank_train.3.ark:9484320
fmbg0_sx3 /nfs-share/xinchi/kaldi/egs/timit/s5_la2/fbank/raw_fbank_train.1.ark:8670583
mjls0_sx16 /nfs-share/xinchi/kaldi/egs/timit/s5_la2/fbank/raw_fbank_train.3.ark:3826891
mrws0_si1102 /nfs-share/xinchi/kaldi/egs/timit/s5_la2/fbank/raw_fbank_train.4.ark:5036374
fjrb0_si672 /nfs-share/xinchi/kaldi/egs/timit/s5_la2/fbank/raw_fbank_train.1.ark:5476736
mjrp0_sx45 /nfs-share/xinchi/kaldi/egs/timit/s5_la2/fbank/raw_fbank_train.3.ark:4996452
fcmm0_sx273 /nfs-share/xinchi/kaldi/egs/timit/s5_la2/fbank/raw_fbank_train.1.ark:2153789
milb0_sx183 /nfs-share/xinchi/kaldi/egs/timit/s5_la2/fbank/raw_fbank_train.3.ark:1617028
fskp0_si1098 /nfs-share/xinchi/kaldi/egs/timit/s5_la2/fbank/raw_fbank_train.2.ark:446364
mmdg0_sx340 /nfs-share/xinchi/kaldi/egs/timit/s5_la2/fbank/raw_fbank_train.3.ark:8766633
mjdm0_si1937 /nfs-share/xinchi/kaldi/egs/timit/s5_la2/fbank/raw_fbank_train.3.ark:2495267
mntw0_sx258 /nfs-share/xinchi/kaldi/egs/timit/s5_la2/fbank/raw_fbank_train.3.ark:10694731
mrmg0_sx360 /nfs-share/xinchi/kaldi/egs/timit/s5_la2/fbank/raw_fbank_train.4.ark:3848557
fgrw0_si1782 /nfs-share/xinchi/kaldi/egs/timit/s5_la2/fbank/raw_fbank_train.1.ark:4520151
mdwd0_si1260 /nfs-share/xinchi/kaldi/egs/timit/s5_la2/fbank/raw_fbank_train.2.ark:9251096
mddc0_sx69 /nfs-share/xinchi/kaldi/egs/timit/s5_la2/fbank/raw_fbank_train.2.ark:6670689
mbsb0_sx183 /nfs-share/xinchi/kaldi/egs/timit/s5_la2/fbank/raw_fbank_train.2.ark:4149060
mclk0_sx220 /nfs-share/xinchi/kaldi/egs/timit/s5_la2/fbank/raw_fbank_train.2.ark:5288924
mgaw0_si535 /nfs-share/xinchi/kaldi/egs/timit/s5_la2/fbank/raw_fbank_train.3.ark:132506
mrjm0_sx328 /nfs-share/xinchi/kaldi/egs/timit/s5_la2/fbank/raw_fbank_train.4.ark:2866467
fajw0_si1263 /nfs-share/xinchi/kaldi/egs/timit/s5_la2/fbank/raw_fbank_train.1.ark:100358
fdxw0_sx71 /nfs-share/xinchi/kaldi/egs/timit/s5_la2/fbank/raw_fbank_train.1.ark:3421512
fsls0_sx66 /nfs-share/xinchi/kaldi/egs/timit/s5_la2/fbank/raw_fbank_train.2.ark:628141
mfer0_sx52 /nfs-share/xinchi/kaldi/egs/timit/s5_la2/fbank/raw_fbank_train.2.ark:10469942
mprb0_si575 /nfs-share/xinchi/kaldi/egs/timit/s5_la2/fbank/raw_fbank_train.4.ark:80051
mrfk0_si1076 /nfs-share/xinchi/kaldi/egs/timit/s5_la2/fbank/raw_fbank_train.4.ark:2050766
fexm0_si1101 /nfs-share/xinchi/kaldi/egs/timit/s5_la2/fbank/raw_fbank_train.1.ark:4059536
mtdb0_sx141 /nfs-share/xinchi/kaldi/egs/timit/s5_la2/fbank/raw_fbank_train.4.ark:7805471
frjb0_si1794 /nfs-share/xinchi/kaldi/egs/timit/s5_la2/fbank/raw_fbank_train.1.ark:10707612
mbma0_si592 /nfs-share/xinchi/kaldi/egs/timit/s5_la2/fbank/raw_fbank_train.2.ark:3762885
mcdc0_sx392 /nfs-share/xinchi/kaldi/egs/timit/s5_la2/fbank/raw_fbank_train.2.ark:4701071
mkls0_sx177 /nfs-share/xinchi/kaldi/egs/timit/s5_la2/fbank/raw_fbank_train.3.ark:6784850
mmrp0_sx54 /nfs-share/xinchi/kaldi/egs/timit/s5_la2/fbank/raw_fbank_train.3.ark:9903718
mmjb1_si2038 /nfs-share/xinchi/kaldi/egs/timit/s5_la2/fbank/raw_fbank_train.3.ark:9537366
medr0_si1374 /nfs-share/xinchi/kaldi/egs/timit/s5_la2/fbank/raw_fbank_train.2.ark:9638077
mtml0_si2325 /nfs-share/xinchi/kaldi/egs/timit/s5_la2/fbank/raw_fbank_train.4.ark:8921634
mtat0_si1110 /nfs-share/xinchi/kaldi/egs/timit/s5_la2/fbank/raw_fbank_train.4.ark:7353751
mdss0_sx351 /nfs-share/xinchi/kaldi/egs/timit/s5_la2/fbank/raw_fbank_train.2.ark:9044786
mrai0_sx252 /nfs-share/xinchi/kaldi/egs/timit/s5_la2/fbank/raw_fbank_train.4.ark:822571
fntb0_si573 /nfs-share/xinchi/kaldi/egs/timit/s5_la2/fbank/raw_fbank_train.1.ark:9679329
mrgs0_sx276 /nfs-share/xinchi/kaldi/egs/timit/s5_la2/fbank/raw_fbank_train.4.ark:2426135
mrmg0_sx180 /nfs-share/xinchi/kaldi/egs/timit/s5_la2/fbank/raw_fbank_train.4.ark:3825691
mnet0_sx186 /nfs-share/xinchi/kaldi/egs/timit/s5_la2/fbank/raw_fbank_train.3.ark:10575041
majp0_si1074 /nfs-share/xinchi/kaldi/egs/timit/s5_la2/fbank/raw_fbank_train.2.ark:2580956
mrtc0_sx378 /nfs-share/xinchi/kaldi/egs/timit/s5_la2/fbank/raw_fbank_train.4.ark:4715385
megj0_sx77 /nfs-share/xinchi/kaldi/egs/timit/s5_la2/fbank/raw_fbank_train.2.ark:9927674
mbma0_sx232 /nfs-share/xinchi/kaldi/egs/timit/s5_la2/fbank/raw_fbank_train.2.ark:3782591
msfh0_sx226 /nfs-share/xinchi/kaldi/egs/timit/s5_la2/fbank/raw_fbank_train.4.ark:6165867
mmcc0_sx78 /nfs-share/xinchi/kaldi/egs/timit/s5_la2/fbank/raw_fbank_train.3.ark:8598448
mjrh1_sx64 /nfs-share/xinchi/kaldi/egs/timit/s5_la2/fbank/raw_fbank_train.3.ark:4816042
mtrt0_sx147 /nfs-share/xinchi/kaldi/egs/timit/s5_la2/fbank/raw_fbank_train.4.ark:9953556
fpjf0_sx236 /nfs-share/xinchi/kaldi/egs/timit/s5_la2/fbank/raw_fbank_train.1.ark:10347659
fbjl0_si1552 /nfs-share/xinchi/kaldi/egs/timit/s5_la2/fbank/raw_fbank_train.1.ark:841289
mmlm0_si897 /nfs-share/xinchi/kaldi/egs/timit/s5_la2/fbank/raw_fbank_train.3.ark:9651504
mdlr0_si1863 /nfs-share/xinchi/kaldi/egs/timit/s5_la2/fbank/raw_fbank_train.2.ark:7999443
mrew1_sx150 /nfs-share/xinchi/kaldi/egs/timit/s5_la2/fbank/raw_fbank_train.4.ark:1987841
fcke0_sx301 /nfs-share/xinchi/kaldi/egs/timit/s5_la2/fbank/raw_fbank_train.1.ark:1878146
mtjg0_sx350 /nfs-share/xinchi/kaldi/egs/timit/s5_la2/fbank/raw_fbank_train.4.ark:8143532
msah1_si2309 /nfs-share/xinchi/kaldi/egs/timit/s5_la2/fbank/raw_fbank_train.4.ark:5240052
msrr0_si1761 /nfs-share/xinchi/kaldi/egs/timit/s5_la2/fbank/raw_fbank_train.4.ark:6839582
mdlm0_si1234 /nfs-share/xinchi/kaldi/egs/timit/s5_la2/fbank/raw_fbank_train.2.ark:7895504
mbml0_si539 /nfs-share/xinchi/kaldi/egs/timit/s5_la2/fbank/raw_fbank_train.2.ark:3957455
mrws0_sx22 /nfs-share/xinchi/kaldi/egs/timit/s5_la2/fbank/raw_fbank_train.4.ark:5089259
mkls0_sx447 /nfs-share/xinchi/kaldi/egs/timit/s5_la2/fbank/raw_fbank_train.3.ark:6823589
fear0_si1252 /nfs-share/xinchi/kaldi/egs/timit/s5_la2/fbank/raw_fbank_train.1.ark:3532851
fsms1_sx244 /nfs-share/xinchi/kaldi/egs/timit/s5_la2/fbank/raw_fbank_train.2.ark:899758
mrdd0_sx150 /nfs-share/xinchi/kaldi/egs/timit/s5_la2/fbank/raw_fbank_train.4.ark:1403011
mbsb0_sx93 /nfs-share/xinchi/kaldi/egs/timit/s5_la2/fbank/raw_fbank_train.2.ark:4178829
mkln0_sx158 /nfs-share/xinchi/kaldi/egs/timit/s5_la2/fbank/raw_fbank_train.3.ark:6593878
mbma0_sx142 /nfs-share/xinchi/kaldi/egs/timit/s5_la2/fbank/raw_fbank_train.2.ark:3769078
mjra0_sx66 /nfs-share/xinchi/kaldi/egs/timit/s5_la2/fbank/raw_fbank_train.3.ark:4519406
mkls0_si2067 /nfs-share/xinchi/kaldi/egs/timit/s5_la2/fbank/raw_fbank_train.3.ark:6767537
mhmr0_si489 /nfs-share/xinchi/kaldi/egs/timit/s5_la2/fbank/raw_fbank_train.3.ark:1304362
mmdm1_si2043 /nfs-share/xinchi/kaldi/egs/timit/s5_la2/fbank/raw_fbank_train.3.ark:8908751
mdlr1_sx39 /nfs-share/xinchi/kaldi/egs/timit/s5_la2/fbank/raw_fbank_train.2.ark:8170312
mgsl0_si797 /nfs-share/xinchi/kaldi/egs/timit/s5_la2/fbank/raw_fbank_train.3.ark:722574
mmbs0_sx341 /nfs-share/xinchi/kaldi/egs/timit/s5_la2/fbank/raw_fbank_train.3.ark:8469198
maeb0_sx450 /nfs-share/xinchi/kaldi/egs/timit/s5_la2/fbank/raw_fbank_train.2.ark:2381439
mtrr0_sx108 /nfs-share/xinchi/kaldi/egs/timit/s5_la2/fbank/raw_fbank_train.4.ark:9848491
mtbc0_si543 /nfs-share/xinchi/kaldi/egs/timit/s5_la2/fbank/raw_fbank_train.4.ark:7584028
mjxa0_sx427 /nfs-share/xinchi/kaldi/egs/timit/s5_la2/fbank/raw_fbank_train.3.ark:5535104
mjfh0_sx297 /nfs-share/xinchi/kaldi/egs/timit/s5_la2/fbank/raw_fbank_train.3.ark:2944891
mges0_si851 /nfs-share/xinchi/kaldi/egs/timit/s5_la2/fbank/raw_fbank_train.3.ark:205091
mmaa0_si1588 /nfs-share/xinchi/kaldi/egs/timit/s5_la2/fbank/raw_fbank_train.3.ark:7864866
mfxv0_si1342 /nfs-share/xinchi/kaldi/egs/timit/s5_la2/fbank/raw_fbank_train.2.ark:10887392
mjpm0_si1368 /nfs-share/xinchi/kaldi/egs/timit/s5_la2/fbank/raw_fbank_train.3.ark:4228245
mjfr0_sx75 /nfs-share/xinchi/kaldi/egs/timit/s5_la2/fbank/raw_fbank_train.3.ark:3061269
fceg0_sx438 /nfs-share/xinchi/kaldi/egs/timit/s5_la2/fbank/raw_fbank_train.1.ark:1621624
mrav0_sx288 /nfs-share/xinchi/kaldi/egs/timit/s5_la2/fbank/raw_fbank_train.4.ark:1036048
fsjs0_sx91 /nfs-share/xinchi/kaldi/egs/timit/s5_la2/fbank/raw_fbank_train.2.ark:138295
mejs0_si610 /nfs-share/xinchi/kaldi/egs/timit/s5_la2/fbank/raw_fbank_train.2.ark:10055400
fkkh0_sx120 /nfs-share/xinchi/kaldi/egs/timit/s5_la2/fbank/raw_fbank_train.1.ark:6659245
mabc0_sx421 /nfs-share/xinchi/kaldi/egs/timit/s5_la2/fbank/raw_fbank_train.2.ark:2083644
mmgc0_si2184 /nfs-share/xinchi/kaldi/egs/timit/s5_la2/fbank/raw_fbank_train.3.ark:9288883
mdas0_sx6 /nfs-share/xinchi/kaldi/egs/timit/s5_la2/fbank/raw_fbank_train.2.ark:6175891
fjsp0_sx174 /nfs-share/xinchi/kaldi/egs/timit/s5_la2/fbank/raw_fbank_train.1.ark:5812205
mmea0_sx308 /nfs-share/xinchi/kaldi/egs/timit/s5_la2/fbank/raw_fbank_train.3.ark:9135453
fpmy0_si1783 /nfs-share/xinchi/kaldi/egs/timit/s5_la2/fbank/raw_fbank_train.1.ark:10506928
mbjv0_si1877 /nfs-share/xinchi/kaldi/egs/timit/s5_la2/fbank/raw_fbank_train.2.ark:3657267
mkdd0_sx307 /nfs-share/xinchi/kaldi/egs/timit/s5_la2/fbank/raw_fbank_train.3.ark:6223285
fmbg0_si1160 /nfs-share/xinchi/kaldi/egs/timit/s5_la2/fbank/raw_fbank_train.1.ark:8618491
mpgr0_si780 /nfs-share/xinchi/kaldi/egs/timit/s5_la2/fbank/raw_fbank_train.3.ark:11122436
mtbc0_sx273 /nfs-share/xinchi/kaldi/egs/timit/s5_la2/fbank/raw_fbank_train.4.ark:7613854
fdfb0_sx58 /nfs-share/xinchi/kaldi/egs/timit/s5_la2/fbank/raw_fbank_train.1.ark:2680014
msds0_sx267 /nfs-share/xinchi/kaldi/egs/timit/s5_la2/fbank/raw_fbank_train.4.ark:5824111
mjhi0_si698 /nfs-share/xinchi/kaldi/egs/timit/s5_la2/fbank/raw_fbank_train.3.ark:3100969
mmjb1_sx238 /nfs-share/xinchi/kaldi/egs/timit/s5_la2/fbank/raw_fbank_train.3.ark:9572745
flmc0_si742 /nfs-share/xinchi/kaldi/egs/timit/s5_la2/fbank/raw_fbank_train.1.ark:8157030
mjjb0_si1277 /nfs-share/xinchi/kaldi/egs/timit/s5_la2/fbank/raw_fbank_train.3.ark:3187401
fpjf0_si1259 /nfs-share/xinchi/kaldi/egs/timit/s5_la2/fbank/raw_fbank_train.1.ark:10309879
msas0_sx116 /nfs-share/xinchi/kaldi/egs/timit/s5_la2/fbank/raw_fbank_train.4.ark:5359590
mgak0_si1666 /nfs-share/xinchi/kaldi/egs/timit/s5_la2/fbank/raw_fbank_train.2.ark:11161427
mprb0_sx215 /nfs-share/xinchi/kaldi/egs/timit/s5_la2/fbank/raw_fbank_train.4.ark:111357
mdwm0_sx16 /nfs-share/xinchi/kaldi/egs/timit/s5_la2/fbank/raw_fbank_train.2.ark:9510958
fjkl0_si932 /nfs-share/xinchi/kaldi/egs/timit/s5_la2/fbank/raw_fbank_train.1.ark:5171300
mdem0_sx428 /nfs-share/xinchi/kaldi/egs/timit/s5_la2/fbank/raw_fbank_train.2.ark:6968132
mkls1_sx105 /nfs-share/xinchi/kaldi/egs/timit/s5_la2/fbank/raw_fbank_train.3.ark:6886315
msdb0_si2267 /nfs-share/xinchi/kaldi/egs/timit/s5_la2/fbank/raw_fbank_train.4.ark:5614674
mrhl0_sx255 /nfs-share/xinchi/kaldi/egs/timit/s5_la2/fbank/raw_fbank_train.4.ark:2529078
mjda0_sx311 /nfs-share/xinchi/kaldi/egs/timit/s5_la2/fbank/raw_fbank_train.3.ark:2114419
mkah0_sx448 /nfs-share/xinchi/kaldi/egs/timit/s5_la2/fbank/raw_fbank_train.3.ark:5840258
mrkm0_sx7 /nfs-share/xinchi/kaldi/egs/timit/s5_la2/fbank/raw_fbank_train.4.ark:3214373
mrtj0_si772 /nfs-share/xinchi/kaldi/egs/timit/s5_la2/fbank/raw_fbank_train.4.ark:4753366
fkdw0_sx307 /nfs-share/xinchi/kaldi/egs/timit/s5_la2/fbank/raw_fbank_train.1.ark:6461021
fkaa0_sx398 /nfs-share/xinchi/kaldi/egs/timit/s5_la2/fbank/raw_fbank_train.1.ark:6267515
mapv0_sx33 /nfs-share/xinchi/kaldi/egs/timit/s5_la2/fbank/raw_fbank_train.2.ark:2971591
mbjv0_si617 /nfs-share/xinchi/kaldi/egs/timit/s5_la2/fbank/raw_fbank_train.2.ark:3666620
msah1_sx419 /nfs-share/xinchi/kaldi/egs/timit/s5_la2/fbank/raw_fbank_train.4.ark:5287464
mrkm0_si1267 /nfs-share/xinchi/kaldi/egs/timit/s5_la2/fbank/raw_fbank_train.4.ark:3113696
fsag0_sx243 /nfs-share/xinchi/kaldi/egs/timit/s5_la2/fbank/raw_fbank_train.1.ark:10930207
mrcw0_sx201 /nfs-share/xinchi/kaldi/egs/timit/s5_la2/fbank/raw_fbank_train.4.ark:1327378
ftbw0_si715 /nfs-share/xinchi/kaldi/egs/timit/s5_la2/fbank/raw_fbank_train.2.ark:1458042
mjhi0_si1328 /nfs-share/xinchi/kaldi/egs/timit/s5_la2/fbank/raw_fbank_train.3.ark:3072543
mjlb0_si1616 /nfs-share/xinchi/kaldi/egs/timit/s5_la2/fbank/raw_fbank_train.3.ark:3587108
fgmb0_sx155 /nfs-share/xinchi/kaldi/egs/timit/s5_la2/fbank/raw_fbank_train.1.ark:4428512
flag0_si1464 /nfs-share/xinchi/kaldi/egs/timit/s5_la2/fbank/raw_fbank_train.1.ark:7208176
mwac0_si971 /nfs-share/xinchi/kaldi/egs/timit/s5_la2/fbank/raw_fbank_train.4.ark:10513034
mlns0_si2037 /nfs-share/xinchi/kaldi/egs/timit/s5_la2/fbank/raw_fbank_train.3.ark:7679730
mges0_si2111 /nfs-share/xinchi/kaldi/egs/timit/s5_la2/fbank/raw_fbank_train.3.ark:198938
mdpk0_sx333 /nfs-share/xinchi/kaldi/egs/timit/s5_la2/fbank/raw_fbank_train.2.ark:8657166
fgdp0_si1618 /nfs-share/xinchi/kaldi/egs/timit/s5_la2/fbank/raw_fbank_train.1.ark:4267507
mtwh1_si1512 /nfs-share/xinchi/kaldi/egs/timit/s5_la2/fbank/raw_fbank_train.4.ark:10004481
mdwm0_sx106 /nfs-share/xinchi/kaldi/egs/timit/s5_la2/fbank/raw_fbank_train.2.ark:9500606
milb0_si2163 /nfs-share/xinchi/kaldi/egs/timit/s5_la2/fbank/raw_fbank_train.3.ark:1574529
fklc1_si1048 /nfs-share/xinchi/kaldi/egs/timit/s5_la2/fbank/raw_fbank_train.1.ark:6819195
ftbr0_si1402 /nfs-share/xinchi/kaldi/egs/timit/s5_la2/fbank/raw_fbank_train.2.ark:1340710
msas0_sx206 /nfs-share/xinchi/kaldi/egs/timit/s5_la2/fbank/raw_fbank_train.4.ark:5369783
mwgr0_sx166 /nfs-share/xinchi/kaldi/egs/timit/s5_la2/fbank/raw_fbank_train.4.ark:11095821
mpsw0_sx167 /nfs-share/xinchi/kaldi/egs/timit/s5_la2/fbank/raw_fbank_train.4.ark:513984
maeb0_si2250 /nfs-share/xinchi/kaldi/egs/timit/s5_la2/fbank/raw_fbank_train.2.ark:2323874
mpgr0_si1410 /nfs-share/xinchi/kaldi/egs/timit/s5_la2/fbank/raw_fbank_train.3.ark:11098649
mrfk0_si1706 /nfs-share/xinchi/kaldi/egs/timit/s5_la2/fbank/raw_fbank_train.4.ark:2068640
mvrw0_sx225 /nfs-share/xinchi/kaldi/egs/timit/s5_la2/fbank/raw_fbank_train.4.ark:10445795
mcdc0_sx302 /nfs-share/xinchi/kaldi/egs/timit/s5_la2/fbank/raw_fbank_train.2.ark:4678806
mdhl0_si1439 /nfs-share/xinchi/kaldi/egs/timit/s5_la2/fbank/raw_fbank_train.2.ark:6999558
mtmt0_si1118 /nfs-share/xinchi/kaldi/egs/timit/s5_la2/fbank/raw_fbank_train.4.ark:9107617
fsrh0_sx41 /nfs-share/xinchi/kaldi/egs/timit/s5_la2/fbank/raw_fbank_train.2.ark:1140146
mjmd0_si1658 /nfs-share/xinchi/kaldi/egs/timit/s5_la2/fbank/raw_fbank_train.3.ark:3975083
fbjl0_si2182 /nfs-share/xinchi/kaldi/egs/timit/s5_la2/fbank/raw_fbank_train.1.ark:853843
flja0_si1078 /nfs-share/xinchi/kaldi/egs/timit/s5_la2/fbank/raw_fbank_train.1.ark:7609278
fcag0_sx63 /nfs-share/xinchi/kaldi/egs/timit/s5_la2/fbank/raw_fbank_train.1.ark:1336101
mhmr0_sx219 /nfs-share/xinchi/kaldi/egs/timit/s5_la2/fbank/raw_fbank_train.3.ark:1329988
fklc1_sx58 /nfs-share/xinchi/kaldi/egs/timit/s5_la2/fbank/raw_fbank_train.1.ark:6903627
madc0_si737 /nfs-share/xinchi/kaldi/egs/timit/s5_la2/fbank/raw_fbank_train.2.ark:2134937
mgaf0_si1282 /nfs-share/xinchi/kaldi/egs/timit/s5_la2/fbank/raw_fbank_train.2.ark:10965064
ftbw0_si1345 /nfs-share/xinchi/kaldi/egs/timit/s5_la2/fbank/raw_fbank_train.2.ark:1437855
mtdb0_sx411 /nfs-share/xinchi/kaldi/egs/timit/s5_la2/fbank/raw_fbank_train.4.ark:7838290
mkls0_si1533 /nfs-share/xinchi/kaldi/egs/timit/s5_la2/fbank/raw_fbank_train.3.ark:6759543
mrem0_sx151 /nfs-share/xinchi/kaldi/egs/timit/s5_la2/fbank/raw_fbank_train.4.ark:1898736
mrtj0_si1551 /nfs-share/xinchi/kaldi/egs/timit/s5_la2/fbank/raw_fbank_train.4.ark:4728299
mwrp0_sx93 /nfs-share/xinchi/kaldi/egs/timit/s5_la2/fbank/raw_fbank_train.4.ark:11343842
mmaa0_si2105 /nfs-share/xinchi/kaldi/egs/timit/s5_la2/fbank/raw_fbank_train.3.ark:7883980
mmvp0_sx294 /nfs-share/xinchi/kaldi/egs/timit/s5_la2/fbank/raw_fbank_train.3.ark:10097863
mhjb0_sx297 /nfs-share/xinchi/kaldi/egs/timit/s5_la2/fbank/raw_fbank_train.3.ark:1167003
fgrw0_si1152 /nfs-share/xinchi/kaldi/egs/timit/s5_la2/fbank/raw_fbank_train.1.ark:4498917
msdh0_si2240 /nfs-share/xinchi/kaldi/egs/timit/s5_la2/fbank/raw_fbank_train.4.ark:5668386
mrjm0_sx418 /nfs-share/xinchi/kaldi/egs/timit/s5_la2/fbank/raw_fbank_train.4.ark:2880660
mbma1_si954 /nfs-share/xinchi/kaldi/egs/timit/s5_la2/fbank/raw_fbank_train.2.ark:3851430
fjhk0_sx212 /nfs-share/xinchi/kaldi/egs/timit/s5_la2/fbank/raw_fbank_train.1.ark:5112301
fpab1_sx211 /nfs-share/xinchi/kaldi/egs/timit/s5_la2/fbank/raw_fbank_train.1.ark:9830373
mhjb0_sx117 /nfs-share/xinchi/kaldi/egs/timit/s5_la2/fbank/raw_fbank_train.3.ark:1143145
mrlj1_sx231 /nfs-share/xinchi/kaldi/egs/timit/s5_la2/fbank/raw_fbank_train.4.ark:3461663
fljg0_sx81 /nfs-share/xinchi/kaldi/egs/timit/s5_la2/fbank/raw_fbank_train.1.ark:7921280
mrvg0_sx330 /nfs-share/xinchi/kaldi/egs/timit/s5_la2/fbank/raw_fbank_train.4.ark:4904090
maeb0_sx270 /nfs-share/xinchi/kaldi/egs/timit/s5_la2/fbank/raw_fbank_train.2.ark:2359053
mtbc0_si1803 /nfs-share/xinchi/kaldi/egs/timit/s5_la2/fbank/raw_fbank_train.4.ark:7571675
mdmt0_sx302 /nfs-share/xinchi/kaldi/egs/timit/s5_la2/fbank/raw_fbank_train.2.ark:8366931
mrav0_sx108 /nfs-share/xinchi/kaldi/egs/timit/s5_la2/fbank/raw_fbank_train.4.ark:1006750
fsah0_sx344 /nfs-share/xinchi/kaldi/egs/timit/s5_la2/fbank/raw_fbank_train.1.ark:11072465
mtat1_sx59 /nfs-share/xinchi/kaldi/egs/timit/s5_la2/fbank/raw_fbank_train.4.ark:7556167
msfh0_sx406 /nfs-share/xinchi/kaldi/egs/timit/s5_la2/fbank/raw_fbank_train.4.ark:6191573
mrmg0_sx270 /nfs-share/xinchi/kaldi/egs/timit/s5_la2/fbank/raw_fbank_train.4.ark:3837524
mmdb0_sx267 /nfs-share/xinchi/kaldi/egs/timit/s5_la2/fbank/raw_fbank_train.3.ark:8652975
mdas0_sx186 /nfs-share/xinchi/kaldi/egs/timit/s5_la2/fbank/raw_fbank_train.2.ark:6150435
mtpp0_sx158 /nfs-share/xinchi/kaldi/egs/timit/s5_la2/fbank/raw_fbank_train.4.ark:9424552
mrds0_sx87 /nfs-share/xinchi/kaldi/egs/timit/s5_la2/fbank/raw_fbank_train.4.ark:1635112
mpar0_si1576 /nfs-share/xinchi/kaldi/egs/timit/s5_la2/fbank/raw_fbank_train.3.ark:10734870
mcdc0_si662 /nfs-share/xinchi/kaldi/egs/timit/s5_la2/fbank/raw_fbank_train.2.ark:4641227
fjen0_sx417 /nfs-share/xinchi/kaldi/egs/timit/s5_la2/fbank/raw_fbank_train.1.ark:5030861
mjma0_sx55 /nfs-share/xinchi/kaldi/egs/timit/s5_la2/fbank/raw_fbank_train.3.ark:3954015
mrjh0_si914 /nfs-share/xinchi/kaldi/egs/timit/s5_la2/fbank/raw_fbank_train.4.ark:2727422
fsah0_sx434 /nfs-share/xinchi/kaldi/egs/timit/s5_la2/fbank/raw_fbank_train.1.ark:11080938
mwsb0_sx366 /nfs-share/xinchi/kaldi/egs/timit/s5_la2/fbank/raw_fbank_train.4.ark:11408442
mdcd0_si2045 /nfs-share/xinchi/kaldi/egs/timit/s5_la2/fbank/raw_fbank_train.2.ark:6407082
mlbc0_si1869 /nfs-share/xinchi/kaldi/egs/timit/s5_la2/fbank/raw_fbank_train.3.ark:7249590
mmab1_si2124 /nfs-share/xinchi/kaldi/egs/timit/s5_la2/fbank/raw_fbank_train.3.ark:7977405
medr0_sx114 /nfs-share/xinchi/kaldi/egs/timit/s5_la2/fbank/raw_fbank_train.2.ark:9679577
mkdb0_sx422 /nfs-share/xinchi/kaldi/egs/timit/s5_la2/fbank/raw_fbank_train.3.ark:6129293
mjma0_si2125 /nfs-share/xinchi/kaldi/egs/timit/s5_la2/fbank/raw_fbank_train.3.ark:3884658
flmc0_sx112 /nfs-share/xinchi/kaldi/egs/timit/s5_la2/fbank/raw_fbank_train.1.ark:8168823
flac0_sx181 /nfs-share/xinchi/kaldi/egs/timit/s5_la2/fbank/raw_fbank_train.1.ark:7149931
mmws1_sx441 /nfs-share/xinchi/kaldi/egs/timit/s5_la2/fbank/raw_fbank_train.3.ark:10426891
fgmb0_si515 /nfs-share/xinchi/kaldi/egs/timit/s5_la2/fbank/raw_fbank_train.1.ark:4416359
mwdk0_sx356 /nfs-share/xinchi/kaldi/egs/timit/s5_la2/fbank/raw_fbank_train.4.ark:10921516
fpad0_si1976 /nfs-share/xinchi/kaldi/egs/timit/s5_la2/fbank/raw_fbank_train.1.ark:9998244
mjrh0_si1840 /nfs-share/xinchi/kaldi/egs/timit/s5_la2/fbank/raw_fbank_train.3.ark:4652213
fmkc0_sx262 /nfs-share/xinchi/kaldi/egs/timit/s5_la2/fbank/raw_fbank_train.1.ark:9188908
mrab0_si1854 /nfs-share/xinchi/kaldi/egs/timit/s5_la2/fbank/raw_fbank_train.4.ark:574822
mdhs0_si900 /nfs-share/xinchi/kaldi/egs/timit/s5_la2/fbank/raw_fbank_train.2.ark:7118210
mmdg0_sx160 /nfs-share/xinchi/kaldi/egs/timit/s5_la2/fbank/raw_fbank_train.3.ark:8736047
mjpg0_sx291 /nfs-share/xinchi/kaldi/egs/timit/s5_la2/fbank/raw_fbank_train.3.ark:4211378
mppc0_sx332 /nfs-share/xinchi/kaldi/egs/timit/s5_la2/fbank/raw_fbank_train.4.ark:12125
msmc0_sx377 /nfs-share/xinchi/kaldi/egs/timit/s5_la2/fbank/raw_fbank_train.4.ark:6526999
megj0_sx3 /nfs-share/xinchi/kaldi/egs/timit/s5_la2/fbank/raw_fbank_train.2.ark:9904609
fsjg0_sx310 /nfs-share/xinchi/kaldi/egs/timit/s5_la2/fbank/raw_fbank_train.1.ark:11789281
fleh0_sx421 /nfs-share/xinchi/kaldi/egs/timit/s5_la2/fbank/raw_fbank_train.1.ark:7395121
mbjv0_sx257 /nfs-share/xinchi/kaldi/egs/timit/s5_la2/fbank/raw_fbank_train.2.ark:3692806
mkes0_sx173 /nfs-share/xinchi/kaldi/egs/timit/s5_la2/fbank/raw_fbank_train.3.ark:6403548
mdns0_sx291 /nfs-share/xinchi/kaldi/egs/timit/s5_la2/fbank/raw_fbank_train.2.ark:8480508
fpjf0_sx352 /nfs-share/xinchi/kaldi/egs/timit/s5_la2/fbank/raw_fbank_train.1.ark:10367085
mgaw0_sx175 /nfs-share/xinchi/kaldi/egs/timit/s5_la2/fbank/raw_fbank_train.3.ark:141259
mrmh0_si2281 /nfs-share/xinchi/kaldi/egs/timit/s5_la2/fbank/raw_fbank_train.4.ark:3916724
mhjb0_sx207 /nfs-share/xinchi/kaldi/egs/timit/s5_la2/fbank/raw_fbank_train.3.ark:1152098
feme0_sx335 /nfs-share/xinchi/kaldi/egs/timit/s5_la2/fbank/raw_fbank_train.1.ark:3920852
mrab0_sx54 /nfs-share/xinchi/kaldi/egs/timit/s5_la2/fbank/raw_fbank_train.4.ark:651379
mtdb0_si771 /nfs-share/xinchi/kaldi/egs/timit/s5_la2/fbank/raw_fbank_train.4.ark:7786958
mtjm0_sx146 /nfs-share/xinchi/kaldi/egs/timit/s5_la2/fbank/raw_fbank_train.4.ark:8228531
mmxs0_sx336 /nfs-share/xinchi/kaldi/egs/timit/s5_la2/fbank/raw_fbank_train.3.ark:10500842
mbbr0_sx425 /nfs-share/xinchi/kaldi/egs/timit/s5_la2/fbank/raw_fbank_train.2.ark:3349133
mbjv0_sx437 /nfs-share/xinchi/kaldi/egs/timit/s5_la2/fbank/raw_fbank_train.2.ark:3714632
mafm0_sx309 /nfs-share/xinchi/kaldi/egs/timit/s5_la2/fbank/raw_fbank_train.2.ark:2549497
maeo0_sx156 /nfs-share/xinchi/kaldi/egs/timit/s5_la2/fbank/raw_fbank_train.2.ark:2440486
fpjf0_si1046 /nfs-share/xinchi/kaldi/egs/timit/s5_la2/fbank/raw_fbank_train.1.ark:10299125
fsma0_sx181 /nfs-share/xinchi/kaldi/egs/timit/s5_la2/fbank/raw_fbank_train.2.ark:677355
mfmc0_sx412 /nfs-share/xinchi/kaldi/egs/timit/s5_la2/fbank/raw_fbank_train.2.ark:10559415
mcdd0_si883 /nfs-share/xinchi/kaldi/egs/timit/s5_la2/fbank/raw_fbank_train.2.ark:4733452
mrab1_si1478 /nfs-share/xinchi/kaldi/egs/timit/s5_la2/fbank/raw_fbank_train.4.ark:664133
mkxl0_sx375 /nfs-share/xinchi/kaldi/egs/timit/s5_la2/fbank/raw_fbank_train.3.ark:7221042
mmdm1_sx423 /nfs-share/xinchi/kaldi/egs/timit/s5_la2/fbank/raw_fbank_train.3.ark:8976036
mjxa0_si2137 /nfs-share/xinchi/kaldi/egs/timit/s5_la2/fbank/raw_fbank_train.3.ark:5479179
mfwk0_sx349 /nfs-share/xinchi/kaldi/egs/timit/s5_la2/fbank/raw_fbank_train.2.ark:10733113
mrws0_sx292 /nfs-share/xinchi/kaldi/egs/timit/s5_la2/fbank/raw_fbank_train.4.ark:5098052
fbmh0_si970 /nfs-share/xinchi/kaldi/egs/timit/s5_la2/fbank/raw_fbank_train.1.ark:1076127
fjxm0_si1971 /nfs-share/xinchi/kaldi/egs/timit/s5_la2/fbank/raw_fbank_train.1.ark:5982988
mwad0_si1749 /nfs-share/xinchi/kaldi/egs/timit/s5_la2/fbank/raw_fbank_train.4.ark:10614866
fdas1_sx201 /nfs-share/xinchi/kaldi/egs/timit/s5_la2/fbank/raw_fbank_train.1.ark:2458704
flmk0_si1229 /nfs-share/xinchi/kaldi/egs/timit/s5_la2/fbank/raw_fbank_train.1.ark:8243662
mkls0_sx357 /nfs-share/xinchi/kaldi/egs/timit/s5_la2/fbank/raw_fbank_train.3.ark:6808636
mrsp0_sx79 /nfs-share/xinchi/kaldi/egs/timit/s5_la2/fbank/raw_fbank_train.4.ark:4609560
mjhi0_si555 /nfs-share/xinchi/kaldi/egs/timit/s5_la2/fbank/raw_fbank_train.3.ark:3092336
mkxl0_sx105 /nfs-share/xinchi/kaldi/egs/timit/s5_la2/fbank/raw_fbank_train.3.ark:7182431
fexm0_si1731 /nfs-share/xinchi/kaldi/egs/timit/s5_la2/fbank/raw_fbank_train.1.ark:4072290
mcef0_sx415 /nfs-share/xinchi/kaldi/egs/timit/s5_la2/fbank/raw_fbank_train.2.ark:4983914
fmjb0_si1177 /nfs-share/xinchi/kaldi/egs/timit/s5_la2/fbank/raw_fbank_train.1.ark:8828981
mfmc0_sx142 /nfs-share/xinchi/kaldi/egs/timit/s5_la2/fbank/raw_fbank_train.2.ark:10518316
fmkc0_si1072 /nfs-share/xinchi/kaldi/egs/timit/s5_la2/fbank/raw_fbank_train.1.ark:9157328
mdlr0_si603 /nfs-share/xinchi/kaldi/egs/timit/s5_la2/fbank/raw_fbank_train.2.ark:8009036
mcpm0_sx204 /nfs-share/xinchi/kaldi/egs/timit/s5_la2/fbank/raw_fbank_train.2.ark:5476454
mrlj1_sx51 /nfs-share/xinchi/kaldi/egs/timit/s5_la2/fbank/raw_fbank_train.4.ark:3491601
mpfu0_si1888 /nfs-share/xinchi/kaldi/egs/timit/s5_la2/fbank/raw_fbank_train.3.ark:10929274
mjws0_si1773 /nfs-share/xinchi/kaldi/egs/timit/s5_la2/fbank/raw_fbank_train.3.ark:5257249
mbwp0_si709 /nfs-share/xinchi/kaldi/egs/timit/s5_la2/fbank/raw_fbank_train.2.ark:4310114
mdlh0_si700 /nfs-share/xinchi/kaldi/egs/timit/s5_la2/fbank/raw_fbank_train.2.ark:7814866
mtpf0_si1235 /nfs-share/xinchi/kaldi/egs/timit/s5_la2/fbank/raw_fbank_train.4.ark:9206402
flkm0_sx260 /nfs-share/xinchi/kaldi/egs/timit/s5_la2/fbank/raw_fbank_train.1.ark:7985406
mrjm0_si1858 /nfs-share/xinchi/kaldi/egs/timit/s5_la2/fbank/raw_fbank_train.4.ark:2827928
fecd0_sx248 /nfs-share/xinchi/kaldi/egs/timit/s5_la2/fbank/raw_fbank_train.1.ark:3698529
mdlc1_si1435 /nfs-share/xinchi/kaldi/egs/timit/s5_la2/fbank/raw_fbank_train.2.ark:7608509
fsls0_sx426 /nfs-share/xinchi/kaldi/egs/timit/s5_la2/fbank/raw_fbank_train.2.ark:614149
fdaw0_si1271 /nfs-share/xinchi/kaldi/egs/timit/s5_la2/fbank/raw_fbank_train.1.ark:2502036
fbjl0_sx292 /nfs-share/xinchi/kaldi/egs/timit/s5_la2/fbank/raw_fbank_train.1.ark:913327
mbma1_sx54 /nfs-share/xinchi/kaldi/egs/timit/s5_la2/fbank/raw_fbank_train.2.ark:3921754
fhlm0_sx300 /nfs-share/xinchi/kaldi/egs/timit/s5_la2/fbank/raw_fbank_train.1.ark:4674189
mjde0_si463 /nfs-share/xinchi/kaldi/egs/timit/s5_la2/fbank/raw_fbank_train.3.ark:2270936
mjxl0_sx452 /nfs-share/xinchi/kaldi/egs/timit/s5_la2/fbank/raw_fbank_train.3.ark:5632049
flac0_sx451 /nfs-share/xinchi/kaldi/egs/timit/s5_la2/fbank/raw_fbank_train.1.ark:7183190
fmpg0_si2232 /nfs-share/xinchi/kaldi/egs/timit/s5_la2/fbank/raw_fbank_train.1.ark:9458280
fpmy0_sx196 /nfs-share/xinchi/kaldi/egs/timit/s5_la2/fbank/raw_fbank_train.1.ark:10554307
mmdm1_sx243 /nfs-share/xinchi/kaldi/egs/timit/s5_la2/fbank/raw_fbank_train.3.ark:8947210
mjee0_si1867 /nfs-share/xinchi/kaldi/egs/timit/s5_la2/fbank/raw_fbank_train.3.ark:2799502
mtab0_sx132 /nfs-share/xinchi/kaldi/egs/timit/s5_la2/fbank/raw_fbank_train.4.ark:7205521
mabc0_si1620 /nfs-share/xinchi/kaldi/egs/timit/s5_la2/fbank/raw_fbank_train.2.ark:2020165
mkls0_sx267 /nfs-share/xinchi/kaldi/egs/timit/s5_la2/fbank/raw_fbank_train.3.ark:6793323
mmag0_sx226 /nfs-share/xinchi/kaldi/egs/timit/s5_la2/fbank/raw_fbank_train.3.ark:8137129
msvs0_sx398 /nfs-share/xinchi/kaldi/egs/timit/s5_la2/fbank/raw_fbank_train.4.ark:7141107
mjma0_sx145 /nfs-share/xinchi/kaldi/egs/timit/s5_la2/fbank/raw_fbank_train.3.ark:3916764
fgrw0_sx342 /nfs-share/xinchi/kaldi/egs/timit/s5_la2/fbank/raw_fbank_train.1.ark:4573484
mcal0_sx58 /nfs-share/xinchi/kaldi/egs/timit/s5_la2/fbank/raw_fbank_train.2.ark:4604566
mkam0_sx236 /nfs-share/xinchi/kaldi/egs/timit/s5_la2/fbank/raw_fbank_train.3.ark:6010883
fcaj0_si1804 /nfs-share/xinchi/kaldi/egs/timit/s5_la2/fbank/raw_fbank_train.1.ark:1352489
mhxl0_sx332 /nfs-share/xinchi/kaldi/egs/timit/s5_la2/fbank/raw_fbank_train.3.ark:1532390
mljh0_sx334 /nfs-share/xinchi/kaldi/egs/timit/s5_la2/fbank/raw_fbank_train.3.ark:7630597
meal0_sx107 /nfs-share/xinchi/kaldi/egs/timit/s5_la2/fbank/raw_fbank_train.2.ark:9587231
mbsb0_si1983 /nfs-share/xinchi/kaldi/egs/timit/s5_la2/fbank/raw_fbank_train.2.ark:4127834
msdh0_si2113 /nfs-share/xinchi/kaldi/egs/timit/s5_la2/fbank/raw_fbank_train.4.ark:5663032
medr0_sx384 /nfs-share/xinchi/kaldi/egs/timit/s5_la2/fbank/raw_fbank_train.2.ark:9716948
mctm0_sx90 /nfs-share/xinchi/kaldi/egs/timit/s5_la2/fbank/raw_fbank_train.2.ark:5898491
mdlr0_sx153 /nfs-share/xinchi/kaldi/egs/timit/s5_la2/fbank/raw_fbank_train.2.ark:8018749
mwar0_sx145 /nfs-share/xinchi/kaldi/egs/timit/s5_la2/fbank/raw_fbank_train.4.ark:10717679
mcss0_si688 /nfs-share/xinchi/kaldi/egs/timit/s5_la2/fbank/raw_fbank_train.2.ark:5627004
mjeb0_sx296 /nfs-share/xinchi/kaldi/egs/timit/s5_la2/fbank/raw_fbank_train.3.ark:2658816
mhrm0_si1475 /nfs-share/xinchi/kaldi/egs/timit/s5_la2/fbank/raw_fbank_train.3.ark:1378280
mejl0_si962 /nfs-share/xinchi/kaldi/egs/timit/s5_la2/fbank/raw_fbank_train.2.ark:9959415
fmju0_sx399 /nfs-share/xinchi/kaldi/egs/timit/s5_la2/fbank/raw_fbank_train.1.ark:9128500
mdlh0_sx160 /nfs-share/xinchi/kaldi/egs/timit/s5_la2/fbank/raw_fbank_train.2.ark:7830179
mjeb0_si1286 /nfs-share/xinchi/kaldi/egs/timit/s5_la2/fbank/raw_fbank_train.3.ark:2582618
mbar0_si1319 /nfs-share/xinchi/kaldi/egs/timit/s5_la2/fbank/raw_fbank_train.2.ark:3176028
mrms0_si2100 /nfs-share/xinchi/kaldi/egs/timit/s5_la2/fbank/raw_fbank_train.4.ark:4136935
fjen0_si1047 /nfs-share/xinchi/kaldi/egs/timit/s5_la2/fbank/raw_fbank_train.1.ark:4946261
mrso0_sx309 /nfs-share/xinchi/kaldi/egs/timit/s5_la2/fbank/raw_fbank_train.4.ark:4474070
feeh0_sx122 /nfs-share/xinchi/kaldi/egs/timit/s5_la2/fbank/raw_fbank_train.1.ark:3790001
mdlc1_sx265 /nfs-share/xinchi/kaldi/egs/timit/s5_la2/fbank/raw_fbank_train.2.ark:7666283
fkkh0_sx30 /nfs-share/xinchi/kaldi/egs/timit/s5_la2/fbank/raw_fbank_train.1.ark:6683510
fsak0_sx400 /nfs-share/xinchi/kaldi/egs/timit/s5_la2/fbank/raw_fbank_train.1.ark:11188355
mmab1_si1494 /nfs-share/xinchi/kaldi/egs/timit/s5_la2/fbank/raw_fbank_train.3.ark:7970971
mrdm0_sx245 /nfs-share/xinchi/kaldi/egs/timit/s5_la2/fbank/raw_fbank_train.4.ark:1510909
mvrw0_si855 /nfs-share/xinchi/kaldi/egs/timit/s5_la2/fbank/raw_fbank_train.4.ark:10421329
mhit0_sx83 /nfs-share/xinchi/kaldi/egs/timit/s5_la2/fbank/raw_fbank_train.3.ark:1094530
fdaw0_si2036 /nfs-share/xinchi/kaldi/egs/timit/s5_la2/fbank/raw_fbank_train.1.ark:2532184
fmah1_si879 /nfs-share/xinchi/kaldi/egs/timit/s5_la2/fbank/raw_fbank_train.1.ark:8542453
mtcs0_si1972 /nfs-share/xinchi/kaldi/egs/timit/s5_la2/fbank/raw_fbank_train.4.ark:7663346
mprb0_si1215 /nfs-share/xinchi/kaldi/egs/timit/s5_la2/fbank/raw_fbank_train.4.ark:59058
mlbc0_sx69 /nfs-share/xinchi/kaldi/egs/timit/s5_la2/fbank/raw_fbank_train.3.ark:7317547
mtpr0_si506 /nfs-share/xinchi/kaldi/egs/timit/s5_la2/fbank/raw_fbank_train.4.ark:9514984
mrre0_si704 /nfs-share/xinchi/kaldi/egs/timit/s5_la2/fbank/raw_fbank_train.4.ark:4298992
mjlb0_sx86 /nfs-share/xinchi/kaldi/egs/timit/s5_la2/fbank/raw_fbank_train.3.ark:3669019
fpac0_sx301 /nfs-share/xinchi/kaldi/egs/timit/s5_la2/fbank/raw_fbank_train.1.ark:9950431
mrbc0_sx59 /nfs-share/xinchi/kaldi/egs/timit/s5_la2/fbank/raw_fbank_train.4.ark:1146306
mwdk0_sx266 /nfs-share/xinchi/kaldi/egs/timit/s5_la2/fbank/raw_fbank_train.4.ark:10911323
fcmg0_sx72 /nfs-share/xinchi/kaldi/egs/timit/s5_la2/fbank/raw_fbank_train.1.ark:2097942
mclk0_sx400 /nfs-share/xinchi/kaldi/egs/timit/s5_la2/fbank/raw_fbank_train.2.ark:5324102
fdml0_sx69 /nfs-share/xinchi/kaldi/egs/timit/s5_la2/fbank/raw_fbank_train.1.ark:2974451
flmc0_sx22 /nfs-share/xinchi/kaldi/egs/timit/s5_la2/fbank/raw_fbank_train.1.ark:8179935
mjpm1_sx401 /nfs-share/xinchi/kaldi/egs/timit/s5_la2/fbank/raw_fbank_train.3.ark:4403389
mbma0_si1852 /nfs-share/xinchi/kaldi/egs/timit/s5_la2/fbank/raw_fbank_train.2.ark:3755892
mjsr0_sx74 /nfs-share/xinchi/kaldi/egs/timit/s5_la2/fbank/raw_fbank_train.3.ark:5116117
mtrc0_sx93 /nfs-share/xinchi/kaldi/egs/timit/s5_la2/fbank/raw_fbank_train.4.ark:9803317
fmjb0_si1807 /nfs-share/xinchi/kaldi/egs/timit/s5_la2/fbank/raw_fbank_train.1.ark:8847335
mrcw0_sx21 /nfs-share/xinchi/kaldi/egs/timit/s5_la2/fbank/raw_fbank_train.4.ark:1338690
mdss1_sx337 /nfs-share/xinchi/kaldi/egs/timit/s5_la2/fbank/raw_fbank_train.2.ark:9135251
mjfr0_sx255 /nfs-share/xinchi/kaldi/egs/timit/s5_la2/fbank/raw_fbank_train.3.ark:3015371
mvjh0_sx116 /nfs-share/xinchi/kaldi/egs/timit/s5_la2/fbank/raw_fbank_train.4.ark:10249872
mwad0_sx72 /nfs-share/xinchi/kaldi/egs/timit/s5_la2/fbank/raw_fbank_train.4.ark:10671544
mafm0_sx39 /nfs-share/xinchi/kaldi/egs/timit/s5_la2/fbank/raw_fbank_train.2.ark:2561849
fsdc0_si1312 /nfs-share/xinchi/kaldi/egs/timit/s5_la2/fbank/raw_fbank_train.1.ark:11428079
mpmb0_si2131 /nfs-share/xinchi/kaldi/egs/timit/s5_la2/fbank/raw_fbank_train.3.ark:11314654
fetb0_si1148 /nfs-share/xinchi/kaldi/egs/timit/s5_la2/fbank/raw_fbank_train.1.ark:3962311
mrjb1_si2021 /nfs-share/xinchi/kaldi/egs/timit/s5_la2/fbank/raw_fbank_train.4.ark:2608238
fscn0_sx446 /nfs-share/xinchi/kaldi/egs/timit/s5_la2/fbank/raw_fbank_train.1.ark:11401693
mmdb0_sx357 /nfs-share/xinchi/kaldi/egs/timit/s5_la2/fbank/raw_fbank_train.3.ark:8665368
marw0_si1906 /nfs-share/xinchi/kaldi/egs/timit/s5_la2/fbank/raw_fbank_train.2.ark:3083917
fklh0_sx447 /nfs-share/xinchi/kaldi/egs/timit/s5_la2/fbank/raw_fbank_train.1.ark:6995180
mges0_sx221 /nfs-share/xinchi/kaldi/egs/timit/s5_la2/fbank/raw_fbank_train.3.ark:226997
mkaj0_sx154 /nfs-share/xinchi/kaldi/egs/timit/s5_la2/fbank/raw_fbank_train.3.ark:5901744
mtab0_si1572 /nfs-share/xinchi/kaldi/egs/timit/s5_la2/fbank/raw_fbank_train.4.ark:7158301
mrgm0_si1792 /nfs-share/xinchi/kaldi/egs/timit/s5_la2/fbank/raw_fbank_train.4.ark:2263091
mafm0_sx129 /nfs-share/xinchi/kaldi/egs/timit/s5_la2/fbank/raw_fbank_train.2.ark:2526391
mbth0_si2102 /nfs-share/xinchi/kaldi/egs/timit/s5_la2/fbank/raw_fbank_train.2.ark:4185983
mtmt0_sx38 /nfs-share/xinchi/kaldi/egs/timit/s5_la2/fbank/raw_fbank_train.4.ark:9180975
msmr0_sx235 /nfs-share/xinchi/kaldi/egs/timit/s5_la2/fbank/raw_fbank_train.4.ark:6594366
mdwd0_sx270 /nfs-share/xinchi/kaldi/egs/timit/s5_la2/fbank/raw_fbank_train.2.ark:9300709
mrvg0_si1140 /nfs-share/xinchi/kaldi/egs/timit/s5_la2/fbank/raw_fbank_train.4.ark:4854044
mjae0_sx264 /nfs-share/xinchi/kaldi/egs/timit/s5_la2/fbank/raw_fbank_train.3.ark:1812470
ftmg0_sx92 /nfs-share/xinchi/kaldi/egs/timit/s5_la2/fbank/raw_fbank_train.2.ark:1726095
mbsb0_si1353 /nfs-share/xinchi/kaldi/egs/timit/s5_la2/fbank/raw_fbank_train.2.ark:4112320
mrms0_sx390 /nfs-share/xinchi/kaldi/egs/timit/s5_la2/fbank/raw_fbank_train.4.ark:4183019
mpeb0_sx420 /nfs-share/xinchi/kaldi/egs/timit/s5_la2/fbank/raw_fbank_train.3.ark:10881974
msat0_sx266 /nfs-share/xinchi/kaldi/egs/timit/s5_la2/fbank/raw_fbank_train.4.ark:5458728
mrmb0_sx51 /nfs-share/xinchi/kaldi/egs/timit/s5_la2/fbank/raw_fbank_train.4.ark:3777156
fsdc0_sx232 /nfs-share/xinchi/kaldi/egs/timit/s5_la2/fbank/raw_fbank_train.1.ark:11474293
msds0_sx447 /nfs-share/xinchi/kaldi/egs/timit/s5_la2/fbank/raw_fbank_train.4.ark:5860057
mrab0_sx324 /nfs-share/xinchi/kaldi/egs/timit/s5_la2/fbank/raw_fbank_train.4.ark:622554
fexm0_sx366 /nfs-share/xinchi/kaldi/egs/timit/s5_la2/fbank/raw_fbank_train.1.ark:4146815
fssb0_sx452 /nfs-share/xinchi/kaldi/egs/timit/s5_la2/fbank/raw_fbank_train.2.ark:1233900
mrxb0_si2215 /nfs-share/xinchi/kaldi/egs/timit/s5_la2/fbank/raw_fbank_train.4.ark:5132073
mfmc0_sx322 /nfs-share/xinchi/kaldi/egs/timit/s5_la2/fbank/raw_fbank_train.2.ark:10548742
mhmg0_si735 /nfs-share/xinchi/kaldi/egs/timit/s5_la2/fbank/raw_fbank_train.3.ark:1207017
fjlr0_sx151 /nfs-share/xinchi/kaldi/egs/timit/s5_la2/fbank/raw_fbank_train.1.ark:5387944
mzmb0_si1166 /nfs-share/xinchi/kaldi/egs/timit/s5_la2/fbank/raw_fbank_train.4.ark:11558724
fdkn0_sx91 /nfs-share/xinchi/kaldi/egs/timit/s5_la2/fbank/raw_fbank_train.1.ark:2888105
mgag0_si691 /nfs-share/xinchi/kaldi/egs/timit/s5_la2/fbank/raw_fbank_train.2.ark:11075875
mrgm0_sx172 /nfs-share/xinchi/kaldi/egs/timit/s5_la2/fbank/raw_fbank_train.4.ark:2297677
mdmt0_sx392 /nfs-share/xinchi/kaldi/egs/timit/s5_la2/fbank/raw_fbank_train.2.ark:8389236
mtdp0_sx441 /nfs-share/xinchi/kaldi/egs/timit/s5_la2/fbank/raw_fbank_train.4.ark:7953516
mrem0_sx331 /nfs-share/xinchi/kaldi/egs/timit/s5_la2/fbank/raw_fbank_train.4.ark:1920762
mtpp0_sx248 /nfs-share/xinchi/kaldi/egs/timit/s5_la2/fbank/raw_fbank_train.4.ark:9434945
fkfb0_sx258 /nfs-share/xinchi/kaldi/egs/timit/s5_la2/fbank/raw_fbank_train.1.ark:6543813
mjrk0_si1662 /nfs-share/xinchi/kaldi/egs/timit/s5_la2/fbank/raw_fbank_train.3.ark:4826276
mntw0_si1068 /nfs-share/xinchi/kaldi/egs/timit/s5_la2/fbank/raw_fbank_train.3.ark:10627364
mprt0_sx310 /nfs-share/xinchi/kaldi/egs/timit/s5_la2/fbank/raw_fbank_train.4.ark:454184
maeb0_sx90 /nfs-share/xinchi/kaldi/egs/timit/s5_la2/fbank/raw_fbank_train.2.ark:2394111
fcdr1_sx196 /nfs-share/xinchi/kaldi/egs/timit/s5_la2/fbank/raw_fbank_train.1.ark:1519805
fcdr1_si1186 /nfs-share/xinchi/kaldi/egs/timit/s5_la2/fbank/raw_fbank_train.1.ark:1433240
mtkd0_sx377 /nfs-share/xinchi/kaldi/egs/timit/s5_la2/fbank/raw_fbank_train.4.ark:8587137
mtlc0_sx127 /nfs-share/xinchi/kaldi/egs/timit/s5_la2/fbank/raw_fbank_train.4.ark:8851801
mjpm0_sx198 /nfs-share/xinchi/kaldi/egs/timit/s5_la2/fbank/raw_fbank_train.3.ark:4293010
mclm0_si1456 /nfs-share/xinchi/kaldi/egs/timit/s5_la2/fbank/raw_fbank_train.2.ark:5334976
mbom0_si1644 /nfs-share/xinchi/kaldi/egs/timit/s5_la2/fbank/raw_fbank_train.2.ark:4042007
mwac0_sx251 /nfs-share/xinchi/kaldi/egs/timit/s5_la2/fbank/raw_fbank_train.4.ark:10542300
mbcg0_si957 /nfs-share/xinchi/kaldi/egs/timit/s5_la2/fbank/raw_fbank_train.2.ark:3384145
mgaw0_si1802 /nfs-share/xinchi/kaldi/egs/timit/s5_la2/fbank/raw_fbank_train.3.ark:117273
fmbg0_si2264 /nfs-share/xinchi/kaldi/egs/timit/s5_la2/fbank/raw_fbank_train.1.ark:8649479
mjma0_sx325 /nfs-share/xinchi/kaldi/egs/timit/s5_la2/fbank/raw_fbank_train.3.ark:3936270
ftmg0_si1532 /nfs-share/xinchi/kaldi/egs/timit/s5_la2/fbank/raw_fbank_train.2.ark:1641464
mgrl0_sx417 /nfs-share/xinchi/kaldi/egs/timit/s5_la2/fbank/raw_fbank_train.3.ark:462434
fsjw0_si703 /nfs-share/xinchi/kaldi/egs/timit/s5_la2/fbank/raw_fbank_train.2.ark:183676
mmea0_si758 /nfs-share/xinchi/kaldi/egs/timit/s5_la2/fbank/raw_fbank_train.3.ark:9101074
mgsh0_si1176 /nfs-share/xinchi/kaldi/egs/timit/s5_la2/fbank/raw_fbank_train.3.ark:593125
msah1_si1049 /nfs-share/xinchi/kaldi/egs/timit/s5_la2/fbank/raw_fbank_train.4.ark:5224064
mjws0_sx243 /nfs-share/xinchi/kaldi/egs/timit/s5_la2/fbank/raw_fbank_train.3.ark:5295508
fdas1_si1461 /nfs-share/xinchi/kaldi/egs/timit/s5_la2/fbank/raw_fbank_train.1.ark:2398811
mreh1_sx429 /nfs-share/xinchi/kaldi/egs/timit/s5_la2/fbank/raw_fbank_train.4.ark:1831531
fklc1_sx238 /nfs-share/xinchi/kaldi/egs/timit/s5_la2/fbank/raw_fbank_train.1.ark:6864609
mjae0_sx444 /nfs-share/xinchi/kaldi/egs/timit/s5_la2/fbank/raw_fbank_train.3.ark:1837416
fmmh0_sx7 /nfs-share/xinchi/kaldi/egs/timit/s5_la2/fbank/raw_fbank_train.1.ark:9424300
mejs0_sx430 /nfs-share/xinchi/kaldi/egs/timit/s5_la2/fbank/raw_fbank_train.2.ark:10105412
mmds0_sx173 /nfs-share/xinchi/kaldi/egs/timit/s5_la2/fbank/raw_fbank_train.3.ark:9031962
fsma0_sx361 /nfs-share/xinchi/kaldi/egs/timit/s5_la2/fbank/raw_fbank_train.2.ark:703381
maeo0_sx336 /nfs-share/xinchi/kaldi/egs/timit/s5_la2/fbank/raw_fbank_train.2.ark:2460032
mjbg0_si1232 /nfs-share/xinchi/kaldi/egs/timit/s5_la2/fbank/raw_fbank_train.3.ark:1966906
mbml0_si1169 /nfs-share/xinchi/kaldi/egs/timit/s5_la2/fbank/raw_fbank_train.2.ark:3937348
fcyl0_sx397 /nfs-share/xinchi/kaldi/egs/timit/s5_la2/fbank/raw_fbank_train.1.ark:2385857
fbas0_sx307 /nfs-share/xinchi/kaldi/egs/timit/s5_la2/fbank/raw_fbank_train.1.ark:602661
msdh0_sx440 /nfs-share/xinchi/kaldi/egs/timit/s5_la2/fbank/raw_fbank_train.4.ark:5739031
mpgr1_si1269 /nfs-share/xinchi/kaldi/egs/timit/s5_la2/fbank/raw_fbank_train.3.ark:11190114
fmkf0_sx276 /nfs-share/xinchi/kaldi/egs/timit/s5_la2/fbank/raw_fbank_train.1.ark:9295893
mjpm1_si2280 /nfs-share/xinchi/kaldi/egs/timit/s5_la2/fbank/raw_fbank_train.3.ark:4338264
mrmh0_sx301 /nfs-share/xinchi/kaldi/egs/timit/s5_la2/fbank/raw_fbank_train.4.ark:3950783
mtcs0_sx352 /nfs-share/xinchi/kaldi/egs/timit/s5_la2/fbank/raw_fbank_train.4.ark:7719832
fbcg1_sx82 /nfs-share/xinchi/kaldi/egs/timit/s5_la2/fbank/raw_fbank_train.1.ark:721111
msem1_sx180 /nfs-share/xinchi/kaldi/egs/timit/s5_la2/fbank/raw_fbank_train.4.ark:5946063
mrtj0_sx232 /nfs-share/xinchi/kaldi/egs/timit/s5_la2/fbank/raw_fbank_train.4.ark:4793712
msat1_si2333 /nfs-share/xinchi/kaldi/egs/timit/s5_la2/fbank/raw_fbank_train.4.ark:5520288
mdac0_sx181 /nfs-share/xinchi/kaldi/egs/timit/s5_la2/fbank/raw_fbank_train.2.ark:6045050
fsms1_sx347 /nfs-share/xinchi/kaldi/egs/timit/s5_la2/fbank/raw_fbank_train.2.ark:923104
mdem0_sx248 /nfs-share/xinchi/kaldi/egs/timit/s5_la2/fbank/raw_fbank_train.2.ark:6939226
mjwt0_sx211 /nfs-share/xinchi/kaldi/egs/timit/s5_la2/fbank/raw_fbank_train.3.ark:5416453
ftbr0_sx381 /nfs-share/xinchi/kaldi/egs/timit/s5_la2/fbank/raw_fbank_train.2.ark:1427661
msah1_si1679 /nfs-share/xinchi/kaldi/egs/timit/s5_la2/fbank/raw_fbank_train.4.ark:5233898
mrre0_si1334 /nfs-share/xinchi/kaldi/egs/timit/s5_la2/fbank/raw_fbank_train.4.ark:4277999
fmjb0_sx7 /nfs-share/xinchi/kaldi/egs/timit/s5_la2/fbank/raw_fbank_train.1.ark:8907738
mrxb0_sx145 /nfs-share/xinchi/kaldi/egs/timit/s5_la2/fbank/raw_fbank_train.4.ark:5167579
mgag0_si645 /nfs-share/xinchi/kaldi/egs/timit/s5_la2/fbank/raw_fbank_train.2.ark:11067962
fscn0_si1886 /nfs-share/xinchi/kaldi/egs/timit/s5_la2/fbank/raw_fbank_train.1.ark:11309495
mdwh0_sx305 /nfs-share/xinchi/kaldi/egs/timit/s5_la2/fbank/raw_fbank_train.2.ark:9419007
fsbk0_sx349 /nfs-share/xinchi/kaldi/egs/timit/s5_la2/fbank/raw_fbank_train.1.ark:11257876
mhit0_si983 /nfs-share/xinchi/kaldi/egs/timit/s5_la2/fbank/raw_fbank_train.3.ark:1026886
fbmj0_si516 /nfs-share/xinchi/kaldi/egs/timit/s5_la2/fbank/raw_fbank_train.1.ark:1162598
mjde0_sx400 /nfs-share/xinchi/kaldi/egs/timit/s5_la2/fbank/raw_fbank_train.3.ark:2363133
fvkb0_sx349 /nfs-share/xinchi/kaldi/egs/timit/s5_la2/fbank/raw_fbank_train.2.ark:1882681
flja0_sx358 /nfs-share/xinchi/kaldi/egs/timit/s5_la2/fbank/raw_fbank_train.1.ark:7678725
mwsh0_sx76 /nfs-share/xinchi/kaldi/egs/timit/s5_la2/fbank/raw_fbank_train.4.ark:11543770
mprt0_sx220 /nfs-share/xinchi/kaldi/egs/timit/s5_la2/fbank/raw_fbank_train.4.ark:440511
fapb0_si1063 /nfs-share/xinchi/kaldi/egs/timit/s5_la2/fbank/raw_fbank_train.1.ark:403268
mljc0_si1225 /nfs-share/xinchi/kaldi/egs/timit/s5_la2/fbank/raw_fbank_train.3.ark:7441846
msat1_sx443 /nfs-share/xinchi/kaldi/egs/timit/s5_la2/fbank/raw_fbank_train.4.ark:5568340
fdml0_sx339 /nfs-share/xinchi/kaldi/egs/timit/s5_la2/fbank/raw_fbank_train.1.ark:2952626
mdhl0_sx449 /nfs-share/xinchi/kaldi/egs/timit/s5_la2/fbank/raw_fbank_train.2.ark:7072157
mpmb0_sx241 /nfs-share/xinchi/kaldi/egs/timit/s5_la2/fbank/raw_fbank_train.3.ark:11379833
mclm0_sx196 /nfs-share/xinchi/kaldi/egs/timit/s5_la2/fbank/raw_fbank_train.2.ark:5390581
mjmd0_sx218 /nfs-share/xinchi/kaldi/egs/timit/s5_la2/fbank/raw_fbank_train.3.ark:4006943
mrds0_si1797 /nfs-share/xinchi/kaldi/egs/timit/s5_la2/fbank/raw_fbank_train.4.ark:1563515
fbas0_si1472 /nfs-share/xinchi/kaldi/egs/timit/s5_la2/fbank/raw_fbank_train.1.ark:541808
mbwp0_sx169 /nfs-share/xinchi/kaldi/egs/timit/s5_la2/fbank/raw_fbank_train.2.ark:4323427
msfv0_sx362 /nfs-share/xinchi/kaldi/egs/timit/s5_la2/fbank/raw_fbank_train.4.ark:6288205
mrlr0_sx116 /nfs-share/xinchi/kaldi/egs/timit/s5_la2/fbank/raw_fbank_train.4.ark:3642320
mkjo0_si2147 /nfs-share/xinchi/kaldi/egs/timit/s5_la2/fbank/raw_fbank_train.3.ark:6478587
mbar0_sx329 /nfs-share/xinchi/kaldi/egs/timit/s5_la2/fbank/raw_fbank_train.2.ark:3238874
mdrd0_sx32 /nfs-share/xinchi/kaldi/egs/timit/s5_la2/fbank/raw_fbank_train.2.ark:8870608
mkdt0_si893 /nfs-share/xinchi/kaldi/egs/timit/s5_la2/fbank/raw_fbank_train.3.ark:6282650
mrwa0_sx73 /nfs-share/xinchi/kaldi/egs/timit/s5_la2/fbank/raw_fbank_train.4.ark:5026220
mdsj0_sx112 /nfs-share/xinchi/kaldi/egs/timit/s5_la2/fbank/raw_fbank_train.2.ark:8934055
fjrb0_sx222 /nfs-share/xinchi/kaldi/egs/timit/s5_la2/fbank/raw_fbank_train.1.ark:5493002
fskc0_si1416 /nfs-share/xinchi/kaldi/egs/timit/s5_la2/fbank/raw_fbank_train.2.ark:256514
mjde0_sx220 /nfs-share/xinchi/kaldi/egs/timit/s5_la2/fbank/raw_fbank_train.3.ark:2313875
fkde0_sx61 /nfs-share/xinchi/kaldi/egs/timit/s5_la2/fbank/raw_fbank_train.1.ark:6379341
mwrp0_sx273 /nfs-share/xinchi/kaldi/egs/timit/s5_la2/fbank/raw_fbank_train.4.ark:11311346
mtbc0_sx363 /nfs-share/xinchi/kaldi/egs/timit/s5_la2/fbank/raw_fbank_train.4.ark:7639320
mjra0_sx336 /nfs-share/xinchi/kaldi/egs/timit/s5_la2/fbank/raw_fbank_train.3.ark:4488981
mrtj0_sx142 /nfs-share/xinchi/kaldi/egs/timit/s5_la2/fbank/raw_fbank_train.4.ark:4775799
mkdb0_sx152 /nfs-share/xinchi/kaldi/egs/timit/s5_la2/fbank/raw_fbank_train.3.ark:6091234
mrhl0_sx345 /nfs-share/xinchi/kaldi/egs/timit/s5_la2/fbank/raw_fbank_train.4.ark:2538671
mdlr1_sx309 /nfs-share/xinchi/kaldi/egs/timit/s5_la2/fbank/raw_fbank_train.2.ark:8156440
fpac0_si1921 /nfs-share/xinchi/kaldi/egs/timit/s5_la2/fbank/raw_fbank_train.1.ark:9877265
mmaa0_sx215 /nfs-share/xinchi/kaldi/egs/timit/s5_la2/fbank/raw_fbank_train.3.ark:7924039
fjwb1_sx165 /nfs-share/xinchi/kaldi/egs/timit/s5_la2/fbank/raw_fbank_train.1.ark:5914949
fsbk0_sx169 /nfs-share/xinchi/kaldi/egs/timit/s5_la2/fbank/raw_fbank_train.1.ark:11231170
mwrp0_si1525 /nfs-share/xinchi/kaldi/egs/timit/s5_la2/fbank/raw_fbank_train.4.ark:11273686
mrmh0_si1021 /nfs-share/xinchi/kaldi/egs/timit/s5_la2/fbank/raw_fbank_train.4.ark:3886016
mjkr0_sx31 /nfs-share/xinchi/kaldi/egs/timit/s5_la2/fbank/raw_fbank_train.3.ark:3568201
mfxv0_sx15 /nfs-share/xinchi/kaldi/egs/timit/s5_la2/fbank/raw_fbank_train.2.ark:10922931
mjac0_sx251 /nfs-share/xinchi/kaldi/egs/timit/s5_la2/fbank/raw_fbank_train.3.ark:1702131
fjdm2_si1964 /nfs-share/xinchi/kaldi/egs/timit/s5_la2/fbank/raw_fbank_train.1.ark:4850229
fsls0_si1686 /nfs-share/xinchi/kaldi/egs/timit/s5_la2/fbank/raw_fbank_train.2.ark:551303
fexm0_sx201 /nfs-share/xinchi/kaldi/egs/timit/s5_la2/fbank/raw_fbank_train.1.ark:4116669
fskl0_si2159 /nfs-share/xinchi/kaldi/egs/timit/s5_la2/fbank/raw_fbank_train.2.ark:359093
mtwh1_sx432 /nfs-share/xinchi/kaldi/egs/timit/s5_la2/fbank/raw_fbank_train.4.ark:10067600
fklc0_sx445 /nfs-share/xinchi/kaldi/egs/timit/s5_la2/fbank/raw_fbank_train.1.ark:6796409
fcrz0_sx343 /nfs-share/xinchi/kaldi/egs/timit/s5_la2/fbank/raw_fbank_train.1.ark:2259407
mrfl0_si1156 /nfs-share/xinchi/kaldi/egs/timit/s5_la2/fbank/raw_fbank_train.4.ark:2138512
mdmt0_sx212 /nfs-share/xinchi/kaldi/egs/timit/s5_la2/fbank/raw_fbank_train.2.ark:8353098
mrai0_sx162 /nfs-share/xinchi/kaldi/egs/timit/s5_la2/fbank/raw_fbank_train.4.ark:809738
fmjf0_sx444 /nfs-share/xinchi/kaldi/egs/timit/s5_la2/fbank/raw_fbank_train.1.ark:9006163
fcyl0_sx349 /nfs-share/xinchi/kaldi/egs/timit/s5_la2/fbank/raw_fbank_train.1.ark:2357632
fkdw0_sx397 /nfs-share/xinchi/kaldi/egs/timit/s5_la2/fbank/raw_fbank_train.1.ark:6479526
mesg0_sx72 /nfs-share/xinchi/kaldi/egs/timit/s5_la2/fbank/raw_fbank_train.2.ark:10216749
mjws0_sx423 /nfs-share/xinchi/kaldi/egs/timit/s5_la2/fbank/raw_fbank_train.3.ark:5326254
mtab0_sx42 /nfs-share/xinchi/kaldi/egs/timit/s5_la2/fbank/raw_fbank_train.4.ark:7265652
mjac0_si2148 /nfs-share/xinchi/kaldi/egs/timit/s5_la2/fbank/raw_fbank_train.3.ark:1677185
mjws0_si1143 /nfs-share/xinchi/kaldi/egs/timit/s5_la2/fbank/raw_fbank_train.3.ark:5246855
fcyl0_si1297 /nfs-share/xinchi/kaldi/egs/timit/s5_la2/fbank/raw_fbank_train.1.ark:2295266
mjra0_si1236 /nfs-share/xinchi/kaldi/egs/timit/s5_la2/fbank/raw_fbank_train.3.ark:4430535
medr0_si2004 /nfs-share/xinchi/kaldi/egs/timit/s5_la2/fbank/raw_fbank_train.2.ark:9647431
ftlg0_sx303 /nfs-share/xinchi/kaldi/egs/timit/s5_la2/fbank/raw_fbank_train.2.ark:1610605
mdks0_si2326 /nfs-share/xinchi/kaldi/egs/timit/s5_la2/fbank/raw_fbank_train.2.ark:7299541
mjmd0_sx128 /nfs-share/xinchi/kaldi/egs/timit/s5_la2/fbank/raw_fbank_train.3.ark:3997390
fjdm2_sx142 /nfs-share/xinchi/kaldi/egs/timit/s5_la2/fbank/raw_fbank_train.1.ark:4876136
mwrp0_sx363 /nfs-share/xinchi/kaldi/egs/timit/s5_la2/fbank/raw_fbank_train.4.ark:11330370
mkxl0_si1958 /nfs-share/xinchi/kaldi/egs/timit/s5_la2/fbank/raw_fbank_train.3.ark:7165758
mjeb0_sx26 /nfs-share/xinchi/kaldi/egs/timit/s5_la2/fbank/raw_fbank_train.3.ark:2649863
mdks0_sx256 /nfs-share/xinchi/kaldi/egs/timit/s5_la2/fbank/raw_fbank_train.2.ark:7330367
mtas0_si755 /nfs-share/xinchi/kaldi/egs/timit/s5_la2/fbank/raw_fbank_train.4.ark:7296833
fdxw0_sx341 /nfs-share/xinchi/kaldi/egs/timit/s5_la2/fbank/raw_fbank_train.1.ark:3399087
mhbs0_si2205 /nfs-share/xinchi/kaldi/egs/timit/s5_la2/fbank/raw_fbank_train.3.ark:927108
falr0_si1955 /nfs-share/xinchi/kaldi/egs/timit/s5_la2/fbank/raw_fbank_train.1.ark:324237
mjrg0_sx16 /nfs-share/xinchi/kaldi/egs/timit/s5_la2/fbank/raw_fbank_train.3.ark:4576732
mrwa0_si1603 /nfs-share/xinchi/kaldi/egs/timit/s5_la2/fbank/raw_fbank_train.4.ark:4941029
mjrp0_si585 /nfs-share/xinchi/kaldi/egs/timit/s5_la2/fbank/raw_fbank_train.3.ark:4940408
mrtc0_sx288 /nfs-share/xinchi/kaldi/egs/timit/s5_la2/fbank/raw_fbank_train.4.ark:4701272
fdjh0_sx35 /nfs-share/xinchi/kaldi/egs/timit/s5_la2/fbank/raw_fbank_train.1.ark:2764726
mtbc0_sx347 /nfs-share/xinchi/kaldi/egs/timit/s5_la2/fbank/raw_fbank_train.4.ark:7623687
mklw0_si1571 /nfs-share/xinchi/kaldi/egs/timit/s5_la2/fbank/raw_fbank_train.3.ark:6940600
mdsj0_si2092 /nfs-share/xinchi/kaldi/egs/timit/s5_la2/fbank/raw_fbank_train.2.ark:8914149
fkde0_sx331 /nfs-share/xinchi/kaldi/egs/timit/s5_la2/fbank/raw_fbank_train.1.ark:6353556
mdss0_sx171 /nfs-share/xinchi/kaldi/egs/timit/s5_la2/fbank/raw_fbank_train.2.ark:9024840
fjlg0_sx269 /nfs-share/xinchi/kaldi/egs/timit/s5_la2/fbank/raw_fbank_train.1.ark:5299992
mdlr0_sx243 /nfs-share/xinchi/kaldi/egs/timit/s5_la2/fbank/raw_fbank_train.2.ark:8032982
mbom0_si1014 /nfs-share/xinchi/kaldi/egs/timit/s5_la2/fbank/raw_fbank_train.2.ark:4027053
mrdd0_sx240 /nfs-share/xinchi/kaldi/egs/timit/s5_la2/fbank/raw_fbank_train.4.ark:1411364
mjdm0_sx440 /nfs-share/xinchi/kaldi/egs/timit/s5_la2/fbank/raw_fbank_train.3.ark:2557112
mmwb0_sx89 /nfs-share/xinchi/kaldi/egs/timit/s5_la2/fbank/raw_fbank_train.3.ark:10257954
mmdb0_sx447 /nfs-share/xinchi/kaldi/egs/timit/s5_la2/fbank/raw_fbank_train.3.ark:8678281
fcmm0_sx183 /nfs-share/xinchi/kaldi/egs/timit/s5_la2/fbank/raw_fbank_train.1.ark:2145236
mrjm0_sx58 /nfs-share/xinchi/kaldi/egs/timit/s5_la2/fbank/raw_fbank_train.4.ark:2894092
mrvg0_sx420 /nfs-share/xinchi/kaldi/egs/timit/s5_la2/fbank/raw_fbank_train.4.ark:4914443
mrtc0_sx198 /nfs-share/xinchi/kaldi/egs/timit/s5_la2/fbank/raw_fbank_train.4.ark:4690319
mtat0_sx300 /nfs-share/xinchi/kaldi/egs/timit/s5_la2/fbank/raw_fbank_train.4.ark:7431149
fmjb0_si547 /nfs-share/xinchi/kaldi/egs/timit/s5_la2/fbank/raw_fbank_train.1.ark:8862808
mjrp0_sx315 /nfs-share/xinchi/kaldi/egs/timit/s5_la2/fbank/raw_fbank_train.3.ark:4974907
mjbg0_si1862 /nfs-share/xinchi/kaldi/egs/timit/s5_la2/fbank/raw_fbank_train.3.ark:1987854
mrai0_sx432 /nfs-share/xinchi/kaldi/egs/timit/s5_la2/fbank/raw_fbank_train.4.ark:846557
fscn0_sx356 /nfs-share/xinchi/kaldi/egs/timit/s5_la2/fbank/raw_fbank_train.1.ark:11388620
mmeb0_sx97 /nfs-share/xinchi/kaldi/egs/timit/s5_la2/fbank/raw_fbank_train.3.ark:9246861
fsrh0_sx131 /nfs-share/xinchi/kaldi/egs/timit/s5_la2/fbank/raw_fbank_train.2.ark:1086455
mwgr0_sx436 /nfs-share/xinchi/kaldi/egs/timit/s5_la2/fbank/raw_fbank_train.4.ark:11135360
mrdm0_sx425 /nfs-share/xinchi/kaldi/egs/timit/s5_la2/fbank/raw_fbank_train.4.ark:1539615
fjen0_sx57 /nfs-share/xinchi/kaldi/egs/timit/s5_la2/fbank/raw_fbank_train.1.ark:5047653
mtqc0_si2071 /nfs-share/xinchi/kaldi/egs/timit/s5_la2/fbank/raw_fbank_train.4.ark:9621696
ftlg0_sx213 /nfs-share/xinchi/kaldi/egs/timit/s5_la2/fbank/raw_fbank_train.2.ark:1598852
mdlr0_sx423 /nfs-share/xinchi/kaldi/egs/timit/s5_la2/fbank/raw_fbank_train.2.ark:8062848
mses0_si2219 /nfs-share/xinchi/kaldi/egs/timit/s5_la2/fbank/raw_fbank_train.4.ark:6034816
mcal0_sx328 /nfs-share/xinchi/kaldi/egs/timit/s5_la2/fbank/raw_fbank_train.2.ark:4574901
mjdg0_sx142 /nfs-share/xinchi/kaldi/egs/timit/s5_la2/fbank/raw_fbank_train.3.ark:2414628
madd0_sx268 /nfs-share/xinchi/kaldi/egs/timit/s5_la2/fbank/raw_fbank_train.2.ark:2258908
mrso0_sx39 /nfs-share/xinchi/kaldi/egs/timit/s5_la2/fbank/raw_fbank_train.4.ark:4490022
fsah0_si614 /nfs-share/xinchi/kaldi/egs/timit/s5_la2/fbank/raw_fbank_train.1.ark:11021206
mgrl0_sx327 /nfs-share/xinchi/kaldi/egs/timit/s5_la2/fbank/raw_fbank_train.3.ark:440241
fcjs0_sx257 /nfs-share/xinchi/kaldi/egs/timit/s5_la2/fbank/raw_fbank_train.1.ark:1763288
mprd0_si801 /nfs-share/xinchi/kaldi/egs/timit/s5_la2/fbank/raw_fbank_train.4.ark:188756
fsdc0_sx322 /nfs-share/xinchi/kaldi/egs/timit/s5_la2/fbank/raw_fbank_train.1.ark:11486966
flag0_sx24 /nfs-share/xinchi/kaldi/egs/timit/s5_la2/fbank/raw_fbank_train.1.ark:7282901
mdbb1_sx16 /nfs-share/xinchi/kaldi/egs/timit/s5_la2/fbank/raw_fbank_train.2.ark:6245690
fjlr0_si1231 /nfs-share/xinchi/kaldi/egs/timit/s5_la2/fbank/raw_fbank_train.1.ark:5351804
mjbg0_sx332 /nfs-share/xinchi/kaldi/egs/timit/s5_la2/fbank/raw_fbank_train.3.ark:2025233
mwre0_sx157 /nfs-share/xinchi/kaldi/egs/timit/s5_la2/fbank/raw_fbank_train.4.ark:11191127
mapv0_si1293 /nfs-share/xinchi/kaldi/egs/timit/s5_la2/fbank/raw_fbank_train.2.ark:2884713
mpgr1_sx239 /nfs-share/xinchi/kaldi/egs/timit/s5_la2/fbank/raw_fbank_train.3.ark:11240568
mfxs0_si2225 /nfs-share/xinchi/kaldi/egs/timit/s5_la2/fbank/raw_fbank_train.2.ark:10785646
mjls0_si1726 /nfs-share/xinchi/kaldi/egs/timit/s5_la2/fbank/raw_fbank_train.3.ark:3783393
mram0_sx285 /nfs-share/xinchi/kaldi/egs/timit/s5_la2/fbank/raw_fbank_train.4.ark:945622
mbef0_si1281 /nfs-share/xinchi/kaldi/egs/timit/s5_la2/fbank/raw_fbank_train.2.ark:3458623
mdlr0_sx63 /nfs-share/xinchi/kaldi/egs/timit/s5_la2/fbank/raw_fbank_train.2.ark:8077400
fksr0_si487 /nfs-share/xinchi/kaldi/egs/timit/s5_la2/fbank/raw_fbank_train.1.ark:7041473
mree0_si1959 /nfs-share/xinchi/kaldi/egs/timit/s5_la2/fbank/raw_fbank_train.4.ark:1675974
