mtjm0_sx146 /nfs-share/xinchi/kaldi/egs/timit/s5_la3/fbank/raw_fbank_train.4.ark:8228531
fsdc0_sx322 /nfs-share/xinchi/kaldi/egs/timit/s5_la3/fbank/raw_fbank_train.1.ark:11486966
mcre0_sx24 /nfs-share/xinchi/kaldi/egs/timit/s5_la3/fbank/raw_fbank_train.2.ark:5573592
mmpm0_sx71 /nfs-share/xinchi/kaldi/egs/timit/s5_la3/fbank/raw_fbank_train.3.ark:9802534
mjpm1_si2280 /nfs-share/xinchi/kaldi/egs/timit/s5_la3/fbank/raw_fbank_train.3.ark:4338264
mmam0_si1668 /nfs-share/xinchi/kaldi/egs/timit/s5_la3/fbank/raw_fbank_train.3.ark:8203935
mtpr0_si1600 /nfs-share/xinchi/kaldi/egs/timit/s5_la3/fbank/raw_fbank_train.4.ark:9481037
mprk0_si467 /nfs-share/xinchi/kaldi/egs/timit/s5_la3/fbank/raw_fbank_train.4.ark:312341
mgak0_sx406 /nfs-share/xinchi/kaldi/egs/timit/s5_la3/fbank/raw_fbank_train.2.ark:11227873
mmeb0_sx327 /nfs-share/xinchi/kaldi/egs/timit/s5_la3/fbank/raw_fbank_train.3.ark:9208565
mgjc0_si1256 /nfs-share/xinchi/kaldi/egs/timit/s5_la3/fbank/raw_fbank_train.3.ark:277169
mbth0_sx392 /nfs-share/xinchi/kaldi/egs/timit/s5_la3/fbank/raw_fbank_train.2.ark:4279213
mcew0_sx92 /nfs-share/xinchi/kaldi/egs/timit/s5_la3/fbank/raw_fbank_train.2.ark:5117851
fgdp0_sx358 /nfs-share/xinchi/kaldi/egs/timit/s5_la3/fbank/raw_fbank_train.1.ark:4338593
mrtj0_sx322 /nfs-share/xinchi/kaldi/egs/timit/s5_la3/fbank/raw_fbank_train.4.ark:4812665
mdtb0_si570 /nfs-share/xinchi/kaldi/egs/timit/s5_la3/fbank/raw_fbank_train.2.ark:9183417
mjda0_sx131 /nfs-share/xinchi/kaldi/egs/timit/s5_la3/fbank/raw_fbank_train.3.ark:2096233
mjpm1_sx221 /nfs-share/xinchi/kaldi/egs/timit/s5_la3/fbank/raw_fbank_train.3.ark:4371363
fsmm0_si1314 /nfs-share/xinchi/kaldi/egs/timit/s5_la3/fbank/raw_fbank_train.2.ark:744920
mrld0_sx154 /nfs-share/xinchi/kaldi/egs/timit/s5_la3/fbank/raw_fbank_train.4.ark:3276579
mtbc0_sx347 /nfs-share/xinchi/kaldi/egs/timit/s5_la3/fbank/raw_fbank_train.4.ark:7623687
mabc0_sx241 /nfs-share/xinchi/kaldi/egs/timit/s5_la3/fbank/raw_fbank_train.2.ark:2065258
msfv0_si632 /nfs-share/xinchi/kaldi/egs/timit/s5_la3/fbank/raw_fbank_train.4.ark:6246746
mrjb1_sx120 /nfs-share/xinchi/kaldi/egs/timit/s5_la3/fbank/raw_fbank_train.4.ark:2627471
mdmt0_si2341 /nfs-share/xinchi/kaldi/egs/timit/s5_la3/fbank/raw_fbank_train.2.ark:8316679
fcag0_si1641 /nfs-share/xinchi/kaldi/egs/timit/s5_la3/fbank/raw_fbank_train.1.ark:1266543
mtpr0_sx250 /nfs-share/xinchi/kaldi/egs/timit/s5_la3/fbank/raw_fbank_train.4.ark:9539690
fscn0_sx356 /nfs-share/xinchi/kaldi/egs/timit/s5_la3/fbank/raw_fbank_train.1.ark:11388620
mrws0_sx382 /nfs-share/xinchi/kaldi/egs/timit/s5_la3/fbank/raw_fbank_train.4.ark:5111125
flag0_si834 /nfs-share/xinchi/kaldi/egs/timit/s5_la3/fbank/raw_fbank_train.1.ark:7237443
mrew1_sx420 /nfs-share/xinchi/kaldi/egs/timit/s5_la3/fbank/raw_fbank_train.4.ark:2023180
mdlh0_sx160 /nfs-share/xinchi/kaldi/egs/timit/s5_la3/fbank/raw_fbank_train.2.ark:7830179
mjjj0_sx173 /nfs-share/xinchi/kaldi/egs/timit/s5_la3/fbank/raw_fbank_train.3.ark:3320733
mklw0_si1571 /nfs-share/xinchi/kaldi/egs/timit/s5_la3/fbank/raw_fbank_train.3.ark:6940600
mdlh0_sx250 /nfs-share/xinchi/kaldi/egs/timit/s5_la3/fbank/raw_fbank_train.2.ark:7847972
flja0_si1078 /nfs-share/xinchi/kaldi/egs/timit/s5_la3/fbank/raw_fbank_train.1.ark:7609278
mrjm1_sx398 /nfs-share/xinchi/kaldi/egs/timit/s5_la3/fbank/raw_fbank_train.4.ark:2997477
mljc0_sx325 /nfs-share/xinchi/kaldi/egs/timit/s5_la3/fbank/raw_fbank_train.3.ark:7507772
mdbb1_sx16 /nfs-share/xinchi/kaldi/egs/timit/s5_la3/fbank/raw_fbank_train.2.ark:6245690
fskc0_sx246 /nfs-share/xinchi/kaldi/egs/timit/s5_la3/fbank/raw_fbank_train.2.ark:298727
mbef0_sx381 /nfs-share/xinchi/kaldi/egs/timit/s5_la3/fbank/raw_fbank_train.2.ark:3531414
mclk0_sx400 /nfs-share/xinchi/kaldi/egs/timit/s5_la3/fbank/raw_fbank_train.2.ark:5324102
msmr0_sx235 /nfs-share/xinchi/kaldi/egs/timit/s5_la3/fbank/raw_fbank_train.4.ark:6594366
mrws0_sx202 /nfs-share/xinchi/kaldi/egs/timit/s5_la3/fbank/raw_fbank_train.4.ark:5083347
fdkn0_sx181 /nfs-share/xinchi/kaldi/egs/timit/s5_la3/fbank/raw_fbank_train.1.ark:2828094
mrkm0_sx367 /nfs-share/xinchi/kaldi/egs/timit/s5_la3/fbank/raw_fbank_train.4.ark:3198102
mrjh0_si1519 /nfs-share/xinchi/kaldi/egs/timit/s5_la3/fbank/raw_fbank_train.4.ark:2688756
mgrp0_si687 /nfs-share/xinchi/kaldi/egs/timit/s5_la3/fbank/raw_fbank_train.3.ark:510687
mter0_sx437 /nfs-share/xinchi/kaldi/egs/timit/s5_la3/fbank/raw_fbank_train.4.ark:8056580
mkjo0_sx424 /nfs-share/xinchi/kaldi/egs/timit/s5_la3/fbank/raw_fbank_train.3.ark:6518279
mjrk0_sx340 /nfs-share/xinchi/kaldi/egs/timit/s5_la3/fbank/raw_fbank_train.3.ark:4885642
mgsh0_sx6 /nfs-share/xinchi/kaldi/egs/timit/s5_la3/fbank/raw_fbank_train.3.ark:673882
mrml0_si791 /nfs-share/xinchi/kaldi/egs/timit/s5_la3/fbank/raw_fbank_train.4.ark:4009189
mdks0_sx166 /nfs-share/xinchi/kaldi/egs/timit/s5_la3/fbank/raw_fbank_train.2.ark:7311694
mlel0_si616 /nfs-share/xinchi/kaldi/egs/timit/s5_la3/fbank/raw_fbank_train.3.ark:7351608
mmds0_sx353 /nfs-share/xinchi/kaldi/egs/timit/s5_la3/fbank/raw_fbank_train.3.ark:9052388
mctm0_sx180 /nfs-share/xinchi/kaldi/egs/timit/s5_la3/fbank/raw_fbank_train.2.ark:5852160
fskc0_sx66 /nfs-share/xinchi/kaldi/egs/timit/s5_la3/fbank/raw_fbank_train.2.ark:336705
mtkd0_sx287 /nfs-share/xinchi/kaldi/egs/timit/s5_la3/fbank/raw_fbank_train.4.ark:8571024
mrmg0_sx180 /nfs-share/xinchi/kaldi/egs/timit/s5_la3/fbank/raw_fbank_train.4.ark:3825691
mtcs0_sx82 /nfs-share/xinchi/kaldi/egs/timit/s5_la3/fbank/raw_fbank_train.4.ark:7750417
mmgc0_sx45 /nfs-share/xinchi/kaldi/egs/timit/s5_la3/fbank/raw_fbank_train.3.ark:9338767
mcpm0_sx204 /nfs-share/xinchi/kaldi/egs/timit/s5_la3/fbank/raw_fbank_train.2.ark:5476454
mbth0_sx302 /nfs-share/xinchi/kaldi/egs/timit/s5_la3/fbank/raw_fbank_train.2.ark:4256108
mbcg0_si486 /nfs-share/xinchi/kaldi/egs/timit/s5_la3/fbank/raw_fbank_train.2.ark:3376992
mfxs0_si1674 /nfs-share/xinchi/kaldi/egs/timit/s5_la3/fbank/raw_fbank_train.2.ark:10775372
mtrr0_sx108 /nfs-share/xinchi/kaldi/egs/timit/s5_la3/fbank/raw_fbank_train.4.ark:9848491
mreh1_si2229 /nfs-share/xinchi/kaldi/egs/timit/s5_la3/fbank/raw_fbank_train.4.ark:1764526
mntw0_sx78 /nfs-share/xinchi/kaldi/egs/timit/s5_la3/fbank/raw_fbank_train.3.ark:10723676
mtas0_si2015 /nfs-share/xinchi/kaldi/egs/timit/s5_la3/fbank/raw_fbank_train.4.ark:7289480
mkam0_sx326 /nfs-share/xinchi/kaldi/egs/timit/s5_la3/fbank/raw_fbank_train.3.ark:6021156
fntb0_si573 /nfs-share/xinchi/kaldi/egs/timit/s5_la3/fbank/raw_fbank_train.1.ark:9679329
mtab0_si2202 /nfs-share/xinchi/kaldi/egs/timit/s5_la3/fbank/raw_fbank_train.4.ark:7180135
fdnc0_si2287 /nfs-share/xinchi/kaldi/egs/timit/s5_la3/fbank/raw_fbank_train.1.ark:3162457
fpab1_si841 /nfs-share/xinchi/kaldi/egs/timit/s5_la3/fbank/raw_fbank_train.1.ark:9796187
mefg0_sx15 /nfs-share/xinchi/kaldi/egs/timit/s5_la3/fbank/raw_fbank_train.2.ark:9783592
mtrt0_si1227 /nfs-share/xinchi/kaldi/egs/timit/s5_la3/fbank/raw_fbank_train.4.ark:9909656
fcaj0_sx129 /nfs-share/xinchi/kaldi/egs/timit/s5_la3/fbank/raw_fbank_train.1.ark:1374195
mbma0_sx412 /nfs-share/xinchi/kaldi/egs/timit/s5_la3/fbank/raw_fbank_train.2.ark:3806897
mtat0_sx210 /nfs-share/xinchi/kaldi/egs/timit/s5_la3/fbank/raw_fbank_train.4.ark:7414844
meal0_sx287 /nfs-share/xinchi/kaldi/egs/timit/s5_la3/fbank/raw_fbank_train.2.ark:9603457
makr0_sx182 /nfs-share/xinchi/kaldi/egs/timit/s5_la3/fbank/raw_fbank_train.2.ark:2839708
msas0_sx296 /nfs-share/xinchi/kaldi/egs/timit/s5_la3/fbank/raw_fbank_train.4.ark:5396288
mdjm0_si1455 /nfs-share/xinchi/kaldi/egs/timit/s5_la3/fbank/raw_fbank_train.2.ark:7187408
mvjh0_sx386 /nfs-share/xinchi/kaldi/egs/timit/s5_la3/fbank/raw_fbank_train.4.ark:10289923
mklr0_si1689 /nfs-share/xinchi/kaldi/egs/timit/s5_la3/fbank/raw_fbank_train.3.ark:6666317
mgag0_si1321 /nfs-share/xinchi/kaldi/egs/timit/s5_la3/fbank/raw_fbank_train.2.ark:11052729
mrav0_si1008 /nfs-share/xinchi/kaldi/egs/timit/s5_la3/fbank/raw_fbank_train.4.ark:970329
flma0_si613 /nfs-share/xinchi/kaldi/egs/timit/s5_la3/fbank/raw_fbank_train.1.ark:8067645
frjb0_si1794 /nfs-share/xinchi/kaldi/egs/timit/s5_la3/fbank/raw_fbank_train.1.ark:10707612
faem0_si1392 /nfs-share/xinchi/kaldi/egs/timit/s5_la3/fbank/raw_fbank_train.1.ark:13
mjlg1_si1012 /nfs-share/xinchi/kaldi/egs/timit/s5_la3/fbank/raw_fbank_train.3.ark:3678213
mzmb0_si536 /nfs-share/xinchi/kaldi/egs/timit/s5_la3/fbank/raw_fbank_train.4.ark:11582431
mmgg0_sx179 /nfs-share/xinchi/kaldi/egs/timit/s5_la3/fbank/raw_fbank_train.3.ark:9386422
mtpg0_si2013 /nfs-share/xinchi/kaldi/egs/timit/s5_la3/fbank/raw_fbank_train.4.ark:9313621
mtab0_sx402 /nfs-share/xinchi/kaldi/egs/timit/s5_la3/fbank/raw_fbank_train.4.ark:7252540
mmbs0_si1151 /nfs-share/xinchi/kaldi/egs/timit/s5_la3/fbank/raw_fbank_train.3.ark:8398512
mtas0_sx125 /nfs-share/xinchi/kaldi/egs/timit/s5_la3/fbank/raw_fbank_train.4.ark:7306146
mesg0_sx252 /nfs-share/xinchi/kaldi/egs/timit/s5_la3/fbank/raw_fbank_train.2.ark:10176211
mfxs0_sx144 /nfs-share/xinchi/kaldi/egs/timit/s5_la3/fbank/raw_fbank_train.2.ark:10802873
mtbc0_sx93 /nfs-share/xinchi/kaldi/egs/timit/s5_la3/fbank/raw_fbank_train.4.ark:7654032
fpmy0_sx73 /nfs-share/xinchi/kaldi/egs/timit/s5_la3/fbank/raw_fbank_train.1.ark:10589165
fdaw0_si1271 /nfs-share/xinchi/kaldi/egs/timit/s5_la3/fbank/raw_fbank_train.1.ark:2502036
fjsk0_sx152 /nfs-share/xinchi/kaldi/egs/timit/s5_la3/fbank/raw_fbank_train.1.ark:5714700
mpmb0_sx241 /nfs-share/xinchi/kaldi/egs/timit/s5_la3/fbank/raw_fbank_train.3.ark:11379833
fjkl0_sx32 /nfs-share/xinchi/kaldi/egs/timit/s5_la3/fbank/raw_fbank_train.1.ark:5230471
fkkh0_sx210 /nfs-share/xinchi/kaldi/egs/timit/s5_la3/fbank/raw_fbank_train.1.ark:6672958
fhxs0_sx175 /nfs-share/xinchi/kaldi/egs/timit/s5_la3/fbank/raw_fbank_train.1.ark:4775550
mrjb1_si1413 /nfs-share/xinchi/kaldi/egs/timit/s5_la3/fbank/raw_fbank_train.4.ark:2587324
mrjh0_si914 /nfs-share/xinchi/kaldi/egs/timit/s5_la3/fbank/raw_fbank_train.4.ark:2727422
mfwk0_sx259 /nfs-share/xinchi/kaldi/egs/timit/s5_la3/fbank/raw_fbank_train.2.ark:10721920
mreh1_sx339 /nfs-share/xinchi/kaldi/egs/timit/s5_la3/fbank/raw_fbank_train.4.ark:1819218
mljh0_sx154 /nfs-share/xinchi/kaldi/egs/timit/s5_la3/fbank/raw_fbank_train.3.ark:7600131
mrbc0_si599 /nfs-share/xinchi/kaldi/egs/timit/s5_la3/fbank/raw_fbank_train.4.ark:1079902
mdss0_sx441 /nfs-share/xinchi/kaldi/egs/timit/s5_la3/fbank/raw_fbank_train.2.ark:9056979
fbch0_sx56 /nfs-share/xinchi/kaldi/egs/timit/s5_la3/fbank/raw_fbank_train.1.ark:828855
mkln0_si2228 /nfs-share/xinchi/kaldi/egs/timit/s5_la3/fbank/raw_fbank_train.3.ark:6568972
fpjf0_si1259 /nfs-share/xinchi/kaldi/egs/timit/s5_la3/fbank/raw_fbank_train.1.ark:10309879
mdlb0_sx46 /nfs-share/xinchi/kaldi/egs/timit/s5_la3/fbank/raw_fbank_train.2.ark:7492010
mcae0_sx277 /nfs-share/xinchi/kaldi/egs/timit/s5_la3/fbank/raw_fbank_train.2.ark:4466525
mchl0_sx87 /nfs-share/xinchi/kaldi/egs/timit/s5_la3/fbank/raw_fbank_train.2.ark:5221957
fsdj0_sx395 /nfs-share/xinchi/kaldi/egs/timit/s5_la3/fbank/raw_fbank_train.1.ark:11595016
mkxl0_si1958 /nfs-share/xinchi/kaldi/egs/timit/s5_la3/fbank/raw_fbank_train.3.ark:7165758
mmdm1_sx333 /nfs-share/xinchi/kaldi/egs/timit/s5_la3/fbank/raw_fbank_train.3.ark:8959483
mrds0_sx357 /nfs-share/xinchi/kaldi/egs/timit/s5_la3/fbank/raw_fbank_train.4.ark:1612607
marw0_sx16 /nfs-share/xinchi/kaldi/egs/timit/s5_la3/fbank/raw_fbank_train.2.ark:3114575
mbgt0_sx171 /nfs-share/xinchi/kaldi/egs/timit/s5_la3/fbank/raw_fbank_train.2.ark:3578628
mtrc0_sx183 /nfs-share/xinchi/kaldi/egs/timit/s5_la3/fbank/raw_fbank_train.4.ark:9775379
fdml0_si2075 /nfs-share/xinchi/kaldi/egs/timit/s5_la3/fbank/raw_fbank_train.1.ark:2925927
fklc1_si1678 /nfs-share/xinchi/kaldi/egs/timit/s5_la3/fbank/raw_fbank_train.1.ark:6837869
mtkd0_sx197 /nfs-share/xinchi/kaldi/egs/timit/s5_la3/fbank/raw_fbank_train.4.ark:8560151
mmeb0_si727 /nfs-share/xinchi/kaldi/egs/timit/s5_la3/fbank/raw_fbank_train.3.ark:9192219
mtxs0_si1060 /nfs-share/xinchi/kaldi/egs/timit/s5_la3/fbank/raw_fbank_train.4.ark:10089186
mgaw0_sx175 /nfs-share/xinchi/kaldi/egs/timit/s5_la3/fbank/raw_fbank_train.3.ark:141259
flod0_sx207 /nfs-share/xinchi/kaldi/egs/timit/s5_la3/fbank/raw_fbank_train.1.ark:8392020
mljh0_sx424 /nfs-share/xinchi/kaldi/egs/timit/s5_la3/fbank/raw_fbank_train.3.ark:7643150
mlel0_sx256 /nfs-share/xinchi/kaldi/egs/timit/s5_la3/fbank/raw_fbank_train.3.ark:7388154
fpab1_sx121 /nfs-share/xinchi/kaldi/egs/timit/s5_la3/fbank/raw_fbank_train.1.ark:9815980
falr0_sx245 /nfs-share/xinchi/kaldi/egs/timit/s5_la3/fbank/raw_fbank_train.1.ark:358776
mtjs0_sx202 /nfs-share/xinchi/kaldi/egs/timit/s5_la3/fbank/raw_fbank_train.4.ark:8347589
mjfh0_si477 /nfs-share/xinchi/kaldi/egs/timit/s5_la3/fbank/raw_fbank_train.3.ark:2905800
fjdm2_si1582 /nfs-share/xinchi/kaldi/egs/timit/s5_la3/fbank/raw_fbank_train.1.ark:4839235
msas0_si746 /nfs-share/xinchi/kaldi/egs/timit/s5_la3/fbank/raw_fbank_train.4.ark:5341437
mtat0_sx30 /nfs-share/xinchi/kaldi/egs/timit/s5_la3/fbank/raw_fbank_train.4.ark:7423796
mree0_sx294 /nfs-share/xinchi/kaldi/egs/timit/s5_la3/fbank/raw_fbank_train.4.ark:1724145
mdmt0_si572 /nfs-share/xinchi/kaldi/egs/timit/s5_la3/fbank/raw_fbank_train.2.ark:8323032
mbth0_sx32 /nfs-share/xinchi/kaldi/egs/timit/s5_la3/fbank/raw_fbank_train.2.ark:4267740
mmaa0_si2105 /nfs-share/xinchi/kaldi/egs/timit/s5_la3/fbank/raw_fbank_train.3.ark:7883980
feme0_si2135 /nfs-share/xinchi/kaldi/egs/timit/s5_la3/fbank/raw_fbank_train.1.ark:3866360
flja0_sx358 /nfs-share/xinchi/kaldi/egs/timit/s5_la3/fbank/raw_fbank_train.1.ark:7678725
fcjs0_si977 /nfs-share/xinchi/kaldi/egs/timit/s5_la3/fbank/raw_fbank_train.1.ark:1736222
mmdg0_sx340 /nfs-share/xinchi/kaldi/egs/timit/s5_la3/fbank/raw_fbank_train.3.ark:8766633
mrai0_sx342 /nfs-share/xinchi/kaldi/egs/timit/s5_la3/fbank/raw_fbank_train.4.ark:832964
madc0_si1997 /nfs-share/xinchi/kaldi/egs/timit/s5_la3/fbank/raw_fbank_train.2.ark:2121984
mrhl0_sx165 /nfs-share/xinchi/kaldi/egs/timit/s5_la3/fbank/raw_fbank_train.4.ark:2515885
mmeb0_sx367 /nfs-share/xinchi/kaldi/egs/timit/s5_la3/fbank/raw_fbank_train.3.ark:9226598
mdns0_sx111 /nfs-share/xinchi/kaldi/egs/timit/s5_la3/fbank/raw_fbank_train.2.ark:8449450
fskp0_sx288 /nfs-share/xinchi/kaldi/egs/timit/s5_la3/fbank/raw_fbank_train.2.ark:515562
mjjj0_si533 /nfs-share/xinchi/kaldi/egs/timit/s5_la3/fbank/raw_fbank_train.3.ark:3306060
mwar0_sx325 /nfs-share/xinchi/kaldi/egs/timit/s5_la3/fbank/raw_fbank_train.4.ark:10740145
fsjg0_si2200 /nfs-share/xinchi/kaldi/egs/timit/s5_la3/fbank/raw_fbank_train.1.ark:11719189
mjsr0_sx344 /nfs-share/xinchi/kaldi/egs/timit/s5_la3/fbank/raw_fbank_train.3.ark:5090252
mrjm0_sx418 /nfs-share/xinchi/kaldi/egs/timit/s5_la3/fbank/raw_fbank_train.4.ark:2880660
fsrh0_sx221 /nfs-share/xinchi/kaldi/egs/timit/s5_la3/fbank/raw_fbank_train.2.ark:1096648
fskl0_sx179 /nfs-share/xinchi/kaldi/egs/timit/s5_la3/fbank/raw_fbank_train.2.ark:386359
mmdm0_si1941 /nfs-share/xinchi/kaldi/egs/timit/s5_la3/fbank/raw_fbank_train.3.ark:8823126
mjeb0_si1286 /nfs-share/xinchi/kaldi/egs/timit/s5_la3/fbank/raw_fbank_train.3.ark:2582618
mpar0_si2206 /nfs-share/xinchi/kaldi/egs/timit/s5_la3/fbank/raw_fbank_train.3.ark:10740944
mprb0_sx125 /nfs-share/xinchi/kaldi/egs/timit/s5_la3/fbank/raw_fbank_train.4.ark:100044
mdrd0_sx212 /nfs-share/xinchi/kaldi/egs/timit/s5_la3/fbank/raw_fbank_train.2.ark:8843183
fscn0_si1886 /nfs-share/xinchi/kaldi/egs/timit/s5_la3/fbank/raw_fbank_train.1.ark:11309495
mcal0_si1138 /nfs-share/xinchi/kaldi/egs/timit/s5_la3/fbank/raw_fbank_train.2.ark:4523335
mtjg0_si2157 /nfs-share/xinchi/kaldi/egs/timit/s5_la3/fbank/raw_fbank_train.4.ark:8093040
mctm0_sx360 /nfs-share/xinchi/kaldi/egs/timit/s5_la3/fbank/raw_fbank_train.2.ark:5873106
medr0_si744 /nfs-share/xinchi/kaldi/egs/timit/s5_la3/fbank/raw_fbank_train.2.ark:9664184
mdwm0_si2176 /nfs-share/xinchi/kaldi/egs/timit/s5_la3/fbank/raw_fbank_train.2.ark:9471900
mjxa0_si2137 /nfs-share/xinchi/kaldi/egs/timit/s5_la3/fbank/raw_fbank_train.3.ark:5479179
mhit0_sx263 /nfs-share/xinchi/kaldi/egs/timit/s5_la3/fbank/raw_fbank_train.3.ark:1060752
mtpf0_sx425 /nfs-share/xinchi/kaldi/egs/timit/s5_la3/fbank/raw_fbank_train.4.ark:9283321
mjmm0_sx265 /nfs-share/xinchi/kaldi/egs/timit/s5_la3/fbank/raw_fbank_train.3.ark:4104048
mjee0_sx427 /nfs-share/xinchi/kaldi/egs/timit/s5_la3/fbank/raw_fbank_train.3.ark:2857587
fmju0_sx219 /nfs-share/xinchi/kaldi/egs/timit/s5_la3/fbank/raw_fbank_train.1.ark:9089842
fblv0_si1058 /nfs-share/xinchi/kaldi/egs/timit/s5_la3/fbank/raw_fbank_train.1.ark:941034
mjrh0_sx135 /nfs-share/xinchi/kaldi/egs/timit/s5_la3/fbank/raw_fbank_train.3.ark:4671486
mmws0_si1518 /nfs-share/xinchi/kaldi/egs/timit/s5_la3/fbank/raw_fbank_train.3.ark:10270828
megj0_sx77 /nfs-share/xinchi/kaldi/egs/timit/s5_la3/fbank/raw_fbank_train.2.ark:9927674
falk0_sx96 /nfs-share/xinchi/kaldi/egs/timit/s5_la3/fbank/raw_fbank_train.1.ark:298009
mtpp0_sx248 /nfs-share/xinchi/kaldi/egs/timit/s5_la3/fbank/raw_fbank_train.4.ark:9434945
fpls0_sx60 /nfs-share/xinchi/kaldi/egs/timit/s5_la3/fbank/raw_fbank_train.1.ark:10474420
mtat0_sx300 /nfs-share/xinchi/kaldi/egs/timit/s5_la3/fbank/raw_fbank_train.4.ark:7431149
fksr0_sx217 /nfs-share/xinchi/kaldi/egs/timit/s5_la3/fbank/raw_fbank_train.1.ark:7068619
feeh0_sx302 /nfs-share/xinchi/kaldi/egs/timit/s5_la3/fbank/raw_fbank_train.1.ark:3817107
fsjw0_sx73 /nfs-share/xinchi/kaldi/egs/timit/s5_la3/fbank/raw_fbank_train.2.ark:242760
mcal0_sx418 /nfs-share/xinchi/kaldi/egs/timit/s5_la3/fbank/raw_fbank_train.2.ark:4589094
mcew0_sx362 /nfs-share/xinchi/kaldi/egs/timit/s5_la3/fbank/raw_fbank_train.2.ark:5082666
mclm0_sx16 /nfs-share/xinchi/kaldi/egs/timit/s5_la3/fbank/raw_fbank_train.2.ark:5382588
mjpm1_sx131 /nfs-share/xinchi/kaldi/egs/timit/s5_la3/fbank/raw_fbank_train.3.ark:4362250
mkdt0_si2153 /nfs-share/xinchi/kaldi/egs/timit/s5_la3/fbank/raw_fbank_train.3.ark:6254184
fspm0_si1241 /nfs-share/xinchi/kaldi/egs/timit/s5_la3/fbank/raw_fbank_train.2.ark:950410
feme0_sx155 /nfs-share/xinchi/kaldi/egs/timit/s5_la3/fbank/raw_fbank_train.1.ark:3895266
msjk0_si966 /nfs-share/xinchi/kaldi/egs/timit/s5_la3/fbank/raw_fbank_train.4.ark:6361251
mrlj1_sx141 /nfs-share/xinchi/kaldi/egs/timit/s5_la3/fbank/raw_fbank_train.4.ark:3449270
mmdm0_sx321 /nfs-share/xinchi/kaldi/egs/timit/s5_la3/fbank/raw_fbank_train.3.ark:8860778
mgrl0_si2127 /nfs-share/xinchi/kaldi/egs/timit/s5_la3/fbank/raw_fbank_train.3.ark:397629
fpab1_sx301 /nfs-share/xinchi/kaldi/egs/timit/s5_la3/fbank/raw_fbank_train.1.ark:9843926
mtas0_sx35 /nfs-share/xinchi/kaldi/egs/timit/s5_la3/fbank/raw_fbank_train.4.ark:7334604
mgrp0_si1947 /nfs-share/xinchi/kaldi/egs/timit/s5_la3/fbank/raw_fbank_train.3.ark:500414
fmem0_sx333 /nfs-share/xinchi/kaldi/egs/timit/s5_la3/fbank/raw_fbank_train.1.ark:8792674
mjhi0_si1328 /nfs-share/xinchi/kaldi/egs/timit/s5_la3/fbank/raw_fbank_train.3.ark:3072543
mljh0_si694 /nfs-share/xinchi/kaldi/egs/timit/s5_la3/fbank/raw_fbank_train.3.ark:7581698
mmxs0_sx336 /nfs-share/xinchi/kaldi/egs/timit/s5_la3/fbank/raw_fbank_train.3.ark:10500842
fjwb1_sx165 /nfs-share/xinchi/kaldi/egs/timit/s5_la3/fbank/raw_fbank_train.1.ark:5914949
mdns0_si1011 /nfs-share/xinchi/kaldi/egs/timit/s5_la3/fbank/raw_fbank_train.2.ark:8401630
fbjl0_si1552 /nfs-share/xinchi/kaldi/egs/timit/s5_la3/fbank/raw_fbank_train.1.ark:841289
fspm0_sx431 /nfs-share/xinchi/kaldi/egs/timit/s5_la3/fbank/raw_fbank_train.2.ark:1038689
mjmm0_sx175 /nfs-share/xinchi/kaldi/egs/timit/s5_la3/fbank/raw_fbank_train.3.ark:4087375
frll0_si805 /nfs-share/xinchi/kaldi/egs/timit/s5_la3/fbank/raw_fbank_train.1.ark:10791283
mpar0_sx226 /nfs-share/xinchi/kaldi/egs/timit/s5_la3/fbank/raw_fbank_train.3.ark:10779803
mmrp0_sx324 /nfs-share/xinchi/kaldi/egs/timit/s5_la3/fbank/raw_fbank_train.3.ark:9871013
msds0_si1707 /nfs-share/xinchi/kaldi/egs/timit/s5_la3/fbank/raw_fbank_train.4.ark:5786291
fjkl0_si2192 /nfs-share/xinchi/kaldi/egs/timit/s5_la3/fbank/raw_fbank_train.1.ark:5164747
mrlr0_si1826 /nfs-share/xinchi/kaldi/egs/timit/s5_la3/fbank/raw_fbank_train.4.ark:3618054
mded0_si540 /nfs-share/xinchi/kaldi/egs/timit/s5_la3/fbank/raw_fbank_train.2.ark:6707190
mdlb0_sx226 /nfs-share/xinchi/kaldi/egs/timit/s5_la3/fbank/raw_fbank_train.2.ark:7446192
mrpc1_sx42 /nfs-share/xinchi/kaldi/egs/timit/s5_la3/fbank/raw_fbank_train.4.ark:4269685
mrmb0_sx141 /nfs-share/xinchi/kaldi/egs/timit/s5_la3/fbank/raw_fbank_train.4.ark:3730665
mljh0_sx244 /nfs-share/xinchi/kaldi/egs/timit/s5_la3/fbank/raw_fbank_train.3.ark:7613724
fbch0_sx146 /nfs-share/xinchi/kaldi/egs/timit/s5_la3/fbank/raw_fbank_train.1.ark:778004
fbcg1_sx82 /nfs-share/xinchi/kaldi/egs/timit/s5_la3/fbank/raw_fbank_train.1.ark:721111
mjws0_sx423 /nfs-share/xinchi/kaldi/egs/timit/s5_la3/fbank/raw_fbank_train.3.ark:5326254
maeo0_sx246 /nfs-share/xinchi/kaldi/egs/timit/s5_la3/fbank/raw_fbank_train.2.ark:2451639
mjae0_sx444 /nfs-share/xinchi/kaldi/egs/timit/s5_la3/fbank/raw_fbank_train.3.ark:1837416
mtpg0_si1383 /nfs-share/xinchi/kaldi/egs/timit/s5_la3/fbank/raw_fbank_train.4.ark:9298307
mmgg0_si1709 /nfs-share/xinchi/kaldi/egs/timit/s5_la3/fbank/raw_fbank_train.3.ark:9368315
mdlc2_sx264 /nfs-share/xinchi/kaldi/egs/timit/s5_la3/fbank/raw_fbank_train.2.ark:7748588
msat1_sx353 /nfs-share/xinchi/kaldi/egs/timit/s5_la3/fbank/raw_fbank_train.4.ark:5556787
feac0_si615 /nfs-share/xinchi/kaldi/egs/timit/s5_la3/fbank/raw_fbank_train.1.ark:3453053
fbas0_sx127 /nfs-share/xinchi/kaldi/egs/timit/s5_la3/fbank/raw_fbank_train.1.ark:584755
msvs0_si938 /nfs-share/xinchi/kaldi/egs/timit/s5_la3/fbank/raw_fbank_train.4.ark:7066783
fskp0_si1728 /nfs-share/xinchi/kaldi/egs/timit/s5_la3/fbank/raw_fbank_train.2.ark:464118
mjxl0_sx362 /nfs-share/xinchi/kaldi/egs/timit/s5_la3/fbank/raw_fbank_train.3.ark:5616576
mesg0_si1962 /nfs-share/xinchi/kaldi/egs/timit/s5_la3/fbank/raw_fbank_train.2.ark:10137152
mtqc0_si480 /nfs-share/xinchi/kaldi/egs/timit/s5_la3/fbank/raw_fbank_train.4.ark:9633249
mtrc0_si1623 /nfs-share/xinchi/kaldi/egs/timit/s5_la3/fbank/raw_fbank_train.4.ark:9725647
mtpg0_sx213 /nfs-share/xinchi/kaldi/egs/timit/s5_la3/fbank/raw_fbank_train.4.ark:9348480
mvlo0_si517 /nfs-share/xinchi/kaldi/egs/timit/s5_la3/fbank/raw_fbank_train.4.ark:10320984
mtwh1_si2142 /nfs-share/xinchi/kaldi/egs/timit/s5_la3/fbank/raw_fbank_train.4.ark:10017795
fljd0_si886 /nfs-share/xinchi/kaldi/egs/timit/s5_la3/fbank/raw_fbank_train.1.ark:7747051
fdmy0_sx27 /nfs-share/xinchi/kaldi/egs/timit/s5_la3/fbank/raw_fbank_train.1.ark:3080089
mcdc0_si662 /nfs-share/xinchi/kaldi/egs/timit/s5_la3/fbank/raw_fbank_train.2.ark:4641227
fbcg1_si1612 /nfs-share/xinchi/kaldi/egs/timit/s5_la3/fbank/raw_fbank_train.1.ark:633960
mbcg0_sx57 /nfs-share/xinchi/kaldi/egs/timit/s5_la3/fbank/raw_fbank_train.2.ark:3448149
mmam0_sx247 /nfs-share/xinchi/kaldi/egs/timit/s5_la3/fbank/raw_fbank_train.3.ark:8229195
mewm0_si1978 /nfs-share/xinchi/kaldi/egs/timit/s5_la3/fbank/raw_fbank_train.2.ark:10319960
fsmm0_si1944 /nfs-share/xinchi/kaldi/egs/timit/s5_la3/fbank/raw_fbank_train.2.ark:756034
mrtj0_sx142 /nfs-share/xinchi/kaldi/egs/timit/s5_la3/fbank/raw_fbank_train.4.ark:4775799
fmju0_sx399 /nfs-share/xinchi/kaldi/egs/timit/s5_la3/fbank/raw_fbank_train.1.ark:9128500
mbml0_si1169 /nfs-share/xinchi/kaldi/egs/timit/s5_la3/fbank/raw_fbank_train.2.ark:3937348
mrxb0_sx325 /nfs-share/xinchi/kaldi/egs/timit/s5_la3/fbank/raw_fbank_train.4.ark:5189765
mewm0_sx448 /nfs-share/xinchi/kaldi/egs/timit/s5_la3/fbank/raw_fbank_train.2.ark:10374765
mmsm0_si476 /nfs-share/xinchi/kaldi/egs/timit/s5_la3/fbank/raw_fbank_train.3.ark:9947699
fpaf0_si1054 /nfs-share/xinchi/kaldi/egs/timit/s5_la3/fbank/raw_fbank_train.1.ark:10092195
mdlr0_sx63 /nfs-share/xinchi/kaldi/egs/timit/s5_la3/fbank/raw_fbank_train.2.ark:8077400
mjls0_sx376 /nfs-share/xinchi/kaldi/egs/timit/s5_la3/fbank/raw_fbank_train.3.ark:3860150
mrds0_sx87 /nfs-share/xinchi/kaldi/egs/timit/s5_la3/fbank/raw_fbank_train.4.ark:1635112
fexm0_sx291 /nfs-share/xinchi/kaldi/egs/timit/s5_la3/fbank/raw_fbank_train.1.ark:4132582
fjhk0_sx392 /nfs-share/xinchi/kaldi/egs/timit/s5_la3/fbank/raw_fbank_train.1.ark:5147679
mbml0_sx179 /nfs-share/xinchi/kaldi/egs/timit/s5_la3/fbank/raw_fbank_train.2.ark:3968008
fskl0_si1529 /nfs-share/xinchi/kaldi/egs/timit/s5_la3/fbank/raw_fbank_train.2.ark:347179
mrfk0_sx176 /nfs-share/xinchi/kaldi/egs/timit/s5_la3/fbank/raw_fbank_train.4.ark:2083707
mcdd0_si883 /nfs-share/xinchi/kaldi/egs/timit/s5_la3/fbank/raw_fbank_train.2.ark:4733452
mbar0_sx419 /nfs-share/xinchi/kaldi/egs/timit/s5_la3/fbank/raw_fbank_train.2.ark:3253107
mjrg0_sx106 /nfs-share/xinchi/kaldi/egs/timit/s5_la3/fbank/raw_fbank_train.3.ark:4567020
fgdp0_si2248 /nfs-share/xinchi/kaldi/egs/timit/s5_la3/fbank/raw_fbank_train.1.ark:4277341
mmam0_si2227 /nfs-share/xinchi/kaldi/egs/timit/s5_la3/fbank/raw_fbank_train.3.ark:8213049
mbma0_si592 /nfs-share/xinchi/kaldi/egs/timit/s5_la3/fbank/raw_fbank_train.2.ark:3762885
mrvg0_sx150 /nfs-share/xinchi/kaldi/egs/timit/s5_la3/fbank/raw_fbank_train.4.ark:4884184
fclt0_sx358 /nfs-share/xinchi/kaldi/egs/timit/s5_la3/fbank/raw_fbank_train.1.ark:1965411
fjkl0_sx302 /nfs-share/xinchi/kaldi/egs/timit/s5_la3/fbank/raw_fbank_train.1.ark:5220079
mwsh0_sx76 /nfs-share/xinchi/kaldi/egs/timit/s5_la3/fbank/raw_fbank_train.4.ark:11543770
flhd0_si1344 /nfs-share/xinchi/kaldi/egs/timit/s5_la3/fbank/raw_fbank_train.1.ark:7516492
mdrd0_sx302 /nfs-share/xinchi/kaldi/egs/timit/s5_la3/fbank/raw_fbank_train.2.ark:8858136
mcdc0_si1292 /nfs-share/xinchi/kaldi/egs/timit/s5_la3/fbank/raw_fbank_train.2.ark:4620320
mjma0_si865 /nfs-share/xinchi/kaldi/egs/timit/s5_la3/fbank/raw_fbank_train.3.ark:3902731
fgdp0_sx448 /nfs-share/xinchi/kaldi/egs/timit/s5_la3/fbank/raw_fbank_train.1.ark:4351786
mprk0_sx197 /nfs-share/xinchi/kaldi/egs/timit/s5_la3/fbank/raw_fbank_train.4.ark:355279
frll0_sx344 /nfs-share/xinchi/kaldi/egs/timit/s5_la3/fbank/raw_fbank_train.1.ark:10847975
mjrp0_si585 /nfs-share/xinchi/kaldi/egs/timit/s5_la3/fbank/raw_fbank_train.3.ark:4940408
feac0_sx435 /nfs-share/xinchi/kaldi/egs/timit/s5_la3/fbank/raw_fbank_train.1.ark:3506825
fjxm0_si1211 /nfs-share/xinchi/kaldi/egs/timit/s5_la3/fbank/raw_fbank_train.1.ark:5969794
fsak0_sx40 /nfs-share/xinchi/kaldi/egs/timit/s5_la3/fbank/raw_fbank_train.1.ark:11176562
mppc0_sx422 /nfs-share/xinchi/kaldi/egs/timit/s5_la3/fbank/raw_fbank_train.4.ark:24198
mchl0_si1404 /nfs-share/xinchi/kaldi/egs/timit/s5_la3/fbank/raw_fbank_train.2.ark:5152079
fsdc0_sx142 /nfs-share/xinchi/kaldi/egs/timit/s5_la3/fbank/raw_fbank_train.1.ark:11461660
mmgk0_si1952 /nfs-share/xinchi/kaldi/egs/timit/s5_la3/fbank/raw_fbank_train.3.ark:9462261
mmea0_sx128 /nfs-share/xinchi/kaldi/egs/timit/s5_la3/fbank/raw_fbank_train.3.ark:9116667
fdml0_sx339 /nfs-share/xinchi/kaldi/egs/timit/s5_la3/fbank/raw_fbank_train.1.ark:2952626
fdaw0_sx326 /nfs-share/xinchi/kaldi/egs/timit/s5_la3/fbank/raw_fbank_train.1.ark:2572723
msem1_sx270 /nfs-share/xinchi/kaldi/egs/timit/s5_la3/fbank/raw_fbank_train.4.ark:5961536
msdb0_si1637 /nfs-share/xinchi/kaldi/egs/timit/s5_la3/fbank/raw_fbank_train.4.ark:5606680
mcdd0_si1513 /nfs-share/xinchi/kaldi/egs/timit/s5_la3/fbank/raw_fbank_train.2.ark:4713665
mrmh0_sx121 /nfs-share/xinchi/kaldi/egs/timit/s5_la3/fbank/raw_fbank_train.4.ark:3929077
fjen0_sx147 /nfs-share/xinchi/kaldi/egs/timit/s5_la3/fbank/raw_fbank_train.1.ark:4985802
fjwb1_sx75 /nfs-share/xinchi/kaldi/egs/timit/s5_la3/fbank/raw_fbank_train.1.ark:5960840
fgrw0_sx162 /nfs-share/xinchi/kaldi/egs/timit/s5_la3/fbank/raw_fbank_train.1.ark:4544538
fsjs0_si1801 /nfs-share/xinchi/kaldi/egs/timit/s5_la3/fbank/raw_fbank_train.2.ark:52378
flac0_sx451 /nfs-share/xinchi/kaldi/egs/timit/s5_la3/fbank/raw_fbank_train.1.ark:7183190
mabc0_si781 /nfs-share/xinchi/kaldi/egs/timit/s5_la3/fbank/raw_fbank_train.2.ark:2037672
mcew0_sx182 /nfs-share/xinchi/kaldi/egs/timit/s5_la3/fbank/raw_fbank_train.2.ark:5058000
mdlm0_sx244 /nfs-share/xinchi/kaldi/egs/timit/s5_la3/fbank/raw_fbank_train.2.ark:7945037
mcew0_si2072 /nfs-share/xinchi/kaldi/egs/timit/s5_la3/fbank/raw_fbank_train.2.ark:5019614
fsak0_si670 /nfs-share/xinchi/kaldi/egs/timit/s5_la3/fbank/raw_fbank_train.1.ark:11128511
mreh1_sx159 /nfs-share/xinchi/kaldi/egs/timit/s5_la3/fbank/raw_fbank_train.4.ark:1793792
mdlr0_si603 /nfs-share/xinchi/kaldi/egs/timit/s5_la3/fbank/raw_fbank_train.2.ark:8009036
mfxv0_si1342 /nfs-share/xinchi/kaldi/egs/timit/s5_la3/fbank/raw_fbank_train.2.ark:10887392
mdlc2_si1614 /nfs-share/xinchi/kaldi/egs/timit/s5_la3/fbank/raw_fbank_train.2.ark:7705615
mgaf0_sx292 /nfs-share/xinchi/kaldi/egs/timit/s5_la3/fbank/raw_fbank_train.2.ark:11029262
mmws0_si559 /nfs-share/xinchi/kaldi/egs/timit/s5_la3/fbank/raw_fbank_train.3.ark:10283741
mrre0_sx254 /nfs-share/xinchi/kaldi/egs/timit/s5_la3/fbank/raw_fbank_train.4.ark:4348771
ftaj0_si474 /nfs-share/xinchi/kaldi/egs/timit/s5_la3/fbank/raw_fbank_train.2.ark:1271559
msat0_sx86 /nfs-share/xinchi/kaldi/egs/timit/s5_la3/fbank/raw_fbank_train.4.ark:5488266
mtxs0_sx340 /nfs-share/xinchi/kaldi/egs/timit/s5_la3/fbank/raw_fbank_train.4.ark:10164473
msms0_sx173 /nfs-share/xinchi/kaldi/egs/timit/s5_la3/fbank/raw_fbank_train.4.ark:6678998
fmkc0_sx352 /nfs-share/xinchi/kaldi/egs/timit/s5_la3/fbank/raw_fbank_train.1.ark:9200381
fspm0_si611 /nfs-share/xinchi/kaldi/egs/timit/s5_la3/fbank/raw_fbank_train.2.ark:982877
mbar0_sx239 /nfs-share/xinchi/kaldi/egs/timit/s5_la3/fbank/raw_fbank_train.2.ark:3226521
mklw0_sx311 /nfs-share/xinchi/kaldi/egs/timit/s5_la3/fbank/raw_fbank_train.3.ark:6998967
mkrg0_sx31 /nfs-share/xinchi/kaldi/egs/timit/s5_la3/fbank/raw_fbank_train.3.ark:7110031
mbbr0_si1055 /nfs-share/xinchi/kaldi/egs/timit/s5_la3/fbank/raw_fbank_train.2.ark:3272973
mhbs0_sx45 /nfs-share/xinchi/kaldi/egs/timit/s5_la3/fbank/raw_fbank_train.3.ark:996385
mdas0_sx6 /nfs-share/xinchi/kaldi/egs/timit/s5_la3/fbank/raw_fbank_train.2.ark:6175891
mwre0_sx67 /nfs-share/xinchi/kaldi/egs/timit/s5_la3/fbank/raw_fbank_train.4.ark:11238058
mdef0_sx33 /nfs-share/xinchi/kaldi/egs/timit/s5_la3/fbank/raw_fbank_train.2.ark:6858107
mjls0_si1726 /nfs-share/xinchi/kaldi/egs/timit/s5_la3/fbank/raw_fbank_train.3.ark:3783393
mdwd0_si557 /nfs-share/xinchi/kaldi/egs/timit/s5_la3/fbank/raw_fbank_train.2.ark:9283963
ftaj0_sx69 /nfs-share/xinchi/kaldi/egs/timit/s5_la3/fbank/raw_fbank_train.2.ark:1330876
mmab1_sx324 /nfs-share/xinchi/kaldi/egs/timit/s5_la3/fbank/raw_fbank_train.3.ark:8031497
fklh0_sx357 /nfs-share/xinchi/kaldi/egs/timit/s5_la3/fbank/raw_fbank_train.1.ark:6980147
mrfk0_si2336 /nfs-share/xinchi/kaldi/egs/timit/s5_la3/fbank/raw_fbank_train.4.ark:2074954
fgmb0_si515 /nfs-share/xinchi/kaldi/egs/timit/s5_la3/fbank/raw_fbank_train.1.ark:4416359
fklc0_sx265 /nfs-share/xinchi/kaldi/egs/timit/s5_la3/fbank/raw_fbank_train.1.ark:6772263
megj0_sx3 /nfs-share/xinchi/kaldi/egs/timit/s5_la3/fbank/raw_fbank_train.2.ark:9904609
mdbp0_sx438 /nfs-share/xinchi/kaldi/egs/timit/s5_la3/fbank/raw_fbank_train.2.ark:6368262
mwre0_sx427 /nfs-share/xinchi/kaldi/egs/timit/s5_la3/fbank/raw_fbank_train.4.ark:11229826
mmab1_si864 /nfs-share/xinchi/kaldi/egs/timit/s5_la3/fbank/raw_fbank_train.3.ark:7987398
fdkn0_si1081 /nfs-share/xinchi/kaldi/egs/timit/s5_la3/fbank/raw_fbank_train.1.ark:2787113
fbmj0_si815 /nfs-share/xinchi/kaldi/egs/timit/s5_la3/fbank/raw_fbank_train.1.ark:1180311
mkdd0_si937 /nfs-share/xinchi/kaldi/egs/timit/s5_la3/fbank/raw_fbank_train.3.ark:6191026
mdbp0_sx348 /nfs-share/xinchi/kaldi/egs/timit/s5_la3/fbank/raw_fbank_train.2.ark:6353469
mwgr0_si2236 /nfs-share/xinchi/kaldi/egs/timit/s5_la3/fbank/raw_fbank_train.4.ark:11069995
mrgm0_sx442 /nfs-share/xinchi/kaldi/egs/timit/s5_la3/fbank/raw_fbank_train.4.ark:2338056
flet0_sx147 /nfs-share/xinchi/kaldi/egs/timit/s5_la3/fbank/raw_fbank_train.1.ark:7466647
mkls1_si915 /nfs-share/xinchi/kaldi/egs/timit/s5_la3/fbank/raw_fbank_train.3.ark:6868242
mgar0_si1842 /nfs-share/xinchi/kaldi/egs/timit/s5_la3/fbank/raw_fbank_train.3.ark:24161
fjrb0_sx222 /nfs-share/xinchi/kaldi/egs/timit/s5_la3/fbank/raw_fbank_train.1.ark:5493002
mddc0_sx69 /nfs-share/xinchi/kaldi/egs/timit/s5_la3/fbank/raw_fbank_train.2.ark:6670689
mjdg0_si1042 /nfs-share/xinchi/kaldi/egs/timit/s5_la3/fbank/raw_fbank_train.3.ark:2378207
mvlo0_sx247 /nfs-share/xinchi/kaldi/egs/timit/s5_la3/fbank/raw_fbank_train.4.ark:10348410
fpjf0_sx326 /nfs-share/xinchi/kaldi/egs/timit/s5_la3/fbank/raw_fbank_train.1.ark:10357692
mtbc0_sx273 /nfs-share/xinchi/kaldi/egs/timit/s5_la3/fbank/raw_fbank_train.4.ark:7613854
mrws0_si472 /nfs-share/xinchi/kaldi/egs/timit/s5_la3/fbank/raw_fbank_train.4.ark:5060801
mrmh0_si1021 /nfs-share/xinchi/kaldi/egs/timit/s5_la3/fbank/raw_fbank_train.4.ark:3886016
mses0_sx149 /nfs-share/xinchi/kaldi/egs/timit/s5_la3/fbank/raw_fbank_train.4.ark:6046929
mjwg0_sx175 /nfs-share/xinchi/kaldi/egs/timit/s5_la3/fbank/raw_fbank_train.3.ark:5184850
mdhs0_si1530 /nfs-share/xinchi/kaldi/egs/timit/s5_la3/fbank/raw_fbank_train.2.ark:7097743
fsdj0_sx35 /nfs-share/xinchi/kaldi/egs/timit/s5_la3/fbank/raw_fbank_train.1.ark:11585983
mjrg0_sx286 /nfs-share/xinchi/kaldi/egs/timit/s5_la3/fbank/raw_fbank_train.3.ark:4584765
mcss0_sx300 /nfs-share/xinchi/kaldi/egs/timit/s5_la3/fbank/raw_fbank_train.2.ark:5690608
mpgr1_si2129 /nfs-share/xinchi/kaldi/egs/timit/s5_la3/fbank/raw_fbank_train.3.ark:11214742
mtpr0_si506 /nfs-share/xinchi/kaldi/egs/timit/s5_la3/fbank/raw_fbank_train.4.ark:9514984
msah1_si1679 /nfs-share/xinchi/kaldi/egs/timit/s5_la3/fbank/raw_fbank_train.4.ark:5233898
fdjh0_sx125 /nfs-share/xinchi/kaldi/egs/timit/s5_la3/fbank/raw_fbank_train.1.ark:2732588
fmah1_sx339 /nfs-share/xinchi/kaldi/egs/timit/s5_la3/fbank/raw_fbank_train.1.ark:8585032
fklc0_sx85 /nfs-share/xinchi/kaldi/egs/timit/s5_la3/fbank/raw_fbank_train.1.ark:6808081
msfh0_sx406 /nfs-share/xinchi/kaldi/egs/timit/s5_la3/fbank/raw_fbank_train.4.ark:6191573
mrml0_si2051 /nfs-share/xinchi/kaldi/egs/timit/s5_la3/fbank/raw_fbank_train.4.ark:4001396
fdfb0_sx58 /nfs-share/xinchi/kaldi/egs/timit/s5_la3/fbank/raw_fbank_train.1.ark:2680014
mdbp0_sx168 /nfs-share/xinchi/kaldi/egs/timit/s5_la3/fbank/raw_fbank_train.2.ark:6331883
mhit0_si1613 /nfs-share/xinchi/kaldi/egs/timit/s5_la3/fbank/raw_fbank_train.3.ark:1006379
madc0_sx287 /nfs-share/xinchi/kaldi/egs/timit/s5_la3/fbank/raw_fbank_train.2.ark:2184748
mram0_sx15 /nfs-share/xinchi/kaldi/egs/timit/s5_la3/fbank/raw_fbank_train.4.ark:924196
mtqc0_sx271 /nfs-share/xinchi/kaldi/egs/timit/s5_la3/fbank/raw_fbank_train.4.ark:9662555
fntb0_sx303 /nfs-share/xinchi/kaldi/egs/timit/s5_la3/fbank/raw_fbank_train.1.ark:9732861
mpmb0_sx331 /nfs-share/xinchi/kaldi/egs/timit/s5_la3/fbank/raw_fbank_train.3.ark:11393706
msat1_si2333 /nfs-share/xinchi/kaldi/egs/timit/s5_la3/fbank/raw_fbank_train.4.ark:5520288
mjhi0_sx338 /nfs-share/xinchi/kaldi/egs/timit/s5_la3/fbank/raw_fbank_train.3.ark:3133268
mgsl0_si534 /nfs-share/xinchi/kaldi/egs/timit/s5_la3/fbank/raw_fbank_train.3.ark:713021
makb0_sx116 /nfs-share/xinchi/kaldi/egs/timit/s5_la3/fbank/raw_fbank_train.2.ark:2750603
fpac0_si661 /nfs-share/xinchi/kaldi/egs/timit/s5_la3/fbank/raw_fbank_train.1.ark:9906572
mvjh0_sx296 /nfs-share/xinchi/kaldi/egs/timit/s5_la3/fbank/raw_fbank_train.4.ark:10280210
fjrp1_sx352 /nfs-share/xinchi/kaldi/egs/timit/s5_la3/fbank/raw_fbank_train.1.ark:5626660
fmju0_sx39 /nfs-share/xinchi/kaldi/egs/timit/s5_la3/fbank/raw_fbank_train.1.ark:9115947
mjbg0_sx242 /nfs-share/xinchi/kaldi/egs/timit/s5_la3/fbank/raw_fbank_train.3.ark:2011960
fcke0_sx31 /nfs-share/xinchi/kaldi/egs/timit/s5_la3/fbank/raw_fbank_train.1.ark:1889138
fjlg0_si1506 /nfs-share/xinchi/kaldi/egs/timit/s5_la3/fbank/raw_fbank_train.1.ark:5253818
fclt0_sx268 /nfs-share/xinchi/kaldi/egs/timit/s5_la3/fbank/raw_fbank_train.1.ark:1952298
mklr0_si1059 /nfs-share/xinchi/kaldi/egs/timit/s5_la3/fbank/raw_fbank_train.3.ark:6650243
flmc0_si1372 /nfs-share/xinchi/kaldi/egs/timit/s5_la3/fbank/raw_fbank_train.1.ark:8132803
mrvg0_sx420 /nfs-share/xinchi/kaldi/egs/timit/s5_la3/fbank/raw_fbank_train.4.ark:4914443
mlbc0_sx249 /nfs-share/xinchi/kaldi/egs/timit/s5_la3/fbank/raw_fbank_train.3.ark:7285449
fgmb0_sx425 /nfs-share/xinchi/kaldi/egs/timit/s5_la3/fbank/raw_fbank_train.1.ark:4477811
fltm0_sx260 /nfs-share/xinchi/kaldi/egs/timit/s5_la3/fbank/raw_fbank_train.1.ark:8465374
mvlo0_sx337 /nfs-share/xinchi/kaldi/egs/timit/s5_la3/fbank/raw_fbank_train.4.ark:10363003
fclt0_sx178 /nfs-share/xinchi/kaldi/egs/timit/s5_la3/fbank/raw_fbank_train.1.ark:1938905
fcaj0_si1479 /nfs-share/xinchi/kaldi/egs/timit/s5_la3/fbank/raw_fbank_train.1.ark:1346735
mddc0_si789 /nfs-share/xinchi/kaldi/egs/timit/s5_la3/fbank/raw_fbank_train.2.ark:6614285
mdpb0_si866 /nfs-share/xinchi/kaldi/egs/timit/s5_la3/fbank/raw_fbank_train.2.ark:8531522
mrab1_sx398 /nfs-share/xinchi/kaldi/egs/timit/s5_la3/fbank/raw_fbank_train.4.ark:752604
msrr0_si501 /nfs-share/xinchi/kaldi/egs/timit/s5_la3/fbank/raw_fbank_train.4.ark:6856575
mcew0_sx272 /nfs-share/xinchi/kaldi/egs/timit/s5_la3/fbank/raw_fbank_train.2.ark:5069713
freh0_sx325 /nfs-share/xinchi/kaldi/egs/timit/s5_la3/fbank/raw_fbank_train.1.ark:10662285
fsjg0_sx130 /nfs-share/xinchi/kaldi/egs/timit/s5_la3/fbank/raw_fbank_train.1.ark:11754335
flet0_si1767 /nfs-share/xinchi/kaldi/egs/timit/s5_la3/fbank/raw_fbank_train.1.ark:7434261
mrfk0_si1076 /nfs-share/xinchi/kaldi/egs/timit/s5_la3/fbank/raw_fbank_train.4.ark:2050766
mkrg0_sx231 /nfs-share/xinchi/kaldi/egs/timit/s5_la3/fbank/raw_fbank_train.3.ark:7105399
mmsm0_sx26 /nfs-share/xinchi/kaldi/egs/timit/s5_la3/fbank/raw_fbank_train.3.ark:9988037
mmws1_sx441 /nfs-share/xinchi/kaldi/egs/timit/s5_la3/fbank/raw_fbank_train.3.ark:10426891
mrhl0_si1515 /nfs-share/xinchi/kaldi/egs/timit/s5_la3/fbank/raw_fbank_train.4.ark:2482145
mdtb0_sx300 /nfs-share/xinchi/kaldi/egs/timit/s5_la3/fbank/raw_fbank_train.2.ark:9218756
fbmh0_si1766 /nfs-share/xinchi/kaldi/egs/timit/s5_la3/fbank/raw_fbank_train.1.ark:1066534
mwdk0_sx176 /nfs-share/xinchi/kaldi/egs/timit/s5_la3/fbank/raw_fbank_train.4.ark:10896090
fcyl0_sx217 /nfs-share/xinchi/kaldi/egs/timit/s5_la3/fbank/raw_fbank_train.1.ark:2348999
maeb0_si1411 /nfs-share/xinchi/kaldi/egs/timit/s5_la3/fbank/raw_fbank_train.2.ark:2307200
fskc0_sx156 /nfs-share/xinchi/kaldi/egs/timit/s5_la3/fbank/raw_fbank_train.2.ark:288174
mcae0_sx367 /nfs-share/xinchi/kaldi/egs/timit/s5_la3/fbank/raw_fbank_train.2.ark:4480558
mtdp0_sx81 /nfs-share/xinchi/kaldi/egs/timit/s5_la3/fbank/raw_fbank_train.4.ark:7969268
fsah0_si1244 /nfs-share/xinchi/kaldi/egs/timit/s5_la3/fbank/raw_fbank_train.1.ark:10996139
msas0_sx26 /nfs-share/xinchi/kaldi/egs/timit/s5_la3/fbank/raw_fbank_train.4.ark:5384975
mtat0_si1740 /nfs-share/xinchi/kaldi/egs/timit/s5_la3/fbank/raw_fbank_train.4.ark:7372305
msmc0_sx197 /nfs-share/xinchi/kaldi/egs/timit/s5_la3/fbank/raw_fbank_train.4.ark:6503253
mrvg0_si1770 /nfs-share/xinchi/kaldi/egs/timit/s5_la3/fbank/raw_fbank_train.4.ark:4864638
mjde0_sx310 /nfs-share/xinchi/kaldi/egs/timit/s5_la3/fbank/raw_fbank_train.3.ark:2332388
feeh0_sx212 /nfs-share/xinchi/kaldi/egs/timit/s5_la3/fbank/raw_fbank_train.1.ark:3803434
mkls0_sx267 /nfs-share/xinchi/kaldi/egs/timit/s5_la3/fbank/raw_fbank_train.3.ark:6793323
fspm0_sx71 /nfs-share/xinchi/kaldi/egs/timit/s5_la3/fbank/raw_fbank_train.2.ark:1049961
mpeb0_si600 /nfs-share/xinchi/kaldi/egs/timit/s5_la3/fbank/raw_fbank_train.3.ark:10832482
faem0_sx402 /nfs-share/xinchi/kaldi/egs/timit/s5_la3/fbank/raw_fbank_train.1.ark:78172
mjmm0_sx85 /nfs-share/xinchi/kaldi/egs/timit/s5_la3/fbank/raw_fbank_train.3.ark:4134226
fsgf0_sx27 /nfs-share/xinchi/kaldi/egs/timit/s5_la3/fbank/raw_fbank_train.1.ark:11675055
mjde0_sx130 /nfs-share/xinchi/kaldi/egs/timit/s5_la3/fbank/raw_fbank_train.3.ark:2300362
fjsp0_sx264 /nfs-share/xinchi/kaldi/egs/timit/s5_la3/fbank/raw_fbank_train.1.ark:5827758
mreh1_si1599 /nfs-share/xinchi/kaldi/egs/timit/s5_la3/fbank/raw_fbank_train.4.ark:1743972
fltm0_sx350 /nfs-share/xinchi/kaldi/egs/timit/s5_la3/fbank/raw_fbank_train.1.ark:8479047
mges0_sx41 /nfs-share/xinchi/kaldi/egs/timit/s5_la3/fbank/raw_fbank_train.3.ark:264175
mwgr0_sx346 /nfs-share/xinchi/kaldi/egs/timit/s5_la3/fbank/raw_fbank_train.4.ark:11121327
fdfb0_sx148 /nfs-share/xinchi/kaldi/egs/timit/s5_la3/fbank/raw_fbank_train.1.ark:2638483
mkaj0_sx424 /nfs-share/xinchi/kaldi/egs/timit/s5_la3/fbank/raw_fbank_train.3.ark:5931403
fsjs0_sx271 /nfs-share/xinchi/kaldi/egs/timit/s5_la3/fbank/raw_fbank_train.2.ark:99277
mjai0_sx344 /nfs-share/xinchi/kaldi/egs/timit/s5_la3/fbank/raw_fbank_train.3.ark:1938487
fbch0_si1586 /nfs-share/xinchi/kaldi/egs/timit/s5_la3/fbank/raw_fbank_train.1.ark:731665
mklr0_sx339 /nfs-share/xinchi/kaldi/egs/timit/s5_la3/fbank/raw_fbank_train.3.ark:6705090
mjmm0_si1885 /nfs-share/xinchi/kaldi/egs/timit/s5_la3/fbank/raw_fbank_train.3.ark:4069029
msdb0_si1007 /nfs-share/xinchi/kaldi/egs/timit/s5_la3/fbank/raw_fbank_train.4.ark:5591246
mejl0_sx62 /nfs-share/xinchi/kaldi/egs/timit/s5_la3/fbank/raw_fbank_train.2.ark:10017379
mrdd0_si1680 /nfs-share/xinchi/kaldi/egs/timit/s5_la3/fbank/raw_fbank_train.4.ark:1380864
majp0_si2334 /nfs-share/xinchi/kaldi/egs/timit/s5_la3/fbank/raw_fbank_train.2.ark:2608184
mwac0_si971 /nfs-share/xinchi/kaldi/egs/timit/s5_la3/fbank/raw_fbank_train.4.ark:10513034
mntw0_sx202 /nfs-share/xinchi/kaldi/egs/timit/s5_la3/fbank/raw_fbank_train.3.ark:10686298
mdrd0_si752 /nfs-share/xinchi/kaldi/egs/timit/s5_la3/fbank/raw_fbank_train.2.ark:8805877
mjrk0_sx160 /nfs-share/xinchi/kaldi/egs/timit/s5_la3/fbank/raw_fbank_train.3.ark:4857776
mgrp0_sx237 /nfs-share/xinchi/kaldi/egs/timit/s5_la3/fbank/raw_fbank_train.3.ark:538873
mefg0_sx105 /nfs-share/xinchi/kaldi/egs/timit/s5_la3/fbank/raw_fbank_train.2.ark:9773520
fsag0_sx423 /nfs-share/xinchi/kaldi/egs/timit/s5_la3/fbank/raw_fbank_train.1.ark:10963873
mrjm0_si1095 /nfs-share/xinchi/kaldi/egs/timit/s5_la3/fbank/raw_fbank_train.4.ark:2807340
mrjh0_sx169 /nfs-share/xinchi/kaldi/egs/timit/s5_la3/fbank/raw_fbank_train.4.ark:2736135
mchl0_sx267 /nfs-share/xinchi/kaldi/egs/timit/s5_la3/fbank/raw_fbank_train.2.ark:5184579
mcef0_sx325 /nfs-share/xinchi/kaldi/egs/timit/s5_la3/fbank/raw_fbank_train.2.ark:4974081
msjk0_sx66 /nfs-share/xinchi/kaldi/egs/timit/s5_la3/fbank/raw_fbank_train.4.ark:6428375
mlsh0_si2047 /nfs-share/xinchi/kaldi/egs/timit/s5_la3/fbank/raw_fbank_train.3.ark:7777715
mgaf0_sx202 /nfs-share/xinchi/kaldi/egs/timit/s5_la3/fbank/raw_fbank_train.2.ark:11015837
mmgg0_sx359 /nfs-share/xinchi/kaldi/egs/timit/s5_la3/fbank/raw_fbank_train.3.ark:9407528
mses0_sx239 /nfs-share/xinchi/kaldi/egs/timit/s5_la3/fbank/raw_fbank_train.4.ark:6058322
mmeb0_si1987 /nfs-share/xinchi/kaldi/egs/timit/s5_la3/fbank/raw_fbank_train.3.ark:9183506
mrfk0_sx266 /nfs-share/xinchi/kaldi/egs/timit/s5_la3/fbank/raw_fbank_train.4.ark:2098300
mdac0_si631 /nfs-share/xinchi/kaldi/egs/timit/s5_la3/fbank/raw_fbank_train.2.ark:6024217
mrbc0_sx419 /nfs-share/xinchi/kaldi/egs/timit/s5_la3/fbank/raw_fbank_train.4.ark:1133474
feme0_sx245 /nfs-share/xinchi/kaldi/egs/timit/s5_la3/fbank/raw_fbank_train.1.ark:3909579
mgsl0_si797 /nfs-share/xinchi/kaldi/egs/timit/s5_la3/fbank/raw_fbank_train.3.ark:722574
fcaj0_sx399 /nfs-share/xinchi/kaldi/egs/timit/s5_la3/fbank/raw_fbank_train.1.ark:1422766
mrjb1_si1020 /nfs-share/xinchi/kaldi/egs/timit/s5_la3/fbank/raw_fbank_train.4.ark:2572610
fcrz0_sx163 /nfs-share/xinchi/kaldi/egs/timit/s5_la3/fbank/raw_fbank_train.1.ark:2239581
mkdt0_si893 /nfs-share/xinchi/kaldi/egs/timit/s5_la3/fbank/raw_fbank_train.3.ark:6282650
mpgh0_sx24 /nfs-share/xinchi/kaldi/egs/timit/s5_la3/fbank/raw_fbank_train.3.ark:11073669
mjdg0_si1672 /nfs-share/xinchi/kaldi/egs/timit/s5_la3/fbank/raw_fbank_train.3.ark:2389601
mjee0_si1237 /nfs-share/xinchi/kaldi/egs/timit/s5_la3/fbank/raw_fbank_train.3.ark:2786308
mpar0_sx406 /nfs-share/xinchi/kaldi/egs/timit/s5_la3/fbank/raw_fbank_train.3.ark:10799109
mkdb0_si872 /nfs-share/xinchi/kaldi/egs/timit/s5_la3/fbank/raw_fbank_train.3.ark:6078961
fjsp0_si1763 /nfs-share/xinchi/kaldi/egs/timit/s5_la3/fbank/raw_fbank_train.1.ark:5796699
mtpp0_sx68 /nfs-share/xinchi/kaldi/egs/timit/s5_la3/fbank/raw_fbank_train.4.ark:9471083
mdlc2_sx174 /nfs-share/xinchi/kaldi/egs/timit/s5_la3/fbank/raw_fbank_train.2.ark:7734275
fpac0_sx301 /nfs-share/xinchi/kaldi/egs/timit/s5_la3/fbank/raw_fbank_train.1.ark:9950431
mjai0_sx254 /nfs-share/xinchi/kaldi/egs/timit/s5_la3/fbank/raw_fbank_train.3.ark:1930614
mgaf0_sx112 /nfs-share/xinchi/kaldi/egs/timit/s5_la3/fbank/raw_fbank_train.2.ark:11005924
mjmm0_si1255 /nfs-share/xinchi/kaldi/egs/timit/s5_la3/fbank/raw_fbank_train.3.ark:4051795
mejl0_sx242 /nfs-share/xinchi/kaldi/egs/timit/s5_la3/fbank/raw_fbank_train.2.ark:9981641
mmxs0_sx66 /nfs-share/xinchi/kaldi/egs/timit/s5_la3/fbank/raw_fbank_train.3.ark:10530827
madd0_sx268 /nfs-share/xinchi/kaldi/egs/timit/s5_la3/fbank/raw_fbank_train.2.ark:2258908
ftlg0_sx393 /nfs-share/xinchi/kaldi/egs/timit/s5_la3/fbank/raw_fbank_train.2.ark:1630390
mgak0_sx46 /nfs-share/xinchi/kaldi/egs/timit/s5_la3/fbank/raw_fbank_train.2.ark:11244145
mtab0_sx312 /nfs-share/xinchi/kaldi/egs/timit/s5_la3/fbank/raw_fbank_train.4.ark:7233467
mejl0_si962 /nfs-share/xinchi/kaldi/egs/timit/s5_la3/fbank/raw_fbank_train.2.ark:9959415
mrre0_sx74 /nfs-share/xinchi/kaldi/egs/timit/s5_la3/fbank/raw_fbank_train.4.ark:4382389
mjsr0_sx434 /nfs-share/xinchi/kaldi/egs/timit/s5_la3/fbank/raw_fbank_train.3.ark:5102725
mtpp0_si1508 /nfs-share/xinchi/kaldi/egs/timit/s5_la3/fbank/raw_fbank_train.4.ark:9388892
fjlr0_sx421 /nfs-share/xinchi/kaldi/egs/timit/s5_la3/fbank/raw_fbank_train.1.ark:5425963
mlbc0_si1239 /nfs-share/xinchi/kaldi/egs/timit/s5_la3/fbank/raw_fbank_train.3.ark:7232996
flmk0_si1035 /nfs-share/xinchi/kaldi/egs/timit/s5_la3/fbank/raw_fbank_train.1.ark:8231708
mdef0_si1123 /nfs-share/xinchi/kaldi/egs/timit/s5_la3/fbank/raw_fbank_train.2.ark:6787468
marw0_sx286 /nfs-share/xinchi/kaldi/egs/timit/s5_la3/fbank/raw_fbank_train.2.ark:3125528
mrmb0_si951 /nfs-share/xinchi/kaldi/egs/timit/s5_la3/fbank/raw_fbank_train.4.ark:3715992
fklc0_si985 /nfs-share/xinchi/kaldi/egs/timit/s5_la3/fbank/raw_fbank_train.1.ark:6731277
mmdm0_sx51 /nfs-share/xinchi/kaldi/egs/timit/s5_la3/fbank/raw_fbank_train.3.ark:8889683
mgsh0_si546 /nfs-share/xinchi/kaldi/egs/timit/s5_la3/fbank/raw_fbank_train.3.ark:624912
ftbr0_sx201 /nfs-share/xinchi/kaldi/egs/timit/s5_la3/fbank/raw_fbank_train.2.ark:1396323
mrwa0_si973 /nfs-share/xinchi/kaldi/egs/timit/s5_la3/fbank/raw_fbank_train.4.ark:4965096
mjbg0_si1232 /nfs-share/xinchi/kaldi/egs/timit/s5_la3/fbank/raw_fbank_train.3.ark:1966906
fsjs0_si1171 /nfs-share/xinchi/kaldi/egs/timit/s5_la3/fbank/raw_fbank_train.2.ark:43184
fskp0_sx18 /nfs-share/xinchi/kaldi/egs/timit/s5_la3/fbank/raw_fbank_train.2.ark:495976
mjeb1_si1467 /nfs-share/xinchi/kaldi/egs/timit/s5_la3/fbank/raw_fbank_train.3.ark:2678883
mrso0_sx309 /nfs-share/xinchi/kaldi/egs/timit/s5_la3/fbank/raw_fbank_train.4.ark:4474070
fdxw0_si881 /nfs-share/xinchi/kaldi/egs/timit/s5_la3/fbank/raw_fbank_train.1.ark:3357988
fdaw0_sx236 /nfs-share/xinchi/kaldi/egs/timit/s5_la3/fbank/raw_fbank_train.1.ark:2562410
mkrg0_sx411 /nfs-share/xinchi/kaldi/egs/timit/s5_la3/fbank/raw_fbank_train.3.ark:7117264
mkes0_sx353 /nfs-share/xinchi/kaldi/egs/timit/s5_la3/fbank/raw_fbank_train.3.ark:6428774
mrgs0_si1356 /nfs-share/xinchi/kaldi/egs/timit/s5_la3/fbank/raw_fbank_train.4.ark:2371122
feac0_sx165 /nfs-share/xinchi/kaldi/egs/timit/s5_la3/fbank/raw_fbank_train.1.ark:3470486
mtwh1_sx342 /nfs-share/xinchi/kaldi/egs/timit/s5_la3/fbank/raw_fbank_train.4.ark:10056967
mmab1_sx144 /nfs-share/xinchi/kaldi/egs/timit/s5_la3/fbank/raw_fbank_train.3.ark:8007751
msrg0_sx321 /nfs-share/xinchi/kaldi/egs/timit/s5_la3/fbank/raw_fbank_train.4.ark:6793089
fvmh0_si2096 /nfs-share/xinchi/kaldi/egs/timit/s5_la3/fbank/raw_fbank_train.2.ark:1944494
mtpr0_sx340 /nfs-share/xinchi/kaldi/egs/timit/s5_la3/fbank/raw_fbank_train.4.ark:9554283
mgak0_sx136 /nfs-share/xinchi/kaldi/egs/timit/s5_la3/fbank/raw_fbank_train.2.ark:11183294
mrfl0_sx346 /nfs-share/xinchi/kaldi/egs/timit/s5_la3/fbank/raw_fbank_train.4.ark:2211958
mpsw0_sx167 /nfs-share/xinchi/kaldi/egs/timit/s5_la3/fbank/raw_fbank_train.4.ark:513984
flja0_sx88 /nfs-share/xinchi/kaldi/egs/timit/s5_la3/fbank/raw_fbank_train.1.ark:7702470
fgcs0_si856 /nfs-share/xinchi/kaldi/egs/timit/s5_la3/fbank/raw_fbank_train.1.ark:4198309
mmcc0_sx168 /nfs-share/xinchi/kaldi/egs/timit/s5_la3/fbank/raw_fbank_train.3.ark:8550157
mvjh0_sx206 /nfs-share/xinchi/kaldi/egs/timit/s5_la3/fbank/raw_fbank_train.4.ark:10258945
mprb0_si1205 /nfs-share/xinchi/kaldi/egs/timit/s5_la3/fbank/raw_fbank_train.4.ark:49464
mbbr0_sx65 /nfs-share/xinchi/kaldi/egs/timit/s5_la3/fbank/raw_fbank_train.2.ark:3357045
mdlm0_si604 /nfs-share/xinchi/kaldi/egs/timit/s5_la3/fbank/raw_fbank_train.2.ark:7915971
mbom0_sx294 /nfs-share/xinchi/kaldi/egs/timit/s5_la3/fbank/raw_fbank_train.2.ark:4078900
mjdc0_sx441 /nfs-share/xinchi/kaldi/egs/timit/s5_la3/fbank/raw_fbank_train.3.ark:2228077
flod0_si657 /nfs-share/xinchi/kaldi/egs/timit/s5_la3/fbank/raw_fbank_train.1.ark:8354841
fjwb1_sx255 /nfs-share/xinchi/kaldi/egs/timit/s5_la3/fbank/raw_fbank_train.1.ark:5926702
majp0_sx444 /nfs-share/xinchi/kaldi/egs/timit/s5_la3/fbank/raw_fbank_train.2.ark:2664556
falr0_si1955 /nfs-share/xinchi/kaldi/egs/timit/s5_la3/fbank/raw_fbank_train.1.ark:324237
mree0_si1959 /nfs-share/xinchi/kaldi/egs/timit/s5_la3/fbank/raw_fbank_train.4.ark:1675974
fljg0_si1611 /nfs-share/xinchi/kaldi/egs/timit/s5_la3/fbank/raw_fbank_train.1.ark:7815489
fcdr1_sx286 /nfs-share/xinchi/kaldi/egs/timit/s5_la3/fbank/raw_fbank_train.1.ark:1529638
mmbs0_sx161 /nfs-share/xinchi/kaldi/egs/timit/s5_la3/fbank/raw_fbank_train.3.ark:8435852
fcyl0_si1297 /nfs-share/xinchi/kaldi/egs/timit/s5_la3/fbank/raw_fbank_train.1.ark:2295266
mmws1_sx261 /nfs-share/xinchi/kaldi/egs/timit/s5_la3/fbank/raw_fbank_train.3.ark:10399313
fear0_si1252 /nfs-share/xinchi/kaldi/egs/timit/s5_la3/fbank/raw_fbank_train.1.ark:3532851
mkdt0_sx353 /nfs-share/xinchi/kaldi/egs/timit/s5_la3/fbank/raw_fbank_train.3.ark:6319949
mgsl0_sx84 /nfs-share/xinchi/kaldi/egs/timit/s5_la3/fbank/raw_fbank_train.3.ark:794378
mjwg0_si2155 /nfs-share/xinchi/kaldi/egs/timit/s5_la3/fbank/raw_fbank_train.3.ark:5131071
mrjm0_sx238 /nfs-share/xinchi/kaldi/egs/timit/s5_la3/fbank/raw_fbank_train.4.ark:2855794
mmws0_sx438 /nfs-share/xinchi/kaldi/egs/timit/s5_la3/fbank/raw_fbank_train.3.ark:10340026
fvkb0_sx169 /nfs-share/xinchi/kaldi/egs/timit/s5_la3/fbank/raw_fbank_train.2.ark:1857215
mrml0_sx161 /nfs-share/xinchi/kaldi/egs/timit/s5_la3/fbank/raw_fbank_train.4.ark:4024062
mdbb1_sx376 /nfs-share/xinchi/kaldi/egs/timit/s5_la3/fbank/raw_fbank_train.2.ark:6277629
mdjm0_sx15 /nfs-share/xinchi/kaldi/egs/timit/s5_la3/fbank/raw_fbank_train.2.ark:7240900
mtdp0_sx171 /nfs-share/xinchi/kaldi/egs/timit/s5_la3/fbank/raw_fbank_train.4.ark:7904657
mljh0_sx334 /nfs-share/xinchi/kaldi/egs/timit/s5_la3/fbank/raw_fbank_train.3.ark:7630597
fcdr1_sx376 /nfs-share/xinchi/kaldi/egs/timit/s5_la3/fbank/raw_fbank_train.1.ark:1547351
mjma0_sx145 /nfs-share/xinchi/kaldi/egs/timit/s5_la3/fbank/raw_fbank_train.3.ark:3916764
mgxp0_si457 /nfs-share/xinchi/kaldi/egs/timit/s5_la3/fbank/raw_fbank_train.3.ark:827245
mlns0_sx237 /nfs-share/xinchi/kaldi/egs/timit/s5_la3/fbank/raw_fbank_train.3.ark:7715269
fbch0_sx326 /nfs-share/xinchi/kaldi/egs/timit/s5_la3/fbank/raw_fbank_train.1.ark:800070
mdsj0_sx22 /nfs-share/xinchi/kaldi/egs/timit/s5_la3/fbank/raw_fbank_train.2.ark:8945607
mtqc0_si1441 /nfs-share/xinchi/kaldi/egs/timit/s5_la3/fbank/raw_fbank_train.4.ark:9590262
mjeb0_sx170 /nfs-share/xinchi/kaldi/egs/timit/s5_la3/fbank/raw_fbank_train.3.ark:2617558
mdpk0_sx63 /nfs-share/xinchi/kaldi/egs/timit/s5_la3/fbank/raw_fbank_train.2.ark:8684191
mtmn0_sx254 /nfs-share/xinchi/kaldi/egs/timit/s5_la3/fbank/raw_fbank_train.4.ark:9067365
mjac0_sx341 /nfs-share/xinchi/kaldi/egs/timit/s5_la3/fbank/raw_fbank_train.3.ark:1727637
mhmg0_sx375 /nfs-share/xinchi/kaldi/egs/timit/s5_la3/fbank/raw_fbank_train.3.ark:1263821
mdtb0_si1830 /nfs-share/xinchi/kaldi/egs/timit/s5_la3/fbank/raw_fbank_train.2.ark:9174784
flod0_sx387 /nfs-share/xinchi/kaldi/egs/timit/s5_la3/fbank/raw_fbank_train.1.ark:8408806
mrlk0_sx33 /nfs-share/xinchi/kaldi/egs/timit/s5_la3/fbank/raw_fbank_train.4.ark:3580393
mbom0_sx311 /nfs-share/xinchi/kaldi/egs/timit/s5_la3/fbank/raw_fbank_train.2.ark:4089973
mrlj1_si2332 /nfs-share/xinchi/kaldi/egs/timit/s5_la3/fbank/raw_fbank_train.4.ark:3442757
fcmm0_sx93 /nfs-share/xinchi/kaldi/egs/timit/s5_la3/fbank/raw_fbank_train.1.ark:2192847
madd0_sx178 /nfs-share/xinchi/kaldi/egs/timit/s5_la3/fbank/raw_fbank_train.2.ark:2243915
fcrz0_sx343 /nfs-share/xinchi/kaldi/egs/timit/s5_la3/fbank/raw_fbank_train.1.ark:2259407
mpeb0_sx330 /nfs-share/xinchi/kaldi/egs/timit/s5_la3/fbank/raw_fbank_train.3.ark:10869741
mrtj0_si1551 /nfs-share/xinchi/kaldi/egs/timit/s5_la3/fbank/raw_fbank_train.4.ark:4728299
mdtb0_si1200 /nfs-share/xinchi/kaldi/egs/timit/s5_la3/fbank/raw_fbank_train.2.ark:9166710
mcdc0_sx122 /nfs-share/xinchi/kaldi/egs/timit/s5_la3/fbank/raw_fbank_train.2.ark:4651980
mklw0_si1844 /nfs-share/xinchi/kaldi/egs/timit/s5_la3/fbank/raw_fbank_train.3.ark:6961474
mdlc0_si765 /nfs-share/xinchi/kaldi/egs/timit/s5_la3/fbank/raw_fbank_train.2.ark:7540791
mrjm1_sx308 /nfs-share/xinchi/kaldi/egs/timit/s5_la3/fbank/raw_fbank_train.4.ark:2971452
mjpm0_sx18 /nfs-share/xinchi/kaldi/egs/timit/s5_la3/fbank/raw_fbank_train.3.ark:4283057
mmdb0_sx357 /nfs-share/xinchi/kaldi/egs/timit/s5_la3/fbank/raw_fbank_train.3.ark:8665368
fsms1_si1504 /nfs-share/xinchi/kaldi/egs/timit/s5_la3/fbank/raw_fbank_train.2.ark:851665
mlsh0_sx337 /nfs-share/xinchi/kaldi/egs/timit/s5_la3/fbank/raw_fbank_train.3.ark:7828927
mrdm0_si1595 /nfs-share/xinchi/kaldi/egs/timit/s5_la3/fbank/raw_fbank_train.4.ark:1475650
mjrh1_sx64 /nfs-share/xinchi/kaldi/egs/timit/s5_la3/fbank/raw_fbank_train.3.ark:4816042
mcef0_sx55 /nfs-share/xinchi/kaldi/egs/timit/s5_la3/fbank/raw_fbank_train.2.ark:4994386
mmbs0_si521 /nfs-share/xinchi/kaldi/egs/timit/s5_la3/fbank/raw_fbank_train.3.ark:8416499
mhrm0_sx58 /nfs-share/xinchi/kaldi/egs/timit/s5_la3/fbank/raw_fbank_train.3.ark:1458751
mtmn0_si2324 /nfs-share/xinchi/kaldi/egs/timit/s5_la3/fbank/raw_fbank_train.4.ark:9015026
fear0_sx172 /nfs-share/xinchi/kaldi/egs/timit/s5_la3/fbank/raw_fbank_train.1.ark:3564631
fbcg1_si982 /nfs-share/xinchi/kaldi/egs/timit/s5_la3/fbank/raw_fbank_train.1.ark:648827
msas0_sx206 /nfs-share/xinchi/kaldi/egs/timit/s5_la3/fbank/raw_fbank_train.4.ark:5369783
marc0_si558 /nfs-share/xinchi/kaldi/egs/timit/s5_la3/fbank/raw_fbank_train.2.ark:3007445
fdjh0_si935 /nfs-share/xinchi/kaldi/egs/timit/s5_la3/fbank/raw_fbank_train.1.ark:2715635
ftmg0_si1532 /nfs-share/xinchi/kaldi/egs/timit/s5_la3/fbank/raw_fbank_train.2.ark:1641464
mrcg0_sx258 /nfs-share/xinchi/kaldi/egs/timit/s5_la3/fbank/raw_fbank_train.4.ark:1211433
mddc0_si1419 /nfs-share/xinchi/kaldi/egs/timit/s5_la3/fbank/raw_fbank_train.2.ark:6591578
msfv0_si1892 /nfs-share/xinchi/kaldi/egs/timit/s5_la3/fbank/raw_fbank_train.4.ark:6230713
fpmy0_si1783 /nfs-share/xinchi/kaldi/egs/timit/s5_la3/fbank/raw_fbank_train.1.ark:10506928
mrlk0_si1468 /nfs-share/xinchi/kaldi/egs/timit/s5_la3/fbank/raw_fbank_train.4.ark:3501435
fsgf0_sx297 /nfs-share/xinchi/kaldi/egs/timit/s5_la3/fbank/raw_fbank_train.1.ark:11683568
mkxl0_sx375 /nfs-share/xinchi/kaldi/egs/timit/s5_la3/fbank/raw_fbank_train.3.ark:7221042
fklh0_si1887 /nfs-share/xinchi/kaldi/egs/timit/s5_la3/fbank/raw_fbank_train.1.ark:6940775
fnkl0_si892 /nfs-share/xinchi/kaldi/egs/timit/s5_la3/fbank/raw_fbank_train.1.ark:9592858
mbcg0_si957 /nfs-share/xinchi/kaldi/egs/timit/s5_la3/fbank/raw_fbank_train.2.ark:3384145
mddc0_sx429 /nfs-share/xinchi/kaldi/egs/timit/s5_la3/fbank/raw_fbank_train.2.ark:6659777
fbch0_sx416 /nfs-share/xinchi/kaldi/egs/timit/s5_la3/fbank/raw_fbank_train.1.ark:813303
fmkf0_si1536 /nfs-share/xinchi/kaldi/egs/timit/s5_la3/fbank/raw_fbank_train.1.ark:9259154
fjxm0_sx41 /nfs-share/xinchi/kaldi/egs/timit/s5_la3/fbank/raw_fbank_train.1.ark:6062465
fsrh0_sx41 /nfs-share/xinchi/kaldi/egs/timit/s5_la3/fbank/raw_fbank_train.2.ark:1140146
mrlj1_si1671 /nfs-share/xinchi/kaldi/egs/timit/s5_la3/fbank/raw_fbank_train.4.ark:3414689
feme0_si875 /nfs-share/xinchi/kaldi/egs/timit/s5_la3/fbank/raw_fbank_train.1.ark:3876113
mpeb0_si1034 /nfs-share/xinchi/kaldi/egs/timit/s5_la3/fbank/raw_fbank_train.3.ark:10819455
mkls0_sx447 /nfs-share/xinchi/kaldi/egs/timit/s5_la3/fbank/raw_fbank_train.3.ark:6823589
fpab1_si2101 /nfs-share/xinchi/kaldi/egs/timit/s5_la3/fbank/raw_fbank_train.1.ark:9776474
mdac0_sx91 /nfs-share/xinchi/kaldi/egs/timit/s5_la3/fbank/raw_fbank_train.2.ark:6097301
fear0_sx352 /nfs-share/xinchi/kaldi/egs/timit/s5_la3/fbank/raw_fbank_train.1.ark:3588537
mmjb1_sx148 /nfs-share/xinchi/kaldi/egs/timit/s5_la3/fbank/raw_fbank_train.3.ark:9561912
fceg0_sx258 /nfs-share/xinchi/kaldi/egs/timit/s5_la3/fbank/raw_fbank_train.1.ark:1598238
mlel0_sx436 /nfs-share/xinchi/kaldi/egs/timit/s5_la3/fbank/raw_fbank_train.3.ark:7416260
mljc0_sx145 /nfs-share/xinchi/kaldi/egs/timit/s5_la3/fbank/raw_fbank_train.3.ark:7483506
mrgm0_si1162 /nfs-share/xinchi/kaldi/egs/timit/s5_la3/fbank/raw_fbank_train.4.ark:2249817
mprb0_si575 /nfs-share/xinchi/kaldi/egs/timit/s5_la3/fbank/raw_fbank_train.4.ark:80051
mpgh0_sx204 /nfs-share/xinchi/kaldi/egs/timit/s5_la3/fbank/raw_fbank_train.3.ark:11064797
mjjb0_sx419 /nfs-share/xinchi/kaldi/egs/timit/s5_la3/fbank/raw_fbank_train.3.ark:3251047
msat1_sx83 /nfs-share/xinchi/kaldi/egs/timit/s5_la3/fbank/raw_fbank_train.4.ark:5580092
mgrp0_sx147 /nfs-share/xinchi/kaldi/egs/timit/s5_la3/fbank/raw_fbank_train.3.ark:524160
fntb0_sx393 /nfs-share/xinchi/kaldi/egs/timit/s5_la3/fbank/raw_fbank_train.1.ark:9752766
mwac0_si2231 /nfs-share/xinchi/kaldi/egs/timit/s5_la3/fbank/raw_fbank_train.4.ark:10499561
mrvg0_sx60 /nfs-share/xinchi/kaldi/egs/timit/s5_la3/fbank/raw_fbank_train.4.ark:4928715
fmem0_sx387 /nfs-share/xinchi/kaldi/egs/timit/s5_la3/fbank/raw_fbank_train.1.ark:8813507
fjkl0_sx392 /nfs-share/xinchi/kaldi/egs/timit/s5_la3/fbank/raw_fbank_train.1.ark:5241144
mjwt0_sx391 /nfs-share/xinchi/kaldi/egs/timit/s5_la3/fbank/raw_fbank_train.3.ark:5453591
fbmj0_sx246 /nfs-share/xinchi/kaldi/egs/timit/s5_la3/fbank/raw_fbank_train.1.ark:1202697
mkls1_sx285 /nfs-share/xinchi/kaldi/egs/timit/s5_la3/fbank/raw_fbank_train.3.ark:6917253
mprb0_sx305 /nfs-share/xinchi/kaldi/egs/timit/s5_la3/fbank/raw_fbank_train.4.ark:127430
mrms0_si2057 /nfs-share/xinchi/kaldi/egs/timit/s5_la3/fbank/raw_fbank_train.4.ark:4119261
fjlr0_si601 /nfs-share/xinchi/kaldi/egs/timit/s5_la3/fbank/raw_fbank_train.1.ark:5376511
mpeb0_sx420 /nfs-share/xinchi/kaldi/egs/timit/s5_la3/fbank/raw_fbank_train.3.ark:10881974
fsjg0_si940 /nfs-share/xinchi/kaldi/egs/timit/s5_la3/fbank/raw_fbank_train.1.ark:11732782
mfxs0_sx54 /nfs-share/xinchi/kaldi/egs/timit/s5_la3/fbank/raw_fbank_train.2.ark:10856644
mklw0_sx131 /nfs-share/xinchi/kaldi/egs/timit/s5_la3/fbank/raw_fbank_train.3.ark:6975781
fdkn0_sx271 /nfs-share/xinchi/kaldi/egs/timit/s5_la3/fbank/raw_fbank_train.1.ark:2844687
mddc0_sx159 /nfs-share/xinchi/kaldi/egs/timit/s5_la3/fbank/raw_fbank_train.2.ark:6628478
mrmh0_si1349 /nfs-share/xinchi/kaldi/egs/timit/s5_la3/fbank/raw_fbank_train.4.ark:3901410
frjb0_sx167 /nfs-share/xinchi/kaldi/egs/timit/s5_la3/fbank/raw_fbank_train.1.ark:10715085
fgcs0_sx316 /nfs-share/xinchi/kaldi/egs/timit/s5_la3/fbank/raw_fbank_train.1.ark:4236488
mmgg0_si2339 /nfs-share/xinchi/kaldi/egs/timit/s5_la3/fbank/raw_fbank_train.3.ark:9376869
mrgm0_si532 /nfs-share/xinchi/kaldi/egs/timit/s5_la3/fbank/raw_fbank_train.4.ark:2278204
mkes0_sx173 /nfs-share/xinchi/kaldi/egs/timit/s5_la3/fbank/raw_fbank_train.3.ark:6403548
fkaa0_sx218 /nfs-share/xinchi/kaldi/egs/timit/s5_la3/fbank/raw_fbank_train.1.ark:6224017
fmju0_si2019 /nfs-share/xinchi/kaldi/egs/timit/s5_la3/fbank/raw_fbank_train.1.ark:9055103
fclt0_si1438 /nfs-share/xinchi/kaldi/egs/timit/s5_la3/fbank/raw_fbank_train.1.ark:1903685
msms0_sx353 /nfs-share/xinchi/kaldi/egs/timit/s5_la3/fbank/raw_fbank_train.4.ark:6702744
mrsp0_sx196 /nfs-share/xinchi/kaldi/egs/timit/s5_la3/fbank/raw_fbank_train.4.ark:4574782
mdhl0_sx269 /nfs-share/xinchi/kaldi/egs/timit/s5_la3/fbank/raw_fbank_train.2.ark:7048731
mddc0_si2049 /nfs-share/xinchi/kaldi/egs/timit/s5_la3/fbank/raw_fbank_train.2.ark:6608372
marw0_sx376 /nfs-share/xinchi/kaldi/egs/timit/s5_la3/fbank/raw_fbank_train.2.ark:3163994
mdcm0_sx40 /nfs-share/xinchi/kaldi/egs/timit/s5_la3/fbank/raw_fbank_train.2.ark:6568991
mpmb0_sx151 /nfs-share/xinchi/kaldi/egs/timit/s5_la3/fbank/raw_fbank_train.3.ark:11362360
mfxv0_si1005 /nfs-share/xinchi/kaldi/egs/timit/s5_la3/fbank/raw_fbank_train.2.ark:10870718
mcth0_si579 /nfs-share/xinchi/kaldi/egs/timit/s5_la3/fbank/raw_fbank_train.2.ark:5735662
mmpm0_sx341 /nfs-share/xinchi/kaldi/egs/timit/s5_la3/fbank/raw_fbank_train.3.ark:9776789
flmc0_sx336 /nfs-share/xinchi/kaldi/egs/timit/s5_la3/fbank/raw_fbank_train.1.ark:8203721
mwch0_sx182 /nfs-share/xinchi/kaldi/egs/timit/s5_la3/fbank/raw_fbank_train.4.ark:10802985
fpls0_sx330 /nfs-share/xinchi/kaldi/egs/timit/s5_la3/fbank/raw_fbank_train.1.ark:10462588
msdb0_sx17 /nfs-share/xinchi/kaldi/egs/timit/s5_la3/fbank/raw_fbank_train.4.ark:5631579
fskc0_sx426 /nfs-share/xinchi/kaldi/egs/timit/s5_la3/fbank/raw_fbank_train.2.ark:324273
fsls0_sx246 /nfs-share/xinchi/kaldi/egs/timit/s5_la3/fbank/raw_fbank_train.2.ark:603996
mefg0_si465 /nfs-share/xinchi/kaldi/egs/timit/s5_la3/fbank/raw_fbank_train.2.ark:9725021
mmrp0_si717 /nfs-share/xinchi/kaldi/egs/timit/s5_la3/fbank/raw_fbank_train.3.ark:9819321
fdmy0_sx297 /nfs-share/xinchi/kaldi/egs/timit/s5_la3/fbank/raw_fbank_train.1.ark:3093002
mafm0_sx219 /nfs-share/xinchi/kaldi/egs/timit/s5_la3/fbank/raw_fbank_train.2.ark:2537784
fklc1_sx418 /nfs-share/xinchi/kaldi/egs/timit/s5_la3/fbank/raw_fbank_train.1.ark:6889235
mgaw0_sx85 /nfs-share/xinchi/kaldi/egs/timit/s5_la3/fbank/raw_fbank_train.3.ark:184350
fleh0_sx241 /nfs-share/xinchi/kaldi/egs/timit/s5_la3/fbank/raw_fbank_train.1.ark:7372095
mhit0_si2243 /nfs-share/xinchi/kaldi/egs/timit/s5_la3/fbank/raw_fbank_train.3.ark:1018333
mtqc0_sx451 /nfs-share/xinchi/kaldi/egs/timit/s5_la3/fbank/raw_fbank_train.4.ark:9690461
mgag0_sx331 /nfs-share/xinchi/kaldi/egs/timit/s5_la3/fbank/raw_fbank_train.2.ark:11112534
mrmb0_si2211 /nfs-share/xinchi/kaldi/egs/timit/s5_la3/fbank/raw_fbank_train.4.ark:3704679
mjmd0_si1658 /nfs-share/xinchi/kaldi/egs/timit/s5_la3/fbank/raw_fbank_train.3.ark:3975083
fajw0_sx93 /nfs-share/xinchi/kaldi/egs/timit/s5_la3/fbank/raw_fbank_train.1.ark:196227
mrab0_si594 /nfs-share/xinchi/kaldi/egs/timit/s5_la3/fbank/raw_fbank_train.4.ark:592295
mdsj0_si832 /nfs-share/xinchi/kaldi/egs/timit/s5_la3/fbank/raw_fbank_train.2.ark:8922902
mjmm0_sx445 /nfs-share/xinchi/kaldi/egs/timit/s5_la3/fbank/raw_fbank_train.3.ark:4125514
fbmh0_sx416 /nfs-share/xinchi/kaldi/egs/timit/s5_la3/fbank/raw_fbank_train.1.ark:1123899
fksr0_si1117 /nfs-share/xinchi/kaldi/egs/timit/s5_la3/fbank/raw_fbank_train.1.ark:7017286
fsmm0_sx234 /nfs-share/xinchi/kaldi/egs/timit/s5_la3/fbank/raw_fbank_train.2.ark:790133
fvfb0_si1510 /nfs-share/xinchi/kaldi/egs/timit/s5_la3/fbank/raw_fbank_train.2.ark:1748723
mges0_si1481 /nfs-share/xinchi/kaldi/egs/timit/s5_la3/fbank/raw_fbank_train.3.ark:193384
mmdb0_si987 /nfs-share/xinchi/kaldi/egs/timit/s5_la3/fbank/raw_fbank_train.3.ark:8628829
fecd0_sx248 /nfs-share/xinchi/kaldi/egs/timit/s5_la3/fbank/raw_fbank_train.1.ark:3698529
mtrr0_sx288 /nfs-share/xinchi/kaldi/egs/timit/s5_la3/fbank/raw_fbank_train.4.ark:9881909
mrab0_sx144 /nfs-share/xinchi/kaldi/egs/timit/s5_la3/fbank/raw_fbank_train.4.ark:600768
mwsh0_si1426 /nfs-share/xinchi/kaldi/egs/timit/s5_la3/fbank/raw_fbank_train.4.ark:11440819
fecd0_sx338 /nfs-share/xinchi/kaldi/egs/timit/s5_la3/fbank/raw_fbank_train.1.ark:3711002
mfrm0_sx435 /nfs-share/xinchi/kaldi/egs/timit/s5_la3/fbank/raw_fbank_train.2.ark:10654961
mpfu0_sx88 /nfs-share/xinchi/kaldi/egs/timit/s5_la3/fbank/raw_fbank_train.3.ark:10998871
mwem0_sx60 /nfs-share/xinchi/kaldi/egs/timit/s5_la3/fbank/raw_fbank_train.4.ark:11045687
mram0_sx375 /nfs-share/xinchi/kaldi/egs/timit/s5_la3/fbank/raw_fbank_train.4.ark:957335
fsjw0_sx343 /nfs-share/xinchi/kaldi/egs/timit/s5_la3/fbank/raw_fbank_train.2.ark:214655
fjsk0_sx332 /nfs-share/xinchi/kaldi/egs/timit/s5_la3/fbank/raw_fbank_train.1.ark:5739206
mdmt0_sx392 /nfs-share/xinchi/kaldi/egs/timit/s5_la3/fbank/raw_fbank_train.2.ark:8389236
mcth0_sx129 /nfs-share/xinchi/kaldi/egs/timit/s5_la3/fbank/raw_fbank_train.2.ark:5750095
mejl0_sx332 /nfs-share/xinchi/kaldi/egs/timit/s5_la3/fbank/raw_fbank_train.2.ark:9992834
mjsr0_sx164 /nfs-share/xinchi/kaldi/egs/timit/s5_la3/fbank/raw_fbank_train.3.ark:5063586
majp0_si1074 /nfs-share/xinchi/kaldi/egs/timit/s5_la3/fbank/raw_fbank_train.2.ark:2580956
mcre0_sx131 /nfs-share/xinchi/kaldi/egs/timit/s5_la3/fbank/raw_fbank_train.2.ark:5549687
mlns0_si777 /nfs-share/xinchi/kaldi/egs/timit/s5_la3/fbank/raw_fbank_train.3.ark:7694323
mjeb0_si656 /nfs-share/xinchi/kaldi/egs/timit/s5_la3/fbank/raw_fbank_train.3.ark:2607645
meal0_si917 /nfs-share/xinchi/kaldi/egs/timit/s5_la3/fbank/raw_fbank_train.2.ark:9578398
fpac0_sx391 /nfs-share/xinchi/kaldi/egs/timit/s5_la3/fbank/raw_fbank_train.1.ark:9974256
mzmb0_sx176 /nfs-share/xinchi/kaldi/egs/timit/s5_la3/fbank/raw_fbank_train.4.ark:11596944
mjjb0_sx239 /nfs-share/xinchi/kaldi/egs/timit/s5_la3/fbank/raw_fbank_train.3.ark:3222501
mgag0_si691 /nfs-share/xinchi/kaldi/egs/timit/s5_la3/fbank/raw_fbank_train.2.ark:11075875
mjwt0_si1291 /nfs-share/xinchi/kaldi/egs/timit/s5_la3/fbank/raw_fbank_train.3.ark:5353040
mmsm0_sx296 /nfs-share/xinchi/kaldi/egs/timit/s5_la3/fbank/raw_fbank_train.3.ark:10000110
mbml0_sx359 /nfs-share/xinchi/kaldi/egs/timit/s5_la3/fbank/raw_fbank_train.2.ark:3989274
mhjb0_sx207 /nfs-share/xinchi/kaldi/egs/timit/s5_la3/fbank/raw_fbank_train.3.ark:1152098
mmag0_sx46 /nfs-share/xinchi/kaldi/egs/timit/s5_la3/fbank/raw_fbank_train.3.ark:8178427
mrjm1_si1928 /nfs-share/xinchi/kaldi/egs/timit/s5_la3/fbank/raw_fbank_train.4.ark:2925880
fscn0_sx86 /nfs-share/xinchi/kaldi/egs/timit/s5_la3/fbank/raw_fbank_train.1.ark:11416885
mjdg0_sx322 /nfs-share/xinchi/kaldi/egs/timit/s5_la3/fbank/raw_fbank_train.3.ark:2441334
mjda0_si2291 /nfs-share/xinchi/kaldi/egs/timit/s5_la3/fbank/raw_fbank_train.3.ark:2082960
mmea0_sx218 /nfs-share/xinchi/kaldi/egs/timit/s5_la3/fbank/raw_fbank_train.3.ark:9125700
mter0_sx257 /nfs-share/xinchi/kaldi/egs/timit/s5_la3/fbank/raw_fbank_train.4.ark:8046587
