fbjl0_si2182 /nfs-share/xinchi/kaldi/egs/timit/s5_la2/fbank/raw_fbank_train.1.ark:853843
msat1_si1703 /nfs-share/xinchi/kaldi/egs/timit/s5_la2/fbank/raw_fbank_train.4.ark:5509374
msdb0_sx107 /nfs-share/xinchi/kaldi/egs/timit/s5_la2/fbank/raw_fbank_train.4.ark:5622867
flkm0_si620 /nfs-share/xinchi/kaldi/egs/timit/s5_la2/fbank/raw_fbank_train.1.ark:7946267
mdpk0_si1683 /nfs-share/xinchi/kaldi/egs/timit/s5_la2/fbank/raw_fbank_train.2.ark:8619114
mjeb0_si1286 /nfs-share/xinchi/kaldi/egs/timit/s5_la2/fbank/raw_fbank_train.3.ark:2582618
mdss0_si621 /nfs-share/xinchi/kaldi/egs/timit/s5_la2/fbank/raw_fbank_train.2.ark:9014327
fspm0_sx341 /nfs-share/xinchi/kaldi/egs/timit/s5_la2/fbank/raw_fbank_train.2.ark:1026096
mprb0_si1205 /nfs-share/xinchi/kaldi/egs/timit/s5_la2/fbank/raw_fbank_train.4.ark:49464
mwre0_si1687 /nfs-share/xinchi/kaldi/egs/timit/s5_la2/fbank/raw_fbank_train.4.ark:11172100
mrmg0_sx180 /nfs-share/xinchi/kaldi/egs/timit/s5_la2/fbank/raw_fbank_train.4.ark:3825691
mjxl0_sx182 /nfs-share/xinchi/kaldi/egs/timit/s5_la2/fbank/raw_fbank_train.3.ark:5595230
mges0_sx41 /nfs-share/xinchi/kaldi/egs/timit/s5_la2/fbank/raw_fbank_train.3.ark:264175
fskl0_sx269 /nfs-share/xinchi/kaldi/egs/timit/s5_la2/fbank/raw_fbank_train.2.ark:399472
mtkd0_sx107 /nfs-share/xinchi/kaldi/egs/timit/s5_la2/fbank/raw_fbank_train.4.ark:8538126
mpgr0_si2040 /nfs-share/xinchi/kaldi/egs/timit/s5_la2/fbank/raw_fbank_train.3.ark:11115323
mabc0_sx331 /nfs-share/xinchi/kaldi/egs/timit/s5_la2/fbank/raw_fbank_train.2.ark:2073531
mtbc0_sx363 /nfs-share/xinchi/kaldi/egs/timit/s5_la2/fbank/raw_fbank_train.4.ark:7639320
mkag0_sx439 /nfs-share/xinchi/kaldi/egs/timit/s5_la2/fbank/raw_fbank_train.3.ark:5738393
fsrh0_sx401 /nfs-share/xinchi/kaldi/egs/timit/s5_la2/fbank/raw_fbank_train.2.ark:1128634
mprd0_sx441 /nfs-share/xinchi/kaldi/egs/timit/s5_la2/fbank/raw_fbank_train.4.ark:254728
msas0_sx206 /nfs-share/xinchi/kaldi/egs/timit/s5_la2/fbank/raw_fbank_train.4.ark:5369783
mtcs0_sx352 /nfs-share/xinchi/kaldi/egs/timit/s5_la2/fbank/raw_fbank_train.4.ark:7719832
mses0_sx149 /nfs-share/xinchi/kaldi/egs/timit/s5_la2/fbank/raw_fbank_train.4.ark:6046929
mljc0_sx235 /nfs-share/xinchi/kaldi/egs/timit/s5_la2/fbank/raw_fbank_train.3.ark:7495619
mhxl0_sx62 /nfs-share/xinchi/kaldi/egs/timit/s5_la2/fbank/raw_fbank_train.3.ark:1562575
mvlo0_sx337 /nfs-share/xinchi/kaldi/egs/timit/s5_la2/fbank/raw_fbank_train.4.ark:10363003
marc0_sx198 /nfs-share/xinchi/kaldi/egs/timit/s5_la2/fbank/raw_fbank_train.2.ark:3040583
mmpm0_sx431 /nfs-share/xinchi/kaldi/egs/timit/s5_la2/fbank/raw_fbank_train.3.ark:9789702
mjxl0_sx452 /nfs-share/xinchi/kaldi/egs/timit/s5_la2/fbank/raw_fbank_train.3.ark:5632049
mcdc0_si662 /nfs-share/xinchi/kaldi/egs/timit/s5_la2/fbank/raw_fbank_train.2.ark:4641227
mprk0_sx107 /nfs-share/xinchi/kaldi/egs/timit/s5_la2/fbank/raw_fbank_train.4.ark:329494
fjkl0_sx212 /nfs-share/xinchi/kaldi/egs/timit/s5_la2/fbank/raw_fbank_train.1.ark:5205766
fpls0_sx330 /nfs-share/xinchi/kaldi/egs/timit/s5_la2/fbank/raw_fbank_train.1.ark:10462588
mppc0_si2042 /nfs-share/xinchi/kaldi/egs/timit/s5_la2/fbank/raw_fbank_train.3.ark:11474919
fjxp0_si1122 /nfs-share/xinchi/kaldi/egs/timit/s5_la2/fbank/raw_fbank_train.1.ark:6082739
mtrt0_si1227 /nfs-share/xinchi/kaldi/egs/timit/s5_la2/fbank/raw_fbank_train.4.ark:9909656
fgcs0_sx46 /nfs-share/xinchi/kaldi/egs/timit/s5_la2/fbank/raw_fbank_train.1.ark:4259073
mkag0_si979 /nfs-share/xinchi/kaldi/egs/timit/s5_la2/fbank/raw_fbank_train.3.ark:5686222
flmc0_sx382 /nfs-share/xinchi/kaldi/egs/timit/s5_la2/fbank/raw_fbank_train.1.ark:8219994
mram0_sx105 /nfs-share/xinchi/kaldi/egs/timit/s5_la2/fbank/raw_fbank_train.4.ark:914204
mprk0_si1727 /nfs-share/xinchi/kaldi/egs/timit/s5_la2/fbank/raw_fbank_train.4.ark:301348
mmrp0_sx144 /nfs-share/xinchi/kaldi/egs/timit/s5_la2/fbank/raw_fbank_train.3.ark:9843867
msdh0_sx440 /nfs-share/xinchi/kaldi/egs/timit/s5_la2/fbank/raw_fbank_train.4.ark:5739031
msah1_sx59 /nfs-share/xinchi/kaldi/egs/timit/s5_la2/fbank/raw_fbank_train.4.ark:5298616
fklh0_sx357 /nfs-share/xinchi/kaldi/egs/timit/s5_la2/fbank/raw_fbank_train.1.ark:6980147
mctm0_sx360 /nfs-share/xinchi/kaldi/egs/timit/s5_la2/fbank/raw_fbank_train.2.ark:5873106
fskp0_si1728 /nfs-share/xinchi/kaldi/egs/timit/s5_la2/fbank/raw_fbank_train.2.ark:464118
mdss1_si697 /nfs-share/xinchi/kaldi/egs/timit/s5_la2/fbank/raw_fbank_train.2.ark:9097512
fear0_sx352 /nfs-share/xinchi/kaldi/egs/timit/s5_la2/fbank/raw_fbank_train.1.ark:3588537
fcmg0_sx252 /nfs-share/xinchi/kaldi/egs/timit/s5_la2/fbank/raw_fbank_train.1.ark:2056444
mdns0_sx111 /nfs-share/xinchi/kaldi/egs/timit/s5_la2/fbank/raw_fbank_train.2.ark:8449450
mkls1_si915 /nfs-share/xinchi/kaldi/egs/timit/s5_la2/fbank/raw_fbank_train.3.ark:6868242
fjwb1_sx165 /nfs-share/xinchi/kaldi/egs/timit/s5_la2/fbank/raw_fbank_train.1.ark:5914949
mdss1_sx337 /nfs-share/xinchi/kaldi/egs/timit/s5_la2/fbank/raw_fbank_train.2.ark:9135251
mbsb0_si1983 /nfs-share/xinchi/kaldi/egs/timit/s5_la2/fbank/raw_fbank_train.2.ark:4127834
mkdt0_si2153 /nfs-share/xinchi/kaldi/egs/timit/s5_la2/fbank/raw_fbank_train.3.ark:6254184
mklr0_sx69 /nfs-share/xinchi/kaldi/egs/timit/s5_la2/fbank/raw_fbank_train.3.ark:6726115
fdkn0_sx361 /nfs-share/xinchi/kaldi/egs/timit/s5_la2/fbank/raw_fbank_train.1.ark:2857400
mdpk0_si552 /nfs-share/xinchi/kaldi/egs/timit/s5_la2/fbank/raw_fbank_train.2.ark:8627147
mtwh1_si2142 /nfs-share/xinchi/kaldi/egs/timit/s5_la2/fbank/raw_fbank_train.4.ark:10017795
mpsw0_sx77 /nfs-share/xinchi/kaldi/egs/timit/s5_la2/fbank/raw_fbank_train.4.ark:554594
fsrh0_sx41 /nfs-share/xinchi/kaldi/egs/timit/s5_la2/fbank/raw_fbank_train.2.ark:1140146
fklc0_sx175 /nfs-share/xinchi/kaldi/egs/timit/s5_la2/fbank/raw_fbank_train.1.ark:6751910
majp0_sx444 /nfs-share/xinchi/kaldi/egs/timit/s5_la2/fbank/raw_fbank_train.2.ark:2664556
mgaf0_sx292 /nfs-share/xinchi/kaldi/egs/timit/s5_la2/fbank/raw_fbank_train.2.ark:11029262
fkde0_si1141 /nfs-share/xinchi/kaldi/egs/timit/s5_la2/fbank/raw_fbank_train.1.ark:6283389
mprb0_sx35 /nfs-share/xinchi/kaldi/egs/timit/s5_la2/fbank/raw_fbank_train.4.ark:141062
mjjb0_sx239 /nfs-share/xinchi/kaldi/egs/timit/s5_la2/fbank/raw_fbank_train.3.ark:3222501
mdmt0_sx302 /nfs-share/xinchi/kaldi/egs/timit/s5_la2/fbank/raw_fbank_train.2.ark:8366931
mses0_sx239 /nfs-share/xinchi/kaldi/egs/timit/s5_la2/fbank/raw_fbank_train.4.ark:6058322
msvs0_sx308 /nfs-share/xinchi/kaldi/egs/timit/s5_la2/fbank/raw_fbank_train.4.ark:7113162
mcal0_si1138 /nfs-share/xinchi/kaldi/egs/timit/s5_la2/fbank/raw_fbank_train.2.ark:4523335
mprd0_sx81 /nfs-share/xinchi/kaldi/egs/timit/s5_la2/fbank/raw_fbank_train.4.ark:266440
mtjm0_sx326 /nfs-share/xinchi/kaldi/egs/timit/s5_la2/fbank/raw_fbank_train.4.ark:8247477
mtbc0_sx183 /nfs-share/xinchi/kaldi/egs/timit/s5_la2/fbank/raw_fbank_train.4.ark:7603181
mjpg0_sx111 /nfs-share/xinchi/kaldi/egs/timit/s5_la2/fbank/raw_fbank_train.3.ark:4185320
mmbs0_sx341 /nfs-share/xinchi/kaldi/egs/timit/s5_la2/fbank/raw_fbank_train.3.ark:8469198
fsjw0_sx253 /nfs-share/xinchi/kaldi/egs/timit/s5_la2/fbank/raw_fbank_train.2.ark:205502
mtas0_sx305 /nfs-share/xinchi/kaldi/egs/timit/s5_la2/fbank/raw_fbank_train.4.ark:7325492
mcew0_sx92 /nfs-share/xinchi/kaldi/egs/timit/s5_la2/fbank/raw_fbank_train.2.ark:5117851
mdwd0_sx180 /nfs-share/xinchi/kaldi/egs/timit/s5_la2/fbank/raw_fbank_train.2.ark:9290156
mmbs0_si1781 /nfs-share/xinchi/kaldi/egs/timit/s5_la2/fbank/raw_fbank_train.3.ark:8408106
flma0_sx433 /nfs-share/xinchi/kaldi/egs/timit/s5_la2/fbank/raw_fbank_train.1.ark:8109777
mbsb0_sx93 /nfs-share/xinchi/kaldi/egs/timit/s5_la2/fbank/raw_fbank_train.2.ark:4178829
mbml0_sx449 /nfs-share/xinchi/kaldi/egs/timit/s5_la2/fbank/raw_fbank_train.2.ark:4003587
mrai0_si1954 /nfs-share/xinchi/kaldi/egs/timit/s5_la2/fbank/raw_fbank_train.4.ark:765438
mkam0_sx236 /nfs-share/xinchi/kaldi/egs/timit/s5_la2/fbank/raw_fbank_train.3.ark:6010883
fvkb0_sx169 /nfs-share/xinchi/kaldi/egs/timit/s5_la2/fbank/raw_fbank_train.2.ark:1857215
mkln0_sx158 /nfs-share/xinchi/kaldi/egs/timit/s5_la2/fbank/raw_fbank_train.3.ark:6593878
fkfb0_si978 /nfs-share/xinchi/kaldi/egs/timit/s5_la2/fbank/raw_fbank_train.1.ark:6519627
mhit0_sx173 /nfs-share/xinchi/kaldi/egs/timit/s5_la2/fbank/raw_fbank_train.3.ark:1046079
mgsl0_sx354 /nfs-share/xinchi/kaldi/egs/timit/s5_la2/fbank/raw_fbank_train.3.ark:767593
mrws0_sx22 /nfs-share/xinchi/kaldi/egs/timit/s5_la2/fbank/raw_fbank_train.4.ark:5089259
fcjs0_sx257 /nfs-share/xinchi/kaldi/egs/timit/s5_la2/fbank/raw_fbank_train.1.ark:1763288
mdpb0_si1760 /nfs-share/xinchi/kaldi/egs/timit/s5_la2/fbank/raw_fbank_train.2.ark:8500055
fdml0_sx69 /nfs-share/xinchi/kaldi/egs/timit/s5_la2/fbank/raw_fbank_train.1.ark:2974451
mkls0_sx357 /nfs-share/xinchi/kaldi/egs/timit/s5_la2/fbank/raw_fbank_train.3.ark:6808636
mbth0_sx392 /nfs-share/xinchi/kaldi/egs/timit/s5_la2/fbank/raw_fbank_train.2.ark:4279213
mgaw0_sx445 /nfs-share/xinchi/kaldi/egs/timit/s5_la2/fbank/raw_fbank_train.3.ark:175598
mfmc0_si1762 /nfs-share/xinchi/kaldi/egs/timit/s5_la2/fbank/raw_fbank_train.2.ark:10494210
mjlb0_si986 /nfs-share/xinchi/kaldi/egs/timit/s5_la2/fbank/raw_fbank_train.3.ark:3613335
mrlr0_sx116 /nfs-share/xinchi/kaldi/egs/timit/s5_la2/fbank/raw_fbank_train.4.ark:3642320
mrvg0_sx330 /nfs-share/xinchi/kaldi/egs/timit/s5_la2/fbank/raw_fbank_train.4.ark:4904090
mcth0_si1209 /nfs-share/xinchi/kaldi/egs/timit/s5_la2/fbank/raw_fbank_train.2.ark:5712635
mcal0_sx238 /nfs-share/xinchi/kaldi/egs/timit/s5_la2/fbank/raw_fbank_train.2.ark:4564708
fgdp0_si2248 /nfs-share/xinchi/kaldi/egs/timit/s5_la2/fbank/raw_fbank_train.1.ark:4277341
mtju0_si2269 /nfs-share/xinchi/kaldi/egs/timit/s5_la2/fbank/raw_fbank_train.4.ark:8414195
mnet0_sx6 /nfs-share/xinchi/kaldi/egs/timit/s5_la2/fbank/raw_fbank_train.3.ark:10607538
mtqc0_si480 /nfs-share/xinchi/kaldi/egs/timit/s5_la2/fbank/raw_fbank_train.4.ark:9633249
fjhk0_si1652 /nfs-share/xinchi/kaldi/egs/timit/s5_la2/fbank/raw_fbank_train.1.ark:5071801
fsdc0_sx232 /nfs-share/xinchi/kaldi/egs/timit/s5_la2/fbank/raw_fbank_train.1.ark:11474293
fcjf0_si648 /nfs-share/xinchi/kaldi/egs/timit/s5_la2/fbank/raw_fbank_train.1.ark:1668317
majp0_sx174 /nfs-share/xinchi/kaldi/egs/timit/s5_la2/fbank/raw_fbank_train.2.ark:2621417
mjrh0_sx405 /nfs-share/xinchi/kaldi/egs/timit/s5_la2/fbank/raw_fbank_train.3.ark:4705625
mjxa0_si2137 /nfs-share/xinchi/kaldi/egs/timit/s5_la2/fbank/raw_fbank_train.3.ark:5479179
mrmh0_sx121 /nfs-share/xinchi/kaldi/egs/timit/s5_la2/fbank/raw_fbank_train.4.ark:3929077
mmag0_si1756 /nfs-share/xinchi/kaldi/egs/timit/s5_la2/fbank/raw_fbank_train.3.ark:8090110
mpgr0_sx330 /nfs-share/xinchi/kaldi/egs/timit/s5_la2/fbank/raw_fbank_train.3.ark:11149855
mjra0_sx426 /nfs-share/xinchi/kaldi/egs/timit/s5_la2/fbank/raw_fbank_train.3.ark:4505854
mesj0_sx277 /nfs-share/xinchi/kaldi/egs/timit/s5_la2/fbank/raw_fbank_train.2.ark:10273516
mdlb0_si676 /nfs-share/xinchi/kaldi/egs/timit/s5_la2/fbank/raw_fbank_train.2.ark:7420246
fjen0_sx417 /nfs-share/xinchi/kaldi/egs/timit/s5_la2/fbank/raw_fbank_train.1.ark:5030861
mjeb0_si1916 /nfs-share/xinchi/kaldi/egs/timit/s5_la2/fbank/raw_fbank_train.3.ark:2596212
mrml0_si1421 /nfs-share/xinchi/kaldi/egs/timit/s5_la2/fbank/raw_fbank_train.4.ark:3977682
fbcg1_sx352 /nfs-share/xinchi/kaldi/egs/timit/s5_la2/fbank/raw_fbank_train.1.ark:688846
flja0_sx178 /nfs-share/xinchi/kaldi/egs/timit/s5_la2/fbank/raw_fbank_train.1.ark:7646939
mcss0_si750 /nfs-share/xinchi/kaldi/egs/timit/s5_la2/fbank/raw_fbank_train.2.ark:5646477
mjrk0_si880 /nfs-share/xinchi/kaldi/egs/timit/s5_la2/fbank/raw_fbank_train.3.ark:4840223
mtlb0_si1134 /nfs-share/xinchi/kaldi/egs/timit/s5_la2/fbank/raw_fbank_train.4.ark:8704156
mdjm0_sx105 /nfs-share/xinchi/kaldi/egs/timit/s5_la2/fbank/raw_fbank_train.2.ark:7231668
msdh0_sx260 /nfs-share/xinchi/kaldi/egs/timit/s5_la2/fbank/raw_fbank_train.4.ark:5710525
fsjk1_sx395 /nfs-share/xinchi/kaldi/egs/timit/s5_la2/fbank/raw_fbank_train.2.ark:32110
mtju0_sx130 /nfs-share/xinchi/kaldi/egs/timit/s5_la2/fbank/raw_fbank_train.4.ark:8433461
fdjh0_sx395 /nfs-share/xinchi/kaldi/egs/timit/s5_la2/fbank/raw_fbank_train.1.ark:2775079
mbma1_sx144 /nfs-share/xinchi/kaldi/egs/timit/s5_la2/fbank/raw_fbank_train.2.ark:3867823
mjrp0_sx225 /nfs-share/xinchi/kaldi/egs/timit/s5_la2/fbank/raw_fbank_train.3.ark:4966354
fear0_sx442 /nfs-share/xinchi/kaldi/egs/timit/s5_la2/fbank/raw_fbank_train.1.ark:3608410
fltm0_sx350 /nfs-share/xinchi/kaldi/egs/timit/s5_la2/fbank/raw_fbank_train.1.ark:8479047
fcdr1_sx16 /nfs-share/xinchi/kaldi/egs/timit/s5_la2/fbank/raw_fbank_train.1.ark:1509092
mmxs0_si876 /nfs-share/xinchi/kaldi/egs/timit/s5_la2/fbank/raw_fbank_train.3.ark:10470783
mjfr0_sx75 /nfs-share/xinchi/kaldi/egs/timit/s5_la2/fbank/raw_fbank_train.3.ark:3061269
fntb0_si679 /nfs-share/xinchi/kaldi/egs/timit/s5_la2/fbank/raw_fbank_train.1.ark:9689962
mtwh1_sx432 /nfs-share/xinchi/kaldi/egs/timit/s5_la2/fbank/raw_fbank_train.4.ark:10067600
mhbs0_sx225 /nfs-share/xinchi/kaldi/egs/timit/s5_la2/fbank/raw_fbank_train.3.ark:968407
mmdg0_sx250 /nfs-share/xinchi/kaldi/egs/timit/s5_la2/fbank/raw_fbank_train.3.ark:8752360
fjxp0_sx132 /nfs-share/xinchi/kaldi/egs/timit/s5_la2/fbank/raw_fbank_train.1.ark:6118439
mcal0_si508 /nfs-share/xinchi/kaldi/egs/timit/s5_la2/fbank/raw_fbank_train.2.ark:4546682
mdma0_sx170 /nfs-share/xinchi/kaldi/egs/timit/s5_la2/fbank/raw_fbank_train.2.ark:8229120
mtlc0_sx217 /nfs-share/xinchi/kaldi/egs/timit/s5_la2/fbank/raw_fbank_train.4.ark:8858514
mmds0_si713 /nfs-share/xinchi/kaldi/egs/timit/s5_la2/fbank/raw_fbank_train.3.ark:9023809
fsjs0_si541 /nfs-share/xinchi/kaldi/egs/timit/s5_la2/fbank/raw_fbank_train.2.ark:67611
mhbs0_si1575 /nfs-share/xinchi/kaldi/egs/timit/s5_la2/fbank/raw_fbank_train.3.ark:916394
madd0_sx268 /nfs-share/xinchi/kaldi/egs/timit/s5_la2/fbank/raw_fbank_train.2.ark:2258908
mrfl0_sx346 /nfs-share/xinchi/kaldi/egs/timit/s5_la2/fbank/raw_fbank_train.4.ark:2211958
mtas0_sx395 /nfs-share/xinchi/kaldi/egs/timit/s5_la2/fbank/raw_fbank_train.4.ark:7342677
mrds0_sx177 /nfs-share/xinchi/kaldi/egs/timit/s5_la2/fbank/raw_fbank_train.4.ark:1591741
mhmg0_si735 /nfs-share/xinchi/kaldi/egs/timit/s5_la2/fbank/raw_fbank_train.3.ark:1207017
flac0_sx271 /nfs-share/xinchi/kaldi/egs/timit/s5_la2/fbank/raw_fbank_train.1.ark:7162684
mdcd0_sx65 /nfs-share/xinchi/kaldi/egs/timit/s5_la2/fbank/raw_fbank_train.2.ark:6483959
mmea0_sx38 /nfs-share/xinchi/kaldi/egs/timit/s5_la2/fbank/raw_fbank_train.3.ark:9145485
mrsp0_sx196 /nfs-share/xinchi/kaldi/egs/timit/s5_la2/fbank/raw_fbank_train.4.ark:4574782
fskl0_si899 /nfs-share/xinchi/kaldi/egs/timit/s5_la2/fbank/raw_fbank_train.2.ark:375406
mfxv0_sx285 /nfs-share/xinchi/kaldi/egs/timit/s5_la2/fbank/raw_fbank_train.2.ark:10940837
fetb0_si518 /nfs-share/xinchi/kaldi/egs/timit/s5_la2/fbank/raw_fbank_train.1.ark:3987258
mmpm0_si1061 /nfs-share/xinchi/kaldi/egs/timit/s5_la2/fbank/raw_fbank_train.3.ark:9712502
mdef0_sx33 /nfs-share/xinchi/kaldi/egs/timit/s5_la2/fbank/raw_fbank_train.2.ark:6858107
fksr0_si487 /nfs-share/xinchi/kaldi/egs/timit/s5_la2/fbank/raw_fbank_train.1.ark:7041473
fjkl0_si932 /nfs-share/xinchi/kaldi/egs/timit/s5_la2/fbank/raw_fbank_train.1.ark:5171300
mmjb1_sx328 /nfs-share/xinchi/kaldi/egs/timit/s5_la2/fbank/raw_fbank_train.3.ark:9585658
feeh0_sx122 /nfs-share/xinchi/kaldi/egs/timit/s5_la2/fbank/raw_fbank_train.1.ark:3790001
flag0_sx114 /nfs-share/xinchi/kaldi/egs/timit/s5_la2/fbank/raw_fbank_train.1.ark:7256596
fsrh0_sx311 /nfs-share/xinchi/kaldi/egs/timit/s5_la2/fbank/raw_fbank_train.2.ark:1112121
fblv0_sx248 /nfs-share/xinchi/kaldi/egs/timit/s5_la2/fbank/raw_fbank_train.1.ark:999568
mtjs0_sx292 /nfs-share/xinchi/kaldi/egs/timit/s5_la2/fbank/raw_fbank_train.4.ark:8365414
mdhs0_sx360 /nfs-share/xinchi/kaldi/egs/timit/s5_la2/fbank/raw_fbank_train.2.ark:7155989
mpgr0_si1410 /nfs-share/xinchi/kaldi/egs/timit/s5_la2/fbank/raw_fbank_train.3.ark:11098649
mhxl0_sx422 /nfs-share/xinchi/kaldi/egs/timit/s5_la2/fbank/raw_fbank_train.3.ark:1546903
fljg0_sx81 /nfs-share/xinchi/kaldi/egs/timit/s5_la2/fbank/raw_fbank_train.1.ark:7921280
fdxw0_sx251 /nfs-share/xinchi/kaldi/egs/timit/s5_la2/fbank/raw_fbank_train.1.ark:3386774
fmju0_si1389 /nfs-share/xinchi/kaldi/egs/timit/s5_la2/fbank/raw_fbank_train.1.ark:9035709
flod0_sx117 /nfs-share/xinchi/kaldi/egs/timit/s5_la2/fbank/raw_fbank_train.1.ark:8366954
fclt0_si808 /nfs-share/xinchi/kaldi/egs/timit/s5_la2/fbank/raw_fbank_train.1.ark:1920912
mgrl0_sx237 /nfs-share/xinchi/kaldi/egs/timit/s5_la2/fbank/raw_fbank_train.3.ark:434928
madc0_si1367 /nfs-share/xinchi/kaldi/egs/timit/s5_la2/fbank/raw_fbank_train.2.ark:2103670
fjxp0_sx42 /nfs-share/xinchi/kaldi/egs/timit/s5_la2/fbank/raw_fbank_train.1.ark:6165490
mgjc0_sx345 /nfs-share/xinchi/kaldi/egs/timit/s5_la2/fbank/raw_fbank_train.3.ark:342976
fcke0_sx391 /nfs-share/xinchi/kaldi/egs/timit/s5_la2/fbank/raw_fbank_train.1.ark:1895771
mbml0_si1799 /nfs-share/xinchi/kaldi/egs/timit/s5_la2/fbank/raw_fbank_train.2.ark:3946022
frll0_sx254 /nfs-share/xinchi/kaldi/egs/timit/s5_la2/fbank/raw_fbank_train.1.ark:10837622
mjpm1_si1897 /nfs-share/xinchi/kaldi/egs/timit/s5_la2/fbank/raw_fbank_train.3.ark:4332310
fmbg0_sx3 /nfs-share/xinchi/kaldi/egs/timit/s5_la2/fbank/raw_fbank_train.1.ark:8670583
flmc0_sx22 /nfs-share/xinchi/kaldi/egs/timit/s5_la2/fbank/raw_fbank_train.1.ark:8179935
fkaa0_sx308 /nfs-share/xinchi/kaldi/egs/timit/s5_la2/fbank/raw_fbank_train.1.ark:6237810
mmlm0_sx177 /nfs-share/xinchi/kaldi/egs/timit/s5_la2/fbank/raw_fbank_train.3.ark:9660937
mcth0_sx399 /nfs-share/xinchi/kaldi/egs/timit/s5_la2/fbank/raw_fbank_train.2.ark:5799346
majp0_sx354 /nfs-share/xinchi/kaldi/egs/timit/s5_la2/fbank/raw_fbank_train.2.ark:2652163
mjee0_sx337 /nfs-share/xinchi/kaldi/egs/timit/s5_la2/fbank/raw_fbank_train.3.ark:2844674
fsjw0_sx433 /nfs-share/xinchi/kaldi/egs/timit/s5_la2/fbank/raw_fbank_train.2.ark:229208
mmdm0_si681 /nfs-share/xinchi/kaldi/egs/timit/s5_la2/fbank/raw_fbank_train.3.ark:8830839
maeo0_sx246 /nfs-share/xinchi/kaldi/egs/timit/s5_la2/fbank/raw_fbank_train.2.ark:2451639
mrbc0_si599 /nfs-share/xinchi/kaldi/egs/timit/s5_la2/fbank/raw_fbank_train.4.ark:1079902
fgmb0_si1775 /nfs-share/xinchi/kaldi/egs/timit/s5_la2/fbank/raw_fbank_train.1.ark:4403806
mkls1_sx195 /nfs-share/xinchi/kaldi/egs/timit/s5_la2/fbank/raw_fbank_train.3.ark:6909060
megj0_si1337 /nfs-share/xinchi/kaldi/egs/timit/s5_la2/fbank/raw_fbank_train.2.ark:9829485
fsbk0_sx349 /nfs-share/xinchi/kaldi/egs/timit/s5_la2/fbank/raw_fbank_train.1.ark:11257876
mvjh0_si1556 /nfs-share/xinchi/kaldi/egs/timit/s5_la2/fbank/raw_fbank_train.4.ark:10205492
mmdm1_si1650 /nfs-share/xinchi/kaldi/egs/timit/s5_la2/fbank/raw_fbank_train.3.ark:8901157
feme0_sx335 /nfs-share/xinchi/kaldi/egs/timit/s5_la2/fbank/raw_fbank_train.1.ark:3920852
mrpc1_sx402 /nfs-share/xinchi/kaldi/egs/timit/s5_la2/fbank/raw_fbank_train.4.ark:4259493
mfmc0_sx322 /nfs-share/xinchi/kaldi/egs/timit/s5_la2/fbank/raw_fbank_train.2.ark:10548742
mcae0_sx187 /nfs-share/xinchi/kaldi/egs/timit/s5_la2/fbank/raw_fbank_train.2.ark:4457132
ftaj0_sx339 /nfs-share/xinchi/kaldi/egs/timit/s5_la2/fbank/raw_fbank_train.2.ark:1312971
mafm0_si939 /nfs-share/xinchi/kaldi/egs/timit/s5_la2/fbank/raw_fbank_train.2.ark:2510318
mded0_sx360 /nfs-share/xinchi/kaldi/egs/timit/s5_la2/fbank/raw_fbank_train.2.ark:6749529
mwrp0_sx183 /nfs-share/xinchi/kaldi/egs/timit/s5_la2/fbank/raw_fbank_train.4.ark:11299673
mjrk0_si2103 /nfs-share/xinchi/kaldi/egs/timit/s5_la2/fbank/raw_fbank_train.3.ark:4833230
mrld0_si964 /nfs-share/xinchi/kaldi/egs/timit/s5_la2/fbank/raw_fbank_train.4.ark:3261826
mlsh0_sx427 /nfs-share/xinchi/kaldi/egs/timit/s5_la2/fbank/raw_fbank_train.3.ark:7840840
fhxs0_sx445 /nfs-share/xinchi/kaldi/egs/timit/s5_la2/fbank/raw_fbank_train.1.ark:4818089
mkes0_sx83 /nfs-share/xinchi/kaldi/egs/timit/s5_la2/fbank/raw_fbank_train.3.ark:6455119
fgrw0_sx342 /nfs-share/xinchi/kaldi/egs/timit/s5_la2/fbank/raw_fbank_train.1.ark:4573484
mtpp0_si2138 /nfs-share/xinchi/kaldi/egs/timit/s5_la2/fbank/raw_fbank_train.4.ark:9405806
mjws0_si1773 /nfs-share/xinchi/kaldi/egs/timit/s5_la2/fbank/raw_fbank_train.3.ark:5257249
mprb0_sx305 /nfs-share/xinchi/kaldi/egs/timit/s5_la2/fbank/raw_fbank_train.4.ark:127430
mpmb0_si1501 /nfs-share/xinchi/kaldi/egs/timit/s5_la2/fbank/raw_fbank_train.3.ark:11286660
mdas0_si1896 /nfs-share/xinchi/kaldi/egs/timit/s5_la2/fbank/raw_fbank_train.2.ark:6116729
fcag0_sx243 /nfs-share/xinchi/kaldi/egs/timit/s5_la2/fbank/raw_fbank_train.1.ark:1294643
fsls0_si1686 /nfs-share/xinchi/kaldi/egs/timit/s5_la2/fbank/raw_fbank_train.2.ark:551303
mnet0_si816 /nfs-share/xinchi/kaldi/egs/timit/s5_la2/fbank/raw_fbank_train.3.ark:10563328
mrmh0_sx391 /nfs-share/xinchi/kaldi/egs/timit/s5_la2/fbank/raw_fbank_train.4.ark:3969288
fklh0_si1257 /nfs-share/xinchi/kaldi/egs/timit/s5_la2/fbank/raw_fbank_train.1.ark:6919781
fjhk0_sx122 /nfs-share/xinchi/kaldi/egs/timit/s5_la2/fbank/raw_fbank_train.1.ark:5098188
mmdb0_si987 /nfs-share/xinchi/kaldi/egs/timit/s5_la2/fbank/raw_fbank_train.3.ark:8628829
fgmb0_sx155 /nfs-share/xinchi/kaldi/egs/timit/s5_la2/fbank/raw_fbank_train.1.ark:4428512
mpgr1_sx419 /nfs-share/xinchi/kaldi/egs/timit/s5_la2/fbank/raw_fbank_train.3.ark:11266394
msmr0_sx415 /nfs-share/xinchi/kaldi/egs/timit/s5_la2/fbank/raw_fbank_train.4.ark:6616032
mbef0_sx291 /nfs-share/xinchi/kaldi/egs/timit/s5_la2/fbank/raw_fbank_train.2.ark:3522581
mdks0_sx436 /nfs-share/xinchi/kaldi/egs/timit/s5_la2/fbank/raw_fbank_train.2.ark:7359033
mcpm0_si1824 /nfs-share/xinchi/kaldi/egs/timit/s5_la2/fbank/raw_fbank_train.2.ark:5432795
ftaj0_sx249 /nfs-share/xinchi/kaldi/egs/timit/s5_la2/fbank/raw_fbank_train.2.ark:1304138
mapv0_si663 /nfs-share/xinchi/kaldi/egs/timit/s5_la2/fbank/raw_fbank_train.2.ark:2915700
mcef0_si1135 /nfs-share/xinchi/kaldi/egs/timit/s5_la2/fbank/raw_fbank_train.2.ark:4912995
mcef0_sx235 /nfs-share/xinchi/kaldi/egs/timit/s5_la2/fbank/raw_fbank_train.2.ark:4963168
fkfb0_si1608 /nfs-share/xinchi/kaldi/egs/timit/s5_la2/fbank/raw_fbank_train.1.ark:6491200
fbcg1_si2242 /nfs-share/xinchi/kaldi/egs/timit/s5_la2/fbank/raw_fbank_train.1.ark:640234
mjwg0_si895 /nfs-share/xinchi/kaldi/egs/timit/s5_la2/fbank/raw_fbank_train.3.ark:5161137
fajw0_sx3 /nfs-share/xinchi/kaldi/egs/timit/s5_la2/fbank/raw_fbank_train.1.ark:175282
mrcw0_si2001 /nfs-share/xinchi/kaldi/egs/timit/s5_la2/fbank/raw_fbank_train.4.ark:1288079
mjdm0_sx80 /nfs-share/xinchi/kaldi/egs/timit/s5_la2/fbank/raw_fbank_train.3.ark:2572864
mcef0_sx415 /nfs-share/xinchi/kaldi/egs/timit/s5_la2/fbank/raw_fbank_train.2.ark:4983914
mcdd0_si883 /nfs-share/xinchi/kaldi/egs/timit/s5_la2/fbank/raw_fbank_train.2.ark:4733452
mrlk0_sx33 /nfs-share/xinchi/kaldi/egs/timit/s5_la2/fbank/raw_fbank_train.4.ark:3580393
mhit0_si983 /nfs-share/xinchi/kaldi/egs/timit/s5_la2/fbank/raw_fbank_train.3.ark:1026886
fmpg0_si1602 /nfs-share/xinchi/kaldi/egs/timit/s5_la2/fbank/raw_fbank_train.1.ark:9445206
mdwm0_sx106 /nfs-share/xinchi/kaldi/egs/timit/s5_la2/fbank/raw_fbank_train.2.ark:9500606
fhlm0_si930 /nfs-share/xinchi/kaldi/egs/timit/s5_la2/fbank/raw_fbank_train.1.ark:4632890
mjlg1_sx382 /nfs-share/xinchi/kaldi/egs/timit/s5_la2/fbank/raw_fbank_train.3.ark:3757765
mkes0_si623 /nfs-share/xinchi/kaldi/egs/timit/s5_la2/fbank/raw_fbank_train.3.ark:6386595
mtlc0_sx397 /nfs-share/xinchi/kaldi/egs/timit/s5_la2/fbank/raw_fbank_train.4.ark:8883612
fblv0_sx338 /nfs-share/xinchi/kaldi/egs/timit/s5_la2/fbank/raw_fbank_train.1.ark:1009361
mtxs0_sx160 /nfs-share/xinchi/kaldi/egs/timit/s5_la2/fbank/raw_fbank_train.4.ark:10133927
fbmj0_si815 /nfs-share/xinchi/kaldi/egs/timit/s5_la2/fbank/raw_fbank_train.1.ark:1180311
fdas1_sx111 /nfs-share/xinchi/kaldi/egs/timit/s5_la2/fbank/raw_fbank_train.1.ark:2448311
mjma0_si2125 /nfs-share/xinchi/kaldi/egs/timit/s5_la2/fbank/raw_fbank_train.3.ark:3884658
mmea0_si2018 /nfs-share/xinchi/kaldi/egs/timit/s5_la2/fbank/raw_fbank_train.3.ark:9096761
feeh0_sx302 /nfs-share/xinchi/kaldi/egs/timit/s5_la2/fbank/raw_fbank_train.1.ark:3817107
mmam0_sx337 /nfs-share/xinchi/kaldi/egs/timit/s5_la2/fbank/raw_fbank_train.3.ark:8243188
fpab1_si2101 /nfs-share/xinchi/kaldi/egs/timit/s5_la2/fbank/raw_fbank_train.1.ark:9776474
msmc0_sx377 /nfs-share/xinchi/kaldi/egs/timit/s5_la2/fbank/raw_fbank_train.4.ark:6526999
mrds0_sx267 /nfs-share/xinchi/kaldi/egs/timit/s5_la2/fbank/raw_fbank_train.4.ark:1600014
makb0_sx26 /nfs-share/xinchi/kaldi/egs/timit/s5_la2/fbank/raw_fbank_train.2.ark:2778908
mklw0_si1844 /nfs-share/xinchi/kaldi/egs/timit/s5_la2/fbank/raw_fbank_train.3.ark:6961474
fajw0_sx363 /nfs-share/xinchi/kaldi/egs/timit/s5_la2/fbank/raw_fbank_train.1.ark:182475
fjlg0_sx359 /nfs-share/xinchi/kaldi/egs/timit/s5_la2/fbank/raw_fbank_train.1.ark:5310185
mrjb1_sx210 /nfs-share/xinchi/kaldi/egs/timit/s5_la2/fbank/raw_fbank_train.4.ark:2644064
mgar0_sx222 /nfs-share/xinchi/kaldi/egs/timit/s5_la2/fbank/raw_fbank_train.3.ark:46667
mprb0_sx395 /nfs-share/xinchi/kaldi/egs/timit/s5_la2/fbank/raw_fbank_train.4.ark:152335
fsjw0_si1333 /nfs-share/xinchi/kaldi/egs/timit/s5_la2/fbank/raw_fbank_train.2.ark:150289
madc0_sx197 /nfs-share/xinchi/kaldi/egs/timit/s5_la2/fbank/raw_fbank_train.2.ark:2174275
fmkc0_sx262 /nfs-share/xinchi/kaldi/egs/timit/s5_la2/fbank/raw_fbank_train.1.ark:9188908
mbma0_sx142 /nfs-share/xinchi/kaldi/egs/timit/s5_la2/fbank/raw_fbank_train.2.ark:3769078
mgak0_sx406 /nfs-share/xinchi/kaldi/egs/timit/s5_la2/fbank/raw_fbank_train.2.ark:11227873
mbom0_si1644 /nfs-share/xinchi/kaldi/egs/timit/s5_la2/fbank/raw_fbank_train.2.ark:4042007
mrcg0_sx78 /nfs-share/xinchi/kaldi/egs/timit/s5_la2/fbank/raw_fbank_train.4.ark:1261331
fmah1_si1509 /nfs-share/xinchi/kaldi/egs/timit/s5_la2/fbank/raw_fbank_train.1.ark:8523346
madd0_sx88 /nfs-share/xinchi/kaldi/egs/timit/s5_la2/fbank/raw_fbank_train.2.ark:2293726
mpgr0_sx150 /nfs-share/xinchi/kaldi/egs/timit/s5_la2/fbank/raw_fbank_train.3.ark:11131909
mbbr0_sx65 /nfs-share/xinchi/kaldi/egs/timit/s5_la2/fbank/raw_fbank_train.2.ark:3357045
fsah0_sx344 /nfs-share/xinchi/kaldi/egs/timit/s5_la2/fbank/raw_fbank_train.1.ark:11072465
mklr0_sx429 /nfs-share/xinchi/kaldi/egs/timit/s5_la2/fbank/raw_fbank_train.3.ark:6715723
fhxs0_sx355 /nfs-share/xinchi/kaldi/egs/timit/s5_la2/fbank/raw_fbank_train.1.ark:4806056
mlns0_si2037 /nfs-share/xinchi/kaldi/egs/timit/s5_la2/fbank/raw_fbank_train.3.ark:7679730
mhit0_sx83 /nfs-share/xinchi/kaldi/egs/timit/s5_la2/fbank/raw_fbank_train.3.ark:1094530
mvlo0_sx157 /nfs-share/xinchi/kaldi/egs/timit/s5_la2/fbank/raw_fbank_train.4.ark:10338897
msms0_si803 /nfs-share/xinchi/kaldi/egs/timit/s5_la2/fbank/raw_fbank_train.4.ark:6665125
mkxl0_sx285 /nfs-share/xinchi/kaldi/egs/timit/s5_la2/fbank/raw_fbank_train.3.ark:7211129
mrlj0_sx250 /nfs-share/xinchi/kaldi/egs/timit/s5_la2/fbank/raw_fbank_train.4.ark:3375517
mgjc0_sx75 /nfs-share/xinchi/kaldi/egs/timit/s5_la2/fbank/raw_fbank_train.3.ark:375521
mmrp0_sx54 /nfs-share/xinchi/kaldi/egs/timit/s5_la2/fbank/raw_fbank_train.3.ark:9903718
mtpg0_sx33 /nfs-share/xinchi/kaldi/egs/timit/s5_la2/fbank/raw_fbank_train.4.ark:9368745
mdtb0_sx300 /nfs-share/xinchi/kaldi/egs/timit/s5_la2/fbank/raw_fbank_train.2.ark:9218756
msds0_sx267 /nfs-share/xinchi/kaldi/egs/timit/s5_la2/fbank/raw_fbank_train.4.ark:5824111
mcxm0_si721 /nfs-share/xinchi/kaldi/egs/timit/s5_la2/fbank/raw_fbank_train.2.ark:5933832
mewm0_si1348 /nfs-share/xinchi/kaldi/egs/timit/s5_la2/fbank/raw_fbank_train.2.ark:10310406
fpaf0_si2314 /nfs-share/xinchi/kaldi/egs/timit/s5_la2/fbank/raw_fbank_train.1.ark:10126943
mtpr0_si2230 /nfs-share/xinchi/kaldi/egs/timit/s5_la2/fbank/raw_fbank_train.4.ark:9494351
mtdb0_sx231 /nfs-share/xinchi/kaldi/egs/timit/s5_la2/fbank/raw_fbank_train.4.ark:7819104
mdlb0_si1306 /nfs-share/xinchi/kaldi/egs/timit/s5_la2/fbank/raw_fbank_train.2.ark:7383979
mwsb0_si1626 /nfs-share/xinchi/kaldi/egs/timit/s5_la2/fbank/raw_fbank_train.4.ark:11353676
mtlc0_sx307 /nfs-share/xinchi/kaldi/egs/timit/s5_la2/fbank/raw_fbank_train.4.ark:8866707
fsms1_sx334 /nfs-share/xinchi/kaldi/egs/timit/s5_la2/fbank/raw_fbank_train.2.ark:912511
ftaj0_sx429 /nfs-share/xinchi/kaldi/egs/timit/s5_la2/fbank/raw_fbank_train.2.ark:1321244
mjmm0_si625 /nfs-share/xinchi/kaldi/egs/timit/s5_la2/fbank/raw_fbank_train.3.ark:4077662
mmxs0_sx156 /nfs-share/xinchi/kaldi/egs/timit/s5_la2/fbank/raw_fbank_train.3.ark:10479576
ftbr0_sx21 /nfs-share/xinchi/kaldi/egs/timit/s5_la2/fbank/raw_fbank_train.2.ark:1408555
fssb0_si1712 /nfs-share/xinchi/kaldi/egs/timit/s5_la2/fbank/raw_fbank_train.2.ark:1170054
mbma0_sx412 /nfs-share/xinchi/kaldi/egs/timit/s5_la2/fbank/raw_fbank_train.2.ark:3806897
ftmg0_si2162 /nfs-share/xinchi/kaldi/egs/timit/s5_la2/fbank/raw_fbank_train.2.ark:1648458
mkag0_sx30 /nfs-share/xinchi/kaldi/egs/timit/s5_la2/fbank/raw_fbank_train.3.ark:5730640
mjhi0_sx428 /nfs-share/xinchi/kaldi/egs/timit/s5_la2/fbank/raw_fbank_train.3.ark:3146141
mkah0_si2158 /nfs-share/xinchi/kaldi/egs/timit/s5_la2/fbank/raw_fbank_train.3.ark:5777533
mrew1_sx240 /nfs-share/xinchi/kaldi/egs/timit/s5_la2/fbank/raw_fbank_train.4.ark:1997234
mrsp0_sx169 /nfs-share/xinchi/kaldi/egs/timit/s5_la2/fbank/raw_fbank_train.4.ark:4561189
fmah1_si2139 /nfs-share/xinchi/kaldi/egs/timit/s5_la2/fbank/raw_fbank_train.1.ark:8535180
mtpr0_sx430 /nfs-share/xinchi/kaldi/egs/timit/s5_la2/fbank/raw_fbank_train.4.ark:9567476
flmc0_si742 /nfs-share/xinchi/kaldi/egs/timit/s5_la2/fbank/raw_fbank_train.1.ark:8157030
mmdm0_si1311 /nfs-share/xinchi/kaldi/egs/timit/s5_la2/fbank/raw_fbank_train.3.ark:8801212
mjfh0_si477 /nfs-share/xinchi/kaldi/egs/timit/s5_la2/fbank/raw_fbank_train.3.ark:2905800
mmdm1_sx333 /nfs-share/xinchi/kaldi/egs/timit/s5_la2/fbank/raw_fbank_train.3.ark:8959483
mfxs0_sx144 /nfs-share/xinchi/kaldi/egs/timit/s5_la2/fbank/raw_fbank_train.2.ark:10802873
mdmt0_si2341 /nfs-share/xinchi/kaldi/egs/timit/s5_la2/fbank/raw_fbank_train.2.ark:8316679
mdjm0_si825 /nfs-share/xinchi/kaldi/egs/timit/s5_la2/fbank/raw_fbank_train.2.ark:7219115
mrpc1_si2112 /nfs-share/xinchi/kaldi/egs/timit/s5_la2/fbank/raw_fbank_train.4.ark:4214361
mkaj0_si1414 /nfs-share/xinchi/kaldi/egs/timit/s5_la2/fbank/raw_fbank_train.3.ark:5866404
fexm0_sx366 /nfs-share/xinchi/kaldi/egs/timit/s5_la2/fbank/raw_fbank_train.1.ark:4146815
flmk0_si1229 /nfs-share/xinchi/kaldi/egs/timit/s5_la2/fbank/raw_fbank_train.1.ark:8243662
mtmn0_si2324 /nfs-share/xinchi/kaldi/egs/timit/s5_la2/fbank/raw_fbank_train.4.ark:9015026
mpgh0_sx114 /nfs-share/xinchi/kaldi/egs/timit/s5_la2/fbank/raw_fbank_train.3.ark:11055324
mclm0_si1456 /nfs-share/xinchi/kaldi/egs/timit/s5_la2/fbank/raw_fbank_train.2.ark:5334976
fpaf0_sx154 /nfs-share/xinchi/kaldi/egs/timit/s5_la2/fbank/raw_fbank_train.1.ark:10134736
mrms0_si2057 /nfs-share/xinchi/kaldi/egs/timit/s5_la2/fbank/raw_fbank_train.4.ark:4119261
mjwt0_si1291 /nfs-share/xinchi/kaldi/egs/timit/s5_la2/fbank/raw_fbank_train.3.ark:5353040
fcjf0_sx397 /nfs-share/xinchi/kaldi/egs/timit/s5_la2/fbank/raw_fbank_train.1.ark:1712121
mtml0_sx345 /nfs-share/xinchi/kaldi/egs/timit/s5_la2/fbank/raw_fbank_train.4.ark:8959253
mjfr0_si975 /nfs-share/xinchi/kaldi/egs/timit/s5_la2/fbank/raw_fbank_train.3.ark:2988025
mdlc1_si1435 /nfs-share/xinchi/kaldi/egs/timit/s5_la2/fbank/raw_fbank_train.2.ark:7608509
mkjo0_sx437 /nfs-share/xinchi/kaldi/egs/timit/s5_la2/fbank/raw_fbank_train.3.ark:6531232
mrbc0_sx149 /nfs-share/xinchi/kaldi/egs/timit/s5_la2/fbank/raw_fbank_train.4.ark:1092055
feme0_sx245 /nfs-share/xinchi/kaldi/egs/timit/s5_la2/fbank/raw_fbank_train.1.ark:3909579
mfrm0_si1717 /nfs-share/xinchi/kaldi/egs/timit/s5_la2/fbank/raw_fbank_train.2.ark:10600395
mrab1_si1478 /nfs-share/xinchi/kaldi/egs/timit/s5_la2/fbank/raw_fbank_train.4.ark:664133
mmsm0_si1106 /nfs-share/xinchi/kaldi/egs/timit/s5_la2/fbank/raw_fbank_train.3.ark:9919472
fsak0_sx400 /nfs-share/xinchi/kaldi/egs/timit/s5_la2/fbank/raw_fbank_train.1.ark:11188355
mcew0_sx362 /nfs-share/xinchi/kaldi/egs/timit/s5_la2/fbank/raw_fbank_train.2.ark:5082666
mejs0_si1240 /nfs-share/xinchi/kaldi/egs/timit/s5_la2/fbank/raw_fbank_train.2.ark:10028493
mjdc0_sx171 /nfs-share/xinchi/kaldi/egs/timit/s5_la2/fbank/raw_fbank_train.3.ark:2194778
mafm0_sx399 /nfs-share/xinchi/kaldi/egs/timit/s5_la2/fbank/raw_fbank_train.2.ark:2571682
mljh0_si694 /nfs-share/xinchi/kaldi/egs/timit/s5_la2/fbank/raw_fbank_train.3.ark:7581698
flkm0_sx350 /nfs-share/xinchi/kaldi/egs/timit/s5_la2/fbank/raw_fbank_train.1.ark:7999999
fgrw0_sx252 /nfs-share/xinchi/kaldi/egs/timit/s5_la2/fbank/raw_fbank_train.1.ark:4562491
mrai0_sx432 /nfs-share/xinchi/kaldi/egs/timit/s5_la2/fbank/raw_fbank_train.4.ark:846557
mjrk0_sx160 /nfs-share/xinchi/kaldi/egs/timit/s5_la2/fbank/raw_fbank_train.3.ark:4857776
mdef0_sx393 /nfs-share/xinchi/kaldi/egs/timit/s5_la2/fbank/raw_fbank_train.2.ark:6869820
fjsk0_sx152 /nfs-share/xinchi/kaldi/egs/timit/s5_la2/fbank/raw_fbank_train.1.ark:5714700
mtbc0_sx273 /nfs-share/xinchi/kaldi/egs/timit/s5_la2/fbank/raw_fbank_train.4.ark:7613854
mjma0_si865 /nfs-share/xinchi/kaldi/egs/timit/s5_la2/fbank/raw_fbank_train.3.ark:3902731
mtdp0_si2151 /nfs-share/xinchi/kaldi/egs/timit/s5_la2/fbank/raw_fbank_train.4.ark:7889184
fskl0_sx89 /nfs-share/xinchi/kaldi/egs/timit/s5_la2/fbank/raw_fbank_train.2.ark:434970
mefg0_sx195 /nfs-share/xinchi/kaldi/egs/timit/s5_la2/fbank/raw_fbank_train.2.ark:9795185
mhit0_sx353 /nfs-share/xinchi/kaldi/egs/timit/s5_la2/fbank/raw_fbank_train.3.ark:1070425
fcjs0_sx347 /nfs-share/xinchi/kaldi/egs/timit/s5_la2/fbank/raw_fbank_train.1.ark:1770681
mrkm0_si1391 /nfs-share/xinchi/kaldi/egs/timit/s5_la2/fbank/raw_fbank_train.4.ark:3132210
mrem0_si1591 /nfs-share/xinchi/kaldi/egs/timit/s5_la2/fbank/raw_fbank_train.4.ark:1859037
mded0_si540 /nfs-share/xinchi/kaldi/egs/timit/s5_la2/fbank/raw_fbank_train.2.ark:6707190
fmjf0_sx444 /nfs-share/xinchi/kaldi/egs/timit/s5_la2/fbank/raw_fbank_train.1.ark:9006163
mtpr0_si1600 /nfs-share/xinchi/kaldi/egs/timit/s5_la2/fbank/raw_fbank_train.4.ark:9481037
fklc0_sx355 /nfs-share/xinchi/kaldi/egs/timit/s5_la2/fbank/raw_fbank_train.1.ark:6785416
fpab1_si841 /nfs-share/xinchi/kaldi/egs/timit/s5_la2/fbank/raw_fbank_train.1.ark:9796187
mmds0_sx83 /nfs-share/xinchi/kaldi/egs/timit/s5_la2/fbank/raw_fbank_train.3.ark:9072653
fcdr1_si556 /nfs-share/xinchi/kaldi/egs/timit/s5_la2/fbank/raw_fbank_train.1.ark:1475627
mdwm0_sx376 /nfs-share/xinchi/kaldi/egs/timit/s5_la2/fbank/raw_fbank_train.2.ark:9534864
mdlr0_sx243 /nfs-share/xinchi/kaldi/egs/timit/s5_la2/fbank/raw_fbank_train.2.ark:8032982
fmjb0_si1807 /nfs-share/xinchi/kaldi/egs/timit/s5_la2/fbank/raw_fbank_train.1.ark:8847335
mwar0_sx415 /nfs-share/xinchi/kaldi/egs/timit/s5_la2/fbank/raw_fbank_train.4.ark:10749418
fbmh0_sx326 /nfs-share/xinchi/kaldi/egs/timit/s5_la2/fbank/raw_fbank_train.1.ark:1113906
mdks0_sx166 /nfs-share/xinchi/kaldi/egs/timit/s5_la2/fbank/raw_fbank_train.2.ark:7311694
ftmg0_sx362 /nfs-share/xinchi/kaldi/egs/timit/s5_la2/fbank/raw_fbank_train.2.ark:1699310
mvlo0_sx247 /nfs-share/xinchi/kaldi/egs/timit/s5_la2/fbank/raw_fbank_train.4.ark:10348410
mwrp0_sx363 /nfs-share/xinchi/kaldi/egs/timit/s5_la2/fbank/raw_fbank_train.4.ark:11330370
flja0_si1708 /nfs-share/xinchi/kaldi/egs/timit/s5_la2/fbank/raw_fbank_train.1.ark:7633432
mewm0_sx358 /nfs-share/xinchi/kaldi/egs/timit/s5_la2/fbank/raw_fbank_train.2.ark:10364772
mcef0_sx145 /nfs-share/xinchi/kaldi/egs/timit/s5_la2/fbank/raw_fbank_train.2.ark:4952655
mkah0_sx178 /nfs-share/xinchi/kaldi/egs/timit/s5_la2/fbank/raw_fbank_train.3.ark:5799319
fmmh0_sx420 /nfs-share/xinchi/kaldi/egs/timit/s5_la2/fbank/raw_fbank_train.1.ark:9408629
milb0_sx273 /nfs-share/xinchi/kaldi/egs/timit/s5_la2/fbank/raw_fbank_train.3.ark:1628421
mdps0_si719 /nfs-share/xinchi/kaldi/egs/timit/s5_la2/fbank/raw_fbank_train.2.ark:8714852
fbmh0_si1136 /nfs-share/xinchi/kaldi/egs/timit/s5_la2/fbank/raw_fbank_train.1.ark:1048380
mntw0_si1698 /nfs-share/xinchi/kaldi/egs/timit/s5_la2/fbank/raw_fbank_train.3.ark:10648958
mdlc0_sx135 /nfs-share/xinchi/kaldi/egs/timit/s5_la2/fbank/raw_fbank_train.2.ark:7550104
mrai0_sx162 /nfs-share/xinchi/kaldi/egs/timit/s5_la2/fbank/raw_fbank_train.4.ark:809738
flet0_si1137 /nfs-share/xinchi/kaldi/egs/timit/s5_la2/fbank/raw_fbank_train.1.ark:7421587
mrml0_sx341 /nfs-share/xinchi/kaldi/egs/timit/s5_la2/fbank/raw_fbank_train.4.ark:4061648
msdb0_sx17 /nfs-share/xinchi/kaldi/egs/timit/s5_la2/fbank/raw_fbank_train.4.ark:5631579
mtab0_si1572 /nfs-share/xinchi/kaldi/egs/timit/s5_la2/fbank/raw_fbank_train.4.ark:7158301
mlns0_si777 /nfs-share/xinchi/kaldi/egs/timit/s5_la2/fbank/raw_fbank_train.3.ark:7694323
mgaw0_sx355 /nfs-share/xinchi/kaldi/egs/timit/s5_la2/fbank/raw_fbank_train.3.ark:167045
mtjs0_si562 /nfs-share/xinchi/kaldi/egs/timit/s5_la2/fbank/raw_fbank_train.4.ark:8314123
mrre0_sx434 /nfs-share/xinchi/kaldi/egs/timit/s5_la2/fbank/raw_fbank_train.4.ark:4369797
mdbb1_sx16 /nfs-share/xinchi/kaldi/egs/timit/s5_la2/fbank/raw_fbank_train.2.ark:6245690
mrab1_sx398 /nfs-share/xinchi/kaldi/egs/timit/s5_la2/fbank/raw_fbank_train.4.ark:752604
fnkl0_sx196 /nfs-share/xinchi/kaldi/egs/timit/s5_la2/fbank/raw_fbank_train.1.ark:9625124
mtdb0_si2031 /nfs-share/xinchi/kaldi/egs/timit/s5_la2/fbank/raw_fbank_train.4.ark:7779405
fdaw0_sx236 /nfs-share/xinchi/kaldi/egs/timit/s5_la2/fbank/raw_fbank_train.1.ark:2562410
msjk0_sx156 /nfs-share/xinchi/kaldi/egs/timit/s5_la2/fbank/raw_fbank_train.4.ark:6372644
fkde0_sx331 /nfs-share/xinchi/kaldi/egs/timit/s5_la2/fbank/raw_fbank_train.1.ark:6353556
mrmb0_si1581 /nfs-share/xinchi/kaldi/egs/timit/s5_la2/fbank/raw_fbank_train.4.ark:3693765
mkag0_si1609 /nfs-share/xinchi/kaldi/egs/timit/s5_la2/fbank/raw_fbank_train.3.ark:5659915
fblv0_sx428 /nfs-share/xinchi/kaldi/egs/timit/s5_la2/fbank/raw_fbank_train.1.ark:1023394
mjac0_sx341 /nfs-share/xinchi/kaldi/egs/timit/s5_la2/fbank/raw_fbank_train.3.ark:1727637
mjae0_si1524 /nfs-share/xinchi/kaldi/egs/timit/s5_la2/fbank/raw_fbank_train.3.ark:1764776
fjhk0_sx302 /nfs-share/xinchi/kaldi/egs/timit/s5_la2/fbank/raw_fbank_train.1.ark:5127014
mkam0_sx146 /nfs-share/xinchi/kaldi/egs/timit/s5_la2/fbank/raw_fbank_train.3.ark:6000610
mgsl0_si1164 /nfs-share/xinchi/kaldi/egs/timit/s5_la2/fbank/raw_fbank_train.3.ark:701108
mrds0_sx357 /nfs-share/xinchi/kaldi/egs/timit/s5_la2/fbank/raw_fbank_train.4.ark:1612607
mrgs0_si1356 /nfs-share/xinchi/kaldi/egs/timit/s5_la2/fbank/raw_fbank_train.4.ark:2371122
mrso0_sx39 /nfs-share/xinchi/kaldi/egs/timit/s5_la2/fbank/raw_fbank_train.4.ark:4490022
ftbr0_si1402 /nfs-share/xinchi/kaldi/egs/timit/s5_la2/fbank/raw_fbank_train.2.ark:1340710
mjjm0_sx17 /nfs-share/xinchi/kaldi/egs/timit/s5_la2/fbank/raw_fbank_train.3.ark:3441350
fsah0_si1874 /nfs-share/xinchi/kaldi/egs/timit/s5_la2/fbank/raw_fbank_train.1.ark:11010573
falk0_si1086 /nfs-share/xinchi/kaldi/egs/timit/s5_la2/fbank/raw_fbank_train.1.ark:209261
fpab1_sx31 /nfs-share/xinchi/kaldi/egs/timit/s5_la2/fbank/raw_fbank_train.1.ark:9858438
fdxw0_sx71 /nfs-share/xinchi/kaldi/egs/timit/s5_la2/fbank/raw_fbank_train.1.ark:3421512
mtat0_sx300 /nfs-share/xinchi/kaldi/egs/timit/s5_la2/fbank/raw_fbank_train.4.ark:7431149
fljd0_sx256 /nfs-share/xinchi/kaldi/egs/timit/s5_la2/fbank/raw_fbank_train.1.ark:7771277
mcre0_sx41 /nfs-share/xinchi/kaldi/egs/timit/s5_la2/fbank/raw_fbank_train.2.ark:5595377
fcaj0_sx39 /nfs-share/xinchi/kaldi/egs/timit/s5_la2/fbank/raw_fbank_train.1.ark:1412253
mjjb0_si1769 /nfs-share/xinchi/kaldi/egs/timit/s5_la2/fbank/raw_fbank_train.3.ark:3196875
mtrr0_si1548 /nfs-share/xinchi/kaldi/egs/timit/s5_la2/fbank/raw_fbank_train.4.ark:9810871
mcdc0_si1922 /nfs-share/xinchi/kaldi/egs/timit/s5_la2/fbank/raw_fbank_train.2.ark:4631394
fmkc0_sx442 /nfs-share/xinchi/kaldi/egs/timit/s5_la2/fbank/raw_fbank_train.1.ark:9216414
mrhl0_sx435 /nfs-share/xinchi/kaldi/egs/timit/s5_la2/fbank/raw_fbank_train.4.ark:2549184
mrkm0_si637 /nfs-share/xinchi/kaldi/egs/timit/s5_la2/fbank/raw_fbank_train.4.ark:3152843
mtcs0_sx262 /nfs-share/xinchi/kaldi/egs/timit/s5_la2/fbank/raw_fbank_train.4.ark:7709999
mreh1_sx159 /nfs-share/xinchi/kaldi/egs/timit/s5_la2/fbank/raw_fbank_train.4.ark:1793792
mjhi0_si555 /nfs-share/xinchi/kaldi/egs/timit/s5_la2/fbank/raw_fbank_train.3.ark:3092336
mjrp0_sx45 /nfs-share/xinchi/kaldi/egs/timit/s5_la2/fbank/raw_fbank_train.3.ark:4996452
mafm0_sx219 /nfs-share/xinchi/kaldi/egs/timit/s5_la2/fbank/raw_fbank_train.2.ark:2537784
mtbc0_si543 /nfs-share/xinchi/kaldi/egs/timit/s5_la2/fbank/raw_fbank_train.4.ark:7584028
fklc0_si2245 /nfs-share/xinchi/kaldi/egs/timit/s5_la2/fbank/raw_fbank_train.1.ark:6723044
mwre0_sx67 /nfs-share/xinchi/kaldi/egs/timit/s5_la2/fbank/raw_fbank_train.4.ark:11238058
mwac0_si971 /nfs-share/xinchi/kaldi/egs/timit/s5_la2/fbank/raw_fbank_train.4.ark:10513034
mtwh1_sx342 /nfs-share/xinchi/kaldi/egs/timit/s5_la2/fbank/raw_fbank_train.4.ark:10056967
mbma1_sx54 /nfs-share/xinchi/kaldi/egs/timit/s5_la2/fbank/raw_fbank_train.2.ark:3921754
madd0_sx448 /nfs-share/xinchi/kaldi/egs/timit/s5_la2/fbank/raw_fbank_train.2.ark:2283094
mejl0_si962 /nfs-share/xinchi/kaldi/egs/timit/s5_la2/fbank/raw_fbank_train.2.ark:9959415
fkdw0_sx37 /nfs-share/xinchi/kaldi/egs/timit/s5_la2/fbank/raw_fbank_train.1.ark:6468853
mkes0_sx353 /nfs-share/xinchi/kaldi/egs/timit/s5_la2/fbank/raw_fbank_train.3.ark:6428774
mrjm1_sx218 /nfs-share/xinchi/kaldi/egs/timit/s5_la2/fbank/raw_fbank_train.4.ark:2959139
fmjb0_sx367 /nfs-share/xinchi/kaldi/egs/timit/s5_la2/fbank/raw_fbank_train.1.ark:8893707
mrdd0_sx240 /nfs-share/xinchi/kaldi/egs/timit/s5_la2/fbank/raw_fbank_train.4.ark:1411364
mrai0_si792 /nfs-share/xinchi/kaldi/egs/timit/s5_la2/fbank/raw_fbank_train.4.ark:789865
mdks0_sx346 /nfs-share/xinchi/kaldi/egs/timit/s5_la2/fbank/raw_fbank_train.2.ark:7342280
mrjh0_sx259 /nfs-share/xinchi/kaldi/egs/timit/s5_la2/fbank/raw_fbank_train.4.ark:2754928
mrwa0_sx433 /nfs-share/xinchi/kaldi/egs/timit/s5_la2/fbank/raw_fbank_train.4.ark:5011788
mwdk0_sx176 /nfs-share/xinchi/kaldi/egs/timit/s5_la2/fbank/raw_fbank_train.4.ark:10896090
mdhl0_sx269 /nfs-share/xinchi/kaldi/egs/timit/s5_la2/fbank/raw_fbank_train.2.ark:7048731
mhbs0_si945 /nfs-share/xinchi/kaldi/egs/timit/s5_la2/fbank/raw_fbank_train.3.ark:939381
mjdc0_si531 /nfs-share/xinchi/kaldi/egs/timit/s5_la2/fbank/raw_fbank_train.3.ark:2171065
mrlr0_sx206 /nfs-share/xinchi/kaldi/egs/timit/s5_la2/fbank/raw_fbank_train.4.ark:3651353
fscn0_sx446 /nfs-share/xinchi/kaldi/egs/timit/s5_la2/fbank/raw_fbank_train.1.ark:11401693
fsjs0_si1801 /nfs-share/xinchi/kaldi/egs/timit/s5_la2/fbank/raw_fbank_train.2.ark:52378
mcdc0_sx302 /nfs-share/xinchi/kaldi/egs/timit/s5_la2/fbank/raw_fbank_train.2.ark:4678806
falr0_sx335 /nfs-share/xinchi/kaldi/egs/timit/s5_la2/fbank/raw_fbank_train.1.ark:369049
fsjk1_si2285 /nfs-share/xinchi/kaldi/egs/timit/s5_la2/fbank/raw_fbank_train.1.ark:11852134
fscn0_si705 /nfs-share/xinchi/kaldi/egs/timit/s5_la2/fbank/raw_fbank_train.1.ark:11333241
ftbw0_sx355 /nfs-share/xinchi/kaldi/egs/timit/s5_la2/fbank/raw_fbank_train.2.ark:1505501
mdlr1_si1929 /nfs-share/xinchi/kaldi/egs/timit/s5_la2/fbank/raw_fbank_train.2.ark:8100748
mjda0_sx221 /nfs-share/xinchi/kaldi/egs/timit/s5_la2/fbank/raw_fbank_train.3.ark:2103746
mjls0_si1726 /nfs-share/xinchi/kaldi/egs/timit/s5_la2/fbank/raw_fbank_train.3.ark:3783393
mrcw0_si741 /nfs-share/xinchi/kaldi/egs/timit/s5_la2/fbank/raw_fbank_train.4.ark:1300672
mprk0_sx197 /nfs-share/xinchi/kaldi/egs/timit/s5_la2/fbank/raw_fbank_train.4.ark:355279
fajw0_si1263 /nfs-share/xinchi/kaldi/egs/timit/s5_la2/fbank/raw_fbank_train.1.ark:100358
mrxb0_sx235 /nfs-share/xinchi/kaldi/egs/timit/s5_la2/fbank/raw_fbank_train.4.ark:5178492
fkfb0_sx168 /nfs-share/xinchi/kaldi/egs/timit/s5_la2/fbank/raw_fbank_train.1.ark:6534140
msmr0_sx55 /nfs-share/xinchi/kaldi/egs/timit/s5_la2/fbank/raw_fbank_train.4.ark:6626024
mmgg0_si1079 /nfs-share/xinchi/kaldi/egs/timit/s5_la2/fbank/raw_fbank_train.3.ark:9349521
mmaa0_si845 /nfs-share/xinchi/kaldi/egs/timit/s5_la2/fbank/raw_fbank_train.3.ark:7894053
mhrm0_sx328 /nfs-share/xinchi/kaldi/egs/timit/s5_la2/fbank/raw_fbank_train.3.ark:1430646
freh0_sx325 /nfs-share/xinchi/kaldi/egs/timit/s5_la2/fbank/raw_fbank_train.1.ark:10662285
mdss1_sx247 /nfs-share/xinchi/kaldi/egs/timit/s5_la2/fbank/raw_fbank_train.2.ark:9121138
mrbc0_sx329 /nfs-share/xinchi/kaldi/egs/timit/s5_la2/fbank/raw_fbank_train.4.ark:1118241
mtml0_sx165 /nfs-share/xinchi/kaldi/egs/timit/s5_la2/fbank/raw_fbank_train.4.ark:8935987
mcss0_sx30 /nfs-share/xinchi/kaldi/egs/timit/s5_la2/fbank/raw_fbank_train.2.ark:5682255
mmcc0_sx438 /nfs-share/xinchi/kaldi/egs/timit/s5_la2/fbank/raw_fbank_train.3.ark:8582536
fajw0_si633 /nfs-share/xinchi/kaldi/egs/timit/s5_la2/fbank/raw_fbank_train.1.ark:131585
mjrh1_sx424 /nfs-share/xinchi/kaldi/egs/timit/s5_la2/fbank/raw_fbank_train.3.ark:4804610
mtrr0_sx108 /nfs-share/xinchi/kaldi/egs/timit/s5_la2/fbank/raw_fbank_train.4.ark:9848491
mjxl0_sx92 /nfs-share/xinchi/kaldi/egs/timit/s5_la2/fbank/raw_fbank_train.3.ark:5647801
fjhk0_sx392 /nfs-share/xinchi/kaldi/egs/timit/s5_la2/fbank/raw_fbank_train.1.ark:5147679
mtkd0_si630 /nfs-share/xinchi/kaldi/egs/timit/s5_la2/fbank/raw_fbank_train.4.ark:8518253
mcdd0_sx433 /nfs-share/xinchi/kaldi/egs/timit/s5_la2/fbank/raw_fbank_train.2.ark:4778224
mddc0_sx429 /nfs-share/xinchi/kaldi/egs/timit/s5_la2/fbank/raw_fbank_train.2.ark:6659777
mtpf0_sx335 /nfs-share/xinchi/kaldi/egs/timit/s5_la2/fbank/raw_fbank_train.4.ark:9267608
fgcs0_sx316 /nfs-share/xinchi/kaldi/egs/timit/s5_la2/fbank/raw_fbank_train.1.ark:4236488
mrjh0_sx307 /nfs-share/xinchi/kaldi/egs/timit/s5_la2/fbank/raw_fbank_train.4.ark:2768801
mrsp0_sx439 /nfs-share/xinchi/kaldi/egs/timit/s5_la2/fbank/raw_fbank_train.4.ark:4594248
mkam0_sx416 /nfs-share/xinchi/kaldi/egs/timit/s5_la2/fbank/raw_fbank_train.3.ark:6033909
fdjh0_sx305 /nfs-share/xinchi/kaldi/egs/timit/s5_la2/fbank/raw_fbank_train.1.ark:2754054
mcxm0_si1981 /nfs-share/xinchi/kaldi/egs/timit/s5_la2/fbank/raw_fbank_train.2.ark:5917839
mjdc0_sx441 /nfs-share/xinchi/kaldi/egs/timit/s5_la2/fbank/raw_fbank_train.3.ark:2228077
mdlb0_sx136 /nfs-share/xinchi/kaldi/egs/timit/s5_la2/fbank/raw_fbank_train.2.ark:7428439
mapv0_si1923 /nfs-share/xinchi/kaldi/egs/timit/s5_la2/fbank/raw_fbank_train.2.ark:2904467
fvmh0_sx296 /nfs-share/xinchi/kaldi/egs/timit/s5_la2/fbank/raw_fbank_train.2.ark:2002378
mjrh0_sx225 /nfs-share/xinchi/kaldi/egs/timit/s5_la2/fbank/raw_fbank_train.3.ark:4685039
mdlh0_sx70 /nfs-share/xinchi/kaldi/egs/timit/s5_la2/fbank/raw_fbank_train.2.ark:7890870
fskc0_sx156 /nfs-share/xinchi/kaldi/egs/timit/s5_la2/fbank/raw_fbank_train.2.ark:288174
mjmd0_si1658 /nfs-share/xinchi/kaldi/egs/timit/s5_la2/fbank/raw_fbank_train.3.ark:3975083
feeh0_sx212 /nfs-share/xinchi/kaldi/egs/timit/s5_la2/fbank/raw_fbank_train.1.ark:3803434
mjpm1_si761 /nfs-share/xinchi/kaldi/egs/timit/s5_la2/fbank/raw_fbank_train.3.ark:4346177
mwem0_sx330 /nfs-share/xinchi/kaldi/egs/timit/s5_la2/fbank/raw_fbank_train.4.ark:11012182
fdtd0_sx391 /nfs-share/xinchi/kaldi/egs/timit/s5_la2/fbank/raw_fbank_train.1.ark:3333167
fsbk0_sx439 /nfs-share/xinchi/kaldi/egs/timit/s5_la2/fbank/raw_fbank_train.1.ark:11278269
mwch0_sx362 /nfs-share/xinchi/kaldi/egs/timit/s5_la2/fbank/raw_fbank_train.4.ark:10820091
mclm0_sx16 /nfs-share/xinchi/kaldi/egs/timit/s5_la2/fbank/raw_fbank_train.2.ark:5382588
fscn0_si1886 /nfs-share/xinchi/kaldi/egs/timit/s5_la2/fbank/raw_fbank_train.1.ark:11309495
mjpm0_si1998 /nfs-share/xinchi/kaldi/egs/timit/s5_la2/fbank/raw_fbank_train.3.ark:4246199
mrlj0_sx160 /nfs-share/xinchi/kaldi/egs/timit/s5_la2/fbank/raw_fbank_train.4.ark:3362204
mdlb0_sx46 /nfs-share/xinchi/kaldi/egs/timit/s5_la2/fbank/raw_fbank_train.2.ark:7492010
mrmg0_sx270 /nfs-share/xinchi/kaldi/egs/timit/s5_la2/fbank/raw_fbank_train.4.ark:3837524
fcaj0_si1804 /nfs-share/xinchi/kaldi/egs/timit/s5_la2/fbank/raw_fbank_train.1.ark:1352489
msem1_sx360 /nfs-share/xinchi/kaldi/egs/timit/s5_la2/fbank/raw_fbank_train.4.ark:5971649
ftbw0_si1975 /nfs-share/xinchi/kaldi/egs/timit/s5_la2/fbank/raw_fbank_train.2.ark:1447209
mgxp0_si525 /nfs-share/xinchi/kaldi/egs/timit/s5_la2/fbank/raw_fbank_train.3.ark:839438
mrxb0_sx55 /nfs-share/xinchi/kaldi/egs/timit/s5_la2/fbank/raw_fbank_train.4.ark:5211390
fexm0_si482 /nfs-share/xinchi/kaldi/egs/timit/s5_la2/fbank/raw_fbank_train.1.ark:4086763
mwar0_sx55 /nfs-share/xinchi/kaldi/egs/timit/s5_la2/fbank/raw_fbank_train.4.ark:10759410
mdpb0_si866 /nfs-share/xinchi/kaldi/egs/timit/s5_la2/fbank/raw_fbank_train.2.ark:8531522
mjac0_si2148 /nfs-share/xinchi/kaldi/egs/timit/s5_la2/fbank/raw_fbank_train.3.ark:1677185
mfwk0_sx169 /nfs-share/xinchi/kaldi/egs/timit/s5_la2/fbank/raw_fbank_train.2.ark:10710287
megj0_sx3 /nfs-share/xinchi/kaldi/egs/timit/s5_la2/fbank/raw_fbank_train.2.ark:9904609
mkdt0_sx263 /nfs-share/xinchi/kaldi/egs/timit/s5_la2/fbank/raw_fbank_train.3.ark:6310236
mabc0_sx61 /nfs-share/xinchi/kaldi/egs/timit/s5_la2/fbank/raw_fbank_train.2.ark:2093396
mtwh1_si1512 /nfs-share/xinchi/kaldi/egs/timit/s5_la2/fbank/raw_fbank_train.4.ark:10004481
mmdb0_sx267 /nfs-share/xinchi/kaldi/egs/timit/s5_la2/fbank/raw_fbank_train.3.ark:8652975
falk0_sx96 /nfs-share/xinchi/kaldi/egs/timit/s5_la2/fbank/raw_fbank_train.1.ark:298009
mtpr0_sx70 /nfs-share/xinchi/kaldi/egs/timit/s5_la2/fbank/raw_fbank_train.4.ark:9585748
fgrw0_sx432 /nfs-share/xinchi/kaldi/egs/timit/s5_la2/fbank/raw_fbank_train.1.ark:4586637
fjxm0_sx131 /nfs-share/xinchi/kaldi/egs/timit/s5_la2/fbank/raw_fbank_train.1.ark:6005574
meal0_si1547 /nfs-share/xinchi/kaldi/egs/timit/s5_la2/fbank/raw_fbank_train.2.ark:9558531
mrtc0_sx108 /nfs-share/xinchi/kaldi/egs/timit/s5_la2/fbank/raw_fbank_train.4.ark:4666014
fklh0_sx447 /nfs-share/xinchi/kaldi/egs/timit/s5_la2/fbank/raw_fbank_train.1.ark:6995180
msat1_sx263 /nfs-share/xinchi/kaldi/egs/timit/s5_la2/fbank/raw_fbank_train.4.ark:5546754
fksr0_sx217 /nfs-share/xinchi/kaldi/egs/timit/s5_la2/fbank/raw_fbank_train.1.ark:7068619
mctm0_si1980 /nfs-share/xinchi/kaldi/egs/timit/s5_la2/fbank/raw_fbank_train.2.ark:5826294
mrre0_sx344 /nfs-share/xinchi/kaldi/egs/timit/s5_la2/fbank/raw_fbank_train.4.ark:4359044
mjde0_sx220 /nfs-share/xinchi/kaldi/egs/timit/s5_la2/fbank/raw_fbank_train.3.ark:2313875
mbbr0_sx245 /nfs-share/xinchi/kaldi/egs/timit/s5_la2/fbank/raw_fbank_train.2.ark:3322267
mjfh0_sx27 /nfs-share/xinchi/kaldi/egs/timit/s5_la2/fbank/raw_fbank_train.3.ark:2937578
fscn0_sx266 /nfs-share/xinchi/kaldi/egs/timit/s5_la2/fbank/raw_fbank_train.1.ark:11374867
mprt0_sx130 /nfs-share/xinchi/kaldi/egs/timit/s5_la2/fbank/raw_fbank_train.4.ark:431518
fjrp1_si1432 /nfs-share/xinchi/kaldi/egs/timit/s5_la2/fbank/raw_fbank_train.1.ark:5549974
mmrp0_si717 /nfs-share/xinchi/kaldi/egs/timit/s5_la2/fbank/raw_fbank_train.3.ark:9819321
mjjm0_si1457 /nfs-share/xinchi/kaldi/egs/timit/s5_la2/fbank/raw_fbank_train.3.ark:3404532
marw0_sx16 /nfs-share/xinchi/kaldi/egs/timit/s5_la2/fbank/raw_fbank_train.2.ark:3114575
fmem0_sx207 /nfs-share/xinchi/kaldi/egs/timit/s5_la2/fbank/raw_fbank_train.1.ark:8773088
fsjg0_sx40 /nfs-share/xinchi/kaldi/egs/timit/s5_la2/fbank/raw_fbank_train.1.ark:11804833
mkdd0_sx397 /nfs-share/xinchi/kaldi/egs/timit/s5_la2/fbank/raw_fbank_train.3.ark:6241630
mtju0_sx40 /nfs-share/xinchi/kaldi/egs/timit/s5_la2/fbank/raw_fbank_train.4.ark:8468399
mcth0_sx129 /nfs-share/xinchi/kaldi/egs/timit/s5_la2/fbank/raw_fbank_train.2.ark:5750095
fblv0_sx68 /nfs-share/xinchi/kaldi/egs/timit/s5_la2/fbank/raw_fbank_train.1.ark:1037266
falr0_sx155 /nfs-share/xinchi/kaldi/egs/timit/s5_la2/fbank/raw_fbank_train.1.ark:346423
mjxa0_si877 /nfs-share/xinchi/kaldi/egs/timit/s5_la2/fbank/raw_fbank_train.3.ark:5489852
mmgc0_sx315 /nfs-share/xinchi/kaldi/egs/timit/s5_la2/fbank/raw_fbank_train.3.ark:9317142
mhmg0_sx285 /nfs-share/xinchi/kaldi/egs/timit/s5_la2/fbank/raw_fbank_train.3.ark:1253188
fecd0_sx428 /nfs-share/xinchi/kaldi/egs/timit/s5_la2/fbank/raw_fbank_train.1.ark:3724555
mmdb0_sx357 /nfs-share/xinchi/kaldi/egs/timit/s5_la2/fbank/raw_fbank_train.3.ark:8665368
meal0_sx377 /nfs-share/xinchi/kaldi/egs/timit/s5_la2/fbank/raw_fbank_train.2.ark:9628203
mjdg0_si1672 /nfs-share/xinchi/kaldi/egs/timit/s5_la2/fbank/raw_fbank_train.3.ark:2389601
mrgs0_si1986 /nfs-share/xinchi/kaldi/egs/timit/s5_la2/fbank/raw_fbank_train.4.ark:2390236
mkah0_si898 /nfs-share/xinchi/kaldi/egs/timit/s5_la2/fbank/raw_fbank_train.3.ark:5788206
mpsw0_si2327 /nfs-share/xinchi/kaldi/egs/timit/s5_la2/fbank/raw_fbank_train.4.ark:505351
mchl0_sx177 /nfs-share/xinchi/kaldi/egs/timit/s5_la2/fbank/raw_fbank_train.2.ark:5176586
msfh0_sx316 /nfs-share/xinchi/kaldi/egs/timit/s5_la2/fbank/raw_fbank_train.4.ark:6180380
mtju0_sx400 /nfs-share/xinchi/kaldi/egs/timit/s5_la2/fbank/raw_fbank_train.4.ark:8479312
mtrc0_si993 /nfs-share/xinchi/kaldi/egs/timit/s5_la2/fbank/raw_fbank_train.4.ark:9751193
mrpc1_sx222 /nfs-share/xinchi/kaldi/egs/timit/s5_la2/fbank/raw_fbank_train.4.ark:4232267
fmjb0_sx97 /nfs-share/xinchi/kaldi/egs/timit/s5_la2/fbank/raw_fbank_train.1.ark:8920050
mmcc0_si1968 /nfs-share/xinchi/kaldi/egs/timit/s5_la2/fbank/raw_fbank_train.3.ark:8527731
mtrr0_sx378 /nfs-share/xinchi/kaldi/egs/timit/s5_la2/fbank/raw_fbank_train.4.ark:9895502
mges0_sx311 /nfs-share/xinchi/kaldi/egs/timit/s5_la2/fbank/raw_fbank_train.3.ark:236510
fsma0_sx181 /nfs-share/xinchi/kaldi/egs/timit/s5_la2/fbank/raw_fbank_train.2.ark:677355
mrjb1_sx390 /nfs-share/xinchi/kaldi/egs/timit/s5_la2/fbank/raw_fbank_train.4.ark:2673962
fdas1_si1461 /nfs-share/xinchi/kaldi/egs/timit/s5_la2/fbank/raw_fbank_train.1.ark:2398811
flmk0_sx315 /nfs-share/xinchi/kaldi/egs/timit/s5_la2/fbank/raw_fbank_train.1.ark:8295275
fsdj0_sx395 /nfs-share/xinchi/kaldi/egs/timit/s5_la2/fbank/raw_fbank_train.1.ark:11595016
fmem0_si1377 /nfs-share/xinchi/kaldi/egs/timit/s5_la2/fbank/raw_fbank_train.1.ark:8717275
fsmm0_sx234 /nfs-share/xinchi/kaldi/egs/timit/s5_la2/fbank/raw_fbank_train.2.ark:790133
mrgs0_sx276 /nfs-share/xinchi/kaldi/egs/timit/s5_la2/fbank/raw_fbank_train.4.ark:2426135
fdfb0_sx58 /nfs-share/xinchi/kaldi/egs/timit/s5_la2/fbank/raw_fbank_train.1.ark:2680014
mjmd0_sx128 /nfs-share/xinchi/kaldi/egs/timit/s5_la2/fbank/raw_fbank_train.3.ark:3997390
mmdm1_sx63 /nfs-share/xinchi/kaldi/egs/timit/s5_la2/fbank/raw_fbank_train.3.ark:8991348
mkah0_sx268 /nfs-share/xinchi/kaldi/egs/timit/s5_la2/fbank/raw_fbank_train.3.ark:5816112
mmrp0_si2034 /nfs-share/xinchi/kaldi/egs/timit/s5_la2/fbank/raw_fbank_train.3.ark:9812768
mrfl0_sx76 /nfs-share/xinchi/kaldi/egs/timit/s5_la2/fbank/raw_fbank_train.4.ark:2236703
mbwp0_sx259 /nfs-share/xinchi/kaldi/egs/timit/s5_la2/fbank/raw_fbank_train.2.ark:4335260
fjkl0_sx122 /nfs-share/xinchi/kaldi/egs/timit/s5_la2/fbank/raw_fbank_train.1.ark:5191453
fjsp0_si1434 /nfs-share/xinchi/kaldi/egs/timit/s5_la2/fbank/raw_fbank_train.1.ark:5778905
fsls0_sx426 /nfs-share/xinchi/kaldi/egs/timit/s5_la2/fbank/raw_fbank_train.2.ark:614149
msds0_sx447 /nfs-share/xinchi/kaldi/egs/timit/s5_la2/fbank/raw_fbank_train.4.ark:5860057
frll0_sx434 /nfs-share/xinchi/kaldi/egs/timit/s5_la2/fbank/raw_fbank_train.1.ark:10857808
fetb0_sx158 /nfs-share/xinchi/kaldi/egs/timit/s5_la2/fbank/raw_fbank_train.1.ark:4001451
mprd0_sx351 /nfs-share/xinchi/kaldi/egs/timit/s5_la2/fbank/raw_fbank_train.4.ark:239695
mmws0_sx78 /nfs-share/xinchi/kaldi/egs/timit/s5_la2/fbank/raw_fbank_train.3.ark:10356138
mapv0_sx213 /nfs-share/xinchi/kaldi/egs/timit/s5_la2/fbank/raw_fbank_train.2.ark:2949166
mgrp0_sx147 /nfs-share/xinchi/kaldi/egs/timit/s5_la2/fbank/raw_fbank_train.3.ark:524160
mbar0_si1949 /nfs-share/xinchi/kaldi/egs/timit/s5_la2/fbank/raw_fbank_train.2.ark:3191702
fmjb0_si1177 /nfs-share/xinchi/kaldi/egs/timit/s5_la2/fbank/raw_fbank_train.1.ark:8828981
mcdd0_sx73 /nfs-share/xinchi/kaldi/egs/timit/s5_la2/fbank/raw_fbank_train.2.ark:4790696
mewm0_sx268 /nfs-share/xinchi/kaldi/egs/timit/s5_la2/fbank/raw_fbank_train.2.ark:10353099
mdhl0_si1439 /nfs-share/xinchi/kaldi/egs/timit/s5_la2/fbank/raw_fbank_train.2.ark:6999558
mtpg0_sx213 /nfs-share/xinchi/kaldi/egs/timit/s5_la2/fbank/raw_fbank_train.4.ark:9348480
mkxl0_si1815 /nfs-share/xinchi/kaldi/egs/timit/s5_la2/fbank/raw_fbank_train.3.ark:7147724
fkde0_sx241 /nfs-share/xinchi/kaldi/egs/timit/s5_la2/fbank/raw_fbank_train.1.ark:6342243
mtat1_sx239 /nfs-share/xinchi/kaldi/egs/timit/s5_la2/fbank/raw_fbank_train.4.ark:7507629
mdss0_sx441 /nfs-share/xinchi/kaldi/egs/timit/s5_la2/fbank/raw_fbank_train.2.ark:9056979
fcyl0_sx127 /nfs-share/xinchi/kaldi/egs/timit/s5_la2/fbank/raw_fbank_train.1.ark:2340486
fdml0_sx339 /nfs-share/xinchi/kaldi/egs/timit/s5_la2/fbank/raw_fbank_train.1.ark:2952626
flac0_sx361 /nfs-share/xinchi/kaldi/egs/timit/s5_la2/fbank/raw_fbank_train.1.ark:7172637
fcaj0_sx399 /nfs-share/xinchi/kaldi/egs/timit/s5_la2/fbank/raw_fbank_train.1.ark:1422766
fkfb0_sx78 /nfs-share/xinchi/kaldi/egs/timit/s5_la2/fbank/raw_fbank_train.1.ark:6598711
fear0_si1252 /nfs-share/xinchi/kaldi/egs/timit/s5_la2/fbank/raw_fbank_train.1.ark:3532851
fpac0_sx301 /nfs-share/xinchi/kaldi/egs/timit/s5_la2/fbank/raw_fbank_train.1.ark:9950431
mbma1_si2214 /nfs-share/xinchi/kaldi/egs/timit/s5_la2/fbank/raw_fbank_train.2.ark:3838877
fcke0_sx121 /nfs-share/xinchi/kaldi/egs/timit/s5_la2/fbank/raw_fbank_train.1.ark:1857040
fdas1_si2091 /nfs-share/xinchi/kaldi/egs/timit/s5_la2/fbank/raw_fbank_train.1.ark:2418765
mfmc0_si1132 /nfs-share/xinchi/kaldi/egs/timit/s5_la2/fbank/raw_fbank_train.2.ark:10479536
makr0_sx362 /nfs-share/xinchi/kaldi/egs/timit/s5_la2/fbank/raw_fbank_train.2.ark:2853854
fexm0_sx291 /nfs-share/xinchi/kaldi/egs/timit/s5_la2/fbank/raw_fbank_train.1.ark:4132582
msat0_si2156 /nfs-share/xinchi/kaldi/egs/timit/s5_la2/fbank/raw_fbank_train.4.ark:5428189
mclm0_sx286 /nfs-share/xinchi/kaldi/egs/timit/s5_la2/fbank/raw_fbank_train.2.ark:5397814
mrso0_sx399 /nfs-share/xinchi/kaldi/egs/timit/s5_la2/fbank/raw_fbank_train.4.ark:4502695
maeo0_sx336 /nfs-share/xinchi/kaldi/egs/timit/s5_la2/fbank/raw_fbank_train.2.ark:2460032
mrjh0_si914 /nfs-share/xinchi/kaldi/egs/timit/s5_la2/fbank/raw_fbank_train.4.ark:2727422
mmeb0_si1987 /nfs-share/xinchi/kaldi/egs/timit/s5_la2/fbank/raw_fbank_train.3.ark:9183506
mfrm0_si1155 /nfs-share/xinchi/kaldi/egs/timit/s5_la2/fbank/raw_fbank_train.2.ark:10584681
mjdc0_sx81 /nfs-share/xinchi/kaldi/egs/timit/s5_la2/fbank/raw_fbank_train.3.ark:2237549
mprt0_sx40 /nfs-share/xinchi/kaldi/egs/timit/s5_la2/fbank/raw_fbank_train.4.ark:463896
mgaw0_si535 /nfs-share/xinchi/kaldi/egs/timit/s5_la2/fbank/raw_fbank_train.3.ark:132506
mjrp0_si1835 /nfs-share/xinchi/kaldi/egs/timit/s5_la2/fbank/raw_fbank_train.3.ark:4917821
mcdr0_sx434 /nfs-share/xinchi/kaldi/egs/timit/s5_la2/fbank/raw_fbank_train.2.ark:4891609
mtbc0_si1173 /nfs-share/xinchi/kaldi/egs/timit/s5_la2/fbank/raw_fbank_train.4.ark:7565721
mbjv0_sx167 /nfs-share/xinchi/kaldi/egs/timit/s5_la2/fbank/raw_fbank_train.2.ark:3679733
mges0_sx221 /nfs-share/xinchi/kaldi/egs/timit/s5_la2/fbank/raw_fbank_train.3.ark:226997
fltm0_sx440 /nfs-share/xinchi/kaldi/egs/timit/s5_la2/fbank/raw_fbank_train.1.ark:8498200
mwdk0_sx266 /nfs-share/xinchi/kaldi/egs/timit/s5_la2/fbank/raw_fbank_train.4.ark:10911323
msat0_sx356 /nfs-share/xinchi/kaldi/egs/timit/s5_la2/fbank/raw_fbank_train.4.ark:5466801
mesg0_sx252 /nfs-share/xinchi/kaldi/egs/timit/s5_la2/fbank/raw_fbank_train.2.ark:10176211
mtwh1_sx162 /nfs-share/xinchi/kaldi/egs/timit/s5_la2/fbank/raw_fbank_train.4.ark:10035181
mlsh0_si787 /nfs-share/xinchi/kaldi/egs/timit/s5_la2/fbank/raw_fbank_train.3.ark:7789148
mjra0_sx246 /nfs-share/xinchi/kaldi/egs/timit/s5_la2/fbank/raw_fbank_train.3.ark:4479268
mkls0_si1437 /nfs-share/xinchi/kaldi/egs/timit/s5_la2/fbank/raw_fbank_train.3.ark:6736749
mvlo0_si1147 /nfs-share/xinchi/kaldi/egs/timit/s5_la2/fbank/raw_fbank_train.4.ark:10299517
mcxm0_sx91 /nfs-share/xinchi/kaldi/egs/timit/s5_la2/fbank/raw_fbank_train.2.ark:5993276
mdlb0_si1936 /nfs-share/xinchi/kaldi/egs/timit/s5_la2/fbank/raw_fbank_train.2.ark:7408213
mdtb0_si570 /nfs-share/xinchi/kaldi/egs/timit/s5_la2/fbank/raw_fbank_train.2.ark:9183417
mpgr1_si1499 /nfs-share/xinchi/kaldi/egs/timit/s5_la2/fbank/raw_fbank_train.3.ark:11197308
mrhl0_si885 /nfs-share/xinchi/kaldi/egs/timit/s5_la2/fbank/raw_fbank_train.4.ark:2502972
fsls0_si1056 /nfs-share/xinchi/kaldi/egs/timit/s5_la2/fbank/raw_fbank_train.2.ark:538829
mkaj0_si784 /nfs-share/xinchi/kaldi/egs/timit/s5_la2/fbank/raw_fbank_train.3.ark:5890551
fmkf0_sx276 /nfs-share/xinchi/kaldi/egs/timit/s5_la2/fbank/raw_fbank_train.1.ark:9295893
mbwp0_si1531 /nfs-share/xinchi/kaldi/egs/timit/s5_la2/fbank/raw_fbank_train.2.ark:4292407
fbmj0_sx246 /nfs-share/xinchi/kaldi/egs/timit/s5_la2/fbank/raw_fbank_train.1.ark:1202697
mmaa0_sx215 /nfs-share/xinchi/kaldi/egs/timit/s5_la2/fbank/raw_fbank_train.3.ark:7924039
mtxs0_sx250 /nfs-share/xinchi/kaldi/egs/timit/s5_la2/fbank/raw_fbank_train.4.ark:10151000
msah1_si1049 /nfs-share/xinchi/kaldi/egs/timit/s5_la2/fbank/raw_fbank_train.4.ark:5224064
mdns0_sx201 /nfs-share/xinchi/kaldi/egs/timit/s5_la2/fbank/raw_fbank_train.2.ark:8460203
fntb0_si1203 /nfs-share/xinchi/kaldi/egs/timit/s5_la2/fbank/raw_fbank_train.1.ark:9669336
flet0_si507 /nfs-share/xinchi/kaldi/egs/timit/s5_la2/fbank/raw_fbank_train.1.ark:7447814
mrew1_sx420 /nfs-share/xinchi/kaldi/egs/timit/s5_la2/fbank/raw_fbank_train.4.ark:2023180
mrbc0_si1859 /nfs-share/xinchi/kaldi/egs/timit/s5_la2/fbank/raw_fbank_train.4.ark:1068949
majp0_si1704 /nfs-share/xinchi/kaldi/egs/timit/s5_la2/fbank/raw_fbank_train.2.ark:2590510
mtas0_si755 /nfs-share/xinchi/kaldi/egs/timit/s5_la2/fbank/raw_fbank_train.4.ark:7296833
mdcd0_sx155 /nfs-share/xinchi/kaldi/egs/timit/s5_la2/fbank/raw_fbank_train.2.ark:6435308
fleh0_si1681 /nfs-share/xinchi/kaldi/egs/timit/s5_la2/fbank/raw_fbank_train.1.ark:7339235
mdac0_si631 /nfs-share/xinchi/kaldi/egs/timit/s5_la2/fbank/raw_fbank_train.2.ark:6024217
mrlj1_sx321 /nfs-share/xinchi/kaldi/egs/timit/s5_la2/fbank/raw_fbank_train.4.ark:3466536
madc0_si737 /nfs-share/xinchi/kaldi/egs/timit/s5_la2/fbank/raw_fbank_train.2.ark:2134937
flhd0_si1344 /nfs-share/xinchi/kaldi/egs/timit/s5_la2/fbank/raw_fbank_train.1.ark:7516492
fcmm0_sx363 /nfs-share/xinchi/kaldi/egs/timit/s5_la2/fbank/raw_fbank_train.1.ark:2164022
mmws1_sx81 /nfs-share/xinchi/kaldi/egs/timit/s5_la2/fbank/raw_fbank_train.3.ark:10436083
fjxp0_sx402 /nfs-share/xinchi/kaldi/egs/timit/s5_la2/fbank/raw_fbank_train.1.ark:6153298
mtqc0_sx91 /nfs-share/xinchi/kaldi/egs/timit/s5_la2/fbank/raw_fbank_train.4.ark:9711293
flkm0_sx116 /nfs-share/xinchi/kaldi/egs/timit/s5_la2/fbank/raw_fbank_train.1.ark:7975013
mmrp0_sx324 /nfs-share/xinchi/kaldi/egs/timit/s5_la2/fbank/raw_fbank_train.3.ark:9871013
mmcc0_sx348 /nfs-share/xinchi/kaldi/egs/timit/s5_la2/fbank/raw_fbank_train.3.ark:8568703
fsdj0_sx125 /nfs-share/xinchi/kaldi/egs/timit/s5_la2/fbank/raw_fbank_train.1.ark:11556085
mjeb1_sx207 /nfs-share/xinchi/kaldi/egs/timit/s5_la2/fbank/raw_fbank_train.3.ark:2743016
mrhl0_sx255 /nfs-share/xinchi/kaldi/egs/timit/s5_la2/fbank/raw_fbank_train.4.ark:2529078
mtmt0_sx308 /nfs-share/xinchi/kaldi/egs/timit/s5_la2/fbank/raw_fbank_train.4.ark:9170143
mmab1_si864 /nfs-share/xinchi/kaldi/egs/timit/s5_la2/fbank/raw_fbank_train.3.ark:7987398
fgmb0_sx65 /nfs-share/xinchi/kaldi/egs/timit/s5_la2/fbank/raw_fbank_train.1.ark:4487523
fjxm0_si1211 /nfs-share/xinchi/kaldi/egs/timit/s5_la2/fbank/raw_fbank_train.1.ark:5969794
mrem0_sx61 /nfs-share/xinchi/kaldi/egs/timit/s5_la2/fbank/raw_fbank_train.4.ark:1945467
mtlc0_sx37 /nfs-share/xinchi/kaldi/egs/timit/s5_la2/fbank/raw_fbank_train.4.ark:8873219
fbch0_sx326 /nfs-share/xinchi/kaldi/egs/timit/s5_la2/fbank/raw_fbank_train.1.ark:800070
mrlk0_si1468 /nfs-share/xinchi/kaldi/egs/timit/s5_la2/fbank/raw_fbank_train.4.ark:3501435
msmr0_sx145 /nfs-share/xinchi/kaldi/egs/timit/s5_la2/fbank/raw_fbank_train.4.ark:6582493
mabc0_si781 /nfs-share/xinchi/kaldi/egs/timit/s5_la2/fbank/raw_fbank_train.2.ark:2037672
mwac0_si2231 /nfs-share/xinchi/kaldi/egs/timit/s5_la2/fbank/raw_fbank_train.4.ark:10499561
mmbs0_si1151 /nfs-share/xinchi/kaldi/egs/timit/s5_la2/fbank/raw_fbank_train.3.ark:8398512
mtdp0_sx351 /nfs-share/xinchi/kaldi/egs/timit/s5_la2/fbank/raw_fbank_train.4.ark:7932203
mkrg0_si1491 /nfs-share/xinchi/kaldi/egs/timit/s5_la2/fbank/raw_fbank_train.3.ark:7044106
mrem0_sx331 /nfs-share/xinchi/kaldi/egs/timit/s5_la2/fbank/raw_fbank_train.4.ark:1920762
mdlh0_sx340 /nfs-share/xinchi/kaldi/egs/timit/s5_la2/fbank/raw_fbank_train.2.ark:7861125
ftbw0_sx85 /nfs-share/xinchi/kaldi/egs/timit/s5_la2/fbank/raw_fbank_train.2.ark:1525886
mgxp0_sx187 /nfs-share/xinchi/kaldi/egs/timit/s5_la2/fbank/raw_fbank_train.3.ark:858151
fpaz0_sx153 /nfs-share/xinchi/kaldi/egs/timit/s5_la2/fbank/raw_fbank_train.1.ark:10238561
mjkr0_sx31 /nfs-share/xinchi/kaldi/egs/timit/s5_la2/fbank/raw_fbank_train.3.ark:3568201
mdlc2_sx174 /nfs-share/xinchi/kaldi/egs/timit/s5_la2/fbank/raw_fbank_train.2.ark:7734275
mdcd0_sx245 /nfs-share/xinchi/kaldi/egs/timit/s5_la2/fbank/raw_fbank_train.2.ark:6447581
fcjf0_sx307 /nfs-share/xinchi/kaldi/egs/timit/s5_la2/fbank/raw_fbank_train.1.ark:1696696
mmxs0_si629 /nfs-share/xinchi/kaldi/egs/timit/s5_la2/fbank/raw_fbank_train.3.ark:10455830
mrml0_sx71 /nfs-share/xinchi/kaldi/egs/timit/s5_la2/fbank/raw_fbank_train.4.ark:4090993
mtab0_sx402 /nfs-share/xinchi/kaldi/egs/timit/s5_la2/fbank/raw_fbank_train.4.ark:7252540
mrgm0_si532 /nfs-share/xinchi/kaldi/egs/timit/s5_la2/fbank/raw_fbank_train.4.ark:2278204
mrws0_sx202 /nfs-share/xinchi/kaldi/egs/timit/s5_la2/fbank/raw_fbank_train.4.ark:5083347
mljh0_sx64 /nfs-share/xinchi/kaldi/egs/timit/s5_la2/fbank/raw_fbank_train.3.ark:7657902
mmam0_sx247 /nfs-share/xinchi/kaldi/egs/timit/s5_la2/fbank/raw_fbank_train.3.ark:8229195
mjlb0_sx446 /nfs-share/xinchi/kaldi/egs/timit/s5_la2/fbank/raw_fbank_train.3.ark:3658907
mlbc0_sx249 /nfs-share/xinchi/kaldi/egs/timit/s5_la2/fbank/raw_fbank_train.3.ark:7285449
msjk0_sx246 /nfs-share/xinchi/kaldi/egs/timit/s5_la2/fbank/raw_fbank_train.4.ark:6386397
mjeb1_sx387 /nfs-share/xinchi/kaldi/egs/timit/s5_la2/fbank/raw_fbank_train.3.ark:2771554
mdsj0_si2092 /nfs-share/xinchi/kaldi/egs/timit/s5_la2/fbank/raw_fbank_train.2.ark:8914149
fjkl0_si1562 /nfs-share/xinchi/kaldi/egs/timit/s5_la2/fbank/raw_fbank_train.1.ark:5159513
fgmb0_sx245 /nfs-share/xinchi/kaldi/egs/timit/s5_la2/fbank/raw_fbank_train.1.ark:4444585
mwar0_si2305 /nfs-share/xinchi/kaldi/egs/timit/s5_la2/fbank/raw_fbank_train.4.ark:10708166
mmgg0_si1709 /nfs-share/xinchi/kaldi/egs/timit/s5_la2/fbank/raw_fbank_train.3.ark:9368315
msdh0_si2113 /nfs-share/xinchi/kaldi/egs/timit/s5_la2/fbank/raw_fbank_train.4.ark:5663032
