msas0_si1376 /nfs-share/xinchi/kaldi/egs/timit/s5_la3/fbank/raw_fbank_train.4.ark:5304970
mvlo0_sx427 /nfs-share/xinchi/kaldi/egs/timit/s5_la3/fbank/raw_fbank_train.4.ark:10375236
fbcg1_sx352 /nfs-share/xinchi/kaldi/egs/timit/s5_la3/fbank/raw_fbank_train.1.ark:688846
mtdb0_si771 /nfs-share/xinchi/kaldi/egs/timit/s5_la3/fbank/raw_fbank_train.4.ark:7786958
marw0_sx349 /nfs-share/xinchi/kaldi/egs/timit/s5_la3/fbank/raw_fbank_train.2.ark:3143201
fkkh0_sx120 /nfs-share/xinchi/kaldi/egs/timit/s5_la3/fbank/raw_fbank_train.1.ark:6659245
freh0_sx235 /nfs-share/xinchi/kaldi/egs/timit/s5_la3/fbank/raw_fbank_train.1.ark:10652532
msdb0_sx377 /nfs-share/xinchi/kaldi/egs/timit/s5_la3/fbank/raw_fbank_train.4.ark:5653638
mmaa0_sx35 /nfs-share/xinchi/kaldi/egs/timit/s5_la3/fbank/raw_fbank_train.3.ark:7948704
mdps0_sx449 /nfs-share/xinchi/kaldi/egs/timit/s5_la3/fbank/raw_fbank_train.2.ark:8760984
mtlc0_sx307 /nfs-share/xinchi/kaldi/egs/timit/s5_la3/fbank/raw_fbank_train.4.ark:8866707
fpmy0_sx163 /nfs-share/xinchi/kaldi/egs/timit/s5_la3/fbank/raw_fbank_train.1.ark:10541914
mwgr0_sx256 /nfs-share/xinchi/kaldi/egs/timit/s5_la3/fbank/raw_fbank_train.4.ark:11111054
mmdm1_si1650 /nfs-share/xinchi/kaldi/egs/timit/s5_la3/fbank/raw_fbank_train.3.ark:8901157
msah1_sx419 /nfs-share/xinchi/kaldi/egs/timit/s5_la3/fbank/raw_fbank_train.4.ark:5287464
fpjf0_sx352 /nfs-share/xinchi/kaldi/egs/timit/s5_la3/fbank/raw_fbank_train.1.ark:10367085
mjjj0_si533 /nfs-share/xinchi/kaldi/egs/timit/s5_la3/fbank/raw_fbank_train.3.ark:3306060
mgar0_si1212 /nfs-share/xinchi/kaldi/egs/timit/s5_la3/fbank/raw_fbank_train.3.ark:13
fklc1_sx58 /nfs-share/xinchi/kaldi/egs/timit/s5_la3/fbank/raw_fbank_train.1.ark:6903627
mmag0_si496 /nfs-share/xinchi/kaldi/egs/timit/s5_la3/fbank/raw_fbank_train.3.ark:8108063
mrtc0_sx108 /nfs-share/xinchi/kaldi/egs/timit/s5_la3/fbank/raw_fbank_train.4.ark:4666014
fgcs0_si2116 /nfs-share/xinchi/kaldi/egs/timit/s5_la3/fbank/raw_fbank_train.1.ark:4186596
mbgt0_si711 /nfs-share/xinchi/kaldi/egs/timit/s5_la3/fbank/raw_fbank_train.2.ark:3565715
fdfb0_si2010 /nfs-share/xinchi/kaldi/egs/timit/s5_la3/fbank/raw_fbank_train.1.ark:2630490
fbmj0_si1776 /nfs-share/xinchi/kaldi/egs/timit/s5_la3/fbank/raw_fbank_train.1.ark:1145565
mrso0_si1206 /nfs-share/xinchi/kaldi/egs/timit/s5_la3/fbank/raw_fbank_train.4.ark:4395303
mmlm0_sx357 /nfs-share/xinchi/kaldi/egs/timit/s5_la3/fbank/raw_fbank_train.3.ark:9681723
fgmb0_sx335 /nfs-share/xinchi/kaldi/egs/timit/s5_la3/fbank/raw_fbank_train.1.ark:4457338
mtrr0_si2178 /nfs-share/xinchi/kaldi/egs/timit/s5_la3/fbank/raw_fbank_train.4.ark:9820585
mcdd0_sx343 /nfs-share/xinchi/kaldi/egs/timit/s5_la3/fbank/raw_fbank_train.2.ark:4765871
fjrp1_sx82 /nfs-share/xinchi/kaldi/egs/timit/s5_la3/fbank/raw_fbank_train.1.ark:5663005
mram0_si1275 /nfs-share/xinchi/kaldi/egs/timit/s5_la3/fbank/raw_fbank_train.4.ark:873583
madc0_sx197 /nfs-share/xinchi/kaldi/egs/timit/s5_la3/fbank/raw_fbank_train.2.ark:2174275
mbar0_si1319 /nfs-share/xinchi/kaldi/egs/timit/s5_la3/fbank/raw_fbank_train.2.ark:3176028
mpsw0_si1697 /nfs-share/xinchi/kaldi/egs/timit/s5_la3/fbank/raw_fbank_train.4.ark:495317
mrlj0_si790 /nfs-share/xinchi/kaldi/egs/timit/s5_la3/fbank/raw_fbank_train.4.ark:3345411
mjhi0_sx248 /nfs-share/xinchi/kaldi/egs/timit/s5_la3/fbank/raw_fbank_train.3.ark:3124155
mmgk0_si1952 /nfs-share/xinchi/kaldi/egs/timit/s5_la3/fbank/raw_fbank_train.3.ark:9462261
mmjb1_sx238 /nfs-share/xinchi/kaldi/egs/timit/s5_la3/fbank/raw_fbank_train.3.ark:9572745
maeb0_sx90 /nfs-share/xinchi/kaldi/egs/timit/s5_la3/fbank/raw_fbank_train.2.ark:2394111
mtcs0_sx352 /nfs-share/xinchi/kaldi/egs/timit/s5_la3/fbank/raw_fbank_train.4.ark:7719832
feme0_sx335 /nfs-share/xinchi/kaldi/egs/timit/s5_la3/fbank/raw_fbank_train.1.ark:3920852
mrjh0_sx169 /nfs-share/xinchi/kaldi/egs/timit/s5_la3/fbank/raw_fbank_train.4.ark:2736135
mjbg0_sx332 /nfs-share/xinchi/kaldi/egs/timit/s5_la3/fbank/raw_fbank_train.3.ark:2025233
fsdc0_si1312 /nfs-share/xinchi/kaldi/egs/timit/s5_la3/fbank/raw_fbank_train.1.ark:11428079
flac0_si901 /nfs-share/xinchi/kaldi/egs/timit/s5_la3/fbank/raw_fbank_train.1.ark:7142578
mjai0_sx254 /nfs-share/xinchi/kaldi/egs/timit/s5_la3/fbank/raw_fbank_train.3.ark:1930614
fgrw0_sx72 /nfs-share/xinchi/kaldi/egs/timit/s5_la3/fbank/raw_fbank_train.1.ark:4604709
mrjb1_sx120 /nfs-share/xinchi/kaldi/egs/timit/s5_la3/fbank/raw_fbank_train.4.ark:2627471
fbmh0_si970 /nfs-share/xinchi/kaldi/egs/timit/s5_la3/fbank/raw_fbank_train.1.ark:1076127
fcdr1_si556 /nfs-share/xinchi/kaldi/egs/timit/s5_la3/fbank/raw_fbank_train.1.ark:1475627
fdxw0_sx431 /nfs-share/xinchi/kaldi/egs/timit/s5_la3/fbank/raw_fbank_train.1.ark:3409960
mtkp0_sx393 /nfs-share/xinchi/kaldi/egs/timit/s5_la3/fbank/raw_fbank_train.4.ark:8694162
mcew0_si2072 /nfs-share/xinchi/kaldi/egs/timit/s5_la3/fbank/raw_fbank_train.2.ark:5019614
fsms1_si874 /nfs-share/xinchi/kaldi/egs/timit/s5_la3/fbank/raw_fbank_train.2.ark:875332
mdpk0_sx333 /nfs-share/xinchi/kaldi/egs/timit/s5_la3/fbank/raw_fbank_train.2.ark:8657166
fdjh0_sx35 /nfs-share/xinchi/kaldi/egs/timit/s5_la3/fbank/raw_fbank_train.1.ark:2764726
ftaj0_sx429 /nfs-share/xinchi/kaldi/egs/timit/s5_la3/fbank/raw_fbank_train.2.ark:1321244
mkes0_sx263 /nfs-share/xinchi/kaldi/egs/timit/s5_la3/fbank/raw_fbank_train.3.ark:6418661
mesg0_sx342 /nfs-share/xinchi/kaldi/egs/timit/s5_la3/fbank/raw_fbank_train.2.ark:10186684
mdcd0_sx425 /nfs-share/xinchi/kaldi/egs/timit/s5_la3/fbank/raw_fbank_train.2.ark:6475527
mses0_sx329 /nfs-share/xinchi/kaldi/egs/timit/s5_la3/fbank/raw_fbank_train.4.ark:6069395
mntw0_sx258 /nfs-share/xinchi/kaldi/egs/timit/s5_la3/fbank/raw_fbank_train.3.ark:10694731
mdlr1_si669 /nfs-share/xinchi/kaldi/egs/timit/s5_la3/fbank/raw_fbank_train.2.ark:8112581
mpgr1_si1269 /nfs-share/xinchi/kaldi/egs/timit/s5_la3/fbank/raw_fbank_train.3.ark:11190114
mprb0_sx305 /nfs-share/xinchi/kaldi/egs/timit/s5_la3/fbank/raw_fbank_train.4.ark:127430
mmpm0_si1061 /nfs-share/xinchi/kaldi/egs/timit/s5_la3/fbank/raw_fbank_train.3.ark:9712502
fbmh0_sx416 /nfs-share/xinchi/kaldi/egs/timit/s5_la3/fbank/raw_fbank_train.1.ark:1123899
mbom0_sx311 /nfs-share/xinchi/kaldi/egs/timit/s5_la3/fbank/raw_fbank_train.2.ark:4089973
fljg0_sx171 /nfs-share/xinchi/kaldi/egs/timit/s5_la3/fbank/raw_fbank_train.1.ark:7858309
mjwt0_si1381 /nfs-share/xinchi/kaldi/egs/timit/s5_la3/fbank/raw_fbank_train.3.ark:5372234
mcxm0_sx361 /nfs-share/xinchi/kaldi/egs/timit/s5_la3/fbank/raw_fbank_train.2.ark:5968851
mtpf0_si1235 /nfs-share/xinchi/kaldi/egs/timit/s5_la3/fbank/raw_fbank_train.4.ark:9206402
mhmg0_sx195 /nfs-share/xinchi/kaldi/egs/timit/s5_la3/fbank/raw_fbank_train.3.ark:1245995
mjee0_sx247 /nfs-share/xinchi/kaldi/egs/timit/s5_la3/fbank/raw_fbank_train.3.ark:2829761
mrmb0_si951 /nfs-share/xinchi/kaldi/egs/timit/s5_la3/fbank/raw_fbank_train.4.ark:3715992
mrlr0_sx206 /nfs-share/xinchi/kaldi/egs/timit/s5_la3/fbank/raw_fbank_train.4.ark:3651353
mjfr0_sx165 /nfs-share/xinchi/kaldi/egs/timit/s5_la3/fbank/raw_fbank_train.3.ark:3000898
mdlc0_sx135 /nfs-share/xinchi/kaldi/egs/timit/s5_la3/fbank/raw_fbank_train.2.ark:7550104
fvkb0_sx79 /nfs-share/xinchi/kaldi/egs/timit/s5_la3/fbank/raw_fbank_train.2.ark:1915986
mjrh0_sx315 /nfs-share/xinchi/kaldi/egs/timit/s5_la3/fbank/raw_fbank_train.3.ark:4693472
mdks0_sx346 /nfs-share/xinchi/kaldi/egs/timit/s5_la3/fbank/raw_fbank_train.2.ark:7342280
mmab1_si1494 /nfs-share/xinchi/kaldi/egs/timit/s5_la3/fbank/raw_fbank_train.3.ark:7970971
fcyl0_si1927 /nfs-share/xinchi/kaldi/egs/timit/s5_la3/fbank/raw_fbank_train.1.ark:2307860
fdtd0_si2191 /nfs-share/xinchi/kaldi/egs/timit/s5_la3/fbank/raw_fbank_train.1.ark:3248609
mram0_sx15 /nfs-share/xinchi/kaldi/egs/timit/s5_la3/fbank/raw_fbank_train.4.ark:924196
mbcg0_sx57 /nfs-share/xinchi/kaldi/egs/timit/s5_la3/fbank/raw_fbank_train.2.ark:3448149
fjrp1_sx352 /nfs-share/xinchi/kaldi/egs/timit/s5_la3/fbank/raw_fbank_train.1.ark:5626660
mrsp0_sx79 /nfs-share/xinchi/kaldi/egs/timit/s5_la3/fbank/raw_fbank_train.4.ark:4609560
mtdp0_sx351 /nfs-share/xinchi/kaldi/egs/timit/s5_la3/fbank/raw_fbank_train.4.ark:7932203
mrsp0_sx169 /nfs-share/xinchi/kaldi/egs/timit/s5_la3/fbank/raw_fbank_train.4.ark:4561189
mgrl0_si2127 /nfs-share/xinchi/kaldi/egs/timit/s5_la3/fbank/raw_fbank_train.3.ark:397629
mcpm0_sx294 /nfs-share/xinchi/kaldi/egs/timit/s5_la3/fbank/raw_fbank_train.2.ark:5495359
fclt0_sx268 /nfs-share/xinchi/kaldi/egs/timit/s5_la3/fbank/raw_fbank_train.1.ark:1952298
mrav0_si1638 /nfs-share/xinchi/kaldi/egs/timit/s5_la3/fbank/raw_fbank_train.4.ark:977803
mdef0_sx303 /nfs-share/xinchi/kaldi/egs/timit/s5_la3/fbank/raw_fbank_train.2.ark:6850275
mejs0_sx70 /nfs-share/xinchi/kaldi/egs/timit/s5_la3/fbank/raw_fbank_train.2.ark:10120924
fsdc0_sx52 /nfs-share/xinchi/kaldi/egs/timit/s5_la3/fbank/raw_fbank_train.1.ark:11507031
feeh0_sx302 /nfs-share/xinchi/kaldi/egs/timit/s5_la3/fbank/raw_fbank_train.1.ark:3817107
mjeb0_si1916 /nfs-share/xinchi/kaldi/egs/timit/s5_la3/fbank/raw_fbank_train.3.ark:2596212
fmbg0_sx350 /nfs-share/xinchi/kaldi/egs/timit/s5_la3/fbank/raw_fbank_train.1.ark:8678336
fdas1_si831 /nfs-share/xinchi/kaldi/egs/timit/s5_la3/fbank/raw_fbank_train.1.ark:2428798
marw0_sx286 /nfs-share/xinchi/kaldi/egs/timit/s5_la3/fbank/raw_fbank_train.2.ark:3125528
fmjb0_si1807 /nfs-share/xinchi/kaldi/egs/timit/s5_la3/fbank/raw_fbank_train.1.ark:8847335
mpgh0_si1554 /nfs-share/xinchi/kaldi/egs/timit/s5_la3/fbank/raw_fbank_train.3.ark:11012905
mrld0_si2224 /nfs-share/xinchi/kaldi/egs/timit/s5_la3/fbank/raw_fbank_train.4.ark:3252633
mrre0_sx254 /nfs-share/xinchi/kaldi/egs/timit/s5_la3/fbank/raw_fbank_train.4.ark:4348771
makr0_si722 /nfs-share/xinchi/kaldi/egs/timit/s5_la3/fbank/raw_fbank_train.2.ark:2831235
mdlm0_si1234 /nfs-share/xinchi/kaldi/egs/timit/s5_la3/fbank/raw_fbank_train.2.ark:7895504
mjac0_sx431 /nfs-share/xinchi/kaldi/egs/timit/s5_la3/fbank/raw_fbank_train.3.ark:1740470
mmcc0_si1338 /nfs-share/xinchi/kaldi/egs/timit/s5_la3/fbank/raw_fbank_train.3.ark:8509457
mchl0_si1977 /nfs-share/xinchi/kaldi/egs/timit/s5_la3/fbank/raw_fbank_train.2.ark:5168673
mjpg0_si1821 /nfs-share/xinchi/kaldi/egs/timit/s5_la3/fbank/raw_fbank_train.3.ark:4153574
mwsh0_si2266 /nfs-share/xinchi/kaldi/egs/timit/s5_la3/fbank/raw_fbank_train.4.ark:11460253
fceg0_si618 /nfs-share/xinchi/kaldi/egs/timit/s5_la3/fbank/raw_fbank_train.1.ark:1580492
mrjb1_si2021 /nfs-share/xinchi/kaldi/egs/timit/s5_la3/fbank/raw_fbank_train.4.ark:2608238
fkaa0_si578 /nfs-share/xinchi/kaldi/egs/timit/s5_la3/fbank/raw_fbank_train.1.ark:6199071
mgjc0_si1256 /nfs-share/xinchi/kaldi/egs/timit/s5_la3/fbank/raw_fbank_train.3.ark:277169
mejl0_sx242 /nfs-share/xinchi/kaldi/egs/timit/s5_la3/fbank/raw_fbank_train.2.ark:9981641
mrtj0_sx412 /nfs-share/xinchi/kaldi/egs/timit/s5_la3/fbank/raw_fbank_train.4.ark:4824418
fmjf0_si624 /nfs-share/xinchi/kaldi/egs/timit/s5_la3/fbank/raw_fbank_train.1.ark:8947831
mrfk0_sx266 /nfs-share/xinchi/kaldi/egs/timit/s5_la3/fbank/raw_fbank_train.4.ark:2098300
mdwd0_sx270 /nfs-share/xinchi/kaldi/egs/timit/s5_la3/fbank/raw_fbank_train.2.ark:9300709
mtdb0_sx231 /nfs-share/xinchi/kaldi/egs/timit/s5_la3/fbank/raw_fbank_train.4.ark:7819104
falk0_si1086 /nfs-share/xinchi/kaldi/egs/timit/s5_la3/fbank/raw_fbank_train.1.ark:209261
mdks0_sx76 /nfs-share/xinchi/kaldi/egs/timit/s5_la3/fbank/raw_fbank_train.2.ark:7368185
freh0_si1315 /nfs-share/xinchi/kaldi/egs/timit/s5_la3/fbank/raw_fbank_train.1.ark:10601759
mprd0_sx171 /nfs-share/xinchi/kaldi/egs/timit/s5_la3/fbank/raw_fbank_train.4.ark:211109
mljh0_sx424 /nfs-share/xinchi/kaldi/egs/timit/s5_la3/fbank/raw_fbank_train.3.ark:7643150
mtkd0_sx107 /nfs-share/xinchi/kaldi/egs/timit/s5_la3/fbank/raw_fbank_train.4.ark:8538126
mrre0_si704 /nfs-share/xinchi/kaldi/egs/timit/s5_la3/fbank/raw_fbank_train.4.ark:4298992
fjwb1_sx165 /nfs-share/xinchi/kaldi/egs/timit/s5_la3/fbank/raw_fbank_train.1.ark:5914949
mkdd0_sx397 /nfs-share/xinchi/kaldi/egs/timit/s5_la3/fbank/raw_fbank_train.3.ark:6241630
fmah1_sx339 /nfs-share/xinchi/kaldi/egs/timit/s5_la3/fbank/raw_fbank_train.1.ark:8585032
mrab1_sx218 /nfs-share/xinchi/kaldi/egs/timit/s5_la3/fbank/raw_fbank_train.4.ark:714706
mtjg0_si890 /nfs-share/xinchi/kaldi/egs/timit/s5_la3/fbank/raw_fbank_train.4.ark:8098793
ftmg0_si1532 /nfs-share/xinchi/kaldi/egs/timit/s5_la3/fbank/raw_fbank_train.2.ark:1641464
mgrl0_sx327 /nfs-share/xinchi/kaldi/egs/timit/s5_la3/fbank/raw_fbank_train.3.ark:440241
mjrh1_sx154 /nfs-share/xinchi/kaldi/egs/timit/s5_la3/fbank/raw_fbank_train.3.ark:4770031
mtju0_si2020 /nfs-share/xinchi/kaldi/egs/timit/s5_la3/fbank/raw_fbank_train.4.ark:8397241
mdbp0_si1788 /nfs-share/xinchi/kaldi/egs/timit/s5_la3/fbank/raw_fbank_train.2.ark:6296857
mrtc0_sx18 /nfs-share/xinchi/kaldi/egs/timit/s5_la3/fbank/raw_fbank_train.4.ark:4678086
mrjb1_sx210 /nfs-share/xinchi/kaldi/egs/timit/s5_la3/fbank/raw_fbank_train.4.ark:2644064
mgag0_si645 /nfs-share/xinchi/kaldi/egs/timit/s5_la3/fbank/raw_fbank_train.2.ark:11067962
mpeb0_sx240 /nfs-share/xinchi/kaldi/egs/timit/s5_la3/fbank/raw_fbank_train.3.ark:10858908
mjae0_si1524 /nfs-share/xinchi/kaldi/egs/timit/s5_la3/fbank/raw_fbank_train.3.ark:1764776
mdef0_sx33 /nfs-share/xinchi/kaldi/egs/timit/s5_la3/fbank/raw_fbank_train.2.ark:6858107
fdfb0_sx58 /nfs-share/xinchi/kaldi/egs/timit/s5_la3/fbank/raw_fbank_train.1.ark:2680014
mhit0_sx173 /nfs-share/xinchi/kaldi/egs/timit/s5_la3/fbank/raw_fbank_train.3.ark:1046079
makr0_sx272 /nfs-share/xinchi/kaldi/egs/timit/s5_la3/fbank/raw_fbank_train.2.ark:2847021
mprd0_si1431 /nfs-share/xinchi/kaldi/egs/timit/s5_la3/fbank/raw_fbank_train.4.ark:165489
feeh0_sx122 /nfs-share/xinchi/kaldi/egs/timit/s5_la3/fbank/raw_fbank_train.1.ark:3790001
mklw0_sx221 /nfs-share/xinchi/kaldi/egs/timit/s5_la3/fbank/raw_fbank_train.3.ark:6986334
mrml0_si1421 /nfs-share/xinchi/kaldi/egs/timit/s5_la3/fbank/raw_fbank_train.4.ark:3977682
mrkm0_si1267 /nfs-share/xinchi/kaldi/egs/timit/s5_la3/fbank/raw_fbank_train.4.ark:3113696
mrlj0_sx160 /nfs-share/xinchi/kaldi/egs/timit/s5_la3/fbank/raw_fbank_train.4.ark:3362204
mmdg0_si520 /nfs-share/xinchi/kaldi/egs/timit/s5_la3/fbank/raw_fbank_train.3.ark:8722894
fgcs0_si856 /nfs-share/xinchi/kaldi/egs/timit/s5_la3/fbank/raw_fbank_train.1.ark:4198309
fbmh0_si1766 /nfs-share/xinchi/kaldi/egs/timit/s5_la3/fbank/raw_fbank_train.1.ark:1066534
mrjm0_sx58 /nfs-share/xinchi/kaldi/egs/timit/s5_la3/fbank/raw_fbank_train.4.ark:2894092
mdac0_si1837 /nfs-share/xinchi/kaldi/egs/timit/s5_la3/fbank/raw_fbank_train.2.ark:6015024
mbth0_si505 /nfs-share/xinchi/kaldi/egs/timit/s5_la3/fbank/raw_fbank_train.2.ark:4206936
mrpc1_si1482 /nfs-share/xinchi/kaldi/egs/timit/s5_la3/fbank/raw_fbank_train.4.ark:4193853
mmaa0_si1588 /nfs-share/xinchi/kaldi/egs/timit/s5_la3/fbank/raw_fbank_train.3.ark:7864866
fbmj0_sx156 /nfs-share/xinchi/kaldi/egs/timit/s5_la3/fbank/raw_fbank_train.1.ark:1189104
fdaw0_sx56 /nfs-share/xinchi/kaldi/egs/timit/s5_la3/fbank/raw_fbank_train.1.ark:2595188
mmlm0_si1527 /nfs-share/xinchi/kaldi/egs/timit/s5_la3/fbank/raw_fbank_train.3.ark:9629077
mjeb0_sx386 /nfs-share/xinchi/kaldi/egs/timit/s5_la3/fbank/raw_fbank_train.3.ark:2669529
mrsp0_si799 /nfs-share/xinchi/kaldi/egs/timit/s5_la3/fbank/raw_fbank_train.4.ark:4548796
mrcw0_sx21 /nfs-share/xinchi/kaldi/egs/timit/s5_la3/fbank/raw_fbank_train.4.ark:1338690
flmk0_si1035 /nfs-share/xinchi/kaldi/egs/timit/s5_la3/fbank/raw_fbank_train.1.ark:8231708
fceg0_si1878 /nfs-share/xinchi/kaldi/egs/timit/s5_la3/fbank/raw_fbank_train.1.ark:1575099
mrlj1_sx51 /nfs-share/xinchi/kaldi/egs/timit/s5_la3/fbank/raw_fbank_train.4.ark:3491601
mkah0_sx178 /nfs-share/xinchi/kaldi/egs/timit/s5_la3/fbank/raw_fbank_train.3.ark:5799319
mdlr0_sx243 /nfs-share/xinchi/kaldi/egs/timit/s5_la3/fbank/raw_fbank_train.2.ark:8032982
fgmb0_sx155 /nfs-share/xinchi/kaldi/egs/timit/s5_la3/fbank/raw_fbank_train.1.ark:4428512
mtwh1_sx72 /nfs-share/xinchi/kaldi/egs/timit/s5_la3/fbank/raw_fbank_train.4.ark:10081832
mgjc0_sx345 /nfs-share/xinchi/kaldi/egs/timit/s5_la3/fbank/raw_fbank_train.3.ark:342976
mrxb0_sx145 /nfs-share/xinchi/kaldi/egs/timit/s5_la3/fbank/raw_fbank_train.4.ark:5167579
mgaf0_sx292 /nfs-share/xinchi/kaldi/egs/timit/s5_la3/fbank/raw_fbank_train.2.ark:11029262
msem1_si810 /nfs-share/xinchi/kaldi/egs/timit/s5_la3/fbank/raw_fbank_train.4.ark:5918310
frll0_si805 /nfs-share/xinchi/kaldi/egs/timit/s5_la3/fbank/raw_fbank_train.1.ark:10791283
fear0_sx262 /nfs-share/xinchi/kaldi/egs/timit/s5_la3/fbank/raw_fbank_train.1.ark:3577664
mprd0_sx441 /nfs-share/xinchi/kaldi/egs/timit/s5_la3/fbank/raw_fbank_train.4.ark:254728
fapb0_sx433 /nfs-share/xinchi/kaldi/egs/timit/s5_la3/fbank/raw_fbank_train.1.ark:495268
mrai0_si2052 /nfs-share/xinchi/kaldi/egs/timit/s5_la3/fbank/raw_fbank_train.4.ark:771712
fmpg0_sx252 /nfs-share/xinchi/kaldi/egs/timit/s5_la3/fbank/raw_fbank_train.1.ark:9511659
mfrm0_sx435 /nfs-share/xinchi/kaldi/egs/timit/s5_la3/fbank/raw_fbank_train.2.ark:10654961
fbmh0_si1136 /nfs-share/xinchi/kaldi/egs/timit/s5_la3/fbank/raw_fbank_train.1.ark:1048380
mdlh0_si700 /nfs-share/xinchi/kaldi/egs/timit/s5_la3/fbank/raw_fbank_train.2.ark:7814866
mchl0_si1404 /nfs-share/xinchi/kaldi/egs/timit/s5_la3/fbank/raw_fbank_train.2.ark:5152079
fjhk0_sx212 /nfs-share/xinchi/kaldi/egs/timit/s5_la3/fbank/raw_fbank_train.1.ark:5112301
makr0_sx362 /nfs-share/xinchi/kaldi/egs/timit/s5_la3/fbank/raw_fbank_train.2.ark:2853854
fcdr1_sx196 /nfs-share/xinchi/kaldi/egs/timit/s5_la3/fbank/raw_fbank_train.1.ark:1519805
mmsm0_si1106 /nfs-share/xinchi/kaldi/egs/timit/s5_la3/fbank/raw_fbank_train.3.ark:9919472
mrds0_si1797 /nfs-share/xinchi/kaldi/egs/timit/s5_la3/fbank/raw_fbank_train.4.ark:1563515
fjkl0_sx212 /nfs-share/xinchi/kaldi/egs/timit/s5_la3/fbank/raw_fbank_train.1.ark:5205766
ftmg0_si2162 /nfs-share/xinchi/kaldi/egs/timit/s5_la3/fbank/raw_fbank_train.2.ark:1648458
fskc0_si1416 /nfs-share/xinchi/kaldi/egs/timit/s5_la3/fbank/raw_fbank_train.2.ark:256514
mwsh0_sx256 /nfs-share/xinchi/kaldi/egs/timit/s5_la3/fbank/raw_fbank_train.4.ark:11505192
mrdm0_si1044 /nfs-share/xinchi/kaldi/egs/timit/s5_la3/fbank/raw_fbank_train.4.ark:1458576
mjhi0_si1328 /nfs-share/xinchi/kaldi/egs/timit/s5_la3/fbank/raw_fbank_train.3.ark:3072543
mhmg0_sx285 /nfs-share/xinchi/kaldi/egs/timit/s5_la3/fbank/raw_fbank_train.3.ark:1253188
mtpf0_sx65 /nfs-share/xinchi/kaldi/egs/timit/s5_la3/fbank/raw_fbank_train.4.ark:9290313
fdkn0_si1711 /nfs-share/xinchi/kaldi/egs/timit/s5_la3/fbank/raw_fbank_train.1.ark:2819381
mreh1_sx69 /nfs-share/xinchi/kaldi/egs/timit/s5_la3/fbank/raw_fbank_train.4.ark:1844803
fjrp1_si802 /nfs-share/xinchi/kaldi/egs/timit/s5_la3/fbank/raw_fbank_train.1.ark:5584721
mcre0_si1751 /nfs-share/xinchi/kaldi/egs/timit/s5_la3/fbank/raw_fbank_train.2.ark:5533934
mjfh0_sx117 /nfs-share/xinchi/kaldi/egs/timit/s5_la3/fbank/raw_fbank_train.3.ark:2920953
fklh0_sx267 /nfs-share/xinchi/kaldi/egs/timit/s5_la3/fbank/raw_fbank_train.1.ark:6966274
mprd0_sx81 /nfs-share/xinchi/kaldi/egs/timit/s5_la3/fbank/raw_fbank_train.4.ark:266440
fmem0_sx333 /nfs-share/xinchi/kaldi/egs/timit/s5_la3/fbank/raw_fbank_train.1.ark:8792674
mrds0_si537 /nfs-share/xinchi/kaldi/egs/timit/s5_la3/fbank/raw_fbank_train.4.ark:1576868
mmds0_sx263 /nfs-share/xinchi/kaldi/egs/timit/s5_la3/fbank/raw_fbank_train.3.ark:9044275
mhxl0_si1772 /nfs-share/xinchi/kaldi/egs/timit/s5_la3/fbank/raw_fbank_train.3.ark:1472465
fjsk0_sx152 /nfs-share/xinchi/kaldi/egs/timit/s5_la3/fbank/raw_fbank_train.1.ark:5714700
mjjj0_si1793 /nfs-share/xinchi/kaldi/egs/timit/s5_la3/fbank/raw_fbank_train.3.ark:3296307
fjlg0_si1506 /nfs-share/xinchi/kaldi/egs/timit/s5_la3/fbank/raw_fbank_train.1.ark:5253818
mgrp0_si1317 /nfs-share/xinchi/kaldi/egs/timit/s5_la3/fbank/raw_fbank_train.3.ark:482900
mbbr0_sx65 /nfs-share/xinchi/kaldi/egs/timit/s5_la3/fbank/raw_fbank_train.2.ark:3357045
mtml0_sx435 /nfs-share/xinchi/kaldi/egs/timit/s5_la3/fbank/raw_fbank_train.4.ark:8970806
mwad0_sx252 /nfs-share/xinchi/kaldi/egs/timit/s5_la3/fbank/raw_fbank_train.4.ark:10639166
mwdk0_sx176 /nfs-share/xinchi/kaldi/egs/timit/s5_la3/fbank/raw_fbank_train.4.ark:10896090
mbml0_sx269 /nfs-share/xinchi/kaldi/egs/timit/s5_la3/fbank/raw_fbank_train.2.ark:3979561
mhjb0_sx387 /nfs-share/xinchi/kaldi/egs/timit/s5_la3/fbank/raw_fbank_train.3.ark:1174436
fjwb1_sx75 /nfs-share/xinchi/kaldi/egs/timit/s5_la3/fbank/raw_fbank_train.1.ark:5960840
fecd0_sx158 /nfs-share/xinchi/kaldi/egs/timit/s5_la3/fbank/raw_fbank_train.1.ark:3687976
mdef0_si1123 /nfs-share/xinchi/kaldi/egs/timit/s5_la3/fbank/raw_fbank_train.2.ark:6787468
fdtd0_sx301 /nfs-share/xinchi/kaldi/egs/timit/s5_la3/fbank/raw_fbank_train.1.ark:3298901
mdcd0_sx65 /nfs-share/xinchi/kaldi/egs/timit/s5_la3/fbank/raw_fbank_train.2.ark:6483959
mrlj1_sx141 /nfs-share/xinchi/kaldi/egs/timit/s5_la3/fbank/raw_fbank_train.4.ark:3449270
mjeb0_si656 /nfs-share/xinchi/kaldi/egs/timit/s5_la3/fbank/raw_fbank_train.3.ark:2607645
mrbc0_sx149 /nfs-share/xinchi/kaldi/egs/timit/s5_la3/fbank/raw_fbank_train.4.ark:1092055
fdaw0_sx416 /nfs-share/xinchi/kaldi/egs/timit/s5_la3/fbank/raw_fbank_train.1.ark:2584476
mesg0_si1332 /nfs-share/xinchi/kaldi/egs/timit/s5_la3/fbank/raw_fbank_train.2.ark:10124878
mbma0_sx52 /nfs-share/xinchi/kaldi/egs/timit/s5_la3/fbank/raw_fbank_train.2.ark:3819009
mkxl0_sx285 /nfs-share/xinchi/kaldi/egs/timit/s5_la3/fbank/raw_fbank_train.3.ark:7211129
mded0_sx450 /nfs-share/xinchi/kaldi/egs/timit/s5_la3/fbank/raw_fbank_train.2.ark:6762322
mjmm0_sx85 /nfs-share/xinchi/kaldi/egs/timit/s5_la3/fbank/raw_fbank_train.3.ark:4134226
falk0_si658 /nfs-share/xinchi/kaldi/egs/timit/s5_la3/fbank/raw_fbank_train.1.ark:232687
mrso0_sx39 /nfs-share/xinchi/kaldi/egs/timit/s5_la3/fbank/raw_fbank_train.4.ark:4490022
fljg0_sx261 /nfs-share/xinchi/kaldi/egs/timit/s5_la3/fbank/raw_fbank_train.1.ark:7878622
mrem0_sx331 /nfs-share/xinchi/kaldi/egs/timit/s5_la3/fbank/raw_fbank_train.4.ark:1920762
mjeb1_sx207 /nfs-share/xinchi/kaldi/egs/timit/s5_la3/fbank/raw_fbank_train.3.ark:2743016
mcae0_si1447 /nfs-share/xinchi/kaldi/egs/timit/s5_la3/fbank/raw_fbank_train.2.ark:4395312
mtjs0_si1822 /nfs-share/xinchi/kaldi/egs/timit/s5_la3/fbank/raw_fbank_train.4.ark:8290610
mkjo0_si887 /nfs-share/xinchi/kaldi/egs/timit/s5_la3/fbank/raw_fbank_train.3.ark:6487340
mtjs0_sx112 /nfs-share/xinchi/kaldi/egs/timit/s5_la3/fbank/raw_fbank_train.4.ark:8333916
fjlg0_si2306 /nfs-share/xinchi/kaldi/egs/timit/s5_la3/fbank/raw_fbank_train.1.ark:5279526
fpad0_sx446 /nfs-share/xinchi/kaldi/egs/timit/s5_la3/fbank/raw_fbank_train.1.ark:10070969
msms0_sx173 /nfs-share/xinchi/kaldi/egs/timit/s5_la3/fbank/raw_fbank_train.4.ark:6678998
fpmy0_sx196 /nfs-share/xinchi/kaldi/egs/timit/s5_la3/fbank/raw_fbank_train.1.ark:10554307
mgsh0_sx96 /nfs-share/xinchi/kaldi/egs/timit/s5_la3/fbank/raw_fbank_train.3.ark:685074
mmvp0_sx384 /nfs-share/xinchi/kaldi/egs/timit/s5_la3/fbank/raw_fbank_train.3.ark:10129129
mlns0_sx147 /nfs-share/xinchi/kaldi/egs/timit/s5_la3/fbank/raw_fbank_train.3.ark:7704996
msdh0_si2240 /nfs-share/xinchi/kaldi/egs/timit/s5_la3/fbank/raw_fbank_train.4.ark:5668386
fecd0_sx68 /nfs-share/xinchi/kaldi/egs/timit/s5_la3/fbank/raw_fbank_train.1.ark:3739507
fbas0_si1387 /nfs-share/xinchi/kaldi/egs/timit/s5_la3/fbank/raw_fbank_train.1.ark:527214
mrcw0_si1371 /nfs-share/xinchi/kaldi/egs/timit/s5_la3/fbank/raw_fbank_train.4.ark:1275485
mjlg1_sx202 /nfs-share/xinchi/kaldi/egs/timit/s5_la3/fbank/raw_fbank_train.3.ark:3728907
fkde0_sx331 /nfs-share/xinchi/kaldi/egs/timit/s5_la3/fbank/raw_fbank_train.1.ark:6353556
mjjm0_sx107 /nfs-share/xinchi/kaldi/egs/timit/s5_la3/fbank/raw_fbank_train.3.ark:3432518
mjra0_sx66 /nfs-share/xinchi/kaldi/egs/timit/s5_la3/fbank/raw_fbank_train.3.ark:4519406
mtwh1_sx432 /nfs-share/xinchi/kaldi/egs/timit/s5_la3/fbank/raw_fbank_train.4.ark:10067600
mvjh0_sx26 /nfs-share/xinchi/kaldi/egs/timit/s5_la3/fbank/raw_fbank_train.4.ark:10271577
msds0_sx357 /nfs-share/xinchi/kaldi/egs/timit/s5_la3/fbank/raw_fbank_train.4.ark:5841344
mstf0_sx406 /nfs-share/xinchi/kaldi/egs/timit/s5_la3/fbank/raw_fbank_train.4.ark:7008130
mjpm0_sx18 /nfs-share/xinchi/kaldi/egs/timit/s5_la3/fbank/raw_fbank_train.3.ark:4283057
mmar0_si1966 /nfs-share/xinchi/kaldi/egs/timit/s5_la3/fbank/raw_fbank_train.3.ark:8289281
mtqc0_sx181 /nfs-share/xinchi/kaldi/egs/timit/s5_la3/fbank/raw_fbank_train.4.ark:9643202
fmjf0_si1884 /nfs-share/xinchi/kaldi/egs/timit/s5_la3/fbank/raw_fbank_train.1.ark:8939478
mdrd0_si1382 /nfs-share/xinchi/kaldi/egs/timit/s5_la3/fbank/raw_fbank_train.2.ark:8784410
fkkh0_si1920 /nfs-share/xinchi/kaldi/egs/timit/s5_la3/fbank/raw_fbank_train.1.ark:6627299
fcmm0_si453 /nfs-share/xinchi/kaldi/egs/timit/s5_la3/fbank/raw_fbank_train.1.ark:2135483
faem0_sx42 /nfs-share/xinchi/kaldi/egs/timit/s5_la3/fbank/raw_fbank_train.1.ark:91084
mjwg0_si895 /nfs-share/xinchi/kaldi/egs/timit/s5_la3/fbank/raw_fbank_train.3.ark:5161137
mfwk0_si619 /nfs-share/xinchi/kaldi/egs/timit/s5_la3/fbank/raw_fbank_train.2.ark:10699534
mhxl0_sx422 /nfs-share/xinchi/kaldi/egs/timit/s5_la3/fbank/raw_fbank_train.3.ark:1546903
fcaj0_sx129 /nfs-share/xinchi/kaldi/egs/timit/s5_la3/fbank/raw_fbank_train.1.ark:1374195
mcew0_sx452 /nfs-share/xinchi/kaldi/egs/timit/s5_la3/fbank/raw_fbank_train.2.ark:5101339
mdwd0_sx360 /nfs-share/xinchi/kaldi/egs/timit/s5_la3/fbank/raw_fbank_train.2.ark:9309902
mrjm1_sx128 /nfs-share/xinchi/kaldi/egs/timit/s5_la3/fbank/raw_fbank_train.4.ark:2949586
mbma0_sx412 /nfs-share/xinchi/kaldi/egs/timit/s5_la3/fbank/raw_fbank_train.2.ark:3806897
mdpk0_si552 /nfs-share/xinchi/kaldi/egs/timit/s5_la3/fbank/raw_fbank_train.2.ark:8627147
milb0_sx93 /nfs-share/xinchi/kaldi/egs/timit/s5_la3/fbank/raw_fbank_train.3.ark:1656117
mges0_si1481 /nfs-share/xinchi/kaldi/egs/timit/s5_la3/fbank/raw_fbank_train.3.ark:193384
fltm0_sx80 /nfs-share/xinchi/kaldi/egs/timit/s5_la3/fbank/raw_fbank_train.1.ark:8514792
fjrp1_sx262 /nfs-share/xinchi/kaldi/egs/timit/s5_la3/fbank/raw_fbank_train.1.ark:5610187
mdlh0_sx430 /nfs-share/xinchi/kaldi/egs/timit/s5_la3/fbank/raw_fbank_train.2.ark:7874398
mrre0_sx434 /nfs-share/xinchi/kaldi/egs/timit/s5_la3/fbank/raw_fbank_train.4.ark:4369797
mdlm0_sx424 /nfs-share/xinchi/kaldi/egs/timit/s5_la3/fbank/raw_fbank_train.2.ark:7962503
mpar0_si2206 /nfs-share/xinchi/kaldi/egs/timit/s5_la3/fbank/raw_fbank_train.3.ark:10740944
msrr0_si501 /nfs-share/xinchi/kaldi/egs/timit/s5_la3/fbank/raw_fbank_train.4.ark:6856575
mtxs0_sx160 /nfs-share/xinchi/kaldi/egs/timit/s5_la3/fbank/raw_fbank_train.4.ark:10133927
fcaj0_si1804 /nfs-share/xinchi/kaldi/egs/timit/s5_la3/fbank/raw_fbank_train.1.ark:1352489
madc0_si1997 /nfs-share/xinchi/kaldi/egs/timit/s5_la3/fbank/raw_fbank_train.2.ark:2121984
fhlm0_sx300 /nfs-share/xinchi/kaldi/egs/timit/s5_la3/fbank/raw_fbank_train.1.ark:4674189
mkrg0_sx231 /nfs-share/xinchi/kaldi/egs/timit/s5_la3/fbank/raw_fbank_train.3.ark:7105399
fcmm0_sx420 /nfs-share/xinchi/kaldi/egs/timit/s5_la3/fbank/raw_fbank_train.1.ark:2175975
flet0_sx277 /nfs-share/xinchi/kaldi/egs/timit/s5_la3/fbank/raw_fbank_train.1.ark:7484313
mtat1_si1409 /nfs-share/xinchi/kaldi/egs/timit/s5_la3/fbank/raw_fbank_train.4.ark:7451816
mmws1_si1071 /nfs-share/xinchi/kaldi/egs/timit/s5_la3/fbank/raw_fbank_train.3.ark:10365212
mlsh0_si1417 /nfs-share/xinchi/kaldi/egs/timit/s5_la3/fbank/raw_fbank_train.3.ark:7760321
fjxp0_si1122 /nfs-share/xinchi/kaldi/egs/timit/s5_la3/fbank/raw_fbank_train.1.ark:6082739
fsjk1_sx395 /nfs-share/xinchi/kaldi/egs/timit/s5_la3/fbank/raw_fbank_train.2.ark:32110
fpaz0_sx27 /nfs-share/xinchi/kaldi/egs/timit/s5_la3/fbank/raw_fbank_train.1.ark:10265146
mprt0_si580 /nfs-share/xinchi/kaldi/egs/timit/s5_la3/fbank/raw_fbank_train.4.ark:420045
falr0_si1955 /nfs-share/xinchi/kaldi/egs/timit/s5_la3/fbank/raw_fbank_train.1.ark:324237
fsbk0_sx349 /nfs-share/xinchi/kaldi/egs/timit/s5_la3/fbank/raw_fbank_train.1.ark:11257876
mdcd0_si2045 /nfs-share/xinchi/kaldi/egs/timit/s5_la3/fbank/raw_fbank_train.2.ark:6407082
mrfl0_si1786 /nfs-share/xinchi/kaldi/egs/timit/s5_la3/fbank/raw_fbank_train.4.ark:2157466
mjwt0_sx31 /nfs-share/xinchi/kaldi/egs/timit/s5_la3/fbank/raw_fbank_train.3.ark:5443958
mjai0_si682 /nfs-share/xinchi/kaldi/egs/timit/s5_la3/fbank/raw_fbank_train.3.ark:1880715
mjfr0_sx435 /nfs-share/xinchi/kaldi/egs/timit/s5_la3/fbank/raw_fbank_train.3.ark:3043197
mcss0_si750 /nfs-share/xinchi/kaldi/egs/timit/s5_la3/fbank/raw_fbank_train.2.ark:5646477
fhxs0_si2335 /nfs-share/xinchi/kaldi/egs/timit/s5_la3/fbank/raw_fbank_train.1.ark:4764717
mtcs0_si2265 /nfs-share/xinchi/kaldi/egs/timit/s5_la3/fbank/raw_fbank_train.4.ark:7670060
fcdr1_sx286 /nfs-share/xinchi/kaldi/egs/timit/s5_la3/fbank/raw_fbank_train.1.ark:1529638
mmxs0_sx246 /nfs-share/xinchi/kaldi/egs/timit/s5_la3/fbank/raw_fbank_train.3.ark:10491129
mcdd0_si883 /nfs-share/xinchi/kaldi/egs/timit/s5_la3/fbank/raw_fbank_train.2.ark:4733452
mreh1_si969 /nfs-share/xinchi/kaldi/egs/timit/s5_la3/fbank/raw_fbank_train.4.ark:1772359
fmah1_sx159 /nfs-share/xinchi/kaldi/egs/timit/s5_la3/fbank/raw_fbank_train.1.ark:8561686
mdlc1_si1435 /nfs-share/xinchi/kaldi/egs/timit/s5_la3/fbank/raw_fbank_train.2.ark:7608509
mrvg0_sx240 /nfs-share/xinchi/kaldi/egs/timit/s5_la3/fbank/raw_fbank_train.4.ark:4893257
mmab1_si864 /nfs-share/xinchi/kaldi/egs/timit/s5_la3/fbank/raw_fbank_train.3.ark:7987398
mdbp0_si528 /nfs-share/xinchi/kaldi/egs/timit/s5_la3/fbank/raw_fbank_train.2.ark:6310450
mdlc1_sx175 /nfs-share/xinchi/kaldi/egs/timit/s5_la3/fbank/raw_fbank_train.2.ark:7650210
fear0_sx442 /nfs-share/xinchi/kaldi/egs/timit/s5_la3/fbank/raw_fbank_train.1.ark:3608410
mfxs0_si2304 /nfs-share/xinchi/kaldi/egs/timit/s5_la3/fbank/raw_fbank_train.2.ark:10792400
fblv0_sx68 /nfs-share/xinchi/kaldi/egs/timit/s5_la3/fbank/raw_fbank_train.1.ark:1037266
mrdm0_si965 /nfs-share/xinchi/kaldi/egs/timit/s5_la3/fbank/raw_fbank_train.4.ark:1486003
mdwh0_sx125 /nfs-share/xinchi/kaldi/egs/timit/s5_la3/fbank/raw_fbank_train.2.ark:9392061
mgsh0_sx276 /nfs-share/xinchi/kaldi/egs/timit/s5_la3/fbank/raw_fbank_train.3.ark:662491
mclk0_sx130 /nfs-share/xinchi/kaldi/egs/timit/s5_la3/fbank/raw_fbank_train.2.ark:5278651
mbma0_si592 /nfs-share/xinchi/kaldi/egs/timit/s5_la3/fbank/raw_fbank_train.2.ark:3762885
fgmb0_si1145 /nfs-share/xinchi/kaldi/egs/timit/s5_la3/fbank/raw_fbank_train.1.ark:4384012
mrmg0_si2340 /nfs-share/xinchi/kaldi/egs/timit/s5_la3/fbank/raw_fbank_train.4.ark:3811218
msfh0_sx316 /nfs-share/xinchi/kaldi/egs/timit/s5_la3/fbank/raw_fbank_train.4.ark:6180380
madc0_sx107 /nfs-share/xinchi/kaldi/egs/timit/s5_la3/fbank/raw_fbank_train.2.ark:2154410
mdlc0_sx45 /nfs-share/xinchi/kaldi/egs/timit/s5_la3/fbank/raw_fbank_train.2.ark:7596475
ftlg0_sx123 /nfs-share/xinchi/kaldi/egs/timit/s5_la3/fbank/raw_fbank_train.2.ark:1585299
mmsm0_si1736 /nfs-share/xinchi/kaldi/egs/timit/s5_la3/fbank/raw_fbank_train.3.ark:9936746
msdh0_sx170 /nfs-share/xinchi/kaldi/egs/timit/s5_la3/fbank/raw_fbank_train.4.ark:5692652
mtmt0_sx128 /nfs-share/xinchi/kaldi/egs/timit/s5_la3/fbank/raw_fbank_train.4.ark:9148557
mdhl0_sx449 /nfs-share/xinchi/kaldi/egs/timit/s5_la3/fbank/raw_fbank_train.2.ark:7072157
mwgr0_sx166 /nfs-share/xinchi/kaldi/egs/timit/s5_la3/fbank/raw_fbank_train.4.ark:11095821
fcyl0_sx217 /nfs-share/xinchi/kaldi/egs/timit/s5_la3/fbank/raw_fbank_train.1.ark:2348999
mtbc0_si1803 /nfs-share/xinchi/kaldi/egs/timit/s5_la3/fbank/raw_fbank_train.4.ark:7571675
fpmy0_si1153 /nfs-share/xinchi/kaldi/egs/timit/s5_la3/fbank/raw_fbank_train.1.ark:10487974
mdcm0_sx40 /nfs-share/xinchi/kaldi/egs/timit/s5_la3/fbank/raw_fbank_train.2.ark:6568991
fcmm0_sx363 /nfs-share/xinchi/kaldi/egs/timit/s5_la3/fbank/raw_fbank_train.1.ark:2164022
msah1_sx239 /nfs-share/xinchi/kaldi/egs/timit/s5_la3/fbank/raw_fbank_train.4.ark:5263158
fjwb1_sx345 /nfs-share/xinchi/kaldi/egs/timit/s5_la3/fbank/raw_fbank_train.1.ark:5935695
fjwb1_sx435 /nfs-share/xinchi/kaldi/egs/timit/s5_la3/fbank/raw_fbank_train.1.ark:5946968
mrld0_sx64 /nfs-share/xinchi/kaldi/egs/timit/s5_la3/fbank/raw_fbank_train.4.ark:3315750
mwac0_si1601 /nfs-share/xinchi/kaldi/egs/timit/s5_la3/fbank/raw_fbank_train.4.ark:10480687
mrbc0_si1665 /nfs-share/xinchi/kaldi/egs/timit/s5_la3/fbank/raw_fbank_train.4.ark:1058915
mdjm0_sx285 /nfs-share/xinchi/kaldi/egs/timit/s5_la3/fbank/raw_fbank_train.2.ark:7260646
mmdg0_si1780 /nfs-share/xinchi/kaldi/egs/timit/s5_la3/fbank/raw_fbank_train.3.ark:8694547
mrpc1_sx222 /nfs-share/xinchi/kaldi/egs/timit/s5_la3/fbank/raw_fbank_train.4.ark:4232267
mjfh0_sx387 /nfs-share/xinchi/kaldi/egs/timit/s5_la3/fbank/raw_fbank_train.3.ark:2953124
mkag0_si2239 /nfs-share/xinchi/kaldi/egs/timit/s5_la3/fbank/raw_fbank_train.3.ark:5676229
msat1_sx263 /nfs-share/xinchi/kaldi/egs/timit/s5_la3/fbank/raw_fbank_train.4.ark:5546754
mgaw0_sx85 /nfs-share/xinchi/kaldi/egs/timit/s5_la3/fbank/raw_fbank_train.3.ark:184350
fmju0_si759 /nfs-share/xinchi/kaldi/egs/timit/s5_la3/fbank/raw_fbank_train.1.ark:9063296
mtas0_sx215 /nfs-share/xinchi/kaldi/egs/timit/s5_la3/fbank/raw_fbank_train.4.ark:7314259
mjrk0_sx250 /nfs-share/xinchi/kaldi/egs/timit/s5_la3/fbank/raw_fbank_train.3.ark:4873089
mtmt0_si1748 /nfs-share/xinchi/kaldi/egs/timit/s5_la3/fbank/raw_fbank_train.4.ark:9119451
mpeb0_si1034 /nfs-share/xinchi/kaldi/egs/timit/s5_la3/fbank/raw_fbank_train.3.ark:10819455
fceg0_sx258 /nfs-share/xinchi/kaldi/egs/timit/s5_la3/fbank/raw_fbank_train.1.ark:1598238
msfh0_sx406 /nfs-share/xinchi/kaldi/egs/timit/s5_la3/fbank/raw_fbank_train.4.ark:6191573
fpls0_si960 /nfs-share/xinchi/kaldi/egs/timit/s5_la3/fbank/raw_fbank_train.1.ark:10416818
mjlb0_sx176 /nfs-share/xinchi/kaldi/egs/timit/s5_la3/fbank/raw_fbank_train.3.ark:3623368
fjsk0_si1682 /nfs-share/xinchi/kaldi/egs/timit/s5_la3/fbank/raw_fbank_train.1.ark:5695913
mrlk0_sx213 /nfs-share/xinchi/kaldi/egs/timit/s5_la3/fbank/raw_fbank_train.4.ark:3562688
flag0_si2094 /nfs-share/xinchi/kaldi/egs/timit/s5_la3/fbank/raw_fbank_train.1.ark:7228770
fsjg0_sx220 /nfs-share/xinchi/kaldi/egs/timit/s5_la3/fbank/raw_fbank_train.1.ark:11767848
flhd0_sx84 /nfs-share/xinchi/kaldi/egs/timit/s5_la3/fbank/raw_fbank_train.1.ark:7595724
mmdm0_si1311 /nfs-share/xinchi/kaldi/egs/timit/s5_la3/fbank/raw_fbank_train.3.ark:8801212
mbgt0_sx441 /nfs-share/xinchi/kaldi/egs/timit/s5_la3/fbank/raw_fbank_train.2.ark:3623087
mrbc0_si1859 /nfs-share/xinchi/kaldi/egs/timit/s5_la3/fbank/raw_fbank_train.4.ark:1068949
mbar0_si689 /nfs-share/xinchi/kaldi/egs/timit/s5_la3/fbank/raw_fbank_train.2.ark:3196775
fvmh0_sx206 /nfs-share/xinchi/kaldi/egs/timit/s5_la3/fbank/raw_fbank_train.2.ark:1981553
fpls0_si2220 /nfs-share/xinchi/kaldi/egs/timit/s5_la3/fbank/raw_fbank_train.1.ark:10404865
mdhs0_si1530 /nfs-share/xinchi/kaldi/egs/timit/s5_la3/fbank/raw_fbank_train.2.ark:7097743
flod0_sx171 /nfs-share/xinchi/kaldi/egs/timit/s5_la3/fbank/raw_fbank_train.1.ark:8376507
megj0_si1967 /nfs-share/xinchi/kaldi/egs/timit/s5_la3/fbank/raw_fbank_train.2.ark:9854319
mjjb0_sx329 /nfs-share/xinchi/kaldi/egs/timit/s5_la3/fbank/raw_fbank_train.3.ark:3235534
faem0_si1392 /nfs-share/xinchi/kaldi/egs/timit/s5_la3/fbank/raw_fbank_train.1.ark:13
mkjo0_sx77 /nfs-share/xinchi/kaldi/egs/timit/s5_la3/fbank/raw_fbank_train.3.ark:6545344
fpmy0_si1783 /nfs-share/xinchi/kaldi/egs/timit/s5_la3/fbank/raw_fbank_train.1.ark:10506928
mdlr1_sx399 /nfs-share/xinchi/kaldi/egs/timit/s5_la3/fbank/raw_fbank_train.2.ark:8182505
fsak0_si1300 /nfs-share/xinchi/kaldi/egs/timit/s5_la3/fbank/raw_fbank_train.1.ark:11102684
fpab1_sx301 /nfs-share/xinchi/kaldi/egs/timit/s5_la3/fbank/raw_fbank_train.1.ark:9843926
mafm0_sx399 /nfs-share/xinchi/kaldi/egs/timit/s5_la3/fbank/raw_fbank_train.2.ark:2571682
flod0_sx117 /nfs-share/xinchi/kaldi/egs/timit/s5_la3/fbank/raw_fbank_train.1.ark:8366954
mesj0_sx97 /nfs-share/xinchi/kaldi/egs/timit/s5_la3/fbank/raw_fbank_train.2.ark:10301932
makr0_sx92 /nfs-share/xinchi/kaldi/egs/timit/s5_la3/fbank/raw_fbank_train.2.ark:2875919
mclk0_sx40 /nfs-share/xinchi/kaldi/egs/timit/s5_la3/fbank/raw_fbank_train.2.ark:5312549
mmpm0_sx161 /nfs-share/xinchi/kaldi/egs/timit/s5_la3/fbank/raw_fbank_train.3.ark:9745443
mmdb0_sx87 /nfs-share/xinchi/kaldi/egs/timit/s5_la3/fbank/raw_fbank_train.3.ark:8686273
mkln0_sx338 /nfs-share/xinchi/kaldi/egs/timit/s5_la3/fbank/raw_fbank_train.3.ark:6611984
mtrt0_si1857 /nfs-share/xinchi/kaldi/egs/timit/s5_la3/fbank/raw_fbank_train.4.ark:9929890
mpgr0_si2040 /nfs-share/xinchi/kaldi/egs/timit/s5_la3/fbank/raw_fbank_train.3.ark:11115323
mdrd0_sx32 /nfs-share/xinchi/kaldi/egs/timit/s5_la3/fbank/raw_fbank_train.2.ark:8870608
fblv0_si1058 /nfs-share/xinchi/kaldi/egs/timit/s5_la3/fbank/raw_fbank_train.1.ark:941034
mvlo0_si1147 /nfs-share/xinchi/kaldi/egs/timit/s5_la3/fbank/raw_fbank_train.4.ark:10299517
mcef0_sx325 /nfs-share/xinchi/kaldi/egs/timit/s5_la3/fbank/raw_fbank_train.2.ark:4974081
mtjg0_sx170 /nfs-share/xinchi/kaldi/egs/timit/s5_la3/fbank/raw_fbank_train.4.ark:8113946
mdns0_sx291 /nfs-share/xinchi/kaldi/egs/timit/s5_la3/fbank/raw_fbank_train.2.ark:8480508
mefg0_sx195 /nfs-share/xinchi/kaldi/egs/timit/s5_la3/fbank/raw_fbank_train.2.ark:9795185
mrgs0_sx96 /nfs-share/xinchi/kaldi/egs/timit/s5_la3/fbank/raw_fbank_train.4.ark:2470391
mhmr0_si1119 /nfs-share/xinchi/kaldi/egs/timit/s5_la3/fbank/raw_fbank_train.3.ark:1275495
fspm0_si1871 /nfs-share/xinchi/kaldi/egs/timit/s5_la3/fbank/raw_fbank_train.2.ark:972684
mmgk0_sx152 /nfs-share/xinchi/kaldi/egs/timit/s5_la3/fbank/raw_fbank_train.3.ark:9475607
mbjv0_si1247 /nfs-share/xinchi/kaldi/egs/timit/s5_la3/fbank/raw_fbank_train.2.ark:3645553
mrsp0_sx259 /nfs-share/xinchi/kaldi/egs/timit/s5_la3/fbank/raw_fbank_train.4.ark:4582255
mtmn0_sx344 /nfs-share/xinchi/kaldi/egs/timit/s5_la3/fbank/raw_fbank_train.4.ark:9076518
msat0_sx446 /nfs-share/xinchi/kaldi/egs/timit/s5_la3/fbank/raw_fbank_train.4.ark:5476314
fnkl0_sx262 /nfs-share/xinchi/kaldi/egs/timit/s5_la3/fbank/raw_fbank_train.1.ark:9632677
mjda0_sx41 /nfs-share/xinchi/kaldi/egs/timit/s5_la3/fbank/raw_fbank_train.3.ark:2141404
fcke0_sx121 /nfs-share/xinchi/kaldi/egs/timit/s5_la3/fbank/raw_fbank_train.1.ark:1857040
fmbg0_si1160 /nfs-share/xinchi/kaldi/egs/timit/s5_la3/fbank/raw_fbank_train.1.ark:8618491
mrjb1_si1413 /nfs-share/xinchi/kaldi/egs/timit/s5_la3/fbank/raw_fbank_train.4.ark:2587324
mljh0_sx154 /nfs-share/xinchi/kaldi/egs/timit/s5_la3/fbank/raw_fbank_train.3.ark:7600131
fhxs0_si2302 /nfs-share/xinchi/kaldi/egs/timit/s5_la3/fbank/raw_fbank_train.1.ark:4735363
mbsb0_sx3 /nfs-share/xinchi/kaldi/egs/timit/s5_la3/fbank/raw_fbank_train.2.ark:4163884
mbma1_sx414 /nfs-share/xinchi/kaldi/egs/timit/s5_la3/fbank/raw_fbank_train.2.ark:3909722
mtdp0_sx441 /nfs-share/xinchi/kaldi/egs/timit/s5_la3/fbank/raw_fbank_train.4.ark:7953516
msfv0_sx182 /nfs-share/xinchi/kaldi/egs/timit/s5_la3/fbank/raw_fbank_train.4.ark:6265899
mrms0_sx390 /nfs-share/xinchi/kaldi/egs/timit/s5_la3/fbank/raw_fbank_train.4.ark:4183019
maeo0_sx66 /nfs-share/xinchi/kaldi/egs/timit/s5_la3/fbank/raw_fbank_train.2.ark:2490137
mbma1_sx144 /nfs-share/xinchi/kaldi/egs/timit/s5_la3/fbank/raw_fbank_train.2.ark:3867823
mpgr0_sx150 /nfs-share/xinchi/kaldi/egs/timit/s5_la3/fbank/raw_fbank_train.3.ark:11131909
ftbr0_sx201 /nfs-share/xinchi/kaldi/egs/timit/s5_la3/fbank/raw_fbank_train.2.ark:1396323
mrds0_sx87 /nfs-share/xinchi/kaldi/egs/timit/s5_la3/fbank/raw_fbank_train.4.ark:1635112
mpfu0_sx178 /nfs-share/xinchi/kaldi/egs/timit/s5_la3/fbank/raw_fbank_train.3.ark:10945700
mapv0_sx303 /nfs-share/xinchi/kaldi/egs/timit/s5_la3/fbank/raw_fbank_train.2.ark:2961759
fjlg0_sx359 /nfs-share/xinchi/kaldi/egs/timit/s5_la3/fbank/raw_fbank_train.1.ark:5310185
fkde0_si2221 /nfs-share/xinchi/kaldi/egs/timit/s5_la3/fbank/raw_fbank_train.1.ark:6320897
mkjo0_sx257 /nfs-share/xinchi/kaldi/egs/timit/s5_la3/fbank/raw_fbank_train.3.ark:6511046
fleh0_si1051 /nfs-share/xinchi/kaldi/egs/timit/s5_la3/fbank/raw_fbank_train.1.ark:7321801
mcdc0_sx32 /nfs-share/xinchi/kaldi/egs/timit/s5_la3/fbank/raw_fbank_train.2.ark:4689798
mmpm0_sx341 /nfs-share/xinchi/kaldi/egs/timit/s5_la3/fbank/raw_fbank_train.3.ark:9776789
mpar0_sx316 /nfs-share/xinchi/kaldi/egs/timit/s5_la3/fbank/raw_fbank_train.3.ark:10790036
msat0_sx356 /nfs-share/xinchi/kaldi/egs/timit/s5_la3/fbank/raw_fbank_train.4.ark:5466801
mter0_si1787 /nfs-share/xinchi/kaldi/egs/timit/s5_la3/fbank/raw_fbank_train.4.ark:7999496
mgak0_sx316 /nfs-share/xinchi/kaldi/egs/timit/s5_la3/fbank/raw_fbank_train.2.ark:11216160
mtjg0_sx80 /nfs-share/xinchi/kaldi/egs/timit/s5_la3/fbank/raw_fbank_train.4.ark:8174757
fcyl0_si1297 /nfs-share/xinchi/kaldi/egs/timit/s5_la3/fbank/raw_fbank_train.1.ark:2295266
mmdm1_sx153 /nfs-share/xinchi/kaldi/egs/timit/s5_la3/fbank/raw_fbank_train.3.ark:8928537
fklc1_sx418 /nfs-share/xinchi/kaldi/egs/timit/s5_la3/fbank/raw_fbank_train.1.ark:6889235
mreh1_si1599 /nfs-share/xinchi/kaldi/egs/timit/s5_la3/fbank/raw_fbank_train.4.ark:1743972
ftlg0_si840 /nfs-share/xinchi/kaldi/egs/timit/s5_la3/fbank/raw_fbank_train.2.ark:1574466
mdhs0_sx180 /nfs-share/xinchi/kaldi/egs/timit/s5_la3/fbank/raw_fbank_train.2.ark:7135763
mjac0_sx341 /nfs-share/xinchi/kaldi/egs/timit/s5_la3/fbank/raw_fbank_train.3.ark:1727637
msfv0_si1892 /nfs-share/xinchi/kaldi/egs/timit/s5_la3/fbank/raw_fbank_train.4.ark:6230713
mrmb0_sx141 /nfs-share/xinchi/kaldi/egs/timit/s5_la3/fbank/raw_fbank_train.4.ark:3730665
mtat0_sx120 /nfs-share/xinchi/kaldi/egs/timit/s5_la3/fbank/raw_fbank_train.4.ark:7401811
fpmy0_sx73 /nfs-share/xinchi/kaldi/egs/timit/s5_la3/fbank/raw_fbank_train.1.ark:10589165
mprt0_sx310 /nfs-share/xinchi/kaldi/egs/timit/s5_la3/fbank/raw_fbank_train.4.ark:454184
mjmm0_sx265 /nfs-share/xinchi/kaldi/egs/timit/s5_la3/fbank/raw_fbank_train.3.ark:4104048
mdss1_sx337 /nfs-share/xinchi/kaldi/egs/timit/s5_la3/fbank/raw_fbank_train.2.ark:9135251
mbth0_sx392 /nfs-share/xinchi/kaldi/egs/timit/s5_la3/fbank/raw_fbank_train.2.ark:4279213
fcmg0_sx162 /nfs-share/xinchi/kaldi/egs/timit/s5_la3/fbank/raw_fbank_train.1.ark:2042571
mwre0_sx247 /nfs-share/xinchi/kaldi/egs/timit/s5_la3/fbank/raw_fbank_train.4.ark:11201800
ftbw0_sx175 /nfs-share/xinchi/kaldi/egs/timit/s5_la3/fbank/raw_fbank_train.2.ark:1476675
fdjh0_si935 /nfs-share/xinchi/kaldi/egs/timit/s5_la3/fbank/raw_fbank_train.1.ark:2715635
fsjs0_si1801 /nfs-share/xinchi/kaldi/egs/timit/s5_la3/fbank/raw_fbank_train.2.ark:52378
mcae0_si817 /nfs-share/xinchi/kaldi/egs/timit/s5_la3/fbank/raw_fbank_train.2.ark:4440259
mgrp0_sx237 /nfs-share/xinchi/kaldi/egs/timit/s5_la3/fbank/raw_fbank_train.3.ark:538873
mcal0_sx148 /nfs-share/xinchi/kaldi/egs/timit/s5_la3/fbank/raw_fbank_train.2.ark:4554035
mtkd0_sx287 /nfs-share/xinchi/kaldi/egs/timit/s5_la3/fbank/raw_fbank_train.4.ark:8571024
mesg0_sx252 /nfs-share/xinchi/kaldi/egs/timit/s5_la3/fbank/raw_fbank_train.2.ark:10176211
mpeb0_si1860 /nfs-share/xinchi/kaldi/egs/timit/s5_la3/fbank/raw_fbank_train.3.ark:10825569
mdps0_si1979 /nfs-share/xinchi/kaldi/egs/timit/s5_la3/fbank/raw_fbank_train.2.ark:8701419
mlsh0_sx337 /nfs-share/xinchi/kaldi/egs/timit/s5_la3/fbank/raw_fbank_train.3.ark:7828927
makb0_sx386 /nfs-share/xinchi/kaldi/egs/timit/s5_la3/fbank/raw_fbank_train.2.ark:2799974
mmbs0_sx431 /nfs-share/xinchi/kaldi/egs/timit/s5_la3/fbank/raw_fbank_train.3.ark:8482791
mjai0_sx434 /nfs-share/xinchi/kaldi/egs/timit/s5_la3/fbank/raw_fbank_train.3.ark:1948080
fmkf0_sx96 /nfs-share/xinchi/kaldi/egs/timit/s5_la3/fbank/raw_fbank_train.1.ark:9331749
mtat0_sx300 /nfs-share/xinchi/kaldi/egs/timit/s5_la3/fbank/raw_fbank_train.4.ark:7431149
fjkl0_sx302 /nfs-share/xinchi/kaldi/egs/timit/s5_la3/fbank/raw_fbank_train.1.ark:5220079
mfxs0_sx234 /nfs-share/xinchi/kaldi/egs/timit/s5_la3/fbank/raw_fbank_train.2.ark:10813826
megj0_sx437 /nfs-share/xinchi/kaldi/egs/timit/s5_la3/fbank/raw_fbank_train.2.ark:9911882
msmr0_sx325 /nfs-share/xinchi/kaldi/egs/timit/s5_la3/fbank/raw_fbank_train.4.ark:6606479
fmah1_si2139 /nfs-share/xinchi/kaldi/egs/timit/s5_la3/fbank/raw_fbank_train.1.ark:8535180
fjsp0_si1763 /nfs-share/xinchi/kaldi/egs/timit/s5_la3/fbank/raw_fbank_train.1.ark:5796699
mppc0_sx152 /nfs-share/xinchi/kaldi/egs/timit/s5_la3/fbank/raw_fbank_train.3.ark:11494145
mdlc1_sx265 /nfs-share/xinchi/kaldi/egs/timit/s5_la3/fbank/raw_fbank_train.2.ark:7666283
mree0_si1959 /nfs-share/xinchi/kaldi/egs/timit/s5_la3/fbank/raw_fbank_train.4.ark:1675974
mrjm0_si1095 /nfs-share/xinchi/kaldi/egs/timit/s5_la3/fbank/raw_fbank_train.4.ark:2807340
mbml0_si539 /nfs-share/xinchi/kaldi/egs/timit/s5_la3/fbank/raw_fbank_train.2.ark:3957455
mjdg0_si1705 /nfs-share/xinchi/kaldi/egs/timit/s5_la3/fbank/raw_fbank_train.3.ark:2405395
mrpc1_sx312 /nfs-share/xinchi/kaldi/egs/timit/s5_la3/fbank/raw_fbank_train.4.ark:4243660
falr0_sx65 /nfs-share/xinchi/kaldi/egs/timit/s5_la3/fbank/raw_fbank_train.1.ark:393554
msvs0_si2198 /nfs-share/xinchi/kaldi/egs/timit/s5_la3/fbank/raw_fbank_train.4.ark:7045790
mmdb0_si1617 /nfs-share/xinchi/kaldi/egs/timit/s5_la3/fbank/raw_fbank_train.3.ark:8622156
mrjt0_sx58 /nfs-share/xinchi/kaldi/egs/timit/s5_la3/fbank/raw_fbank_train.4.ark:3097182
mmws0_si559 /nfs-share/xinchi/kaldi/egs/timit/s5_la3/fbank/raw_fbank_train.3.ark:10283741
mtlb0_si1134 /nfs-share/xinchi/kaldi/egs/timit/s5_la3/fbank/raw_fbank_train.4.ark:8704156
mdas0_si636 /nfs-share/xinchi/kaldi/egs/timit/s5_la3/fbank/raw_fbank_train.2.ark:6133802
fcag0_sx423 /nfs-share/xinchi/kaldi/egs/timit/s5_la3/fbank/raw_fbank_train.1.ark:1321949
mtlc0_si1313 /nfs-share/xinchi/kaldi/egs/timit/s5_la3/fbank/raw_fbank_train.4.ark:8804781
mtrt0_si597 /nfs-share/xinchi/kaldi/egs/timit/s5_la3/fbank/raw_fbank_train.4.ark:9943403
mjxl0_si542 /nfs-share/xinchi/kaldi/egs/timit/s5_la3/fbank/raw_fbank_train.3.ark:5583517
mpsw0_sx24 /nfs-share/xinchi/kaldi/egs/timit/s5_la3/fbank/raw_fbank_train.4.ark:525896
fbas0_si1472 /nfs-share/xinchi/kaldi/egs/timit/s5_la3/fbank/raw_fbank_train.1.ark:541808
mdtb0_sx390 /nfs-share/xinchi/kaldi/egs/timit/s5_la3/fbank/raw_fbank_train.2.ark:9241062
fgrw0_si1782 /nfs-share/xinchi/kaldi/egs/timit/s5_la3/fbank/raw_fbank_train.1.ark:4520151
fljd0_sx436 /nfs-share/xinchi/kaldi/egs/timit/s5_la3/fbank/raw_fbank_train.1.ark:7795623
fcaj0_sx399 /nfs-share/xinchi/kaldi/egs/timit/s5_la3/fbank/raw_fbank_train.1.ark:1422766
fskc0_sx66 /nfs-share/xinchi/kaldi/egs/timit/s5_la3/fbank/raw_fbank_train.2.ark:336705
mwdk0_sx446 /nfs-share/xinchi/kaldi/egs/timit/s5_la3/fbank/raw_fbank_train.4.ark:10933829
mbwp0_sx439 /nfs-share/xinchi/kaldi/egs/timit/s5_la3/fbank/raw_fbank_train.2.ark:4367846
mprt0_sx130 /nfs-share/xinchi/kaldi/egs/timit/s5_la3/fbank/raw_fbank_train.4.ark:431518
mrjm1_sx398 /nfs-share/xinchi/kaldi/egs/timit/s5_la3/fbank/raw_fbank_train.4.ark:2997477
mjdm0_sx170 /nfs-share/xinchi/kaldi/egs/timit/s5_la3/fbank/raw_fbank_train.3.ark:2506973
mjae0_si2154 /nfs-share/xinchi/kaldi/egs/timit/s5_la3/fbank/raw_fbank_train.3.ark:1787524
mrld0_sx424 /nfs-share/xinchi/kaldi/egs/timit/s5_la3/fbank/raw_fbank_train.4.ark:3304918
mrgm0_sx442 /nfs-share/xinchi/kaldi/egs/timit/s5_la3/fbank/raw_fbank_train.4.ark:2338056
mmxs0_sx426 /nfs-share/xinchi/kaldi/egs/timit/s5_la3/fbank/raw_fbank_train.3.ark:10517075
fdaw0_si2036 /nfs-share/xinchi/kaldi/egs/timit/s5_la3/fbank/raw_fbank_train.1.ark:2532184
mhmr0_si1692 /nfs-share/xinchi/kaldi/egs/timit/s5_la3/fbank/raw_fbank_train.3.ark:1285929
mmds0_sx353 /nfs-share/xinchi/kaldi/egs/timit/s5_la3/fbank/raw_fbank_train.3.ark:9052388
fcrz0_sx433 /nfs-share/xinchi/kaldi/egs/timit/s5_la3/fbank/raw_fbank_train.1.ark:2271400
mtjm0_sx326 /nfs-share/xinchi/kaldi/egs/timit/s5_la3/fbank/raw_fbank_train.4.ark:8247477
mkag0_sx30 /nfs-share/xinchi/kaldi/egs/timit/s5_la3/fbank/raw_fbank_train.3.ark:5730640
mmpm0_si1691 /nfs-share/xinchi/kaldi/egs/timit/s5_la3/fbank/raw_fbank_train.3.ark:9723176
mrtj0_sx52 /nfs-share/xinchi/kaldi/egs/timit/s5_la3/fbank/raw_fbank_train.4.ark:4837610
mtkd0_si1187 /nfs-share/xinchi/kaldi/egs/timit/s5_la3/fbank/raw_fbank_train.4.ark:8491346
mddc0_si2049 /nfs-share/xinchi/kaldi/egs/timit/s5_la3/fbank/raw_fbank_train.2.ark:6608372
mrms0_si1113 /nfs-share/xinchi/kaldi/egs/timit/s5_la3/fbank/raw_fbank_train.4.ark:4103627
fsag0_si1953 /nfs-share/xinchi/kaldi/egs/timit/s5_la3/fbank/raw_fbank_train.1.ark:10894868
msas0_sx206 /nfs-share/xinchi/kaldi/egs/timit/s5_la3/fbank/raw_fbank_train.4.ark:5369783
mgrp0_sx327 /nfs-share/xinchi/kaldi/egs/timit/s5_la3/fbank/raw_fbank_train.3.ark:547346
fsjw0_sx433 /nfs-share/xinchi/kaldi/egs/timit/s5_la3/fbank/raw_fbank_train.2.ark:229208
mtdb0_sx141 /nfs-share/xinchi/kaldi/egs/timit/s5_la3/fbank/raw_fbank_train.4.ark:7805471
mlel0_si1876 /nfs-share/xinchi/kaldi/egs/timit/s5_la3/fbank/raw_fbank_train.3.ark:7342135
mcre0_sx221 /nfs-share/xinchi/kaldi/egs/timit/s5_la3/fbank/raw_fbank_train.2.ark:5560080
fmpg0_sx432 /nfs-share/xinchi/kaldi/egs/timit/s5_la3/fbank/raw_fbank_train.1.ark:9541085
fmjb0_sx97 /nfs-share/xinchi/kaldi/egs/timit/s5_la3/fbank/raw_fbank_train.1.ark:8920050
fkkh0_si660 /nfs-share/xinchi/kaldi/egs/timit/s5_la3/fbank/raw_fbank_train.1.ark:6647932
mjrh1_si514 /nfs-share/xinchi/kaldi/egs/timit/s5_la3/fbank/raw_fbank_train.3.ark:4758558
mhit0_sx353 /nfs-share/xinchi/kaldi/egs/timit/s5_la3/fbank/raw_fbank_train.3.ark:1070425
mkes0_si1883 /nfs-share/xinchi/kaldi/egs/timit/s5_la3/fbank/raw_fbank_train.3.ark:6371002
mdcm0_sx310 /nfs-share/xinchi/kaldi/egs/timit/s5_la3/fbank/raw_fbank_train.2.ark:6558719
mchl0_sx87 /nfs-share/xinchi/kaldi/egs/timit/s5_la3/fbank/raw_fbank_train.2.ark:5221957
mges0_sx311 /nfs-share/xinchi/kaldi/egs/timit/s5_la3/fbank/raw_fbank_train.3.ark:236510
mppc0_si2042 /nfs-share/xinchi/kaldi/egs/timit/s5_la3/fbank/raw_fbank_train.3.ark:11474919
mkag0_sx259 /nfs-share/xinchi/kaldi/egs/timit/s5_la3/fbank/raw_fbank_train.3.ark:5717448
mrlk0_si1468 /nfs-share/xinchi/kaldi/egs/timit/s5_la3/fbank/raw_fbank_train.4.ark:3501435
mkjo0_sx424 /nfs-share/xinchi/kaldi/egs/timit/s5_la3/fbank/raw_fbank_train.3.ark:6518279
mkes0_si623 /nfs-share/xinchi/kaldi/egs/timit/s5_la3/fbank/raw_fbank_train.3.ark:6386595
mmwb0_si1619 /nfs-share/xinchi/kaldi/egs/timit/s5_la3/fbank/raw_fbank_train.3.ark:10141763
fjlr0_si601 /nfs-share/xinchi/kaldi/egs/timit/s5_la3/fbank/raw_fbank_train.1.ark:5376511
mwch0_sx362 /nfs-share/xinchi/kaldi/egs/timit/s5_la3/fbank/raw_fbank_train.4.ark:10820091
mmea0_si2018 /nfs-share/xinchi/kaldi/egs/timit/s5_la3/fbank/raw_fbank_train.3.ark:9096761
mgsh0_sx127 /nfs-share/xinchi/kaldi/egs/timit/s5_la3/fbank/raw_fbank_train.3.ark:641945
mtmn0_sx74 /nfs-share/xinchi/kaldi/egs/timit/s5_la3/fbank/raw_fbank_train.4.ark:9096343
mgar0_sx402 /nfs-share/xinchi/kaldi/egs/timit/s5_la3/fbank/raw_fbank_train.3.ark:76853
mtwh1_sx252 /nfs-share/xinchi/kaldi/egs/timit/s5_la3/fbank/raw_fbank_train.4.ark:10045654
mrdd0_sx240 /nfs-share/xinchi/kaldi/egs/timit/s5_la3/fbank/raw_fbank_train.4.ark:1411364
mgag0_sx241 /nfs-share/xinchi/kaldi/egs/timit/s5_la3/fbank/raw_fbank_train.2.ark:11103621
mrws0_sx292 /nfs-share/xinchi/kaldi/egs/timit/s5_la3/fbank/raw_fbank_train.4.ark:5098052
mmdg0_sx340 /nfs-share/xinchi/kaldi/egs/timit/s5_la3/fbank/raw_fbank_train.3.ark:8766633
msem1_sx180 /nfs-share/xinchi/kaldi/egs/timit/s5_la3/fbank/raw_fbank_train.4.ark:5946063
mrhl0_sx255 /nfs-share/xinchi/kaldi/egs/timit/s5_la3/fbank/raw_fbank_train.4.ark:2529078
mpar0_sx406 /nfs-share/xinchi/kaldi/egs/timit/s5_la3/fbank/raw_fbank_train.3.ark:10799109
mdwm0_sx376 /nfs-share/xinchi/kaldi/egs/timit/s5_la3/fbank/raw_fbank_train.2.ark:9534864
fsbk0_si1069 /nfs-share/xinchi/kaldi/egs/timit/s5_la3/fbank/raw_fbank_train.1.ark:11199629
frll0_sx344 /nfs-share/xinchi/kaldi/egs/timit/s5_la3/fbank/raw_fbank_train.1.ark:10847975
mrml0_sx341 /nfs-share/xinchi/kaldi/egs/timit/s5_la3/fbank/raw_fbank_train.4.ark:4061648
msjk0_sx66 /nfs-share/xinchi/kaldi/egs/timit/s5_la3/fbank/raw_fbank_train.4.ark:6428375
mkam0_sx326 /nfs-share/xinchi/kaldi/egs/timit/s5_la3/fbank/raw_fbank_train.3.ark:6021156
mpgr1_sx149 /nfs-share/xinchi/kaldi/egs/timit/s5_la3/fbank/raw_fbank_train.3.ark:11226175
fmjf0_sx174 /nfs-share/xinchi/kaldi/egs/timit/s5_la3/fbank/raw_fbank_train.1.ark:8965344
flmc0_si1372 /nfs-share/xinchi/kaldi/egs/timit/s5_la3/fbank/raw_fbank_train.1.ark:8132803
fbas0_si2066 /nfs-share/xinchi/kaldi/egs/timit/s5_la3/fbank/raw_fbank_train.1.ark:559842
mkam0_si1465 /nfs-share/xinchi/kaldi/egs/timit/s5_la3/fbank/raw_fbank_train.3.ark:5980017
fkde0_sx61 /nfs-share/xinchi/kaldi/egs/timit/s5_la3/fbank/raw_fbank_train.1.ark:6379341
fksr0_sx397 /nfs-share/xinchi/kaldi/egs/timit/s5_la3/fbank/raw_fbank_train.1.ark:7104477
fvkb0_si1159 /nfs-share/xinchi/kaldi/egs/timit/s5_la3/fbank/raw_fbank_train.2.ark:1825835
mbcg0_si2217 /nfs-share/xinchi/kaldi/egs/timit/s5_la3/fbank/raw_fbank_train.2.ark:3366039
mses0_si2216 /nfs-share/xinchi/kaldi/egs/timit/s5_la3/fbank/raw_fbank_train.4.ark:6027462
mtmn0_sx434 /nfs-share/xinchi/kaldi/egs/timit/s5_la3/fbank/raw_fbank_train.4.ark:9085511
mtpf0_si605 /nfs-share/xinchi/kaldi/egs/timit/s5_la3/fbank/raw_fbank_train.4.ark:9229469
mrlr0_sx116 /nfs-share/xinchi/kaldi/egs/timit/s5_la3/fbank/raw_fbank_train.4.ark:3642320
mmgk0_si692 /nfs-share/xinchi/kaldi/egs/timit/s5_la3/fbank/raw_fbank_train.3.ark:9467534
fpab1_sx391 /nfs-share/xinchi/kaldi/egs/timit/s5_la3/fbank/raw_fbank_train.1.ark:9867511
mbar0_sx419 /nfs-share/xinchi/kaldi/egs/timit/s5_la3/fbank/raw_fbank_train.2.ark:3253107
mbwp0_si1969 /nfs-share/xinchi/kaldi/egs/timit/s5_la3/fbank/raw_fbank_train.2.ark:4299001
mdbp0_sx78 /nfs-share/xinchi/kaldi/egs/timit/s5_la3/fbank/raw_fbank_train.2.ark:6386214
mdtb0_sx210 /nfs-share/xinchi/kaldi/egs/timit/s5_la3/fbank/raw_fbank_train.2.ark:9209763
makb0_si1646 /nfs-share/xinchi/kaldi/egs/timit/s5_la3/fbank/raw_fbank_train.2.ark:2717336
meal0_sx287 /nfs-share/xinchi/kaldi/egs/timit/s5_la3/fbank/raw_fbank_train.2.ark:9603457
makr0_si1982 /nfs-share/xinchi/kaldi/egs/timit/s5_la3/fbank/raw_fbank_train.2.ark:2819042
fsjw0_si703 /nfs-share/xinchi/kaldi/egs/timit/s5_la3/fbank/raw_fbank_train.2.ark:183676
mwch0_si1622 /nfs-share/xinchi/kaldi/egs/timit/s5_la3/fbank/raw_fbank_train.4.ark:10772924
mgsh0_sx186 /nfs-share/xinchi/kaldi/egs/timit/s5_la3/fbank/raw_fbank_train.3.ark:650698
mtrc0_si1623 /nfs-share/xinchi/kaldi/egs/timit/s5_la3/fbank/raw_fbank_train.4.ark:9725647
mfxv0_si1635 /nfs-share/xinchi/kaldi/egs/timit/s5_la3/fbank/raw_fbank_train.2.ark:10905066
mmdm0_si681 /nfs-share/xinchi/kaldi/egs/timit/s5_la3/fbank/raw_fbank_train.3.ark:8830839
mhxl0_sx242 /nfs-share/xinchi/kaldi/egs/timit/s5_la3/fbank/raw_fbank_train.3.ark:1519917
mjhi0_sx428 /nfs-share/xinchi/kaldi/egs/timit/s5_la3/fbank/raw_fbank_train.3.ark:3146141
mjjm0_sx17 /nfs-share/xinchi/kaldi/egs/timit/s5_la3/fbank/raw_fbank_train.3.ark:3441350
mjbg0_si1232 /nfs-share/xinchi/kaldi/egs/timit/s5_la3/fbank/raw_fbank_train.3.ark:1966906
mrml0_si791 /nfs-share/xinchi/kaldi/egs/timit/s5_la3/fbank/raw_fbank_train.4.ark:4009189
fntb0_sx33 /nfs-share/xinchi/kaldi/egs/timit/s5_la3/fbank/raw_fbank_train.1.ark:9741733
mtcs0_si712 /nfs-share/xinchi/kaldi/egs/timit/s5_la3/fbank/raw_fbank_train.4.ark:7676613
mdsj0_si832 /nfs-share/xinchi/kaldi/egs/timit/s5_la3/fbank/raw_fbank_train.2.ark:8922902
mmwb0_sx89 /nfs-share/xinchi/kaldi/egs/timit/s5_la3/fbank/raw_fbank_train.3.ark:10257954
mjfh0_sx297 /nfs-share/xinchi/kaldi/egs/timit/s5_la3/fbank/raw_fbank_train.3.ark:2944891
fdnc0_sx378 /nfs-share/xinchi/kaldi/egs/timit/s5_la3/fbank/raw_fbank_train.1.ark:3221501
mjra0_sx156 /nfs-share/xinchi/kaldi/egs/timit/s5_la3/fbank/raw_fbank_train.3.ark:4467115
fecd0_sx338 /nfs-share/xinchi/kaldi/egs/timit/s5_la3/fbank/raw_fbank_train.1.ark:3711002
mrml0_si2051 /nfs-share/xinchi/kaldi/egs/timit/s5_la3/fbank/raw_fbank_train.4.ark:4001396
fskc0_si786 /nfs-share/xinchi/kaldi/egs/timit/s5_la3/fbank/raw_fbank_train.2.ark:280901
mapv0_si1293 /nfs-share/xinchi/kaldi/egs/timit/s5_la3/fbank/raw_fbank_train.2.ark:2884713
mlns0_si2037 /nfs-share/xinchi/kaldi/egs/timit/s5_la3/fbank/raw_fbank_train.3.ark:7679730
mtpp0_sx68 /nfs-share/xinchi/kaldi/egs/timit/s5_la3/fbank/raw_fbank_train.4.ark:9471083
mjma0_si865 /nfs-share/xinchi/kaldi/egs/timit/s5_la3/fbank/raw_fbank_train.3.ark:3902731
mjac0_si701 /nfs-share/xinchi/kaldi/egs/timit/s5_la3/fbank/raw_fbank_train.3.ark:1684098
mrld0_sx244 /nfs-share/xinchi/kaldi/egs/timit/s5_la3/fbank/raw_fbank_train.4.ark:3285972
mkdd0_sx307 /nfs-share/xinchi/kaldi/egs/timit/s5_la3/fbank/raw_fbank_train.3.ark:6223285
mrtc0_si1458 /nfs-share/xinchi/kaldi/egs/timit/s5_la3/fbank/raw_fbank_train.4.ark:4619954
mfmc0_sx322 /nfs-share/xinchi/kaldi/egs/timit/s5_la3/fbank/raw_fbank_train.2.ark:10548742
mkes0_sx173 /nfs-share/xinchi/kaldi/egs/timit/s5_la3/fbank/raw_fbank_train.3.ark:6403548
mmws0_sx168 /nfs-share/xinchi/kaldi/egs/timit/s5_la3/fbank/raw_fbank_train.3.ark:10305487
fdfb0_sx328 /nfs-share/xinchi/kaldi/egs/timit/s5_la3/fbank/raw_fbank_train.1.ark:2656949
mjlg1_sx22 /nfs-share/xinchi/kaldi/egs/timit/s5_la3/fbank/raw_fbank_train.3.ark:3736059
flag0_sx384 /nfs-share/xinchi/kaldi/egs/timit/s5_la3/fbank/raw_fbank_train.1.ark:7308767
ftbw0_si1345 /nfs-share/xinchi/kaldi/egs/timit/s5_la3/fbank/raw_fbank_train.2.ark:1437855
mded0_sx270 /nfs-share/xinchi/kaldi/egs/timit/s5_la3/fbank/raw_fbank_train.2.ark:6738856
mtml0_si1065 /nfs-share/xinchi/kaldi/egs/timit/s5_la3/fbank/raw_fbank_train.4.ark:8893926
madd0_si1798 /nfs-share/xinchi/kaldi/egs/timit/s5_la3/fbank/raw_fbank_train.2.ark:2217929
mljh0_si694 /nfs-share/xinchi/kaldi/egs/timit/s5_la3/fbank/raw_fbank_train.3.ark:7581698
mpgr1_si1499 /nfs-share/xinchi/kaldi/egs/timit/s5_la3/fbank/raw_fbank_train.3.ark:11197308
mbml0_sx449 /nfs-share/xinchi/kaldi/egs/timit/s5_la3/fbank/raw_fbank_train.2.ark:4003587
mdlr0_si1233 /nfs-share/xinchi/kaldi/egs/timit/s5_la3/fbank/raw_fbank_train.2.ark:7983209
fdfb0_sx418 /nfs-share/xinchi/kaldi/egs/timit/s5_la3/fbank/raw_fbank_train.1.ark:2668262
megj0_si707 /nfs-share/xinchi/kaldi/egs/timit/s5_la3/fbank/raw_fbank_train.2.ark:9859992
mmab1_sx414 /nfs-share/xinchi/kaldi/egs/timit/s5_la3/fbank/raw_fbank_train.3.ark:8049290
mprb0_si1215 /nfs-share/xinchi/kaldi/egs/timit/s5_la3/fbank/raw_fbank_train.4.ark:59058
mjae0_si1999 /nfs-share/xinchi/kaldi/egs/timit/s5_la3/fbank/raw_fbank_train.3.ark:1778010
mmea0_si758 /nfs-share/xinchi/kaldi/egs/timit/s5_la3/fbank/raw_fbank_train.3.ark:9101074
mtpp0_sx428 /nfs-share/xinchi/kaldi/egs/timit/s5_la3/fbank/raw_fbank_train.4.ark:9457771
fpad0_sx86 /nfs-share/xinchi/kaldi/egs/timit/s5_la3/fbank/raw_fbank_train.1.ark:10082521
fsak0_sx130 /nfs-share/xinchi/kaldi/egs/timit/s5_la3/fbank/raw_fbank_train.1.ark:11140744
mrjb1_sx300 /nfs-share/xinchi/kaldi/egs/timit/s5_la3/fbank/raw_fbank_train.4.ark:2663449
mejs0_sx340 /nfs-share/xinchi/kaldi/egs/timit/s5_la3/fbank/raw_fbank_train.2.ark:10094539
mesg0_sx162 /nfs-share/xinchi/kaldi/egs/timit/s5_la3/fbank/raw_fbank_train.2.ark:10162978
fcke0_si1111 /nfs-share/xinchi/kaldi/egs/timit/s5_la3/fbank/raw_fbank_train.1.ark:1814820
mdss1_si1327 /nfs-share/xinchi/kaldi/egs/timit/s5_la3/fbank/raw_fbank_train.2.ark:9076685
fcjf0_sx307 /nfs-share/xinchi/kaldi/egs/timit/s5_la3/fbank/raw_fbank_train.1.ark:1696696
mbjv0_sx347 /nfs-share/xinchi/kaldi/egs/timit/s5_la3/fbank/raw_fbank_train.2.ark:3699879
fleh0_si1681 /nfs-share/xinchi/kaldi/egs/timit/s5_la3/fbank/raw_fbank_train.1.ark:7339235
maeo0_si1956 /nfs-share/xinchi/kaldi/egs/timit/s5_la3/fbank/raw_fbank_train.2.ark:2430413
mjbg0_sx242 /nfs-share/xinchi/kaldi/egs/timit/s5_la3/fbank/raw_fbank_train.3.ark:2011960
mejl0_si1592 /nfs-share/xinchi/kaldi/egs/timit/s5_la3/fbank/raw_fbank_train.2.ark:9941108
fclt0_si808 /nfs-share/xinchi/kaldi/egs/timit/s5_la3/fbank/raw_fbank_train.1.ark:1920912
mmgk0_si1322 /nfs-share/xinchi/kaldi/egs/timit/s5_la3/fbank/raw_fbank_train.3.ark:9448467
msdh0_si2113 /nfs-share/xinchi/kaldi/egs/timit/s5_la3/fbank/raw_fbank_train.4.ark:5663032
mbar0_sx149 /nfs-share/xinchi/kaldi/egs/timit/s5_la3/fbank/raw_fbank_train.2.ark:3211368
fjsp0_si1434 /nfs-share/xinchi/kaldi/egs/timit/s5_la3/fbank/raw_fbank_train.1.ark:5778905
mwac0_sx71 /nfs-share/xinchi/kaldi/egs/timit/s5_la3/fbank/raw_fbank_train.4.ark:10590478
mdma0_si2060 /nfs-share/xinchi/kaldi/egs/timit/s5_la3/fbank/raw_fbank_train.2.ark:8216367
mjeb1_sx117 /nfs-share/xinchi/kaldi/egs/timit/s5_la3/fbank/raw_fbank_train.3.ark:2732743
mvjh0_sx296 /nfs-share/xinchi/kaldi/egs/timit/s5_la3/fbank/raw_fbank_train.4.ark:10280210
mvjh0_sx386 /nfs-share/xinchi/kaldi/egs/timit/s5_la3/fbank/raw_fbank_train.4.ark:10289923
mprb0_si575 /nfs-share/xinchi/kaldi/egs/timit/s5_la3/fbank/raw_fbank_train.4.ark:80051
makb0_si1016 /nfs-share/xinchi/kaldi/egs/timit/s5_la3/fbank/raw_fbank_train.2.ark:2692862
mhjb0_si1017 /nfs-share/xinchi/kaldi/egs/timit/s5_la3/fbank/raw_fbank_train.3.ark:1105444
mgsh0_sx6 /nfs-share/xinchi/kaldi/egs/timit/s5_la3/fbank/raw_fbank_train.3.ark:673882
mjpg0_sx21 /nfs-share/xinchi/kaldi/egs/timit/s5_la3/fbank/raw_fbank_train.3.ark:4203145
fssb0_sx92 /nfs-share/xinchi/kaldi/egs/timit/s5_la3/fbank/raw_fbank_train.2.ark:1249132
fjrp1_sx442 /nfs-share/xinchi/kaldi/egs/timit/s5_la3/fbank/raw_fbank_train.1.ark:5648933
mrab1_si848 /nfs-share/xinchi/kaldi/egs/timit/s5_la3/fbank/raw_fbank_train.4.ark:687480
fhxs0_sx265 /nfs-share/xinchi/kaldi/egs/timit/s5_la3/fbank/raw_fbank_train.1.ark:4794663
mbjv0_si617 /nfs-share/xinchi/kaldi/egs/timit/s5_la3/fbank/raw_fbank_train.2.ark:3666620
mjpm1_sx311 /nfs-share/xinchi/kaldi/egs/timit/s5_la3/fbank/raw_fbank_train.3.ark:4383876
ftbr0_sx291 /nfs-share/xinchi/kaldi/egs/timit/s5_la3/fbank/raw_fbank_train.2.ark:1417548
mtat0_sx30 /nfs-share/xinchi/kaldi/egs/timit/s5_la3/fbank/raw_fbank_train.4.ark:7423796
mesg0_si702 /nfs-share/xinchi/kaldi/egs/timit/s5_la3/fbank/raw_fbank_train.2.ark:10145225
fdkn0_sx451 /nfs-share/xinchi/kaldi/egs/timit/s5_la3/fbank/raw_fbank_train.1.ark:2869233
mprb0_sx395 /nfs-share/xinchi/kaldi/egs/timit/s5_la3/fbank/raw_fbank_train.4.ark:152335
ftbw0_sx265 /nfs-share/xinchi/kaldi/egs/timit/s5_la3/fbank/raw_fbank_train.2.ark:1494108
mhmg0_si1365 /nfs-share/xinchi/kaldi/egs/timit/s5_la3/fbank/raw_fbank_train.3.ark:1184870
mjjj0_sx173 /nfs-share/xinchi/kaldi/egs/timit/s5_la3/fbank/raw_fbank_train.3.ark:3320733
fcjs0_sx167 /nfs-share/xinchi/kaldi/egs/timit/s5_la3/fbank/raw_fbank_train.1.ark:1748055
mhrm0_si1475 /nfs-share/xinchi/kaldi/egs/timit/s5_la3/fbank/raw_fbank_train.3.ark:1378280
mtxs0_si2320 /nfs-share/xinchi/kaldi/egs/timit/s5_la3/fbank/raw_fbank_train.4.ark:10115494
msat1_si2333 /nfs-share/xinchi/kaldi/egs/timit/s5_la3/fbank/raw_fbank_train.4.ark:5520288
fsls0_si1686 /nfs-share/xinchi/kaldi/egs/timit/s5_la3/fbank/raw_fbank_train.2.ark:551303
mtmt0_sx398 /nfs-share/xinchi/kaldi/egs/timit/s5_la3/fbank/raw_fbank_train.4.ark:9192728
mrtj0_si2032 /nfs-share/xinchi/kaldi/egs/timit/s5_la3/fbank/raw_fbank_train.4.ark:4743133
mjrh1_si1774 /nfs-share/xinchi/kaldi/egs/timit/s5_la3/fbank/raw_fbank_train.3.ark:4747685
fdnc0_si2287 /nfs-share/xinchi/kaldi/egs/timit/s5_la3/fbank/raw_fbank_train.1.ark:3162457
mlsh0_sx67 /nfs-share/xinchi/kaldi/egs/timit/s5_la3/fbank/raw_fbank_train.3.ark:7850872
mmwb0_sx269 /nfs-share/xinchi/kaldi/egs/timit/s5_la3/fbank/raw_fbank_train.3.ark:10207896
mkls0_sx447 /nfs-share/xinchi/kaldi/egs/timit/s5_la3/fbank/raw_fbank_train.3.ark:6823589
fvkb0_si1789 /nfs-share/xinchi/kaldi/egs/timit/s5_la3/fbank/raw_fbank_train.2.ark:1835469
mgxp0_si457 /nfs-share/xinchi/kaldi/egs/timit/s5_la3/fbank/raw_fbank_train.3.ark:827245
ftbw0_sx445 /nfs-share/xinchi/kaldi/egs/timit/s5_la3/fbank/raw_fbank_train.2.ark:1515854
fdtd0_si931 /nfs-share/xinchi/kaldi/egs/timit/s5_la3/fbank/raw_fbank_train.1.ark:3261722
fsjs0_sx451 /nfs-share/xinchi/kaldi/egs/timit/s5_la3/fbank/raw_fbank_train.2.ark:121743
mjxa0_si2137 /nfs-share/xinchi/kaldi/egs/timit/s5_la3/fbank/raw_fbank_train.3.ark:5479179
msrg0_si591 /nfs-share/xinchi/kaldi/egs/timit/s5_la3/fbank/raw_fbank_train.4.ark:6758750
mdpb0_sx146 /nfs-share/xinchi/kaldi/egs/timit/s5_la3/fbank/raw_fbank_train.2.ark:8549875
mses0_sx239 /nfs-share/xinchi/kaldi/egs/timit/s5_la3/fbank/raw_fbank_train.4.ark:6058322
mcss0_sx120 /nfs-share/xinchi/kaldi/egs/timit/s5_la3/fbank/raw_fbank_train.2.ark:5657790
mrgm0_si532 /nfs-share/xinchi/kaldi/egs/timit/s5_la3/fbank/raw_fbank_train.4.ark:2278204
fbas0_sx217 /nfs-share/xinchi/kaldi/egs/timit/s5_la3/fbank/raw_fbank_train.1.ark:593028
fbch0_sx236 /nfs-share/xinchi/kaldi/egs/timit/s5_la3/fbank/raw_fbank_train.1.ark:789957
mrwa0_sx73 /nfs-share/xinchi/kaldi/egs/timit/s5_la3/fbank/raw_fbank_train.4.ark:5026220
mljc0_si595 /nfs-share/xinchi/kaldi/egs/timit/s5_la3/fbank/raw_fbank_train.3.ark:7471993
mrgm0_sx416 /nfs-share/xinchi/kaldi/egs/timit/s5_la3/fbank/raw_fbank_train.4.ark:2326423
mwsb0_sx276 /nfs-share/xinchi/kaldi/egs/timit/s5_la3/fbank/raw_fbank_train.4.ark:11400089
fsrh0_si1719 /nfs-share/xinchi/kaldi/egs/timit/s5_la3/fbank/raw_fbank_train.2.ark:1059315
mdps0_sx269 /nfs-share/xinchi/kaldi/egs/timit/s5_la3/fbank/raw_fbank_train.2.ark:8738078
mrem0_si961 /nfs-share/xinchi/kaldi/egs/timit/s5_la3/fbank/raw_fbank_train.4.ark:1888743
mdrd0_sx122 /nfs-share/xinchi/kaldi/egs/timit/s5_la3/fbank/raw_fbank_train.2.ark:8828470
fscn0_si705 /nfs-share/xinchi/kaldi/egs/timit/s5_la3/fbank/raw_fbank_train.1.ark:11333241
mgar0_si1694 /nfs-share/xinchi/kaldi/egs/timit/s5_la3/fbank/raw_fbank_train.3.ark:15167
mfmc0_sx142 /nfs-share/xinchi/kaldi/egs/timit/s5_la3/fbank/raw_fbank_train.2.ark:10518316
mjmm0_si625 /nfs-share/xinchi/kaldi/egs/timit/s5_la3/fbank/raw_fbank_train.3.ark:4077662
mvlo0_si517 /nfs-share/xinchi/kaldi/egs/timit/s5_la3/fbank/raw_fbank_train.4.ark:10320984
mbma1_si954 /nfs-share/xinchi/kaldi/egs/timit/s5_la3/fbank/raw_fbank_train.2.ark:3851430
mwre0_si1687 /nfs-share/xinchi/kaldi/egs/timit/s5_la3/fbank/raw_fbank_train.4.ark:11172100
mjdm0_sx440 /nfs-share/xinchi/kaldi/egs/timit/s5_la3/fbank/raw_fbank_train.3.ark:2557112
mcef0_si842 /nfs-share/xinchi/kaldi/egs/timit/s5_la3/fbank/raw_fbank_train.2.ark:4935662
mdlc2_sx444 /nfs-share/xinchi/kaldi/egs/timit/s5_la3/fbank/raw_fbank_train.2.ark:7768734
fblv0_sx248 /nfs-share/xinchi/kaldi/egs/timit/s5_la3/fbank/raw_fbank_train.1.ark:999568
mjpm1_sx221 /nfs-share/xinchi/kaldi/egs/timit/s5_la3/fbank/raw_fbank_train.3.ark:4371363
fmjb0_si547 /nfs-share/xinchi/kaldi/egs/timit/s5_la3/fbank/raw_fbank_train.1.ark:8862808
mrgs0_si726 /nfs-share/xinchi/kaldi/egs/timit/s5_la3/fbank/raw_fbank_train.4.ark:2396469
mrml0_sx431 /nfs-share/xinchi/kaldi/egs/timit/s5_la3/fbank/raw_fbank_train.4.ark:4076161
mrmh0_sx121 /nfs-share/xinchi/kaldi/egs/timit/s5_la3/fbank/raw_fbank_train.4.ark:3929077
fsak0_sx220 /nfs-share/xinchi/kaldi/egs/timit/s5_la3/fbank/raw_fbank_train.1.ark:11149057
