mtrc0_sx363 /nfs-share/xinchi/kaldi/egs/timit/s5_la3/fbank/raw_fbank_train.4.ark:9792805
mjma0_sx235 /nfs-share/xinchi/kaldi/egs/timit/s5_la3/fbank/raw_fbank_train.3.ark:3926477
mtlb0_si1134 /nfs-share/xinchi/kaldi/egs/timit/s5_la3/fbank/raw_fbank_train.4.ark:8704156
mdlc2_si2244 /nfs-share/xinchi/kaldi/egs/timit/s5_la3/fbank/raw_fbank_train.2.ark:7712169
mtlb0_sx144 /nfs-share/xinchi/kaldi/egs/timit/s5_la3/fbank/raw_fbank_train.4.ark:8740096
mmvp0_si654 /nfs-share/xinchi/kaldi/egs/timit/s5_la3/fbank/raw_fbank_train.3.ark:10046084
mljc0_sx235 /nfs-share/xinchi/kaldi/egs/timit/s5_la3/fbank/raw_fbank_train.3.ark:7495619
msms0_si803 /nfs-share/xinchi/kaldi/egs/timit/s5_la3/fbank/raw_fbank_train.4.ark:6665125
mtbc0_si1173 /nfs-share/xinchi/kaldi/egs/timit/s5_la3/fbank/raw_fbank_train.4.ark:7565721
mdhl0_si809 /nfs-share/xinchi/kaldi/egs/timit/s5_la3/fbank/raw_fbank_train.2.ark:7023625
mdbp0_si1788 /nfs-share/xinchi/kaldi/egs/timit/s5_la3/fbank/raw_fbank_train.2.ark:6296857
mtlb0_si504 /nfs-share/xinchi/kaldi/egs/timit/s5_la3/fbank/raw_fbank_train.4.ark:8729743
mdns0_sx381 /nfs-share/xinchi/kaldi/egs/timit/s5_la3/fbank/raw_fbank_train.2.ark:8490701
mmjb1_sx418 /nfs-share/xinchi/kaldi/egs/timit/s5_la3/fbank/raw_fbank_train.3.ark:9600251
fcdr1_sx196 /nfs-share/xinchi/kaldi/egs/timit/s5_la3/fbank/raw_fbank_train.1.ark:1519805
fgdp0_si988 /nfs-share/xinchi/kaldi/egs/timit/s5_la3/fbank/raw_fbank_train.1.ark:4290734
mrab1_sx398 /nfs-share/xinchi/kaldi/egs/timit/s5_la3/fbank/raw_fbank_train.4.ark:752604
fgdp0_sx88 /nfs-share/xinchi/kaldi/egs/timit/s5_la3/fbank/raw_fbank_train.1.ark:4365218
mdwd0_sx270 /nfs-share/xinchi/kaldi/egs/timit/s5_la3/fbank/raw_fbank_train.2.ark:9300709
msfv0_sx272 /nfs-share/xinchi/kaldi/egs/timit/s5_la3/fbank/raw_fbank_train.4.ark:6277012
mdrd0_si752 /nfs-share/xinchi/kaldi/egs/timit/s5_la3/fbank/raw_fbank_train.2.ark:8805877
fear0_sx352 /nfs-share/xinchi/kaldi/egs/timit/s5_la3/fbank/raw_fbank_train.1.ark:3588537
mrcg0_sx258 /nfs-share/xinchi/kaldi/egs/timit/s5_la3/fbank/raw_fbank_train.4.ark:1211433
fjlg0_sx449 /nfs-share/xinchi/kaldi/egs/timit/s5_la3/fbank/raw_fbank_train.1.ark:5324898
mfxv0_sx105 /nfs-share/xinchi/kaldi/egs/timit/s5_la3/fbank/raw_fbank_train.2.ark:10913619
fsak0_sx400 /nfs-share/xinchi/kaldi/egs/timit/s5_la3/fbank/raw_fbank_train.1.ark:11188355
fsjk1_sx215 /nfs-share/xinchi/kaldi/egs/timit/s5_la3/fbank/raw_fbank_train.2.ark:12
mrmb0_sx231 /nfs-share/xinchi/kaldi/egs/timit/s5_la3/fbank/raw_fbank_train.4.ark:3744258
mjee0_si607 /nfs-share/xinchi/kaldi/egs/timit/s5_la3/fbank/raw_fbank_train.3.ark:2811095
mdlb0_si676 /nfs-share/xinchi/kaldi/egs/timit/s5_la3/fbank/raw_fbank_train.2.ark:7420246
mrlk0_si2140 /nfs-share/xinchi/kaldi/egs/timit/s5_la3/fbank/raw_fbank_train.4.ark:3520149
ftlg0_sx33 /nfs-share/xinchi/kaldi/egs/timit/s5_la3/fbank/raw_fbank_train.2.ark:1619997
msrr0_si501 /nfs-share/xinchi/kaldi/egs/timit/s5_la3/fbank/raw_fbank_train.4.ark:6856575
ftmg0_sx182 /nfs-share/xinchi/kaldi/egs/timit/s5_la3/fbank/raw_fbank_train.2.ark:1678604
fjxp0_sx132 /nfs-share/xinchi/kaldi/egs/timit/s5_la3/fbank/raw_fbank_train.1.ark:6118439
mdss1_si1713 /nfs-share/xinchi/kaldi/egs/timit/s5_la3/fbank/raw_fbank_train.2.ark:9091199
msvs0_sx128 /nfs-share/xinchi/kaldi/egs/timit/s5_la3/fbank/raw_fbank_train.4.ark:7086216
mprt0_sx220 /nfs-share/xinchi/kaldi/egs/timit/s5_la3/fbank/raw_fbank_train.4.ark:440511
fscn0_si626 /nfs-share/xinchi/kaldi/egs/timit/s5_la3/fbank/raw_fbank_train.1.ark:11320768
mmsm0_sx116 /nfs-share/xinchi/kaldi/egs/timit/s5_la3/fbank/raw_fbank_train.3.ark:9965492
mtrr0_si2178 /nfs-share/xinchi/kaldi/egs/timit/s5_la3/fbank/raw_fbank_train.4.ark:9820585
mkag0_si2239 /nfs-share/xinchi/kaldi/egs/timit/s5_la3/fbank/raw_fbank_train.3.ark:5676229
fssb0_sx362 /nfs-share/xinchi/kaldi/egs/timit/s5_la3/fbank/raw_fbank_train.2.ark:1215667
mbar0_si1949 /nfs-share/xinchi/kaldi/egs/timit/s5_la3/fbank/raw_fbank_train.2.ark:3191702
mmcc0_si1968 /nfs-share/xinchi/kaldi/egs/timit/s5_la3/fbank/raw_fbank_train.3.ark:8527731
mdac0_sx451 /nfs-share/xinchi/kaldi/egs/timit/s5_la3/fbank/raw_fbank_train.2.ark:6081789
mdss0_sx81 /nfs-share/xinchi/kaldi/egs/timit/s5_la3/fbank/raw_fbank_train.2.ark:9068131
fbas0_si1387 /nfs-share/xinchi/kaldi/egs/timit/s5_la3/fbank/raw_fbank_train.1.ark:527214
mjjb0_si1769 /nfs-share/xinchi/kaldi/egs/timit/s5_la3/fbank/raw_fbank_train.3.ark:3196875
fgmb0_sx425 /nfs-share/xinchi/kaldi/egs/timit/s5_la3/fbank/raw_fbank_train.1.ark:4477811
fdfb0_sx238 /nfs-share/xinchi/kaldi/egs/timit/s5_la3/fbank/raw_fbank_train.1.ark:2648116
fjdm2_sx322 /nfs-share/xinchi/kaldi/egs/timit/s5_la3/fbank/raw_fbank_train.1.ark:4908882
mgak0_sx46 /nfs-share/xinchi/kaldi/egs/timit/s5_la3/fbank/raw_fbank_train.2.ark:11244145
medr0_sx204 /nfs-share/xinchi/kaldi/egs/timit/s5_la3/fbank/raw_fbank_train.2.ark:9689970
mdbp0_sx438 /nfs-share/xinchi/kaldi/egs/timit/s5_la3/fbank/raw_fbank_train.2.ark:6368262
fmjf0_sx264 /nfs-share/xinchi/kaldi/egs/timit/s5_la3/fbank/raw_fbank_train.1.ark:8983017
mdwd0_sx360 /nfs-share/xinchi/kaldi/egs/timit/s5_la3/fbank/raw_fbank_train.2.ark:9309902
mdtb0_sx120 /nfs-share/xinchi/kaldi/egs/timit/s5_la3/fbank/raw_fbank_train.2.ark:9197370
mfrm0_sx435 /nfs-share/xinchi/kaldi/egs/timit/s5_la3/fbank/raw_fbank_train.2.ark:10654961
mjfr0_si2235 /nfs-share/xinchi/kaldi/egs/timit/s5_la3/fbank/raw_fbank_train.3.ark:2977472
fpmy0_sx253 /nfs-share/xinchi/kaldi/egs/timit/s5_la3/fbank/raw_fbank_train.1.ark:10563420
mdrd0_sx32 /nfs-share/xinchi/kaldi/egs/timit/s5_la3/fbank/raw_fbank_train.2.ark:8870608
mkxl0_sx285 /nfs-share/xinchi/kaldi/egs/timit/s5_la3/fbank/raw_fbank_train.3.ark:7211129
fpab1_sx391 /nfs-share/xinchi/kaldi/egs/timit/s5_la3/fbank/raw_fbank_train.1.ark:9867511
mrjb1_si2021 /nfs-share/xinchi/kaldi/egs/timit/s5_la3/fbank/raw_fbank_train.4.ark:2608238
fdmy0_sx27 /nfs-share/xinchi/kaldi/egs/timit/s5_la3/fbank/raw_fbank_train.1.ark:3080089
mmrp0_sx144 /nfs-share/xinchi/kaldi/egs/timit/s5_la3/fbank/raw_fbank_train.3.ark:9843867
mtjs0_si562 /nfs-share/xinchi/kaldi/egs/timit/s5_la3/fbank/raw_fbank_train.4.ark:8314123
mjac0_sx341 /nfs-share/xinchi/kaldi/egs/timit/s5_la3/fbank/raw_fbank_train.3.ark:1727637
mjkr0_sx121 /nfs-share/xinchi/kaldi/egs/timit/s5_la3/fbank/raw_fbank_train.3.ark:3529183
mtjg0_sx170 /nfs-share/xinchi/kaldi/egs/timit/s5_la3/fbank/raw_fbank_train.4.ark:8113946
mjeb1_sx387 /nfs-share/xinchi/kaldi/egs/timit/s5_la3/fbank/raw_fbank_train.3.ark:2771554
fceg0_si1248 /nfs-share/xinchi/kaldi/egs/timit/s5_la3/fbank/raw_fbank_train.1.ark:1560465
mdas0_sx96 /nfs-share/xinchi/kaldi/egs/timit/s5_la3/fbank/raw_fbank_train.2.ark:6186683
mfxs0_sx54 /nfs-share/xinchi/kaldi/egs/timit/s5_la3/fbank/raw_fbank_train.2.ark:10856644
mrmb0_si1581 /nfs-share/xinchi/kaldi/egs/timit/s5_la3/fbank/raw_fbank_train.4.ark:3693765
mrmb0_sx51 /nfs-share/xinchi/kaldi/egs/timit/s5_la3/fbank/raw_fbank_train.4.ark:3777156
mtqc0_sx181 /nfs-share/xinchi/kaldi/egs/timit/s5_la3/fbank/raw_fbank_train.4.ark:9643202
fecd0_sx428 /nfs-share/xinchi/kaldi/egs/timit/s5_la3/fbank/raw_fbank_train.1.ark:3724555
flet0_sx57 /nfs-share/xinchi/kaldi/egs/timit/s5_la3/fbank/raw_fbank_train.1.ark:7505658
mewm0_sx268 /nfs-share/xinchi/kaldi/egs/timit/s5_la3/fbank/raw_fbank_train.2.ark:10353099
mmjb1_si778 /nfs-share/xinchi/kaldi/egs/timit/s5_la3/fbank/raw_fbank_train.3.ark:9551359
mrfl0_sx256 /nfs-share/xinchi/kaldi/egs/timit/s5_la3/fbank/raw_fbank_train.4.ark:2200205
mdma0_si2060 /nfs-share/xinchi/kaldi/egs/timit/s5_la3/fbank/raw_fbank_train.2.ark:8216367
fsmm0_si684 /nfs-share/xinchi/kaldi/egs/timit/s5_la3/fbank/raw_fbank_train.2.ark:766867
mntw0_si2328 /nfs-share/xinchi/kaldi/egs/timit/s5_la3/fbank/raw_fbank_train.3.ark:10669352
mefg0_si491 /nfs-share/xinchi/kaldi/egs/timit/s5_la3/fbank/raw_fbank_train.2.ark:9736414
mhxl0_sx422 /nfs-share/xinchi/kaldi/egs/timit/s5_la3/fbank/raw_fbank_train.3.ark:1546903
mhbs0_sx405 /nfs-share/xinchi/kaldi/egs/timit/s5_la3/fbank/raw_fbank_train.3.ark:986353
mkdd0_sx307 /nfs-share/xinchi/kaldi/egs/timit/s5_la3/fbank/raw_fbank_train.3.ark:6223285
mrre0_si704 /nfs-share/xinchi/kaldi/egs/timit/s5_la3/fbank/raw_fbank_train.4.ark:4298992
fecd0_sx158 /nfs-share/xinchi/kaldi/egs/timit/s5_la3/fbank/raw_fbank_train.1.ark:3687976
mklr0_sx429 /nfs-share/xinchi/kaldi/egs/timit/s5_la3/fbank/raw_fbank_train.3.ark:6715723
fbjl0_sx22 /nfs-share/xinchi/kaldi/egs/timit/s5_la3/fbank/raw_fbank_train.1.ark:901294
mrgm0_si1792 /nfs-share/xinchi/kaldi/egs/timit/s5_la3/fbank/raw_fbank_train.4.ark:2263091
fcaj0_sx309 /nfs-share/xinchi/kaldi/egs/timit/s5_la3/fbank/raw_fbank_train.1.ark:1399221
fspm0_sx341 /nfs-share/xinchi/kaldi/egs/timit/s5_la3/fbank/raw_fbank_train.2.ark:1026096
mkln0_sx428 /nfs-share/xinchi/kaldi/egs/timit/s5_la3/fbank/raw_fbank_train.3.ark:6625697
mjmm0_sx445 /nfs-share/xinchi/kaldi/egs/timit/s5_la3/fbank/raw_fbank_train.3.ark:4125514
mtml0_sx75 /nfs-share/xinchi/kaldi/egs/timit/s5_la3/fbank/raw_fbank_train.4.ark:8988198
mmcc0_sx348 /nfs-share/xinchi/kaldi/egs/timit/s5_la3/fbank/raw_fbank_train.3.ark:8568703
mmws1_sx27 /nfs-share/xinchi/kaldi/egs/timit/s5_la3/fbank/raw_fbank_train.3.ark:10407225
mkes0_si623 /nfs-share/xinchi/kaldi/egs/timit/s5_la3/fbank/raw_fbank_train.3.ark:6386595
fecd0_si788 /nfs-share/xinchi/kaldi/egs/timit/s5_la3/fbank/raw_fbank_train.1.ark:3667063
mjda0_sx311 /nfs-share/xinchi/kaldi/egs/timit/s5_la3/fbank/raw_fbank_train.3.ark:2114419
mlel0_si1246 /nfs-share/xinchi/kaldi/egs/timit/s5_la3/fbank/raw_fbank_train.3.ark:7328621
mdlc0_sx405 /nfs-share/xinchi/kaldi/egs/timit/s5_la3/fbank/raw_fbank_train.2.ark:7584803
mjlb0_sx446 /nfs-share/xinchi/kaldi/egs/timit/s5_la3/fbank/raw_fbank_train.3.ark:3658907
fpls0_sx330 /nfs-share/xinchi/kaldi/egs/timit/s5_la3/fbank/raw_fbank_train.1.ark:10462588
fvmh0_si2096 /nfs-share/xinchi/kaldi/egs/timit/s5_la3/fbank/raw_fbank_train.2.ark:1944494
fcaj0_sx219 /nfs-share/xinchi/kaldi/egs/timit/s5_la3/fbank/raw_fbank_train.1.ark:1386028
mgjc0_sx165 /nfs-share/xinchi/kaldi/egs/timit/s5_la3/fbank/raw_fbank_train.3.ark:315070
mfxs0_si2225 /nfs-share/xinchi/kaldi/egs/timit/s5_la3/fbank/raw_fbank_train.2.ark:10785646
mmea0_si1388 /nfs-share/xinchi/kaldi/egs/timit/s5_la3/fbank/raw_fbank_train.3.ark:9082167
mgsh0_sx6 /nfs-share/xinchi/kaldi/egs/timit/s5_la3/fbank/raw_fbank_train.3.ark:673882
fdnc0_sx198 /nfs-share/xinchi/kaldi/egs/timit/s5_la3/fbank/raw_fbank_train.1.ark:3195355
mrwa0_sx163 /nfs-share/xinchi/kaldi/egs/timit/s5_la3/fbank/raw_fbank_train.4.ark:4976929
mtxs0_si2320 /nfs-share/xinchi/kaldi/egs/timit/s5_la3/fbank/raw_fbank_train.4.ark:10115494
mgak0_sx226 /nfs-share/xinchi/kaldi/egs/timit/s5_la3/fbank/raw_fbank_train.2.ark:11202487
frll0_si1514 /nfs-share/xinchi/kaldi/egs/timit/s5_la3/fbank/raw_fbank_train.1.ark:10781290
fcjf0_sx307 /nfs-share/xinchi/kaldi/egs/timit/s5_la3/fbank/raw_fbank_train.1.ark:1696696
fpmy0_sx73 /nfs-share/xinchi/kaldi/egs/timit/s5_la3/fbank/raw_fbank_train.1.ark:10589165
ftlg0_sx213 /nfs-share/xinchi/kaldi/egs/timit/s5_la3/fbank/raw_fbank_train.2.ark:1598852
mpfu0_sx358 /nfs-share/xinchi/kaldi/egs/timit/s5_la3/fbank/raw_fbank_train.3.ark:10973286
medr0_sx24 /nfs-share/xinchi/kaldi/egs/timit/s5_la3/fbank/raw_fbank_train.2.ark:9699282
mmsm0_sx296 /nfs-share/xinchi/kaldi/egs/timit/s5_la3/fbank/raw_fbank_train.3.ark:10000110
fpac0_sx121 /nfs-share/xinchi/kaldi/egs/timit/s5_la3/fbank/raw_fbank_train.1.ark:9925645
fmem0_si1377 /nfs-share/xinchi/kaldi/egs/timit/s5_la3/fbank/raw_fbank_train.1.ark:8717275
maeo0_sx66 /nfs-share/xinchi/kaldi/egs/timit/s5_la3/fbank/raw_fbank_train.2.ark:2490137
mreh1_sx429 /nfs-share/xinchi/kaldi/egs/timit/s5_la3/fbank/raw_fbank_train.4.ark:1831531
mjkr0_sx211 /nfs-share/xinchi/kaldi/egs/timit/s5_la3/fbank/raw_fbank_train.3.ark:3542776
mter0_sx77 /nfs-share/xinchi/kaldi/egs/timit/s5_la3/fbank/raw_fbank_train.4.ark:8073252
mmaa0_sx215 /nfs-share/xinchi/kaldi/egs/timit/s5_la3/fbank/raw_fbank_train.3.ark:7924039
mjhi0_sx158 /nfs-share/xinchi/kaldi/egs/timit/s5_la3/fbank/raw_fbank_train.3.ark:3115642
mdhs0_sx450 /nfs-share/xinchi/kaldi/egs/timit/s5_la3/fbank/raw_fbank_train.2.ark:7166542
fsak0_sx130 /nfs-share/xinchi/kaldi/egs/timit/s5_la3/fbank/raw_fbank_train.1.ark:11140744
fssb0_si1712 /nfs-share/xinchi/kaldi/egs/timit/s5_la3/fbank/raw_fbank_train.2.ark:1170054
mwad0_sx162 /nfs-share/xinchi/kaldi/egs/timit/s5_la3/fbank/raw_fbank_train.4.ark:10629453
mrlj0_si790 /nfs-share/xinchi/kaldi/egs/timit/s5_la3/fbank/raw_fbank_train.4.ark:3345411
mkrg0_si1491 /nfs-share/xinchi/kaldi/egs/timit/s5_la3/fbank/raw_fbank_train.3.ark:7044106
mtjs0_si1822 /nfs-share/xinchi/kaldi/egs/timit/s5_la3/fbank/raw_fbank_train.4.ark:8290610
mabc0_si1620 /nfs-share/xinchi/kaldi/egs/timit/s5_la3/fbank/raw_fbank_train.2.ark:2020165
mcpm0_sx24 /nfs-share/xinchi/kaldi/egs/timit/s5_la3/fbank/raw_fbank_train.2.ark:5486446
mmds0_si1343 /nfs-share/xinchi/kaldi/egs/timit/s5_la3/fbank/raw_fbank_train.3.ark:9002662
mrhl0_sx435 /nfs-share/xinchi/kaldi/egs/timit/s5_la3/fbank/raw_fbank_train.4.ark:2549184
feme0_sx335 /nfs-share/xinchi/kaldi/egs/timit/s5_la3/fbank/raw_fbank_train.1.ark:3920852
mjlb0_sx266 /nfs-share/xinchi/kaldi/egs/timit/s5_la3/fbank/raw_fbank_train.3.ark:3637881
mrjm0_si1858 /nfs-share/xinchi/kaldi/egs/timit/s5_la3/fbank/raw_fbank_train.4.ark:2827928
mmar0_sx436 /nfs-share/xinchi/kaldi/egs/timit/s5_la3/fbank/raw_fbank_train.3.ark:8373166
mclm0_sx16 /nfs-share/xinchi/kaldi/egs/timit/s5_la3/fbank/raw_fbank_train.2.ark:5382588
fpls0_si1590 /nfs-share/xinchi/kaldi/egs/timit/s5_la3/fbank/raw_fbank_train.1.ark:10394991
mwar0_sx145 /nfs-share/xinchi/kaldi/egs/timit/s5_la3/fbank/raw_fbank_train.4.ark:10717679
mkag0_sx169 /nfs-share/xinchi/kaldi/egs/timit/s5_la3/fbank/raw_fbank_train.3.ark:5705335
mjae0_si1999 /nfs-share/xinchi/kaldi/egs/timit/s5_la3/fbank/raw_fbank_train.3.ark:1778010
mmdm1_sx423 /nfs-share/xinchi/kaldi/egs/timit/s5_la3/fbank/raw_fbank_train.3.ark:8976036
mmgg0_si1709 /nfs-share/xinchi/kaldi/egs/timit/s5_la3/fbank/raw_fbank_train.3.ark:9368315
mpgr0_sx60 /nfs-share/xinchi/kaldi/egs/timit/s5_la3/fbank/raw_fbank_train.3.ark:11177440
ftlg0_sx303 /nfs-share/xinchi/kaldi/egs/timit/s5_la3/fbank/raw_fbank_train.2.ark:1610605
mlbc0_sx339 /nfs-share/xinchi/kaldi/egs/timit/s5_la3/fbank/raw_fbank_train.3.ark:7295282
mdhs0_si900 /nfs-share/xinchi/kaldi/egs/timit/s5_la3/fbank/raw_fbank_train.2.ark:7118210
fmmh0_si1537 /nfs-share/xinchi/kaldi/egs/timit/s5_la3/fbank/raw_fbank_train.1.ark:9345143
fsms1_sx154 /nfs-share/xinchi/kaldi/egs/timit/s5_la3/fbank/raw_fbank_train.2.ark:888925
mjwt0_sx211 /nfs-share/xinchi/kaldi/egs/timit/s5_la3/fbank/raw_fbank_train.3.ark:5416453
mtpf0_sx425 /nfs-share/xinchi/kaldi/egs/timit/s5_la3/fbank/raw_fbank_train.4.ark:9283321
fjkl0_si932 /nfs-share/xinchi/kaldi/egs/timit/s5_la3/fbank/raw_fbank_train.1.ark:5171300
fsdc0_si1942 /nfs-share/xinchi/kaldi/egs/timit/s5_la3/fbank/raw_fbank_train.1.ark:11444833
mcdc0_sx302 /nfs-share/xinchi/kaldi/egs/timit/s5_la3/fbank/raw_fbank_train.2.ark:4678806
mfwk0_si1879 /nfs-share/xinchi/kaldi/egs/timit/s5_la3/fbank/raw_fbank_train.2.ark:10689421
mtrr0_si918 /nfs-share/xinchi/kaldi/egs/timit/s5_la3/fbank/raw_fbank_train.4.ark:9831698
fskp0_sx288 /nfs-share/xinchi/kaldi/egs/timit/s5_la3/fbank/raw_fbank_train.2.ark:515562
mbma1_si2214 /nfs-share/xinchi/kaldi/egs/timit/s5_la3/fbank/raw_fbank_train.2.ark:3838877
mdac0_si1837 /nfs-share/xinchi/kaldi/egs/timit/s5_la3/fbank/raw_fbank_train.2.ark:6015024
fdfb0_si1318 /nfs-share/xinchi/kaldi/egs/timit/s5_la3/fbank/raw_fbank_train.1.ark:2607582
fkfb0_sx258 /nfs-share/xinchi/kaldi/egs/timit/s5_la3/fbank/raw_fbank_train.1.ark:6543813
mwac0_si1601 /nfs-share/xinchi/kaldi/egs/timit/s5_la3/fbank/raw_fbank_train.4.ark:10480687
mbar0_sx59 /nfs-share/xinchi/kaldi/egs/timit/s5_la3/fbank/raw_fbank_train.2.ark:3265099
mbbr0_sx335 /nfs-share/xinchi/kaldi/egs/timit/s5_la3/fbank/raw_fbank_train.2.ark:3331620
msdb0_sx107 /nfs-share/xinchi/kaldi/egs/timit/s5_la3/fbank/raw_fbank_train.4.ark:5622867
fskp0_si1728 /nfs-share/xinchi/kaldi/egs/timit/s5_la3/fbank/raw_fbank_train.2.ark:464118
mwac0_si971 /nfs-share/xinchi/kaldi/egs/timit/s5_la3/fbank/raw_fbank_train.4.ark:10513034
fkdw0_si1891 /nfs-share/xinchi/kaldi/egs/timit/s5_la3/fbank/raw_fbank_train.1.ark:6413569
mtwh1_si2142 /nfs-share/xinchi/kaldi/egs/timit/s5_la3/fbank/raw_fbank_train.4.ark:10017795
fkkh0_sx120 /nfs-share/xinchi/kaldi/egs/timit/s5_la3/fbank/raw_fbank_train.1.ark:6659245
fcrz0_sx253 /nfs-share/xinchi/kaldi/egs/timit/s5_la3/fbank/raw_fbank_train.1.ark:2250894
mdlm0_sx64 /nfs-share/xinchi/kaldi/egs/timit/s5_la3/fbank/raw_fbank_train.2.ark:7974455
fbmh0_si1136 /nfs-share/xinchi/kaldi/egs/timit/s5_la3/fbank/raw_fbank_train.1.ark:1048380
fsma0_sx451 /nfs-share/xinchi/kaldi/egs/timit/s5_la3/fbank/raw_fbank_train.2.ark:714214
fsdc0_sx412 /nfs-share/xinchi/kaldi/egs/timit/s5_la3/fbank/raw_fbank_train.1.ark:11497159
mdlm0_sx424 /nfs-share/xinchi/kaldi/egs/timit/s5_la3/fbank/raw_fbank_train.2.ark:7962503
mjac0_si1331 /nfs-share/xinchi/kaldi/egs/timit/s5_la3/fbank/raw_fbank_train.3.ark:1664231
fjxp0_sx312 /nfs-share/xinchi/kaldi/egs/timit/s5_la3/fbank/raw_fbank_train.1.ark:6138785
mesg0_si1332 /nfs-share/xinchi/kaldi/egs/timit/s5_la3/fbank/raw_fbank_train.2.ark:10124878
mmrp0_sx414 /nfs-share/xinchi/kaldi/egs/timit/s5_la3/fbank/raw_fbank_train.3.ark:9889766
mdks0_si1696 /nfs-share/xinchi/kaldi/egs/timit/s5_la3/fbank/raw_fbank_train.2.ark:7290587
mwac0_sx431 /nfs-share/xinchi/kaldi/egs/timit/s5_la3/fbank/raw_fbank_train.4.ark:10574126
mcxm0_sx181 /nfs-share/xinchi/kaldi/egs/timit/s5_la3/fbank/raw_fbank_train.2.ark:5942865
fscn0_sx86 /nfs-share/xinchi/kaldi/egs/timit/s5_la3/fbank/raw_fbank_train.1.ark:11416885
mgxp0_si457 /nfs-share/xinchi/kaldi/egs/timit/s5_la3/fbank/raw_fbank_train.3.ark:827245
fpjf0_si1259 /nfs-share/xinchi/kaldi/egs/timit/s5_la3/fbank/raw_fbank_train.1.ark:10309879
fmmh0_sx187 /nfs-share/xinchi/kaldi/egs/timit/s5_la3/fbank/raw_fbank_train.1.ark:9388123
mrlj0_sx70 /nfs-share/xinchi/kaldi/egs/timit/s5_la3/fbank/raw_fbank_train.4.ark:3409655
fsjw0_sx73 /nfs-share/xinchi/kaldi/egs/timit/s5_la3/fbank/raw_fbank_train.2.ark:242760
fntb0_si1203 /nfs-share/xinchi/kaldi/egs/timit/s5_la3/fbank/raw_fbank_train.1.ark:9669336
mtpf0_sx335 /nfs-share/xinchi/kaldi/egs/timit/s5_la3/fbank/raw_fbank_train.4.ark:9267608
mtmt0_sx398 /nfs-share/xinchi/kaldi/egs/timit/s5_la3/fbank/raw_fbank_train.4.ark:9192728
feeh0_si1742 /nfs-share/xinchi/kaldi/egs/timit/s5_la3/fbank/raw_fbank_train.1.ark:3766015
mjdc0_si1161 /nfs-share/xinchi/kaldi/egs/timit/s5_la3/fbank/raw_fbank_train.3.ark:2153998
mded0_sx270 /nfs-share/xinchi/kaldi/egs/timit/s5_la3/fbank/raw_fbank_train.2.ark:6738856
mtju0_sx40 /nfs-share/xinchi/kaldi/egs/timit/s5_la3/fbank/raw_fbank_train.4.ark:8468399
mmdg0_sx250 /nfs-share/xinchi/kaldi/egs/timit/s5_la3/fbank/raw_fbank_train.3.ark:8752360
mcdr0_sx74 /nfs-share/xinchi/kaldi/egs/timit/s5_la3/fbank/raw_fbank_train.2.ark:4902161
mrwa0_sx343 /nfs-share/xinchi/kaldi/egs/timit/s5_la3/fbank/raw_fbank_train.4.ark:4997035
fsjg0_sx40 /nfs-share/xinchi/kaldi/egs/timit/s5_la3/fbank/raw_fbank_train.1.ark:11804833
mrmg0_si2340 /nfs-share/xinchi/kaldi/egs/timit/s5_la3/fbank/raw_fbank_train.4.ark:3811218
fsgf0_sx27 /nfs-share/xinchi/kaldi/egs/timit/s5_la3/fbank/raw_fbank_train.1.ark:11675055
mmcc0_sx78 /nfs-share/xinchi/kaldi/egs/timit/s5_la3/fbank/raw_fbank_train.3.ark:8598448
mhmg0_si1365 /nfs-share/xinchi/kaldi/egs/timit/s5_la3/fbank/raw_fbank_train.3.ark:1184870
mvrw0_si1485 /nfs-share/xinchi/kaldi/egs/timit/s5_la3/fbank/raw_fbank_train.4.ark:10400422
mmcc0_sx438 /nfs-share/xinchi/kaldi/egs/timit/s5_la3/fbank/raw_fbank_train.3.ark:8582536
fdaw0_si2036 /nfs-share/xinchi/kaldi/egs/timit/s5_la3/fbank/raw_fbank_train.1.ark:2532184
fbch0_sx416 /nfs-share/xinchi/kaldi/egs/timit/s5_la3/fbank/raw_fbank_train.1.ark:813303
fklc1_sx148 /nfs-share/xinchi/kaldi/egs/timit/s5_la3/fbank/raw_fbank_train.1.ark:6853176
mkaj0_sx424 /nfs-share/xinchi/kaldi/egs/timit/s5_la3/fbank/raw_fbank_train.3.ark:5931403
mtjg0_si1520 /nfs-share/xinchi/kaldi/egs/timit/s5_la3/fbank/raw_fbank_train.4.ark:8085086
mwsb0_sx96 /nfs-share/xinchi/kaldi/egs/timit/s5_la3/fbank/raw_fbank_train.4.ark:11430545
mjfh0_sx207 /nfs-share/xinchi/kaldi/egs/timit/s5_la3/fbank/raw_fbank_train.3.ark:2930226
fnkl0_si2152 /nfs-share/xinchi/kaldi/egs/timit/s5_la3/fbank/raw_fbank_train.1.ark:9582305
mges0_si1481 /nfs-share/xinchi/kaldi/egs/timit/s5_la3/fbank/raw_fbank_train.3.ark:193384
mdhl0_si1439 /nfs-share/xinchi/kaldi/egs/timit/s5_la3/fbank/raw_fbank_train.2.ark:6999558
mtqc0_si480 /nfs-share/xinchi/kaldi/egs/timit/s5_la3/fbank/raw_fbank_train.4.ark:9633249
mjeb0_si656 /nfs-share/xinchi/kaldi/egs/timit/s5_la3/fbank/raw_fbank_train.3.ark:2607645
msmc0_sx287 /nfs-share/xinchi/kaldi/egs/timit/s5_la3/fbank/raw_fbank_train.4.ark:6514966
msah1_sx239 /nfs-share/xinchi/kaldi/egs/timit/s5_la3/fbank/raw_fbank_train.4.ark:5263158
mrwa0_sx433 /nfs-share/xinchi/kaldi/egs/timit/s5_la3/fbank/raw_fbank_train.4.ark:5011788
fbmj0_sx426 /nfs-share/xinchi/kaldi/egs/timit/s5_la3/fbank/raw_fbank_train.1.ark:1232523
ftbw0_sx445 /nfs-share/xinchi/kaldi/egs/timit/s5_la3/fbank/raw_fbank_train.2.ark:1515854
mesj0_sx187 /nfs-share/xinchi/kaldi/egs/timit/s5_la3/fbank/raw_fbank_train.2.ark:10266763
mmag0_sx316 /nfs-share/xinchi/kaldi/egs/timit/s5_la3/fbank/raw_fbank_train.3.ark:8149962
falk0_sx186 /nfs-share/xinchi/kaldi/egs/timit/s5_la3/fbank/raw_fbank_train.1.ark:252640
megj0_sx437 /nfs-share/xinchi/kaldi/egs/timit/s5_la3/fbank/raw_fbank_train.2.ark:9911882
fbcg1_si2242 /nfs-share/xinchi/kaldi/egs/timit/s5_la3/fbank/raw_fbank_train.1.ark:640234
mdlb0_sx136 /nfs-share/xinchi/kaldi/egs/timit/s5_la3/fbank/raw_fbank_train.2.ark:7428439
mkam0_sx146 /nfs-share/xinchi/kaldi/egs/timit/s5_la3/fbank/raw_fbank_train.3.ark:6000610
mtwh1_sx432 /nfs-share/xinchi/kaldi/egs/timit/s5_la3/fbank/raw_fbank_train.4.ark:10067600
fsdj0_sx35 /nfs-share/xinchi/kaldi/egs/timit/s5_la3/fbank/raw_fbank_train.1.ark:11585983
mjbg0_sx422 /nfs-share/xinchi/kaldi/egs/timit/s5_la3/fbank/raw_fbank_train.3.ark:2040626
mmvp0_sx384 /nfs-share/xinchi/kaldi/egs/timit/s5_la3/fbank/raw_fbank_train.3.ark:10129129
msem1_sx90 /nfs-share/xinchi/kaldi/egs/timit/s5_la3/fbank/raw_fbank_train.4.ark:6000154
mbbr0_sx425 /nfs-share/xinchi/kaldi/egs/timit/s5_la3/fbank/raw_fbank_train.2.ark:3349133
mtrt0_sx417 /nfs-share/xinchi/kaldi/egs/timit/s5_la3/fbank/raw_fbank_train.4.ark:9980815
mjdc0_sx171 /nfs-share/xinchi/kaldi/egs/timit/s5_la3/fbank/raw_fbank_train.3.ark:2194778
fjlr0_sx61 /nfs-share/xinchi/kaldi/egs/timit/s5_la3/fbank/raw_fbank_train.1.ark:5437435
mklr0_si1689 /nfs-share/xinchi/kaldi/egs/timit/s5_la3/fbank/raw_fbank_train.3.ark:6666317
mrpc1_si2112 /nfs-share/xinchi/kaldi/egs/timit/s5_la3/fbank/raw_fbank_train.4.ark:4214361
fcjs0_sx167 /nfs-share/xinchi/kaldi/egs/timit/s5_la3/fbank/raw_fbank_train.1.ark:1748055
mmws1_sx441 /nfs-share/xinchi/kaldi/egs/timit/s5_la3/fbank/raw_fbank_train.3.ark:10426891
mdwd0_sx450 /nfs-share/xinchi/kaldi/egs/timit/s5_la3/fbank/raw_fbank_train.2.ark:9320895
mdpk0_sx243 /nfs-share/xinchi/kaldi/egs/timit/s5_la3/fbank/raw_fbank_train.2.ark:8646093
mdhs0_sx270 /nfs-share/xinchi/kaldi/egs/timit/s5_la3/fbank/raw_fbank_train.2.ark:7146756
flja0_sx178 /nfs-share/xinchi/kaldi/egs/timit/s5_la3/fbank/raw_fbank_train.1.ark:7646939
mgaf0_sx112 /nfs-share/xinchi/kaldi/egs/timit/s5_la3/fbank/raw_fbank_train.2.ark:11005924
mdss0_si2087 /nfs-share/xinchi/kaldi/egs/timit/s5_la3/fbank/raw_fbank_train.2.ark:9005614
mwem0_si1950 /nfs-share/xinchi/kaldi/egs/timit/s5_la3/fbank/raw_fbank_train.4.ark:10978243
mpfu0_si628 /nfs-share/xinchi/kaldi/egs/timit/s5_la3/fbank/raw_fbank_train.3.ark:10935707
mrvg0_si510 /nfs-share/xinchi/kaldi/egs/timit/s5_la3/fbank/raw_fbank_train.4.ark:4874151
mrjt0_si868 /nfs-share/xinchi/kaldi/egs/timit/s5_la3/fbank/raw_fbank_train.4.ark:3029778
mmdb0_si1358 /nfs-share/xinchi/kaldi/egs/timit/s5_la3/fbank/raw_fbank_train.3.ark:8607522
mjlg1_si1642 /nfs-share/xinchi/kaldi/egs/timit/s5_la3/fbank/raw_fbank_train.3.ark:3689407
mmgk0_sx62 /nfs-share/xinchi/kaldi/egs/timit/s5_la3/fbank/raw_fbank_train.3.ark:9515578
mcef0_sx145 /nfs-share/xinchi/kaldi/egs/timit/s5_la3/fbank/raw_fbank_train.2.ark:4952655
mhxl0_si512 /nfs-share/xinchi/kaldi/egs/timit/s5_la3/fbank/raw_fbank_train.3.ark:1484138
mjeb0_si1916 /nfs-share/xinchi/kaldi/egs/timit/s5_la3/fbank/raw_fbank_train.3.ark:2596212
mcal0_sx148 /nfs-share/xinchi/kaldi/egs/timit/s5_la3/fbank/raw_fbank_train.2.ark:4554035
fgdp0_sx178 /nfs-share/xinchi/kaldi/egs/timit/s5_la3/fbank/raw_fbank_train.1.ark:4307327
msrr0_sx30 /nfs-share/xinchi/kaldi/egs/timit/s5_la3/fbank/raw_fbank_train.4.ark:6895913
fcmg0_sx342 /nfs-share/xinchi/kaldi/egs/timit/s5_la3/fbank/raw_fbank_train.1.ark:2066397
mdac0_si1261 /nfs-share/xinchi/kaldi/egs/timit/s5_la3/fbank/raw_fbank_train.2.ark:6003830
mmgc0_sx405 /nfs-share/xinchi/kaldi/egs/timit/s5_la3/fbank/raw_fbank_train.3.ark:9329015
madc0_sx197 /nfs-share/xinchi/kaldi/egs/timit/s5_la3/fbank/raw_fbank_train.2.ark:2174275
fklc1_sx328 /nfs-share/xinchi/kaldi/egs/timit/s5_la3/fbank/raw_fbank_train.1.ark:6875762
mtcs0_si712 /nfs-share/xinchi/kaldi/egs/timit/s5_la3/fbank/raw_fbank_train.4.ark:7676613
mjhi0_si555 /nfs-share/xinchi/kaldi/egs/timit/s5_la3/fbank/raw_fbank_train.3.ark:3092336
mhit0_si2243 /nfs-share/xinchi/kaldi/egs/timit/s5_la3/fbank/raw_fbank_train.3.ark:1018333
mjjm0_sx287 /nfs-share/xinchi/kaldi/egs/timit/s5_la3/fbank/raw_fbank_train.3.ark:3460656
mkam0_si1250 /nfs-share/xinchi/kaldi/egs/timit/s5_la3/fbank/raw_fbank_train.3.ark:5950269
mdrd0_sx302 /nfs-share/xinchi/kaldi/egs/timit/s5_la3/fbank/raw_fbank_train.2.ark:8858136
fskp0_si1098 /nfs-share/xinchi/kaldi/egs/timit/s5_la3/fbank/raw_fbank_train.2.ark:446364
fcmg0_sx162 /nfs-share/xinchi/kaldi/egs/timit/s5_la3/fbank/raw_fbank_train.1.ark:2042571
mkaj0_si2044 /nfs-share/xinchi/kaldi/egs/timit/s5_la3/fbank/raw_fbank_train.3.ark:5874518
mlsh0_si2047 /nfs-share/xinchi/kaldi/egs/timit/s5_la3/fbank/raw_fbank_train.3.ark:7777715
fsgf0_si2187 /nfs-share/xinchi/kaldi/egs/timit/s5_la3/fbank/raw_fbank_train.1.ark:11617444
mjac0_si2148 /nfs-share/xinchi/kaldi/egs/timit/s5_la3/fbank/raw_fbank_train.3.ark:1677185
mtab0_si1572 /nfs-share/xinchi/kaldi/egs/timit/s5_la3/fbank/raw_fbank_train.4.ark:7158301
fvkb0_si1159 /nfs-share/xinchi/kaldi/egs/timit/s5_la3/fbank/raw_fbank_train.2.ark:1825835
mtjg0_sx440 /nfs-share/xinchi/kaldi/egs/timit/s5_la3/fbank/raw_fbank_train.4.ark:8159205
mesj0_si2257 /nfs-share/xinchi/kaldi/egs/timit/s5_la3/fbank/raw_fbank_train.2.ark:10242617
fdfb0_sx418 /nfs-share/xinchi/kaldi/egs/timit/s5_la3/fbank/raw_fbank_train.1.ark:2668262
fssb0_sx92 /nfs-share/xinchi/kaldi/egs/timit/s5_la3/fbank/raw_fbank_train.2.ark:1249132
mmdm1_si1650 /nfs-share/xinchi/kaldi/egs/timit/s5_la3/fbank/raw_fbank_train.3.ark:8901157
mwad0_si2322 /nfs-share/xinchi/kaldi/egs/timit/s5_la3/fbank/raw_fbank_train.4.ark:10619860
mbbr0_sx155 /nfs-share/xinchi/kaldi/egs/timit/s5_la3/fbank/raw_fbank_train.2.ark:3309554
marc0_sx288 /nfs-share/xinchi/kaldi/egs/timit/s5_la3/fbank/raw_fbank_train.2.ark:3049576
mdrd0_si1382 /nfs-share/xinchi/kaldi/egs/timit/s5_la3/fbank/raw_fbank_train.2.ark:8784410
mrfl0_sx76 /nfs-share/xinchi/kaldi/egs/timit/s5_la3/fbank/raw_fbank_train.4.ark:2236703
mjde0_si463 /nfs-share/xinchi/kaldi/egs/timit/s5_la3/fbank/raw_fbank_train.3.ark:2270936
fljd0_si1516 /nfs-share/xinchi/kaldi/egs/timit/s5_la3/fbank/raw_fbank_train.1.ark:7716864
mbef0_sx201 /nfs-share/xinchi/kaldi/egs/timit/s5_la3/fbank/raw_fbank_train.2.ark:3506116
mfer0_sx52 /nfs-share/xinchi/kaldi/egs/timit/s5_la3/fbank/raw_fbank_train.2.ark:10469942
mwdk0_sx176 /nfs-share/xinchi/kaldi/egs/timit/s5_la3/fbank/raw_fbank_train.4.ark:10896090
mtpr0_si2230 /nfs-share/xinchi/kaldi/egs/timit/s5_la3/fbank/raw_fbank_train.4.ark:9494351
fgmb0_sx335 /nfs-share/xinchi/kaldi/egs/timit/s5_la3/fbank/raw_fbank_train.1.ark:4457338
mjrp0_sx45 /nfs-share/xinchi/kaldi/egs/timit/s5_la3/fbank/raw_fbank_train.3.ark:4996452
fpmy0_si523 /nfs-share/xinchi/kaldi/egs/timit/s5_la3/fbank/raw_fbank_train.1.ark:10517281
fsrh0_sx401 /nfs-share/xinchi/kaldi/egs/timit/s5_la3/fbank/raw_fbank_train.2.ark:1128634
mnet0_sx276 /nfs-share/xinchi/kaldi/egs/timit/s5_la3/fbank/raw_fbank_train.3.ark:10584274
mrjb1_si1413 /nfs-share/xinchi/kaldi/egs/timit/s5_la3/fbank/raw_fbank_train.4.ark:2587324
mmds0_sx263 /nfs-share/xinchi/kaldi/egs/timit/s5_la3/fbank/raw_fbank_train.3.ark:9044275
fsag0_sx243 /nfs-share/xinchi/kaldi/egs/timit/s5_la3/fbank/raw_fbank_train.1.ark:10930207
mdcm0_sx40 /nfs-share/xinchi/kaldi/egs/timit/s5_la3/fbank/raw_fbank_train.2.ark:6568991
fapb0_si2323 /nfs-share/xinchi/kaldi/egs/timit/s5_la3/fbank/raw_fbank_train.1.ark:431736
madc0_sx107 /nfs-share/xinchi/kaldi/egs/timit/s5_la3/fbank/raw_fbank_train.2.ark:2154410
mdlr0_sx333 /nfs-share/xinchi/kaldi/egs/timit/s5_la3/fbank/raw_fbank_train.2.ark:8045855
mdlm0_sx244 /nfs-share/xinchi/kaldi/egs/timit/s5_la3/fbank/raw_fbank_train.2.ark:7945037
flag0_si2094 /nfs-share/xinchi/kaldi/egs/timit/s5_la3/fbank/raw_fbank_train.1.ark:7228770
fdxw0_sx431 /nfs-share/xinchi/kaldi/egs/timit/s5_la3/fbank/raw_fbank_train.1.ark:3409960
mljh0_si1324 /nfs-share/xinchi/kaldi/egs/timit/s5_la3/fbank/raw_fbank_train.3.ark:7540911
mjrh0_si1840 /nfs-share/xinchi/kaldi/egs/timit/s5_la3/fbank/raw_fbank_train.3.ark:4652213
mjxl0_sx362 /nfs-share/xinchi/kaldi/egs/timit/s5_la3/fbank/raw_fbank_train.3.ark:5616576
mdcd0_si1415 /nfs-share/xinchi/kaldi/egs/timit/s5_la3/fbank/raw_fbank_train.2.ark:6395768
mgag0_sx151 /nfs-share/xinchi/kaldi/egs/timit/s5_la3/fbank/raw_fbank_train.2.ark:11092268
fcke0_sx301 /nfs-share/xinchi/kaldi/egs/timit/s5_la3/fbank/raw_fbank_train.1.ark:1878146
mapv0_si1923 /nfs-share/xinchi/kaldi/egs/timit/s5_la3/fbank/raw_fbank_train.2.ark:2904467
mded0_sx180 /nfs-share/xinchi/kaldi/egs/timit/s5_la3/fbank/raw_fbank_train.2.ark:6726543
fmkc0_sx172 /nfs-share/xinchi/kaldi/egs/timit/s5_la3/fbank/raw_fbank_train.1.ark:9174915
fkfb0_sx348 /nfs-share/xinchi/kaldi/egs/timit/s5_la3/fbank/raw_fbank_train.1.ark:6557806
fjwb1_sx345 /nfs-share/xinchi/kaldi/egs/timit/s5_la3/fbank/raw_fbank_train.1.ark:5935695
mkdb0_sx422 /nfs-share/xinchi/kaldi/egs/timit/s5_la3/fbank/raw_fbank_train.3.ark:6129293
fdkn0_sx271 /nfs-share/xinchi/kaldi/egs/timit/s5_la3/fbank/raw_fbank_train.1.ark:2844687
mjls0_sx286 /nfs-share/xinchi/kaldi/egs/timit/s5_la3/fbank/raw_fbank_train.3.ark:3844277
majp0_sx264 /nfs-share/xinchi/kaldi/egs/timit/s5_la3/fbank/raw_fbank_train.2.ark:2638810
flod0_si1287 /nfs-share/xinchi/kaldi/egs/timit/s5_la3/fbank/raw_fbank_train.1.ark:8329334
mgsl0_si534 /nfs-share/xinchi/kaldi/egs/timit/s5_la3/fbank/raw_fbank_train.3.ark:713021
fdml0_si2075 /nfs-share/xinchi/kaldi/egs/timit/s5_la3/fbank/raw_fbank_train.1.ark:2925927
fbmh0_si1766 /nfs-share/xinchi/kaldi/egs/timit/s5_la3/fbank/raw_fbank_train.1.ark:1066534
mrtj0_sx142 /nfs-share/xinchi/kaldi/egs/timit/s5_la3/fbank/raw_fbank_train.4.ark:4775799
mbma1_sx144 /nfs-share/xinchi/kaldi/egs/timit/s5_la3/fbank/raw_fbank_train.2.ark:3867823
msdb0_si1007 /nfs-share/xinchi/kaldi/egs/timit/s5_la3/fbank/raw_fbank_train.4.ark:5591246
mdcm0_sx310 /nfs-share/xinchi/kaldi/egs/timit/s5_la3/fbank/raw_fbank_train.2.ark:6558719
flkm0_si620 /nfs-share/xinchi/kaldi/egs/timit/s5_la3/fbank/raw_fbank_train.1.ark:7946267
fcaj0_si1479 /nfs-share/xinchi/kaldi/egs/timit/s5_la3/fbank/raw_fbank_train.1.ark:1346735
fbcg1_sx352 /nfs-share/xinchi/kaldi/egs/timit/s5_la3/fbank/raw_fbank_train.1.ark:688846
mbml0_sx269 /nfs-share/xinchi/kaldi/egs/timit/s5_la3/fbank/raw_fbank_train.2.ark:3979561
flmc0_si742 /nfs-share/xinchi/kaldi/egs/timit/s5_la3/fbank/raw_fbank_train.1.ark:8157030
mlns0_si2037 /nfs-share/xinchi/kaldi/egs/timit/s5_la3/fbank/raw_fbank_train.3.ark:7679730
mjda0_si1031 /nfs-share/xinchi/kaldi/egs/timit/s5_la3/fbank/raw_fbank_train.3.ark:2068052
mmar0_sx166 /nfs-share/xinchi/kaldi/egs/timit/s5_la3/fbank/raw_fbank_train.3.ark:8318587
faem0_sx42 /nfs-share/xinchi/kaldi/egs/timit/s5_la3/fbank/raw_fbank_train.1.ark:91084
mklr0_si1059 /nfs-share/xinchi/kaldi/egs/timit/s5_la3/fbank/raw_fbank_train.3.ark:6650243
mmpm0_sx251 /nfs-share/xinchi/kaldi/egs/timit/s5_la3/fbank/raw_fbank_train.3.ark:9762236
msrg0_sx321 /nfs-share/xinchi/kaldi/egs/timit/s5_la3/fbank/raw_fbank_train.4.ark:6793089
mtas0_si755 /nfs-share/xinchi/kaldi/egs/timit/s5_la3/fbank/raw_fbank_train.4.ark:7296833
fexm0_sx111 /nfs-share/xinchi/kaldi/egs/timit/s5_la3/fbank/raw_fbank_train.1.ark:4104076
fpls0_si960 /nfs-share/xinchi/kaldi/egs/timit/s5_la3/fbank/raw_fbank_train.1.ark:10416818
msat1_si1703 /nfs-share/xinchi/kaldi/egs/timit/s5_la3/fbank/raw_fbank_train.4.ark:5509374
mmdb0_sx87 /nfs-share/xinchi/kaldi/egs/timit/s5_la3/fbank/raw_fbank_train.3.ark:8686273
mmdg0_sx160 /nfs-share/xinchi/kaldi/egs/timit/s5_la3/fbank/raw_fbank_train.3.ark:8736047
mdsj0_sx382 /nfs-share/xinchi/kaldi/egs/timit/s5_la3/fbank/raw_fbank_train.2.ark:8969273
mjra0_sx156 /nfs-share/xinchi/kaldi/egs/timit/s5_la3/fbank/raw_fbank_train.3.ark:4467115
mtdp0_si1274 /nfs-share/xinchi/kaldi/egs/timit/s5_la3/fbank/raw_fbank_train.4.ark:7861996
mree0_sx114 /nfs-share/xinchi/kaldi/egs/timit/s5_la3/fbank/raw_fbank_train.4.ark:1693047
fpls0_sx60 /nfs-share/xinchi/kaldi/egs/timit/s5_la3/fbank/raw_fbank_train.1.ark:10474420
mjwg0_si813 /nfs-share/xinchi/kaldi/egs/timit/s5_la3/fbank/raw_fbank_train.3.ark:5141104
mtju0_sx220 /nfs-share/xinchi/kaldi/egs/timit/s5_la3/fbank/raw_fbank_train.4.ark:8443654
megj0_sx77 /nfs-share/xinchi/kaldi/egs/timit/s5_la3/fbank/raw_fbank_train.2.ark:9927674
maeo0_si1326 /nfs-share/xinchi/kaldi/egs/timit/s5_la3/fbank/raw_fbank_train.2.ark:2402185
msrr0_sx51 /nfs-share/xinchi/kaldi/egs/timit/s5_la3/fbank/raw_fbank_train.4.ark:6916418
mjwg0_sx265 /nfs-share/xinchi/kaldi/egs/timit/s5_la3/fbank/raw_fbank_train.3.ark:5202243
fskp0_sx18 /nfs-share/xinchi/kaldi/egs/timit/s5_la3/fbank/raw_fbank_train.2.ark:495976
mdlh0_sx340 /nfs-share/xinchi/kaldi/egs/timit/s5_la3/fbank/raw_fbank_train.2.ark:7861125
fpmy0_si1153 /nfs-share/xinchi/kaldi/egs/timit/s5_la3/fbank/raw_fbank_train.1.ark:10487974
mklw0_sx131 /nfs-share/xinchi/kaldi/egs/timit/s5_la3/fbank/raw_fbank_train.3.ark:6975781
mrlj0_sx160 /nfs-share/xinchi/kaldi/egs/timit/s5_la3/fbank/raw_fbank_train.4.ark:3362204
mrds0_sx447 /nfs-share/xinchi/kaldi/egs/timit/s5_la3/fbank/raw_fbank_train.4.ark:1625840
fvmh0_sx296 /nfs-share/xinchi/kaldi/egs/timit/s5_la3/fbank/raw_fbank_train.2.ark:2002378
mabc0_sx61 /nfs-share/xinchi/kaldi/egs/timit/s5_la3/fbank/raw_fbank_train.2.ark:2093396
msah1_sx149 /nfs-share/xinchi/kaldi/egs/timit/s5_la3/fbank/raw_fbank_train.4.ark:5250245
mrlr0_sx296 /nfs-share/xinchi/kaldi/egs/timit/s5_la3/fbank/raw_fbank_train.4.ark:3674658
mmws1_si1701 /nfs-share/xinchi/kaldi/egs/timit/s5_la3/fbank/raw_fbank_train.3.ark:10380086
mdas0_sx276 /nfs-share/xinchi/kaldi/egs/timit/s5_la3/fbank/raw_fbank_train.2.ark:6166740
fear0_si1252 /nfs-share/xinchi/kaldi/egs/timit/s5_la3/fbank/raw_fbank_train.1.ark:3532851
mjde0_sx40 /nfs-share/xinchi/kaldi/egs/timit/s5_la3/fbank/raw_fbank_train.3.ark:2347900
mtpp0_si878 /nfs-share/xinchi/kaldi/egs/timit/s5_la3/fbank/raw_fbank_train.4.ark:9414159
mctm0_sx450 /nfs-share/xinchi/kaldi/egs/timit/s5_la3/fbank/raw_fbank_train.2.ark:5885259
mrws0_sx112 /nfs-share/xinchi/kaldi/egs/timit/s5_la3/fbank/raw_fbank_train.4.ark:5072434
mrws0_si1102 /nfs-share/xinchi/kaldi/egs/timit/s5_la3/fbank/raw_fbank_train.4.ark:5036374
mhbs0_si1575 /nfs-share/xinchi/kaldi/egs/timit/s5_la3/fbank/raw_fbank_train.3.ark:916394
mjwt0_si1291 /nfs-share/xinchi/kaldi/egs/timit/s5_la3/fbank/raw_fbank_train.3.ark:5353040
mhbs0_si945 /nfs-share/xinchi/kaldi/egs/timit/s5_la3/fbank/raw_fbank_train.3.ark:939381
fmjf0_sx354 /nfs-share/xinchi/kaldi/egs/timit/s5_la3/fbank/raw_fbank_train.1.ark:8994410
mdbb1_si1006 /nfs-share/xinchi/kaldi/egs/timit/s5_la3/fbank/raw_fbank_train.2.ark:6197597
mclm0_sx106 /nfs-share/xinchi/kaldi/egs/timit/s5_la3/fbank/raw_fbank_train.2.ark:5373476
mjeb0_sx386 /nfs-share/xinchi/kaldi/egs/timit/s5_la3/fbank/raw_fbank_train.3.ark:2669529
mtkd0_sx287 /nfs-share/xinchi/kaldi/egs/timit/s5_la3/fbank/raw_fbank_train.4.ark:8571024
feme0_sx425 /nfs-share/xinchi/kaldi/egs/timit/s5_la3/fbank/raw_fbank_train.1.ark:3940285
fdas1_sx201 /nfs-share/xinchi/kaldi/egs/timit/s5_la3/fbank/raw_fbank_train.1.ark:2458704
mfer0_si2122 /nfs-share/xinchi/kaldi/egs/timit/s5_la3/fbank/raw_fbank_train.2.ark:10403785
mrfk0_sx266 /nfs-share/xinchi/kaldi/egs/timit/s5_la3/fbank/raw_fbank_train.4.ark:2098300
mjrg0_sx16 /nfs-share/xinchi/kaldi/egs/timit/s5_la3/fbank/raw_fbank_train.3.ark:4576732
fspm0_sx431 /nfs-share/xinchi/kaldi/egs/timit/s5_la3/fbank/raw_fbank_train.2.ark:1038689
mgrp0_sx327 /nfs-share/xinchi/kaldi/egs/timit/s5_la3/fbank/raw_fbank_train.3.ark:547346
fjsp0_sx264 /nfs-share/xinchi/kaldi/egs/timit/s5_la3/fbank/raw_fbank_train.1.ark:5827758
mjdg0_si1042 /nfs-share/xinchi/kaldi/egs/timit/s5_la3/fbank/raw_fbank_train.3.ark:2378207
fkkh0_si1920 /nfs-share/xinchi/kaldi/egs/timit/s5_la3/fbank/raw_fbank_train.1.ark:6627299
mppc0_sx152 /nfs-share/xinchi/kaldi/egs/timit/s5_la3/fbank/raw_fbank_train.3.ark:11494145
medr0_si744 /nfs-share/xinchi/kaldi/egs/timit/s5_la3/fbank/raw_fbank_train.2.ark:9664184
makr0_si1982 /nfs-share/xinchi/kaldi/egs/timit/s5_la3/fbank/raw_fbank_train.2.ark:2819042
ftmg0_si1532 /nfs-share/xinchi/kaldi/egs/timit/s5_la3/fbank/raw_fbank_train.2.ark:1641464
mpeb0_si600 /nfs-share/xinchi/kaldi/egs/timit/s5_la3/fbank/raw_fbank_train.3.ark:10832482
fntb0_sx393 /nfs-share/xinchi/kaldi/egs/timit/s5_la3/fbank/raw_fbank_train.1.ark:9752766
mwdk0_sx356 /nfs-share/xinchi/kaldi/egs/timit/s5_la3/fbank/raw_fbank_train.4.ark:10921516
fkaa0_sx128 /nfs-share/xinchi/kaldi/egs/timit/s5_la3/fbank/raw_fbank_train.1.ark:6213664
mdcd0_sx65 /nfs-share/xinchi/kaldi/egs/timit/s5_la3/fbank/raw_fbank_train.2.ark:6483959
mprk0_sx107 /nfs-share/xinchi/kaldi/egs/timit/s5_la3/fbank/raw_fbank_train.4.ark:329494
mdjm0_sx15 /nfs-share/xinchi/kaldi/egs/timit/s5_la3/fbank/raw_fbank_train.2.ark:7240900
mjdc0_sx81 /nfs-share/xinchi/kaldi/egs/timit/s5_la3/fbank/raw_fbank_train.3.ark:2237549
flma0_sx73 /nfs-share/xinchi/kaldi/egs/timit/s5_la3/fbank/raw_fbank_train.1.ark:8123249
mges0_si851 /nfs-share/xinchi/kaldi/egs/timit/s5_la3/fbank/raw_fbank_train.3.ark:205091
mwrp0_sx3 /nfs-share/xinchi/kaldi/egs/timit/s5_la3/fbank/raw_fbank_train.4.ark:11322337
mmam0_sx67 /nfs-share/xinchi/kaldi/egs/timit/s5_la3/fbank/raw_fbank_train.3.ark:8261853
msas0_sx116 /nfs-share/xinchi/kaldi/egs/timit/s5_la3/fbank/raw_fbank_train.4.ark:5359590
flmk0_sx135 /nfs-share/xinchi/kaldi/egs/timit/s5_la3/fbank/raw_fbank_train.1.ark:8271249
fbas0_sx37 /nfs-share/xinchi/kaldi/egs/timit/s5_la3/fbank/raw_fbank_train.1.ark:609213
mmdm1_si2043 /nfs-share/xinchi/kaldi/egs/timit/s5_la3/fbank/raw_fbank_train.3.ark:8908751
flod0_sx297 /nfs-share/xinchi/kaldi/egs/timit/s5_la3/fbank/raw_fbank_train.1.ark:8400653
mjeb1_sx297 /nfs-share/xinchi/kaldi/egs/timit/s5_la3/fbank/raw_fbank_train.3.ark:2761561
mrai0_sx72 /nfs-share/xinchi/kaldi/egs/timit/s5_la3/fbank/raw_fbank_train.4.ark:864389
mkam0_si1316 /nfs-share/xinchi/kaldi/egs/timit/s5_la3/fbank/raw_fbank_train.3.ark:5968183
mmgg0_sx269 /nfs-share/xinchi/kaldi/egs/timit/s5_la3/fbank/raw_fbank_train.3.ark:9398775
mewm0_si1348 /nfs-share/xinchi/kaldi/egs/timit/s5_la3/fbank/raw_fbank_train.2.ark:10310406
msdh0_si980 /nfs-share/xinchi/kaldi/egs/timit/s5_la3/fbank/raw_fbank_train.4.ark:5674379
mjmd0_sx38 /nfs-share/xinchi/kaldi/egs/timit/s5_la3/fbank/raw_fbank_train.3.ark:4027808
fpaz0_sx243 /nfs-share/xinchi/kaldi/egs/timit/s5_la3/fbank/raw_fbank_train.1.ark:10253034
mmvp0_si1914 /nfs-share/xinchi/kaldi/egs/timit/s5_la3/fbank/raw_fbank_train.3.ark:10034331
fklc1_si2308 /nfs-share/xinchi/kaldi/egs/timit/s5_la3/fbank/raw_fbank_train.1.ark:6845623
mtlc0_sx217 /nfs-share/xinchi/kaldi/egs/timit/s5_la3/fbank/raw_fbank_train.4.ark:8858514
mlsh0_sx427 /nfs-share/xinchi/kaldi/egs/timit/s5_la3/fbank/raw_fbank_train.3.ark:7840840
mtdp0_si1521 /nfs-share/xinchi/kaldi/egs/timit/s5_la3/fbank/raw_fbank_train.4.ark:7869270
mjfh0_sx387 /nfs-share/xinchi/kaldi/egs/timit/s5_la3/fbank/raw_fbank_train.3.ark:2953124
mpfu0_si1888 /nfs-share/xinchi/kaldi/egs/timit/s5_la3/fbank/raw_fbank_train.3.ark:10929274
mkxl0_sx15 /nfs-share/xinchi/kaldi/egs/timit/s5_la3/fbank/raw_fbank_train.3.ark:7192023
megj0_sx167 /nfs-share/xinchi/kaldi/egs/timit/s5_la3/fbank/raw_fbank_train.2.ark:9876945
mhxl0_sx62 /nfs-share/xinchi/kaldi/egs/timit/s5_la3/fbank/raw_fbank_train.3.ark:1562575
flma0_si1873 /nfs-share/xinchi/kaldi/egs/timit/s5_la3/fbank/raw_fbank_train.1.ark:8053772
msmc0_sx197 /nfs-share/xinchi/kaldi/egs/timit/s5_la3/fbank/raw_fbank_train.4.ark:6503253
mwem0_si1320 /nfs-share/xinchi/kaldi/egs/timit/s5_la3/fbank/raw_fbank_train.4.ark:10955175
mdwh0_sx305 /nfs-share/xinchi/kaldi/egs/timit/s5_la3/fbank/raw_fbank_train.2.ark:9419007
fjdm2_sx232 /nfs-share/xinchi/kaldi/egs/timit/s5_la3/fbank/raw_fbank_train.1.ark:4892729
mjpg0_sx21 /nfs-share/xinchi/kaldi/egs/timit/s5_la3/fbank/raw_fbank_train.3.ark:4203145
fjxp0_sx402 /nfs-share/xinchi/kaldi/egs/timit/s5_la3/fbank/raw_fbank_train.1.ark:6153298
fsag0_sx333 /nfs-share/xinchi/kaldi/egs/timit/s5_la3/fbank/raw_fbank_train.1.ark:10943600
mrre0_sx254 /nfs-share/xinchi/kaldi/egs/timit/s5_la3/fbank/raw_fbank_train.4.ark:4348771
mdlc0_si1395 /nfs-share/xinchi/kaldi/egs/timit/s5_la3/fbank/raw_fbank_train.2.ark:7502404
mdlr1_sx309 /nfs-share/xinchi/kaldi/egs/timit/s5_la3/fbank/raw_fbank_train.2.ark:8156440
fpac0_sx391 /nfs-share/xinchi/kaldi/egs/timit/s5_la3/fbank/raw_fbank_train.1.ark:9974256
fcmm0_sx93 /nfs-share/xinchi/kaldi/egs/timit/s5_la3/fbank/raw_fbank_train.1.ark:2192847
mbma1_sx324 /nfs-share/xinchi/kaldi/egs/timit/s5_la3/fbank/raw_fbank_train.2.ark:3891569
mjmm0_sx355 /nfs-share/xinchi/kaldi/egs/timit/s5_la3/fbank/raw_fbank_train.3.ark:4115841
mwar0_sx415 /nfs-share/xinchi/kaldi/egs/timit/s5_la3/fbank/raw_fbank_train.4.ark:10749418
msdh0_si2113 /nfs-share/xinchi/kaldi/egs/timit/s5_la3/fbank/raw_fbank_train.4.ark:5663032
mrmg0_sx90 /nfs-share/xinchi/kaldi/egs/timit/s5_la3/fbank/raw_fbank_train.4.ark:3876542
mefg0_sx195 /nfs-share/xinchi/kaldi/egs/timit/s5_la3/fbank/raw_fbank_train.2.ark:9795185
mcpm0_si1824 /nfs-share/xinchi/kaldi/egs/timit/s5_la3/fbank/raw_fbank_train.2.ark:5432795
mtwh1_si882 /nfs-share/xinchi/kaldi/egs/timit/s5_la3/fbank/raw_fbank_train.4.ark:10024428
fmkf0_sx366 /nfs-share/xinchi/kaldi/egs/timit/s5_la3/fbank/raw_fbank_train.1.ark:9306246
mrlj1_si1671 /nfs-share/xinchi/kaldi/egs/timit/s5_la3/fbank/raw_fbank_train.4.ark:3414689
mjee0_si1867 /nfs-share/xinchi/kaldi/egs/timit/s5_la3/fbank/raw_fbank_train.3.ark:2799502
fbjl0_sx202 /nfs-share/xinchi/kaldi/egs/timit/s5_la3/fbank/raw_fbank_train.1.ark:894582
mrmb0_sx411 /nfs-share/xinchi/kaldi/egs/timit/s5_la3/fbank/raw_fbank_train.4.ark:3765324
mgxp0_sx187 /nfs-share/xinchi/kaldi/egs/timit/s5_la3/fbank/raw_fbank_train.3.ark:858151
msrr0_sx411 /nfs-share/xinchi/kaldi/egs/timit/s5_la3/fbank/raw_fbank_train.4.ark:6903506
fear0_sx82 /nfs-share/xinchi/kaldi/egs/timit/s5_la3/fbank/raw_fbank_train.1.ark:3621842
fblv0_si2318 /nfs-share/xinchi/kaldi/egs/timit/s5_la3/fbank/raw_fbank_train.1.ark:975582
fspm0_si611 /nfs-share/xinchi/kaldi/egs/timit/s5_la3/fbank/raw_fbank_train.2.ark:982877
mrhl0_sx345 /nfs-share/xinchi/kaldi/egs/timit/s5_la3/fbank/raw_fbank_train.4.ark:2538671
fbcg1_sx172 /nfs-share/xinchi/kaldi/egs/timit/s5_la3/fbank/raw_fbank_train.1.ark:665060
mrsp0_sx196 /nfs-share/xinchi/kaldi/egs/timit/s5_la3/fbank/raw_fbank_train.4.ark:4574782
fvfb0_si1032 /nfs-share/xinchi/kaldi/egs/timit/s5_la3/fbank/raw_fbank_train.2.ark:1737169
fpaf0_sx64 /nfs-share/xinchi/kaldi/egs/timit/s5_la3/fbank/raw_fbank_train.1.ark:10182907
fjsp0_si804 /nfs-share/xinchi/kaldi/egs/timit/s5_la3/fbank/raw_fbank_train.1.ark:5801932
mcef0_si1135 /nfs-share/xinchi/kaldi/egs/timit/s5_la3/fbank/raw_fbank_train.2.ark:4912995
fgcs0_sx46 /nfs-share/xinchi/kaldi/egs/timit/s5_la3/fbank/raw_fbank_train.1.ark:4259073
mewm0_sx178 /nfs-share/xinchi/kaldi/egs/timit/s5_la3/fbank/raw_fbank_train.2.ark:10337946
mjpm1_si1897 /nfs-share/xinchi/kaldi/egs/timit/s5_la3/fbank/raw_fbank_train.3.ark:4332310
fjwb1_si795 /nfs-share/xinchi/kaldi/egs/timit/s5_la3/fbank/raw_fbank_train.1.ark:5903916
fvkb0_sx349 /nfs-share/xinchi/kaldi/egs/timit/s5_la3/fbank/raw_fbank_train.2.ark:1882681
mdlr0_sx423 /nfs-share/xinchi/kaldi/egs/timit/s5_la3/fbank/raw_fbank_train.2.ark:8062848
mafm0_sx129 /nfs-share/xinchi/kaldi/egs/timit/s5_la3/fbank/raw_fbank_train.2.ark:2526391
mjws0_si1773 /nfs-share/xinchi/kaldi/egs/timit/s5_la3/fbank/raw_fbank_train.3.ark:5257249
fsjw0_sx253 /nfs-share/xinchi/kaldi/egs/timit/s5_la3/fbank/raw_fbank_train.2.ark:205502
mbef0_sx381 /nfs-share/xinchi/kaldi/egs/timit/s5_la3/fbank/raw_fbank_train.2.ark:3531414
mprk0_sx287 /nfs-share/xinchi/kaldi/egs/timit/s5_la3/fbank/raw_fbank_train.4.ark:366032
mram0_sx195 /nfs-share/xinchi/kaldi/egs/timit/s5_la3/fbank/raw_fbank_train.4.ark:937349
mjhi0_si698 /nfs-share/xinchi/kaldi/egs/timit/s5_la3/fbank/raw_fbank_train.3.ark:3100969
fleh0_sx241 /nfs-share/xinchi/kaldi/egs/timit/s5_la3/fbank/raw_fbank_train.1.ark:7372095
mjls0_sx196 /nfs-share/xinchi/kaldi/egs/timit/s5_la3/fbank/raw_fbank_train.3.ark:3836644
fsag0_sx63 /nfs-share/xinchi/kaldi/egs/timit/s5_la3/fbank/raw_fbank_train.1.ark:10981625
fmem0_sx207 /nfs-share/xinchi/kaldi/egs/timit/s5_la3/fbank/raw_fbank_train.1.ark:8773088
mjda0_sx41 /nfs-share/xinchi/kaldi/egs/timit/s5_la3/fbank/raw_fbank_train.3.ark:2141404
mesg0_sx72 /nfs-share/xinchi/kaldi/egs/timit/s5_la3/fbank/raw_fbank_train.2.ark:10216749
mtjm0_si1226 /nfs-share/xinchi/kaldi/egs/timit/s5_la3/fbank/raw_fbank_train.4.ark:8182951
fpaf0_si1684 /nfs-share/xinchi/kaldi/egs/timit/s5_la3/fbank/raw_fbank_train.1.ark:10115189
mjxl0_si1795 /nfs-share/xinchi/kaldi/egs/timit/s5_la3/fbank/raw_fbank_train.3.ark:5576324
mdss1_sx157 /nfs-share/xinchi/kaldi/egs/timit/s5_la3/fbank/raw_fbank_train.2.ark:9112065
makr0_sx92 /nfs-share/xinchi/kaldi/egs/timit/s5_la3/fbank/raw_fbank_train.2.ark:2875919
mrcg0_sx168 /nfs-share/xinchi/kaldi/egs/timit/s5_la3/fbank/raw_fbank_train.4.ark:1200600
fsjw0_si1333 /nfs-share/xinchi/kaldi/egs/timit/s5_la3/fbank/raw_fbank_train.2.ark:150289
mddc0_si2049 /nfs-share/xinchi/kaldi/egs/timit/s5_la3/fbank/raw_fbank_train.2.ark:6608372
mjfh0_sx297 /nfs-share/xinchi/kaldi/egs/timit/s5_la3/fbank/raw_fbank_train.3.ark:2944891
mhmg0_si735 /nfs-share/xinchi/kaldi/egs/timit/s5_la3/fbank/raw_fbank_train.3.ark:1207017
mrdd0_sx60 /nfs-share/xinchi/kaldi/egs/timit/s5_la3/fbank/raw_fbank_train.4.ark:1444982
mrjh0_sx439 /nfs-share/xinchi/kaldi/egs/timit/s5_la3/fbank/raw_fbank_train.4.ark:2776234
fscn0_sx356 /nfs-share/xinchi/kaldi/egs/timit/s5_la3/fbank/raw_fbank_train.1.ark:11388620
fsjg0_sx310 /nfs-share/xinchi/kaldi/egs/timit/s5_la3/fbank/raw_fbank_train.1.ark:11789281
madd0_si1798 /nfs-share/xinchi/kaldi/egs/timit/s5_la3/fbank/raw_fbank_train.2.ark:2217929
mmab1_sx144 /nfs-share/xinchi/kaldi/egs/timit/s5_la3/fbank/raw_fbank_train.3.ark:8007751
fapb0_si1063 /nfs-share/xinchi/kaldi/egs/timit/s5_la3/fbank/raw_fbank_train.1.ark:403268
mrlr0_sx116 /nfs-share/xinchi/kaldi/egs/timit/s5_la3/fbank/raw_fbank_train.4.ark:3642320
mjjb0_sx419 /nfs-share/xinchi/kaldi/egs/timit/s5_la3/fbank/raw_fbank_train.3.ark:3251047
mdcd0_sx425 /nfs-share/xinchi/kaldi/egs/timit/s5_la3/fbank/raw_fbank_train.2.ark:6475527
mfxs0_sx144 /nfs-share/xinchi/kaldi/egs/timit/s5_la3/fbank/raw_fbank_train.2.ark:10802873
mjxl0_sx452 /nfs-share/xinchi/kaldi/egs/timit/s5_la3/fbank/raw_fbank_train.3.ark:5632049
fklc0_si985 /nfs-share/xinchi/kaldi/egs/timit/s5_la3/fbank/raw_fbank_train.1.ark:6731277
mbom0_si1014 /nfs-share/xinchi/kaldi/egs/timit/s5_la3/fbank/raw_fbank_train.2.ark:4027053
fdtd0_si1561 /nfs-share/xinchi/kaldi/egs/timit/s5_la3/fbank/raw_fbank_train.1.ark:3235615
mrab0_sx234 /nfs-share/xinchi/kaldi/egs/timit/s5_la3/fbank/raw_fbank_train.4.ark:611201
mhrm0_si1475 /nfs-share/xinchi/kaldi/egs/timit/s5_la3/fbank/raw_fbank_train.3.ark:1378280
fdas1_si2091 /nfs-share/xinchi/kaldi/egs/timit/s5_la3/fbank/raw_fbank_train.1.ark:2418765
mtjm0_si1856 /nfs-share/xinchi/kaldi/egs/timit/s5_la3/fbank/raw_fbank_train.4.ark:8198545
fmjf0_si1254 /nfs-share/xinchi/kaldi/egs/timit/s5_la3/fbank/raw_fbank_train.1.ark:8929764
mmsm0_sx206 /nfs-share/xinchi/kaldi/egs/timit/s5_la3/fbank/raw_fbank_train.3.ark:9974885
mdwm0_sx16 /nfs-share/xinchi/kaldi/egs/timit/s5_la3/fbank/raw_fbank_train.2.ark:9510958
mdlc2_sx174 /nfs-share/xinchi/kaldi/egs/timit/s5_la3/fbank/raw_fbank_train.2.ark:7734275
mcew0_sx452 /nfs-share/xinchi/kaldi/egs/timit/s5_la3/fbank/raw_fbank_train.2.ark:5101339
mmpm0_sx71 /nfs-share/xinchi/kaldi/egs/timit/s5_la3/fbank/raw_fbank_train.3.ark:9802534
mgak0_sx406 /nfs-share/xinchi/kaldi/egs/timit/s5_la3/fbank/raw_fbank_train.2.ark:11227873
fclt0_sx88 /nfs-share/xinchi/kaldi/egs/timit/s5_la3/fbank/raw_fbank_train.1.ark:1986316
mses0_si2219 /nfs-share/xinchi/kaldi/egs/timit/s5_la3/fbank/raw_fbank_train.4.ark:6034816
fleh0_si2311 /nfs-share/xinchi/kaldi/egs/timit/s5_la3/fbank/raw_fbank_train.1.ark:7349149
mpar0_sx316 /nfs-share/xinchi/kaldi/egs/timit/s5_la3/fbank/raw_fbank_train.3.ark:10790036
mmxs0_si2136 /nfs-share/xinchi/kaldi/egs/timit/s5_la3/fbank/raw_fbank_train.3.ark:10444517
fsjg0_si940 /nfs-share/xinchi/kaldi/egs/timit/s5_la3/fbank/raw_fbank_train.1.ark:11732782
mtcs0_si2265 /nfs-share/xinchi/kaldi/egs/timit/s5_la3/fbank/raw_fbank_train.4.ark:7670060
mzmb0_si536 /nfs-share/xinchi/kaldi/egs/timit/s5_la3/fbank/raw_fbank_train.4.ark:11582431
fgdp0_si1618 /nfs-share/xinchi/kaldi/egs/timit/s5_la3/fbank/raw_fbank_train.1.ark:4267507
msfh0_sx226 /nfs-share/xinchi/kaldi/egs/timit/s5_la3/fbank/raw_fbank_train.4.ark:6165867
mrtc0_sx378 /nfs-share/xinchi/kaldi/egs/timit/s5_la3/fbank/raw_fbank_train.4.ark:4715385
mrfk0_si2336 /nfs-share/xinchi/kaldi/egs/timit/s5_la3/fbank/raw_fbank_train.4.ark:2074954
mrld0_si964 /nfs-share/xinchi/kaldi/egs/timit/s5_la3/fbank/raw_fbank_train.4.ark:3261826
fmju0_si2019 /nfs-share/xinchi/kaldi/egs/timit/s5_la3/fbank/raw_fbank_train.1.ark:9055103
mprt0_sx40 /nfs-share/xinchi/kaldi/egs/timit/s5_la3/fbank/raw_fbank_train.4.ark:463896
mwem0_sx420 /nfs-share/xinchi/kaldi/egs/timit/s5_la3/fbank/raw_fbank_train.4.ark:11025415
fmjf0_sx174 /nfs-share/xinchi/kaldi/egs/timit/s5_la3/fbank/raw_fbank_train.1.ark:8965344
mcxm0_sx451 /nfs-share/xinchi/kaldi/egs/timit/s5_la3/fbank/raw_fbank_train.2.ark:5978364
frll0_sx344 /nfs-share/xinchi/kaldi/egs/timit/s5_la3/fbank/raw_fbank_train.1.ark:10847975
mrmh0_si1021 /nfs-share/xinchi/kaldi/egs/timit/s5_la3/fbank/raw_fbank_train.4.ark:3886016
mmsm0_sx386 /nfs-share/xinchi/kaldi/egs/timit/s5_la3/fbank/raw_fbank_train.3.ark:10010583
mcae0_si1447 /nfs-share/xinchi/kaldi/egs/timit/s5_la3/fbank/raw_fbank_train.2.ark:4395312
mnet0_sx6 /nfs-share/xinchi/kaldi/egs/timit/s5_la3/fbank/raw_fbank_train.3.ark:10607538
mtbc0_sx93 /nfs-share/xinchi/kaldi/egs/timit/s5_la3/fbank/raw_fbank_train.4.ark:7654032
mjwg0_si895 /nfs-share/xinchi/kaldi/egs/timit/s5_la3/fbank/raw_fbank_train.3.ark:5161137
mwdk0_si1436 /nfs-share/xinchi/kaldi/egs/timit/s5_la3/fbank/raw_fbank_train.4.ark:10856870
mgaw0_sx265 /nfs-share/xinchi/kaldi/egs/timit/s5_la3/fbank/raw_fbank_train.3.ark:155652
mkam0_sx326 /nfs-share/xinchi/kaldi/egs/timit/s5_la3/fbank/raw_fbank_train.3.ark:6021156
fhlm0_sx210 /nfs-share/xinchi/kaldi/egs/timit/s5_la3/fbank/raw_fbank_train.1.ark:4661876
mhbs0_sx45 /nfs-share/xinchi/kaldi/egs/timit/s5_la3/fbank/raw_fbank_train.3.ark:996385
msrg0_sx51 /nfs-share/xinchi/kaldi/egs/timit/s5_la3/fbank/raw_fbank_train.4.ark:6818954
fpad0_sx176 /nfs-share/xinchi/kaldi/egs/timit/s5_la3/fbank/raw_fbank_train.1.ark:10027750
mdbb1_sx376 /nfs-share/xinchi/kaldi/egs/timit/s5_la3/fbank/raw_fbank_train.2.ark:6277629
fsjk1_si2285 /nfs-share/xinchi/kaldi/egs/timit/s5_la3/fbank/raw_fbank_train.1.ark:11852134
mtmn0_si582 /nfs-share/xinchi/kaldi/egs/timit/s5_la3/fbank/raw_fbank_train.4.ark:9031379
mrds0_sx267 /nfs-share/xinchi/kaldi/egs/timit/s5_la3/fbank/raw_fbank_train.4.ark:1600014
mdlc1_sx175 /nfs-share/xinchi/kaldi/egs/timit/s5_la3/fbank/raw_fbank_train.2.ark:7650210
mdas0_sx21 /nfs-share/xinchi/kaldi/egs/timit/s5_la3/fbank/raw_fbank_train.2.ark:6159267
mtpr0_sx70 /nfs-share/xinchi/kaldi/egs/timit/s5_la3/fbank/raw_fbank_train.4.ark:9585748
mbgt0_sx441 /nfs-share/xinchi/kaldi/egs/timit/s5_la3/fbank/raw_fbank_train.2.ark:3623087
mmbs0_sx341 /nfs-share/xinchi/kaldi/egs/timit/s5_la3/fbank/raw_fbank_train.3.ark:8469198
mrjt0_sx418 /nfs-share/xinchi/kaldi/egs/timit/s5_la3/fbank/raw_fbank_train.4.ark:3083630
mtju0_sx400 /nfs-share/xinchi/kaldi/egs/timit/s5_la3/fbank/raw_fbank_train.4.ark:8479312
mram0_si1905 /nfs-share/xinchi/kaldi/egs/timit/s5_la3/fbank/raw_fbank_train.4.ark:886537
mcxm0_sx361 /nfs-share/xinchi/kaldi/egs/timit/s5_la3/fbank/raw_fbank_train.2.ark:5968851
mtjm0_sx56 /nfs-share/xinchi/kaldi/egs/timit/s5_la3/fbank/raw_fbank_train.4.ark:8269582
faem0_sx402 /nfs-share/xinchi/kaldi/egs/timit/s5_la3/fbank/raw_fbank_train.1.ark:78172
mtlc0_sx127 /nfs-share/xinchi/kaldi/egs/timit/s5_la3/fbank/raw_fbank_train.4.ark:8851801
mvlo0_sx67 /nfs-share/xinchi/kaldi/egs/timit/s5_la3/fbank/raw_fbank_train.4.ark:10384708
marw0_sx16 /nfs-share/xinchi/kaldi/egs/timit/s5_la3/fbank/raw_fbank_train.2.ark:3114575
mdss1_sx427 /nfs-share/xinchi/kaldi/egs/timit/s5_la3/fbank/raw_fbank_train.2.ark:9145604
fgrw0_sx162 /nfs-share/xinchi/kaldi/egs/timit/s5_la3/fbank/raw_fbank_train.1.ark:4544538
fdas1_sx381 /nfs-share/xinchi/kaldi/egs/timit/s5_la3/fbank/raw_fbank_train.1.ark:2492122
mewm0_si1978 /nfs-share/xinchi/kaldi/egs/timit/s5_la3/fbank/raw_fbank_train.2.ark:10319960
mdwd0_sx180 /nfs-share/xinchi/kaldi/egs/timit/s5_la3/fbank/raw_fbank_train.2.ark:9290156
mjdm0_sx350 /nfs-share/xinchi/kaldi/egs/timit/s5_la3/fbank/raw_fbank_train.3.ark:2539959
mdss1_si1327 /nfs-share/xinchi/kaldi/egs/timit/s5_la3/fbank/raw_fbank_train.2.ark:9076685
fecd0_sx68 /nfs-share/xinchi/kaldi/egs/timit/s5_la3/fbank/raw_fbank_train.1.ark:3739507
mbth0_sx302 /nfs-share/xinchi/kaldi/egs/timit/s5_la3/fbank/raw_fbank_train.2.ark:4256108
mjkr0_sx301 /nfs-share/xinchi/kaldi/egs/timit/s5_la3/fbank/raw_fbank_train.3.ark:3553689
mpsw0_si2327 /nfs-share/xinchi/kaldi/egs/timit/s5_la3/fbank/raw_fbank_train.4.ark:505351
mrav0_si2268 /nfs-share/xinchi/kaldi/egs/timit/s5_la3/fbank/raw_fbank_train.4.ark:991197
mdlb0_si1306 /nfs-share/xinchi/kaldi/egs/timit/s5_la3/fbank/raw_fbank_train.2.ark:7383979
mclm0_sx286 /nfs-share/xinchi/kaldi/egs/timit/s5_la3/fbank/raw_fbank_train.2.ark:5397814
mrav0_sx108 /nfs-share/xinchi/kaldi/egs/timit/s5_la3/fbank/raw_fbank_train.4.ark:1006750
mejl0_si962 /nfs-share/xinchi/kaldi/egs/timit/s5_la3/fbank/raw_fbank_train.2.ark:9959415
mdwm0_sx376 /nfs-share/xinchi/kaldi/egs/timit/s5_la3/fbank/raw_fbank_train.2.ark:9534864
feac0_sx345 /nfs-share/xinchi/kaldi/egs/timit/s5_la3/fbank/raw_fbank_train.1.ark:3495512
mkxl0_sx105 /nfs-share/xinchi/kaldi/egs/timit/s5_la3/fbank/raw_fbank_train.3.ark:7182431
mcss0_sx300 /nfs-share/xinchi/kaldi/egs/timit/s5_la3/fbank/raw_fbank_train.2.ark:5690608
mter0_si1787 /nfs-share/xinchi/kaldi/egs/timit/s5_la3/fbank/raw_fbank_train.4.ark:7999496
mtas0_si1385 /nfs-share/xinchi/kaldi/egs/timit/s5_la3/fbank/raw_fbank_train.4.ark:7275006
mstf0_sx136 /nfs-share/xinchi/kaldi/egs/timit/s5_la3/fbank/raw_fbank_train.4.ark:6969751
mrdd0_si1050 /nfs-share/xinchi/kaldi/egs/timit/s5_la3/fbank/raw_fbank_train.4.ark:1364790
mrds0_sx177 /nfs-share/xinchi/kaldi/egs/timit/s5_la3/fbank/raw_fbank_train.4.ark:1591741
mkxl0_si1958 /nfs-share/xinchi/kaldi/egs/timit/s5_la3/fbank/raw_fbank_train.3.ark:7165758
meal0_si2177 /nfs-share/xinchi/kaldi/egs/timit/s5_la3/fbank/raw_fbank_train.2.ark:9568165
meal0_sx347 /nfs-share/xinchi/kaldi/egs/timit/s5_la3/fbank/raw_fbank_train.2.ark:9614210
mprk0_si467 /nfs-share/xinchi/kaldi/egs/timit/s5_la3/fbank/raw_fbank_train.4.ark:312341
fbcg1_si982 /nfs-share/xinchi/kaldi/egs/timit/s5_la3/fbank/raw_fbank_train.1.ark:648827
mjjj0_si1793 /nfs-share/xinchi/kaldi/egs/timit/s5_la3/fbank/raw_fbank_train.3.ark:3296307
mrlj0_sx340 /nfs-share/xinchi/kaldi/egs/timit/s5_la3/fbank/raw_fbank_train.4.ark:3385630
mpsw0_sx257 /nfs-share/xinchi/kaldi/egs/timit/s5_la3/fbank/raw_fbank_train.4.ark:533609
fdml0_si1779 /nfs-share/xinchi/kaldi/egs/timit/s5_la3/fbank/raw_fbank_train.1.ark:2915533
fkde0_sx241 /nfs-share/xinchi/kaldi/egs/timit/s5_la3/fbank/raw_fbank_train.1.ark:6342243
mrms0_si1113 /nfs-share/xinchi/kaldi/egs/timit/s5_la3/fbank/raw_fbank_train.4.ark:4103627
mjls0_sx106 /nfs-share/xinchi/kaldi/egs/timit/s5_la3/fbank/raw_fbank_train.3.ark:3815979
mjee0_sx247 /nfs-share/xinchi/kaldi/egs/timit/s5_la3/fbank/raw_fbank_train.3.ark:2829761
msvs0_sx398 /nfs-share/xinchi/kaldi/egs/timit/s5_la3/fbank/raw_fbank_train.4.ark:7141107
mdps0_sx89 /nfs-share/xinchi/kaldi/egs/timit/s5_la3/fbank/raw_fbank_train.2.ark:8774296
mjls0_si466 /nfs-share/xinchi/kaldi/egs/timit/s5_la3/fbank/raw_fbank_train.3.ark:3806186
mwsh0_sx166 /nfs-share/xinchi/kaldi/egs/timit/s5_la3/fbank/raw_fbank_train.4.ark:11488239
mjrk0_si2103 /nfs-share/xinchi/kaldi/egs/timit/s5_la3/fbank/raw_fbank_train.3.ark:4833230
mhxl0_si612 /nfs-share/xinchi/kaldi/egs/timit/s5_la3/fbank/raw_fbank_train.3.ark:1495371
fjxm0_sx401 /nfs-share/xinchi/kaldi/egs/timit/s5_la3/fbank/raw_fbank_train.1.ark:6047993
mmsm0_si1736 /nfs-share/xinchi/kaldi/egs/timit/s5_la3/fbank/raw_fbank_train.3.ark:9936746
fjrb0_sx222 /nfs-share/xinchi/kaldi/egs/timit/s5_la3/fbank/raw_fbank_train.1.ark:5493002
mfwk0_sx169 /nfs-share/xinchi/kaldi/egs/timit/s5_la3/fbank/raw_fbank_train.2.ark:10710287
fdnc0_sx378 /nfs-share/xinchi/kaldi/egs/timit/s5_la3/fbank/raw_fbank_train.1.ark:3221501
msfh0_si1738 /nfs-share/xinchi/kaldi/egs/timit/s5_la3/fbank/raw_fbank_train.4.ark:6113048
flod0_sx117 /nfs-share/xinchi/kaldi/egs/timit/s5_la3/fbank/raw_fbank_train.1.ark:8366954
mcdr0_sx344 /nfs-share/xinchi/kaldi/egs/timit/s5_la3/fbank/raw_fbank_train.2.ark:4881216
mrbc0_sx419 /nfs-share/xinchi/kaldi/egs/timit/s5_la3/fbank/raw_fbank_train.4.ark:1133474
fgcs0_sx316 /nfs-share/xinchi/kaldi/egs/timit/s5_la3/fbank/raw_fbank_train.1.ark:4236488
mlns0_sx327 /nfs-share/xinchi/kaldi/egs/timit/s5_la3/fbank/raw_fbank_train.3.ark:7721942
mesj0_sx97 /nfs-share/xinchi/kaldi/egs/timit/s5_la3/fbank/raw_fbank_train.2.ark:10301932
mjdc0_sx441 /nfs-share/xinchi/kaldi/egs/timit/s5_la3/fbank/raw_fbank_train.3.ark:2228077
mmbs0_sx71 /nfs-share/xinchi/kaldi/egs/timit/s5_la3/fbank/raw_fbank_train.3.ark:8497263
mrjh0_sx307 /nfs-share/xinchi/kaldi/egs/timit/s5_la3/fbank/raw_fbank_train.4.ark:2768801
fkdw0_sx127 /nfs-share/xinchi/kaldi/egs/timit/s5_la3/fbank/raw_fbank_train.1.ark:6445155
mpgh0_si924 /nfs-share/xinchi/kaldi/egs/timit/s5_la3/fbank/raw_fbank_train.3.ark:11045411
mwac0_sx341 /nfs-share/xinchi/kaldi/egs/timit/s5_la3/fbank/raw_fbank_train.4.ark:10560133
fgrw0_sx432 /nfs-share/xinchi/kaldi/egs/timit/s5_la3/fbank/raw_fbank_train.1.ark:4586637
fgdp0_si2248 /nfs-share/xinchi/kaldi/egs/timit/s5_la3/fbank/raw_fbank_train.1.ark:4277341
mlel0_sx346 /nfs-share/xinchi/kaldi/egs/timit/s5_la3/fbank/raw_fbank_train.3.ark:7402387
fjlg0_si1889 /nfs-share/xinchi/kaldi/egs/timit/s5_la3/fbank/raw_fbank_train.1.ark:5260372
fgcs0_si2116 /nfs-share/xinchi/kaldi/egs/timit/s5_la3/fbank/raw_fbank_train.1.ark:4186596
flja0_sx88 /nfs-share/xinchi/kaldi/egs/timit/s5_la3/fbank/raw_fbank_train.1.ark:7702470
mrdm0_si965 /nfs-share/xinchi/kaldi/egs/timit/s5_la3/fbank/raw_fbank_train.4.ark:1486003
mdlc1_si2065 /nfs-share/xinchi/kaldi/egs/timit/s5_la3/fbank/raw_fbank_train.2.ark:7627623
mtat1_si779 /nfs-share/xinchi/kaldi/egs/timit/s5_la3/fbank/raw_fbank_train.4.ark:7472203
mjra0_sx336 /nfs-share/xinchi/kaldi/egs/timit/s5_la3/fbank/raw_fbank_train.3.ark:4488981
fvkb0_sx259 /nfs-share/xinchi/kaldi/egs/timit/s5_la3/fbank/raw_fbank_train.2.ark:1868888
fblv0_si1058 /nfs-share/xinchi/kaldi/egs/timit/s5_la3/fbank/raw_fbank_train.1.ark:941034
fbas0_si1472 /nfs-share/xinchi/kaldi/egs/timit/s5_la3/fbank/raw_fbank_train.1.ark:541808
fleh0_sx151 /nfs-share/xinchi/kaldi/egs/timit/s5_la3/fbank/raw_fbank_train.1.ark:7358062
mdlb0_sx226 /nfs-share/xinchi/kaldi/egs/timit/s5_la3/fbank/raw_fbank_train.2.ark:7446192
mrmg0_sx270 /nfs-share/xinchi/kaldi/egs/timit/s5_la3/fbank/raw_fbank_train.4.ark:3837524
fblv0_sx428 /nfs-share/xinchi/kaldi/egs/timit/s5_la3/fbank/raw_fbank_train.1.ark:1023394
fjrp1_si802 /nfs-share/xinchi/kaldi/egs/timit/s5_la3/fbank/raw_fbank_train.1.ark:5584721
mrkm0_sx7 /nfs-share/xinchi/kaldi/egs/timit/s5_la3/fbank/raw_fbank_train.4.ark:3214373
feeh0_sx212 /nfs-share/xinchi/kaldi/egs/timit/s5_la3/fbank/raw_fbank_train.1.ark:3803434
mrem0_sx61 /nfs-share/xinchi/kaldi/egs/timit/s5_la3/fbank/raw_fbank_train.4.ark:1945467
fmbg0_si1790 /nfs-share/xinchi/kaldi/egs/timit/s5_la3/fbank/raw_fbank_train.1.ark:8639885
mmjb1_sx238 /nfs-share/xinchi/kaldi/egs/timit/s5_la3/fbank/raw_fbank_train.3.ark:9572745
fljd0_sx76 /nfs-share/xinchi/kaldi/egs/timit/s5_la3/fbank/raw_fbank_train.1.ark:7803055
mjai0_sx434 /nfs-share/xinchi/kaldi/egs/timit/s5_la3/fbank/raw_fbank_train.3.ark:1948080
mtas0_sx395 /nfs-share/xinchi/kaldi/egs/timit/s5_la3/fbank/raw_fbank_train.4.ark:7342677
mdlh0_si574 /nfs-share/xinchi/kaldi/egs/timit/s5_la3/fbank/raw_fbank_train.2.ark:7806553
fmkc0_sx442 /nfs-share/xinchi/kaldi/egs/timit/s5_la3/fbank/raw_fbank_train.1.ark:9216414
mlns0_sx147 /nfs-share/xinchi/kaldi/egs/timit/s5_la3/fbank/raw_fbank_train.3.ark:7704996
fskl0_si2159 /nfs-share/xinchi/kaldi/egs/timit/s5_la3/fbank/raw_fbank_train.2.ark:359093
mkaj0_si1414 /nfs-share/xinchi/kaldi/egs/timit/s5_la3/fbank/raw_fbank_train.3.ark:5866404
mjai0_si682 /nfs-share/xinchi/kaldi/egs/timit/s5_la3/fbank/raw_fbank_train.3.ark:1880715
mrlr0_si566 /nfs-share/xinchi/kaldi/egs/timit/s5_la3/fbank/raw_fbank_train.4.ark:3628967
mmbs0_si521 /nfs-share/xinchi/kaldi/egs/timit/s5_la3/fbank/raw_fbank_train.3.ark:8416499
fmju0_si759 /nfs-share/xinchi/kaldi/egs/timit/s5_la3/fbank/raw_fbank_train.1.ark:9063296
mrws0_si472 /nfs-share/xinchi/kaldi/egs/timit/s5_la3/fbank/raw_fbank_train.4.ark:5060801
mtju0_sx130 /nfs-share/xinchi/kaldi/egs/timit/s5_la3/fbank/raw_fbank_train.4.ark:8433461
mfxv0_sx15 /nfs-share/xinchi/kaldi/egs/timit/s5_la3/fbank/raw_fbank_train.2.ark:10922931
mkdd0_si937 /nfs-share/xinchi/kaldi/egs/timit/s5_la3/fbank/raw_fbank_train.3.ark:6191026
fdmy0_sx117 /nfs-share/xinchi/kaldi/egs/timit/s5_la3/fbank/raw_fbank_train.1.ark:3053504
fsgf0_sx297 /nfs-share/xinchi/kaldi/egs/timit/s5_la3/fbank/raw_fbank_train.1.ark:11683568
mjrg0_sx106 /nfs-share/xinchi/kaldi/egs/timit/s5_la3/fbank/raw_fbank_train.3.ark:4567020
mtml0_si2325 /nfs-share/xinchi/kaldi/egs/timit/s5_la3/fbank/raw_fbank_train.4.ark:8921634
msds0_sx177 /nfs-share/xinchi/kaldi/egs/timit/s5_la3/fbank/raw_fbank_train.4.ark:5815478
mmwb0_sx269 /nfs-share/xinchi/kaldi/egs/timit/s5_la3/fbank/raw_fbank_train.3.ark:10207896
fceg0_si1878 /nfs-share/xinchi/kaldi/egs/timit/s5_la3/fbank/raw_fbank_train.1.ark:1575099
fspm0_sx251 /nfs-share/xinchi/kaldi/egs/timit/s5_la3/fbank/raw_fbank_train.2.ark:1007623
mjws0_sx153 /nfs-share/xinchi/kaldi/egs/timit/s5_la3/fbank/raw_fbank_train.3.ark:5279875
mjee0_sx427 /nfs-share/xinchi/kaldi/egs/timit/s5_la3/fbank/raw_fbank_train.3.ark:2857587
maeo0_si1956 /nfs-share/xinchi/kaldi/egs/timit/s5_la3/fbank/raw_fbank_train.2.ark:2430413
fcmg0_sx72 /nfs-share/xinchi/kaldi/egs/timit/s5_la3/fbank/raw_fbank_train.1.ark:2097942
mjpm1_sx221 /nfs-share/xinchi/kaldi/egs/timit/s5_la3/fbank/raw_fbank_train.3.ark:4371363
frll0_sx164 /nfs-share/xinchi/kaldi/egs/timit/s5_la3/fbank/raw_fbank_train.1.ark:10824829
mmdm0_si1311 /nfs-share/xinchi/kaldi/egs/timit/s5_la3/fbank/raw_fbank_train.3.ark:8801212
mgsh0_si1806 /nfs-share/xinchi/kaldi/egs/timit/s5_la3/fbank/raw_fbank_train.3.ark:611999
fksr0_sx366 /nfs-share/xinchi/kaldi/egs/timit/s5_la3/fbank/raw_fbank_train.1.ark:7077292
mjrk0_sx250 /nfs-share/xinchi/kaldi/egs/timit/s5_la3/fbank/raw_fbank_train.3.ark:4873089
mtcs0_sx82 /nfs-share/xinchi/kaldi/egs/timit/s5_la3/fbank/raw_fbank_train.4.ark:7750417
mdef0_sx303 /nfs-share/xinchi/kaldi/egs/timit/s5_la3/fbank/raw_fbank_train.2.ark:6850275
mnet0_si2076 /nfs-share/xinchi/kaldi/egs/timit/s5_la3/fbank/raw_fbank_train.3.ark:10556415
mmcc0_si708 /nfs-share/xinchi/kaldi/egs/timit/s5_la3/fbank/raw_fbank_train.3.ark:8537044
mgsl0_sx174 /nfs-share/xinchi/kaldi/egs/timit/s5_la3/fbank/raw_fbank_train.3.ark:740407
mfxv0_si1342 /nfs-share/xinchi/kaldi/egs/timit/s5_la3/fbank/raw_fbank_train.2.ark:10887392
mkdd0_sx217 /nfs-share/xinchi/kaldi/egs/timit/s5_la3/fbank/raw_fbank_train.3.ark:6215572
fblv0_sx158 /nfs-share/xinchi/kaldi/egs/timit/s5_la3/fbank/raw_fbank_train.1.ark:990255
flac0_sx181 /nfs-share/xinchi/kaldi/egs/timit/s5_la3/fbank/raw_fbank_train.1.ark:7149931
msrg0_si1851 /nfs-share/xinchi/kaldi/egs/timit/s5_la3/fbank/raw_fbank_train.4.ark:6752317
mjsr0_si794 /nfs-share/xinchi/kaldi/egs/timit/s5_la3/fbank/raw_fbank_train.3.ark:5042593
mjhi0_sx68 /nfs-share/xinchi/kaldi/egs/timit/s5_la3/fbank/raw_fbank_train.3.ark:3161333
fjdm2_sx412 /nfs-share/xinchi/kaldi/egs/timit/s5_la3/fbank/raw_fbank_train.1.ark:4920795
mmgk0_sx422 /nfs-share/xinchi/kaldi/egs/timit/s5_la3/fbank/raw_fbank_train.3.ark:9503346
mbwp0_si709 /nfs-share/xinchi/kaldi/egs/timit/s5_la3/fbank/raw_fbank_train.2.ark:4310114
fvfb0_sx132 /nfs-share/xinchi/kaldi/egs/timit/s5_la3/fbank/raw_fbank_train.2.ark:1772430
fbjl0_sx292 /nfs-share/xinchi/kaldi/egs/timit/s5_la3/fbank/raw_fbank_train.1.ark:913327
mjae0_sx444 /nfs-share/xinchi/kaldi/egs/timit/s5_la3/fbank/raw_fbank_train.3.ark:1837416
mrml0_si2051 /nfs-share/xinchi/kaldi/egs/timit/s5_la3/fbank/raw_fbank_train.4.ark:4001396
mrlr0_sx206 /nfs-share/xinchi/kaldi/egs/timit/s5_la3/fbank/raw_fbank_train.4.ark:3651353
frjb0_sx77 /nfs-share/xinchi/kaldi/egs/timit/s5_la3/fbank/raw_fbank_train.1.ark:10769256
fdxw0_sx71 /nfs-share/xinchi/kaldi/egs/timit/s5_la3/fbank/raw_fbank_train.1.ark:3421512
mmdm1_sx153 /nfs-share/xinchi/kaldi/egs/timit/s5_la3/fbank/raw_fbank_train.3.ark:8928537
fpaf0_sx334 /nfs-share/xinchi/kaldi/egs/timit/s5_la3/fbank/raw_fbank_train.1.ark:10160162
fcjs0_sx257 /nfs-share/xinchi/kaldi/egs/timit/s5_la3/fbank/raw_fbank_train.1.ark:1763288
madc0_sx287 /nfs-share/xinchi/kaldi/egs/timit/s5_la3/fbank/raw_fbank_train.2.ark:2184748
