fcag0_sx63 /nfs-share/xinchi/kaldi/egs/timit/s5_la5/data-fmllr-tri3/train/data/feats_fmllr_train.1.ark:5201683
mkaj0_sx154 /nfs-share/xinchi/kaldi/egs/timit/s5_la5/data-fmllr-tri3/train/data/feats_fmllr_train.7.ark:4952778
mcdc0_sx212 /nfs-share/xinchi/kaldi/egs/timit/s5_la5/data-fmllr-tri3/train/data/feats_fmllr_train.4.ark:9161010
mrav0_si1008 /nfs-share/xinchi/kaldi/egs/timit/s5_la5/data-fmllr-tri3/train/data/feats_fmllr_train.8.ark:12512557
mmsm0_si476 /nfs-share/xinchi/kaldi/egs/timit/s5_la5/data-fmllr-tri3/train/data/feats_fmllr_train.8.ark:2678229
mtdp0_sx261 /nfs-share/xinchi/kaldi/egs/timit/s5_la5/data-fmllr-tri3/train/data/feats_fmllr_train.10.ark:3458339
mppc0_si2042 /nfs-share/xinchi/kaldi/egs/timit/s5_la5/data-fmllr-tri3/train/data/feats_fmllr_train.8.ark:8622255
mcae0_si2077 /nfs-share/xinchi/kaldi/egs/timit/s5_la5/data-fmllr-tri3/train/data/feats_fmllr_train.4.ark:8199057
mdmt0_si572 /nfs-share/xinchi/kaldi/egs/timit/s5_la5/data-fmllr-tri3/train/data/feats_fmllr_train.5.ark:5973245
mlbc0_sx249 /nfs-share/xinchi/kaldi/egs/timit/s5_la5/data-fmllr-tri3/train/data/feats_fmllr_train.7.ark:10331045
mjai0_si710 /nfs-share/xinchi/kaldi/egs/timit/s5_la5/data-fmllr-tri3/train/data/feats_fmllr_train.6.ark:7382104
fbas0_sx217 /nfs-share/xinchi/kaldi/egs/timit/s5_la5/data-fmllr-tri3/train/data/feats_fmllr_train.1.ark:2311124
mapv0_sx393 /nfs-share/xinchi/kaldi/egs/timit/s5_la5/data-fmllr-tri3/train/data/feats_fmllr_train.4.ark:2621347
msjk0_si1596 /nfs-share/xinchi/kaldi/egs/timit/s5_la5/data-fmllr-tri3/train/data/feats_fmllr_train.9.ark:15415363
mjde0_sx220 /nfs-share/xinchi/kaldi/egs/timit/s5_la5/data-fmllr-tri3/train/data/feats_fmllr_train.6.ark:8995027
mjsr0_sx74 /nfs-share/xinchi/kaldi/egs/timit/s5_la5/data-fmllr-tri3/train/data/feats_fmllr_train.7.ark:1893391
fjhk0_sx122 /nfs-share/xinchi/kaldi/egs/timit/s5_la5/data-fmllr-tri3/train/data/feats_fmllr_train.2.ark:1009492
mpgr1_si1499 /nfs-share/xinchi/kaldi/egs/timit/s5_la5/data-fmllr-tri3/train/data/feats_fmllr_train.8.ark:7533980
msmc0_sx17 /nfs-share/xinchi/kaldi/egs/timit/s5_la5/data-fmllr-tri3/train/data/feats_fmllr_train.9.ark:16045127
mrlj1_sx231 /nfs-share/xinchi/kaldi/egs/timit/s5_la5/data-fmllr-tri3/train/data/feats_fmllr_train.9.ark:4245810
mkdb0_sx242 /nfs-share/xinchi/kaldi/egs/timit/s5_la5/data-fmllr-tri3/train/data/feats_fmllr_train.7.ark:5735319
mtxs0_sx70 /nfs-share/xinchi/kaldi/egs/timit/s5_la5/data-fmllr-tri3/train/data/feats_fmllr_train.10.ark:12309913
mrlr0_si566 /nfs-share/xinchi/kaldi/egs/timit/s5_la5/data-fmllr-tri3/train/data/feats_fmllr_train.9.ark:4895630
mpar0_si2206 /nfs-share/xinchi/kaldi/egs/timit/s5_la5/data-fmllr-tri3/train/data/feats_fmllr_train.8.ark:5763936
mesg0_sx72 /nfs-share/xinchi/kaldi/egs/timit/s5_la5/data-fmllr-tri3/train/data/feats_fmllr_train.5.ark:13330620
msms0_sx83 /nfs-share/xinchi/kaldi/egs/timit/s5_la5/data-fmllr-tri3/train/data/feats_fmllr_train.9.ark:16944042
mwad0_sx72 /nfs-share/xinchi/kaldi/egs/timit/s5_la5/data-fmllr-tri3/train/data/feats_fmllr_train.10.ark:14148119
mrhl0_sx435 /nfs-share/xinchi/kaldi/egs/timit/s5_la5/data-fmllr-tri3/train/data/feats_fmllr_train.9.ark:692871
mhxl0_sx242 /nfs-share/xinchi/kaldi/egs/timit/s5_la5/data-fmllr-tri3/train/data/feats_fmllr_train.6.ark:5907853
mdas0_sx186 /nfs-share/xinchi/kaldi/egs/timit/s5_la5/data-fmllr-tri3/train/data/feats_fmllr_train.4.ark:14936558
mrgm0_sx172 /nfs-share/xinchi/kaldi/egs/timit/s5_la5/data-fmllr-tri3/train/data/feats_fmllr_train.8.ark:17673703
mdma0_sx260 /nfs-share/xinchi/kaldi/egs/timit/s5_la5/data-fmllr-tri3/train/data/feats_fmllr_train.5.ark:5685722
fjkl0_sx122 /nfs-share/xinchi/kaldi/egs/timit/s5_la5/data-fmllr-tri3/train/data/feats_fmllr_train.2.ark:1371469
mjdc0_sx351 /nfs-share/xinchi/kaldi/egs/timit/s5_la5/data-fmllr-tri3/train/data/feats_fmllr_train.6.ark:8611318
mjjj0_si533 /nfs-share/xinchi/kaldi/egs/timit/s5_la5/data-fmllr-tri3/train/data/feats_fmllr_train.6.ark:12855704
mtab0_sx312 /nfs-share/xinchi/kaldi/egs/timit/s5_la5/data-fmllr-tri3/train/data/feats_fmllr_train.10.ark:775406
mmdb0_sx447 /nfs-share/xinchi/kaldi/egs/timit/s5_la5/data-fmllr-tri3/train/data/feats_fmllr_train.7.ark:15755521
msvs0_sx218 /nfs-share/xinchi/kaldi/egs/timit/s5_la5/data-fmllr-tri3/train/data/feats_fmllr_train.10.ark:249402
mwre0_sx427 /nfs-share/xinchi/kaldi/egs/timit/s5_la5/data-fmllr-tri3/train/data/feats_fmllr_train.10.ark:16316119
mjjj0_si1163 /nfs-share/xinchi/kaldi/egs/timit/s5_la5/data-fmllr-tri3/train/data/feats_fmllr_train.6.ark:12724129
msem1_sx270 /nfs-share/xinchi/kaldi/egs/timit/s5_la5/data-fmllr-tri3/train/data/feats_fmllr_train.9.ark:13968203
mjjj0_sx83 /nfs-share/xinchi/kaldi/egs/timit/s5_la5/data-fmllr-tri3/train/data/feats_fmllr_train.6.ark:13121278
mtrc0_sx183 /nfs-share/xinchi/kaldi/egs/timit/s5_la5/data-fmllr-tri3/train/data/feats_fmllr_train.10.ark:10667364
mmwb0_sx449 /nfs-share/xinchi/kaldi/egs/timit/s5_la5/data-fmllr-tri3/train/data/feats_fmllr_train.8.ark:3816372
mrsp0_sx439 /nfs-share/xinchi/kaldi/egs/timit/s5_la5/data-fmllr-tri3/train/data/feats_fmllr_train.9.ark:8651455
msfv0_sx182 /nfs-share/xinchi/kaldi/egs/timit/s5_la5/data-fmllr-tri3/train/data/feats_fmllr_train.9.ark:15153788
fmbg0_sx440 /nfs-share/xinchi/kaldi/egs/timit/s5_la5/data-fmllr-tri3/train/data/feats_fmllr_train.2.ark:14997335
mbar0_si1319 /nfs-share/xinchi/kaldi/egs/timit/s5_la5/data-fmllr-tri3/train/data/feats_fmllr_train.4.ark:3375569
mrcg0_sx78 /nfs-share/xinchi/kaldi/egs/timit/s5_la5/data-fmllr-tri3/train/data/feats_fmllr_train.8.ark:13644701
mewm0_sx448 /nfs-share/xinchi/kaldi/egs/timit/s5_la5/data-fmllr-tri3/train/data/feats_fmllr_train.5.ark:13941906
mjrk0_si1662 /nfs-share/xinchi/kaldi/egs/timit/s5_la5/data-fmllr-tri3/train/data/feats_fmllr_train.7.ark:765888
mram0_si1275 /nfs-share/xinchi/kaldi/egs/timit/s5_la5/data-fmllr-tri3/train/data/feats_fmllr_train.8.ark:12136659
mgjc0_sx255 /nfs-share/xinchi/kaldi/egs/timit/s5_la5/data-fmllr-tri3/train/data/feats_fmllr_train.6.ark:1282695
mfmc0_si1132 /nfs-share/xinchi/kaldi/egs/timit/s5_la5/data-fmllr-tri3/train/data/feats_fmllr_train.5.ark:14347137
mjra0_si1236 /nfs-share/xinchi/kaldi/egs/timit/s5_la5/data-fmllr-tri3/train/data/feats_fmllr_train.6.ark:17223375
mmgk0_sx152 /nfs-share/xinchi/kaldi/egs/timit/s5_la5/data-fmllr-tri3/train/data/feats_fmllr_train.8.ark:843891
fjen0_si2307 /nfs-share/xinchi/kaldi/egs/timit/s5_la5/data-fmllr-tri3/train/data/feats_fmllr_train.2.ark:515007
mmgg0_sx89 /nfs-share/xinchi/kaldi/egs/timit/s5_la5/data-fmllr-tri3/train/data/feats_fmllr_train.8.ark:702021
fkdw0_sx217 /nfs-share/xinchi/kaldi/egs/timit/s5_la5/data-fmllr-tri3/train/data/feats_fmllr_train.2.ark:6284662
msah1_si2309 /nfs-share/xinchi/kaldi/egs/timit/s5_la5/data-fmllr-tri3/train/data/feats_fmllr_train.9.ark:11162627
flhd0_sx174 /nfs-share/xinchi/kaldi/egs/timit/s5_la5/data-fmllr-tri3/train/data/feats_fmllr_train.2.ark:10539345
mrdd0_sx277 /nfs-share/xinchi/kaldi/egs/timit/s5_la5/data-fmllr-tri3/train/data/feats_fmllr_train.8.ark:14270843
mrdm0_sx425 /nfs-share/xinchi/kaldi/egs/timit/s5_la5/data-fmllr-tri3/train/data/feats_fmllr_train.8.ark:14725967
fjsk0_sx332 /nfs-share/xinchi/kaldi/egs/timit/s5_la5/data-fmllr-tri3/train/data/feats_fmllr_train.2.ark:3504290
makb0_si1646 /nfs-share/xinchi/kaldi/egs/timit/s5_la5/data-fmllr-tri3/train/data/feats_fmllr_train.4.ark:1594831
mgsl0_si1164 /nfs-share/xinchi/kaldi/egs/timit/s5_la5/data-fmllr-tri3/train/data/feats_fmllr_train.6.ark:2726812
mcdd0_si2143 /nfs-share/xinchi/kaldi/egs/timit/s5_la5/data-fmllr-tri3/train/data/feats_fmllr_train.4.ark:9381466
mdns0_sx201 /nfs-share/xinchi/kaldi/egs/timit/s5_la5/data-fmllr-tri3/train/data/feats_fmllr_train.5.ark:6508076
mtqc0_si2071 /nfs-share/xinchi/kaldi/egs/timit/s5_la5/data-fmllr-tri3/train/data/feats_fmllr_train.10.ark:10067867
fjhk0_sx392 /nfs-share/xinchi/kaldi/egs/timit/s5_la5/data-fmllr-tri3/train/data/feats_fmllr_train.2.ark:1201919
mdlh0_sx160 /nfs-share/xinchi/kaldi/egs/timit/s5_la5/data-fmllr-tri3/train/data/feats_fmllr_train.5.ark:4055866
mrbc0_si1859 /nfs-share/xinchi/kaldi/egs/timit/s5_la5/data-fmllr-tri3/train/data/feats_fmllr_train.8.ark:12894563
mhit0_si983 /nfs-share/xinchi/kaldi/egs/timit/s5_la5/data-fmllr-tri3/train/data/feats_fmllr_train.6.ark:3993914
fsak0_si1930 /nfs-share/xinchi/kaldi/egs/timit/s5_la5/data-fmllr-tri3/train/data/feats_fmllr_train.3.ark:6031134
fcrz0_sx163 /nfs-share/xinchi/kaldi/egs/timit/s5_la5/data-fmllr-tri3/train/data/feats_fmllr_train.1.ark:8710307
mjma0_sx235 /nfs-share/xinchi/kaldi/egs/timit/s5_la5/data-fmllr-tri3/train/data/feats_fmllr_train.6.ark:15268101
mree0_sx24 /nfs-share/xinchi/kaldi/egs/timit/s5_la5/data-fmllr-tri3/train/data/feats_fmllr_train.8.ark:15405094
mjmm0_sx85 /nfs-share/xinchi/kaldi/egs/timit/s5_la5/data-fmllr-tri3/train/data/feats_fmllr_train.6.ark:16072776
fdmy0_sx117 /nfs-share/xinchi/kaldi/egs/timit/s5_la5/data-fmllr-tri3/train/data/feats_fmllr_train.1.ark:11877326
mrtc0_si828 /nfs-share/xinchi/kaldi/egs/timit/s5_la5/data-fmllr-tri3/train/data/feats_fmllr_train.9.ark:8885484
mlns0_si2037 /nfs-share/xinchi/kaldi/egs/timit/s5_la5/data-fmllr-tri3/train/data/feats_fmllr_train.7.ark:11867992
mrav0_sx198 /nfs-share/xinchi/kaldi/egs/timit/s5_la5/data-fmllr-tri3/train/data/feats_fmllr_train.8.ark:12731093
fjdm2_sx322 /nfs-share/xinchi/kaldi/egs/timit/s5_la5/data-fmllr-tri3/train/data/feats_fmllr_train.2.ark:271670
mrcw0_sx201 /nfs-share/xinchi/kaldi/egs/timit/s5_la5/data-fmllr-tri3/train/data/feats_fmllr_train.8.ark:13901958
mtlb0_sx324 /nfs-share/xinchi/kaldi/egs/timit/s5_la5/data-fmllr-tri3/train/data/feats_fmllr_train.10.ark:6723301
mrfl0_sx436 /nfs-share/xinchi/kaldi/egs/timit/s5_la5/data-fmllr-tri3/train/data/feats_fmllr_train.8.ark:17399327
fsbk0_sx439 /nfs-share/xinchi/kaldi/egs/timit/s5_la5/data-fmllr-tri3/train/data/feats_fmllr_train.3.ark:6640127
mmdm1_sx423 /nfs-share/xinchi/kaldi/egs/timit/s5_la5/data-fmllr-tri3/train/data/feats_fmllr_train.7.ark:16913292
fcjf0_si1027 /nfs-share/xinchi/kaldi/egs/timit/s5_la5/data-fmllr-tri3/train/data/feats_fmllr_train.1.ark:6398842
mjjb0_si1277 /nfs-share/xinchi/kaldi/egs/timit/s5_la5/data-fmllr-tri3/train/data/feats_fmllr_train.6.ark:12393539
mtmt0_si1118 /nfs-share/xinchi/kaldi/egs/timit/s5_la5/data-fmllr-tri3/train/data/feats_fmllr_train.10.ark:8068354
fhxs0_sx355 /nfs-share/xinchi/kaldi/egs/timit/s5_la5/data-fmllr-tri3/train/data/feats_fmllr_train.1.ark:18707418
mrtc0_sx108 /nfs-share/xinchi/kaldi/egs/timit/s5_la5/data-fmllr-tri3/train/data/feats_fmllr_train.9.ark:8931591
mrfk0_si2336 /nfs-share/xinchi/kaldi/egs/timit/s5_la5/data-fmllr-tri3/train/data/feats_fmllr_train.8.ark:16806362
mkdt0_sx443 /nfs-share/xinchi/kaldi/egs/timit/s5_la5/data-fmllr-tri3/train/data/feats_fmllr_train.7.ark:6634206
fssb0_sx182 /nfs-share/xinchi/kaldi/egs/timit/s5_la5/data-fmllr-tri3/train/data/feats_fmllr_train.3.ark:13643314
fvmh0_si1466 /nfs-share/xinchi/kaldi/egs/timit/s5_la5/data-fmllr-tri3/train/data/feats_fmllr_train.3.ark:16493127
fkdw0_si1207 /nfs-share/xinchi/kaldi/egs/timit/s5_la5/data-fmllr-tri3/train/data/feats_fmllr_train.2.ark:6053993
mwrp0_sx273 /nfs-share/xinchi/kaldi/egs/timit/s5_la5/data-fmllr-tri3/train/data/feats_fmllr_train.10.ark:16633883
mbsb0_sx363 /nfs-share/xinchi/kaldi/egs/timit/s5_la5/data-fmllr-tri3/train/data/feats_fmllr_train.4.ark:7229582
fvmh0_sx296 /nfs-share/xinchi/kaldi/egs/timit/s5_la5/data-fmllr-tri3/train/data/feats_fmllr_train.3.ark:16784809
mdcm0_sx400 /nfs-share/xinchi/kaldi/egs/timit/s5_la5/data-fmllr-tri3/train/data/feats_fmllr_train.4.ark:16606491
mzmb0_sx446 /nfs-share/xinchi/kaldi/egs/timit/s5_la5/data-fmllr-tri3/train/data/feats_fmllr_train.10.ark:17896504
mklr0_sx429 /nfs-share/xinchi/kaldi/egs/timit/s5_la5/data-fmllr-tri3/train/data/feats_fmllr_train.7.ark:8115875
mmdm1_sx243 /nfs-share/xinchi/kaldi/egs/timit/s5_la5/data-fmllr-tri3/train/data/feats_fmllr_train.7.ark:16800758
mgrl0_si1497 /nfs-share/xinchi/kaldi/egs/timit/s5_la5/data-fmllr-tri3/train/data/feats_fmllr_train.6.ark:1506803
fblv0_si1058 /nfs-share/xinchi/kaldi/egs/timit/s5_la5/data-fmllr-tri3/train/data/feats_fmllr_train.1.ark:3664362
mjai0_sx74 /nfs-share/xinchi/kaldi/egs/timit/s5_la5/data-fmllr-tri3/train/data/feats_fmllr_train.6.ark:7609118
fjlr0_sx61 /nfs-share/xinchi/kaldi/egs/timit/s5_la5/data-fmllr-tri3/train/data/feats_fmllr_train.2.ark:2327691
mrtj0_sx142 /nfs-share/xinchi/kaldi/egs/timit/s5_la5/data-fmllr-tri3/train/data/feats_fmllr_train.9.ark:9359648
mwdk0_si806 /nfs-share/xinchi/kaldi/egs/timit/s5_la5/data-fmllr-tri3/train/data/feats_fmllr_train.10.ark:14967358
fbas0_sx397 /nfs-share/xinchi/kaldi/egs/timit/s5_la5/data-fmllr-tri3/train/data/feats_fmllr_train.1.ark:2416324
fdtd0_si931 /nfs-share/xinchi/kaldi/egs/timit/s5_la5/data-fmllr-tri3/train/data/feats_fmllr_train.1.ark:12689414
fapb0_sx73 /nfs-share/xinchi/kaldi/egs/timit/s5_la5/data-fmllr-tri3/train/data/feats_fmllr_train.1.ark:1997226
fgrw0_si1990 /nfs-share/xinchi/kaldi/egs/timit/s5_la5/data-fmllr-tri3/train/data/feats_fmllr_train.1.ark:17649781
mjfh0_sx207 /nfs-share/xinchi/kaldi/egs/timit/s5_la5/data-fmllr-tri3/train/data/feats_fmllr_train.6.ark:11393930
mdac0_si631 /nfs-share/xinchi/kaldi/egs/timit/s5_la5/data-fmllr-tri3/train/data/feats_fmllr_train.4.ark:14444154
mjeb0_sx296 /nfs-share/xinchi/kaldi/egs/timit/s5_la5/data-fmllr-tri3/train/data/feats_fmllr_train.6.ark:10338772
fsms1_sx154 /nfs-share/xinchi/kaldi/egs/timit/s5_la5/data-fmllr-tri3/train/data/feats_fmllr_train.3.ark:12457062
mhmr0_sx399 /nfs-share/xinchi/kaldi/egs/timit/s5_la5/data-fmllr-tri3/train/data/feats_fmllr_train.6.ark:5319820
mgsh0_si546 /nfs-share/xinchi/kaldi/egs/timit/s5_la5/data-fmllr-tri3/train/data/feats_fmllr_train.6.ark:2430332
mcxm0_sx271 /nfs-share/xinchi/kaldi/egs/timit/s5_la5/data-fmllr-tri3/train/data/feats_fmllr_train.4.ark:14189911
mwsh0_si796 /nfs-share/xinchi/kaldi/egs/timit/s5_la5/data-fmllr-tri3/train/data/feats_fmllr_train.10.ark:17245139
mdbb1_sx16 /nfs-share/xinchi/kaldi/egs/timit/s5_la5/data-fmllr-tri3/train/data/feats_fmllr_train.4.ark:15305119
fsjk1_sx305 /nfs-share/xinchi/kaldi/egs/timit/s5_la5/data-fmllr-tri3/train/data/feats_fmllr_train.3.ark:9047482
mcal0_sx58 /nfs-share/xinchi/kaldi/egs/timit/s5_la5/data-fmllr-tri3/train/data/feats_fmllr_train.4.ark:8924873
flkm0_sx260 /nfs-share/xinchi/kaldi/egs/timit/s5_la5/data-fmllr-tri3/train/data/feats_fmllr_train.2.ark:12246640
mwch0_sx272 /nfs-share/xinchi/kaldi/egs/timit/s5_la5/data-fmllr-tri3/train/data/feats_fmllr_train.10.ark:14687035
mrmh0_sx301 /nfs-share/xinchi/kaldi/egs/timit/s5_la5/data-fmllr-tri3/train/data/feats_fmllr_train.9.ark:6145484
fklh0_sx447 /nfs-share/xinchi/kaldi/egs/timit/s5_la5/data-fmllr-tri3/train/data/feats_fmllr_train.2.ark:8393802
fhlm0_sx349 /nfs-share/xinchi/kaldi/egs/timit/s5_la5/data-fmllr-tri3/train/data/feats_fmllr_train.1.ark:18235386
mwch0_sx92 /nfs-share/xinchi/kaldi/egs/timit/s5_la5/data-fmllr-tri3/train/data/feats_fmllr_train.10.ark:14825035
mtpp0_sx158 /nfs-share/xinchi/kaldi/egs/timit/s5_la5/data-fmllr-tri3/train/data/feats_fmllr_train.10.ark:9298687
mjda0_sx131 /nfs-share/xinchi/kaldi/egs/timit/s5_la5/data-fmllr-tri3/train/data/feats_fmllr_train.6.ark:8148007
mbth0_si505 /nfs-share/xinchi/kaldi/egs/timit/s5_la5/data-fmllr-tri3/train/data/feats_fmllr_train.4.ark:7375903
mtab0_si942 /nfs-share/xinchi/kaldi/egs/timit/s5_la5/data-fmllr-tri3/train/data/feats_fmllr_train.10.ark:606205
mjsr0_si2054 /nfs-share/xinchi/kaldi/egs/timit/s5_la5/data-fmllr-tri3/train/data/feats_fmllr_train.7.ark:1525550
mtdp0_sx441 /nfs-share/xinchi/kaldi/egs/timit/s5_la5/data-fmllr-tri3/train/data/feats_fmllr_train.10.ark:3576633
fsms1_si2134 /nfs-share/xinchi/kaldi/egs/timit/s5_la5/data-fmllr-tri3/train/data/feats_fmllr_train.3.ark:12357968
mrcw0_si741 /nfs-share/xinchi/kaldi/egs/timit/s5_la5/data-fmllr-tri3/train/data/feats_fmllr_train.8.ark:13797904
mbar0_si689 /nfs-share/xinchi/kaldi/egs/timit/s5_la5/data-fmllr-tri3/train/data/feats_fmllr_train.4.ark:3455784
mjjb0_sx239 /nfs-share/xinchi/kaldi/egs/timit/s5_la5/data-fmllr-tri3/train/data/feats_fmllr_train.6.ark:12529781
mejs0_si1240 /nfs-share/xinchi/kaldi/egs/timit/s5_la5/data-fmllr-tri3/train/data/feats_fmllr_train.5.ark:12598374
mafm0_si2199 /nfs-share/xinchi/kaldi/egs/timit/s5_la5/data-fmllr-tri3/train/data/feats_fmllr_train.4.ark:770076
msfh0_si1738 /nfs-share/xinchi/kaldi/egs/timit/s5_la5/data-fmllr-tri3/train/data/feats_fmllr_train.9.ark:14556237
medr0_sx24 /nfs-share/xinchi/kaldi/egs/timit/s5_la5/data-fmllr-tri3/train/data/feats_fmllr_train.5.ark:11318925
mtat0_sx210 /nfs-share/xinchi/kaldi/egs/timit/s5_la5/data-fmllr-tri3/train/data/feats_fmllr_train.10.ark:1480133
fbjl0_sx22 /nfs-share/xinchi/kaldi/egs/timit/s5_la5/data-fmllr-tri3/train/data/feats_fmllr_train.1.ark:3509560
mmws1_sx441 /nfs-share/xinchi/kaldi/egs/timit/s5_la5/data-fmllr-tri3/train/data/feats_fmllr_train.8.ark:4545125
fklc1_sx418 /nfs-share/xinchi/kaldi/egs/timit/s5_la5/data-fmllr-tri3/train/data/feats_fmllr_train.2.ark:7981105
mrjm0_si1228 /nfs-share/xinchi/kaldi/egs/timit/s5_la5/data-fmllr-tri3/train/data/feats_fmllr_train.9.ark:1734827
mdlr0_si603 /nfs-share/xinchi/kaldi/egs/timit/s5_la5/data-fmllr-tri3/train/data/feats_fmllr_train.5.ark:4750513
mkdt0_sx353 /nfs-share/xinchi/kaldi/egs/timit/s5_la5/data-fmllr-tri3/train/data/feats_fmllr_train.7.ark:6578499
mrml0_sx341 /nfs-share/xinchi/kaldi/egs/timit/s5_la5/data-fmllr-tri3/train/data/feats_fmllr_train.9.ark:6577861
fgcs0_sx226 /nfs-share/xinchi/kaldi/egs/timit/s5_la5/data-fmllr-tri3/train/data/feats_fmllr_train.1.ark:16438303
fsag0_si1323 /nfs-share/xinchi/kaldi/egs/timit/s5_la5/data-fmllr-tri3/train/data/feats_fmllr_train.3.ark:5081712
fhlm0_sx120 /nfs-share/xinchi/kaldi/egs/timit/s5_la5/data-fmllr-tri3/train/data/feats_fmllr_train.1.ark:18077065
msem1_sx180 /nfs-share/xinchi/kaldi/egs/timit/s5_la5/data-fmllr-tri3/train/data/feats_fmllr_train.9.ark:13907696
mrmg0_sx180 /nfs-share/xinchi/kaldi/egs/timit/s5_la5/data-fmllr-tri3/train/data/feats_fmllr_train.9.ark:5658972
fksr0_sx397 /nfs-share/xinchi/kaldi/egs/timit/s5_la5/data-fmllr-tri3/train/data/feats_fmllr_train.2.ark:8818525
mrmb0_si2211 /nfs-share/xinchi/kaldi/egs/timit/s5_la5/data-fmllr-tri3/train/data/feats_fmllr_train.9.ark:5188780
flja0_sx358 /nfs-share/xinchi/kaldi/egs/timit/s5_la5/data-fmllr-tri3/train/data/feats_fmllr_train.2.ark:11051777
fhlm0_si930 /nfs-share/xinchi/kaldi/egs/timit/s5_la5/data-fmllr-tri3/train/data/feats_fmllr_train.1.ark:18029998
mklw0_sx41 /nfs-share/xinchi/kaldi/egs/timit/s5_la5/data-fmllr-tri3/train/data/feats_fmllr_train.7.ark:9338154
mdpb0_sx326 /nfs-share/xinchi/kaldi/egs/timit/s5_la5/data-fmllr-tri3/train/data/feats_fmllr_train.5.ark:6944000
fkkh0_sx120 /nfs-share/xinchi/kaldi/egs/timit/s5_la5/data-fmllr-tri3/train/data/feats_fmllr_train.2.ark:7087469
fskl0_si1529 /nfs-share/xinchi/kaldi/egs/timit/s5_la5/data-fmllr-tri3/train/data/feats_fmllr_train.3.ark:10349654
mtlb0_si504 /nfs-share/xinchi/kaldi/egs/timit/s5_la5/data-fmllr-tri3/train/data/feats_fmllr_train.10.ark:6598420
fsak0_sx310 /nfs-share/xinchi/kaldi/egs/timit/s5_la5/data-fmllr-tri3/train/data/feats_fmllr_train.3.ark:6192042
mprd0_sx351 /nfs-share/xinchi/kaldi/egs/timit/s5_la5/data-fmllr-tri3/train/data/feats_fmllr_train.8.ark:9671757
mjrg0_sx286 /nfs-share/xinchi/kaldi/egs/timit/s5_la5/data-fmllr-tri3/train/data/feats_fmllr_train.6.ark:17822287
fjlg0_si1889 /nfs-share/xinchi/kaldi/egs/timit/s5_la5/data-fmllr-tri3/train/data/feats_fmllr_train.2.ark:1638832
fkde0_sx151 /nfs-share/xinchi/kaldi/egs/timit/s5_la5/data-fmllr-tri3/train/data/feats_fmllr_train.2.ark:5801858
mtpf0_si605 /nfs-share/xinchi/kaldi/egs/timit/s5_la5/data-fmllr-tri3/train/data/feats_fmllr_train.10.ark:8541906
mdps0_sx449 /nfs-share/xinchi/kaldi/egs/timit/s5_la5/data-fmllr-tri3/train/data/feats_fmllr_train.5.ark:7675181
mdlm0_sx334 /nfs-share/xinchi/kaldi/egs/timit/s5_la5/data-fmllr-tri3/train/data/feats_fmllr_train.5.ark:4542217
mmjb1_sx148 /nfs-share/xinchi/kaldi/egs/timit/s5_la5/data-fmllr-tri3/train/data/feats_fmllr_train.8.ark:1178028
mrfk0_sx446 /nfs-share/xinchi/kaldi/egs/timit/s5_la5/data-fmllr-tri3/train/data/feats_fmllr_train.8.ark:16976550
flja0_si1078 /nfs-share/xinchi/kaldi/egs/timit/s5_la5/data-fmllr-tri3/train/data/feats_fmllr_train.2.ark:10780920
fsmm0_sx54 /nfs-share/xinchi/kaldi/egs/timit/s5_la5/data-fmllr-tri3/train/data/feats_fmllr_train.3.ark:12256632
mgsh0_sx127 /nfs-share/xinchi/kaldi/egs/timit/s5_la5/data-fmllr-tri3/train/data/feats_fmllr_train.6.ark:2497079
fsdc0_sx52 /nfs-share/xinchi/kaldi/egs/timit/s5_la5/data-fmllr-tri3/train/data/feats_fmllr_train.3.ark:7531627
mdlc2_sx84 /nfs-share/xinchi/kaldi/egs/timit/s5_la5/data-fmllr-tri3/train/data/feats_fmllr_train.5.ark:3858797
mkxl0_sx375 /nfs-share/xinchi/kaldi/egs/timit/s5_la5/data-fmllr-tri3/train/data/feats_fmllr_train.7.ark:10080348
marw0_sx106 /nfs-share/xinchi/kaldi/egs/timit/s5_la5/data-fmllr-tri3/train/data/feats_fmllr_train.4.ark:3088554
mkes0_si1253 /nfs-share/xinchi/kaldi/egs/timit/s5_la5/data-fmllr-tri3/train/data/feats_fmllr_train.7.ark:6725940
mtjg0_sx440 /nfs-share/xinchi/kaldi/egs/timit/s5_la5/data-fmllr-tri3/train/data/feats_fmllr_train.10.ark:4377226
msfv0_sx362 /nfs-share/xinchi/kaldi/egs/timit/s5_la5/data-fmllr-tri3/train/data/feats_fmllr_train.9.ark:15240242
mdef0_sx393 /nfs-share/xinchi/kaldi/egs/timit/s5_la5/data-fmllr-tri3/train/data/feats_fmllr_train.5.ark:319723
mdlc1_si2065 /nfs-share/xinchi/kaldi/egs/timit/s5_la5/data-fmllr-tri3/train/data/feats_fmllr_train.5.ark:3270578
mvjh0_sx206 /nfs-share/xinchi/kaldi/egs/timit/s5_la5/data-fmllr-tri3/train/data/feats_fmllr_train.10.ark:12546210
mkls1_sx15 /nfs-share/xinchi/kaldi/egs/timit/s5_la5/data-fmllr-tri3/train/data/feats_fmllr_train.7.ark:8822175
mdcd0_sx425 /nfs-share/xinchi/kaldi/egs/timit/s5_la5/data-fmllr-tri3/train/data/feats_fmllr_train.4.ark:16199528
mtpp0_si2138 /nfs-share/xinchi/kaldi/egs/timit/s5_la5/data-fmllr-tri3/train/data/feats_fmllr_train.10.ark:9226473
fdjh0_si2195 /nfs-share/xinchi/kaldi/egs/timit/s5_la5/data-fmllr-tri3/train/data/feats_fmllr_train.1.ark:10510860
mkam0_si1465 /nfs-share/xinchi/kaldi/egs/timit/s5_la5/data-fmllr-tri3/train/data/feats_fmllr_train.7.ark:5256169
mjjm0_si1251 /nfs-share/xinchi/kaldi/egs/timit/s5_la5/data-fmllr-tri3/train/data/feats_fmllr_train.6.ark:13161626
mppc0_sx422 /nfs-share/xinchi/kaldi/egs/timit/s5_la5/data-fmllr-tri3/train/data/feats_fmllr_train.8.ark:8830550
fcrz0_si1913 /nfs-share/xinchi/kaldi/egs/timit/s5_la5/data-fmllr-tri3/train/data/feats_fmllr_train.1.ark:8563505
mrfl0_sx76 /nfs-share/xinchi/kaldi/egs/timit/s5_la5/data-fmllr-tri3/train/data/feats_fmllr_train.8.ark:17435353
mrcw0_sx381 /nfs-share/xinchi/kaldi/egs/timit/s5_la5/data-fmllr-tri3/train/data/feats_fmllr_train.8.ark:14010998
mbom0_sx204 /nfs-share/xinchi/kaldi/egs/timit/s5_la5/data-fmllr-tri3/train/data/feats_fmllr_train.4.ark:6846752
mrdm0_si965 /nfs-share/xinchi/kaldi/egs/timit/s5_la5/data-fmllr-tri3/train/data/feats_fmllr_train.8.ark:14517059
mjhi0_sx428 /nfs-share/xinchi/kaldi/egs/timit/s5_la5/data-fmllr-tri3/train/data/feats_fmllr_train.6.ark:12232657
faem0_sx312 /nfs-share/xinchi/kaldi/egs/timit/s5_la5/data-fmllr-tri3/train/data/feats_fmllr_train.1.ark:244309
mkdd0_sx217 /nfs-share/xinchi/kaldi/egs/timit/s5_la5/data-fmllr-tri3/train/data/feats_fmllr_train.7.ark:6173456
fnkl0_si2152 /nfs-share/xinchi/kaldi/egs/timit/s5_la5/data-fmllr-tri3/train/data/feats_fmllr_train.3.ark:40521
ftmg0_sx92 /nfs-share/xinchi/kaldi/egs/timit/s5_la5/data-fmllr-tri3/train/data/feats_fmllr_train.3.ark:15711544
maeb0_si2250 /nfs-share/xinchi/kaldi/egs/timit/s5_la5/data-fmllr-tri3/train/data/feats_fmllr_train.4.ark:65321
mcdd0_si883 /nfs-share/xinchi/kaldi/egs/timit/s5_la5/data-fmllr-tri3/train/data/feats_fmllr_train.4.ark:9425173
mjws0_si1143 /nfs-share/xinchi/kaldi/egs/timit/s5_la5/data-fmllr-tri3/train/data/feats_fmllr_train.7.ark:2403875
fpmy0_sx196 /nfs-share/xinchi/kaldi/egs/timit/s5_la5/data-fmllr-tri3/train/data/feats_fmllr_train.3.ark:3824633
mcef0_sx325 /nfs-share/xinchi/kaldi/egs/timit/s5_la5/data-fmllr-tri3/train/data/feats_fmllr_train.4.ark:10361368
mkdd0_si2197 /nfs-share/xinchi/kaldi/egs/timit/s5_la5/data-fmllr-tri3/train/data/feats_fmllr_train.7.ark:6006815
mmar0_sx166 /nfs-share/xinchi/kaldi/egs/timit/s5_la5/data-fmllr-tri3/train/data/feats_fmllr_train.7.ark:14354149
mtpg0_si2013 /nfs-share/xinchi/kaldi/egs/timit/s5_la5/data-fmllr-tri3/train/data/feats_fmllr_train.10.ark:8868816
mdlr0_sx333 /nfs-share/xinchi/kaldi/egs/timit/s5_la5/data-fmllr-tri3/train/data/feats_fmllr_train.5.ark:4893634
fjxp0_sx222 /nfs-share/xinchi/kaldi/egs/timit/s5_la5/data-fmllr-tri3/train/data/feats_fmllr_train.2.ark:5018250
fmem0_sx333 /nfs-share/xinchi/kaldi/egs/timit/s5_la5/data-fmllr-tri3/train/data/feats_fmllr_train.2.ark:15384272
fceg0_si618 /nfs-share/xinchi/kaldi/egs/timit/s5_la5/data-fmllr-tri3/train/data/feats_fmllr_train.1.ark:6152920
fkfb0_sx348 /nfs-share/xinchi/kaldi/egs/timit/s5_la5/data-fmllr-tri3/train/data/feats_fmllr_train.2.ark:6690026
fjsk0_sx62 /nfs-share/xinchi/kaldi/egs/timit/s5_la5/data-fmllr-tri3/train/data/feats_fmllr_train.2.ark:3615543
fdjh0_si1565 /nfs-share/xinchi/kaldi/egs/timit/s5_la5/data-fmllr-tri3/train/data/feats_fmllr_train.1.ark:10472272
mdjm0_sx105 /nfs-share/xinchi/kaldi/egs/timit/s5_la5/data-fmllr-tri3/train/data/feats_fmllr_train.5.ark:1728323
fjsk0_si1682 /nfs-share/xinchi/kaldi/egs/timit/s5_la5/data-fmllr-tri3/train/data/feats_fmllr_train.2.ark:3336661
mrlr0_si1826 /nfs-share/xinchi/kaldi/egs/timit/s5_la5/data-fmllr-tri3/train/data/feats_fmllr_train.9.ark:4853363
fmmh0_si1537 /nfs-share/xinchi/kaldi/egs/timit/s5_la5/data-fmllr-tri3/train/data/feats_fmllr_train.2.ark:17535969
mfer0_sx232 /nfs-share/xinchi/kaldi/egs/timit/s5_la5/data-fmllr-tri3/train/data/feats_fmllr_train.5.ark:14182549
mcxm0_si721 /nfs-share/xinchi/kaldi/egs/timit/s5_la5/data-fmllr-tri3/train/data/feats_fmllr_train.4.ark:14093697
mefg0_si491 /nfs-share/xinchi/kaldi/egs/timit/s5_la5/data-fmllr-tri3/train/data/feats_fmllr_train.5.ark:11461913
mewm0_si1978 /nfs-share/xinchi/kaldi/egs/timit/s5_la5/data-fmllr-tri3/train/data/feats_fmllr_train.5.ark:13729611
mses0_sx329 /nfs-share/xinchi/kaldi/egs/timit/s5_la5/data-fmllr-tri3/train/data/feats_fmllr_train.9.ark:14387168
mdlb0_si676 /nfs-share/xinchi/kaldi/egs/timit/s5_la5/data-fmllr-tri3/train/data/feats_fmllr_train.5.ark:2461851
frjb0_sx167 /nfs-share/xinchi/kaldi/egs/timit/s5_la5/data-fmllr-tri3/train/data/feats_fmllr_train.3.ark:4446961
mrtc0_sx18 /nfs-share/xinchi/kaldi/egs/timit/s5_la5/data-fmllr-tri3/train/data/feats_fmllr_train.9.ark:8978497
mgjc0_si1256 /nfs-share/xinchi/kaldi/egs/timit/s5_la5/data-fmllr-tri3/train/data/feats_fmllr_train.6.ark:1075385
mrpc1_si2112 /nfs-share/xinchi/kaldi/egs/timit/s5_la5/data-fmllr-tri3/train/data/feats_fmllr_train.9.ark:7170696
mkah0_sx178 /nfs-share/xinchi/kaldi/egs/timit/s5_la5/data-fmllr-tri3/train/data/feats_fmllr_train.7.ark:4554161
fksr0_sx161 /nfs-share/xinchi/kaldi/egs/timit/s5_la5/data-fmllr-tri3/train/data/feats_fmllr_train.2.ark:8615218
fmkc0_sx352 /nfs-share/xinchi/kaldi/egs/timit/s5_la5/data-fmllr-tri3/train/data/feats_fmllr_train.2.ark:16972153
mjrh0_sx225 /nfs-share/xinchi/kaldi/egs/timit/s5_la5/data-fmllr-tri3/train/data/feats_fmllr_train.7.ark:217563
mtqc0_si1441 /nfs-share/xinchi/kaldi/egs/timit/s5_la5/data-fmllr-tri3/train/data/feats_fmllr_train.10.ark:9943519
mpfu0_sx268 /nfs-share/xinchi/kaldi/egs/timit/s5_la5/data-fmllr-tri3/train/data/feats_fmllr_train.8.ark:6613731
msdb0_sx377 /nfs-share/xinchi/kaldi/egs/timit/s5_la5/data-fmllr-tri3/train/data/feats_fmllr_train.9.ark:12765711
mpgh0_sx384 /nfs-share/xinchi/kaldi/egs/timit/s5_la5/data-fmllr-tri3/train/data/feats_fmllr_train.8.ark:7118987
mmws0_sx78 /nfs-share/xinchi/kaldi/egs/timit/s5_la5/data-fmllr-tri3/train/data/feats_fmllr_train.8.ark:4271814
mkxl0_sx195 /nfs-share/xinchi/kaldi/egs/timit/s5_la5/data-fmllr-tri3/train/data/feats_fmllr_train.7.ark:10010374
mjjj0_sx173 /nfs-share/xinchi/kaldi/egs/timit/s5_la5/data-fmllr-tri3/train/data/feats_fmllr_train.6.ark:12913011
mkjo0_si2147 /nfs-share/xinchi/kaldi/egs/timit/s5_la5/data-fmllr-tri3/train/data/feats_fmllr_train.7.ark:7196425
mjfh0_sx117 /nfs-share/xinchi/kaldi/egs/timit/s5_la5/data-fmllr-tri3/train/data/feats_fmllr_train.6.ark:11358223
fjlr0_sx151 /nfs-share/xinchi/kaldi/egs/timit/s5_la5/data-fmllr-tri3/train/data/feats_fmllr_train.2.ark:2135264
fdml0_si2075 /nfs-share/xinchi/kaldi/egs/timit/s5_la5/data-fmllr-tri3/train/data/feats_fmllr_train.1.ark:11379483
fjlr0_sx241 /nfs-share/xinchi/kaldi/egs/timit/s5_la5/data-fmllr-tri3/train/data/feats_fmllr_train.2.ark:2187931
mrml0_sx431 /nfs-share/xinchi/kaldi/egs/timit/s5_la5/data-fmllr-tri3/train/data/feats_fmllr_train.9.ark:6634528
mmdm0_si681 /nfs-share/xinchi/kaldi/egs/timit/s5_la5/data-fmllr-tri3/train/data/feats_fmllr_train.7.ark:16349127
mjda0_sx401 /nfs-share/xinchi/kaldi/egs/timit/s5_la5/data-fmllr-tri3/train/data/feats_fmllr_train.6.ark:8273528
mrlj1_sx51 /nfs-share/xinchi/kaldi/egs/timit/s5_la5/data-fmllr-tri3/train/data/feats_fmllr_train.9.ark:4361410
mtlb0_sx144 /nfs-share/xinchi/kaldi/egs/timit/s5_la5/data-fmllr-tri3/train/data/feats_fmllr_train.10.ark:6638447
mrhl0_sx345 /nfs-share/xinchi/kaldi/egs/timit/s5_la5/data-fmllr-tri3/train/data/feats_fmllr_train.9.ark:652204
mded0_si1170 /nfs-share/xinchi/kaldi/egs/timit/s5_la5/data-fmllr-tri3/train/data/feats_fmllr_train.4.ark:16997136
mcdc0_si1292 /nfs-share/xinchi/kaldi/egs/timit/s5_la5/data-fmllr-tri3/train/data/feats_fmllr_train.4.ark:8986501
fkde0_si2221 /nfs-share/xinchi/kaldi/egs/timit/s5_la5/data-fmllr-tri3/train/data/feats_fmllr_train.2.ark:5768711
ftbr0_sx21 /nfs-share/xinchi/kaldi/egs/timit/s5_la5/data-fmllr-tri3/train/data/feats_fmllr_train.3.ark:14477400
mkln0_sx158 /nfs-share/xinchi/kaldi/egs/timit/s5_la5/data-fmllr-tri3/train/data/feats_fmllr_train.7.ark:7643736
mkes0_sx263 /nfs-share/xinchi/kaldi/egs/timit/s5_la5/data-fmllr-tri3/train/data/feats_fmllr_train.7.ark:6963649
mtat1_sx59 /nfs-share/xinchi/kaldi/egs/timit/s5_la5/data-fmllr-tri3/train/data/feats_fmllr_train.10.ark:2030190
mdlc1_sx445 /nfs-share/xinchi/kaldi/egs/timit/s5_la5/data-fmllr-tri3/train/data/feats_fmllr_train.5.ark:3504794
mdlc0_sx315 /nfs-share/xinchi/kaldi/egs/timit/s5_la5/data-fmllr-tri3/train/data/feats_fmllr_train.5.ark:3057669
mmdb0_si1617 /nfs-share/xinchi/kaldi/egs/timit/s5_la5/data-fmllr-tri3/train/data/feats_fmllr_train.7.ark:15537946
mrvg0_sx420 /nfs-share/xinchi/kaldi/egs/timit/s5_la5/data-fmllr-tri3/train/data/feats_fmllr_train.9.ark:9898986
flac0_sx361 /nfs-share/xinchi/kaldi/egs/timit/s5_la5/data-fmllr-tri3/train/data/feats_fmllr_train.2.ark:9082849
mgxp0_si1087 /nfs-share/xinchi/kaldi/egs/timit/s5_la5/data-fmllr-tri3/train/data/feats_fmllr_train.6.ark:3146228
fvmh0_si836 /nfs-share/xinchi/kaldi/egs/timit/s5_la5/data-fmllr-tri3/train/data/feats_fmllr_train.3.ark:16603902
mmws0_sx348 /nfs-share/xinchi/kaldi/egs/timit/s5_la5/data-fmllr-tri3/train/data/feats_fmllr_train.8.ark:4159761
mrjm1_si668 /nfs-share/xinchi/kaldi/egs/timit/s5_la5/data-fmllr-tri3/train/data/feats_fmllr_train.9.ark:2208352
maeo0_sx246 /nfs-share/xinchi/kaldi/egs/timit/s5_la5/data-fmllr-tri3/train/data/feats_fmllr_train.4.ark:561140
fskc0_si786 /nfs-share/xinchi/kaldi/egs/timit/s5_la5/data-fmllr-tri3/train/data/feats_fmllr_train.3.ark:10092852
mrlk0_sx213 /nfs-share/xinchi/kaldi/egs/timit/s5_la5/data-fmllr-tri3/train/data/feats_fmllr_train.9.ark:4638827
mwad0_si1749 /nfs-share/xinchi/kaldi/egs/timit/s5_la5/data-fmllr-tri3/train/data/feats_fmllr_train.10.ark:13929717
fdaw0_si1271 /nfs-share/xinchi/kaldi/egs/timit/s5_la5/data-fmllr-tri3/train/data/feats_fmllr_train.1.ark:9731036
mrso0_si2289 /nfs-share/xinchi/kaldi/egs/timit/s5_la5/data-fmllr-tri3/train/data/feats_fmllr_train.9.ark:8022970
fjxm0_si1211 /nfs-share/xinchi/kaldi/egs/timit/s5_la5/data-fmllr-tri3/train/data/feats_fmllr_train.2.ark:4400324
mrbc0_sx419 /nfs-share/xinchi/kaldi/egs/timit/s5_la5/data-fmllr-tri3/train/data/feats_fmllr_train.8.ark:13145738
fklh0_sx267 /nfs-share/xinchi/kaldi/egs/timit/s5_la5/data-fmllr-tri3/train/data/feats_fmllr_train.2.ark:8280948
mrav0_sx18 /nfs-share/xinchi/kaldi/egs/timit/s5_la5/data-fmllr-tri3/train/data/feats_fmllr_train.8.ark:12694906
mtkd0_sx107 /nfs-share/xinchi/kaldi/egs/timit/s5_la5/data-fmllr-tri3/train/data/feats_fmllr_train.10.ark:5852733
mmea0_sx398 /nfs-share/xinchi/kaldi/egs/timit/s5_la5/data-fmllr-tri3/train/data/feats_fmllr_train.7.ark:17610552
mgaw0_sx265 /nfs-share/xinchi/kaldi/egs/timit/s5_la5/data-fmllr-tri3/train/data/feats_fmllr_train.6.ark:605940
mtdp0_si2151 /nfs-share/xinchi/kaldi/egs/timit/s5_la5/data-fmllr-tri3/train/data/feats_fmllr_train.10.ark:3324845
mdks0_si1066 /nfs-share/xinchi/kaldi/egs/timit/s5_la5/data-fmllr-tri3/train/data/feats_fmllr_train.5.ark:1926538
mrgm0_sx82 /nfs-share/xinchi/kaldi/egs/timit/s5_la5/data-fmllr-tri3/train/data/feats_fmllr_train.8.ark:17914130
fklc0_sx355 /nfs-share/xinchi/kaldi/egs/timit/s5_la5/data-fmllr-tri3/train/data/feats_fmllr_train.2.ark:7578300
fnkl0_sx196 /nfs-share/xinchi/kaldi/egs/timit/s5_la5/data-fmllr-tri3/train/data/feats_fmllr_train.3.ark:207642
mtpg0_sx393 /nfs-share/xinchi/kaldi/egs/timit/s5_la5/data-fmllr-tri3/train/data/feats_fmllr_train.10.ark:9120657
mkls0_sx357 /nfs-share/xinchi/kaldi/egs/timit/s5_la5/data-fmllr-tri3/train/data/feats_fmllr_train.7.ark:8477826
mtml0_si2325 /nfs-share/xinchi/kaldi/egs/timit/s5_la5/data-fmllr-tri3/train/data/feats_fmllr_train.10.ark:7343815
frjb0_si1427 /nfs-share/xinchi/kaldi/egs/timit/s5_la5/data-fmllr-tri3/train/data/feats_fmllr_train.3.ark:4352158
mrtc0_sx198 /nfs-share/xinchi/kaldi/egs/timit/s5_la5/data-fmllr-tri3/train/data/feats_fmllr_train.9.ark:9026044
mntw0_sx168 /nfs-share/xinchi/kaldi/egs/timit/s5_la5/data-fmllr-tri3/train/data/feats_fmllr_train.8.ark:5514973
mjdm0_sx80 /nfs-share/xinchi/kaldi/egs/timit/s5_la5/data-fmllr-tri3/train/data/feats_fmllr_train.6.ark:10004662
mmgc0_si1305 /nfs-share/xinchi/kaldi/egs/timit/s5_la5/data-fmllr-tri3/train/data/feats_fmllr_train.8.ark:13
mppc0_si782 /nfs-share/xinchi/kaldi/egs/timit/s5_la5/data-fmllr-tri3/train/data/feats_fmllr_train.8.ark:8648522
mjmd0_sx218 /nfs-share/xinchi/kaldi/egs/timit/s5_la5/data-fmllr-tri3/train/data/feats_fmllr_train.6.ark:15578879
mvjh0_sx386 /nfs-share/xinchi/kaldi/egs/timit/s5_la5/data-fmllr-tri3/train/data/feats_fmllr_train.10.ark:12665970
mwar0_sx325 /nfs-share/xinchi/kaldi/egs/timit/s5_la5/data-fmllr-tri3/train/data/feats_fmllr_train.10.ark:14414204
mmrp0_si717 /nfs-share/xinchi/kaldi/egs/timit/s5_la5/data-fmllr-tri3/train/data/feats_fmllr_train.8.ark:2177185
faem0_si762 /nfs-share/xinchi/kaldi/egs/timit/s5_la5/data-fmllr-tri3/train/data/feats_fmllr_train.1.ark:111588
mvlo0_sx337 /nfs-share/xinchi/kaldi/egs/timit/s5_la5/data-fmllr-tri3/train/data/feats_fmllr_train.10.ark:12949974
fbmj0_sx246 /nfs-share/xinchi/kaldi/egs/timit/s5_la5/data-fmllr-tri3/train/data/feats_fmllr_train.1.ark:4683305
mdbb1_si2056 /nfs-share/xinchi/kaldi/egs/timit/s5_la5/data-fmllr-tri3/train/data/feats_fmllr_train.4.ark:15208106
mprd0_si2061 /nfs-share/xinchi/kaldi/egs/timit/s5_la5/data-fmllr-tri3/train/data/feats_fmllr_train.8.ark:9443649
mbbr0_si1055 /nfs-share/xinchi/kaldi/egs/timit/s5_la5/data-fmllr-tri3/train/data/feats_fmllr_train.4.ark:3752266
fcjs0_si2237 /nfs-share/xinchi/kaldi/egs/timit/s5_la5/data-fmllr-tri3/train/data/feats_fmllr_train.1.ark:6728207
mrkm0_sx97 /nfs-share/xinchi/kaldi/egs/timit/s5_la5/data-fmllr-tri3/train/data/feats_fmllr_train.9.ark:3340918
mgxp0_sx7 /nfs-share/xinchi/kaldi/egs/timit/s5_la5/data-fmllr-tri3/train/data/feats_fmllr_train.6.ark:3475828
mdbp0_si1158 /nfs-share/xinchi/kaldi/egs/timit/s5_la5/data-fmllr-tri3/train/data/feats_fmllr_train.4.ark:15474348
msas0_si1376 /nfs-share/xinchi/kaldi/egs/timit/s5_la5/data-fmllr-tri3/train/data/feats_fmllr_train.9.ark:11413989
mjws0_sx63 /nfs-share/xinchi/kaldi/egs/timit/s5_la5/data-fmllr-tri3/train/data/feats_fmllr_train.7.ark:2774944
mkag0_si2239 /nfs-share/xinchi/kaldi/egs/timit/s5_la5/data-fmllr-tri3/train/data/feats_fmllr_train.7.ark:4075651
mpmb0_si871 /nfs-share/xinchi/kaldi/egs/timit/s5_la5/data-fmllr-tri3/train/data/feats_fmllr_train.8.ark:8082705
mgrl0_si2127 /nfs-share/xinchi/kaldi/egs/timit/s5_la5/data-fmllr-tri3/train/data/feats_fmllr_train.6.ark:1544751
mrws0_sx292 /nfs-share/xinchi/kaldi/egs/timit/s5_la5/data-fmllr-tri3/train/data/feats_fmllr_train.9.ark:10611259
fsrh0_sx401 /nfs-share/xinchi/kaldi/egs/timit/s5_la5/data-fmllr-tri3/train/data/feats_fmllr_train.3.ark:13389577
fscn0_si1886 /nfs-share/xinchi/kaldi/egs/timit/s5_la5/data-fmllr-tri3/train/data/feats_fmllr_train.3.ark:6762261
mchl0_sx357 /nfs-share/xinchi/kaldi/egs/timit/s5_la5/data-fmllr-tri3/train/data/feats_fmllr_train.4.ark:11236843
mjpg0_sx291 /nfs-share/xinchi/kaldi/egs/timit/s5_la5/data-fmllr-tri3/train/data/feats_fmllr_train.6.ark:16371686
mbef0_si1911 /nfs-share/xinchi/kaldi/egs/timit/s5_la5/data-fmllr-tri3/train/data/feats_fmllr_train.4.ark:4524728
mjai0_sx164 /nfs-share/xinchi/kaldi/egs/timit/s5_la5/data-fmllr-tri3/train/data/feats_fmllr_train.6.ark:7453971
mkln0_si968 /nfs-share/xinchi/kaldi/egs/timit/s5_la5/data-fmllr-tri3/train/data/feats_fmllr_train.7.ark:7583229
fssb0_si2342 /nfs-share/xinchi/kaldi/egs/timit/s5_la5/data-fmllr-tri3/train/data/feats_fmllr_train.3.ark:13619287
fntb0_si679 /nfs-share/xinchi/kaldi/egs/timit/s5_la5/data-fmllr-tri3/train/data/feats_fmllr_train.3.ark:458684
mtab0_si1572 /nfs-share/xinchi/kaldi/egs/timit/s5_la5/data-fmllr-tri3/train/data/feats_fmllr_train.10.ark:481670
mhrm0_sx148 /nfs-share/xinchi/kaldi/egs/timit/s5_la5/data-fmllr-tri3/train/data/feats_fmllr_train.6.ark:5479290
fcjf0_sx217 /nfs-share/xinchi/kaldi/egs/timit/s5_la5/data-fmllr-tri3/train/data/feats_fmllr_train.1.ark:6575111
mjdm0_sx440 /nfs-share/xinchi/kaldi/egs/timit/s5_la5/data-fmllr-tri3/train/data/feats_fmllr_train.6.ark:9943036
fcmm0_sx183 /nfs-share/xinchi/kaldi/egs/timit/s5_la5/data-fmllr-tri3/train/data/feats_fmllr_train.1.ark:8344010
mrai0_sx162 /nfs-share/xinchi/kaldi/egs/timit/s5_la5/data-fmllr-tri3/train/data/feats_fmllr_train.8.ark:11888204
mtrt0_sx147 /nfs-share/xinchi/kaldi/egs/timit/s5_la5/data-fmllr-tri3/train/data/feats_fmllr_train.10.ark:11359291
mklw0_si2201 /nfs-share/xinchi/kaldi/egs/timit/s5_la5/data-fmllr-tri3/train/data/feats_fmllr_train.7.ark:9096900
mbom0_si1014 /nfs-share/xinchi/kaldi/egs/timit/s5_la5/data-fmllr-tri3/train/data/feats_fmllr_train.4.ark:6679922
mjde0_sx400 /nfs-share/xinchi/kaldi/egs/timit/s5_la5/data-fmllr-tri3/train/data/feats_fmllr_train.6.ark:9187907
fsrh0_sx221 /nfs-share/xinchi/kaldi/egs/timit/s5_la5/data-fmllr-tri3/train/data/feats_fmllr_train.3.ark:13264403
ftbw0_si1345 /nfs-share/xinchi/kaldi/egs/timit/s5_la5/data-fmllr-tri3/train/data/feats_fmllr_train.3.ark:14590442
fgcs0_si1486 /nfs-share/xinchi/kaldi/egs/timit/s5_la5/data-fmllr-tri3/train/data/feats_fmllr_train.1.ark:16249234
mesg0_sx432 /nfs-share/xinchi/kaldi/egs/timit/s5_la5/data-fmllr-tri3/train/data/feats_fmllr_train.5.ark:13267074
mdcd0_sx155 /nfs-share/xinchi/kaldi/egs/timit/s5_la5/data-fmllr-tri3/train/data/feats_fmllr_train.4.ark:16042807
msdb0_si2267 /nfs-share/xinchi/kaldi/egs/timit/s5_la5/data-fmllr-tri3/train/data/feats_fmllr_train.9.ark:12616777
mmwb0_si1619 /nfs-share/xinchi/kaldi/egs/timit/s5_la5/data-fmllr-tri3/train/data/feats_fmllr_train.8.ark:3435089
mefg0_sx195 /nfs-share/xinchi/kaldi/egs/timit/s5_la5/data-fmllr-tri3/train/data/feats_fmllr_train.5.ark:11691460
mpar0_si1576 /nfs-share/xinchi/kaldi/egs/timit/s5_la5/data-fmllr-tri3/train/data/feats_fmllr_train.8.ark:5741028
fjen0_sx57 /nfs-share/xinchi/kaldi/egs/timit/s5_la5/data-fmllr-tri3/train/data/feats_fmllr_train.2.ark:812901
mprd0_sx261 /nfs-share/xinchi/kaldi/egs/timit/s5_la5/data-fmllr-tri3/train/data/feats_fmllr_train.8.ark:9632050
mpgr1_sx149 /nfs-share/xinchi/kaldi/egs/timit/s5_la5/data-fmllr-tri3/train/data/feats_fmllr_train.8.ark:7646675
mppc0_sx62 /nfs-share/xinchi/kaldi/egs/timit/s5_la5/data-fmllr-tri3/train/data/feats_fmllr_train.8.ark:8882416
mrew1_sx240 /nfs-share/xinchi/kaldi/egs/timit/s5_la5/data-fmllr-tri3/train/data/feats_fmllr_train.8.ark:16503798
mhrm0_sx418 /nfs-share/xinchi/kaldi/egs/timit/s5_la5/data-fmllr-tri3/train/data/feats_fmllr_train.6.ark:5609131
mpsw0_sx24 /nfs-share/xinchi/kaldi/egs/timit/s5_la5/data-fmllr-tri3/train/data/feats_fmllr_train.8.ark:10784700
flac0_sx271 /nfs-share/xinchi/kaldi/egs/timit/s5_la5/data-fmllr-tri3/train/data/feats_fmllr_train.2.ark:9044422
mdwd0_sx360 /nfs-share/xinchi/kaldi/egs/timit/s5_la5/data-fmllr-tri3/train/data/feats_fmllr_train.5.ark:9805737
fklc1_sx238 /nfs-share/xinchi/kaldi/egs/timit/s5_la5/data-fmllr-tri3/train/data/feats_fmllr_train.2.ark:7885371
fapb0_sx433 /nfs-share/xinchi/kaldi/egs/timit/s5_la5/data-fmllr-tri3/train/data/feats_fmllr_train.1.ark:1928400
mtkp0_sx303 /nfs-share/xinchi/kaldi/egs/timit/s5_la5/data-fmllr-tri3/train/data/feats_fmllr_train.10.ark:6382124
mmar0_sx436 /nfs-share/xinchi/kaldi/egs/timit/s5_la5/data-fmllr-tri3/train/data/feats_fmllr_train.7.ark:14568310
fjhk0_si1022 /nfs-share/xinchi/kaldi/egs/timit/s5_la5/data-fmllr-tri3/train/data/feats_fmllr_train.2.ark:864449
mrem0_sx241 /nfs-share/xinchi/kaldi/egs/timit/s5_la5/data-fmllr-tri3/train/data/feats_fmllr_train.8.ark:16169661
mlbc0_sx339 /nfs-share/xinchi/kaldi/egs/timit/s5_la5/data-fmllr-tri3/train/data/feats_fmllr_train.7.ark:10368992
mrfl0_si526 /nfs-share/xinchi/kaldi/egs/timit/s5_la5/data-fmllr-tri3/train/data/feats_fmllr_train.8.ark:17160499
mbma1_sx54 /nfs-share/xinchi/kaldi/egs/timit/s5_la5/data-fmllr-tri3/train/data/feats_fmllr_train.4.ark:6271197
mkdd0_si1567 /nfs-share/xinchi/kaldi/egs/timit/s5_la5/data-fmllr-tri3/train/data/feats_fmllr_train.7.ark:5940067
mdsj0_sx292 /nfs-share/xinchi/kaldi/egs/timit/s5_la5/data-fmllr-tri3/train/data/feats_fmllr_train.5.ark:8430627
mbgt0_sx351 /nfs-share/xinchi/kaldi/egs/timit/s5_la5/data-fmllr-tri3/train/data/feats_fmllr_train.4.ark:5047133
mwsb0_sx186 /nfs-share/xinchi/kaldi/egs/timit/s5_la5/data-fmllr-tri3/train/data/feats_fmllr_train.10.ark:16945271
mtas0_sx305 /nfs-share/xinchi/kaldi/egs/timit/s5_la5/data-fmllr-tri3/train/data/feats_fmllr_train.10.ark:1132423
mhmr0_si489 /nfs-share/xinchi/kaldi/egs/timit/s5_la5/data-fmllr-tri3/train/data/feats_fmllr_train.6.ark:5070566
mtab0_sx42 /nfs-share/xinchi/kaldi/egs/timit/s5_la5/data-fmllr-tri3/train/data/feats_fmllr_train.10.ark:901379
mdcd0_si2045 /nfs-share/xinchi/kaldi/egs/timit/s5_la5/data-fmllr-tri3/train/data/feats_fmllr_train.4.ark:15932673
mbar0_sx149 /nfs-share/xinchi/kaldi/egs/timit/s5_la5/data-fmllr-tri3/train/data/feats_fmllr_train.4.ark:3512771
mrds0_sx87 /nfs-share/xinchi/kaldi/egs/timit/s5_la5/data-fmllr-tri3/train/data/feats_fmllr_train.8.ark:15095490
flac0_sx451 /nfs-share/xinchi/kaldi/egs/timit/s5_la5/data-fmllr-tri3/train/data/feats_fmllr_train.2.ark:9123676
fklc1_sx148 /nfs-share/xinchi/kaldi/egs/timit/s5_la5/data-fmllr-tri3/train/data/feats_fmllr_train.2.ark:7841024
mkes0_sx443 /nfs-share/xinchi/kaldi/egs/timit/s5_la5/data-fmllr-tri3/train/data/feats_fmllr_train.7.ark:7061143
mcss0_sx30 /nfs-share/xinchi/kaldi/egs/timit/s5_la5/data-fmllr-tri3/train/data/feats_fmllr_train.4.ark:13116486
msfh0_sx136 /nfs-share/xinchi/kaldi/egs/timit/s5_la5/data-fmllr-tri3/train/data/feats_fmllr_train.9.ark:14698531
mtju0_si2020 /nfs-share/xinchi/kaldi/egs/timit/s5_la5/data-fmllr-tri3/train/data/feats_fmllr_train.10.ark:5304434
mkdt0_sx83 /nfs-share/xinchi/kaldi/egs/timit/s5_la5/data-fmllr-tri3/train/data/feats_fmllr_train.7.ark:6684152
fskc0_sx246 /nfs-share/xinchi/kaldi/egs/timit/s5_la5/data-fmllr-tri3/train/data/feats_fmllr_train.3.ark:10161386
fecd0_sx338 /nfs-share/xinchi/kaldi/egs/timit/s5_la5/data-fmllr-tri3/train/data/feats_fmllr_train.1.ark:14438044
mtpg0_si1383 /nfs-share/xinchi/kaldi/egs/timit/s5_la5/data-fmllr-tri3/train/data/feats_fmllr_train.10.ark:8808948
fsls0_sx426 /nfs-share/xinchi/kaldi/egs/timit/s5_la5/data-fmllr-tri3/train/data/feats_fmllr_train.3.ark:11387052
mrfk0_sx86 /nfs-share/xinchi/kaldi/egs/timit/s5_la5/data-fmllr-tri3/train/data/feats_fmllr_train.8.ark:17016736
fjlr0_sx421 /nfs-share/xinchi/kaldi/egs/timit/s5_la5/data-fmllr-tri3/train/data/feats_fmllr_train.2.ark:2283185
mdlc1_sx265 /nfs-share/xinchi/kaldi/egs/timit/s5_la5/data-fmllr-tri3/train/data/feats_fmllr_train.5.ark:3421060
mgar0_si1842 /nfs-share/xinchi/kaldi/egs/timit/s5_la5/data-fmllr-tri3/train/data/feats_fmllr_train.6.ark:93829
fpmy0_sx253 /nfs-share/xinchi/kaldi/egs/timit/s5_la5/data-fmllr-tri3/train/data/feats_fmllr_train.3.ark:3859700
flod0_si1287 /nfs-share/xinchi/kaldi/egs/timit/s5_la5/data-fmllr-tri3/train/data/feats_fmllr_train.2.ark:13583560
fdnc0_sx18 /nfs-share/xinchi/kaldi/egs/timit/s5_la5/data-fmllr-tri3/train/data/feats_fmllr_train.1.ark:12379810
fcag0_sx333 /nfs-share/xinchi/kaldi/egs/timit/s5_la5/data-fmllr-tri3/train/data/feats_fmllr_train.1.ark:5084510
mcew0_sx272 /nfs-share/xinchi/kaldi/egs/timit/s5_la5/data-fmllr-tri3/train/data/feats_fmllr_train.4.ark:10734198
mfmc0_sx412 /nfs-share/xinchi/kaldi/egs/timit/s5_la5/data-fmllr-tri3/train/data/feats_fmllr_train.5.ark:14658340
fkdw0_si577 /nfs-share/xinchi/kaldi/egs/timit/s5_la5/data-fmllr-tri3/train/data/feats_fmllr_train.2.ark:6209568
fklc0_sx445 /nfs-share/xinchi/kaldi/egs/timit/s5_la5/data-fmllr-tri3/train/data/feats_fmllr_train.2.ark:7620887
mtpg0_sx213 /nfs-share/xinchi/kaldi/egs/timit/s5_la5/data-fmllr-tri3/train/data/feats_fmllr_train.10.ark:9004097
mrlk0_sx123 /nfs-share/xinchi/kaldi/egs/timit/s5_la5/data-fmllr-tri3/train/data/feats_fmllr_train.9.ark:4587120
mpgr1_sx59 /nfs-share/xinchi/kaldi/egs/timit/s5_la5/data-fmllr-tri3/train/data/feats_fmllr_train.8.ark:7852222
mmdg0_sx160 /nfs-share/xinchi/kaldi/egs/timit/s5_la5/data-fmllr-tri3/train/data/feats_fmllr_train.7.ark:15979657
mdlc2_sx264 /nfs-share/xinchi/kaldi/egs/timit/s5_la5/data-fmllr-tri3/train/data/feats_fmllr_train.5.ark:3739197
mrso0_sx129 /nfs-share/xinchi/kaldi/egs/timit/s5_la5/data-fmllr-tri3/train/data/feats_fmllr_train.9.ark:8069237
mgaf0_si652 /nfs-share/xinchi/kaldi/egs/timit/s5_la5/data-fmllr-tri3/train/data/feats_fmllr_train.5.ark:16359640
mjrh1_si514 /nfs-share/xinchi/kaldi/egs/timit/s5_la5/data-fmllr-tri3/train/data/feats_fmllr_train.7.ark:503326
mbjv0_si1877 /nfs-share/xinchi/kaldi/egs/timit/s5_la5/data-fmllr-tri3/train/data/feats_fmllr_train.4.ark:5243722
mrew1_sx330 /nfs-share/xinchi/kaldi/egs/timit/s5_la5/data-fmllr-tri3/train/data/feats_fmllr_train.8.ark:16549745
mwsh0_sx346 /nfs-share/xinchi/kaldi/egs/timit/s5_la5/data-fmllr-tri3/train/data/feats_fmllr_train.10.ark:17437060
mhjb0_si2277 /nfs-share/xinchi/kaldi/egs/timit/s5_la5/data-fmllr-tri3/train/data/feats_fmllr_train.6.ark:4382932
fapb0_sx343 /nfs-share/xinchi/kaldi/egs/timit/s5_la5/data-fmllr-tri3/train/data/feats_fmllr_train.1.ark:1865653
feac0_sx345 /nfs-share/xinchi/kaldi/egs/timit/s5_la5/data-fmllr-tri3/train/data/feats_fmllr_train.1.ark:13598250
fjhk0_sx302 /nfs-share/xinchi/kaldi/egs/timit/s5_la5/data-fmllr-tri3/train/data/feats_fmllr_train.2.ark:1122026
mjai0_sx434 /nfs-share/xinchi/kaldi/egs/timit/s5_la5/data-fmllr-tri3/train/data/feats_fmllr_train.6.ark:7573412
mrgm0_si532 /nfs-share/xinchi/kaldi/egs/timit/s5_la5/data-fmllr-tri3/train/data/feats_fmllr_train.8.ark:17597196
mwad0_sx162 /nfs-share/xinchi/kaldi/egs/timit/s5_la5/data-fmllr-tri3/train/data/feats_fmllr_train.10.ark:13985292
mjda0_si1031 /nfs-share/xinchi/kaldi/egs/timit/s5_la5/data-fmllr-tri3/train/data/feats_fmllr_train.6.ark:8039444
fsdc0_si2234 /nfs-share/xinchi/kaldi/egs/timit/s5_la5/data-fmllr-tri3/train/data/feats_fmllr_train.3.ark:7332773
mgsh0_sx6 /nfs-share/xinchi/kaldi/egs/timit/s5_la5/data-fmllr-tri3/train/data/feats_fmllr_train.6.ark:2620678
fmkf0_sx366 /nfs-share/xinchi/kaldi/egs/timit/s5_la5/data-fmllr-tri3/train/data/feats_fmllr_train.2.ark:17384530
mwdk0_sx86 /nfs-share/xinchi/kaldi/egs/timit/s5_la5/data-fmllr-tri3/train/data/feats_fmllr_train.10.ark:15210212
fcmm0_sx363 /nfs-share/xinchi/kaldi/egs/timit/s5_la5/data-fmllr-tri3/train/data/feats_fmllr_train.1.ark:8416384
mjda0_si2291 /nfs-share/xinchi/kaldi/egs/timit/s5_la5/data-fmllr-tri3/train/data/feats_fmllr_train.6.ark:8096300
fssb0_sx362 /nfs-share/xinchi/kaldi/egs/timit/s5_la5/data-fmllr-tri3/train/data/feats_fmllr_train.3.ark:13728008
fskl0_sx359 /nfs-share/xinchi/kaldi/egs/timit/s5_la5/data-fmllr-tri3/train/data/feats_fmllr_train.3.ark:10586110
fdas1_sx291 /nfs-share/xinchi/kaldi/egs/timit/s5_la5/data-fmllr-tri3/train/data/feats_fmllr_train.1.ark:9649061
mtrr0_sx18 /nfs-share/xinchi/kaldi/egs/timit/s5_la5/data-fmllr-tri3/train/data/feats_fmllr_train.10.ark:10994620
fksr0_sx217 /nfs-share/xinchi/kaldi/egs/timit/s5_la5/data-fmllr-tri3/train/data/feats_fmllr_train.2.ark:8679245
mbom0_sx311 /nfs-share/xinchi/kaldi/egs/timit/s5_la5/data-fmllr-tri3/train/data/feats_fmllr_train.4.ark:6923286
mrhl0_si885 /nfs-share/xinchi/kaldi/egs/timit/s5_la5/data-fmllr-tri3/train/data/feats_fmllr_train.9.ark:513563
mnet0_sx6 /nfs-share/xinchi/kaldi/egs/timit/s5_la5/data-fmllr-tri3/train/data/feats_fmllr_train.8.ark:5245556
ftmg0_sx452 /nfs-share/xinchi/kaldi/egs/timit/s5_la5/data-fmllr-tri3/train/data/feats_fmllr_train.3.ark:15658718
msfh0_sx316 /nfs-share/xinchi/kaldi/egs/timit/s5_la5/data-fmllr-tri3/train/data/feats_fmllr_train.9.ark:14820025
feeh0_sx212 /nfs-share/xinchi/kaldi/egs/timit/s5_la5/data-fmllr-tri3/train/data/feats_fmllr_train.1.ark:14798074
fdkn0_si1081 /nfs-share/xinchi/kaldi/egs/timit/s5_la5/data-fmllr-tri3/train/data/feats_fmllr_train.1.ark:10838089
fjxp0_si492 /nfs-share/xinchi/kaldi/egs/timit/s5_la5/data-fmllr-tri3/train/data/feats_fmllr_train.2.ark:4951316
mdma0_si1430 /nfs-share/xinchi/kaldi/egs/timit/s5_la5/data-fmllr-tri3/train/data/feats_fmllr_train.5.ark:5503720
mjmm0_sx265 /nfs-share/xinchi/kaldi/egs/timit/s5_la5/data-fmllr-tri3/train/data/feats_fmllr_train.6.ark:15956216
fmjf0_sx354 /nfs-share/xinchi/kaldi/egs/timit/s5_la5/data-fmllr-tri3/train/data/feats_fmllr_train.2.ark:16170438
mdlb0_sx136 /nfs-share/xinchi/kaldi/egs/timit/s5_la5/data-fmllr-tri3/train/data/feats_fmllr_train.5.ark:2493238
mkls0_si2067 /nfs-share/xinchi/kaldi/egs/timit/s5_la5/data-fmllr-tri3/train/data/feats_fmllr_train.7.ark:8317585
mses0_si2216 /nfs-share/xinchi/kaldi/egs/timit/s5_la5/data-fmllr-tri3/train/data/feats_fmllr_train.9.ark:14224979
mjde0_si463 /nfs-share/xinchi/kaldi/egs/timit/s5_la5/data-fmllr-tri3/train/data/feats_fmllr_train.6.ark:8827426
mtqc0_si480 /nfs-share/xinchi/kaldi/egs/timit/s5_la5/data-fmllr-tri3/train/data/feats_fmllr_train.10.ark:10112694
mdsj0_sx22 /nfs-share/xinchi/kaldi/egs/timit/s5_la5/data-fmllr-tri3/train/data/feats_fmllr_train.5.ark:8394280
mtrt0_sx57 /nfs-share/xinchi/kaldi/egs/timit/s5_la5/data-fmllr-tri3/train/data/feats_fmllr_train.10.ark:11511558
fcmm0_si1957 /nfs-share/xinchi/kaldi/egs/timit/s5_la5/data-fmllr-tri3/train/data/feats_fmllr_train.1.ark:8235956
flag0_si2094 /nfs-share/xinchi/kaldi/egs/timit/s5_la5/data-fmllr-tri3/train/data/feats_fmllr_train.2.ark:9301838
mjrh0_si1125 /nfs-share/xinchi/kaldi/egs/timit/s5_la5/data-fmllr-tri3/train/data/feats_fmllr_train.7.ark:13
fmkf0_sx96 /nfs-share/xinchi/kaldi/egs/timit/s5_la5/data-fmllr-tri3/train/data/feats_fmllr_train.2.ark:17483781
mrtc0_si2088 /nfs-share/xinchi/kaldi/egs/timit/s5_la5/data-fmllr-tri3/train/data/feats_fmllr_train.9.ark:8826097
mjxa0_si2137 /nfs-share/xinchi/kaldi/egs/timit/s5_la5/data-fmllr-tri3/train/data/feats_fmllr_train.7.ark:3309617
mtlb0_si1764 /nfs-share/xinchi/kaldi/egs/timit/s5_la5/data-fmllr-tri3/train/data/feats_fmllr_train.10.ark:6569273
frll0_sx434 /nfs-share/xinchi/kaldi/egs/timit/s5_la5/data-fmllr-tri3/train/data/feats_fmllr_train.3.ark:5002618
mesg0_si1962 /nfs-share/xinchi/kaldi/egs/timit/s5_la5/data-fmllr-tri3/train/data/feats_fmllr_train.5.ark:13020539
flmc0_sx336 /nfs-share/xinchi/kaldi/egs/timit/s5_la5/data-fmllr-tri3/train/data/feats_fmllr_train.2.ark:13094967
mtrt0_si597 /nfs-share/xinchi/kaldi/egs/timit/s5_la5/data-fmllr-tri3/train/data/feats_fmllr_train.10.ark:11320064
mrds0_si1797 /nfs-share/xinchi/kaldi/egs/timit/s5_la5/data-fmllr-tri3/train/data/feats_fmllr_train.8.ark:14817409
mpeb0_sx420 /nfs-share/xinchi/kaldi/egs/timit/s5_la5/data-fmllr-tri3/train/data/feats_fmllr_train.8.ark:6310048
fapb0_si2323 /nfs-share/xinchi/kaldi/egs/timit/s5_la5/data-fmllr-tri3/train/data/feats_fmllr_train.1.ark:1679812
fetb0_sx428 /nfs-share/xinchi/kaldi/egs/timit/s5_la5/data-fmllr-tri3/train/data/feats_fmllr_train.1.ark:15697602
fkdw0_sx307 /nfs-share/xinchi/kaldi/egs/timit/s5_la5/data-fmllr-tri3/train/data/feats_fmllr_train.2.ark:6313969
mcth0_sx129 /nfs-share/xinchi/kaldi/egs/timit/s5_la5/data-fmllr-tri3/train/data/feats_fmllr_train.4.ark:13379530
fpls0_si2220 /nfs-share/xinchi/kaldi/egs/timit/s5_la5/data-fmllr-tri3/train/data/feats_fmllr_train.3.ark:3242097
mgak0_sx316 /nfs-share/xinchi/kaldi/egs/timit/s5_la5/data-fmllr-tri3/train/data/feats_fmllr_train.5.ark:17209115
mhjb0_sx207 /nfs-share/xinchi/kaldi/egs/timit/s5_la5/data-fmllr-tri3/train/data/feats_fmllr_train.6.ark:4480906
fcjf0_sx307 /nfs-share/xinchi/kaldi/egs/timit/s5_la5/data-fmllr-tri3/train/data/feats_fmllr_train.1.ark:6602498
mrdm0_si1044 /nfs-share/xinchi/kaldi/egs/timit/s5_la5/data-fmllr-tri3/train/data/feats_fmllr_train.8.ark:14410124
majp0_si2334 /nfs-share/xinchi/kaldi/egs/timit/s5_la5/data-fmllr-tri3/train/data/feats_fmllr_train.4.ark:1167921
mjjb0_si1769 /nfs-share/xinchi/kaldi/egs/timit/s5_la5/data-fmllr-tri3/train/data/feats_fmllr_train.6.ark:12430047
mrre0_si952 /nfs-share/xinchi/kaldi/egs/timit/s5_la5/data-fmllr-tri3/train/data/feats_fmllr_train.9.ark:7553152
mmea0_si758 /nfs-share/xinchi/kaldi/egs/timit/s5_la5/data-fmllr-tri3/train/data/feats_fmllr_train.7.ark:17396818
mdrd0_sx122 /nfs-share/xinchi/kaldi/egs/timit/s5_la5/data-fmllr-tri3/train/data/feats_fmllr_train.5.ark:7938197
ftaj0_si699 /nfs-share/xinchi/kaldi/egs/timit/s5_la5/data-fmllr-tri3/train/data/feats_fmllr_train.3.ark:13980303
mntw0_si1068 /nfs-share/xinchi/kaldi/egs/timit/s5_la5/data-fmllr-tri3/train/data/feats_fmllr_train.8.ark:5322090
mdac0_sx361 /nfs-share/xinchi/kaldi/egs/timit/s5_la5/data-fmllr-tri3/train/data/feats_fmllr_train.4.ark:14627755
msjk0_sx336 /nfs-share/xinchi/kaldi/egs/timit/s5_la5/data-fmllr-tri3/train/data/feats_fmllr_train.9.ark:15666219
mbbr0_sx155 /nfs-share/xinchi/kaldi/egs/timit/s5_la5/data-fmllr-tri3/train/data/feats_fmllr_train.4.ark:3894429
mpmb0_sx241 /nfs-share/xinchi/kaldi/egs/timit/s5_la5/data-fmllr-tri3/train/data/feats_fmllr_train.8.ark:8248839
mjai0_sx344 /nfs-share/xinchi/kaldi/egs/timit/s5_la5/data-fmllr-tri3/train/data/feats_fmllr_train.6.ark:7536425
mwre0_sx67 /nfs-share/xinchi/kaldi/egs/timit/s5_la5/data-fmllr-tri3/train/data/feats_fmllr_train.10.ark:16347665
fsbk0_si1699 /nfs-share/xinchi/kaldi/egs/timit/s5_la5/data-fmllr-tri3/train/data/feats_fmllr_train.3.ark:6395191
mdpb0_sx416 /nfs-share/xinchi/kaldi/egs/timit/s5_la5/data-fmllr-tri3/train/data/feats_fmllr_train.5.ark:6985307
mbcg0_sx417 /nfs-share/xinchi/kaldi/egs/timit/s5_la5/data-fmllr-tri3/train/data/feats_fmllr_train.4.ark:4388806
fmem0_si747 /nfs-share/xinchi/kaldi/egs/timit/s5_la5/data-fmllr-tri3/train/data/feats_fmllr_train.2.ark:15209124
madc0_sx197 /nfs-share/xinchi/kaldi/egs/timit/s5_la5/data-fmllr-tri3/train/data/feats_fmllr_train.3.ark:17451616
mfmc0_sx322 /nfs-share/xinchi/kaldi/egs/timit/s5_la5/data-fmllr-tri3/train/data/feats_fmllr_train.5.ark:14617033
fjlg0_sx179 /nfs-share/xinchi/kaldi/egs/timit/s5_la5/data-fmllr-tri3/train/data/feats_fmllr_train.2.ark:1742727
mhjb0_si1647 /nfs-share/xinchi/kaldi/egs/timit/s5_la5/data-fmllr-tri3/train/data/feats_fmllr_train.6.ark:4336664
mljh0_sx64 /nfs-share/xinchi/kaldi/egs/timit/s5_la5/data-fmllr-tri3/train/data/feats_fmllr_train.7.ark:11783456
flkm0_si620 /nfs-share/xinchi/kaldi/egs/timit/s5_la5/data-fmllr-tri3/train/data/feats_fmllr_train.2.ark:12094239
mtlb0_sx54 /nfs-share/xinchi/kaldi/egs/timit/s5_la5/data-fmllr-tri3/train/data/feats_fmllr_train.10.ark:6836314
mkrg0_sx411 /nfs-share/xinchi/kaldi/egs/timit/s5_la5/data-fmllr-tri3/train/data/feats_fmllr_train.7.ark:9677704
mdlr0_si1863 /nfs-share/xinchi/kaldi/egs/timit/s5_la5/data-fmllr-tri3/train/data/feats_fmllr_train.5.ark:4713526
mmsm0_si1106 /nfs-share/xinchi/kaldi/egs/timit/s5_la5/data-fmllr-tri3/train/data/feats_fmllr_train.8.ark:2568094
mstf0_sx136 /nfs-share/xinchi/kaldi/egs/timit/s5_la5/data-fmllr-tri3/train/data/feats_fmllr_train.9.ark:17891624
fdkn0_sx361 /nfs-share/xinchi/kaldi/egs/timit/s5_la5/data-fmllr-tri3/train/data/feats_fmllr_train.1.ark:11112306
maeo0_si1326 /nfs-share/xinchi/kaldi/egs/timit/s5_la5/data-fmllr-tri3/train/data/feats_fmllr_train.4.ark:368870
fsjs0_sx361 /nfs-share/xinchi/kaldi/egs/timit/s5_la5/data-fmllr-tri3/train/data/feats_fmllr_train.3.ark:9431219
mrpc1_si1482 /nfs-share/xinchi/kaldi/egs/timit/s5_la5/data-fmllr-tri3/train/data/feats_fmllr_train.9.ark:7091440
msmr0_sx55 /nfs-share/xinchi/kaldi/egs/timit/s5_la5/data-fmllr-tri3/train/data/feats_fmllr_train.9.ark:16555505
fsbk0_si2329 /nfs-share/xinchi/kaldi/egs/timit/s5_la5/data-fmllr-tri3/train/data/feats_fmllr_train.3.ark:6421299
marc0_sx288 /nfs-share/xinchi/kaldi/egs/timit/s5_la5/data-fmllr-tri3/train/data/feats_fmllr_train.4.ark:2883617
mjws0_si1773 /nfs-share/xinchi/kaldi/egs/timit/s5_la5/data-fmllr-tri3/train/data/feats_fmllr_train.7.ark:2444063
msms0_sx263 /nfs-share/xinchi/kaldi/egs/timit/s5_la5/data-fmllr-tri3/train/data/feats_fmllr_train.9.ark:16816922
mfmc0_sx142 /nfs-share/xinchi/kaldi/egs/timit/s5_la5/data-fmllr-tri3/train/data/feats_fmllr_train.5.ark:14498099
msdb0_si1007 /nfs-share/xinchi/kaldi/egs/timit/s5_la5/data-fmllr-tri3/train/data/feats_fmllr_train.9.ark:12525841
mjlg1_sx112 /nfs-share/xinchi/kaldi/egs/timit/s5_la5/data-fmllr-tri3/train/data/feats_fmllr_train.6.ark:14454840
mrsp0_sx79 /nfs-share/xinchi/kaldi/egs/timit/s5_la5/data-fmllr-tri3/train/data/feats_fmllr_train.9.ark:8711321
mrem0_si1591 /nfs-share/xinchi/kaldi/egs/timit/s5_la5/data-fmllr-tri3/train/data/feats_fmllr_train.8.ark:15967633
fmjf0_sx264 /nfs-share/xinchi/kaldi/egs/timit/s5_la5/data-fmllr-tri3/train/data/feats_fmllr_train.2.ark:16126251
mmjb1_sx58 /nfs-share/xinchi/kaldi/egs/timit/s5_la5/data-fmllr-tri3/train/data/feats_fmllr_train.8.ark:1380855
mwsh0_sx256 /nfs-share/xinchi/kaldi/egs/timit/s5_la5/data-fmllr-tri3/train/data/feats_fmllr_train.10.ark:17387113
mcpm0_si1824 /nfs-share/xinchi/kaldi/egs/timit/s5_la5/data-fmllr-tri3/train/data/feats_fmllr_train.4.ark:12146346
mjlg1_si1012 /nfs-share/xinchi/kaldi/egs/timit/s5_la5/data-fmllr-tri3/train/data/feats_fmllr_train.6.ark:14302757
fkaa0_si578 /nfs-share/xinchi/kaldi/egs/timit/s5_la5/data-fmllr-tri3/train/data/feats_fmllr_train.2.ark:5292493
fpab1_si841 /nfs-share/xinchi/kaldi/egs/timit/s5_la5/data-fmllr-tri3/train/data/feats_fmllr_train.3.ark:872501
fjwb1_sx435 /nfs-share/xinchi/kaldi/egs/timit/s5_la5/data-fmllr-tri3/train/data/feats_fmllr_train.2.ark:4311790
mrjh0_si914 /nfs-share/xinchi/kaldi/egs/timit/s5_la5/data-fmllr-tri3/train/data/feats_fmllr_train.9.ark:1389197
mmrp0_sx324 /nfs-share/xinchi/kaldi/egs/timit/s5_la5/data-fmllr-tri3/train/data/feats_fmllr_train.8.ark:2378413
mrjb1_sx390 /nfs-share/xinchi/kaldi/egs/timit/s5_la5/data-fmllr-tri3/train/data/feats_fmllr_train.9.ark:1179515
mwsh0_sx166 /nfs-share/xinchi/kaldi/egs/timit/s5_la5/data-fmllr-tri3/train/data/feats_fmllr_train.10.ark:17320686
msas0_sx26 /nfs-share/xinchi/kaldi/egs/timit/s5_la5/data-fmllr-tri3/train/data/feats_fmllr_train.9.ark:11727084
mjjb0_sx149 /nfs-share/xinchi/kaldi/egs/timit/s5_la5/data-fmllr-tri3/train/data/feats_fmllr_train.6.ark:12470554
mdps0_si719 /nfs-share/xinchi/kaldi/egs/timit/s5_la5/data-fmllr-tri3/train/data/feats_fmllr_train.5.ark:7496193
fjxp0_sx402 /nfs-share/xinchi/kaldi/egs/timit/s5_la5/data-fmllr-tri3/train/data/feats_fmllr_train.2.ark:5114944
mges0_si1481 /nfs-share/xinchi/kaldi/egs/timit/s5_la5/data-fmllr-tri3/train/data/feats_fmllr_train.6.ark:751328
falr0_sx65 /nfs-share/xinchi/kaldi/egs/timit/s5_la5/data-fmllr-tri3/train/data/feats_fmllr_train.1.ark:1531248
flet0_si1767 /nfs-share/xinchi/kaldi/egs/timit/s5_la5/data-fmllr-tri3/train/data/feats_fmllr_train.2.ark:10101633
msat1_sx83 /nfs-share/xinchi/kaldi/egs/timit/s5_la5/data-fmllr-tri3/train/data/feats_fmllr_train.9.ark:12482613
mgrp0_si1947 /nfs-share/xinchi/kaldi/egs/timit/s5_la5/data-fmllr-tri3/train/data/feats_fmllr_train.6.ark:1944808
mgak0_sx136 /nfs-share/xinchi/kaldi/egs/timit/s5_la5/data-fmllr-tri3/train/data/feats_fmllr_train.5.ark:17080421
msrg0_sx51 /nfs-share/xinchi/kaldi/egs/timit/s5_la5/data-fmllr-tri3/train/data/feats_fmllr_train.9.ark:17305059
flja0_sx178 /nfs-share/xinchi/kaldi/egs/timit/s5_la5/data-fmllr-tri3/train/data/feats_fmllr_train.2.ark:10927403
mmcc0_sx258 /nfs-share/xinchi/kaldi/egs/timit/s5_la5/data-fmllr-tri3/train/data/feats_fmllr_train.7.ark:15285330
mwar0_sx415 /nfs-share/xinchi/kaldi/egs/timit/s5_la5/data-fmllr-tri3/train/data/feats_fmllr_train.10.ark:14449911
mrgm0_si1162 /nfs-share/xinchi/kaldi/egs/timit/s5_la5/data-fmllr-tri3/train/data/feats_fmllr_train.8.ark:17486421
mdss1_si1327 /nfs-share/xinchi/kaldi/egs/timit/s5_la5/data-fmllr-tri3/train/data/feats_fmllr_train.5.ark:8901966
mcef0_si1135 /nfs-share/xinchi/kaldi/egs/timit/s5_la5/data-fmllr-tri3/train/data/feats_fmllr_train.4.ark:10123952
madc0_sx377 /nfs-share/xinchi/kaldi/egs/timit/s5_la5/data-fmllr-tri3/train/data/feats_fmllr_train.3.ark:17540630
mmdb0_sx177 /nfs-share/xinchi/kaldi/egs/timit/s5_la5/data-fmllr-tri3/train/data/feats_fmllr_train.7.ark:15631440
mmar0_sx76 /nfs-share/xinchi/kaldi/egs/timit/s5_la5/data-fmllr-tri3/train/data/feats_fmllr_train.7.ark:14609616
fjlg0_sx449 /nfs-share/xinchi/kaldi/egs/timit/s5_la5/data-fmllr-tri3/train/data/feats_fmllr_train.2.ark:1890008
mrdd0_si1050 /nfs-share/xinchi/kaldi/egs/timit/s5_la5/data-fmllr-tri3/train/data/feats_fmllr_train.8.ark:14046066
mrtc0_si1458 /nfs-share/xinchi/kaldi/egs/timit/s5_la5/data-fmllr-tri3/train/data/feats_fmllr_train.9.ark:8751509
fksr0_si1747 /nfs-share/xinchi/kaldi/egs/timit/s5_la5/data-fmllr-tri3/train/data/feats_fmllr_train.2.ark:8525724
mrgs0_sx276 /nfs-share/xinchi/kaldi/egs/timit/s5_la5/data-fmllr-tri3/train/data/feats_fmllr_train.9.ark:214522
fgdp0_sx358 /nfs-share/xinchi/kaldi/egs/timit/s5_la5/data-fmllr-tri3/train/data/feats_fmllr_train.1.ark:16881907
fpad0_sx266 /nfs-share/xinchi/kaldi/egs/timit/s5_la5/data-fmllr-tri3/train/data/feats_fmllr_train.3.ark:1839389
mkjo0_sx167 /nfs-share/xinchi/kaldi/egs/timit/s5_la5/data-fmllr-tri3/train/data/feats_fmllr_train.7.ark:7272159
fblv0_sx248 /nfs-share/xinchi/kaldi/egs/timit/s5_la5/data-fmllr-tri3/train/data/feats_fmllr_train.1.ark:3892952
mlns0_sx57 /nfs-share/xinchi/kaldi/egs/timit/s5_la5/data-fmllr-tri3/train/data/feats_fmllr_train.7.ark:12143833
mntw0_sx348 /nfs-share/xinchi/kaldi/egs/timit/s5_la5/data-fmllr-tri3/train/data/feats_fmllr_train.8.ark:5640334
msfv0_sx272 /nfs-share/xinchi/kaldi/egs/timit/s5_la5/data-fmllr-tri3/train/data/feats_fmllr_train.9.ark:15196855
mjfh0_si1107 /nfs-share/xinchi/kaldi/egs/timit/s5_la5/data-fmllr-tri3/train/data/feats_fmllr_train.6.ark:11215581
fvfb0_sx312 /nfs-share/xinchi/kaldi/egs/timit/s5_la5/data-fmllr-tri3/train/data/feats_fmllr_train.3.ark:15971069
mpmb0_sx61 /nfs-share/xinchi/kaldi/egs/timit/s5_la5/data-fmllr-tri3/train/data/feats_fmllr_train.8.ark:8466039
fdaw0_sx326 /nfs-share/xinchi/kaldi/egs/timit/s5_la5/data-fmllr-tri3/train/data/feats_fmllr_train.1.ark:10006853
mrai0_si1954 /nfs-share/xinchi/kaldi/egs/timit/s5_la5/data-fmllr-tri3/train/data/feats_fmllr_train.8.ark:11715162
mrcg0_sx258 /nfs-share/xinchi/kaldi/egs/timit/s5_la5/data-fmllr-tri3/train/data/feats_fmllr_train.8.ark:13449261
mjws0_sx153 /nfs-share/xinchi/kaldi/egs/timit/s5_la5/data-fmllr-tri3/train/data/feats_fmllr_train.7.ark:2531797
mjrh0_sx135 /nfs-share/xinchi/kaldi/egs/timit/s5_la5/data-fmllr-tri3/train/data/feats_fmllr_train.7.ark:164736
mrew1_sx60 /nfs-share/xinchi/kaldi/egs/timit/s5_la5/data-fmllr-tri3/train/data/feats_fmllr_train.8.ark:16658758
mrlj1_sx411 /nfs-share/xinchi/kaldi/egs/timit/s5_la5/data-fmllr-tri3/train/data/feats_fmllr_train.9.ark:4317704
mlel0_sx166 /nfs-share/xinchi/kaldi/egs/timit/s5_la5/data-fmllr-tri3/train/data/feats_fmllr_train.7.ark:10662755
mjpg0_sx381 /nfs-share/xinchi/kaldi/egs/timit/s5_la5/data-fmllr-tri3/train/data/feats_fmllr_train.6.ark:16403713
mkxl0_si1185 /nfs-share/xinchi/kaldi/egs/timit/s5_la5/data-fmllr-tri3/train/data/feats_fmllr_train.7.ark:9755998
mwar0_si2305 /nfs-share/xinchi/kaldi/egs/timit/s5_la5/data-fmllr-tri3/train/data/feats_fmllr_train.10.ark:14290443
fbch0_si956 /nfs-share/xinchi/kaldi/egs/timit/s5_la5/data-fmllr-tri3/train/data/feats_fmllr_train.1.ark:2909236
meal0_sx197 /nfs-share/xinchi/kaldi/egs/timit/s5_la5/data-fmllr-tri3/train/data/feats_fmllr_train.5.ark:10917401
mrfk0_sx266 /nfs-share/xinchi/kaldi/egs/timit/s5_la5/data-fmllr-tri3/train/data/feats_fmllr_train.8.ark:16896976
fpac0_si1921 /nfs-share/xinchi/kaldi/egs/timit/s5_la5/data-fmllr-tri3/train/data/feats_fmllr_train.3.ark:1188503
mmdm0_sx231 /nfs-share/xinchi/kaldi/egs/timit/s5_la5/data-fmllr-tri3/train/data/feats_fmllr_train.7.ark:16439101
fspm0_sx251 /nfs-share/xinchi/kaldi/egs/timit/s5_la5/data-fmllr-tri3/train/data/feats_fmllr_train.3.ark:12919386
fcmm0_sx420 /nfs-share/xinchi/kaldi/egs/timit/s5_la5/data-fmllr-tri3/train/data/feats_fmllr_train.1.ark:8462811
fkaa0_sx218 /nfs-share/xinchi/kaldi/egs/timit/s5_la5/data-fmllr-tri3/train/data/feats_fmllr_train.2.ark:5389507
mnet0_si816 /nfs-share/xinchi/kaldi/egs/timit/s5_la5/data-fmllr-tri3/train/data/feats_fmllr_train.8.ark:5074250
fgcs0_sx406 /nfs-share/xinchi/kaldi/egs/timit/s5_la5/data-fmllr-tri3/train/data/feats_fmllr_train.1.ark:16522197
fbjl0_sx292 /nfs-share/xinchi/kaldi/egs/timit/s5_la5/data-fmllr-tri3/train/data/feats_fmllr_train.1.ark:3556307
fmpg0_sx72 /nfs-share/xinchi/kaldi/egs/timit/s5_la5/data-fmllr-tri3/train/data/feats_fmllr_train.2.ark:18382293
flet0_sx237 /nfs-share/xinchi/kaldi/egs/timit/s5_la5/data-fmllr-tri3/train/data/feats_fmllr_train.2.ark:10270674
fmah1_sx249 /nfs-share/xinchi/kaldi/egs/timit/s5_la5/data-fmllr-tri3/train/data/feats_fmllr_train.2.ark:14539465
mded0_sx360 /nfs-share/xinchi/kaldi/egs/timit/s5_la5/data-fmllr-tri3/train/data/feats_fmllr_train.4.ark:17263672
msat0_si896 /nfs-share/xinchi/kaldi/egs/timit/s5_la5/data-fmllr-tri3/train/data/feats_fmllr_train.9.ark:11931221
mtpp0_sx338 /nfs-share/xinchi/kaldi/egs/timit/s5_la5/data-fmllr-tri3/train/data/feats_fmllr_train.10.ark:9379701
mrlr0_sx206 /nfs-share/xinchi/kaldi/egs/timit/s5_la5/data-fmllr-tri3/train/data/feats_fmllr_train.9.ark:4982404
fkde0_sx61 /nfs-share/xinchi/kaldi/egs/timit/s5_la5/data-fmllr-tri3/train/data/feats_fmllr_train.2.ark:5995565
fdxw0_si1511 /nfs-share/xinchi/kaldi/egs/timit/s5_la5/data-fmllr-tri3/train/data/feats_fmllr_train.1.ark:13009417
mkjo0_sx257 /nfs-share/xinchi/kaldi/egs/timit/s5_la5/data-fmllr-tri3/train/data/feats_fmllr_train.7.ark:7322106
mtdb0_si2031 /nfs-share/xinchi/kaldi/egs/timit/s5_la5/data-fmllr-tri3/train/data/feats_fmllr_train.10.ark:2898200
mwdk0_si1436 /nfs-share/xinchi/kaldi/egs/timit/s5_la5/data-fmllr-tri3/train/data/feats_fmllr_train.10.ark:14865863
mdma0_sx170 /nfs-share/xinchi/kaldi/egs/timit/s5_la5/data-fmllr-tri3/train/data/feats_fmllr_train.5.ark:5607295
mdma0_sx350 /nfs-share/xinchi/kaldi/egs/timit/s5_la5/data-fmllr-tri3/train/data/feats_fmllr_train.5.ark:5742709
mvlo0_si1777 /nfs-share/xinchi/kaldi/egs/timit/s5_la5/data-fmllr-tri3/train/data/feats_fmllr_train.10.ark:12749866
mdac0_sx181 /nfs-share/xinchi/kaldi/egs/timit/s5_la5/data-fmllr-tri3/train/data/feats_fmllr_train.4.ark:14526101
mejs0_sx70 /nfs-share/xinchi/kaldi/egs/timit/s5_la5/data-fmllr-tri3/train/data/feats_fmllr_train.5.ark:12958403
fjsp0_sx444 /nfs-share/xinchi/kaldi/egs/timit/s5_la5/data-fmllr-tri3/train/data/feats_fmllr_train.2.ark:3938294
mhjb0_sx297 /nfs-share/xinchi/kaldi/egs/timit/s5_la5/data-fmllr-tri3/train/data/feats_fmllr_train.6.ark:4537759
fcag0_si2133 /nfs-share/xinchi/kaldi/egs/timit/s5_la5/data-fmllr-tri3/train/data/feats_fmllr_train.1.ark:4955309
mgaf0_si1912 /nfs-share/xinchi/kaldi/egs/timit/s5_la5/data-fmllr-tri3/train/data/feats_fmllr_train.5.ark:16299453
majp0_sx84 /nfs-share/xinchi/kaldi/egs/timit/s5_la5/data-fmllr-tri3/train/data/feats_fmllr_train.4.ark:1439095
mtrr0_si1548 /nfs-share/xinchi/kaldi/egs/timit/s5_la5/data-fmllr-tri3/train/data/feats_fmllr_train.10.ark:10803792
fljd0_sx76 /nfs-share/xinchi/kaldi/egs/timit/s5_la5/data-fmllr-tri3/train/data/feats_fmllr_train.2.ark:11535247
mmab1_sx144 /nfs-share/xinchi/kaldi/egs/timit/s5_la5/data-fmllr-tri3/train/data/feats_fmllr_train.7.ark:13144057
fkaa0_sx398 /nfs-share/xinchi/kaldi/egs/timit/s5_la5/data-fmllr-tri3/train/data/feats_fmllr_train.2.ark:5559347
mpsw0_si1067 /nfs-share/xinchi/kaldi/egs/timit/s5_la5/data-fmllr-tri3/train/data/feats_fmllr_train.8.ark:10629231
mprk0_si1727 /nfs-share/xinchi/kaldi/egs/timit/s5_la5/data-fmllr-tri3/train/data/feats_fmllr_train.8.ark:9912826
mtdp0_sx351 /nfs-share/xinchi/kaldi/egs/timit/s5_la5/data-fmllr-tri3/train/data/feats_fmllr_train.10.ark:3492766
mbth0_sx302 /nfs-share/xinchi/kaldi/egs/timit/s5_la5/data-fmllr-tri3/train/data/feats_fmllr_train.4.ark:7567051
fsdc0_si1942 /nfs-share/xinchi/kaldi/egs/timit/s5_la5/data-fmllr-tri3/train/data/feats_fmllr_train.3.ark:7291145
mkln0_sx248 /nfs-share/xinchi/kaldi/egs/timit/s5_la5/data-fmllr-tri3/train/data/feats_fmllr_train.7.ark:7677363
mwem0_si1950 /nfs-share/xinchi/kaldi/egs/timit/s5_la5/data-fmllr-tri3/train/data/feats_fmllr_train.10.ark:15337496
mjrh1_sx154 /nfs-share/xinchi/kaldi/egs/timit/s5_la5/data-fmllr-tri3/train/data/feats_fmllr_train.7.ark:547833
mdbp0_sx438 /nfs-share/xinchi/kaldi/egs/timit/s5_la5/data-fmllr-tri3/train/data/feats_fmllr_train.4.ark:15781551
mwdk0_sx356 /nfs-share/xinchi/kaldi/egs/timit/s5_la5/data-fmllr-tri3/train/data/feats_fmllr_train.10.ark:15117519
mbom0_sx114 /nfs-share/xinchi/kaldi/egs/timit/s5_la5/data-fmllr-tri3/train/data/feats_fmllr_train.4.ark:6808805
mrds0_si537 /nfs-share/xinchi/kaldi/egs/timit/s5_la5/data-fmllr-tri3/train/data/feats_fmllr_train.8.ark:14869436
mrjm0_sx328 /nfs-share/xinchi/kaldi/egs/timit/s5_la5/data-fmllr-tri3/train/data/feats_fmllr_train.9.ark:1930136
marw0_sx376 /nfs-share/xinchi/kaldi/egs/timit/s5_la5/data-fmllr-tri3/train/data/feats_fmllr_train.4.ark:3328821
fsdj0_sx305 /nfs-share/xinchi/kaldi/egs/timit/s5_la5/data-fmllr-tri3/train/data/feats_fmllr_train.3.ark:7800271
madd0_sx268 /nfs-share/xinchi/kaldi/egs/timit/s5_la5/data-fmllr-tri3/train/data/feats_fmllr_train.3.ark:17780447
medr0_sx114 /nfs-share/xinchi/kaldi/egs/timit/s5_la5/data-fmllr-tri3/train/data/feats_fmllr_train.5.ark:11242872
mapv0_sx33 /nfs-share/xinchi/kaldi/egs/timit/s5_la5/data-fmllr-tri3/train/data/feats_fmllr_train.4.ark:2582760
mcth0_sx39 /nfs-share/xinchi/kaldi/egs/timit/s5_la5/data-fmllr-tri3/train/data/feats_fmllr_train.4.ark:13523130
feeh0_sx122 /nfs-share/xinchi/kaldi/egs/timit/s5_la5/data-fmllr-tri3/train/data/feats_fmllr_train.1.ark:14745727
mjsr0_sx164 /nfs-share/xinchi/kaldi/egs/timit/s5_la5/data-fmllr-tri3/train/data/feats_fmllr_train.7.ark:1688804
fapb0_sx163 /nfs-share/xinchi/kaldi/egs/timit/s5_la5/data-fmllr-tri3/train/data/feats_fmllr_train.1.ark:1767839
ftmg0_sx182 /nfs-share/xinchi/kaldi/egs/timit/s5_la5/data-fmllr-tri3/train/data/feats_fmllr_train.3.ark:15527117
mfwk0_sx169 /nfs-share/xinchi/kaldi/egs/timit/s5_la5/data-fmllr-tri3/train/data/feats_fmllr_train.5.ark:15243814
mdwd0_sx90 /nfs-share/xinchi/kaldi/egs/timit/s5_la5/data-fmllr-tri3/train/data/feats_fmllr_train.5.ark:9899710
mrmh0_si2281 /nfs-share/xinchi/kaldi/egs/timit/s5_la5/data-fmllr-tri3/train/data/feats_fmllr_train.9.ark:6013403
flod0_si1917 /nfs-share/xinchi/kaldi/egs/timit/s5_la5/data-fmllr-tri3/train/data/feats_fmllr_train.2.ark:13643108
mrlk0_si1468 /nfs-share/xinchi/kaldi/egs/timit/s5_la5/data-fmllr-tri3/train/data/feats_fmllr_train.9.ark:4399358
mdpk0_si552 /nfs-share/xinchi/kaldi/egs/timit/s5_la5/data-fmllr-tri3/train/data/feats_fmllr_train.5.ark:7156456
frll0_si805 /nfs-share/xinchi/kaldi/egs/timit/s5_la5/data-fmllr-tri3/train/data/feats_fmllr_train.3.ark:4743443
mmwb0_sx89 /nfs-share/xinchi/kaldi/egs/timit/s5_la5/data-fmllr-tri3/train/data/feats_fmllr_train.8.ark:3890158
fpab1_sx391 /nfs-share/xinchi/kaldi/egs/timit/s5_la5/data-fmllr-tri3/train/data/feats_fmllr_train.3.ark:1150875
mtjs0_si562 /nfs-share/xinchi/kaldi/egs/timit/s5_la5/data-fmllr-tri3/train/data/feats_fmllr_train.10.ark:4980272
mrlj0_sx250 /nfs-share/xinchi/kaldi/egs/timit/s5_la5/data-fmllr-tri3/train/data/feats_fmllr_train.9.ark:3912312
mrfk0_sx356 /nfs-share/xinchi/kaldi/egs/timit/s5_la5/data-fmllr-tri3/train/data/feats_fmllr_train.8.ark:16930923
mrsp0_sx169 /nfs-share/xinchi/kaldi/egs/timit/s5_la5/data-fmllr-tri3/train/data/feats_fmllr_train.9.ark:8523374
maeo0_si1956 /nfs-share/xinchi/kaldi/egs/timit/s5_la5/data-fmllr-tri3/train/data/feats_fmllr_train.4.ark:479006
mntw0_sx258 /nfs-share/xinchi/kaldi/egs/timit/s5_la5/data-fmllr-tri3/train/data/feats_fmllr_train.8.ark:5584627
mmdm1_sx333 /nfs-share/xinchi/kaldi/egs/timit/s5_la5/data-fmllr-tri3/train/data/feats_fmllr_train.7.ark:16848465
mwre0_sx247 /nfs-share/xinchi/kaldi/egs/timit/s5_la5/data-fmllr-tri3/train/data/feats_fmllr_train.10.ark:16206785
mdlr1_sx399 /nfs-share/xinchi/kaldi/egs/timit/s5_la5/data-fmllr-tri3/train/data/feats_fmllr_train.5.ark:5426384
mesg0_sx252 /nfs-share/xinchi/kaldi/egs/timit/s5_la5/data-fmllr-tri3/train/data/feats_fmllr_train.5.ark:13172620
mfxv0_si1005 /nfs-share/xinchi/kaldi/egs/timit/s5_la5/data-fmllr-tri3/train/data/feats_fmllr_train.5.ark:15867527
mcss0_si688 /nfs-share/xinchi/kaldi/egs/timit/s5_la5/data-fmllr-tri3/train/data/feats_fmllr_train.4.ark:12901019
mjmd0_sx398 /nfs-share/xinchi/kaldi/egs/timit/s5_la5/data-fmllr-tri3/train/data/feats_fmllr_train.6.ark:15705839
mlbc0_si609 /nfs-share/xinchi/kaldi/egs/timit/s5_la5/data-fmllr-tri3/train/data/feats_fmllr_train.7.ark:10225071
mgaw0_sx175 /nfs-share/xinchi/kaldi/egs/timit/s5_la5/data-fmllr-tri3/train/data/feats_fmllr_train.6.ark:549753
fpmy0_sx343 /nfs-share/xinchi/kaldi/egs/timit/s5_la5/data-fmllr-tri3/train/data/feats_fmllr_train.3.ark:3903567
mkjo0_sx437 /nfs-share/xinchi/kaldi/egs/timit/s5_la5/data-fmllr-tri3/train/data/feats_fmllr_train.7.ark:7400080
mrhl0_sx165 /nfs-share/xinchi/kaldi/egs/timit/s5_la5/data-fmllr-tri3/train/data/feats_fmllr_train.9.ark:563830
mmab1_sx414 /nfs-share/xinchi/kaldi/egs/timit/s5_la5/data-fmllr-tri3/train/data/feats_fmllr_train.7.ark:13306058
fklh0_si1887 /nfs-share/xinchi/kaldi/egs/timit/s5_la5/data-fmllr-tri3/train/data/feats_fmllr_train.2.ark:8183107
mjrk0_sx70 /nfs-share/xinchi/kaldi/egs/timit/s5_la5/data-fmllr-tri3/train/data/feats_fmllr_train.7.ark:1102717
mjxa0_sx337 /nfs-share/xinchi/kaldi/egs/timit/s5_la5/data-fmllr-tri3/train/data/feats_fmllr_train.7.ark:3484605
mmjb1_si1408 /nfs-share/xinchi/kaldi/egs/timit/s5_la5/data-fmllr-tri3/train/data/feats_fmllr_train.8.ark:1034426
mdcm0_si1480 /nfs-share/xinchi/kaldi/egs/timit/s5_la5/data-fmllr-tri3/train/data/feats_fmllr_train.4.ark:16264542
mkag0_sx439 /nfs-share/xinchi/kaldi/egs/timit/s5_la5/data-fmllr-tri3/train/data/feats_fmllr_train.7.ark:4317385
flod0_si657 /nfs-share/xinchi/kaldi/egs/timit/s5_la5/data-fmllr-tri3/train/data/feats_fmllr_train.2.ark:13682815
mmag0_si1126 /nfs-share/xinchi/kaldi/egs/timit/s5_la5/data-fmllr-tri3/train/data/feats_fmllr_train.7.ark:13412672
fbcg1_si982 /nfs-share/xinchi/kaldi/egs/timit/s5_la5/data-fmllr-tri3/train/data/feats_fmllr_train.1.ark:2526007
mejs0_sx250 /nfs-share/xinchi/kaldi/egs/timit/s5_la5/data-fmllr-tri3/train/data/feats_fmllr_train.5.ark:12811123
mreh1_si969 /nfs-share/xinchi/kaldi/egs/timit/s5_la5/data-fmllr-tri3/train/data/feats_fmllr_train.8.ark:15629231
mgag0_sx421 /nfs-share/xinchi/kaldi/egs/timit/s5_la5/data-fmllr-tri3/train/data/feats_fmllr_train.5.ark:16843324
msmr0_si1150 /nfs-share/xinchi/kaldi/egs/timit/s5_la5/data-fmllr-tri3/train/data/feats_fmllr_train.9.ark:16220276
fsdj0_sx125 /nfs-share/xinchi/kaldi/egs/timit/s5_la5/data-fmllr-tri3/train/data/feats_fmllr_train.3.ark:7722297
fljd0_si1516 /nfs-share/xinchi/kaldi/egs/timit/s5_la5/data-fmllr-tri3/train/data/feats_fmllr_train.2.ark:11200178
mcss0_si1380 /nfs-share/xinchi/kaldi/egs/timit/s5_la5/data-fmllr-tri3/train/data/feats_fmllr_train.4.ark:12832672
mjrp0_sx405 /nfs-share/xinchi/kaldi/egs/timit/s5_la5/data-fmllr-tri3/train/data/feats_fmllr_train.7.ark:1384988
mtml0_sx255 /nfs-share/xinchi/kaldi/egs/timit/s5_la5/data-fmllr-tri3/train/data/feats_fmllr_train.10.ark:7454109
mgrl0_sx237 /nfs-share/xinchi/kaldi/egs/timit/s5_la5/data-fmllr-tri3/train/data/feats_fmllr_train.6.ark:1689792
msrr0_si501 /nfs-share/xinchi/kaldi/egs/timit/s5_la5/data-fmllr-tri3/train/data/feats_fmllr_train.9.ark:17451382
mlbc0_sx69 /nfs-share/xinchi/kaldi/egs/timit/s5_la5/data-fmllr-tri3/train/data/feats_fmllr_train.7.ark:10455285
mdss1_si697 /nfs-share/xinchi/kaldi/egs/timit/s5_la5/data-fmllr-tri3/train/data/feats_fmllr_train.5.ark:8982501
mrmb0_sx141 /nfs-share/xinchi/kaldi/egs/timit/s5_la5/data-fmllr-tri3/train/data/feats_fmllr_train.9.ark:5289954
freh0_si1945 /nfs-share/xinchi/kaldi/egs/timit/s5_la5/data-fmllr-tri3/train/data/feats_fmllr_train.3.ark:4065889
mrds0_sx177 /nfs-share/xinchi/kaldi/egs/timit/s5_la5/data-fmllr-tri3/train/data/feats_fmllr_train.8.ark:14927543
madc0_sx287 /nfs-share/xinchi/kaldi/egs/timit/s5_la5/data-fmllr-tri3/train/data/feats_fmllr_train.3.ark:17492123
mrdd0_si2310 /nfs-share/xinchi/kaldi/egs/timit/s5_la5/data-fmllr-tri3/train/data/feats_fmllr_train.8.ark:14155082
mpeb0_si600 /nfs-share/xinchi/kaldi/egs/timit/s5_la5/data-fmllr-tri3/train/data/feats_fmllr_train.8.ark:6117620
fltm0_sx260 /nfs-share/xinchi/kaldi/egs/timit/s5_la5/data-fmllr-tri3/train/data/feats_fmllr_train.2.ark:14111088
msfv0_si632 /nfs-share/xinchi/kaldi/egs/timit/s5_la5/data-fmllr-tri3/train/data/feats_fmllr_train.9.ark:15078561
mdss0_si621 /nfs-share/xinchi/kaldi/egs/timit/s5_la5/data-fmllr-tri3/train/data/feats_fmllr_train.5.ark:8660844
fetb0_sx158 /nfs-share/xinchi/kaldi/egs/timit/s5_la5/data-fmllr-tri3/train/data/feats_fmllr_train.1.ark:15569361
mbwp0_si1531 /nfs-share/xinchi/kaldi/egs/timit/s5_la5/data-fmllr-tri3/train/data/feats_fmllr_train.4.ark:7708092
flja0_sx448 /nfs-share/xinchi/kaldi/egs/timit/s5_la5/data-fmllr-tri3/train/data/feats_fmllr_train.2.ark:11098844
mjma0_si2125 /nfs-share/xinchi/kaldi/egs/timit/s5_la5/data-fmllr-tri3/train/data/feats_fmllr_train.6.ark:15104980
fsjs0_sx271 /nfs-share/xinchi/kaldi/egs/timit/s5_la5/data-fmllr-tri3/train/data/feats_fmllr_train.3.ark:9385752
fbjl0_sx202 /nfs-share/xinchi/kaldi/egs/timit/s5_la5/data-fmllr-tri3/train/data/feats_fmllr_train.1.ark:3484094
mmdm1_si1650 /nfs-share/xinchi/kaldi/egs/timit/s5_la5/data-fmllr-tri3/train/data/feats_fmllr_train.7.ark:16622089
mhmg0_sx195 /nfs-share/xinchi/kaldi/egs/timit/s5_la5/data-fmllr-tri3/train/data/feats_fmllr_train.6.ark:4844029
mmrp0_sx54 /nfs-share/xinchi/kaldi/egs/timit/s5_la5/data-fmllr-tri3/train/data/feats_fmllr_train.8.ark:2506466
ftlg0_sx303 /nfs-share/xinchi/kaldi/egs/timit/s5_la5/data-fmllr-tri3/train/data/feats_fmllr_train.3.ark:15263434
mmeb0_si1987 /nfs-share/xinchi/kaldi/egs/timit/s5_la5/data-fmllr-tri3/train/data/feats_fmllr_train.7.ark:17716848
mrjh0_si1519 /nfs-share/xinchi/kaldi/egs/timit/s5_la5/data-fmllr-tri3/train/data/feats_fmllr_train.9.ark:1237303
mtju0_sx400 /nfs-share/xinchi/kaldi/egs/timit/s5_la5/data-fmllr-tri3/train/data/feats_fmllr_train.10.ark:5623023
fcjs0_si977 /nfs-share/xinchi/kaldi/egs/timit/s5_la5/data-fmllr-tri3/train/data/feats_fmllr_train.1.ark:6753674
mjee0_sx157 /nfs-share/xinchi/kaldi/egs/timit/s5_la5/data-fmllr-tri3/train/data/feats_fmllr_train.6.ark:10964406
mrld0_sx424 /nfs-share/xinchi/kaldi/egs/timit/s5_la5/data-fmllr-tri3/train/data/feats_fmllr_train.9.ark:3638229
mrdd0_si1680 /nfs-share/xinchi/kaldi/egs/timit/s5_la5/data-fmllr-tri3/train/data/feats_fmllr_train.8.ark:14108974
mgsh0_sx96 /nfs-share/xinchi/kaldi/egs/timit/s5_la5/data-fmllr-tri3/train/data/feats_fmllr_train.6.ark:2664064
mcpm0_sx384 /nfs-share/xinchi/kaldi/egs/timit/s5_la5/data-fmllr-tri3/train/data/feats_fmllr_train.4.ark:12423627
fdaw0_sx416 /nfs-share/xinchi/kaldi/egs/timit/s5_la5/data-fmllr-tri3/train/data/feats_fmllr_train.1.ark:10052480
mmvp0_sx114 /nfs-share/xinchi/kaldi/egs/timit/s5_la5/data-fmllr-tri3/train/data/feats_fmllr_train.8.ark:3167753
fsdj0_sx215 /nfs-share/xinchi/kaldi/egs/timit/s5_la5/data-fmllr-tri3/train/data/feats_fmllr_train.3.ark:7755444
mjfr0_sx255 /nfs-share/xinchi/kaldi/egs/timit/s5_la5/data-fmllr-tri3/train/data/feats_fmllr_train.6.ark:11723427
fcjf0_si648 /nfs-share/xinchi/kaldi/egs/timit/s5_la5/data-fmllr-tri3/train/data/feats_fmllr_train.1.ark:6493137
mjae0_sx444 /nfs-share/xinchi/kaldi/egs/timit/s5_la5/data-fmllr-tri3/train/data/feats_fmllr_train.6.ark:7141836
mrew1_si870 /nfs-share/xinchi/kaldi/egs/timit/s5_la5/data-fmllr-tri3/train/data/feats_fmllr_train.8.ark:16413504
mjae0_sx174 /nfs-share/xinchi/kaldi/egs/timit/s5_la5/data-fmllr-tri3/train/data/feats_fmllr_train.6.ark:6984475
mrso0_sx399 /nfs-share/xinchi/kaldi/egs/timit/s5_la5/data-fmllr-tri3/train/data/feats_fmllr_train.9.ark:8294944
mjpm0_sx108 /nfs-share/xinchi/kaldi/egs/timit/s5_la5/data-fmllr-tri3/train/data/feats_fmllr_train.6.ark:16610383
mgaf0_sx292 /nfs-share/xinchi/kaldi/egs/timit/s5_la5/data-fmllr-tri3/train/data/feats_fmllr_train.5.ark:16482307
mrtj0_sx412 /nfs-share/xinchi/kaldi/egs/timit/s5_la5/data-fmllr-tri3/train/data/feats_fmllr_train.9.ark:9549969
fhlm0_si1560 /nfs-share/xinchi/kaldi/egs/timit/s5_la5/data-fmllr-tri3/train/data/feats_fmllr_train.1.ark:17959863
megj0_sx77 /nfs-share/xinchi/kaldi/egs/timit/s5_la5/data-fmllr-tri3/train/data/feats_fmllr_train.5.ark:12207569
mjkr0_sx391 /nfs-share/xinchi/kaldi/egs/timit/s5_la5/data-fmllr-tri3/train/data/feats_fmllr_train.6.ark:13911472
mjra0_si1866 /nfs-share/xinchi/kaldi/egs/timit/s5_la5/data-fmllr-tri3/train/data/feats_fmllr_train.6.ark:17268363
fdaw0_sx56 /nfs-share/xinchi/kaldi/egs/timit/s5_la5/data-fmllr-tri3/train/data/feats_fmllr_train.1.ark:10093946
mdlm0_si604 /nfs-share/xinchi/kaldi/egs/timit/s5_la5/data-fmllr-tri3/train/data/feats_fmllr_train.5.ark:4389336
fsmm0_si1314 /nfs-share/xinchi/kaldi/egs/timit/s5_la5/data-fmllr-tri3/train/data/feats_fmllr_train.3.ark:11896283
flmc0_sx22 /nfs-share/xinchi/kaldi/egs/timit/s5_la5/data-fmllr-tri3/train/data/feats_fmllr_train.2.ark:13002593
fpmy0_si1153 /nfs-share/xinchi/kaldi/egs/timit/s5_la5/data-fmllr-tri3/train/data/feats_fmllr_train.3.ark:3564844
mlbc0_sx429 /nfs-share/xinchi/kaldi/egs/timit/s5_la5/data-fmllr-tri3/train/data/feats_fmllr_train.7.ark:10408219
msvs0_si1568 /nfs-share/xinchi/kaldi/egs/timit/s5_la5/data-fmllr-tri3/train/data/feats_fmllr_train.10.ark:13
fsdj0_si485 /nfs-share/xinchi/kaldi/egs/timit/s5_la5/data-fmllr-tri3/train/data/feats_fmllr_train.3.ark:7689790
fbmj0_si1776 /nfs-share/xinchi/kaldi/egs/timit/s5_la5/data-fmllr-tri3/train/data/feats_fmllr_train.1.ark:4460317
mmwb0_sx179 /nfs-share/xinchi/kaldi/egs/timit/s5_la5/data-fmllr-tri3/train/data/feats_fmllr_train.8.ark:3632291
mejl0_si1654 /nfs-share/xinchi/kaldi/egs/timit/s5_la5/data-fmllr-tri3/train/data/feats_fmllr_train.5.ark:12299625
fgrw0_sx342 /nfs-share/xinchi/kaldi/egs/timit/s5_la5/data-fmllr-tri3/train/data/feats_fmllr_train.1.ark:17799302
mrlk0_sx33 /nfs-share/xinchi/kaldi/egs/timit/s5_la5/data-fmllr-tri3/train/data/feats_fmllr_train.9.ark:4706880
mgjc0_sx435 /nfs-share/xinchi/kaldi/egs/timit/s5_la5/data-fmllr-tri3/train/data/feats_fmllr_train.6.ark:1387229
