msah1_sx329 /nfs-share/xinchi/kaldi/egs/timit/s5_la4/data-fmllr-tri3/train/data/feats_fmllr_train.9.ark:11292788
mdbp0_sx348 /nfs-share/xinchi/kaldi/egs/timit/s5_la4/data-fmllr-tri3/train/data/feats_fmllr_train.4.ark:15723764
msds0_sx267 /nfs-share/xinchi/kaldi/egs/timit/s5_la4/data-fmllr-tri3/train/data/feats_fmllr_train.9.ark:13429586
fsdc0_sx52 /nfs-share/xinchi/kaldi/egs/timit/s5_la4/data-fmllr-tri3/train/data/feats_fmllr_train.3.ark:7531627
mhbs0_sx45 /nfs-share/xinchi/kaldi/egs/timit/s5_la4/data-fmllr-tri3/train/data/feats_fmllr_train.6.ark:3876071
fcrz0_si793 /nfs-share/xinchi/kaldi/egs/timit/s5_la4/data-fmllr-tri3/train/data/feats_fmllr_train.1.ark:8665800
fapb0_si1693 /nfs-share/xinchi/kaldi/egs/timit/s5_la4/data-fmllr-tri3/train/data/feats_fmllr_train.1.ark:1637384
mrew1_sx150 /nfs-share/xinchi/kaldi/egs/timit/s5_la4/data-fmllr-tri3/train/data/feats_fmllr_train.8.ark:16467611
ftaj0_sx339 /nfs-share/xinchi/kaldi/egs/timit/s5_la4/data-fmllr-tri3/train/data/feats_fmllr_train.3.ark:14106144
fsrh0_si1719 /nfs-share/xinchi/kaldi/egs/timit/s5_la4/data-fmllr-tri3/train/data/feats_fmllr_train.3.ark:13120614
mpsw0_sx77 /nfs-share/xinchi/kaldi/egs/timit/s5_la4/data-fmllr-tri3/train/data/feats_fmllr_train.8.ark:10895340
mhmg0_si735 /nfs-share/xinchi/kaldi/egs/timit/s5_la4/data-fmllr-tri3/train/data/feats_fmllr_train.6.ark:4692269
faem0_si2022 /nfs-share/xinchi/kaldi/egs/timit/s5_la4/data-fmllr-tri3/train/data/feats_fmllr_train.1.ark:75881
fskp0_sx108 /nfs-share/xinchi/kaldi/egs/timit/s5_la4/data-fmllr-tri3/train/data/feats_fmllr_train.3.ark:10887713
fkkh0_sx120 /nfs-share/xinchi/kaldi/egs/timit/s5_la4/data-fmllr-tri3/train/data/feats_fmllr_train.2.ark:7087469
frjb0_sx167 /nfs-share/xinchi/kaldi/egs/timit/s5_la4/data-fmllr-tri3/train/data/feats_fmllr_train.3.ark:4446961
fsms1_sx334 /nfs-share/xinchi/kaldi/egs/timit/s5_la4/data-fmllr-tri3/train/data/feats_fmllr_train.3.ark:12548636
mtab0_sx42 /nfs-share/xinchi/kaldi/egs/timit/s5_la4/data-fmllr-tri3/train/data/feats_fmllr_train.10.ark:901379
mjkr0_sx31 /nfs-share/xinchi/kaldi/egs/timit/s5_la4/data-fmllr-tri3/train/data/feats_fmllr_train.6.ark:13876565
mdhs0_sx360 /nfs-share/xinchi/kaldi/egs/timit/s5_la4/data-fmllr-tri3/train/data/feats_fmllr_train.5.ark:1433920
mdpb0_sx146 /nfs-share/xinchi/kaldi/egs/timit/s5_la4/data-fmllr-tri3/train/data/feats_fmllr_train.5.ark:6857066
mmjb1_si1408 /nfs-share/xinchi/kaldi/egs/timit/s5_la4/data-fmllr-tri3/train/data/feats_fmllr_train.8.ark:1034426
mgar0_sx42 /nfs-share/xinchi/kaldi/egs/timit/s5_la4/data-fmllr-tri3/train/data/feats_fmllr_train.6.ark:347883
mkls0_sx267 /nfs-share/xinchi/kaldi/egs/timit/s5_la4/data-fmllr-tri3/train/data/feats_fmllr_train.7.ark:8417959
mbsb0_sx3 /nfs-share/xinchi/kaldi/egs/timit/s5_la4/data-fmllr-tri3/train/data/feats_fmllr_train.4.ark:7209235
mjrh0_si1125 /nfs-share/xinchi/kaldi/egs/timit/s5_la4/data-fmllr-tri3/train/data/feats_fmllr_train.7.ark:13
mklr0_si1059 /nfs-share/xinchi/kaldi/egs/timit/s5_la4/data-fmllr-tri3/train/data/feats_fmllr_train.7.ark:7862271
mrtc0_si2088 /nfs-share/xinchi/kaldi/egs/timit/s5_la4/data-fmllr-tri3/train/data/feats_fmllr_train.9.ark:8826097
mrcg0_sx438 /nfs-share/xinchi/kaldi/egs/timit/s5_la4/data-fmllr-tri3/train/data/feats_fmllr_train.8.ark:13571395
mhrm0_si2218 /nfs-share/xinchi/kaldi/egs/timit/s5_la4/data-fmllr-tri3/train/data/feats_fmllr_train.6.ark:5385156
fspm0_si1241 /nfs-share/xinchi/kaldi/egs/timit/s5_la4/data-fmllr-tri3/train/data/feats_fmllr_train.3.ark:12696077
mrso0_si2289 /nfs-share/xinchi/kaldi/egs/timit/s5_la4/data-fmllr-tri3/train/data/feats_fmllr_train.9.ark:8022970
mjbg0_sx62 /nfs-share/xinchi/kaldi/egs/timit/s5_la4/data-fmllr-tri3/train/data/feats_fmllr_train.6.ark:7992376
mmag0_sx226 /nfs-share/xinchi/kaldi/egs/timit/s5_la4/data-fmllr-tri3/train/data/feats_fmllr_train.7.ark:13649101
mtju0_si2269 /nfs-share/xinchi/kaldi/egs/timit/s5_la4/data-fmllr-tri3/train/data/feats_fmllr_train.10.ark:5370862
mesj0_sx277 /nfs-share/xinchi/kaldi/egs/timit/s5_la4/data-fmllr-tri3/train/data/feats_fmllr_train.5.ark:13550757
mmcc0_si1968 /nfs-share/xinchi/kaldi/egs/timit/s5_la4/data-fmllr-tri3/train/data/feats_fmllr_train.7.ark:15171329
fvkb0_sx79 /nfs-share/xinchi/kaldi/egs/timit/s5_la4/data-fmllr-tri3/train/data/feats_fmllr_train.3.ark:16448939
mdlc0_si1395 /nfs-share/xinchi/kaldi/egs/timit/s5_la4/data-fmllr-tri3/train/data/feats_fmllr_train.5.ark:2782173
mntw0_si2328 /nfs-share/xinchi/kaldi/egs/timit/s5_la4/data-fmllr-tri3/train/data/feats_fmllr_train.8.ark:5487266
mwac0_sx341 /nfs-share/xinchi/kaldi/egs/timit/s5_la4/data-fmllr-tri3/train/data/feats_fmllr_train.10.ark:13716328
mrtj0_sx322 /nfs-share/xinchi/kaldi/egs/timit/s5_la4/data-fmllr-tri3/train/data/feats_fmllr_train.9.ark:9504342
fjwb1_sx255 /nfs-share/xinchi/kaldi/egs/timit/s5_la4/data-fmllr-tri3/train/data/feats_fmllr_train.2.ark:4233496
fjdm2_sx142 /nfs-share/xinchi/kaldi/egs/timit/s5_la4/data-fmllr-tri3/train/data/feats_fmllr_train.2.ark:143456
mbma0_sx322 /nfs-share/xinchi/kaldi/egs/timit/s5_la4/data-fmllr-tri3/train/data/feats_fmllr_train.4.ark:5782927
mgak0_sx316 /nfs-share/xinchi/kaldi/egs/timit/s5_la4/data-fmllr-tri3/train/data/feats_fmllr_train.5.ark:17209115
mtkp0_si454 /nfs-share/xinchi/kaldi/egs/timit/s5_la4/data-fmllr-tri3/train/data/feats_fmllr_train.10.ark:6223643
mgrl0_si1497 /nfs-share/xinchi/kaldi/egs/timit/s5_la4/data-fmllr-tri3/train/data/feats_fmllr_train.6.ark:1506803
mhmg0_si1365 /nfs-share/xinchi/kaldi/egs/timit/s5_la4/data-fmllr-tri3/train/data/feats_fmllr_train.6.ark:4606454
mwac0_sx71 /nfs-share/xinchi/kaldi/egs/timit/s5_la4/data-fmllr-tri3/train/data/feats_fmllr_train.10.ark:13834941
mpgh0_sx384 /nfs-share/xinchi/kaldi/egs/timit/s5_la4/data-fmllr-tri3/train/data/feats_fmllr_train.8.ark:7118987
mtpg0_sx213 /nfs-share/xinchi/kaldi/egs/timit/s5_la4/data-fmllr-tri3/train/data/feats_fmllr_train.10.ark:9004097
flac0_si2161 /nfs-share/xinchi/kaldi/egs/timit/s5_la4/data-fmllr-tri3/train/data/feats_fmllr_train.2.ark:8942421
flod0_si1287 /nfs-share/xinchi/kaldi/egs/timit/s5_la4/data-fmllr-tri3/train/data/feats_fmllr_train.2.ark:13583560
mcdr0_si1784 /nfs-share/xinchi/kaldi/egs/timit/s5_la4/data-fmllr-tri3/train/data/feats_fmllr_train.4.ark:9753523
mdps0_si719 /nfs-share/xinchi/kaldi/egs/timit/s5_la4/data-fmllr-tri3/train/data/feats_fmllr_train.5.ark:7496193
mmgc0_sx135 /nfs-share/xinchi/kaldi/egs/timit/s5_la4/data-fmllr-tri3/train/data/feats_fmllr_train.8.ark:150016
mcae0_sx187 /nfs-share/xinchi/kaldi/egs/timit/s5_la4/data-fmllr-tri3/train/data/feats_fmllr_train.4.ark:8351751
fjxp0_sx222 /nfs-share/xinchi/kaldi/egs/timit/s5_la4/data-fmllr-tri3/train/data/feats_fmllr_train.2.ark:5018250
mmdm1_sx423 /nfs-share/xinchi/kaldi/egs/timit/s5_la4/data-fmllr-tri3/train/data/feats_fmllr_train.7.ark:16913292
msdb0_sx377 /nfs-share/xinchi/kaldi/egs/timit/s5_la4/data-fmllr-tri3/train/data/feats_fmllr_train.9.ark:12765711
mjwt0_sx391 /nfs-share/xinchi/kaldi/egs/timit/s5_la4/data-fmllr-tri3/train/data/feats_fmllr_train.7.ark:3210041
mrcg0_sx168 /nfs-share/xinchi/kaldi/egs/timit/s5_la4/data-fmllr-tri3/train/data/feats_fmllr_train.8.ark:13407314
fjlg0_sx359 /nfs-share/xinchi/kaldi/egs/timit/s5_la4/data-fmllr-tri3/train/data/feats_fmllr_train.2.ark:1832541
mjwt0_sx31 /nfs-share/xinchi/kaldi/egs/timit/s5_la4/data-fmllr-tri3/train/data/feats_fmllr_train.7.ark:3172894
fjlr0_sx331 /nfs-share/xinchi/kaldi/egs/timit/s5_la4/data-fmllr-tri3/train/data/feats_fmllr_train.2.ark:2232438
mvjh0_si1556 /nfs-share/xinchi/kaldi/egs/timit/s5_la4/data-fmllr-tri3/train/data/feats_fmllr_train.10.ark:12337941
mcdd0_si1513 /nfs-share/xinchi/kaldi/egs/timit/s5_la4/data-fmllr-tri3/train/data/feats_fmllr_train.4.ark:9348798
flet0_sx147 /nfs-share/xinchi/kaldi/egs/timit/s5_la4/data-fmllr-tri3/train/data/feats_fmllr_train.2.ark:10228407
mjfr0_si975 /nfs-share/xinchi/kaldi/egs/timit/s5_la4/data-fmllr-tri3/train/data/feats_fmllr_train.6.ark:11616813
mhxl0_sx62 /nfs-share/xinchi/kaldi/egs/timit/s5_la4/data-fmllr-tri3/train/data/feats_fmllr_train.6.ark:6074333
frjb0_si1427 /nfs-share/xinchi/kaldi/egs/timit/s5_la4/data-fmllr-tri3/train/data/feats_fmllr_train.3.ark:4352158
mfrm0_sx255 /nfs-share/xinchi/kaldi/egs/timit/s5_la4/data-fmllr-tri3/train/data/feats_fmllr_train.5.ark:14948104
mgjc0_si1256 /nfs-share/xinchi/kaldi/egs/timit/s5_la4/data-fmllr-tri3/train/data/feats_fmllr_train.6.ark:1075385
mpmb0_sx331 /nfs-share/xinchi/kaldi/egs/timit/s5_la4/data-fmllr-tri3/train/data/feats_fmllr_train.8.ark:8302946
fvfb0_sx42 /nfs-share/xinchi/kaldi/egs/timit/s5_la4/data-fmllr-tri3/train/data/feats_fmllr_train.3.ark:16067762
fpad0_sx266 /nfs-share/xinchi/kaldi/egs/timit/s5_la4/data-fmllr-tri3/train/data/feats_fmllr_train.3.ark:1839389
mjdg0_si1042 /nfs-share/xinchi/kaldi/egs/timit/s5_la4/data-fmllr-tri3/train/data/feats_fmllr_train.6.ark:9246815
mlns0_sx147 /nfs-share/xinchi/kaldi/egs/timit/s5_la4/data-fmllr-tri3/train/data/feats_fmllr_train.7.ark:11966286
mjmd0_sx398 /nfs-share/xinchi/kaldi/egs/timit/s5_la4/data-fmllr-tri3/train/data/feats_fmllr_train.6.ark:15705839
fmjf0_si1884 /nfs-share/xinchi/kaldi/egs/timit/s5_la4/data-fmllr-tri3/train/data/feats_fmllr_train.2.ark:15956250
mtrr0_sx108 /nfs-share/xinchi/kaldi/egs/timit/s5_la4/data-fmllr-tri3/train/data/feats_fmllr_train.10.ark:10950114
fajw0_sx273 /nfs-share/xinchi/kaldi/egs/timit/s5_la4/data-fmllr-tri3/train/data/feats_fmllr_train.1.ark:638099
fklc0_sx355 /nfs-share/xinchi/kaldi/egs/timit/s5_la4/data-fmllr-tri3/train/data/feats_fmllr_train.2.ark:7578300
fgcs0_sx226 /nfs-share/xinchi/kaldi/egs/timit/s5_la4/data-fmllr-tri3/train/data/feats_fmllr_train.1.ark:16438303
milb0_sx3 /nfs-share/xinchi/kaldi/egs/timit/s5_la4/data-fmllr-tri3/train/data/feats_fmllr_train.6.ark:6364894
fkfb0_sx168 /nfs-share/xinchi/kaldi/egs/timit/s5_la4/data-fmllr-tri3/train/data/feats_fmllr_train.2.ark:6598132
maeo0_sx426 /nfs-share/xinchi/kaldi/egs/timit/s5_la4/data-fmllr-tri3/train/data/feats_fmllr_train.4.ark:653834
mtjs0_sx292 /nfs-share/xinchi/kaldi/egs/timit/s5_la4/data-fmllr-tri3/train/data/feats_fmllr_train.10.ark:5179899
mfxv0_si1005 /nfs-share/xinchi/kaldi/egs/timit/s5_la4/data-fmllr-tri3/train/data/feats_fmllr_train.5.ark:15867527
mmgk0_si1952 /nfs-share/xinchi/kaldi/egs/timit/s5_la4/data-fmllr-tri3/train/data/feats_fmllr_train.8.ark:793277
mjkr0_si1201 /nfs-share/xinchi/kaldi/egs/timit/s5_la4/data-fmllr-tri3/train/data/feats_fmllr_train.6.ark:13552563
makr0_si1982 /nfs-share/xinchi/kaldi/egs/timit/s5_la4/data-fmllr-tri3/train/data/feats_fmllr_train.4.ark:1990569
mdcd0_sx425 /nfs-share/xinchi/kaldi/egs/timit/s5_la4/data-fmllr-tri3/train/data/feats_fmllr_train.4.ark:16199528
majp0_si2334 /nfs-share/xinchi/kaldi/egs/timit/s5_la4/data-fmllr-tri3/train/data/feats_fmllr_train.4.ark:1167921
fbmh0_si1766 /nfs-share/xinchi/kaldi/egs/timit/s5_la4/data-fmllr-tri3/train/data/feats_fmllr_train.1.ark:4153888
mmrp0_si2034 /nfs-share/xinchi/kaldi/egs/timit/s5_la4/data-fmllr-tri3/train/data/feats_fmllr_train.8.ark:2152358
mtcs0_sx442 /nfs-share/xinchi/kaldi/egs/timit/s5_la4/data-fmllr-tri3/train/data/feats_fmllr_train.10.ark:2728518
fpls0_si960 /nfs-share/xinchi/kaldi/egs/timit/s5_la4/data-fmllr-tri3/train/data/feats_fmllr_train.3.ark:3288524
mrld0_sx334 /nfs-share/xinchi/kaldi/egs/timit/s5_la4/data-fmllr-tri3/train/data/feats_fmllr_train.9.ark:3604762
msdh0_si2240 /nfs-share/xinchi/kaldi/egs/timit/s5_la4/data-fmllr-tri3/train/data/feats_fmllr_train.9.ark:12821927
mmwb0_si989 /nfs-share/xinchi/kaldi/egs/timit/s5_la4/data-fmllr-tri3/train/data/feats_fmllr_train.8.ark:3577864
mhmr0_si1119 /nfs-share/xinchi/kaldi/egs/timit/s5_la4/data-fmllr-tri3/train/data/feats_fmllr_train.6.ark:4957871
mjrh1_sx424 /nfs-share/xinchi/kaldi/egs/timit/s5_la4/data-fmllr-tri3/train/data/feats_fmllr_train.7.ark:681994
mdss1_sx427 /nfs-share/xinchi/kaldi/egs/timit/s5_la4/data-fmllr-tri3/train/data/feats_fmllr_train.5.ark:9169329
mtmn0_si582 /nfs-share/xinchi/kaldi/egs/timit/s5_la4/data-fmllr-tri3/train/data/feats_fmllr_train.10.ark:7771712
fdml0_si1149 /nfs-share/xinchi/kaldi/egs/timit/s5_la4/data-fmllr-tri3/train/data/feats_fmllr_train.1.ark:11281667
fvmh0_si1466 /nfs-share/xinchi/kaldi/egs/timit/s5_la4/data-fmllr-tri3/train/data/feats_fmllr_train.3.ark:16493127
msrr0_sx141 /nfs-share/xinchi/kaldi/egs/timit/s5_la4/data-fmllr-tri3/train/data/feats_fmllr_train.9.ark:17522129
msmc0_sx107 /nfs-share/xinchi/kaldi/egs/timit/s5_la4/data-fmllr-tri3/train/data/feats_fmllr_train.9.ark:15990221
fetb0_sx428 /nfs-share/xinchi/kaldi/egs/timit/s5_la4/data-fmllr-tri3/train/data/feats_fmllr_train.1.ark:15697602
mjai0_sx344 /nfs-share/xinchi/kaldi/egs/timit/s5_la4/data-fmllr-tri3/train/data/feats_fmllr_train.6.ark:7536425
fltm0_sx260 /nfs-share/xinchi/kaldi/egs/timit/s5_la4/data-fmllr-tri3/train/data/feats_fmllr_train.2.ark:14111088
madd0_sx178 /nfs-share/xinchi/kaldi/egs/timit/s5_la4/data-fmllr-tri3/train/data/feats_fmllr_train.3.ark:17721860
mmjb1_sx418 /nfs-share/xinchi/kaldi/egs/timit/s5_la4/data-fmllr-tri3/train/data/feats_fmllr_train.8.ark:1327229
mcth0_sx219 /nfs-share/xinchi/kaldi/egs/timit/s5_la4/data-fmllr-tri3/train/data/feats_fmllr_train.4.ark:13423397
mesj0_si997 /nfs-share/xinchi/kaldi/egs/timit/s5_la4/data-fmllr-tri3/train/data/feats_fmllr_train.5.ark:13467183
mtqc0_si2071 /nfs-share/xinchi/kaldi/egs/timit/s5_la4/data-fmllr-tri3/train/data/feats_fmllr_train.10.ark:10067867
mesj0_sx367 /nfs-share/xinchi/kaldi/egs/timit/s5_la4/data-fmllr-tri3/train/data/feats_fmllr_train.5.ark:13586624
mefg0_sx15 /nfs-share/xinchi/kaldi/egs/timit/s5_la4/data-fmllr-tri3/train/data/feats_fmllr_train.5.ark:11646473
mewm0_si1348 /nfs-share/xinchi/kaldi/egs/timit/s5_la4/data-fmllr-tri3/train/data/feats_fmllr_train.5.ark:13692783
mgag0_sx61 /nfs-share/xinchi/kaldi/egs/timit/s5_la4/data-fmllr-tri3/train/data/feats_fmllr_train.5.ark:16879670
mpeb0_sx330 /nfs-share/xinchi/kaldi/egs/timit/s5_la4/data-fmllr-tri3/train/data/feats_fmllr_train.8.ark:6262501
mdlc0_si2025 /nfs-share/xinchi/kaldi/egs/timit/s5_la4/data-fmllr-tri3/train/data/feats_fmllr_train.5.ark:2865721
msfh0_sx316 /nfs-share/xinchi/kaldi/egs/timit/s5_la4/data-fmllr-tri3/train/data/feats_fmllr_train.9.ark:14820025
fgrw0_si1782 /nfs-share/xinchi/kaldi/egs/timit/s5_la4/data-fmllr-tri3/train/data/feats_fmllr_train.1.ark:17591513
fleh0_sx151 /nfs-share/xinchi/kaldi/egs/timit/s5_la4/data-fmllr-tri3/train/data/feats_fmllr_train.2.ark:9805150
mwrp0_si1525 /nfs-share/xinchi/kaldi/egs/timit/s5_la4/data-fmllr-tri3/train/data/feats_fmllr_train.10.ark:16487401
mtcs0_sx82 /nfs-share/xinchi/kaldi/egs/timit/s5_la4/data-fmllr-tri3/train/data/feats_fmllr_train.10.ark:2785024
mjmm0_si1255 /nfs-share/xinchi/kaldi/egs/timit/s5_la4/data-fmllr-tri3/train/data/feats_fmllr_train.6.ark:15752747
mmdg0_si1780 /nfs-share/xinchi/kaldi/egs/timit/s5_la4/data-fmllr-tri3/train/data/feats_fmllr_train.7.ark:15817815
msdb0_si2267 /nfs-share/xinchi/kaldi/egs/timit/s5_la4/data-fmllr-tri3/train/data/feats_fmllr_train.9.ark:12616777
fksr0_sx217 /nfs-share/xinchi/kaldi/egs/timit/s5_la4/data-fmllr-tri3/train/data/feats_fmllr_train.2.ark:8679245
mprk0_si1097 /nfs-share/xinchi/kaldi/egs/timit/s5_la4/data-fmllr-tri3/train/data/feats_fmllr_train.8.ark:9816798
mpmb0_si1501 /nfs-share/xinchi/kaldi/egs/timit/s5_la4/data-fmllr-tri3/train/data/feats_fmllr_train.8.ark:7881690
mhmg0_sx195 /nfs-share/xinchi/kaldi/egs/timit/s5_la4/data-fmllr-tri3/train/data/feats_fmllr_train.6.ark:4844029
mrem0_sx331 /nfs-share/xinchi/kaldi/egs/timit/s5_la4/data-fmllr-tri3/train/data/feats_fmllr_train.8.ark:16207608
fdml0_sx249 /nfs-share/xinchi/kaldi/egs/timit/s5_la4/data-fmllr-tri3/train/data/feats_fmllr_train.1.ark:11450417
flag0_sx24 /nfs-share/xinchi/kaldi/egs/timit/s5_la4/data-fmllr-tri3/train/data/feats_fmllr_train.2.ark:9512825
mdhs0_si1530 /nfs-share/xinchi/kaldi/egs/timit/s5_la4/data-fmllr-tri3/train/data/feats_fmllr_train.5.ark:1207864
flja0_si2338 /nfs-share/xinchi/kaldi/egs/timit/s5_la4/data-fmllr-tri3/train/data/feats_fmllr_train.2.ark:10900336
mrtj0_sx52 /nfs-share/xinchi/kaldi/egs/timit/s5_la4/data-fmllr-tri3/train/data/feats_fmllr_train.9.ark:9601355
mdef0_sx393 /nfs-share/xinchi/kaldi/egs/timit/s5_la4/data-fmllr-tri3/train/data/feats_fmllr_train.5.ark:319723
mram0_sx285 /nfs-share/xinchi/kaldi/egs/timit/s5_la4/data-fmllr-tri3/train/data/feats_fmllr_train.8.ark:12416502
mrml0_sx431 /nfs-share/xinchi/kaldi/egs/timit/s5_la4/data-fmllr-tri3/train/data/feats_fmllr_train.9.ark:6634528
mdks0_si2326 /nfs-share/xinchi/kaldi/egs/timit/s5_la4/data-fmllr-tri3/train/data/feats_fmllr_train.5.ark:1990114
fkde0_sx61 /nfs-share/xinchi/kaldi/egs/timit/s5_la4/data-fmllr-tri3/train/data/feats_fmllr_train.2.ark:5995565
fjlr0_sx421 /nfs-share/xinchi/kaldi/egs/timit/s5_la4/data-fmllr-tri3/train/data/feats_fmllr_train.2.ark:2283185
msat1_sx83 /nfs-share/xinchi/kaldi/egs/timit/s5_la4/data-fmllr-tri3/train/data/feats_fmllr_train.9.ark:12482613
mtdp0_sx351 /nfs-share/xinchi/kaldi/egs/timit/s5_la4/data-fmllr-tri3/train/data/feats_fmllr_train.10.ark:3492766
fssb0_sx182 /nfs-share/xinchi/kaldi/egs/timit/s5_la4/data-fmllr-tri3/train/data/feats_fmllr_train.3.ark:13643314
mjrk0_sx430 /nfs-share/xinchi/kaldi/egs/timit/s5_la4/data-fmllr-tri3/train/data/feats_fmllr_train.7.ark:1041411
mbef0_sx21 /nfs-share/xinchi/kaldi/egs/timit/s5_la4/data-fmllr-tri3/train/data/feats_fmllr_train.4.ark:4694275
mjlg1_sx202 /nfs-share/xinchi/kaldi/egs/timit/s5_la4/data-fmllr-tri3/train/data/feats_fmllr_train.6.ark:14499987
mkln0_si968 /nfs-share/xinchi/kaldi/egs/timit/s5_la4/data-fmllr-tri3/train/data/feats_fmllr_train.7.ark:7583229
mrgs0_si726 /nfs-share/xinchi/kaldi/egs/timit/s5_la4/data-fmllr-tri3/train/data/feats_fmllr_train.9.ark:98628
mmsm0_si476 /nfs-share/xinchi/kaldi/egs/timit/s5_la4/data-fmllr-tri3/train/data/feats_fmllr_train.8.ark:2678229
fljg0_si2241 /nfs-share/xinchi/kaldi/egs/timit/s5_la4/data-fmllr-tri3/train/data/feats_fmllr_train.2.ark:11638023
fljg0_sx171 /nfs-share/xinchi/kaldi/egs/timit/s5_la4/data-fmllr-tri3/train/data/feats_fmllr_train.2.ark:11750717
mklw0_sx311 /nfs-share/xinchi/kaldi/egs/timit/s5_la4/data-fmllr-tri3/train/data/feats_fmllr_train.7.ark:9216981
flkm0_sx260 /nfs-share/xinchi/kaldi/egs/timit/s5_la4/data-fmllr-tri3/train/data/feats_fmllr_train.2.ark:12246640
mrhl0_sx255 /nfs-share/xinchi/kaldi/egs/timit/s5_la4/data-fmllr-tri3/train/data/feats_fmllr_train.9.ark:615217
mmgc0_si1935 /nfs-share/xinchi/kaldi/egs/timit/s5_la4/data-fmllr-tri3/train/data/feats_fmllr_train.8.ark:67561
msvs0_sx218 /nfs-share/xinchi/kaldi/egs/timit/s5_la4/data-fmllr-tri3/train/data/feats_fmllr_train.10.ark:249402
mrpc1_si1482 /nfs-share/xinchi/kaldi/egs/timit/s5_la4/data-fmllr-tri3/train/data/feats_fmllr_train.9.ark:7091440
fecd0_sx428 /nfs-share/xinchi/kaldi/egs/timit/s5_la4/data-fmllr-tri3/train/data/feats_fmllr_train.1.ark:14490871
msms0_si1433 /nfs-share/xinchi/kaldi/egs/timit/s5_la4/data-fmllr-tri3/train/data/feats_fmllr_train.9.ark:16600333
mkaj0_sx244 /nfs-share/xinchi/kaldi/egs/timit/s5_la4/data-fmllr-tri3/train/data/feats_fmllr_train.7.ark:4986725
mges0_sx131 /nfs-share/xinchi/kaldi/egs/timit/s5_la4/data-fmllr-tri3/train/data/feats_fmllr_train.6.ark:850610
mdhs0_sx180 /nfs-share/xinchi/kaldi/egs/timit/s5_la4/data-fmllr-tri3/train/data/feats_fmllr_train.5.ark:1355786
flkm0_sx80 /nfs-share/xinchi/kaldi/egs/timit/s5_la4/data-fmllr-tri3/train/data/feats_fmllr_train.2.ark:12444320
mjfh0_si477 /nfs-share/xinchi/kaldi/egs/timit/s5_la4/data-fmllr-tri3/train/data/feats_fmllr_train.6.ark:11298996
mwar0_sx235 /nfs-share/xinchi/kaldi/egs/timit/s5_la4/data-fmllr-tri3/train/data/feats_fmllr_train.10.ark:14370817
mmam0_sx247 /nfs-share/xinchi/kaldi/egs/timit/s5_la4/data-fmllr-tri3/train/data/feats_fmllr_train.7.ark:14006279
fmmh0_sx97 /nfs-share/xinchi/kaldi/egs/timit/s5_la4/data-fmllr-tri3/train/data/feats_fmllr_train.2.ark:17889436
mjeb0_si656 /nfs-share/xinchi/kaldi/egs/timit/s5_la4/data-fmllr-tri3/train/data/feats_fmllr_train.6.ark:10139625
mmsm0_sx386 /nfs-share/xinchi/kaldi/egs/timit/s5_la4/data-fmllr-tri3/train/data/feats_fmllr_train.8.ark:2922843
mbar0_si1319 /nfs-share/xinchi/kaldi/egs/timit/s5_la4/data-fmllr-tri3/train/data/feats_fmllr_train.4.ark:3375569
fcmm0_sx183 /nfs-share/xinchi/kaldi/egs/timit/s5_la4/data-fmllr-tri3/train/data/feats_fmllr_train.1.ark:8344010
mjda0_si2291 /nfs-share/xinchi/kaldi/egs/timit/s5_la4/data-fmllr-tri3/train/data/feats_fmllr_train.6.ark:8096300
mtrr0_si918 /nfs-share/xinchi/kaldi/egs/timit/s5_la4/data-fmllr-tri3/train/data/feats_fmllr_train.10.ark:10884327
mfxs0_si2304 /nfs-share/xinchi/kaldi/egs/timit/s5_la4/data-fmllr-tri3/train/data/feats_fmllr_train.5.ark:15562565
mrml0_si2051 /nfs-share/xinchi/kaldi/egs/timit/s5_la4/data-fmllr-tri3/train/data/feats_fmllr_train.9.ark:6342393
mreh1_si1599 /nfs-share/xinchi/kaldi/egs/timit/s5_la4/data-fmllr-tri3/train/data/feats_fmllr_train.8.ark:15518456
fpjf0_sx146 /nfs-share/xinchi/kaldi/egs/timit/s5_la4/data-fmllr-tri3/train/data/feats_fmllr_train.3.ark:2983374
fdfb0_sx148 /nfs-share/xinchi/kaldi/egs/timit/s5_la4/data-fmllr-tri3/train/data/feats_fmllr_train.1.ark:10261577
fvmh0_sx26 /nfs-share/xinchi/kaldi/egs/timit/s5_la4/data-fmllr-tri3/train/data/feats_fmllr_train.3.ark:16751982
mcef0_si842 /nfs-share/xinchi/kaldi/egs/timit/s5_la4/data-fmllr-tri3/train/data/feats_fmllr_train.4.ark:10211847
mwem0_sx420 /nfs-share/xinchi/kaldi/egs/timit/s5_la4/data-fmllr-tri3/train/data/feats_fmllr_train.10.ark:15520644
mbar0_sx329 /nfs-share/xinchi/kaldi/egs/timit/s5_la4/data-fmllr-tri3/train/data/feats_fmllr_train.4.ark:3620025
mges0_si2111 /nfs-share/xinchi/kaldi/egs/timit/s5_la4/data-fmllr-tri3/train/data/feats_fmllr_train.6.ark:772156
mjjj0_sx353 /nfs-share/xinchi/kaldi/egs/timit/s5_la4/data-fmllr-tri3/train/data/feats_fmllr_train.6.ark:13027145
mjrh0_si1755 /nfs-share/xinchi/kaldi/egs/timit/s5_la4/data-fmllr-tri3/train/data/feats_fmllr_train.7.ark:40521
fcrz0_sx163 /nfs-share/xinchi/kaldi/egs/timit/s5_la4/data-fmllr-tri3/train/data/feats_fmllr_train.1.ark:8710307
makr0_si722 /nfs-share/xinchi/kaldi/egs/timit/s5_la4/data-fmllr-tri3/train/data/feats_fmllr_train.4.ark:2037956
mrlr0_sx386 /nfs-share/xinchi/kaldi/egs/timit/s5_la4/data-fmllr-tri3/train/data/feats_fmllr_train.9.ark:5112564
fklc1_sx328 /nfs-share/xinchi/kaldi/egs/timit/s5_la4/data-fmllr-tri3/train/data/feats_fmllr_train.2.ark:7928598
fbmh0_sx56 /nfs-share/xinchi/kaldi/egs/timit/s5_la4/data-fmllr-tri3/train/data/feats_fmllr_train.1.ark:4416289
mrlj0_si2050 /nfs-share/xinchi/kaldi/egs/timit/s5_la4/data-fmllr-tri3/train/data/feats_fmllr_train.9.ark:3764391
flet0_sx57 /nfs-share/xinchi/kaldi/egs/timit/s5_la4/data-fmllr-tri3/train/data/feats_fmllr_train.2.ark:10378914
fsak0_si1930 /nfs-share/xinchi/kaldi/egs/timit/s5_la4/data-fmllr-tri3/train/data/feats_fmllr_train.3.ark:6031134
mbjv0_si617 /nfs-share/xinchi/kaldi/egs/timit/s5_la4/data-fmllr-tri3/train/data/feats_fmllr_train.4.ark:5279749
mwar0_si2305 /nfs-share/xinchi/kaldi/egs/timit/s5_la4/data-fmllr-tri3/train/data/feats_fmllr_train.10.ark:14290443
mkes0_si623 /nfs-share/xinchi/kaldi/egs/timit/s5_la4/data-fmllr-tri3/train/data/feats_fmllr_train.7.ark:6838155
fsbk0_sx79 /nfs-share/xinchi/kaldi/egs/timit/s5_la4/data-fmllr-tri3/train/data/feats_fmllr_train.3.ark:6700153
fsgf0_si927 /nfs-share/xinchi/kaldi/egs/timit/s5_la4/data-fmllr-tri3/train/data/feats_fmllr_train.3.ark:8023607
mges0_sx221 /nfs-share/xinchi/kaldi/egs/timit/s5_la4/data-fmllr-tri3/train/data/feats_fmllr_train.6.ark:880237
mafm0_sx399 /nfs-share/xinchi/kaldi/egs/timit/s5_la4/data-fmllr-tri3/train/data/feats_fmllr_train.4.ark:1026077
flet0_si507 /nfs-share/xinchi/kaldi/egs/timit/s5_la4/data-fmllr-tri3/train/data/feats_fmllr_train.2.ark:10154460
mcdd0_sx433 /nfs-share/xinchi/kaldi/egs/timit/s5_la4/data-fmllr-tri3/train/data/feats_fmllr_train.4.ark:9598721
mrds0_si1167 /nfs-share/xinchi/kaldi/egs/timit/s5_la4/data-fmllr-tri3/train/data/feats_fmllr_train.8.ark:14788261
mbgt0_si1841 /nfs-share/xinchi/kaldi/egs/timit/s5_la4/data-fmllr-tri3/train/data/feats_fmllr_train.4.ark:4811345
mpgr1_si2129 /nfs-share/xinchi/kaldi/egs/timit/s5_la4/data-fmllr-tri3/train/data/feats_fmllr_train.8.ark:7602328
mrds0_sx447 /nfs-share/xinchi/kaldi/egs/timit/s5_la4/data-fmllr-tri3/train/data/feats_fmllr_train.8.ark:15059784
fdjh0_sx125 /nfs-share/xinchi/kaldi/egs/timit/s5_la4/data-fmllr-tri3/train/data/feats_fmllr_train.1.ark:10626914
mgag0_si645 /nfs-share/xinchi/kaldi/egs/timit/s5_la4/data-fmllr-tri3/train/data/feats_fmllr_train.5.ark:16632949
mwgr0_sx166 /nfs-share/xinchi/kaldi/egs/timit/s5_la4/data-fmllr-tri3/train/data/feats_fmllr_train.10.ark:15795340
mrwa0_sx163 /nfs-share/xinchi/kaldi/egs/timit/s5_la4/data-fmllr-tri3/train/data/feats_fmllr_train.9.ark:10142002
mrlr0_si1826 /nfs-share/xinchi/kaldi/egs/timit/s5_la4/data-fmllr-tri3/train/data/feats_fmllr_train.9.ark:4853363
mprd0_sx351 /nfs-share/xinchi/kaldi/egs/timit/s5_la4/data-fmllr-tri3/train/data/feats_fmllr_train.8.ark:9671757
fjlr0_sx61 /nfs-share/xinchi/kaldi/egs/timit/s5_la4/data-fmllr-tri3/train/data/feats_fmllr_train.2.ark:2327691
mapv0_si1293 /nfs-share/xinchi/kaldi/egs/timit/s5_la4/data-fmllr-tri3/train/data/feats_fmllr_train.4.ark:2243558
mmcc0_sx348 /nfs-share/xinchi/kaldi/egs/timit/s5_la4/data-fmllr-tri3/train/data/feats_fmllr_train.7.ark:15329677
fltm0_si1070 /nfs-share/xinchi/kaldi/egs/timit/s5_la4/data-fmllr-tri3/train/data/feats_fmllr_train.2.ark:13933538
mrso0_sx399 /nfs-share/xinchi/kaldi/egs/timit/s5_la4/data-fmllr-tri3/train/data/feats_fmllr_train.9.ark:8294944
mbma0_sx52 /nfs-share/xinchi/kaldi/egs/timit/s5_la4/data-fmllr-tri3/train/data/feats_fmllr_train.4.ark:5871300
fbjl0_si1552 /nfs-share/xinchi/kaldi/egs/timit/s5_la4/data-fmllr-tri3/train/data/feats_fmllr_train.1.ark:3276465
fklc0_sx445 /nfs-share/xinchi/kaldi/egs/timit/s5_la4/data-fmllr-tri3/train/data/feats_fmllr_train.2.ark:7620887
mjde0_sx220 /nfs-share/xinchi/kaldi/egs/timit/s5_la4/data-fmllr-tri3/train/data/feats_fmllr_train.6.ark:8995027
mpgr0_sx150 /nfs-share/xinchi/kaldi/egs/timit/s5_la4/data-fmllr-tri3/train/data/feats_fmllr_train.8.ark:7280697
mjwg0_si813 /nfs-share/xinchi/kaldi/egs/timit/s5_la4/data-fmllr-tri3/train/data/feats_fmllr_train.7.ark:1990566
mbef0_si1911 /nfs-share/xinchi/kaldi/egs/timit/s5_la4/data-fmllr-tri3/train/data/feats_fmllr_train.4.ark:4524728
fvmh0_si2096 /nfs-share/xinchi/kaldi/egs/timit/s5_la4/data-fmllr-tri3/train/data/feats_fmllr_train.3.ark:16560195
fcjf0_sx217 /nfs-share/xinchi/kaldi/egs/timit/s5_la4/data-fmllr-tri3/train/data/feats_fmllr_train.1.ark:6575111
mkln0_sx158 /nfs-share/xinchi/kaldi/egs/timit/s5_la4/data-fmllr-tri3/train/data/feats_fmllr_train.7.ark:7643736
mdtb0_si570 /nfs-share/xinchi/kaldi/egs/timit/s5_la4/data-fmllr-tri3/train/data/feats_fmllr_train.5.ark:9315038
mbml0_sx179 /nfs-share/xinchi/kaldi/egs/timit/s5_la4/data-fmllr-tri3/train/data/feats_fmllr_train.4.ark:6450667
fjlg0_sx449 /nfs-share/xinchi/kaldi/egs/timit/s5_la4/data-fmllr-tri3/train/data/feats_fmllr_train.2.ark:1890008
mjda0_sx221 /nfs-share/xinchi/kaldi/egs/timit/s5_la4/data-fmllr-tri3/train/data/feats_fmllr_train.6.ark:8176674
mpar0_si1576 /nfs-share/xinchi/kaldi/egs/timit/s5_la4/data-fmllr-tri3/train/data/feats_fmllr_train.8.ark:5741028
mwac0_sx161 /nfs-share/xinchi/kaldi/egs/timit/s5_la4/data-fmllr-tri3/train/data/feats_fmllr_train.10.ark:13575474
fajw0_sx363 /nfs-share/xinchi/kaldi/egs/timit/s5_la4/data-fmllr-tri3/train/data/feats_fmllr_train.1.ark:710471
mmam0_sx67 /nfs-share/xinchi/kaldi/egs/timit/s5_la4/data-fmllr-tri3/train/data/feats_fmllr_train.7.ark:14132759
fgdp0_sx178 /nfs-share/xinchi/kaldi/egs/timit/s5_la4/data-fmllr-tri3/train/data/feats_fmllr_train.1.ark:16759613
mdsj0_sx292 /nfs-share/xinchi/kaldi/egs/timit/s5_la4/data-fmllr-tri3/train/data/feats_fmllr_train.5.ark:8430627
mmdg0_sx160 /nfs-share/xinchi/kaldi/egs/timit/s5_la4/data-fmllr-tri3/train/data/feats_fmllr_train.7.ark:15979657
fsdj0_si485 /nfs-share/xinchi/kaldi/egs/timit/s5_la4/data-fmllr-tri3/train/data/feats_fmllr_train.3.ark:7689790
mmjb1_si778 /nfs-share/xinchi/kaldi/egs/timit/s5_la4/data-fmllr-tri3/train/data/feats_fmllr_train.8.ark:1137201
mmxs0_sx336 /nfs-share/xinchi/kaldi/egs/timit/s5_la4/data-fmllr-tri3/train/data/feats_fmllr_train.8.ark:4831234
marw0_si646 /nfs-share/xinchi/kaldi/egs/timit/s5_la4/data-fmllr-tri3/train/data/feats_fmllr_train.4.ark:3050287
mrav0_sx18 /nfs-share/xinchi/kaldi/egs/timit/s5_la4/data-fmllr-tri3/train/data/feats_fmllr_train.8.ark:12694906
mjac0_sx341 /nfs-share/xinchi/kaldi/egs/timit/s5_la4/data-fmllr-tri3/train/data/feats_fmllr_train.6.ark:6715191
mcss0_sx210 /nfs-share/xinchi/kaldi/egs/timit/s5_la4/data-fmllr-tri3/train/data/feats_fmllr_train.4.ark:13079340
mnet0_sx6 /nfs-share/xinchi/kaldi/egs/timit/s5_la4/data-fmllr-tri3/train/data/feats_fmllr_train.8.ark:5245556
mmaa0_sx395 /nfs-share/xinchi/kaldi/egs/timit/s5_la4/data-fmllr-tri3/train/data/feats_fmllr_train.7.ark:12953547
mjws0_sx243 /nfs-share/xinchi/kaldi/egs/timit/s5_la4/data-fmllr-tri3/train/data/feats_fmllr_train.7.ark:2592944
mvjh0_sx26 /nfs-share/xinchi/kaldi/egs/timit/s5_la4/data-fmllr-tri3/train/data/feats_fmllr_train.10.ark:12595356
flod0_sx297 /nfs-share/xinchi/kaldi/egs/timit/s5_la4/data-fmllr-tri3/train/data/feats_fmllr_train.2.ark:13860523
mzmb0_sx266 /nfs-share/xinchi/kaldi/egs/timit/s5_la4/data-fmllr-tri3/train/data/feats_fmllr_train.10.ark:17803010
fsah0_sx434 /nfs-share/xinchi/kaldi/egs/timit/s5_la4/data-fmllr-tri3/train/data/feats_fmllr_train.3.ark:5872972
mjhi0_sx338 /nfs-share/xinchi/kaldi/egs/timit/s5_la4/data-fmllr-tri3/train/data/feats_fmllr_train.6.ark:12182550
fpaz0_sx63 /nfs-share/xinchi/kaldi/egs/timit/s5_la4/data-fmllr-tri3/train/data/feats_fmllr_train.3.ark:2783743
fbmh0_sx236 /nfs-share/xinchi/kaldi/egs/timit/s5_la4/data-fmllr-tri3/train/data/feats_fmllr_train.1.ark:4302929
fcjs0_sx437 /nfs-share/xinchi/kaldi/egs/timit/s5_la4/data-fmllr-tri3/train/data/feats_fmllr_train.1.ark:6950742
mjae0_sx354 /nfs-share/xinchi/kaldi/egs/timit/s5_la4/data-fmllr-tri3/train/data/feats_fmllr_train.6.ark:7090449
msat1_sx443 /nfs-share/xinchi/kaldi/egs/timit/s5_la4/data-fmllr-tri3/train/data/feats_fmllr_train.9.ark:12436987
fclt0_sx448 /nfs-share/xinchi/kaldi/egs/timit/s5_la4/data-fmllr-tri3/train/data/feats_fmllr_train.1.ark:7684776
fnkl0_sx196 /nfs-share/xinchi/kaldi/egs/timit/s5_la4/data-fmllr-tri3/train/data/feats_fmllr_train.3.ark:207642
mrld0_sx424 /nfs-share/xinchi/kaldi/egs/timit/s5_la4/data-fmllr-tri3/train/data/feats_fmllr_train.9.ark:3638229
msem1_sx90 /nfs-share/xinchi/kaldi/egs/timit/s5_la4/data-fmllr-tri3/train/data/feats_fmllr_train.9.ark:14118523
mhbs0_si1575 /nfs-share/xinchi/kaldi/egs/timit/s5_la4/data-fmllr-tri3/train/data/feats_fmllr_train.6.ark:3565802
mmdb0_sx357 /nfs-share/xinchi/kaldi/egs/timit/s5_la4/data-fmllr-tri3/train/data/feats_fmllr_train.7.ark:15705254
mdrd0_sx302 /nfs-share/xinchi/kaldi/egs/timit/s5_la4/data-fmllr-tri3/train/data/feats_fmllr_train.5.ark:8054091
mmxs0_si876 /nfs-share/xinchi/kaldi/egs/timit/s5_la4/data-fmllr-tri3/train/data/feats_fmllr_train.8.ark:4715153
fkfb0_sx438 /nfs-share/xinchi/kaldi/egs/timit/s5_la4/data-fmllr-tri3/train/data/feats_fmllr_train.2.ark:6749093
mrms0_si2057 /nfs-share/xinchi/kaldi/egs/timit/s5_la4/data-fmllr-tri3/train/data/feats_fmllr_train.9.ark:6802770
mdem0_sx68 /nfs-share/xinchi/kaldi/egs/timit/s5_la4/data-fmllr-tri3/train/data/feats_fmllr_train.5.ark:774819
mwac0_sx431 /nfs-share/xinchi/kaldi/egs/timit/s5_la4/data-fmllr-tri3/train/data/feats_fmllr_train.10.ark:13770915
meal0_sx377 /nfs-share/xinchi/kaldi/egs/timit/s5_la4/data-fmllr-tri3/train/data/feats_fmllr_train.5.ark:11042922
mrav0_si1008 /nfs-share/xinchi/kaldi/egs/timit/s5_la4/data-fmllr-tri3/train/data/feats_fmllr_train.8.ark:12512557
ftbw0_sx355 /nfs-share/xinchi/kaldi/egs/timit/s5_la4/data-fmllr-tri3/train/data/feats_fmllr_train.3.ark:14854098
fsjs0_sx181 /nfs-share/xinchi/kaldi/egs/timit/s5_la4/data-fmllr-tri3/train/data/feats_fmllr_train.3.ark:9321725
mrmb0_sx411 /nfs-share/xinchi/kaldi/egs/timit/s5_la4/data-fmllr-tri3/train/data/feats_fmllr_train.9.ark:5424435
mrfl0_sx346 /nfs-share/xinchi/kaldi/egs/timit/s5_la4/data-fmllr-tri3/train/data/feats_fmllr_train.8.ark:17339140
fleh0_si1051 /nfs-share/xinchi/kaldi/egs/timit/s5_la4/data-fmllr-tri3/train/data/feats_fmllr_train.2.ark:9664267
mkls1_sx15 /nfs-share/xinchi/kaldi/egs/timit/s5_la4/data-fmllr-tri3/train/data/feats_fmllr_train.7.ark:8822175
mwch0_sx362 /nfs-share/xinchi/kaldi/egs/timit/s5_la4/data-fmllr-tri3/train/data/feats_fmllr_train.10.ark:14722902
mtqc0_sx361 /nfs-share/xinchi/kaldi/egs/timit/s5_la4/data-fmllr-tri3/train/data/feats_fmllr_train.10.ark:10276775
mdjm0_sx195 /nfs-share/xinchi/kaldi/egs/timit/s5_la4/data-fmllr-tri3/train/data/feats_fmllr_train.5.ark:1808696
mtlb0_si1134 /nfs-share/xinchi/kaldi/egs/timit/s5_la4/data-fmllr-tri3/train/data/feats_fmllr_train.10.ark:6498845
mbar0_sx59 /nfs-share/xinchi/kaldi/egs/timit/s5_la4/data-fmllr-tri3/train/data/feats_fmllr_train.4.ark:3722158
mdbb1_si1006 /nfs-share/xinchi/kaldi/egs/timit/s5_la4/data-fmllr-tri3/train/data/feats_fmllr_train.4.ark:15118290
mdps0_sx449 /nfs-share/xinchi/kaldi/egs/timit/s5_la4/data-fmllr-tri3/train/data/feats_fmllr_train.5.ark:7675181
majp0_sx174 /nfs-share/xinchi/kaldi/egs/timit/s5_la4/data-fmllr-tri3/train/data/feats_fmllr_train.4.ark:1219468
fsbk0_si2329 /nfs-share/xinchi/kaldi/egs/timit/s5_la4/data-fmllr-tri3/train/data/feats_fmllr_train.3.ark:6421299
fhlm0_si930 /nfs-share/xinchi/kaldi/egs/timit/s5_la4/data-fmllr-tri3/train/data/feats_fmllr_train.1.ark:18029998
mrpc1_si2112 /nfs-share/xinchi/kaldi/egs/timit/s5_la4/data-fmllr-tri3/train/data/feats_fmllr_train.9.ark:7170696
fhlm0_sx300 /nfs-share/xinchi/kaldi/egs/timit/s5_la4/data-fmllr-tri3/train/data/feats_fmllr_train.1.ark:18191039
mkag0_sx439 /nfs-share/xinchi/kaldi/egs/timit/s5_la4/data-fmllr-tri3/train/data/feats_fmllr_train.7.ark:4317385
fajw0_si1893 /nfs-share/xinchi/kaldi/egs/timit/s5_la4/data-fmllr-tri3/train/data/feats_fmllr_train.1.ark:469858
mcth0_si579 /nfs-share/xinchi/kaldi/egs/timit/s5_la4/data-fmllr-tri3/train/data/feats_fmllr_train.4.ark:13323183
msrg0_sx51 /nfs-share/xinchi/kaldi/egs/timit/s5_la4/data-fmllr-tri3/train/data/feats_fmllr_train.9.ark:17305059
msfh0_sx226 /nfs-share/xinchi/kaldi/egs/timit/s5_la4/data-fmllr-tri3/train/data/feats_fmllr_train.9.ark:14763358
mctm0_sx270 /nfs-share/xinchi/kaldi/egs/timit/s5_la4/data-fmllr-tri3/train/data/feats_fmllr_train.4.ark:13821854
fvmh0_sx386 /nfs-share/xinchi/kaldi/egs/timit/s5_la4/data-fmllr-tri3/train/data/feats_fmllr_train.3.ark:16820836
mejl0_si1592 /nfs-share/xinchi/kaldi/egs/timit/s5_la4/data-fmllr-tri3/train/data/feats_fmllr_train.5.ark:12259917
fklh0_si1257 /nfs-share/xinchi/kaldi/egs/timit/s5_la4/data-fmllr-tri3/train/data/feats_fmllr_train.2.ark:8100519
medr0_sx294 /nfs-share/xinchi/kaldi/egs/timit/s5_la4/data-fmllr-tri3/train/data/feats_fmllr_train.5.ark:11355112
mjae0_sx444 /nfs-share/xinchi/kaldi/egs/timit/s5_la4/data-fmllr-tri3/train/data/feats_fmllr_train.6.ark:7141836
mdjm0_sx15 /nfs-share/xinchi/kaldi/egs/timit/s5_la4/data-fmllr-tri3/train/data/feats_fmllr_train.5.ark:1763869
mjjb0_sx59 /nfs-share/xinchi/kaldi/egs/timit/s5_la4/data-fmllr-tri3/train/data/feats_fmllr_train.6.ark:12690181
mdcd0_si1415 /nfs-share/xinchi/kaldi/egs/timit/s5_la4/data-fmllr-tri3/train/data/feats_fmllr_train.4.ark:15888805
mvrw0_si1485 /nfs-share/xinchi/kaldi/egs/timit/s5_la4/data-fmllr-tri3/train/data/feats_fmllr_train.10.ark:13095495
mafm0_si2199 /nfs-share/xinchi/kaldi/egs/timit/s5_la4/data-fmllr-tri3/train/data/feats_fmllr_train.4.ark:770076
fbas0_si2066 /nfs-share/xinchi/kaldi/egs/timit/s5_la4/data-fmllr-tri3/train/data/feats_fmllr_train.1.ark:2181150
mgaf0_si1912 /nfs-share/xinchi/kaldi/egs/timit/s5_la4/data-fmllr-tri3/train/data/feats_fmllr_train.5.ark:16299453
fdjh0_sx35 /nfs-share/xinchi/kaldi/egs/timit/s5_la4/data-fmllr-tri3/train/data/feats_fmllr_train.1.ark:10751314
mbwp0_si709 /nfs-share/xinchi/kaldi/egs/timit/s5_la4/data-fmllr-tri3/train/data/feats_fmllr_train.4.ark:7776147
mpmb0_si2131 /nfs-share/xinchi/kaldi/egs/timit/s5_la4/data-fmllr-tri3/train/data/feats_fmllr_train.8.ark:7992278
mjde0_si463 /nfs-share/xinchi/kaldi/egs/timit/s5_la4/data-fmllr-tri3/train/data/feats_fmllr_train.6.ark:8827426
msvs0_si1568 /nfs-share/xinchi/kaldi/egs/timit/s5_la4/data-fmllr-tri3/train/data/feats_fmllr_train.10.ark:13
mrds0_sx177 /nfs-share/xinchi/kaldi/egs/timit/s5_la4/data-fmllr-tri3/train/data/feats_fmllr_train.8.ark:14927543
mprt0_sx310 /nfs-share/xinchi/kaldi/egs/timit/s5_la4/data-fmllr-tri3/train/data/feats_fmllr_train.8.ark:10507550
mtrt0_sx147 /nfs-share/xinchi/kaldi/egs/timit/s5_la4/data-fmllr-tri3/train/data/feats_fmllr_train.10.ark:11359291
mjpg0_sx381 /nfs-share/xinchi/kaldi/egs/timit/s5_la4/data-fmllr-tri3/train/data/feats_fmllr_train.6.ark:16403713
mtpp0_si878 /nfs-share/xinchi/kaldi/egs/timit/s5_la4/data-fmllr-tri3/train/data/feats_fmllr_train.10.ark:9258500
mrsp0_si2059 /nfs-share/xinchi/kaldi/egs/timit/s5_la4/data-fmllr-tri3/train/data/feats_fmllr_train.9.ark:8423800
mrlj1_sx141 /nfs-share/xinchi/kaldi/egs/timit/s5_la4/data-fmllr-tri3/train/data/feats_fmllr_train.9.ark:4197623
fpjf0_si1259 /nfs-share/xinchi/kaldi/egs/timit/s5_la4/data-fmllr-tri3/train/data/feats_fmllr_train.3.ark:2873239
fpad0_si1976 /nfs-share/xinchi/kaldi/egs/timit/s5_la4/data-fmllr-tri3/train/data/feats_fmllr_train.3.ark:1659948
mwre0_si2317 /nfs-share/xinchi/kaldi/egs/timit/s5_la4/data-fmllr-tri3/train/data/feats_fmllr_train.10.ark:16128011
mmlm0_si1527 /nfs-share/xinchi/kaldi/egs/timit/s5_la4/data-fmllr-tri3/train/data/feats_fmllr_train.8.ark:1439763
mjra0_si1866 /nfs-share/xinchi/kaldi/egs/timit/s5_la4/data-fmllr-tri3/train/data/feats_fmllr_train.6.ark:17268363
fsjk1_si1025 /nfs-share/xinchi/kaldi/egs/timit/s5_la4/data-fmllr-tri3/train/data/feats_fmllr_train.3.ark:8826386
fdnc0_sx108 /nfs-share/xinchi/kaldi/egs/timit/s5_la4/data-fmllr-tri3/train/data/feats_fmllr_train.1.ark:12333064
fblv0_sx338 /nfs-share/xinchi/kaldi/egs/timit/s5_la4/data-fmllr-tri3/train/data/feats_fmllr_train.1.ark:3930739
mhxl0_sx242 /nfs-share/xinchi/kaldi/egs/timit/s5_la4/data-fmllr-tri3/train/data/feats_fmllr_train.6.ark:5907853
fkkh0_si1920 /nfs-share/xinchi/kaldi/egs/timit/s5_la4/data-fmllr-tri3/train/data/feats_fmllr_train.2.ark:6962455
fscn0_sx446 /nfs-share/xinchi/kaldi/egs/timit/s5_la4/data-fmllr-tri3/train/data/feats_fmllr_train.3.ark:7122743
mgaf0_si1282 /nfs-share/xinchi/kaldi/egs/timit/s5_la4/data-fmllr-tri3/train/data/feats_fmllr_train.5.ark:16233825
fpjf0_sx56 /nfs-share/xinchi/kaldi/egs/timit/s5_la4/data-fmllr-tri3/train/data/feats_fmllr_train.3.ark:3162681
fdkn0_si1081 /nfs-share/xinchi/kaldi/egs/timit/s5_la4/data-fmllr-tri3/train/data/feats_fmllr_train.1.ark:10838089
fdnc0_si1278 /nfs-share/xinchi/kaldi/egs/timit/s5_la4/data-fmllr-tri3/train/data/feats_fmllr_train.1.ark:12146741
mzmb0_si1166 /nfs-share/xinchi/kaldi/egs/timit/s5_la4/data-fmllr-tri3/train/data/feats_fmllr_train.10.ark:17595701
mwar0_si1675 /nfs-share/xinchi/kaldi/egs/timit/s5_la4/data-fmllr-tri3/train/data/feats_fmllr_train.10.ark:14246735
fntb0_si679 /nfs-share/xinchi/kaldi/egs/timit/s5_la4/data-fmllr-tri3/train/data/feats_fmllr_train.3.ark:458684
mdss1_si1327 /nfs-share/xinchi/kaldi/egs/timit/s5_la4/data-fmllr-tri3/train/data/feats_fmllr_train.5.ark:8901966
fmbg0_sx440 /nfs-share/xinchi/kaldi/egs/timit/s5_la4/data-fmllr-tri3/train/data/feats_fmllr_train.2.ark:14997335
mkah0_si2158 /nfs-share/xinchi/kaldi/egs/timit/s5_la4/data-fmllr-tri3/train/data/feats_fmllr_train.7.ark:4469787
fnkl0_sx442 /nfs-share/xinchi/kaldi/egs/timit/s5_la4/data-fmllr-tri3/train/data/feats_fmllr_train.3.ark:278096
mefg0_sx105 /nfs-share/xinchi/kaldi/egs/timit/s5_la4/data-fmllr-tri3/train/data/feats_fmllr_train.5.ark:11607567
mdns0_si2271 /nfs-share/xinchi/kaldi/egs/timit/s5_la4/data-fmllr-tri3/train/data/feats_fmllr_train.5.ark:6360795
fkaa0_sx398 /nfs-share/xinchi/kaldi/egs/timit/s5_la4/data-fmllr-tri3/train/data/feats_fmllr_train.2.ark:5559347
mjrk0_sx250 /nfs-share/xinchi/kaldi/egs/timit/s5_la4/data-fmllr-tri3/train/data/feats_fmllr_train.7.ark:947597
mdcd0_si785 /nfs-share/xinchi/kaldi/egs/timit/s5_la4/data-fmllr-tri3/train/data/feats_fmllr_train.4.ark:15969500
mtjm0_sx416 /nfs-share/xinchi/kaldi/egs/timit/s5_la4/data-fmllr-tri3/train/data/feats_fmllr_train.10.ark:4765123
mfmc0_sx412 /nfs-share/xinchi/kaldi/egs/timit/s5_la4/data-fmllr-tri3/train/data/feats_fmllr_train.5.ark:14658340
mesj0_sx97 /nfs-share/xinchi/kaldi/egs/timit/s5_la4/data-fmllr-tri3/train/data/feats_fmllr_train.5.ark:13660275
mkes0_sx443 /nfs-share/xinchi/kaldi/egs/timit/s5_la4/data-fmllr-tri3/train/data/feats_fmllr_train.7.ark:7061143
mses0_si2219 /nfs-share/xinchi/kaldi/egs/timit/s5_la4/data-fmllr-tri3/train/data/feats_fmllr_train.9.ark:14253007
mmdb0_sx87 /nfs-share/xinchi/kaldi/egs/timit/s5_la4/data-fmllr-tri3/train/data/feats_fmllr_train.7.ark:15786107
fgrw0_sx252 /nfs-share/xinchi/kaldi/egs/timit/s5_la4/data-fmllr-tri3/train/data/feats_fmllr_train.1.ark:17756715
mrws0_sx202 /nfs-share/xinchi/kaldi/egs/timit/s5_la4/data-fmllr-tri3/train/data/feats_fmllr_train.9.ark:10555206
msvs0_si2198 /nfs-share/xinchi/kaldi/egs/timit/s5_la4/data-fmllr-tri3/train/data/feats_fmllr_train.10.ark:41321
mmbs0_sx71 /nfs-share/xinchi/kaldi/egs/timit/s5_la4/data-fmllr-tri3/train/data/feats_fmllr_train.7.ark:15052233
mjfh0_si1737 /nfs-share/xinchi/kaldi/egs/timit/s5_la4/data-fmllr-tri3/train/data/feats_fmllr_train.6.ark:11256729
mwdk0_sx266 /nfs-share/xinchi/kaldi/egs/timit/s5_la4/data-fmllr-tri3/train/data/feats_fmllr_train.10.ark:15078132
mdps0_sx359 /nfs-share/xinchi/kaldi/egs/timit/s5_la4/data-fmllr-tri3/train/data/feats_fmllr_train.5.ark:7619474
fmju0_sx39 /nfs-share/xinchi/kaldi/egs/timit/s5_la4/data-fmllr-tri3/train/data/feats_fmllr_train.2.ark:16644121
fcag0_sx333 /nfs-share/xinchi/kaldi/egs/timit/s5_la4/data-fmllr-tri3/train/data/feats_fmllr_train.1.ark:5084510
mesg0_sx342 /nfs-share/xinchi/kaldi/egs/timit/s5_la4/data-fmllr-tri3/train/data/feats_fmllr_train.5.ark:13213127
fbcg1_si982 /nfs-share/xinchi/kaldi/egs/timit/s5_la4/data-fmllr-tri3/train/data/feats_fmllr_train.1.ark:2526007
mhxl0_si1772 /nfs-share/xinchi/kaldi/egs/timit/s5_la4/data-fmllr-tri3/train/data/feats_fmllr_train.6.ark:5723585
mmar0_sx256 /nfs-share/xinchi/kaldi/egs/timit/s5_la4/data-fmllr-tri3/train/data/feats_fmllr_train.7.ark:14439936
fsak0_sx130 /nfs-share/xinchi/kaldi/egs/timit/s5_la4/data-fmllr-tri3/train/data/feats_fmllr_train.3.ark:6105268
mrjh0_si914 /nfs-share/xinchi/kaldi/egs/timit/s5_la4/data-fmllr-tri3/train/data/feats_fmllr_train.9.ark:1389197
fskl0_si1529 /nfs-share/xinchi/kaldi/egs/timit/s5_la4/data-fmllr-tri3/train/data/feats_fmllr_train.3.ark:10349654
mrew1_sx330 /nfs-share/xinchi/kaldi/egs/timit/s5_la4/data-fmllr-tri3/train/data/feats_fmllr_train.8.ark:16549745
mstf0_sx316 /nfs-share/xinchi/kaldi/egs/timit/s5_la4/data-fmllr-tri3/train/data/feats_fmllr_train.9.ark:17994718
mrab1_sx398 /nfs-share/xinchi/kaldi/egs/timit/s5_la4/data-fmllr-tri3/train/data/feats_fmllr_train.8.ark:11665214
mlns0_si1407 /nfs-share/xinchi/kaldi/egs/timit/s5_la4/data-fmllr-tri3/train/data/feats_fmllr_train.7.ark:11832284
fljd0_sx166 /nfs-share/xinchi/kaldi/egs/timit/s5_la4/data-fmllr-tri3/train/data/feats_fmllr_train.2.ark:11348260
msdh0_si2113 /nfs-share/xinchi/kaldi/egs/timit/s5_la4/data-fmllr-tri3/train/data/feats_fmllr_train.9.ark:12801899
fsmm0_sx414 /nfs-share/xinchi/kaldi/egs/timit/s5_la4/data-fmllr-tri3/train/data/feats_fmllr_train.3.ark:12202046
mpfu0_sx88 /nfs-share/xinchi/kaldi/egs/timit/s5_la4/data-fmllr-tri3/train/data/feats_fmllr_train.8.ark:6765171
mejl0_si1654 /nfs-share/xinchi/kaldi/egs/timit/s5_la4/data-fmllr-tri3/train/data/feats_fmllr_train.5.ark:12299625
fsdc0_si1312 /nfs-share/xinchi/kaldi/egs/timit/s5_la4/data-fmllr-tri3/train/data/feats_fmllr_train.3.ark:7225517
mabc0_si781 /nfs-share/xinchi/kaldi/egs/timit/s5_la4/data-fmllr-tri3/train/data/feats_fmllr_train.3.ark:16920439
mtdb0_si771 /nfs-share/xinchi/kaldi/egs/timit/s5_la4/data-fmllr-tri3/train/data/feats_fmllr_train.10.ark:2927027
mdps0_si1979 /nfs-share/xinchi/kaldi/egs/timit/s5_la4/data-fmllr-tri3/train/data/feats_fmllr_train.5.ark:7443846
mvrw0_si855 /nfs-share/xinchi/kaldi/egs/timit/s5_la4/data-fmllr-tri3/train/data/feats_fmllr_train.10.ark:13176350
mctm0_sx90 /nfs-share/xinchi/kaldi/egs/timit/s5_la4/data-fmllr-tri3/train/data/feats_fmllr_train.4.ark:13956494
mrmb0_si951 /nfs-share/xinchi/kaldi/egs/timit/s5_la4/data-fmllr-tri3/train/data/feats_fmllr_train.9.ark:5232647
fspm0_sx341 /nfs-share/xinchi/kaldi/egs/timit/s5_la4/data-fmllr-tri3/train/data/feats_fmllr_train.3.ark:12991893
mkaj0_si784 /nfs-share/xinchi/kaldi/egs/timit/s5_la4/data-fmllr-tri3/train/data/feats_fmllr_train.7.ark:4909391
mtdb0_sx231 /nfs-share/xinchi/kaldi/egs/timit/s5_la4/data-fmllr-tri3/train/data/feats_fmllr_train.10.ark:3052841
mtpg0_si2013 /nfs-share/xinchi/kaldi/egs/timit/s5_la4/data-fmllr-tri3/train/data/feats_fmllr_train.10.ark:8868816
fdaw0_sx56 /nfs-share/xinchi/kaldi/egs/timit/s5_la4/data-fmllr-tri3/train/data/feats_fmllr_train.1.ark:10093946
mkaj0_sx154 /nfs-share/xinchi/kaldi/egs/timit/s5_la4/data-fmllr-tri3/train/data/feats_fmllr_train.7.ark:4952778
mjrg0_si1996 /nfs-share/xinchi/kaldi/egs/timit/s5_la4/data-fmllr-tri3/train/data/feats_fmllr_train.6.ark:17658340
mtml0_si2325 /nfs-share/xinchi/kaldi/egs/timit/s5_la4/data-fmllr-tri3/train/data/feats_fmllr_train.10.ark:7343815
fpac0_sx121 /nfs-share/xinchi/kaldi/egs/timit/s5_la4/data-fmllr-tri3/train/data/feats_fmllr_train.3.ark:1377865
mchl0_si1347 /nfs-share/xinchi/kaldi/egs/timit/s5_la4/data-fmllr-tri3/train/data/feats_fmllr_train.4.ark:10976546
mrkm0_si637 /nfs-share/xinchi/kaldi/egs/timit/s5_la4/data-fmllr-tri3/train/data/feats_fmllr_train.9.ark:3046546
mmcc0_si708 /nfs-share/xinchi/kaldi/egs/timit/s5_la4/data-fmllr-tri3/train/data/feats_fmllr_train.7.ark:15207196
fbmj0_sx246 /nfs-share/xinchi/kaldi/egs/timit/s5_la4/data-fmllr-tri3/train/data/feats_fmllr_train.1.ark:4683305
mmdm1_sx153 /nfs-share/xinchi/kaldi/egs/timit/s5_la4/data-fmllr-tri3/train/data/feats_fmllr_train.7.ark:16727451
fcke0_si1741 /nfs-share/xinchi/kaldi/egs/timit/s5_la4/data-fmllr-tri3/train/data/feats_fmllr_train.1.ark:7077864
mejs0_si1870 /nfs-share/xinchi/kaldi/egs/timit/s5_la4/data-fmllr-tri3/train/data/feats_fmllr_train.5.ark:12666562
mrmb0_sx321 /nfs-share/xinchi/kaldi/egs/timit/s5_la4/data-fmllr-tri3/train/data/feats_fmllr_train.9.ark:5369528
mrxb0_si2215 /nfs-share/xinchi/kaldi/egs/timit/s5_la4/data-fmllr-tri3/train/data/feats_fmllr_train.9.ark:10743182
fsjs0_sx271 /nfs-share/xinchi/kaldi/egs/timit/s5_la4/data-fmllr-tri3/train/data/feats_fmllr_train.3.ark:9385752
mpar0_sx46 /nfs-share/xinchi/kaldi/egs/timit/s5_la4/data-fmllr-tri3/train/data/feats_fmllr_train.8.ark:6038177
fskl0_sx359 /nfs-share/xinchi/kaldi/egs/timit/s5_la4/data-fmllr-tri3/train/data/feats_fmllr_train.3.ark:10586110
mrcw0_sx201 /nfs-share/xinchi/kaldi/egs/timit/s5_la4/data-fmllr-tri3/train/data/feats_fmllr_train.8.ark:13901958
mjls0_sx376 /nfs-share/xinchi/kaldi/egs/timit/s5_la4/data-fmllr-tri3/train/data/feats_fmllr_train.6.ark:15009724
mrhl0_sx345 /nfs-share/xinchi/kaldi/egs/timit/s5_la4/data-fmllr-tri3/train/data/feats_fmllr_train.9.ark:652204
mdmt0_si572 /nfs-share/xinchi/kaldi/egs/timit/s5_la4/data-fmllr-tri3/train/data/feats_fmllr_train.5.ark:5973245
mdmt0_sx122 /nfs-share/xinchi/kaldi/egs/timit/s5_la4/data-fmllr-tri3/train/data/feats_fmllr_train.5.ark:6036312
mcre0_sx401 /nfs-share/xinchi/kaldi/egs/timit/s5_la4/data-fmllr-tri3/train/data/feats_fmllr_train.4.ark:12729098
fsgf0_si1557 /nfs-share/xinchi/kaldi/egs/timit/s5_la4/data-fmllr-tri3/train/data/feats_fmllr_train.3.ark:7913792
fclt0_sx358 /nfs-share/xinchi/kaldi/egs/timit/s5_la4/data-fmllr-tri3/train/data/feats_fmllr_train.1.ark:7644109
mtmt0_sx398 /nfs-share/xinchi/kaldi/egs/timit/s5_la4/data-fmllr-tri3/train/data/feats_fmllr_train.10.ark:8399103
fspm0_sx251 /nfs-share/xinchi/kaldi/egs/timit/s5_la4/data-fmllr-tri3/train/data/feats_fmllr_train.3.ark:12919386
fpaf0_sx424 /nfs-share/xinchi/kaldi/egs/timit/s5_la4/data-fmllr-tri3/train/data/feats_fmllr_train.3.ark:2336941
mejs0_sx160 /nfs-share/xinchi/kaldi/egs/timit/s5_la4/data-fmllr-tri3/train/data/feats_fmllr_train.5.ark:12749336
mfxs0_sx234 /nfs-share/xinchi/kaldi/egs/timit/s5_la4/data-fmllr-tri3/train/data/feats_fmllr_train.5.ark:15645499
fjdm2_si2212 /nfs-share/xinchi/kaldi/egs/timit/s5_la4/data-fmllr-tri3/train/data/feats_fmllr_train.2.ark:96549
fklh0_sx87 /nfs-share/xinchi/kaldi/egs/timit/s5_la4/data-fmllr-tri3/train/data/feats_fmllr_train.2.ark:8437028
fdnc0_si2287 /nfs-share/xinchi/kaldi/egs/timit/s5_la4/data-fmllr-tri3/train/data/feats_fmllr_train.1.ark:12303437
mrmg0_sx180 /nfs-share/xinchi/kaldi/egs/timit/s5_la4/data-fmllr-tri3/train/data/feats_fmllr_train.9.ark:5658972
mrab1_sx128 /nfs-share/xinchi/kaldi/egs/timit/s5_la4/data-fmllr-tri3/train/data/feats_fmllr_train.8.ark:11477267
mgaf0_sx382 /nfs-share/xinchi/kaldi/egs/timit/s5_la4/data-fmllr-tri3/train/data/feats_fmllr_train.5.ark:16530814
mjsr0_si794 /nfs-share/xinchi/kaldi/egs/timit/s5_la4/data-fmllr-tri3/train/data/feats_fmllr_train.7.ark:1606217
mprt0_sx400 /nfs-share/xinchi/kaldi/egs/timit/s5_la4/data-fmllr-tri3/train/data/feats_fmllr_train.8.ark:10590963
msfh0_sx136 /nfs-share/xinchi/kaldi/egs/timit/s5_la4/data-fmllr-tri3/train/data/feats_fmllr_train.9.ark:14698531
mtjg0_si1520 /nfs-share/xinchi/kaldi/egs/timit/s5_la4/data-fmllr-tri3/train/data/feats_fmllr_train.10.ark:4089063
fsjs0_si1801 /nfs-share/xinchi/kaldi/egs/timit/s5_la4/data-fmllr-tri3/train/data/feats_fmllr_train.3.ark:9202311
fdaw0_si1406 /nfs-share/xinchi/kaldi/egs/timit/s5_la4/data-fmllr-tri3/train/data/feats_fmllr_train.1.ark:9808504
mrsp0_sx439 /nfs-share/xinchi/kaldi/egs/timit/s5_la4/data-fmllr-tri3/train/data/feats_fmllr_train.9.ark:8651455
mjls0_si1096 /nfs-share/xinchi/kaldi/egs/timit/s5_la4/data-fmllr-tri3/train/data/feats_fmllr_train.6.ark:14655615
mhjb0_sx27 /nfs-share/xinchi/kaldi/egs/timit/s5_la4/data-fmllr-tri3/train/data/feats_fmllr_train.6.ark:4506372
fmkf0_sx96 /nfs-share/xinchi/kaldi/egs/timit/s5_la4/data-fmllr-tri3/train/data/feats_fmllr_train.2.ark:17483781
mrmb0_sx141 /nfs-share/xinchi/kaldi/egs/timit/s5_la4/data-fmllr-tri3/train/data/feats_fmllr_train.9.ark:5289954
mjra0_si1236 /nfs-share/xinchi/kaldi/egs/timit/s5_la4/data-fmllr-tri3/train/data/feats_fmllr_train.6.ark:17223375
mree0_sx294 /nfs-share/xinchi/kaldi/egs/timit/s5_la4/data-fmllr-tri3/train/data/feats_fmllr_train.8.ark:15441921
fsmm0_si684 /nfs-share/xinchi/kaldi/egs/timit/s5_la4/data-fmllr-tri3/train/data/feats_fmllr_train.3.ark:11981298
fcmg0_sx432 /nfs-share/xinchi/kaldi/egs/timit/s5_la4/data-fmllr-tri3/train/data/feats_fmllr_train.1.ark:8087074
fceg0_sx438 /nfs-share/xinchi/kaldi/egs/timit/s5_la4/data-fmllr-tri3/train/data/feats_fmllr_train.1.ark:6311908
mljh0_sx64 /nfs-share/xinchi/kaldi/egs/timit/s5_la4/data-fmllr-tri3/train/data/feats_fmllr_train.7.ark:11783456
fjlr0_sx241 /nfs-share/xinchi/kaldi/egs/timit/s5_la4/data-fmllr-tri3/train/data/feats_fmllr_train.2.ark:2187931
mjrh1_sx244 /nfs-share/xinchi/kaldi/egs/timit/s5_la4/data-fmllr-tri3/train/data/feats_fmllr_train.7.ark:594420
mjjm0_si1457 /nfs-share/xinchi/kaldi/egs/timit/s5_la4/data-fmllr-tri3/train/data/feats_fmllr_train.6.ark:13239894
fpaf0_sx154 /nfs-share/xinchi/kaldi/egs/timit/s5_la4/data-fmllr-tri3/train/data/feats_fmllr_train.3.ark:2192060
mmam0_si2227 /nfs-share/xinchi/kaldi/egs/timit/s5_la4/data-fmllr-tri3/train/data/feats_fmllr_train.7.ark:13944465
mdjm0_sx105 /nfs-share/xinchi/kaldi/egs/timit/s5_la4/data-fmllr-tri3/train/data/feats_fmllr_train.5.ark:1728323
mrsp0_si799 /nfs-share/xinchi/kaldi/egs/timit/s5_la4/data-fmllr-tri3/train/data/feats_fmllr_train.9.ark:8475187
fpab1_sx391 /nfs-share/xinchi/kaldi/egs/timit/s5_la4/data-fmllr-tri3/train/data/feats_fmllr_train.3.ark:1150875
fcjs0_sx257 /nfs-share/xinchi/kaldi/egs/timit/s5_la4/data-fmllr-tri3/train/data/feats_fmllr_train.1.ark:6859168
fjhk0_sx392 /nfs-share/xinchi/kaldi/egs/timit/s5_la4/data-fmllr-tri3/train/data/feats_fmllr_train.2.ark:1201919
mkah0_sx268 /nfs-share/xinchi/kaldi/egs/timit/s5_la4/data-fmllr-tri3/train/data/feats_fmllr_train.7.ark:4619948
fcaj0_sx399 /nfs-share/xinchi/kaldi/egs/timit/s5_la4/data-fmllr-tri3/train/data/feats_fmllr_train.1.ark:5537260
fdas1_sx21 /nfs-share/xinchi/kaldi/egs/timit/s5_la4/data-fmllr-tri3/train/data/feats_fmllr_train.1.ark:9616554
fbjl0_si922 /nfs-share/xinchi/kaldi/egs/timit/s5_la4/data-fmllr-tri3/train/data/feats_fmllr_train.1.ark:3364680
mrgs0_sx96 /nfs-share/xinchi/kaldi/egs/timit/s5_la4/data-fmllr-tri3/train/data/feats_fmllr_train.9.ark:387400
mjrh1_sx154 /nfs-share/xinchi/kaldi/egs/timit/s5_la4/data-fmllr-tri3/train/data/feats_fmllr_train.7.ark:547833
mbef0_sx111 /nfs-share/xinchi/kaldi/egs/timit/s5_la4/data-fmllr-tri3/train/data/feats_fmllr_train.4.ark:4623662
mstf0_si852 /nfs-share/xinchi/kaldi/egs/timit/s5_la4/data-fmllr-tri3/train/data/feats_fmllr_train.9.ark:17814317
mjac0_sx431 /nfs-share/xinchi/kaldi/egs/timit/s5_la4/data-fmllr-tri3/train/data/feats_fmllr_train.6.ark:6765138
mmws0_si559 /nfs-share/xinchi/kaldi/egs/timit/s5_la4/data-fmllr-tri3/train/data/feats_fmllr_train.8.ark:3990533
mdma0_sx260 /nfs-share/xinchi/kaldi/egs/timit/s5_la4/data-fmllr-tri3/train/data/feats_fmllr_train.5.ark:5685722
mnet0_si816 /nfs-share/xinchi/kaldi/egs/timit/s5_la4/data-fmllr-tri3/train/data/feats_fmllr_train.8.ark:5074250
mefg0_sx285 /nfs-share/xinchi/kaldi/egs/timit/s5_la4/data-fmllr-tri3/train/data/feats_fmllr_train.5.ark:11724767
mmdm0_sx51 /nfs-share/xinchi/kaldi/egs/timit/s5_la4/data-fmllr-tri3/train/data/feats_fmllr_train.7.ark:16577581
flja0_si1708 /nfs-share/xinchi/kaldi/egs/timit/s5_la4/data-fmllr-tri3/train/data/feats_fmllr_train.2.ark:10876148
mrmh0_sx301 /nfs-share/xinchi/kaldi/egs/timit/s5_la4/data-fmllr-tri3/train/data/feats_fmllr_train.9.ark:6145484
mkag0_sx79 /nfs-share/xinchi/kaldi/egs/timit/s5_la4/data-fmllr-tri3/train/data/feats_fmllr_train.7.ark:4375491
mzmb0_sx446 /nfs-share/xinchi/kaldi/egs/timit/s5_la4/data-fmllr-tri3/train/data/feats_fmllr_train.10.ark:17896504
mtju0_si760 /nfs-share/xinchi/kaldi/egs/timit/s5_la4/data-fmllr-tri3/train/data/feats_fmllr_train.10.ark:5394889
mbwp0_sx439 /nfs-share/xinchi/kaldi/egs/timit/s5_la4/data-fmllr-tri3/train/data/feats_fmllr_train.4.ark:8001535
mmdm1_sx63 /nfs-share/xinchi/kaldi/egs/timit/s5_la4/data-fmllr-tri3/train/data/feats_fmllr_train.7.ark:16973158
mges0_sx401 /nfs-share/xinchi/kaldi/egs/timit/s5_la4/data-fmllr-tri3/train/data/feats_fmllr_train.6.ark:987011
mpgr0_si1410 /nfs-share/xinchi/kaldi/egs/timit/s5_la4/data-fmllr-tri3/train/data/feats_fmllr_train.8.ark:7151815
fbmh0_sx146 /nfs-share/xinchi/kaldi/egs/timit/s5_la4/data-fmllr-tri3/train/data/feats_fmllr_train.1.ark:4261942
mclk0_sx310 /nfs-share/xinchi/kaldi/egs/timit/s5_la4/data-fmllr-tri3/train/data/feats_fmllr_train.4.ark:11643940
msms0_si803 /nfs-share/xinchi/kaldi/egs/timit/s5_la4/data-fmllr-tri3/train/data/feats_fmllr_train.9.ark:16707748
fmah1_sx429 /nfs-share/xinchi/kaldi/egs/timit/s5_la4/data-fmllr-tri3/train/data/feats_fmllr_train.2.ark:14618559
mrjt0_sx328 /nfs-share/xinchi/kaldi/egs/timit/s5_la4/data-fmllr-tri3/train/data/feats_fmllr_train.9.ark:2718250
fjen0_si1677 /nfs-share/xinchi/kaldi/egs/timit/s5_la4/data-fmllr-tri3/train/data/feats_fmllr_train.2.ark:463299
mrcw0_si741 /nfs-share/xinchi/kaldi/egs/timit/s5_la4/data-fmllr-tri3/train/data/feats_fmllr_train.8.ark:13797904
mdlb0_sx136 /nfs-share/xinchi/kaldi/egs/timit/s5_la4/data-fmllr-tri3/train/data/feats_fmllr_train.5.ark:2493238
mjra0_sx156 /nfs-share/xinchi/kaldi/egs/timit/s5_la4/data-fmllr-tri3/train/data/feats_fmllr_train.6.ark:17365537
fcag0_sx423 /nfs-share/xinchi/kaldi/egs/timit/s5_la4/data-fmllr-tri3/train/data/feats_fmllr_train.1.ark:5146457
mrxb0_sx145 /nfs-share/xinchi/kaldi/egs/timit/s5_la4/data-fmllr-tri3/train/data/feats_fmllr_train.9.ark:10882436
msvs0_sx308 /nfs-share/xinchi/kaldi/egs/timit/s5_la4/data-fmllr-tri3/train/data/feats_fmllr_train.10.ark:305269
freh0_sx55 /nfs-share/xinchi/kaldi/egs/timit/s5_la4/data-fmllr-tri3/train/data/feats_fmllr_train.3.ark:4307650
flma0_sx73 /nfs-share/xinchi/kaldi/egs/timit/s5_la4/data-fmllr-tri3/train/data/feats_fmllr_train.2.ark:12782777
msms0_sx353 /nfs-share/xinchi/kaldi/egs/timit/s5_la4/data-fmllr-tri3/train/data/feats_fmllr_train.9.ark:16854069
mgxp0_si525 /nfs-share/xinchi/kaldi/egs/timit/s5_la4/data-fmllr-tri3/train/data/feats_fmllr_train.6.ark:3266282
mrdm0_sx245 /nfs-share/xinchi/kaldi/egs/timit/s5_la4/data-fmllr-tri3/train/data/feats_fmllr_train.8.ark:14613913
feme0_sx65 /nfs-share/xinchi/kaldi/egs/timit/s5_la4/data-fmllr-tri3/train/data/feats_fmllr_train.1.ark:15377251
fblv0_si2318 /nfs-share/xinchi/kaldi/egs/timit/s5_la4/data-fmllr-tri3/train/data/feats_fmllr_train.1.ark:3799778
mdwm0_si916 /nfs-share/xinchi/kaldi/egs/timit/s5_la4/data-fmllr-tri3/train/data/feats_fmllr_train.5.ark:10479370
mmgc0_sx45 /nfs-share/xinchi/kaldi/egs/timit/s5_la4/data-fmllr-tri3/train/data/feats_fmllr_train.8.ark:313163
mlns0_si777 /nfs-share/xinchi/kaldi/egs/timit/s5_la4/data-fmllr-tri3/train/data/feats_fmllr_train.7.ark:11924979
mjfr0_si1605 /nfs-share/xinchi/kaldi/egs/timit/s5_la4/data-fmllr-tri3/train/data/feats_fmllr_train.6.ark:11522678
fskp0_sx18 /nfs-share/xinchi/kaldi/egs/timit/s5_la4/data-fmllr-tri3/train/data/feats_fmllr_train.3.ark:10928219
mrms0_sx30 /nfs-share/xinchi/kaldi/egs/timit/s5_la4/data-fmllr-tri3/train/data/feats_fmllr_train.9.ark:6989598
fltm0_sx170 /nfs-share/xinchi/kaldi/egs/timit/s5_la4/data-fmllr-tri3/train/data/feats_fmllr_train.2.ark:14040661
marw0_sx286 /nfs-share/xinchi/kaldi/egs/timit/s5_la4/data-fmllr-tri3/train/data/feats_fmllr_train.4.ark:3177727
mrbc0_si599 /nfs-share/xinchi/kaldi/egs/timit/s5_la4/data-fmllr-tri3/train/data/feats_fmllr_train.8.ark:12936990
mjxa0_sx67 /nfs-share/xinchi/kaldi/egs/timit/s5_la4/data-fmllr-tri3/train/data/feats_fmllr_train.7.ark:3561298
mrcg0_si2058 /nfs-share/xinchi/kaldi/egs/timit/s5_la4/data-fmllr-tri3/train/data/feats_fmllr_train.8.ark:13305180
mkls0_sx177 /nfs-share/xinchi/kaldi/egs/timit/s5_la4/data-fmllr-tri3/train/data/feats_fmllr_train.7.ark:8385452
fvfb0_sx132 /nfs-share/xinchi/kaldi/egs/timit/s5_la4/data-fmllr-tri3/train/data/feats_fmllr_train.3.ark:15891335
mprd0_si1431 /nfs-share/xinchi/kaldi/egs/timit/s5_la4/data-fmllr-tri3/train/data/feats_fmllr_train.8.ark:9381861
mwrp0_sx93 /nfs-share/xinchi/kaldi/egs/timit/s5_la4/data-fmllr-tri3/train/data/feats_fmllr_train.10.ark:16759721
fdkn0_sx451 /nfs-share/xinchi/kaldi/egs/timit/s5_la4/data-fmllr-tri3/train/data/feats_fmllr_train.1.ark:11158253
mjeb0_sx170 /nfs-share/xinchi/kaldi/egs/timit/s5_la4/data-fmllr-tri3/train/data/feats_fmllr_train.6.ark:10177892
mbom0_sx204 /nfs-share/xinchi/kaldi/egs/timit/s5_la4/data-fmllr-tri3/train/data/feats_fmllr_train.4.ark:6846752
fsdj0_sx305 /nfs-share/xinchi/kaldi/egs/timit/s5_la4/data-fmllr-tri3/train/data/feats_fmllr_train.3.ark:7800271
fjsk0_sx422 /nfs-share/xinchi/kaldi/egs/timit/s5_la4/data-fmllr-tri3/train/data/feats_fmllr_train.2.ark:3558237
mgxp0_sx277 /nfs-share/xinchi/kaldi/egs/timit/s5_la4/data-fmllr-tri3/train/data/feats_fmllr_train.6.ark:3377216
mmrp0_sx324 /nfs-share/xinchi/kaldi/egs/timit/s5_la4/data-fmllr-tri3/train/data/feats_fmllr_train.8.ark:2378413
mdef0_sx303 /nfs-share/xinchi/kaldi/egs/timit/s5_la4/data-fmllr-tri3/train/data/feats_fmllr_train.5.ark:244310
mrgs0_sx276 /nfs-share/xinchi/kaldi/egs/timit/s5_la4/data-fmllr-tri3/train/data/feats_fmllr_train.9.ark:214522
msdb0_si1637 /nfs-share/xinchi/kaldi/egs/timit/s5_la4/data-fmllr-tri3/train/data/feats_fmllr_train.9.ark:12586189
mmcc0_si1338 /nfs-share/xinchi/kaldi/egs/timit/s5_la4/data-fmllr-tri3/train/data/feats_fmllr_train.7.ark:15099621
mrtj0_sx232 /nfs-share/xinchi/kaldi/egs/timit/s5_la4/data-fmllr-tri3/train/data/feats_fmllr_train.9.ark:9429915
msah1_sx419 /nfs-share/xinchi/kaldi/egs/timit/s5_la4/data-fmllr-tri3/train/data/feats_fmllr_train.9.ark:11346735
mdlh0_sx430 /nfs-share/xinchi/kaldi/egs/timit/s5_la4/data-fmllr-tri3/train/data/feats_fmllr_train.5.ark:4228587
mtrr0_sx378 /nfs-share/xinchi/kaldi/egs/timit/s5_la4/data-fmllr-tri3/train/data/feats_fmllr_train.10.ark:11132621
mtlb0_sx54 /nfs-share/xinchi/kaldi/egs/timit/s5_la4/data-fmllr-tri3/train/data/feats_fmllr_train.10.ark:6836314
fmmh0_sx420 /nfs-share/xinchi/kaldi/egs/timit/s5_la4/data-fmllr-tri3/train/data/feats_fmllr_train.2.ark:17782985
fcaj0_sx39 /nfs-share/xinchi/kaldi/egs/timit/s5_la4/data-fmllr-tri3/train/data/feats_fmllr_train.1.ark:5496593
mejs0_sx340 /nfs-share/xinchi/kaldi/egs/timit/s5_la4/data-fmllr-tri3/train/data/feats_fmllr_train.5.ark:12855630
fsls0_si1056 /nfs-share/xinchi/kaldi/egs/timit/s5_la4/data-fmllr-tri3/train/data/feats_fmllr_train.3.ark:11094088
fmjb0_sx7 /nfs-share/xinchi/kaldi/egs/timit/s5_la4/data-fmllr-tri3/train/data/feats_fmllr_train.2.ark:15833448
mfwk0_sx439 /nfs-share/xinchi/kaldi/egs/timit/s5_la4/data-fmllr-tri3/train/data/feats_fmllr_train.5.ark:15399895
mlns0_sx417 /nfs-share/xinchi/kaldi/egs/timit/s5_la4/data-fmllr-tri3/train/data/feats_fmllr_train.7.ark:12090207
fmkf0_si1536 /nfs-share/xinchi/kaldi/egs/timit/s5_la4/data-fmllr-tri3/train/data/feats_fmllr_train.2.ark:17201702
makr0_si1352 /nfs-share/xinchi/kaldi/egs/timit/s5_la4/data-fmllr-tri3/train/data/feats_fmllr_train.4.ark:1956301
mkrg0_sx51 /nfs-share/xinchi/kaldi/egs/timit/s5_la4/data-fmllr-tri3/train/data/feats_fmllr_train.7.ark:9718370
fvfb0_si2292 /nfs-share/xinchi/kaldi/egs/timit/s5_la4/data-fmllr-tri3/train/data/feats_fmllr_train.3.ark:15863628
fjsk0_sx242 /nfs-share/xinchi/kaldi/egs/timit/s5_la4/data-fmllr-tri3/train/data/feats_fmllr_train.2.ark:3458183
mpmb0_sx421 /nfs-share/xinchi/kaldi/egs/timit/s5_la4/data-fmllr-tri3/train/data/feats_fmllr_train.8.ark:8371133
mdlc0_sx225 /nfs-share/xinchi/kaldi/egs/timit/s5_la4/data-fmllr-tri3/train/data/feats_fmllr_train.5.ark:3020202
fsjw0_si703 /nfs-share/xinchi/kaldi/egs/timit/s5_la4/data-fmllr-tri3/train/data/feats_fmllr_train.3.ark:9715035
mbsb0_sx273 /nfs-share/xinchi/kaldi/egs/timit/s5_la4/data-fmllr-tri3/train/data/feats_fmllr_train.4.ark:7181050
fleh0_sx331 /nfs-share/xinchi/kaldi/egs/timit/s5_la4/data-fmllr-tri3/train/data/feats_fmllr_train.2.ark:9903604
mvlo0_sx247 /nfs-share/xinchi/kaldi/egs/timit/s5_la4/data-fmllr-tri3/train/data/feats_fmllr_train.10.ark:12892987
flkm0_sx440 /nfs-share/xinchi/kaldi/egs/timit/s5_la4/data-fmllr-tri3/train/data/feats_fmllr_train.2.ark:12375654
mrvg0_si1770 /nfs-share/xinchi/kaldi/egs/timit/s5_la4/data-fmllr-tri3/train/data/feats_fmllr_train.9.ark:9706691
milb0_si903 /nfs-share/xinchi/kaldi/egs/timit/s5_la4/data-fmllr-tri3/train/data/feats_fmllr_train.6.ark:6215855
msdb0_sx17 /nfs-share/xinchi/kaldi/egs/timit/s5_la4/data-fmllr-tri3/train/data/feats_fmllr_train.9.ark:12681630
mcdr0_sx74 /nfs-share/xinchi/kaldi/egs/timit/s5_la4/data-fmllr-tri3/train/data/feats_fmllr_train.4.ark:10082004
fapb0_sx433 /nfs-share/xinchi/kaldi/egs/timit/s5_la4/data-fmllr-tri3/train/data/feats_fmllr_train.1.ark:1928400
mprk0_si1727 /nfs-share/xinchi/kaldi/egs/timit/s5_la4/data-fmllr-tri3/train/data/feats_fmllr_train.8.ark:9912826
mtat0_si1110 /nfs-share/xinchi/kaldi/egs/timit/s5_la4/data-fmllr-tri3/train/data/feats_fmllr_train.10.ark:1241304
ftaj0_sx249 /nfs-share/xinchi/kaldi/egs/timit/s5_la4/data-fmllr-tri3/train/data/feats_fmllr_train.3.ark:14072197
mdns0_sx291 /nfs-share/xinchi/kaldi/egs/timit/s5_la4/data-fmllr-tri3/train/data/feats_fmllr_train.5.ark:6586529
mmbs0_si1151 /nfs-share/xinchi/kaldi/egs/timit/s5_la4/data-fmllr-tri3/train/data/feats_fmllr_train.7.ark:14666924
fmju0_si1389 /nfs-share/xinchi/kaldi/egs/timit/s5_la4/data-fmllr-tri3/train/data/feats_fmllr_train.2.ark:16331479
makr0_sx92 /nfs-share/xinchi/kaldi/egs/timit/s5_la4/data-fmllr-tri3/train/data/feats_fmllr_train.4.ark:2209770
fdas1_sx291 /nfs-share/xinchi/kaldi/egs/timit/s5_la4/data-fmllr-tri3/train/data/feats_fmllr_train.1.ark:9649061
mchl0_sx267 /nfs-share/xinchi/kaldi/egs/timit/s5_la4/data-fmllr-tri3/train/data/feats_fmllr_train.4.ark:11182576
fbch0_si1586 /nfs-share/xinchi/kaldi/egs/timit/s5_la4/data-fmllr-tri3/train/data/feats_fmllr_train.1.ark:2849049
mrws0_sx292 /nfs-share/xinchi/kaldi/egs/timit/s5_la4/data-fmllr-tri3/train/data/feats_fmllr_train.9.ark:10611259
fgcs0_sx136 /nfs-share/xinchi/kaldi/egs/timit/s5_la4/data-fmllr-tri3/train/data/feats_fmllr_train.1.ark:16375236
fklh0_sx447 /nfs-share/xinchi/kaldi/egs/timit/s5_la4/data-fmllr-tri3/train/data/feats_fmllr_train.2.ark:8393802
mdlc1_sx265 /nfs-share/xinchi/kaldi/egs/timit/s5_la4/data-fmllr-tri3/train/data/feats_fmllr_train.5.ark:3421060
fklc0_si2245 /nfs-share/xinchi/kaldi/egs/timit/s5_la4/data-fmllr-tri3/train/data/feats_fmllr_train.2.ark:7334352
fdml0_sx339 /nfs-share/xinchi/kaldi/egs/timit/s5_la4/data-fmllr-tri3/train/data/feats_fmllr_train.1.ark:11482124
mdlm0_sx334 /nfs-share/xinchi/kaldi/egs/timit/s5_la4/data-fmllr-tri3/train/data/feats_fmllr_train.5.ark:4542217
mmaa0_si1588 /nfs-share/xinchi/kaldi/egs/timit/s5_la4/data-fmllr-tri3/train/data/feats_fmllr_train.7.ark:12587758
mjdm0_si1937 /nfs-share/xinchi/kaldi/egs/timit/s5_la4/data-fmllr-tri3/train/data/feats_fmllr_train.6.ark:9702581
mtrc0_sx93 /nfs-share/xinchi/kaldi/egs/timit/s5_la4/data-fmllr-tri3/train/data/feats_fmllr_train.10.ark:10774964
mprb0_si1205 /nfs-share/xinchi/kaldi/egs/timit/s5_la4/data-fmllr-tri3/train/data/feats_fmllr_train.8.ark:8928844
mwad0_sx342 /nfs-share/xinchi/kaldi/egs/timit/s5_la4/data-fmllr-tri3/train/data/feats_fmllr_train.10.ark:14055906
mtat1_sx419 /nfs-share/xinchi/kaldi/egs/timit/s5_la4/data-fmllr-tri3/train/data/feats_fmllr_train.10.ark:1970804
mhrm0_si958 /nfs-share/xinchi/kaldi/egs/timit/s5_la4/data-fmllr-tri3/train/data/feats_fmllr_train.6.ark:5429823
mtjs0_si562 /nfs-share/xinchi/kaldi/egs/timit/s5_la4/data-fmllr-tri3/train/data/feats_fmllr_train.10.ark:4980272
mrmg0_si1080 /nfs-share/xinchi/kaldi/egs/timit/s5_la4/data-fmllr-tri3/train/data/feats_fmllr_train.9.ark:5511529
mprt0_si580 /nfs-share/xinchi/kaldi/egs/timit/s5_la4/data-fmllr-tri3/train/data/feats_fmllr_train.8.ark:10375149
mhrm0_sx418 /nfs-share/xinchi/kaldi/egs/timit/s5_la4/data-fmllr-tri3/train/data/feats_fmllr_train.6.ark:5609131
mhit0_sx443 /nfs-share/xinchi/kaldi/egs/timit/s5_la4/data-fmllr-tri3/train/data/feats_fmllr_train.6.ark:4213222
mtat0_sx390 /nfs-share/xinchi/kaldi/egs/timit/s5_la4/data-fmllr-tri3/train/data/feats_fmllr_train.10.ark:1578773
mtpp0_sx248 /nfs-share/xinchi/kaldi/egs/timit/s5_la4/data-fmllr-tri3/train/data/feats_fmllr_train.10.ark:9338874
mfmc0_sx322 /nfs-share/xinchi/kaldi/egs/timit/s5_la4/data-fmllr-tri3/train/data/feats_fmllr_train.5.ark:14617033
mhit0_si2243 /nfs-share/xinchi/kaldi/egs/timit/s5_la4/data-fmllr-tri3/train/data/feats_fmllr_train.6.ark:3961087
mbcg0_si486 /nfs-share/xinchi/kaldi/egs/timit/s5_la4/data-fmllr-tri3/train/data/feats_fmllr_train.4.ark:4155871
fkkh0_si660 /nfs-share/xinchi/kaldi/egs/timit/s5_la4/data-fmllr-tri3/train/data/feats_fmllr_train.2.ark:7043602
madc0_si737 /nfs-share/xinchi/kaldi/egs/timit/s5_la4/data-fmllr-tri3/train/data/feats_fmllr_train.3.ark:17298416
fjen0_sx57 /nfs-share/xinchi/kaldi/egs/timit/s5_la4/data-fmllr-tri3/train/data/feats_fmllr_train.2.ark:812901
mrmh0_si1021 /nfs-share/xinchi/kaldi/egs/timit/s5_la4/data-fmllr-tri3/train/data/feats_fmllr_train.9.ark:5893347
fdxw0_si1511 /nfs-share/xinchi/kaldi/egs/timit/s5_la4/data-fmllr-tri3/train/data/feats_fmllr_train.1.ark:13009417
milb0_si807 /nfs-share/xinchi/kaldi/egs/timit/s5_la4/data-fmllr-tri3/train/data/feats_fmllr_train.6.ark:6160148
fntb0_si1203 /nfs-share/xinchi/kaldi/egs/timit/s5_la4/data-fmllr-tri3/train/data/feats_fmllr_train.3.ark:378950
mjmd0_si2288 /nfs-share/xinchi/kaldi/egs/timit/s5_la4/data-fmllr-tri3/train/data/feats_fmllr_train.6.ark:15471145
mded0_sx360 /nfs-share/xinchi/kaldi/egs/timit/s5_la4/data-fmllr-tri3/train/data/feats_fmllr_train.4.ark:17263672
mrml0_sx251 /nfs-share/xinchi/kaldi/egs/timit/s5_la4/data-fmllr-tri3/train/data/feats_fmllr_train.9.ark:6504874
fcdr1_sx196 /nfs-share/xinchi/kaldi/egs/timit/s5_la4/data-fmllr-tri3/train/data/feats_fmllr_train.1.ark:5917103
mvlo0_sx427 /nfs-share/xinchi/kaldi/egs/timit/s5_la4/data-fmllr-tri3/train/data/feats_fmllr_train.10.ark:12997521
mfwk0_si1879 /nfs-share/xinchi/kaldi/egs/timit/s5_la4/data-fmllr-tri3/train/data/feats_fmllr_train.5.ark:15163120
flag0_sx384 /nfs-share/xinchi/kaldi/egs/timit/s5_la4/data-fmllr-tri3/train/data/feats_fmllr_train.2.ark:9613519
mvrw0_sx225 /nfs-share/xinchi/kaldi/egs/timit/s5_la4/data-fmllr-tri3/train/data/feats_fmllr_train.10.ark:13271444
mdcm0_sx400 /nfs-share/xinchi/kaldi/egs/timit/s5_la4/data-fmllr-tri3/train/data/feats_fmllr_train.4.ark:16606491
mdlr0_sx243 /nfs-share/xinchi/kaldi/egs/timit/s5_la4/data-fmllr-tri3/train/data/feats_fmllr_train.5.ark:4843527
mjpm0_si738 /nfs-share/xinchi/kaldi/egs/timit/s5_la4/data-fmllr-tri3/train/data/feats_fmllr_train.6.ark:16566036
msrg0_si1221 /nfs-share/xinchi/kaldi/egs/timit/s5_la4/data-fmllr-tri3/train/data/feats_fmllr_train.9.ark:16984710
fbch0_si959 /nfs-share/xinchi/kaldi/egs/timit/s5_la4/data-fmllr-tri3/train/data/feats_fmllr_train.1.ark:2955823
msrr0_sx30 /nfs-share/xinchi/kaldi/egs/timit/s5_la4/data-fmllr-tri3/train/data/feats_fmllr_train.9.ark:17604582
mkxl0_sx195 /nfs-share/xinchi/kaldi/egs/timit/s5_la4/data-fmllr-tri3/train/data/feats_fmllr_train.7.ark:10010374
mkrg0_sx141 /nfs-share/xinchi/kaldi/egs/timit/s5_la4/data-fmllr-tri3/train/data/feats_fmllr_train.7.ark:9582104
fgrw0_sx432 /nfs-share/xinchi/kaldi/egs/timit/s5_la4/data-fmllr-tri3/train/data/feats_fmllr_train.1.ark:17850529
mree0_sx384 /nfs-share/xinchi/kaldi/egs/timit/s5_la4/data-fmllr-tri3/train/data/feats_fmllr_train.8.ark:15484188
makr0_sx452 /nfs-share/xinchi/kaldi/egs/timit/s5_la4/data-fmllr-tri3/train/data/feats_fmllr_train.4.ark:2167824
fskl0_si2159 /nfs-share/xinchi/kaldi/egs/timit/s5_la4/data-fmllr-tri3/train/data/feats_fmllr_train.3.ark:10395922
mjlg1_si1012 /nfs-share/xinchi/kaldi/egs/timit/s5_la4/data-fmllr-tri3/train/data/feats_fmllr_train.6.ark:14302757
mkdt0_si2153 /nfs-share/xinchi/kaldi/egs/timit/s5_la4/data-fmllr-tri3/train/data/feats_fmllr_train.7.ark:6322364
mdlc0_si765 /nfs-share/xinchi/kaldi/egs/timit/s5_la4/data-fmllr-tri3/train/data/feats_fmllr_train.5.ark:2932948
fcag0_si2133 /nfs-share/xinchi/kaldi/egs/timit/s5_la4/data-fmllr-tri3/train/data/feats_fmllr_train.1.ark:4955309
mbsb0_sx363 /nfs-share/xinchi/kaldi/egs/timit/s5_la4/data-fmllr-tri3/train/data/feats_fmllr_train.4.ark:7229582
mrtc0_sx378 /nfs-share/xinchi/kaldi/egs/timit/s5_la4/data-fmllr-tri3/train/data/feats_fmllr_train.9.ark:9123538
mkag0_sx30 /nfs-share/xinchi/kaldi/egs/timit/s5_la4/data-fmllr-tri3/train/data/feats_fmllr_train.7.ark:4287758
mzmb0_sx86 /nfs-share/xinchi/kaldi/egs/timit/s5_la4/data-fmllr-tri3/train/data/feats_fmllr_train.10.ark:17940210
mwch0_sx182 /nfs-share/xinchi/kaldi/egs/timit/s5_la4/data-fmllr-tri3/train/data/feats_fmllr_train.10.ark:14657248
mjdc0_sx81 /nfs-share/xinchi/kaldi/egs/timit/s5_la4/data-fmllr-tri3/train/data/feats_fmllr_train.6.ark:8696651
mram0_sx15 /nfs-share/xinchi/kaldi/egs/timit/s5_la4/data-fmllr-tri3/train/data/feats_fmllr_train.8.ark:12333568
mrab1_sx218 /nfs-share/xinchi/kaldi/egs/timit/s5_la4/data-fmllr-tri3/train/data/feats_fmllr_train.8.ark:11517774
mrlj0_sx340 /nfs-share/xinchi/kaldi/egs/timit/s5_la4/data-fmllr-tri3/train/data/feats_fmllr_train.9.ark:3951379
fsag0_sx63 /nfs-share/xinchi/kaldi/egs/timit/s5_la4/data-fmllr-tri3/train/data/feats_fmllr_train.3.ark:5485421
fsls0_si1686 /nfs-share/xinchi/kaldi/egs/timit/s5_la4/data-fmllr-tri3/train/data/feats_fmllr_train.3.ark:11142596
fpaz0_sx423 /nfs-share/xinchi/kaldi/egs/timit/s5_la4/data-fmllr-tri3/train/data/feats_fmllr_train.3.ark:2729317
fjrp1_si1432 /nfs-share/xinchi/kaldi/egs/timit/s5_la4/data-fmllr-tri3/train/data/feats_fmllr_train.2.ark:2765376
fbjl0_sx382 /nfs-share/xinchi/kaldi/egs/timit/s5_la4/data-fmllr-tri3/train/data/feats_fmllr_train.1.ark:3614254
fmkc0_sx442 /nfs-share/xinchi/kaldi/egs/timit/s5_la4/data-fmllr-tri3/train/data/feats_fmllr_train.2.ark:17034900
mabc0_si1620 /nfs-share/xinchi/kaldi/egs/timit/s5_la4/data-fmllr-tri3/train/data/feats_fmllr_train.3.ark:16853184
fbmj0_sx426 /nfs-share/xinchi/kaldi/egs/timit/s5_la4/data-fmllr-tri3/train/data/feats_fmllr_train.1.ark:4799839
mddc0_si2049 /nfs-share/xinchi/kaldi/egs/timit/s5_la4/data-fmllr-tri3/train/data/feats_fmllr_train.4.ark:16715667
mjeb1_si837 /nfs-share/xinchi/kaldi/egs/timit/s5_la4/data-fmllr-tri3/train/data/feats_fmllr_train.6.ark:10548162
mwre0_sx247 /nfs-share/xinchi/kaldi/egs/timit/s5_la4/data-fmllr-tri3/train/data/feats_fmllr_train.10.ark:16206785
mmdm0_sx141 /nfs-share/xinchi/kaldi/egs/timit/s5_la4/data-fmllr-tri3/train/data/feats_fmllr_train.7.ark:16388834
mcpm0_sx114 /nfs-share/xinchi/kaldi/egs/timit/s5_la4/data-fmllr-tri3/train/data/feats_fmllr_train.4.ark:12274240
ftlg0_si840 /nfs-share/xinchi/kaldi/egs/timit/s5_la4/data-fmllr-tri3/train/data/feats_fmllr_train.3.ark:15123033
fmkf0_sx276 /nfs-share/xinchi/kaldi/egs/timit/s5_la4/data-fmllr-tri3/train/data/feats_fmllr_train.2.ark:17344503
mjdg0_sx322 /nfs-share/xinchi/kaldi/egs/timit/s5_la4/data-fmllr-tri3/train/data/feats_fmllr_train.6.ark:9492392
mjlb0_sx266 /nfs-share/xinchi/kaldi/egs/timit/s5_la4/data-fmllr-tri3/train/data/feats_fmllr_train.6.ark:14146969
fjsp0_si804 /nfs-share/xinchi/kaldi/egs/timit/s5_la4/data-fmllr-tri3/train/data/feats_fmllr_train.2.ark:3748266
mgsh0_sx276 /nfs-share/xinchi/kaldi/egs/timit/s5_la4/data-fmllr-tri3/train/data/feats_fmllr_train.6.ark:2576493
mjlb0_si1616 /nfs-share/xinchi/kaldi/egs/timit/s5_la4/data-fmllr-tri3/train/data/feats_fmllr_train.6.ark:13949420
mjma0_sx235 /nfs-share/xinchi/kaldi/egs/timit/s5_la4/data-fmllr-tri3/train/data/feats_fmllr_train.6.ark:15268101
mjkr0_si1831 /nfs-share/xinchi/kaldi/egs/timit/s5_la4/data-fmllr-tri3/train/data/feats_fmllr_train.6.ark:13615791
mdlc1_sx85 /nfs-share/xinchi/kaldi/egs/timit/s5_la4/data-fmllr-tri3/train/data/feats_fmllr_train.5.ark:3537940
fjwb1_sx75 /nfs-share/xinchi/kaldi/egs/timit/s5_la4/data-fmllr-tri3/train/data/feats_fmllr_train.2.ark:4365896
medr0_si2004 /nfs-share/xinchi/kaldi/egs/timit/s5_la4/data-fmllr-tri3/train/data/feats_fmllr_train.5.ark:11117058
fkde0_si1141 /nfs-share/xinchi/kaldi/egs/timit/s5_la4/data-fmllr-tri3/train/data/feats_fmllr_train.2.ark:5621455
mafm0_si1569 /nfs-share/xinchi/kaldi/egs/timit/s5_la4/data-fmllr-tri3/train/data/feats_fmllr_train.4.ark:746368
mrtj0_si1551 /nfs-share/xinchi/kaldi/egs/timit/s5_la4/data-fmllr-tri3/train/data/feats_fmllr_train.9.ark:9173806
mcdc0_sx122 /nfs-share/xinchi/kaldi/egs/timit/s5_la4/data-fmllr-tri3/train/data/feats_fmllr_train.4.ark:9108983
mtdb0_sx141 /nfs-share/xinchi/kaldi/egs/timit/s5_la4/data-fmllr-tri3/train/data/feats_fmllr_train.10.ark:2999694
mdlr0_sx63 /nfs-share/xinchi/kaldi/egs/timit/s5_la4/data-fmllr-tri3/train/data/feats_fmllr_train.5.ark:5017047
mbom0_sx311 /nfs-share/xinchi/kaldi/egs/timit/s5_la4/data-fmllr-tri3/train/data/feats_fmllr_train.4.ark:6923286
fhxs0_sx85 /nfs-share/xinchi/kaldi/egs/timit/s5_la4/data-fmllr-tri3/train/data/feats_fmllr_train.1.ark:18790351
mhjb0_si1017 /nfs-share/xinchi/kaldi/egs/timit/s5_la4/data-fmllr-tri3/train/data/feats_fmllr_train.6.ark:4299836
fjxm0_si1971 /nfs-share/xinchi/kaldi/egs/timit/s5_la4/data-fmllr-tri3/train/data/feats_fmllr_train.2.ark:4451712
mmab1_si1494 /nfs-share/xinchi/kaldi/egs/timit/s5_la4/data-fmllr-tri3/train/data/feats_fmllr_train.7.ark:13001095
mmdg0_si520 /nfs-share/xinchi/kaldi/egs/timit/s5_la4/data-fmllr-tri3/train/data/feats_fmllr_train.7.ark:15928430
mddc0_sx249 /nfs-share/xinchi/kaldi/egs/timit/s5_la4/data-fmllr-tri3/train/data/feats_fmllr_train.4.ark:16840388
mjkr0_si571 /nfs-share/xinchi/kaldi/egs/timit/s5_la4/data-fmllr-tri3/train/data/feats_fmllr_train.6.ark:13664778
fbcg1_sx352 /nfs-share/xinchi/kaldi/egs/timit/s5_la4/data-fmllr-tri3/train/data/feats_fmllr_train.1.ark:2681928
ftlg0_si1743 /nfs-share/xinchi/kaldi/egs/timit/s5_la4/data-fmllr-tri3/train/data/feats_fmllr_train.3.ark:14971459
mcxm0_si1351 /nfs-share/xinchi/kaldi/egs/timit/s5_la4/data-fmllr-tri3/train/data/feats_fmllr_train.4.ark:13986762
flmk0_si2295 /nfs-share/xinchi/kaldi/egs/timit/s5_la4/data-fmllr-tri3/train/data/feats_fmllr_train.2.ark:13317958
mjkr0_sx121 /nfs-share/xinchi/kaldi/egs/timit/s5_la4/data-fmllr-tri3/train/data/feats_fmllr_train.6.ark:13724645
mdwh0_si1168 /nfs-share/xinchi/kaldi/egs/timit/s5_la4/data-fmllr-tri3/train/data/feats_fmllr_train.5.ark:9933178
mcdd0_sx343 /nfs-share/xinchi/kaldi/egs/timit/s5_la4/data-fmllr-tri3/train/data/feats_fmllr_train.4.ark:9550694
fjhk0_si2282 /nfs-share/xinchi/kaldi/egs/timit/s5_la4/data-fmllr-tri3/train/data/feats_fmllr_train.2.ark:931865
fsgf0_si2187 /nfs-share/xinchi/kaldi/egs/timit/s5_la4/data-fmllr-tri3/train/data/feats_fmllr_train.3.ark:7959420
medr0_si744 /nfs-share/xinchi/kaldi/egs/timit/s5_la4/data-fmllr-tri3/train/data/feats_fmllr_train.5.ark:11182685
fbas0_sx307 /nfs-share/xinchi/kaldi/egs/timit/s5_la4/data-fmllr-tri3/train/data/feats_fmllr_train.1.ark:2348271
fblv0_si1058 /nfs-share/xinchi/kaldi/egs/timit/s5_la4/data-fmllr-tri3/train/data/feats_fmllr_train.1.ark:3664362
mljh0_sx244 /nfs-share/xinchi/kaldi/egs/timit/s5_la4/data-fmllr-tri3/train/data/feats_fmllr_train.7.ark:11610896
mlel0_sx76 /nfs-share/xinchi/kaldi/egs/timit/s5_la4/data-fmllr-tri3/train/data/feats_fmllr_train.7.ark:10886382
mrso0_si1206 /nfs-share/xinchi/kaldi/egs/timit/s5_la4/data-fmllr-tri3/train/data/feats_fmllr_train.9.ark:7875074
mrhl0_si885 /nfs-share/xinchi/kaldi/egs/timit/s5_la4/data-fmllr-tri3/train/data/feats_fmllr_train.9.ark:513563
mrxb0_si955 /nfs-share/xinchi/kaldi/egs/timit/s5_la4/data-fmllr-tri3/train/data/feats_fmllr_train.9.ark:10816489
fcaj0_sx129 /nfs-share/xinchi/kaldi/egs/timit/s5_la4/data-fmllr-tri3/train/data/feats_fmllr_train.1.ark:5348513
mwad0_sx162 /nfs-share/xinchi/kaldi/egs/timit/s5_la4/data-fmllr-tri3/train/data/feats_fmllr_train.10.ark:13985292
mjra0_si606 /nfs-share/xinchi/kaldi/egs/timit/s5_la4/data-fmllr-tri3/train/data/feats_fmllr_train.6.ark:17322630
fkfb0_si2238 /nfs-share/xinchi/kaldi/egs/timit/s5_la4/data-fmllr-tri3/train/data/feats_fmllr_train.2.ark:6506558
fltm0_si2330 /nfs-share/xinchi/kaldi/egs/timit/s5_la4/data-fmllr-tri3/train/data/feats_fmllr_train.2.ark:14009274
fsgf0_sx207 /nfs-share/xinchi/kaldi/egs/timit/s5_la4/data-fmllr-tri3/train/data/feats_fmllr_train.3.ark:8150061
mdwd0_sx90 /nfs-share/xinchi/kaldi/egs/timit/s5_la4/data-fmllr-tri3/train/data/feats_fmllr_train.5.ark:9899710
mdlr1_si1299 /nfs-share/xinchi/kaldi/egs/timit/s5_la4/data-fmllr-tri3/train/data/feats_fmllr_train.5.ark:5059635
mbwp0_si1969 /nfs-share/xinchi/kaldi/egs/timit/s5_la4/data-fmllr-tri3/train/data/feats_fmllr_train.4.ark:7733080
fljd0_sx76 /nfs-share/xinchi/kaldi/egs/timit/s5_la4/data-fmllr-tri3/train/data/feats_fmllr_train.2.ark:11535247
fpaf0_si1684 /nfs-share/xinchi/kaldi/egs/timit/s5_la4/data-fmllr-tri3/train/data/feats_fmllr_train.3.ark:2116645
mntw0_sx168 /nfs-share/xinchi/kaldi/egs/timit/s5_la4/data-fmllr-tri3/train/data/feats_fmllr_train.8.ark:5514973
mrjt0_si1805 /nfs-share/xinchi/kaldi/egs/timit/s5_la4/data-fmllr-tri3/train/data/feats_fmllr_train.9.ark:2539422
mjai0_si682 /nfs-share/xinchi/kaldi/egs/timit/s5_la4/data-fmllr-tri3/train/data/feats_fmllr_train.6.ark:7310877
mdsj0_sx382 /nfs-share/xinchi/kaldi/egs/timit/s5_la4/data-fmllr-tri3/train/data/feats_fmllr_train.5.ark:8486174
mprk0_sx377 /nfs-share/xinchi/kaldi/egs/timit/s5_la4/data-fmllr-tri3/train/data/feats_fmllr_train.8.ark:10230107
mbma0_si1222 /nfs-share/xinchi/kaldi/egs/timit/s5_la4/data-fmllr-tri3/train/data/feats_fmllr_train.4.ark:5550791
mbar0_sx239 /nfs-share/xinchi/kaldi/egs/timit/s5_la4/data-fmllr-tri3/train/data/feats_fmllr_train.4.ark:3571998
fgdp0_sx358 /nfs-share/xinchi/kaldi/egs/timit/s5_la4/data-fmllr-tri3/train/data/feats_fmllr_train.1.ark:16881907
mdwh0_si1925 /nfs-share/xinchi/kaldi/egs/timit/s5_la4/data-fmllr-tri3/train/data/feats_fmllr_train.5.ark:10013206
fsjk1_si696 /nfs-share/xinchi/kaldi/egs/timit/s5_la4/data-fmllr-tri3/train/data/feats_fmllr_train.3.ark:8907561
mrtj0_sx142 /nfs-share/xinchi/kaldi/egs/timit/s5_la4/data-fmllr-tri3/train/data/feats_fmllr_train.9.ark:9359648
mdwd0_sx270 /nfs-share/xinchi/kaldi/egs/timit/s5_la4/data-fmllr-tri3/train/data/feats_fmllr_train.5.ark:9770350
mljh0_si694 /nfs-share/xinchi/kaldi/egs/timit/s5_la4/data-fmllr-tri3/train/data/feats_fmllr_train.7.ark:11485562
fblv0_sx158 /nfs-share/xinchi/kaldi/egs/timit/s5_la4/data-fmllr-tri3/train/data/feats_fmllr_train.1.ark:3857085
medr0_sx24 /nfs-share/xinchi/kaldi/egs/timit/s5_la4/data-fmllr-tri3/train/data/feats_fmllr_train.5.ark:11318925
mrjm1_sx218 /nfs-share/xinchi/kaldi/egs/timit/s5_la4/data-fmllr-tri3/train/data/feats_fmllr_train.9.ark:2291126
fmju0_sx219 /nfs-share/xinchi/kaldi/egs/timit/s5_la4/data-fmllr-tri3/train/data/feats_fmllr_train.2.ark:16542468
fgmb0_si1775 /nfs-share/xinchi/kaldi/egs/timit/s5_la4/data-fmllr-tri3/train/data/feats_fmllr_train.1.ark:17137216
mjrk0_sx160 /nfs-share/xinchi/kaldi/egs/timit/s5_la4/data-fmllr-tri3/train/data/feats_fmllr_train.7.ark:887730
fmah1_si879 /nfs-share/xinchi/kaldi/egs/timit/s5_la4/data-fmllr-tri3/train/data/feats_fmllr_train.2.ark:14411091
mtml0_sx165 /nfs-share/xinchi/kaldi/egs/timit/s5_la4/data-fmllr-tri3/train/data/feats_fmllr_train.10.ark:7399842
mrxb0_sx415 /nfs-share/xinchi/kaldi/egs/timit/s5_la4/data-fmllr-tri3/train/data/feats_fmllr_train.9.ark:11009717
mrem0_sx61 /nfs-share/xinchi/kaldi/egs/timit/s5_la4/data-fmllr-tri3/train/data/feats_fmllr_train.8.ark:16303661
mkdb0_si872 /nfs-share/xinchi/kaldi/egs/timit/s5_la4/data-fmllr-tri3/train/data/feats_fmllr_train.7.ark:5640865
fmbg0_si1790 /nfs-share/xinchi/kaldi/egs/timit/s5_la4/data-fmllr-tri3/train/data/feats_fmllr_train.2.ark:14791121
mgaf0_sx22 /nfs-share/xinchi/kaldi/egs/timit/s5_la4/data-fmllr-tri3/train/data/feats_fmllr_train.5.ark:16453320
fjdm2_si1964 /nfs-share/xinchi/kaldi/egs/timit/s5_la4/data-fmllr-tri3/train/data/feats_fmllr_train.2.ark:42601
mclm0_sx106 /nfs-share/xinchi/kaldi/egs/timit/s5_la4/data-fmllr-tri3/train/data/feats_fmllr_train.4.ark:11917383
fpad0_si716 /nfs-share/xinchi/kaldi/egs/timit/s5_la4/data-fmllr-tri3/train/data/feats_fmllr_train.3.ark:1700135
mrlj1_sx321 /nfs-share/xinchi/kaldi/egs/timit/s5_la4/data-fmllr-tri3/train/data/feats_fmllr_train.9.ark:4263917
mram0_sx105 /nfs-share/xinchi/kaldi/egs/timit/s5_la4/data-fmllr-tri3/train/data/feats_fmllr_train.8.ark:12294982
mdmt0_si1832 /nfs-share/xinchi/kaldi/egs/timit/s5_la4/data-fmllr-tri3/train/data/feats_fmllr_train.5.ark:5929030
fetb0_sx158 /nfs-share/xinchi/kaldi/egs/timit/s5_la4/data-fmllr-tri3/train/data/feats_fmllr_train.1.ark:15569361
fltm0_sx80 /nfs-share/xinchi/kaldi/egs/timit/s5_la4/data-fmllr-tri3/train/data/feats_fmllr_train.2.ark:14304608
mhbs0_sx135 /nfs-share/xinchi/kaldi/egs/timit/s5_la4/data-fmllr-tri3/train/data/feats_fmllr_train.6.ark:3722524
fdmy0_sx207 /nfs-share/xinchi/kaldi/egs/timit/s5_la4/data-fmllr-tri3/train/data/feats_fmllr_train.1.ark:11935273
fetb0_sx248 /nfs-share/xinchi/kaldi/egs/timit/s5_la4/data-fmllr-tri3/train/data/feats_fmllr_train.1.ark:15604908
mtkp0_sx303 /nfs-share/xinchi/kaldi/egs/timit/s5_la4/data-fmllr-tri3/train/data/feats_fmllr_train.10.ark:6382124
feme0_si875 /nfs-share/xinchi/kaldi/egs/timit/s5_la4/data-fmllr-tri3/train/data/feats_fmllr_train.1.ark:15080477
mjeb1_si2097 /nfs-share/xinchi/kaldi/egs/timit/s5_la4/data-fmllr-tri3/train/data/feats_fmllr_train.6.ark:10492135
mcpm0_si1194 /nfs-share/xinchi/kaldi/egs/timit/s5_la4/data-fmllr-tri3/train/data/feats_fmllr_train.4.ark:12101838
