fkde0_si2221 /nfs-share/titouan/workspace/kaldi/egs/timit/s5_la2/data-fmllr-tri3/train/data/feats_fmllr_train.2.ark:5768711
mjrh1_sx424 /nfs-share/titouan/workspace/kaldi/egs/timit/s5_la2/data-fmllr-tri3/train/data/feats_fmllr_train.7.ark:681994
madd0_si538 /nfs-share/titouan/workspace/kaldi/egs/timit/s5_la2/data-fmllr-tri3/train/data/feats_fmllr_train.3.ark:17676873
mmsm0_sx26 /nfs-share/titouan/workspace/kaldi/egs/timit/s5_la2/data-fmllr-tri3/train/data/feats_fmllr_train.8.ark:2835429
mhmg0_sx105 /nfs-share/titouan/workspace/kaldi/egs/timit/s5_la2/data-fmllr-tri3/train/data/feats_fmllr_train.6.ark:4766216
fmkf0_sx6 /nfs-share/titouan/workspace/kaldi/egs/timit/s5_la2/data-fmllr-tri3/train/data/feats_fmllr_train.2.ark:17445195
mtmn0_sx344 /nfs-share/titouan/workspace/kaldi/egs/timit/s5_la2/data-fmllr-tri3/train/data/feats_fmllr_train.10.ark:7948113
fgdp0_sx178 /nfs-share/titouan/workspace/kaldi/egs/timit/s5_la2/data-fmllr-tri3/train/data/feats_fmllr_train.1.ark:16759613
fskc0_sx426 /nfs-share/titouan/workspace/kaldi/egs/timit/s5_la2/data-fmllr-tri3/train/data/feats_fmllr_train.3.ark:10260800
mmdg0_sx250 /nfs-share/titouan/workspace/kaldi/egs/timit/s5_la2/data-fmllr-tri3/train/data/feats_fmllr_train.7.ark:16043524
fklc0_sx175 /nfs-share/titouan/workspace/kaldi/egs/timit/s5_la2/data-fmllr-tri3/train/data/feats_fmllr_train.2.ark:7447046
mdma0_sx440 /nfs-share/titouan/workspace/kaldi/egs/timit/s5_la2/data-fmllr-tri3/train/data/feats_fmllr_train.5.ark:5815696
mmds0_sx443 /nfs-share/titouan/workspace/kaldi/egs/timit/s5_la2/data-fmllr-tri3/train/data/feats_fmllr_train.7.ark:17249669
mtab0_si2202 /nfs-share/titouan/workspace/kaldi/egs/timit/s5_la2/data-fmllr-tri3/train/data/feats_fmllr_train.10.ark:567618
makr0_sx452 /nfs-share/titouan/workspace/kaldi/egs/timit/s5_la2/data-fmllr-tri3/train/data/feats_fmllr_train.4.ark:2167824
mrav0_si2268 /nfs-share/titouan/workspace/kaldi/egs/timit/s5_la2/data-fmllr-tri3/train/data/feats_fmllr_train.8.ark:12593253
msem1_si2070 /nfs-share/titouan/workspace/kaldi/egs/timit/s5_la2/data-fmllr-tri3/train/data/feats_fmllr_train.9.ark:13710842
mpsw0_sx77 /nfs-share/titouan/workspace/kaldi/egs/timit/s5_la2/data-fmllr-tri3/train/data/feats_fmllr_train.8.ark:10895340
mgaw0_si535 /nfs-share/titouan/workspace/kaldi/egs/timit/s5_la2/data-fmllr-tri3/train/data/feats_fmllr_train.6.ark:516126
mgsh0_si546 /nfs-share/titouan/workspace/kaldi/egs/timit/s5_la2/data-fmllr-tri3/train/data/feats_fmllr_train.6.ark:2430332
mrgm0_si532 /nfs-share/titouan/workspace/kaldi/egs/timit/s5_la2/data-fmllr-tri3/train/data/feats_fmllr_train.8.ark:17597196
mrml0_sx341 /nfs-share/titouan/workspace/kaldi/egs/timit/s5_la2/data-fmllr-tri3/train/data/feats_fmllr_train.9.ark:6577861
falk0_si456 /nfs-share/titouan/workspace/kaldi/egs/timit/s5_la2/data-fmllr-tri3/train/data/feats_fmllr_train.1.ark:860152
mjlb0_sx86 /nfs-share/titouan/workspace/kaldi/egs/timit/s5_la2/data-fmllr-tri3/train/data/feats_fmllr_train.6.ark:14267369
fsgf0_si927 /nfs-share/titouan/workspace/kaldi/egs/timit/s5_la2/data-fmllr-tri3/train/data/feats_fmllr_train.3.ark:8023607
fsdj0_si1745 /nfs-share/titouan/workspace/kaldi/egs/timit/s5_la2/data-fmllr-tri3/train/data/feats_fmllr_train.3.ark:7648483
fklc1_sx148 /nfs-share/titouan/workspace/kaldi/egs/timit/s5_la2/data-fmllr-tri3/train/data/feats_fmllr_train.2.ark:7841024
fcdr1_sx106 /nfs-share/titouan/workspace/kaldi/egs/timit/s5_la2/data-fmllr-tri3/train/data/feats_fmllr_train.1.ark:5825530
fbmh0_si1136 /nfs-share/titouan/workspace/kaldi/egs/timit/s5_la2/data-fmllr-tri3/train/data/feats_fmllr_train.1.ark:4082660
mrpc1_si2026 /nfs-share/titouan/workspace/kaldi/egs/timit/s5_la2/data-fmllr-tri3/train/data/feats_fmllr_train.9.ark:7143468
fjxm0_sx221 /nfs-share/titouan/workspace/kaldi/egs/timit/s5_la2/data-fmllr-tri3/train/data/feats_fmllr_train.2.ark:4581553
mdbb1_sx196 /nfs-share/titouan/workspace/kaldi/egs/timit/s5_la2/data-fmllr-tri3/train/data/feats_fmllr_train.4.ark:15338426
mwar0_sx145 /nfs-share/titouan/workspace/kaldi/egs/timit/s5_la2/data-fmllr-tri3/train/data/feats_fmllr_train.10.ark:14327110
flag0_si2094 /nfs-share/titouan/workspace/kaldi/egs/timit/s5_la2/data-fmllr-tri3/train/data/feats_fmllr_train.2.ark:9301838
mbwp0_si709 /nfs-share/titouan/workspace/kaldi/egs/timit/s5_la2/data-fmllr-tri3/train/data/feats_fmllr_train.4.ark:7776147
mpgh0_si675 /nfs-share/titouan/workspace/kaldi/egs/timit/s5_la2/data-fmllr-tri3/train/data/feats_fmllr_train.8.ark:6881706
fklc0_sx265 /nfs-share/titouan/workspace/kaldi/egs/timit/s5_la2/data-fmllr-tri3/train/data/feats_fmllr_train.2.ark:7527073
mdlc2_si984 /nfs-share/titouan/workspace/kaldi/egs/timit/s5_la2/data-fmllr-tri3/train/data/feats_fmllr_train.5.ark:3621383
mgaf0_si652 /nfs-share/titouan/workspace/kaldi/egs/timit/s5_la2/data-fmllr-tri3/train/data/feats_fmllr_train.5.ark:16359640
mrcw0_sx201 /nfs-share/titouan/workspace/kaldi/egs/timit/s5_la2/data-fmllr-tri3/train/data/feats_fmllr_train.8.ark:13901958
mrgm0_si1162 /nfs-share/titouan/workspace/kaldi/egs/timit/s5_la2/data-fmllr-tri3/train/data/feats_fmllr_train.8.ark:17486421
mdbp0_sx78 /nfs-share/titouan/workspace/kaldi/egs/timit/s5_la2/data-fmllr-tri3/train/data/feats_fmllr_train.4.ark:15851977
mtat0_si1110 /nfs-share/titouan/workspace/kaldi/egs/timit/s5_la2/data-fmllr-tri3/train/data/feats_fmllr_train.10.ark:1241304
msdh0_si2240 /nfs-share/titouan/workspace/kaldi/egs/timit/s5_la2/data-fmllr-tri3/train/data/feats_fmllr_train.9.ark:12821927
mjjb0_sx149 /nfs-share/titouan/workspace/kaldi/egs/timit/s5_la2/data-fmllr-tri3/train/data/feats_fmllr_train.6.ark:12470554
mjrg0_sx286 /nfs-share/titouan/workspace/kaldi/egs/timit/s5_la2/data-fmllr-tri3/train/data/feats_fmllr_train.6.ark:17822287
mdjm0_sx375 /nfs-share/titouan/workspace/kaldi/egs/timit/s5_la2/data-fmllr-tri3/train/data/feats_fmllr_train.5.ark:1880910
mdpk0_sx153 /nfs-share/titouan/workspace/kaldi/egs/timit/s5_la2/data-fmllr-tri3/train/data/feats_fmllr_train.5.ark:7182723
mtcs0_sx172 /nfs-share/titouan/workspace/kaldi/egs/timit/s5_la2/data-fmllr-tri3/train/data/feats_fmllr_train.10.ark:2582837
fbmh0_sx56 /nfs-share/titouan/workspace/kaldi/egs/timit/s5_la2/data-fmllr-tri3/train/data/feats_fmllr_train.1.ark:4416289
mrlj1_sx321 /nfs-share/titouan/workspace/kaldi/egs/timit/s5_la2/data-fmllr-tri3/train/data/feats_fmllr_train.9.ark:4263917
mhxl0_sx152 /nfs-share/titouan/workspace/kaldi/egs/timit/s5_la2/data-fmllr-tri3/train/data/feats_fmllr_train.6.ark:5853906
fpaf0_sx244 /nfs-share/titouan/workspace/kaldi/egs/timit/s5_la2/data-fmllr-tri3/train/data/feats_fmllr_train.3.ark:2235447
mzmb0_sx266 /nfs-share/titouan/workspace/kaldi/egs/timit/s5_la2/data-fmllr-tri3/train/data/feats_fmllr_train.10.ark:17803010
mpar0_si946 /nfs-share/titouan/workspace/kaldi/egs/timit/s5_la2/data-fmllr-tri3/train/data/feats_fmllr_train.8.ark:5822843
fcyl0_si1297 /nfs-share/titouan/workspace/kaldi/egs/timit/s5_la2/data-fmllr-tri3/train/data/feats_fmllr_train.1.ark:8926122
mmdm1_sx63 /nfs-share/titouan/workspace/kaldi/egs/timit/s5_la2/data-fmllr-tri3/train/data/feats_fmllr_train.7.ark:16973158
mdlr0_sx243 /nfs-share/titouan/workspace/kaldi/egs/timit/s5_la2/data-fmllr-tri3/train/data/feats_fmllr_train.5.ark:4843527
mdjm0_sx285 /nfs-share/titouan/workspace/kaldi/egs/timit/s5_la2/data-fmllr-tri3/train/data/feats_fmllr_train.5.ark:1840083
mpsw0_si2327 /nfs-share/titouan/workspace/kaldi/egs/timit/s5_la2/data-fmllr-tri3/train/data/feats_fmllr_train.8.ark:10705287
mjmd0_sx308 /nfs-share/titouan/workspace/kaldi/egs/timit/s5_la2/data-fmllr-tri3/train/data/feats_fmllr_train.6.ark:15619386
mlbc0_si1239 /nfs-share/titouan/workspace/kaldi/egs/timit/s5_la2/data-fmllr-tri3/train/data/feats_fmllr_train.7.ark:10126776
mfmc0_sx322 /nfs-share/titouan/workspace/kaldi/egs/timit/s5_la2/data-fmllr-tri3/train/data/feats_fmllr_train.5.ark:14617033
mbom0_si2274 /nfs-share/titouan/workspace/kaldi/egs/timit/s5_la2/data-fmllr-tri3/train/data/feats_fmllr_train.4.ark:6768778
mhjb0_si1647 /nfs-share/titouan/workspace/kaldi/egs/timit/s5_la2/data-fmllr-tri3/train/data/feats_fmllr_train.6.ark:4336664
mmds0_si713 /nfs-share/titouan/workspace/kaldi/egs/timit/s5_la2/data-fmllr-tri3/train/data/feats_fmllr_train.7.ark:17098841
mesj0_sx277 /nfs-share/titouan/workspace/kaldi/egs/timit/s5_la2/data-fmllr-tri3/train/data/feats_fmllr_train.5.ark:13550757
flkm0_sx260 /nfs-share/titouan/workspace/kaldi/egs/timit/s5_la2/data-fmllr-tri3/train/data/feats_fmllr_train.2.ark:12246640
mrav0_sx378 /nfs-share/titouan/workspace/kaldi/egs/timit/s5_la2/data-fmllr-tri3/train/data/feats_fmllr_train.8.ark:12811947
msat0_sx86 /nfs-share/titouan/workspace/kaldi/egs/timit/s5_la2/data-fmllr-tri3/train/data/feats_fmllr_train.9.ark:12126395
falk0_sx366 /nfs-share/titouan/workspace/kaldi/egs/timit/s5_la2/data-fmllr-tri3/train/data/feats_fmllr_train.1.ark:1064740
mlns0_sx147 /nfs-share/titouan/workspace/kaldi/egs/timit/s5_la2/data-fmllr-tri3/train/data/feats_fmllr_train.7.ark:11966286
fkkh0_sx300 /nfs-share/titouan/workspace/kaldi/egs/timit/s5_la2/data-fmllr-tri3/train/data/feats_fmllr_train.2.ark:7215549
megj0_si707 /nfs-share/titouan/workspace/kaldi/egs/timit/s5_la2/data-fmllr-tri3/train/data/feats_fmllr_train.5.ark:11943757
mrtc0_si1458 /nfs-share/titouan/workspace/kaldi/egs/timit/s5_la2/data-fmllr-tri3/train/data/feats_fmllr_train.9.ark:8751509
mrso0_sx129 /nfs-share/titouan/workspace/kaldi/egs/timit/s5_la2/data-fmllr-tri3/train/data/feats_fmllr_train.9.ark:8069237
mrfk0_si2336 /nfs-share/titouan/workspace/kaldi/egs/timit/s5_la2/data-fmllr-tri3/train/data/feats_fmllr_train.8.ark:16806362
mcth0_sx129 /nfs-share/titouan/workspace/kaldi/egs/timit/s5_la2/data-fmllr-tri3/train/data/feats_fmllr_train.4.ark:13379530
fsjg0_sx400 /nfs-share/titouan/workspace/kaldi/egs/timit/s5_la2/data-fmllr-tri3/train/data/feats_fmllr_train.3.ark:8756918
msdb0_si2267 /nfs-share/titouan/workspace/kaldi/egs/timit/s5_la2/data-fmllr-tri3/train/data/feats_fmllr_train.9.ark:12616777
fklc1_si1678 /nfs-share/titouan/workspace/kaldi/egs/timit/s5_la2/data-fmllr-tri3/train/data/feats_fmllr_train.2.ark:7782569
mrso0_si2289 /nfs-share/titouan/workspace/kaldi/egs/timit/s5_la2/data-fmllr-tri3/train/data/feats_fmllr_train.9.ark:8022970
mrjm0_sx418 /nfs-share/titouan/workspace/kaldi/egs/timit/s5_la2/data-fmllr-tri3/train/data/feats_fmllr_train.9.ark:1985523
fssb0_sx362 /nfs-share/titouan/workspace/kaldi/egs/timit/s5_la2/data-fmllr-tri3/train/data/feats_fmllr_train.3.ark:13728008
fcrz0_sx433 /nfs-share/titouan/workspace/kaldi/egs/timit/s5_la2/data-fmllr-tri3/train/data/feats_fmllr_train.1.ark:8833428
fscn0_si705 /nfs-share/titouan/workspace/kaldi/egs/timit/s5_la2/data-fmllr-tri3/train/data/feats_fmllr_train.3.ark:6854475
mclm0_si1456 /nfs-share/titouan/workspace/kaldi/egs/timit/s5_la2/data-fmllr-tri3/train/data/feats_fmllr_train.4.ark:11767541
fcmm0_si453 /nfs-share/titouan/workspace/kaldi/egs/timit/s5_la2/data-fmllr-tri3/train/data/feats_fmllr_train.1.ark:8306383
mrld0_sx334 /nfs-share/titouan/workspace/kaldi/egs/timit/s5_la2/data-fmllr-tri3/train/data/feats_fmllr_train.9.ark:3604762
fbch0_si1586 /nfs-share/titouan/workspace/kaldi/egs/timit/s5_la2/data-fmllr-tri3/train/data/feats_fmllr_train.1.ark:2849049
mhrm0_si1475 /nfs-share/titouan/workspace/kaldi/egs/timit/s5_la2/data-fmllr-tri3/train/data/feats_fmllr_train.6.ark:5357928
mdwd0_sx270 /nfs-share/titouan/workspace/kaldi/egs/timit/s5_la2/data-fmllr-tri3/train/data/feats_fmllr_train.5.ark:9770350
mtmt0_si1118 /nfs-share/titouan/workspace/kaldi/egs/timit/s5_la2/data-fmllr-tri3/train/data/feats_fmllr_train.10.ark:8068354
mmxs0_si629 /nfs-share/titouan/workspace/kaldi/egs/timit/s5_la2/data-fmllr-tri3/train/data/feats_fmllr_train.8.ark:4656726
fceg0_si1878 /nfs-share/titouan/workspace/kaldi/egs/timit/s5_la2/data-fmllr-tri3/train/data/feats_fmllr_train.1.ark:6132733
mdcm0_si2110 /nfs-share/titouan/workspace/kaldi/egs/timit/s5_la2/data-fmllr-tri3/train/data/feats_fmllr_train.4.ark:16334330
fsak0_sx310 /nfs-share/titouan/workspace/kaldi/egs/timit/s5_la2/data-fmllr-tri3/train/data/feats_fmllr_train.3.ark:6192042
fgdp0_si1618 /nfs-share/titouan/workspace/kaldi/egs/timit/s5_la2/data-fmllr-tri3/train/data/feats_fmllr_train.1.ark:16604491
makb0_sx116 /nfs-share/titouan/workspace/kaldi/egs/timit/s5_la2/data-fmllr-tri3/train/data/feats_fmllr_train.4.ark:1725126
faem0_sx132 /nfs-share/titouan/workspace/kaldi/egs/timit/s5_la2/data-fmllr-tri3/train/data/feats_fmllr_train.1.ark:155455
mdlm0_sx64 /nfs-share/titouan/workspace/kaldi/egs/timit/s5_la2/data-fmllr-tri3/train/data/feats_fmllr_train.5.ark:4616350
mdlr1_sx399 /nfs-share/titouan/workspace/kaldi/egs/timit/s5_la2/data-fmllr-tri3/train/data/feats_fmllr_train.5.ark:5426384
mjxa0_sx67 /nfs-share/titouan/workspace/kaldi/egs/timit/s5_la2/data-fmllr-tri3/train/data/feats_fmllr_train.7.ark:3561298
mmsm0_sx386 /nfs-share/titouan/workspace/kaldi/egs/timit/s5_la2/data-fmllr-tri3/train/data/feats_fmllr_train.8.ark:2922843
mtlb0_sx144 /nfs-share/titouan/workspace/kaldi/egs/timit/s5_la2/data-fmllr-tri3/train/data/feats_fmllr_train.10.ark:6638447
mhmr0_si1692 /nfs-share/titouan/workspace/kaldi/egs/timit/s5_la2/data-fmllr-tri3/train/data/feats_fmllr_train.6.ark:4998219
mrvg0_si1770 /nfs-share/titouan/workspace/kaldi/egs/timit/s5_la2/data-fmllr-tri3/train/data/feats_fmllr_train.9.ark:9706691
mmeb0_sx367 /nfs-share/titouan/workspace/kaldi/egs/timit/s5_la2/data-fmllr-tri3/train/data/feats_fmllr_train.7.ark:17883676
mwgr0_sx256 /nfs-share/titouan/workspace/kaldi/egs/timit/s5_la2/data-fmllr-tri3/train/data/feats_fmllr_train.10.ark:15854887
mjrg0_si1366 /nfs-share/titouan/workspace/kaldi/egs/timit/s5_la2/data-fmllr-tri3/train/data/feats_fmllr_train.6.ark:17606152
mdlh0_sx340 /nfs-share/titouan/workspace/kaldi/egs/timit/s5_la2/data-fmllr-tri3/train/data/feats_fmllr_train.5.ark:4176880
mwrp0_si2073 /nfs-share/titouan/workspace/kaldi/egs/timit/s5_la2/data-fmllr-tri3/train/data/feats_fmllr_train.10.ark:16526789
fjsp0_si804 /nfs-share/titouan/workspace/kaldi/egs/timit/s5_la2/data-fmllr-tri3/train/data/feats_fmllr_train.2.ark:3748266
fcrz0_si2053 /nfs-share/titouan/workspace/kaldi/egs/timit/s5_la2/data-fmllr-tri3/train/data/feats_fmllr_train.1.ark:8625613
fsjs0_sx451 /nfs-share/titouan/workspace/kaldi/egs/timit/s5_la2/data-fmllr-tri3/train/data/feats_fmllr_train.3.ark:9472846
msms0_si803 /nfs-share/titouan/workspace/kaldi/egs/timit/s5_la2/data-fmllr-tri3/train/data/feats_fmllr_train.9.ark:16707748
mjrk0_sx70 /nfs-share/titouan/workspace/kaldi/egs/timit/s5_la2/data-fmllr-tri3/train/data/feats_fmllr_train.7.ark:1102717
mjbg0_si1724 /nfs-share/titouan/workspace/kaldi/egs/timit/s5_la2/data-fmllr-tri3/train/data/feats_fmllr_train.6.ark:7700374
mkls0_si1533 /nfs-share/titouan/workspace/kaldi/egs/timit/s5_la2/data-fmllr-tri3/train/data/feats_fmllr_train.7.ark:8286997
mkxl0_si1185 /nfs-share/titouan/workspace/kaldi/egs/timit/s5_la2/data-fmllr-tri3/train/data/feats_fmllr_train.7.ark:9755998
mdlm0_si604 /nfs-share/titouan/workspace/kaldi/egs/timit/s5_la2/data-fmllr-tri3/train/data/feats_fmllr_train.5.ark:4389336
msmr0_sx145 /nfs-share/titouan/workspace/kaldi/egs/timit/s5_la2/data-fmllr-tri3/train/data/feats_fmllr_train.9.ark:16386918
mcal0_sx148 /nfs-share/titouan/workspace/kaldi/egs/timit/s5_la2/data-fmllr-tri3/train/data/feats_fmllr_train.4.ark:8728286
mbom0_si1014 /nfs-share/titouan/workspace/kaldi/egs/timit/s5_la2/data-fmllr-tri3/train/data/feats_fmllr_train.4.ark:6679922
fceg0_sx78 /nfs-share/titouan/workspace/kaldi/egs/timit/s5_la2/data-fmllr-tri3/train/data/feats_fmllr_train.1.ark:6367614
mwch0_sx452 /nfs-share/titouan/workspace/kaldi/egs/timit/s5_la2/data-fmllr-tri3/train/data/feats_fmllr_train.10.ark:14769649
mrsp0_si1429 /nfs-share/titouan/workspace/kaldi/egs/timit/s5_la2/data-fmllr-tri3/train/data/feats_fmllr_train.9.ark:8344572
fsgf0_sx297 /nfs-share/titouan/workspace/kaldi/egs/timit/s5_la2/data-fmllr-tri3/train/data/feats_fmllr_train.3.ark:8216994
fdjh0_si935 /nfs-share/titouan/workspace/kaldi/egs/timit/s5_la2/data-fmllr-tri3/train/data/feats_fmllr_train.1.ark:10560487
mdlc1_si2065 /nfs-share/titouan/workspace/kaldi/egs/timit/s5_la2/data-fmllr-tri3/train/data/feats_fmllr_train.5.ark:3270578
fntb0_sx123 /nfs-share/titouan/workspace/kaldi/egs/timit/s5_la2/data-fmllr-tri3/train/data/feats_fmllr_train.3.ark:538071
mjdm0_si1340 /nfs-share/titouan/workspace/kaldi/egs/timit/s5_la2/data-fmllr-tri3/train/data/feats_fmllr_train.6.ark:9616153
mgak0_sx316 /nfs-share/titouan/workspace/kaldi/egs/timit/s5_la2/data-fmllr-tri3/train/data/feats_fmllr_train.5.ark:17209115
flag0_sx114 /nfs-share/titouan/workspace/kaldi/egs/timit/s5_la2/data-fmllr-tri3/train/data/feats_fmllr_train.2.ark:9410372
mrds0_si1167 /nfs-share/titouan/workspace/kaldi/egs/timit/s5_la2/data-fmllr-tri3/train/data/feats_fmllr_train.8.ark:14788261
mjls0_sx286 /nfs-share/titouan/workspace/kaldi/egs/timit/s5_la2/data-fmllr-tri3/train/data/feats_fmllr_train.6.ark:14947617
majp0_si2334 /nfs-share/titouan/workspace/kaldi/egs/timit/s5_la2/data-fmllr-tri3/train/data/feats_fmllr_train.4.ark:1167921
fsgf0_si2187 /nfs-share/titouan/workspace/kaldi/egs/timit/s5_la2/data-fmllr-tri3/train/data/feats_fmllr_train.3.ark:7959420
marw0_sx16 /nfs-share/titouan/workspace/kaldi/egs/timit/s5_la2/data-fmllr-tri3/train/data/feats_fmllr_train.4.ark:3135300
mgag0_sx241 /nfs-share/titouan/workspace/kaldi/egs/timit/s5_la2/data-fmllr-tri3/train/data/feats_fmllr_train.5.ark:16771430
mrsp0_sx196 /nfs-share/titouan/workspace/kaldi/egs/timit/s5_la2/data-fmllr-tri3/train/data/feats_fmllr_train.9.ark:8576361
mrab0_si1854 /nfs-share/titouan/workspace/kaldi/egs/timit/s5_la2/data-fmllr-tri3/train/data/feats_fmllr_train.8.ark:10973476
mrjm1_sx398 /nfs-share/titouan/workspace/kaldi/egs/timit/s5_la2/data-fmllr-tri3/train/data/feats_fmllr_train.9.ark:2440326
fapb0_sx253 /nfs-share/titouan/workspace/kaldi/egs/timit/s5_la2/data-fmllr-tri3/train/data/feats_fmllr_train.1.ark:1818106
medr0_si1374 /nfs-share/titouan/workspace/kaldi/egs/timit/s5_la2/data-fmllr-tri3/train/data/feats_fmllr_train.5.ark:11081030
mdlb0_si1306 /nfs-share/titouan/workspace/kaldi/egs/timit/s5_la2/data-fmllr-tri3/train/data/feats_fmllr_train.5.ark:2319556
mgaw0_sx355 /nfs-share/titouan/workspace/kaldi/egs/timit/s5_la2/data-fmllr-tri3/train/data/feats_fmllr_train.6.ark:650127
mgar0_si1694 /nfs-share/titouan/workspace/kaldi/egs/timit/s5_la2/data-fmllr-tri3/train/data/feats_fmllr_train.6.ark:59241
fmpg0_sx72 /nfs-share/titouan/workspace/kaldi/egs/timit/s5_la2/data-fmllr-tri3/train/data/feats_fmllr_train.2.ark:18382293
fcmg0_sx252 /nfs-share/titouan/workspace/kaldi/egs/timit/s5_la2/data-fmllr-tri3/train/data/feats_fmllr_train.1.ark:7998540
mtlb0_sx234 /nfs-share/titouan/workspace/kaldi/egs/timit/s5_la2/data-fmllr-tri3/train/data/feats_fmllr_train.10.ark:6680074
maeb0_si990 /nfs-share/titouan/workspace/kaldi/egs/timit/s5_la2/data-fmllr-tri3/train/data/feats_fmllr_train.4.ark:105828
mdlc0_si2025 /nfs-share/titouan/workspace/kaldi/egs/timit/s5_la2/data-fmllr-tri3/train/data/feats_fmllr_train.5.ark:2865721
fcjf0_sx127 /nfs-share/titouan/workspace/kaldi/egs/timit/s5_la2/data-fmllr-tri3/train/data/feats_fmllr_train.1.ark:6550764
mntw0_si2328 /nfs-share/titouan/workspace/kaldi/egs/timit/s5_la2/data-fmllr-tri3/train/data/feats_fmllr_train.8.ark:5487266
fleh0_sx421 /nfs-share/titouan/workspace/kaldi/egs/timit/s5_la2/data-fmllr-tri3/train/data/feats_fmllr_train.2.ark:9949231
fklc0_si985 /nfs-share/titouan/workspace/kaldi/egs/timit/s5_la2/data-fmllr-tri3/train/data/feats_fmllr_train.2.ark:7365899
mrjt0_sx238 /nfs-share/titouan/workspace/kaldi/egs/timit/s5_la2/data-fmllr-tri3/train/data/feats_fmllr_train.9.ark:2674063
mcal0_si508 /nfs-share/titouan/workspace/kaldi/egs/timit/s5_la2/data-fmllr-tri3/train/data/feats_fmllr_train.4.ark:8700259
mfxs0_si2225 /nfs-share/titouan/workspace/kaldi/egs/timit/s5_la2/data-fmllr-tri3/train/data/feats_fmllr_train.5.ark:15536937
mdas0_si1266 /nfs-share/titouan/workspace/kaldi/egs/timit/s5_la2/data-fmllr-tri3/train/data/feats_fmllr_train.4.ark:14766236
mjpg0_si1821 /nfs-share/titouan/workspace/kaldi/egs/timit/s5_la2/data-fmllr-tri3/train/data/feats_fmllr_train.6.ark:16147392
mppc0_sx242 /nfs-share/titouan/workspace/kaldi/egs/timit/s5_la2/data-fmllr-tri3/train/data/feats_fmllr_train.8.ark:8736576
fdaw0_si1406 /nfs-share/titouan/workspace/kaldi/egs/timit/s5_la2/data-fmllr-tri3/train/data/feats_fmllr_train.1.ark:9808504
fpls0_sx330 /nfs-share/titouan/workspace/kaldi/egs/timit/s5_la2/data-fmllr-tri3/train/data/feats_fmllr_train.3.ark:3466070
fjsp0_sx354 /nfs-share/titouan/workspace/kaldi/egs/timit/s5_la2/data-fmllr-tri3/train/data/feats_fmllr_train.2.ark:3894747
mrjm0_si1228 /nfs-share/titouan/workspace/kaldi/egs/timit/s5_la2/data-fmllr-tri3/train/data/feats_fmllr_train.9.ark:1734827
mnet0_si2076 /nfs-share/titouan/workspace/kaldi/egs/timit/s5_la2/data-fmllr-tri3/train/data/feats_fmllr_train.8.ark:5047983
mljc0_sx415 /nfs-share/titouan/workspace/kaldi/egs/timit/s5_la2/data-fmllr-tri3/train/data/feats_fmllr_train.7.ark:11238733
fhlm0_sx300 /nfs-share/titouan/workspace/kaldi/egs/timit/s5_la2/data-fmllr-tri3/train/data/feats_fmllr_train.1.ark:18191039
fvkb0_sx79 /nfs-share/titouan/workspace/kaldi/egs/timit/s5_la2/data-fmllr-tri3/train/data/feats_fmllr_train.3.ark:16448939
mfer0_si2122 /nfs-share/titouan/workspace/kaldi/egs/timit/s5_la2/data-fmllr-tri3/train/data/feats_fmllr_train.5.ark:14053828
mctm0_sx180 /nfs-share/titouan/workspace/kaldi/egs/timit/s5_la2/data-fmllr-tri3/train/data/feats_fmllr_train.4.ark:13776707
mdwd0_si1890 /nfs-share/titouan/workspace/kaldi/egs/timit/s5_la2/data-fmllr-tri3/train/data/feats_fmllr_train.5.ark:9647549
mdhl0_si2069 /nfs-share/titouan/workspace/kaldi/egs/timit/s5_la2/data-fmllr-tri3/train/data/feats_fmllr_train.5.ark:877915
mrml0_sx251 /nfs-share/titouan/workspace/kaldi/egs/timit/s5_la2/data-fmllr-tri3/train/data/feats_fmllr_train.9.ark:6504874
mklr0_sx429 /nfs-share/titouan/workspace/kaldi/egs/timit/s5_la2/data-fmllr-tri3/train/data/feats_fmllr_train.7.ark:8115875
fvfb0_si1032 /nfs-share/titouan/workspace/kaldi/egs/timit/s5_la2/data-fmllr-tri3/train/data/feats_fmllr_train.3.ark:15754452
mjwt0_si1381 /nfs-share/titouan/workspace/kaldi/egs/timit/s5_la2/data-fmllr-tri3/train/data/feats_fmllr_train.7.ark:2892920
ftlg0_sx213 /nfs-share/titouan/workspace/kaldi/egs/timit/s5_la2/data-fmllr-tri3/train/data/feats_fmllr_train.3.ark:15217807
mdps0_si1979 /nfs-share/titouan/workspace/kaldi/egs/timit/s5_la2/data-fmllr-tri3/train/data/feats_fmllr_train.5.ark:7443846
msfv0_sx452 /nfs-share/titouan/workspace/kaldi/egs/timit/s5_la2/data-fmllr-tri3/train/data/feats_fmllr_train.9.ark:15297549
mses0_sx419 /nfs-share/titouan/workspace/kaldi/egs/timit/s5_la2/data-fmllr-tri3/train/data/feats_fmllr_train.9.ark:14436955
fpls0_sx60 /nfs-share/titouan/workspace/kaldi/egs/timit/s5_la2/data-fmllr-tri3/train/data/feats_fmllr_train.3.ark:3512016
mtju0_sx310 /nfs-share/titouan/workspace/kaldi/egs/timit/s5_la2/data-fmllr-tri3/train/data/feats_fmllr_train.10.ark:5538490
mtdb0_si1401 /nfs-share/titouan/workspace/kaldi/egs/timit/s5_la2/data-fmllr-tri3/train/data/feats_fmllr_train.10.ark:2828092
mmjb1_sx418 /nfs-share/titouan/workspace/kaldi/egs/timit/s5_la2/data-fmllr-tri3/train/data/feats_fmllr_train.8.ark:1327229
mram0_sx105 /nfs-share/titouan/workspace/kaldi/egs/timit/s5_la2/data-fmllr-tri3/train/data/feats_fmllr_train.8.ark:12294982
mwad0_si1062 /nfs-share/titouan/workspace/kaldi/egs/timit/s5_la2/data-fmllr-tri3/train/data/feats_fmllr_train.10.ark:13878809
flmc0_sx112 /nfs-share/titouan/workspace/kaldi/egs/timit/s5_la2/data-fmllr-tri3/train/data/feats_fmllr_train.2.ark:12959527
mmpm0_si1061 /nfs-share/titouan/workspace/kaldi/egs/timit/s5_la2/data-fmllr-tri3/train/data/feats_fmllr_train.8.ark:1762380
mdlr0_sx63 /nfs-share/titouan/workspace/kaldi/egs/timit/s5_la2/data-fmllr-tri3/train/data/feats_fmllr_train.5.ark:5017047
mhmr0_sx39 /nfs-share/titouan/workspace/kaldi/egs/timit/s5_la2/data-fmllr-tri3/train/data/feats_fmllr_train.6.ark:5277873
fmbg0_si1160 /nfs-share/titouan/workspace/kaldi/egs/timit/s5_la2/data-fmllr-tri3/train/data/feats_fmllr_train.2.ark:14706933
mdns0_si873 /nfs-share/titouan/workspace/kaldi/egs/timit/s5_la2/data-fmllr-tri3/train/data/feats_fmllr_train.5.ark:6392662
mcef0_si842 /nfs-share/titouan/workspace/kaldi/egs/timit/s5_la2/data-fmllr-tri3/train/data/feats_fmllr_train.4.ark:10211847
mgag0_si691 /nfs-share/titouan/workspace/kaldi/egs/timit/s5_la2/data-fmllr-tri3/train/data/feats_fmllr_train.5.ark:16663216
mdbp0_sx348 /nfs-share/titouan/workspace/kaldi/egs/timit/s5_la2/data-fmllr-tri3/train/data/feats_fmllr_train.4.ark:15723764
mjfr0_si975 /nfs-share/titouan/workspace/kaldi/egs/timit/s5_la2/data-fmllr-tri3/train/data/feats_fmllr_train.6.ark:11616813
mkln0_si2228 /nfs-share/titouan/workspace/kaldi/egs/timit/s5_la2/data-fmllr-tri3/train/data/feats_fmllr_train.7.ark:7546882
fsah0_sx434 /nfs-share/titouan/workspace/kaldi/egs/timit/s5_la2/data-fmllr-tri3/train/data/feats_fmllr_train.3.ark:5872972
fdml0_si1779 /nfs-share/titouan/workspace/kaldi/egs/timit/s5_la2/data-fmllr-tri3/train/data/feats_fmllr_train.1.ark:11339295
mcew0_si2072 /nfs-share/titouan/workspace/kaldi/egs/timit/s5_la2/data-fmllr-tri3/train/data/feats_fmllr_train.4.ark:10537957
mmwb0_sx89 /nfs-share/titouan/workspace/kaldi/egs/timit/s5_la2/data-fmllr-tri3/train/data/feats_fmllr_train.8.ark:3890158
mtpg0_si1383 /nfs-share/titouan/workspace/kaldi/egs/timit/s5_la2/data-fmllr-tri3/train/data/feats_fmllr_train.10.ark:8808948
mmpm0_si1691 /nfs-share/titouan/workspace/kaldi/egs/timit/s5_la2/data-fmllr-tri3/train/data/feats_fmllr_train.8.ark:1803688
fsah0_sx164 /nfs-share/titouan/workspace/kaldi/egs/timit/s5_la2/data-fmllr-tri3/train/data/feats_fmllr_train.3.ark:5714171
fmmh0_sx7 /nfs-share/titouan/workspace/kaldi/egs/timit/s5_la2/data-fmllr-tri3/train/data/feats_fmllr_train.2.ark:17844290
fajw0_si1263 /nfs-share/titouan/workspace/kaldi/egs/timit/s5_la2/data-fmllr-tri3/train/data/feats_fmllr_train.1.ark:390310
mapv0_sx213 /nfs-share/titouan/workspace/kaldi/egs/timit/s5_la2/data-fmllr-tri3/train/data/feats_fmllr_train.4.ark:2495827
mjsr0_sx254 /nfs-share/titouan/workspace/kaldi/egs/timit/s5_la2/data-fmllr-tri3/train/data/feats_fmllr_train.7.ark:1744191
fbmj0_sx426 /nfs-share/titouan/workspace/kaldi/egs/timit/s5_la2/data-fmllr-tri3/train/data/feats_fmllr_train.1.ark:4799839
mjwt0_sx301 /nfs-share/titouan/workspace/kaldi/egs/timit/s5_la2/data-fmllr-tri3/train/data/feats_fmllr_train.7.ark:3115908
mhit0_si2243 /nfs-share/titouan/workspace/kaldi/egs/timit/s5_la2/data-fmllr-tri3/train/data/feats_fmllr_train.6.ark:3961087
fsbk0_sx169 /nfs-share/titouan/workspace/kaldi/egs/timit/s5_la2/data-fmllr-tri3/train/data/feats_fmllr_train.3.ark:6455886
mklr0_sx339 /nfs-share/titouan/workspace/kaldi/egs/timit/s5_la2/data-fmllr-tri3/train/data/feats_fmllr_train.7.ark:8074728
fjdm2_si1964 /nfs-share/titouan/workspace/kaldi/egs/timit/s5_la2/data-fmllr-tri3/train/data/feats_fmllr_train.2.ark:42601
fcrz0_sx73 /nfs-share/titouan/workspace/kaldi/egs/timit/s5_la2/data-fmllr-tri3/train/data/feats_fmllr_train.1.ark:8883854
mkln0_sx68 /nfs-share/titouan/workspace/kaldi/egs/timit/s5_la2/data-fmllr-tri3/train/data/feats_fmllr_train.7.ark:7820963
fnkl0_sx172 /nfs-share/titouan/workspace/kaldi/egs/timit/s5_la2/data-fmllr-tri3/train/data/feats_fmllr_train.3.ark:156095
mrhl0_sx435 /nfs-share/titouan/workspace/kaldi/egs/timit/s5_la2/data-fmllr-tri3/train/data/feats_fmllr_train.9.ark:692871
mmlm0_si1527 /nfs-share/titouan/workspace/kaldi/egs/timit/s5_la2/data-fmllr-tri3/train/data/feats_fmllr_train.8.ark:1439763
mctm0_sx450 /nfs-share/titouan/workspace/kaldi/egs/timit/s5_la2/data-fmllr-tri3/train/data/feats_fmllr_train.4.ark:13904948
fecd0_si2048 /nfs-share/titouan/workspace/kaldi/egs/timit/s5_la2/data-fmllr-tri3/train/data/feats_fmllr_train.1.ark:14225136
mrfl0_si526 /nfs-share/titouan/workspace/kaldi/egs/timit/s5_la2/data-fmllr-tri3/train/data/feats_fmllr_train.8.ark:17160499
fmjb0_sx367 /nfs-share/titouan/workspace/kaldi/egs/timit/s5_la2/data-fmllr-tri3/train/data/feats_fmllr_train.2.ark:15778703
mvrw0_si855 /nfs-share/titouan/workspace/kaldi/egs/timit/s5_la2/data-fmllr-tri3/train/data/feats_fmllr_train.10.ark:13176350
mmxs0_sx246 /nfs-share/titouan/workspace/kaldi/egs/timit/s5_la2/data-fmllr-tri3/train/data/feats_fmllr_train.8.ark:4793767
mcdd0_sx343 /nfs-share/titouan/workspace/kaldi/egs/timit/s5_la2/data-fmllr-tri3/train/data/feats_fmllr_train.4.ark:9550694
fear0_sx82 /nfs-share/titouan/workspace/kaldi/egs/timit/s5_la2/data-fmllr-tri3/train/data/feats_fmllr_train.1.ark:14089720
mdef0_si1563 /nfs-share/titouan/workspace/kaldi/egs/timit/s5_la2/data-fmllr-tri3/train/data/feats_fmllr_train.5.ark:78761
mrjb1_si1413 /nfs-share/titouan/workspace/kaldi/egs/timit/s5_la2/data-fmllr-tri3/train/data/feats_fmllr_train.9.ark:841273
flma0_sx163 /nfs-share/titouan/workspace/kaldi/egs/timit/s5_la2/data-fmllr-tri3/train/data/feats_fmllr_train.2.ark:12620910
mtab0_si942 /nfs-share/titouan/workspace/kaldi/egs/timit/s5_la2/data-fmllr-tri3/train/data/feats_fmllr_train.10.ark:606205
frll0_si884 /nfs-share/titouan/workspace/kaldi/egs/timit/s5_la2/data-fmllr-tri3/train/data/feats_fmllr_train.3.ark:4818030
fmjb0_sx187 /nfs-share/titouan/workspace/kaldi/egs/timit/s5_la2/data-fmllr-tri3/train/data/feats_fmllr_train.2.ark:15715129
mdcm0_sx40 /nfs-share/titouan/workspace/kaldi/egs/timit/s5_la2/data-fmllr-tri3/train/data/feats_fmllr_train.4.ark:16562304
mhxl0_si612 /nfs-share/titouan/workspace/kaldi/egs/timit/s5_la2/data-fmllr-tri3/train/data/feats_fmllr_train.6.ark:5812439
flag0_sx204 /nfs-share/titouan/workspace/kaldi/egs/timit/s5_la2/data-fmllr-tri3/train/data/feats_fmllr_train.2.ark:9459359
msfv0_sx362 /nfs-share/titouan/workspace/kaldi/egs/timit/s5_la2/data-fmllr-tri3/train/data/feats_fmllr_train.9.ark:15240242
fsah0_sx344 /nfs-share/titouan/workspace/kaldi/egs/timit/s5_la2/data-fmllr-tri3/train/data/feats_fmllr_train.3.ark:5840465
mbjv0_sx257 /nfs-share/titouan/workspace/kaldi/egs/timit/s5_la2/data-fmllr-tri3/train/data/feats_fmllr_train.4.ark:5381723
mtpp0_sx428 /nfs-share/titouan/workspace/kaldi/egs/timit/s5_la2/data-fmllr-tri3/train/data/feats_fmllr_train.10.ark:9427408
mrbc0_sx419 /nfs-share/titouan/workspace/kaldi/egs/timit/s5_la2/data-fmllr-tri3/train/data/feats_fmllr_train.8.ark:13145738
fsjk1_si1025 /nfs-share/titouan/workspace/kaldi/egs/timit/s5_la2/data-fmllr-tri3/train/data/feats_fmllr_train.3.ark:8826386
mtat0_sx300 /nfs-share/titouan/workspace/kaldi/egs/timit/s5_la2/data-fmllr-tri3/train/data/feats_fmllr_train.10.ark:1542586
fmmh0_si907 /nfs-share/titouan/workspace/kaldi/egs/timit/s5_la2/data-fmllr-tri3/train/data/feats_fmllr_train.2.ark:17652344
mefg0_si491 /nfs-share/titouan/workspace/kaldi/egs/timit/s5_la2/data-fmllr-tri3/train/data/feats_fmllr_train.5.ark:11461913
mapv0_sx33 /nfs-share/titouan/workspace/kaldi/egs/timit/s5_la2/data-fmllr-tri3/train/data/feats_fmllr_train.4.ark:2582760
fbch0_si956 /nfs-share/titouan/workspace/kaldi/egs/timit/s5_la2/data-fmllr-tri3/train/data/feats_fmllr_train.1.ark:2909236
mrgs0_sx366 /nfs-share/titouan/workspace/kaldi/egs/timit/s5_la2/data-fmllr-tri3/train/data/feats_fmllr_train.9.ark:257589
mfrm0_si1155 /nfs-share/titouan/workspace/kaldi/egs/timit/s5_la2/data-fmllr-tri3/train/data/feats_fmllr_train.5.ark:14756634
mvrw0_si2115 /nfs-share/titouan/workspace/kaldi/egs/timit/s5_la2/data-fmllr-tri3/train/data/feats_fmllr_train.10.ark:13157123
mmws0_si888 /nfs-share/titouan/workspace/kaldi/egs/timit/s5_la2/data-fmllr-tri3/train/data/feats_fmllr_train.8.ark:4022400
fvfb0_si1510 /nfs-share/titouan/workspace/kaldi/egs/timit/s5_la2/data-fmllr-tri3/train/data/feats_fmllr_train.3.ark:15799280
mgar0_sx402 /nfs-share/titouan/workspace/kaldi/egs/timit/s5_la2/data-fmllr-tri3/train/data/feats_fmllr_train.6.ark:299057
fpaf0_sx334 /nfs-share/titouan/workspace/kaldi/egs/timit/s5_la2/data-fmllr-tri3/train/data/feats_fmllr_train.3.ark:2290994
mrjm1_sx308 /nfs-share/titouan/workspace/kaldi/egs/timit/s5_la2/data-fmllr-tri3/train/data/feats_fmllr_train.9.ark:2338993
mklw0_si1571 /nfs-share/titouan/workspace/kaldi/egs/timit/s5_la2/data-fmllr-tri3/train/data/feats_fmllr_train.7.ark:8990444
mrgm0_sx82 /nfs-share/titouan/workspace/kaldi/egs/timit/s5_la2/data-fmllr-tri3/train/data/feats_fmllr_train.8.ark:17914130
mgag0_sx331 /nfs-share/titouan/workspace/kaldi/egs/timit/s5_la2/data-fmllr-tri3/train/data/feats_fmllr_train.5.ark:16805697
mter0_sx77 /nfs-share/titouan/workspace/kaldi/egs/timit/s5_la2/data-fmllr-tri3/train/data/feats_fmllr_train.10.ark:4043115
mmrp0_si774 /nfs-share/titouan/workspace/kaldi/egs/timit/s5_la2/data-fmllr-tri3/train/data/feats_fmllr_train.8.ark:2216732
fsjg0_si940 /nfs-share/titouan/workspace/kaldi/egs/timit/s5_la2/data-fmllr-tri3/train/data/feats_fmllr_train.3.ark:8408304
mrdm0_si965 /nfs-share/titouan/workspace/kaldi/egs/timit/s5_la2/data-fmllr-tri3/train/data/feats_fmllr_train.8.ark:14517059
mbef0_sx21 /nfs-share/titouan/workspace/kaldi/egs/timit/s5_la2/data-fmllr-tri3/train/data/feats_fmllr_train.4.ark:4694275
msmr0_si1405 /nfs-share/titouan/workspace/kaldi/egs/timit/s5_la2/data-fmllr-tri3/train/data/feats_fmllr_train.9.ark:16303664
mhrm0_sx58 /nfs-share/titouan/workspace/kaldi/egs/timit/s5_la2/data-fmllr-tri3/train/data/feats_fmllr_train.6.ark:5670117
fcke0_sx301 /nfs-share/titouan/workspace/kaldi/egs/timit/s5_la2/data-fmllr-tri3/train/data/feats_fmllr_train.1.ark:7306132
mhrm0_sx148 /nfs-share/titouan/workspace/kaldi/egs/timit/s5_la2/data-fmllr-tri3/train/data/feats_fmllr_train.6.ark:5479290
mabc0_sx61 /nfs-share/titouan/workspace/kaldi/egs/timit/s5_la2/data-fmllr-tri3/train/data/feats_fmllr_train.3.ark:17136413
mkes0_si623 /nfs-share/titouan/workspace/kaldi/egs/timit/s5_la2/data-fmllr-tri3/train/data/feats_fmllr_train.7.ark:6838155
mpmb0_si2131 /nfs-share/titouan/workspace/kaldi/egs/timit/s5_la2/data-fmllr-tri3/train/data/feats_fmllr_train.8.ark:7992278
mmea0_sx398 /nfs-share/titouan/workspace/kaldi/egs/timit/s5_la2/data-fmllr-tri3/train/data/feats_fmllr_train.7.ark:17610552
mrjm0_sx58 /nfs-share/titouan/workspace/kaldi/egs/timit/s5_la2/data-fmllr-tri3/train/data/feats_fmllr_train.9.ark:2037869
mjpm1_si1897 /nfs-share/titouan/workspace/kaldi/egs/timit/s5_la2/data-fmllr-tri3/train/data/feats_fmllr_train.6.ark:16841558
mtbc0_si1803 /nfs-share/titouan/workspace/kaldi/egs/timit/s5_la2/data-fmllr-tri3/train/data/feats_fmllr_train.10.ark:2089446
majp0_sx354 /nfs-share/titouan/workspace/kaldi/egs/timit/s5_la2/data-fmllr-tri3/train/data/feats_fmllr_train.4.ark:1339682
mwsh0_si796 /nfs-share/titouan/workspace/kaldi/egs/timit/s5_la2/data-fmllr-tri3/train/data/feats_fmllr_train.10.ark:17245139
mbef0_sx111 /nfs-share/titouan/workspace/kaldi/egs/timit/s5_la2/data-fmllr-tri3/train/data/feats_fmllr_train.4.ark:4623662
madd0_si1798 /nfs-share/titouan/workspace/kaldi/egs/timit/s5_la2/data-fmllr-tri3/train/data/feats_fmllr_train.3.ark:17620686
fgcs0_si856 /nfs-share/titouan/workspace/kaldi/egs/timit/s5_la2/data-fmllr-tri3/train/data/feats_fmllr_train.1.ark:16336009
ftbw0_sx265 /nfs-share/titouan/workspace/kaldi/egs/timit/s5_la2/data-fmllr-tri3/train/data/feats_fmllr_train.3.ark:14809911
fjhk0_sx32 /nfs-share/titouan/workspace/kaldi/egs/timit/s5_la2/data-fmllr-tri3/train/data/feats_fmllr_train.2.ark:1161092
ftbr0_sx111 /nfs-share/titouan/workspace/kaldi/egs/timit/s5_la2/data-fmllr-tri3/train/data/feats_fmllr_train.3.ark:14390147
mmxs0_si2136 /nfs-share/titouan/workspace/kaldi/egs/timit/s5_la2/data-fmllr-tri3/train/data/feats_fmllr_train.8.ark:4612859
mdac0_si631 /nfs-share/titouan/workspace/kaldi/egs/timit/s5_la2/data-fmllr-tri3/train/data/feats_fmllr_train.4.ark:14444154
mhmg0_si1365 /nfs-share/titouan/workspace/kaldi/egs/timit/s5_la2/data-fmllr-tri3/train/data/feats_fmllr_train.6.ark:4606454
mfwk0_si619 /nfs-share/titouan/workspace/kaldi/egs/timit/s5_la2/data-fmllr-tri3/train/data/feats_fmllr_train.5.ark:15202187
mgaw0_sx445 /nfs-share/titouan/workspace/kaldi/egs/timit/s5_la2/data-fmllr-tri3/train/data/feats_fmllr_train.6.ark:682954
msfh0_si1738 /nfs-share/titouan/workspace/kaldi/egs/timit/s5_la2/data-fmllr-tri3/train/data/feats_fmllr_train.9.ark:14556237
mjsr0_sx344 /nfs-share/titouan/workspace/kaldi/egs/timit/s5_la2/data-fmllr-tri3/train/data/feats_fmllr_train.7.ark:1792698
mlsh0_sx157 /nfs-share/titouan/workspace/kaldi/egs/timit/s5_la2/data-fmllr-tri3/train/data/feats_fmllr_train.7.ark:12338183
mjlg1_si1642 /nfs-share/titouan/workspace/kaldi/egs/timit/s5_la2/data-fmllr-tri3/train/data/feats_fmllr_train.6.ark:14346145
mljh0_sx334 /nfs-share/titouan/workspace/kaldi/egs/timit/s5_la2/data-fmllr-tri3/train/data/feats_fmllr_train.7.ark:11677003
fkkh0_si1290 /nfs-share/titouan/workspace/kaldi/egs/timit/s5_la2/data-fmllr-tri3/train/data/feats_fmllr_train.2.ark:6890107
msdh0_sx350 /nfs-share/titouan/workspace/kaldi/egs/timit/s5_la2/data-fmllr-tri3/train/data/feats_fmllr_train.9.ark:13033875
msrg0_si1221 /nfs-share/titouan/workspace/kaldi/egs/timit/s5_la2/data-fmllr-tri3/train/data/feats_fmllr_train.9.ark:16984710
msms0_sx173 /nfs-share/titouan/workspace/kaldi/egs/timit/s5_la2/data-fmllr-tri3/train/data/feats_fmllr_train.9.ark:16761855
mdhs0_si2160 /nfs-share/titouan/workspace/kaldi/egs/timit/s5_la2/data-fmllr-tri3/train/data/feats_fmllr_train.5.ark:1248692
fdjh0_si2195 /nfs-share/titouan/workspace/kaldi/egs/timit/s5_la2/data-fmllr-tri3/train/data/feats_fmllr_train.1.ark:10510860
makb0_sx26 /nfs-share/titouan/workspace/kaldi/egs/timit/s5_la2/data-fmllr-tri3/train/data/feats_fmllr_train.4.ark:1835579
fcke0_sx211 /nfs-share/titouan/workspace/kaldi/egs/timit/s5_la2/data-fmllr-tri3/train/data/feats_fmllr_train.1.ark:7264665
mafm0_si939 /nfs-share/titouan/workspace/kaldi/egs/timit/s5_la2/data-fmllr-tri3/train/data/feats_fmllr_train.4.ark:787543
mfer0_sx322 /nfs-share/titouan/workspace/kaldi/egs/timit/s5_la2/data-fmllr-tri3/train/data/feats_fmllr_train.5.ark:14236496
mmlm0_sx267 /nfs-share/titouan/workspace/kaldi/egs/timit/s5_la2/data-fmllr-tri3/train/data/feats_fmllr_train.8.ark:1594432
mgxp0_si457 /nfs-share/titouan/workspace/kaldi/egs/timit/s5_la2/data-fmllr-tri3/train/data/feats_fmllr_train.6.ark:3218895
fsgf0_si1557 /nfs-share/titouan/workspace/kaldi/egs/timit/s5_la2/data-fmllr-tri3/train/data/feats_fmllr_train.3.ark:7913792
flkm0_si686 /nfs-share/titouan/workspace/kaldi/egs/timit/s5_la2/data-fmllr-tri3/train/data/feats_fmllr_train.2.ark:12179546
mtrt0_sx417 /nfs-share/titouan/workspace/kaldi/egs/timit/s5_la2/data-fmllr-tri3/train/data/feats_fmllr_train.10.ark:11464172
mejs0_sx160 /nfs-share/titouan/workspace/kaldi/egs/timit/s5_la2/data-fmllr-tri3/train/data/feats_fmllr_train.5.ark:12749336
mjpg0_si561 /nfs-share/titouan/workspace/kaldi/egs/timit/s5_la2/data-fmllr-tri3/train/data/feats_fmllr_train.6.ark:16212219
msem1_sx450 /nfs-share/titouan/workspace/kaldi/egs/timit/s5_la2/data-fmllr-tri3/train/data/feats_fmllr_train.9.ark:14056257
mtkp0_sx33 /nfs-share/titouan/workspace/kaldi/egs/timit/s5_la2/data-fmllr-tri3/train/data/feats_fmllr_train.10.ark:6419910
mtat1_sx59 /nfs-share/titouan/workspace/kaldi/egs/timit/s5_la2/data-fmllr-tri3/train/data/feats_fmllr_train.10.ark:2030190
mtmn0_sx434 /nfs-share/titouan/workspace/kaldi/egs/timit/s5_la2/data-fmllr-tri3/train/data/feats_fmllr_train.10.ark:7982700
fskc0_sx246 /nfs-share/titouan/workspace/kaldi/egs/timit/s5_la2/data-fmllr-tri3/train/data/feats_fmllr_train.3.ark:10161386
mkag0_si979 /nfs-share/titouan/workspace/kaldi/egs/timit/s5_la2/data-fmllr-tri3/train/data/feats_fmllr_train.7.ark:4114238
fmjb0_si547 /nfs-share/titouan/workspace/kaldi/egs/timit/s5_la2/data-fmllr-tri3/train/data/feats_fmllr_train.2.ark:15659262
fjdm2_sx52 /nfs-share/titouan/workspace/kaldi/egs/timit/s5_la2/data-fmllr-tri3/train/data/feats_fmllr_train.2.ark:366123
mklw0_si1844 /nfs-share/titouan/workspace/kaldi/egs/timit/s5_la2/data-fmllr-tri3/train/data/feats_fmllr_train.7.ark:9072552
fpmy0_si1783 /nfs-share/titouan/workspace/kaldi/egs/timit/s5_la2/data-fmllr-tri3/train/data/feats_fmllr_train.3.ark:3639272
maeo0_si1655 /nfs-share/titouan/workspace/kaldi/egs/timit/s5_la2/data-fmllr-tri3/train/data/feats_fmllr_train.4.ark:435138
mbbr0_si2315 /nfs-share/titouan/workspace/kaldi/egs/timit/s5_la2/data-fmllr-tri3/train/data/feats_fmllr_train.4.ark:3863842
fecd0_sx68 /nfs-share/titouan/workspace/kaldi/egs/timit/s5_la2/data-fmllr-tri3/train/data/feats_fmllr_train.1.ark:14549297
mkls0_sx177 /nfs-share/titouan/workspace/kaldi/egs/timit/s5_la2/data-fmllr-tri3/train/data/feats_fmllr_train.7.ark:8385452
mrjb1_sx210 /nfs-share/titouan/workspace/kaldi/egs/timit/s5_la2/data-fmllr-tri3/train/data/feats_fmllr_train.9.ark:1064075
mkdt0_sx173 /nfs-share/titouan/workspace/kaldi/egs/timit/s5_la2/data-fmllr-tri3/train/data/feats_fmllr_train.7.ark:6480045
mkaj0_sx244 /nfs-share/titouan/workspace/kaldi/egs/timit/s5_la2/data-fmllr-tri3/train/data/feats_fmllr_train.7.ark:4986725
mgxp0_sx367 /nfs-share/titouan/workspace/kaldi/egs/timit/s5_la2/data-fmllr-tri3/train/data/feats_fmllr_train.6.ark:3421083
flma0_si1243 /nfs-share/titouan/workspace/kaldi/egs/timit/s5_la2/data-fmllr-tri3/train/data/feats_fmllr_train.2.ark:12481788
mtmn0_si1064 /nfs-share/titouan/workspace/kaldi/egs/timit/s5_la2/data-fmllr-tri3/train/data/feats_fmllr_train.10.ark:7653097
mewm0_sx358 /nfs-share/titouan/workspace/kaldi/egs/timit/s5_la2/data-fmllr-tri3/train/data/feats_fmllr_train.5.ark:13903319
msat1_si2333 /nfs-share/titouan/workspace/kaldi/egs/timit/s5_la2/data-fmllr-tri3/train/data/feats_fmllr_train.9.ark:12250319
fbcg1_sx352 /nfs-share/titouan/workspace/kaldi/egs/timit/s5_la2/data-fmllr-tri3/train/data/feats_fmllr_train.1.ark:2681928
mses0_si1589 /nfs-share/titouan/workspace/kaldi/egs/timit/s5_la2/data-fmllr-tri3/train/data/feats_fmllr_train.9.ark:14166391
mmag0_sx226 /nfs-share/titouan/workspace/kaldi/egs/timit/s5_la2/data-fmllr-tri3/train/data/feats_fmllr_train.7.ark:13649101
mpgh0_sx204 /nfs-share/titouan/workspace/kaldi/egs/timit/s5_la2/data-fmllr-tri3/train/data/feats_fmllr_train.8.ark:7021947
mjai0_sx164 /nfs-share/titouan/workspace/kaldi/egs/timit/s5_la2/data-fmllr-tri3/train/data/feats_fmllr_train.6.ark:7453971
mljh0_sx244 /nfs-share/titouan/workspace/kaldi/egs/timit/s5_la2/data-fmllr-tri3/train/data/feats_fmllr_train.7.ark:11610896
msrg0_sx321 /nfs-share/titouan/workspace/kaldi/egs/timit/s5_la2/data-fmllr-tri3/train/data/feats_fmllr_train.9.ark:17204366
mvjh0_si1556 /nfs-share/titouan/workspace/kaldi/egs/timit/s5_la2/data-fmllr-tri3/train/data/feats_fmllr_train.10.ark:12337941
faem0_si1392 /nfs-share/titouan/workspace/kaldi/egs/timit/s5_la2/data-fmllr-tri3/train/data/feats_fmllr_train.1.ark:13
msdb0_si1007 /nfs-share/titouan/workspace/kaldi/egs/timit/s5_la2/data-fmllr-tri3/train/data/feats_fmllr_train.9.ark:12525841
mjrk0_sx340 /nfs-share/titouan/workspace/kaldi/egs/timit/s5_la2/data-fmllr-tri3/train/data/feats_fmllr_train.7.ark:996424
mabc0_si2041 /nfs-share/titouan/workspace/kaldi/egs/timit/s5_la2/data-fmllr-tri3/train/data/feats_fmllr_train.3.ark:16875292
fmmh0_sx97 /nfs-share/titouan/workspace/kaldi/egs/timit/s5_la2/data-fmllr-tri3/train/data/feats_fmllr_train.2.ark:17889436
marc0_sx288 /nfs-share/titouan/workspace/kaldi/egs/timit/s5_la2/data-fmllr-tri3/train/data/feats_fmllr_train.4.ark:2883617
mrdd0_si1680 /nfs-share/titouan/workspace/kaldi/egs/timit/s5_la2/data-fmllr-tri3/train/data/feats_fmllr_train.8.ark:14108974
mdss0_sx171 /nfs-share/titouan/workspace/kaldi/egs/timit/s5_la2/data-fmllr-tri3/train/data/feats_fmllr_train.5.ark:8701511
mmpm0_sx161 /nfs-share/titouan/workspace/kaldi/egs/timit/s5_la2/data-fmllr-tri3/train/data/feats_fmllr_train.8.ark:1889983
mdas0_sx96 /nfs-share/titouan/workspace/kaldi/egs/timit/s5_la2/data-fmllr-tri3/train/data/feats_fmllr_train.4.ark:15076022
mhbs0_si1575 /nfs-share/titouan/workspace/kaldi/egs/timit/s5_la2/data-fmllr-tri3/train/data/feats_fmllr_train.6.ark:3565802
mkes0_si1253 /nfs-share/titouan/workspace/kaldi/egs/timit/s5_la2/data-fmllr-tri3/train/data/feats_fmllr_train.7.ark:6725940
fceg0_sx438 /nfs-share/titouan/workspace/kaldi/egs/timit/s5_la2/data-fmllr-tri3/train/data/feats_fmllr_train.1.ark:6311908
mkaj0_sx424 /nfs-share/titouan/workspace/kaldi/egs/timit/s5_la2/data-fmllr-tri3/train/data/feats_fmllr_train.7.ark:5067259
mbar0_sx419 /nfs-share/titouan/workspace/kaldi/egs/timit/s5_la2/data-fmllr-tri3/train/data/feats_fmllr_train.4.ark:3675572
mcdr0_sx254 /nfs-share/titouan/workspace/kaldi/egs/timit/s5_la2/data-fmllr-tri3/train/data/feats_fmllr_train.4.ark:9968324
mfxv0_si1005 /nfs-share/titouan/workspace/kaldi/egs/timit/s5_la2/data-fmllr-tri3/train/data/feats_fmllr_train.5.ark:15867527
mrdd0_sx330 /nfs-share/titouan/workspace/kaldi/egs/timit/s5_la2/data-fmllr-tri3/train/data/feats_fmllr_train.8.ark:14306870
mwsb0_sx96 /nfs-share/titouan/workspace/kaldi/egs/timit/s5_la2/data-fmllr-tri3/train/data/feats_fmllr_train.10.ark:17095456
mmxs0_si876 /nfs-share/titouan/workspace/kaldi/egs/timit/s5_la2/data-fmllr-tri3/train/data/feats_fmllr_train.8.ark:4715153
fdkn0_si1202 /nfs-share/titouan/workspace/kaldi/egs/timit/s5_la2/data-fmllr-tri3/train/data/feats_fmllr_train.1.ark:10885957
mjpm0_sx378 /nfs-share/titouan/workspace/kaldi/egs/timit/s5_la2/data-fmllr-tri3/train/data/feats_fmllr_train.6.ark:16792730
mfxs0_si1674 /nfs-share/titouan/workspace/kaldi/egs/timit/s5_la2/data-fmllr-tri3/train/data/feats_fmllr_train.5.ark:15497229
fmpg0_si972 /nfs-share/titouan/workspace/kaldi/egs/timit/s5_la2/data-fmllr-tri3/train/data/feats_fmllr_train.2.ark:18029999
mses0_sx329 /nfs-share/titouan/workspace/kaldi/egs/timit/s5_la2/data-fmllr-tri3/train/data/feats_fmllr_train.9.ark:14387168
mafm0_si1569 /nfs-share/titouan/workspace/kaldi/egs/timit/s5_la2/data-fmllr-tri3/train/data/feats_fmllr_train.4.ark:746368
mwch0_si1622 /nfs-share/titouan/workspace/kaldi/egs/timit/s5_la2/data-fmllr-tri3/train/data/feats_fmllr_train.10.ark:14541165
fnkl0_si892 /nfs-share/titouan/workspace/kaldi/egs/timit/s5_la2/data-fmllr-tri3/train/data/feats_fmllr_train.3.ark:81348
fsah0_si614 /nfs-share/titouan/workspace/kaldi/egs/timit/s5_la2/data-fmllr-tri3/train/data/feats_fmllr_train.3.ark:5639584
mrkm0_sx277 /nfs-share/titouan/workspace/kaldi/egs/timit/s5_la2/data-fmllr-tri3/train/data/feats_fmllr_train.9.ark:3168200
fjrp1_si2062 /nfs-share/titouan/workspace/kaldi/egs/timit/s5_la2/data-fmllr-tri3/train/data/feats_fmllr_train.2.ark:2870684
fmjf0_si1884 /nfs-share/titouan/workspace/kaldi/egs/timit/s5_la2/data-fmllr-tri3/train/data/feats_fmllr_train.2.ark:15956250
mdlr0_sx333 /nfs-share/titouan/workspace/kaldi/egs/timit/s5_la2/data-fmllr-tri3/train/data/feats_fmllr_train.5.ark:4893634
mtat1_sx239 /nfs-share/titouan/workspace/kaldi/egs/timit/s5_la2/data-fmllr-tri3/train/data/feats_fmllr_train.10.ark:1840190
fetb0_sx158 /nfs-share/titouan/workspace/kaldi/egs/timit/s5_la2/data-fmllr-tri3/train/data/feats_fmllr_train.1.ark:15569361
mwdk0_sx446 /nfs-share/titouan/workspace/kaldi/egs/timit/s5_la2/data-fmllr-tri3/train/data/feats_fmllr_train.10.ark:15165386
fpjf0_si1259 /nfs-share/titouan/workspace/kaldi/egs/timit/s5_la2/data-fmllr-tri3/train/data/feats_fmllr_train.3.ark:2873239
msjk0_sx246 /nfs-share/titouan/workspace/kaldi/egs/timit/s5_la2/data-fmllr-tri3/train/data/feats_fmllr_train.9.ark:15623312
fspm0_si1241 /nfs-share/titouan/workspace/kaldi/egs/timit/s5_la2/data-fmllr-tri3/train/data/feats_fmllr_train.3.ark:12696077
mrms0_sx30 /nfs-share/titouan/workspace/kaldi/egs/timit/s5_la2/data-fmllr-tri3/train/data/feats_fmllr_train.9.ark:6989598
mmea0_si1388 /nfs-share/titouan/workspace/kaldi/egs/timit/s5_la2/data-fmllr-tri3/train/data/feats_fmllr_train.7.ark:17323963
mjae0_si2154 /nfs-share/titouan/workspace/kaldi/egs/timit/s5_la2/data-fmllr-tri3/train/data/feats_fmllr_train.6.ark:6947808
mmdm1_si783 /nfs-share/titouan/workspace/kaldi/egs/timit/s5_la2/data-fmllr-tri3/train/data/feats_fmllr_train.7.ark:16685824
mtat0_si1740 /nfs-share/titouan/workspace/kaldi/egs/timit/s5_la2/data-fmllr-tri3/train/data/feats_fmllr_train.10.ark:1314132
ftlg0_sx303 /nfs-share/titouan/workspace/kaldi/egs/timit/s5_la2/data-fmllr-tri3/train/data/feats_fmllr_train.3.ark:15263434
mgaw0_sx265 /nfs-share/titouan/workspace/kaldi/egs/timit/s5_la2/data-fmllr-tri3/train/data/feats_fmllr_train.6.ark:605940
fdml0_si1149 /nfs-share/titouan/workspace/kaldi/egs/timit/s5_la2/data-fmllr-tri3/train/data/feats_fmllr_train.1.ark:11281667
mrmh0_sx31 /nfs-share/titouan/workspace/kaldi/egs/timit/s5_la2/data-fmllr-tri3/train/data/feats_fmllr_train.9.ark:6190790
mmgg0_sx359 /nfs-share/titouan/workspace/kaldi/egs/timit/s5_la2/data-fmllr-tri3/train/data/feats_fmllr_train.8.ark:579888
msmr0_si775 /nfs-share/titouan/workspace/kaldi/egs/timit/s5_la2/data-fmllr-tri3/train/data/feats_fmllr_train.9.ark:16346251
fcaj0_si1804 /nfs-share/titouan/workspace/kaldi/egs/timit/s5_la2/data-fmllr-tri3/train/data/feats_fmllr_train.1.ark:5264459
mkdd0_sx217 /nfs-share/titouan/workspace/kaldi/egs/timit/s5_la2/data-fmllr-tri3/train/data/feats_fmllr_train.7.ark:6173456
fbas0_sx37 /nfs-share/titouan/workspace/kaldi/egs/timit/s5_la2/data-fmllr-tri3/train/data/feats_fmllr_train.1.ark:2373097
mppc0_sx422 /nfs-share/titouan/workspace/kaldi/egs/timit/s5_la2/data-fmllr-tri3/train/data/feats_fmllr_train.8.ark:8830550
mrmb0_sx411 /nfs-share/titouan/workspace/kaldi/egs/timit/s5_la2/data-fmllr-tri3/train/data/feats_fmllr_train.9.ark:5424435
mtjm0_sx416 /nfs-share/titouan/workspace/kaldi/egs/timit/s5_la2/data-fmllr-tri3/train/data/feats_fmllr_train.10.ark:4765123
mrcg0_sx348 /nfs-share/titouan/workspace/kaldi/egs/timit/s5_la2/data-fmllr-tri3/train/data/feats_fmllr_train.8.ark:13506408
ftlg0_si840 /nfs-share/titouan/workspace/kaldi/egs/timit/s5_la2/data-fmllr-tri3/train/data/feats_fmllr_train.3.ark:15123033
falk0_sx96 /nfs-share/titouan/workspace/kaldi/egs/timit/s5_la2/data-fmllr-tri3/train/data/feats_fmllr_train.1.ark:1160151
mjxa0_sx157 /nfs-share/titouan/workspace/kaldi/egs/timit/s5_la2/data-fmllr-tri3/train/data/feats_fmllr_train.7.ark:3392071
mchl0_si1404 /nfs-share/titouan/workspace/kaldi/egs/timit/s5_la2/data-fmllr-tri3/train/data/feats_fmllr_train.4.ark:11056734
fjwb1_sx345 /nfs-share/titouan/workspace/kaldi/egs/timit/s5_la2/data-fmllr-tri3/train/data/feats_fmllr_train.2.ark:4268083
fsmm0_si684 /nfs-share/titouan/workspace/kaldi/egs/timit/s5_la2/data-fmllr-tri3/train/data/feats_fmllr_train.3.ark:11981298
mdrd0_sx122 /nfs-share/titouan/workspace/kaldi/egs/timit/s5_la2/data-fmllr-tri3/train/data/feats_fmllr_train.5.ark:7938197
falk0_sx276 /nfs-share/titouan/workspace/kaldi/egs/timit/s5_la2/data-fmllr-tri3/train/data/feats_fmllr_train.1.ark:1022473
fjwb1_sx75 /nfs-share/titouan/workspace/kaldi/egs/timit/s5_la2/data-fmllr-tri3/train/data/feats_fmllr_train.2.ark:4365896
fjsp0_si1434 /nfs-share/titouan/workspace/kaldi/egs/timit/s5_la2/data-fmllr-tri3/train/data/feats_fmllr_train.2.ark:3658931
mwch0_sx272 /nfs-share/titouan/workspace/kaldi/egs/timit/s5_la2/data-fmllr-tri3/train/data/feats_fmllr_train.10.ark:14687035
mdns0_sx21 /nfs-share/titouan/workspace/kaldi/egs/timit/s5_la2/data-fmllr-tri3/train/data/feats_fmllr_train.5.ark:6554182
mwac0_sx71 /nfs-share/titouan/workspace/kaldi/egs/timit/s5_la2/data-fmllr-tri3/train/data/feats_fmllr_train.10.ark:13834941
mdlm0_sx424 /nfs-share/titouan/workspace/kaldi/egs/timit/s5_la2/data-fmllr-tri3/train/data/feats_fmllr_train.5.ark:4569924
mjrh0_sx45 /nfs-share/titouan/workspace/kaldi/egs/timit/s5_la2/data-fmllr-tri3/train/data/feats_fmllr_train.7.ark:340203
fexm0_si1101 /nfs-share/titouan/workspace/kaldi/egs/timit/s5_la2/data-fmllr-tri3/train/data/feats_fmllr_train.1.ark:15794776
fcmg0_sx162 /nfs-share/titouan/workspace/kaldi/egs/timit/s5_la2/data-fmllr-tri3/train/data/feats_fmllr_train.1.ark:7944433
mree0_sx294 /nfs-share/titouan/workspace/kaldi/egs/timit/s5_la2/data-fmllr-tri3/train/data/feats_fmllr_train.8.ark:15441921
flma0_sx343 /nfs-share/titouan/workspace/kaldi/egs/timit/s5_la2/data-fmllr-tri3/train/data/feats_fmllr_train.2.ark:12687844
msdh0_sx260 /nfs-share/titouan/workspace/kaldi/egs/timit/s5_la2/data-fmllr-tri3/train/data/feats_fmllr_train.9.ark:12986328
msdb0_sx377 /nfs-share/titouan/workspace/kaldi/egs/timit/s5_la2/data-fmllr-tri3/train/data/feats_fmllr_train.9.ark:12765711
mejl0_sx332 /nfs-share/titouan/workspace/kaldi/egs/timit/s5_la2/data-fmllr-tri3/train/data/feats_fmllr_train.5.ark:12459893
mtlc0_sx217 /nfs-share/titouan/workspace/kaldi/egs/timit/s5_la2/data-fmllr-tri3/train/data/feats_fmllr_train.10.ark:7099651
mtml0_sx165 /nfs-share/titouan/workspace/kaldi/egs/timit/s5_la2/data-fmllr-tri3/train/data/feats_fmllr_train.10.ark:7399842
ftbw0_si1345 /nfs-share/titouan/workspace/kaldi/egs/timit/s5_la2/data-fmllr-tri3/train/data/feats_fmllr_train.3.ark:14590442
mprd0_si2061 /nfs-share/titouan/workspace/kaldi/egs/timit/s5_la2/data-fmllr-tri3/train/data/feats_fmllr_train.8.ark:9443649
fdmy0_sx27 /nfs-share/titouan/workspace/kaldi/egs/timit/s5_la2/data-fmllr-tri3/train/data/feats_fmllr_train.1.ark:11980899
fmjb0_si1177 /nfs-share/titouan/workspace/kaldi/egs/timit/s5_la2/data-fmllr-tri3/train/data/feats_fmllr_train.2.ark:15526727
mejl0_sx62 /nfs-share/titouan/workspace/kaldi/egs/timit/s5_la2/data-fmllr-tri3/train/data/feats_fmllr_train.5.ark:12555306
fcke0_si481 /nfs-share/titouan/workspace/kaldi/egs/timit/s5_la2/data-fmllr-tri3/train/data/feats_fmllr_train.1.ark:7149091
mjmd0_si1658 /nfs-share/titouan/workspace/kaldi/egs/timit/s5_la2/data-fmllr-tri3/train/data/feats_fmllr_train.6.ark:15455597
mmbs0_sx251 /nfs-share/titouan/workspace/kaldi/egs/timit/s5_la2/data-fmllr-tri3/train/data/feats_fmllr_train.7.ark:14880313
mrmh0_sx301 /nfs-share/titouan/workspace/kaldi/egs/timit/s5_la2/data-fmllr-tri3/train/data/feats_fmllr_train.9.ark:6145484
mjdg0_si1672 /nfs-share/titouan/workspace/kaldi/egs/timit/s5_la2/data-fmllr-tri3/train/data/feats_fmllr_train.6.ark:9291003
madc0_si737 /nfs-share/titouan/workspace/kaldi/egs/timit/s5_la2/data-fmllr-tri3/train/data/feats_fmllr_train.3.ark:17298416
mjpg0_sx291 /nfs-share/titouan/workspace/kaldi/egs/timit/s5_la2/data-fmllr-tri3/train/data/feats_fmllr_train.6.ark:16371686
mdbb1_si1636 /nfs-share/titouan/workspace/kaldi/egs/timit/s5_la2/data-fmllr-tri3/train/data/feats_fmllr_train.4.ark:15179278
fdnc0_si1908 /nfs-share/titouan/workspace/kaldi/egs/timit/s5_la2/data-fmllr-tri3/train/data/feats_fmllr_train.1.ark:12230129
mmgk0_sx422 /nfs-share/titouan/workspace/kaldi/egs/timit/s5_la2/data-fmllr-tri3/train/data/feats_fmllr_train.8.ark:950692
ftaj0_si1329 /nfs-share/titouan/workspace/kaldi/egs/timit/s5_la2/data-fmllr-tri3/train/data/feats_fmllr_train.3.ark:13913849
mtcs0_sx442 /nfs-share/titouan/workspace/kaldi/egs/timit/s5_la2/data-fmllr-tri3/train/data/feats_fmllr_train.10.ark:2728518
fcjs0_si2237 /nfs-share/titouan/workspace/kaldi/egs/timit/s5_la2/data-fmllr-tri3/train/data/feats_fmllr_train.1.ark:6728207
mctm0_sx90 /nfs-share/titouan/workspace/kaldi/egs/timit/s5_la2/data-fmllr-tri3/train/data/feats_fmllr_train.4.ark:13956494
mppc0_sx62 /nfs-share/titouan/workspace/kaldi/egs/timit/s5_la2/data-fmllr-tri3/train/data/feats_fmllr_train.8.ark:8882416
mdss1_sx337 /nfs-share/titouan/workspace/kaldi/egs/timit/s5_la2/data-fmllr-tri3/train/data/feats_fmllr_train.5.ark:9129302
msrg0_si591 /nfs-share/titouan/workspace/kaldi/egs/timit/s5_la2/data-fmllr-tri3/train/data/feats_fmllr_train.9.ark:17071165
fpmy0_sx343 /nfs-share/titouan/workspace/kaldi/egs/timit/s5_la2/data-fmllr-tri3/train/data/feats_fmllr_train.3.ark:3903567
fgmb0_si515 /nfs-share/titouan/workspace/kaldi/egs/timit/s5_la2/data-fmllr-tri3/train/data/feats_fmllr_train.1.ark:17186043
fsgf0_sx27 /nfs-share/titouan/workspace/kaldi/egs/timit/s5_la2/data-fmllr-tri3/train/data/feats_fmllr_train.3.ark:8184327
ftmg0_si2162 /nfs-share/titouan/workspace/kaldi/egs/timit/s5_la2/data-fmllr-tri3/train/data/feats_fmllr_train.3.ark:15409303
mmds0_si1343 /nfs-share/titouan/workspace/kaldi/egs/timit/s5_la2/data-fmllr-tri3/train/data/feats_fmllr_train.7.ark:17017026
fcdr1_si556 /nfs-share/titouan/workspace/kaldi/egs/timit/s5_la2/data-fmllr-tri3/train/data/feats_fmllr_train.1.ark:5744543
mpgh0_sx294 /nfs-share/titouan/workspace/kaldi/egs/timit/s5_la2/data-fmllr-tri3/train/data/feats_fmllr_train.8.ark:7086480
fcmm0_sx363 /nfs-share/titouan/workspace/kaldi/egs/timit/s5_la2/data-fmllr-tri3/train/data/feats_fmllr_train.1.ark:8416384
fljg0_si2241 /nfs-share/titouan/workspace/kaldi/egs/timit/s5_la2/data-fmllr-tri3/train/data/feats_fmllr_train.2.ark:11638023
msah1_sx239 /nfs-share/titouan/workspace/kaldi/egs/timit/s5_la2/data-fmllr-tri3/train/data/feats_fmllr_train.9.ark:11252281
fcyl0_sx397 /nfs-share/titouan/workspace/kaldi/egs/timit/s5_la2/data-fmllr-tri3/train/data/feats_fmllr_train.1.ark:9278791
mrbc0_si1665 /nfs-share/titouan/workspace/kaldi/egs/timit/s5_la2/data-fmllr-tri3/train/data/feats_fmllr_train.8.ark:12855815
mppc0_si2042 /nfs-share/titouan/workspace/kaldi/egs/timit/s5_la2/data-fmllr-tri3/train/data/feats_fmllr_train.8.ark:8622255
mdks0_sx256 /nfs-share/titouan/workspace/kaldi/egs/timit/s5_la2/data-fmllr-tri3/train/data/feats_fmllr_train.5.ark:2110648
fdml0_sx69 /nfs-share/titouan/workspace/kaldi/egs/timit/s5_la2/data-fmllr-tri3/train/data/feats_fmllr_train.1.ark:11566657
mvjh0_sx386 /nfs-share/titouan/workspace/kaldi/egs/timit/s5_la2/data-fmllr-tri3/train/data/feats_fmllr_train.10.ark:12665970
mmbs0_si1781 /nfs-share/titouan/workspace/kaldi/egs/timit/s5_la2/data-fmllr-tri3/train/data/feats_fmllr_train.7.ark:14703912
fsjg0_si2200 /nfs-share/titouan/workspace/kaldi/egs/timit/s5_la2/data-fmllr-tri3/train/data/feats_fmllr_train.3.ark:8355317
fjrp1_sx82 /nfs-share/titouan/workspace/kaldi/egs/timit/s5_la2/data-fmllr-tri3/train/data/feats_fmllr_train.2.ark:3207805
mjrk0_sx250 /nfs-share/titouan/workspace/kaldi/egs/timit/s5_la2/data-fmllr-tri3/train/data/feats_fmllr_train.7.ark:947597
fvmh0_si2096 /nfs-share/titouan/workspace/kaldi/egs/timit/s5_la2/data-fmllr-tri3/train/data/feats_fmllr_train.3.ark:16560195
mbbr0_sx155 /nfs-share/titouan/workspace/kaldi/egs/timit/s5_la2/data-fmllr-tri3/train/data/feats_fmllr_train.4.ark:3894429
fdjh0_sx125 /nfs-share/titouan/workspace/kaldi/egs/timit/s5_la2/data-fmllr-tri3/train/data/feats_fmllr_train.1.ark:10626914
mkaj0_sx154 /nfs-share/titouan/workspace/kaldi/egs/timit/s5_la2/data-fmllr-tri3/train/data/feats_fmllr_train.7.ark:4952778
mrjt0_si868 /nfs-share/titouan/workspace/kaldi/egs/timit/s5_la2/data-fmllr-tri3/train/data/feats_fmllr_train.9.ark:2565369
mrfk0_si1076 /nfs-share/titouan/workspace/kaldi/egs/timit/s5_la2/data-fmllr-tri3/train/data/feats_fmllr_train.8.ark:16712386
mdpk0_sx333 /nfs-share/titouan/workspace/kaldi/egs/timit/s5_la2/data-fmllr-tri3/train/data/feats_fmllr_train.5.ark:7272377
mrvg0_sx420 /nfs-share/titouan/workspace/kaldi/egs/timit/s5_la2/data-fmllr-tri3/train/data/feats_fmllr_train.9.ark:9898986
mjwt0_sx31 /nfs-share/titouan/workspace/kaldi/egs/timit/s5_la2/data-fmllr-tri3/train/data/feats_fmllr_train.7.ark:3172894
fltm0_si2330 /nfs-share/titouan/workspace/kaldi/egs/timit/s5_la2/data-fmllr-tri3/train/data/feats_fmllr_train.2.ark:14009274
mhbs0_sx315 /nfs-share/titouan/workspace/kaldi/egs/timit/s5_la2/data-fmllr-tri3/train/data/feats_fmllr_train.6.ark:3798098
mwar0_sx415 /nfs-share/titouan/workspace/kaldi/egs/timit/s5_la2/data-fmllr-tri3/train/data/feats_fmllr_train.10.ark:14449911
mdmt0_sx122 /nfs-share/titouan/workspace/kaldi/egs/timit/s5_la2/data-fmllr-tri3/train/data/feats_fmllr_train.5.ark:6036312
mter0_sx17 /nfs-share/titouan/workspace/kaldi/egs/timit/s5_la2/data-fmllr-tri3/train/data/feats_fmllr_train.10.ark:3908155
mrbc0_sx329 /nfs-share/titouan/workspace/kaldi/egs/timit/s5_la2/data-fmllr-tri3/train/data/feats_fmllr_train.8.ark:13086191
mjjb0_si1139 /nfs-share/titouan/workspace/kaldi/egs/timit/s5_la2/data-fmllr-tri3/train/data/feats_fmllr_train.6.ark:12331111
mtab0_sx132 /nfs-share/titouan/workspace/kaldi/egs/timit/s5_la2/data-fmllr-tri3/train/data/feats_fmllr_train.10.ark:666392
fgmb0_sx245 /nfs-share/titouan/workspace/kaldi/egs/timit/s5_la2/data-fmllr-tri3/train/data/feats_fmllr_train.1.ark:17296177
mcre0_si1725 /nfs-share/titouan/workspace/kaldi/egs/timit/s5_la2/data-fmllr-tri3/train/data/feats_fmllr_train.4.ark:12513283
mmcc0_sx348 /nfs-share/titouan/workspace/kaldi/egs/timit/s5_la2/data-fmllr-tri3/train/data/feats_fmllr_train.7.ark:15329677
milb0_sx93 /nfs-share/titouan/workspace/kaldi/egs/timit/s5_la2/data-fmllr-tri3/train/data/feats_fmllr_train.6.ark:6437427
mvjh0_sx26 /nfs-share/titouan/workspace/kaldi/egs/timit/s5_la2/data-fmllr-tri3/train/data/feats_fmllr_train.10.ark:12595356
mrem0_sx151 /nfs-share/titouan/workspace/kaldi/egs/timit/s5_la2/data-fmllr-tri3/train/data/feats_fmllr_train.8.ark:16122274
flmc0_sx292 /nfs-share/titouan/workspace/kaldi/egs/timit/s5_la2/data-fmllr-tri3/train/data/feats_fmllr_train.2.ark:13040860
mmgk0_si692 /nfs-share/titouan/workspace/kaldi/egs/timit/s5_la2/data-fmllr-tri3/train/data/feats_fmllr_train.8.ark:812984
fcmm0_si1957 /nfs-share/titouan/workspace/kaldi/egs/timit/s5_la2/data-fmllr-tri3/train/data/feats_fmllr_train.1.ark:8235956
mwem0_sx240 /nfs-share/titouan/workspace/kaldi/egs/timit/s5_la2/data-fmllr-tri3/train/data/feats_fmllr_train.10.ark:15416750
mdns0_sx291 /nfs-share/titouan/workspace/kaldi/egs/timit/s5_la2/data-fmllr-tri3/train/data/feats_fmllr_train.5.ark:6586529
mclk0_sx40 /nfs-share/titouan/workspace/kaldi/egs/timit/s5_la2/data-fmllr-tri3/train/data/feats_fmllr_train.4.ark:11680606
msfh0_si586 /nfs-share/titouan/workspace/kaldi/egs/timit/s5_la2/data-fmllr-tri3/train/data/feats_fmllr_train.9.ark:14648584
fpad0_si1976 /nfs-share/titouan/workspace/kaldi/egs/timit/s5_la2/data-fmllr-tri3/train/data/feats_fmllr_train.3.ark:1659948
fsjg0_sx310 /nfs-share/titouan/workspace/kaldi/egs/timit/s5_la2/data-fmllr-tri3/train/data/feats_fmllr_train.3.ark:8630145
mrtj0_si1551 /nfs-share/titouan/workspace/kaldi/egs/timit/s5_la2/data-fmllr-tri3/train/data/feats_fmllr_train.9.ark:9173806
mdbp0_si1158 /nfs-share/titouan/workspace/kaldi/egs/timit/s5_la2/data-fmllr-tri3/train/data/feats_fmllr_train.4.ark:15474348
fskc0_si2046 /nfs-share/titouan/workspace/kaldi/egs/timit/s5_la2/data-fmllr-tri3/train/data/feats_fmllr_train.3.ark:10040025
flmk0_sx405 /nfs-share/titouan/workspace/kaldi/egs/timit/s5_la2/data-fmllr-tri3/train/data/feats_fmllr_train.2.ark:13496786
mrav0_si1008 /nfs-share/titouan/workspace/kaldi/egs/timit/s5_la2/data-fmllr-tri3/train/data/feats_fmllr_train.8.ark:12512557
mkaj0_si784 /nfs-share/titouan/workspace/kaldi/egs/timit/s5_la2/data-fmllr-tri3/train/data/feats_fmllr_train.7.ark:4909391
mpgr0_sx150 /nfs-share/titouan/workspace/kaldi/egs/timit/s5_la2/data-fmllr-tri3/train/data/feats_fmllr_train.8.ark:7280697
mtwh1_si2142 /nfs-share/titouan/workspace/kaldi/egs/timit/s5_la2/data-fmllr-tri3/train/data/feats_fmllr_train.10.ark:11607934
mrld0_sx64 /nfs-share/titouan/workspace/kaldi/egs/timit/s5_la2/data-fmllr-tri3/train/data/feats_fmllr_train.9.ark:3680175
fmjf0_sx264 /nfs-share/titouan/workspace/kaldi/egs/timit/s5_la2/data-fmllr-tri3/train/data/feats_fmllr_train.2.ark:16126251
mmxs0_sx156 /nfs-share/titouan/workspace/kaldi/egs/timit/s5_la2/data-fmllr-tri3/train/data/feats_fmllr_train.8.ark:4748940
mrml0_sx71 /nfs-share/titouan/workspace/kaldi/egs/timit/s5_la2/data-fmllr-tri3/train/data/feats_fmllr_train.9.ark:6692474
mmpm0_sx251 /nfs-share/titouan/workspace/kaldi/egs/timit/s5_la2/data-fmllr-tri3/train/data/feats_fmllr_train.8.ark:1955770
fcdr1_si1816 /nfs-share/titouan/workspace/kaldi/egs/timit/s5_la2/data-fmllr-tri3/train/data/feats_fmllr_train.1.ark:5667716
mjrk0_sx430 /nfs-share/titouan/workspace/kaldi/egs/timit/s5_la2/data-fmllr-tri3/train/data/feats_fmllr_train.7.ark:1041411
fmjf0_sx174 /nfs-share/titouan/workspace/kaldi/egs/timit/s5_la2/data-fmllr-tri3/train/data/feats_fmllr_train.2.ark:16056944
mbma0_sx412 /nfs-share/titouan/workspace/kaldi/egs/timit/s5_la2/data-fmllr-tri3/train/data/feats_fmllr_train.4.ark:5824234
mjdc0_sx81 /nfs-share/titouan/workspace/kaldi/egs/timit/s5_la2/data-fmllr-tri3/train/data/feats_fmllr_train.6.ark:8696651
mmdg0_si520 /nfs-share/titouan/workspace/kaldi/egs/timit/s5_la2/data-fmllr-tri3/train/data/feats_fmllr_train.7.ark:15928430
fpjf0_si1046 /nfs-share/titouan/workspace/kaldi/egs/timit/s5_la2/data-fmllr-tri3/train/data/feats_fmllr_train.3.ark:2831611
msms0_si1433 /nfs-share/titouan/workspace/kaldi/egs/timit/s5_la2/data-fmllr-tri3/train/data/feats_fmllr_train.9.ark:16600333
fvmh0_si1466 /nfs-share/titouan/workspace/kaldi/egs/timit/s5_la2/data-fmllr-tri3/train/data/feats_fmllr_train.3.ark:16493127
fdas1_si831 /nfs-share/titouan/workspace/kaldi/egs/timit/s5_la2/data-fmllr-tri3/train/data/feats_fmllr_train.1.ark:9446394
mdks0_sx76 /nfs-share/titouan/workspace/kaldi/egs/timit/s5_la2/data-fmllr-tri3/train/data/feats_fmllr_train.5.ark:2257768
mklr0_si2319 /nfs-share/titouan/workspace/kaldi/egs/timit/s5_la2/data-fmllr-tri3/train/data/feats_fmllr_train.7.ark:7958807
ftbw0_si715 /nfs-share/titouan/workspace/kaldi/egs/timit/s5_la2/data-fmllr-tri3/train/data/feats_fmllr_train.3.ark:14668417
fjrb0_si1302 /nfs-share/titouan/workspace/kaldi/egs/timit/s5_la2/data-fmllr-tri3/train/data/feats_fmllr_train.2.ark:2383719
mppc0_sx332 /nfs-share/titouan/workspace/kaldi/egs/timit/s5_la2/data-fmllr-tri3/train/data/feats_fmllr_train.8.ark:8783643
mrdd0_sx60 /nfs-share/titouan/workspace/kaldi/egs/timit/s5_la2/data-fmllr-tri3/train/data/feats_fmllr_train.8.ark:14357136
mjma0_si865 /nfs-share/titouan/workspace/kaldi/egs/timit/s5_la2/data-fmllr-tri3/train/data/feats_fmllr_train.6.ark:15175887
fmpg0_sx342 /nfs-share/titouan/workspace/kaldi/egs/timit/s5_la2/data-fmllr-tri3/train/data/feats_fmllr_train.2.ark:18230720
mrdm0_sx425 /nfs-share/titouan/workspace/kaldi/egs/timit/s5_la2/data-fmllr-tri3/train/data/feats_fmllr_train.8.ark:14725967
mrlk0_si843 /nfs-share/titouan/workspace/kaldi/egs/timit/s5_la2/data-fmllr-tri3/train/data/feats_fmllr_train.9.ark:4534933
mdlr1_sx309 /nfs-share/titouan/workspace/kaldi/egs/timit/s5_la2/data-fmllr-tri3/train/data/feats_fmllr_train.5.ark:5324891
fbas0_si1387 /nfs-share/titouan/workspace/kaldi/egs/timit/s5_la2/data-fmllr-tri3/train/data/feats_fmllr_train.1.ark:2053414
fsdc0_sx412 /nfs-share/titouan/workspace/kaldi/egs/timit/s5_la2/data-fmllr-tri3/train/data/feats_fmllr_train.3.ark:7493521
fpaf0_sx154 /nfs-share/titouan/workspace/kaldi/egs/timit/s5_la2/data-fmllr-tri3/train/data/feats_fmllr_train.3.ark:2192060
fear0_sx262 /nfs-share/titouan/workspace/kaldi/egs/timit/s5_la2/data-fmllr-tri3/train/data/feats_fmllr_train.1.ark:13917160
mhxl0_si512 /nfs-share/titouan/workspace/kaldi/egs/timit/s5_la2/data-fmllr-tri3/train/data/feats_fmllr_train.6.ark:5768892
fsdj0_sx395 /nfs-share/titouan/workspace/kaldi/egs/timit/s5_la2/data-fmllr-tri3/train/data/feats_fmllr_train.3.ark:7872484
mtpg0_sx393 /nfs-share/titouan/workspace/kaldi/egs/timit/s5_la2/data-fmllr-tri3/train/data/feats_fmllr_train.10.ark:9120657
mdlh0_sx430 /nfs-share/titouan/workspace/kaldi/egs/timit/s5_la2/data-fmllr-tri3/train/data/feats_fmllr_train.5.ark:4228587
mjwt0_si1291 /nfs-share/titouan/workspace/kaldi/egs/timit/s5_la2/data-fmllr-tri3/train/data/feats_fmllr_train.7.ark:2817532
mdpb0_sx326 /nfs-share/titouan/workspace/kaldi/egs/timit/s5_la2/data-fmllr-tri3/train/data/feats_fmllr_train.5.ark:6944000
mvlo0_sx427 /nfs-share/titouan/workspace/kaldi/egs/timit/s5_la2/data-fmllr-tri3/train/data/feats_fmllr_train.10.ark:12997521
flhd0_sx264 /nfs-share/titouan/workspace/kaldi/egs/timit/s5_la2/data-fmllr-tri3/train/data/feats_fmllr_train.2.ark:10600492
mdcm0_sx130 /nfs-share/titouan/workspace/kaldi/egs/timit/s5_la2/data-fmllr-tri3/train/data/feats_fmllr_train.4.ark:16425264
mmaa0_sx395 /nfs-share/titouan/workspace/kaldi/egs/timit/s5_la2/data-fmllr-tri3/train/data/feats_fmllr_train.7.ark:12953547
mmaa0_sx125 /nfs-share/titouan/workspace/kaldi/egs/timit/s5_la2/data-fmllr-tri3/train/data/feats_fmllr_train.7.ark:12774080
fclt0_sx178 /nfs-share/titouan/workspace/kaldi/egs/timit/s5_la2/data-fmllr-tri3/train/data/feats_fmllr_train.1.ark:7540855
fvmh0_sx206 /nfs-share/titouan/workspace/kaldi/egs/timit/s5_la2/data-fmllr-tri3/train/data/feats_fmllr_train.3.ark:16704276
mtbc0_sx347 /nfs-share/titouan/workspace/kaldi/egs/timit/s5_la2/data-fmllr-tri3/train/data/feats_fmllr_train.10.ark:2291954
fdmy0_sx207 /nfs-share/titouan/workspace/kaldi/egs/timit/s5_la2/data-fmllr-tri3/train/data/feats_fmllr_train.1.ark:11935273
mwar0_sx235 /nfs-share/titouan/workspace/kaldi/egs/timit/s5_la2/data-fmllr-tri3/train/data/feats_fmllr_train.10.ark:14370817
mprk0_sx287 /nfs-share/titouan/workspace/kaldi/egs/timit/s5_la2/data-fmllr-tri3/train/data/feats_fmllr_train.8.ark:10164640
mmdm0_si681 /nfs-share/titouan/workspace/kaldi/egs/timit/s5_la2/data-fmllr-tri3/train/data/feats_fmllr_train.7.ark:16349127
mmgg0_si1079 /nfs-share/titouan/workspace/kaldi/egs/timit/s5_la2/data-fmllr-tri3/train/data/feats_fmllr_train.8.ark:354791
mtjm0_si1226 /nfs-share/titouan/workspace/kaldi/egs/timit/s5_la2/data-fmllr-tri3/train/data/feats_fmllr_train.10.ark:4469440
fjrb0_sx42 /nfs-share/titouan/workspace/kaldi/egs/timit/s5_la2/data-fmllr-tri3/train/data/feats_fmllr_train.2.ark:2727588
makr0_sx362 /nfs-share/titouan/workspace/kaldi/egs/timit/s5_la2/data-fmllr-tri3/train/data/feats_fmllr_train.4.ark:2124277
mjpm0_si1998 /nfs-share/titouan/workspace/kaldi/egs/timit/s5_la2/data-fmllr-tri3/train/data/feats_fmllr_train.6.ark:16506809
ftmg0_si1532 /nfs-share/titouan/workspace/kaldi/egs/timit/s5_la2/data-fmllr-tri3/train/data/feats_fmllr_train.3.ark:15382715
flet0_sx237 /nfs-share/titouan/workspace/kaldi/egs/timit/s5_la2/data-fmllr-tri3/train/data/feats_fmllr_train.2.ark:10270674
mwac0_sx161 /nfs-share/titouan/workspace/kaldi/egs/timit/s5_la2/data-fmllr-tri3/train/data/feats_fmllr_train.10.ark:13575474
madd0_si1295 /nfs-share/titouan/workspace/kaldi/egs/timit/s5_la2/data-fmllr-tri3/train/data/feats_fmllr_train.3.ark:17591378
fpmy0_sx73 /nfs-share/titouan/workspace/kaldi/egs/timit/s5_la2/data-fmllr-tri3/train/data/feats_fmllr_train.3.ark:3959913
mjjm0_sx377 /nfs-share/titouan/workspace/kaldi/egs/timit/s5_la2/data-fmllr-tri3/train/data/feats_fmllr_train.6.ark:13504375
mjbg0_si1232 /nfs-share/titouan/workspace/kaldi/egs/timit/s5_la2/data-fmllr-tri3/train/data/feats_fmllr_train.6.ark:7645946
fbjl0_sx112 /nfs-share/titouan/workspace/kaldi/egs/timit/s5_la2/data-fmllr-tri3/train/data/feats_fmllr_train.1.ark:3435587
fnkl0_si2152 /nfs-share/titouan/workspace/kaldi/egs/timit/s5_la2/data-fmllr-tri3/train/data/feats_fmllr_train.3.ark:40521
fgrw0_sx342 /nfs-share/titouan/workspace/kaldi/egs/timit/s5_la2/data-fmllr-tri3/train/data/feats_fmllr_train.1.ark:17799302
fcmg0_si1872 /nfs-share/titouan/workspace/kaldi/egs/timit/s5_la2/data-fmllr-tri3/train/data/feats_fmllr_train.1.ark:7902006
mbma1_sx144 /nfs-share/titouan/workspace/kaldi/egs/timit/s5_la2/data-fmllr-tri3/train/data/feats_fmllr_train.4.ark:6061010
fmpg0_sx432 /nfs-share/titouan/workspace/kaldi/egs/timit/s5_la2/data-fmllr-tri3/train/data/feats_fmllr_train.2.ark:18300347
fksr0_si1747 /nfs-share/titouan/workspace/kaldi/egs/timit/s5_la2/data-fmllr-tri3/train/data/feats_fmllr_train.2.ark:8525724
mdsj0_sx292 /nfs-share/titouan/workspace/kaldi/egs/timit/s5_la2/data-fmllr-tri3/train/data/feats_fmllr_train.5.ark:8430627
mgsh0_sx276 /nfs-share/titouan/workspace/kaldi/egs/timit/s5_la2/data-fmllr-tri3/train/data/feats_fmllr_train.6.ark:2576493
mvrw0_sx405 /nfs-share/titouan/workspace/kaldi/egs/timit/s5_la2/data-fmllr-tri3/train/data/feats_fmllr_train.10.ark:13333738
msat1_sx83 /nfs-share/titouan/workspace/kaldi/egs/timit/s5_la2/data-fmllr-tri3/train/data/feats_fmllr_train.9.ark:12482613
mdcm0_si850 /nfs-share/titouan/workspace/kaldi/egs/timit/s5_la2/data-fmllr-tri3/train/data/feats_fmllr_train.4.ark:16382197
mjbg0_sx422 /nfs-share/titouan/workspace/kaldi/egs/timit/s5_la2/data-fmllr-tri3/train/data/feats_fmllr_train.6.ark:7932510
msat1_sx173 /nfs-share/titouan/workspace/kaldi/egs/timit/s5_la2/data-fmllr-tri3/train/data/feats_fmllr_train.9.ark:12292266
mlbc0_si1869 /nfs-share/titouan/workspace/kaldi/egs/timit/s5_la2/data-fmllr-tri3/train/data/feats_fmllr_train.7.ark:10191764
flja0_sx448 /nfs-share/titouan/workspace/kaldi/egs/timit/s5_la2/data-fmllr-tri3/train/data/feats_fmllr_train.2.ark:11098844
mprk0_sx107 /nfs-share/titouan/workspace/kaldi/egs/timit/s5_la2/data-fmllr-tri3/train/data/feats_fmllr_train.8.ark:10022640
fceg0_sx348 /nfs-share/titouan/workspace/kaldi/egs/timit/s5_la2/data-fmllr-tri3/train/data/feats_fmllr_train.1.ark:6262121
fecd0_sx158 /nfs-share/titouan/workspace/kaldi/egs/timit/s5_la2/data-fmllr-tri3/train/data/feats_fmllr_train.1.ark:14348710
mjxa0_si2137 /nfs-share/titouan/workspace/kaldi/egs/timit/s5_la2/data-fmllr-tri3/train/data/feats_fmllr_train.7.ark:3309617
mcdd0_si883 /nfs-share/titouan/workspace/kaldi/egs/timit/s5_la2/data-fmllr-tri3/train/data/feats_fmllr_train.4.ark:9425173
mjee0_si1867 /nfs-share/titouan/workspace/kaldi/egs/timit/s5_la2/data-fmllr-tri3/train/data/feats_fmllr_train.6.ark:10886272
mmag0_sx46 /nfs-share/titouan/workspace/kaldi/egs/timit/s5_la2/data-fmllr-tri3/train/data/feats_fmllr_train.7.ark:13810141
fcrz0_si1913 /nfs-share/titouan/workspace/kaldi/egs/timit/s5_la2/data-fmllr-tri3/train/data/feats_fmllr_train.1.ark:8563505
fapb0_sx343 /nfs-share/titouan/workspace/kaldi/egs/timit/s5_la2/data-fmllr-tri3/train/data/feats_fmllr_train.1.ark:1865653
mkah0_sx178 /nfs-share/titouan/workspace/kaldi/egs/timit/s5_la2/data-fmllr-tri3/train/data/feats_fmllr_train.7.ark:4554161
mrhl0_si2145 /nfs-share/titouan/workspace/kaldi/egs/timit/s5_la2/data-fmllr-tri3/train/data/feats_fmllr_train.9.ark:450176
fspm0_sx161 /nfs-share/titouan/workspace/kaldi/egs/timit/s5_la2/data-fmllr-tri3/train/data/feats_fmllr_train.3.ark:12860799
mtqc0_si480 /nfs-share/titouan/workspace/kaldi/egs/timit/s5_la2/data-fmllr-tri3/train/data/feats_fmllr_train.10.ark:10112694
mdmt0_si572 /nfs-share/titouan/workspace/kaldi/egs/timit/s5_la2/data-fmllr-tri3/train/data/feats_fmllr_train.5.ark:5973245
msds0_sx267 /nfs-share/titouan/workspace/kaldi/egs/timit/s5_la2/data-fmllr-tri3/train/data/feats_fmllr_train.9.ark:13429586
msmr0_sx235 /nfs-share/titouan/workspace/kaldi/egs/timit/s5_la2/data-fmllr-tri3/train/data/feats_fmllr_train.9.ark:16433025
mgar0_sx42 /nfs-share/titouan/workspace/kaldi/egs/timit/s5_la2/data-fmllr-tri3/train/data/feats_fmllr_train.6.ark:347883
msat1_sx443 /nfs-share/titouan/workspace/kaldi/egs/timit/s5_la2/data-fmllr-tri3/train/data/feats_fmllr_train.9.ark:12436987
fskp0_si468 /nfs-share/titouan/workspace/kaldi/egs/timit/s5_la2/data-fmllr-tri3/train/data/feats_fmllr_train.3.ark:10844806
mjdm0_sx80 /nfs-share/titouan/workspace/kaldi/egs/timit/s5_la2/data-fmllr-tri3/train/data/feats_fmllr_train.6.ark:10004662
feeh0_sx302 /nfs-share/titouan/workspace/kaldi/egs/timit/s5_la2/data-fmllr-tri3/train/data/feats_fmllr_train.1.ark:14851381
mdtb0_sx210 /nfs-share/titouan/workspace/kaldi/egs/timit/s5_la2/data-fmllr-tri3/train/data/feats_fmllr_train.5.ark:9417652
mlel0_sx436 /nfs-share/titouan/workspace/kaldi/egs/timit/s5_la2/data-fmllr-tri3/train/data/feats_fmllr_train.7.ark:10840436
mjde0_si463 /nfs-share/titouan/workspace/kaldi/egs/timit/s5_la2/data-fmllr-tri3/train/data/feats_fmllr_train.6.ark:8827426
mgsl0_si1164 /nfs-share/titouan/workspace/kaldi/egs/timit/s5_la2/data-fmllr-tri3/train/data/feats_fmllr_train.6.ark:2726812
fsak0_sx400 /nfs-share/titouan/workspace/kaldi/egs/timit/s5_la2/data-fmllr-tri3/train/data/feats_fmllr_train.3.ark:6290175
mtpp0_si878 /nfs-share/titouan/workspace/kaldi/egs/timit/s5_la2/data-fmllr-tri3/train/data/feats_fmllr_train.10.ark:9258500
msrr0_sx51 /nfs-share/titouan/workspace/kaldi/egs/timit/s5_la2/data-fmllr-tri3/train/data/feats_fmllr_train.9.ark:17683835
faem0_sx402 /nfs-share/titouan/workspace/kaldi/egs/timit/s5_la2/data-fmllr-tri3/train/data/feats_fmllr_train.1.ark:304336
fmjb0_sx7 /nfs-share/titouan/workspace/kaldi/egs/timit/s5_la2/data-fmllr-tri3/train/data/feats_fmllr_train.2.ark:15833448
msds0_sx87 /nfs-share/titouan/workspace/kaldi/egs/timit/s5_la2/data-fmllr-tri3/train/data/feats_fmllr_train.9.ark:13612226
fksr0_sx37 /nfs-share/titouan/workspace/kaldi/egs/timit/s5_la2/data-fmllr-tri3/train/data/feats_fmllr_train.2.ark:8776738
mcal0_sx58 /nfs-share/titouan/workspace/kaldi/egs/timit/s5_la2/data-fmllr-tri3/train/data/feats_fmllr_train.4.ark:8924873
mrai0_si2052 /nfs-share/titouan/workspace/kaldi/egs/timit/s5_la2/data-fmllr-tri3/train/data/feats_fmllr_train.8.ark:11738870
mjma0_sx325 /nfs-share/titouan/workspace/kaldi/egs/timit/s5_la2/data-fmllr-tri3/train/data/feats_fmllr_train.6.ark:15305888
mdrd0_si1382 /nfs-share/titouan/workspace/kaldi/egs/timit/s5_la2/data-fmllr-tri3/train/data/feats_fmllr_train.5.ark:7766115
fvkb0_si529 /nfs-share/titouan/workspace/kaldi/egs/timit/s5_la2/data-fmllr-tri3/train/data/feats_fmllr_train.3.ark:16165125
fdml0_sx249 /nfs-share/titouan/workspace/kaldi/egs/timit/s5_la2/data-fmllr-tri3/train/data/feats_fmllr_train.1.ark:11450417
mjmm0_si1255 /nfs-share/titouan/workspace/kaldi/egs/timit/s5_la2/data-fmllr-tri3/train/data/feats_fmllr_train.6.ark:15752747
fgmb0_sx155 /nfs-share/titouan/workspace/kaldi/egs/timit/s5_la2/data-fmllr-tri3/train/data/feats_fmllr_train.1.ark:17233270
fvmh0_sx386 /nfs-share/titouan/workspace/kaldi/egs/timit/s5_la2/data-fmllr-tri3/train/data/feats_fmllr_train.3.ark:16820836
mclk0_si1660 /nfs-share/titouan/workspace/kaldi/egs/timit/s5_la2/data-fmllr-tri3/train/data/feats_fmllr_train.4.ark:11365724
mwrp0_sx183 /nfs-share/titouan/workspace/kaldi/egs/timit/s5_la2/data-fmllr-tri3/train/data/feats_fmllr_train.10.ark:16588576
msvs0_sx398 /nfs-share/titouan/workspace/kaldi/egs/timit/s5_la2/data-fmllr-tri3/train/data/feats_fmllr_train.10.ark:414282
mkjo0_si887 /nfs-share/titouan/workspace/kaldi/egs/timit/s5_la2/data-fmllr-tri3/train/data/feats_fmllr_train.7.ark:7230052
fdjh0_sx35 /nfs-share/titouan/workspace/kaldi/egs/timit/s5_la2/data-fmllr-tri3/train/data/feats_fmllr_train.1.ark:10751314
mkjo0_si2147 /nfs-share/titouan/workspace/kaldi/egs/timit/s5_la2/data-fmllr-tri3/train/data/feats_fmllr_train.7.ark:7196425
fsls0_sx246 /nfs-share/titouan/workspace/kaldi/egs/timit/s5_la2/data-fmllr-tri3/train/data/feats_fmllr_train.3.ark:11347825
mjrg0_sx16 /nfs-share/titouan/workspace/kaldi/egs/timit/s5_la2/data-fmllr-tri3/train/data/feats_fmllr_train.6.ark:17791540
mctm0_si1350 /nfs-share/titouan/workspace/kaldi/egs/timit/s5_la2/data-fmllr-tri3/train/data/feats_fmllr_train.4.ark:13609265
mrbc0_sx239 /nfs-share/titouan/workspace/kaldi/egs/timit/s5_la2/data-fmllr-tri3/train/data/feats_fmllr_train.8.ark:13038644
mbcg0_sx147 /nfs-share/titouan/workspace/kaldi/egs/timit/s5_la2/data-fmllr-tri3/train/data/feats_fmllr_train.4.ark:4247285
mvrw0_si1485 /nfs-share/titouan/workspace/kaldi/egs/timit/s5_la2/data-fmllr-tri3/train/data/feats_fmllr_train.10.ark:13095495
fdas1_sx291 /nfs-share/titouan/workspace/kaldi/egs/timit/s5_la2/data-fmllr-tri3/train/data/feats_fmllr_train.1.ark:9649061
fssb0_sx92 /nfs-share/titouan/workspace/kaldi/egs/timit/s5_la2/data-fmllr-tri3/train/data/feats_fmllr_train.3.ark:13859101
fbch0_sx236 /nfs-share/titouan/workspace/kaldi/egs/timit/s5_la2/data-fmllr-tri3/train/data/feats_fmllr_train.1.ark:3076677
fkfb0_si978 /nfs-share/titouan/workspace/kaldi/egs/timit/s5_la2/data-fmllr-tri3/train/data/feats_fmllr_train.2.ark:6541465
fetb0_si1148 /nfs-share/titouan/workspace/kaldi/egs/timit/s5_la2/data-fmllr-tri3/train/data/feats_fmllr_train.1.ark:15416959
fleh0_sx241 /nfs-share/titouan/workspace/kaldi/egs/timit/s5_la2/data-fmllr-tri3/train/data/feats_fmllr_train.2.ark:9859897
mgrp0_si1317 /nfs-share/titouan/workspace/kaldi/egs/timit/s5_la2/data-fmllr-tri3/train/data/feats_fmllr_train.6.ark:1876140
mjde0_sx40 /nfs-share/titouan/workspace/kaldi/egs/timit/s5_la2/data-fmllr-tri3/train/data/feats_fmllr_train.6.ark:9128360
fvfb0_si2292 /nfs-share/titouan/workspace/kaldi/egs/timit/s5_la2/data-fmllr-tri3/train/data/feats_fmllr_train.3.ark:15863628
mcdc0_sx392 /nfs-share/titouan/workspace/kaldi/egs/timit/s5_la2/data-fmllr-tri3/train/data/feats_fmllr_train.4.ark:9299810
mded0_si540 /nfs-share/titouan/workspace/kaldi/egs/timit/s5_la2/data-fmllr-tri3/train/data/feats_fmllr_train.4.ark:17098471
mpgr0_sx240 /nfs-share/titouan/workspace/kaldi/egs/timit/s5_la2/data-fmllr-tri3/train/data/feats_fmllr_train.8.ark:7307764
fsrh0_sx41 /nfs-share/titouan/workspace/kaldi/egs/timit/s5_la2/data-fmllr-tri3/train/data/feats_fmllr_train.3.ark:13434243
fsjk1_sx215 /nfs-share/titouan/workspace/kaldi/egs/timit/s5_la2/data-fmllr-tri3/train/data/feats_fmllr_train.3.ark:8999775
feac0_sx75 /nfs-share/titouan/workspace/kaldi/egs/timit/s5_la2/data-fmllr-tri3/train/data/feats_fmllr_train.1.ark:13703743
mmwb0_sx359 /nfs-share/titouan/workspace/kaldi/egs/timit/s5_la2/data-fmllr-tri3/train/data/feats_fmllr_train.8.ark:3742905
mgsh0_sx6 /nfs-share/titouan/workspace/kaldi/egs/timit/s5_la2/data-fmllr-tri3/train/data/feats_fmllr_train.6.ark:2620678
mmdb0_sx357 /nfs-share/titouan/workspace/kaldi/egs/timit/s5_la2/data-fmllr-tri3/train/data/feats_fmllr_train.7.ark:15705254
frll0_sx164 /nfs-share/titouan/workspace/kaldi/egs/timit/s5_la2/data-fmllr-tri3/train/data/feats_fmllr_train.3.ark:4874857
mtat1_si1409 /nfs-share/titouan/workspace/kaldi/egs/timit/s5_la2/data-fmllr-tri3/train/data/feats_fmllr_train.10.ark:1622481
mtkd0_sx287 /nfs-share/titouan/workspace/kaldi/egs/timit/s5_la2/data-fmllr-tri3/train/data/feats_fmllr_train.10.ark:5980173
mdhl0_sx269 /nfs-share/titouan/workspace/kaldi/egs/timit/s5_la2/data-fmllr-tri3/train/data/feats_fmllr_train.5.ark:1017356
mdns0_sx111 /nfs-share/titouan/workspace/kaldi/egs/timit/s5_la2/data-fmllr-tri3/train/data/feats_fmllr_train.5.ark:6466449
mzmb0_si1166 /nfs-share/titouan/workspace/kaldi/egs/timit/s5_la2/data-fmllr-tri3/train/data/feats_fmllr_train.10.ark:17595701
fkdw0_sx37 /nfs-share/titouan/workspace/kaldi/egs/timit/s5_la2/data-fmllr-tri3/train/data/feats_fmllr_train.2.ark:6343915
feeh0_sx32 /nfs-share/titouan/workspace/kaldi/egs/timit/s5_la2/data-fmllr-tri3/train/data/feats_fmllr_train.1.ark:14896847
mrlr0_si1826 /nfs-share/titouan/workspace/kaldi/egs/timit/s5_la2/data-fmllr-tri3/train/data/feats_fmllr_train.9.ark:4853363
mmjb1_si1408 /nfs-share/titouan/workspace/kaldi/egs/timit/s5_la2/data-fmllr-tri3/train/data/feats_fmllr_train.8.ark:1034426
mmdb0_sx87 /nfs-share/titouan/workspace/kaldi/egs/timit/s5_la2/data-fmllr-tri3/train/data/feats_fmllr_train.7.ark:15786107
fkdw0_si1207 /nfs-share/titouan/workspace/kaldi/egs/timit/s5_la2/data-fmllr-tri3/train/data/feats_fmllr_train.2.ark:6053993
mreh1_sx69 /nfs-share/titouan/workspace/kaldi/egs/timit/s5_la2/data-fmllr-tri3/train/data/feats_fmllr_train.8.ark:15912085
fkaa0_sx128 /nfs-share/titouan/workspace/kaldi/egs/timit/s5_la2/data-fmllr-tri3/train/data/feats_fmllr_train.2.ark:5349480
mkdt0_sx443 /nfs-share/titouan/workspace/kaldi/egs/timit/s5_la2/data-fmllr-tri3/train/data/feats_fmllr_train.7.ark:6634206
msat0_sx446 /nfs-share/titouan/workspace/kaldi/egs/timit/s5_la2/data-fmllr-tri3/train/data/feats_fmllr_train.9.ark:12079969
mree0_si1734 /nfs-share/titouan/workspace/kaldi/egs/timit/s5_la2/data-fmllr-tri3/train/data/feats_fmllr_train.8.ark:15202906
fbcg1_sx442 /nfs-share/titouan/workspace/kaldi/egs/timit/s5_la2/data-fmllr-tri3/train/data/feats_fmllr_train.1.ark:2750915
fpac0_si661 /nfs-share/titouan/workspace/kaldi/egs/timit/s5_la2/data-fmllr-tri3/train/data/feats_fmllr_train.3.ark:1302958
mjrh0_si1840 /nfs-share/titouan/workspace/kaldi/egs/timit/s5_la2/data-fmllr-tri3/train/data/feats_fmllr_train.7.ark:89029
mjjb0_si1769 /nfs-share/titouan/workspace/kaldi/egs/timit/s5_la2/data-fmllr-tri3/train/data/feats_fmllr_train.6.ark:12430047
mrjb1_sx120 /nfs-share/titouan/workspace/kaldi/egs/timit/s5_la2/data-fmllr-tri3/train/data/feats_fmllr_train.9.ark:999088
mbef0_sx201 /nfs-share/titouan/workspace/kaldi/egs/timit/s5_la2/data-fmllr-tri3/train/data/feats_fmllr_train.4.ark:4657129
msms0_si2063 /nfs-share/titouan/workspace/kaldi/egs/timit/s5_la2/data-fmllr-tri3/train/data/feats_fmllr_train.9.ark:16668681
fblv0_si1688 /nfs-share/titouan/workspace/kaldi/egs/timit/s5_la2/data-fmllr-tri3/train/data/feats_fmllr_train.1.ark:3716870
fmkf0_si1018 /nfs-share/titouan/workspace/kaldi/egs/timit/s5_la2/data-fmllr-tri3/train/data/feats_fmllr_train.2.ark:17130474
fbcg1_si2242 /nfs-share/titouan/workspace/kaldi/egs/timit/s5_la2/data-fmllr-tri3/train/data/feats_fmllr_train.1.ark:2493020
mjhi0_si1328 /nfs-share/titouan/workspace/kaldi/egs/timit/s5_la2/data-fmllr-tri3/train/data/feats_fmllr_train.6.ark:11946575
mjrp0_si1835 /nfs-share/titouan/workspace/kaldi/egs/timit/s5_la2/data-fmllr-tri3/train/data/feats_fmllr_train.7.ark:1120985
fmkf0_sx96 /nfs-share/titouan/workspace/kaldi/egs/timit/s5_la2/data-fmllr-tri3/train/data/feats_fmllr_train.2.ark:17483781
mtjm0_sx56 /nfs-share/titouan/workspace/kaldi/egs/timit/s5_la2/data-fmllr-tri3/train/data/feats_fmllr_train.10.ark:4806269
mmws0_sx78 /nfs-share/titouan/workspace/kaldi/egs/timit/s5_la2/data-fmllr-tri3/train/data/feats_fmllr_train.8.ark:4271814
fsjw0_sx73 /nfs-share/titouan/workspace/kaldi/egs/timit/s5_la2/data-fmllr-tri3/train/data/feats_fmllr_train.3.ark:9944449
mdlc1_si2144 /nfs-share/titouan/workspace/kaldi/egs/timit/s5_la2/data-fmllr-tri3/train/data/feats_fmllr_train.5.ark:3334126
mvjh0_sx206 /nfs-share/titouan/workspace/kaldi/egs/timit/s5_la2/data-fmllr-tri3/train/data/feats_fmllr_train.10.ark:12546210
mrdd0_si2310 /nfs-share/titouan/workspace/kaldi/egs/timit/s5_la2/data-fmllr-tri3/train/data/feats_fmllr_train.8.ark:14155082
maeb0_sx90 /nfs-share/titouan/workspace/kaldi/egs/timit/s5_la2/data-fmllr-tri3/train/data/feats_fmllr_train.4.ark:337962
mkes0_sx443 /nfs-share/titouan/workspace/kaldi/egs/timit/s5_la2/data-fmllr-tri3/train/data/feats_fmllr_train.7.ark:7061143
mdwh0_sx215 /nfs-share/titouan/workspace/kaldi/egs/timit/s5_la2/data-fmllr-tri3/train/data/feats_fmllr_train.5.ark:10169127
fsjw0_sx433 /nfs-share/titouan/workspace/kaldi/egs/timit/s5_la2/data-fmllr-tri3/train/data/feats_fmllr_train.3.ark:9891623
fspm0_sx431 /nfs-share/titouan/workspace/kaldi/egs/timit/s5_la2/data-fmllr-tri3/train/data/feats_fmllr_train.3.ark:13040880
feme0_sx65 /nfs-share/titouan/workspace/kaldi/egs/timit/s5_la2/data-fmllr-tri3/train/data/feats_fmllr_train.1.ark:15377251
mdrd0_sx302 /nfs-share/titouan/workspace/kaldi/egs/timit/s5_la2/data-fmllr-tri3/train/data/feats_fmllr_train.5.ark:8054091
fvkb0_si1159 /nfs-share/titouan/workspace/kaldi/egs/timit/s5_la2/data-fmllr-tri3/train/data/feats_fmllr_train.3.ark:16098030
mlel0_si1246 /nfs-share/titouan/workspace/kaldi/egs/timit/s5_la2/data-fmllr-tri3/train/data/feats_fmllr_train.7.ark:10498193
mdjm0_sx105 /nfs-share/titouan/workspace/kaldi/egs/timit/s5_la2/data-fmllr-tri3/train/data/feats_fmllr_train.5.ark:1728323
mfmc0_sx52 /nfs-share/titouan/workspace/kaldi/egs/timit/s5_la2/data-fmllr-tri3/train/data/feats_fmllr_train.5.ark:14704766
fkde0_sx421 /nfs-share/titouan/workspace/kaldi/egs/timit/s5_la2/data-fmllr-tri3/train/data/feats_fmllr_train.2.ark:5950259
falr0_si695 /nfs-share/titouan/workspace/kaldi/egs/timit/s5_la2/data-fmllr-tri3/train/data/feats_fmllr_train.1.ark:1302954
mfxs0_sx54 /nfs-share/titouan/workspace/kaldi/egs/timit/s5_la2/data-fmllr-tri3/train/data/feats_fmllr_train.5.ark:15812619
mfxv0_sx15 /nfs-share/titouan/workspace/kaldi/egs/timit/s5_la2/data-fmllr-tri3/train/data/feats_fmllr_train.5.ark:16070836
mjmm0_sx175 /nfs-share/titouan/workspace/kaldi/egs/timit/s5_la2/data-fmllr-tri3/train/data/feats_fmllr_train.6.ark:15890909
mmgc0_si1305 /nfs-share/titouan/workspace/kaldi/egs/timit/s5_la2/data-fmllr-tri3/train/data/feats_fmllr_train.8.ark:13
mrre0_sx164 /nfs-share/titouan/workspace/kaldi/egs/timit/s5_la2/data-fmllr-tri3/train/data/feats_fmllr_train.9.ark:7632379
mmvp0_sx204 /nfs-share/titouan/workspace/kaldi/egs/timit/s5_la2/data-fmllr-tri3/train/data/feats_fmllr_train.8.ark:3217380
fmju0_si2019 /nfs-share/titouan/workspace/kaldi/egs/timit/s5_la2/data-fmllr-tri3/train/data/feats_fmllr_train.2.ark:16407667
msat1_sx353 /nfs-share/titouan/workspace/kaldi/egs/timit/s5_la2/data-fmllr-tri3/train/data/feats_fmllr_train.9.ark:12392160
mrcg0_sx258 /nfs-share/titouan/workspace/kaldi/egs/timit/s5_la2/data-fmllr-tri3/train/data/feats_fmllr_train.8.ark:13449261
mram0_sx195 /nfs-share/titouan/workspace/kaldi/egs/timit/s5_la2/data-fmllr-tri3/train/data/feats_fmllr_train.8.ark:12384795
fcjs0_sx77 /nfs-share/titouan/workspace/kaldi/egs/timit/s5_la2/data-fmllr-tri3/train/data/feats_fmllr_train.1.ark:7012688
fklc1_sx328 /nfs-share/titouan/workspace/kaldi/egs/timit/s5_la2/data-fmllr-tri3/train/data/feats_fmllr_train.2.ark:7928598
mjfh0_si477 /nfs-share/titouan/workspace/kaldi/egs/timit/s5_la2/data-fmllr-tri3/train/data/feats_fmllr_train.6.ark:11298996
mdps0_sx89 /nfs-share/titouan/workspace/kaldi/egs/timit/s5_la2/data-fmllr-tri3/train/data/feats_fmllr_train.5.ark:7727047
mrvg0_sx150 /nfs-share/titouan/workspace/kaldi/egs/timit/s5_la2/data-fmllr-tri3/train/data/feats_fmllr_train.9.ark:9782105
fltm0_si1070 /nfs-share/titouan/workspace/kaldi/egs/timit/s5_la2/data-fmllr-tri3/train/data/feats_fmllr_train.2.ark:13933538
mdlr1_sx129 /nfs-share/titouan/workspace/kaldi/egs/timit/s5_la2/data-fmllr-tri3/train/data/feats_fmllr_train.5.ark:5225157
fbmj0_sx66 /nfs-share/titouan/workspace/kaldi/egs/timit/s5_la2/data-fmllr-tri3/train/data/feats_fmllr_train.1.ark:4850745
mjhi0_sx158 /nfs-share/titouan/workspace/kaldi/egs/timit/s5_la2/data-fmllr-tri3/train/data/feats_fmllr_train.6.ark:12114816
mgsh0_sx186 /nfs-share/titouan/workspace/kaldi/egs/timit/s5_la2/data-fmllr-tri3/train/data/feats_fmllr_train.6.ark:2530706
mtpg0_si2013 /nfs-share/titouan/workspace/kaldi/egs/timit/s5_la2/data-fmllr-tri3/train/data/feats_fmllr_train.10.ark:8868816
mejl0_sx242 /nfs-share/titouan/workspace/kaldi/egs/timit/s5_la2/data-fmllr-tri3/train/data/feats_fmllr_train.5.ark:12416506
mkdb0_si588 /nfs-share/titouan/workspace/kaldi/egs/timit/s5_la2/data-fmllr-tri3/train/data/feats_fmllr_train.7.ark:5604358
fsms1_si1504 /nfs-share/titouan/workspace/kaldi/egs/timit/s5_la2/data-fmllr-tri3/train/data/feats_fmllr_train.3.ark:12312180
mcss0_si688 /nfs-share/titouan/workspace/kaldi/egs/timit/s5_la2/data-fmllr-tri3/train/data/feats_fmllr_train.4.ark:12901019
mkls1_si1545 /nfs-share/titouan/workspace/kaldi/egs/timit/s5_la2/data-fmllr-tri3/train/data/feats_fmllr_train.7.ark:8621747
mgrp0_si687 /nfs-share/titouan/workspace/kaldi/egs/timit/s5_la2/data-fmllr-tri3/train/data/feats_fmllr_train.6.ark:1984515
mjjb0_sx239 /nfs-share/titouan/workspace/kaldi/egs/timit/s5_la2/data-fmllr-tri3/train/data/feats_fmllr_train.6.ark:12529781
mtbc0_sx93 /nfs-share/titouan/workspace/kaldi/egs/timit/s5_la2/data-fmllr-tri3/train/data/feats_fmllr_train.10.ark:2410567
mjjm0_si1251 /nfs-share/titouan/workspace/kaldi/egs/timit/s5_la2/data-fmllr-tri3/train/data/feats_fmllr_train.6.ark:13161626
flac0_sx91 /nfs-share/titouan/workspace/kaldi/egs/timit/s5_la2/data-fmllr-tri3/train/data/feats_fmllr_train.2.ark:9180182
mmgk0_sx242 /nfs-share/titouan/workspace/kaldi/egs/timit/s5_la2/data-fmllr-tri3/train/data/feats_fmllr_train.8.ark:877358
mtmt0_si488 /nfs-share/titouan/workspace/kaldi/egs/timit/s5_la2/data-fmllr-tri3/train/data/feats_fmllr_train.10.ark:8153369
mjpg0_sx21 /nfs-share/titouan/workspace/kaldi/egs/timit/s5_la2/data-fmllr-tri3/train/data/feats_fmllr_train.6.ark:16340139
mhjb0_si2277 /nfs-share/titouan/workspace/kaldi/egs/timit/s5_la2/data-fmllr-tri3/train/data/feats_fmllr_train.6.ark:4382932
mrcw0_si1371 /nfs-share/titouan/workspace/kaldi/egs/timit/s5_la2/data-fmllr-tri3/train/data/feats_fmllr_train.8.ark:13699929
mmam0_si1597 /nfs-share/titouan/workspace/kaldi/egs/timit/s5_la2/data-fmllr-tri3/train/data/feats_fmllr_train.7.ark:13850169
mfrm0_sx165 /nfs-share/titouan/workspace/kaldi/egs/timit/s5_la2/data-fmllr-tri3/train/data/feats_fmllr_train.5.ark:14903277
