mjjj0_sx353 /nfs-share/xinchi/kaldi/egs/timit/s5_la4/fbank/raw_fbank_train.3.ark:3349959
mkdt0_sx173 /nfs-share/xinchi/kaldi/egs/timit/s5_la4/fbank/raw_fbank_train.3.ark:6294643
mpgr1_si1499 /nfs-share/xinchi/kaldi/egs/timit/s5_la4/fbank/raw_fbank_train.3.ark:11197308
mwre0_sx67 /nfs-share/xinchi/kaldi/egs/timit/s5_la4/fbank/raw_fbank_train.4.ark:11238058
freh0_sx325 /nfs-share/xinchi/kaldi/egs/timit/s5_la4/fbank/raw_fbank_train.1.ark:10662285
medr0_si2004 /nfs-share/xinchi/kaldi/egs/timit/s5_la4/fbank/raw_fbank_train.2.ark:9647431
fexm0_sx366 /nfs-share/xinchi/kaldi/egs/timit/s5_la4/fbank/raw_fbank_train.1.ark:4146815
frll0_sx254 /nfs-share/xinchi/kaldi/egs/timit/s5_la4/fbank/raw_fbank_train.1.ark:10837622
fsah0_sx327 /nfs-share/xinchi/kaldi/egs/timit/s5_la4/fbank/raw_fbank_train.1.ark:11052192
fskp0_sx288 /nfs-share/xinchi/kaldi/egs/timit/s5_la4/fbank/raw_fbank_train.2.ark:515562
mmbs0_sx341 /nfs-share/xinchi/kaldi/egs/timit/s5_la4/fbank/raw_fbank_train.3.ark:8469198
majp0_sx354 /nfs-share/xinchi/kaldi/egs/timit/s5_la4/fbank/raw_fbank_train.2.ark:2652163
mtml0_si2325 /nfs-share/xinchi/kaldi/egs/timit/s5_la4/fbank/raw_fbank_train.4.ark:8921634
mjjj0_sx263 /nfs-share/xinchi/kaldi/egs/timit/s5_la4/fbank/raw_fbank_train.3.ark:3334526
mjjj0_si1163 /nfs-share/xinchi/kaldi/egs/timit/s5_la4/fbank/raw_fbank_train.3.ark:3272473
mntw0_sx202 /nfs-share/xinchi/kaldi/egs/timit/s5_la4/fbank/raw_fbank_train.3.ark:10686298
mdcm0_sx310 /nfs-share/xinchi/kaldi/egs/timit/s5_la4/fbank/raw_fbank_train.2.ark:6558719
mabc0_si2041 /nfs-share/xinchi/kaldi/egs/timit/s5_la4/fbank/raw_fbank_train.2.ark:2026039
fsak0_si1300 /nfs-share/xinchi/kaldi/egs/timit/s5_la4/fbank/raw_fbank_train.1.ark:11102684
fdas1_sx111 /nfs-share/xinchi/kaldi/egs/timit/s5_la4/fbank/raw_fbank_train.1.ark:2448311
mmbs0_sx161 /nfs-share/xinchi/kaldi/egs/timit/s5_la4/fbank/raw_fbank_train.3.ark:8435852
mjpm1_sx311 /nfs-share/xinchi/kaldi/egs/timit/s5_la4/fbank/raw_fbank_train.3.ark:4383876
fjsk0_sx152 /nfs-share/xinchi/kaldi/egs/timit/s5_la4/fbank/raw_fbank_train.1.ark:5714700
mrmg0_si2340 /nfs-share/xinchi/kaldi/egs/timit/s5_la4/fbank/raw_fbank_train.4.ark:3811218
msem1_sx180 /nfs-share/xinchi/kaldi/egs/timit/s5_la4/fbank/raw_fbank_train.4.ark:5946063
mbcg0_sx147 /nfs-share/xinchi/kaldi/egs/timit/s5_la4/fbank/raw_fbank_train.2.ark:3400538
fsak0_sx400 /nfs-share/xinchi/kaldi/egs/timit/s5_la4/fbank/raw_fbank_train.1.ark:11188355
mrlk0_sx123 /nfs-share/xinchi/kaldi/egs/timit/s5_la4/fbank/raw_fbank_train.4.ark:3549415
fcke0_si1741 /nfs-share/xinchi/kaldi/egs/timit/s5_la4/fbank/raw_fbank_train.1.ark:1819694
fjdm2_si1964 /nfs-share/xinchi/kaldi/egs/timit/s5_la4/fbank/raw_fbank_train.1.ark:4850229
mvrw0_sx225 /nfs-share/xinchi/kaldi/egs/timit/s5_la4/fbank/raw_fbank_train.4.ark:10445795
mmdb0_si987 /nfs-share/xinchi/kaldi/egs/timit/s5_la4/fbank/raw_fbank_train.3.ark:8628829
mdem0_sx338 /nfs-share/xinchi/kaldi/egs/timit/s5_la4/fbank/raw_fbank_train.2.ark:6953539
fcjs0_sx437 /nfs-share/xinchi/kaldi/egs/timit/s5_la4/fbank/raw_fbank_train.1.ark:1786874
faem0_sx222 /nfs-share/xinchi/kaldi/egs/timit/s5_la4/fbank/raw_fbank_train.1.ark:51746
fklh0_sx177 /nfs-share/xinchi/kaldi/egs/timit/s5_la4/fbank/raw_fbank_train.1.ark:6958081
mrmh0_sx301 /nfs-share/xinchi/kaldi/egs/timit/s5_la4/fbank/raw_fbank_train.4.ark:3950783
fclt0_si2068 /nfs-share/xinchi/kaldi/egs/timit/s5_la4/fbank/raw_fbank_train.1.ark:1915359
mcth0_si1839 /nfs-share/xinchi/kaldi/egs/timit/s5_la4/fbank/raw_fbank_train.2.ark:5726949
mmwb0_sx179 /nfs-share/xinchi/kaldi/egs/timit/s5_la4/fbank/raw_fbank_train.3.ark:10192103
mjai0_si710 /nfs-share/xinchi/kaldi/egs/timit/s5_la4/fbank/raw_fbank_train.3.ark:1898868
fkde0_si1141 /nfs-share/xinchi/kaldi/egs/timit/s5_la4/fbank/raw_fbank_train.1.ark:6283389
feeh0_si471 /nfs-share/xinchi/kaldi/egs/timit/s5_la4/fbank/raw_fbank_train.1.ark:3779728
msas0_si1376 /nfs-share/xinchi/kaldi/egs/timit/s5_la4/fbank/raw_fbank_train.4.ark:5304970
mewm0_sx358 /nfs-share/xinchi/kaldi/egs/timit/s5_la4/fbank/raw_fbank_train.2.ark:10364772
mjhi0_sx68 /nfs-share/xinchi/kaldi/egs/timit/s5_la4/fbank/raw_fbank_train.3.ark:3161333
fdnc0_si2287 /nfs-share/xinchi/kaldi/egs/timit/s5_la4/fbank/raw_fbank_train.1.ark:3162457
mtkp0_sx393 /nfs-share/xinchi/kaldi/egs/timit/s5_la4/fbank/raw_fbank_train.4.ark:8694162
mrre0_sx164 /nfs-share/xinchi/kaldi/egs/timit/s5_la4/fbank/raw_fbank_train.4.ark:4332898
fjrp1_sx82 /nfs-share/xinchi/kaldi/egs/timit/s5_la4/fbank/raw_fbank_train.1.ark:5663005
falr0_si695 /nfs-share/xinchi/kaldi/egs/timit/s5_la4/fbank/raw_fbank_train.1.ark:334750
fjrb0_sx132 /nfs-share/xinchi/kaldi/egs/timit/s5_la4/fbank/raw_fbank_train.1.ark:5482809
mhmg0_si1365 /nfs-share/xinchi/kaldi/egs/timit/s5_la4/fbank/raw_fbank_train.3.ark:1184870
flkm0_sx260 /nfs-share/xinchi/kaldi/egs/timit/s5_la4/fbank/raw_fbank_train.1.ark:7985406
mdcd0_sx155 /nfs-share/xinchi/kaldi/egs/timit/s5_la4/fbank/raw_fbank_train.2.ark:6435308
mjdc0_sx81 /nfs-share/xinchi/kaldi/egs/timit/s5_la4/fbank/raw_fbank_train.3.ark:2237549
mdhl0_sx269 /nfs-share/xinchi/kaldi/egs/timit/s5_la4/fbank/raw_fbank_train.2.ark:7048731
mmws1_sx27 /nfs-share/xinchi/kaldi/egs/timit/s5_la4/fbank/raw_fbank_train.3.ark:10407225
mjjm0_sx287 /nfs-share/xinchi/kaldi/egs/timit/s5_la4/fbank/raw_fbank_train.3.ark:3460656
mram0_si1905 /nfs-share/xinchi/kaldi/egs/timit/s5_la4/fbank/raw_fbank_train.4.ark:886537
mefg0_sx15 /nfs-share/xinchi/kaldi/egs/timit/s5_la4/fbank/raw_fbank_train.2.ark:9783592
mmxs0_sx426 /nfs-share/xinchi/kaldi/egs/timit/s5_la4/fbank/raw_fbank_train.3.ark:10517075
mpar0_sx226 /nfs-share/xinchi/kaldi/egs/timit/s5_la4/fbank/raw_fbank_train.3.ark:10779803
mdlb0_si676 /nfs-share/xinchi/kaldi/egs/timit/s5_la4/fbank/raw_fbank_train.2.ark:7420246
mdlr0_sx243 /nfs-share/xinchi/kaldi/egs/timit/s5_la4/fbank/raw_fbank_train.2.ark:8032982
fdfb0_si1318 /nfs-share/xinchi/kaldi/egs/timit/s5_la4/fbank/raw_fbank_train.1.ark:2607582
mfxs0_si2225 /nfs-share/xinchi/kaldi/egs/timit/s5_la4/fbank/raw_fbank_train.2.ark:10785646
fblv0_si1058 /nfs-share/xinchi/kaldi/egs/timit/s5_la4/fbank/raw_fbank_train.1.ark:941034
fsrh0_sx311 /nfs-share/xinchi/kaldi/egs/timit/s5_la4/fbank/raw_fbank_train.2.ark:1112121
mtlc0_sx37 /nfs-share/xinchi/kaldi/egs/timit/s5_la4/fbank/raw_fbank_train.4.ark:8873219
mjai0_sx254 /nfs-share/xinchi/kaldi/egs/timit/s5_la4/fbank/raw_fbank_train.3.ark:1930614
mfer0_sx52 /nfs-share/xinchi/kaldi/egs/timit/s5_la4/fbank/raw_fbank_train.2.ark:10469942
msrg0_si1221 /nfs-share/xinchi/kaldi/egs/timit/s5_la4/fbank/raw_fbank_train.4.ark:6736443
fpac0_si1921 /nfs-share/xinchi/kaldi/egs/timit/s5_la4/fbank/raw_fbank_train.1.ark:9877265
mjra0_sx66 /nfs-share/xinchi/kaldi/egs/timit/s5_la4/fbank/raw_fbank_train.3.ark:4519406
mrlj1_si2332 /nfs-share/xinchi/kaldi/egs/timit/s5_la4/fbank/raw_fbank_train.4.ark:3442757
msem1_si1440 /nfs-share/xinchi/kaldi/egs/timit/s5_la4/fbank/raw_fbank_train.4.ark:5882843
mjae0_sx84 /nfs-share/xinchi/kaldi/egs/timit/s5_la4/fbank/raw_fbank_train.3.ark:1851648
majp0_sx174 /nfs-share/xinchi/kaldi/egs/timit/s5_la4/fbank/raw_fbank_train.2.ark:2621417
fcmg0_sx252 /nfs-share/xinchi/kaldi/egs/timit/s5_la4/fbank/raw_fbank_train.1.ark:2056444
ftmg0_si2162 /nfs-share/xinchi/kaldi/egs/timit/s5_la4/fbank/raw_fbank_train.2.ark:1648458
mbef0_sx111 /nfs-share/xinchi/kaldi/egs/timit/s5_la4/fbank/raw_fbank_train.2.ark:3497403
fnkl0_sx82 /nfs-share/xinchi/kaldi/egs/timit/s5_la4/fbank/raw_fbank_train.1.ark:9656382
mmam0_sx427 /nfs-share/xinchi/kaldi/egs/timit/s5_la4/fbank/raw_fbank_train.3.ark:8253701
mjdc0_si2165 /nfs-share/xinchi/kaldi/egs/timit/s5_la4/fbank/raw_fbank_train.3.ark:2163432
fcyl0_sx349 /nfs-share/xinchi/kaldi/egs/timit/s5_la4/fbank/raw_fbank_train.1.ark:2357632
mcpm0_sx204 /nfs-share/xinchi/kaldi/egs/timit/s5_la4/fbank/raw_fbank_train.2.ark:5476454
mjrg0_si1366 /nfs-share/xinchi/kaldi/egs/timit/s5_la4/fbank/raw_fbank_train.3.ark:4529000
mdpb0_si866 /nfs-share/xinchi/kaldi/egs/timit/s5_la4/fbank/raw_fbank_train.2.ark:8531522
mwac0_sx251 /nfs-share/xinchi/kaldi/egs/timit/s5_la4/fbank/raw_fbank_train.4.ark:10542300
msvs0_si2198 /nfs-share/xinchi/kaldi/egs/timit/s5_la4/fbank/raw_fbank_train.4.ark:7045790
mwdk0_sx446 /nfs-share/xinchi/kaldi/egs/timit/s5_la4/fbank/raw_fbank_train.4.ark:10933829
mdef0_sx303 /nfs-share/xinchi/kaldi/egs/timit/s5_la4/fbank/raw_fbank_train.2.ark:6850275
mcth0_si1209 /nfs-share/xinchi/kaldi/egs/timit/s5_la4/fbank/raw_fbank_train.2.ark:5712635
mkaj0_si784 /nfs-share/xinchi/kaldi/egs/timit/s5_la4/fbank/raw_fbank_train.3.ark:5890551
madc0_sx107 /nfs-share/xinchi/kaldi/egs/timit/s5_la4/fbank/raw_fbank_train.2.ark:2154410
mtrt0_sx147 /nfs-share/xinchi/kaldi/egs/timit/s5_la4/fbank/raw_fbank_train.4.ark:9953556
msat1_sx83 /nfs-share/xinchi/kaldi/egs/timit/s5_la4/fbank/raw_fbank_train.4.ark:5580092
fsjk1_sx215 /nfs-share/xinchi/kaldi/egs/timit/s5_la4/fbank/raw_fbank_train.2.ark:12
msfh0_si1738 /nfs-share/xinchi/kaldi/egs/timit/s5_la4/fbank/raw_fbank_train.4.ark:6113048
mdwh0_sx215 /nfs-share/xinchi/kaldi/egs/timit/s5_la4/fbank/raw_fbank_train.2.ark:9403174
mcre0_sx131 /nfs-share/xinchi/kaldi/egs/timit/s5_la4/fbank/raw_fbank_train.2.ark:5549687
meal0_sx197 /nfs-share/xinchi/kaldi/egs/timit/s5_la4/fbank/raw_fbank_train.2.ark:9595784
mhrm0_sx418 /nfs-share/xinchi/kaldi/egs/timit/s5_la4/fbank/raw_fbank_train.3.ark:1443159
mjrp0_sx315 /nfs-share/xinchi/kaldi/egs/timit/s5_la4/fbank/raw_fbank_train.3.ark:4974907
mmgc0_sx45 /nfs-share/xinchi/kaldi/egs/timit/s5_la4/fbank/raw_fbank_train.3.ark:9338767
fbmh0_sx56 /nfs-share/xinchi/kaldi/egs/timit/s5_la4/fbank/raw_fbank_train.1.ark:1134211
mrjm0_sx58 /nfs-share/xinchi/kaldi/egs/timit/s5_la4/fbank/raw_fbank_train.4.ark:2894092
mjrp0_si585 /nfs-share/xinchi/kaldi/egs/timit/s5_la4/fbank/raw_fbank_train.3.ark:4940408
mkaj0_si2044 /nfs-share/xinchi/kaldi/egs/timit/s5_la4/fbank/raw_fbank_train.3.ark:5874518
mmds0_sx83 /nfs-share/xinchi/kaldi/egs/timit/s5_la4/fbank/raw_fbank_train.3.ark:9072653
mrso0_sx219 /nfs-share/xinchi/kaldi/egs/timit/s5_la4/fbank/raw_fbank_train.4.ark:4458197
fdtd0_sx391 /nfs-share/xinchi/kaldi/egs/timit/s5_la4/fbank/raw_fbank_train.1.ark:3333167
fkdw0_si1891 /nfs-share/xinchi/kaldi/egs/timit/s5_la4/fbank/raw_fbank_train.1.ark:6413569
mpsw0_sx24 /nfs-share/xinchi/kaldi/egs/timit/s5_la4/fbank/raw_fbank_train.4.ark:525896
mstf0_sx46 /nfs-share/xinchi/kaldi/egs/timit/s5_la4/fbank/raw_fbank_train.4.ark:7024442
mtpg0_sx213 /nfs-share/xinchi/kaldi/egs/timit/s5_la4/fbank/raw_fbank_train.4.ark:9348480
mter0_sx437 /nfs-share/xinchi/kaldi/egs/timit/s5_la4/fbank/raw_fbank_train.4.ark:8056580
mwrp0_sx3 /nfs-share/xinchi/kaldi/egs/timit/s5_la4/fbank/raw_fbank_train.4.ark:11322337
mrmh0_sx31 /nfs-share/xinchi/kaldi/egs/timit/s5_la4/fbank/raw_fbank_train.4.ark:3962455
mtrc0_sx273 /nfs-share/xinchi/kaldi/egs/timit/s5_la4/fbank/raw_fbank_train.4.ark:9785012
mhjb0_si1647 /nfs-share/xinchi/kaldi/egs/timit/s5_la4/fbank/raw_fbank_train.3.ark:1114998
mtkd0_si1187 /nfs-share/xinchi/kaldi/egs/timit/s5_la4/fbank/raw_fbank_train.4.ark:8491346
fltm0_sx440 /nfs-share/xinchi/kaldi/egs/timit/s5_la4/fbank/raw_fbank_train.1.ark:8498200
mtpf0_sx245 /nfs-share/xinchi/kaldi/egs/timit/s5_la4/fbank/raw_fbank_train.4.ark:9253775
fsjg0_sx310 /nfs-share/xinchi/kaldi/egs/timit/s5_la4/fbank/raw_fbank_train.1.ark:11789281
mjxa0_sx157 /nfs-share/xinchi/kaldi/egs/timit/s5_la4/fbank/raw_fbank_train.3.ark:5500485
mmgc0_si1935 /nfs-share/xinchi/kaldi/egs/timit/s5_la4/fbank/raw_fbank_train.3.ark:9275289
mdlr1_sx399 /nfs-share/xinchi/kaldi/egs/timit/s5_la4/fbank/raw_fbank_train.2.ark:8182505
mmab1_sx144 /nfs-share/xinchi/kaldi/egs/timit/s5_la4/fbank/raw_fbank_train.3.ark:8007751
fsdj0_sx305 /nfs-share/xinchi/kaldi/egs/timit/s5_la4/fbank/raw_fbank_train.1.ark:11576271
mtrr0_si918 /nfs-share/xinchi/kaldi/egs/timit/s5_la4/fbank/raw_fbank_train.4.ark:9831698
mhmr0_sx309 /nfs-share/xinchi/kaldi/egs/timit/s5_la4/fbank/raw_fbank_train.3.ark:1345021
mrlj1_sx231 /nfs-share/xinchi/kaldi/egs/timit/s5_la4/fbank/raw_fbank_train.4.ark:3461663
mmbs0_sx71 /nfs-share/xinchi/kaldi/egs/timit/s5_la4/fbank/raw_fbank_train.3.ark:8497263
mjdm0_si974 /nfs-share/xinchi/kaldi/egs/timit/s5_la4/fbank/raw_fbank_train.3.ark:2500860
flma0_sx253 /nfs-share/xinchi/kaldi/egs/timit/s5_la4/fbank/raw_fbank_train.1.ark:8090831
fkkh0_sx30 /nfs-share/xinchi/kaldi/egs/timit/s5_la4/fbank/raw_fbank_train.1.ark:6683510
mrav0_sx108 /nfs-share/xinchi/kaldi/egs/timit/s5_la4/fbank/raw_fbank_train.4.ark:1006750
fgmb0_sx65 /nfs-share/xinchi/kaldi/egs/timit/s5_la4/fbank/raw_fbank_train.1.ark:4487523
mwsb0_sx6 /nfs-share/xinchi/kaldi/egs/timit/s5_la4/fbank/raw_fbank_train.4.ark:11422033
mjwg0_si2155 /nfs-share/xinchi/kaldi/egs/timit/s5_la4/fbank/raw_fbank_train.3.ark:5131071
mjkr0_sx301 /nfs-share/xinchi/kaldi/egs/timit/s5_la4/fbank/raw_fbank_train.3.ark:3553689
fkkh0_sx120 /nfs-share/xinchi/kaldi/egs/timit/s5_la4/fbank/raw_fbank_train.1.ark:6659245
fskl0_si1529 /nfs-share/xinchi/kaldi/egs/timit/s5_la4/fbank/raw_fbank_train.2.ark:347179
mjwg0_si895 /nfs-share/xinchi/kaldi/egs/timit/s5_la4/fbank/raw_fbank_train.3.ark:5161137
mjfr0_sx435 /nfs-share/xinchi/kaldi/egs/timit/s5_la4/fbank/raw_fbank_train.3.ark:3043197
mjhi0_sx338 /nfs-share/xinchi/kaldi/egs/timit/s5_la4/fbank/raw_fbank_train.3.ark:3133268
mtrc0_sx363 /nfs-share/xinchi/kaldi/egs/timit/s5_la4/fbank/raw_fbank_train.4.ark:9792805
mgaw0_sx445 /nfs-share/xinchi/kaldi/egs/timit/s5_la4/fbank/raw_fbank_train.3.ark:175598
mrai0_si792 /nfs-share/xinchi/kaldi/egs/timit/s5_la4/fbank/raw_fbank_train.4.ark:789865
mtrc0_si1623 /nfs-share/xinchi/kaldi/egs/timit/s5_la4/fbank/raw_fbank_train.4.ark:9725647
marw0_sx16 /nfs-share/xinchi/kaldi/egs/timit/s5_la4/fbank/raw_fbank_train.2.ark:3114575
mlel0_si1246 /nfs-share/xinchi/kaldi/egs/timit/s5_la4/fbank/raw_fbank_train.3.ark:7328621
mhmr0_si1119 /nfs-share/xinchi/kaldi/egs/timit/s5_la4/fbank/raw_fbank_train.3.ark:1275495
milb0_sx363 /nfs-share/xinchi/kaldi/egs/timit/s5_la4/fbank/raw_fbank_train.3.ark:1645365
mgag0_si645 /nfs-share/xinchi/kaldi/egs/timit/s5_la4/fbank/raw_fbank_train.2.ark:11067962
fdkn0_sx361 /nfs-share/xinchi/kaldi/egs/timit/s5_la4/fbank/raw_fbank_train.1.ark:2857400
fceg0_si1878 /nfs-share/xinchi/kaldi/egs/timit/s5_la4/fbank/raw_fbank_train.1.ark:1575099
mlns0_sx147 /nfs-share/xinchi/kaldi/egs/timit/s5_la4/fbank/raw_fbank_train.3.ark:7704996
mdwh0_sx35 /nfs-share/xinchi/kaldi/egs/timit/s5_la4/fbank/raw_fbank_train.2.ark:9433199
ftlg0_sx123 /nfs-share/xinchi/kaldi/egs/timit/s5_la4/fbank/raw_fbank_train.2.ark:1585299
majp0_sx444 /nfs-share/xinchi/kaldi/egs/timit/s5_la4/fbank/raw_fbank_train.2.ark:2664556
mdhs0_sx270 /nfs-share/xinchi/kaldi/egs/timit/s5_la4/fbank/raw_fbank_train.2.ark:7146756
mjeb1_sx297 /nfs-share/xinchi/kaldi/egs/timit/s5_la4/fbank/raw_fbank_train.3.ark:2761561
msds0_si2337 /nfs-share/xinchi/kaldi/egs/timit/s5_la4/fbank/raw_fbank_train.4.ark:5800285
mtat0_si811 /nfs-share/xinchi/kaldi/egs/timit/s5_la4/fbank/raw_fbank_train.4.ark:7385138
mtju0_sx130 /nfs-share/xinchi/kaldi/egs/timit/s5_la4/fbank/raw_fbank_train.4.ark:8433461
mdlc2_sx444 /nfs-share/xinchi/kaldi/egs/timit/s5_la4/fbank/raw_fbank_train.2.ark:7768734
mbjv0_si1877 /nfs-share/xinchi/kaldi/egs/timit/s5_la4/fbank/raw_fbank_train.2.ark:3657267
meal0_si1547 /nfs-share/xinchi/kaldi/egs/timit/s5_la4/fbank/raw_fbank_train.2.ark:9558531
mgrl0_si1497 /nfs-share/xinchi/kaldi/egs/timit/s5_la4/fbank/raw_fbank_train.3.ark:387795
mdbp0_sx348 /nfs-share/xinchi/kaldi/egs/timit/s5_la4/fbank/raw_fbank_train.2.ark:6353469
mrab1_sx398 /nfs-share/xinchi/kaldi/egs/timit/s5_la4/fbank/raw_fbank_train.4.ark:752604
mmrp0_sx144 /nfs-share/xinchi/kaldi/egs/timit/s5_la4/fbank/raw_fbank_train.3.ark:9843867
fcag0_sx333 /nfs-share/xinchi/kaldi/egs/timit/s5_la4/fbank/raw_fbank_train.1.ark:1306116
mjfh0_si1107 /nfs-share/xinchi/kaldi/egs/timit/s5_la4/fbank/raw_fbank_train.3.ark:2884253
fmem0_sx207 /nfs-share/xinchi/kaldi/egs/timit/s5_la4/fbank/raw_fbank_train.1.ark:8773088
marc0_si1188 /nfs-share/xinchi/kaldi/egs/timit/s5_la4/fbank/raw_fbank_train.2.ark:2992418
fvkb0_sx439 /nfs-share/xinchi/kaldi/egs/timit/s5_la4/fbank/raw_fbank_train.2.ark:1902394
fjsp0_si1434 /nfs-share/xinchi/kaldi/egs/timit/s5_la4/fbank/raw_fbank_train.1.ark:5778905
mmgg0_si1709 /nfs-share/xinchi/kaldi/egs/timit/s5_la4/fbank/raw_fbank_train.3.ark:9368315
fsjk1_si2285 /nfs-share/xinchi/kaldi/egs/timit/s5_la4/fbank/raw_fbank_train.1.ark:11852134
msah1_sx59 /nfs-share/xinchi/kaldi/egs/timit/s5_la4/fbank/raw_fbank_train.4.ark:5298616
ftaj0_sx339 /nfs-share/xinchi/kaldi/egs/timit/s5_la4/fbank/raw_fbank_train.2.ark:1312971
mbom0_sx384 /nfs-share/xinchi/kaldi/egs/timit/s5_la4/fbank/raw_fbank_train.2.ark:4104566
mdpb0_sx416 /nfs-share/xinchi/kaldi/egs/timit/s5_la4/fbank/raw_fbank_train.2.ark:8582974
mjrh0_sx225 /nfs-share/xinchi/kaldi/egs/timit/s5_la4/fbank/raw_fbank_train.3.ark:4685039
mmeb0_sx7 /nfs-share/xinchi/kaldi/egs/timit/s5_la4/fbank/raw_fbank_train.3.ark:9237309
mjde0_sx40 /nfs-share/xinchi/kaldi/egs/timit/s5_la4/fbank/raw_fbank_train.3.ark:2347900
mdem0_si608 /nfs-share/xinchi/kaldi/egs/timit/s5_la4/fbank/raw_fbank_train.2.ark:6889047
mbwp0_sx349 /nfs-share/xinchi/kaldi/egs/timit/s5_la4/fbank/raw_fbank_train.2.ark:4350373
mwsh0_si1426 /nfs-share/xinchi/kaldi/egs/timit/s5_la4/fbank/raw_fbank_train.4.ark:11440819
madd0_sx178 /nfs-share/xinchi/kaldi/egs/timit/s5_la4/fbank/raw_fbank_train.2.ark:2243915
mkls1_sx375 /nfs-share/xinchi/kaldi/egs/timit/s5_la4/fbank/raw_fbank_train.3.ark:6927486
mdlc2_sx264 /nfs-share/xinchi/kaldi/egs/timit/s5_la4/fbank/raw_fbank_train.2.ark:7748588
mrjb1_si1413 /nfs-share/xinchi/kaldi/egs/timit/s5_la4/fbank/raw_fbank_train.4.ark:2587324
mbml0_sx179 /nfs-share/xinchi/kaldi/egs/timit/s5_la4/fbank/raw_fbank_train.2.ark:3968008
mtdp0_si2151 /nfs-share/xinchi/kaldi/egs/timit/s5_la4/fbank/raw_fbank_train.4.ark:7889184
mbth0_sx212 /nfs-share/xinchi/kaldi/egs/timit/s5_la4/fbank/raw_fbank_train.2.ark:4242235
fsjs0_sx181 /nfs-share/xinchi/kaldi/egs/timit/s5_la4/fbank/raw_fbank_train.2.ark:82924
mrlj1_sx141 /nfs-share/xinchi/kaldi/egs/timit/s5_la4/fbank/raw_fbank_train.4.ark:3449270
mdwd0_sx90 /nfs-share/xinchi/kaldi/egs/timit/s5_la4/fbank/raw_fbank_train.2.ark:9334087
fbmh0_si1766 /nfs-share/xinchi/kaldi/egs/timit/s5_la4/fbank/raw_fbank_train.1.ark:1066534
mbjv0_sx167 /nfs-share/xinchi/kaldi/egs/timit/s5_la4/fbank/raw_fbank_train.2.ark:3679733
fjlg0_si1506 /nfs-share/xinchi/kaldi/egs/timit/s5_la4/fbank/raw_fbank_train.1.ark:5253818
mkam0_si1316 /nfs-share/xinchi/kaldi/egs/timit/s5_la4/fbank/raw_fbank_train.3.ark:5968183
mtml0_sx255 /nfs-share/xinchi/kaldi/egs/timit/s5_la4/fbank/raw_fbank_train.4.ark:8949900
mrld0_sx64 /nfs-share/xinchi/kaldi/egs/timit/s5_la4/fbank/raw_fbank_train.4.ark:3315750
mmlm0_sx447 /nfs-share/xinchi/kaldi/egs/timit/s5_la4/fbank/raw_fbank_train.3.ark:9693956
mjeb0_sx296 /nfs-share/xinchi/kaldi/egs/timit/s5_la4/fbank/raw_fbank_train.3.ark:2658816
fsjs0_si1801 /nfs-share/xinchi/kaldi/egs/timit/s5_la4/fbank/raw_fbank_train.2.ark:52378
mcdc0_sx122 /nfs-share/xinchi/kaldi/egs/timit/s5_la4/fbank/raw_fbank_train.2.ark:4651980
mgsl0_sx444 /nfs-share/xinchi/kaldi/egs/timit/s5_la4/fbank/raw_fbank_train.3.ark:779666
mkam0_sx416 /nfs-share/xinchi/kaldi/egs/timit/s5_la4/fbank/raw_fbank_train.3.ark:6033909
mrjm1_sx38 /nfs-share/xinchi/kaldi/egs/timit/s5_la4/fbank/raw_fbank_train.4.ark:2985084
fklc0_si2245 /nfs-share/xinchi/kaldi/egs/timit/s5_la4/fbank/raw_fbank_train.1.ark:6723044
mtmt0_si1748 /nfs-share/xinchi/kaldi/egs/timit/s5_la4/fbank/raw_fbank_train.4.ark:9119451
fleh0_si1681 /nfs-share/xinchi/kaldi/egs/timit/s5_la4/fbank/raw_fbank_train.1.ark:7339235
mkdt0_si814 /nfs-share/xinchi/kaldi/egs/timit/s5_la4/fbank/raw_fbank_train.3.ark:6264537
mrmg0_sx450 /nfs-share/xinchi/kaldi/egs/timit/s5_la4/fbank/raw_fbank_train.4.ark:3861070
frjb0_sx257 /nfs-share/xinchi/kaldi/egs/timit/s5_la4/fbank/raw_fbank_train.1.ark:10729838
mlbc0_si609 /nfs-share/xinchi/kaldi/egs/timit/s5_la4/fbank/raw_fbank_train.3.ark:7258263
mjws0_sx423 /nfs-share/xinchi/kaldi/egs/timit/s5_la4/fbank/raw_fbank_train.3.ark:5326254
mbef0_si1281 /nfs-share/xinchi/kaldi/egs/timit/s5_la4/fbank/raw_fbank_train.2.ark:3458623
mtbc0_si543 /nfs-share/xinchi/kaldi/egs/timit/s5_la4/fbank/raw_fbank_train.4.ark:7584028
mwgr0_si976 /nfs-share/xinchi/kaldi/egs/timit/s5_la4/fbank/raw_fbank_train.4.ark:11080668
mtml0_si1695 /nfs-share/xinchi/kaldi/egs/timit/s5_la4/fbank/raw_fbank_train.4.ark:8906600
flma0_sx343 /nfs-share/xinchi/kaldi/egs/timit/s5_la4/fbank/raw_fbank_train.1.ark:8098824
mfrm0_sx345 /nfs-share/xinchi/kaldi/egs/timit/s5_la4/fbank/raw_fbank_train.2.ark:10644408
fspm0_sx161 /nfs-share/xinchi/kaldi/egs/timit/s5_la4/fbank/raw_fbank_train.2.ark:992630
fcaj0_si849 /nfs-share/xinchi/kaldi/egs/timit/s5_la4/fbank/raw_fbank_train.1.ark:1359962
fclt0_sx448 /nfs-share/xinchi/kaldi/egs/timit/s5_la4/fbank/raw_fbank_train.1.ark:1975924
mcss0_sx120 /nfs-share/xinchi/kaldi/egs/timit/s5_la4/fbank/raw_fbank_train.2.ark:5657790
mbth0_sx302 /nfs-share/xinchi/kaldi/egs/timit/s5_la4/fbank/raw_fbank_train.2.ark:4256108
mjrh0_sx405 /nfs-share/xinchi/kaldi/egs/timit/s5_la4/fbank/raw_fbank_train.3.ark:4705625
mmeb0_si727 /nfs-share/xinchi/kaldi/egs/timit/s5_la4/fbank/raw_fbank_train.3.ark:9192219
mfxs0_sx234 /nfs-share/xinchi/kaldi/egs/timit/s5_la4/fbank/raw_fbank_train.2.ark:10813826
mpgr0_sx150 /nfs-share/xinchi/kaldi/egs/timit/s5_la4/fbank/raw_fbank_train.3.ark:11131909
mjwg0_sx355 /nfs-share/xinchi/kaldi/egs/timit/s5_la4/fbank/raw_fbank_train.3.ark:5214956
mtju0_sx310 /nfs-share/xinchi/kaldi/egs/timit/s5_la4/fbank/raw_fbank_train.4.ark:8457487
mdtb0_si1830 /nfs-share/xinchi/kaldi/egs/timit/s5_la4/fbank/raw_fbank_train.2.ark:9174784
mrab1_si2108 /nfs-share/xinchi/kaldi/egs/timit/s5_la4/fbank/raw_fbank_train.4.ark:676447
mmar0_sx346 /nfs-share/xinchi/kaldi/egs/timit/s5_la4/fbank/raw_fbank_train.3.ark:8354733
mbjv0_sx257 /nfs-share/xinchi/kaldi/egs/timit/s5_la4/fbank/raw_fbank_train.2.ark:3692806
mgak0_sx46 /nfs-share/xinchi/kaldi/egs/timit/s5_la4/fbank/raw_fbank_train.2.ark:11244145
flmk0_sx45 /nfs-share/xinchi/kaldi/egs/timit/s5_la4/fbank/raw_fbank_train.1.ark:8318060
mtjm0_sx416 /nfs-share/xinchi/kaldi/egs/timit/s5_la4/fbank/raw_fbank_train.4.ark:8258950
msem1_sx360 /nfs-share/xinchi/kaldi/egs/timit/s5_la4/fbank/raw_fbank_train.4.ark:5971649
mwch0_sx272 /nfs-share/xinchi/kaldi/egs/timit/s5_la4/fbank/raw_fbank_train.4.ark:10810778
mmdg0_sx340 /nfs-share/xinchi/kaldi/egs/timit/s5_la4/fbank/raw_fbank_train.3.ark:8766633
flkm0_si1880 /nfs-share/xinchi/kaldi/egs/timit/s5_la4/fbank/raw_fbank_train.1.ark:7933234
fmbg0_si1790 /nfs-share/xinchi/kaldi/egs/timit/s5_la4/fbank/raw_fbank_train.1.ark:8639885
mmpm0_si2321 /nfs-share/xinchi/kaldi/egs/timit/s5_la4/fbank/raw_fbank_train.3.ark:9735010
mmgc0_sx405 /nfs-share/xinchi/kaldi/egs/timit/s5_la4/fbank/raw_fbank_train.3.ark:9329015
mmag0_sx46 /nfs-share/xinchi/kaldi/egs/timit/s5_la4/fbank/raw_fbank_train.3.ark:8178427
mkdd0_si2197 /nfs-share/xinchi/kaldi/egs/timit/s5_la4/fbank/raw_fbank_train.3.ark:6172873
mgjc0_sx435 /nfs-share/xinchi/kaldi/egs/timit/s5_la4/fbank/raw_fbank_train.3.ark:357209
mdac0_si631 /nfs-share/xinchi/kaldi/egs/timit/s5_la4/fbank/raw_fbank_train.2.ark:6024217
fsdj0_sx395 /nfs-share/xinchi/kaldi/egs/timit/s5_la4/fbank/raw_fbank_train.1.ark:11595016
mmea0_sx308 /nfs-share/xinchi/kaldi/egs/timit/s5_la4/fbank/raw_fbank_train.3.ark:9135453
mdem0_sx68 /nfs-share/xinchi/kaldi/egs/timit/s5_la4/fbank/raw_fbank_train.2.ark:6986364
fmjb0_si547 /nfs-share/xinchi/kaldi/egs/timit/s5_la4/fbank/raw_fbank_train.1.ark:8862808
msrr0_sx51 /nfs-share/xinchi/kaldi/egs/timit/s5_la4/fbank/raw_fbank_train.4.ark:6916418
fspm0_sx71 /nfs-share/xinchi/kaldi/egs/timit/s5_la4/fbank/raw_fbank_train.2.ark:1049961
mjeb0_si1916 /nfs-share/xinchi/kaldi/egs/timit/s5_la4/fbank/raw_fbank_train.3.ark:2596212
mtdb0_sx231 /nfs-share/xinchi/kaldi/egs/timit/s5_la4/fbank/raw_fbank_train.4.ark:7819104
msms0_si2063 /nfs-share/xinchi/kaldi/egs/timit/s5_la4/fbank/raw_fbank_train.4.ark:6655012
mrlr0_sx296 /nfs-share/xinchi/kaldi/egs/timit/s5_la4/fbank/raw_fbank_train.4.ark:3674658
mwch0_sx182 /nfs-share/xinchi/kaldi/egs/timit/s5_la4/fbank/raw_fbank_train.4.ark:10802985
mdbp0_si528 /nfs-share/xinchi/kaldi/egs/timit/s5_la4/fbank/raw_fbank_train.2.ark:6310450
mter0_si1157 /nfs-share/xinchi/kaldi/egs/timit/s5_la4/fbank/raw_fbank_train.4.ark:7981702
fjxp0_si492 /nfs-share/xinchi/kaldi/egs/timit/s5_la4/fbank/raw_fbank_train.1.ark:6111006
mdwd0_si1890 /nfs-share/xinchi/kaldi/egs/timit/s5_la4/fbank/raw_fbank_train.2.ark:9268970
fpac0_sx391 /nfs-share/xinchi/kaldi/egs/timit/s5_la4/fbank/raw_fbank_train.1.ark:9974256
fear0_si1252 /nfs-share/xinchi/kaldi/egs/timit/s5_la4/fbank/raw_fbank_train.1.ark:3532851
mwdk0_sx356 /nfs-share/xinchi/kaldi/egs/timit/s5_la4/fbank/raw_fbank_train.4.ark:10921516
mhmg0_sx105 /nfs-share/xinchi/kaldi/egs/timit/s5_la4/fbank/raw_fbank_train.3.ark:1225850
mesg0_si1962 /nfs-share/xinchi/kaldi/egs/timit/s5_la4/fbank/raw_fbank_train.2.ark:10137152
fmem0_sx333 /nfs-share/xinchi/kaldi/egs/timit/s5_la4/fbank/raw_fbank_train.1.ark:8792674
frll0_si1514 /nfs-share/xinchi/kaldi/egs/timit/s5_la4/fbank/raw_fbank_train.1.ark:10781290
fcdr1_si1186 /nfs-share/xinchi/kaldi/egs/timit/s5_la4/fbank/raw_fbank_train.1.ark:1433240
mdlc0_sx405 /nfs-share/xinchi/kaldi/egs/timit/s5_la4/fbank/raw_fbank_train.2.ark:7584803
mrmb0_sx141 /nfs-share/xinchi/kaldi/egs/timit/s5_la4/fbank/raw_fbank_train.4.ark:3730665
mjjb0_sx59 /nfs-share/xinchi/kaldi/egs/timit/s5_la4/fbank/raw_fbank_train.3.ark:3263639
mtpr0_sx430 /nfs-share/xinchi/kaldi/egs/timit/s5_la4/fbank/raw_fbank_train.4.ark:9567476
mjae0_sx174 /nfs-share/xinchi/kaldi/egs/timit/s5_la4/fbank/raw_fbank_train.3.ark:1797037
fdml0_sx429 /nfs-share/xinchi/kaldi/egs/timit/s5_la4/fbank/raw_fbank_train.1.ark:2963139
mhxl0_sx152 /nfs-share/xinchi/kaldi/egs/timit/s5_la4/fbank/raw_fbank_train.3.ark:1506084
mdlr1_sx39 /nfs-share/xinchi/kaldi/egs/timit/s5_la4/fbank/raw_fbank_train.2.ark:8170312
mtqc0_sx181 /nfs-share/xinchi/kaldi/egs/timit/s5_la4/fbank/raw_fbank_train.4.ark:9643202
mdem0_sx428 /nfs-share/xinchi/kaldi/egs/timit/s5_la4/fbank/raw_fbank_train.2.ark:6968132
mmdg0_sx430 /nfs-share/xinchi/kaldi/egs/timit/s5_la4/fbank/raw_fbank_train.3.ark:8780586
mbar0_sx59 /nfs-share/xinchi/kaldi/egs/timit/s5_la4/fbank/raw_fbank_train.2.ark:3265099
mgsl0_si534 /nfs-share/xinchi/kaldi/egs/timit/s5_la4/fbank/raw_fbank_train.3.ark:713021
mlsh0_sx337 /nfs-share/xinchi/kaldi/egs/timit/s5_la4/fbank/raw_fbank_train.3.ark:7828927
mbcg0_si957 /nfs-share/xinchi/kaldi/egs/timit/s5_la4/fbank/raw_fbank_train.2.ark:3384145
mljc0_sx415 /nfs-share/xinchi/kaldi/egs/timit/s5_la4/fbank/raw_fbank_train.3.ark:7518605
mdcm0_si850 /nfs-share/xinchi/kaldi/egs/timit/s5_la4/fbank/raw_fbank_train.2.ark:6522580
mjlg1_sx112 /nfs-share/xinchi/kaldi/egs/timit/s5_la4/fbank/raw_fbank_train.3.ark:3717274
mdbb1_si1006 /nfs-share/xinchi/kaldi/egs/timit/s5_la4/fbank/raw_fbank_train.2.ark:6197597
mdma0_sx440 /nfs-share/xinchi/kaldi/egs/timit/s5_la4/fbank/raw_fbank_train.2.ark:8282259
msdh0_sx80 /nfs-share/xinchi/kaldi/egs/timit/s5_la4/fbank/raw_fbank_train.4.ark:5754143
mges0_si1481 /nfs-share/xinchi/kaldi/egs/timit/s5_la4/fbank/raw_fbank_train.3.ark:193384
mdss1_sx157 /nfs-share/xinchi/kaldi/egs/timit/s5_la4/fbank/raw_fbank_train.2.ark:9112065
mrpc1_si2112 /nfs-share/xinchi/kaldi/egs/timit/s5_la4/fbank/raw_fbank_train.4.ark:4214361
fcjs0_si2237 /nfs-share/xinchi/kaldi/egs/timit/s5_la4/fbank/raw_fbank_train.1.ark:1729509
mhjb0_si1017 /nfs-share/xinchi/kaldi/egs/timit/s5_la4/fbank/raw_fbank_train.3.ark:1105444
mvjh0_si926 /nfs-share/xinchi/kaldi/egs/timit/s5_la4/fbank/raw_fbank_train.4.ark:10238199
mdlc2_si1614 /nfs-share/xinchi/kaldi/egs/timit/s5_la4/fbank/raw_fbank_train.2.ark:7705615
mrds0_si537 /nfs-share/xinchi/kaldi/egs/timit/s5_la4/fbank/raw_fbank_train.4.ark:1576868
mgrp0_sx57 /nfs-share/xinchi/kaldi/egs/timit/s5_la4/fbank/raw_fbank_train.3.ark:580011
mtwh1_sx342 /nfs-share/xinchi/kaldi/egs/timit/s5_la4/fbank/raw_fbank_train.4.ark:10056967
msrg0_sx411 /nfs-share/xinchi/kaldi/egs/timit/s5_la4/fbank/raw_fbank_train.4.ark:6807002
mter0_si1787 /nfs-share/xinchi/kaldi/egs/timit/s5_la4/fbank/raw_fbank_train.4.ark:7999496
fkfb0_sx78 /nfs-share/xinchi/kaldi/egs/timit/s5_la4/fbank/raw_fbank_train.1.ark:6598711
mdpk0_sx423 /nfs-share/xinchi/kaldi/egs/timit/s5_la4/fbank/raw_fbank_train.2.ark:8671359
mrso0_sx399 /nfs-share/xinchi/kaldi/egs/timit/s5_la4/fbank/raw_fbank_train.4.ark:4502695
mljc0_sx145 /nfs-share/xinchi/kaldi/egs/timit/s5_la4/fbank/raw_fbank_train.3.ark:7483506
mrlj1_sx321 /nfs-share/xinchi/kaldi/egs/timit/s5_la4/fbank/raw_fbank_train.4.ark:3466536
mjfh0_sx27 /nfs-share/xinchi/kaldi/egs/timit/s5_la4/fbank/raw_fbank_train.3.ark:2937578
mbth0_si505 /nfs-share/xinchi/kaldi/egs/timit/s5_la4/fbank/raw_fbank_train.2.ark:4206936
mbcg0_si486 /nfs-share/xinchi/kaldi/egs/timit/s5_la4/fbank/raw_fbank_train.2.ark:3376992
fcyl0_sx217 /nfs-share/xinchi/kaldi/egs/timit/s5_la4/fbank/raw_fbank_train.1.ark:2348999
mkes0_si1253 /nfs-share/xinchi/kaldi/egs/timit/s5_la4/fbank/raw_fbank_train.3.ark:6357848
fsjw0_sx163 /nfs-share/xinchi/kaldi/egs/timit/s5_la4/fbank/raw_fbank_train.2.ark:194309
mjeb0_sx170 /nfs-share/xinchi/kaldi/egs/timit/s5_la4/fbank/raw_fbank_train.3.ark:2617558
mrkm0_si637 /nfs-share/xinchi/kaldi/egs/timit/s5_la4/fbank/raw_fbank_train.4.ark:3152843
madd0_sx268 /nfs-share/xinchi/kaldi/egs/timit/s5_la4/fbank/raw_fbank_train.2.ark:2258908
mdac0_sx91 /nfs-share/xinchi/kaldi/egs/timit/s5_la4/fbank/raw_fbank_train.2.ark:6097301
mdss0_si621 /nfs-share/xinchi/kaldi/egs/timit/s5_la4/fbank/raw_fbank_train.2.ark:9014327
mjwg0_sx265 /nfs-share/xinchi/kaldi/egs/timit/s5_la4/fbank/raw_fbank_train.3.ark:5202243
flkm0_sx80 /nfs-share/xinchi/kaldi/egs/timit/s5_la4/fbank/raw_fbank_train.1.ark:8035864
mcdc0_sx302 /nfs-share/xinchi/kaldi/egs/timit/s5_la4/fbank/raw_fbank_train.2.ark:4678806
mbgt0_si1841 /nfs-share/xinchi/kaldi/egs/timit/s5_la4/fbank/raw_fbank_train.2.ark:3546402
fblv0_sx68 /nfs-share/xinchi/kaldi/egs/timit/s5_la4/fbank/raw_fbank_train.1.ark:1037266
mdlr0_sx153 /nfs-share/xinchi/kaldi/egs/timit/s5_la4/fbank/raw_fbank_train.2.ark:8018749
fklc1_sx328 /nfs-share/xinchi/kaldi/egs/timit/s5_la4/fbank/raw_fbank_train.1.ark:6875762
fjxp0_sx222 /nfs-share/xinchi/kaldi/egs/timit/s5_la4/fbank/raw_fbank_train.1.ark:6128432
mrtj0_si772 /nfs-share/xinchi/kaldi/egs/timit/s5_la4/fbank/raw_fbank_train.4.ark:4753366
mjsr0_si1424 /nfs-share/xinchi/kaldi/egs/timit/s5_la4/fbank/raw_fbank_train.3.ark:5006966
fvfb0_si1032 /nfs-share/xinchi/kaldi/egs/timit/s5_la4/fbank/raw_fbank_train.2.ark:1737169
mcxm0_sx451 /nfs-share/xinchi/kaldi/egs/timit/s5_la4/fbank/raw_fbank_train.2.ark:5978364
mbth0_sx122 /nfs-share/xinchi/kaldi/egs/timit/s5_la4/fbank/raw_fbank_train.2.ark:4227522
mapv0_sx303 /nfs-share/xinchi/kaldi/egs/timit/s5_la4/fbank/raw_fbank_train.2.ark:2961759
mrlr0_sx386 /nfs-share/xinchi/kaldi/egs/timit/s5_la4/fbank/raw_fbank_train.4.ark:3684931
mwre0_si1057 /nfs-share/xinchi/kaldi/egs/timit/s5_la4/fbank/raw_fbank_train.4.ark:11155506
mgjc0_si1965 /nfs-share/xinchi/kaldi/egs/timit/s5_la4/fbank/raw_fbank_train.3.ark:301757
mkag0_sx439 /nfs-share/xinchi/kaldi/egs/timit/s5_la4/fbank/raw_fbank_train.3.ark:5738393
flja0_sx268 /nfs-share/xinchi/kaldi/egs/timit/s5_la4/fbank/raw_fbank_train.1.ark:7663372
fmjb0_sx277 /nfs-share/xinchi/kaldi/egs/timit/s5_la4/fbank/raw_fbank_train.1.ark:8884394
mjac0_si1331 /nfs-share/xinchi/kaldi/egs/timit/s5_la4/fbank/raw_fbank_train.3.ark:1664231
mmcc0_sx258 /nfs-share/xinchi/kaldi/egs/timit/s5_la4/fbank/raw_fbank_train.3.ark:8557270
ftaj0_sx69 /nfs-share/xinchi/kaldi/egs/timit/s5_la4/fbank/raw_fbank_train.2.ark:1330876
mwsb0_si1626 /nfs-share/xinchi/kaldi/egs/timit/s5_la4/fbank/raw_fbank_train.4.ark:11353676
feeh0_sx122 /nfs-share/xinchi/kaldi/egs/timit/s5_la4/fbank/raw_fbank_train.1.ark:3790001
mtkd0_sx197 /nfs-share/xinchi/kaldi/egs/timit/s5_la4/fbank/raw_fbank_train.4.ark:8560151
mddc0_sx159 /nfs-share/xinchi/kaldi/egs/timit/s5_la4/fbank/raw_fbank_train.2.ark:6628478
mdlc2_sx354 /nfs-share/xinchi/kaldi/egs/timit/s5_la4/fbank/raw_fbank_train.2.ark:7759621
faem0_sx402 /nfs-share/xinchi/kaldi/egs/timit/s5_la4/fbank/raw_fbank_train.1.ark:78172
mdmt0_sx212 /nfs-share/xinchi/kaldi/egs/timit/s5_la4/fbank/raw_fbank_train.2.ark:8353098
mcdc0_si1292 /nfs-share/xinchi/kaldi/egs/timit/s5_la4/fbank/raw_fbank_train.2.ark:4620320
mpeb0_sx240 /nfs-share/xinchi/kaldi/egs/timit/s5_la4/fbank/raw_fbank_train.3.ark:10858908
mrjb1_sx210 /nfs-share/xinchi/kaldi/egs/timit/s5_la4/fbank/raw_fbank_train.4.ark:2644064
mwac0_sx161 /nfs-share/xinchi/kaldi/egs/timit/s5_la4/fbank/raw_fbank_train.4.ark:10524227
fksr0_sx217 /nfs-share/xinchi/kaldi/egs/timit/s5_la4/fbank/raw_fbank_train.1.ark:7068619
fcmm0_sx363 /nfs-share/xinchi/kaldi/egs/timit/s5_la4/fbank/raw_fbank_train.1.ark:2164022
fmjf0_sx84 /nfs-share/xinchi/kaldi/egs/timit/s5_la4/fbank/raw_fbank_train.1.ark:9018915
fkfb0_si978 /nfs-share/xinchi/kaldi/egs/timit/s5_la4/fbank/raw_fbank_train.1.ark:6519627
fgrw0_si1782 /nfs-share/xinchi/kaldi/egs/timit/s5_la4/fbank/raw_fbank_train.1.ark:4520151
fcrz0_si1913 /nfs-share/xinchi/kaldi/egs/timit/s5_la4/fbank/raw_fbank_train.1.ark:2201841
fmmh0_si907 /nfs-share/xinchi/kaldi/egs/timit/s5_la4/fbank/raw_fbank_train.1.ark:9374930
mjjm0_si1251 /nfs-share/xinchi/kaldi/egs/timit/s5_la4/fbank/raw_fbank_train.3.ark:3384618
mbsb0_sx93 /nfs-share/xinchi/kaldi/egs/timit/s5_la4/fbank/raw_fbank_train.2.ark:4178829
mcth0_sx399 /nfs-share/xinchi/kaldi/egs/timit/s5_la4/fbank/raw_fbank_train.2.ark:5799346
mkes0_si623 /nfs-share/xinchi/kaldi/egs/timit/s5_la4/fbank/raw_fbank_train.3.ark:6386595
fsjs0_sx271 /nfs-share/xinchi/kaldi/egs/timit/s5_la4/fbank/raw_fbank_train.2.ark:99277
madc0_sx377 /nfs-share/xinchi/kaldi/egs/timit/s5_la4/fbank/raw_fbank_train.2.ark:2197221
mmdb0_si1358 /nfs-share/xinchi/kaldi/egs/timit/s5_la4/fbank/raw_fbank_train.3.ark:8607522
mtrc0_si589 /nfs-share/xinchi/kaldi/egs/timit/s5_la4/fbank/raw_fbank_train.4.ark:9734520
falr0_si1955 /nfs-share/xinchi/kaldi/egs/timit/s5_la4/fbank/raw_fbank_train.1.ark:324237
fpaf0_sx64 /nfs-share/xinchi/kaldi/egs/timit/s5_la4/fbank/raw_fbank_train.1.ark:10182907
msdh0_si2113 /nfs-share/xinchi/kaldi/egs/timit/s5_la4/fbank/raw_fbank_train.4.ark:5663032
fpab1_sx31 /nfs-share/xinchi/kaldi/egs/timit/s5_la4/fbank/raw_fbank_train.1.ark:9858438
mdlc0_sx135 /nfs-share/xinchi/kaldi/egs/timit/s5_la4/fbank/raw_fbank_train.2.ark:7550104
fjkl0_sx302 /nfs-share/xinchi/kaldi/egs/timit/s5_la4/fbank/raw_fbank_train.1.ark:5220079
mmcc0_sx438 /nfs-share/xinchi/kaldi/egs/timit/s5_la4/fbank/raw_fbank_train.3.ark:8582536
mjrh1_sx334 /nfs-share/xinchi/kaldi/egs/timit/s5_la4/fbank/raw_fbank_train.3.ark:4795337
mgsh0_si1806 /nfs-share/xinchi/kaldi/egs/timit/s5_la4/fbank/raw_fbank_train.3.ark:611999
fcjs0_si977 /nfs-share/xinchi/kaldi/egs/timit/s5_la4/fbank/raw_fbank_train.1.ark:1736222
fjhk0_si1022 /nfs-share/xinchi/kaldi/egs/timit/s5_la4/fbank/raw_fbank_train.1.ark:5060887
mdwh0_si1168 /nfs-share/xinchi/kaldi/egs/timit/s5_la4/fbank/raw_fbank_train.2.ark:9342801
mrsp0_si1429 /nfs-share/xinchi/kaldi/egs/timit/s5_la4/fbank/raw_fbank_train.4.ark:4515449
fscn0_sx176 /nfs-share/xinchi/kaldi/egs/timit/s5_la4/fbank/raw_fbank_train.1.ark:11355154
mcpm0_si1824 /nfs-share/xinchi/kaldi/egs/timit/s5_la4/fbank/raw_fbank_train.2.ark:5432795
flac0_sx271 /nfs-share/xinchi/kaldi/egs/timit/s5_la4/fbank/raw_fbank_train.1.ark:7162684
mmxs0_si876 /nfs-share/xinchi/kaldi/egs/timit/s5_la4/fbank/raw_fbank_train.3.ark:10470783
mdlc1_sx85 /nfs-share/xinchi/kaldi/egs/timit/s5_la4/fbank/raw_fbank_train.2.ark:7696541
feme0_sx155 /nfs-share/xinchi/kaldi/egs/timit/s5_la4/fbank/raw_fbank_train.1.ark:3895266
flag0_si834 /nfs-share/xinchi/kaldi/egs/timit/s5_la4/fbank/raw_fbank_train.1.ark:7237443
mjai0_si1604 /nfs-share/xinchi/kaldi/egs/timit/s5_la4/fbank/raw_fbank_train.3.ark:1869682
fjwb1_si748 /nfs-share/xinchi/kaldi/egs/timit/s5_la4/fbank/raw_fbank_train.1.ark:5886963
mcef0_sx325 /nfs-share/xinchi/kaldi/egs/timit/s5_la4/fbank/raw_fbank_train.2.ark:4974081
mcpm0_sx114 /nfs-share/xinchi/kaldi/egs/timit/s5_la4/fbank/raw_fbank_train.2.ark:5465461
fmem0_sx117 /nfs-share/xinchi/kaldi/egs/timit/s5_la4/fbank/raw_fbank_train.1.ark:8759895
mwdk0_sx86 /nfs-share/xinchi/kaldi/egs/timit/s5_la4/fbank/raw_fbank_train.4.ark:10945381
freh0_sx55 /nfs-share/xinchi/kaldi/egs/timit/s5_la4/fbank/raw_fbank_train.1.ark:10678870
mrjm1_sx308 /nfs-share/xinchi/kaldi/egs/timit/s5_la4/fbank/raw_fbank_train.4.ark:2971452
flet0_si1137 /nfs-share/xinchi/kaldi/egs/timit/s5_la4/fbank/raw_fbank_train.1.ark:7421587
fklc0_sx265 /nfs-share/xinchi/kaldi/egs/timit/s5_la4/fbank/raw_fbank_train.1.ark:6772263
mmws0_sx438 /nfs-share/xinchi/kaldi/egs/timit/s5_la4/fbank/raw_fbank_train.3.ark:10340026
mtbc0_si1173 /nfs-share/xinchi/kaldi/egs/timit/s5_la4/fbank/raw_fbank_train.4.ark:7565721
mpfu0_sx448 /nfs-share/xinchi/kaldi/egs/timit/s5_la4/fbank/raw_fbank_train.3.ark:10983599
fdml0_si2075 /nfs-share/xinchi/kaldi/egs/timit/s5_la4/fbank/raw_fbank_train.1.ark:2925927
fskp0_si1728 /nfs-share/xinchi/kaldi/egs/timit/s5_la4/fbank/raw_fbank_train.2.ark:464118
mdlc2_sx174 /nfs-share/xinchi/kaldi/egs/timit/s5_la4/fbank/raw_fbank_train.2.ark:7734275
mklr0_sx339 /nfs-share/xinchi/kaldi/egs/timit/s5_la4/fbank/raw_fbank_train.3.ark:6705090
mrvg0_si1770 /nfs-share/xinchi/kaldi/egs/timit/s5_la4/fbank/raw_fbank_train.4.ark:4864638
mmdb0_sx87 /nfs-share/xinchi/kaldi/egs/timit/s5_la4/fbank/raw_fbank_train.3.ark:8686273
fpad0_si1346 /nfs-share/xinchi/kaldi/egs/timit/s5_la4/fbank/raw_fbank_train.1.ark:9984130
fsjw0_si1963 /nfs-share/xinchi/kaldi/egs/timit/s5_la4/fbank/raw_fbank_train.2.ark:171363
mbbr0_si2315 /nfs-share/xinchi/kaldi/egs/timit/s5_la4/fbank/raw_fbank_train.2.ark:3301561
flod0_sx387 /nfs-share/xinchi/kaldi/egs/timit/s5_la4/fbank/raw_fbank_train.1.ark:8408806
mcae0_si817 /nfs-share/xinchi/kaldi/egs/timit/s5_la4/fbank/raw_fbank_train.2.ark:4440259
mwem0_sx240 /nfs-share/xinchi/kaldi/egs/timit/s5_la4/fbank/raw_fbank_train.4.ark:10998749
fltm0_sx80 /nfs-share/xinchi/kaldi/egs/timit/s5_la4/fbank/raw_fbank_train.1.ark:8514792
mcpm0_sx384 /nfs-share/xinchi/kaldi/egs/timit/s5_la4/fbank/raw_fbank_train.2.ark:5504192
fdas1_sx201 /nfs-share/xinchi/kaldi/egs/timit/s5_la4/fbank/raw_fbank_train.1.ark:2458704
fkaa0_si578 /nfs-share/xinchi/kaldi/egs/timit/s5_la4/fbank/raw_fbank_train.1.ark:6199071
mgag0_si1321 /nfs-share/xinchi/kaldi/egs/timit/s5_la4/fbank/raw_fbank_train.2.ark:11052729
mgag0_sx421 /nfs-share/xinchi/kaldi/egs/timit/s5_la4/fbank/raw_fbank_train.2.ark:11122287
mrfl0_si1786 /nfs-share/xinchi/kaldi/egs/timit/s5_la4/fbank/raw_fbank_train.4.ark:2157466
mtpp0_si1508 /nfs-share/xinchi/kaldi/egs/timit/s5_la4/fbank/raw_fbank_train.4.ark:9388892
fcag0_sx153 /nfs-share/xinchi/kaldi/egs/timit/s5_la4/fbank/raw_fbank_train.1.ark:1281410
mhjb0_sx27 /nfs-share/xinchi/kaldi/egs/timit/s5_la4/fbank/raw_fbank_train.3.ark:1158810
mjls0_sx286 /nfs-share/xinchi/kaldi/egs/timit/s5_la4/fbank/raw_fbank_train.3.ark:3844277
fljg0_sx81 /nfs-share/xinchi/kaldi/egs/timit/s5_la4/fbank/raw_fbank_train.1.ark:7921280
mjws0_si1143 /nfs-share/xinchi/kaldi/egs/timit/s5_la4/fbank/raw_fbank_train.3.ark:5246855
mjpg0_sx381 /nfs-share/xinchi/kaldi/egs/timit/s5_la4/fbank/raw_fbank_train.3.ark:4219731
mafm0_sx399 /nfs-share/xinchi/kaldi/egs/timit/s5_la4/fbank/raw_fbank_train.2.ark:2571682
fgdp0_sx88 /nfs-share/xinchi/kaldi/egs/timit/s5_la4/fbank/raw_fbank_train.1.ark:4365218
ftlg0_si840 /nfs-share/xinchi/kaldi/egs/timit/s5_la4/fbank/raw_fbank_train.2.ark:1574466
mtat1_sx239 /nfs-share/xinchi/kaldi/egs/timit/s5_la4/fbank/raw_fbank_train.4.ark:7507629
mclm0_si826 /nfs-share/xinchi/kaldi/egs/timit/s5_la4/fbank/raw_fbank_train.2.ark:5358803
msjk0_sx156 /nfs-share/xinchi/kaldi/egs/timit/s5_la4/fbank/raw_fbank_train.4.ark:6372644
fvfb0_sx402 /nfs-share/xinchi/kaldi/egs/timit/s5_la4/fbank/raw_fbank_train.2.ark:1808529
mjai0_sx164 /nfs-share/xinchi/kaldi/egs/timit/s5_la4/fbank/raw_fbank_train.3.ark:1917181
fkaa0_sx38 /nfs-share/xinchi/kaldi/egs/timit/s5_la4/fbank/raw_fbank_train.1.ark:6252282
mgjc0_sx165 /nfs-share/xinchi/kaldi/egs/timit/s5_la4/fbank/raw_fbank_train.3.ark:315070
mprd0_sx171 /nfs-share/xinchi/kaldi/egs/timit/s5_la4/fbank/raw_fbank_train.4.ark:211109
fetb0_sx248 /nfs-share/xinchi/kaldi/egs/timit/s5_la4/fbank/raw_fbank_train.1.ark:4010684
fdas1_sx381 /nfs-share/xinchi/kaldi/egs/timit/s5_la4/fbank/raw_fbank_train.1.ark:2492122
fpad0_sx266 /nfs-share/xinchi/kaldi/egs/timit/s5_la4/fbank/raw_fbank_train.1.ark:10044143
fsjg0_si1570 /nfs-share/xinchi/kaldi/egs/timit/s5_la4/fbank/raw_fbank_train.1.ark:11704595
mjdm0_sx170 /nfs-share/xinchi/kaldi/egs/timit/s5_la4/fbank/raw_fbank_train.3.ark:2506973
mjeb1_sx27 /nfs-share/xinchi/kaldi/egs/timit/s5_la4/fbank/raw_fbank_train.3.ark:2752568
fjxm0_si1971 /nfs-share/xinchi/kaldi/egs/timit/s5_la4/fbank/raw_fbank_train.1.ark:5982988
mfmc0_sx322 /nfs-share/xinchi/kaldi/egs/timit/s5_la4/fbank/raw_fbank_train.2.ark:10548742
mtmt0_si488 /nfs-share/xinchi/kaldi/egs/timit/s5_la4/fbank/raw_fbank_train.4.ark:9129564
mcef0_sx145 /nfs-share/xinchi/kaldi/egs/timit/s5_la4/fbank/raw_fbank_train.2.ark:4952655
madc0_sx287 /nfs-share/xinchi/kaldi/egs/timit/s5_la4/fbank/raw_fbank_train.2.ark:2184748
mhit0_si1613 /nfs-share/xinchi/kaldi/egs/timit/s5_la4/fbank/raw_fbank_train.3.ark:1006379
mvrw0_si1485 /nfs-share/xinchi/kaldi/egs/timit/s5_la4/fbank/raw_fbank_train.4.ark:10400422
mtlc0_si1313 /nfs-share/xinchi/kaldi/egs/timit/s5_la4/fbank/raw_fbank_train.4.ark:8804781
fljd0_sx166 /nfs-share/xinchi/kaldi/egs/timit/s5_la4/fbank/raw_fbank_train.1.ark:7754924
milb0_sx3 /nfs-share/xinchi/kaldi/egs/timit/s5_la4/fbank/raw_fbank_train.3.ark:1637292
fpac0_sx31 /nfs-share/xinchi/kaldi/egs/timit/s5_la4/fbank/raw_fbank_train.1.ark:9965503
flhd0_si1344 /nfs-share/xinchi/kaldi/egs/timit/s5_la4/fbank/raw_fbank_train.1.ark:7516492
mlns0_si2037 /nfs-share/xinchi/kaldi/egs/timit/s5_la4/fbank/raw_fbank_train.3.ark:7679730
mrwa0_sx73 /nfs-share/xinchi/kaldi/egs/timit/s5_la4/fbank/raw_fbank_train.4.ark:5026220
mtas0_sx35 /nfs-share/xinchi/kaldi/egs/timit/s5_la4/fbank/raw_fbank_train.4.ark:7334604
mjrp0_si1835 /nfs-share/xinchi/kaldi/egs/timit/s5_la4/fbank/raw_fbank_train.3.ark:4917821
mrdd0_si1680 /nfs-share/xinchi/kaldi/egs/timit/s5_la4/fbank/raw_fbank_train.4.ark:1380864
mvjh0_sx206 /nfs-share/xinchi/kaldi/egs/timit/s5_la4/fbank/raw_fbank_train.4.ark:10258945
mtmt0_sx308 /nfs-share/xinchi/kaldi/egs/timit/s5_la4/fbank/raw_fbank_train.4.ark:9170143
fsdc0_si1942 /nfs-share/xinchi/kaldi/egs/timit/s5_la4/fbank/raw_fbank_train.1.ark:11444833
mjeb0_si1286 /nfs-share/xinchi/kaldi/egs/timit/s5_la4/fbank/raw_fbank_train.3.ark:2582618
fmju0_si759 /nfs-share/xinchi/kaldi/egs/timit/s5_la4/fbank/raw_fbank_train.1.ark:9063296
flac0_sx91 /nfs-share/xinchi/kaldi/egs/timit/s5_la4/fbank/raw_fbank_train.1.ark:7197662
mppc0_si1412 /nfs-share/xinchi/kaldi/egs/timit/s5_la4/fbank/raw_fbank_train.3.ark:11454885
mmab1_sx324 /nfs-share/xinchi/kaldi/egs/timit/s5_la4/fbank/raw_fbank_train.3.ark:8031497
mgaw0_sx175 /nfs-share/xinchi/kaldi/egs/timit/s5_la4/fbank/raw_fbank_train.3.ark:141259
flja0_si1708 /nfs-share/xinchi/kaldi/egs/timit/s5_la4/fbank/raw_fbank_train.1.ark:7633432
fsms1_si2134 /nfs-share/xinchi/kaldi/egs/timit/s5_la4/fbank/raw_fbank_train.2.ark:863459
mjpm1_si761 /nfs-share/xinchi/kaldi/egs/timit/s5_la4/fbank/raw_fbank_train.3.ark:4346177
mwsb0_sx276 /nfs-share/xinchi/kaldi/egs/timit/s5_la4/fbank/raw_fbank_train.4.ark:11400089
mtcs0_si2265 /nfs-share/xinchi/kaldi/egs/timit/s5_la4/fbank/raw_fbank_train.4.ark:7670060
fcke0_si481 /nfs-share/xinchi/kaldi/egs/timit/s5_la4/fbank/raw_fbank_train.1.ark:1837847
mprk0_si1727 /nfs-share/xinchi/kaldi/egs/timit/s5_la4/fbank/raw_fbank_train.4.ark:301348
mbjv0_sx437 /nfs-share/xinchi/kaldi/egs/timit/s5_la4/fbank/raw_fbank_train.2.ark:3714632
mwgr0_sx76 /nfs-share/xinchi/kaldi/egs/timit/s5_la4/fbank/raw_fbank_train.4.ark:11143952
mljc0_si1225 /nfs-share/xinchi/kaldi/egs/timit/s5_la4/fbank/raw_fbank_train.3.ark:7441846
mwar0_sx145 /nfs-share/xinchi/kaldi/egs/timit/s5_la4/fbank/raw_fbank_train.4.ark:10717679
mewm0_si1348 /nfs-share/xinchi/kaldi/egs/timit/s5_la4/fbank/raw_fbank_train.2.ark:10310406
mvlo0_si1147 /nfs-share/xinchi/kaldi/egs/timit/s5_la4/fbank/raw_fbank_train.4.ark:10299517
mjdm0_si1340 /nfs-share/xinchi/kaldi/egs/timit/s5_la4/fbank/raw_fbank_train.3.ark:2473313
mbml0_si1169 /nfs-share/xinchi/kaldi/egs/timit/s5_la4/fbank/raw_fbank_train.2.ark:3937348
fjxm0_sx401 /nfs-share/xinchi/kaldi/egs/timit/s5_la4/fbank/raw_fbank_train.1.ark:6047993
ftmg0_sx92 /nfs-share/xinchi/kaldi/egs/timit/s5_la4/fbank/raw_fbank_train.2.ark:1726095
mkls0_si1437 /nfs-share/xinchi/kaldi/egs/timit/s5_la4/fbank/raw_fbank_train.3.ark:6736749
mmar0_si1336 /nfs-share/xinchi/kaldi/egs/timit/s5_la4/fbank/raw_fbank_train.3.ark:8274407
fpad0_si1976 /nfs-share/xinchi/kaldi/egs/timit/s5_la4/fbank/raw_fbank_train.1.ark:9998244
flma0_si1873 /nfs-share/xinchi/kaldi/egs/timit/s5_la4/fbank/raw_fbank_train.1.ark:8053772
mchl0_sx267 /nfs-share/xinchi/kaldi/egs/timit/s5_la4/fbank/raw_fbank_train.2.ark:5184579
mrfl0_si1156 /nfs-share/xinchi/kaldi/egs/timit/s5_la4/fbank/raw_fbank_train.4.ark:2138512
mtjm0_sx236 /nfs-share/xinchi/kaldi/egs/timit/s5_la4/fbank/raw_fbank_train.4.ark:8238364
mdas0_sx21 /nfs-share/xinchi/kaldi/egs/timit/s5_la4/fbank/raw_fbank_train.2.ark:6159267
fsak0_sx220 /nfs-share/xinchi/kaldi/egs/timit/s5_la4/fbank/raw_fbank_train.1.ark:11149057
fceg0_sx348 /nfs-share/xinchi/kaldi/egs/timit/s5_la4/fbank/raw_fbank_train.1.ark:1608831
mjrk0_sx250 /nfs-share/xinchi/kaldi/egs/timit/s5_la4/fbank/raw_fbank_train.3.ark:4873089
fecd0_sx158 /nfs-share/xinchi/kaldi/egs/timit/s5_la4/fbank/raw_fbank_train.1.ark:3687976
mrem0_si511 /nfs-share/xinchi/kaldi/egs/timit/s5_la4/fbank/raw_fbank_train.4.ark:1870950
ftaj0_si1329 /nfs-share/xinchi/kaldi/egs/timit/s5_la4/fbank/raw_fbank_train.2.ark:1263166
msmc0_sx287 /nfs-share/xinchi/kaldi/egs/timit/s5_la4/fbank/raw_fbank_train.4.ark:6514966
fssb0_sx452 /nfs-share/xinchi/kaldi/egs/timit/s5_la4/fbank/raw_fbank_train.2.ark:1233900
mdwm0_si1546 /nfs-share/xinchi/kaldi/egs/timit/s5_la4/fbank/raw_fbank_train.2.ark:9460826
mmcc0_sx78 /nfs-share/xinchi/kaldi/egs/timit/s5_la4/fbank/raw_fbank_train.3.ark:8598448
mklr0_si2319 /nfs-share/xinchi/kaldi/egs/timit/s5_la4/fbank/raw_fbank_train.3.ark:6675071
mjdg0_sx232 /nfs-share/xinchi/kaldi/egs/timit/s5_la4/fbank/raw_fbank_train.3.ark:2427461
mfmc0_sx142 /nfs-share/xinchi/kaldi/egs/timit/s5_la4/fbank/raw_fbank_train.2.ark:10518316
msat1_sx263 /nfs-share/xinchi/kaldi/egs/timit/s5_la4/fbank/raw_fbank_train.4.ark:5546754
mkam0_sx56 /nfs-share/xinchi/kaldi/egs/timit/s5_la4/fbank/raw_fbank_train.3.ark:6044461
mges0_si851 /nfs-share/xinchi/kaldi/egs/timit/s5_la4/fbank/raw_fbank_train.3.ark:205091
feeh0_sx32 /nfs-share/xinchi/kaldi/egs/timit/s5_la4/fbank/raw_fbank_train.1.ark:3828819
mrew1_sx150 /nfs-share/xinchi/kaldi/egs/timit/s5_la4/fbank/raw_fbank_train.4.ark:1987841
mrms0_sx210 /nfs-share/xinchi/kaldi/egs/timit/s5_la4/fbank/raw_fbank_train.4.ark:4159121
mtlb0_sx324 /nfs-share/xinchi/kaldi/egs/timit/s5_la4/fbank/raw_fbank_train.4.ark:8762002
fcke0_sx121 /nfs-share/xinchi/kaldi/egs/timit/s5_la4/fbank/raw_fbank_train.1.ark:1857040
fsak0_sx130 /nfs-share/xinchi/kaldi/egs/timit/s5_la4/fbank/raw_fbank_train.1.ark:11140744
mtqc0_sx451 /nfs-share/xinchi/kaldi/egs/timit/s5_la4/fbank/raw_fbank_train.4.ark:9690461
mdcm0_si2110 /nfs-share/xinchi/kaldi/egs/timit/s5_la4/fbank/raw_fbank_train.2.ark:6510267
mnet0_sx6 /nfs-share/xinchi/kaldi/egs/timit/s5_la4/fbank/raw_fbank_train.3.ark:10607538
mewm0_sx178 /nfs-share/xinchi/kaldi/egs/timit/s5_la4/fbank/raw_fbank_train.2.ark:10337946
mjpm0_sx18 /nfs-share/xinchi/kaldi/egs/timit/s5_la4/fbank/raw_fbank_train.3.ark:4283057
mlbc0_sx249 /nfs-share/xinchi/kaldi/egs/timit/s5_la4/fbank/raw_fbank_train.3.ark:7285449
mwrp0_sx363 /nfs-share/xinchi/kaldi/egs/timit/s5_la4/fbank/raw_fbank_train.4.ark:11330370
mrlj0_sx70 /nfs-share/xinchi/kaldi/egs/timit/s5_la4/fbank/raw_fbank_train.4.ark:3409655
fetb0_si518 /nfs-share/xinchi/kaldi/egs/timit/s5_la4/fbank/raw_fbank_train.1.ark:3987258
mcew0_sx452 /nfs-share/xinchi/kaldi/egs/timit/s5_la4/fbank/raw_fbank_train.2.ark:5101339
mewm0_sx448 /nfs-share/xinchi/kaldi/egs/timit/s5_la4/fbank/raw_fbank_train.2.ark:10374765
mrpc1_sx402 /nfs-share/xinchi/kaldi/egs/timit/s5_la4/fbank/raw_fbank_train.4.ark:4259493
mgak0_sx136 /nfs-share/xinchi/kaldi/egs/timit/s5_la4/fbank/raw_fbank_train.2.ark:11183294
fskc0_si786 /nfs-share/xinchi/kaldi/egs/timit/s5_la4/fbank/raw_fbank_train.2.ark:280901
mvlo0_si517 /nfs-share/xinchi/kaldi/egs/timit/s5_la4/fbank/raw_fbank_train.4.ark:10320984
mrjh0_si889 /nfs-share/xinchi/kaldi/egs/timit/s5_la4/fbank/raw_fbank_train.4.ark:2707989
mdss0_sx171 /nfs-share/xinchi/kaldi/egs/timit/s5_la4/fbank/raw_fbank_train.2.ark:9024840
fceg0_sx258 /nfs-share/xinchi/kaldi/egs/timit/s5_la4/fbank/raw_fbank_train.1.ark:1598238
mpsw0_si1697 /nfs-share/xinchi/kaldi/egs/timit/s5_la4/fbank/raw_fbank_train.4.ark:495317
mkxl0_sx285 /nfs-share/xinchi/kaldi/egs/timit/s5_la4/fbank/raw_fbank_train.3.ark:7211129
mkln0_sx68 /nfs-share/xinchi/kaldi/egs/timit/s5_la4/fbank/raw_fbank_train.3.ark:6639569
mjmm0_sx265 /nfs-share/xinchi/kaldi/egs/timit/s5_la4/fbank/raw_fbank_train.3.ark:4104048
mwac0_sx71 /nfs-share/xinchi/kaldi/egs/timit/s5_la4/fbank/raw_fbank_train.4.ark:10590478
mbsb0_si723 /nfs-share/xinchi/kaldi/egs/timit/s5_la4/fbank/raw_fbank_train.2.ark:4133947
msmc0_sx197 /nfs-share/xinchi/kaldi/egs/timit/s5_la4/fbank/raw_fbank_train.4.ark:6503253
fdxw0_sx251 /nfs-share/xinchi/kaldi/egs/timit/s5_la4/fbank/raw_fbank_train.1.ark:3386774
mdlr1_si1929 /nfs-share/xinchi/kaldi/egs/timit/s5_la4/fbank/raw_fbank_train.2.ark:8100748
fdkn0_sx451 /nfs-share/xinchi/kaldi/egs/timit/s5_la4/fbank/raw_fbank_train.1.ark:2869233
fcjf0_si1027 /nfs-share/xinchi/kaldi/egs/timit/s5_la4/fbank/raw_fbank_train.1.ark:1644050
fvmh0_sx296 /nfs-share/xinchi/kaldi/egs/timit/s5_la4/fbank/raw_fbank_train.2.ark:2002378
fgdp0_sx358 /nfs-share/xinchi/kaldi/egs/timit/s5_la4/fbank/raw_fbank_train.1.ark:4338593
mcdd0_sx433 /nfs-share/xinchi/kaldi/egs/timit/s5_la4/fbank/raw_fbank_train.2.ark:4778224
mreh1_sx429 /nfs-share/xinchi/kaldi/egs/timit/s5_la4/fbank/raw_fbank_train.4.ark:1831531
fdmy0_si714 /nfs-share/xinchi/kaldi/egs/timit/s5_la4/fbank/raw_fbank_train.1.ark:3026871
mtpf0_si1235 /nfs-share/xinchi/kaldi/egs/timit/s5_la4/fbank/raw_fbank_train.4.ark:9206402
mpgr0_sx330 /nfs-share/xinchi/kaldi/egs/timit/s5_la4/fbank/raw_fbank_train.3.ark:11149855
mdhs0_sx90 /nfs-share/xinchi/kaldi/egs/timit/s5_la4/fbank/raw_fbank_train.2.ark:7179214
fssb0_sx362 /nfs-share/xinchi/kaldi/egs/timit/s5_la4/fbank/raw_fbank_train.2.ark:1215667
fkdw0_si577 /nfs-share/xinchi/kaldi/egs/timit/s5_la4/fbank/raw_fbank_train.1.ark:6433882
mdns0_sx201 /nfs-share/xinchi/kaldi/egs/timit/s5_la4/fbank/raw_fbank_train.2.ark:8460203
makb0_si1016 /nfs-share/xinchi/kaldi/egs/timit/s5_la4/fbank/raw_fbank_train.2.ark:2692862
fsgf0_si2187 /nfs-share/xinchi/kaldi/egs/timit/s5_la4/fbank/raw_fbank_train.1.ark:11617444
msdh0_sx350 /nfs-share/xinchi/kaldi/egs/timit/s5_la4/fbank/raw_fbank_train.4.ark:5722758
flja0_sx448 /nfs-share/xinchi/kaldi/egs/timit/s5_la4/fbank/raw_fbank_train.1.ark:7690838
fscn0_sx266 /nfs-share/xinchi/kaldi/egs/timit/s5_la4/fbank/raw_fbank_train.1.ark:11374867
mdns0_sx381 /nfs-share/xinchi/kaldi/egs/timit/s5_la4/fbank/raw_fbank_train.2.ark:8490701
faem0_sx42 /nfs-share/xinchi/kaldi/egs/timit/s5_la4/fbank/raw_fbank_train.1.ark:91084
msdh0_sx260 /nfs-share/xinchi/kaldi/egs/timit/s5_la4/fbank/raw_fbank_train.4.ark:5710525
mtmt0_sx128 /nfs-share/xinchi/kaldi/egs/timit/s5_la4/fbank/raw_fbank_train.4.ark:9148557
mded0_sx450 /nfs-share/xinchi/kaldi/egs/timit/s5_la4/fbank/raw_fbank_train.2.ark:6762322
mwac0_si2231 /nfs-share/xinchi/kaldi/egs/timit/s5_la4/fbank/raw_fbank_train.4.ark:10499561
mfxv0_si1005 /nfs-share/xinchi/kaldi/egs/timit/s5_la4/fbank/raw_fbank_train.2.ark:10870718
mrfl0_sx256 /nfs-share/xinchi/kaldi/egs/timit/s5_la4/fbank/raw_fbank_train.4.ark:2200205
mkah0_sx268 /nfs-share/xinchi/kaldi/egs/timit/s5_la4/fbank/raw_fbank_train.3.ark:5816112
mkls0_si2067 /nfs-share/xinchi/kaldi/egs/timit/s5_la4/fbank/raw_fbank_train.3.ark:6767537
mtjg0_sx440 /nfs-share/xinchi/kaldi/egs/timit/s5_la4/fbank/raw_fbank_train.4.ark:8159205
mcth0_sx219 /nfs-share/xinchi/kaldi/egs/timit/s5_la4/fbank/raw_fbank_train.2.ark:5761408
mtjg0_si1520 /nfs-share/xinchi/kaldi/egs/timit/s5_la4/fbank/raw_fbank_train.4.ark:8085086
fjen0_si2307 /nfs-share/xinchi/kaldi/egs/timit/s5_la4/fbank/raw_fbank_train.1.ark:4971449
flmc0_sx336 /nfs-share/xinchi/kaldi/egs/timit/s5_la4/fbank/raw_fbank_train.1.ark:8203721
msrr0_si1761 /nfs-share/xinchi/kaldi/egs/timit/s5_la4/fbank/raw_fbank_train.4.ark:6839582
mmdg0_si2035 /nfs-share/xinchi/kaldi/egs/timit/s5_la4/fbank/raw_fbank_train.3.ark:8714261
makr0_sx92 /nfs-share/xinchi/kaldi/egs/timit/s5_la4/fbank/raw_fbank_train.2.ark:2875919
mdma0_sx350 /nfs-share/xinchi/kaldi/egs/timit/s5_la4/fbank/raw_fbank_train.2.ark:8263666
fvkb0_si1789 /nfs-share/xinchi/kaldi/egs/timit/s5_la4/fbank/raw_fbank_train.2.ark:1835469
fdkn0_sx271 /nfs-share/xinchi/kaldi/egs/timit/s5_la4/fbank/raw_fbank_train.1.ark:2844687
fntb0_si573 /nfs-share/xinchi/kaldi/egs/timit/s5_la4/fbank/raw_fbank_train.1.ark:9679329
fbas0_sx397 /nfs-share/xinchi/kaldi/egs/timit/s5_la4/fbank/raw_fbank_train.1.ark:620366
fleh0_sx421 /nfs-share/xinchi/kaldi/egs/timit/s5_la4/fbank/raw_fbank_train.1.ark:7395121
mrab0_sx54 /nfs-share/xinchi/kaldi/egs/timit/s5_la4/fbank/raw_fbank_train.4.ark:651379
mgxp0_si525 /nfs-share/xinchi/kaldi/egs/timit/s5_la4/fbank/raw_fbank_train.3.ark:839438
mmds0_sx173 /nfs-share/xinchi/kaldi/egs/timit/s5_la4/fbank/raw_fbank_train.3.ark:9031962
fkdw0_sx397 /nfs-share/xinchi/kaldi/egs/timit/s5_la4/fbank/raw_fbank_train.1.ark:6479526
mbml0_sx449 /nfs-share/xinchi/kaldi/egs/timit/s5_la4/fbank/raw_fbank_train.2.ark:4003587
mtrt0_sx57 /nfs-share/xinchi/kaldi/egs/timit/s5_la4/fbank/raw_fbank_train.4.ark:9993007
mrld0_si2224 /nfs-share/xinchi/kaldi/egs/timit/s5_la4/fbank/raw_fbank_train.4.ark:3252633
msah1_sx149 /nfs-share/xinchi/kaldi/egs/timit/s5_la4/fbank/raw_fbank_train.4.ark:5250245
msah1_sx239 /nfs-share/xinchi/kaldi/egs/timit/s5_la4/fbank/raw_fbank_train.4.ark:5263158
fmmh0_sx187 /nfs-share/xinchi/kaldi/egs/timit/s5_la4/fbank/raw_fbank_train.1.ark:9388123
mesg0_sx162 /nfs-share/xinchi/kaldi/egs/timit/s5_la4/fbank/raw_fbank_train.2.ark:10162978
mdps0_si719 /nfs-share/xinchi/kaldi/egs/timit/s5_la4/fbank/raw_fbank_train.2.ark:8714852
ftbw0_sx445 /nfs-share/xinchi/kaldi/egs/timit/s5_la4/fbank/raw_fbank_train.2.ark:1515854
mjpm0_si1368 /nfs-share/xinchi/kaldi/egs/timit/s5_la4/fbank/raw_fbank_train.3.ark:4228245
mpsw0_sx77 /nfs-share/xinchi/kaldi/egs/timit/s5_la4/fbank/raw_fbank_train.4.ark:554594
meal0_si917 /nfs-share/xinchi/kaldi/egs/timit/s5_la4/fbank/raw_fbank_train.2.ark:9578398
mmgg0_sx359 /nfs-share/xinchi/kaldi/egs/timit/s5_la4/fbank/raw_fbank_train.3.ark:9407528
mjjj0_sx173 /nfs-share/xinchi/kaldi/egs/timit/s5_la4/fbank/raw_fbank_train.3.ark:3320733
mcae0_si2077 /nfs-share/xinchi/kaldi/egs/timit/s5_la4/fbank/raw_fbank_train.2.ark:4418266
mgjc0_sx75 /nfs-share/xinchi/kaldi/egs/timit/s5_la4/fbank/raw_fbank_train.3.ark:375521
mdss0_si1881 /nfs-share/xinchi/kaldi/egs/timit/s5_la4/fbank/raw_fbank_train.2.ark:8997500
mdlc0_sx45 /nfs-share/xinchi/kaldi/egs/timit/s5_la4/fbank/raw_fbank_train.2.ark:7596475
mgsh0_sx96 /nfs-share/xinchi/kaldi/egs/timit/s5_la4/fbank/raw_fbank_train.3.ark:685074
fjsk0_si1052 /nfs-share/xinchi/kaldi/egs/timit/s5_la4/fbank/raw_fbank_train.1.ark:5677199
mrdd0_sx150 /nfs-share/xinchi/kaldi/egs/timit/s5_la4/fbank/raw_fbank_train.4.ark:1403011
flet0_sx57 /nfs-share/xinchi/kaldi/egs/timit/s5_la4/fbank/raw_fbank_train.1.ark:7505658
mrab1_sx38 /nfs-share/xinchi/kaldi/egs/timit/s5_la4/fbank/raw_fbank_train.4.ark:740131
fpmy0_sx73 /nfs-share/xinchi/kaldi/egs/timit/s5_la4/fbank/raw_fbank_train.1.ark:10589165
fdxw0_si1511 /nfs-share/xinchi/kaldi/egs/timit/s5_la4/fbank/raw_fbank_train.1.ark:3343801
fgmb0_si515 /nfs-share/xinchi/kaldi/egs/timit/s5_la4/fbank/raw_fbank_train.1.ark:4416359
fcag0_sx63 /nfs-share/xinchi/kaldi/egs/timit/s5_la4/fbank/raw_fbank_train.1.ark:1336101
mjlg1_si1642 /nfs-share/xinchi/kaldi/egs/timit/s5_la4/fbank/raw_fbank_train.3.ark:3689407
fhxs0_sx355 /nfs-share/xinchi/kaldi/egs/timit/s5_la4/fbank/raw_fbank_train.1.ark:4806056
mdwm0_sx106 /nfs-share/xinchi/kaldi/egs/timit/s5_la4/fbank/raw_fbank_train.2.ark:9500606
mpmb0_sx61 /nfs-share/xinchi/kaldi/egs/timit/s5_la4/fbank/raw_fbank_train.3.ark:11435171
mrjh0_si1519 /nfs-share/xinchi/kaldi/egs/timit/s5_la4/fbank/raw_fbank_train.4.ark:2688756
mbcg0_sx417 /nfs-share/xinchi/kaldi/egs/timit/s5_la4/fbank/raw_fbank_train.2.ark:3436957
mrjb1_sx300 /nfs-share/xinchi/kaldi/egs/timit/s5_la4/fbank/raw_fbank_train.4.ark:2663449
mmag0_si496 /nfs-share/xinchi/kaldi/egs/timit/s5_la4/fbank/raw_fbank_train.3.ark:8108063
mrvg0_sx330 /nfs-share/xinchi/kaldi/egs/timit/s5_la4/fbank/raw_fbank_train.4.ark:4904090
msdb0_si1007 /nfs-share/xinchi/kaldi/egs/timit/s5_la4/fbank/raw_fbank_train.4.ark:5591246
mrgm0_sx172 /nfs-share/xinchi/kaldi/egs/timit/s5_la4/fbank/raw_fbank_train.4.ark:2297677
fclt0_sx358 /nfs-share/xinchi/kaldi/egs/timit/s5_la4/fbank/raw_fbank_train.1.ark:1965411
mdac0_sx181 /nfs-share/xinchi/kaldi/egs/timit/s5_la4/fbank/raw_fbank_train.2.ark:6045050
mram0_sx375 /nfs-share/xinchi/kaldi/egs/timit/s5_la4/fbank/raw_fbank_train.4.ark:957335
mrjm0_si1858 /nfs-share/xinchi/kaldi/egs/timit/s5_la4/fbank/raw_fbank_train.4.ark:2827928
fjhk0_sx212 /nfs-share/xinchi/kaldi/egs/timit/s5_la4/fbank/raw_fbank_train.1.ark:5112301
mwsh0_sx346 /nfs-share/xinchi/kaldi/egs/timit/s5_la4/fbank/raw_fbank_train.4.ark:11518025
mrml0_sx161 /nfs-share/xinchi/kaldi/egs/timit/s5_la4/fbank/raw_fbank_train.4.ark:4024062
mcxm0_si1981 /nfs-share/xinchi/kaldi/egs/timit/s5_la4/fbank/raw_fbank_train.2.ark:5917839
mges0_si2111 /nfs-share/xinchi/kaldi/egs/timit/s5_la4/fbank/raw_fbank_train.3.ark:198938
mmeb0_sx187 /nfs-share/xinchi/kaldi/egs/timit/s5_la4/fbank/raw_fbank_train.3.ark:9201092
mtbc0_sx93 /nfs-share/xinchi/kaldi/egs/timit/s5_la4/fbank/raw_fbank_train.4.ark:7654032
mkls0_si1533 /nfs-share/xinchi/kaldi/egs/timit/s5_la4/fbank/raw_fbank_train.3.ark:6759543
mjrk0_si2103 /nfs-share/xinchi/kaldi/egs/timit/s5_la4/fbank/raw_fbank_train.3.ark:4833230
fjhk0_sx392 /nfs-share/xinchi/kaldi/egs/timit/s5_la4/fbank/raw_fbank_train.1.ark:5147679
makr0_sx362 /nfs-share/xinchi/kaldi/egs/timit/s5_la4/fbank/raw_fbank_train.2.ark:2853854
mjra0_sx246 /nfs-share/xinchi/kaldi/egs/timit/s5_la4/fbank/raw_fbank_train.3.ark:4479268
ftbw0_sx355 /nfs-share/xinchi/kaldi/egs/timit/s5_la4/fbank/raw_fbank_train.2.ark:1505501
fblv0_sx158 /nfs-share/xinchi/kaldi/egs/timit/s5_la4/fbank/raw_fbank_train.1.ark:990255
mddc0_sx339 /nfs-share/xinchi/kaldi/egs/timit/s5_la4/fbank/raw_fbank_train.2.ark:6650664
fcdr1_sx16 /nfs-share/xinchi/kaldi/egs/timit/s5_la4/fbank/raw_fbank_train.1.ark:1509092
fmjb0_si1807 /nfs-share/xinchi/kaldi/egs/timit/s5_la4/fbank/raw_fbank_train.1.ark:8847335
flet0_sx147 /nfs-share/xinchi/kaldi/egs/timit/s5_la4/fbank/raw_fbank_train.1.ark:7466647
mmar0_sx76 /nfs-share/xinchi/kaldi/egs/timit/s5_la4/fbank/raw_fbank_train.3.ark:8383838
mjac0_sx431 /nfs-share/xinchi/kaldi/egs/timit/s5_la4/fbank/raw_fbank_train.3.ark:1740470
fblv0_si2318 /nfs-share/xinchi/kaldi/egs/timit/s5_la4/fbank/raw_fbank_train.1.ark:975582
mhmg0_sx15 /nfs-share/xinchi/kaldi/egs/timit/s5_la4/fbank/raw_fbank_train.3.ark:1235162
mkln0_sx428 /nfs-share/xinchi/kaldi/egs/timit/s5_la4/fbank/raw_fbank_train.3.ark:6625697
mrpc1_si2026 /nfs-share/xinchi/kaldi/egs/timit/s5_la4/fbank/raw_fbank_train.4.ark:4207207
mvjh0_si2186 /nfs-share/xinchi/kaldi/egs/timit/s5_la4/fbank/raw_fbank_train.4.ark:10223766
fsag0_sx243 /nfs-share/xinchi/kaldi/egs/timit/s5_la4/fbank/raw_fbank_train.1.ark:10930207
mkes0_sx263 /nfs-share/xinchi/kaldi/egs/timit/s5_la4/fbank/raw_fbank_train.3.ark:6418661
mmeb0_sx327 /nfs-share/xinchi/kaldi/egs/timit/s5_la4/fbank/raw_fbank_train.3.ark:9208565
fsjk1_si1025 /nfs-share/xinchi/kaldi/egs/timit/s5_la4/fbank/raw_fbank_train.1.ark:11839380
mpmb0_si1501 /nfs-share/xinchi/kaldi/egs/timit/s5_la4/fbank/raw_fbank_train.3.ark:11286660
fmah1_si879 /nfs-share/xinchi/kaldi/egs/timit/s5_la4/fbank/raw_fbank_train.1.ark:8542453
mmea0_sx218 /nfs-share/xinchi/kaldi/egs/timit/s5_la4/fbank/raw_fbank_train.3.ark:9125700
mses0_sx419 /nfs-share/xinchi/kaldi/egs/timit/s5_la4/fbank/raw_fbank_train.4.ark:6082188
mmsm0_si1106 /nfs-share/xinchi/kaldi/egs/timit/s5_la4/fbank/raw_fbank_train.3.ark:9919472
fljg0_sx441 /nfs-share/xinchi/kaldi/egs/timit/s5_la4/fbank/raw_fbank_train.1.ark:7907328
mfmc0_sx232 /nfs-share/xinchi/kaldi/egs/timit/s5_la4/fbank/raw_fbank_train.2.ark:10533429
fmkc0_si1072 /nfs-share/xinchi/kaldi/egs/timit/s5_la4/fbank/raw_fbank_train.1.ark:9157328
fbmj0_sx66 /nfs-share/xinchi/kaldi/egs/timit/s5_la4/fbank/raw_fbank_train.1.ark:1245595
fdas1_si2091 /nfs-share/xinchi/kaldi/egs/timit/s5_la4/fbank/raw_fbank_train.1.ark:2418765
fmju0_sx399 /nfs-share/xinchi/kaldi/egs/timit/s5_la4/fbank/raw_fbank_train.1.ark:9128500
mkjo0_sx167 /nfs-share/xinchi/kaldi/egs/timit/s5_la4/fbank/raw_fbank_train.3.ark:6498213
mgsl0_sx84 /nfs-share/xinchi/kaldi/egs/timit/s5_la4/fbank/raw_fbank_train.3.ark:794378
mkdd0_sx397 /nfs-share/xinchi/kaldi/egs/timit/s5_la4/fbank/raw_fbank_train.3.ark:6241630
mcef0_sx415 /nfs-share/xinchi/kaldi/egs/timit/s5_la4/fbank/raw_fbank_train.2.ark:4983914
mdcm0_sx400 /nfs-share/xinchi/kaldi/egs/timit/s5_la4/fbank/raw_fbank_train.2.ark:6580384
mjpm1_si1897 /nfs-share/xinchi/kaldi/egs/timit/s5_la4/fbank/raw_fbank_train.3.ark:4332310
mrmg0_sx270 /nfs-share/xinchi/kaldi/egs/timit/s5_la4/fbank/raw_fbank_train.4.ark:3837524
mkah0_sx448 /nfs-share/xinchi/kaldi/egs/timit/s5_la4/fbank/raw_fbank_train.3.ark:5840258
mrmh0_si2281 /nfs-share/xinchi/kaldi/egs/timit/s5_la4/fbank/raw_fbank_train.4.ark:3916724
fsjw0_sx253 /nfs-share/xinchi/kaldi/egs/timit/s5_la4/fbank/raw_fbank_train.2.ark:205502
mjra0_sx156 /nfs-share/xinchi/kaldi/egs/timit/s5_la4/fbank/raw_fbank_train.3.ark:4467115
mrab0_si1854 /nfs-share/xinchi/kaldi/egs/timit/s5_la4/fbank/raw_fbank_train.4.ark:574822
mhbs0_si945 /nfs-share/xinchi/kaldi/egs/timit/s5_la4/fbank/raw_fbank_train.3.ark:939381
mgrp0_si1317 /nfs-share/xinchi/kaldi/egs/timit/s5_la4/fbank/raw_fbank_train.3.ark:482900
mmag0_si1756 /nfs-share/xinchi/kaldi/egs/timit/s5_la4/fbank/raw_fbank_train.3.ark:8090110
mfwk0_sx169 /nfs-share/xinchi/kaldi/egs/timit/s5_la4/fbank/raw_fbank_train.2.ark:10710287
fkaa0_sx308 /nfs-share/xinchi/kaldi/egs/timit/s5_la4/fbank/raw_fbank_train.1.ark:6237810
mklw0_sx311 /nfs-share/xinchi/kaldi/egs/timit/s5_la4/fbank/raw_fbank_train.3.ark:6998967
mcxm0_sx361 /nfs-share/xinchi/kaldi/egs/timit/s5_la4/fbank/raw_fbank_train.2.ark:5968851
mhjb0_sx297 /nfs-share/xinchi/kaldi/egs/timit/s5_la4/fbank/raw_fbank_train.3.ark:1167003
mvrw0_sx135 /nfs-share/xinchi/kaldi/egs/timit/s5_la4/fbank/raw_fbank_train.4.ark:10434242
fpad0_sx86 /nfs-share/xinchi/kaldi/egs/timit/s5_la4/fbank/raw_fbank_train.1.ark:10082521
mjls0_sx196 /nfs-share/xinchi/kaldi/egs/timit/s5_la4/fbank/raw_fbank_train.3.ark:3836644
mtdb0_si771 /nfs-share/xinchi/kaldi/egs/timit/s5_la4/fbank/raw_fbank_train.4.ark:7786958
msas0_sx206 /nfs-share/xinchi/kaldi/egs/timit/s5_la4/fbank/raw_fbank_train.4.ark:5369783
mgar0_si1842 /nfs-share/xinchi/kaldi/egs/timit/s5_la4/fbank/raw_fbank_train.3.ark:24161
ftbw0_si1345 /nfs-share/xinchi/kaldi/egs/timit/s5_la4/fbank/raw_fbank_train.2.ark:1437855
mdjm0_sx285 /nfs-share/xinchi/kaldi/egs/timit/s5_la4/fbank/raw_fbank_train.2.ark:7260646
flmk0_si1035 /nfs-share/xinchi/kaldi/egs/timit/s5_la4/fbank/raw_fbank_train.1.ark:8231708
mjls0_si466 /nfs-share/xinchi/kaldi/egs/timit/s5_la4/fbank/raw_fbank_train.3.ark:3806186
mejl0_sx422 /nfs-share/xinchi/kaldi/egs/timit/s5_la4/fbank/raw_fbank_train.2.ark:10004987
fclt0_sx88 /nfs-share/xinchi/kaldi/egs/timit/s5_la4/fbank/raw_fbank_train.1.ark:1986316
mgaf0_si652 /nfs-share/xinchi/kaldi/egs/timit/s5_la4/fbank/raw_fbank_train.2.ark:10997211
mdjm0_si825 /nfs-share/xinchi/kaldi/egs/timit/s5_la4/fbank/raw_fbank_train.2.ark:7219115
mkrg0_sx31 /nfs-share/xinchi/kaldi/egs/timit/s5_la4/fbank/raw_fbank_train.3.ark:7110031
mdbp0_si1158 /nfs-share/xinchi/kaldi/egs/timit/s5_la4/fbank/raw_fbank_train.2.ark:6289383
mrbc0_sx329 /nfs-share/xinchi/kaldi/egs/timit/s5_la4/fbank/raw_fbank_train.4.ark:1118241
fmpg0_si2232 /nfs-share/xinchi/kaldi/egs/timit/s5_la4/fbank/raw_fbank_train.1.ark:9458280
mwrp0_sx273 /nfs-share/xinchi/kaldi/egs/timit/s5_la4/fbank/raw_fbank_train.4.ark:11311346
mmab1_si864 /nfs-share/xinchi/kaldi/egs/timit/s5_la4/fbank/raw_fbank_train.3.ark:7987398
mdlc0_si1395 /nfs-share/xinchi/kaldi/egs/timit/s5_la4/fbank/raw_fbank_train.2.ark:7502404
mdjm0_sx375 /nfs-share/xinchi/kaldi/egs/timit/s5_la4/fbank/raw_fbank_train.2.ark:7271199
mrml0_sx71 /nfs-share/xinchi/kaldi/egs/timit/s5_la4/fbank/raw_fbank_train.4.ark:4090993
mjpg0_sx201 /nfs-share/xinchi/kaldi/egs/timit/s5_la4/fbank/raw_fbank_train.3.ark:4193873
fjxp0_sx312 /nfs-share/xinchi/kaldi/egs/timit/s5_la4/fbank/raw_fbank_train.1.ark:6138785
mjlg1_sx382 /nfs-share/xinchi/kaldi/egs/timit/s5_la4/fbank/raw_fbank_train.3.ark:3757765
fleh0_si2311 /nfs-share/xinchi/kaldi/egs/timit/s5_la4/fbank/raw_fbank_train.1.ark:7349149
mcxm0_sx181 /nfs-share/xinchi/kaldi/egs/timit/s5_la4/fbank/raw_fbank_train.2.ark:5942865
mbbr0_si1685 /nfs-share/xinchi/kaldi/egs/timit/s5_la4/fbank/raw_fbank_train.2.ark:3291167
mbjv0_sx347 /nfs-share/xinchi/kaldi/egs/timit/s5_la4/fbank/raw_fbank_train.2.ark:3699879
mabc0_sx151 /nfs-share/xinchi/kaldi/egs/timit/s5_la4/fbank/raw_fbank_train.2.ark:2052705
mrms0_si1113 /nfs-share/xinchi/kaldi/egs/timit/s5_la4/fbank/raw_fbank_train.4.ark:4103627
mbma0_sx142 /nfs-share/xinchi/kaldi/egs/timit/s5_la4/fbank/raw_fbank_train.2.ark:3769078
msjk0_si2226 /nfs-share/xinchi/kaldi/egs/timit/s5_la4/fbank/raw_fbank_train.4.ark:6352378
fpad0_sx446 /nfs-share/xinchi/kaldi/egs/timit/s5_la4/fbank/raw_fbank_train.1.ark:10070969
