mjdm0_si974 /nfs-share/xinchi/kaldi/egs/timit/s5_la2/fbank/raw_fbank_train.3.ark:2500860
mwar0_si1675 /nfs-share/xinchi/kaldi/egs/timit/s5_la2/fbank/raw_fbank_train.4.ark:10696892
madc0_sx17 /nfs-share/xinchi/kaldi/egs/timit/s5_la2/fbank/raw_fbank_train.2.ark:2166162
flac0_sx271 /nfs-share/xinchi/kaldi/egs/timit/s5_la2/fbank/raw_fbank_train.1.ark:7162684
mmdg0_sx160 /nfs-share/xinchi/kaldi/egs/timit/s5_la2/fbank/raw_fbank_train.3.ark:8736047
mrab1_sx128 /nfs-share/xinchi/kaldi/egs/timit/s5_la2/fbank/raw_fbank_train.4.ark:704233
marw0_sx376 /nfs-share/xinchi/kaldi/egs/timit/s5_la2/fbank/raw_fbank_train.2.ark:3163994
mctm0_si1980 /nfs-share/xinchi/kaldi/egs/timit/s5_la2/fbank/raw_fbank_train.2.ark:5826294
fdnc0_sx378 /nfs-share/xinchi/kaldi/egs/timit/s5_la2/fbank/raw_fbank_train.1.ark:3221501
mdns0_si873 /nfs-share/xinchi/kaldi/egs/timit/s5_la2/fbank/raw_fbank_train.2.ark:8430657
fmjf0_sx444 /nfs-share/xinchi/kaldi/egs/timit/s5_la2/fbank/raw_fbank_train.1.ark:9006163
mtrc0_sx273 /nfs-share/xinchi/kaldi/egs/timit/s5_la2/fbank/raw_fbank_train.4.ark:9785012
fkaa0_sx218 /nfs-share/xinchi/kaldi/egs/timit/s5_la2/fbank/raw_fbank_train.1.ark:6224017
mdwd0_sx360 /nfs-share/xinchi/kaldi/egs/timit/s5_la2/fbank/raw_fbank_train.2.ark:9309902
mdpk0_sx63 /nfs-share/xinchi/kaldi/egs/timit/s5_la2/fbank/raw_fbank_train.2.ark:8684191
mcew0_sx362 /nfs-share/xinchi/kaldi/egs/timit/s5_la2/fbank/raw_fbank_train.2.ark:5082666
msdb0_sx377 /nfs-share/xinchi/kaldi/egs/timit/s5_la2/fbank/raw_fbank_train.4.ark:5653638
mjee0_sx247 /nfs-share/xinchi/kaldi/egs/timit/s5_la2/fbank/raw_fbank_train.3.ark:2829761
mjma0_sx415 /nfs-share/xinchi/kaldi/egs/timit/s5_la2/fbank/raw_fbank_train.3.ark:3944903
falk0_si658 /nfs-share/xinchi/kaldi/egs/timit/s5_la2/fbank/raw_fbank_train.1.ark:232687
mdef0_sx123 /nfs-share/xinchi/kaldi/egs/timit/s5_la2/fbank/raw_fbank_train.2.ark:6828569
mjxa0_sx427 /nfs-share/xinchi/kaldi/egs/timit/s5_la2/fbank/raw_fbank_train.3.ark:5535104
mmvp0_sx114 /nfs-share/xinchi/kaldi/egs/timit/s5_la2/fbank/raw_fbank_train.3.ark:10073197
fmjb0_sx187 /nfs-share/xinchi/kaldi/egs/timit/s5_la2/fbank/raw_fbank_train.1.ark:8877121
ftmg0_si2162 /nfs-share/xinchi/kaldi/egs/timit/s5_la2/fbank/raw_fbank_train.2.ark:1648458
fntb0_si1203 /nfs-share/xinchi/kaldi/egs/timit/s5_la2/fbank/raw_fbank_train.1.ark:9669336
mtas0_si1385 /nfs-share/xinchi/kaldi/egs/timit/s5_la2/fbank/raw_fbank_train.4.ark:7275006
mprt0_sx130 /nfs-share/xinchi/kaldi/egs/timit/s5_la2/fbank/raw_fbank_train.4.ark:431518
fsgf0_sx117 /nfs-share/xinchi/kaldi/egs/timit/s5_la2/fbank/raw_fbank_train.1.ark:11655310
mrfk0_sx86 /nfs-share/xinchi/kaldi/egs/timit/s5_la2/fbank/raw_fbank_train.4.ark:2129278
mtpp0_sx158 /nfs-share/xinchi/kaldi/egs/timit/s5_la2/fbank/raw_fbank_train.4.ark:9424552
msat0_sx356 /nfs-share/xinchi/kaldi/egs/timit/s5_la2/fbank/raw_fbank_train.4.ark:5466801
fsjg0_sx400 /nfs-share/xinchi/kaldi/egs/timit/s5_la2/fbank/raw_fbank_train.1.ark:11821666
mrdd0_si2310 /nfs-share/xinchi/kaldi/egs/timit/s5_la2/fbank/raw_fbank_train.4.ark:1392738
mmaa0_si1588 /nfs-share/xinchi/kaldi/egs/timit/s5_la2/fbank/raw_fbank_train.3.ark:7864866
fcrz0_sx343 /nfs-share/xinchi/kaldi/egs/timit/s5_la2/fbank/raw_fbank_train.1.ark:2259407
fajw0_sx183 /nfs-share/xinchi/kaldi/egs/timit/s5_la2/fbank/raw_fbank_train.1.ark:151578
mgsh0_si1806 /nfs-share/xinchi/kaldi/egs/timit/s5_la2/fbank/raw_fbank_train.3.ark:611999
mjeb0_sx206 /nfs-share/xinchi/kaldi/egs/timit/s5_la2/fbank/raw_fbank_train.3.ark:2636151
mjlb0_sx266 /nfs-share/xinchi/kaldi/egs/timit/s5_la2/fbank/raw_fbank_train.3.ark:3637881
ftbw0_sx85 /nfs-share/xinchi/kaldi/egs/timit/s5_la2/fbank/raw_fbank_train.2.ark:1525886
mdns0_sx291 /nfs-share/xinchi/kaldi/egs/timit/s5_la2/fbank/raw_fbank_train.2.ark:8480508
mdhs0_sx90 /nfs-share/xinchi/kaldi/egs/timit/s5_la2/fbank/raw_fbank_train.2.ark:7179214
mapv0_sx393 /nfs-share/xinchi/kaldi/egs/timit/s5_la2/fbank/raw_fbank_train.2.ark:2981584
mbom0_sx384 /nfs-share/xinchi/kaldi/egs/timit/s5_la2/fbank/raw_fbank_train.2.ark:4104566
fhlm0_sx390 /nfs-share/xinchi/kaldi/egs/timit/s5_la2/fbank/raw_fbank_train.1.ark:4704135
mmbs0_si521 /nfs-share/xinchi/kaldi/egs/timit/s5_la2/fbank/raw_fbank_train.3.ark:8416499
mpgr0_si1410 /nfs-share/xinchi/kaldi/egs/timit/s5_la2/fbank/raw_fbank_train.3.ark:11098649
flma0_sx433 /nfs-share/xinchi/kaldi/egs/timit/s5_la2/fbank/raw_fbank_train.1.ark:8109777
mded0_sx360 /nfs-share/xinchi/kaldi/egs/timit/s5_la2/fbank/raw_fbank_train.2.ark:6749529
fcjs0_sx437 /nfs-share/xinchi/kaldi/egs/timit/s5_la2/fbank/raw_fbank_train.1.ark:1786874
mree0_si1104 /nfs-share/xinchi/kaldi/egs/timit/s5_la2/fbank/raw_fbank_train.4.ark:1644066
fsak0_sx400 /nfs-share/xinchi/kaldi/egs/timit/s5_la2/fbank/raw_fbank_train.1.ark:11188355
mtju0_si2269 /nfs-share/xinchi/kaldi/egs/timit/s5_la2/fbank/raw_fbank_train.4.ark:8414195
mtlc0_sx127 /nfs-share/xinchi/kaldi/egs/timit/s5_la2/fbank/raw_fbank_train.4.ark:8851801
mcdr0_sx254 /nfs-share/xinchi/kaldi/egs/timit/s5_la2/fbank/raw_fbank_train.2.ark:4872703
mljh0_sx424 /nfs-share/xinchi/kaldi/egs/timit/s5_la2/fbank/raw_fbank_train.3.ark:7643150
mrml0_si791 /nfs-share/xinchi/kaldi/egs/timit/s5_la2/fbank/raw_fbank_train.4.ark:4009189
mzmb0_si1796 /nfs-share/xinchi/kaldi/egs/timit/s5_la2/fbank/raw_fbank_train.4.ark:11574518
fgmb0_si1775 /nfs-share/xinchi/kaldi/egs/timit/s5_la2/fbank/raw_fbank_train.1.ark:4403806
mwrp0_si2073 /nfs-share/xinchi/kaldi/egs/timit/s5_la2/fbank/raw_fbank_train.4.ark:11283880
fgmb0_sx425 /nfs-share/xinchi/kaldi/egs/timit/s5_la2/fbank/raw_fbank_train.1.ark:4477811
faem0_sx132 /nfs-share/xinchi/kaldi/egs/timit/s5_la2/fbank/raw_fbank_train.1.ark:39913
fbjl0_sx112 /nfs-share/xinchi/kaldi/egs/timit/s5_la2/fbank/raw_fbank_train.1.ark:882109
mdjm0_sx105 /nfs-share/xinchi/kaldi/egs/timit/s5_la2/fbank/raw_fbank_train.2.ark:7231668
mdcm0_si1480 /nfs-share/xinchi/kaldi/egs/timit/s5_la2/fbank/raw_fbank_train.2.ark:6492473
fsms1_si874 /nfs-share/xinchi/kaldi/egs/timit/s5_la2/fbank/raw_fbank_train.2.ark:875332
mrjm0_sx418 /nfs-share/xinchi/kaldi/egs/timit/s5_la2/fbank/raw_fbank_train.4.ark:2880660
mapv0_si1923 /nfs-share/xinchi/kaldi/egs/timit/s5_la2/fbank/raw_fbank_train.2.ark:2904467
fcke0_si481 /nfs-share/xinchi/kaldi/egs/timit/s5_la2/fbank/raw_fbank_train.1.ark:1837847
mmsm0_sx296 /nfs-share/xinchi/kaldi/egs/timit/s5_la2/fbank/raw_fbank_train.3.ark:10000110
mrgm0_si1792 /nfs-share/xinchi/kaldi/egs/timit/s5_la2/fbank/raw_fbank_train.4.ark:2263091
mrjm1_sx308 /nfs-share/xinchi/kaldi/egs/timit/s5_la2/fbank/raw_fbank_train.4.ark:2971452
fdas1_sx21 /nfs-share/xinchi/kaldi/egs/timit/s5_la2/fbank/raw_fbank_train.1.ark:2472376
mdlr1_si1929 /nfs-share/xinchi/kaldi/egs/timit/s5_la2/fbank/raw_fbank_train.2.ark:8100748
mmws0_sx348 /nfs-share/xinchi/kaldi/egs/timit/s5_la2/fbank/raw_fbank_train.3.ark:10327433
msas0_si2006 /nfs-share/xinchi/kaldi/egs/timit/s5_la2/fbank/raw_fbank_train.4.ark:5326684
mwrp0_si1443 /nfs-share/xinchi/kaldi/egs/timit/s5_la2/fbank/raw_fbank_train.4.ark:11256372
mtqc0_sx271 /nfs-share/xinchi/kaldi/egs/timit/s5_la2/fbank/raw_fbank_train.4.ark:9662555
mtrr0_si2178 /nfs-share/xinchi/kaldi/egs/timit/s5_la2/fbank/raw_fbank_train.4.ark:9820585
makb0_si2276 /nfs-share/xinchi/kaldi/egs/timit/s5_la2/fbank/raw_fbank_train.2.ark:2729810
mcef0_si1135 /nfs-share/xinchi/kaldi/egs/timit/s5_la2/fbank/raw_fbank_train.2.ark:4912995
mcpm0_sx114 /nfs-share/xinchi/kaldi/egs/timit/s5_la2/fbank/raw_fbank_train.2.ark:5465461
mtjm0_si1856 /nfs-share/xinchi/kaldi/egs/timit/s5_la2/fbank/raw_fbank_train.4.ark:8198545
fdas1_sx381 /nfs-share/xinchi/kaldi/egs/timit/s5_la2/fbank/raw_fbank_train.1.ark:2492122
fbjl0_si1552 /nfs-share/xinchi/kaldi/egs/timit/s5_la2/fbank/raw_fbank_train.1.ark:841289
mjda0_si1031 /nfs-share/xinchi/kaldi/egs/timit/s5_la2/fbank/raw_fbank_train.3.ark:2068052
mrld0_si1594 /nfs-share/xinchi/kaldi/egs/timit/s5_la2/fbank/raw_fbank_train.4.ark:3239599
mtxs0_si1690 /nfs-share/xinchi/kaldi/egs/timit/s5_la2/fbank/raw_fbank_train.4.ark:10108340
mtmt0_sx308 /nfs-share/xinchi/kaldi/egs/timit/s5_la2/fbank/raw_fbank_train.4.ark:9170143
mrre0_sx164 /nfs-share/xinchi/kaldi/egs/timit/s5_la2/fbank/raw_fbank_train.4.ark:4332898
mfrm0_sx75 /nfs-share/xinchi/kaldi/egs/timit/s5_la2/fbank/raw_fbank_train.2.ark:10669713
mkdb0_si872 /nfs-share/xinchi/kaldi/egs/timit/s5_la2/fbank/raw_fbank_train.3.ark:6078961
freh0_si1315 /nfs-share/xinchi/kaldi/egs/timit/s5_la2/fbank/raw_fbank_train.1.ark:10601759
mklw0_sx401 /nfs-share/xinchi/kaldi/egs/timit/s5_la2/fbank/raw_fbank_train.3.ark:7017720
fcke0_sx31 /nfs-share/xinchi/kaldi/egs/timit/s5_la2/fbank/raw_fbank_train.1.ark:1889138
mjra0_sx336 /nfs-share/xinchi/kaldi/egs/timit/s5_la2/fbank/raw_fbank_train.3.ark:4488981
mmgc0_si1305 /nfs-share/xinchi/kaldi/egs/timit/s5_la2/fbank/raw_fbank_train.3.ark:9258055
mesg0_sx342 /nfs-share/xinchi/kaldi/egs/timit/s5_la2/fbank/raw_fbank_train.2.ark:10186684
msat1_sx443 /nfs-share/xinchi/kaldi/egs/timit/s5_la2/fbank/raw_fbank_train.4.ark:5568340
mjda0_si1661 /nfs-share/xinchi/kaldi/egs/timit/s5_la2/fbank/raw_fbank_train.3.ark:2073286
fdxw0_si881 /nfs-share/xinchi/kaldi/egs/timit/s5_la2/fbank/raw_fbank_train.1.ark:3357988
mbjv0_sx347 /nfs-share/xinchi/kaldi/egs/timit/s5_la2/fbank/raw_fbank_train.2.ark:3699879
fjxm0_sx221 /nfs-share/xinchi/kaldi/egs/timit/s5_la2/fbank/raw_fbank_train.1.ark:6016487
mmdg0_sx70 /nfs-share/xinchi/kaldi/egs/timit/s5_la2/fbank/raw_fbank_train.3.ark:8796738
mtrc0_si993 /nfs-share/xinchi/kaldi/egs/timit/s5_la2/fbank/raw_fbank_train.4.ark:9751193
mcdd0_si1513 /nfs-share/xinchi/kaldi/egs/timit/s5_la2/fbank/raw_fbank_train.2.ark:4713665
mdhs0_si2160 /nfs-share/xinchi/kaldi/egs/timit/s5_la2/fbank/raw_fbank_train.2.ark:7108297
mmea0_sx38 /nfs-share/xinchi/kaldi/egs/timit/s5_la2/fbank/raw_fbank_train.3.ark:9145485
fdxw0_sx431 /nfs-share/xinchi/kaldi/egs/timit/s5_la2/fbank/raw_fbank_train.1.ark:3409960
mtpr0_sx430 /nfs-share/xinchi/kaldi/egs/timit/s5_la2/fbank/raw_fbank_train.4.ark:9567476
mrcw0_sx381 /nfs-share/xinchi/kaldi/egs/timit/s5_la2/fbank/raw_fbank_train.4.ark:1355676
mdac0_sx361 /nfs-share/xinchi/kaldi/egs/timit/s5_la2/fbank/raw_fbank_train.2.ark:6071156
fgrw0_si1152 /nfs-share/xinchi/kaldi/egs/timit/s5_la2/fbank/raw_fbank_train.1.ark:4498917
mnet0_sx186 /nfs-share/xinchi/kaldi/egs/timit/s5_la2/fbank/raw_fbank_train.3.ark:10575041
mcpm0_sx24 /nfs-share/xinchi/kaldi/egs/timit/s5_la2/fbank/raw_fbank_train.2.ark:5486446
mrhl0_sx165 /nfs-share/xinchi/kaldi/egs/timit/s5_la2/fbank/raw_fbank_train.4.ark:2515885
mtxs0_sx160 /nfs-share/xinchi/kaldi/egs/timit/s5_la2/fbank/raw_fbank_train.4.ark:10133927
msmr0_sx325 /nfs-share/xinchi/kaldi/egs/timit/s5_la2/fbank/raw_fbank_train.4.ark:6606479
mwsh0_sx256 /nfs-share/xinchi/kaldi/egs/timit/s5_la2/fbank/raw_fbank_train.4.ark:11505192
fear0_sx172 /nfs-share/xinchi/kaldi/egs/timit/s5_la2/fbank/raw_fbank_train.1.ark:3564631
mjjj0_sx443 /nfs-share/xinchi/kaldi/egs/timit/s5_la2/fbank/raw_fbank_train.3.ark:3362872
mrbc0_sx149 /nfs-share/xinchi/kaldi/egs/timit/s5_la2/fbank/raw_fbank_train.4.ark:1092055
mdlr0_si1233 /nfs-share/xinchi/kaldi/egs/timit/s5_la2/fbank/raw_fbank_train.2.ark:7983209
mrjm1_sx218 /nfs-share/xinchi/kaldi/egs/timit/s5_la2/fbank/raw_fbank_train.4.ark:2959139
mrjb1_sx300 /nfs-share/xinchi/kaldi/egs/timit/s5_la2/fbank/raw_fbank_train.4.ark:2663449
fmkf0_sx96 /nfs-share/xinchi/kaldi/egs/timit/s5_la2/fbank/raw_fbank_train.1.ark:9331749
mrml0_sx341 /nfs-share/xinchi/kaldi/egs/timit/s5_la2/fbank/raw_fbank_train.4.ark:4061648
fgmb0_si515 /nfs-share/xinchi/kaldi/egs/timit/s5_la2/fbank/raw_fbank_train.1.ark:4416359
mkes0_sx173 /nfs-share/xinchi/kaldi/egs/timit/s5_la2/fbank/raw_fbank_train.3.ark:6403548
flmk0_sx225 /nfs-share/xinchi/kaldi/egs/timit/s5_la2/fbank/raw_fbank_train.1.ark:8286282
mjra0_sx426 /nfs-share/xinchi/kaldi/egs/timit/s5_la2/fbank/raw_fbank_train.3.ark:4505854
fbmh0_si1766 /nfs-share/xinchi/kaldi/egs/timit/s5_la2/fbank/raw_fbank_train.1.ark:1066534
mbth0_sx122 /nfs-share/xinchi/kaldi/egs/timit/s5_la2/fbank/raw_fbank_train.2.ark:4227522
mrab1_sx38 /nfs-share/xinchi/kaldi/egs/timit/s5_la2/fbank/raw_fbank_train.4.ark:740131
mmar0_si706 /nfs-share/xinchi/kaldi/egs/timit/s5_la2/fbank/raw_fbank_train.3.ark:8309234
msas0_sx386 /nfs-share/xinchi/kaldi/egs/timit/s5_la2/fbank/raw_fbank_train.4.ark:5407601
mmaa0_sx125 /nfs-share/xinchi/kaldi/egs/timit/s5_la2/fbank/raw_fbank_train.3.ark:7912486
fhxs0_sx175 /nfs-share/xinchi/kaldi/egs/timit/s5_la2/fbank/raw_fbank_train.1.ark:4775550
mtab0_si942 /nfs-share/xinchi/kaldi/egs/timit/s5_la2/fbank/raw_fbank_train.4.ark:7190128
mgsl0_sx174 /nfs-share/xinchi/kaldi/egs/timit/s5_la2/fbank/raw_fbank_train.3.ark:740407
fgrw0_si1990 /nfs-share/xinchi/kaldi/egs/timit/s5_la2/fbank/raw_fbank_train.1.ark:4535065
mrem0_si511 /nfs-share/xinchi/kaldi/egs/timit/s5_la2/fbank/raw_fbank_train.4.ark:1870950
flma0_si1243 /nfs-share/xinchi/kaldi/egs/timit/s5_la2/fbank/raw_fbank_train.1.ark:8045578
msrg0_sx51 /nfs-share/xinchi/kaldi/egs/timit/s5_la2/fbank/raw_fbank_train.4.ark:6818954
mbjv0_si1877 /nfs-share/xinchi/kaldi/egs/timit/s5_la2/fbank/raw_fbank_train.2.ark:3657267
mdhs0_sx450 /nfs-share/xinchi/kaldi/egs/timit/s5_la2/fbank/raw_fbank_train.2.ark:7166542
mgjc0_sx165 /nfs-share/xinchi/kaldi/egs/timit/s5_la2/fbank/raw_fbank_train.3.ark:315070
mtas0_si2015 /nfs-share/xinchi/kaldi/egs/timit/s5_la2/fbank/raw_fbank_train.4.ark:7289480
mdsj0_sx292 /nfs-share/xinchi/kaldi/egs/timit/s5_la2/fbank/raw_fbank_train.2.ark:8955040
mmjb1_si2038 /nfs-share/xinchi/kaldi/egs/timit/s5_la2/fbank/raw_fbank_train.3.ark:9537366
mrjh0_si914 /nfs-share/xinchi/kaldi/egs/timit/s5_la2/fbank/raw_fbank_train.4.ark:2727422
fntb0_sx123 /nfs-share/xinchi/kaldi/egs/timit/s5_la2/fbank/raw_fbank_train.1.ark:9710155
mwre0_si2317 /nfs-share/xinchi/kaldi/egs/timit/s5_la2/fbank/raw_fbank_train.4.ark:11181414
fsmm0_si1314 /nfs-share/xinchi/kaldi/egs/timit/s5_la2/fbank/raw_fbank_train.2.ark:744920
fclt0_si808 /nfs-share/xinchi/kaldi/egs/timit/s5_la2/fbank/raw_fbank_train.1.ark:1920912
megj0_sx437 /nfs-share/xinchi/kaldi/egs/timit/s5_la2/fbank/raw_fbank_train.2.ark:9911882
mdlc2_sx174 /nfs-share/xinchi/kaldi/egs/timit/s5_la2/fbank/raw_fbank_train.2.ark:7734275
mfxv0_sx105 /nfs-share/xinchi/kaldi/egs/timit/s5_la2/fbank/raw_fbank_train.2.ark:10913619
mmsm0_sx116 /nfs-share/xinchi/kaldi/egs/timit/s5_la2/fbank/raw_fbank_train.3.ark:9965492
mmgg0_sx359 /nfs-share/xinchi/kaldi/egs/timit/s5_la2/fbank/raw_fbank_train.3.ark:9407528
mmpm0_sx71 /nfs-share/xinchi/kaldi/egs/timit/s5_la2/fbank/raw_fbank_train.3.ark:9802534
fhlm0_si1560 /nfs-share/xinchi/kaldi/egs/timit/s5_la2/fbank/raw_fbank_train.1.ark:4614663
mfwk0_sx169 /nfs-share/xinchi/kaldi/egs/timit/s5_la2/fbank/raw_fbank_train.2.ark:10710287
mtmn0_sx434 /nfs-share/xinchi/kaldi/egs/timit/s5_la2/fbank/raw_fbank_train.4.ark:9085511
fskc0_si786 /nfs-share/xinchi/kaldi/egs/timit/s5_la2/fbank/raw_fbank_train.2.ark:280901
mrtc0_sx108 /nfs-share/xinchi/kaldi/egs/timit/s5_la2/fbank/raw_fbank_train.4.ark:4666014
mgsh0_sx127 /nfs-share/xinchi/kaldi/egs/timit/s5_la2/fbank/raw_fbank_train.3.ark:641945
mtdp0_sx441 /nfs-share/xinchi/kaldi/egs/timit/s5_la2/fbank/raw_fbank_train.4.ark:7953516
fskl0_si899 /nfs-share/xinchi/kaldi/egs/timit/s5_la2/fbank/raw_fbank_train.2.ark:375406
mcxm0_sx271 /nfs-share/xinchi/kaldi/egs/timit/s5_la2/fbank/raw_fbank_train.2.ark:5958578
mrlj1_sx411 /nfs-share/xinchi/kaldi/egs/timit/s5_la2/fbank/raw_fbank_train.4.ark:3480329
fbmj0_si1776 /nfs-share/xinchi/kaldi/egs/timit/s5_la2/fbank/raw_fbank_train.1.ark:1145565
mjfh0_si477 /nfs-share/xinchi/kaldi/egs/timit/s5_la2/fbank/raw_fbank_train.3.ark:2905800
fvmh0_sx26 /nfs-share/xinchi/kaldi/egs/timit/s5_la2/fbank/raw_fbank_train.2.ark:1993825
fdkn0_sx271 /nfs-share/xinchi/kaldi/egs/timit/s5_la2/fbank/raw_fbank_train.1.ark:2844687
mfer0_sx52 /nfs-share/xinchi/kaldi/egs/timit/s5_la2/fbank/raw_fbank_train.2.ark:10469942
fceg0_si1878 /nfs-share/xinchi/kaldi/egs/timit/s5_la2/fbank/raw_fbank_train.1.ark:1575099
mdlm0_sx334 /nfs-share/xinchi/kaldi/egs/timit/s5_la2/fbank/raw_fbank_train.2.ark:7955230
msrr0_sx141 /nfs-share/xinchi/kaldi/egs/timit/s5_la2/fbank/raw_fbank_train.4.ark:6874608
mcef0_sx415 /nfs-share/xinchi/kaldi/egs/timit/s5_la2/fbank/raw_fbank_train.2.ark:4983914
mrre0_sx434 /nfs-share/xinchi/kaldi/egs/timit/s5_la2/fbank/raw_fbank_train.4.ark:4369797
mjpm1_sx41 /nfs-share/xinchi/kaldi/egs/timit/s5_la2/fbank/raw_fbank_train.3.ark:4415421
mrms0_sx210 /nfs-share/xinchi/kaldi/egs/timit/s5_la2/fbank/raw_fbank_train.4.ark:4159121
mwad0_sx72 /nfs-share/xinchi/kaldi/egs/timit/s5_la2/fbank/raw_fbank_train.4.ark:10671544
mrml0_sx161 /nfs-share/xinchi/kaldi/egs/timit/s5_la2/fbank/raw_fbank_train.4.ark:4024062
mjpg0_si561 /nfs-share/xinchi/kaldi/egs/timit/s5_la2/fbank/raw_fbank_train.3.ark:4170127
mrvg0_sx420 /nfs-share/xinchi/kaldi/egs/timit/s5_la2/fbank/raw_fbank_train.4.ark:4914443
ftmg0_sx182 /nfs-share/xinchi/kaldi/egs/timit/s5_la2/fbank/raw_fbank_train.2.ark:1678604
mkes0_si1883 /nfs-share/xinchi/kaldi/egs/timit/s5_la2/fbank/raw_fbank_train.3.ark:6371002
fdmy0_sx297 /nfs-share/xinchi/kaldi/egs/timit/s5_la2/fbank/raw_fbank_train.1.ark:3093002
mrlj0_si2050 /nfs-share/xinchi/kaldi/egs/timit/s5_la2/fbank/raw_fbank_train.4.ark:3337498
mtwh1_sx432 /nfs-share/xinchi/kaldi/egs/timit/s5_la2/fbank/raw_fbank_train.4.ark:10067600
fjen0_sx417 /nfs-share/xinchi/kaldi/egs/timit/s5_la2/fbank/raw_fbank_train.1.ark:5030861
fjkl0_sx392 /nfs-share/xinchi/kaldi/egs/timit/s5_la2/fbank/raw_fbank_train.1.ark:5241144
ftaj0_sx249 /nfs-share/xinchi/kaldi/egs/timit/s5_la2/fbank/raw_fbank_train.2.ark:1304138
fdkn0_sx91 /nfs-share/xinchi/kaldi/egs/timit/s5_la2/fbank/raw_fbank_train.1.ark:2888105
msrr0_si1131 /nfs-share/xinchi/kaldi/egs/timit/s5_la2/fbank/raw_fbank_train.4.ark:6828548
fceg0_sx348 /nfs-share/xinchi/kaldi/egs/timit/s5_la2/fbank/raw_fbank_train.1.ark:1608831
mrjh0_sx169 /nfs-share/xinchi/kaldi/egs/timit/s5_la2/fbank/raw_fbank_train.4.ark:2736135
msat1_si1073 /nfs-share/xinchi/kaldi/egs/timit/s5_la2/fbank/raw_fbank_train.4.ark:5496060
mtxs0_sx70 /nfs-share/xinchi/kaldi/egs/timit/s5_la2/fbank/raw_fbank_train.4.ark:10198138
fscn0_sx356 /nfs-share/xinchi/kaldi/egs/timit/s5_la2/fbank/raw_fbank_train.1.ark:11388620
mtlb0_sx54 /nfs-share/xinchi/kaldi/egs/timit/s5_la2/fbank/raw_fbank_train.4.ark:8790947
msem1_si1440 /nfs-share/xinchi/kaldi/egs/timit/s5_la2/fbank/raw_fbank_train.4.ark:5882843
mram0_si1905 /nfs-share/xinchi/kaldi/egs/timit/s5_la2/fbank/raw_fbank_train.4.ark:886537
mmws1_sx441 /nfs-share/xinchi/kaldi/egs/timit/s5_la2/fbank/raw_fbank_train.3.ark:10426891
fscn0_sx176 /nfs-share/xinchi/kaldi/egs/timit/s5_la2/fbank/raw_fbank_train.1.ark:11355154
mdpk0_si552 /nfs-share/xinchi/kaldi/egs/timit/s5_la2/fbank/raw_fbank_train.2.ark:8627147
mgaw0_si1802 /nfs-share/xinchi/kaldi/egs/timit/s5_la2/fbank/raw_fbank_train.3.ark:117273
frll0_si1514 /nfs-share/xinchi/kaldi/egs/timit/s5_la2/fbank/raw_fbank_train.1.ark:10781290
mrmb0_si1581 /nfs-share/xinchi/kaldi/egs/timit/s5_la2/fbank/raw_fbank_train.4.ark:3693765
fklh0_sx357 /nfs-share/xinchi/kaldi/egs/timit/s5_la2/fbank/raw_fbank_train.1.ark:6980147
mbgt0_si1341 /nfs-share/xinchi/kaldi/egs/timit/s5_la2/fbank/raw_fbank_train.2.ark:3539328
mejl0_si962 /nfs-share/xinchi/kaldi/egs/timit/s5_la2/fbank/raw_fbank_train.2.ark:9959415
mgag0_sx151 /nfs-share/xinchi/kaldi/egs/timit/s5_la2/fbank/raw_fbank_train.2.ark:11092268
fleh0_sx61 /nfs-share/xinchi/kaldi/egs/timit/s5_la2/fbank/raw_fbank_train.1.ark:7408233
mdss1_si1713 /nfs-share/xinchi/kaldi/egs/timit/s5_la2/fbank/raw_fbank_train.2.ark:9091199
fceg0_sx78 /nfs-share/xinchi/kaldi/egs/timit/s5_la2/fbank/raw_fbank_train.1.ark:1635896
fbcg1_si982 /nfs-share/xinchi/kaldi/egs/timit/s5_la2/fbank/raw_fbank_train.1.ark:648827
mwem0_sx240 /nfs-share/xinchi/kaldi/egs/timit/s5_la2/fbank/raw_fbank_train.4.ark:10998749
mjrh1_sx424 /nfs-share/xinchi/kaldi/egs/timit/s5_la2/fbank/raw_fbank_train.3.ark:4804610
mdks0_sx76 /nfs-share/xinchi/kaldi/egs/timit/s5_la2/fbank/raw_fbank_train.2.ark:7368185
mrjh0_sx79 /nfs-share/xinchi/kaldi/egs/timit/s5_la2/fbank/raw_fbank_train.4.ark:2792386
makb0_sx206 /nfs-share/xinchi/kaldi/egs/timit/s5_la2/fbank/raw_fbank_train.2.ark:2767276
mwrp0_sx3 /nfs-share/xinchi/kaldi/egs/timit/s5_la2/fbank/raw_fbank_train.4.ark:11322337
mrab0_sx414 /nfs-share/xinchi/kaldi/egs/timit/s5_la2/fbank/raw_fbank_train.4.ark:638427
fkdw0_sx397 /nfs-share/xinchi/kaldi/egs/timit/s5_la2/fbank/raw_fbank_train.1.ark:6479526
mgak0_sx136 /nfs-share/xinchi/kaldi/egs/timit/s5_la2/fbank/raw_fbank_train.2.ark:11183294
mpfu0_sx358 /nfs-share/xinchi/kaldi/egs/timit/s5_la2/fbank/raw_fbank_train.3.ark:10973286
mdss1_sx67 /nfs-share/xinchi/kaldi/egs/timit/s5_la2/fbank/raw_fbank_train.2.ark:9154316
fsrh0_si1931 /nfs-share/xinchi/kaldi/egs/timit/s5_la2/fbank/raw_fbank_train.2.ark:1065389
fcmm0_sx183 /nfs-share/xinchi/kaldi/egs/timit/s5_la2/fbank/raw_fbank_train.1.ark:2145236
mrjt0_sx148 /nfs-share/xinchi/kaldi/egs/timit/s5_la2/fbank/raw_fbank_train.4.ark:3047651
mtdp0_si1521 /nfs-share/xinchi/kaldi/egs/timit/s5_la2/fbank/raw_fbank_train.4.ark:7869270
fdtd0_sx321 /nfs-share/xinchi/kaldi/egs/timit/s5_la2/fbank/raw_fbank_train.1.ark:3314414
mjfh0_sx117 /nfs-share/xinchi/kaldi/egs/timit/s5_la2/fbank/raw_fbank_train.3.ark:2920953
mtpg0_si2013 /nfs-share/xinchi/kaldi/egs/timit/s5_la2/fbank/raw_fbank_train.4.ark:9313621
fsjk1_si696 /nfs-share/xinchi/kaldi/egs/timit/s5_la2/fbank/raw_fbank_train.1.ark:11860367
flag0_si834 /nfs-share/xinchi/kaldi/egs/timit/s5_la2/fbank/raw_fbank_train.1.ark:7237443
mdbp0_sx258 /nfs-share/xinchi/kaldi/egs/timit/s5_la2/fbank/raw_fbank_train.2.ark:6340876
mclm0_sx286 /nfs-share/xinchi/kaldi/egs/timit/s5_la2/fbank/raw_fbank_train.2.ark:5397814
mjlg1_sx22 /nfs-share/xinchi/kaldi/egs/timit/s5_la2/fbank/raw_fbank_train.3.ark:3736059
fsrh0_sx131 /nfs-share/xinchi/kaldi/egs/timit/s5_la2/fbank/raw_fbank_train.2.ark:1086455
mlel0_sx76 /nfs-share/xinchi/kaldi/egs/timit/s5_la2/fbank/raw_fbank_train.3.ark:7428092
mmws0_si888 /nfs-share/xinchi/kaldi/egs/timit/s5_la2/fbank/raw_fbank_train.3.ark:10292054
mvjh0_si2186 /nfs-share/xinchi/kaldi/egs/timit/s5_la2/fbank/raw_fbank_train.4.ark:10223766
mdns0_sx21 /nfs-share/xinchi/kaldi/egs/timit/s5_la2/fbank/raw_fbank_train.2.ark:8472075
fsmm0_si1944 /nfs-share/xinchi/kaldi/egs/timit/s5_la2/fbank/raw_fbank_train.2.ark:756034
mgrl0_si2127 /nfs-share/xinchi/kaldi/egs/timit/s5_la2/fbank/raw_fbank_train.3.ark:397629
mkag0_sx30 /nfs-share/xinchi/kaldi/egs/timit/s5_la2/fbank/raw_fbank_train.3.ark:5730640
mjda0_si2291 /nfs-share/xinchi/kaldi/egs/timit/s5_la2/fbank/raw_fbank_train.3.ark:2082960
fmjf0_si1254 /nfs-share/xinchi/kaldi/egs/timit/s5_la2/fbank/raw_fbank_train.1.ark:8929764
mtlc0_si1313 /nfs-share/xinchi/kaldi/egs/timit/s5_la2/fbank/raw_fbank_train.4.ark:8804781
mrds0_sx87 /nfs-share/xinchi/kaldi/egs/timit/s5_la2/fbank/raw_fbank_train.4.ark:1635112
mdks0_si1696 /nfs-share/xinchi/kaldi/egs/timit/s5_la2/fbank/raw_fbank_train.2.ark:7290587
mbef0_sx21 /nfs-share/xinchi/kaldi/egs/timit/s5_la2/fbank/raw_fbank_train.2.ark:3515748
mjrp0_sx135 /nfs-share/xinchi/kaldi/egs/timit/s5_la2/fbank/raw_fbank_train.3.ark:4952481
mfwk0_sx79 /nfs-share/xinchi/kaldi/egs/timit/s5_la2/fbank/raw_fbank_train.2.ark:10764178
flma0_si1873 /nfs-share/xinchi/kaldi/egs/timit/s5_la2/fbank/raw_fbank_train.1.ark:8053772
mkes0_sx443 /nfs-share/xinchi/kaldi/egs/timit/s5_la2/fbank/raw_fbank_train.3.ark:6443727
madd0_si538 /nfs-share/xinchi/kaldi/egs/timit/s5_la2/fbank/raw_fbank_train.2.ark:2232322
msat1_sx263 /nfs-share/xinchi/kaldi/egs/timit/s5_la2/fbank/raw_fbank_train.4.ark:5546754
mrwa0_sx73 /nfs-share/xinchi/kaldi/egs/timit/s5_la2/fbank/raw_fbank_train.4.ark:5026220
mses0_sx239 /nfs-share/xinchi/kaldi/egs/timit/s5_la2/fbank/raw_fbank_train.4.ark:6058322
mgsl0_sx84 /nfs-share/xinchi/kaldi/egs/timit/s5_la2/fbank/raw_fbank_train.3.ark:794378
fjen0_sx147 /nfs-share/xinchi/kaldi/egs/timit/s5_la2/fbank/raw_fbank_train.1.ark:4985802
maeb0_sx270 /nfs-share/xinchi/kaldi/egs/timit/s5_la2/fbank/raw_fbank_train.2.ark:2359053
mdlr0_si1863 /nfs-share/xinchi/kaldi/egs/timit/s5_la2/fbank/raw_fbank_train.2.ark:7999443
msdb0_sx287 /nfs-share/xinchi/kaldi/egs/timit/s5_la2/fbank/raw_fbank_train.4.ark:5645005
mrgs0_sx366 /nfs-share/xinchi/kaldi/egs/timit/s5_la2/fbank/raw_fbank_train.4.ark:2437248
fpac0_si2011 /nfs-share/xinchi/kaldi/egs/timit/s5_la2/fbank/raw_fbank_train.1.ark:9897779
mmdb0_si987 /nfs-share/xinchi/kaldi/egs/timit/s5_la2/fbank/raw_fbank_train.3.ark:8628829
mrlj1_sx321 /nfs-share/xinchi/kaldi/egs/timit/s5_la2/fbank/raw_fbank_train.4.ark:3466536
mmeb0_sx327 /nfs-share/xinchi/kaldi/egs/timit/s5_la2/fbank/raw_fbank_train.3.ark:9208565
mesg0_sx432 /nfs-share/xinchi/kaldi/egs/timit/s5_la2/fbank/raw_fbank_train.2.ark:10200517
fpaz0_sx423 /nfs-share/xinchi/kaldi/egs/timit/s5_la2/fbank/raw_fbank_train.1.ark:10272859
mcth0_si1209 /nfs-share/xinchi/kaldi/egs/timit/s5_la2/fbank/raw_fbank_train.2.ark:5712635
fcjs0_si977 /nfs-share/xinchi/kaldi/egs/timit/s5_la2/fbank/raw_fbank_train.1.ark:1736222
msat1_sx173 /nfs-share/xinchi/kaldi/egs/timit/s5_la2/fbank/raw_fbank_train.4.ark:5531121
fajw0_si633 /nfs-share/xinchi/kaldi/egs/timit/s5_la2/fbank/raw_fbank_train.1.ark:131585
mjmd0_sx308 /nfs-share/xinchi/kaldi/egs/timit/s5_la2/fbank/raw_fbank_train.3.ark:4017416
mgaf0_si1282 /nfs-share/xinchi/kaldi/egs/timit/s5_la2/fbank/raw_fbank_train.2.ark:10965064
mpeb0_sx150 /nfs-share/xinchi/kaldi/egs/timit/s5_la2/fbank/raw_fbank_train.3.ark:10849555
fbch0_si959 /nfs-share/xinchi/kaldi/egs/timit/s5_la2/fbank/raw_fbank_train.1.ark:759051
mbjv0_si1247 /nfs-share/xinchi/kaldi/egs/timit/s5_la2/fbank/raw_fbank_train.2.ark:3645553
mrhl0_sx255 /nfs-share/xinchi/kaldi/egs/timit/s5_la2/fbank/raw_fbank_train.4.ark:2529078
fdml0_si2075 /nfs-share/xinchi/kaldi/egs/timit/s5_la2/fbank/raw_fbank_train.1.ark:2925927
mpmb0_sx151 /nfs-share/xinchi/kaldi/egs/timit/s5_la2/fbank/raw_fbank_train.3.ark:11362360
falr0_sx155 /nfs-share/xinchi/kaldi/egs/timit/s5_la2/fbank/raw_fbank_train.1.ark:346423
msah1_si1049 /nfs-share/xinchi/kaldi/egs/timit/s5_la2/fbank/raw_fbank_train.4.ark:5224064
mrcg0_si798 /nfs-share/xinchi/kaldi/egs/timit/s5_la2/fbank/raw_fbank_train.4.ark:1185287
mjrh0_si1125 /nfs-share/xinchi/kaldi/egs/timit/s5_la2/fbank/raw_fbank_train.3.ark:4629265
fsdc0_si1942 /nfs-share/xinchi/kaldi/egs/timit/s5_la2/fbank/raw_fbank_train.1.ark:11444833
mcdd0_sx343 /nfs-share/xinchi/kaldi/egs/timit/s5_la2/fbank/raw_fbank_train.2.ark:4765871
mpsw0_sx24 /nfs-share/xinchi/kaldi/egs/timit/s5_la2/fbank/raw_fbank_train.4.ark:525896
fdas1_si831 /nfs-share/xinchi/kaldi/egs/timit/s5_la2/fbank/raw_fbank_train.1.ark:2428798
mrcg0_sx168 /nfs-share/xinchi/kaldi/egs/timit/s5_la2/fbank/raw_fbank_train.4.ark:1200600
mfxv0_sx195 /nfs-share/xinchi/kaldi/egs/timit/s5_la2/fbank/raw_fbank_train.2.ark:10933004
fexm0_sx366 /nfs-share/xinchi/kaldi/egs/timit/s5_la2/fbank/raw_fbank_train.1.ark:4146815
mjai0_sx434 /nfs-share/xinchi/kaldi/egs/timit/s5_la2/fbank/raw_fbank_train.3.ark:1948080
fmju0_sx129 /nfs-share/xinchi/kaldi/egs/timit/s5_la2/fbank/raw_fbank_train.1.ark:9076689
msah1_si1679 /nfs-share/xinchi/kaldi/egs/timit/s5_la2/fbank/raw_fbank_train.4.ark:5233898
mbma1_sx54 /nfs-share/xinchi/kaldi/egs/timit/s5_la2/fbank/raw_fbank_train.2.ark:3921754
mkls0_sx87 /nfs-share/xinchi/kaldi/egs/timit/s5_la2/fbank/raw_fbank_train.3.ark:6834701
fklc1_si1678 /nfs-share/xinchi/kaldi/egs/timit/s5_la2/fbank/raw_fbank_train.1.ark:6837869
mmar0_sx256 /nfs-share/xinchi/kaldi/egs/timit/s5_la2/fbank/raw_fbank_train.3.ark:8340380
mbgt0_sx261 /nfs-share/xinchi/kaldi/egs/timit/s5_la2/fbank/raw_fbank_train.2.ark:3597101
mtpf0_sx245 /nfs-share/xinchi/kaldi/egs/timit/s5_la2/fbank/raw_fbank_train.4.ark:9253775
mwdk0_sx176 /nfs-share/xinchi/kaldi/egs/timit/s5_la2/fbank/raw_fbank_train.4.ark:10896090
fajw0_sx3 /nfs-share/xinchi/kaldi/egs/timit/s5_la2/fbank/raw_fbank_train.1.ark:175282
mges0_sx131 /nfs-share/xinchi/kaldi/egs/timit/s5_la2/fbank/raw_fbank_train.3.ark:219244
fmpg0_si972 /nfs-share/xinchi/kaldi/egs/timit/s5_la2/fbank/raw_fbank_train.1.ark:9472113
fbas0_si1387 /nfs-share/xinchi/kaldi/egs/timit/s5_la2/fbank/raw_fbank_train.1.ark:527214
mmeb0_sx367 /nfs-share/xinchi/kaldi/egs/timit/s5_la2/fbank/raw_fbank_train.3.ark:9226598
mrjt0_sx238 /nfs-share/xinchi/kaldi/egs/timit/s5_la2/fbank/raw_fbank_train.4.ark:3057644
mrmb0_sx231 /nfs-share/xinchi/kaldi/egs/timit/s5_la2/fbank/raw_fbank_train.4.ark:3744258
mrmb0_si951 /nfs-share/xinchi/kaldi/egs/timit/s5_la2/fbank/raw_fbank_train.4.ark:3715992
medr0_sx384 /nfs-share/xinchi/kaldi/egs/timit/s5_la2/fbank/raw_fbank_train.2.ark:9716948
fblv0_sx338 /nfs-share/xinchi/kaldi/egs/timit/s5_la2/fbank/raw_fbank_train.1.ark:1009361
mkdb0_sx62 /nfs-share/xinchi/kaldi/egs/timit/s5_la2/fbank/raw_fbank_train.3.ark:6144565
mrpc1_si2026 /nfs-share/xinchi/kaldi/egs/timit/s5_la2/fbank/raw_fbank_train.4.ark:4207207
mmsm0_si1736 /nfs-share/xinchi/kaldi/egs/timit/s5_la2/fbank/raw_fbank_train.3.ark:9936746
mbwp0_si1531 /nfs-share/xinchi/kaldi/egs/timit/s5_la2/fbank/raw_fbank_train.2.ark:4292407
mmjb1_si1408 /nfs-share/xinchi/kaldi/egs/timit/s5_la2/fbank/raw_fbank_train.3.ark:9524972
fpab1_sx121 /nfs-share/xinchi/kaldi/egs/timit/s5_la2/fbank/raw_fbank_train.1.ark:9815980
fsah0_sx164 /nfs-share/xinchi/kaldi/egs/timit/s5_la2/fbank/raw_fbank_train.1.ark:11040199
mrws0_si1102 /nfs-share/xinchi/kaldi/egs/timit/s5_la2/fbank/raw_fbank_train.4.ark:5036374
mjdc0_sx171 /nfs-share/xinchi/kaldi/egs/timit/s5_la2/fbank/raw_fbank_train.3.ark:2194778
msjk0_sx426 /nfs-share/xinchi/kaldi/egs/timit/s5_la2/fbank/raw_fbank_train.4.ark:6414463
msrr0_si501 /nfs-share/xinchi/kaldi/egs/timit/s5_la2/fbank/raw_fbank_train.4.ark:6856575
mjrh0_sx315 /nfs-share/xinchi/kaldi/egs/timit/s5_la2/fbank/raw_fbank_train.3.ark:4693472
fmju0_sx309 /nfs-share/xinchi/kaldi/egs/timit/s5_la2/fbank/raw_fbank_train.1.ark:9102195
mmdm1_sx333 /nfs-share/xinchi/kaldi/egs/timit/s5_la2/fbank/raw_fbank_train.3.ark:8959483
mjxa0_sx337 /nfs-share/xinchi/kaldi/egs/timit/s5_la2/fbank/raw_fbank_train.3.ark:5524311
ftbr0_sx291 /nfs-share/xinchi/kaldi/egs/timit/s5_la2/fbank/raw_fbank_train.2.ark:1417548
mcew0_si1442 /nfs-share/xinchi/kaldi/egs/timit/s5_la2/fbank/raw_fbank_train.2.ark:5006220
marc0_sx108 /nfs-share/xinchi/kaldi/egs/timit/s5_la2/fbank/raw_fbank_train.2.ark:3021398
mmws1_sx261 /nfs-share/xinchi/kaldi/egs/timit/s5_la2/fbank/raw_fbank_train.3.ark:10399313
mtdb0_si771 /nfs-share/xinchi/kaldi/egs/timit/s5_la2/fbank/raw_fbank_train.4.ark:7786958
msms0_sx353 /nfs-share/xinchi/kaldi/egs/timit/s5_la2/fbank/raw_fbank_train.4.ark:6702744
fkde0_si2221 /nfs-share/xinchi/kaldi/egs/timit/s5_la2/fbank/raw_fbank_train.1.ark:6320897
mrgm0_sx262 /nfs-share/xinchi/kaldi/egs/timit/s5_la2/fbank/raw_fbank_train.4.ark:2314270
mrxb0_si2215 /nfs-share/xinchi/kaldi/egs/timit/s5_la2/fbank/raw_fbank_train.4.ark:5132073
fcke0_sx301 /nfs-share/xinchi/kaldi/egs/timit/s5_la2/fbank/raw_fbank_train.1.ark:1878146
fvkb0_si1159 /nfs-share/xinchi/kaldi/egs/timit/s5_la2/fbank/raw_fbank_train.2.ark:1825835
fklh0_sx177 /nfs-share/xinchi/kaldi/egs/timit/s5_la2/fbank/raw_fbank_train.1.ark:6958081
falr0_sx425 /nfs-share/xinchi/kaldi/egs/timit/s5_la2/fbank/raw_fbank_train.1.ark:385482
fbmj0_si516 /nfs-share/xinchi/kaldi/egs/timit/s5_la2/fbank/raw_fbank_train.1.ark:1162598
mtrr0_sx288 /nfs-share/xinchi/kaldi/egs/timit/s5_la2/fbank/raw_fbank_train.4.ark:9881909
mrwa0_sx343 /nfs-share/xinchi/kaldi/egs/timit/s5_la2/fbank/raw_fbank_train.4.ark:4997035
mwch0_sx92 /nfs-share/xinchi/kaldi/egs/timit/s5_la2/fbank/raw_fbank_train.4.ark:10846316
mwgr0_sx76 /nfs-share/xinchi/kaldi/egs/timit/s5_la2/fbank/raw_fbank_train.4.ark:11143952
fpjf0_sx146 /nfs-share/xinchi/kaldi/egs/timit/s5_la2/fbank/raw_fbank_train.1.ark:10338106
fklc0_sx175 /nfs-share/xinchi/kaldi/egs/timit/s5_la2/fbank/raw_fbank_train.1.ark:6751910
mbcg0_sx417 /nfs-share/xinchi/kaldi/egs/timit/s5_la2/fbank/raw_fbank_train.2.ark:3436957
mrvg0_si1770 /nfs-share/xinchi/kaldi/egs/timit/s5_la2/fbank/raw_fbank_train.4.ark:4864638
mgaf0_sx292 /nfs-share/xinchi/kaldi/egs/timit/s5_la2/fbank/raw_fbank_train.2.ark:11029262
mmsm0_sx386 /nfs-share/xinchi/kaldi/egs/timit/s5_la2/fbank/raw_fbank_train.3.ark:10010583
fljg0_sx261 /nfs-share/xinchi/kaldi/egs/timit/s5_la2/fbank/raw_fbank_train.1.ark:7878622
mgaw0_sx355 /nfs-share/xinchi/kaldi/egs/timit/s5_la2/fbank/raw_fbank_train.3.ark:167045
mpar0_si1576 /nfs-share/xinchi/kaldi/egs/timit/s5_la2/fbank/raw_fbank_train.3.ark:10734870
mmws1_sx351 /nfs-share/xinchi/kaldi/egs/timit/s5_la2/fbank/raw_fbank_train.3.ark:10414178
fbmh0_sx146 /nfs-share/xinchi/kaldi/egs/timit/s5_la2/fbank/raw_fbank_train.1.ark:1094240
mdlc1_si2144 /nfs-share/xinchi/kaldi/egs/timit/s5_la2/fbank/raw_fbank_train.2.ark:7643857
mkrg0_sx51 /nfs-share/xinchi/kaldi/egs/timit/s5_la2/fbank/raw_fbank_train.3.ark:7127776
mbml0_si1169 /nfs-share/xinchi/kaldi/egs/timit/s5_la2/fbank/raw_fbank_train.2.ark:3937348
mbom0_sx204 /nfs-share/xinchi/kaldi/egs/timit/s5_la2/fbank/raw_fbank_train.2.ark:4070147
mjxa0_sx157 /nfs-share/xinchi/kaldi/egs/timit/s5_la2/fbank/raw_fbank_train.3.ark:5500485
mgaw0_sx445 /nfs-share/xinchi/kaldi/egs/timit/s5_la2/fbank/raw_fbank_train.3.ark:175598
fgcs0_si2116 /nfs-share/xinchi/kaldi/egs/timit/s5_la2/fbank/raw_fbank_train.1.ark:4186596
mram0_sx285 /nfs-share/xinchi/kaldi/egs/timit/s5_la2/fbank/raw_fbank_train.4.ark:945622
mdcd0_si2045 /nfs-share/xinchi/kaldi/egs/timit/s5_la2/fbank/raw_fbank_train.2.ark:6407082
mfer0_sx232 /nfs-share/xinchi/kaldi/egs/timit/s5_la2/fbank/raw_fbank_train.2.ark:10437004
mdjm0_sx285 /nfs-share/xinchi/kaldi/egs/timit/s5_la2/fbank/raw_fbank_train.2.ark:7260646
mwac0_sx161 /nfs-share/xinchi/kaldi/egs/timit/s5_la2/fbank/raw_fbank_train.4.ark:10524227
mjdg0_si1042 /nfs-share/xinchi/kaldi/egs/timit/s5_la2/fbank/raw_fbank_train.3.ark:2378207
mfxs0_sx144 /nfs-share/xinchi/kaldi/egs/timit/s5_la2/fbank/raw_fbank_train.2.ark:10802873
msds0_sx357 /nfs-share/xinchi/kaldi/egs/timit/s5_la2/fbank/raw_fbank_train.4.ark:5841344
mjlg1_sx382 /nfs-share/xinchi/kaldi/egs/timit/s5_la2/fbank/raw_fbank_train.3.ark:3757765
fskp0_sx108 /nfs-share/xinchi/kaldi/egs/timit/s5_la2/fbank/raw_fbank_train.2.ark:485504
mnet0_si816 /nfs-share/xinchi/kaldi/egs/timit/s5_la2/fbank/raw_fbank_train.3.ark:10563328
mrjm0_sx148 /nfs-share/xinchi/kaldi/egs/timit/s5_la2/fbank/raw_fbank_train.4.ark:2844121
mpfu0_si1888 /nfs-share/xinchi/kaldi/egs/timit/s5_la2/fbank/raw_fbank_train.3.ark:10929274
mdef0_sx393 /nfs-share/xinchi/kaldi/egs/timit/s5_la2/fbank/raw_fbank_train.2.ark:6869820
fcrz0_sx253 /nfs-share/xinchi/kaldi/egs/timit/s5_la2/fbank/raw_fbank_train.1.ark:2250894
faem0_sx222 /nfs-share/xinchi/kaldi/egs/timit/s5_la2/fbank/raw_fbank_train.1.ark:51746
majp0_si2334 /nfs-share/xinchi/kaldi/egs/timit/s5_la2/fbank/raw_fbank_train.2.ark:2608184
mmdm0_si1941 /nfs-share/xinchi/kaldi/egs/timit/s5_la2/fbank/raw_fbank_train.3.ark:8823126
mkah0_si898 /nfs-share/xinchi/kaldi/egs/timit/s5_la2/fbank/raw_fbank_train.3.ark:5788206
mjae0_sx84 /nfs-share/xinchi/kaldi/egs/timit/s5_la2/fbank/raw_fbank_train.3.ark:1851648
mrab0_si594 /nfs-share/xinchi/kaldi/egs/timit/s5_la2/fbank/raw_fbank_train.4.ark:592295
mrab0_sx324 /nfs-share/xinchi/kaldi/egs/timit/s5_la2/fbank/raw_fbank_train.4.ark:622554
fpls0_si2220 /nfs-share/xinchi/kaldi/egs/timit/s5_la2/fbank/raw_fbank_train.1.ark:10404865
mgak0_sx226 /nfs-share/xinchi/kaldi/egs/timit/s5_la2/fbank/raw_fbank_train.2.ark:11202487
mtas0_sx215 /nfs-share/xinchi/kaldi/egs/timit/s5_la2/fbank/raw_fbank_train.4.ark:7314259
mrsp0_sx439 /nfs-share/xinchi/kaldi/egs/timit/s5_la2/fbank/raw_fbank_train.4.ark:4594248
fmmh0_si1537 /nfs-share/xinchi/kaldi/egs/timit/s5_la2/fbank/raw_fbank_train.1.ark:9345143
mljc0_sx145 /nfs-share/xinchi/kaldi/egs/timit/s5_la2/fbank/raw_fbank_train.3.ark:7483506
mkaj0_sx244 /nfs-share/xinchi/kaldi/egs/timit/s5_la2/fbank/raw_fbank_train.3.ark:5910577
mjlg1_sx202 /nfs-share/xinchi/kaldi/egs/timit/s5_la2/fbank/raw_fbank_train.3.ark:3728907
mpeb0_si600 /nfs-share/xinchi/kaldi/egs/timit/s5_la2/fbank/raw_fbank_train.3.ark:10832482
mtwh1_sx342 /nfs-share/xinchi/kaldi/egs/timit/s5_la2/fbank/raw_fbank_train.4.ark:10056967
mchl0_si1977 /nfs-share/xinchi/kaldi/egs/timit/s5_la2/fbank/raw_fbank_train.2.ark:5168673
fjrp1_sx172 /nfs-share/xinchi/kaldi/egs/timit/s5_la2/fbank/raw_fbank_train.1.ark:5595234
fcjs0_sx77 /nfs-share/xinchi/kaldi/egs/timit/s5_la2/fbank/raw_fbank_train.1.ark:1802706
fclt0_sx88 /nfs-share/xinchi/kaldi/egs/timit/s5_la2/fbank/raw_fbank_train.1.ark:1986316
faem0_sx312 /nfs-share/xinchi/kaldi/egs/timit/s5_la2/fbank/raw_fbank_train.1.ark:62819
mljc0_si595 /nfs-share/xinchi/kaldi/egs/timit/s5_la2/fbank/raw_fbank_train.3.ark:7471993
mrhl0_si885 /nfs-share/xinchi/kaldi/egs/timit/s5_la2/fbank/raw_fbank_train.4.ark:2502972
mdlm0_sx64 /nfs-share/xinchi/kaldi/egs/timit/s5_la2/fbank/raw_fbank_train.2.ark:7974455
mrfk0_sx266 /nfs-share/xinchi/kaldi/egs/timit/s5_la2/fbank/raw_fbank_train.4.ark:2098300
mgaw0_sx175 /nfs-share/xinchi/kaldi/egs/timit/s5_la2/fbank/raw_fbank_train.3.ark:141259
mdlc2_si2244 /nfs-share/xinchi/kaldi/egs/timit/s5_la2/fbank/raw_fbank_train.2.ark:7712169
msvs0_sx308 /nfs-share/xinchi/kaldi/egs/timit/s5_la2/fbank/raw_fbank_train.4.ark:7113162
frjb0_sx257 /nfs-share/xinchi/kaldi/egs/timit/s5_la2/fbank/raw_fbank_train.1.ark:10729838
mtdp0_sx171 /nfs-share/xinchi/kaldi/egs/timit/s5_la2/fbank/raw_fbank_train.4.ark:7904657
mpgh0_si675 /nfs-share/xinchi/kaldi/egs/timit/s5_la2/fbank/raw_fbank_train.3.ark:11028698
fcrz0_si793 /nfs-share/xinchi/kaldi/egs/timit/s5_la2/fbank/raw_fbank_train.1.ark:2228108
msrr0_sx30 /nfs-share/xinchi/kaldi/egs/timit/s5_la2/fbank/raw_fbank_train.4.ark:6895913
fpmy0_sx73 /nfs-share/xinchi/kaldi/egs/timit/s5_la2/fbank/raw_fbank_train.1.ark:10589165
fsls0_sx426 /nfs-share/xinchi/kaldi/egs/timit/s5_la2/fbank/raw_fbank_train.2.ark:614149
ftaj0_sx69 /nfs-share/xinchi/kaldi/egs/timit/s5_la2/fbank/raw_fbank_train.2.ark:1330876
fvkb0_sx79 /nfs-share/xinchi/kaldi/egs/timit/s5_la2/fbank/raw_fbank_train.2.ark:1915986
ftbr0_sx381 /nfs-share/xinchi/kaldi/egs/timit/s5_la2/fbank/raw_fbank_train.2.ark:1427661
msjk0_sx246 /nfs-share/xinchi/kaldi/egs/timit/s5_la2/fbank/raw_fbank_train.4.ark:6386397
fltm0_sx260 /nfs-share/xinchi/kaldi/egs/timit/s5_la2/fbank/raw_fbank_train.1.ark:8465374
fmkf0_sx366 /nfs-share/xinchi/kaldi/egs/timit/s5_la2/fbank/raw_fbank_train.1.ark:9306246
mpfu0_sx178 /nfs-share/xinchi/kaldi/egs/timit/s5_la2/fbank/raw_fbank_train.3.ark:10945700
ftlg0_sx303 /nfs-share/xinchi/kaldi/egs/timit/s5_la2/fbank/raw_fbank_train.2.ark:1610605
fksr0_si1117 /nfs-share/xinchi/kaldi/egs/timit/s5_la2/fbank/raw_fbank_train.1.ark:7017286
mprd0_sx261 /nfs-share/xinchi/kaldi/egs/timit/s5_la2/fbank/raw_fbank_train.4.ark:229422
mdsj0_si2092 /nfs-share/xinchi/kaldi/egs/timit/s5_la2/fbank/raw_fbank_train.2.ark:8914149
fjwb1_si748 /nfs-share/xinchi/kaldi/egs/timit/s5_la2/fbank/raw_fbank_train.1.ark:5886963
mtmt0_sx128 /nfs-share/xinchi/kaldi/egs/timit/s5_la2/fbank/raw_fbank_train.4.ark:9148557
fkaa0_si1208 /nfs-share/xinchi/kaldi/egs/timit/s5_la2/fbank/raw_fbank_train.1.ark:6174444
medr0_si744 /nfs-share/xinchi/kaldi/egs/timit/s5_la2/fbank/raw_fbank_train.2.ark:9664184
mmgk0_si692 /nfs-share/xinchi/kaldi/egs/timit/s5_la2/fbank/raw_fbank_train.3.ark:9467534
mtab0_sx312 /nfs-share/xinchi/kaldi/egs/timit/s5_la2/fbank/raw_fbank_train.4.ark:7233467
mntw0_sx168 /nfs-share/xinchi/kaldi/egs/timit/s5_la2/fbank/raw_fbank_train.3.ark:10676625
msfv0_sx452 /nfs-share/xinchi/kaldi/egs/timit/s5_la2/fbank/raw_fbank_train.4.ark:6302878
mkdb0_sx152 /nfs-share/xinchi/kaldi/egs/timit/s5_la2/fbank/raw_fbank_train.3.ark:6091234
mdef0_sx303 /nfs-share/xinchi/kaldi/egs/timit/s5_la2/fbank/raw_fbank_train.2.ark:6850275
mdjm0_si1455 /nfs-share/xinchi/kaldi/egs/timit/s5_la2/fbank/raw_fbank_train.2.ark:7187408
mwac0_si971 /nfs-share/xinchi/kaldi/egs/timit/s5_la2/fbank/raw_fbank_train.4.ark:10513034
fcag0_sx333 /nfs-share/xinchi/kaldi/egs/timit/s5_la2/fbank/raw_fbank_train.1.ark:1306116
mejl0_si1592 /nfs-share/xinchi/kaldi/egs/timit/s5_la2/fbank/raw_fbank_train.2.ark:9941108
mfmc0_sx232 /nfs-share/xinchi/kaldi/egs/timit/s5_la2/fbank/raw_fbank_train.2.ark:10533429
fmpg0_sx252 /nfs-share/xinchi/kaldi/egs/timit/s5_la2/fbank/raw_fbank_train.1.ark:9511659
msdh0_sx80 /nfs-share/xinchi/kaldi/egs/timit/s5_la2/fbank/raw_fbank_train.4.ark:5754143
mesg0_sx252 /nfs-share/xinchi/kaldi/egs/timit/s5_la2/fbank/raw_fbank_train.2.ark:10176211
mbma0_sx322 /nfs-share/xinchi/kaldi/egs/timit/s5_la2/fbank/raw_fbank_train.2.ark:3796224
mrgm0_sx172 /nfs-share/xinchi/kaldi/egs/timit/s5_la2/fbank/raw_fbank_train.4.ark:2297677
mkam0_sx326 /nfs-share/xinchi/kaldi/egs/timit/s5_la2/fbank/raw_fbank_train.3.ark:6021156
mdss0_sx441 /nfs-share/xinchi/kaldi/egs/timit/s5_la2/fbank/raw_fbank_train.2.ark:9056979
mfxv0_sx375 /nfs-share/xinchi/kaldi/egs/timit/s5_la2/fbank/raw_fbank_train.2.ark:10952110
mdss1_si697 /nfs-share/xinchi/kaldi/egs/timit/s5_la2/fbank/raw_fbank_train.2.ark:9097512
mgsl0_sx354 /nfs-share/xinchi/kaldi/egs/timit/s5_la2/fbank/raw_fbank_train.3.ark:767593
fcjf0_si1027 /nfs-share/xinchi/kaldi/egs/timit/s5_la2/fbank/raw_fbank_train.1.ark:1644050
mmxs0_si876 /nfs-share/xinchi/kaldi/egs/timit/s5_la2/fbank/raw_fbank_train.3.ark:10470783
mrld0_sx64 /nfs-share/xinchi/kaldi/egs/timit/s5_la2/fbank/raw_fbank_train.4.ark:3315750
mtml0_sx435 /nfs-share/xinchi/kaldi/egs/timit/s5_la2/fbank/raw_fbank_train.4.ark:8970806
fkdw0_sx127 /nfs-share/xinchi/kaldi/egs/timit/s5_la2/fbank/raw_fbank_train.1.ark:6445155
mkaj0_si2044 /nfs-share/xinchi/kaldi/egs/timit/s5_la2/fbank/raw_fbank_train.3.ark:5874518
msat0_sx446 /nfs-share/xinchi/kaldi/egs/timit/s5_la2/fbank/raw_fbank_train.4.ark:5476314
fjlg0_sx449 /nfs-share/xinchi/kaldi/egs/timit/s5_la2/fbank/raw_fbank_train.1.ark:5324898
fajw0_sx363 /nfs-share/xinchi/kaldi/egs/timit/s5_la2/fbank/raw_fbank_train.1.ark:182475
mtrt0_si1227 /nfs-share/xinchi/kaldi/egs/timit/s5_la2/fbank/raw_fbank_train.4.ark:9909656
msem1_sx180 /nfs-share/xinchi/kaldi/egs/timit/s5_la2/fbank/raw_fbank_train.4.ark:5946063
mbbr0_si2315 /nfs-share/xinchi/kaldi/egs/timit/s5_la2/fbank/raw_fbank_train.2.ark:3301561
fklc0_si2245 /nfs-share/xinchi/kaldi/egs/timit/s5_la2/fbank/raw_fbank_train.1.ark:6723044
mmds0_sx263 /nfs-share/xinchi/kaldi/egs/timit/s5_la2/fbank/raw_fbank_train.3.ark:9044275
mbma1_si954 /nfs-share/xinchi/kaldi/egs/timit/s5_la2/fbank/raw_fbank_train.2.ark:3851430
fcmm0_sx93 /nfs-share/xinchi/kaldi/egs/timit/s5_la2/fbank/raw_fbank_train.1.ark:2192847
mjac0_si701 /nfs-share/xinchi/kaldi/egs/timit/s5_la2/fbank/raw_fbank_train.3.ark:1684098
mvlo0_sx427 /nfs-share/xinchi/kaldi/egs/timit/s5_la2/fbank/raw_fbank_train.4.ark:10375236
fjrp1_sx442 /nfs-share/xinchi/kaldi/egs/timit/s5_la2/fbank/raw_fbank_train.1.ark:5648933
mrcg0_sx78 /nfs-share/xinchi/kaldi/egs/timit/s5_la2/fbank/raw_fbank_train.4.ark:1261331
mwgr0_sx166 /nfs-share/xinchi/kaldi/egs/timit/s5_la2/fbank/raw_fbank_train.4.ark:11095821
mcew0_si2072 /nfs-share/xinchi/kaldi/egs/timit/s5_la2/fbank/raw_fbank_train.2.ark:5019614
fmpg0_sx72 /nfs-share/xinchi/kaldi/egs/timit/s5_la2/fbank/raw_fbank_train.1.ark:9561917
mhxl0_si512 /nfs-share/xinchi/kaldi/egs/timit/s5_la2/fbank/raw_fbank_train.3.ark:1484138
mcae0_sx277 /nfs-share/xinchi/kaldi/egs/timit/s5_la2/fbank/raw_fbank_train.2.ark:4466525
mwac0_sx71 /nfs-share/xinchi/kaldi/egs/timit/s5_la2/fbank/raw_fbank_train.4.ark:10590478
mjmm0_sx85 /nfs-share/xinchi/kaldi/egs/timit/s5_la2/fbank/raw_fbank_train.3.ark:4134226
milb0_sx273 /nfs-share/xinchi/kaldi/egs/timit/s5_la2/fbank/raw_fbank_train.3.ark:1628421
fgrw0_sx162 /nfs-share/xinchi/kaldi/egs/timit/s5_la2/fbank/raw_fbank_train.1.ark:4544538
mabc0_si2041 /nfs-share/xinchi/kaldi/egs/timit/s5_la2/fbank/raw_fbank_train.2.ark:2026039
mlns0_sx147 /nfs-share/xinchi/kaldi/egs/timit/s5_la2/fbank/raw_fbank_train.3.ark:7704996
mjbg0_sx242 /nfs-share/xinchi/kaldi/egs/timit/s5_la2/fbank/raw_fbank_train.3.ark:2011960
mhbs0_si1575 /nfs-share/xinchi/kaldi/egs/timit/s5_la2/fbank/raw_fbank_train.3.ark:916394
mdlr0_si603 /nfs-share/xinchi/kaldi/egs/timit/s5_la2/fbank/raw_fbank_train.2.ark:8009036
fsdc0_si2234 /nfs-share/xinchi/kaldi/egs/timit/s5_la2/fbank/raw_fbank_train.1.ark:11455587
mdsj0_sx382 /nfs-share/xinchi/kaldi/egs/timit/s5_la2/fbank/raw_fbank_train.2.ark:8969273
fjhk0_si1652 /nfs-share/xinchi/kaldi/egs/timit/s5_la2/fbank/raw_fbank_train.1.ark:5071801
fcyl0_sx127 /nfs-share/xinchi/kaldi/egs/timit/s5_la2/fbank/raw_fbank_train.1.ark:2340486
mcdr0_sx434 /nfs-share/xinchi/kaldi/egs/timit/s5_la2/fbank/raw_fbank_train.2.ark:4891609
mkes0_sx83 /nfs-share/xinchi/kaldi/egs/timit/s5_la2/fbank/raw_fbank_train.3.ark:6455119
ftbr0_sx21 /nfs-share/xinchi/kaldi/egs/timit/s5_la2/fbank/raw_fbank_train.2.ark:1408555
madc0_sx197 /nfs-share/xinchi/kaldi/egs/timit/s5_la2/fbank/raw_fbank_train.2.ark:2174275
mpgh0_si1554 /nfs-share/xinchi/kaldi/egs/timit/s5_la2/fbank/raw_fbank_train.3.ark:11012905
mcdc0_sx302 /nfs-share/xinchi/kaldi/egs/timit/s5_la2/fbank/raw_fbank_train.2.ark:4678806
msrr0_si1761 /nfs-share/xinchi/kaldi/egs/timit/s5_la2/fbank/raw_fbank_train.4.ark:6839582
flkm0_si1880 /nfs-share/xinchi/kaldi/egs/timit/s5_la2/fbank/raw_fbank_train.1.ark:7933234
mdrd0_si752 /nfs-share/xinchi/kaldi/egs/timit/s5_la2/fbank/raw_fbank_train.2.ark:8805877
mjrk0_si1662 /nfs-share/xinchi/kaldi/egs/timit/s5_la2/fbank/raw_fbank_train.3.ark:4826276
meal0_sx197 /nfs-share/xinchi/kaldi/egs/timit/s5_la2/fbank/raw_fbank_train.2.ark:9595784
mjpm0_si1368 /nfs-share/xinchi/kaldi/egs/timit/s5_la2/fbank/raw_fbank_train.3.ark:4228245
fsdc0_sx232 /nfs-share/xinchi/kaldi/egs/timit/s5_la2/fbank/raw_fbank_train.1.ark:11474293
mkls0_si1437 /nfs-share/xinchi/kaldi/egs/timit/s5_la2/fbank/raw_fbank_train.3.ark:6736749
fsls0_sx246 /nfs-share/xinchi/kaldi/egs/timit/s5_la2/fbank/raw_fbank_train.2.ark:603996
mrlj0_si1420 /nfs-share/xinchi/kaldi/egs/timit/s5_la2/fbank/raw_fbank_train.4.ark:3324584
mlns0_si1407 /nfs-share/xinchi/kaldi/egs/timit/s5_la2/fbank/raw_fbank_train.3.ark:7670456
mrld0_si2224 /nfs-share/xinchi/kaldi/egs/timit/s5_la2/fbank/raw_fbank_train.4.ark:3252633
mdjm0_sx375 /nfs-share/xinchi/kaldi/egs/timit/s5_la2/fbank/raw_fbank_train.2.ark:7271199
mtpr0_sx70 /nfs-share/xinchi/kaldi/egs/timit/s5_la2/fbank/raw_fbank_train.4.ark:9585748
mdks0_sx436 /nfs-share/xinchi/kaldi/egs/timit/s5_la2/fbank/raw_fbank_train.2.ark:7359033
mrfk0_sx356 /nfs-share/xinchi/kaldi/egs/timit/s5_la2/fbank/raw_fbank_train.4.ark:2107133
mree0_si1959 /nfs-share/xinchi/kaldi/egs/timit/s5_la2/fbank/raw_fbank_train.4.ark:1675974
mljh0_sx64 /nfs-share/xinchi/kaldi/egs/timit/s5_la2/fbank/raw_fbank_train.3.ark:7657902
mstf0_si852 /nfs-share/xinchi/kaldi/egs/timit/s5_la2/fbank/raw_fbank_train.4.ark:6950078
mjae0_sx174 /nfs-share/xinchi/kaldi/egs/timit/s5_la2/fbank/raw_fbank_train.3.ark:1797037
msfv0_sx92 /nfs-share/xinchi/kaldi/egs/timit/s5_la2/fbank/raw_fbank_train.4.ark:6319030
fpad0_sx86 /nfs-share/xinchi/kaldi/egs/timit/s5_la2/fbank/raw_fbank_train.1.ark:10082521
ftaj0_sx159 /nfs-share/xinchi/kaldi/egs/timit/s5_la2/fbank/raw_fbank_train.2.ark:1293665
frll0_sx344 /nfs-share/xinchi/kaldi/egs/timit/s5_la2/fbank/raw_fbank_train.1.ark:10847975
mrfl0_sx256 /nfs-share/xinchi/kaldi/egs/timit/s5_la2/fbank/raw_fbank_train.4.ark:2200205
fpab1_sx211 /nfs-share/xinchi/kaldi/egs/timit/s5_la2/fbank/raw_fbank_train.1.ark:9830373
mwdk0_si1436 /nfs-share/xinchi/kaldi/egs/timit/s5_la2/fbank/raw_fbank_train.4.ark:10856870
mrjh0_sx259 /nfs-share/xinchi/kaldi/egs/timit/s5_la2/fbank/raw_fbank_train.4.ark:2754928
mjpm0_sx198 /nfs-share/xinchi/kaldi/egs/timit/s5_la2/fbank/raw_fbank_train.3.ark:4293010
mwar0_sx55 /nfs-share/xinchi/kaldi/egs/timit/s5_la2/fbank/raw_fbank_train.4.ark:10759410
mchl0_sx87 /nfs-share/xinchi/kaldi/egs/timit/s5_la2/fbank/raw_fbank_train.2.ark:5221957
mter0_si1157 /nfs-share/xinchi/kaldi/egs/timit/s5_la2/fbank/raw_fbank_train.4.ark:7981702
mrlr0_si1826 /nfs-share/xinchi/kaldi/egs/timit/s5_la2/fbank/raw_fbank_train.4.ark:3618054
mdma0_sx260 /nfs-share/xinchi/kaldi/egs/timit/s5_la2/fbank/raw_fbank_train.2.ark:8249073
mdlc1_sx175 /nfs-share/xinchi/kaldi/egs/timit/s5_la2/fbank/raw_fbank_train.2.ark:7650210
mcdd0_sx433 /nfs-share/xinchi/kaldi/egs/timit/s5_la2/fbank/raw_fbank_train.2.ark:4778224
feac0_sx345 /nfs-share/xinchi/kaldi/egs/timit/s5_la2/fbank/raw_fbank_train.1.ark:3495512
flac0_si2161 /nfs-share/xinchi/kaldi/egs/timit/s5_la2/fbank/raw_fbank_train.1.ark:7136145
mrws0_sx382 /nfs-share/xinchi/kaldi/egs/timit/s5_la2/fbank/raw_fbank_train.4.ark:5111125
fbcg1_si2242 /nfs-share/xinchi/kaldi/egs/timit/s5_la2/fbank/raw_fbank_train.1.ark:640234
mwsb0_sx276 /nfs-share/xinchi/kaldi/egs/timit/s5_la2/fbank/raw_fbank_train.4.ark:11400089
mrjt0_sx58 /nfs-share/xinchi/kaldi/egs/timit/s5_la2/fbank/raw_fbank_train.4.ark:3097182
mjra0_si1866 /nfs-share/xinchi/kaldi/egs/timit/s5_la2/fbank/raw_fbank_train.3.ark:4442129
mwgr0_sx346 /nfs-share/xinchi/kaldi/egs/timit/s5_la2/fbank/raw_fbank_train.4.ark:11121327
mmjb1_si778 /nfs-share/xinchi/kaldi/egs/timit/s5_la2/fbank/raw_fbank_train.3.ark:9551359
mjpg0_sx381 /nfs-share/xinchi/kaldi/egs/timit/s5_la2/fbank/raw_fbank_train.3.ark:4219731
fsjs0_si541 /nfs-share/xinchi/kaldi/egs/timit/s5_la2/fbank/raw_fbank_train.2.ark:67611
mchl0_si1404 /nfs-share/xinchi/kaldi/egs/timit/s5_la2/fbank/raw_fbank_train.2.ark:5152079
mdsj0_si832 /nfs-share/xinchi/kaldi/egs/timit/s5_la2/fbank/raw_fbank_train.2.ark:8922902
mjwt0_sx211 /nfs-share/xinchi/kaldi/egs/timit/s5_la2/fbank/raw_fbank_train.3.ark:5416453
falk0_si1086 /nfs-share/xinchi/kaldi/egs/timit/s5_la2/fbank/raw_fbank_train.1.ark:209261
mmag0_sx406 /nfs-share/xinchi/kaldi/egs/timit/s5_la2/fbank/raw_fbank_train.3.ark:8162555
flod0_sx207 /nfs-share/xinchi/kaldi/egs/timit/s5_la2/fbank/raw_fbank_train.1.ark:8392020
fcmm0_si1083 /nfs-share/xinchi/kaldi/egs/timit/s5_la2/fbank/raw_fbank_train.1.ark:2107136
mmpm0_sx251 /nfs-share/xinchi/kaldi/egs/timit/s5_la2/fbank/raw_fbank_train.3.ark:9762236
mrjh0_si1519 /nfs-share/xinchi/kaldi/egs/timit/s5_la2/fbank/raw_fbank_train.4.ark:2688756
mgaw0_si1165 /nfs-share/xinchi/kaldi/egs/timit/s5_la2/fbank/raw_fbank_train.3.ark:99239
mmjb1_sx148 /nfs-share/xinchi/kaldi/egs/timit/s5_la2/fbank/raw_fbank_train.3.ark:9561912
mrmh0_si1349 /nfs-share/xinchi/kaldi/egs/timit/s5_la2/fbank/raw_fbank_train.4.ark:3901410
fsms1_sx244 /nfs-share/xinchi/kaldi/egs/timit/s5_la2/fbank/raw_fbank_train.2.ark:899758
fclt0_sx178 /nfs-share/xinchi/kaldi/egs/timit/s5_la2/fbank/raw_fbank_train.1.ark:1938905
mkln0_si2228 /nfs-share/xinchi/kaldi/egs/timit/s5_la2/fbank/raw_fbank_train.3.ark:6568972
mtjs0_sx22 /nfs-share/xinchi/kaldi/egs/timit/s5_la2/fbank/raw_fbank_train.4.ark:8356581
mtkp0_sx33 /nfs-share/xinchi/kaldi/egs/timit/s5_la2/fbank/raw_fbank_train.4.ark:8683729
fcaj0_sx219 /nfs-share/xinchi/kaldi/egs/timit/s5_la2/fbank/raw_fbank_train.1.ark:1386028
msfv0_si1262 /nfs-share/xinchi/kaldi/egs/timit/s5_la2/fbank/raw_fbank_train.4.ark:6221279
mmbs0_sx161 /nfs-share/xinchi/kaldi/egs/timit/s5_la2/fbank/raw_fbank_train.3.ark:8435852
mrdm0_sx335 /nfs-share/xinchi/kaldi/egs/timit/s5_la2/fbank/raw_fbank_train.4.ark:1521262
mprt0_si495 /nfs-share/xinchi/kaldi/egs/timit/s5_la2/fbank/raw_fbank_train.4.ark:412812
madd0_sx448 /nfs-share/xinchi/kaldi/egs/timit/s5_la2/fbank/raw_fbank_train.2.ark:2283094
fntb0_sx33 /nfs-share/xinchi/kaldi/egs/timit/s5_la2/fbank/raw_fbank_train.1.ark:9741733
mejs0_sx160 /nfs-share/xinchi/kaldi/egs/timit/s5_la2/fbank/raw_fbank_train.2.ark:10067273
mjrh1_si1558 /nfs-share/xinchi/kaldi/egs/timit/s5_la2/fbank/raw_fbank_train.3.ark:4728331
mlel0_si616 /nfs-share/xinchi/kaldi/egs/timit/s5_la2/fbank/raw_fbank_train.3.ark:7351608
mtdp0_si1274 /nfs-share/xinchi/kaldi/egs/timit/s5_la2/fbank/raw_fbank_train.4.ark:7861996
mmws1_sx27 /nfs-share/xinchi/kaldi/egs/timit/s5_la2/fbank/raw_fbank_train.3.ark:10407225
mjac0_si2148 /nfs-share/xinchi/kaldi/egs/timit/s5_la2/fbank/raw_fbank_train.3.ark:1677185
fceg0_sx168 /nfs-share/xinchi/kaldi/egs/timit/s5_la2/fbank/raw_fbank_train.1.ark:1590605
mrld0_si964 /nfs-share/xinchi/kaldi/egs/timit/s5_la2/fbank/raw_fbank_train.4.ark:3261826
mcre0_sx401 /nfs-share/xinchi/kaldi/egs/timit/s5_la2/fbank/raw_fbank_train.2.ark:5582985
mcdc0_sx212 /nfs-share/xinchi/kaldi/egs/timit/s5_la2/fbank/raw_fbank_train.2.ark:4665333
mdtb0_sx321 /nfs-share/xinchi/kaldi/egs/timit/s5_la2/fbank/raw_fbank_train.2.ark:9227229
mkls0_si2067 /nfs-share/xinchi/kaldi/egs/timit/s5_la2/fbank/raw_fbank_train.3.ark:6767537
fmem0_sx207 /nfs-share/xinchi/kaldi/egs/timit/s5_la2/fbank/raw_fbank_train.1.ark:8773088
mkln0_sx338 /nfs-share/xinchi/kaldi/egs/timit/s5_la2/fbank/raw_fbank_train.3.ark:6611984
mhmg0_sx15 /nfs-share/xinchi/kaldi/egs/timit/s5_la2/fbank/raw_fbank_train.3.ark:1235162
mdwm0_si916 /nfs-share/xinchi/kaldi/egs/timit/s5_la2/fbank/raw_fbank_train.2.ark:9482813
mjxl0_sx452 /nfs-share/xinchi/kaldi/egs/timit/s5_la2/fbank/raw_fbank_train.3.ark:5632049
mabc0_sx61 /nfs-share/xinchi/kaldi/egs/timit/s5_la2/fbank/raw_fbank_train.2.ark:2093396
mdps0_si1979 /nfs-share/xinchi/kaldi/egs/timit/s5_la2/fbank/raw_fbank_train.2.ark:8701419
fpac0_sx121 /nfs-share/xinchi/kaldi/egs/timit/s5_la2/fbank/raw_fbank_train.1.ark:9925645
mwsb0_sx96 /nfs-share/xinchi/kaldi/egs/timit/s5_la2/fbank/raw_fbank_train.4.ark:11430545
mvjh0_sx386 /nfs-share/xinchi/kaldi/egs/timit/s5_la2/fbank/raw_fbank_train.4.ark:10289923
mjrp0_si1835 /nfs-share/xinchi/kaldi/egs/timit/s5_la2/fbank/raw_fbank_train.3.ark:4917821
msem1_sx90 /nfs-share/xinchi/kaldi/egs/timit/s5_la2/fbank/raw_fbank_train.4.ark:6000154
fjxm0_si581 /nfs-share/xinchi/kaldi/egs/timit/s5_la2/fbank/raw_fbank_train.1.ark:5990461
mklr0_si2319 /nfs-share/xinchi/kaldi/egs/timit/s5_la2/fbank/raw_fbank_train.3.ark:6675071
mlns0_si2037 /nfs-share/xinchi/kaldi/egs/timit/s5_la2/fbank/raw_fbank_train.3.ark:7679730
mdpk0_sx333 /nfs-share/xinchi/kaldi/egs/timit/s5_la2/fbank/raw_fbank_train.2.ark:8657166
mmea0_sx218 /nfs-share/xinchi/kaldi/egs/timit/s5_la2/fbank/raw_fbank_train.3.ark:9125700
fjsk0_si2312 /nfs-share/xinchi/kaldi/egs/timit/s5_la2/fbank/raw_fbank_train.1.ark:5706907
fbch0_sx416 /nfs-share/xinchi/kaldi/egs/timit/s5_la2/fbank/raw_fbank_train.1.ark:813303
mrds0_sx447 /nfs-share/xinchi/kaldi/egs/timit/s5_la2/fbank/raw_fbank_train.4.ark:1625840
feme0_sx425 /nfs-share/xinchi/kaldi/egs/timit/s5_la2/fbank/raw_fbank_train.1.ark:3940285
fdjh0_sx35 /nfs-share/xinchi/kaldi/egs/timit/s5_la2/fbank/raw_fbank_train.1.ark:2764726
fsbk0_sx349 /nfs-share/xinchi/kaldi/egs/timit/s5_la2/fbank/raw_fbank_train.1.ark:11257876
freh0_sx145 /nfs-share/xinchi/kaldi/egs/timit/s5_la2/fbank/raw_fbank_train.1.ark:10643339
mntw0_si1698 /nfs-share/xinchi/kaldi/egs/timit/s5_la2/fbank/raw_fbank_train.3.ark:10648958
mjrh0_sx405 /nfs-share/xinchi/kaldi/egs/timit/s5_la2/fbank/raw_fbank_train.3.ark:4705625
msas0_si1376 /nfs-share/xinchi/kaldi/egs/timit/s5_la2/fbank/raw_fbank_train.4.ark:5304970
msjk0_sx336 /nfs-share/xinchi/kaldi/egs/timit/s5_la2/fbank/raw_fbank_train.4.ark:6397470
feac0_si1245 /nfs-share/xinchi/kaldi/egs/timit/s5_la2/fbank/raw_fbank_train.1.ark:3429986
mwac0_sx341 /nfs-share/xinchi/kaldi/egs/timit/s5_la2/fbank/raw_fbank_train.4.ark:10560133
mhmr0_si1692 /nfs-share/xinchi/kaldi/egs/timit/s5_la2/fbank/raw_fbank_train.3.ark:1285929
mhmr0_sx399 /nfs-share/xinchi/kaldi/egs/timit/s5_la2/fbank/raw_fbank_train.3.ark:1368406
mfer0_si862 /nfs-share/xinchi/kaldi/egs/timit/s5_la2/fbank/raw_fbank_train.2.ark:10409418
mkam0_si1465 /nfs-share/xinchi/kaldi/egs/timit/s5_la2/fbank/raw_fbank_train.3.ark:5980017
mmdg0_si520 /nfs-share/xinchi/kaldi/egs/timit/s5_la2/fbank/raw_fbank_train.3.ark:8722894
mzmb0_sx356 /nfs-share/xinchi/kaldi/egs/timit/s5_la2/fbank/raw_fbank_train.4.ark:11622890
mchl0_sx177 /nfs-share/xinchi/kaldi/egs/timit/s5_la2/fbank/raw_fbank_train.2.ark:5176586
mtkd0_si630 /nfs-share/xinchi/kaldi/egs/timit/s5_la2/fbank/raw_fbank_train.4.ark:8518253
fjrp1_sx262 /nfs-share/xinchi/kaldi/egs/timit/s5_la2/fbank/raw_fbank_train.1.ark:5610187
mrjm1_si1928 /nfs-share/xinchi/kaldi/egs/timit/s5_la2/fbank/raw_fbank_train.4.ark:2925880
mmjb1_sx58 /nfs-share/xinchi/kaldi/egs/timit/s5_la2/fbank/raw_fbank_train.3.ark:9614003
mmaa0_si2105 /nfs-share/xinchi/kaldi/egs/timit/s5_la2/fbank/raw_fbank_train.3.ark:7883980
mjsr0_sx344 /nfs-share/xinchi/kaldi/egs/timit/s5_la2/fbank/raw_fbank_train.3.ark:5090252
mrmh0_sx391 /nfs-share/xinchi/kaldi/egs/timit/s5_la2/fbank/raw_fbank_train.4.ark:3969288
fmem0_sx117 /nfs-share/xinchi/kaldi/egs/timit/s5_la2/fbank/raw_fbank_train.1.ark:8759895
fdtd0_si1561 /nfs-share/xinchi/kaldi/egs/timit/s5_la2/fbank/raw_fbank_train.1.ark:3235615
fvfb0_si1032 /nfs-share/xinchi/kaldi/egs/timit/s5_la2/fbank/raw_fbank_train.2.ark:1737169
mjeb0_si656 /nfs-share/xinchi/kaldi/egs/timit/s5_la2/fbank/raw_fbank_train.3.ark:2607645
flhd0_si1344 /nfs-share/xinchi/kaldi/egs/timit/s5_la2/fbank/raw_fbank_train.1.ark:7516492
mtjm0_sx326 /nfs-share/xinchi/kaldi/egs/timit/s5_la2/fbank/raw_fbank_train.4.ark:8247477
mmdg0_si2035 /nfs-share/xinchi/kaldi/egs/timit/s5_la2/fbank/raw_fbank_train.3.ark:8714261
mprk0_sx377 /nfs-share/xinchi/kaldi/egs/timit/s5_la2/fbank/raw_fbank_train.4.ark:382745
mclk0_sx400 /nfs-share/xinchi/kaldi/egs/timit/s5_la2/fbank/raw_fbank_train.2.ark:5324102
mjde0_sx40 /nfs-share/xinchi/kaldi/egs/timit/s5_la2/fbank/raw_fbank_train.3.ark:2347900
mdps0_sx89 /nfs-share/xinchi/kaldi/egs/timit/s5_la2/fbank/raw_fbank_train.2.ark:8774296
fsdj0_si485 /nfs-share/xinchi/kaldi/egs/timit/s5_la2/fbank/raw_fbank_train.1.ark:11547612
mabc0_sx421 /nfs-share/xinchi/kaldi/egs/timit/s5_la2/fbank/raw_fbank_train.2.ark:2083644
mnet0_sx6 /nfs-share/xinchi/kaldi/egs/timit/s5_la2/fbank/raw_fbank_train.3.ark:10607538
fcrz0_sx73 /nfs-share/xinchi/kaldi/egs/timit/s5_la2/fbank/raw_fbank_train.1.ark:2284352
fjlr0_sx241 /nfs-share/xinchi/kaldi/egs/timit/s5_la2/fbank/raw_fbank_train.1.ark:5401457
mmcc0_sx438 /nfs-share/xinchi/kaldi/egs/timit/s5_la2/fbank/raw_fbank_train.3.ark:8582536
milb0_sx3 /nfs-share/xinchi/kaldi/egs/timit/s5_la2/fbank/raw_fbank_train.3.ark:1637292
mjai0_si1604 /nfs-share/xinchi/kaldi/egs/timit/s5_la2/fbank/raw_fbank_train.3.ark:1869682
mrso0_sx399 /nfs-share/xinchi/kaldi/egs/timit/s5_la2/fbank/raw_fbank_train.4.ark:4502695
mjpm1_si2280 /nfs-share/xinchi/kaldi/egs/timit/s5_la2/fbank/raw_fbank_train.3.ark:4338264
mkjo0_si2147 /nfs-share/xinchi/kaldi/egs/timit/s5_la2/fbank/raw_fbank_train.3.ark:6478587
mmjb1_sx238 /nfs-share/xinchi/kaldi/egs/timit/s5_la2/fbank/raw_fbank_train.3.ark:9572745
mtmt0_si1748 /nfs-share/xinchi/kaldi/egs/timit/s5_la2/fbank/raw_fbank_train.4.ark:9119451
mbwp0_si1969 /nfs-share/xinchi/kaldi/egs/timit/s5_la2/fbank/raw_fbank_train.2.ark:4299001
mrlk0_sx393 /nfs-share/xinchi/kaldi/egs/timit/s5_la2/fbank/raw_fbank_train.4.ark:3589026
mges0_sx401 /nfs-share/xinchi/kaldi/egs/timit/s5_la2/fbank/raw_fbank_train.3.ark:254383
mkaj0_sx424 /nfs-share/xinchi/kaldi/egs/timit/s5_la2/fbank/raw_fbank_train.3.ark:5931403
mtlc0_sx217 /nfs-share/xinchi/kaldi/egs/timit/s5_la2/fbank/raw_fbank_train.4.ark:8858514
mjae0_sx354 /nfs-share/xinchi/kaldi/egs/timit/s5_la2/fbank/raw_fbank_train.3.ark:1824223
mrmg0_si2340 /nfs-share/xinchi/kaldi/egs/timit/s5_la2/fbank/raw_fbank_train.4.ark:3811218
fmbg0_si1160 /nfs-share/xinchi/kaldi/egs/timit/s5_la2/fbank/raw_fbank_train.1.ark:8618491
msdh0_si980 /nfs-share/xinchi/kaldi/egs/timit/s5_la2/fbank/raw_fbank_train.4.ark:5674379
fpjf0_si1046 /nfs-share/xinchi/kaldi/egs/timit/s5_la2/fbank/raw_fbank_train.1.ark:10299125
fskl0_sx449 /nfs-share/xinchi/kaldi/egs/timit/s5_la2/fbank/raw_fbank_train.2.ark:421698
mmam0_sx247 /nfs-share/xinchi/kaldi/egs/timit/s5_la2/fbank/raw_fbank_train.3.ark:8229195
mklr0_sx159 /nfs-share/xinchi/kaldi/egs/timit/s5_la2/fbank/raw_fbank_train.3.ark:6682224
mgak0_si1666 /nfs-share/xinchi/kaldi/egs/timit/s5_la2/fbank/raw_fbank_train.2.ark:11161427
mdas0_sx6 /nfs-share/xinchi/kaldi/egs/timit/s5_la2/fbank/raw_fbank_train.2.ark:6175891
mmeb0_si1987 /nfs-share/xinchi/kaldi/egs/timit/s5_la2/fbank/raw_fbank_train.3.ark:9183506
mdlc2_si984 /nfs-share/xinchi/kaldi/egs/timit/s5_la2/fbank/raw_fbank_train.2.ark:7718442
mrgs0_sx6 /nfs-share/xinchi/kaldi/egs/timit/s5_la2/fbank/raw_fbank_train.4.ark:2452199
msms0_si803 /nfs-share/xinchi/kaldi/egs/timit/s5_la2/fbank/raw_fbank_train.4.ark:6665125
fpaz0_si963 /nfs-share/xinchi/kaldi/egs/timit/s5_la2/fbank/raw_fbank_train.1.ark:10221808
mjdc0_sx81 /nfs-share/xinchi/kaldi/egs/timit/s5_la2/fbank/raw_fbank_train.3.ark:2237549
fsjs0_sx271 /nfs-share/xinchi/kaldi/egs/timit/s5_la2/fbank/raw_fbank_train.2.ark:99277
mjjb0_si1139 /nfs-share/xinchi/kaldi/egs/timit/s5_la2/fbank/raw_fbank_train.3.ark:3171447
mmam0_si1668 /nfs-share/xinchi/kaldi/egs/timit/s5_la2/fbank/raw_fbank_train.3.ark:8203935
fkaa0_sx398 /nfs-share/xinchi/kaldi/egs/timit/s5_la2/fbank/raw_fbank_train.1.ark:6267515
mmar0_sx436 /nfs-share/xinchi/kaldi/egs/timit/s5_la2/fbank/raw_fbank_train.3.ark:8373166
mtjs0_sx382 /nfs-share/xinchi/kaldi/egs/timit/s5_la2/fbank/raw_fbank_train.4.ark:8380727
flma0_sx343 /nfs-share/xinchi/kaldi/egs/timit/s5_la2/fbank/raw_fbank_train.1.ark:8098824
mklw0_si1844 /nfs-share/xinchi/kaldi/egs/timit/s5_la2/fbank/raw_fbank_train.3.ark:6961474
mrav0_sx108 /nfs-share/xinchi/kaldi/egs/timit/s5_la2/fbank/raw_fbank_train.4.ark:1006750
mdmt0_sx302 /nfs-share/xinchi/kaldi/egs/timit/s5_la2/fbank/raw_fbank_train.2.ark:8366931
ftlg0_sx123 /nfs-share/xinchi/kaldi/egs/timit/s5_la2/fbank/raw_fbank_train.2.ark:1585299
mkam0_sx236 /nfs-share/xinchi/kaldi/egs/timit/s5_la2/fbank/raw_fbank_train.3.ark:6010883
mrew1_sx330 /nfs-share/xinchi/kaldi/egs/timit/s5_la2/fbank/raw_fbank_train.4.ark:2009067
fmbg0_si1790 /nfs-share/xinchi/kaldi/egs/timit/s5_la2/fbank/raw_fbank_train.1.ark:8639885
mdtb0_si570 /nfs-share/xinchi/kaldi/egs/timit/s5_la2/fbank/raw_fbank_train.2.ark:9183417
mcss0_sx300 /nfs-share/xinchi/kaldi/egs/timit/s5_la2/fbank/raw_fbank_train.2.ark:5690608
mmlm0_si2150 /nfs-share/xinchi/kaldi/egs/timit/s5_la2/fbank/raw_fbank_train.3.ark:9634231
mbom0_sx311 /nfs-share/xinchi/kaldi/egs/timit/s5_la2/fbank/raw_fbank_train.2.ark:4089973
mmwb0_si989 /nfs-share/xinchi/kaldi/egs/timit/s5_la2/fbank/raw_fbank_train.3.ark:10178150
mmgg0_si1709 /nfs-share/xinchi/kaldi/egs/timit/s5_la2/fbank/raw_fbank_train.3.ark:9368315
mrai0_si792 /nfs-share/xinchi/kaldi/egs/timit/s5_la2/fbank/raw_fbank_train.4.ark:789865
madc0_si737 /nfs-share/xinchi/kaldi/egs/timit/s5_la2/fbank/raw_fbank_train.2.ark:2134937
mmvp0_sx347 /nfs-share/xinchi/kaldi/egs/timit/s5_la2/fbank/raw_fbank_train.3.ark:10109696
madc0_si1997 /nfs-share/xinchi/kaldi/egs/timit/s5_la2/fbank/raw_fbank_train.2.ark:2121984
mrtj0_sx232 /nfs-share/xinchi/kaldi/egs/timit/s5_la2/fbank/raw_fbank_train.4.ark:4793712
fklh0_si1887 /nfs-share/xinchi/kaldi/egs/timit/s5_la2/fbank/raw_fbank_train.1.ark:6940775
mrlr0_sx116 /nfs-share/xinchi/kaldi/egs/timit/s5_la2/fbank/raw_fbank_train.4.ark:3642320
mtat1_sx329 /nfs-share/xinchi/kaldi/egs/timit/s5_la2/fbank/raw_fbank_train.4.ark:7523022
mvrw0_sx315 /nfs-share/xinchi/kaldi/egs/timit/s5_la2/fbank/raw_fbank_train.4.ark:10453068
mjma0_si2125 /nfs-share/xinchi/kaldi/egs/timit/s5_la2/fbank/raw_fbank_train.3.ark:3884658
mmdm1_sx153 /nfs-share/xinchi/kaldi/egs/timit/s5_la2/fbank/raw_fbank_train.3.ark:8928537
fgmb0_sx155 /nfs-share/xinchi/kaldi/egs/timit/s5_la2/fbank/raw_fbank_train.1.ark:4428512
fdfb0_sx58 /nfs-share/xinchi/kaldi/egs/timit/s5_la2/fbank/raw_fbank_train.1.ark:2680014
mmea0_si2018 /nfs-share/xinchi/kaldi/egs/timit/s5_la2/fbank/raw_fbank_train.3.ark:9096761
mjpg0_sx201 /nfs-share/xinchi/kaldi/egs/timit/s5_la2/fbank/raw_fbank_train.3.ark:4193873
marw0_si1276 /nfs-share/xinchi/kaldi/egs/timit/s5_la2/fbank/raw_fbank_train.2.ark:3072083
mrjm0_si1095 /nfs-share/xinchi/kaldi/egs/timit/s5_la2/fbank/raw_fbank_train.4.ark:2807340
fnkl0_sx82 /nfs-share/xinchi/kaldi/egs/timit/s5_la2/fbank/raw_fbank_train.1.ark:9656382
mmgk0_si1952 /nfs-share/xinchi/kaldi/egs/timit/s5_la2/fbank/raw_fbank_train.3.ark:9462261
mdrd0_sx32 /nfs-share/xinchi/kaldi/egs/timit/s5_la2/fbank/raw_fbank_train.2.ark:8870608
mrkm0_sx97 /nfs-share/xinchi/kaldi/egs/timit/s5_la2/fbank/raw_fbank_train.4.ark:3228165
fbjl0_sx202 /nfs-share/xinchi/kaldi/egs/timit/s5_la2/fbank/raw_fbank_train.1.ark:894582
madd0_sx358 /nfs-share/xinchi/kaldi/egs/timit/s5_la2/fbank/raw_fbank_train.2.ark:2272341
fmpg0_si1602 /nfs-share/xinchi/kaldi/egs/timit/s5_la2/fbank/raw_fbank_train.1.ark:9445206
mrmg0_si1080 /nfs-share/xinchi/kaldi/egs/timit/s5_la2/fbank/raw_fbank_train.4.ark:3787790
mded0_sx450 /nfs-share/xinchi/kaldi/egs/timit/s5_la2/fbank/raw_fbank_train.2.ark:6762322
mtrt0_sx254 /nfs-share/xinchi/kaldi/egs/timit/s5_la2/fbank/raw_fbank_train.4.ark:9971902
mdlc2_si1614 /nfs-share/xinchi/kaldi/egs/timit/s5_la2/fbank/raw_fbank_train.2.ark:7705615
mrml0_si1421 /nfs-share/xinchi/kaldi/egs/timit/s5_la2/fbank/raw_fbank_train.4.ark:3977682
mram0_sx195 /nfs-share/xinchi/kaldi/egs/timit/s5_la2/fbank/raw_fbank_train.4.ark:937349
mdcd0_sx155 /nfs-share/xinchi/kaldi/egs/timit/s5_la2/fbank/raw_fbank_train.2.ark:6435308
mkls1_sx105 /nfs-share/xinchi/kaldi/egs/timit/s5_la2/fbank/raw_fbank_train.3.ark:6886315
mkdd0_si937 /nfs-share/xinchi/kaldi/egs/timit/s5_la2/fbank/raw_fbank_train.3.ark:6191026
fjen0_si1677 /nfs-share/xinchi/kaldi/egs/timit/s5_la2/fbank/raw_fbank_train.1.ark:4958175
mtpf0_si605 /nfs-share/xinchi/kaldi/egs/timit/s5_la2/fbank/raw_fbank_train.4.ark:9229469
mbma1_sx234 /nfs-share/xinchi/kaldi/egs/timit/s5_la2/fbank/raw_fbank_train.2.ark:3880176
flet0_sx147 /nfs-share/xinchi/kaldi/egs/timit/s5_la2/fbank/raw_fbank_train.1.ark:7466647
mbma1_sx324 /nfs-share/xinchi/kaldi/egs/timit/s5_la2/fbank/raw_fbank_train.2.ark:3891569
msds0_sx447 /nfs-share/xinchi/kaldi/egs/timit/s5_la2/fbank/raw_fbank_train.4.ark:5860057
ftbr0_sx201 /nfs-share/xinchi/kaldi/egs/timit/s5_la2/fbank/raw_fbank_train.2.ark:1396323
mrfl0_si526 /nfs-share/xinchi/kaldi/egs/timit/s5_la2/fbank/raw_fbank_train.4.ark:2166259
mhrm0_sx238 /nfs-share/xinchi/kaldi/egs/timit/s5_la2/fbank/raw_fbank_train.3.ark:1420813
mppc0_si2042 /nfs-share/xinchi/kaldi/egs/timit/s5_la2/fbank/raw_fbank_train.3.ark:11474919
mtjg0_sx80 /nfs-share/xinchi/kaldi/egs/timit/s5_la2/fbank/raw_fbank_train.4.ark:8174757
mrsp0_si1429 /nfs-share/xinchi/kaldi/egs/timit/s5_la2/fbank/raw_fbank_train.4.ark:4515449
