mrkm0_si1391 /nfs-share/xinchi/kaldi/egs/timit/s5_la2/fbank/raw_fbank_train.4.ark:3132210
mjws0_si1143 /nfs-share/xinchi/kaldi/egs/timit/s5_la2/fbank/raw_fbank_train.3.ark:5246855
fpab1_sx391 /nfs-share/xinchi/kaldi/egs/timit/s5_la2/fbank/raw_fbank_train.1.ark:9867511
mkag0_si1609 /nfs-share/xinchi/kaldi/egs/timit/s5_la2/fbank/raw_fbank_train.3.ark:5659915
mcdr0_sx434 /nfs-share/xinchi/kaldi/egs/timit/s5_la2/fbank/raw_fbank_train.2.ark:4891609
fhlm0_si2190 /nfs-share/xinchi/kaldi/egs/timit/s5_la2/fbank/raw_fbank_train.1.ark:4620937
fcjs0_sx77 /nfs-share/xinchi/kaldi/egs/timit/s5_la2/fbank/raw_fbank_train.1.ark:1802706
mges0_sx401 /nfs-share/xinchi/kaldi/egs/timit/s5_la2/fbank/raw_fbank_train.3.ark:254383
mvrw0_sx315 /nfs-share/xinchi/kaldi/egs/timit/s5_la2/fbank/raw_fbank_train.4.ark:10453068
makr0_sx92 /nfs-share/xinchi/kaldi/egs/timit/s5_la2/fbank/raw_fbank_train.2.ark:2875919
mbsb0_sx93 /nfs-share/xinchi/kaldi/egs/timit/s5_la2/fbank/raw_fbank_train.2.ark:4178829
fpjf0_si1259 /nfs-share/xinchi/kaldi/egs/timit/s5_la2/fbank/raw_fbank_train.1.ark:10309879
mjlb0_sx356 /nfs-share/xinchi/kaldi/egs/timit/s5_la2/fbank/raw_fbank_train.3.ark:3647434
mmea0_sx308 /nfs-share/xinchi/kaldi/egs/timit/s5_la2/fbank/raw_fbank_train.3.ark:9135453
mjlb0_si2246 /nfs-share/xinchi/kaldi/egs/timit/s5_la2/fbank/raw_fbank_train.3.ark:3604382
msjk0_sx156 /nfs-share/xinchi/kaldi/egs/timit/s5_la2/fbank/raw_fbank_train.4.ark:6372644
mjeb1_sx207 /nfs-share/xinchi/kaldi/egs/timit/s5_la2/fbank/raw_fbank_train.3.ark:2743016
mrdm0_si1044 /nfs-share/xinchi/kaldi/egs/timit/s5_la2/fbank/raw_fbank_train.4.ark:1458576
fmah1_si1509 /nfs-share/xinchi/kaldi/egs/timit/s5_la2/fbank/raw_fbank_train.1.ark:8523346
fskc0_si786 /nfs-share/xinchi/kaldi/egs/timit/s5_la2/fbank/raw_fbank_train.2.ark:280901
fjxp0_sx42 /nfs-share/xinchi/kaldi/egs/timit/s5_la2/fbank/raw_fbank_train.1.ark:6165490
fdml0_si1779 /nfs-share/xinchi/kaldi/egs/timit/s5_la2/fbank/raw_fbank_train.1.ark:2915533
fsjs0_sx91 /nfs-share/xinchi/kaldi/egs/timit/s5_la2/fbank/raw_fbank_train.2.ark:138295
fjwb1_sx345 /nfs-share/xinchi/kaldi/egs/timit/s5_la2/fbank/raw_fbank_train.1.ark:5935695
mlsh0_sx427 /nfs-share/xinchi/kaldi/egs/timit/s5_la2/fbank/raw_fbank_train.3.ark:7840840
mmdb0_si1617 /nfs-share/xinchi/kaldi/egs/timit/s5_la2/fbank/raw_fbank_train.3.ark:8622156
mjpm1_sx221 /nfs-share/xinchi/kaldi/egs/timit/s5_la2/fbank/raw_fbank_train.3.ark:4371363
feeh0_sx212 /nfs-share/xinchi/kaldi/egs/timit/s5_la2/fbank/raw_fbank_train.1.ark:3803434
fsjw0_sx253 /nfs-share/xinchi/kaldi/egs/timit/s5_la2/fbank/raw_fbank_train.2.ark:205502
mrgm0_sx416 /nfs-share/xinchi/kaldi/egs/timit/s5_la2/fbank/raw_fbank_train.4.ark:2326423
mkls0_si2067 /nfs-share/xinchi/kaldi/egs/timit/s5_la2/fbank/raw_fbank_train.3.ark:6767537
mgrp0_sx327 /nfs-share/xinchi/kaldi/egs/timit/s5_la2/fbank/raw_fbank_train.3.ark:547346
fcmm0_sx363 /nfs-share/xinchi/kaldi/egs/timit/s5_la2/fbank/raw_fbank_train.1.ark:2164022
mvrw0_si2115 /nfs-share/xinchi/kaldi/egs/timit/s5_la2/fbank/raw_fbank_train.4.ark:10416176
fdjh0_sx35 /nfs-share/xinchi/kaldi/egs/timit/s5_la2/fbank/raw_fbank_train.1.ark:2764726
mdmt0_sx392 /nfs-share/xinchi/kaldi/egs/timit/s5_la2/fbank/raw_fbank_train.2.ark:8389236
mpgh0_si924 /nfs-share/xinchi/kaldi/egs/timit/s5_la2/fbank/raw_fbank_train.3.ark:11045411
fhxs0_sx445 /nfs-share/xinchi/kaldi/egs/timit/s5_la2/fbank/raw_fbank_train.1.ark:4818089
mmeb0_sx367 /nfs-share/xinchi/kaldi/egs/timit/s5_la2/fbank/raw_fbank_train.3.ark:9226598
fcag0_sx63 /nfs-share/xinchi/kaldi/egs/timit/s5_la2/fbank/raw_fbank_train.1.ark:1336101
mfrm0_sx255 /nfs-share/xinchi/kaldi/egs/timit/s5_la2/fbank/raw_fbank_train.2.ark:10633935
meal0_sx347 /nfs-share/xinchi/kaldi/egs/timit/s5_la2/fbank/raw_fbank_train.2.ark:9614210
mrmb0_si2211 /nfs-share/xinchi/kaldi/egs/timit/s5_la2/fbank/raw_fbank_train.4.ark:3704679
mtdp0_si1521 /nfs-share/xinchi/kaldi/egs/timit/s5_la2/fbank/raw_fbank_train.4.ark:7869270
freh0_sx145 /nfs-share/xinchi/kaldi/egs/timit/s5_la2/fbank/raw_fbank_train.1.ark:10643339
fpjf0_sx352 /nfs-share/xinchi/kaldi/egs/timit/s5_la2/fbank/raw_fbank_train.1.ark:10367085
mrdm0_sx155 /nfs-share/xinchi/kaldi/egs/timit/s5_la2/fbank/raw_fbank_train.4.ark:1497276
mrjm1_si1928 /nfs-share/xinchi/kaldi/egs/timit/s5_la2/fbank/raw_fbank_train.4.ark:2925880
fjxp0_sx402 /nfs-share/xinchi/kaldi/egs/timit/s5_la2/fbank/raw_fbank_train.1.ark:6153298
fkkh0_sx300 /nfs-share/xinchi/kaldi/egs/timit/s5_la2/fbank/raw_fbank_train.1.ark:6692303
msvs0_sx398 /nfs-share/xinchi/kaldi/egs/timit/s5_la2/fbank/raw_fbank_train.4.ark:7141107
mjfh0_sx207 /nfs-share/xinchi/kaldi/egs/timit/s5_la2/fbank/raw_fbank_train.3.ark:2930226
mvlo0_sx337 /nfs-share/xinchi/kaldi/egs/timit/s5_la2/fbank/raw_fbank_train.4.ark:10363003
msem1_sx450 /nfs-share/xinchi/kaldi/egs/timit/s5_la2/fbank/raw_fbank_train.4.ark:5984242
mmea0_si2018 /nfs-share/xinchi/kaldi/egs/timit/s5_la2/fbank/raw_fbank_train.3.ark:9096761
mjls0_sx376 /nfs-share/xinchi/kaldi/egs/timit/s5_la2/fbank/raw_fbank_train.3.ark:3860150
fcjf0_sx37 /nfs-share/xinchi/kaldi/egs/timit/s5_la2/fbank/raw_fbank_train.1.ark:1702768
mlbc0_sx339 /nfs-share/xinchi/kaldi/egs/timit/s5_la2/fbank/raw_fbank_train.3.ark:7295282
mrdd0_si2310 /nfs-share/xinchi/kaldi/egs/timit/s5_la2/fbank/raw_fbank_train.4.ark:1392738
mjpm1_sx131 /nfs-share/xinchi/kaldi/egs/timit/s5_la2/fbank/raw_fbank_train.3.ark:4362250
mjmd0_si2288 /nfs-share/xinchi/kaldi/egs/timit/s5_la2/fbank/raw_fbank_train.3.ark:3979317
mhbs0_sx225 /nfs-share/xinchi/kaldi/egs/timit/s5_la2/fbank/raw_fbank_train.3.ark:968407
fjrb0_si1932 /nfs-share/xinchi/kaldi/egs/timit/s5_la2/fbank/raw_fbank_train.1.ark:5467023
mwre0_sx337 /nfs-share/xinchi/kaldi/egs/timit/s5_la2/fbank/raw_fbank_train.4.ark:11216473
fcaj0_sx309 /nfs-share/xinchi/kaldi/egs/timit/s5_la2/fbank/raw_fbank_train.1.ark:1399221
fklh0_si1257 /nfs-share/xinchi/kaldi/egs/timit/s5_la2/fbank/raw_fbank_train.1.ark:6919781
mkxl0_sx375 /nfs-share/xinchi/kaldi/egs/timit/s5_la2/fbank/raw_fbank_train.3.ark:7221042
fbjl0_sx382 /nfs-share/xinchi/kaldi/egs/timit/s5_la2/fbank/raw_fbank_train.1.ark:928160
mhrm0_sx58 /nfs-share/xinchi/kaldi/egs/timit/s5_la2/fbank/raw_fbank_train.3.ark:1458751
fscn0_si626 /nfs-share/xinchi/kaldi/egs/timit/s5_la2/fbank/raw_fbank_train.1.ark:11320768
mkdd0_si1567 /nfs-share/xinchi/kaldi/egs/timit/s5_la2/fbank/raw_fbank_train.3.ark:6155839
fpab1_sx211 /nfs-share/xinchi/kaldi/egs/timit/s5_la2/fbank/raw_fbank_train.1.ark:9830373
mejs0_si610 /nfs-share/xinchi/kaldi/egs/timit/s5_la2/fbank/raw_fbank_train.2.ark:10055400
mbma0_si1222 /nfs-share/xinchi/kaldi/egs/timit/s5_la2/fbank/raw_fbank_train.2.ark:3736458
msdh0_sx80 /nfs-share/xinchi/kaldi/egs/timit/s5_la2/fbank/raw_fbank_train.4.ark:5754143
mklw0_sx131 /nfs-share/xinchi/kaldi/egs/timit/s5_la2/fbank/raw_fbank_train.3.ark:6975781
mmlm0_sx87 /nfs-share/xinchi/kaldi/egs/timit/s5_la2/fbank/raw_fbank_train.3.ark:9702868
fjrp1_si2062 /nfs-share/xinchi/kaldi/egs/timit/s5_la2/fbank/raw_fbank_train.1.ark:5576648
mjae0_si1999 /nfs-share/xinchi/kaldi/egs/timit/s5_la2/fbank/raw_fbank_train.3.ark:1778010
mapv0_si663 /nfs-share/xinchi/kaldi/egs/timit/s5_la2/fbank/raw_fbank_train.2.ark:2915700
mrcg0_sx348 /nfs-share/xinchi/kaldi/egs/timit/s5_la2/fbank/raw_fbank_train.4.ark:1226066
mjma0_si2125 /nfs-share/xinchi/kaldi/egs/timit/s5_la2/fbank/raw_fbank_train.3.ark:3884658
mdcm0_si850 /nfs-share/xinchi/kaldi/egs/timit/s5_la2/fbank/raw_fbank_train.2.ark:6522580
fcmm0_sx93 /nfs-share/xinchi/kaldi/egs/timit/s5_la2/fbank/raw_fbank_train.1.ark:2192847
fksr0_sx217 /nfs-share/xinchi/kaldi/egs/timit/s5_la2/fbank/raw_fbank_train.1.ark:7068619
mjda0_si1661 /nfs-share/xinchi/kaldi/egs/timit/s5_la2/fbank/raw_fbank_train.3.ark:2073286
mtat1_sx149 /nfs-share/xinchi/kaldi/egs/timit/s5_la2/fbank/raw_fbank_train.4.ark:7490276
mejs0_si1240 /nfs-share/xinchi/kaldi/egs/timit/s5_la2/fbank/raw_fbank_train.2.ark:10028493
mjdg0_si1042 /nfs-share/xinchi/kaldi/egs/timit/s5_la2/fbank/raw_fbank_train.3.ark:2378207
mclk0_sx310 /nfs-share/xinchi/kaldi/egs/timit/s5_la2/fbank/raw_fbank_train.2.ark:5303037
fklc0_sx85 /nfs-share/xinchi/kaldi/egs/timit/s5_la2/fbank/raw_fbank_train.1.ark:6808081
fmjb0_sx367 /nfs-share/xinchi/kaldi/egs/timit/s5_la2/fbank/raw_fbank_train.1.ark:8893707
mdjm0_si825 /nfs-share/xinchi/kaldi/egs/timit/s5_la2/fbank/raw_fbank_train.2.ark:7219115
fdaw0_sx236 /nfs-share/xinchi/kaldi/egs/timit/s5_la2/fbank/raw_fbank_train.1.ark:2562410
mtmt0_sx218 /nfs-share/xinchi/kaldi/egs/timit/s5_la2/fbank/raw_fbank_train.4.ark:9158190
mtcs0_sx442 /nfs-share/xinchi/kaldi/egs/timit/s5_la2/fbank/raw_fbank_train.4.ark:7735945
mgrp0_sx57 /nfs-share/xinchi/kaldi/egs/timit/s5_la2/fbank/raw_fbank_train.3.ark:580011
mmar0_sx166 /nfs-share/xinchi/kaldi/egs/timit/s5_la2/fbank/raw_fbank_train.3.ark:8318587
fjxm0_sx131 /nfs-share/xinchi/kaldi/egs/timit/s5_la2/fbank/raw_fbank_train.1.ark:6005574
flet0_si1137 /nfs-share/xinchi/kaldi/egs/timit/s5_la2/fbank/raw_fbank_train.1.ark:7421587
mkls0_si1437 /nfs-share/xinchi/kaldi/egs/timit/s5_la2/fbank/raw_fbank_train.3.ark:6736749
mejl0_sx242 /nfs-share/xinchi/kaldi/egs/timit/s5_la2/fbank/raw_fbank_train.2.ark:9981641
mrfl0_sx166 /nfs-share/xinchi/kaldi/egs/timit/s5_la2/fbank/raw_fbank_train.4.ark:2183012
mmeb0_sx97 /nfs-share/xinchi/kaldi/egs/timit/s5_la2/fbank/raw_fbank_train.3.ark:9246861
fsdj0_sx215 /nfs-share/xinchi/kaldi/egs/timit/s5_la2/fbank/raw_fbank_train.1.ark:11564718
mjac0_sx71 /nfs-share/xinchi/kaldi/egs/timit/s5_la2/fbank/raw_fbank_train.3.ark:1753782
msmc0_sx377 /nfs-share/xinchi/kaldi/egs/timit/s5_la2/fbank/raw_fbank_train.4.ark:6526999
msfh0_sx316 /nfs-share/xinchi/kaldi/egs/timit/s5_la2/fbank/raw_fbank_train.4.ark:6180380
mrdm0_sx245 /nfs-share/xinchi/kaldi/egs/timit/s5_la2/fbank/raw_fbank_train.4.ark:1510909
fblv0_sx158 /nfs-share/xinchi/kaldi/egs/timit/s5_la2/fbank/raw_fbank_train.1.ark:990255
mmam0_sx337 /nfs-share/xinchi/kaldi/egs/timit/s5_la2/fbank/raw_fbank_train.3.ark:8243188
mrms0_si1113 /nfs-share/xinchi/kaldi/egs/timit/s5_la2/fbank/raw_fbank_train.4.ark:4103627
fgdp0_sx358 /nfs-share/xinchi/kaldi/egs/timit/s5_la2/fbank/raw_fbank_train.1.ark:4338593
megj0_si1337 /nfs-share/xinchi/kaldi/egs/timit/s5_la2/fbank/raw_fbank_train.2.ark:9829485
msat0_sx176 /nfs-share/xinchi/kaldi/egs/timit/s5_la2/fbank/raw_fbank_train.4.ark:5446495
mtml0_si2325 /nfs-share/xinchi/kaldi/egs/timit/s5_la2/fbank/raw_fbank_train.4.ark:8921634
msmr0_sx55 /nfs-share/xinchi/kaldi/egs/timit/s5_la2/fbank/raw_fbank_train.4.ark:6626024
fkfb0_sx78 /nfs-share/xinchi/kaldi/egs/timit/s5_la2/fbank/raw_fbank_train.1.ark:6598711
fskl0_si2159 /nfs-share/xinchi/kaldi/egs/timit/s5_la2/fbank/raw_fbank_train.2.ark:359093
mjlb0_sx86 /nfs-share/xinchi/kaldi/egs/timit/s5_la2/fbank/raw_fbank_train.3.ark:3669019
mdjm0_si2085 /nfs-share/xinchi/kaldi/egs/timit/s5_la2/fbank/raw_fbank_train.2.ark:7206242
faem0_sx132 /nfs-share/xinchi/kaldi/egs/timit/s5_la2/fbank/raw_fbank_train.1.ark:39913
mhjb0_sx207 /nfs-share/xinchi/kaldi/egs/timit/s5_la2/fbank/raw_fbank_train.3.ark:1152098
makr0_sx272 /nfs-share/xinchi/kaldi/egs/timit/s5_la2/fbank/raw_fbank_train.2.ark:2847021
fexm0_sx111 /nfs-share/xinchi/kaldi/egs/timit/s5_la2/fbank/raw_fbank_train.1.ark:4104076
mtmt0_si1118 /nfs-share/xinchi/kaldi/egs/timit/s5_la2/fbank/raw_fbank_train.4.ark:9107617
fgdp0_sx178 /nfs-share/xinchi/kaldi/egs/timit/s5_la2/fbank/raw_fbank_train.1.ark:4307327
fmah1_si2139 /nfs-share/xinchi/kaldi/egs/timit/s5_la2/fbank/raw_fbank_train.1.ark:8535180
mjma0_si1495 /nfs-share/xinchi/kaldi/egs/timit/s5_la2/fbank/raw_fbank_train.3.ark:3872544
ftmg0_si902 /nfs-share/xinchi/kaldi/egs/timit/s5_la2/fbank/raw_fbank_train.2.ark:1658211
fvmh0_si2096 /nfs-share/xinchi/kaldi/egs/timit/s5_la2/fbank/raw_fbank_train.2.ark:1944494
mdps0_sx89 /nfs-share/xinchi/kaldi/egs/timit/s5_la2/fbank/raw_fbank_train.2.ark:8774296
falr0_si1325 /nfs-share/xinchi/kaldi/egs/timit/s5_la2/fbank/raw_fbank_train.1.ark:310923
mtdp0_si1274 /nfs-share/xinchi/kaldi/egs/timit/s5_la2/fbank/raw_fbank_train.4.ark:7861996
msat1_sx443 /nfs-share/xinchi/kaldi/egs/timit/s5_la2/fbank/raw_fbank_train.4.ark:5568340
frll0_sx254 /nfs-share/xinchi/kaldi/egs/timit/s5_la2/fbank/raw_fbank_train.1.ark:10837622
fsak0_sx310 /nfs-share/xinchi/kaldi/egs/timit/s5_la2/fbank/raw_fbank_train.1.ark:11163130
mdns0_sx201 /nfs-share/xinchi/kaldi/egs/timit/s5_la2/fbank/raw_fbank_train.2.ark:8460203
fvfb0_si2292 /nfs-share/xinchi/kaldi/egs/timit/s5_la2/fbank/raw_fbank_train.2.ark:1765157
fpjf0_si1046 /nfs-share/xinchi/kaldi/egs/timit/s5_la2/fbank/raw_fbank_train.1.ark:10299125
mpeb0_si1860 /nfs-share/xinchi/kaldi/egs/timit/s5_la2/fbank/raw_fbank_train.3.ark:10825569
msat0_si2156 /nfs-share/xinchi/kaldi/egs/timit/s5_la2/fbank/raw_fbank_train.4.ark:5428189
mdma0_sx350 /nfs-share/xinchi/kaldi/egs/timit/s5_la2/fbank/raw_fbank_train.2.ark:8263666
fkfb0_si978 /nfs-share/xinchi/kaldi/egs/timit/s5_la2/fbank/raw_fbank_train.1.ark:6519627
mses0_sx329 /nfs-share/xinchi/kaldi/egs/timit/s5_la2/fbank/raw_fbank_train.4.ark:6069395
mdks0_sx436 /nfs-share/xinchi/kaldi/egs/timit/s5_la2/fbank/raw_fbank_train.2.ark:7359033
milb0_si903 /nfs-share/xinchi/kaldi/egs/timit/s5_la2/fbank/raw_fbank_train.3.ark:1598995
mwsb0_sx96 /nfs-share/xinchi/kaldi/egs/timit/s5_la2/fbank/raw_fbank_train.4.ark:11430545
mkaj0_si2044 /nfs-share/xinchi/kaldi/egs/timit/s5_la2/fbank/raw_fbank_train.3.ark:5874518
mrwa0_sx433 /nfs-share/xinchi/kaldi/egs/timit/s5_la2/fbank/raw_fbank_train.4.ark:5011788
mhmg0_sx105 /nfs-share/xinchi/kaldi/egs/timit/s5_la2/fbank/raw_fbank_train.3.ark:1225850
mrws0_si472 /nfs-share/xinchi/kaldi/egs/timit/s5_la2/fbank/raw_fbank_train.4.ark:5060801
mrlk0_sx123 /nfs-share/xinchi/kaldi/egs/timit/s5_la2/fbank/raw_fbank_train.4.ark:3549415
mprb0_si1205 /nfs-share/xinchi/kaldi/egs/timit/s5_la2/fbank/raw_fbank_train.4.ark:49464
mtjs0_si1192 /nfs-share/xinchi/kaldi/egs/timit/s5_la2/fbank/raw_fbank_train.4.ark:8280896
maeb0_sx90 /nfs-share/xinchi/kaldi/egs/timit/s5_la2/fbank/raw_fbank_train.2.ark:2394111
mzmb0_sx86 /nfs-share/xinchi/kaldi/egs/timit/s5_la2/fbank/raw_fbank_train.4.ark:11647275
majp0_si1704 /nfs-share/xinchi/kaldi/egs/timit/s5_la2/fbank/raw_fbank_train.2.ark:2590510
fpaf0_sx244 /nfs-share/xinchi/kaldi/egs/timit/s5_la2/fbank/raw_fbank_train.1.ark:10145929
msat1_si1073 /nfs-share/xinchi/kaldi/egs/timit/s5_la2/fbank/raw_fbank_train.4.ark:5496060
fcag0_sx333 /nfs-share/xinchi/kaldi/egs/timit/s5_la2/fbank/raw_fbank_train.1.ark:1306116
mrmh0_si1021 /nfs-share/xinchi/kaldi/egs/timit/s5_la2/fbank/raw_fbank_train.4.ark:3886016
mtmt0_sx308 /nfs-share/xinchi/kaldi/egs/timit/s5_la2/fbank/raw_fbank_train.4.ark:9170143
fjlr0_sx61 /nfs-share/xinchi/kaldi/egs/timit/s5_la2/fbank/raw_fbank_train.1.ark:5437435
fdml0_sx69 /nfs-share/xinchi/kaldi/egs/timit/s5_la2/fbank/raw_fbank_train.1.ark:2974451
msms0_si2063 /nfs-share/xinchi/kaldi/egs/timit/s5_la2/fbank/raw_fbank_train.4.ark:6655012
mrjb1_sx30 /nfs-share/xinchi/kaldi/egs/timit/s5_la2/fbank/raw_fbank_train.4.ark:2654816
mlbc0_sx159 /nfs-share/xinchi/kaldi/egs/timit/s5_la2/fbank/raw_fbank_train.3.ark:7274056
mrab1_si2108 /nfs-share/xinchi/kaldi/egs/timit/s5_la2/fbank/raw_fbank_train.4.ark:676447
mhjb0_sx27 /nfs-share/xinchi/kaldi/egs/timit/s5_la2/fbank/raw_fbank_train.3.ark:1158810
ftmg0_si2162 /nfs-share/xinchi/kaldi/egs/timit/s5_la2/fbank/raw_fbank_train.2.ark:1648458
fpab1_si1471 /nfs-share/xinchi/kaldi/egs/timit/s5_la2/fbank/raw_fbank_train.1.ark:9762720
flag0_sx384 /nfs-share/xinchi/kaldi/egs/timit/s5_la2/fbank/raw_fbank_train.1.ark:7308767
mdlc2_si984 /nfs-share/xinchi/kaldi/egs/timit/s5_la2/fbank/raw_fbank_train.2.ark:7718442
mkrg0_si861 /nfs-share/xinchi/kaldi/egs/timit/s5_la2/fbank/raw_fbank_train.3.ark:7074933
mjrp0_sx225 /nfs-share/xinchi/kaldi/egs/timit/s5_la2/fbank/raw_fbank_train.3.ark:4966354
mtrt0_sx237 /nfs-share/xinchi/kaldi/egs/timit/s5_la2/fbank/raw_fbank_train.4.ark:9965469
mmlm0_sx177 /nfs-share/xinchi/kaldi/egs/timit/s5_la2/fbank/raw_fbank_train.3.ark:9660937
madd0_sx88 /nfs-share/xinchi/kaldi/egs/timit/s5_la2/fbank/raw_fbank_train.2.ark:2293726
mefg0_sx105 /nfs-share/xinchi/kaldi/egs/timit/s5_la2/fbank/raw_fbank_train.2.ark:9773520
fmju0_sx219 /nfs-share/xinchi/kaldi/egs/timit/s5_la2/fbank/raw_fbank_train.1.ark:9089842
ftbr0_sx21 /nfs-share/xinchi/kaldi/egs/timit/s5_la2/fbank/raw_fbank_train.2.ark:1408555
mgaw0_si1802 /nfs-share/xinchi/kaldi/egs/timit/s5_la2/fbank/raw_fbank_train.3.ark:117273
fssb0_sx92 /nfs-share/xinchi/kaldi/egs/timit/s5_la2/fbank/raw_fbank_train.2.ark:1249132
mrlr0_sx116 /nfs-share/xinchi/kaldi/egs/timit/s5_la2/fbank/raw_fbank_train.4.ark:3642320
fdas1_sx21 /nfs-share/xinchi/kaldi/egs/timit/s5_la2/fbank/raw_fbank_train.1.ark:2472376
mtjm0_si655 /nfs-share/xinchi/kaldi/egs/timit/s5_la2/fbank/raw_fbank_train.4.ark:8212778
mtdp0_sx171 /nfs-share/xinchi/kaldi/egs/timit/s5_la2/fbank/raw_fbank_train.4.ark:7904657
mrwa0_si1603 /nfs-share/xinchi/kaldi/egs/timit/s5_la2/fbank/raw_fbank_train.4.ark:4941029
mprb0_sx35 /nfs-share/xinchi/kaldi/egs/timit/s5_la2/fbank/raw_fbank_train.4.ark:141062
fjen0_sx327 /nfs-share/xinchi/kaldi/egs/timit/s5_la2/fbank/raw_fbank_train.1.ark:5009788
mjeb0_si1916 /nfs-share/xinchi/kaldi/egs/timit/s5_la2/fbank/raw_fbank_train.3.ark:2596212
fblv0_sx428 /nfs-share/xinchi/kaldi/egs/timit/s5_la2/fbank/raw_fbank_train.1.ark:1023394
mfer0_sx52 /nfs-share/xinchi/kaldi/egs/timit/s5_la2/fbank/raw_fbank_train.2.ark:10469942
mhjb0_sx387 /nfs-share/xinchi/kaldi/egs/timit/s5_la2/fbank/raw_fbank_train.3.ark:1174436
fljg0_si1611 /nfs-share/xinchi/kaldi/egs/timit/s5_la2/fbank/raw_fbank_train.1.ark:7815489
fcrz0_sx163 /nfs-share/xinchi/kaldi/egs/timit/s5_la2/fbank/raw_fbank_train.1.ark:2239581
fclt0_sx448 /nfs-share/xinchi/kaldi/egs/timit/s5_la2/fbank/raw_fbank_train.1.ark:1975924
mdpb0_si2126 /nfs-share/xinchi/kaldi/egs/timit/s5_la2/fbank/raw_fbank_train.2.ark:8518209
mdss1_sx337 /nfs-share/xinchi/kaldi/egs/timit/s5_la2/fbank/raw_fbank_train.2.ark:9135251
mbar0_si1319 /nfs-share/xinchi/kaldi/egs/timit/s5_la2/fbank/raw_fbank_train.2.ark:3176028
mwar0_sx325 /nfs-share/xinchi/kaldi/egs/timit/s5_la2/fbank/raw_fbank_train.4.ark:10740145
mrtc0_sx288 /nfs-share/xinchi/kaldi/egs/timit/s5_la2/fbank/raw_fbank_train.4.ark:4701272
mpeb0_si1034 /nfs-share/xinchi/kaldi/egs/timit/s5_la2/fbank/raw_fbank_train.3.ark:10819455
mdhs0_sx450 /nfs-share/xinchi/kaldi/egs/timit/s5_la2/fbank/raw_fbank_train.2.ark:7166542
mwgr0_sx166 /nfs-share/xinchi/kaldi/egs/timit/s5_la2/fbank/raw_fbank_train.4.ark:11095821
fcke0_sx121 /nfs-share/xinchi/kaldi/egs/timit/s5_la2/fbank/raw_fbank_train.1.ark:1857040
mmar0_si1336 /nfs-share/xinchi/kaldi/egs/timit/s5_la2/fbank/raw_fbank_train.3.ark:8274407
fbmj0_sx426 /nfs-share/xinchi/kaldi/egs/timit/s5_la2/fbank/raw_fbank_train.1.ark:1232523
fhxs0_si1075 /nfs-share/xinchi/kaldi/egs/timit/s5_la2/fbank/raw_fbank_train.1.ark:4717169
fdtd0_si931 /nfs-share/xinchi/kaldi/egs/timit/s5_la2/fbank/raw_fbank_train.1.ark:3261722
fkaa0_si1208 /nfs-share/xinchi/kaldi/egs/timit/s5_la2/fbank/raw_fbank_train.1.ark:6174444
mabc0_sx151 /nfs-share/xinchi/kaldi/egs/timit/s5_la2/fbank/raw_fbank_train.2.ark:2052705
mpgr1_sx149 /nfs-share/xinchi/kaldi/egs/timit/s5_la2/fbank/raw_fbank_train.3.ark:11226175
mmgc0_sx315 /nfs-share/xinchi/kaldi/egs/timit/s5_la2/fbank/raw_fbank_train.3.ark:9317142
mctm0_sx180 /nfs-share/xinchi/kaldi/egs/timit/s5_la2/fbank/raw_fbank_train.2.ark:5852160
mtkd0_si1817 /nfs-share/xinchi/kaldi/egs/timit/s5_la2/fbank/raw_fbank_train.4.ark:8502300
mtbc0_si1803 /nfs-share/xinchi/kaldi/egs/timit/s5_la2/fbank/raw_fbank_train.4.ark:7571675
mdhs0_sx90 /nfs-share/xinchi/kaldi/egs/timit/s5_la2/fbank/raw_fbank_train.2.ark:7179214
mrmh0_sx301 /nfs-share/xinchi/kaldi/egs/timit/s5_la2/fbank/raw_fbank_train.4.ark:3950783
mgsh0_sx127 /nfs-share/xinchi/kaldi/egs/timit/s5_la2/fbank/raw_fbank_train.3.ark:641945
fscn0_sx176 /nfs-share/xinchi/kaldi/egs/timit/s5_la2/fbank/raw_fbank_train.1.ark:11355154
mfmc0_sx412 /nfs-share/xinchi/kaldi/egs/timit/s5_la2/fbank/raw_fbank_train.2.ark:10559415
mrws0_sx22 /nfs-share/xinchi/kaldi/egs/timit/s5_la2/fbank/raw_fbank_train.4.ark:5089259
mpmb0_si2131 /nfs-share/xinchi/kaldi/egs/timit/s5_la2/fbank/raw_fbank_train.3.ark:11314654
mtat1_sx59 /nfs-share/xinchi/kaldi/egs/timit/s5_la2/fbank/raw_fbank_train.4.ark:7556167
mjeb1_sx297 /nfs-share/xinchi/kaldi/egs/timit/s5_la2/fbank/raw_fbank_train.3.ark:2761561
fjrp1_sx262 /nfs-share/xinchi/kaldi/egs/timit/s5_la2/fbank/raw_fbank_train.1.ark:5610187
megj0_si1967 /nfs-share/xinchi/kaldi/egs/timit/s5_la2/fbank/raw_fbank_train.2.ark:9854319
mdss1_sx157 /nfs-share/xinchi/kaldi/egs/timit/s5_la2/fbank/raw_fbank_train.2.ark:9112065
flkm0_sx116 /nfs-share/xinchi/kaldi/egs/timit/s5_la2/fbank/raw_fbank_train.1.ark:7975013
mpar0_sx406 /nfs-share/xinchi/kaldi/egs/timit/s5_la2/fbank/raw_fbank_train.3.ark:10799109
mgxp0_si457 /nfs-share/xinchi/kaldi/egs/timit/s5_la2/fbank/raw_fbank_train.3.ark:827245
mrjb1_sx390 /nfs-share/xinchi/kaldi/egs/timit/s5_la2/fbank/raw_fbank_train.4.ark:2673962
mafm0_sx129 /nfs-share/xinchi/kaldi/egs/timit/s5_la2/fbank/raw_fbank_train.2.ark:2526391
mbar0_si689 /nfs-share/xinchi/kaldi/egs/timit/s5_la2/fbank/raw_fbank_train.2.ark:3196775
mbgt0_si1841 /nfs-share/xinchi/kaldi/egs/timit/s5_la2/fbank/raw_fbank_train.2.ark:3546402
fmkf0_si1536 /nfs-share/xinchi/kaldi/egs/timit/s5_la2/fbank/raw_fbank_train.1.ark:9259154
makb0_sx296 /nfs-share/xinchi/kaldi/egs/timit/s5_la2/fbank/raw_fbank_train.2.ark:2789221
mtmn0_sx74 /nfs-share/xinchi/kaldi/egs/timit/s5_la2/fbank/raw_fbank_train.4.ark:9096343
mcew0_sx362 /nfs-share/xinchi/kaldi/egs/timit/s5_la2/fbank/raw_fbank_train.2.ark:5082666
mrmg0_sx270 /nfs-share/xinchi/kaldi/egs/timit/s5_la2/fbank/raw_fbank_train.4.ark:3837524
mbcg0_sx147 /nfs-share/xinchi/kaldi/egs/timit/s5_la2/fbank/raw_fbank_train.2.ark:3400538
mjmm0_sx175 /nfs-share/xinchi/kaldi/egs/timit/s5_la2/fbank/raw_fbank_train.3.ark:4087375
mdlc2_si2244 /nfs-share/xinchi/kaldi/egs/timit/s5_la2/fbank/raw_fbank_train.2.ark:7712169
mkag0_sx439 /nfs-share/xinchi/kaldi/egs/timit/s5_la2/fbank/raw_fbank_train.3.ark:5738393
fajw0_si633 /nfs-share/xinchi/kaldi/egs/timit/s5_la2/fbank/raw_fbank_train.1.ark:131585
fsmm0_sx144 /nfs-share/xinchi/kaldi/egs/timit/s5_la2/fbank/raw_fbank_train.2.ark:779420
mrld0_sx424 /nfs-share/xinchi/kaldi/egs/timit/s5_la2/fbank/raw_fbank_train.4.ark:3304918
ftbw0_sx85 /nfs-share/xinchi/kaldi/egs/timit/s5_la2/fbank/raw_fbank_train.2.ark:1525886
fmjf0_sx84 /nfs-share/xinchi/kaldi/egs/timit/s5_la2/fbank/raw_fbank_train.1.ark:9018915
mhjb0_sx117 /nfs-share/xinchi/kaldi/egs/timit/s5_la2/fbank/raw_fbank_train.3.ark:1143145
mmsm0_sx116 /nfs-share/xinchi/kaldi/egs/timit/s5_la2/fbank/raw_fbank_train.3.ark:9965492
mgaf0_sx292 /nfs-share/xinchi/kaldi/egs/timit/s5_la2/fbank/raw_fbank_train.2.ark:11029262
fcjf0_si648 /nfs-share/xinchi/kaldi/egs/timit/s5_la2/fbank/raw_fbank_train.1.ark:1668317
mjws0_sx423 /nfs-share/xinchi/kaldi/egs/timit/s5_la2/fbank/raw_fbank_train.3.ark:5326254
fmjb0_sx97 /nfs-share/xinchi/kaldi/egs/timit/s5_la2/fbank/raw_fbank_train.1.ark:8920050
mapv0_sx393 /nfs-share/xinchi/kaldi/egs/timit/s5_la2/fbank/raw_fbank_train.2.ark:2981584
mrai0_si1954 /nfs-share/xinchi/kaldi/egs/timit/s5_la2/fbank/raw_fbank_train.4.ark:765438
fjsp0_si804 /nfs-share/xinchi/kaldi/egs/timit/s5_la2/fbank/raw_fbank_train.1.ark:5801932
mkes0_sx173 /nfs-share/xinchi/kaldi/egs/timit/s5_la2/fbank/raw_fbank_train.3.ark:6403548
mjmm0_si1885 /nfs-share/xinchi/kaldi/egs/timit/s5_la2/fbank/raw_fbank_train.3.ark:4069029
mtrr0_sx18 /nfs-share/xinchi/kaldi/egs/timit/s5_la2/fbank/raw_fbank_train.4.ark:9859963
mbom0_si2274 /nfs-share/xinchi/kaldi/egs/timit/s5_la2/fbank/raw_fbank_train.2.ark:4049961
flja0_sx448 /nfs-share/xinchi/kaldi/egs/timit/s5_la2/fbank/raw_fbank_train.1.ark:7690838
fcdr1_sx376 /nfs-share/xinchi/kaldi/egs/timit/s5_la2/fbank/raw_fbank_train.1.ark:1547351
msfh0_sx136 /nfs-share/xinchi/kaldi/egs/timit/s5_la2/fbank/raw_fbank_train.4.ark:6149314
fecd0_sx428 /nfs-share/xinchi/kaldi/egs/timit/s5_la2/fbank/raw_fbank_train.1.ark:3724555
mcal0_sx418 /nfs-share/xinchi/kaldi/egs/timit/s5_la2/fbank/raw_fbank_train.2.ark:4589094
mcth0_sx399 /nfs-share/xinchi/kaldi/egs/timit/s5_la2/fbank/raw_fbank_train.2.ark:5799346
mrem0_sx241 /nfs-share/xinchi/kaldi/egs/timit/s5_la2/fbank/raw_fbank_train.4.ark:1910929
mwch0_si1622 /nfs-share/xinchi/kaldi/egs/timit/s5_la2/fbank/raw_fbank_train.4.ark:10772924
mrpc1_si2026 /nfs-share/xinchi/kaldi/egs/timit/s5_la2/fbank/raw_fbank_train.4.ark:4207207
mtpr0_si1600 /nfs-share/xinchi/kaldi/egs/timit/s5_la2/fbank/raw_fbank_train.4.ark:9481037
flag0_si834 /nfs-share/xinchi/kaldi/egs/timit/s5_la2/fbank/raw_fbank_train.1.ark:7237443
mwac0_si971 /nfs-share/xinchi/kaldi/egs/timit/s5_la2/fbank/raw_fbank_train.4.ark:10513034
mdcm0_si1480 /nfs-share/xinchi/kaldi/egs/timit/s5_la2/fbank/raw_fbank_train.2.ark:6492473
mjls0_sx286 /nfs-share/xinchi/kaldi/egs/timit/s5_la2/fbank/raw_fbank_train.3.ark:3844277
mwgr0_sx256 /nfs-share/xinchi/kaldi/egs/timit/s5_la2/fbank/raw_fbank_train.4.ark:11111054
fsah0_si1874 /nfs-share/xinchi/kaldi/egs/timit/s5_la2/fbank/raw_fbank_train.1.ark:11010573
msat1_si1703 /nfs-share/xinchi/kaldi/egs/timit/s5_la2/fbank/raw_fbank_train.4.ark:5509374
mjxa0_si877 /nfs-share/xinchi/kaldi/egs/timit/s5_la2/fbank/raw_fbank_train.3.ark:5489852
mhbs0_sx315 /nfs-share/xinchi/kaldi/egs/timit/s5_la2/fbank/raw_fbank_train.3.ark:976200
mtdb0_si771 /nfs-share/xinchi/kaldi/egs/timit/s5_la2/fbank/raw_fbank_train.4.ark:7786958
mmdg0_sx340 /nfs-share/xinchi/kaldi/egs/timit/s5_la2/fbank/raw_fbank_train.3.ark:8766633
mmar0_si1966 /nfs-share/xinchi/kaldi/egs/timit/s5_la2/fbank/raw_fbank_train.3.ark:8289281
mcdd0_sx433 /nfs-share/xinchi/kaldi/egs/timit/s5_la2/fbank/raw_fbank_train.2.ark:4778224
mbth0_sx212 /nfs-share/xinchi/kaldi/egs/timit/s5_la2/fbank/raw_fbank_train.2.ark:4242235
mdpb0_sx236 /nfs-share/xinchi/kaldi/egs/timit/s5_la2/fbank/raw_fbank_train.2.ark:8560908
mdhl0_si2069 /nfs-share/xinchi/kaldi/egs/timit/s5_la2/fbank/raw_fbank_train.2.ark:7012832
mmaa0_sx35 /nfs-share/xinchi/kaldi/egs/timit/s5_la2/fbank/raw_fbank_train.3.ark:7948704
mrcg0_si2058 /nfs-share/xinchi/kaldi/egs/timit/s5_la2/fbank/raw_fbank_train.4.ark:1174374
mgak0_sx406 /nfs-share/xinchi/kaldi/egs/timit/s5_la2/fbank/raw_fbank_train.2.ark:11227873
fcrz0_sx343 /nfs-share/xinchi/kaldi/egs/timit/s5_la2/fbank/raw_fbank_train.1.ark:2259407
fkde0_si1141 /nfs-share/xinchi/kaldi/egs/timit/s5_la2/fbank/raw_fbank_train.1.ark:6283389
mdcd0_sx335 /nfs-share/xinchi/kaldi/egs/timit/s5_la2/fbank/raw_fbank_train.2.ark:6457734
mprt0_si1210 /nfs-share/xinchi/kaldi/egs/timit/s5_la2/fbank/raw_fbank_train.4.ark:396779
mtwh1_sx72 /nfs-share/xinchi/kaldi/egs/timit/s5_la2/fbank/raw_fbank_train.4.ark:10081832
mwsb0_si996 /nfs-share/xinchi/kaldi/egs/timit/s5_la2/fbank/raw_fbank_train.4.ark:11373863
fksr0_sx37 /nfs-share/xinchi/kaldi/egs/timit/s5_la2/fbank/raw_fbank_train.1.ark:7093684
fcag0_si1641 /nfs-share/xinchi/kaldi/egs/timit/s5_la2/fbank/raw_fbank_train.1.ark:1266543
mbma1_sx54 /nfs-share/xinchi/kaldi/egs/timit/s5_la2/fbank/raw_fbank_train.2.ark:3921754
mdns0_sx111 /nfs-share/xinchi/kaldi/egs/timit/s5_la2/fbank/raw_fbank_train.2.ark:8449450
mtkd0_sx107 /nfs-share/xinchi/kaldi/egs/timit/s5_la2/fbank/raw_fbank_train.4.ark:8538126
msds0_si1077 /nfs-share/xinchi/kaldi/egs/timit/s5_la2/fbank/raw_fbank_train.4.ark:5763057
fkaa0_si578 /nfs-share/xinchi/kaldi/egs/timit/s5_la2/fbank/raw_fbank_train.1.ark:6199071
fcke0_sx211 /nfs-share/xinchi/kaldi/egs/timit/s5_la2/fbank/raw_fbank_train.1.ark:1867433
mmxs0_si876 /nfs-share/xinchi/kaldi/egs/timit/s5_la2/fbank/raw_fbank_train.3.ark:10470783
mtrr0_si2178 /nfs-share/xinchi/kaldi/egs/timit/s5_la2/fbank/raw_fbank_train.4.ark:9820585
medr0_sx114 /nfs-share/xinchi/kaldi/egs/timit/s5_la2/fbank/raw_fbank_train.2.ark:9679577
fcjf0_sx217 /nfs-share/xinchi/kaldi/egs/timit/s5_la2/fbank/raw_fbank_train.1.ark:1689503
msas0_sx296 /nfs-share/xinchi/kaldi/egs/timit/s5_la2/fbank/raw_fbank_train.4.ark:5396288
mgsh0_sx276 /nfs-share/xinchi/kaldi/egs/timit/s5_la2/fbank/raw_fbank_train.3.ark:662491
mfxs0_sx414 /nfs-share/xinchi/kaldi/egs/timit/s5_la2/fbank/raw_fbank_train.2.ark:10844052
ftaj0_sx339 /nfs-share/xinchi/kaldi/egs/timit/s5_la2/fbank/raw_fbank_train.2.ark:1312971
fvmh0_sx116 /nfs-share/xinchi/kaldi/egs/timit/s5_la2/fbank/raw_fbank_train.2.ark:1973240
fsjs0_sx271 /nfs-share/xinchi/kaldi/egs/timit/s5_la2/fbank/raw_fbank_train.2.ark:99277
mdlc0_sx225 /nfs-share/xinchi/kaldi/egs/timit/s5_la2/fbank/raw_fbank_train.2.ark:7563297
mbom0_sx384 /nfs-share/xinchi/kaldi/egs/timit/s5_la2/fbank/raw_fbank_train.2.ark:4104566
mbwp0_sx439 /nfs-share/xinchi/kaldi/egs/timit/s5_la2/fbank/raw_fbank_train.2.ark:4367846
mrms0_si2057 /nfs-share/xinchi/kaldi/egs/timit/s5_la2/fbank/raw_fbank_train.4.ark:4119261
mgaw0_si535 /nfs-share/xinchi/kaldi/egs/timit/s5_la2/fbank/raw_fbank_train.3.ark:132506
mtrc0_sx93 /nfs-share/xinchi/kaldi/egs/timit/s5_la2/fbank/raw_fbank_train.4.ark:9803317
mchl0_sx177 /nfs-share/xinchi/kaldi/egs/timit/s5_la2/fbank/raw_fbank_train.2.ark:5176586
mmpm0_sx251 /nfs-share/xinchi/kaldi/egs/timit/s5_la2/fbank/raw_fbank_train.3.ark:9762236
mrmb0_sx411 /nfs-share/xinchi/kaldi/egs/timit/s5_la2/fbank/raw_fbank_train.4.ark:3765324
mjpg0_si1191 /nfs-share/xinchi/kaldi/egs/timit/s5_la2/fbank/raw_fbank_train.3.ark:4143660
fpad0_si1976 /nfs-share/xinchi/kaldi/egs/timit/s5_la2/fbank/raw_fbank_train.1.ark:9998244
mwac0_sx161 /nfs-share/xinchi/kaldi/egs/timit/s5_la2/fbank/raw_fbank_train.4.ark:10524227
fmkc0_sx172 /nfs-share/xinchi/kaldi/egs/timit/s5_la2/fbank/raw_fbank_train.1.ark:9174915
mafm0_sx309 /nfs-share/xinchi/kaldi/egs/timit/s5_la2/fbank/raw_fbank_train.2.ark:2549497
mrpc1_sx42 /nfs-share/xinchi/kaldi/egs/timit/s5_la2/fbank/raw_fbank_train.4.ark:4269685
mrhl0_sx435 /nfs-share/xinchi/kaldi/egs/timit/s5_la2/fbank/raw_fbank_train.4.ark:2549184
mtjg0_sx350 /nfs-share/xinchi/kaldi/egs/timit/s5_la2/fbank/raw_fbank_train.4.ark:8143532
mtqc0_sx361 /nfs-share/xinchi/kaldi/egs/timit/s5_la2/fbank/raw_fbank_train.4.ark:9675308
fpmy0_si523 /nfs-share/xinchi/kaldi/egs/timit/s5_la2/fbank/raw_fbank_train.1.ark:10517281
mclk0_sx220 /nfs-share/xinchi/kaldi/egs/timit/s5_la2/fbank/raw_fbank_train.2.ark:5288924
mrcg0_si798 /nfs-share/xinchi/kaldi/egs/timit/s5_la2/fbank/raw_fbank_train.4.ark:1185287
mrcw0_si2001 /nfs-share/xinchi/kaldi/egs/timit/s5_la2/fbank/raw_fbank_train.4.ark:1288079
mmdg0_sx160 /nfs-share/xinchi/kaldi/egs/timit/s5_la2/fbank/raw_fbank_train.3.ark:8736047
mdpb0_sx326 /nfs-share/xinchi/kaldi/egs/timit/s5_la2/fbank/raw_fbank_train.2.ark:8572301
fsgf0_si927 /nfs-share/xinchi/kaldi/egs/timit/s5_la2/fbank/raw_fbank_train.1.ark:11633837
fcmm0_sx420 /nfs-share/xinchi/kaldi/egs/timit/s5_la2/fbank/raw_fbank_train.1.ark:2175975
mjdg0_sx412 /nfs-share/xinchi/kaldi/egs/timit/s5_la2/fbank/raw_fbank_train.3.ark:2450727
majp0_sx354 /nfs-share/xinchi/kaldi/egs/timit/s5_la2/fbank/raw_fbank_train.2.ark:2652163
fapb0_sx253 /nfs-share/xinchi/kaldi/egs/timit/s5_la2/fbank/raw_fbank_train.1.ark:467002
mdpk0_si1053 /nfs-share/xinchi/kaldi/egs/timit/s5_la2/fbank/raw_fbank_train.2.ark:8604360
mcpm0_si1194 /nfs-share/xinchi/kaldi/egs/timit/s5_la2/fbank/raw_fbank_train.2.ark:5421321
fblv0_sx338 /nfs-share/xinchi/kaldi/egs/timit/s5_la2/fbank/raw_fbank_train.1.ark:1009361
mbma1_sx234 /nfs-share/xinchi/kaldi/egs/timit/s5_la2/fbank/raw_fbank_train.2.ark:3880176
fdjh0_sx125 /nfs-share/xinchi/kaldi/egs/timit/s5_la2/fbank/raw_fbank_train.1.ark:2732588
fbch0_si1586 /nfs-share/xinchi/kaldi/egs/timit/s5_la2/fbank/raw_fbank_train.1.ark:731665
mwad0_sx342 /nfs-share/xinchi/kaldi/egs/timit/s5_la2/fbank/raw_fbank_train.4.ark:10647799
fdkn0_sx361 /nfs-share/xinchi/kaldi/egs/timit/s5_la2/fbank/raw_fbank_train.1.ark:2857400
fdfb0_sx418 /nfs-share/xinchi/kaldi/egs/timit/s5_la2/fbank/raw_fbank_train.1.ark:2668262
fmmh0_sx7 /nfs-share/xinchi/kaldi/egs/timit/s5_la2/fbank/raw_fbank_train.1.ark:9424300
mpmb0_si871 /nfs-share/xinchi/kaldi/egs/timit/s5_la2/fbank/raw_fbank_train.3.ark:11337607
mram0_si1951 /nfs-share/xinchi/kaldi/egs/timit/s5_la2/fbank/raw_fbank_train.4.ark:896611
mjls0_si1096 /nfs-share/xinchi/kaldi/egs/timit/s5_la2/fbank/raw_fbank_train.3.ark:3769199
mjpg0_si1821 /nfs-share/xinchi/kaldi/egs/timit/s5_la2/fbank/raw_fbank_train.3.ark:4153574
frll0_si884 /nfs-share/xinchi/kaldi/egs/timit/s5_la2/fbank/raw_fbank_train.1.ark:10810276
mrai0_sx162 /nfs-share/xinchi/kaldi/egs/timit/s5_la2/fbank/raw_fbank_train.4.ark:809738
fjsp0_sx264 /nfs-share/xinchi/kaldi/egs/timit/s5_la2/fbank/raw_fbank_train.1.ark:5827758
feme0_si1505 /nfs-share/xinchi/kaldi/egs/timit/s5_la2/fbank/raw_fbank_train.1.ark:3853486
mmdm0_sx231 /nfs-share/xinchi/kaldi/egs/timit/s5_la2/fbank/raw_fbank_train.3.ark:8854025
mbth0_sx302 /nfs-share/xinchi/kaldi/egs/timit/s5_la2/fbank/raw_fbank_train.2.ark:4256108
mctm0_sx450 /nfs-share/xinchi/kaldi/egs/timit/s5_la2/fbank/raw_fbank_train.2.ark:5885259
fgrw0_sx252 /nfs-share/xinchi/kaldi/egs/timit/s5_la2/fbank/raw_fbank_train.1.ark:4562491
fmkc0_si1041 /nfs-share/xinchi/kaldi/egs/timit/s5_la2/fbank/raw_fbank_train.1.ark:9139014
mbar0_sx239 /nfs-share/xinchi/kaldi/egs/timit/s5_la2/fbank/raw_fbank_train.2.ark:3226521
mpeb0_sx330 /nfs-share/xinchi/kaldi/egs/timit/s5_la2/fbank/raw_fbank_train.3.ark:10869741
mmdm0_si1941 /nfs-share/xinchi/kaldi/egs/timit/s5_la2/fbank/raw_fbank_train.3.ark:8823126
fkdw0_sx37 /nfs-share/xinchi/kaldi/egs/timit/s5_la2/fbank/raw_fbank_train.1.ark:6468853
mded0_sx450 /nfs-share/xinchi/kaldi/egs/timit/s5_la2/fbank/raw_fbank_train.2.ark:6762322
fcrz0_si1913 /nfs-share/xinchi/kaldi/egs/timit/s5_la2/fbank/raw_fbank_train.1.ark:2201841
mrwa0_sx73 /nfs-share/xinchi/kaldi/egs/timit/s5_la2/fbank/raw_fbank_train.4.ark:5026220
mtat0_si811 /nfs-share/xinchi/kaldi/egs/timit/s5_la2/fbank/raw_fbank_train.4.ark:7385138
mtwh1_si882 /nfs-share/xinchi/kaldi/egs/timit/s5_la2/fbank/raw_fbank_train.4.ark:10024428
mwgr0_sx76 /nfs-share/xinchi/kaldi/egs/timit/s5_la2/fbank/raw_fbank_train.4.ark:11143952
fjrb0_si672 /nfs-share/xinchi/kaldi/egs/timit/s5_la2/fbank/raw_fbank_train.1.ark:5476736
fbmh0_sx326 /nfs-share/xinchi/kaldi/egs/timit/s5_la2/fbank/raw_fbank_train.1.ark:1113906
mkdd0_sx307 /nfs-share/xinchi/kaldi/egs/timit/s5_la2/fbank/raw_fbank_train.3.ark:6223285
mrpc1_sx402 /nfs-share/xinchi/kaldi/egs/timit/s5_la2/fbank/raw_fbank_train.4.ark:4259493
fceg0_sx168 /nfs-share/xinchi/kaldi/egs/timit/s5_la2/fbank/raw_fbank_train.1.ark:1590605
frll0_sx344 /nfs-share/xinchi/kaldi/egs/timit/s5_la2/fbank/raw_fbank_train.1.ark:10847975
flag0_sx114 /nfs-share/xinchi/kaldi/egs/timit/s5_la2/fbank/raw_fbank_train.1.ark:7256596
flma0_si1243 /nfs-share/xinchi/kaldi/egs/timit/s5_la2/fbank/raw_fbank_train.1.ark:8045578
marc0_si1818 /nfs-share/xinchi/kaldi/egs/timit/s5_la2/fbank/raw_fbank_train.2.ark:2998412
mljh0_sx424 /nfs-share/xinchi/kaldi/egs/timit/s5_la2/fbank/raw_fbank_train.3.ark:7643150
mmam0_sx67 /nfs-share/xinchi/kaldi/egs/timit/s5_la2/fbank/raw_fbank_train.3.ark:8261853
fjsk0_si2312 /nfs-share/xinchi/kaldi/egs/timit/s5_la2/fbank/raw_fbank_train.1.ark:5706907
mkln0_si968 /nfs-share/xinchi/kaldi/egs/timit/s5_la2/fbank/raw_fbank_train.3.ark:6578405
msrg0_si1221 /nfs-share/xinchi/kaldi/egs/timit/s5_la2/fbank/raw_fbank_train.4.ark:6736443
mtcs0_sx262 /nfs-share/xinchi/kaldi/egs/timit/s5_la2/fbank/raw_fbank_train.4.ark:7709999
fsmm0_si1944 /nfs-share/xinchi/kaldi/egs/timit/s5_la2/fbank/raw_fbank_train.2.ark:756034
fdmy0_si714 /nfs-share/xinchi/kaldi/egs/timit/s5_la2/fbank/raw_fbank_train.1.ark:3026871
mrsp0_sx259 /nfs-share/xinchi/kaldi/egs/timit/s5_la2/fbank/raw_fbank_train.4.ark:4582255
mnet0_si2076 /nfs-share/xinchi/kaldi/egs/timit/s5_la2/fbank/raw_fbank_train.3.ark:10556415
mwgr0_si2236 /nfs-share/xinchi/kaldi/egs/timit/s5_la2/fbank/raw_fbank_train.4.ark:11069995
mrdm0_sx65 /nfs-share/xinchi/kaldi/egs/timit/s5_la2/fbank/raw_fbank_train.4.ark:1547287
mejs0_sx430 /nfs-share/xinchi/kaldi/egs/timit/s5_la2/fbank/raw_fbank_train.2.ark:10105412
mlel0_sx436 /nfs-share/xinchi/kaldi/egs/timit/s5_la2/fbank/raw_fbank_train.3.ark:7416260
fsrh0_si1719 /nfs-share/xinchi/kaldi/egs/timit/s5_la2/fbank/raw_fbank_train.2.ark:1059315
mwac0_sx71 /nfs-share/xinchi/kaldi/egs/timit/s5_la2/fbank/raw_fbank_train.4.ark:10590478
mgsl0_sx174 /nfs-share/xinchi/kaldi/egs/timit/s5_la2/fbank/raw_fbank_train.3.ark:740407
fcke0_sx391 /nfs-share/xinchi/kaldi/egs/timit/s5_la2/fbank/raw_fbank_train.1.ark:1895771
msds0_sx447 /nfs-share/xinchi/kaldi/egs/timit/s5_la2/fbank/raw_fbank_train.4.ark:5860057
mmbs0_si1151 /nfs-share/xinchi/kaldi/egs/timit/s5_la2/fbank/raw_fbank_train.3.ark:8398512
mvjh0_sx296 /nfs-share/xinchi/kaldi/egs/timit/s5_la2/fbank/raw_fbank_train.4.ark:10280210
mkah0_sx448 /nfs-share/xinchi/kaldi/egs/timit/s5_la2/fbank/raw_fbank_train.3.ark:5840258
fsah0_sx434 /nfs-share/xinchi/kaldi/egs/timit/s5_la2/fbank/raw_fbank_train.1.ark:11080938
mbar0_sx329 /nfs-share/xinchi/kaldi/egs/timit/s5_la2/fbank/raw_fbank_train.2.ark:3238874
fblv0_si2318 /nfs-share/xinchi/kaldi/egs/timit/s5_la2/fbank/raw_fbank_train.1.ark:975582
mgxp0_sx277 /nfs-share/xinchi/kaldi/egs/timit/s5_la2/fbank/raw_fbank_train.3.ark:867864
flag0_sx24 /nfs-share/xinchi/kaldi/egs/timit/s5_la2/fbank/raw_fbank_train.1.ark:7282901
fcag0_sx153 /nfs-share/xinchi/kaldi/egs/timit/s5_la2/fbank/raw_fbank_train.1.ark:1281410
mdlh0_si1960 /nfs-share/xinchi/kaldi/egs/timit/s5_la2/fbank/raw_fbank_train.2.ark:7791800
mjmm0_si1255 /nfs-share/xinchi/kaldi/egs/timit/s5_la2/fbank/raw_fbank_train.3.ark:4051795
mrxb0_si955 /nfs-share/xinchi/kaldi/egs/timit/s5_la2/fbank/raw_fbank_train.4.ark:5150746
msah1_sx239 /nfs-share/xinchi/kaldi/egs/timit/s5_la2/fbank/raw_fbank_train.4.ark:5263158
fjdm2_sx52 /nfs-share/xinchi/kaldi/egs/timit/s5_la2/fbank/raw_fbank_train.1.ark:4933187
maeb0_sx360 /nfs-share/xinchi/kaldi/egs/timit/s5_la2/fbank/raw_fbank_train.2.ark:2369566
mljh0_si1324 /nfs-share/xinchi/kaldi/egs/timit/s5_la2/fbank/raw_fbank_train.3.ark:7540911
falk0_sx276 /nfs-share/xinchi/kaldi/egs/timit/s5_la2/fbank/raw_fbank_train.1.ark:262553
mjda0_sx41 /nfs-share/xinchi/kaldi/egs/timit/s5_la2/fbank/raw_fbank_train.3.ark:2141404
feac0_si1245 /nfs-share/xinchi/kaldi/egs/timit/s5_la2/fbank/raw_fbank_train.1.ark:3429986
fmbg0_si1790 /nfs-share/xinchi/kaldi/egs/timit/s5_la2/fbank/raw_fbank_train.1.ark:8639885
mlel0_si1876 /nfs-share/xinchi/kaldi/egs/timit/s5_la2/fbank/raw_fbank_train.3.ark:7342135
mefg0_si491 /nfs-share/xinchi/kaldi/egs/timit/s5_la2/fbank/raw_fbank_train.2.ark:9736414
fskc0_si1416 /nfs-share/xinchi/kaldi/egs/timit/s5_la2/fbank/raw_fbank_train.2.ark:256514
fcjf0_si1027 /nfs-share/xinchi/kaldi/egs/timit/s5_la2/fbank/raw_fbank_train.1.ark:1644050
mjfh0_si1737 /nfs-share/xinchi/kaldi/egs/timit/s5_la2/fbank/raw_fbank_train.3.ark:2894887
mjde0_sx220 /nfs-share/xinchi/kaldi/egs/timit/s5_la2/fbank/raw_fbank_train.3.ark:2313875
mprd0_si2061 /nfs-share/xinchi/kaldi/egs/timit/s5_la2/fbank/raw_fbank_train.4.ark:181283
mjde0_sx400 /nfs-share/xinchi/kaldi/egs/timit/s5_la2/fbank/raw_fbank_train.3.ark:2363133
fsgf0_sx207 /nfs-share/xinchi/kaldi/egs/timit/s5_la2/fbank/raw_fbank_train.1.ark:11666143
mdac0_si631 /nfs-share/xinchi/kaldi/egs/timit/s5_la2/fbank/raw_fbank_train.2.ark:6024217
mjpm0_sx198 /nfs-share/xinchi/kaldi/egs/timit/s5_la2/fbank/raw_fbank_train.3.ark:4293010
mmrp0_sx54 /nfs-share/xinchi/kaldi/egs/timit/s5_la2/fbank/raw_fbank_train.3.ark:9903718
mlsh0_sx67 /nfs-share/xinchi/kaldi/egs/timit/s5_la2/fbank/raw_fbank_train.3.ark:7850872
mjrk0_sx340 /nfs-share/xinchi/kaldi/egs/timit/s5_la2/fbank/raw_fbank_train.3.ark:4885642
mmvp0_sx294 /nfs-share/xinchi/kaldi/egs/timit/s5_la2/fbank/raw_fbank_train.3.ark:10097863
mfwk0_si619 /nfs-share/xinchi/kaldi/egs/timit/s5_la2/fbank/raw_fbank_train.2.ark:10699534
mtrr0_si1548 /nfs-share/xinchi/kaldi/egs/timit/s5_la2/fbank/raw_fbank_train.4.ark:9810871
mtmt0_sx128 /nfs-share/xinchi/kaldi/egs/timit/s5_la2/fbank/raw_fbank_train.4.ark:9148557
mrjh0_sx259 /nfs-share/xinchi/kaldi/egs/timit/s5_la2/fbank/raw_fbank_train.4.ark:2754928
mmgk0_sx242 /nfs-share/xinchi/kaldi/egs/timit/s5_la2/fbank/raw_fbank_train.3.ark:9484320
mmcc0_sx438 /nfs-share/xinchi/kaldi/egs/timit/s5_la2/fbank/raw_fbank_train.3.ark:8582536
mjrg0_sx376 /nfs-share/xinchi/kaldi/egs/timit/s5_la2/fbank/raw_fbank_train.3.ark:4617751
mprb0_si1215 /nfs-share/xinchi/kaldi/egs/timit/s5_la2/fbank/raw_fbank_train.4.ark:59058
faem0_sx42 /nfs-share/xinchi/kaldi/egs/timit/s5_la2/fbank/raw_fbank_train.1.ark:91084
fsah0_sx344 /nfs-share/xinchi/kaldi/egs/timit/s5_la2/fbank/raw_fbank_train.1.ark:11072465
mtju0_si760 /nfs-share/xinchi/kaldi/egs/timit/s5_la2/fbank/raw_fbank_train.4.ark:8420548
fjlg0_si1889 /nfs-share/xinchi/kaldi/egs/timit/s5_la2/fbank/raw_fbank_train.1.ark:5260372
mhmg0_si735 /nfs-share/xinchi/kaldi/egs/timit/s5_la2/fbank/raw_fbank_train.3.ark:1207017
msem1_sx180 /nfs-share/xinchi/kaldi/egs/timit/s5_la2/fbank/raw_fbank_train.4.ark:5946063
mrab1_sx38 /nfs-share/xinchi/kaldi/egs/timit/s5_la2/fbank/raw_fbank_train.4.ark:740131
mrfl0_sx76 /nfs-share/xinchi/kaldi/egs/timit/s5_la2/fbank/raw_fbank_train.4.ark:2236703
fbcg1_si1612 /nfs-share/xinchi/kaldi/egs/timit/s5_la2/fbank/raw_fbank_train.1.ark:633960
mddc0_sx429 /nfs-share/xinchi/kaldi/egs/timit/s5_la2/fbank/raw_fbank_train.2.ark:6659777
fbch0_sx146 /nfs-share/xinchi/kaldi/egs/timit/s5_la2/fbank/raw_fbank_train.1.ark:778004
flmc0_sx22 /nfs-share/xinchi/kaldi/egs/timit/s5_la2/fbank/raw_fbank_train.1.ark:8179935
mrtj0_sx52 /nfs-share/xinchi/kaldi/egs/timit/s5_la2/fbank/raw_fbank_train.4.ark:4837610
mtab0_si942 /nfs-share/xinchi/kaldi/egs/timit/s5_la2/fbank/raw_fbank_train.4.ark:7190128
fdtd0_sx301 /nfs-share/xinchi/kaldi/egs/timit/s5_la2/fbank/raw_fbank_train.1.ark:3298901
fapb0_sx433 /nfs-share/xinchi/kaldi/egs/timit/s5_la2/fbank/raw_fbank_train.1.ark:495268
mrab0_sx54 /nfs-share/xinchi/kaldi/egs/timit/s5_la2/fbank/raw_fbank_train.4.ark:651379
mdtb0_si1200 /nfs-share/xinchi/kaldi/egs/timit/s5_la2/fbank/raw_fbank_train.2.ark:9166710
fdnc0_sx198 /nfs-share/xinchi/kaldi/egs/timit/s5_la2/fbank/raw_fbank_train.1.ark:3195355
mrpc1_sx312 /nfs-share/xinchi/kaldi/egs/timit/s5_la2/fbank/raw_fbank_train.4.ark:4243660
mtbc0_sx363 /nfs-share/xinchi/kaldi/egs/timit/s5_la2/fbank/raw_fbank_train.4.ark:7639320
mjjm0_sx17 /nfs-share/xinchi/kaldi/egs/timit/s5_la2/fbank/raw_fbank_train.3.ark:3441350
mdhs0_si900 /nfs-share/xinchi/kaldi/egs/timit/s5_la2/fbank/raw_fbank_train.2.ark:7118210
flet0_si1767 /nfs-share/xinchi/kaldi/egs/timit/s5_la2/fbank/raw_fbank_train.1.ark:7434261
mtdb0_sx231 /nfs-share/xinchi/kaldi/egs/timit/s5_la2/fbank/raw_fbank_train.4.ark:7819104
fsjs0_si541 /nfs-share/xinchi/kaldi/egs/timit/s5_la2/fbank/raw_fbank_train.2.ark:67611
mabc0_sx241 /nfs-share/xinchi/kaldi/egs/timit/s5_la2/fbank/raw_fbank_train.2.ark:2065258
mdss0_sx441 /nfs-share/xinchi/kaldi/egs/timit/s5_la2/fbank/raw_fbank_train.2.ark:9056979
mjeb0_si1286 /nfs-share/xinchi/kaldi/egs/timit/s5_la2/fbank/raw_fbank_train.3.ark:2582618
fmkf0_si906 /nfs-share/xinchi/kaldi/egs/timit/s5_la2/fbank/raw_fbank_train.1.ark:9272507
fblv0_si1058 /nfs-share/xinchi/kaldi/egs/timit/s5_la2/fbank/raw_fbank_train.1.ark:941034
mree0_si1104 /nfs-share/xinchi/kaldi/egs/timit/s5_la2/fbank/raw_fbank_train.4.ark:1644066
mjra0_sx66 /nfs-share/xinchi/kaldi/egs/timit/s5_la2/fbank/raw_fbank_train.3.ark:4519406
mtcs0_sx172 /nfs-share/xinchi/kaldi/egs/timit/s5_la2/fbank/raw_fbank_train.4.ark:7698486
mkdb0_sx422 /nfs-share/xinchi/kaldi/egs/timit/s5_la2/fbank/raw_fbank_train.3.ark:6129293
mwsh0_sx256 /nfs-share/xinchi/kaldi/egs/timit/s5_la2/fbank/raw_fbank_train.4.ark:11505192
fjxm0_si581 /nfs-share/xinchi/kaldi/egs/timit/s5_la2/fbank/raw_fbank_train.1.ark:5990461
mfwk0_sx349 /nfs-share/xinchi/kaldi/egs/timit/s5_la2/fbank/raw_fbank_train.2.ark:10733113
mkam0_sx326 /nfs-share/xinchi/kaldi/egs/timit/s5_la2/fbank/raw_fbank_train.3.ark:6021156
mpar0_sx46 /nfs-share/xinchi/kaldi/egs/timit/s5_la2/fbank/raw_fbank_train.3.ark:10811581
fsjg0_sx220 /nfs-share/xinchi/kaldi/egs/timit/s5_la2/fbank/raw_fbank_train.1.ark:11767848
mcdr0_si524 /nfs-share/xinchi/kaldi/egs/timit/s5_la2/fbank/raw_fbank_train.2.ark:4837757
fbch0_sx416 /nfs-share/xinchi/kaldi/egs/timit/s5_la2/fbank/raw_fbank_train.1.ark:813303
fgdp0_si1618 /nfs-share/xinchi/kaldi/egs/timit/s5_la2/fbank/raw_fbank_train.1.ark:4267507
mjae0_sx84 /nfs-share/xinchi/kaldi/egs/timit/s5_la2/fbank/raw_fbank_train.3.ark:1851648
mrgs0_sx366 /nfs-share/xinchi/kaldi/egs/timit/s5_la2/fbank/raw_fbank_train.4.ark:2437248
fmbg0_sx80 /nfs-share/xinchi/kaldi/egs/timit/s5_la2/fbank/raw_fbank_train.1.ark:8708561
msah1_sx59 /nfs-share/xinchi/kaldi/egs/timit/s5_la2/fbank/raw_fbank_train.4.ark:5298616
fntb0_sx393 /nfs-share/xinchi/kaldi/egs/timit/s5_la2/fbank/raw_fbank_train.1.ark:9752766
mfer0_sx232 /nfs-share/xinchi/kaldi/egs/timit/s5_la2/fbank/raw_fbank_train.2.ark:10437004
mddc0_sx249 /nfs-share/xinchi/kaldi/egs/timit/s5_la2/fbank/raw_fbank_train.2.ark:6640591
mjxl0_sx92 /nfs-share/xinchi/kaldi/egs/timit/s5_la2/fbank/raw_fbank_train.3.ark:5647801
mmgg0_sx179 /nfs-share/xinchi/kaldi/egs/timit/s5_la2/fbank/raw_fbank_train.3.ark:9386422
mbma1_si2207 /nfs-share/xinchi/kaldi/egs/timit/s5_la2/fbank/raw_fbank_train.2.ark:3831163
fcyl0_sx349 /nfs-share/xinchi/kaldi/egs/timit/s5_la2/fbank/raw_fbank_train.1.ark:2357632
fspm0_si611 /nfs-share/xinchi/kaldi/egs/timit/s5_la2/fbank/raw_fbank_train.2.ark:982877
fvkb0_sx349 /nfs-share/xinchi/kaldi/egs/timit/s5_la2/fbank/raw_fbank_train.2.ark:1882681
mjmd0_si1028 /nfs-share/xinchi/kaldi/egs/timit/s5_la2/fbank/raw_fbank_train.3.ark:3965689
mfrm0_sx165 /nfs-share/xinchi/kaldi/egs/timit/s5_la2/fbank/raw_fbank_train.2.ark:10622382
mtwh1_si2142 /nfs-share/xinchi/kaldi/egs/timit/s5_la2/fbank/raw_fbank_train.4.ark:10017795
flma0_si1873 /nfs-share/xinchi/kaldi/egs/timit/s5_la2/fbank/raw_fbank_train.1.ark:8053772
mrkm0_sx367 /nfs-share/xinchi/kaldi/egs/timit/s5_la2/fbank/raw_fbank_train.4.ark:3198102
fsls0_sx66 /nfs-share/xinchi/kaldi/egs/timit/s5_la2/fbank/raw_fbank_train.2.ark:628141
mklw0_sx311 /nfs-share/xinchi/kaldi/egs/timit/s5_la2/fbank/raw_fbank_train.3.ark:6998967
mrav0_sx18 /nfs-share/xinchi/kaldi/egs/timit/s5_la2/fbank/raw_fbank_train.4.ark:1017302
ftaj0_sx429 /nfs-share/xinchi/kaldi/egs/timit/s5_la2/fbank/raw_fbank_train.2.ark:1321244
mzmb0_si1166 /nfs-share/xinchi/kaldi/egs/timit/s5_la2/fbank/raw_fbank_train.4.ark:11558724
mrtc0_si1458 /nfs-share/xinchi/kaldi/egs/timit/s5_la2/fbank/raw_fbank_train.4.ark:4619954
mstf0_si852 /nfs-share/xinchi/kaldi/egs/timit/s5_la2/fbank/raw_fbank_train.4.ark:6950078
mkdt0_si2153 /nfs-share/xinchi/kaldi/egs/timit/s5_la2/fbank/raw_fbank_train.3.ark:6254184
mkrg0_sx141 /nfs-share/xinchi/kaldi/egs/timit/s5_la2/fbank/raw_fbank_train.3.ark:7092326
mjsr0_sx74 /nfs-share/xinchi/kaldi/egs/timit/s5_la2/fbank/raw_fbank_train.3.ark:5116117
fscn0_si1886 /nfs-share/xinchi/kaldi/egs/timit/s5_la2/fbank/raw_fbank_train.1.ark:11309495
fsmm0_sx414 /nfs-share/xinchi/kaldi/egs/timit/s5_la2/fbank/raw_fbank_train.2.ark:823439
mrml0_si2051 /nfs-share/xinchi/kaldi/egs/timit/s5_la2/fbank/raw_fbank_train.4.ark:4001396
mmam0_si1668 /nfs-share/xinchi/kaldi/egs/timit/s5_la2/fbank/raw_fbank_train.3.ark:8203935
fjlg0_sx179 /nfs-share/xinchi/kaldi/egs/timit/s5_la2/fbank/raw_fbank_train.1.ark:5287039
mges0_si2111 /nfs-share/xinchi/kaldi/egs/timit/s5_la2/fbank/raw_fbank_train.3.ark:198938
mmag0_si496 /nfs-share/xinchi/kaldi/egs/timit/s5_la2/fbank/raw_fbank_train.3.ark:8108063
mwar0_sx55 /nfs-share/xinchi/kaldi/egs/timit/s5_la2/fbank/raw_fbank_train.4.ark:10759410
msms0_sx173 /nfs-share/xinchi/kaldi/egs/timit/s5_la2/fbank/raw_fbank_train.4.ark:6678998
mpgr0_si1410 /nfs-share/xinchi/kaldi/egs/timit/s5_la2/fbank/raw_fbank_train.3.ark:11098649
flet0_sx147 /nfs-share/xinchi/kaldi/egs/timit/s5_la2/fbank/raw_fbank_train.1.ark:7466647
mrmg0_sx90 /nfs-share/xinchi/kaldi/egs/timit/s5_la2/fbank/raw_fbank_train.4.ark:3876542
mdlc0_sx45 /nfs-share/xinchi/kaldi/egs/timit/s5_la2/fbank/raw_fbank_train.2.ark:7596475
mpgr1_sx329 /nfs-share/xinchi/kaldi/egs/timit/s5_la2/fbank/raw_fbank_train.3.ark:11251521
mtmt0_si1748 /nfs-share/xinchi/kaldi/egs/timit/s5_la2/fbank/raw_fbank_train.4.ark:9119451
mpgr1_sx239 /nfs-share/xinchi/kaldi/egs/timit/s5_la2/fbank/raw_fbank_train.3.ark:11240568
mcth0_sx129 /nfs-share/xinchi/kaldi/egs/timit/s5_la2/fbank/raw_fbank_train.2.ark:5750095
fmkf0_sx96 /nfs-share/xinchi/kaldi/egs/timit/s5_la2/fbank/raw_fbank_train.1.ark:9331749
mmws1_sx351 /nfs-share/xinchi/kaldi/egs/timit/s5_la2/fbank/raw_fbank_train.3.ark:10414178
mbjv0_sx347 /nfs-share/xinchi/kaldi/egs/timit/s5_la2/fbank/raw_fbank_train.2.ark:3699879
mtab0_sx42 /nfs-share/xinchi/kaldi/egs/timit/s5_la2/fbank/raw_fbank_train.4.ark:7265652
mtas0_sx395 /nfs-share/xinchi/kaldi/egs/timit/s5_la2/fbank/raw_fbank_train.4.ark:7342677
fmkf0_sx276 /nfs-share/xinchi/kaldi/egs/timit/s5_la2/fbank/raw_fbank_train.1.ark:9295893
makb0_sx26 /nfs-share/xinchi/kaldi/egs/timit/s5_la2/fbank/raw_fbank_train.2.ark:2778908
fgrw0_si1152 /nfs-share/xinchi/kaldi/egs/timit/s5_la2/fbank/raw_fbank_train.1.ark:4498917
mdwh0_sx125 /nfs-share/xinchi/kaldi/egs/timit/s5_la2/fbank/raw_fbank_train.2.ark:9392061
mgak0_sx46 /nfs-share/xinchi/kaldi/egs/timit/s5_la2/fbank/raw_fbank_train.2.ark:11244145
fkfb0_sx258 /nfs-share/xinchi/kaldi/egs/timit/s5_la2/fbank/raw_fbank_train.1.ark:6543813
fmah1_sx249 /nfs-share/xinchi/kaldi/egs/timit/s5_la2/fbank/raw_fbank_train.1.ark:8575239
mcxm0_si721 /nfs-share/xinchi/kaldi/egs/timit/s5_la2/fbank/raw_fbank_train.2.ark:5933832
falk0_si456 /nfs-share/xinchi/kaldi/egs/timit/s5_la2/fbank/raw_fbank_train.1.ark:220934
mapv0_sx33 /nfs-share/xinchi/kaldi/egs/timit/s5_la2/fbank/raw_fbank_train.2.ark:2971591
mtkp0_si1023 /nfs-share/xinchi/kaldi/egs/timit/s5_la2/fbank/raw_fbank_train.4.ark:8599811
mgsl0_si1164 /nfs-share/xinchi/kaldi/egs/timit/s5_la2/fbank/raw_fbank_train.3.ark:701108
fcag0_si2133 /nfs-share/xinchi/kaldi/egs/timit/s5_la2/fbank/raw_fbank_train.1.ark:1272777
fsls0_sx246 /nfs-share/xinchi/kaldi/egs/timit/s5_la2/fbank/raw_fbank_train.2.ark:603996
fdnc0_sx18 /nfs-share/xinchi/kaldi/egs/timit/s5_la2/fbank/raw_fbank_train.1.ark:3182242
mter0_sx167 /nfs-share/xinchi/kaldi/egs/timit/s5_la2/fbank/raw_fbank_train.4.ark:8022882
fjrb0_sx402 /nfs-share/xinchi/kaldi/egs/timit/s5_la2/fbank/raw_fbank_train.1.ark:5521828
flkm0_si686 /nfs-share/xinchi/kaldi/egs/timit/s5_la2/fbank/raw_fbank_train.1.ark:7967940
mdss1_sx247 /nfs-share/xinchi/kaldi/egs/timit/s5_la2/fbank/raw_fbank_train.2.ark:9121138
fvfb0_sx222 /nfs-share/xinchi/kaldi/egs/timit/s5_la2/fbank/raw_fbank_train.2.ark:1782663
flod0_si1917 /nfs-share/xinchi/kaldi/egs/timit/s5_la2/fbank/raw_fbank_train.1.ark:8344568
mjpg0_si561 /nfs-share/xinchi/kaldi/egs/timit/s5_la2/fbank/raw_fbank_train.3.ark:4170127
meal0_sx287 /nfs-share/xinchi/kaldi/egs/timit/s5_la2/fbank/raw_fbank_train.2.ark:9603457
fkde0_si1771 /nfs-share/xinchi/kaldi/egs/timit/s5_la2/fbank/raw_fbank_train.1.ark:6302543
fdnc0_sx378 /nfs-share/xinchi/kaldi/egs/timit/s5_la2/fbank/raw_fbank_train.1.ark:3221501
mhmr0_sx309 /nfs-share/xinchi/kaldi/egs/timit/s5_la2/fbank/raw_fbank_train.3.ark:1345021
fhxs0_sx265 /nfs-share/xinchi/kaldi/egs/timit/s5_la2/fbank/raw_fbank_train.1.ark:4794663
flma0_sx253 /nfs-share/xinchi/kaldi/egs/timit/s5_la2/fbank/raw_fbank_train.1.ark:8090831
mmgk0_si1952 /nfs-share/xinchi/kaldi/egs/timit/s5_la2/fbank/raw_fbank_train.3.ark:9462261
mdks0_sx256 /nfs-share/xinchi/kaldi/egs/timit/s5_la2/fbank/raw_fbank_train.2.ark:7330367
maeo0_sx156 /nfs-share/xinchi/kaldi/egs/timit/s5_la2/fbank/raw_fbank_train.2.ark:2440486
makr0_si722 /nfs-share/xinchi/kaldi/egs/timit/s5_la2/fbank/raw_fbank_train.2.ark:2831235
mjjj0_sx443 /nfs-share/xinchi/kaldi/egs/timit/s5_la2/fbank/raw_fbank_train.3.ark:3362872
mhxl0_sx332 /nfs-share/xinchi/kaldi/egs/timit/s5_la2/fbank/raw_fbank_train.3.ark:1532390
mrab1_sx128 /nfs-share/xinchi/kaldi/egs/timit/s5_la2/fbank/raw_fbank_train.4.ark:704233
fcdr1_sx106 /nfs-share/xinchi/kaldi/egs/timit/s5_la2/fbank/raw_fbank_train.1.ark:1496220
mrws0_si1102 /nfs-share/xinchi/kaldi/egs/timit/s5_la2/fbank/raw_fbank_train.4.ark:5036374
mrmh0_si1349 /nfs-share/xinchi/kaldi/egs/timit/s5_la2/fbank/raw_fbank_train.4.ark:3901410
mrjm1_sx38 /nfs-share/xinchi/kaldi/egs/timit/s5_la2/fbank/raw_fbank_train.4.ark:2985084
flag0_sx204 /nfs-share/xinchi/kaldi/egs/timit/s5_la2/fbank/raw_fbank_train.1.ark:7269189
mhmr0_sx39 /nfs-share/xinchi/kaldi/egs/timit/s5_la2/fbank/raw_fbank_train.3.ark:1357573
fklc1_sx238 /nfs-share/xinchi/kaldi/egs/timit/s5_la2/fbank/raw_fbank_train.1.ark:6864609
mefg0_sx375 /nfs-share/xinchi/kaldi/egs/timit/s5_la2/fbank/raw_fbank_train.2.ark:9815531
mkaj0_sx64 /nfs-share/xinchi/kaldi/egs/timit/s5_la2/fbank/raw_fbank_train.3.ark:5941555
mlns0_sx147 /nfs-share/xinchi/kaldi/egs/timit/s5_la2/fbank/raw_fbank_train.3.ark:7704996
mwem0_sx150 /nfs-share/xinchi/kaldi/egs/timit/s5_la2/fbank/raw_fbank_train.4.ark:10987276
ftmg0_sx272 /nfs-share/xinchi/kaldi/egs/timit/s5_la2/fbank/raw_fbank_train.2.ark:1688637
fsjw0_si703 /nfs-share/xinchi/kaldi/egs/timit/s5_la2/fbank/raw_fbank_train.2.ark:183676
mjra0_si1866 /nfs-share/xinchi/kaldi/egs/timit/s5_la2/fbank/raw_fbank_train.3.ark:4442129
mdmt0_sx212 /nfs-share/xinchi/kaldi/egs/timit/s5_la2/fbank/raw_fbank_train.2.ark:8353098
ftbw0_sx175 /nfs-share/xinchi/kaldi/egs/timit/s5_la2/fbank/raw_fbank_train.2.ark:1476675
mdlc1_si2065 /nfs-share/xinchi/kaldi/egs/timit/s5_la2/fbank/raw_fbank_train.2.ark:7627623
mdjm0_si1455 /nfs-share/xinchi/kaldi/egs/timit/s5_la2/fbank/raw_fbank_train.2.ark:7187408
mjdc0_sx441 /nfs-share/xinchi/kaldi/egs/timit/s5_la2/fbank/raw_fbank_train.3.ark:2228077
mhit0_sx263 /nfs-share/xinchi/kaldi/egs/timit/s5_la2/fbank/raw_fbank_train.3.ark:1060752
mpfu0_sx268 /nfs-share/xinchi/kaldi/egs/timit/s5_la2/fbank/raw_fbank_train.3.ark:10959973
mjeb0_sx296 /nfs-share/xinchi/kaldi/egs/timit/s5_la2/fbank/raw_fbank_train.3.ark:2658816
fear0_sx442 /nfs-share/xinchi/kaldi/egs/timit/s5_la2/fbank/raw_fbank_train.1.ark:3608410
faem0_sx222 /nfs-share/xinchi/kaldi/egs/timit/s5_la2/fbank/raw_fbank_train.1.ark:51746
mjae0_sx174 /nfs-share/xinchi/kaldi/egs/timit/s5_la2/fbank/raw_fbank_train.3.ark:1797037
milb0_sx3 /nfs-share/xinchi/kaldi/egs/timit/s5_la2/fbank/raw_fbank_train.3.ark:1637292
mcal0_sx328 /nfs-share/xinchi/kaldi/egs/timit/s5_la2/fbank/raw_fbank_train.2.ark:4574901
mtlc0_sx397 /nfs-share/xinchi/kaldi/egs/timit/s5_la2/fbank/raw_fbank_train.4.ark:8883612
mmeb0_si1987 /nfs-share/xinchi/kaldi/egs/timit/s5_la2/fbank/raw_fbank_train.3.ark:9183506
marc0_sx288 /nfs-share/xinchi/kaldi/egs/timit/s5_la2/fbank/raw_fbank_train.2.ark:3049576
mgrp0_si687 /nfs-share/xinchi/kaldi/egs/timit/s5_la2/fbank/raw_fbank_train.3.ark:510687
mtwh1_sx252 /nfs-share/xinchi/kaldi/egs/timit/s5_la2/fbank/raw_fbank_train.4.ark:10045654
mbbr0_si2315 /nfs-share/xinchi/kaldi/egs/timit/s5_la2/fbank/raw_fbank_train.2.ark:3301561
mljc0_sx55 /nfs-share/xinchi/kaldi/egs/timit/s5_la2/fbank/raw_fbank_train.3.ark:7529757
mmvp0_sx347 /nfs-share/xinchi/kaldi/egs/timit/s5_la2/fbank/raw_fbank_train.3.ark:10109696
mdss1_si1327 /nfs-share/xinchi/kaldi/egs/timit/s5_la2/fbank/raw_fbank_train.2.ark:9076685
fklc0_sx355 /nfs-share/xinchi/kaldi/egs/timit/s5_la2/fbank/raw_fbank_train.1.ark:6785416
fdmy0_sx297 /nfs-share/xinchi/kaldi/egs/timit/s5_la2/fbank/raw_fbank_train.1.ark:3093002
mstf0_si1396 /nfs-share/xinchi/kaldi/egs/timit/s5_la2/fbank/raw_fbank_train.4.ark:6928292
mbsb0_si1353 /nfs-share/xinchi/kaldi/egs/timit/s5_la2/fbank/raw_fbank_train.2.ark:4112320
msat0_sx446 /nfs-share/xinchi/kaldi/egs/timit/s5_la2/fbank/raw_fbank_train.4.ark:5476314
mdef0_sx213 /nfs-share/xinchi/kaldi/egs/timit/s5_la2/fbank/raw_fbank_train.2.ark:6839562
fjsk0_sx332 /nfs-share/xinchi/kaldi/egs/timit/s5_la2/fbank/raw_fbank_train.1.ark:5739206
mree0_sx294 /nfs-share/xinchi/kaldi/egs/timit/s5_la2/fbank/raw_fbank_train.4.ark:1724145
mwsh0_sx76 /nfs-share/xinchi/kaldi/egs/timit/s5_la2/fbank/raw_fbank_train.4.ark:11543770
mrkm0_sx7 /nfs-share/xinchi/kaldi/egs/timit/s5_la2/fbank/raw_fbank_train.4.ark:3214373
mprb0_sx125 /nfs-share/xinchi/kaldi/egs/timit/s5_la2/fbank/raw_fbank_train.4.ark:100044
mhmr0_si1692 /nfs-share/xinchi/kaldi/egs/timit/s5_la2/fbank/raw_fbank_train.3.ark:1285929
mbef0_sx291 /nfs-share/xinchi/kaldi/egs/timit/s5_la2/fbank/raw_fbank_train.2.ark:3522581
mtrc0_si1623 /nfs-share/xinchi/kaldi/egs/timit/s5_la2/fbank/raw_fbank_train.4.ark:9725647
mmgk0_sx62 /nfs-share/xinchi/kaldi/egs/timit/s5_la2/fbank/raw_fbank_train.3.ark:9515578
fhxs0_si2335 /nfs-share/xinchi/kaldi/egs/timit/s5_la2/fbank/raw_fbank_train.1.ark:4764717
mctm0_si1980 /nfs-share/xinchi/kaldi/egs/timit/s5_la2/fbank/raw_fbank_train.2.ark:5826294
mkjo0_sx257 /nfs-share/xinchi/kaldi/egs/timit/s5_la2/fbank/raw_fbank_train.3.ark:6511046
fetb0_sx68 /nfs-share/xinchi/kaldi/egs/timit/s5_la2/fbank/raw_fbank_train.1.ark:4048542
mwar0_sx415 /nfs-share/xinchi/kaldi/egs/timit/s5_la2/fbank/raw_fbank_train.4.ark:10749418
mrlj1_si2332 /nfs-share/xinchi/kaldi/egs/timit/s5_la2/fbank/raw_fbank_train.4.ark:3442757
mapv0_sx213 /nfs-share/xinchi/kaldi/egs/timit/s5_la2/fbank/raw_fbank_train.2.ark:2949166
fdnc0_sx288 /nfs-share/xinchi/kaldi/egs/timit/s5_la2/fbank/raw_fbank_train.1.ark:3205908
mcef0_si842 /nfs-share/xinchi/kaldi/egs/timit/s5_la2/fbank/raw_fbank_train.2.ark:4935662
mgaw0_sx175 /nfs-share/xinchi/kaldi/egs/timit/s5_la2/fbank/raw_fbank_train.3.ark:141259
mjra0_sx156 /nfs-share/xinchi/kaldi/egs/timit/s5_la2/fbank/raw_fbank_train.3.ark:4467115
mvlo0_si1777 /nfs-share/xinchi/kaldi/egs/timit/s5_la2/fbank/raw_fbank_train.4.ark:10311591
mrlk0_si843 /nfs-share/xinchi/kaldi/egs/timit/s5_la2/fbank/raw_fbank_train.4.ark:3536022
fcdr1_si1816 /nfs-share/xinchi/kaldi/egs/timit/s5_la2/fbank/raw_fbank_train.1.ark:1456074
fjdm2_si1964 /nfs-share/xinchi/kaldi/egs/timit/s5_la2/fbank/raw_fbank_train.1.ark:4850229
mgrl0_si2127 /nfs-share/xinchi/kaldi/egs/timit/s5_la2/fbank/raw_fbank_train.3.ark:397629
mbef0_sx201 /nfs-share/xinchi/kaldi/egs/timit/s5_la2/fbank/raw_fbank_train.2.ark:3506116
mjfr0_si2235 /nfs-share/xinchi/kaldi/egs/timit/s5_la2/fbank/raw_fbank_train.3.ark:2977472
mctm0_sx90 /nfs-share/xinchi/kaldi/egs/timit/s5_la2/fbank/raw_fbank_train.2.ark:5898491
mmdb0_sx357 /nfs-share/xinchi/kaldi/egs/timit/s5_la2/fbank/raw_fbank_train.3.ark:8665368
mlel0_si1246 /nfs-share/xinchi/kaldi/egs/timit/s5_la2/fbank/raw_fbank_train.3.ark:7328621
mtdb0_sx141 /nfs-share/xinchi/kaldi/egs/timit/s5_la2/fbank/raw_fbank_train.4.ark:7805471
mrkm0_sx97 /nfs-share/xinchi/kaldi/egs/timit/s5_la2/fbank/raw_fbank_train.4.ark:3228165
flkm0_sx80 /nfs-share/xinchi/kaldi/egs/timit/s5_la2/fbank/raw_fbank_train.1.ark:8035864
mdps0_sx359 /nfs-share/xinchi/kaldi/egs/timit/s5_la2/fbank/raw_fbank_train.2.ark:8746711
mlsh0_si2047 /nfs-share/xinchi/kaldi/egs/timit/s5_la2/fbank/raw_fbank_train.3.ark:7777715
msmc0_si1907 /nfs-share/xinchi/kaldi/egs/timit/s5_la2/fbank/raw_fbank_train.4.ark:6438969
mmws1_sx27 /nfs-share/xinchi/kaldi/egs/timit/s5_la2/fbank/raw_fbank_train.3.ark:10407225
mjlg1_sx202 /nfs-share/xinchi/kaldi/egs/timit/s5_la2/fbank/raw_fbank_train.3.ark:3728907
mbbr0_si1685 /nfs-share/xinchi/kaldi/egs/timit/s5_la2/fbank/raw_fbank_train.2.ark:3291167
mjrh1_si514 /nfs-share/xinchi/kaldi/egs/timit/s5_la2/fbank/raw_fbank_train.3.ark:4758558
fjxm0_si1971 /nfs-share/xinchi/kaldi/egs/timit/s5_la2/fbank/raw_fbank_train.1.ark:5982988
mfxv0_sx105 /nfs-share/xinchi/kaldi/egs/timit/s5_la2/fbank/raw_fbank_train.2.ark:10913619
maeo0_sx66 /nfs-share/xinchi/kaldi/egs/timit/s5_la2/fbank/raw_fbank_train.2.ark:2490137
mrpc1_sx222 /nfs-share/xinchi/kaldi/egs/timit/s5_la2/fbank/raw_fbank_train.4.ark:4232267
mklr0_si2319 /nfs-share/xinchi/kaldi/egs/timit/s5_la2/fbank/raw_fbank_train.3.ark:6675071
mjkr0_si1201 /nfs-share/xinchi/kaldi/egs/timit/s5_la2/fbank/raw_fbank_train.3.ark:3485123
mkls0_sx177 /nfs-share/xinchi/kaldi/egs/timit/s5_la2/fbank/raw_fbank_train.3.ark:6784850
mtpg0_sx123 /nfs-share/xinchi/kaldi/egs/timit/s5_la2/fbank/raw_fbank_train.4.ark:9337847
mcdr0_sx164 /nfs-share/xinchi/kaldi/egs/timit/s5_la2/fbank/raw_fbank_train.2.ark:4857110
mjlb0_sx266 /nfs-share/xinchi/kaldi/egs/timit/s5_la2/fbank/raw_fbank_train.3.ark:3637881
fpad0_sx356 /nfs-share/xinchi/kaldi/egs/timit/s5_la2/fbank/raw_fbank_train.1.ark:10056256
mtlc0_sx37 /nfs-share/xinchi/kaldi/egs/timit/s5_la2/fbank/raw_fbank_train.4.ark:8873219
mstf0_sx226 /nfs-share/xinchi/kaldi/egs/timit/s5_la2/fbank/raw_fbank_train.4.ark:6984424
mkls0_sx447 /nfs-share/xinchi/kaldi/egs/timit/s5_la2/fbank/raw_fbank_train.3.ark:6823589
fgdp0_si988 /nfs-share/xinchi/kaldi/egs/timit/s5_la2/fbank/raw_fbank_train.1.ark:4290734
fsrh0_sx41 /nfs-share/xinchi/kaldi/egs/timit/s5_la2/fbank/raw_fbank_train.2.ark:1140146
mdem0_sx158 /nfs-share/xinchi/kaldi/egs/timit/s5_la2/fbank/raw_fbank_train.2.ark:6928233
mges0_sx311 /nfs-share/xinchi/kaldi/egs/timit/s5_la2/fbank/raw_fbank_train.3.ark:236510
madc0_si1367 /nfs-share/xinchi/kaldi/egs/timit/s5_la2/fbank/raw_fbank_train.2.ark:2103670
falk0_si658 /nfs-share/xinchi/kaldi/egs/timit/s5_la2/fbank/raw_fbank_train.1.ark:232687
mjdm0_sx80 /nfs-share/xinchi/kaldi/egs/timit/s5_la2/fbank/raw_fbank_train.3.ark:2572864
mkdd0_sx127 /nfs-share/xinchi/kaldi/egs/timit/s5_la2/fbank/raw_fbank_train.3.ark:6207859
fjhk0_si2282 /nfs-share/xinchi/kaldi/egs/timit/s5_la2/fbank/raw_fbank_train.1.ark:5078435
fbmj0_sx336 /nfs-share/xinchi/kaldi/egs/timit/s5_la2/fbank/raw_fbank_train.1.ark:1213170
mrmg0_sx180 /nfs-share/xinchi/kaldi/egs/timit/s5_la2/fbank/raw_fbank_train.4.ark:3825691
mtat0_sx210 /nfs-share/xinchi/kaldi/egs/timit/s5_la2/fbank/raw_fbank_train.4.ark:7414844
mbjv0_sx437 /nfs-share/xinchi/kaldi/egs/timit/s5_la2/fbank/raw_fbank_train.2.ark:3714632
mlel0_sx346 /nfs-share/xinchi/kaldi/egs/timit/s5_la2/fbank/raw_fbank_train.3.ark:7402387
mdhl0_sx449 /nfs-share/xinchi/kaldi/egs/timit/s5_la2/fbank/raw_fbank_train.2.ark:7072157
mrlr0_si1826 /nfs-share/xinchi/kaldi/egs/timit/s5_la2/fbank/raw_fbank_train.4.ark:3618054
fkfb0_si1608 /nfs-share/xinchi/kaldi/egs/timit/s5_la2/fbank/raw_fbank_train.1.ark:6491200
fgcs0_sx316 /nfs-share/xinchi/kaldi/egs/timit/s5_la2/fbank/raw_fbank_train.1.ark:4236488
mcss0_sx120 /nfs-share/xinchi/kaldi/egs/timit/s5_la2/fbank/raw_fbank_train.2.ark:5657790
fjlr0_sx151 /nfs-share/xinchi/kaldi/egs/timit/s5_la2/fbank/raw_fbank_train.1.ark:5387944
fsgf0_si1557 /nfs-share/xinchi/kaldi/egs/timit/s5_la2/fbank/raw_fbank_train.1.ark:11605690
mtjs0_si562 /nfs-share/xinchi/kaldi/egs/timit/s5_la2/fbank/raw_fbank_train.4.ark:8314123
fjwb1_sx435 /nfs-share/xinchi/kaldi/egs/timit/s5_la2/fbank/raw_fbank_train.1.ark:5946968
fdas1_si2091 /nfs-share/xinchi/kaldi/egs/timit/s5_la2/fbank/raw_fbank_train.1.ark:2418765
mjpg0_sx21 /nfs-share/xinchi/kaldi/egs/timit/s5_la2/fbank/raw_fbank_train.3.ark:4203145
mmam0_sx247 /nfs-share/xinchi/kaldi/egs/timit/s5_la2/fbank/raw_fbank_train.3.ark:8229195
mgrp0_si1317 /nfs-share/xinchi/kaldi/egs/timit/s5_la2/fbank/raw_fbank_train.3.ark:482900
fsms1_sx347 /nfs-share/xinchi/kaldi/egs/timit/s5_la2/fbank/raw_fbank_train.2.ark:923104
mgar0_sx132 /nfs-share/xinchi/kaldi/egs/timit/s5_la2/fbank/raw_fbank_train.3.ark:34474
maeo0_sx426 /nfs-share/xinchi/kaldi/egs/timit/s5_la2/fbank/raw_fbank_train.2.ark:2475505
msdb0_si2267 /nfs-share/xinchi/kaldi/egs/timit/s5_la2/fbank/raw_fbank_train.4.ark:5614674
mjfh0_sx117 /nfs-share/xinchi/kaldi/egs/timit/s5_la2/fbank/raw_fbank_train.3.ark:2920953
fmem0_si1377 /nfs-share/xinchi/kaldi/egs/timit/s5_la2/fbank/raw_fbank_train.1.ark:8717275
mpfu0_sx358 /nfs-share/xinchi/kaldi/egs/timit/s5_la2/fbank/raw_fbank_train.3.ark:10973286
mhjb0_si1647 /nfs-share/xinchi/kaldi/egs/timit/s5_la2/fbank/raw_fbank_train.3.ark:1114998
mgag0_si1321 /nfs-share/xinchi/kaldi/egs/timit/s5_la2/fbank/raw_fbank_train.2.ark:11052729
falr0_sx155 /nfs-share/xinchi/kaldi/egs/timit/s5_la2/fbank/raw_fbank_train.1.ark:346423
mjrk0_si2103 /nfs-share/xinchi/kaldi/egs/timit/s5_la2/fbank/raw_fbank_train.3.ark:4833230
ftbw0_si1975 /nfs-share/xinchi/kaldi/egs/timit/s5_la2/fbank/raw_fbank_train.2.ark:1447209
mtqc0_si2071 /nfs-share/xinchi/kaldi/egs/timit/s5_la2/fbank/raw_fbank_train.4.ark:9621696
mrjh0_si1519 /nfs-share/xinchi/kaldi/egs/timit/s5_la2/fbank/raw_fbank_train.4.ark:2688756
feac0_sx255 /nfs-share/xinchi/kaldi/egs/timit/s5_la2/fbank/raw_fbank_train.1.ark:3485039
mdwh0_sx35 /nfs-share/xinchi/kaldi/egs/timit/s5_la2/fbank/raw_fbank_train.2.ark:9433199
mmag0_si1126 /nfs-share/xinchi/kaldi/egs/timit/s5_la2/fbank/raw_fbank_train.3.ark:8076636
mjdc0_si1161 /nfs-share/xinchi/kaldi/egs/timit/s5_la2/fbank/raw_fbank_train.3.ark:2153998
fpaz0_sx423 /nfs-share/xinchi/kaldi/egs/timit/s5_la2/fbank/raw_fbank_train.1.ark:10272859
mmar0_sx256 /nfs-share/xinchi/kaldi/egs/timit/s5_la2/fbank/raw_fbank_train.3.ark:8340380
mdhl0_si1439 /nfs-share/xinchi/kaldi/egs/timit/s5_la2/fbank/raw_fbank_train.2.ark:6999558
mjeb1_sx27 /nfs-share/xinchi/kaldi/egs/timit/s5_la2/fbank/raw_fbank_train.3.ark:2752568
mdns0_sx21 /nfs-share/xinchi/kaldi/egs/timit/s5_la2/fbank/raw_fbank_train.2.ark:8472075
fjkl0_si2192 /nfs-share/xinchi/kaldi/egs/timit/s5_la2/fbank/raw_fbank_train.1.ark:5164747
fsjw0_sx343 /nfs-share/xinchi/kaldi/egs/timit/s5_la2/fbank/raw_fbank_train.2.ark:214655
fkkh0_sx390 /nfs-share/xinchi/kaldi/egs/timit/s5_la2/fbank/raw_fbank_train.1.ark:6702376
fcdr1_sx196 /nfs-share/xinchi/kaldi/egs/timit/s5_la2/fbank/raw_fbank_train.1.ark:1519805
mbjv0_si1247 /nfs-share/xinchi/kaldi/egs/timit/s5_la2/fbank/raw_fbank_train.2.ark:3645553
mvlo0_sx427 /nfs-share/xinchi/kaldi/egs/timit/s5_la2/fbank/raw_fbank_train.4.ark:10375236
mrjh0_si914 /nfs-share/xinchi/kaldi/egs/timit/s5_la2/fbank/raw_fbank_train.4.ark:2727422
mjhi0_si555 /nfs-share/xinchi/kaldi/egs/timit/s5_la2/fbank/raw_fbank_train.3.ark:3092336
mjde0_si1120 /nfs-share/xinchi/kaldi/egs/timit/s5_la2/fbank/raw_fbank_train.3.ark:2245663
fsag0_sx153 /nfs-share/xinchi/kaldi/egs/timit/s5_la2/fbank/raw_fbank_train.1.ark:10911254
mpgh0_sx204 /nfs-share/xinchi/kaldi/egs/timit/s5_la2/fbank/raw_fbank_train.3.ark:11064797
fdmy0_sx207 /nfs-share/xinchi/kaldi/egs/timit/s5_la2/fbank/raw_fbank_train.1.ark:3068337
fvkb0_sx79 /nfs-share/xinchi/kaldi/egs/timit/s5_la2/fbank/raw_fbank_train.2.ark:1915986
fbmh0_si970 /nfs-share/xinchi/kaldi/egs/timit/s5_la2/fbank/raw_fbank_train.1.ark:1076127
