fjxm0_sx401 /nfs-share/xinchi/kaldi/egs/timit/s5_la5/fbank/raw_fbank_train.1.ark:6047993
marc0_si558 /nfs-share/xinchi/kaldi/egs/timit/s5_la5/fbank/raw_fbank_train.2.ark:3007445
fmmh0_sx187 /nfs-share/xinchi/kaldi/egs/timit/s5_la5/fbank/raw_fbank_train.1.ark:9388123
msem1_si2070 /nfs-share/xinchi/kaldi/egs/timit/s5_la5/fbank/raw_fbank_train.4.ark:5896157
msjk0_sx66 /nfs-share/xinchi/kaldi/egs/timit/s5_la5/fbank/raw_fbank_train.4.ark:6428375
fmju0_sx39 /nfs-share/xinchi/kaldi/egs/timit/s5_la5/fbank/raw_fbank_train.1.ark:9115947
mmws1_sx81 /nfs-share/xinchi/kaldi/egs/timit/s5_la5/fbank/raw_fbank_train.3.ark:10436083
mjmm0_sx175 /nfs-share/xinchi/kaldi/egs/timit/s5_la5/fbank/raw_fbank_train.3.ark:4087375
fsls0_si1056 /nfs-share/xinchi/kaldi/egs/timit/s5_la5/fbank/raw_fbank_train.2.ark:538829
ftmg0_si902 /nfs-share/xinchi/kaldi/egs/timit/s5_la5/fbank/raw_fbank_train.2.ark:1658211
mkrg0_si1491 /nfs-share/xinchi/kaldi/egs/timit/s5_la5/fbank/raw_fbank_train.3.ark:7044106
fbcg1_si1612 /nfs-share/xinchi/kaldi/egs/timit/s5_la5/fbank/raw_fbank_train.1.ark:633960
mfmc0_si502 /nfs-share/xinchi/kaldi/egs/timit/s5_la5/fbank/raw_fbank_train.2.ark:10506443
mgak0_sx46 /nfs-share/xinchi/kaldi/egs/timit/s5_la5/fbank/raw_fbank_train.2.ark:11244145
fklc0_sx265 /nfs-share/xinchi/kaldi/egs/timit/s5_la5/fbank/raw_fbank_train.1.ark:6772263
mmrp0_sx324 /nfs-share/xinchi/kaldi/egs/timit/s5_la5/fbank/raw_fbank_train.3.ark:9871013
madd0_sx268 /nfs-share/xinchi/kaldi/egs/timit/s5_la5/fbank/raw_fbank_train.2.ark:2258908
mhit0_si1613 /nfs-share/xinchi/kaldi/egs/timit/s5_la5/fbank/raw_fbank_train.3.ark:1006379
msms0_si1433 /nfs-share/xinchi/kaldi/egs/timit/s5_la5/fbank/raw_fbank_train.4.ark:6637578
mtqc0_sx181 /nfs-share/xinchi/kaldi/egs/timit/s5_la5/fbank/raw_fbank_train.4.ark:9643202
mpmb0_sx241 /nfs-share/xinchi/kaldi/egs/timit/s5_la5/fbank/raw_fbank_train.3.ark:11379833
mmag0_sx46 /nfs-share/xinchi/kaldi/egs/timit/s5_la5/fbank/raw_fbank_train.3.ark:8178427
fjxp0_sx132 /nfs-share/xinchi/kaldi/egs/timit/s5_la5/fbank/raw_fbank_train.1.ark:6118439
mfmc0_sx322 /nfs-share/xinchi/kaldi/egs/timit/s5_la5/fbank/raw_fbank_train.2.ark:10548742
mtat0_sx30 /nfs-share/xinchi/kaldi/egs/timit/s5_la5/fbank/raw_fbank_train.4.ark:7423796
mjpm1_si761 /nfs-share/xinchi/kaldi/egs/timit/s5_la5/fbank/raw_fbank_train.3.ark:4346177
mree0_sx24 /nfs-share/xinchi/kaldi/egs/timit/s5_la5/fbank/raw_fbank_train.4.ark:1714592
fsjg0_si940 /nfs-share/xinchi/kaldi/egs/timit/s5_la5/fbank/raw_fbank_train.1.ark:11732782
fmbg0_sx440 /nfs-share/xinchi/kaldi/egs/timit/s5_la5/fbank/raw_fbank_train.1.ark:8693169
fntb0_sx393 /nfs-share/xinchi/kaldi/egs/timit/s5_la5/fbank/raw_fbank_train.1.ark:9752766
mtwh1_sx252 /nfs-share/xinchi/kaldi/egs/timit/s5_la5/fbank/raw_fbank_train.4.ark:10045654
mmdm1_sx423 /nfs-share/xinchi/kaldi/egs/timit/s5_la5/fbank/raw_fbank_train.3.ark:8976036
mchl0_sx357 /nfs-share/xinchi/kaldi/egs/timit/s5_la5/fbank/raw_fbank_train.2.ark:5198492
mjrg0_si1366 /nfs-share/xinchi/kaldi/egs/timit/s5_la5/fbank/raw_fbank_train.3.ark:4529000
mkag0_sx79 /nfs-share/xinchi/kaldi/egs/timit/s5_la5/fbank/raw_fbank_train.3.ark:5753265
mtrc0_si589 /nfs-share/xinchi/kaldi/egs/timit/s5_la5/fbank/raw_fbank_train.4.ark:9734520
mjjm0_si1251 /nfs-share/xinchi/kaldi/egs/timit/s5_la5/fbank/raw_fbank_train.3.ark:3384618
mjsr0_sx74 /nfs-share/xinchi/kaldi/egs/timit/s5_la5/fbank/raw_fbank_train.3.ark:5116117
mjdm0_sx260 /nfs-share/xinchi/kaldi/egs/timit/s5_la5/fbank/raw_fbank_train.3.ark:2527606
fsag0_sx63 /nfs-share/xinchi/kaldi/egs/timit/s5_la5/fbank/raw_fbank_train.1.ark:10981625
mtqc0_si2071 /nfs-share/xinchi/kaldi/egs/timit/s5_la5/fbank/raw_fbank_train.4.ark:9621696
mklr0_sx429 /nfs-share/xinchi/kaldi/egs/timit/s5_la5/fbank/raw_fbank_train.3.ark:6715723
mcpm0_si564 /nfs-share/xinchi/kaldi/egs/timit/s5_la5/fbank/raw_fbank_train.2.ark:5449868
mdwd0_si1260 /nfs-share/xinchi/kaldi/egs/timit/s5_la5/fbank/raw_fbank_train.2.ark:9251096
mgag0_sx421 /nfs-share/xinchi/kaldi/egs/timit/s5_la5/fbank/raw_fbank_train.2.ark:11122287
fdjh0_si2195 /nfs-share/xinchi/kaldi/egs/timit/s5_la5/fbank/raw_fbank_train.1.ark:2702882
mlbc0_sx339 /nfs-share/xinchi/kaldi/egs/timit/s5_la5/fbank/raw_fbank_train.3.ark:7295282
mjlg1_sx112 /nfs-share/xinchi/kaldi/egs/timit/s5_la5/fbank/raw_fbank_train.3.ark:3717274
mgsh0_sx96 /nfs-share/xinchi/kaldi/egs/timit/s5_la5/fbank/raw_fbank_train.3.ark:685074
fdtd0_sx301 /nfs-share/xinchi/kaldi/egs/timit/s5_la5/fbank/raw_fbank_train.1.ark:3298901
mbwp0_sx79 /nfs-share/xinchi/kaldi/egs/timit/s5_la5/fbank/raw_fbank_train.2.ark:4381878
fdaw0_sx236 /nfs-share/xinchi/kaldi/egs/timit/s5_la5/fbank/raw_fbank_train.1.ark:2562410
mjeb1_sx27 /nfs-share/xinchi/kaldi/egs/timit/s5_la5/fbank/raw_fbank_train.3.ark:2752568
mtpg0_sx393 /nfs-share/xinchi/kaldi/egs/timit/s5_la5/fbank/raw_fbank_train.4.ark:9378658
fdas1_si1461 /nfs-share/xinchi/kaldi/egs/timit/s5_la5/fbank/raw_fbank_train.1.ark:2398811
mafm0_sx129 /nfs-share/xinchi/kaldi/egs/timit/s5_la5/fbank/raw_fbank_train.2.ark:2526391
mtjg0_si890 /nfs-share/xinchi/kaldi/egs/timit/s5_la5/fbank/raw_fbank_train.4.ark:8098793
mpgh0_sx114 /nfs-share/xinchi/kaldi/egs/timit/s5_la5/fbank/raw_fbank_train.3.ark:11055324
fdas1_sx111 /nfs-share/xinchi/kaldi/egs/timit/s5_la5/fbank/raw_fbank_train.1.ark:2448311
mstf0_si766 /nfs-share/xinchi/kaldi/egs/timit/s5_la5/fbank/raw_fbank_train.4.ark:6941965
fceg0_si618 /nfs-share/xinchi/kaldi/egs/timit/s5_la5/fbank/raw_fbank_train.1.ark:1580492
fajw0_si1893 /nfs-share/xinchi/kaldi/egs/timit/s5_la5/fbank/raw_fbank_train.1.ark:120592
fmkc0_sx352 /nfs-share/xinchi/kaldi/egs/timit/s5_la5/fbank/raw_fbank_train.1.ark:9200381
mpgr1_sx329 /nfs-share/xinchi/kaldi/egs/timit/s5_la5/fbank/raw_fbank_train.3.ark:11251521
mrvg0_sx240 /nfs-share/xinchi/kaldi/egs/timit/s5_la5/fbank/raw_fbank_train.4.ark:4893257
fexm0_sx291 /nfs-share/xinchi/kaldi/egs/timit/s5_la5/fbank/raw_fbank_train.1.ark:4132582
mtlb0_sx234 /nfs-share/xinchi/kaldi/egs/timit/s5_la5/fbank/raw_fbank_train.4.ark:8750849
mkam0_sx56 /nfs-share/xinchi/kaldi/egs/timit/s5_la5/fbank/raw_fbank_train.3.ark:6044461
mrfl0_si1786 /nfs-share/xinchi/kaldi/egs/timit/s5_la5/fbank/raw_fbank_train.4.ark:2157466
mrfk0_sx176 /nfs-share/xinchi/kaldi/egs/timit/s5_la5/fbank/raw_fbank_train.4.ark:2083707
flja0_si1078 /nfs-share/xinchi/kaldi/egs/timit/s5_la5/fbank/raw_fbank_train.1.ark:7609278
ftbr0_sx111 /nfs-share/xinchi/kaldi/egs/timit/s5_la5/fbank/raw_fbank_train.2.ark:1386050
mjrg0_sx286 /nfs-share/xinchi/kaldi/egs/timit/s5_la5/fbank/raw_fbank_train.3.ark:4584765
fsak0_sx220 /nfs-share/xinchi/kaldi/egs/timit/s5_la5/fbank/raw_fbank_train.1.ark:11149057
flmk0_sx135 /nfs-share/xinchi/kaldi/egs/timit/s5_la5/fbank/raw_fbank_train.1.ark:8271249
mprd0_sx351 /nfs-share/xinchi/kaldi/egs/timit/s5_la5/fbank/raw_fbank_train.4.ark:239695
mdrd0_sx392 /nfs-share/xinchi/kaldi/egs/timit/s5_la5/fbank/raw_fbank_train.2.ark:8883001
fpab1_sx391 /nfs-share/xinchi/kaldi/egs/timit/s5_la5/fbank/raw_fbank_train.1.ark:9867511
fdfb0_si1948 /nfs-share/xinchi/kaldi/egs/timit/s5_la5/fbank/raw_fbank_train.1.ark:2623816
msem1_sx270 /nfs-share/xinchi/kaldi/egs/timit/s5_la5/fbank/raw_fbank_train.4.ark:5961536
mpeb0_si1860 /nfs-share/xinchi/kaldi/egs/timit/s5_la5/fbank/raw_fbank_train.3.ark:10825569
mwre0_sx247 /nfs-share/xinchi/kaldi/egs/timit/s5_la5/fbank/raw_fbank_train.4.ark:11201800
mfrm0_sx345 /nfs-share/xinchi/kaldi/egs/timit/s5_la5/fbank/raw_fbank_train.2.ark:10644408
mmdm0_sx411 /nfs-share/xinchi/kaldi/egs/timit/s5_la5/fbank/raw_fbank_train.3.ark:8875371
fsbk0_sx259 /nfs-share/xinchi/kaldi/egs/timit/s5_la5/fbank/raw_fbank_train.1.ark:11243963
mnet0_sx366 /nfs-share/xinchi/kaldi/egs/timit/s5_la5/fbank/raw_fbank_train.3.ark:10593587
fkdw0_sx217 /nfs-share/xinchi/kaldi/egs/timit/s5_la5/fbank/raw_fbank_train.1.ark:6453348
msds0_si1077 /nfs-share/xinchi/kaldi/egs/timit/s5_la5/fbank/raw_fbank_train.4.ark:5763057
mddc0_sx339 /nfs-share/xinchi/kaldi/egs/timit/s5_la5/fbank/raw_fbank_train.2.ark:6650664
mrml0_sx251 /nfs-share/xinchi/kaldi/egs/timit/s5_la5/fbank/raw_fbank_train.4.ark:4043055
maeo0_sx156 /nfs-share/xinchi/kaldi/egs/timit/s5_la5/fbank/raw_fbank_train.2.ark:2440486
mpgr0_si2040 /nfs-share/xinchi/kaldi/egs/timit/s5_la5/fbank/raw_fbank_train.3.ark:11115323
feeh0_si1742 /nfs-share/xinchi/kaldi/egs/timit/s5_la5/fbank/raw_fbank_train.1.ark:3766015
fdfb0_sx238 /nfs-share/xinchi/kaldi/egs/timit/s5_la5/fbank/raw_fbank_train.1.ark:2648116
mtpp0_sx248 /nfs-share/xinchi/kaldi/egs/timit/s5_la5/fbank/raw_fbank_train.4.ark:9434945
mvlo0_sx67 /nfs-share/xinchi/kaldi/egs/timit/s5_la5/fbank/raw_fbank_train.4.ark:10384708
mtat0_sx300 /nfs-share/xinchi/kaldi/egs/timit/s5_la5/fbank/raw_fbank_train.4.ark:7431149
fsms1_sx334 /nfs-share/xinchi/kaldi/egs/timit/s5_la5/fbank/raw_fbank_train.2.ark:912511
mfxs0_si2225 /nfs-share/xinchi/kaldi/egs/timit/s5_la5/fbank/raw_fbank_train.2.ark:10785646
fvkb0_sx169 /nfs-share/xinchi/kaldi/egs/timit/s5_la5/fbank/raw_fbank_train.2.ark:1857215
mter0_sx167 /nfs-share/xinchi/kaldi/egs/timit/s5_la5/fbank/raw_fbank_train.4.ark:8022882
fcag0_si1503 /nfs-share/xinchi/kaldi/egs/timit/s5_la5/fbank/raw_fbank_train.1.ark:1257109
fmju0_sx399 /nfs-share/xinchi/kaldi/egs/timit/s5_la5/fbank/raw_fbank_train.1.ark:9128500
mlns0_sx327 /nfs-share/xinchi/kaldi/egs/timit/s5_la5/fbank/raw_fbank_train.3.ark:7721942
mhmg0_si1995 /nfs-share/xinchi/kaldi/egs/timit/s5_la5/fbank/raw_fbank_train.3.ark:1196064
fljg0_si981 /nfs-share/xinchi/kaldi/egs/timit/s5_la5/fbank/raw_fbank_train.1.ark:7838516
mrpc1_si2112 /nfs-share/xinchi/kaldi/egs/timit/s5_la5/fbank/raw_fbank_train.4.ark:4214361
mmgg0_sx179 /nfs-share/xinchi/kaldi/egs/timit/s5_la5/fbank/raw_fbank_train.3.ark:9386422
mcew0_sx272 /nfs-share/xinchi/kaldi/egs/timit/s5_la5/fbank/raw_fbank_train.2.ark:5069713
mdlc0_sx225 /nfs-share/xinchi/kaldi/egs/timit/s5_la5/fbank/raw_fbank_train.2.ark:7563297
mter0_sx437 /nfs-share/xinchi/kaldi/egs/timit/s5_la5/fbank/raw_fbank_train.4.ark:8056580
mgak0_si2296 /nfs-share/xinchi/kaldi/egs/timit/s5_la5/fbank/raw_fbank_train.2.ark:11173381
mtbc0_si1173 /nfs-share/xinchi/kaldi/egs/timit/s5_la5/fbank/raw_fbank_train.4.ark:7565721
fbmj0_si815 /nfs-share/xinchi/kaldi/egs/timit/s5_la5/fbank/raw_fbank_train.1.ark:1180311
ftlg0_si1743 /nfs-share/xinchi/kaldi/egs/timit/s5_la5/fbank/raw_fbank_train.2.ark:1535880
msah1_sx149 /nfs-share/xinchi/kaldi/egs/timit/s5_la5/fbank/raw_fbank_train.4.ark:5250245
mjhi0_sx428 /nfs-share/xinchi/kaldi/egs/timit/s5_la5/fbank/raw_fbank_train.3.ark:3146141
mkdb0_sx422 /nfs-share/xinchi/kaldi/egs/timit/s5_la5/fbank/raw_fbank_train.3.ark:6129293
mrmg0_sx180 /nfs-share/xinchi/kaldi/egs/timit/s5_la5/fbank/raw_fbank_train.4.ark:3825691
mrdd0_sx60 /nfs-share/xinchi/kaldi/egs/timit/s5_la5/fbank/raw_fbank_train.4.ark:1444982
mdas0_si1896 /nfs-share/xinchi/kaldi/egs/timit/s5_la5/fbank/raw_fbank_train.2.ark:6116729
mdpb0_si1760 /nfs-share/xinchi/kaldi/egs/timit/s5_la5/fbank/raw_fbank_train.2.ark:8500055
mwad0_sx432 /nfs-share/xinchi/kaldi/egs/timit/s5_la5/fbank/raw_fbank_train.4.ark:10657752
mkam0_sx416 /nfs-share/xinchi/kaldi/egs/timit/s5_la5/fbank/raw_fbank_train.3.ark:6033909
mcdr0_sx344 /nfs-share/xinchi/kaldi/egs/timit/s5_la5/fbank/raw_fbank_train.2.ark:4881216
mrre0_si704 /nfs-share/xinchi/kaldi/egs/timit/s5_la5/fbank/raw_fbank_train.4.ark:4298992
msem1_sx360 /nfs-share/xinchi/kaldi/egs/timit/s5_la5/fbank/raw_fbank_train.4.ark:5971649
mesj0_si2039 /nfs-share/xinchi/kaldi/egs/timit/s5_la5/fbank/raw_fbank_train.2.ark:10223743
mgrl0_si1497 /nfs-share/xinchi/kaldi/egs/timit/s5_la5/fbank/raw_fbank_train.3.ark:387795
mjrh1_si1774 /nfs-share/xinchi/kaldi/egs/timit/s5_la5/fbank/raw_fbank_train.3.ark:4747685
mrjt0_sx418 /nfs-share/xinchi/kaldi/egs/timit/s5_la5/fbank/raw_fbank_train.4.ark:3083630
fmkc0_sx262 /nfs-share/xinchi/kaldi/egs/timit/s5_la5/fbank/raw_fbank_train.1.ark:9188908
mjac0_sx307 /nfs-share/xinchi/kaldi/egs/timit/s5_la5/fbank/raw_fbank_train.3.ark:1719284
mfxs0_sx414 /nfs-share/xinchi/kaldi/egs/timit/s5_la5/fbank/raw_fbank_train.2.ark:10844052
frjb0_si1427 /nfs-share/xinchi/kaldi/egs/timit/s5_la5/fbank/raw_fbank_train.1.ark:10690344
mtrr0_sx18 /nfs-share/xinchi/kaldi/egs/timit/s5_la5/fbank/raw_fbank_train.4.ark:9859963
milb0_sx363 /nfs-share/xinchi/kaldi/egs/timit/s5_la5/fbank/raw_fbank_train.3.ark:1645365
mrlj0_sx160 /nfs-share/xinchi/kaldi/egs/timit/s5_la5/fbank/raw_fbank_train.4.ark:3362204
mjjj0_si1793 /nfs-share/xinchi/kaldi/egs/timit/s5_la5/fbank/raw_fbank_train.3.ark:3296307
mddc0_sx69 /nfs-share/xinchi/kaldi/egs/timit/s5_la5/fbank/raw_fbank_train.2.ark:6670689
fmjf0_si1884 /nfs-share/xinchi/kaldi/egs/timit/s5_la5/fbank/raw_fbank_train.1.ark:8939478
mtpp0_sx68 /nfs-share/xinchi/kaldi/egs/timit/s5_la5/fbank/raw_fbank_train.4.ark:9471083
mdef0_si2193 /nfs-share/xinchi/kaldi/egs/timit/s5_la5/fbank/raw_fbank_train.2.ark:6818696
mtpp0_sx428 /nfs-share/xinchi/kaldi/egs/timit/s5_la5/fbank/raw_fbank_train.4.ark:9457771
fbmh0_si1136 /nfs-share/xinchi/kaldi/egs/timit/s5_la5/fbank/raw_fbank_train.1.ark:1048380
mrlk0_si1468 /nfs-share/xinchi/kaldi/egs/timit/s5_la5/fbank/raw_fbank_train.4.ark:3501435
flja0_sx268 /nfs-share/xinchi/kaldi/egs/timit/s5_la5/fbank/raw_fbank_train.1.ark:7663372
mtjm0_sx236 /nfs-share/xinchi/kaldi/egs/timit/s5_la5/fbank/raw_fbank_train.4.ark:8238364
mmgc0_sx315 /nfs-share/xinchi/kaldi/egs/timit/s5_la5/fbank/raw_fbank_train.3.ark:9317142
mjfh0_sx387 /nfs-share/xinchi/kaldi/egs/timit/s5_la5/fbank/raw_fbank_train.3.ark:2953124
fmkc0_si1702 /nfs-share/xinchi/kaldi/egs/timit/s5_la5/fbank/raw_fbank_train.1.ark:9166682
mdss0_sx171 /nfs-share/xinchi/kaldi/egs/timit/s5_la5/fbank/raw_fbank_train.2.ark:9024840
fsbk0_sx79 /nfs-share/xinchi/kaldi/egs/timit/s5_la5/fbank/raw_fbank_train.1.ark:11293621
mrpc1_sx312 /nfs-share/xinchi/kaldi/egs/timit/s5_la5/fbank/raw_fbank_train.4.ark:4243660
mreh1_si969 /nfs-share/xinchi/kaldi/egs/timit/s5_la5/fbank/raw_fbank_train.4.ark:1772359
fjwb1_si2055 /nfs-share/xinchi/kaldi/egs/timit/s5_la5/fbank/raw_fbank_train.1.ark:5876770
mjjb0_sx329 /nfs-share/xinchi/kaldi/egs/timit/s5_la5/fbank/raw_fbank_train.3.ark:3235534
fbch0_si1586 /nfs-share/xinchi/kaldi/egs/timit/s5_la5/fbank/raw_fbank_train.1.ark:731665
mpgh0_sx204 /nfs-share/xinchi/kaldi/egs/timit/s5_la5/fbank/raw_fbank_train.3.ark:11064797
flmc0_sx292 /nfs-share/xinchi/kaldi/egs/timit/s5_la5/fbank/raw_fbank_train.1.ark:8189848
mdas0_si1266 /nfs-share/xinchi/kaldi/egs/timit/s5_la5/fbank/raw_fbank_train.2.ark:6106815
fsah0_sx74 /nfs-share/xinchi/kaldi/egs/timit/s5_la5/fbank/raw_fbank_train.1.ark:11091770
mtrt0_sx57 /nfs-share/xinchi/kaldi/egs/timit/s5_la5/fbank/raw_fbank_train.4.ark:9993007
fajw0_sx273 /nfs-share/xinchi/kaldi/egs/timit/s5_la5/fbank/raw_fbank_train.1.ark:163691
fgcs0_sx46 /nfs-share/xinchi/kaldi/egs/timit/s5_la5/fbank/raw_fbank_train.1.ark:4259073
mrew1_sx60 /nfs-share/xinchi/kaldi/egs/timit/s5_la5/fbank/raw_fbank_train.4.ark:2037012
msdh0_sx260 /nfs-share/xinchi/kaldi/egs/timit/s5_la5/fbank/raw_fbank_train.4.ark:5710525
mcth0_si579 /nfs-share/xinchi/kaldi/egs/timit/s5_la5/fbank/raw_fbank_train.2.ark:5735662
fmmh0_si907 /nfs-share/xinchi/kaldi/egs/timit/s5_la5/fbank/raw_fbank_train.1.ark:9374930
mstf0_sx316 /nfs-share/xinchi/kaldi/egs/timit/s5_la5/fbank/raw_fbank_train.4.ark:6996217
mrbc0_sx329 /nfs-share/xinchi/kaldi/egs/timit/s5_la5/fbank/raw_fbank_train.4.ark:1118241
mklr0_sx69 /nfs-share/xinchi/kaldi/egs/timit/s5_la5/fbank/raw_fbank_train.3.ark:6726115
fltm0_si1700 /nfs-share/xinchi/kaldi/egs/timit/s5_la5/fbank/raw_fbank_train.1.ark:8428314
fpad0_sx356 /nfs-share/xinchi/kaldi/egs/timit/s5_la5/fbank/raw_fbank_train.1.ark:10056256
mklw0_sx221 /nfs-share/xinchi/kaldi/egs/timit/s5_la5/fbank/raw_fbank_train.3.ark:6986334
mdwd0_si1890 /nfs-share/xinchi/kaldi/egs/timit/s5_la5/fbank/raw_fbank_train.2.ark:9268970
marc0_si1818 /nfs-share/xinchi/kaldi/egs/timit/s5_la5/fbank/raw_fbank_train.2.ark:2998412
mkah0_sx358 /nfs-share/xinchi/kaldi/egs/timit/s5_la5/fbank/raw_fbank_train.3.ark:5829345
fmju0_sx219 /nfs-share/xinchi/kaldi/egs/timit/s5_la5/fbank/raw_fbank_train.1.ark:9089842
fjrp1_si802 /nfs-share/xinchi/kaldi/egs/timit/s5_la5/fbank/raw_fbank_train.1.ark:5584721
makb0_sx296 /nfs-share/xinchi/kaldi/egs/timit/s5_la5/fbank/raw_fbank_train.2.ark:2789221
mmgg0_si1079 /nfs-share/xinchi/kaldi/egs/timit/s5_la5/fbank/raw_fbank_train.3.ark:9349521
fsdc0_sx52 /nfs-share/xinchi/kaldi/egs/timit/s5_la5/fbank/raw_fbank_train.1.ark:11507031
mrhl0_si2145 /nfs-share/xinchi/kaldi/egs/timit/s5_la5/fbank/raw_fbank_train.4.ark:2486779
mjws0_si513 /nfs-share/xinchi/kaldi/egs/timit/s5_la5/fbank/raw_fbank_train.3.ark:5268402
mmws0_si559 /nfs-share/xinchi/kaldi/egs/timit/s5_la5/fbank/raw_fbank_train.3.ark:10283741
fdas1_si2091 /nfs-share/xinchi/kaldi/egs/timit/s5_la5/fbank/raw_fbank_train.1.ark:2418765
fpaf0_si2314 /nfs-share/xinchi/kaldi/egs/timit/s5_la5/fbank/raw_fbank_train.1.ark:10126943
fbcg1_sx262 /nfs-share/xinchi/kaldi/egs/timit/s5_la5/fbank/raw_fbank_train.1.ark:678173
mrwa0_si1603 /nfs-share/xinchi/kaldi/egs/timit/s5_la5/fbank/raw_fbank_train.4.ark:4941029
fvmh0_sx386 /nfs-share/xinchi/kaldi/egs/timit/s5_la5/fbank/raw_fbank_train.2.ark:2011731
fsbk0_si2329 /nfs-share/xinchi/kaldi/egs/timit/s5_la5/fbank/raw_fbank_train.1.ark:11222177
mklr0_si1689 /nfs-share/xinchi/kaldi/egs/timit/s5_la5/fbank/raw_fbank_train.3.ark:6666317
mjls0_sx286 /nfs-share/xinchi/kaldi/egs/timit/s5_la5/fbank/raw_fbank_train.3.ark:3844277
mjjm0_sx287 /nfs-share/xinchi/kaldi/egs/timit/s5_la5/fbank/raw_fbank_train.3.ark:3460656
mwar0_sx325 /nfs-share/xinchi/kaldi/egs/timit/s5_la5/fbank/raw_fbank_train.4.ark:10740145
mrab0_sx144 /nfs-share/xinchi/kaldi/egs/timit/s5_la5/fbank/raw_fbank_train.4.ark:600768
mstf0_sx226 /nfs-share/xinchi/kaldi/egs/timit/s5_la5/fbank/raw_fbank_train.4.ark:6984424
mrre0_si1334 /nfs-share/xinchi/kaldi/egs/timit/s5_la5/fbank/raw_fbank_train.4.ark:4277999
mdlb0_sx136 /nfs-share/xinchi/kaldi/egs/timit/s5_la5/fbank/raw_fbank_train.2.ark:7428439
mdlr1_si1299 /nfs-share/xinchi/kaldi/egs/timit/s5_la5/fbank/raw_fbank_train.2.ark:8088394
mjrh0_sx135 /nfs-share/xinchi/kaldi/egs/timit/s5_la5/fbank/raw_fbank_train.3.ark:4671486
fsjs0_si1801 /nfs-share/xinchi/kaldi/egs/timit/s5_la5/fbank/raw_fbank_train.2.ark:52378
fnkl0_sx262 /nfs-share/xinchi/kaldi/egs/timit/s5_la5/fbank/raw_fbank_train.1.ark:9632677
mjrp0_sx405 /nfs-share/xinchi/kaldi/egs/timit/s5_la5/fbank/raw_fbank_train.3.ark:4985900
mefg0_sx285 /nfs-share/xinchi/kaldi/egs/timit/s5_la5/fbank/raw_fbank_train.2.ark:9803858
mdbb1_sx16 /nfs-share/xinchi/kaldi/egs/timit/s5_la5/fbank/raw_fbank_train.2.ark:6245690
msmc0_sx377 /nfs-share/xinchi/kaldi/egs/timit/s5_la5/fbank/raw_fbank_train.4.ark:6526999
mcth0_sx399 /nfs-share/xinchi/kaldi/egs/timit/s5_la5/fbank/raw_fbank_train.2.ark:5799346
mgar0_si1842 /nfs-share/xinchi/kaldi/egs/timit/s5_la5/fbank/raw_fbank_train.3.ark:24161
mrtc0_si828 /nfs-share/xinchi/kaldi/egs/timit/s5_la5/fbank/raw_fbank_train.4.ark:4654141
mhrm0_sx418 /nfs-share/xinchi/kaldi/egs/timit/s5_la5/fbank/raw_fbank_train.3.ark:1443159
mdlc0_sx315 /nfs-share/xinchi/kaldi/egs/timit/s5_la5/fbank/raw_fbank_train.2.ark:7573010
mdns0_sx111 /nfs-share/xinchi/kaldi/egs/timit/s5_la5/fbank/raw_fbank_train.2.ark:8449450
mtjs0_si562 /nfs-share/xinchi/kaldi/egs/timit/s5_la5/fbank/raw_fbank_train.4.ark:8314123
mdrd0_sx302 /nfs-share/xinchi/kaldi/egs/timit/s5_la5/fbank/raw_fbank_train.2.ark:8858136
fvmh0_sx116 /nfs-share/xinchi/kaldi/egs/timit/s5_la5/fbank/raw_fbank_train.2.ark:1973240
fltm0_si1070 /nfs-share/xinchi/kaldi/egs/timit/s5_la5/fbank/raw_fbank_train.1.ark:8419600
flkm0_sx116 /nfs-share/xinchi/kaldi/egs/timit/s5_la5/fbank/raw_fbank_train.1.ark:7975013
flac0_sx91 /nfs-share/xinchi/kaldi/egs/timit/s5_la5/fbank/raw_fbank_train.1.ark:7197662
mjsr0_sx164 /nfs-share/xinchi/kaldi/egs/timit/s5_la5/fbank/raw_fbank_train.3.ark:5063586
fjlr0_sx151 /nfs-share/xinchi/kaldi/egs/timit/s5_la5/fbank/raw_fbank_train.1.ark:5387944
fleh0_si1051 /nfs-share/xinchi/kaldi/egs/timit/s5_la5/fbank/raw_fbank_train.1.ark:7321801
mpar0_sx406 /nfs-share/xinchi/kaldi/egs/timit/s5_la5/fbank/raw_fbank_train.3.ark:10799109
mtpp0_si2138 /nfs-share/xinchi/kaldi/egs/timit/s5_la5/fbank/raw_fbank_train.4.ark:9405806
mkrg0_sx231 /nfs-share/xinchi/kaldi/egs/timit/s5_la5/fbank/raw_fbank_train.3.ark:7105399
mlbc0_sx159 /nfs-share/xinchi/kaldi/egs/timit/s5_la5/fbank/raw_fbank_train.3.ark:7274056
mctm0_sx180 /nfs-share/xinchi/kaldi/egs/timit/s5_la5/fbank/raw_fbank_train.2.ark:5852160
fpaf0_si1054 /nfs-share/xinchi/kaldi/egs/timit/s5_la5/fbank/raw_fbank_train.1.ark:10092195
mwgr0_si1606 /nfs-share/xinchi/kaldi/egs/timit/s5_la5/fbank/raw_fbank_train.4.ark:11059921
fjdm2_si1582 /nfs-share/xinchi/kaldi/egs/timit/s5_la5/fbank/raw_fbank_train.1.ark:4839235
fcag0_sx423 /nfs-share/xinchi/kaldi/egs/timit/s5_la5/fbank/raw_fbank_train.1.ark:1321949
mpfu0_si628 /nfs-share/xinchi/kaldi/egs/timit/s5_la5/fbank/raw_fbank_train.3.ark:10935707
msvs0_si2198 /nfs-share/xinchi/kaldi/egs/timit/s5_la5/fbank/raw_fbank_train.4.ark:7045790
mjrg0_sx352 /nfs-share/xinchi/kaldi/egs/timit/s5_la5/fbank/raw_fbank_train.3.ark:4600078
mrtc0_sx288 /nfs-share/xinchi/kaldi/egs/timit/s5_la5/fbank/raw_fbank_train.4.ark:4701272
fgrw0_sx72 /nfs-share/xinchi/kaldi/egs/timit/s5_la5/fbank/raw_fbank_train.1.ark:4604709
mrjb1_sx120 /nfs-share/xinchi/kaldi/egs/timit/s5_la5/fbank/raw_fbank_train.4.ark:2627471
mmsm0_si1106 /nfs-share/xinchi/kaldi/egs/timit/s5_la5/fbank/raw_fbank_train.3.ark:9919472
fssb0_sx272 /nfs-share/xinchi/kaldi/egs/timit/s5_la5/fbank/raw_fbank_train.2.ark:1205394
maeb0_si1411 /nfs-share/xinchi/kaldi/egs/timit/s5_la5/fbank/raw_fbank_train.2.ark:2307200
madc0_sx287 /nfs-share/xinchi/kaldi/egs/timit/s5_la5/fbank/raw_fbank_train.2.ark:2184748
fjrb0_si672 /nfs-share/xinchi/kaldi/egs/timit/s5_la5/fbank/raw_fbank_train.1.ark:5476736
mlbc0_sx249 /nfs-share/xinchi/kaldi/egs/timit/s5_la5/fbank/raw_fbank_train.3.ark:7285449
ftmg0_sx272 /nfs-share/xinchi/kaldi/egs/timit/s5_la5/fbank/raw_fbank_train.2.ark:1688637
mdlr0_sx63 /nfs-share/xinchi/kaldi/egs/timit/s5_la5/fbank/raw_fbank_train.2.ark:8077400
mrvg0_si1140 /nfs-share/xinchi/kaldi/egs/timit/s5_la5/fbank/raw_fbank_train.4.ark:4854044
mrjb1_sx390 /nfs-share/xinchi/kaldi/egs/timit/s5_la5/fbank/raw_fbank_train.4.ark:2673962
mdss1_sx427 /nfs-share/xinchi/kaldi/egs/timit/s5_la5/fbank/raw_fbank_train.2.ark:9145604
mdlr1_sx39 /nfs-share/xinchi/kaldi/egs/timit/s5_la5/fbank/raw_fbank_train.2.ark:8170312
mjbg0_si1724 /nfs-share/xinchi/kaldi/egs/timit/s5_la5/fbank/raw_fbank_train.3.ark:1980860
mmdg0_sx430 /nfs-share/xinchi/kaldi/egs/timit/s5_la5/fbank/raw_fbank_train.3.ark:8780586
fmmh0_si2167 /nfs-share/xinchi/kaldi/egs/timit/s5_la5/fbank/raw_fbank_train.1.ark:9361097
mjxl0_si1795 /nfs-share/xinchi/kaldi/egs/timit/s5_la5/fbank/raw_fbank_train.3.ark:5576324
mdas0_sx21 /nfs-share/xinchi/kaldi/egs/timit/s5_la5/fbank/raw_fbank_train.2.ark:6159267
fpmy0_si523 /nfs-share/xinchi/kaldi/egs/timit/s5_la5/fbank/raw_fbank_train.1.ark:10517281
meal0_sx107 /nfs-share/xinchi/kaldi/egs/timit/s5_la5/fbank/raw_fbank_train.2.ark:9587231
fdxw0_sx71 /nfs-share/xinchi/kaldi/egs/timit/s5_la5/fbank/raw_fbank_train.1.ark:3421512
mprd0_si2061 /nfs-share/xinchi/kaldi/egs/timit/s5_la5/fbank/raw_fbank_train.4.ark:181283
mwch0_sx362 /nfs-share/xinchi/kaldi/egs/timit/s5_la5/fbank/raw_fbank_train.4.ark:10820091
mded0_si1170 /nfs-share/xinchi/kaldi/egs/timit/s5_la5/fbank/raw_fbank_train.2.ark:6681163
mvlo0_si1147 /nfs-share/xinchi/kaldi/egs/timit/s5_la5/fbank/raw_fbank_train.4.ark:10299517
fjsk0_sx422 /nfs-share/xinchi/kaldi/egs/timit/s5_la5/fbank/raw_fbank_train.1.ark:5753039
mbwp0_sx259 /nfs-share/xinchi/kaldi/egs/timit/s5_la5/fbank/raw_fbank_train.2.ark:4335260
flod0_si1917 /nfs-share/xinchi/kaldi/egs/timit/s5_la5/fbank/raw_fbank_train.1.ark:8344568
fmjb0_si1177 /nfs-share/xinchi/kaldi/egs/timit/s5_la5/fbank/raw_fbank_train.1.ark:8828981
msrr0_sx411 /nfs-share/xinchi/kaldi/egs/timit/s5_la5/fbank/raw_fbank_train.4.ark:6903506
mrdm0_sx245 /nfs-share/xinchi/kaldi/egs/timit/s5_la5/fbank/raw_fbank_train.4.ark:1510909
mprk0_si1727 /nfs-share/xinchi/kaldi/egs/timit/s5_la5/fbank/raw_fbank_train.4.ark:301348
fpaz0_si1593 /nfs-share/xinchi/kaldi/egs/timit/s5_la5/fbank/raw_fbank_train.1.ark:10195221
msmc0_sx107 /nfs-share/xinchi/kaldi/egs/timit/s5_la5/fbank/raw_fbank_train.4.ark:6480548
mrtc0_sx18 /nfs-share/xinchi/kaldi/egs/timit/s5_la5/fbank/raw_fbank_train.4.ark:4678086
fmjf0_sx84 /nfs-share/xinchi/kaldi/egs/timit/s5_la5/fbank/raw_fbank_train.1.ark:9018915
fmbg0_si2264 /nfs-share/xinchi/kaldi/egs/timit/s5_la5/fbank/raw_fbank_train.1.ark:8649479
mprk0_sx287 /nfs-share/xinchi/kaldi/egs/timit/s5_la5/fbank/raw_fbank_train.4.ark:366032
mesj0_sx97 /nfs-share/xinchi/kaldi/egs/timit/s5_la5/fbank/raw_fbank_train.2.ark:10301932
mpsw0_si2327 /nfs-share/xinchi/kaldi/egs/timit/s5_la5/fbank/raw_fbank_train.4.ark:505351
mjda0_sx131 /nfs-share/xinchi/kaldi/egs/timit/s5_la5/fbank/raw_fbank_train.3.ark:2096233
mbsb0_sx273 /nfs-share/xinchi/kaldi/egs/timit/s5_la5/fbank/raw_fbank_train.2.ark:4156493
mejl0_sx422 /nfs-share/xinchi/kaldi/egs/timit/s5_la5/fbank/raw_fbank_train.2.ark:10004987
fjrb0_sx42 /nfs-share/xinchi/kaldi/egs/timit/s5_la5/fbank/raw_fbank_train.1.ark:5540180
mcdc0_sx122 /nfs-share/xinchi/kaldi/egs/timit/s5_la5/fbank/raw_fbank_train.2.ark:4651980
mrfl0_sx166 /nfs-share/xinchi/kaldi/egs/timit/s5_la5/fbank/raw_fbank_train.4.ark:2183012
mapv0_sx303 /nfs-share/xinchi/kaldi/egs/timit/s5_la5/fbank/raw_fbank_train.2.ark:2961759
fleh0_si1681 /nfs-share/xinchi/kaldi/egs/timit/s5_la5/fbank/raw_fbank_train.1.ark:7339235
falk0_sx366 /nfs-share/xinchi/kaldi/egs/timit/s5_la5/fbank/raw_fbank_train.1.ark:273466
mesj0_sx277 /nfs-share/xinchi/kaldi/egs/timit/s5_la5/fbank/raw_fbank_train.2.ark:10273516
mjws0_si1143 /nfs-share/xinchi/kaldi/egs/timit/s5_la5/fbank/raw_fbank_train.3.ark:5246855
mwch0_sx182 /nfs-share/xinchi/kaldi/egs/timit/s5_la5/fbank/raw_fbank_train.4.ark:10802985
mmjb1_sx418 /nfs-share/xinchi/kaldi/egs/timit/s5_la5/fbank/raw_fbank_train.3.ark:9600251
mrcg0_sx438 /nfs-share/xinchi/kaldi/egs/timit/s5_la5/fbank/raw_fbank_train.4.ark:1242659
msvs0_sx218 /nfs-share/xinchi/kaldi/egs/timit/s5_la5/fbank/raw_fbank_train.4.ark:7098849
fcdr1_si1816 /nfs-share/xinchi/kaldi/egs/timit/s5_la5/fbank/raw_fbank_train.1.ark:1456074
fgdp0_si2248 /nfs-share/xinchi/kaldi/egs/timit/s5_la5/fbank/raw_fbank_train.1.ark:4277341
fcjf0_sx217 /nfs-share/xinchi/kaldi/egs/timit/s5_la5/fbank/raw_fbank_train.1.ark:1689503
mwsb0_sx6 /nfs-share/xinchi/kaldi/egs/timit/s5_la5/fbank/raw_fbank_train.4.ark:11422033
mjlb0_sx176 /nfs-share/xinchi/kaldi/egs/timit/s5_la5/fbank/raw_fbank_train.3.ark:3623368
mges0_sx311 /nfs-share/xinchi/kaldi/egs/timit/s5_la5/fbank/raw_fbank_train.3.ark:236510
fcmm0_si453 /nfs-share/xinchi/kaldi/egs/timit/s5_la5/fbank/raw_fbank_train.1.ark:2135483
freh0_si685 /nfs-share/xinchi/kaldi/egs/timit/s5_la5/fbank/raw_fbank_train.1.ark:10632786
mtpg0_si1383 /nfs-share/xinchi/kaldi/egs/timit/s5_la5/fbank/raw_fbank_train.4.ark:9298307
mrws0_si472 /nfs-share/xinchi/kaldi/egs/timit/s5_la5/fbank/raw_fbank_train.4.ark:5060801
mjkr0_si1201 /nfs-share/xinchi/kaldi/egs/timit/s5_la5/fbank/raw_fbank_train.3.ark:3485123
mjjm0_si827 /nfs-share/xinchi/kaldi/egs/timit/s5_la5/fbank/raw_fbank_train.3.ark:3419405
mmds0_sx173 /nfs-share/xinchi/kaldi/egs/timit/s5_la5/fbank/raw_fbank_train.3.ark:9031962
mwar0_si2305 /nfs-share/xinchi/kaldi/egs/timit/s5_la5/fbank/raw_fbank_train.4.ark:10708166
mmea0_sx398 /nfs-share/xinchi/kaldi/egs/timit/s5_la5/fbank/raw_fbank_train.3.ark:9156238
fjwb1_sx435 /nfs-share/xinchi/kaldi/egs/timit/s5_la5/fbank/raw_fbank_train.1.ark:5946968
mnet0_sx96 /nfs-share/xinchi/kaldi/egs/timit/s5_la5/fbank/raw_fbank_train.3.ark:10616170
mlsh0_sx427 /nfs-share/xinchi/kaldi/egs/timit/s5_la5/fbank/raw_fbank_train.3.ark:7840840
madd0_sx178 /nfs-share/xinchi/kaldi/egs/timit/s5_la5/fbank/raw_fbank_train.2.ark:2243915
mrfk0_si1706 /nfs-share/xinchi/kaldi/egs/timit/s5_la5/fbank/raw_fbank_train.4.ark:2068640
mbcg0_si486 /nfs-share/xinchi/kaldi/egs/timit/s5_la5/fbank/raw_fbank_train.2.ark:3376992
mjhi0_sx248 /nfs-share/xinchi/kaldi/egs/timit/s5_la5/fbank/raw_fbank_train.3.ark:3124155
fcyl0_sx37 /nfs-share/xinchi/kaldi/egs/timit/s5_la5/fbank/raw_fbank_train.1.ark:2375024
falr0_sx335 /nfs-share/xinchi/kaldi/egs/timit/s5_la5/fbank/raw_fbank_train.1.ark:369049
fbch0_sx146 /nfs-share/xinchi/kaldi/egs/timit/s5_la5/fbank/raw_fbank_train.1.ark:778004
mpar0_si946 /nfs-share/xinchi/kaldi/egs/timit/s5_la5/fbank/raw_fbank_train.3.ark:10756017
fcjs0_si1607 /nfs-share/xinchi/kaldi/egs/timit/s5_la5/fbank/raw_fbank_train.1.ark:1722195
mjai0_sx74 /nfs-share/xinchi/kaldi/egs/timit/s5_la5/fbank/raw_fbank_train.3.ark:1957352
mpgr0_sx150 /nfs-share/xinchi/kaldi/egs/timit/s5_la5/fbank/raw_fbank_train.3.ark:11131909
mdss1_si1327 /nfs-share/xinchi/kaldi/egs/timit/s5_la5/fbank/raw_fbank_train.2.ark:9076685
fsma0_si991 /nfs-share/xinchi/kaldi/egs/timit/s5_la5/fbank/raw_fbank_train.2.ark:659122
mmab1_si1494 /nfs-share/xinchi/kaldi/egs/timit/s5_la5/fbank/raw_fbank_train.3.ark:7970971
fksr0_sx397 /nfs-share/xinchi/kaldi/egs/timit/s5_la5/fbank/raw_fbank_train.1.ark:7104477
mhxl0_sx422 /nfs-share/xinchi/kaldi/egs/timit/s5_la5/fbank/raw_fbank_train.3.ark:1546903
mjde0_sx400 /nfs-share/xinchi/kaldi/egs/timit/s5_la5/fbank/raw_fbank_train.3.ark:2363133
flmc0_sx382 /nfs-share/xinchi/kaldi/egs/timit/s5_la5/fbank/raw_fbank_train.1.ark:8219994
mmab1_sx234 /nfs-share/xinchi/kaldi/egs/timit/s5_la5/fbank/raw_fbank_train.3.ark:8019144
mjxa0_sx67 /nfs-share/xinchi/kaldi/egs/timit/s5_la5/fbank/raw_fbank_train.3.ark:5544176
fvmh0_sx296 /nfs-share/xinchi/kaldi/egs/timit/s5_la5/fbank/raw_fbank_train.2.ark:2002378
mcew0_sx182 /nfs-share/xinchi/kaldi/egs/timit/s5_la5/fbank/raw_fbank_train.2.ark:5058000
fjdm2_sx232 /nfs-share/xinchi/kaldi/egs/timit/s5_la5/fbank/raw_fbank_train.1.ark:4892729
mewm0_sx88 /nfs-share/xinchi/kaldi/egs/timit/s5_la5/fbank/raw_fbank_train.2.ark:10383237
msfh0_si586 /nfs-share/xinchi/kaldi/egs/timit/s5_la5/fbank/raw_fbank_train.4.ark:6136481
fgcs0_sx316 /nfs-share/xinchi/kaldi/egs/timit/s5_la5/fbank/raw_fbank_train.1.ark:4236488
mtmn0_sx254 /nfs-share/xinchi/kaldi/egs/timit/s5_la5/fbank/raw_fbank_train.4.ark:9067365
msat1_si2333 /nfs-share/xinchi/kaldi/egs/timit/s5_la5/fbank/raw_fbank_train.4.ark:5520288
mkdt0_sx353 /nfs-share/xinchi/kaldi/egs/timit/s5_la5/fbank/raw_fbank_train.3.ark:6319949
mrdm0_sx425 /nfs-share/xinchi/kaldi/egs/timit/s5_la5/fbank/raw_fbank_train.4.ark:1539615
mclm0_si826 /nfs-share/xinchi/kaldi/egs/timit/s5_la5/fbank/raw_fbank_train.2.ark:5358803
mjls0_sx376 /nfs-share/xinchi/kaldi/egs/timit/s5_la5/fbank/raw_fbank_train.3.ark:3860150
mkah0_sx88 /nfs-share/xinchi/kaldi/egs/timit/s5_la5/fbank/raw_fbank_train.3.ark:5851650
mwac0_sx431 /nfs-share/xinchi/kaldi/egs/timit/s5_la5/fbank/raw_fbank_train.4.ark:10574126
fdmy0_sx207 /nfs-share/xinchi/kaldi/egs/timit/s5_la5/fbank/raw_fbank_train.1.ark:3068337
mwgr0_sx256 /nfs-share/xinchi/kaldi/egs/timit/s5_la5/fbank/raw_fbank_train.4.ark:11111054
mtml0_sx75 /nfs-share/xinchi/kaldi/egs/timit/s5_la5/fbank/raw_fbank_train.4.ark:8988198
mtmn0_sx164 /nfs-share/xinchi/kaldi/egs/timit/s5_la5/fbank/raw_fbank_train.4.ark:9052892
flag0_sx114 /nfs-share/xinchi/kaldi/egs/timit/s5_la5/fbank/raw_fbank_train.1.ark:7256596
mtat1_sx239 /nfs-share/xinchi/kaldi/egs/timit/s5_la5/fbank/raw_fbank_train.4.ark:7507629
fnkl0_sx196 /nfs-share/xinchi/kaldi/egs/timit/s5_la5/fbank/raw_fbank_train.1.ark:9625124
mtjs0_sx292 /nfs-share/xinchi/kaldi/egs/timit/s5_la5/fbank/raw_fbank_train.4.ark:8365414
mrjm0_sx58 /nfs-share/xinchi/kaldi/egs/timit/s5_la5/fbank/raw_fbank_train.4.ark:2894092
mrlj0_si790 /nfs-share/xinchi/kaldi/egs/timit/s5_la5/fbank/raw_fbank_train.4.ark:3345411
mtxs0_sx340 /nfs-share/xinchi/kaldi/egs/timit/s5_la5/fbank/raw_fbank_train.4.ark:10164473
mwre0_sx427 /nfs-share/xinchi/kaldi/egs/timit/s5_la5/fbank/raw_fbank_train.4.ark:11229826
flmc0_sx22 /nfs-share/xinchi/kaldi/egs/timit/s5_la5/fbank/raw_fbank_train.1.ark:8179935
fmkf0_si1018 /nfs-share/xinchi/kaldi/egs/timit/s5_la5/fbank/raw_fbank_train.1.ark:9241000
mjsr0_si2054 /nfs-share/xinchi/kaldi/egs/timit/s5_la5/fbank/raw_fbank_train.3.ark:5022080
mtpf0_sx425 /nfs-share/xinchi/kaldi/egs/timit/s5_la5/fbank/raw_fbank_train.4.ark:9283321
fjsk0_sx152 /nfs-share/xinchi/kaldi/egs/timit/s5_la5/fbank/raw_fbank_train.1.ark:5714700
mfwk0_si1249 /nfs-share/xinchi/kaldi/egs/timit/s5_la5/fbank/raw_fbank_train.2.ark:10679387
mcae0_sx7 /nfs-share/xinchi/kaldi/egs/timit/s5_la5/fbank/raw_fbank_train.2.ark:4495749
mmwb0_sx89 /nfs-share/xinchi/kaldi/egs/timit/s5_la5/fbank/raw_fbank_train.3.ark:10257954
mram0_si1951 /nfs-share/xinchi/kaldi/egs/timit/s5_la5/fbank/raw_fbank_train.4.ark:896611
mmcc0_si1338 /nfs-share/xinchi/kaldi/egs/timit/s5_la5/fbank/raw_fbank_train.3.ark:8509457
msdh0_sx440 /nfs-share/xinchi/kaldi/egs/timit/s5_la5/fbank/raw_fbank_train.4.ark:5739031
mjeb1_si2097 /nfs-share/xinchi/kaldi/egs/timit/s5_la5/fbank/raw_fbank_train.3.ark:2698197
mjbg0_sx422 /nfs-share/xinchi/kaldi/egs/timit/s5_la5/fbank/raw_fbank_train.3.ark:2040626
mjjj0_si533 /nfs-share/xinchi/kaldi/egs/timit/s5_la5/fbank/raw_fbank_train.3.ark:3306060
mdmt0_si2341 /nfs-share/xinchi/kaldi/egs/timit/s5_la5/fbank/raw_fbank_train.2.ark:8316679
mmlm0_sx267 /nfs-share/xinchi/kaldi/egs/timit/s5_la5/fbank/raw_fbank_train.3.ark:9669130
fcrz0_si1913 /nfs-share/xinchi/kaldi/egs/timit/s5_la5/fbank/raw_fbank_train.1.ark:2201841
mmdb0_sx447 /nfs-share/xinchi/kaldi/egs/timit/s5_la5/fbank/raw_fbank_train.3.ark:8678281
mdbp0_si528 /nfs-share/xinchi/kaldi/egs/timit/s5_la5/fbank/raw_fbank_train.2.ark:6310450
mmaa0_sx395 /nfs-share/xinchi/kaldi/egs/timit/s5_la5/fbank/raw_fbank_train.3.ark:7958737
mdlr0_sx153 /nfs-share/xinchi/kaldi/egs/timit/s5_la5/fbank/raw_fbank_train.2.ark:8018749
fmah1_sx429 /nfs-share/xinchi/kaldi/egs/timit/s5_la5/fbank/raw_fbank_train.1.ark:8595705
fmju0_si2019 /nfs-share/xinchi/kaldi/egs/timit/s5_la5/fbank/raw_fbank_train.1.ark:9055103
mbar0_sx419 /nfs-share/xinchi/kaldi/egs/timit/s5_la5/fbank/raw_fbank_train.2.ark:3253107
mtat1_si779 /nfs-share/xinchi/kaldi/egs/timit/s5_la5/fbank/raw_fbank_train.4.ark:7472203
mrjt0_si868 /nfs-share/xinchi/kaldi/egs/timit/s5_la5/fbank/raw_fbank_train.4.ark:3029778
megj0_si1967 /nfs-share/xinchi/kaldi/egs/timit/s5_la5/fbank/raw_fbank_train.2.ark:9854319
fgmb0_sx245 /nfs-share/xinchi/kaldi/egs/timit/s5_la5/fbank/raw_fbank_train.1.ark:4444585
mjbg0_si1862 /nfs-share/xinchi/kaldi/egs/timit/s5_la5/fbank/raw_fbank_train.3.ark:1987854
fpmy0_sx163 /nfs-share/xinchi/kaldi/egs/timit/s5_la5/fbank/raw_fbank_train.1.ark:10541914
fpaf0_sx154 /nfs-share/xinchi/kaldi/egs/timit/s5_la5/fbank/raw_fbank_train.1.ark:10134736
fcag0_sx153 /nfs-share/xinchi/kaldi/egs/timit/s5_la5/fbank/raw_fbank_train.1.ark:1281410
falr0_sx65 /nfs-share/xinchi/kaldi/egs/timit/s5_la5/fbank/raw_fbank_train.1.ark:393554
mbth0_sx212 /nfs-share/xinchi/kaldi/egs/timit/s5_la5/fbank/raw_fbank_train.2.ark:4242235
fcjs0_si2237 /nfs-share/xinchi/kaldi/egs/timit/s5_la5/fbank/raw_fbank_train.1.ark:1729509
mmcc0_sx168 /nfs-share/xinchi/kaldi/egs/timit/s5_la5/fbank/raw_fbank_train.3.ark:8550157
mkls1_sx375 /nfs-share/xinchi/kaldi/egs/timit/s5_la5/fbank/raw_fbank_train.3.ark:6927486
mjfh0_sx207 /nfs-share/xinchi/kaldi/egs/timit/s5_la5/fbank/raw_fbank_train.3.ark:2930226
mgxp0_sx187 /nfs-share/xinchi/kaldi/egs/timit/s5_la5/fbank/raw_fbank_train.3.ark:858151
mrws0_sx22 /nfs-share/xinchi/kaldi/egs/timit/s5_la5/fbank/raw_fbank_train.4.ark:5089259
mvrw0_si1485 /nfs-share/xinchi/kaldi/egs/timit/s5_la5/fbank/raw_fbank_train.4.ark:10400422
mdps0_si1651 /nfs-share/xinchi/kaldi/egs/timit/s5_la5/fbank/raw_fbank_train.2.ark:8693945
megj0_sx77 /nfs-share/xinchi/kaldi/egs/timit/s5_la5/fbank/raw_fbank_train.2.ark:9927674
mrlr0_sx206 /nfs-share/xinchi/kaldi/egs/timit/s5_la5/fbank/raw_fbank_train.4.ark:3651353
fdaw0_si2036 /nfs-share/xinchi/kaldi/egs/timit/s5_la5/fbank/raw_fbank_train.1.ark:2532184
msat0_si1526 /nfs-share/xinchi/kaldi/egs/timit/s5_la5/fbank/raw_fbank_train.4.ark:5419035
mwre0_sx67 /nfs-share/xinchi/kaldi/egs/timit/s5_la5/fbank/raw_fbank_train.4.ark:11238058
mbsb0_si1983 /nfs-share/xinchi/kaldi/egs/timit/s5_la5/fbank/raw_fbank_train.2.ark:4127834
fcke0_sx121 /nfs-share/xinchi/kaldi/egs/timit/s5_la5/fbank/raw_fbank_train.1.ark:1857040
fcmg0_sx162 /nfs-share/xinchi/kaldi/egs/timit/s5_la5/fbank/raw_fbank_train.1.ark:2042571
mmgg0_sx89 /nfs-share/xinchi/kaldi/egs/timit/s5_la5/fbank/raw_fbank_train.3.ark:9438753
mree0_si1734 /nfs-share/xinchi/kaldi/egs/timit/s5_la5/fbank/raw_fbank_train.4.ark:1662660
fskl0_si2159 /nfs-share/xinchi/kaldi/egs/timit/s5_la5/fbank/raw_fbank_train.2.ark:359093
mkah0_sx268 /nfs-share/xinchi/kaldi/egs/timit/s5_la5/fbank/raw_fbank_train.3.ark:5816112
mjma0_sx55 /nfs-share/xinchi/kaldi/egs/timit/s5_la5/fbank/raw_fbank_train.3.ark:3954015
mprb0_sx215 /nfs-share/xinchi/kaldi/egs/timit/s5_la5/fbank/raw_fbank_train.4.ark:111357
mtlc0_si847 /nfs-share/xinchi/kaldi/egs/timit/s5_la5/fbank/raw_fbank_train.4.ark:8840968
mrsp0_sx196 /nfs-share/xinchi/kaldi/egs/timit/s5_la5/fbank/raw_fbank_train.4.ark:4574782
mfxv0_si1635 /nfs-share/xinchi/kaldi/egs/timit/s5_la5/fbank/raw_fbank_train.2.ark:10905066
mcae0_si817 /nfs-share/xinchi/kaldi/egs/timit/s5_la5/fbank/raw_fbank_train.2.ark:4440259
mkdt0_si2153 /nfs-share/xinchi/kaldi/egs/timit/s5_la5/fbank/raw_fbank_train.3.ark:6254184
fmkc0_si1041 /nfs-share/xinchi/kaldi/egs/timit/s5_la5/fbank/raw_fbank_train.1.ark:9139014
mwem0_si1320 /nfs-share/xinchi/kaldi/egs/timit/s5_la5/fbank/raw_fbank_train.4.ark:10955175
fmju0_si1389 /nfs-share/xinchi/kaldi/egs/timit/s5_la5/fbank/raw_fbank_train.1.ark:9035709
mjde0_sx310 /nfs-share/xinchi/kaldi/egs/timit/s5_la5/fbank/raw_fbank_train.3.ark:2332388
fpaf0_si1684 /nfs-share/xinchi/kaldi/egs/timit/s5_la5/fbank/raw_fbank_train.1.ark:10115189
mkah0_si2158 /nfs-share/xinchi/kaldi/egs/timit/s5_la5/fbank/raw_fbank_train.3.ark:5777533
mhit0_sx443 /nfs-share/xinchi/kaldi/egs/timit/s5_la5/fbank/raw_fbank_train.3.ark:1083098
fsak0_si1300 /nfs-share/xinchi/kaldi/egs/timit/s5_la5/fbank/raw_fbank_train.1.ark:11102684
msms0_sx443 /nfs-share/xinchi/kaldi/egs/timit/s5_la5/fbank/raw_fbank_train.4.ark:6714657
fetb0_si518 /nfs-share/xinchi/kaldi/egs/timit/s5_la5/fbank/raw_fbank_train.1.ark:3987258
fblv0_sx428 /nfs-share/xinchi/kaldi/egs/timit/s5_la5/fbank/raw_fbank_train.1.ark:1023394
mctm0_sx450 /nfs-share/xinchi/kaldi/egs/timit/s5_la5/fbank/raw_fbank_train.2.ark:5885259
mpgr0_sx240 /nfs-share/xinchi/kaldi/egs/timit/s5_la5/fbank/raw_fbank_train.3.ark:11139022
fapb0_sx433 /nfs-share/xinchi/kaldi/egs/timit/s5_la5/fbank/raw_fbank_train.1.ark:495268
mtrc0_sx183 /nfs-share/xinchi/kaldi/egs/timit/s5_la5/fbank/raw_fbank_train.4.ark:9775379
fsms1_si1504 /nfs-share/xinchi/kaldi/egs/timit/s5_la5/fbank/raw_fbank_train.2.ark:851665
mrms0_si2057 /nfs-share/xinchi/kaldi/egs/timit/s5_la5/fbank/raw_fbank_train.4.ark:4119261
mdps0_sx269 /nfs-share/xinchi/kaldi/egs/timit/s5_la5/fbank/raw_fbank_train.2.ark:8738078
faem0_si2022 /nfs-share/xinchi/kaldi/egs/timit/s5_la5/fbank/raw_fbank_train.1.ark:19327
fjsp0_si1434 /nfs-share/xinchi/kaldi/egs/timit/s5_la5/fbank/raw_fbank_train.1.ark:5778905
mdwm0_sx433 /nfs-share/xinchi/kaldi/egs/timit/s5_la5/fbank/raw_fbank_train.2.ark:9546137
msem1_si810 /nfs-share/xinchi/kaldi/egs/timit/s5_la5/fbank/raw_fbank_train.4.ark:5918310
mjae0_si2154 /nfs-share/xinchi/kaldi/egs/timit/s5_la5/fbank/raw_fbank_train.3.ark:1787524
fpls0_sx3 /nfs-share/xinchi/kaldi/egs/timit/s5_la5/fbank/raw_fbank_train.1.ark:10455995
mwar0_si1045 /nfs-share/xinchi/kaldi/egs/timit/s5_la5/fbank/raw_fbank_train.4.ark:10677538
ftbw0_si715 /nfs-share/xinchi/kaldi/egs/timit/s5_la5/fbank/raw_fbank_train.2.ark:1458042
mlbc0_si1239 /nfs-share/xinchi/kaldi/egs/timit/s5_la5/fbank/raw_fbank_train.3.ark:7232996
fmah1_sx69 /nfs-share/xinchi/kaldi/egs/timit/s5_la5/fbank/raw_fbank_train.1.ark:8606577
mkdd0_si2197 /nfs-share/xinchi/kaldi/egs/timit/s5_la5/fbank/raw_fbank_train.3.ark:6172873
mewm0_sx178 /nfs-share/xinchi/kaldi/egs/timit/s5_la5/fbank/raw_fbank_train.2.ark:10337946
mkls0_sx357 /nfs-share/xinchi/kaldi/egs/timit/s5_la5/fbank/raw_fbank_train.3.ark:6808636
fdtd0_si931 /nfs-share/xinchi/kaldi/egs/timit/s5_la5/fbank/raw_fbank_train.1.ark:3261722
mrmh0_sx121 /nfs-share/xinchi/kaldi/egs/timit/s5_la5/fbank/raw_fbank_train.4.ark:3929077
mwgr0_si2236 /nfs-share/xinchi/kaldi/egs/timit/s5_la5/fbank/raw_fbank_train.4.ark:11069995
mvrw0_sx45 /nfs-share/xinchi/kaldi/egs/timit/s5_la5/fbank/raw_fbank_train.4.ark:10471173
fmmh0_sx7 /nfs-share/xinchi/kaldi/egs/timit/s5_la5/fbank/raw_fbank_train.1.ark:9424300
mjws0_sx423 /nfs-share/xinchi/kaldi/egs/timit/s5_la5/fbank/raw_fbank_train.3.ark:5326254
feac0_si615 /nfs-share/xinchi/kaldi/egs/timit/s5_la5/fbank/raw_fbank_train.1.ark:3453053
mtdp0_sx351 /nfs-share/xinchi/kaldi/egs/timit/s5_la5/fbank/raw_fbank_train.4.ark:7932203
flet0_sx57 /nfs-share/xinchi/kaldi/egs/timit/s5_la5/fbank/raw_fbank_train.1.ark:7505658
mjwt0_sx121 /nfs-share/xinchi/kaldi/egs/timit/s5_la5/fbank/raw_fbank_train.3.ark:5403660
mjrk0_si2103 /nfs-share/xinchi/kaldi/egs/timit/s5_la5/fbank/raw_fbank_train.3.ark:4833230
mdlb0_si676 /nfs-share/xinchi/kaldi/egs/timit/s5_la5/fbank/raw_fbank_train.2.ark:7420246
mmdb0_si1358 /nfs-share/xinchi/kaldi/egs/timit/s5_la5/fbank/raw_fbank_train.3.ark:8607522
mfmc0_sx142 /nfs-share/xinchi/kaldi/egs/timit/s5_la5/fbank/raw_fbank_train.2.ark:10518316
mhjb0_sx117 /nfs-share/xinchi/kaldi/egs/timit/s5_la5/fbank/raw_fbank_train.3.ark:1143145
fkfb0_sx348 /nfs-share/xinchi/kaldi/egs/timit/s5_la5/fbank/raw_fbank_train.1.ark:6557806
mdbp0_si1788 /nfs-share/xinchi/kaldi/egs/timit/s5_la5/fbank/raw_fbank_train.2.ark:6296857
mmvp0_sx384 /nfs-share/xinchi/kaldi/egs/timit/s5_la5/fbank/raw_fbank_train.3.ark:10129129
fecd0_sx428 /nfs-share/xinchi/kaldi/egs/timit/s5_la5/fbank/raw_fbank_train.1.ark:3724555
fsjk1_sx125 /nfs-share/xinchi/kaldi/egs/timit/s5_la5/fbank/raw_fbank_train.1.ark:11874760
fklc0_sx355 /nfs-share/xinchi/kaldi/egs/timit/s5_la5/fbank/raw_fbank_train.1.ark:6785416
mdwh0_si1168 /nfs-share/xinchi/kaldi/egs/timit/s5_la5/fbank/raw_fbank_train.2.ark:9342801
fnkl0_si2152 /nfs-share/xinchi/kaldi/egs/timit/s5_la5/fbank/raw_fbank_train.1.ark:9582305
mpgr1_si1499 /nfs-share/xinchi/kaldi/egs/timit/s5_la5/fbank/raw_fbank_train.3.ark:11197308
mdem0_sx158 /nfs-share/xinchi/kaldi/egs/timit/s5_la5/fbank/raw_fbank_train.2.ark:6928233
frll0_sx254 /nfs-share/xinchi/kaldi/egs/timit/s5_la5/fbank/raw_fbank_train.1.ark:10837622
mdwd0_sx180 /nfs-share/xinchi/kaldi/egs/timit/s5_la5/fbank/raw_fbank_train.2.ark:9290156
mdcm0_si2110 /nfs-share/xinchi/kaldi/egs/timit/s5_la5/fbank/raw_fbank_train.2.ark:6510267
mtjg0_si2157 /nfs-share/xinchi/kaldi/egs/timit/s5_la5/fbank/raw_fbank_train.4.ark:8093040
msah1_sx419 /nfs-share/xinchi/kaldi/egs/timit/s5_la5/fbank/raw_fbank_train.4.ark:5287464
flet0_si1137 /nfs-share/xinchi/kaldi/egs/timit/s5_la5/fbank/raw_fbank_train.1.ark:7421587
fhxs0_sx85 /nfs-share/xinchi/kaldi/egs/timit/s5_la5/fbank/raw_fbank_train.1.ark:4827481
mmag0_sx226 /nfs-share/xinchi/kaldi/egs/timit/s5_la5/fbank/raw_fbank_train.3.ark:8137129
mjhi0_sx338 /nfs-share/xinchi/kaldi/egs/timit/s5_la5/fbank/raw_fbank_train.3.ark:3133268
milb0_si2163 /nfs-share/xinchi/kaldi/egs/timit/s5_la5/fbank/raw_fbank_train.3.ark:1574529
mtrr0_si1548 /nfs-share/xinchi/kaldi/egs/timit/s5_la5/fbank/raw_fbank_train.4.ark:9810871
mclk0_si1660 /nfs-share/xinchi/kaldi/egs/timit/s5_la5/fbank/raw_fbank_train.2.ark:5231751
msvs0_si1568 /nfs-share/xinchi/kaldi/egs/timit/s5_la5/fbank/raw_fbank_train.4.ark:7035116
mjdg0_sx322 /nfs-share/xinchi/kaldi/egs/timit/s5_la5/fbank/raw_fbank_train.3.ark:2441334
mrav0_si2268 /nfs-share/xinchi/kaldi/egs/timit/s5_la5/fbank/raw_fbank_train.4.ark:991197
mtjg0_sx440 /nfs-share/xinchi/kaldi/egs/timit/s5_la5/fbank/raw_fbank_train.4.ark:8159205
mdns0_si1011 /nfs-share/xinchi/kaldi/egs/timit/s5_la5/fbank/raw_fbank_train.2.ark:8401630
mjbg0_sx62 /nfs-share/xinchi/kaldi/egs/timit/s5_la5/fbank/raw_fbank_train.3.ark:2055938
mtqc0_sx91 /nfs-share/xinchi/kaldi/egs/timit/s5_la5/fbank/raw_fbank_train.4.ark:9711293
fleh0_sx151 /nfs-share/xinchi/kaldi/egs/timit/s5_la5/fbank/raw_fbank_train.1.ark:7358062
mdlc1_sx355 /nfs-share/xinchi/kaldi/egs/timit/s5_la5/fbank/raw_fbank_train.2.ark:7678116
mdhs0_si900 /nfs-share/xinchi/kaldi/egs/timit/s5_la5/fbank/raw_fbank_train.2.ark:7118210
mmam0_si2227 /nfs-share/xinchi/kaldi/egs/timit/s5_la5/fbank/raw_fbank_train.3.ark:8213049
mkam0_si1250 /nfs-share/xinchi/kaldi/egs/timit/s5_la5/fbank/raw_fbank_train.3.ark:5950269
msdb0_sx197 /nfs-share/xinchi/kaldi/egs/timit/s5_la5/fbank/raw_fbank_train.4.ark:5637612
mrjb1_si1413 /nfs-share/xinchi/kaldi/egs/timit/s5_la5/fbank/raw_fbank_train.4.ark:2587324
mbom0_sx294 /nfs-share/xinchi/kaldi/egs/timit/s5_la5/fbank/raw_fbank_train.2.ark:4078900
fsag0_sx243 /nfs-share/xinchi/kaldi/egs/timit/s5_la5/fbank/raw_fbank_train.1.ark:10930207
mter0_sx257 /nfs-share/xinchi/kaldi/egs/timit/s5_la5/fbank/raw_fbank_train.4.ark:8046587
mhjb0_sx207 /nfs-share/xinchi/kaldi/egs/timit/s5_la5/fbank/raw_fbank_train.3.ark:1152098
mjeb1_sx387 /nfs-share/xinchi/kaldi/egs/timit/s5_la5/fbank/raw_fbank_train.3.ark:2771554
fljg0_sx171 /nfs-share/xinchi/kaldi/egs/timit/s5_la5/fbank/raw_fbank_train.1.ark:7858309
mpar0_sx226 /nfs-share/xinchi/kaldi/egs/timit/s5_la5/fbank/raw_fbank_train.3.ark:10779803
fcke0_si1111 /nfs-share/xinchi/kaldi/egs/timit/s5_la5/fbank/raw_fbank_train.1.ark:1814820
mjdc0_si2165 /nfs-share/xinchi/kaldi/egs/timit/s5_la5/fbank/raw_fbank_train.3.ark:2163432
mkls1_sx285 /nfs-share/xinchi/kaldi/egs/timit/s5_la5/fbank/raw_fbank_train.3.ark:6917253
fljg0_sx81 /nfs-share/xinchi/kaldi/egs/timit/s5_la5/fbank/raw_fbank_train.1.ark:7921280
mjpm0_sx378 /nfs-share/xinchi/kaldi/egs/timit/s5_la5/fbank/raw_fbank_train.3.ark:4319756
mkdb0_si2132 /nfs-share/xinchi/kaldi/egs/timit/s5_la5/fbank/raw_fbank_train.3.ark:6056135
mrav0_sx288 /nfs-share/xinchi/kaldi/egs/timit/s5_la5/fbank/raw_fbank_train.4.ark:1036048
mljh0_si1422 /nfs-share/xinchi/kaldi/egs/timit/s5_la5/fbank/raw_fbank_train.3.ark:7554825
mlsh0_si2047 /nfs-share/xinchi/kaldi/egs/timit/s5_la5/fbank/raw_fbank_train.3.ark:7777715
mrai0_sx432 /nfs-share/xinchi/kaldi/egs/timit/s5_la5/fbank/raw_fbank_train.4.ark:846557
mwsh0_si2266 /nfs-share/xinchi/kaldi/egs/timit/s5_la5/fbank/raw_fbank_train.4.ark:11460253
mkag0_sx169 /nfs-share/xinchi/kaldi/egs/timit/s5_la5/fbank/raw_fbank_train.3.ark:5705335
mtbc0_sx183 /nfs-share/xinchi/kaldi/egs/timit/s5_la5/fbank/raw_fbank_train.4.ark:7603181
mpgr1_sx239 /nfs-share/xinchi/kaldi/egs/timit/s5_la5/fbank/raw_fbank_train.3.ark:11240568
mprb0_si575 /nfs-share/xinchi/kaldi/egs/timit/s5_la5/fbank/raw_fbank_train.4.ark:80051
fetb0_sx248 /nfs-share/xinchi/kaldi/egs/timit/s5_la5/fbank/raw_fbank_train.1.ark:4010684
mjjb0_sx59 /nfs-share/xinchi/kaldi/egs/timit/s5_la5/fbank/raw_fbank_train.3.ark:3263639
fsmm0_sx54 /nfs-share/xinchi/kaldi/egs/timit/s5_la5/fbank/raw_fbank_train.2.ark:837431
mrms0_sx390 /nfs-share/xinchi/kaldi/egs/timit/s5_la5/fbank/raw_fbank_train.4.ark:4183019
flkm0_si686 /nfs-share/xinchi/kaldi/egs/timit/s5_la5/fbank/raw_fbank_train.1.ark:7967940
mjma0_sx145 /nfs-share/xinchi/kaldi/egs/timit/s5_la5/fbank/raw_fbank_train.3.ark:3916764
mrkm0_si1267 /nfs-share/xinchi/kaldi/egs/timit/s5_la5/fbank/raw_fbank_train.4.ark:3113696
mhjb0_si1647 /nfs-share/xinchi/kaldi/egs/timit/s5_la5/fbank/raw_fbank_train.3.ark:1114998
mddc0_si2049 /nfs-share/xinchi/kaldi/egs/timit/s5_la5/fbank/raw_fbank_train.2.ark:6608372
mdma0_si2060 /nfs-share/xinchi/kaldi/egs/timit/s5_la5/fbank/raw_fbank_train.2.ark:8216367
mtpf0_si1235 /nfs-share/xinchi/kaldi/egs/timit/s5_la5/fbank/raw_fbank_train.4.ark:9206402
mram0_sx15 /nfs-share/xinchi/kaldi/egs/timit/s5_la5/fbank/raw_fbank_train.4.ark:924196
mbbr0_sx155 /nfs-share/xinchi/kaldi/egs/timit/s5_la5/fbank/raw_fbank_train.2.ark:3309554
fskp0_sx378 /nfs-share/xinchi/kaldi/egs/timit/s5_la5/fbank/raw_fbank_train.2.ark:527755
mpsw0_si1697 /nfs-share/xinchi/kaldi/egs/timit/s5_la5/fbank/raw_fbank_train.4.ark:495317
mdma0_sx80 /nfs-share/xinchi/kaldi/egs/timit/s5_la5/fbank/raw_fbank_train.2.ark:8301171
mrds0_si1167 /nfs-share/xinchi/kaldi/egs/timit/s5_la5/fbank/raw_fbank_train.4.ark:1555881
msrg0_sx231 /nfs-share/xinchi/kaldi/egs/timit/s5_la5/fbank/raw_fbank_train.4.ark:6786896
mrew1_si1500 /nfs-share/xinchi/kaldi/egs/timit/s5_la5/fbank/raw_fbank_train.4.ark:1957941
mmam0_sx427 /nfs-share/xinchi/kaldi/egs/timit/s5_la5/fbank/raw_fbank_train.3.ark:8253701
fhlm0_sx300 /nfs-share/xinchi/kaldi/egs/timit/s5_la5/fbank/raw_fbank_train.1.ark:4674189
fskc0_sx246 /nfs-share/xinchi/kaldi/egs/timit/s5_la5/fbank/raw_fbank_train.2.ark:298727
mjpm1_sx401 /nfs-share/xinchi/kaldi/egs/timit/s5_la5/fbank/raw_fbank_train.3.ark:4403389
mkls0_sx177 /nfs-share/xinchi/kaldi/egs/timit/s5_la5/fbank/raw_fbank_train.3.ark:6784850
mtjm0_si655 /nfs-share/xinchi/kaldi/egs/timit/s5_la5/fbank/raw_fbank_train.4.ark:8212778
mgaf0_si1912 /nfs-share/xinchi/kaldi/egs/timit/s5_la5/fbank/raw_fbank_train.2.ark:10981818
mtrt0_si597 /nfs-share/xinchi/kaldi/egs/timit/s5_la5/fbank/raw_fbank_train.4.ark:9943403
milb0_si903 /nfs-share/xinchi/kaldi/egs/timit/s5_la5/fbank/raw_fbank_train.3.ark:1598995
fpad0_si1976 /nfs-share/xinchi/kaldi/egs/timit/s5_la5/fbank/raw_fbank_train.1.ark:9998244
mjrk0_sx340 /nfs-share/xinchi/kaldi/egs/timit/s5_la5/fbank/raw_fbank_train.3.ark:4885642
fkaa0_si578 /nfs-share/xinchi/kaldi/egs/timit/s5_la5/fbank/raw_fbank_train.1.ark:6199071
mrmg0_sx270 /nfs-share/xinchi/kaldi/egs/timit/s5_la5/fbank/raw_fbank_train.4.ark:3837524
fsls0_sx202 /nfs-share/xinchi/kaldi/egs/timit/s5_la5/fbank/raw_fbank_train.2.ark:595883
mdhl0_si2069 /nfs-share/xinchi/kaldi/egs/timit/s5_la5/fbank/raw_fbank_train.2.ark:7012832
feeh0_sx32 /nfs-share/xinchi/kaldi/egs/timit/s5_la5/fbank/raw_fbank_train.1.ark:3828819
fsls0_sx156 /nfs-share/xinchi/kaldi/egs/timit/s5_la5/fbank/raw_fbank_train.2.ark:581650
mbef0_sx291 /nfs-share/xinchi/kaldi/egs/timit/s5_la5/fbank/raw_fbank_train.2.ark:3522581
mcdc0_sx392 /nfs-share/xinchi/kaldi/egs/timit/s5_la5/fbank/raw_fbank_train.2.ark:4701071
mrai0_sx252 /nfs-share/xinchi/kaldi/egs/timit/s5_la5/fbank/raw_fbank_train.4.ark:822571
fjsk0_sx332 /nfs-share/xinchi/kaldi/egs/timit/s5_la5/fbank/raw_fbank_train.1.ark:5739206
fdml0_sx249 /nfs-share/xinchi/kaldi/egs/timit/s5_la5/fbank/raw_fbank_train.1.ark:2944353
fblv0_si2318 /nfs-share/xinchi/kaldi/egs/timit/s5_la5/fbank/raw_fbank_train.1.ark:975582
fcmg0_si1242 /nfs-share/xinchi/kaldi/egs/timit/s5_la5/fbank/raw_fbank_train.1.ark:2020344
flja0_sx88 /nfs-share/xinchi/kaldi/egs/timit/s5_la5/fbank/raw_fbank_train.1.ark:7702470
mtrt0_sx417 /nfs-share/xinchi/kaldi/egs/timit/s5_la5/fbank/raw_fbank_train.4.ark:9980815
fpmy0_si1153 /nfs-share/xinchi/kaldi/egs/timit/s5_la5/fbank/raw_fbank_train.1.ark:10487974
mkes0_si623 /nfs-share/xinchi/kaldi/egs/timit/s5_la5/fbank/raw_fbank_train.3.ark:6386595
mapv0_si663 /nfs-share/xinchi/kaldi/egs/timit/s5_la5/fbank/raw_fbank_train.2.ark:2915700
mvjh0_si926 /nfs-share/xinchi/kaldi/egs/timit/s5_la5/fbank/raw_fbank_train.4.ark:10238199
fbch0_si956 /nfs-share/xinchi/kaldi/egs/timit/s5_la5/fbank/raw_fbank_train.1.ark:747058
fdaw0_sx326 /nfs-share/xinchi/kaldi/egs/timit/s5_la5/fbank/raw_fbank_train.1.ark:2572723
flac0_sx451 /nfs-share/xinchi/kaldi/egs/timit/s5_la5/fbank/raw_fbank_train.1.ark:7183190
mdbp0_si1158 /nfs-share/xinchi/kaldi/egs/timit/s5_la5/fbank/raw_fbank_train.2.ark:6289383
freh0_sx415 /nfs-share/xinchi/kaldi/egs/timit/s5_la5/fbank/raw_fbank_train.1.ark:10670278
fksr0_sx217 /nfs-share/xinchi/kaldi/egs/timit/s5_la5/fbank/raw_fbank_train.1.ark:7068619
makb0_sx386 /nfs-share/xinchi/kaldi/egs/timit/s5_la5/fbank/raw_fbank_train.2.ark:2799974
mwar0_sx415 /nfs-share/xinchi/kaldi/egs/timit/s5_la5/fbank/raw_fbank_train.4.ark:10749418
mwsh0_sx346 /nfs-share/xinchi/kaldi/egs/timit/s5_la5/fbank/raw_fbank_train.4.ark:11518025
fsah0_si1244 /nfs-share/xinchi/kaldi/egs/timit/s5_la5/fbank/raw_fbank_train.1.ark:10996139
mhit0_sx353 /nfs-share/xinchi/kaldi/egs/timit/s5_la5/fbank/raw_fbank_train.3.ark:1070425
mdac0_si1837 /nfs-share/xinchi/kaldi/egs/timit/s5_la5/fbank/raw_fbank_train.2.ark:6015024
fdaw0_sx416 /nfs-share/xinchi/kaldi/egs/timit/s5_la5/fbank/raw_fbank_train.1.ark:2584476
msvs0_sx128 /nfs-share/xinchi/kaldi/egs/timit/s5_la5/fbank/raw_fbank_train.4.ark:7086216
mdac0_si631 /nfs-share/xinchi/kaldi/egs/timit/s5_la5/fbank/raw_fbank_train.2.ark:6024217
fmpg0_sx432 /nfs-share/xinchi/kaldi/egs/timit/s5_la5/fbank/raw_fbank_train.1.ark:9541085
mlsh0_sx157 /nfs-share/xinchi/kaldi/egs/timit/s5_la5/fbank/raw_fbank_train.3.ark:7800741
fssb0_sx452 /nfs-share/xinchi/kaldi/egs/timit/s5_la5/fbank/raw_fbank_train.2.ark:1233900
fdnc0_si1278 /nfs-share/xinchi/kaldi/egs/timit/s5_la5/fbank/raw_fbank_train.1.ark:3122589
maeb0_sx450 /nfs-share/xinchi/kaldi/egs/timit/s5_la5/fbank/raw_fbank_train.2.ark:2381439
mbgt0_sx81 /nfs-share/xinchi/kaldi/egs/timit/s5_la5/fbank/raw_fbank_train.2.ark:3634199
mdss0_si2087 /nfs-share/xinchi/kaldi/egs/timit/s5_la5/fbank/raw_fbank_train.2.ark:9005614
mdem0_si800 /nfs-share/xinchi/kaldi/egs/timit/s5_la5/fbank/raw_fbank_train.2.ark:6907000
fetb0_sx428 /nfs-share/xinchi/kaldi/egs/timit/s5_la5/fbank/raw_fbank_train.1.ark:4034550
fvfb0_sx402 /nfs-share/xinchi/kaldi/egs/timit/s5_la5/fbank/raw_fbank_train.2.ark:1808529
mvrw0_si2115 /nfs-share/xinchi/kaldi/egs/timit/s5_la5/fbank/raw_fbank_train.4.ark:10416176
mmdm0_sx51 /nfs-share/xinchi/kaldi/egs/timit/s5_la5/fbank/raw_fbank_train.3.ark:8889683
mwem0_sx330 /nfs-share/xinchi/kaldi/egs/timit/s5_la5/fbank/raw_fbank_train.4.ark:11012182
mtkp0_sx123 /nfs-share/xinchi/kaldi/egs/timit/s5_la5/fbank/raw_fbank_train.4.ark:8651111
mjrp0_si585 /nfs-share/xinchi/kaldi/egs/timit/s5_la5/fbank/raw_fbank_train.3.ark:4940408
mgsh0_si1176 /nfs-share/xinchi/kaldi/egs/timit/s5_la5/fbank/raw_fbank_train.3.ark:593125
mdcd0_sx335 /nfs-share/xinchi/kaldi/egs/timit/s5_la5/fbank/raw_fbank_train.2.ark:6457734
mcss0_si688 /nfs-share/xinchi/kaldi/egs/timit/s5_la5/fbank/raw_fbank_train.2.ark:5627004
mtcs0_sx352 /nfs-share/xinchi/kaldi/egs/timit/s5_la5/fbank/raw_fbank_train.4.ark:7719832
mjeb0_sx296 /nfs-share/xinchi/kaldi/egs/timit/s5_la5/fbank/raw_fbank_train.3.ark:2658816
fsrh0_si1719 /nfs-share/xinchi/kaldi/egs/timit/s5_la5/fbank/raw_fbank_train.2.ark:1059315
mtmn0_sx74 /nfs-share/xinchi/kaldi/egs/timit/s5_la5/fbank/raw_fbank_train.4.ark:9096343
fceg0_sx438 /nfs-share/xinchi/kaldi/egs/timit/s5_la5/fbank/raw_fbank_train.1.ark:1621624
flma0_sx73 /nfs-share/xinchi/kaldi/egs/timit/s5_la5/fbank/raw_fbank_train.1.ark:8123249
fspm0_si1871 /nfs-share/xinchi/kaldi/egs/timit/s5_la5/fbank/raw_fbank_train.2.ark:972684
mtxs0_si2320 /nfs-share/xinchi/kaldi/egs/timit/s5_la5/fbank/raw_fbank_train.4.ark:10115494
mppc0_sx62 /nfs-share/xinchi/kaldi/egs/timit/s5_la5/fbank/raw_fbank_train.4.ark:37510
fmjf0_sx264 /nfs-share/xinchi/kaldi/egs/timit/s5_la5/fbank/raw_fbank_train.1.ark:8983017
fsjk1_si1025 /nfs-share/xinchi/kaldi/egs/timit/s5_la5/fbank/raw_fbank_train.1.ark:11839380
fcjf0_si1657 /nfs-share/xinchi/kaldi/egs/timit/s5_la5/fbank/raw_fbank_train.1.ark:1656684
flkm0_sx260 /nfs-share/xinchi/kaldi/egs/timit/s5_la5/fbank/raw_fbank_train.1.ark:7985406
flac0_sx181 /nfs-share/xinchi/kaldi/egs/timit/s5_la5/fbank/raw_fbank_train.1.ark:7149931
fkfb0_sx168 /nfs-share/xinchi/kaldi/egs/timit/s5_la5/fbank/raw_fbank_train.1.ark:6534140
fhlm0_sx210 /nfs-share/xinchi/kaldi/egs/timit/s5_la5/fbank/raw_fbank_train.1.ark:4661876
mwgr0_si976 /nfs-share/xinchi/kaldi/egs/timit/s5_la5/fbank/raw_fbank_train.4.ark:11080668
ftlg0_sx33 /nfs-share/xinchi/kaldi/egs/timit/s5_la5/fbank/raw_fbank_train.2.ark:1619997
mlsh0_sx67 /nfs-share/xinchi/kaldi/egs/timit/s5_la5/fbank/raw_fbank_train.3.ark:7850872
mrav0_sx378 /nfs-share/xinchi/kaldi/egs/timit/s5_la5/fbank/raw_fbank_train.4.ark:1047601
mcdr0_sx74 /nfs-share/xinchi/kaldi/egs/timit/s5_la5/fbank/raw_fbank_train.2.ark:4902161
fkfb0_si1608 /nfs-share/xinchi/kaldi/egs/timit/s5_la5/fbank/raw_fbank_train.1.ark:6491200
mkaj0_si784 /nfs-share/xinchi/kaldi/egs/timit/s5_la5/fbank/raw_fbank_train.3.ark:5890551
mrml0_si2051 /nfs-share/xinchi/kaldi/egs/timit/s5_la5/fbank/raw_fbank_train.4.ark:4001396
fmjf0_sx174 /nfs-share/xinchi/kaldi/egs/timit/s5_la5/fbank/raw_fbank_train.1.ark:8965344
mmjb1_sx328 /nfs-share/xinchi/kaldi/egs/timit/s5_la5/fbank/raw_fbank_train.3.ark:9585658
flhd0_si1974 /nfs-share/xinchi/kaldi/egs/timit/s5_la5/fbank/raw_fbank_train.1.ark:7534840
mkls0_si1533 /nfs-share/xinchi/kaldi/egs/timit/s5_la5/fbank/raw_fbank_train.3.ark:6759543
mvjh0_si1556 /nfs-share/xinchi/kaldi/egs/timit/s5_la5/fbank/raw_fbank_train.4.ark:10205492
mtkd0_sx197 /nfs-share/xinchi/kaldi/egs/timit/s5_la5/fbank/raw_fbank_train.4.ark:8560151
mpeb0_si1034 /nfs-share/xinchi/kaldi/egs/timit/s5_la5/fbank/raw_fbank_train.3.ark:10819455
msdh0_sx170 /nfs-share/xinchi/kaldi/egs/timit/s5_la5/fbank/raw_fbank_train.4.ark:5692652
mtdp0_si2151 /nfs-share/xinchi/kaldi/egs/timit/s5_la5/fbank/raw_fbank_train.4.ark:7889184
fvkb0_si529 /nfs-share/xinchi/kaldi/egs/timit/s5_la5/fbank/raw_fbank_train.2.ark:1843302
mcpm0_si1194 /nfs-share/xinchi/kaldi/egs/timit/s5_la5/fbank/raw_fbank_train.2.ark:5421321
mjxl0_si542 /nfs-share/xinchi/kaldi/egs/timit/s5_la5/fbank/raw_fbank_train.3.ark:5583517
fbmj0_sx66 /nfs-share/xinchi/kaldi/egs/timit/s5_la5/fbank/raw_fbank_train.1.ark:1245595
fklc1_sx58 /nfs-share/xinchi/kaldi/egs/timit/s5_la5/fbank/raw_fbank_train.1.ark:6903627
mdns0_si2271 /nfs-share/xinchi/kaldi/egs/timit/s5_la5/fbank/raw_fbank_train.2.ark:8422344
mfxs0_si2304 /nfs-share/xinchi/kaldi/egs/timit/s5_la5/fbank/raw_fbank_train.2.ark:10792400
mbth0_si505 /nfs-share/xinchi/kaldi/egs/timit/s5_la5/fbank/raw_fbank_train.2.ark:4206936
mjbg0_si1232 /nfs-share/xinchi/kaldi/egs/timit/s5_la5/fbank/raw_fbank_train.3.ark:1966906
mrld0_sx154 /nfs-share/xinchi/kaldi/egs/timit/s5_la5/fbank/raw_fbank_train.4.ark:3276579
mdlm0_si1234 /nfs-share/xinchi/kaldi/egs/timit/s5_la5/fbank/raw_fbank_train.2.ark:7895504
mdac0_sx181 /nfs-share/xinchi/kaldi/egs/timit/s5_la5/fbank/raw_fbank_train.2.ark:6045050
mwsb0_si996 /nfs-share/xinchi/kaldi/egs/timit/s5_la5/fbank/raw_fbank_train.4.ark:11373863
mrws0_sx292 /nfs-share/xinchi/kaldi/egs/timit/s5_la5/fbank/raw_fbank_train.4.ark:5098052
mmgc0_sx405 /nfs-share/xinchi/kaldi/egs/timit/s5_la5/fbank/raw_fbank_train.3.ark:9329015
fssb0_sx92 /nfs-share/xinchi/kaldi/egs/timit/s5_la5/fbank/raw_fbank_train.2.ark:1249132
fbjl0_sx382 /nfs-share/xinchi/kaldi/egs/timit/s5_la5/fbank/raw_fbank_train.1.ark:928160
mgrp0_si1947 /nfs-share/xinchi/kaldi/egs/timit/s5_la5/fbank/raw_fbank_train.3.ark:500414
mjws0_sx333 /nfs-share/xinchi/kaldi/egs/timit/s5_la5/fbank/raw_fbank_train.3.ark:5308741
fdxw0_sx251 /nfs-share/xinchi/kaldi/egs/timit/s5_la5/fbank/raw_fbank_train.1.ark:3386774
makr0_sx272 /nfs-share/xinchi/kaldi/egs/timit/s5_la5/fbank/raw_fbank_train.2.ark:2847021
mdtb0_si1830 /nfs-share/xinchi/kaldi/egs/timit/s5_la5/fbank/raw_fbank_train.2.ark:9174784
mkaj0_si1414 /nfs-share/xinchi/kaldi/egs/timit/s5_la5/fbank/raw_fbank_train.3.ark:5866404
mjxl0_sx362 /nfs-share/xinchi/kaldi/egs/timit/s5_la5/fbank/raw_fbank_train.3.ark:5616576
mtbc0_sx363 /nfs-share/xinchi/kaldi/egs/timit/s5_la5/fbank/raw_fbank_train.4.ark:7639320
mdwh0_sx215 /nfs-share/xinchi/kaldi/egs/timit/s5_la5/fbank/raw_fbank_train.2.ark:9403174
falr0_si1325 /nfs-share/xinchi/kaldi/egs/timit/s5_la5/fbank/raw_fbank_train.1.ark:310923
mjwg0_si2155 /nfs-share/xinchi/kaldi/egs/timit/s5_la5/fbank/raw_fbank_train.3.ark:5131071
fjrb0_sx312 /nfs-share/xinchi/kaldi/egs/timit/s5_la5/fbank/raw_fbank_train.1.ark:5505475
fkde0_sx241 /nfs-share/xinchi/kaldi/egs/timit/s5_la5/fbank/raw_fbank_train.1.ark:6342243
msrg0_sx411 /nfs-share/xinchi/kaldi/egs/timit/s5_la5/fbank/raw_fbank_train.4.ark:6807002
fntb0_si679 /nfs-share/xinchi/kaldi/egs/timit/s5_la5/fbank/raw_fbank_train.1.ark:9689962
fapb0_sx73 /nfs-share/xinchi/kaldi/egs/timit/s5_la5/fbank/raw_fbank_train.1.ark:512820
mmgk0_sx242 /nfs-share/xinchi/kaldi/egs/timit/s5_la5/fbank/raw_fbank_train.3.ark:9484320
mtcs0_si1972 /nfs-share/xinchi/kaldi/egs/timit/s5_la5/fbank/raw_fbank_train.4.ark:7663346
mbth0_sx32 /nfs-share/xinchi/kaldi/egs/timit/s5_la5/fbank/raw_fbank_train.2.ark:4267740
mmvp0_si1284 /nfs-share/xinchi/kaldi/egs/timit/s5_la5/fbank/raw_fbank_train.3.ark:10022497
mdwd0_sx270 /nfs-share/xinchi/kaldi/egs/timit/s5_la5/fbank/raw_fbank_train.2.ark:9300709
mbwp0_sx439 /nfs-share/xinchi/kaldi/egs/timit/s5_la5/fbank/raw_fbank_train.2.ark:4367846
mrdm0_sx155 /nfs-share/xinchi/kaldi/egs/timit/s5_la5/fbank/raw_fbank_train.4.ark:1497276
maeo0_sx426 /nfs-share/xinchi/kaldi/egs/timit/s5_la5/fbank/raw_fbank_train.2.ark:2475505
mddc0_si789 /nfs-share/xinchi/kaldi/egs/timit/s5_la5/fbank/raw_fbank_train.2.ark:6614285
medr0_sx24 /nfs-share/xinchi/kaldi/egs/timit/s5_la5/fbank/raw_fbank_train.2.ark:9699282
mtju0_sx310 /nfs-share/xinchi/kaldi/egs/timit/s5_la5/fbank/raw_fbank_train.4.ark:8457487
fmbg0_sx3 /nfs-share/xinchi/kaldi/egs/timit/s5_la5/fbank/raw_fbank_train.1.ark:8670583
mrpc1_sx222 /nfs-share/xinchi/kaldi/egs/timit/s5_la5/fbank/raw_fbank_train.4.ark:4232267
mjjb0_si1769 /nfs-share/xinchi/kaldi/egs/timit/s5_la5/fbank/raw_fbank_train.3.ark:3196875
mrhl0_sx75 /nfs-share/xinchi/kaldi/egs/timit/s5_la5/fbank/raw_fbank_train.4.ark:2563416
fdkn0_si1081 /nfs-share/xinchi/kaldi/egs/timit/s5_la5/fbank/raw_fbank_train.1.ark:2787113
mrlk0_sx33 /nfs-share/xinchi/kaldi/egs/timit/s5_la5/fbank/raw_fbank_train.4.ark:3580393
mjeb1_sx117 /nfs-share/xinchi/kaldi/egs/timit/s5_la5/fbank/raw_fbank_train.3.ark:2732743
megj0_si1337 /nfs-share/xinchi/kaldi/egs/timit/s5_la5/fbank/raw_fbank_train.2.ark:9829485
mmds0_si713 /nfs-share/xinchi/kaldi/egs/timit/s5_la5/fbank/raw_fbank_train.3.ark:9023809
mpgr1_si2129 /nfs-share/xinchi/kaldi/egs/timit/s5_la5/fbank/raw_fbank_train.3.ark:11214742
fskp0_sx198 /nfs-share/xinchi/kaldi/egs/timit/s5_la5/fbank/raw_fbank_train.2.ark:505929
mljh0_sx154 /nfs-share/xinchi/kaldi/egs/timit/s5_la5/fbank/raw_fbank_train.3.ark:7600131
mmgk0_sx422 /nfs-share/xinchi/kaldi/egs/timit/s5_la5/fbank/raw_fbank_train.3.ark:9503346
fkdw0_si1891 /nfs-share/xinchi/kaldi/egs/timit/s5_la5/fbank/raw_fbank_train.1.ark:6413569
mkag0_sx259 /nfs-share/xinchi/kaldi/egs/timit/s5_la5/fbank/raw_fbank_train.3.ark:5717448
fsjg0_sx130 /nfs-share/xinchi/kaldi/egs/timit/s5_la5/fbank/raw_fbank_train.1.ark:11754335
fklc1_sx418 /nfs-share/xinchi/kaldi/egs/timit/s5_la5/fbank/raw_fbank_train.1.ark:6889235
mzmb0_sx266 /nfs-share/xinchi/kaldi/egs/timit/s5_la5/fbank/raw_fbank_train.4.ark:11611937
flma0_sx163 /nfs-share/xinchi/kaldi/egs/timit/s5_la5/fbank/raw_fbank_train.1.ark:8081398
mabc0_si781 /nfs-share/xinchi/kaldi/egs/timit/s5_la5/fbank/raw_fbank_train.2.ark:2037672
mljc0_si1855 /nfs-share/xinchi/kaldi/egs/timit/s5_la5/fbank/raw_fbank_train.3.ark:7463800
mzmb0_si536 /nfs-share/xinchi/kaldi/egs/timit/s5_la5/fbank/raw_fbank_train.4.ark:11582431
fsdc0_si1312 /nfs-share/xinchi/kaldi/egs/timit/s5_la5/fbank/raw_fbank_train.1.ark:11428079
mejl0_sx332 /nfs-share/xinchi/kaldi/egs/timit/s5_la5/fbank/raw_fbank_train.2.ark:9992834
fpaf0_sx244 /nfs-share/xinchi/kaldi/egs/timit/s5_la5/fbank/raw_fbank_train.1.ark:10145929
fsms1_sx64 /nfs-share/xinchi/kaldi/egs/timit/s5_la5/fbank/raw_fbank_train.2.ark:939296
mtju0_sx220 /nfs-share/xinchi/kaldi/egs/timit/s5_la5/fbank/raw_fbank_train.4.ark:8443654
mfer0_si1492 /nfs-share/xinchi/kaldi/egs/timit/s5_la5/fbank/raw_fbank_train.2.ark:10396911
mcal0_si1768 /nfs-share/xinchi/kaldi/egs/timit/s5_la5/fbank/raw_fbank_train.2.ark:4540009
mwdk0_si806 /nfs-share/xinchi/kaldi/egs/timit/s5_la5/fbank/raw_fbank_train.4.ark:10882937
fetb0_sx338 /nfs-share/xinchi/kaldi/egs/timit/s5_la5/fbank/raw_fbank_train.1.ark:4021517
ftbw0_si1345 /nfs-share/xinchi/kaldi/egs/timit/s5_la5/fbank/raw_fbank_train.2.ark:1437855
mjai0_sx164 /nfs-share/xinchi/kaldi/egs/timit/s5_la5/fbank/raw_fbank_train.3.ark:1917181
mntw0_sx78 /nfs-share/xinchi/kaldi/egs/timit/s5_la5/fbank/raw_fbank_train.3.ark:10723676
mdks0_si2326 /nfs-share/xinchi/kaldi/egs/timit/s5_la5/fbank/raw_fbank_train.2.ark:7299541
fjxp0_si1752 /nfs-share/xinchi/kaldi/egs/timit/s5_la5/fbank/raw_fbank_train.1.ark:6093933
mdpb0_si2126 /nfs-share/xinchi/kaldi/egs/timit/s5_la5/fbank/raw_fbank_train.2.ark:8518209
mmws0_sx258 /nfs-share/xinchi/kaldi/egs/timit/s5_la5/fbank/raw_fbank_train.3.ark:10314880
mrjh0_sx307 /nfs-share/xinchi/kaldi/egs/timit/s5_la5/fbank/raw_fbank_train.4.ark:2768801
mprb0_sx125 /nfs-share/xinchi/kaldi/egs/timit/s5_la5/fbank/raw_fbank_train.4.ark:100044
mmaa0_sx305 /nfs-share/xinchi/kaldi/egs/timit/s5_la5/fbank/raw_fbank_train.3.ark:7937112
mjws0_si1773 /nfs-share/xinchi/kaldi/egs/timit/s5_la5/fbank/raw_fbank_train.3.ark:5257249
mrjh0_si889 /nfs-share/xinchi/kaldi/egs/timit/s5_la5/fbank/raw_fbank_train.4.ark:2707989
mhjb0_si2277 /nfs-share/xinchi/kaldi/egs/timit/s5_la5/fbank/raw_fbank_train.3.ark:1126912
mhjb0_sx27 /nfs-share/xinchi/kaldi/egs/timit/s5_la5/fbank/raw_fbank_train.3.ark:1158810
mbwp0_si709 /nfs-share/xinchi/kaldi/egs/timit/s5_la5/fbank/raw_fbank_train.2.ark:4310114
ftlg0_sx213 /nfs-share/xinchi/kaldi/egs/timit/s5_la5/fbank/raw_fbank_train.2.ark:1598852
mlns0_sx237 /nfs-share/xinchi/kaldi/egs/timit/s5_la5/fbank/raw_fbank_train.3.ark:7715269
fbmh0_sx236 /nfs-share/xinchi/kaldi/egs/timit/s5_la5/fbank/raw_fbank_train.1.ark:1104833
mstf0_sx136 /nfs-share/xinchi/kaldi/egs/timit/s5_la5/fbank/raw_fbank_train.4.ark:6969751
mtlb0_si1764 /nfs-share/xinchi/kaldi/egs/timit/s5_la5/fbank/raw_fbank_train.4.ark:8722110
mrgs0_sx96 /nfs-share/xinchi/kaldi/egs/timit/s5_la5/fbank/raw_fbank_train.4.ark:2470391
mjae0_si1999 /nfs-share/xinchi/kaldi/egs/timit/s5_la5/fbank/raw_fbank_train.3.ark:1778010
makb0_sx116 /nfs-share/xinchi/kaldi/egs/timit/s5_la5/fbank/raw_fbank_train.2.ark:2750603
fltm0_sx170 /nfs-share/xinchi/kaldi/egs/timit/s5_la5/fbank/raw_fbank_train.1.ark:8447421
mlsh0_si1417 /nfs-share/xinchi/kaldi/egs/timit/s5_la5/fbank/raw_fbank_train.3.ark:7760321
fcag0_sx63 /nfs-share/xinchi/kaldi/egs/timit/s5_la5/fbank/raw_fbank_train.1.ark:1336101
fsjs0_sx451 /nfs-share/xinchi/kaldi/egs/timit/s5_la5/fbank/raw_fbank_train.2.ark:121743
fdmy0_si567 /nfs-share/xinchi/kaldi/egs/timit/s5_la5/fbank/raw_fbank_train.1.ark:3001238
