flmk0_sx315 /nfs-share/xinchi/kaldi/egs/timit/s5_la4/fbank/raw_fbank_train.1.ark:8295275
mwch0_sx362 /nfs-share/xinchi/kaldi/egs/timit/s5_la4/fbank/raw_fbank_train.4.ark:10820091
mtlb0_sx414 /nfs-share/xinchi/kaldi/egs/timit/s5_la4/fbank/raw_fbank_train.4.ark:8779195
mdbp0_sx78 /nfs-share/xinchi/kaldi/egs/timit/s5_la4/fbank/raw_fbank_train.2.ark:6386214
fjxp0_sx312 /nfs-share/xinchi/kaldi/egs/timit/s5_la4/fbank/raw_fbank_train.1.ark:6138785
mjae0_si1999 /nfs-share/xinchi/kaldi/egs/timit/s5_la4/fbank/raw_fbank_train.3.ark:1778010
mrjb1_si1413 /nfs-share/xinchi/kaldi/egs/timit/s5_la4/fbank/raw_fbank_train.4.ark:2587324
mbef0_si1281 /nfs-share/xinchi/kaldi/egs/timit/s5_la4/fbank/raw_fbank_train.2.ark:3458623
fgrw0_sx252 /nfs-share/xinchi/kaldi/egs/timit/s5_la4/fbank/raw_fbank_train.1.ark:4562491
fvfb0_sx402 /nfs-share/xinchi/kaldi/egs/timit/s5_la4/fbank/raw_fbank_train.2.ark:1808529
mdef0_si1563 /nfs-share/xinchi/kaldi/egs/timit/s5_la4/fbank/raw_fbank_train.2.ark:6807502
mklw0_sx41 /nfs-share/xinchi/kaldi/egs/timit/s5_la4/fbank/raw_fbank_train.3.ark:7029952
fdml0_sx69 /nfs-share/xinchi/kaldi/egs/timit/s5_la4/fbank/raw_fbank_train.1.ark:2974451
mprd0_sx171 /nfs-share/xinchi/kaldi/egs/timit/s5_la4/fbank/raw_fbank_train.4.ark:211109
mjfh0_si477 /nfs-share/xinchi/kaldi/egs/timit/s5_la4/fbank/raw_fbank_train.3.ark:2905800
fsah0_sx434 /nfs-share/xinchi/kaldi/egs/timit/s5_la4/fbank/raw_fbank_train.1.ark:11080938
mddc0_sx249 /nfs-share/xinchi/kaldi/egs/timit/s5_la4/fbank/raw_fbank_train.2.ark:6640591
mmbs0_sx161 /nfs-share/xinchi/kaldi/egs/timit/s5_la4/fbank/raw_fbank_train.3.ark:8435852
mhmr0_si1119 /nfs-share/xinchi/kaldi/egs/timit/s5_la4/fbank/raw_fbank_train.3.ark:1275495
fpad0_sx446 /nfs-share/xinchi/kaldi/egs/timit/s5_la4/fbank/raw_fbank_train.1.ark:10070969
fkfb0_sx438 /nfs-share/xinchi/kaldi/egs/timit/s5_la4/fbank/raw_fbank_train.1.ark:6572919
mdhl0_sx449 /nfs-share/xinchi/kaldi/egs/timit/s5_la4/fbank/raw_fbank_train.2.ark:7072157
marc0_si558 /nfs-share/xinchi/kaldi/egs/timit/s5_la4/fbank/raw_fbank_train.2.ark:3007445
mtrr0_si1548 /nfs-share/xinchi/kaldi/egs/timit/s5_la4/fbank/raw_fbank_train.4.ark:9810871
mesj0_si2039 /nfs-share/xinchi/kaldi/egs/timit/s5_la4/fbank/raw_fbank_train.2.ark:10223743
mbar0_sx149 /nfs-share/xinchi/kaldi/egs/timit/s5_la4/fbank/raw_fbank_train.2.ark:3211368
mkdb0_si872 /nfs-share/xinchi/kaldi/egs/timit/s5_la4/fbank/raw_fbank_train.3.ark:6078961
fkaa0_sx218 /nfs-share/xinchi/kaldi/egs/timit/s5_la4/fbank/raw_fbank_train.1.ark:6224017
mtjm0_sx146 /nfs-share/xinchi/kaldi/egs/timit/s5_la4/fbank/raw_fbank_train.4.ark:8228531
msah1_sx149 /nfs-share/xinchi/kaldi/egs/timit/s5_la4/fbank/raw_fbank_train.4.ark:5250245
fjhk0_sx392 /nfs-share/xinchi/kaldi/egs/timit/s5_la4/fbank/raw_fbank_train.1.ark:5147679
mmdb0_sx447 /nfs-share/xinchi/kaldi/egs/timit/s5_la4/fbank/raw_fbank_train.3.ark:8678281
flag0_sx294 /nfs-share/xinchi/kaldi/egs/timit/s5_la4/fbank/raw_fbank_train.1.ark:7294734
makr0_sx452 /nfs-share/xinchi/kaldi/egs/timit/s5_la4/fbank/raw_fbank_train.2.ark:2865087
ftlg0_sx303 /nfs-share/xinchi/kaldi/egs/timit/s5_la4/fbank/raw_fbank_train.2.ark:1610605
mjjm0_sx107 /nfs-share/xinchi/kaldi/egs/timit/s5_la4/fbank/raw_fbank_train.3.ark:3432518
mrso0_sx129 /nfs-share/xinchi/kaldi/egs/timit/s5_la4/fbank/raw_fbank_train.4.ark:4444884
mmws0_si559 /nfs-share/xinchi/kaldi/egs/timit/s5_la4/fbank/raw_fbank_train.3.ark:10283741
fsjg0_sx130 /nfs-share/xinchi/kaldi/egs/timit/s5_la4/fbank/raw_fbank_train.1.ark:11754335
mrlj1_si2332 /nfs-share/xinchi/kaldi/egs/timit/s5_la4/fbank/raw_fbank_train.4.ark:3442757
fdkn0_sx91 /nfs-share/xinchi/kaldi/egs/timit/s5_la4/fbank/raw_fbank_train.1.ark:2888105
mwad0_si2322 /nfs-share/xinchi/kaldi/egs/timit/s5_la4/fbank/raw_fbank_train.4.ark:10619860
msdh0_sx440 /nfs-share/xinchi/kaldi/egs/timit/s5_la4/fbank/raw_fbank_train.4.ark:5739031
mrmb0_sx231 /nfs-share/xinchi/kaldi/egs/timit/s5_la4/fbank/raw_fbank_train.4.ark:3744258
mwsh0_sx256 /nfs-share/xinchi/kaldi/egs/timit/s5_la4/fbank/raw_fbank_train.4.ark:11505192
mabc0_si1620 /nfs-share/xinchi/kaldi/egs/timit/s5_la4/fbank/raw_fbank_train.2.ark:2020165
mfwk0_si619 /nfs-share/xinchi/kaldi/egs/timit/s5_la4/fbank/raw_fbank_train.2.ark:10699534
mcdc0_sx302 /nfs-share/xinchi/kaldi/egs/timit/s5_la4/fbank/raw_fbank_train.2.ark:4678806
freh0_si1315 /nfs-share/xinchi/kaldi/egs/timit/s5_la4/fbank/raw_fbank_train.1.ark:10601759
fbcg1_si1612 /nfs-share/xinchi/kaldi/egs/timit/s5_la4/fbank/raw_fbank_train.1.ark:633960
mjrp0_sx315 /nfs-share/xinchi/kaldi/egs/timit/s5_la4/fbank/raw_fbank_train.3.ark:4974907
medr0_si1374 /nfs-share/xinchi/kaldi/egs/timit/s5_la4/fbank/raw_fbank_train.2.ark:9638077
mesg0_si1962 /nfs-share/xinchi/kaldi/egs/timit/s5_la4/fbank/raw_fbank_train.2.ark:10137152
fklc0_sx265 /nfs-share/xinchi/kaldi/egs/timit/s5_la4/fbank/raw_fbank_train.1.ark:6772263
mrpc1_sx42 /nfs-share/xinchi/kaldi/egs/timit/s5_la4/fbank/raw_fbank_train.4.ark:4269685
mdlc1_sx175 /nfs-share/xinchi/kaldi/egs/timit/s5_la4/fbank/raw_fbank_train.2.ark:7650210
mwac0_sx161 /nfs-share/xinchi/kaldi/egs/timit/s5_la4/fbank/raw_fbank_train.4.ark:10524227
fcjs0_sx167 /nfs-share/xinchi/kaldi/egs/timit/s5_la4/fbank/raw_fbank_train.1.ark:1748055
fblv0_si1688 /nfs-share/xinchi/kaldi/egs/timit/s5_la4/fbank/raw_fbank_train.1.ark:954508
mesg0_sx252 /nfs-share/xinchi/kaldi/egs/timit/s5_la4/fbank/raw_fbank_train.2.ark:10176211
mrlj0_si790 /nfs-share/xinchi/kaldi/egs/timit/s5_la4/fbank/raw_fbank_train.4.ark:3345411
mtjm0_sx416 /nfs-share/xinchi/kaldi/egs/timit/s5_la4/fbank/raw_fbank_train.4.ark:8258950
fkaa0_sx38 /nfs-share/xinchi/kaldi/egs/timit/s5_la4/fbank/raw_fbank_train.1.ark:6252282
fsms1_sx154 /nfs-share/xinchi/kaldi/egs/timit/s5_la4/fbank/raw_fbank_train.2.ark:888925
mrkm0_si637 /nfs-share/xinchi/kaldi/egs/timit/s5_la4/fbank/raw_fbank_train.4.ark:3152843
mbsb0_si1353 /nfs-share/xinchi/kaldi/egs/timit/s5_la4/fbank/raw_fbank_train.2.ark:4112320
mdpb0_sx236 /nfs-share/xinchi/kaldi/egs/timit/s5_la4/fbank/raw_fbank_train.2.ark:8560908
mdlh0_sx160 /nfs-share/xinchi/kaldi/egs/timit/s5_la4/fbank/raw_fbank_train.2.ark:7830179
mrfk0_sx356 /nfs-share/xinchi/kaldi/egs/timit/s5_la4/fbank/raw_fbank_train.4.ark:2107133
fpad0_si1346 /nfs-share/xinchi/kaldi/egs/timit/s5_la4/fbank/raw_fbank_train.1.ark:9984130
mgsl0_sx354 /nfs-share/xinchi/kaldi/egs/timit/s5_la4/fbank/raw_fbank_train.3.ark:767593
mdlr1_si1929 /nfs-share/xinchi/kaldi/egs/timit/s5_la4/fbank/raw_fbank_train.2.ark:8100748
mwch0_sx182 /nfs-share/xinchi/kaldi/egs/timit/s5_la4/fbank/raw_fbank_train.4.ark:10802985
fjhk0_sx32 /nfs-share/xinchi/kaldi/egs/timit/s5_la4/fbank/raw_fbank_train.1.ark:5137126
mbwp0_si1969 /nfs-share/xinchi/kaldi/egs/timit/s5_la4/fbank/raw_fbank_train.2.ark:4299001
mhrm0_sx148 /nfs-share/xinchi/kaldi/egs/timit/s5_la4/fbank/raw_fbank_train.3.ark:1409660
mtat1_si1409 /nfs-share/xinchi/kaldi/egs/timit/s5_la4/fbank/raw_fbank_train.4.ark:7451816
mvlo0_sx337 /nfs-share/xinchi/kaldi/egs/timit/s5_la4/fbank/raw_fbank_train.4.ark:10363003
fdml0_si2075 /nfs-share/xinchi/kaldi/egs/timit/s5_la4/fbank/raw_fbank_train.1.ark:2925927
msdb0_si1007 /nfs-share/xinchi/kaldi/egs/timit/s5_la4/fbank/raw_fbank_train.4.ark:5591246
fmkc0_sx172 /nfs-share/xinchi/kaldi/egs/timit/s5_la4/fbank/raw_fbank_train.1.ark:9174915
flac0_sx181 /nfs-share/xinchi/kaldi/egs/timit/s5_la4/fbank/raw_fbank_train.1.ark:7149931
fsah0_sx74 /nfs-share/xinchi/kaldi/egs/timit/s5_la4/fbank/raw_fbank_train.1.ark:11091770
mrtc0_si828 /nfs-share/xinchi/kaldi/egs/timit/s5_la4/fbank/raw_fbank_train.4.ark:4654141
mdlr0_sx243 /nfs-share/xinchi/kaldi/egs/timit/s5_la4/fbank/raw_fbank_train.2.ark:8032982
mdks0_si1696 /nfs-share/xinchi/kaldi/egs/timit/s5_la4/fbank/raw_fbank_train.2.ark:7290587
fsmm0_si1944 /nfs-share/xinchi/kaldi/egs/timit/s5_la4/fbank/raw_fbank_train.2.ark:756034
msat0_sx356 /nfs-share/xinchi/kaldi/egs/timit/s5_la4/fbank/raw_fbank_train.4.ark:5466801
mtat1_sx239 /nfs-share/xinchi/kaldi/egs/timit/s5_la4/fbank/raw_fbank_train.4.ark:7507629
feme0_sx425 /nfs-share/xinchi/kaldi/egs/timit/s5_la4/fbank/raw_fbank_train.1.ark:3940285
fsrh0_si671 /nfs-share/xinchi/kaldi/egs/timit/s5_la4/fbank/raw_fbank_train.2.ark:1075742
mwgr0_si1606 /nfs-share/xinchi/kaldi/egs/timit/s5_la4/fbank/raw_fbank_train.4.ark:11059921
mmds0_sx443 /nfs-share/xinchi/kaldi/egs/timit/s5_la4/fbank/raw_fbank_train.3.ark:9062901
fdaw0_sx56 /nfs-share/xinchi/kaldi/egs/timit/s5_la4/fbank/raw_fbank_train.1.ark:2595188
fjwb1_si2055 /nfs-share/xinchi/kaldi/egs/timit/s5_la4/fbank/raw_fbank_train.1.ark:5876770
fsbk0_sx259 /nfs-share/xinchi/kaldi/egs/timit/s5_la4/fbank/raw_fbank_train.1.ark:11243963
mclm0_si2086 /nfs-share/xinchi/kaldi/egs/timit/s5_la4/fbank/raw_fbank_train.2.ark:5347530
mjeb0_si1286 /nfs-share/xinchi/kaldi/egs/timit/s5_la4/fbank/raw_fbank_train.3.ark:2582618
mcpm0_si564 /nfs-share/xinchi/kaldi/egs/timit/s5_la4/fbank/raw_fbank_train.2.ark:5449868
mdas0_si1896 /nfs-share/xinchi/kaldi/egs/timit/s5_la4/fbank/raw_fbank_train.2.ark:6116729
mjkr0_sx211 /nfs-share/xinchi/kaldi/egs/timit/s5_la4/fbank/raw_fbank_train.3.ark:3542776
msdb0_sx17 /nfs-share/xinchi/kaldi/egs/timit/s5_la4/fbank/raw_fbank_train.4.ark:5631579
mgak0_sx406 /nfs-share/xinchi/kaldi/egs/timit/s5_la4/fbank/raw_fbank_train.2.ark:11227873
mpar0_sx136 /nfs-share/xinchi/kaldi/egs/timit/s5_la4/fbank/raw_fbank_train.3.ark:10765690
mhmr0_sx39 /nfs-share/xinchi/kaldi/egs/timit/s5_la4/fbank/raw_fbank_train.3.ark:1357573
mtcs0_sx82 /nfs-share/xinchi/kaldi/egs/timit/s5_la4/fbank/raw_fbank_train.4.ark:7750417
mdlh0_si1960 /nfs-share/xinchi/kaldi/egs/timit/s5_la4/fbank/raw_fbank_train.2.ark:7791800
mkls0_si1437 /nfs-share/xinchi/kaldi/egs/timit/s5_la4/fbank/raw_fbank_train.3.ark:6736749
mbwp0_si1531 /nfs-share/xinchi/kaldi/egs/timit/s5_la4/fbank/raw_fbank_train.2.ark:4292407
mdps0_sx269 /nfs-share/xinchi/kaldi/egs/timit/s5_la4/fbank/raw_fbank_train.2.ark:8738078
mdlc2_si2244 /nfs-share/xinchi/kaldi/egs/timit/s5_la4/fbank/raw_fbank_train.2.ark:7712169
mtbc0_si1803 /nfs-share/xinchi/kaldi/egs/timit/s5_la4/fbank/raw_fbank_train.4.ark:7571675
makr0_si722 /nfs-share/xinchi/kaldi/egs/timit/s5_la4/fbank/raw_fbank_train.2.ark:2831235
fclt0_si808 /nfs-share/xinchi/kaldi/egs/timit/s5_la4/fbank/raw_fbank_train.1.ark:1920912
msfh0_sx46 /nfs-share/xinchi/kaldi/egs/timit/s5_la4/fbank/raw_fbank_train.4.ark:6209605
fdnc0_sx288 /nfs-share/xinchi/kaldi/egs/timit/s5_la4/fbank/raw_fbank_train.1.ark:3205908
marw0_si1276 /nfs-share/xinchi/kaldi/egs/timit/s5_la4/fbank/raw_fbank_train.2.ark:3072083
mpgr0_si1410 /nfs-share/xinchi/kaldi/egs/timit/s5_la4/fbank/raw_fbank_train.3.ark:11098649
mkaj0_sx424 /nfs-share/xinchi/kaldi/egs/timit/s5_la4/fbank/raw_fbank_train.3.ark:5931403
fcjs0_si2237 /nfs-share/xinchi/kaldi/egs/timit/s5_la4/fbank/raw_fbank_train.1.ark:1729509
msmc0_si509 /nfs-share/xinchi/kaldi/egs/timit/s5_la4/fbank/raw_fbank_train.4.ark:6449402
fssb0_sx92 /nfs-share/xinchi/kaldi/egs/timit/s5_la4/fbank/raw_fbank_train.2.ark:1249132
mrtj0_si772 /nfs-share/xinchi/kaldi/egs/timit/s5_la4/fbank/raw_fbank_train.4.ark:4753366
mejl0_sx242 /nfs-share/xinchi/kaldi/egs/timit/s5_la4/fbank/raw_fbank_train.2.ark:9981641
mdlc0_si765 /nfs-share/xinchi/kaldi/egs/timit/s5_la4/fbank/raw_fbank_train.2.ark:7540791
flet0_si1137 /nfs-share/xinchi/kaldi/egs/timit/s5_la4/fbank/raw_fbank_train.1.ark:7421587
flja0_si2338 /nfs-share/xinchi/kaldi/egs/timit/s5_la4/fbank/raw_fbank_train.1.ark:7639826
mjlb0_sx356 /nfs-share/xinchi/kaldi/egs/timit/s5_la4/fbank/raw_fbank_train.3.ark:3647434
ftmg0_sx92 /nfs-share/xinchi/kaldi/egs/timit/s5_la4/fbank/raw_fbank_train.2.ark:1726095
msjk0_si966 /nfs-share/xinchi/kaldi/egs/timit/s5_la4/fbank/raw_fbank_train.4.ark:6361251
mjpm0_sx288 /nfs-share/xinchi/kaldi/egs/timit/s5_la4/fbank/raw_fbank_train.3.ark:4307083
mmdb0_sx177 /nfs-share/xinchi/kaldi/egs/timit/s5_la4/fbank/raw_fbank_train.3.ark:8646222
mjmm0_si1255 /nfs-share/xinchi/kaldi/egs/timit/s5_la4/fbank/raw_fbank_train.3.ark:4051795
milb0_sx93 /nfs-share/xinchi/kaldi/egs/timit/s5_la4/fbank/raw_fbank_train.3.ark:1656117
mrew1_sx240 /nfs-share/xinchi/kaldi/egs/timit/s5_la4/fbank/raw_fbank_train.4.ark:1997234
mlsh0_sx67 /nfs-share/xinchi/kaldi/egs/timit/s5_la4/fbank/raw_fbank_train.3.ark:7850872
msah1_sx329 /nfs-share/xinchi/kaldi/egs/timit/s5_la4/fbank/raw_fbank_train.4.ark:5273631
fpac0_sx211 /nfs-share/xinchi/kaldi/egs/timit/s5_la4/fbank/raw_fbank_train.1.ark:9938598
mwgr0_sx166 /nfs-share/xinchi/kaldi/egs/timit/s5_la4/fbank/raw_fbank_train.4.ark:11095821
mtkp0_sx123 /nfs-share/xinchi/kaldi/egs/timit/s5_la4/fbank/raw_fbank_train.4.ark:8651111
mtpg0_sx213 /nfs-share/xinchi/kaldi/egs/timit/s5_la4/fbank/raw_fbank_train.4.ark:9348480
fcmm0_si453 /nfs-share/xinchi/kaldi/egs/timit/s5_la4/fbank/raw_fbank_train.1.ark:2135483
mjrp0_sx405 /nfs-share/xinchi/kaldi/egs/timit/s5_la4/fbank/raw_fbank_train.3.ark:4985900
mcxm0_sx451 /nfs-share/xinchi/kaldi/egs/timit/s5_la4/fbank/raw_fbank_train.2.ark:5978364
mjdm0_sx350 /nfs-share/xinchi/kaldi/egs/timit/s5_la4/fbank/raw_fbank_train.3.ark:2539959
fcyl0_sx217 /nfs-share/xinchi/kaldi/egs/timit/s5_la4/fbank/raw_fbank_train.1.ark:2348999
mprd0_sx441 /nfs-share/xinchi/kaldi/egs/timit/s5_la4/fbank/raw_fbank_train.4.ark:254728
fcjf0_sx397 /nfs-share/xinchi/kaldi/egs/timit/s5_la4/fbank/raw_fbank_train.1.ark:1712121
fdxw0_sx161 /nfs-share/xinchi/kaldi/egs/timit/s5_la4/fbank/raw_fbank_train.1.ark:3373381
mjxl0_si1172 /nfs-share/xinchi/kaldi/egs/timit/s5_la4/fbank/raw_fbank_train.3.ark:5556730
fljd0_si1516 /nfs-share/xinchi/kaldi/egs/timit/s5_la4/fbank/raw_fbank_train.1.ark:7716864
fsjg0_si2200 /nfs-share/xinchi/kaldi/egs/timit/s5_la4/fbank/raw_fbank_train.1.ark:11719189
mclk0_sx40 /nfs-share/xinchi/kaldi/egs/timit/s5_la4/fbank/raw_fbank_train.2.ark:5312549
mrhl0_sx345 /nfs-share/xinchi/kaldi/egs/timit/s5_la4/fbank/raw_fbank_train.4.ark:2538671
mmgk0_sx242 /nfs-share/xinchi/kaldi/egs/timit/s5_la4/fbank/raw_fbank_train.3.ark:9484320
mges0_si1481 /nfs-share/xinchi/kaldi/egs/timit/s5_la4/fbank/raw_fbank_train.3.ark:193384
mrds0_si537 /nfs-share/xinchi/kaldi/egs/timit/s5_la4/fbank/raw_fbank_train.4.ark:1576868
mcdc0_sx122 /nfs-share/xinchi/kaldi/egs/timit/s5_la4/fbank/raw_fbank_train.2.ark:4651980
msds0_sx447 /nfs-share/xinchi/kaldi/egs/timit/s5_la4/fbank/raw_fbank_train.4.ark:5860057
mdsj0_sx22 /nfs-share/xinchi/kaldi/egs/timit/s5_la4/fbank/raw_fbank_train.2.ark:8945607
mgak0_si2296 /nfs-share/xinchi/kaldi/egs/timit/s5_la4/fbank/raw_fbank_train.2.ark:11173381
flod0_sx297 /nfs-share/xinchi/kaldi/egs/timit/s5_la4/fbank/raw_fbank_train.1.ark:8400653
fsdj0_sx395 /nfs-share/xinchi/kaldi/egs/timit/s5_la4/fbank/raw_fbank_train.1.ark:11595016
fexm0_sx201 /nfs-share/xinchi/kaldi/egs/timit/s5_la4/fbank/raw_fbank_train.1.ark:4116669
mjdm0_si1937 /nfs-share/xinchi/kaldi/egs/timit/s5_la4/fbank/raw_fbank_train.3.ark:2495267
fdkn0_sx181 /nfs-share/xinchi/kaldi/egs/timit/s5_la4/fbank/raw_fbank_train.1.ark:2828094
msas0_sx116 /nfs-share/xinchi/kaldi/egs/timit/s5_la4/fbank/raw_fbank_train.4.ark:5359590
mejs0_sx160 /nfs-share/xinchi/kaldi/egs/timit/s5_la4/fbank/raw_fbank_train.2.ark:10067273
flod0_si1917 /nfs-share/xinchi/kaldi/egs/timit/s5_la4/fbank/raw_fbank_train.1.ark:8344568
mtcs0_si2265 /nfs-share/xinchi/kaldi/egs/timit/s5_la4/fbank/raw_fbank_train.4.ark:7670060
mcal0_sx58 /nfs-share/xinchi/kaldi/egs/timit/s5_la4/fbank/raw_fbank_train.2.ark:4604566
mjlb0_sx86 /nfs-share/xinchi/kaldi/egs/timit/s5_la4/fbank/raw_fbank_train.3.ark:3669019
fsak0_sx310 /nfs-share/xinchi/kaldi/egs/timit/s5_la4/fbank/raw_fbank_train.1.ark:11163130
mrfl0_si526 /nfs-share/xinchi/kaldi/egs/timit/s5_la4/fbank/raw_fbank_train.4.ark:2166259
mjae0_sx174 /nfs-share/xinchi/kaldi/egs/timit/s5_la4/fbank/raw_fbank_train.3.ark:1797037
mfmc0_si502 /nfs-share/xinchi/kaldi/egs/timit/s5_la4/fbank/raw_fbank_train.2.ark:10506443
madc0_sx107 /nfs-share/xinchi/kaldi/egs/timit/s5_la4/fbank/raw_fbank_train.2.ark:2154410
mhjb0_si1017 /nfs-share/xinchi/kaldi/egs/timit/s5_la4/fbank/raw_fbank_train.3.ark:1105444
mfer0_si1492 /nfs-share/xinchi/kaldi/egs/timit/s5_la4/fbank/raw_fbank_train.2.ark:10396911
mrdm0_si1044 /nfs-share/xinchi/kaldi/egs/timit/s5_la4/fbank/raw_fbank_train.4.ark:1458576
mbef0_si1911 /nfs-share/xinchi/kaldi/egs/timit/s5_la4/fbank/raw_fbank_train.2.ark:3471977
mtmt0_sx398 /nfs-share/xinchi/kaldi/egs/timit/s5_la4/fbank/raw_fbank_train.4.ark:9192728
mrlj1_si1671 /nfs-share/xinchi/kaldi/egs/timit/s5_la4/fbank/raw_fbank_train.4.ark:3414689
mgag0_sx151 /nfs-share/xinchi/kaldi/egs/timit/s5_la4/fbank/raw_fbank_train.2.ark:11092268
mmws0_sx168 /nfs-share/xinchi/kaldi/egs/timit/s5_la4/fbank/raw_fbank_train.3.ark:10305487
mrml0_si1421 /nfs-share/xinchi/kaldi/egs/timit/s5_la4/fbank/raw_fbank_train.4.ark:3977682
fvfb0_sx42 /nfs-share/xinchi/kaldi/egs/timit/s5_la4/fbank/raw_fbank_train.2.ark:1817921
mlns0_sx57 /nfs-share/xinchi/kaldi/egs/timit/s5_la4/fbank/raw_fbank_train.3.ark:7750767
mdlc0_si1395 /nfs-share/xinchi/kaldi/egs/timit/s5_la4/fbank/raw_fbank_train.2.ark:7502404
msfv0_si632 /nfs-share/xinchi/kaldi/egs/timit/s5_la4/fbank/raw_fbank_train.4.ark:6246746
msas0_sx386 /nfs-share/xinchi/kaldi/egs/timit/s5_la4/fbank/raw_fbank_train.4.ark:5407601
mzmb0_sx446 /nfs-share/xinchi/kaldi/egs/timit/s5_la4/fbank/raw_fbank_train.4.ark:11636003
mjjj0_sx353 /nfs-share/xinchi/kaldi/egs/timit/s5_la4/fbank/raw_fbank_train.3.ark:3349959
fmah1_sx69 /nfs-share/xinchi/kaldi/egs/timit/s5_la4/fbank/raw_fbank_train.1.ark:8606577
mrhl0_si1515 /nfs-share/xinchi/kaldi/egs/timit/s5_la4/fbank/raw_fbank_train.4.ark:2482145
mkah0_sx88 /nfs-share/xinchi/kaldi/egs/timit/s5_la4/fbank/raw_fbank_train.3.ark:5851650
mwrp0_sx183 /nfs-share/xinchi/kaldi/egs/timit/s5_la4/fbank/raw_fbank_train.4.ark:11299673
mdtb0_sx120 /nfs-share/xinchi/kaldi/egs/timit/s5_la4/fbank/raw_fbank_train.2.ark:9197370
mdhs0_sx360 /nfs-share/xinchi/kaldi/egs/timit/s5_la4/fbank/raw_fbank_train.2.ark:7155989
mrmh0_sx301 /nfs-share/xinchi/kaldi/egs/timit/s5_la4/fbank/raw_fbank_train.4.ark:3950783
fsag0_sx153 /nfs-share/xinchi/kaldi/egs/timit/s5_la4/fbank/raw_fbank_train.1.ark:10911254
mkam0_sx236 /nfs-share/xinchi/kaldi/egs/timit/s5_la4/fbank/raw_fbank_train.3.ark:6010883
fbas0_sx397 /nfs-share/xinchi/kaldi/egs/timit/s5_la4/fbank/raw_fbank_train.1.ark:620366
mmdm1_si783 /nfs-share/xinchi/kaldi/egs/timit/s5_la4/fbank/raw_fbank_train.3.ark:8917784
mjls0_si466 /nfs-share/xinchi/kaldi/egs/timit/s5_la4/fbank/raw_fbank_train.3.ark:3806186
mfxv0_si1635 /nfs-share/xinchi/kaldi/egs/timit/s5_la4/fbank/raw_fbank_train.2.ark:10905066
mkrg0_sx31 /nfs-share/xinchi/kaldi/egs/timit/s5_la4/fbank/raw_fbank_train.3.ark:7110031
mrjm0_sx238 /nfs-share/xinchi/kaldi/egs/timit/s5_la4/fbank/raw_fbank_train.4.ark:2855794
mcef0_si1765 /nfs-share/xinchi/kaldi/egs/timit/s5_la4/fbank/raw_fbank_train.2.ark:4924789
mkaj0_sx154 /nfs-share/xinchi/kaldi/egs/timit/s5_la4/fbank/raw_fbank_train.3.ark:5901744
mwad0_si1749 /nfs-share/xinchi/kaldi/egs/timit/s5_la4/fbank/raw_fbank_train.4.ark:10614866
mmgc0_sx45 /nfs-share/xinchi/kaldi/egs/timit/s5_la4/fbank/raw_fbank_train.3.ark:9338767
mmds0_si1973 /nfs-share/xinchi/kaldi/egs/timit/s5_la4/fbank/raw_fbank_train.3.ark:9018056
mdef0_sx213 /nfs-share/xinchi/kaldi/egs/timit/s5_la4/fbank/raw_fbank_train.2.ark:6839562
mcdc0_si1292 /nfs-share/xinchi/kaldi/egs/timit/s5_la4/fbank/raw_fbank_train.2.ark:4620320
mjee0_sx337 /nfs-share/xinchi/kaldi/egs/timit/s5_la4/fbank/raw_fbank_train.3.ark:2844674
mhjb0_sx297 /nfs-share/xinchi/kaldi/egs/timit/s5_la4/fbank/raw_fbank_train.3.ark:1167003
mded0_sx450 /nfs-share/xinchi/kaldi/egs/timit/s5_la4/fbank/raw_fbank_train.2.ark:6762322
madd0_sx178 /nfs-share/xinchi/kaldi/egs/timit/s5_la4/fbank/raw_fbank_train.2.ark:2243915
mbef0_sx381 /nfs-share/xinchi/kaldi/egs/timit/s5_la4/fbank/raw_fbank_train.2.ark:3531414
fdjh0_sx35 /nfs-share/xinchi/kaldi/egs/timit/s5_la4/fbank/raw_fbank_train.1.ark:2764726
fleh0_sx151 /nfs-share/xinchi/kaldi/egs/timit/s5_la4/fbank/raw_fbank_train.1.ark:7358062
mmwb0_si2249 /nfs-share/xinchi/kaldi/egs/timit/s5_la4/fbank/raw_fbank_train.3.ark:10154317
mfwk0_sx349 /nfs-share/xinchi/kaldi/egs/timit/s5_la4/fbank/raw_fbank_train.2.ark:10733113
feme0_sx335 /nfs-share/xinchi/kaldi/egs/timit/s5_la4/fbank/raw_fbank_train.1.ark:3920852
mclk0_sx400 /nfs-share/xinchi/kaldi/egs/timit/s5_la4/fbank/raw_fbank_train.2.ark:5324102
fpad0_si1976 /nfs-share/xinchi/kaldi/egs/timit/s5_la4/fbank/raw_fbank_train.1.ark:9998244
msrr0_sx411 /nfs-share/xinchi/kaldi/egs/timit/s5_la4/fbank/raw_fbank_train.4.ark:6903506
fdtd0_si2191 /nfs-share/xinchi/kaldi/egs/timit/s5_la4/fbank/raw_fbank_train.1.ark:3248609
mmdg0_si1780 /nfs-share/xinchi/kaldi/egs/timit/s5_la4/fbank/raw_fbank_train.3.ark:8694547
fjdm2_sx232 /nfs-share/xinchi/kaldi/egs/timit/s5_la4/fbank/raw_fbank_train.1.ark:4892729
mjra0_si1866 /nfs-share/xinchi/kaldi/egs/timit/s5_la4/fbank/raw_fbank_train.3.ark:4442129
fmpg0_si1602 /nfs-share/xinchi/kaldi/egs/timit/s5_la4/fbank/raw_fbank_train.1.ark:9445206
fceg0_sx258 /nfs-share/xinchi/kaldi/egs/timit/s5_la4/fbank/raw_fbank_train.1.ark:1598238
fjrp1_sx82 /nfs-share/xinchi/kaldi/egs/timit/s5_la4/fbank/raw_fbank_train.1.ark:5663005
mdwh0_si665 /nfs-share/xinchi/kaldi/egs/timit/s5_la4/fbank/raw_fbank_train.2.ark:9372468
mmgc0_sx315 /nfs-share/xinchi/kaldi/egs/timit/s5_la4/fbank/raw_fbank_train.3.ark:9317142
fhxs0_sx265 /nfs-share/xinchi/kaldi/egs/timit/s5_la4/fbank/raw_fbank_train.1.ark:4794663
mded0_si540 /nfs-share/xinchi/kaldi/egs/timit/s5_la4/fbank/raw_fbank_train.2.ark:6707190
mkxl0_si1185 /nfs-share/xinchi/kaldi/egs/timit/s5_la4/fbank/raw_fbank_train.3.ark:7137530
fkfb0_si1608 /nfs-share/xinchi/kaldi/egs/timit/s5_la4/fbank/raw_fbank_train.1.ark:6491200
fvkb0_sx349 /nfs-share/xinchi/kaldi/egs/timit/s5_la4/fbank/raw_fbank_train.2.ark:1882681
fklh0_si1257 /nfs-share/xinchi/kaldi/egs/timit/s5_la4/fbank/raw_fbank_train.1.ark:6919781
mtlb0_si1134 /nfs-share/xinchi/kaldi/egs/timit/s5_la4/fbank/raw_fbank_train.4.ark:8704156
msfv0_sx452 /nfs-share/xinchi/kaldi/egs/timit/s5_la4/fbank/raw_fbank_train.4.ark:6302878
fear0_sx442 /nfs-share/xinchi/kaldi/egs/timit/s5_la4/fbank/raw_fbank_train.1.ark:3608410
mjma0_sx325 /nfs-share/xinchi/kaldi/egs/timit/s5_la4/fbank/raw_fbank_train.3.ark:3936270
mrem0_sx331 /nfs-share/xinchi/kaldi/egs/timit/s5_la4/fbank/raw_fbank_train.4.ark:1920762
mdss1_si1713 /nfs-share/xinchi/kaldi/egs/timit/s5_la4/fbank/raw_fbank_train.2.ark:9091199
fjkl0_si2192 /nfs-share/xinchi/kaldi/egs/timit/s5_la4/fbank/raw_fbank_train.1.ark:5164747
mtrc0_sx183 /nfs-share/xinchi/kaldi/egs/timit/s5_la4/fbank/raw_fbank_train.4.ark:9775379
mree0_sx24 /nfs-share/xinchi/kaldi/egs/timit/s5_la4/fbank/raw_fbank_train.4.ark:1714592
mgaw0_sx175 /nfs-share/xinchi/kaldi/egs/timit/s5_la4/fbank/raw_fbank_train.3.ark:141259
mdlr0_sx333 /nfs-share/xinchi/kaldi/egs/timit/s5_la4/fbank/raw_fbank_train.2.ark:8045855
mhmg0_sx375 /nfs-share/xinchi/kaldi/egs/timit/s5_la4/fbank/raw_fbank_train.3.ark:1263821
mdef0_si2193 /nfs-share/xinchi/kaldi/egs/timit/s5_la4/fbank/raw_fbank_train.2.ark:6818696
ftbw0_si1975 /nfs-share/xinchi/kaldi/egs/timit/s5_la4/fbank/raw_fbank_train.2.ark:1447209
mmeb0_sx327 /nfs-share/xinchi/kaldi/egs/timit/s5_la4/fbank/raw_fbank_train.3.ark:9208565
mrjm1_si1928 /nfs-share/xinchi/kaldi/egs/timit/s5_la4/fbank/raw_fbank_train.4.ark:2925880
fecd0_sx338 /nfs-share/xinchi/kaldi/egs/timit/s5_la4/fbank/raw_fbank_train.1.ark:3711002
mdss0_si2087 /nfs-share/xinchi/kaldi/egs/timit/s5_la4/fbank/raw_fbank_train.2.ark:9005614
mtqc0_sx271 /nfs-share/xinchi/kaldi/egs/timit/s5_la4/fbank/raw_fbank_train.4.ark:9662555
fsjg0_sx400 /nfs-share/xinchi/kaldi/egs/timit/s5_la4/fbank/raw_fbank_train.1.ark:11821666
mtat0_sx120 /nfs-share/xinchi/kaldi/egs/timit/s5_la4/fbank/raw_fbank_train.4.ark:7401811
mmam0_si2227 /nfs-share/xinchi/kaldi/egs/timit/s5_la4/fbank/raw_fbank_train.3.ark:8213049
mhjb0_si2277 /nfs-share/xinchi/kaldi/egs/timit/s5_la4/fbank/raw_fbank_train.3.ark:1126912
mtpg0_sx303 /nfs-share/xinchi/kaldi/egs/timit/s5_la4/fbank/raw_fbank_train.4.ark:9358673
mhmr0_sx399 /nfs-share/xinchi/kaldi/egs/timit/s5_la4/fbank/raw_fbank_train.3.ark:1368406
mdns0_si1011 /nfs-share/xinchi/kaldi/egs/timit/s5_la4/fbank/raw_fbank_train.2.ark:8401630
mjdg0_sx232 /nfs-share/xinchi/kaldi/egs/timit/s5_la4/fbank/raw_fbank_train.3.ark:2427461
mtrc0_sx170 /nfs-share/xinchi/kaldi/egs/timit/s5_la4/fbank/raw_fbank_train.4.ark:9759386
mtdp0_si1521 /nfs-share/xinchi/kaldi/egs/timit/s5_la4/fbank/raw_fbank_train.4.ark:7869270
madd0_sx358 /nfs-share/xinchi/kaldi/egs/timit/s5_la4/fbank/raw_fbank_train.2.ark:2272341
mvrw0_sx225 /nfs-share/xinchi/kaldi/egs/timit/s5_la4/fbank/raw_fbank_train.4.ark:10445795
mrkm0_sx7 /nfs-share/xinchi/kaldi/egs/timit/s5_la4/fbank/raw_fbank_train.4.ark:3214373
fkfb0_si2238 /nfs-share/xinchi/kaldi/egs/timit/s5_la4/fbank/raw_fbank_train.1.ark:6510554
fcjf0_sx307 /nfs-share/xinchi/kaldi/egs/timit/s5_la4/fbank/raw_fbank_train.1.ark:1696696
mges0_sx401 /nfs-share/xinchi/kaldi/egs/timit/s5_la4/fbank/raw_fbank_train.3.ark:254383
mwem0_si1393 /nfs-share/xinchi/kaldi/egs/timit/s5_la4/fbank/raw_fbank_train.4.ark:10968209
mrws0_si1102 /nfs-share/xinchi/kaldi/egs/timit/s5_la4/fbank/raw_fbank_train.4.ark:5036374
msas0_sx206 /nfs-share/xinchi/kaldi/egs/timit/s5_la4/fbank/raw_fbank_train.4.ark:5369783
fnkl0_sx172 /nfs-share/xinchi/kaldi/egs/timit/s5_la4/fbank/raw_fbank_train.1.ark:9611891
mkes0_sx443 /nfs-share/xinchi/kaldi/egs/timit/s5_la4/fbank/raw_fbank_train.3.ark:6443727
fmbg0_sx260 /nfs-share/xinchi/kaldi/egs/timit/s5_la4/fbank/raw_fbank_train.1.ark:8657992
mhmg0_sx105 /nfs-share/xinchi/kaldi/egs/timit/s5_la4/fbank/raw_fbank_train.3.ark:1225850
mjlb0_si986 /nfs-share/xinchi/kaldi/egs/timit/s5_la4/fbank/raw_fbank_train.3.ark:3613335
fsbk0_sx349 /nfs-share/xinchi/kaldi/egs/timit/s5_la4/fbank/raw_fbank_train.1.ark:11257876
mdac0_sx181 /nfs-share/xinchi/kaldi/egs/timit/s5_la4/fbank/raw_fbank_train.2.ark:6045050
mmam0_sx157 /nfs-share/xinchi/kaldi/egs/timit/s5_la4/fbank/raw_fbank_train.3.ark:8221002
mcpm0_si1194 /nfs-share/xinchi/kaldi/egs/timit/s5_la4/fbank/raw_fbank_train.2.ark:5421321
mkah0_sx358 /nfs-share/xinchi/kaldi/egs/timit/s5_la4/fbank/raw_fbank_train.3.ark:5829345
mntw0_si1698 /nfs-share/xinchi/kaldi/egs/timit/s5_la4/fbank/raw_fbank_train.3.ark:10648958
mgag0_sx241 /nfs-share/xinchi/kaldi/egs/timit/s5_la4/fbank/raw_fbank_train.2.ark:11103621
flmc0_si2002 /nfs-share/xinchi/kaldi/egs/timit/s5_la4/fbank/raw_fbank_train.1.ark:8149397
fjxm0_si1971 /nfs-share/xinchi/kaldi/egs/timit/s5_la4/fbank/raw_fbank_train.1.ark:5982988
ftbr0_sx111 /nfs-share/xinchi/kaldi/egs/timit/s5_la4/fbank/raw_fbank_train.2.ark:1386050
fbch0_si956 /nfs-share/xinchi/kaldi/egs/timit/s5_la4/fbank/raw_fbank_train.1.ark:747058
mkaj0_sx244 /nfs-share/xinchi/kaldi/egs/timit/s5_la4/fbank/raw_fbank_train.3.ark:5910577
mklw0_sx221 /nfs-share/xinchi/kaldi/egs/timit/s5_la4/fbank/raw_fbank_train.3.ark:6986334
fdas1_sx201 /nfs-share/xinchi/kaldi/egs/timit/s5_la4/fbank/raw_fbank_train.1.ark:2458704
mkdd0_si937 /nfs-share/xinchi/kaldi/egs/timit/s5_la4/fbank/raw_fbank_train.3.ark:6191026
mcew0_sx182 /nfs-share/xinchi/kaldi/egs/timit/s5_la4/fbank/raw_fbank_train.2.ark:5058000
mcpm0_sx294 /nfs-share/xinchi/kaldi/egs/timit/s5_la4/fbank/raw_fbank_train.2.ark:5495359
fssb0_sx272 /nfs-share/xinchi/kaldi/egs/timit/s5_la4/fbank/raw_fbank_train.2.ark:1205394
mgak0_sx316 /nfs-share/xinchi/kaldi/egs/timit/s5_la4/fbank/raw_fbank_train.2.ark:11216160
mjhi0_si1328 /nfs-share/xinchi/kaldi/egs/timit/s5_la4/fbank/raw_fbank_train.3.ark:3072543
mpgr0_si780 /nfs-share/xinchi/kaldi/egs/timit/s5_la4/fbank/raw_fbank_train.3.ark:11122436
mdsj0_si832 /nfs-share/xinchi/kaldi/egs/timit/s5_la4/fbank/raw_fbank_train.2.ark:8922902
flja0_si1078 /nfs-share/xinchi/kaldi/egs/timit/s5_la4/fbank/raw_fbank_train.1.ark:7609278
mrvg0_sx330 /nfs-share/xinchi/kaldi/egs/timit/s5_la4/fbank/raw_fbank_train.4.ark:4904090
mmgc0_sx135 /nfs-share/xinchi/kaldi/egs/timit/s5_la4/fbank/raw_fbank_train.3.ark:9296596
mrws0_sx22 /nfs-share/xinchi/kaldi/egs/timit/s5_la4/fbank/raw_fbank_train.4.ark:5089259
msds0_sx87 /nfs-share/xinchi/kaldi/egs/timit/s5_la4/fbank/raw_fbank_train.4.ark:5870809
mjae0_si1524 /nfs-share/xinchi/kaldi/egs/timit/s5_la4/fbank/raw_fbank_train.3.ark:1764776
flhd0_sx174 /nfs-share/xinchi/kaldi/egs/timit/s5_la4/fbank/raw_fbank_train.1.ark:7547153
mpgr0_sx420 /nfs-share/xinchi/kaldi/egs/timit/s5_la4/fbank/raw_fbank_train.3.ark:11162328
mjai0_si710 /nfs-share/xinchi/kaldi/egs/timit/s5_la4/fbank/raw_fbank_train.3.ark:1898868
mgxp0_sx367 /nfs-share/xinchi/kaldi/egs/timit/s5_la4/fbank/raw_fbank_train.3.ark:879177
mprk0_sx377 /nfs-share/xinchi/kaldi/egs/timit/s5_la4/fbank/raw_fbank_train.4.ark:382745
flmc0_si742 /nfs-share/xinchi/kaldi/egs/timit/s5_la4/fbank/raw_fbank_train.1.ark:8157030
mkls1_si2175 /nfs-share/xinchi/kaldi/egs/timit/s5_la4/fbank/raw_fbank_train.3.ark:6858849
mrds0_si1797 /nfs-share/xinchi/kaldi/egs/timit/s5_la4/fbank/raw_fbank_train.4.ark:1563515
fclt0_sx268 /nfs-share/xinchi/kaldi/egs/timit/s5_la4/fbank/raw_fbank_train.1.ark:1952298
msdb0_si1637 /nfs-share/xinchi/kaldi/egs/timit/s5_la4/fbank/raw_fbank_train.4.ark:5606680
makr0_sx272 /nfs-share/xinchi/kaldi/egs/timit/s5_la4/fbank/raw_fbank_train.2.ark:2847021
mjde0_si490 /nfs-share/xinchi/kaldi/egs/timit/s5_la4/fbank/raw_fbank_train.3.ark:2279569
mjkr0_si1201 /nfs-share/xinchi/kaldi/egs/timit/s5_la4/fbank/raw_fbank_train.3.ark:3485123
mter0_sx17 /nfs-share/xinchi/kaldi/egs/timit/s5_la4/fbank/raw_fbank_train.4.ark:8038474
fjrp1_sx262 /nfs-share/xinchi/kaldi/egs/timit/s5_la4/fbank/raw_fbank_train.1.ark:5610187
mtrt0_si1227 /nfs-share/xinchi/kaldi/egs/timit/s5_la4/fbank/raw_fbank_train.4.ark:9909656
fscn0_sx176 /nfs-share/xinchi/kaldi/egs/timit/s5_la4/fbank/raw_fbank_train.1.ark:11355154
mtjg0_sx260 /nfs-share/xinchi/kaldi/egs/timit/s5_la4/fbank/raw_fbank_train.4.ark:8131739
mrjh0_sx169 /nfs-share/xinchi/kaldi/egs/timit/s5_la4/fbank/raw_fbank_train.4.ark:2736135
mhjb0_si1647 /nfs-share/xinchi/kaldi/egs/timit/s5_la4/fbank/raw_fbank_train.3.ark:1114998
fsgf0_sx297 /nfs-share/xinchi/kaldi/egs/timit/s5_la4/fbank/raw_fbank_train.1.ark:11683568
mbth0_sx392 /nfs-share/xinchi/kaldi/egs/timit/s5_la4/fbank/raw_fbank_train.2.ark:4279213
mmeb0_sx187 /nfs-share/xinchi/kaldi/egs/timit/s5_la4/fbank/raw_fbank_train.3.ark:9201092
fjxm0_sx131 /nfs-share/xinchi/kaldi/egs/timit/s5_la4/fbank/raw_fbank_train.1.ark:6005574
mesg0_sx342 /nfs-share/xinchi/kaldi/egs/timit/s5_la4/fbank/raw_fbank_train.2.ark:10186684
mmbs0_sx431 /nfs-share/xinchi/kaldi/egs/timit/s5_la4/fbank/raw_fbank_train.3.ark:8482791
fbas0_sx307 /nfs-share/xinchi/kaldi/egs/timit/s5_la4/fbank/raw_fbank_train.1.ark:602661
mvjh0_sx296 /nfs-share/xinchi/kaldi/egs/timit/s5_la4/fbank/raw_fbank_train.4.ark:10280210
mmxs0_si876 /nfs-share/xinchi/kaldi/egs/timit/s5_la4/fbank/raw_fbank_train.3.ark:10470783
mdlr0_si1233 /nfs-share/xinchi/kaldi/egs/timit/s5_la4/fbank/raw_fbank_train.2.ark:7983209
mmsm0_sx296 /nfs-share/xinchi/kaldi/egs/timit/s5_la4/fbank/raw_fbank_train.3.ark:10000110
marc0_sx378 /nfs-share/xinchi/kaldi/egs/timit/s5_la4/fbank/raw_fbank_train.2.ark:3061329
fmpg0_sx162 /nfs-share/xinchi/kaldi/egs/timit/s5_la4/fbank/raw_fbank_train.1.ark:9493746
mgar0_sx42 /nfs-share/xinchi/kaldi/egs/timit/s5_la4/fbank/raw_fbank_train.3.ark:89405
fjlr0_sx151 /nfs-share/xinchi/kaldi/egs/timit/s5_la4/fbank/raw_fbank_train.1.ark:5387944
mter0_sx77 /nfs-share/xinchi/kaldi/egs/timit/s5_la4/fbank/raw_fbank_train.4.ark:8073252
frjb0_sx167 /nfs-share/xinchi/kaldi/egs/timit/s5_la4/fbank/raw_fbank_train.1.ark:10715085
fklh0_sx267 /nfs-share/xinchi/kaldi/egs/timit/s5_la4/fbank/raw_fbank_train.1.ark:6966274
mmxs0_sx426 /nfs-share/xinchi/kaldi/egs/timit/s5_la4/fbank/raw_fbank_train.3.ark:10517075
mwdk0_sx356 /nfs-share/xinchi/kaldi/egs/timit/s5_la4/fbank/raw_fbank_train.4.ark:10921516
mrjm0_sx58 /nfs-share/xinchi/kaldi/egs/timit/s5_la4/fbank/raw_fbank_train.4.ark:2894092
fdas1_sx381 /nfs-share/xinchi/kaldi/egs/timit/s5_la4/fbank/raw_fbank_train.1.ark:2492122
mcdc0_sx392 /nfs-share/xinchi/kaldi/egs/timit/s5_la4/fbank/raw_fbank_train.2.ark:4701071
mrmb0_sx141 /nfs-share/xinchi/kaldi/egs/timit/s5_la4/fbank/raw_fbank_train.4.ark:3730665
fltm0_sx350 /nfs-share/xinchi/kaldi/egs/timit/s5_la4/fbank/raw_fbank_train.1.ark:8479047
fsjw0_si703 /nfs-share/xinchi/kaldi/egs/timit/s5_la4/fbank/raw_fbank_train.2.ark:183676
fecd0_si2048 /nfs-share/xinchi/kaldi/egs/timit/s5_la4/fbank/raw_fbank_train.1.ark:3656390
fjxp0_si1122 /nfs-share/xinchi/kaldi/egs/timit/s5_la4/fbank/raw_fbank_train.1.ark:6082739
mrai0_sx252 /nfs-share/xinchi/kaldi/egs/timit/s5_la4/fbank/raw_fbank_train.4.ark:822571
mpgh0_si675 /nfs-share/xinchi/kaldi/egs/timit/s5_la4/fbank/raw_fbank_train.3.ark:11028698
msdh0_sx170 /nfs-share/xinchi/kaldi/egs/timit/s5_la4/fbank/raw_fbank_train.4.ark:5692652
mjjm0_si1251 /nfs-share/xinchi/kaldi/egs/timit/s5_la4/fbank/raw_fbank_train.3.ark:3384618
fntb0_sx393 /nfs-share/xinchi/kaldi/egs/timit/s5_la4/fbank/raw_fbank_train.1.ark:9752766
mcre0_sx221 /nfs-share/xinchi/kaldi/egs/timit/s5_la4/fbank/raw_fbank_train.2.ark:5560080
fcaj0_sx399 /nfs-share/xinchi/kaldi/egs/timit/s5_la4/fbank/raw_fbank_train.1.ark:1422766
mrab1_si2108 /nfs-share/xinchi/kaldi/egs/timit/s5_la4/fbank/raw_fbank_train.4.ark:676447
mses0_si2216 /nfs-share/xinchi/kaldi/egs/timit/s5_la4/fbank/raw_fbank_train.4.ark:6027462
mmws0_sx78 /nfs-share/xinchi/kaldi/egs/timit/s5_la4/fbank/raw_fbank_train.3.ark:10356138
ftaj0_sx429 /nfs-share/xinchi/kaldi/egs/timit/s5_la4/fbank/raw_fbank_train.2.ark:1321244
fsag0_si693 /nfs-share/xinchi/kaldi/egs/timit/s5_la4/fbank/raw_fbank_train.1.ark:10899381
mtjm0_si655 /nfs-share/xinchi/kaldi/egs/timit/s5_la4/fbank/raw_fbank_train.4.ark:8212778
mtju0_sx40 /nfs-share/xinchi/kaldi/egs/timit/s5_la4/fbank/raw_fbank_train.4.ark:8468399
fcdr1_sx106 /nfs-share/xinchi/kaldi/egs/timit/s5_la4/fbank/raw_fbank_train.1.ark:1496220
fklc1_si1678 /nfs-share/xinchi/kaldi/egs/timit/s5_la4/fbank/raw_fbank_train.1.ark:6837869
mkln0_si2228 /nfs-share/xinchi/kaldi/egs/timit/s5_la4/fbank/raw_fbank_train.3.ark:6568972
fcaj0_si1804 /nfs-share/xinchi/kaldi/egs/timit/s5_la4/fbank/raw_fbank_train.1.ark:1352489
mjrh1_si1558 /nfs-share/xinchi/kaldi/egs/timit/s5_la4/fbank/raw_fbank_train.3.ark:4728331
mchl0_si1404 /nfs-share/xinchi/kaldi/egs/timit/s5_la4/fbank/raw_fbank_train.2.ark:5152079
mjmd0_sx308 /nfs-share/xinchi/kaldi/egs/timit/s5_la4/fbank/raw_fbank_train.3.ark:4017416
mjra0_sx156 /nfs-share/xinchi/kaldi/egs/timit/s5_la4/fbank/raw_fbank_train.3.ark:4467115
mpgh0_si1554 /nfs-share/xinchi/kaldi/egs/timit/s5_la4/fbank/raw_fbank_train.3.ark:11012905
mjdm0_sx440 /nfs-share/xinchi/kaldi/egs/timit/s5_la4/fbank/raw_fbank_train.3.ark:2557112
fssb0_si2342 /nfs-share/xinchi/kaldi/egs/timit/s5_la4/fbank/raw_fbank_train.2.ark:1187448
flet0_sx277 /nfs-share/xinchi/kaldi/egs/timit/s5_la4/fbank/raw_fbank_train.1.ark:7484313
flja0_sx88 /nfs-share/xinchi/kaldi/egs/timit/s5_la4/fbank/raw_fbank_train.1.ark:7702470
mjde0_sx130 /nfs-share/xinchi/kaldi/egs/timit/s5_la4/fbank/raw_fbank_train.3.ark:2300362
mrjm0_sx418 /nfs-share/xinchi/kaldi/egs/timit/s5_la4/fbank/raw_fbank_train.4.ark:2880660
mcdd0_sx343 /nfs-share/xinchi/kaldi/egs/timit/s5_la4/fbank/raw_fbank_train.2.ark:4765871
mdcd0_sx335 /nfs-share/xinchi/kaldi/egs/timit/s5_la4/fbank/raw_fbank_train.2.ark:6457734
mrre0_sx254 /nfs-share/xinchi/kaldi/egs/timit/s5_la4/fbank/raw_fbank_train.4.ark:4348771
mjlg1_sx22 /nfs-share/xinchi/kaldi/egs/timit/s5_la4/fbank/raw_fbank_train.3.ark:3736059
mrtc0_sx288 /nfs-share/xinchi/kaldi/egs/timit/s5_la4/fbank/raw_fbank_train.4.ark:4701272
mtjs0_sx112 /nfs-share/xinchi/kaldi/egs/timit/s5_la4/fbank/raw_fbank_train.4.ark:8333916
mewm0_si1978 /nfs-share/xinchi/kaldi/egs/timit/s5_la4/fbank/raw_fbank_train.2.ark:10319960
madc0_si737 /nfs-share/xinchi/kaldi/egs/timit/s5_la4/fbank/raw_fbank_train.2.ark:2134937
mpgr0_sx240 /nfs-share/xinchi/kaldi/egs/timit/s5_la4/fbank/raw_fbank_train.3.ark:11139022
fbas0_sx127 /nfs-share/xinchi/kaldi/egs/timit/s5_la4/fbank/raw_fbank_train.1.ark:584755
mdbb1_sx106 /nfs-share/xinchi/kaldi/egs/timit/s5_la4/fbank/raw_fbank_train.2.ark:6236418
mreh1_si1599 /nfs-share/xinchi/kaldi/egs/timit/s5_la4/fbank/raw_fbank_train.4.ark:1743972
flet0_si1767 /nfs-share/xinchi/kaldi/egs/timit/s5_la4/fbank/raw_fbank_train.1.ark:7434261
mjls0_sx376 /nfs-share/xinchi/kaldi/egs/timit/s5_la4/fbank/raw_fbank_train.3.ark:3860150
flod0_si657 /nfs-share/xinchi/kaldi/egs/timit/s5_la4/fbank/raw_fbank_train.1.ark:8354841
ftlg0_si1743 /nfs-share/xinchi/kaldi/egs/timit/s5_la4/fbank/raw_fbank_train.2.ark:1535880
mbma1_sx144 /nfs-share/xinchi/kaldi/egs/timit/s5_la4/fbank/raw_fbank_train.2.ark:3867823
mgrl0_si2127 /nfs-share/xinchi/kaldi/egs/timit/s5_la4/fbank/raw_fbank_train.3.ark:397629
mrcg0_si2058 /nfs-share/xinchi/kaldi/egs/timit/s5_la4/fbank/raw_fbank_train.4.ark:1174374
mrgs0_sx276 /nfs-share/xinchi/kaldi/egs/timit/s5_la4/fbank/raw_fbank_train.4.ark:2426135
fdas1_si831 /nfs-share/xinchi/kaldi/egs/timit/s5_la4/fbank/raw_fbank_train.1.ark:2428798
makb0_sx206 /nfs-share/xinchi/kaldi/egs/timit/s5_la4/fbank/raw_fbank_train.2.ark:2767276
fbmj0_sx246 /nfs-share/xinchi/kaldi/egs/timit/s5_la4/fbank/raw_fbank_train.1.ark:1202697
mkdt0_si814 /nfs-share/xinchi/kaldi/egs/timit/s5_la4/fbank/raw_fbank_train.3.ark:6264537
mses0_sx59 /nfs-share/xinchi/kaldi/egs/timit/s5_la4/fbank/raw_fbank_train.4.ark:6092180
fcjf0_si648 /nfs-share/xinchi/kaldi/egs/timit/s5_la4/fbank/raw_fbank_train.1.ark:1668317
fjhk0_sx122 /nfs-share/xinchi/kaldi/egs/timit/s5_la4/fbank/raw_fbank_train.1.ark:5098188
fmkf0_sx276 /nfs-share/xinchi/kaldi/egs/timit/s5_la4/fbank/raw_fbank_train.1.ark:9295893
mtdb0_si1401 /nfs-share/xinchi/kaldi/egs/timit/s5_la4/fbank/raw_fbank_train.4.ark:7761531
mjpm0_si1368 /nfs-share/xinchi/kaldi/egs/timit/s5_la4/fbank/raw_fbank_train.3.ark:4228245
mhbs0_sx45 /nfs-share/xinchi/kaldi/egs/timit/s5_la4/fbank/raw_fbank_train.3.ark:996385
fmjf0_sx174 /nfs-share/xinchi/kaldi/egs/timit/s5_la4/fbank/raw_fbank_train.1.ark:8965344
mrjm0_si1858 /nfs-share/xinchi/kaldi/egs/timit/s5_la4/fbank/raw_fbank_train.4.ark:2827928
mgxp0_sx187 /nfs-share/xinchi/kaldi/egs/timit/s5_la4/fbank/raw_fbank_train.3.ark:858151
fbmj0_si815 /nfs-share/xinchi/kaldi/egs/timit/s5_la4/fbank/raw_fbank_train.1.ark:1180311
mrre0_si1334 /nfs-share/xinchi/kaldi/egs/timit/s5_la4/fbank/raw_fbank_train.4.ark:4277999
mtdp0_si2151 /nfs-share/xinchi/kaldi/egs/timit/s5_la4/fbank/raw_fbank_train.4.ark:7889184
mgxp0_si1087 /nfs-share/xinchi/kaldi/egs/timit/s5_la4/fbank/raw_fbank_train.3.ark:808732
fdnc0_sx108 /nfs-share/xinchi/kaldi/egs/timit/s5_la4/fbank/raw_fbank_train.1.ark:3170210
mdas0_sx21 /nfs-share/xinchi/kaldi/egs/timit/s5_la4/fbank/raw_fbank_train.2.ark:6159267
mhit0_sx263 /nfs-share/xinchi/kaldi/egs/timit/s5_la4/fbank/raw_fbank_train.3.ark:1060752
feme0_si1505 /nfs-share/xinchi/kaldi/egs/timit/s5_la4/fbank/raw_fbank_train.1.ark:3853486
fcdr1_sx376 /nfs-share/xinchi/kaldi/egs/timit/s5_la4/fbank/raw_fbank_train.1.ark:1547351
mjjj0_sx443 /nfs-share/xinchi/kaldi/egs/timit/s5_la4/fbank/raw_fbank_train.3.ark:3362872
mbom0_sx294 /nfs-share/xinchi/kaldi/egs/timit/s5_la4/fbank/raw_fbank_train.2.ark:4078900
mmcc0_si1338 /nfs-share/xinchi/kaldi/egs/timit/s5_la4/fbank/raw_fbank_train.3.ark:8509457
msmr0_si1150 /nfs-share/xinchi/kaldi/egs/timit/s5_la4/fbank/raw_fbank_train.4.ark:6539793
mrds0_si1167 /nfs-share/xinchi/kaldi/egs/timit/s5_la4/fbank/raw_fbank_train.4.ark:1555881
mgsl0_si1164 /nfs-share/xinchi/kaldi/egs/timit/s5_la4/fbank/raw_fbank_train.3.ark:701108
mjwt0_si751 /nfs-share/xinchi/kaldi/egs/timit/s5_la4/fbank/raw_fbank_train.3.ark:5391067
fmkc0_si1072 /nfs-share/xinchi/kaldi/egs/timit/s5_la4/fbank/raw_fbank_train.1.ark:9157328
mtkp0_si1023 /nfs-share/xinchi/kaldi/egs/timit/s5_la4/fbank/raw_fbank_train.4.ark:8599811
marw0_sx286 /nfs-share/xinchi/kaldi/egs/timit/s5_la4/fbank/raw_fbank_train.2.ark:3125528
fpaz0_sx63 /nfs-share/xinchi/kaldi/egs/timit/s5_la4/fbank/raw_fbank_train.1.ark:10286811
mtat1_sx149 /nfs-share/xinchi/kaldi/egs/timit/s5_la4/fbank/raw_fbank_train.4.ark:7490276
fapb0_sx433 /nfs-share/xinchi/kaldi/egs/timit/s5_la4/fbank/raw_fbank_train.1.ark:495268
mzmb0_sx266 /nfs-share/xinchi/kaldi/egs/timit/s5_la4/fbank/raw_fbank_train.4.ark:11611937
mrjt0_sx328 /nfs-share/xinchi/kaldi/egs/timit/s5_la4/fbank/raw_fbank_train.4.ark:3069037
mdjm0_sx375 /nfs-share/xinchi/kaldi/egs/timit/s5_la4/fbank/raw_fbank_train.2.ark:7271199
mmag0_sx226 /nfs-share/xinchi/kaldi/egs/timit/s5_la4/fbank/raw_fbank_train.3.ark:8137129
faem0_sx312 /nfs-share/xinchi/kaldi/egs/timit/s5_la4/fbank/raw_fbank_train.1.ark:62819
mjee0_si1237 /nfs-share/xinchi/kaldi/egs/timit/s5_la4/fbank/raw_fbank_train.3.ark:2786308
madd0_si538 /nfs-share/xinchi/kaldi/egs/timit/s5_la4/fbank/raw_fbank_train.2.ark:2232322
fdkn0_sx451 /nfs-share/xinchi/kaldi/egs/timit/s5_la4/fbank/raw_fbank_train.1.ark:2869233
mrav0_sx288 /nfs-share/xinchi/kaldi/egs/timit/s5_la4/fbank/raw_fbank_train.4.ark:1036048
mkjo0_si1517 /nfs-share/xinchi/kaldi/egs/timit/s5_la4/fbank/raw_fbank_train.3.ark:6465913
fcdr1_sx196 /nfs-share/xinchi/kaldi/egs/timit/s5_la4/fbank/raw_fbank_train.1.ark:1519805
msfv0_sx182 /nfs-share/xinchi/kaldi/egs/timit/s5_la4/fbank/raw_fbank_train.4.ark:6265899
mmlm0_si2150 /nfs-share/xinchi/kaldi/egs/timit/s5_la4/fbank/raw_fbank_train.3.ark:9634231
mtjs0_si1192 /nfs-share/xinchi/kaldi/egs/timit/s5_la4/fbank/raw_fbank_train.4.ark:8280896
mbma1_sx54 /nfs-share/xinchi/kaldi/egs/timit/s5_la4/fbank/raw_fbank_train.2.ark:3921754
fhlm0_sx390 /nfs-share/xinchi/kaldi/egs/timit/s5_la4/fbank/raw_fbank_train.1.ark:4704135
fsah0_si614 /nfs-share/xinchi/kaldi/egs/timit/s5_la4/fbank/raw_fbank_train.1.ark:11021206
fblv0_sx68 /nfs-share/xinchi/kaldi/egs/timit/s5_la4/fbank/raw_fbank_train.1.ark:1037266
milb0_si903 /nfs-share/xinchi/kaldi/egs/timit/s5_la4/fbank/raw_fbank_train.3.ark:1598995
mtrr0_si918 /nfs-share/xinchi/kaldi/egs/timit/s5_la4/fbank/raw_fbank_train.4.ark:9831698
mjeb0_si1916 /nfs-share/xinchi/kaldi/egs/timit/s5_la4/fbank/raw_fbank_train.3.ark:2596212
mjmd0_sx128 /nfs-share/xinchi/kaldi/egs/timit/s5_la4/fbank/raw_fbank_train.3.ark:3997390
fdml0_sx159 /nfs-share/xinchi/kaldi/egs/timit/s5_la4/fbank/raw_fbank_train.1.ark:2932600
mtpf0_sx245 /nfs-share/xinchi/kaldi/egs/timit/s5_la4/fbank/raw_fbank_train.4.ark:9253775
mwdk0_sx176 /nfs-share/xinchi/kaldi/egs/timit/s5_la4/fbank/raw_fbank_train.4.ark:10896090
fsjg0_si940 /nfs-share/xinchi/kaldi/egs/timit/s5_la4/fbank/raw_fbank_train.1.ark:11732782
mwem0_sx150 /nfs-share/xinchi/kaldi/egs/timit/s5_la4/fbank/raw_fbank_train.4.ark:10987276
mjjm0_sx377 /nfs-share/xinchi/kaldi/egs/timit/s5_la4/fbank/raw_fbank_train.3.ark:3472729
mtdb0_si771 /nfs-share/xinchi/kaldi/egs/timit/s5_la4/fbank/raw_fbank_train.4.ark:7786958
flac0_si901 /nfs-share/xinchi/kaldi/egs/timit/s5_la4/fbank/raw_fbank_train.1.ark:7142578
mwar0_sx235 /nfs-share/xinchi/kaldi/egs/timit/s5_la4/fbank/raw_fbank_train.4.ark:10728952
mtlc0_sx217 /nfs-share/xinchi/kaldi/egs/timit/s5_la4/fbank/raw_fbank_train.4.ark:8858514
mmsm0_sx26 /nfs-share/xinchi/kaldi/egs/timit/s5_la4/fbank/raw_fbank_train.3.ark:9988037
mppc0_si2042 /nfs-share/xinchi/kaldi/egs/timit/s5_la4/fbank/raw_fbank_train.3.ark:11474919
ftaj0_si1329 /nfs-share/xinchi/kaldi/egs/timit/s5_la4/fbank/raw_fbank_train.2.ark:1263166
fmjf0_sx354 /nfs-share/xinchi/kaldi/egs/timit/s5_la4/fbank/raw_fbank_train.1.ark:8994410
mjpm1_si761 /nfs-share/xinchi/kaldi/egs/timit/s5_la4/fbank/raw_fbank_train.3.ark:4346177
fapb0_sx73 /nfs-share/xinchi/kaldi/egs/timit/s5_la4/fbank/raw_fbank_train.1.ark:512820
mbgt0_si1841 /nfs-share/xinchi/kaldi/egs/timit/s5_la4/fbank/raw_fbank_train.2.ark:3546402
msat0_sx176 /nfs-share/xinchi/kaldi/egs/timit/s5_la4/fbank/raw_fbank_train.4.ark:5446495
fntb0_sx123 /nfs-share/xinchi/kaldi/egs/timit/s5_la4/fbank/raw_fbank_train.1.ark:9710155
madc0_sx287 /nfs-share/xinchi/kaldi/egs/timit/s5_la4/fbank/raw_fbank_train.2.ark:2184748
msds0_si2337 /nfs-share/xinchi/kaldi/egs/timit/s5_la4/fbank/raw_fbank_train.4.ark:5800285
mpeb0_sx420 /nfs-share/xinchi/kaldi/egs/timit/s5_la4/fbank/raw_fbank_train.3.ark:10881974
mjdm0_sx80 /nfs-share/xinchi/kaldi/egs/timit/s5_la4/fbank/raw_fbank_train.3.ark:2572864
fkdw0_sx127 /nfs-share/xinchi/kaldi/egs/timit/s5_la4/fbank/raw_fbank_train.1.ark:6445155
fpad0_sx356 /nfs-share/xinchi/kaldi/egs/timit/s5_la4/fbank/raw_fbank_train.1.ark:10056256
mtlc0_sx397 /nfs-share/xinchi/kaldi/egs/timit/s5_la4/fbank/raw_fbank_train.4.ark:8883612
mdmt0_sx122 /nfs-share/xinchi/kaldi/egs/timit/s5_la4/fbank/raw_fbank_train.2.ark:8339145
mtlb0_sx234 /nfs-share/xinchi/kaldi/egs/timit/s5_la4/fbank/raw_fbank_train.4.ark:8750849
mtcs0_sx352 /nfs-share/xinchi/kaldi/egs/timit/s5_la4/fbank/raw_fbank_train.4.ark:7719832
mwsb0_sx366 /nfs-share/xinchi/kaldi/egs/timit/s5_la4/fbank/raw_fbank_train.4.ark:11408442
faem0_si1392 /nfs-share/xinchi/kaldi/egs/timit/s5_la4/fbank/raw_fbank_train.1.ark:13
fkkh0_sx120 /nfs-share/xinchi/kaldi/egs/timit/s5_la4/fbank/raw_fbank_train.1.ark:6659245
mkdt0_sx263 /nfs-share/xinchi/kaldi/egs/timit/s5_la4/fbank/raw_fbank_train.3.ark:6310236
mmgc0_sx225 /nfs-share/xinchi/kaldi/egs/timit/s5_la4/fbank/raw_fbank_train.3.ark:9308229
mmab1_si2124 /nfs-share/xinchi/kaldi/egs/timit/s5_la4/fbank/raw_fbank_train.3.ark:7977405
mcew0_sx92 /nfs-share/xinchi/kaldi/egs/timit/s5_la4/fbank/raw_fbank_train.2.ark:5117851
fhxs0_si2302 /nfs-share/xinchi/kaldi/egs/timit/s5_la4/fbank/raw_fbank_train.1.ark:4735363
mejs0_sx70 /nfs-share/xinchi/kaldi/egs/timit/s5_la4/fbank/raw_fbank_train.2.ark:10120924
mmdm0_sx51 /nfs-share/xinchi/kaldi/egs/timit/s5_la4/fbank/raw_fbank_train.3.ark:8889683
mrtj0_sx142 /nfs-share/xinchi/kaldi/egs/timit/s5_la4/fbank/raw_fbank_train.4.ark:4775799
mjrh0_sx405 /nfs-share/xinchi/kaldi/egs/timit/s5_la4/fbank/raw_fbank_train.3.ark:4705625
fdfb0_sx328 /nfs-share/xinchi/kaldi/egs/timit/s5_la4/fbank/raw_fbank_train.1.ark:2656949
mmam0_sx427 /nfs-share/xinchi/kaldi/egs/timit/s5_la4/fbank/raw_fbank_train.3.ark:8253701
fmju0_sx219 /nfs-share/xinchi/kaldi/egs/timit/s5_la4/fbank/raw_fbank_train.1.ark:9089842
falk0_si1086 /nfs-share/xinchi/kaldi/egs/timit/s5_la4/fbank/raw_fbank_train.1.ark:209261
mdwm0_si2176 /nfs-share/xinchi/kaldi/egs/timit/s5_la4/fbank/raw_fbank_train.2.ark:9471900
mrdm0_sx155 /nfs-share/xinchi/kaldi/egs/timit/s5_la4/fbank/raw_fbank_train.4.ark:1497276
mjde0_sx40 /nfs-share/xinchi/kaldi/egs/timit/s5_la4/fbank/raw_fbank_train.3.ark:2347900
mhrm0_si958 /nfs-share/xinchi/kaldi/egs/timit/s5_la4/fbank/raw_fbank_train.3.ark:1396947
mdlm0_si1234 /nfs-share/xinchi/kaldi/egs/timit/s5_la4/fbank/raw_fbank_train.2.ark:7895504
fspm0_sx71 /nfs-share/xinchi/kaldi/egs/timit/s5_la4/fbank/raw_fbank_train.2.ark:1049961
fear0_sx352 /nfs-share/xinchi/kaldi/egs/timit/s5_la4/fbank/raw_fbank_train.1.ark:3588537
fjxm0_sx221 /nfs-share/xinchi/kaldi/egs/timit/s5_la4/fbank/raw_fbank_train.1.ark:6016487
mrjm1_sx398 /nfs-share/xinchi/kaldi/egs/timit/s5_la4/fbank/raw_fbank_train.4.ark:2997477
mfxs0_sx414 /nfs-share/xinchi/kaldi/egs/timit/s5_la4/fbank/raw_fbank_train.2.ark:10844052
mljh0_sx154 /nfs-share/xinchi/kaldi/egs/timit/s5_la4/fbank/raw_fbank_train.3.ark:7600131
mjde0_sx310 /nfs-share/xinchi/kaldi/egs/timit/s5_la4/fbank/raw_fbank_train.3.ark:2332388
mmrp0_si774 /nfs-share/xinchi/kaldi/egs/timit/s5_la4/fbank/raw_fbank_train.3.ark:9829554
mjai0_si682 /nfs-share/xinchi/kaldi/egs/timit/s5_la4/fbank/raw_fbank_train.3.ark:1880715
mbbr0_si1055 /nfs-share/xinchi/kaldi/egs/timit/s5_la4/fbank/raw_fbank_train.2.ark:3272973
mkrg0_sx51 /nfs-share/xinchi/kaldi/egs/timit/s5_la4/fbank/raw_fbank_train.3.ark:7127776
mkls1_sx375 /nfs-share/xinchi/kaldi/egs/timit/s5_la4/fbank/raw_fbank_train.3.ark:6927486
fkaa0_si1208 /nfs-share/xinchi/kaldi/egs/timit/s5_la4/fbank/raw_fbank_train.1.ark:6174444
mwch0_sx92 /nfs-share/xinchi/kaldi/egs/timit/s5_la4/fbank/raw_fbank_train.4.ark:10846316
mrmb0_si1581 /nfs-share/xinchi/kaldi/egs/timit/s5_la4/fbank/raw_fbank_train.4.ark:3693765
mbth0_sx122 /nfs-share/xinchi/kaldi/egs/timit/s5_la4/fbank/raw_fbank_train.2.ark:4227522
fkde0_si1141 /nfs-share/xinchi/kaldi/egs/timit/s5_la4/fbank/raw_fbank_train.1.ark:6283389
mrew1_si1500 /nfs-share/xinchi/kaldi/egs/timit/s5_la4/fbank/raw_fbank_train.4.ark:1957941
mmvp0_si1914 /nfs-share/xinchi/kaldi/egs/timit/s5_la4/fbank/raw_fbank_train.3.ark:10034331
mwch0_si1622 /nfs-share/xinchi/kaldi/egs/timit/s5_la4/fbank/raw_fbank_train.4.ark:10772924
marw0_sx16 /nfs-share/xinchi/kaldi/egs/timit/s5_la4/fbank/raw_fbank_train.2.ark:3114575
mrew1_sx420 /nfs-share/xinchi/kaldi/egs/timit/s5_la4/fbank/raw_fbank_train.4.ark:2023180
fdas1_si2091 /nfs-share/xinchi/kaldi/egs/timit/s5_la4/fbank/raw_fbank_train.1.ark:2418765
fmju0_sx309 /nfs-share/xinchi/kaldi/egs/timit/s5_la4/fbank/raw_fbank_train.1.ark:9102195
fksr0_sx217 /nfs-share/xinchi/kaldi/egs/timit/s5_la4/fbank/raw_fbank_train.1.ark:7068619
mmea0_sx308 /nfs-share/xinchi/kaldi/egs/timit/s5_la4/fbank/raw_fbank_train.3.ark:9135453
mlel0_sx166 /nfs-share/xinchi/kaldi/egs/timit/s5_la4/fbank/raw_fbank_train.3.ark:7370801
fmbg0_sx350 /nfs-share/xinchi/kaldi/egs/timit/s5_la4/fbank/raw_fbank_train.1.ark:8678336
fmjf0_si1254 /nfs-share/xinchi/kaldi/egs/timit/s5_la4/fbank/raw_fbank_train.1.ark:8929764
mjrp0_si1845 /nfs-share/xinchi/kaldi/egs/timit/s5_la4/fbank/raw_fbank_train.3.ark:4923295
fgcs0_sx226 /nfs-share/xinchi/kaldi/egs/timit/s5_la4/fbank/raw_fbank_train.1.ark:4224575
falr0_sx245 /nfs-share/xinchi/kaldi/egs/timit/s5_la4/fbank/raw_fbank_train.1.ark:358776
mjdc0_si1161 /nfs-share/xinchi/kaldi/egs/timit/s5_la4/fbank/raw_fbank_train.3.ark:2153998
mpeb0_sx330 /nfs-share/xinchi/kaldi/egs/timit/s5_la4/fbank/raw_fbank_train.3.ark:10869741
msfv0_sx272 /nfs-share/xinchi/kaldi/egs/timit/s5_la4/fbank/raw_fbank_train.4.ark:6277012
mlns0_si777 /nfs-share/xinchi/kaldi/egs/timit/s5_la4/fbank/raw_fbank_train.3.ark:7694323
mdbp0_sx168 /nfs-share/xinchi/kaldi/egs/timit/s5_la4/fbank/raw_fbank_train.2.ark:6331883
fjrb0_sx222 /nfs-share/xinchi/kaldi/egs/timit/s5_la4/fbank/raw_fbank_train.1.ark:5493002
fjxp0_sx402 /nfs-share/xinchi/kaldi/egs/timit/s5_la4/fbank/raw_fbank_train.1.ark:6153298
mrpc1_sx222 /nfs-share/xinchi/kaldi/egs/timit/s5_la4/fbank/raw_fbank_train.4.ark:4232267
mjls0_sx196 /nfs-share/xinchi/kaldi/egs/timit/s5_la4/fbank/raw_fbank_train.3.ark:3836644
fmpg0_sx432 /nfs-share/xinchi/kaldi/egs/timit/s5_la4/fbank/raw_fbank_train.1.ark:9541085
ftmg0_sx182 /nfs-share/xinchi/kaldi/egs/timit/s5_la4/fbank/raw_fbank_train.2.ark:1678604
mmea0_sx218 /nfs-share/xinchi/kaldi/egs/timit/s5_la4/fbank/raw_fbank_train.3.ark:9125700
meal0_sx347 /nfs-share/xinchi/kaldi/egs/timit/s5_la4/fbank/raw_fbank_train.2.ark:9614210
fmah1_si2139 /nfs-share/xinchi/kaldi/egs/timit/s5_la4/fbank/raw_fbank_train.1.ark:8535180
mbth0_si505 /nfs-share/xinchi/kaldi/egs/timit/s5_la4/fbank/raw_fbank_train.2.ark:4206936
mhbs0_sx405 /nfs-share/xinchi/kaldi/egs/timit/s5_la4/fbank/raw_fbank_train.3.ark:986353
mkxl0_sx195 /nfs-share/xinchi/kaldi/egs/timit/s5_la4/fbank/raw_fbank_train.3.ark:7202856
mtwh1_si882 /nfs-share/xinchi/kaldi/egs/timit/s5_la4/fbank/raw_fbank_train.4.ark:10024428
fjrp1_si1432 /nfs-share/xinchi/kaldi/egs/timit/s5_la4/fbank/raw_fbank_train.1.ark:5549974
frll0_si1514 /nfs-share/xinchi/kaldi/egs/timit/s5_la4/fbank/raw_fbank_train.1.ark:10781290
mrmh0_sx121 /nfs-share/xinchi/kaldi/egs/timit/s5_la4/fbank/raw_fbank_train.4.ark:3929077
mwgr0_sx346 /nfs-share/xinchi/kaldi/egs/timit/s5_la4/fbank/raw_fbank_train.4.ark:11121327
mtkd0_sx377 /nfs-share/xinchi/kaldi/egs/timit/s5_la4/fbank/raw_fbank_train.4.ark:8587137
fjsk0_si2312 /nfs-share/xinchi/kaldi/egs/timit/s5_la4/fbank/raw_fbank_train.1.ark:5706907
mpgr1_sx329 /nfs-share/xinchi/kaldi/egs/timit/s5_la4/fbank/raw_fbank_train.3.ark:11251521
fgcs0_si1486 /nfs-share/xinchi/kaldi/egs/timit/s5_la4/fbank/raw_fbank_train.1.ark:4175922
mtat1_sx329 /nfs-share/xinchi/kaldi/egs/timit/s5_la4/fbank/raw_fbank_train.4.ark:7523022
mjpg0_si561 /nfs-share/xinchi/kaldi/egs/timit/s5_la4/fbank/raw_fbank_train.3.ark:4170127
mprd0_sx261 /nfs-share/xinchi/kaldi/egs/timit/s5_la4/fbank/raw_fbank_train.4.ark:229422
mrlk0_si2140 /nfs-share/xinchi/kaldi/egs/timit/s5_la4/fbank/raw_fbank_train.4.ark:3520149
mhxl0_si1772 /nfs-share/xinchi/kaldi/egs/timit/s5_la4/fbank/raw_fbank_train.3.ark:1472465
fpad0_si716 /nfs-share/xinchi/kaldi/egs/timit/s5_la4/fbank/raw_fbank_train.1.ark:10008637
mjeb1_sx117 /nfs-share/xinchi/kaldi/egs/timit/s5_la4/fbank/raw_fbank_train.3.ark:2732743
mjpm1_si1897 /nfs-share/xinchi/kaldi/egs/timit/s5_la4/fbank/raw_fbank_train.3.ark:4332310
mmrp0_sx144 /nfs-share/xinchi/kaldi/egs/timit/s5_la4/fbank/raw_fbank_train.3.ark:9843867
mrld0_sx244 /nfs-share/xinchi/kaldi/egs/timit/s5_la4/fbank/raw_fbank_train.4.ark:3285972
mdss1_sx247 /nfs-share/xinchi/kaldi/egs/timit/s5_la4/fbank/raw_fbank_train.2.ark:9121138
mdns0_sx291 /nfs-share/xinchi/kaldi/egs/timit/s5_la4/fbank/raw_fbank_train.2.ark:8480508
mrlk0_si843 /nfs-share/xinchi/kaldi/egs/timit/s5_la4/fbank/raw_fbank_train.4.ark:3536022
mgsl0_si797 /nfs-share/xinchi/kaldi/egs/timit/s5_la4/fbank/raw_fbank_train.3.ark:722574
mrem0_sx151 /nfs-share/xinchi/kaldi/egs/timit/s5_la4/fbank/raw_fbank_train.4.ark:1898736
mdwh0_sx35 /nfs-share/xinchi/kaldi/egs/timit/s5_la4/fbank/raw_fbank_train.2.ark:9433199
mrms0_sx300 /nfs-share/xinchi/kaldi/egs/timit/s5_la4/fbank/raw_fbank_train.4.ark:4174346
mcae0_sx187 /nfs-share/xinchi/kaldi/egs/timit/s5_la4/fbank/raw_fbank_train.2.ark:4457132
mgaf0_si1282 /nfs-share/xinchi/kaldi/egs/timit/s5_la4/fbank/raw_fbank_train.2.ark:10965064
mfmc0_si1132 /nfs-share/xinchi/kaldi/egs/timit/s5_la4/fbank/raw_fbank_train.2.ark:10479536
fbmh0_sx416 /nfs-share/xinchi/kaldi/egs/timit/s5_la4/fbank/raw_fbank_train.1.ark:1123899
mzmb0_sx356 /nfs-share/xinchi/kaldi/egs/timit/s5_la4/fbank/raw_fbank_train.4.ark:11622890
mjeb1_si2097 /nfs-share/xinchi/kaldi/egs/timit/s5_la4/fbank/raw_fbank_train.3.ark:2698197
mmsm0_si476 /nfs-share/xinchi/kaldi/egs/timit/s5_la4/fbank/raw_fbank_train.3.ark:9947699
fcmm0_sx363 /nfs-share/xinchi/kaldi/egs/timit/s5_la4/fbank/raw_fbank_train.1.ark:2164022
makb0_sx296 /nfs-share/xinchi/kaldi/egs/timit/s5_la4/fbank/raw_fbank_train.2.ark:2789221
fhxs0_sx355 /nfs-share/xinchi/kaldi/egs/timit/s5_la4/fbank/raw_fbank_train.1.ark:4806056
mjxl0_sx92 /nfs-share/xinchi/kaldi/egs/timit/s5_la4/fbank/raw_fbank_train.3.ark:5647801
msjk0_sx426 /nfs-share/xinchi/kaldi/egs/timit/s5_la4/fbank/raw_fbank_train.4.ark:6414463
mejl0_sx332 /nfs-share/xinchi/kaldi/egs/timit/s5_la4/fbank/raw_fbank_train.2.ark:9992834
mrvg0_si1770 /nfs-share/xinchi/kaldi/egs/timit/s5_la4/fbank/raw_fbank_train.4.ark:4864638
fapb0_sx163 /nfs-share/xinchi/kaldi/egs/timit/s5_la4/fbank/raw_fbank_train.1.ark:454089
mfxv0_sx195 /nfs-share/xinchi/kaldi/egs/timit/s5_la4/fbank/raw_fbank_train.2.ark:10933004
mtat1_sx59 /nfs-share/xinchi/kaldi/egs/timit/s5_la4/fbank/raw_fbank_train.4.ark:7556167
mmeb0_si1987 /nfs-share/xinchi/kaldi/egs/timit/s5_la4/fbank/raw_fbank_train.3.ark:9183506
mpfu0_sx178 /nfs-share/xinchi/kaldi/egs/timit/s5_la4/fbank/raw_fbank_train.3.ark:10945700
mtpp0_sx68 /nfs-share/xinchi/kaldi/egs/timit/s5_la4/fbank/raw_fbank_train.4.ark:9471083
meal0_sx197 /nfs-share/xinchi/kaldi/egs/timit/s5_la4/fbank/raw_fbank_train.2.ark:9595784
mrxb0_sx415 /nfs-share/xinchi/kaldi/egs/timit/s5_la4/fbank/raw_fbank_train.4.ark:5200438
mjjm0_sx17 /nfs-share/xinchi/kaldi/egs/timit/s5_la4/fbank/raw_fbank_train.3.ark:3441350
mjjm0_sx287 /nfs-share/xinchi/kaldi/egs/timit/s5_la4/fbank/raw_fbank_train.3.ark:3460656
marc0_sx108 /nfs-share/xinchi/kaldi/egs/timit/s5_la4/fbank/raw_fbank_train.2.ark:3021398
mljh0_si694 /nfs-share/xinchi/kaldi/egs/timit/s5_la4/fbank/raw_fbank_train.3.ark:7581698
fjxp0_sx222 /nfs-share/xinchi/kaldi/egs/timit/s5_la4/fbank/raw_fbank_train.1.ark:6128432
fjrb0_si1932 /nfs-share/xinchi/kaldi/egs/timit/s5_la4/fbank/raw_fbank_train.1.ark:5467023
fdnc0_si1278 /nfs-share/xinchi/kaldi/egs/timit/s5_la4/fbank/raw_fbank_train.1.ark:3122589
mntw0_sx168 /nfs-share/xinchi/kaldi/egs/timit/s5_la4/fbank/raw_fbank_train.3.ark:10676625
mgjc0_sx75 /nfs-share/xinchi/kaldi/egs/timit/s5_la4/fbank/raw_fbank_train.3.ark:375521
mlel0_sx436 /nfs-share/xinchi/kaldi/egs/timit/s5_la4/fbank/raw_fbank_train.3.ark:7416260
mlbc0_sx159 /nfs-share/xinchi/kaldi/egs/timit/s5_la4/fbank/raw_fbank_train.3.ark:7274056
mcef0_sx145 /nfs-share/xinchi/kaldi/egs/timit/s5_la4/fbank/raw_fbank_train.2.ark:4952655
msat0_si1526 /nfs-share/xinchi/kaldi/egs/timit/s5_la4/fbank/raw_fbank_train.4.ark:5419035
mcss0_sx390 /nfs-share/xinchi/kaldi/egs/timit/s5_la4/fbank/raw_fbank_train.2.ark:5700361
mbbr0_sx65 /nfs-share/xinchi/kaldi/egs/timit/s5_la4/fbank/raw_fbank_train.2.ark:3357045
fjsp0_si804 /nfs-share/xinchi/kaldi/egs/timit/s5_la4/fbank/raw_fbank_train.1.ark:5801932
flja0_sx268 /nfs-share/xinchi/kaldi/egs/timit/s5_la4/fbank/raw_fbank_train.1.ark:7663372
mnet0_si2076 /nfs-share/xinchi/kaldi/egs/timit/s5_la4/fbank/raw_fbank_train.3.ark:10556415
frll0_sx254 /nfs-share/xinchi/kaldi/egs/timit/s5_la4/fbank/raw_fbank_train.1.ark:10837622
mljh0_sx334 /nfs-share/xinchi/kaldi/egs/timit/s5_la4/fbank/raw_fbank_train.3.ark:7630597
mjlg1_sx202 /nfs-share/xinchi/kaldi/egs/timit/s5_la4/fbank/raw_fbank_train.3.ark:3728907
mhmr0_si489 /nfs-share/xinchi/kaldi/egs/timit/s5_la4/fbank/raw_fbank_train.3.ark:1304362
fdfb0_si1318 /nfs-share/xinchi/kaldi/egs/timit/s5_la4/fbank/raw_fbank_train.1.ark:2607582
mkdt0_sx83 /nfs-share/xinchi/kaldi/egs/timit/s5_la4/fbank/raw_fbank_train.3.ark:6347054
mvlo0_si517 /nfs-share/xinchi/kaldi/egs/timit/s5_la4/fbank/raw_fbank_train.4.ark:10320984
fmjf0_sx264 /nfs-share/xinchi/kaldi/egs/timit/s5_la4/fbank/raw_fbank_train.1.ark:8983017
mppc0_si782 /nfs-share/xinchi/kaldi/egs/timit/s5_la4/fbank/raw_fbank_train.3.ark:11481832
mjwg0_sx265 /nfs-share/xinchi/kaldi/egs/timit/s5_la4/fbank/raw_fbank_train.3.ark:5202243
mkdb0_si588 /nfs-share/xinchi/kaldi/egs/timit/s5_la4/fbank/raw_fbank_train.3.ark:6069488
mpgr0_si2040 /nfs-share/xinchi/kaldi/egs/timit/s5_la4/fbank/raw_fbank_train.3.ark:11115323
mvjh0_si2186 /nfs-share/xinchi/kaldi/egs/timit/s5_la4/fbank/raw_fbank_train.4.ark:10223766
flhd0_sx354 /nfs-share/xinchi/kaldi/egs/timit/s5_la4/fbank/raw_fbank_train.1.ark:7574339
mdlb0_sx136 /nfs-share/xinchi/kaldi/egs/timit/s5_la4/fbank/raw_fbank_train.2.ark:7428439
mdlc0_si2025 /nfs-share/xinchi/kaldi/egs/timit/s5_la4/fbank/raw_fbank_train.2.ark:7523638
mfwk0_si1249 /nfs-share/xinchi/kaldi/egs/timit/s5_la4/fbank/raw_fbank_train.2.ark:10679387
mbcg0_si2217 /nfs-share/xinchi/kaldi/egs/timit/s5_la4/fbank/raw_fbank_train.2.ark:3366039
mprt0_sx40 /nfs-share/xinchi/kaldi/egs/timit/s5_la4/fbank/raw_fbank_train.4.ark:463896
msms0_sx443 /nfs-share/xinchi/kaldi/egs/timit/s5_la4/fbank/raw_fbank_train.4.ark:6714657
fcmg0_sx72 /nfs-share/xinchi/kaldi/egs/timit/s5_la4/fbank/raw_fbank_train.1.ark:2097942
mwsb0_si996 /nfs-share/xinchi/kaldi/egs/timit/s5_la4/fbank/raw_fbank_train.4.ark:11373863
mgak0_si1666 /nfs-share/xinchi/kaldi/egs/timit/s5_la4/fbank/raw_fbank_train.2.ark:11161427
mrlr0_si1826 /nfs-share/xinchi/kaldi/egs/timit/s5_la4/fbank/raw_fbank_train.4.ark:3618054
mmaa0_sx35 /nfs-share/xinchi/kaldi/egs/timit/s5_la4/fbank/raw_fbank_train.3.ark:7948704
fgmb0_si1775 /nfs-share/xinchi/kaldi/egs/timit/s5_la4/fbank/raw_fbank_train.1.ark:4403806
fsdj0_sx125 /nfs-share/xinchi/kaldi/egs/timit/s5_la4/fbank/raw_fbank_train.1.ark:11556085
mwrp0_sx273 /nfs-share/xinchi/kaldi/egs/timit/s5_la4/fbank/raw_fbank_train.4.ark:11311346
fexm0_sx366 /nfs-share/xinchi/kaldi/egs/timit/s5_la4/fbank/raw_fbank_train.1.ark:4146815
mrld0_si1594 /nfs-share/xinchi/kaldi/egs/timit/s5_la4/fbank/raw_fbank_train.4.ark:3239599
fmjb0_si1177 /nfs-share/xinchi/kaldi/egs/timit/s5_la4/fbank/raw_fbank_train.1.ark:8828981
feeh0_sx212 /nfs-share/xinchi/kaldi/egs/timit/s5_la4/fbank/raw_fbank_train.1.ark:3803434
megj0_sx167 /nfs-share/xinchi/kaldi/egs/timit/s5_la4/fbank/raw_fbank_train.2.ark:9876945
mdbb1_sx376 /nfs-share/xinchi/kaldi/egs/timit/s5_la4/fbank/raw_fbank_train.2.ark:6277629
mrjm1_sx38 /nfs-share/xinchi/kaldi/egs/timit/s5_la4/fbank/raw_fbank_train.4.ark:2985084
feac0_si615 /nfs-share/xinchi/kaldi/egs/timit/s5_la4/fbank/raw_fbank_train.1.ark:3453053
mdrd0_si752 /nfs-share/xinchi/kaldi/egs/timit/s5_la4/fbank/raw_fbank_train.2.ark:8805877
fmkf0_sx6 /nfs-share/xinchi/kaldi/egs/timit/s5_la4/fbank/raw_fbank_train.1.ark:9321757
mbma0_sx322 /nfs-share/xinchi/kaldi/egs/timit/s5_la4/fbank/raw_fbank_train.2.ark:3796224
mwgr0_sx256 /nfs-share/xinchi/kaldi/egs/timit/s5_la4/fbank/raw_fbank_train.4.ark:11111054
msjk0_sx246 /nfs-share/xinchi/kaldi/egs/timit/s5_la4/fbank/raw_fbank_train.4.ark:6386397
mtpf0_sx335 /nfs-share/xinchi/kaldi/egs/timit/s5_la4/fbank/raw_fbank_train.4.ark:9267608
mprd0_si801 /nfs-share/xinchi/kaldi/egs/timit/s5_la4/fbank/raw_fbank_train.4.ark:188756
mjdc0_sx441 /nfs-share/xinchi/kaldi/egs/timit/s5_la4/fbank/raw_fbank_train.3.ark:2228077
mjrg0_sx16 /nfs-share/xinchi/kaldi/egs/timit/s5_la4/fbank/raw_fbank_train.3.ark:4576732
fmju0_si759 /nfs-share/xinchi/kaldi/egs/timit/s5_la4/fbank/raw_fbank_train.1.ark:9063296
mbma0_si1852 /nfs-share/xinchi/kaldi/egs/timit/s5_la4/fbank/raw_fbank_train.2.ark:3755892
fleh0_si2311 /nfs-share/xinchi/kaldi/egs/timit/s5_la4/fbank/raw_fbank_train.1.ark:7349149
mafm0_si1569 /nfs-share/xinchi/kaldi/egs/timit/s5_la4/fbank/raw_fbank_train.2.ark:2499331
fsjk1_sx215 /nfs-share/xinchi/kaldi/egs/timit/s5_la4/fbank/raw_fbank_train.2.ark:12
mmgc0_sx405 /nfs-share/xinchi/kaldi/egs/timit/s5_la4/fbank/raw_fbank_train.3.ark:9329015
mmdb0_sx267 /nfs-share/xinchi/kaldi/egs/timit/s5_la4/fbank/raw_fbank_train.3.ark:8652975
fjrp1_sx172 /nfs-share/xinchi/kaldi/egs/timit/s5_la4/fbank/raw_fbank_train.1.ark:5595234
mntw0_sx348 /nfs-share/xinchi/kaldi/egs/timit/s5_la4/fbank/raw_fbank_train.3.ark:10709004
fbas0_sx217 /nfs-share/xinchi/kaldi/egs/timit/s5_la4/fbank/raw_fbank_train.1.ark:593028
mcal0_sx238 /nfs-share/xinchi/kaldi/egs/timit/s5_la4/fbank/raw_fbank_train.2.ark:4564708
flmc0_si1372 /nfs-share/xinchi/kaldi/egs/timit/s5_la4/fbank/raw_fbank_train.1.ark:8132803
mdlc2_si984 /nfs-share/xinchi/kaldi/egs/timit/s5_la4/fbank/raw_fbank_train.2.ark:7718442
mpeb0_si1860 /nfs-share/xinchi/kaldi/egs/timit/s5_la4/fbank/raw_fbank_train.3.ark:10825569
fgrw0_sx72 /nfs-share/xinchi/kaldi/egs/timit/s5_la4/fbank/raw_fbank_train.1.ark:4604709
mcae0_si1447 /nfs-share/xinchi/kaldi/egs/timit/s5_la4/fbank/raw_fbank_train.2.ark:4395312
mbjv0_si1877 /nfs-share/xinchi/kaldi/egs/timit/s5_la4/fbank/raw_fbank_train.2.ark:3657267
fsms1_sx347 /nfs-share/xinchi/kaldi/egs/timit/s5_la4/fbank/raw_fbank_train.2.ark:923104
mprb0_sx125 /nfs-share/xinchi/kaldi/egs/timit/s5_la4/fbank/raw_fbank_train.4.ark:100044
mrgs0_sx6 /nfs-share/xinchi/kaldi/egs/timit/s5_la4/fbank/raw_fbank_train.4.ark:2452199
mtwh1_sx432 /nfs-share/xinchi/kaldi/egs/timit/s5_la4/fbank/raw_fbank_train.4.ark:10067600
fjsk0_si1682 /nfs-share/xinchi/kaldi/egs/timit/s5_la4/fbank/raw_fbank_train.1.ark:5695913
freh0_si685 /nfs-share/xinchi/kaldi/egs/timit/s5_la4/fbank/raw_fbank_train.1.ark:10632786
fpls0_sx240 /nfs-share/xinchi/kaldi/egs/timit/s5_la4/fbank/raw_fbank_train.1.ark:10443964
fjrb0_sx42 /nfs-share/xinchi/kaldi/egs/timit/s5_la4/fbank/raw_fbank_train.1.ark:5540180
fskp0_si468 /nfs-share/xinchi/kaldi/egs/timit/s5_la4/fbank/raw_fbank_train.2.ark:474431
mrso0_sx39 /nfs-share/xinchi/kaldi/egs/timit/s5_la4/fbank/raw_fbank_train.4.ark:4490022
mses0_sx149 /nfs-share/xinchi/kaldi/egs/timit/s5_la4/fbank/raw_fbank_train.4.ark:6046929
mkes0_si1253 /nfs-share/xinchi/kaldi/egs/timit/s5_la4/fbank/raw_fbank_train.3.ark:6357848
feeh0_sx32 /nfs-share/xinchi/kaldi/egs/timit/s5_la4/fbank/raw_fbank_train.1.ark:3828819
mrem0_si961 /nfs-share/xinchi/kaldi/egs/timit/s5_la4/fbank/raw_fbank_train.4.ark:1888743
fvkb0_sx79 /nfs-share/xinchi/kaldi/egs/timit/s5_la4/fbank/raw_fbank_train.2.ark:1915986
mmam0_si1597 /nfs-share/xinchi/kaldi/egs/timit/s5_la4/fbank/raw_fbank_train.3.ark:8188781
mpmb0_si2131 /nfs-share/xinchi/kaldi/egs/timit/s5_la4/fbank/raw_fbank_train.3.ark:11314654
fsgf0_sx117 /nfs-share/xinchi/kaldi/egs/timit/s5_la4/fbank/raw_fbank_train.1.ark:11655310
mram0_sx195 /nfs-share/xinchi/kaldi/egs/timit/s5_la4/fbank/raw_fbank_train.4.ark:937349
mtjs0_si1822 /nfs-share/xinchi/kaldi/egs/timit/s5_la4/fbank/raw_fbank_train.4.ark:8290610
fkdw0_sx217 /nfs-share/xinchi/kaldi/egs/timit/s5_la4/fbank/raw_fbank_train.1.ark:6453348
mrab0_sx54 /nfs-share/xinchi/kaldi/egs/timit/s5_la4/fbank/raw_fbank_train.4.ark:651379
fdxw0_sx251 /nfs-share/xinchi/kaldi/egs/timit/s5_la4/fbank/raw_fbank_train.1.ark:3386774
fpjf0_sx352 /nfs-share/xinchi/kaldi/egs/timit/s5_la4/fbank/raw_fbank_train.1.ark:10367085
mddc0_sx69 /nfs-share/xinchi/kaldi/egs/timit/s5_la4/fbank/raw_fbank_train.2.ark:6670689
mdpk0_sx423 /nfs-share/xinchi/kaldi/egs/timit/s5_la4/fbank/raw_fbank_train.2.ark:8671359
mhbs0_si945 /nfs-share/xinchi/kaldi/egs/timit/s5_la4/fbank/raw_fbank_train.3.ark:939381
mbml0_si1799 /nfs-share/xinchi/kaldi/egs/timit/s5_la4/fbank/raw_fbank_train.2.ark:3946022
flma0_sx163 /nfs-share/xinchi/kaldi/egs/timit/s5_la4/fbank/raw_fbank_train.1.ark:8081398
fhlm0_si2190 /nfs-share/xinchi/kaldi/egs/timit/s5_la4/fbank/raw_fbank_train.1.ark:4620937
mprd0_sx81 /nfs-share/xinchi/kaldi/egs/timit/s5_la4/fbank/raw_fbank_train.4.ark:266440
mgsl0_sx174 /nfs-share/xinchi/kaldi/egs/timit/s5_la4/fbank/raw_fbank_train.3.ark:740407
milb0_sx273 /nfs-share/xinchi/kaldi/egs/timit/s5_la4/fbank/raw_fbank_train.3.ark:1628421
fmmh0_sx97 /nfs-share/xinchi/kaldi/egs/timit/s5_la4/fbank/raw_fbank_train.1.ark:9435932
mjra0_sx246 /nfs-share/xinchi/kaldi/egs/timit/s5_la4/fbank/raw_fbank_train.3.ark:4479268
mdsj0_sx112 /nfs-share/xinchi/kaldi/egs/timit/s5_la4/fbank/raw_fbank_train.2.ark:8934055
mrem0_sx241 /nfs-share/xinchi/kaldi/egs/timit/s5_la4/fbank/raw_fbank_train.4.ark:1910929
mmdm0_sx411 /nfs-share/xinchi/kaldi/egs/timit/s5_la4/fbank/raw_fbank_train.3.ark:8875371
fsag0_sx63 /nfs-share/xinchi/kaldi/egs/timit/s5_la4/fbank/raw_fbank_train.1.ark:10981625
mchl0_si1347 /nfs-share/xinchi/kaldi/egs/timit/s5_la4/fbank/raw_fbank_train.2.ark:5131685
fkdw0_si1891 /nfs-share/xinchi/kaldi/egs/timit/s5_la4/fbank/raw_fbank_train.1.ark:6413569
mrkm0_sx187 /nfs-share/xinchi/kaldi/egs/timit/s5_la4/fbank/raw_fbank_train.4.ark:3173556
mhit0_sx443 /nfs-share/xinchi/kaldi/egs/timit/s5_la4/fbank/raw_fbank_train.3.ark:1083098
