mlsh0_sx67 /nfs-share/xinchi/kaldi/egs/timit/s5_la4/data-fmllr-tri3/train/data/feats_fmllr_train.7.ark:12533170
msds0_sx177 /nfs-share/xinchi/kaldi/egs/timit/s5_la4/data-fmllr-tri3/train/data/feats_fmllr_train.9.ark:13396439
mbbr0_sx335 /nfs-share/xinchi/kaldi/egs/timit/s5_la4/data-fmllr-tri3/train/data/feats_fmllr_train.4.ark:3979923
msrg0_sx141 /nfs-share/xinchi/kaldi/egs/timit/s5_la4/data-fmllr-tri3/train/data/feats_fmllr_train.9.ark:17134712
mtjg0_sx440 /nfs-share/xinchi/kaldi/egs/timit/s5_la4/data-fmllr-tri3/train/data/feats_fmllr_train.10.ark:4377226
mdmt0_sx212 /nfs-share/xinchi/kaldi/egs/timit/s5_la4/data-fmllr-tri3/train/data/feats_fmllr_train.5.ark:6090739
mcew0_si1442 /nfs-share/xinchi/kaldi/egs/timit/s5_la4/data-fmllr-tri3/train/data/feats_fmllr_train.4.ark:10485769
fetb0_si1778 /nfs-share/xinchi/kaldi/egs/timit/s5_la4/data-fmllr-tri3/train/data/feats_fmllr_train.1.ark:15457787
mtkp0_sx303 /nfs-share/xinchi/kaldi/egs/timit/s5_la4/data-fmllr-tri3/train/data/feats_fmllr_train.10.ark:6382124
fpaf0_sx424 /nfs-share/xinchi/kaldi/egs/timit/s5_la4/data-fmllr-tri3/train/data/feats_fmllr_train.3.ark:2336941
mrms0_sx390 /nfs-share/xinchi/kaldi/egs/timit/s5_la4/data-fmllr-tri3/train/data/feats_fmllr_train.9.ark:7049492
mtjm0_sx236 /nfs-share/xinchi/kaldi/egs/timit/s5_la4/data-fmllr-tri3/train/data/feats_fmllr_train.10.ark:4685549
msrg0_sx411 /nfs-share/xinchi/kaldi/egs/timit/s5_la4/data-fmllr-tri3/train/data/feats_fmllr_train.9.ark:17258633
mklw0_sx41 /nfs-share/xinchi/kaldi/egs/timit/s5_la4/data-fmllr-tri3/train/data/feats_fmllr_train.7.ark:9338154
mwar0_sx55 /nfs-share/xinchi/kaldi/egs/timit/s5_la4/data-fmllr-tri3/train/data/feats_fmllr_train.10.ark:14488497
mdrd0_si752 /nfs-share/xinchi/kaldi/egs/timit/s5_la4/data-fmllr-tri3/train/data/feats_fmllr_train.5.ark:7849210
msms0_sx443 /nfs-share/xinchi/kaldi/egs/timit/s5_la4/data-fmllr-tri3/train/data/feats_fmllr_train.9.ark:16900336
fbjl0_sx382 /nfs-share/xinchi/kaldi/egs/timit/s5_la4/data-fmllr-tri3/train/data/feats_fmllr_train.1.ark:3614254
fcjs0_sx167 /nfs-share/xinchi/kaldi/egs/timit/s5_la4/data-fmllr-tri3/train/data/feats_fmllr_train.1.ark:6799621
mrre0_sx74 /nfs-share/xinchi/kaldi/egs/timit/s5_la4/data-fmllr-tri3/train/data/feats_fmllr_train.9.ark:7824806
mgaf0_sx382 /nfs-share/xinchi/kaldi/egs/timit/s5_la4/data-fmllr-tri3/train/data/feats_fmllr_train.5.ark:16530814
mcre0_sx41 /nfs-share/xinchi/kaldi/egs/timit/s5_la4/data-fmllr-tri3/train/data/feats_fmllr_train.4.ark:12777284
msas0_sx26 /nfs-share/xinchi/kaldi/egs/timit/s5_la4/data-fmllr-tri3/train/data/feats_fmllr_train.9.ark:11727084
flmk0_si1035 /nfs-share/xinchi/kaldi/egs/timit/s5_la4/data-fmllr-tri3/train/data/feats_fmllr_train.2.ark:13204142
mvjh0_si926 /nfs-share/xinchi/kaldi/egs/timit/s5_la4/data-fmllr-tri3/train/data/feats_fmllr_train.10.ark:12465996
mmbs0_si521 /nfs-share/xinchi/kaldi/egs/timit/s5_la4/data-fmllr-tri3/train/data/feats_fmllr_train.7.ark:14736099
mdas0_sx21 /nfs-share/xinchi/kaldi/egs/timit/s5_la4/data-fmllr-tri3/train/data/feats_fmllr_train.4.ark:14970504
mjrk0_si880 /nfs-share/xinchi/kaldi/egs/timit/s5_la4/data-fmllr-tri3/train/data/feats_fmllr_train.7.ark:818903
fjlr0_sx61 /nfs-share/xinchi/kaldi/egs/timit/s5_la4/data-fmllr-tri3/train/data/feats_fmllr_train.2.ark:2327691
mtml0_si1065 /nfs-share/xinchi/kaldi/egs/timit/s5_la4/data-fmllr-tri3/train/data/feats_fmllr_train.10.ark:7235759
fsag0_sx423 /nfs-share/xinchi/kaldi/egs/timit/s5_la4/data-fmllr-tri3/train/data/feats_fmllr_train.3.ark:5415795
mrlj0_sx160 /nfs-share/xinchi/kaldi/egs/timit/s5_la4/data-fmllr-tri3/train/data/feats_fmllr_train.9.ark:3860445
mdjm0_si825 /nfs-share/xinchi/kaldi/egs/timit/s5_la4/data-fmllr-tri3/train/data/feats_fmllr_train.5.ark:1679496
mrlr0_si1196 /nfs-share/xinchi/kaldi/egs/timit/s5_la4/data-fmllr-tri3/train/data/feats_fmllr_train.9.ark:4783575
fmju0_sx39 /nfs-share/xinchi/kaldi/egs/timit/s5_la4/data-fmllr-tri3/train/data/feats_fmllr_train.2.ark:16644121
mjfh0_sx207 /nfs-share/xinchi/kaldi/egs/timit/s5_la4/data-fmllr-tri3/train/data/feats_fmllr_train.6.ark:11393930
mdlr1_si1299 /nfs-share/xinchi/kaldi/egs/timit/s5_la4/data-fmllr-tri3/train/data/feats_fmllr_train.5.ark:5059635
fclt0_sx448 /nfs-share/xinchi/kaldi/egs/timit/s5_la4/data-fmllr-tri3/train/data/feats_fmllr_train.1.ark:7684776
fdxw0_sx341 /nfs-share/xinchi/kaldi/egs/timit/s5_la4/data-fmllr-tri3/train/data/feats_fmllr_train.1.ark:13223633
flja0_si1708 /nfs-share/xinchi/kaldi/egs/timit/s5_la4/data-fmllr-tri3/train/data/feats_fmllr_train.2.ark:10876148
mkls1_sx375 /nfs-share/xinchi/kaldi/egs/timit/s5_la4/data-fmllr-tri3/train/data/feats_fmllr_train.7.ark:8939376
msem1_si810 /nfs-share/xinchi/kaldi/egs/timit/s5_la4/data-fmllr-tri3/train/data/feats_fmllr_train.9.ark:13798069
mcal0_si1768 /nfs-share/xinchi/kaldi/egs/timit/s5_la4/data-fmllr-tri3/train/data/feats_fmllr_train.4.ark:8674952
ftbw0_sx355 /nfs-share/xinchi/kaldi/egs/timit/s5_la4/data-fmllr-tri3/train/data/feats_fmllr_train.3.ark:14854098
fdmy0_sx387 /nfs-share/xinchi/kaldi/egs/timit/s5_la4/data-fmllr-tri3/train/data/feats_fmllr_train.1.ark:12079033
msfv0_si1892 /nfs-share/xinchi/kaldi/egs/timit/s5_la4/data-fmllr-tri3/train/data/feats_fmllr_train.9.ark:15015814
fskl0_sx269 /nfs-share/xinchi/kaldi/egs/timit/s5_la4/data-fmllr-tri3/train/data/feats_fmllr_train.3.ark:10553283
fsls0_sx202 /nfs-share/xinchi/kaldi/egs/timit/s5_la4/data-fmllr-tri3/train/data/feats_fmllr_train.3.ark:11316758
mrfl0_si1786 /nfs-share/xinchi/kaldi/egs/timit/s5_la4/data-fmllr-tri3/train/data/feats_fmllr_train.8.ark:17126712
fapb0_si2323 /nfs-share/xinchi/kaldi/egs/timit/s5_la4/data-fmllr-tri3/train/data/feats_fmllr_train.1.ark:1679812
mhbs0_sx45 /nfs-share/xinchi/kaldi/egs/timit/s5_la4/data-fmllr-tri3/train/data/feats_fmllr_train.6.ark:3876071
msfh0_sx46 /nfs-share/xinchi/kaldi/egs/timit/s5_la4/data-fmllr-tri3/train/data/feats_fmllr_train.9.ark:14934158
fclt0_sx268 /nfs-share/xinchi/kaldi/egs/timit/s5_la4/data-fmllr-tri3/train/data/feats_fmllr_train.1.ark:7593042
fnkl0_sx196 /nfs-share/xinchi/kaldi/egs/timit/s5_la4/data-fmllr-tri3/train/data/feats_fmllr_train.3.ark:207642
fpac0_sx211 /nfs-share/xinchi/kaldi/egs/timit/s5_la4/data-fmllr-tri3/train/data/feats_fmllr_train.3.ark:1428292
fspm0_si1871 /nfs-share/xinchi/kaldi/egs/timit/s5_la4/data-fmllr-tri3/train/data/feats_fmllr_train.3.ark:12783785
msmr0_sx415 /nfs-share/xinchi/kaldi/egs/timit/s5_la4/data-fmllr-tri3/train/data/feats_fmllr_train.9.ark:16516919
mdhs0_sx450 /nfs-share/xinchi/kaldi/egs/timit/s5_la4/data-fmllr-tri3/train/data/feats_fmllr_train.5.ark:1474747
mfrm0_sx75 /nfs-share/xinchi/kaldi/egs/timit/s5_la4/data-fmllr-tri3/train/data/feats_fmllr_train.5.ark:15087064
fsrh0_si671 /nfs-share/xinchi/kaldi/egs/timit/s5_la4/data-fmllr-tri3/train/data/feats_fmllr_train.3.ark:13183549
mwgr0_si976 /nfs-share/xinchi/kaldi/egs/timit/s5_la4/data-fmllr-tri3/train/data/feats_fmllr_train.10.ark:15736113
mrso0_si1206 /nfs-share/xinchi/kaldi/egs/timit/s5_la4/data-fmllr-tri3/train/data/feats_fmllr_train.9.ark:7875074
mmlm0_sx177 /nfs-share/xinchi/kaldi/egs/timit/s5_la4/data-fmllr-tri3/train/data/feats_fmllr_train.8.ark:1563045
feac0_sx255 /nfs-share/xinchi/kaldi/egs/timit/s5_la4/data-fmllr-tri3/train/data/feats_fmllr_train.1.ark:13557743
mjlg1_sx382 /nfs-share/xinchi/kaldi/egs/timit/s5_la4/data-fmllr-tri3/train/data/feats_fmllr_train.6.ark:14611267
fnkl0_sx442 /nfs-share/xinchi/kaldi/egs/timit/s5_la4/data-fmllr-tri3/train/data/feats_fmllr_train.3.ark:278096
flac0_sx271 /nfs-share/xinchi/kaldi/egs/timit/s5_la4/data-fmllr-tri3/train/data/feats_fmllr_train.2.ark:9044422
fdnc0_sx198 /nfs-share/xinchi/kaldi/egs/timit/s5_la4/data-fmllr-tri3/train/data/feats_fmllr_train.1.ark:12430877
mmar0_sx76 /nfs-share/xinchi/kaldi/egs/timit/s5_la4/data-fmllr-tri3/train/data/feats_fmllr_train.7.ark:14609616
mjls0_sx376 /nfs-share/xinchi/kaldi/egs/timit/s5_la4/data-fmllr-tri3/train/data/feats_fmllr_train.6.ark:15009724
mmab1_sx144 /nfs-share/xinchi/kaldi/egs/timit/s5_la4/data-fmllr-tri3/train/data/feats_fmllr_train.7.ark:13144057
mmpm0_sx341 /nfs-share/xinchi/kaldi/egs/timit/s5_la4/data-fmllr-tri3/train/data/feats_fmllr_train.8.ark:2012597
mwre0_sx247 /nfs-share/xinchi/kaldi/egs/timit/s5_la4/data-fmllr-tri3/train/data/feats_fmllr_train.10.ark:16206785
mklw0_sx131 /nfs-share/xinchi/kaldi/egs/timit/s5_la4/data-fmllr-tri3/train/data/feats_fmllr_train.7.ark:9127007
fskl0_si899 /nfs-share/xinchi/kaldi/egs/timit/s5_la4/data-fmllr-tri3/train/data/feats_fmllr_train.3.ark:10459789
msfh0_sx316 /nfs-share/xinchi/kaldi/egs/timit/s5_la4/data-fmllr-tri3/train/data/feats_fmllr_train.9.ark:14820025
mtju0_sx400 /nfs-share/xinchi/kaldi/egs/timit/s5_la4/data-fmllr-tri3/train/data/feats_fmllr_train.10.ark:5623023
mklr0_si1059 /nfs-share/xinchi/kaldi/egs/timit/s5_la4/data-fmllr-tri3/train/data/feats_fmllr_train.7.ark:7862271
mdpb0_si1760 /nfs-share/xinchi/kaldi/egs/timit/s5_la4/data-fmllr-tri3/train/data/feats_fmllr_train.5.ark:6661944
fsls0_si2316 /nfs-share/xinchi/kaldi/egs/timit/s5_la4/data-fmllr-tri3/train/data/feats_fmllr_train.3.ark:11197984
mgrl0_si1497 /nfs-share/xinchi/kaldi/egs/timit/s5_la4/data-fmllr-tri3/train/data/feats_fmllr_train.6.ark:1506803
mmlm0_sx357 /nfs-share/xinchi/kaldi/egs/timit/s5_la4/data-fmllr-tri3/train/data/feats_fmllr_train.8.ark:1643419
mcdr0_sx74 /nfs-share/xinchi/kaldi/egs/timit/s5_la4/data-fmllr-tri3/train/data/feats_fmllr_train.4.ark:10082004
mzmb0_sx176 /nfs-share/xinchi/kaldi/egs/timit/s5_la4/data-fmllr-tri3/train/data/feats_fmllr_train.10.ark:17744423
mkdd0_sx127 /nfs-share/xinchi/kaldi/egs/timit/s5_la4/data-fmllr-tri3/train/data/feats_fmllr_train.7.ark:6143989
mbma0_sx322 /nfs-share/xinchi/kaldi/egs/timit/s5_la4/data-fmllr-tri3/train/data/feats_fmllr_train.4.ark:5782927
fpjf0_sx326 /nfs-share/xinchi/kaldi/egs/timit/s5_la4/data-fmllr-tri3/train/data/feats_fmllr_train.3.ark:3058948
mkdt0_si814 /nfs-share/xinchi/kaldi/egs/timit/s5_la4/data-fmllr-tri3/train/data/feats_fmllr_train.7.ark:6362391
mjda0_sx311 /nfs-share/xinchi/kaldi/egs/timit/s5_la4/data-fmllr-tri3/train/data/feats_fmllr_train.6.ark:8217981
mrgs0_sx276 /nfs-share/xinchi/kaldi/egs/timit/s5_la4/data-fmllr-tri3/train/data/feats_fmllr_train.9.ark:214522
mmea0_sx308 /nfs-share/xinchi/kaldi/egs/timit/s5_la4/data-fmllr-tri3/train/data/feats_fmllr_train.7.ark:17530179
ftmg0_sx182 /nfs-share/xinchi/kaldi/egs/timit/s5_la4/data-fmllr-tri3/train/data/feats_fmllr_train.3.ark:15527117
mdbb1_sx286 /nfs-share/xinchi/kaldi/egs/timit/s5_la4/data-fmllr-tri3/train/data/feats_fmllr_train.4.ark:15369013
fmkc0_sx172 /nfs-share/xinchi/kaldi/egs/timit/s5_la4/data-fmllr-tri3/train/data/feats_fmllr_train.2.ark:16873059
mtjs0_sx292 /nfs-share/xinchi/kaldi/egs/timit/s5_la4/data-fmllr-tri3/train/data/feats_fmllr_train.10.ark:5179899
mdss0_si1881 /nfs-share/xinchi/kaldi/egs/timit/s5_la4/data-fmllr-tri3/train/data/feats_fmllr_train.5.ark:8596309
mjsr0_si2054 /nfs-share/xinchi/kaldi/egs/timit/s5_la4/data-fmllr-tri3/train/data/feats_fmllr_train.7.ark:1525550
fdtd0_sx391 /nfs-share/xinchi/kaldi/egs/timit/s5_la4/data-fmllr-tri3/train/data/feats_fmllr_train.1.ark:12968269
mges0_si1481 /nfs-share/xinchi/kaldi/egs/timit/s5_la4/data-fmllr-tri3/train/data/feats_fmllr_train.6.ark:751328
mmab1_sx234 /nfs-share/xinchi/kaldi/egs/timit/s5_la4/data-fmllr-tri3/train/data/feats_fmllr_train.7.ark:13188244
mjls0_si1726 /nfs-share/xinchi/kaldi/egs/timit/s5_la4/data-fmllr-tri3/train/data/feats_fmllr_train.6.ark:14711003
mjeb0_si656 /nfs-share/xinchi/kaldi/egs/timit/s5_la4/data-fmllr-tri3/train/data/feats_fmllr_train.6.ark:10139625
feac0_sx165 /nfs-share/xinchi/kaldi/egs/timit/s5_la4/data-fmllr-tri3/train/data/feats_fmllr_train.1.ark:13500916
mjde0_sx400 /nfs-share/xinchi/kaldi/egs/timit/s5_la4/data-fmllr-tri3/train/data/feats_fmllr_train.6.ark:9187907
mrjm0_si1858 /nfs-share/xinchi/kaldi/egs/timit/s5_la4/data-fmllr-tri3/train/data/feats_fmllr_train.9.ark:1780135
ftaj0_si699 /nfs-share/xinchi/kaldi/egs/timit/s5_la4/data-fmllr-tri3/train/data/feats_fmllr_train.3.ark:13980303
msrg0_sx51 /nfs-share/xinchi/kaldi/egs/timit/s5_la4/data-fmllr-tri3/train/data/feats_fmllr_train.9.ark:17305059
falr0_sx335 /nfs-share/xinchi/kaldi/egs/timit/s5_la4/data-fmllr-tri3/train/data/feats_fmllr_train.1.ark:1435995
feme0_si1505 /nfs-share/xinchi/kaldi/egs/timit/s5_la4/data-fmllr-tri3/train/data/feats_fmllr_train.1.ark:14992742
mmgk0_sx62 /nfs-share/xinchi/kaldi/egs/timit/s5_la4/data-fmllr-tri3/train/data/feats_fmllr_train.8.ark:998238
fpad0_sx266 /nfs-share/xinchi/kaldi/egs/timit/s5_la4/data-fmllr-tri3/train/data/feats_fmllr_train.3.ark:1839389
mbar0_sx59 /nfs-share/xinchi/kaldi/egs/timit/s5_la4/data-fmllr-tri3/train/data/feats_fmllr_train.4.ark:3722158
msfv0_sx272 /nfs-share/xinchi/kaldi/egs/timit/s5_la4/data-fmllr-tri3/train/data/feats_fmllr_train.9.ark:15196855
fjrp1_sx352 /nfs-share/xinchi/kaldi/egs/timit/s5_la4/data-fmllr-tri3/train/data/feats_fmllr_train.2.ark:3065192
fsma0_si1621 /nfs-share/xinchi/kaldi/egs/timit/s5_la4/data-fmllr-tri3/train/data/feats_fmllr_train.3.ark:11485026
flod0_sx207 /nfs-share/xinchi/kaldi/egs/timit/s5_la4/data-fmllr-tri3/train/data/feats_fmllr_train.2.ark:13827376
fjsk0_sx242 /nfs-share/xinchi/kaldi/egs/timit/s5_la4/data-fmllr-tri3/train/data/feats_fmllr_train.2.ark:3458183
fvmh0_si836 /nfs-share/xinchi/kaldi/egs/timit/s5_la4/data-fmllr-tri3/train/data/feats_fmllr_train.3.ark:16603902
mjra0_si1866 /nfs-share/xinchi/kaldi/egs/timit/s5_la4/data-fmllr-tri3/train/data/feats_fmllr_train.6.ark:17268363
mmab1_si1494 /nfs-share/xinchi/kaldi/egs/timit/s5_la4/data-fmllr-tri3/train/data/feats_fmllr_train.7.ark:13001095
flod0_si1917 /nfs-share/xinchi/kaldi/egs/timit/s5_la4/data-fmllr-tri3/train/data/feats_fmllr_train.2.ark:13643108
feme0_si875 /nfs-share/xinchi/kaldi/egs/timit/s5_la4/data-fmllr-tri3/train/data/feats_fmllr_train.1.ark:15080477
mejs0_si1870 /nfs-share/xinchi/kaldi/egs/timit/s5_la4/data-fmllr-tri3/train/data/feats_fmllr_train.5.ark:12666562
mjae0_sx444 /nfs-share/xinchi/kaldi/egs/timit/s5_la4/data-fmllr-tri3/train/data/feats_fmllr_train.6.ark:7141836
mtpr0_sx160 /nfs-share/xinchi/kaldi/egs/timit/s5_la4/data-fmllr-tri3/train/data/feats_fmllr_train.10.ark:9679544
mljh0_si1324 /nfs-share/xinchi/kaldi/egs/timit/s5_la4/data-fmllr-tri3/train/data/feats_fmllr_train.7.ark:11325187
mhxl0_sx62 /nfs-share/xinchi/kaldi/egs/timit/s5_la4/data-fmllr-tri3/train/data/feats_fmllr_train.6.ark:6074333
makb0_sx206 /nfs-share/xinchi/kaldi/egs/timit/s5_la4/data-fmllr-tri3/train/data/feats_fmllr_train.4.ark:1790433
mmbs0_sx431 /nfs-share/xinchi/kaldi/egs/timit/s5_la4/data-fmllr-tri3/train/data/feats_fmllr_train.7.ark:14995727
fceg0_sx168 /nfs-share/xinchi/kaldi/egs/timit/s5_la4/data-fmllr-tri3/train/data/feats_fmllr_train.1.ark:6191987
mkag0_si2239 /nfs-share/xinchi/kaldi/egs/timit/s5_la4/data-fmllr-tri3/train/data/feats_fmllr_train.7.ark:4075651
mjmm0_si625 /nfs-share/xinchi/kaldi/egs/timit/s5_la4/data-fmllr-tri3/train/data/feats_fmllr_train.6.ark:15853442
mwre0_sx67 /nfs-share/xinchi/kaldi/egs/timit/s5_la4/data-fmllr-tri3/train/data/feats_fmllr_train.10.ark:16347665
mjlb0_sx356 /nfs-share/xinchi/kaldi/egs/timit/s5_la4/data-fmllr-tri3/train/data/feats_fmllr_train.6.ark:14183796
mjma0_si1495 /nfs-share/xinchi/kaldi/egs/timit/s5_la4/data-fmllr-tri3/train/data/feats_fmllr_train.6.ark:15057912
fdas1_si1461 /nfs-share/xinchi/kaldi/egs/timit/s5_la4/data-fmllr-tri3/train/data/feats_fmllr_train.1.ark:9329219
mdpk0_si1683 /nfs-share/xinchi/kaldi/egs/timit/s5_la4/data-fmllr-tri3/train/data/feats_fmllr_train.5.ark:7125709
mlns0_sx327 /nfs-share/xinchi/kaldi/egs/timit/s5_la4/data-fmllr-tri3/train/data/feats_fmllr_train.7.ark:12031300
mprt0_sx400 /nfs-share/xinchi/kaldi/egs/timit/s5_la4/data-fmllr-tri3/train/data/feats_fmllr_train.8.ark:10590963
mdks0_sx166 /nfs-share/xinchi/kaldi/egs/timit/s5_la4/data-fmllr-tri3/train/data/feats_fmllr_train.5.ark:2037341
fbcg1_sx82 /nfs-share/xinchi/kaldi/egs/timit/s5_la4/data-fmllr-tri3/train/data/feats_fmllr_train.1.ark:2808221
mjxl0_sx362 /nfs-share/xinchi/kaldi/egs/timit/s5_la4/data-fmllr-tri3/train/data/feats_fmllr_train.7.ark:3842582
fjlr0_sx241 /nfs-share/xinchi/kaldi/egs/timit/s5_la4/data-fmllr-tri3/train/data/feats_fmllr_train.2.ark:2187931
mjdg0_si1705 /nfs-share/xinchi/kaldi/egs/timit/s5_la4/data-fmllr-tri3/train/data/feats_fmllr_train.6.ark:9352791
mdma0_sx170 /nfs-share/xinchi/kaldi/egs/timit/s5_la4/data-fmllr-tri3/train/data/feats_fmllr_train.5.ark:5607295
mpmb0_sx61 /nfs-share/xinchi/kaldi/egs/timit/s5_la4/data-fmllr-tri3/train/data/feats_fmllr_train.8.ark:8466039
maeo0_sx246 /nfs-share/xinchi/kaldi/egs/timit/s5_la4/data-fmllr-tri3/train/data/feats_fmllr_train.4.ark:561140
mesg0_si1962 /nfs-share/xinchi/kaldi/egs/timit/s5_la4/data-fmllr-tri3/train/data/feats_fmllr_train.5.ark:13020539
fecd0_sx338 /nfs-share/xinchi/kaldi/egs/timit/s5_la4/data-fmllr-tri3/train/data/feats_fmllr_train.1.ark:14438044
mcpm0_sx114 /nfs-share/xinchi/kaldi/egs/timit/s5_la4/data-fmllr-tri3/train/data/feats_fmllr_train.4.ark:12274240
madd0_sx88 /nfs-share/xinchi/kaldi/egs/timit/s5_la4/data-fmllr-tri3/train/data/feats_fmllr_train.3.ark:17915567
mwrp0_sx363 /nfs-share/xinchi/kaldi/egs/timit/s5_la4/data-fmllr-tri3/train/data/feats_fmllr_train.10.ark:16707215
feac0_si1875 /nfs-share/xinchi/kaldi/egs/timit/s5_la4/data-fmllr-tri3/train/data/feats_fmllr_train.1.ark:13380702
mdcd0_sx65 /nfs-share/xinchi/kaldi/egs/timit/s5_la4/data-fmllr-tri3/train/data/feats_fmllr_train.4.ark:16231874
mrml0_sx431 /nfs-share/xinchi/kaldi/egs/timit/s5_la4/data-fmllr-tri3/train/data/feats_fmllr_train.9.ark:6634528
mfxs0_si2304 /nfs-share/xinchi/kaldi/egs/timit/s5_la4/data-fmllr-tri3/train/data/feats_fmllr_train.5.ark:15562565
mrdm0_sx335 /nfs-share/xinchi/kaldi/egs/timit/s5_la4/data-fmllr-tri3/train/data/feats_fmllr_train.8.ark:14653940
mbgt0_sx261 /nfs-share/xinchi/kaldi/egs/timit/s5_la4/data-fmllr-tri3/train/data/feats_fmllr_train.4.ark:5009986
msas0_sx206 /nfs-share/xinchi/kaldi/egs/timit/s5_la4/data-fmllr-tri3/train/data/feats_fmllr_train.9.ark:11667698
fsjw0_sx343 /nfs-share/xinchi/kaldi/egs/timit/s5_la4/data-fmllr-tri3/train/data/feats_fmllr_train.3.ark:9834796
flmk0_sx225 /nfs-share/xinchi/kaldi/egs/timit/s5_la4/data-fmllr-tri3/train/data/feats_fmllr_train.2.ark:13416892
mdks0_sx436 /nfs-share/xinchi/kaldi/egs/timit/s5_la4/data-fmllr-tri3/train/data/feats_fmllr_train.5.ark:2222542
mkjo0_sx167 /nfs-share/xinchi/kaldi/egs/timit/s5_la4/data-fmllr-tri3/train/data/feats_fmllr_train.7.ark:7272159
mrds0_sx357 /nfs-share/xinchi/kaldi/egs/timit/s5_la4/data-fmllr-tri3/train/data/feats_fmllr_train.8.ark:15008237
mhxl0_sx242 /nfs-share/xinchi/kaldi/egs/timit/s5_la4/data-fmllr-tri3/train/data/feats_fmllr_train.6.ark:5907853
mdlr0_si603 /nfs-share/xinchi/kaldi/egs/timit/s5_la4/data-fmllr-tri3/train/data/feats_fmllr_train.5.ark:4750513
mrmg0_si2340 /nfs-share/xinchi/kaldi/egs/timit/s5_la4/data-fmllr-tri3/train/data/feats_fmllr_train.9.ark:5602465
flkm0_sx80 /nfs-share/xinchi/kaldi/egs/timit/s5_la4/data-fmllr-tri3/train/data/feats_fmllr_train.2.ark:12444320
fpjf0_sx56 /nfs-share/xinchi/kaldi/egs/timit/s5_la4/data-fmllr-tri3/train/data/feats_fmllr_train.3.ark:3162681
mbml0_si539 /nfs-share/xinchi/kaldi/egs/timit/s5_la4/data-fmllr-tri3/train/data/feats_fmllr_train.4.ark:6409840
mram0_si1275 /nfs-share/xinchi/kaldi/egs/timit/s5_la4/data-fmllr-tri3/train/data/feats_fmllr_train.8.ark:12136659
feme0_sx335 /nfs-share/xinchi/kaldi/egs/timit/s5_la4/data-fmllr-tri3/train/data/feats_fmllr_train.1.ark:15255278
msmc0_si647 /nfs-share/xinchi/kaldi/egs/timit/s5_la4/data-fmllr-tri3/train/data/feats_fmllr_train.9.ark:15933234
mfxs0_sx414 /nfs-share/xinchi/kaldi/egs/timit/s5_la4/data-fmllr-tri3/train/data/feats_fmllr_train.5.ark:15763633
mcdr0_si1784 /nfs-share/xinchi/kaldi/egs/timit/s5_la4/data-fmllr-tri3/train/data/feats_fmllr_train.4.ark:9753523
fkdw0_sx217 /nfs-share/xinchi/kaldi/egs/timit/s5_la4/data-fmllr-tri3/train/data/feats_fmllr_train.2.ark:6284662
mrmb0_sx231 /nfs-share/xinchi/kaldi/egs/timit/s5_la4/data-fmllr-tri3/train/data/feats_fmllr_train.9.ark:5342941
mgaf0_sx202 /nfs-share/xinchi/kaldi/egs/timit/s5_la4/data-fmllr-tri3/train/data/feats_fmllr_train.5.ark:16431374
fpac0_sx31 /nfs-share/xinchi/kaldi/egs/timit/s5_la4/data-fmllr-tri3/train/data/feats_fmllr_train.3.ark:1533145
fapb0_sx73 /nfs-share/xinchi/kaldi/egs/timit/s5_la4/data-fmllr-tri3/train/data/feats_fmllr_train.1.ark:1997226
mjxl0_si1795 /nfs-share/xinchi/kaldi/egs/timit/s5_la4/data-fmllr-tri3/train/data/feats_fmllr_train.7.ark:3687114
mjfh0_sx117 /nfs-share/xinchi/kaldi/egs/timit/s5_la4/data-fmllr-tri3/train/data/feats_fmllr_train.6.ark:11358223
mvrw0_sx45 /nfs-share/xinchi/kaldi/egs/timit/s5_la4/data-fmllr-tri3/train/data/feats_fmllr_train.10.ark:13368804
mjdc0_si531 /nfs-share/xinchi/kaldi/egs/timit/s5_la4/data-fmllr-tri3/train/data/feats_fmllr_train.6.ark:8437637
fjdm2_sx322 /nfs-share/xinchi/kaldi/egs/timit/s5_la4/data-fmllr-tri3/train/data/feats_fmllr_train.2.ark:271670
mtas0_si1385 /nfs-share/xinchi/kaldi/egs/timit/s5_la4/data-fmllr-tri3/train/data/feats_fmllr_train.10.ark:937407
mejl0_si1654 /nfs-share/xinchi/kaldi/egs/timit/s5_la4/data-fmllr-tri3/train/data/feats_fmllr_train.5.ark:12299625
mtat0_sx210 /nfs-share/xinchi/kaldi/egs/timit/s5_la4/data-fmllr-tri3/train/data/feats_fmllr_train.10.ark:1480133
mjxl0_sx452 /nfs-share/xinchi/kaldi/egs/timit/s5_la4/data-fmllr-tri3/train/data/feats_fmllr_train.7.ark:3903089
mejs0_si610 /nfs-share/xinchi/kaldi/egs/timit/s5_la4/data-fmllr-tri3/train/data/feats_fmllr_train.5.ark:12703229
fjwb1_si2055 /nfs-share/xinchi/kaldi/egs/timit/s5_la4/data-fmllr-tri3/train/data/feats_fmllr_train.2.ark:4039308
fljg0_sx81 /nfs-share/xinchi/kaldi/egs/timit/s5_la4/data-fmllr-tri3/train/data/feats_fmllr_train.2.ark:11997064
mpgr1_sx59 /nfs-share/xinchi/kaldi/egs/timit/s5_la4/data-fmllr-tri3/train/data/feats_fmllr_train.8.ark:7852222
fljg0_si1611 /nfs-share/xinchi/kaldi/egs/timit/s5_la4/data-fmllr-tri3/train/data/feats_fmllr_train.2.ark:11583595
mtdb0_sx321 /nfs-share/xinchi/kaldi/egs/timit/s5_la4/data-fmllr-tri3/train/data/feats_fmllr_train.10.ark:3072388
fpab1_sx391 /nfs-share/xinchi/kaldi/egs/timit/s5_la4/data-fmllr-tri3/train/data/feats_fmllr_train.3.ark:1150875
fceg0_si618 /nfs-share/xinchi/kaldi/egs/timit/s5_la4/data-fmllr-tri3/train/data/feats_fmllr_train.1.ark:6152920
mjxl0_si542 /nfs-share/xinchi/kaldi/egs/timit/s5_la4/data-fmllr-tri3/train/data/feats_fmllr_train.7.ark:3714501
mwdk0_si2017 /nfs-share/xinchi/kaldi/egs/timit/s5_la4/data-fmllr-tri3/train/data/feats_fmllr_train.10.ark:14931171
fexm0_sx111 /nfs-share/xinchi/kaldi/egs/timit/s5_la4/data-fmllr-tri3/train/data/feats_fmllr_train.1.ark:15968778
mdhl0_sx179 /nfs-share/xinchi/kaldi/egs/timit/s5_la4/data-fmllr-tri3/train/data/feats_fmllr_train.5.ark:969009
mrfk0_sx176 /nfs-share/xinchi/kaldi/egs/timit/s5_la4/data-fmllr-tri3/train/data/feats_fmllr_train.8.ark:16839989
mdlc2_sx84 /nfs-share/xinchi/kaldi/egs/timit/s5_la4/data-fmllr-tri3/train/data/feats_fmllr_train.5.ark:3858797
mklr0_sx159 /nfs-share/xinchi/kaldi/egs/timit/s5_la4/data-fmllr-tri3/train/data/feats_fmllr_train.7.ark:7986034
mdsj0_si2092 /nfs-share/xinchi/kaldi/egs/timit/s5_la4/data-fmllr-tri3/train/data/feats_fmllr_train.5.ark:8272600
mrms0_sx300 /nfs-share/xinchi/kaldi/egs/timit/s5_la4/data-fmllr-tri3/train/data/feats_fmllr_train.9.ark:7016185
fjdm2_sx232 /nfs-share/xinchi/kaldi/egs/timit/s5_la4/data-fmllr-tri3/train/data/feats_fmllr_train.2.ark:208443
mjdm0_si974 /nfs-share/xinchi/kaldi/egs/timit/s5_la4/data-fmllr-tri3/train/data/feats_fmllr_train.6.ark:9723568
mgsl0_sx444 /nfs-share/xinchi/kaldi/egs/timit/s5_la4/data-fmllr-tri3/train/data/feats_fmllr_train.6.ark:3032734
mrml0_si791 /nfs-share/xinchi/kaldi/egs/timit/s5_la4/data-fmllr-tri3/train/data/feats_fmllr_train.9.ark:6372180
mmdm1_sx243 /nfs-share/xinchi/kaldi/egs/timit/s5_la4/data-fmllr-tri3/train/data/feats_fmllr_train.7.ark:16800758
fsrh0_sx311 /nfs-share/xinchi/kaldi/egs/timit/s5_la4/data-fmllr-tri3/train/data/feats_fmllr_train.3.ark:13324910
mcdr0_si524 /nfs-share/xinchi/kaldi/egs/timit/s5_la4/data-fmllr-tri3/train/data/feats_fmllr_train.4.ark:9831310
fcaj0_sx309 /nfs-share/xinchi/kaldi/egs/timit/s5_la4/data-fmllr-tri3/train/data/feats_fmllr_train.1.ark:5445847
mmgk0_sx152 /nfs-share/xinchi/kaldi/egs/timit/s5_la4/data-fmllr-tri3/train/data/feats_fmllr_train.8.ark:843891
mewm0_sx88 /nfs-share/xinchi/kaldi/egs/timit/s5_la4/data-fmllr-tri3/train/data/feats_fmllr_train.5.ark:13974412
fjkl0_si2192 /nfs-share/xinchi/kaldi/egs/timit/s5_la4/data-fmllr-tri3/train/data/feats_fmllr_train.2.ark:1267415
fetb0_sx248 /nfs-share/xinchi/kaldi/egs/timit/s5_la4/data-fmllr-tri3/train/data/feats_fmllr_train.1.ark:15604908
mrsp0_sx259 /nfs-share/xinchi/kaldi/egs/timit/s5_la4/data-fmllr-tri3/train/data/feats_fmllr_train.9.ark:8604868
mmjb1_sx238 /nfs-share/xinchi/kaldi/egs/timit/s5_la4/data-fmllr-tri3/train/data/feats_fmllr_train.8.ark:1219975
mrms0_si1113 /nfs-share/xinchi/kaldi/egs/timit/s5_la4/data-fmllr-tri3/train/data/feats_fmllr_train.9.ark:6741622
mgaw0_si1802 /nfs-share/xinchi/kaldi/egs/timit/s5_la4/data-fmllr-tri3/train/data/feats_fmllr_train.6.ark:456579
mdem0_sx68 /nfs-share/xinchi/kaldi/egs/timit/s5_la4/data-fmllr-tri3/train/data/feats_fmllr_train.5.ark:774819
mpgh0_si1554 /nfs-share/xinchi/kaldi/egs/timit/s5_la4/data-fmllr-tri3/train/data/feats_fmllr_train.8.ark:6819919
fbmj0_si516 /nfs-share/xinchi/kaldi/egs/timit/s5_la4/data-fmllr-tri3/train/data/feats_fmllr_train.1.ark:4527064
mwrp0_si1443 /nfs-share/xinchi/kaldi/egs/timit/s5_la4/data-fmllr-tri3/train/data/feats_fmllr_train.10.ark:16419533
mmsm0_sx296 /nfs-share/xinchi/kaldi/egs/timit/s5_la4/data-fmllr-tri3/train/data/feats_fmllr_train.8.ark:2882336
mafm0_sx399 /nfs-share/xinchi/kaldi/egs/timit/s5_la4/data-fmllr-tri3/train/data/feats_fmllr_train.4.ark:1026077
fsak0_sx130 /nfs-share/xinchi/kaldi/egs/timit/s5_la4/data-fmllr-tri3/train/data/feats_fmllr_train.3.ark:6105268
mvjh0_sx116 /nfs-share/xinchi/kaldi/egs/timit/s5_la4/data-fmllr-tri3/train/data/feats_fmllr_train.10.ark:12511303
msas0_sx116 /nfs-share/xinchi/kaldi/egs/timit/s5_la4/data-fmllr-tri3/train/data/feats_fmllr_train.9.ark:11628311
mdsj0_sx112 /nfs-share/xinchi/kaldi/egs/timit/s5_la4/data-fmllr-tri3/train/data/feats_fmllr_train.5.ark:8349454
ftaj0_si474 /nfs-share/xinchi/kaldi/egs/timit/s5_la4/data-fmllr-tri3/train/data/feats_fmllr_train.3.ark:13946036
fjlr0_si601 /nfs-share/xinchi/kaldi/egs/timit/s5_la4/data-fmllr-tri3/train/data/feats_fmllr_train.2.ark:2090917
mjac0_sx307 /nfs-share/xinchi/kaldi/egs/timit/s5_la4/data-fmllr-tri3/train/data/feats_fmllr_train.6.ark:6683164
mcss0_si750 /nfs-share/xinchi/kaldi/egs/timit/s5_la4/data-fmllr-tri3/train/data/feats_fmllr_train.4.ark:12977526
feeh0_si1742 /nfs-share/xinchi/kaldi/egs/timit/s5_la4/data-fmllr-tri3/train/data/feats_fmllr_train.1.ark:14652553
mbma0_si1852 /nfs-share/xinchi/kaldi/egs/timit/s5_la4/data-fmllr-tri3/train/data/feats_fmllr_train.4.ark:5627139
mdmt0_sx392 /nfs-share/xinchi/kaldi/egs/timit/s5_la4/data-fmllr-tri3/train/data/feats_fmllr_train.5.ark:6231139
flhd0_sx174 /nfs-share/xinchi/kaldi/egs/timit/s5_la4/data-fmllr-tri3/train/data/feats_fmllr_train.2.ark:10539345
mmvp0_sx347 /nfs-share/xinchi/kaldi/egs/timit/s5_la4/data-fmllr-tri3/train/data/feats_fmllr_train.8.ark:3309594
fsbk0_si2329 /nfs-share/xinchi/kaldi/egs/timit/s5_la4/data-fmllr-tri3/train/data/feats_fmllr_train.3.ark:6421299
fjsp0_sx264 /nfs-share/xinchi/kaldi/egs/timit/s5_la4/data-fmllr-tri3/train/data/feats_fmllr_train.2.ark:3848800
mrfl0_sx436 /nfs-share/xinchi/kaldi/egs/timit/s5_la4/data-fmllr-tri3/train/data/feats_fmllr_train.8.ark:17399327
mjrh0_si1755 /nfs-share/xinchi/kaldi/egs/timit/s5_la4/data-fmllr-tri3/train/data/feats_fmllr_train.7.ark:40521
mrlj1_sx231 /nfs-share/xinchi/kaldi/egs/timit/s5_la4/data-fmllr-tri3/train/data/feats_fmllr_train.9.ark:4245810
fhlm0_sx390 /nfs-share/xinchi/kaldi/egs/timit/s5_la4/data-fmllr-tri3/train/data/feats_fmllr_train.1.ark:18308053
fjkl0_sx32 /nfs-share/xinchi/kaldi/egs/timit/s5_la4/data-fmllr-tri3/train/data/feats_fmllr_train.2.ark:1523389
mdcd0_sx335 /nfs-share/xinchi/kaldi/egs/timit/s5_la4/data-fmllr-tri3/train/data/feats_fmllr_train.4.ark:16129741
fmah1_sx159 /nfs-share/xinchi/kaldi/egs/timit/s5_la4/data-fmllr-tri3/train/data/feats_fmllr_train.2.ark:14486638
mjai0_sx254 /nfs-share/xinchi/kaldi/egs/timit/s5_la4/data-fmllr-tri3/train/data/feats_fmllr_train.6.ark:7506318
fmkc0_sx82 /nfs-share/xinchi/kaldi/egs/timit/s5_la4/data-fmllr-tri3/train/data/feats_fmllr_train.2.ark:17085166
mrew1_sx240 /nfs-share/xinchi/kaldi/egs/timit/s5_la4/data-fmllr-tri3/train/data/feats_fmllr_train.8.ark:16503798
falr0_sx65 /nfs-share/xinchi/kaldi/egs/timit/s5_la4/data-fmllr-tri3/train/data/feats_fmllr_train.1.ark:1531248
fleh0_si1681 /nfs-share/xinchi/kaldi/egs/timit/s5_la4/data-fmllr-tri3/train/data/feats_fmllr_train.2.ark:9732615
fcmg0_sx342 /nfs-share/xinchi/kaldi/egs/timit/s5_la4/data-fmllr-tri3/train/data/feats_fmllr_train.1.ark:8036967
fsdj0_sx305 /nfs-share/xinchi/kaldi/egs/timit/s5_la4/data-fmllr-tri3/train/data/feats_fmllr_train.3.ark:7800271
mvrw0_sx135 /nfs-share/xinchi/kaldi/egs/timit/s5_la4/data-fmllr-tri3/train/data/feats_fmllr_train.10.ark:13226617
madc0_si1367 /nfs-share/xinchi/kaldi/egs/timit/s5_la4/data-fmllr-tri3/train/data/feats_fmllr_train.3.ark:17176121
mntw0_sx348 /nfs-share/xinchi/kaldi/egs/timit/s5_la4/data-fmllr-tri3/train/data/feats_fmllr_train.8.ark:5640334
fltm0_sx440 /nfs-share/xinchi/kaldi/egs/timit/s5_la4/data-fmllr-tri3/train/data/feats_fmllr_train.2.ark:14239622
mkrg0_si1491 /nfs-share/xinchi/kaldi/egs/timit/s5_la4/data-fmllr-tri3/train/data/feats_fmllr_train.7.ark:9393382
mrcg0_sx78 /nfs-share/xinchi/kaldi/egs/timit/s5_la4/data-fmllr-tri3/train/data/feats_fmllr_train.8.ark:13644701
fclt0_si2068 /nfs-share/xinchi/kaldi/egs/timit/s5_la4/data-fmllr-tri3/train/data/feats_fmllr_train.1.ark:7449441
mrcg0_si1428 /nfs-share/xinchi/kaldi/egs/timit/s5_la4/data-fmllr-tri3/train/data/feats_fmllr_train.8.ark:13228352
ftbr0_sx201 /nfs-share/xinchi/kaldi/egs/timit/s5_la4/data-fmllr-tri3/train/data/feats_fmllr_train.3.ark:14429854
fskp0_sx198 /nfs-share/xinchi/kaldi/egs/timit/s5_la4/data-fmllr-tri3/train/data/feats_fmllr_train.3.ark:10966646
mtpr0_si506 /nfs-share/xinchi/kaldi/egs/timit/s5_la4/data-fmllr-tri3/train/data/feats_fmllr_train.10.ark:9650717
mrpc1_si2112 /nfs-share/xinchi/kaldi/egs/timit/s5_la4/data-fmllr-tri3/train/data/feats_fmllr_train.9.ark:7170696
mklw0_sx311 /nfs-share/xinchi/kaldi/egs/timit/s5_la4/data-fmllr-tri3/train/data/feats_fmllr_train.7.ark:9216981
mtmn0_si2324 /nfs-share/xinchi/kaldi/egs/timit/s5_la4/data-fmllr-tri3/train/data/feats_fmllr_train.10.ark:7707685
mmgg0_sx449 /nfs-share/xinchi/kaldi/egs/timit/s5_la4/data-fmllr-tri3/train/data/feats_fmllr_train.8.ark:633835
mrgs0_si726 /nfs-share/xinchi/kaldi/egs/timit/s5_la4/data-fmllr-tri3/train/data/feats_fmllr_train.9.ark:98628
mdas0_si636 /nfs-share/xinchi/kaldi/egs/timit/s5_la4/data-fmllr-tri3/train/data/feats_fmllr_train.4.ark:14871411
mmds0_sx263 /nfs-share/xinchi/kaldi/egs/timit/s5_la4/data-fmllr-tri3/train/data/feats_fmllr_train.7.ark:17177935
mbwp0_sx259 /nfs-share/xinchi/kaldi/egs/timit/s5_la4/data-fmllr-tri3/train/data/feats_fmllr_train.4.ark:7873961
marw0_si1906 /nfs-share/xinchi/kaldi/egs/timit/s5_la4/data-fmllr-tri3/train/data/feats_fmllr_train.4.ark:3016820
fsrh0_si1931 /nfs-share/xinchi/kaldi/egs/timit/s5_la4/data-fmllr-tri3/train/data/feats_fmllr_train.3.ark:13143522
mdwd0_sx90 /nfs-share/xinchi/kaldi/egs/timit/s5_la4/data-fmllr-tri3/train/data/feats_fmllr_train.5.ark:9899710
mwac0_si2231 /nfs-share/xinchi/kaldi/egs/timit/s5_la4/data-fmllr-tri3/train/data/feats_fmllr_train.10.ark:13479580
mpar0_si1576 /nfs-share/xinchi/kaldi/egs/timit/s5_la4/data-fmllr-tri3/train/data/feats_fmllr_train.8.ark:5741028
mabc0_sx151 /nfs-share/xinchi/kaldi/egs/timit/s5_la4/data-fmllr-tri3/train/data/feats_fmllr_train.3.ark:16979186
fear0_si1252 /nfs-share/xinchi/kaldi/egs/timit/s5_la4/data-fmllr-tri3/train/data/feats_fmllr_train.1.ark:13743451
fsmm0_sx234 /nfs-share/xinchi/kaldi/egs/timit/s5_la4/data-fmllr-tri3/train/data/feats_fmllr_train.3.ark:12071592
fklh0_sx267 /nfs-share/xinchi/kaldi/egs/timit/s5_la4/data-fmllr-tri3/train/data/feats_fmllr_train.2.ark:8280948
mdas0_si1896 /nfs-share/xinchi/kaldi/egs/timit/s5_la4/data-fmllr-tri3/train/data/feats_fmllr_train.4.ark:14804504
mjrh0_sx405 /nfs-share/xinchi/kaldi/egs/timit/s5_la4/data-fmllr-tri3/train/data/feats_fmllr_train.7.ark:297137
mdbb1_sx16 /nfs-share/xinchi/kaldi/egs/timit/s5_la4/data-fmllr-tri3/train/data/feats_fmllr_train.4.ark:15305119
msfh0_sx406 /nfs-share/xinchi/kaldi/egs/timit/s5_la4/data-fmllr-tri3/train/data/feats_fmllr_train.9.ark:14863412
fkaa0_sx38 /nfs-share/xinchi/kaldi/egs/timit/s5_la4/data-fmllr-tri3/train/data/feats_fmllr_train.2.ark:5499800
mmws1_si2331 /nfs-share/xinchi/kaldi/egs/timit/s5_la4/data-fmllr-tri3/train/data/feats_fmllr_train.8.ark:4403578
fskl0_sx89 /nfs-share/xinchi/kaldi/egs/timit/s5_la4/data-fmllr-tri3/train/data/feats_fmllr_train.3.ark:10691123
mrmh0_si1021 /nfs-share/xinchi/kaldi/egs/timit/s5_la4/data-fmllr-tri3/train/data/feats_fmllr_train.9.ark:5893347
ftbr0_sx381 /nfs-share/xinchi/kaldi/egs/timit/s5_la4/data-fmllr-tri3/train/data/feats_fmllr_train.3.ark:14551054
mram0_si1951 /nfs-share/xinchi/kaldi/egs/timit/s5_la4/data-fmllr-tri3/train/data/feats_fmllr_train.8.ark:12225995
mdlb0_sx136 /nfs-share/xinchi/kaldi/egs/timit/s5_la4/data-fmllr-tri3/train/data/feats_fmllr_train.5.ark:2493238
fdxw0_sx431 /nfs-share/xinchi/kaldi/egs/timit/s5_la4/data-fmllr-tri3/train/data/feats_fmllr_train.1.ark:13265740
mstf0_si852 /nfs-share/xinchi/kaldi/egs/timit/s5_la4/data-fmllr-tri3/train/data/feats_fmllr_train.9.ark:17814317
frjb0_si1427 /nfs-share/xinchi/kaldi/egs/timit/s5_la4/data-fmllr-tri3/train/data/feats_fmllr_train.3.ark:4352158
mmds0_sx353 /nfs-share/xinchi/kaldi/egs/timit/s5_la4/data-fmllr-tri3/train/data/feats_fmllr_train.7.ark:17209002
ftbr0_si1402 /nfs-share/xinchi/kaldi/egs/timit/s5_la4/data-fmllr-tri3/train/data/feats_fmllr_train.3.ark:14212945
mtjs0_si1822 /nfs-share/xinchi/kaldi/egs/timit/s5_la4/data-fmllr-tri3/train/data/feats_fmllr_train.10.ark:4887605
mdss0_si2087 /nfs-share/xinchi/kaldi/egs/timit/s5_la4/data-fmllr-tri3/train/data/feats_fmllr_train.5.ark:8627377
mrlk0_sx303 /nfs-share/xinchi/kaldi/egs/timit/s5_la4/data-fmllr-tri3/train/data/feats_fmllr_train.9.ark:4672454
mjrk0_si1662 /nfs-share/xinchi/kaldi/egs/timit/s5_la4/data-fmllr-tri3/train/data/feats_fmllr_train.7.ark:765888
mwsh0_sx256 /nfs-share/xinchi/kaldi/egs/timit/s5_la4/data-fmllr-tri3/train/data/feats_fmllr_train.10.ark:17387113
mhmr0_sx219 /nfs-share/xinchi/kaldi/egs/timit/s5_la4/data-fmllr-tri3/train/data/feats_fmllr_train.6.ark:5170300
mmgc0_sx405 /nfs-share/xinchi/kaldi/egs/timit/s5_la4/data-fmllr-tri3/train/data/feats_fmllr_train.8.ark:275537
mbjv0_si1247 /nfs-share/xinchi/kaldi/egs/timit/s5_la4/data-fmllr-tri3/train/data/feats_fmllr_train.4.ark:5198254
mgaf0_si1912 /nfs-share/xinchi/kaldi/egs/timit/s5_la4/data-fmllr-tri3/train/data/feats_fmllr_train.5.ark:16299453
mdmt0_sx32 /nfs-share/xinchi/kaldi/egs/timit/s5_la4/data-fmllr-tri3/train/data/feats_fmllr_train.5.ark:6189992
flhd0_si1344 /nfs-share/xinchi/kaldi/egs/timit/s5_la4/data-fmllr-tri3/train/data/feats_fmllr_train.2.ark:10420862
mbml0_sx179 /nfs-share/xinchi/kaldi/egs/timit/s5_la4/data-fmllr-tri3/train/data/feats_fmllr_train.4.ark:6450667
fdkn0_si1081 /nfs-share/xinchi/kaldi/egs/timit/s5_la4/data-fmllr-tri3/train/data/feats_fmllr_train.1.ark:10838089
fskp0_si1098 /nfs-share/xinchi/kaldi/egs/timit/s5_la4/data-fmllr-tri3/train/data/feats_fmllr_train.3.ark:10735311
mljh0_sx424 /nfs-share/xinchi/kaldi/egs/timit/s5_la4/data-fmllr-tri3/train/data/feats_fmllr_train.7.ark:11725830
mrjt0_sx148 /nfs-share/xinchi/kaldi/egs/timit/s5_la4/data-fmllr-tri3/train/data/feats_fmllr_train.9.ark:2635476
mbth0_sx392 /nfs-share/xinchi/kaldi/egs/timit/s5_la4/data-fmllr-tri3/train/data/feats_fmllr_train.4.ark:7656704
msms0_sx83 /nfs-share/xinchi/kaldi/egs/timit/s5_la4/data-fmllr-tri3/train/data/feats_fmllr_train.9.ark:16944042
mcss0_sx120 /nfs-share/xinchi/kaldi/egs/timit/s5_la4/data-fmllr-tri3/train/data/feats_fmllr_train.4.ark:13021393
mmea0_sx218 /nfs-share/xinchi/kaldi/egs/timit/s5_la4/data-fmllr-tri3/train/data/feats_fmllr_train.7.ark:17492552
mdbp0_si528 /nfs-share/xinchi/kaldi/egs/timit/s5_la4/data-fmllr-tri3/train/data/feats_fmllr_train.4.ark:15555843
msvs0_sx218 /nfs-share/xinchi/kaldi/egs/timit/s5_la4/data-fmllr-tri3/train/data/feats_fmllr_train.10.ark:249402
mjkr0_si571 /nfs-share/xinchi/kaldi/egs/timit/s5_la4/data-fmllr-tri3/train/data/feats_fmllr_train.6.ark:13664778
mpsw0_sx437 /nfs-share/xinchi/kaldi/egs/timit/s5_la4/data-fmllr-tri3/train/data/feats_fmllr_train.8.ark:10846514
fsdc0_si2234 /nfs-share/xinchi/kaldi/egs/timit/s5_la4/data-fmllr-tri3/train/data/feats_fmllr_train.3.ark:7332773
fgcs0_si1486 /nfs-share/xinchi/kaldi/egs/timit/s5_la4/data-fmllr-tri3/train/data/feats_fmllr_train.1.ark:16249234
mhit0_sx263 /nfs-share/xinchi/kaldi/egs/timit/s5_la4/data-fmllr-tri3/train/data/feats_fmllr_train.6.ark:4126608
fsms1_si2134 /nfs-share/xinchi/kaldi/egs/timit/s5_la4/data-fmllr-tri3/train/data/feats_fmllr_train.3.ark:12357968
mklr0_sx69 /nfs-share/xinchi/kaldi/egs/timit/s5_la4/data-fmllr-tri3/train/data/feats_fmllr_train.7.ark:8156061
mjeb1_sx117 /nfs-share/xinchi/kaldi/egs/timit/s5_la4/data-fmllr-tri3/train/data/feats_fmllr_train.6.ark:10627549
flma0_sx253 /nfs-share/xinchi/kaldi/egs/timit/s5_la4/data-fmllr-tri3/train/data/feats_fmllr_train.2.ark:12657257
mbom0_sx384 /nfs-share/xinchi/kaldi/egs/timit/s5_la4/data-fmllr-tri3/train/data/feats_fmllr_train.4.ark:6980273
mwem0_sx60 /nfs-share/xinchi/kaldi/egs/timit/s5_la4/data-fmllr-tri3/train/data/feats_fmllr_train.10.ark:15600350
fmah1_sx69 /nfs-share/xinchi/kaldi/egs/timit/s5_la4/data-fmllr-tri3/train/data/feats_fmllr_train.2.ark:14660665
mjbg0_sx242 /nfs-share/xinchi/kaldi/egs/timit/s5_la4/data-fmllr-tri3/train/data/feats_fmllr_train.6.ark:7820616
mesg0_si1332 /nfs-share/xinchi/kaldi/egs/timit/s5_la4/data-fmllr-tri3/train/data/feats_fmllr_train.5.ark:12972831
mrab1_sx218 /nfs-share/xinchi/kaldi/egs/timit/s5_la4/data-fmllr-tri3/train/data/feats_fmllr_train.8.ark:11517774
mjac0_sx251 /nfs-share/xinchi/kaldi/egs/timit/s5_la4/data-fmllr-tri3/train/data/feats_fmllr_train.6.ark:6615937
mdma0_sx350 /nfs-share/xinchi/kaldi/egs/timit/s5_la4/data-fmllr-tri3/train/data/feats_fmllr_train.5.ark:5742709
msjk0_sx426 /nfs-share/xinchi/kaldi/egs/timit/s5_la4/data-fmllr-tri3/train/data/feats_fmllr_train.9.ark:15732806
fntb0_sx213 /nfs-share/xinchi/kaldi/egs/timit/s5_la4/data-fmllr-tri3/train/data/feats_fmllr_train.3.ark:585618
mkam0_si1316 /nfs-share/xinchi/kaldi/egs/timit/s5_la4/data-fmllr-tri3/train/data/feats_fmllr_train.7.ark:5210221
fmem0_sx207 /nfs-share/xinchi/kaldi/egs/timit/s5_la4/data-fmllr-tri3/train/data/feats_fmllr_train.2.ark:15308698
mrmb0_si1581 /nfs-share/xinchi/kaldi/egs/timit/s5_la4/data-fmllr-tri3/train/data/feats_fmllr_train.9.ark:5146512
mrjt0_si1805 /nfs-share/xinchi/kaldi/egs/timit/s5_la4/data-fmllr-tri3/train/data/feats_fmllr_train.9.ark:2539422
mmdb0_sx177 /nfs-share/xinchi/kaldi/egs/timit/s5_la4/data-fmllr-tri3/train/data/feats_fmllr_train.7.ark:15631440
mppc0_sx152 /nfs-share/xinchi/kaldi/egs/timit/s5_la4/data-fmllr-tri3/train/data/feats_fmllr_train.8.ark:8696389
mcdd0_si1513 /nfs-share/xinchi/kaldi/egs/timit/s5_la4/data-fmllr-tri3/train/data/feats_fmllr_train.4.ark:9348798
maeo0_sx336 /nfs-share/xinchi/kaldi/egs/timit/s5_la4/data-fmllr-tri3/train/data/feats_fmllr_train.4.ark:593327
fjen0_sx237 /nfs-share/xinchi/kaldi/egs/timit/s5_la4/data-fmllr-tri3/train/data/feats_fmllr_train.2.ark:628341
mpeb0_sx330 /nfs-share/xinchi/kaldi/egs/timit/s5_la4/data-fmllr-tri3/train/data/feats_fmllr_train.8.ark:6262501
mdpb0_si866 /nfs-share/xinchi/kaldi/egs/timit/s5_la4/data-fmllr-tri3/train/data/feats_fmllr_train.5.ark:6785039
mjmm0_sx355 /nfs-share/xinchi/kaldi/egs/timit/s5_la4/data-fmllr-tri3/train/data/feats_fmllr_train.6.ark:16002003
fjlg0_sx359 /nfs-share/xinchi/kaldi/egs/timit/s5_la4/data-fmllr-tri3/train/data/feats_fmllr_train.2.ark:1832541
mrcg0_si798 /nfs-share/xinchi/kaldi/egs/timit/s5_la4/data-fmllr-tri3/train/data/feats_fmllr_train.8.ark:13347447
mmag0_sx406 /nfs-share/xinchi/kaldi/egs/timit/s5_la4/data-fmllr-tri3/train/data/feats_fmllr_train.7.ark:13748035
mcdr0_si1154 /nfs-share/xinchi/kaldi/egs/timit/s5_la4/data-fmllr-tri3/train/data/feats_fmllr_train.4.ark:9690295
mkes0_sx173 /nfs-share/xinchi/kaldi/egs/timit/s5_la4/data-fmllr-tri3/train/data/feats_fmllr_train.7.ark:6904582
mljh0_sx154 /nfs-share/xinchi/kaldi/egs/timit/s5_la4/data-fmllr-tri3/train/data/feats_fmllr_train.7.ark:11557909
mprk0_sx197 /nfs-share/xinchi/kaldi/egs/timit/s5_la4/data-fmllr-tri3/train/data/feats_fmllr_train.8.ark:10123013
fcjf0_sx307 /nfs-share/xinchi/kaldi/egs/timit/s5_la4/data-fmllr-tri3/train/data/feats_fmllr_train.1.ark:6602498
mrgs0_si1986 /nfs-share/xinchi/kaldi/egs/timit/s5_la4/data-fmllr-tri3/train/data/feats_fmllr_train.9.ark:75081
fdxw0_si881 /nfs-share/xinchi/kaldi/egs/timit/s5_la4/data-fmllr-tri3/train/data/feats_fmllr_train.1.ark:13063392
msrr0_sx411 /nfs-share/xinchi/kaldi/egs/timit/s5_la4/data-fmllr-tri3/train/data/feats_fmllr_train.9.ark:17633569
mram0_sx15 /nfs-share/xinchi/kaldi/egs/timit/s5_la4/data-fmllr-tri3/train/data/feats_fmllr_train.8.ark:12333568
mrhl0_sx345 /nfs-share/xinchi/kaldi/egs/timit/s5_la4/data-fmllr-tri3/train/data/feats_fmllr_train.9.ark:652204
mjsr0_sx434 /nfs-share/xinchi/kaldi/egs/timit/s5_la4/data-fmllr-tri3/train/data/feats_fmllr_train.7.ark:1841205
fsls0_si1686 /nfs-share/xinchi/kaldi/egs/timit/s5_la4/data-fmllr-tri3/train/data/feats_fmllr_train.3.ark:11142596
flet0_si1767 /nfs-share/xinchi/kaldi/egs/timit/s5_la4/data-fmllr-tri3/train/data/feats_fmllr_train.2.ark:10101633
mwre0_sx157 /nfs-share/xinchi/kaldi/egs/timit/s5_la4/data-fmllr-tri3/train/data/feats_fmllr_train.10.ark:16165478
mdss0_si621 /nfs-share/xinchi/kaldi/egs/timit/s5_la4/data-fmllr-tri3/train/data/feats_fmllr_train.5.ark:8660844
mnet0_sx96 /nfs-share/xinchi/kaldi/egs/timit/s5_la4/data-fmllr-tri3/train/data/feats_fmllr_train.8.ark:5278702
fcyl0_sx349 /nfs-share/xinchi/kaldi/egs/timit/s5_la4/data-fmllr-tri3/train/data/feats_fmllr_train.1.ark:9168658
falk0_si658 /nfs-share/xinchi/kaldi/egs/timit/s5_la4/data-fmllr-tri3/train/data/feats_fmllr_train.1.ark:905779
mdlb0_si1936 /nfs-share/xinchi/kaldi/egs/timit/s5_la4/data-fmllr-tri3/train/data/feats_fmllr_train.5.ark:2415104
fjen0_si1677 /nfs-share/xinchi/kaldi/egs/timit/s5_la4/data-fmllr-tri3/train/data/feats_fmllr_train.2.ark:463299
mbgt0_sx171 /nfs-share/xinchi/kaldi/egs/timit/s5_la4/data-fmllr-tri3/train/data/feats_fmllr_train.4.ark:4937479
mctm0_si720 /nfs-share/xinchi/kaldi/egs/timit/s5_la4/data-fmllr-tri3/train/data/feats_fmllr_train.4.ark:13742760
flja0_sx88 /nfs-share/xinchi/kaldi/egs/timit/s5_la4/data-fmllr-tri3/train/data/feats_fmllr_train.2.ark:11143990
fskl0_sx359 /nfs-share/xinchi/kaldi/egs/timit/s5_la4/data-fmllr-tri3/train/data/feats_fmllr_train.3.ark:10586110
mtjs0_sx22 /nfs-share/xinchi/kaldi/egs/timit/s5_la4/data-fmllr-tri3/train/data/feats_fmllr_train.10.ark:5145952
msvs0_si1568 /nfs-share/xinchi/kaldi/egs/timit/s5_la4/data-fmllr-tri3/train/data/feats_fmllr_train.10.ark:13
mwgr0_si1606 /nfs-share/xinchi/kaldi/egs/timit/s5_la4/data-fmllr-tri3/train/data/feats_fmllr_train.10.ark:15655898
freh0_sx325 /nfs-share/xinchi/kaldi/egs/timit/s5_la4/data-fmllr-tri3/train/data/feats_fmllr_train.3.ark:4244077
mrab0_sx324 /nfs-share/xinchi/kaldi/egs/timit/s5_la4/data-fmllr-tri3/train/data/feats_fmllr_train.8.ark:11158864
mtcs0_sx262 /nfs-share/xinchi/kaldi/egs/timit/s5_la4/data-fmllr-tri3/train/data/feats_fmllr_train.10.ark:2627504
mlsh0_si787 /nfs-share/xinchi/kaldi/egs/timit/s5_la4/data-fmllr-tri3/train/data/feats_fmllr_train.7.ark:12293196
fkdw0_si1891 /nfs-share/xinchi/kaldi/egs/timit/s5_la4/data-fmllr-tri3/train/data/feats_fmllr_train.2.ark:6129701
mdlr1_si1929 /nfs-share/xinchi/kaldi/egs/timit/s5_la4/data-fmllr-tri3/train/data/feats_fmllr_train.5.ark:5107663
mdcm0_si1480 /nfs-share/xinchi/kaldi/egs/timit/s5_la4/data-fmllr-tri3/train/data/feats_fmllr_train.4.ark:16264542
mtrc0_sx93 /nfs-share/xinchi/kaldi/egs/timit/s5_la4/data-fmllr-tri3/train/data/feats_fmllr_train.10.ark:10774964
fnkl0_si1522 /nfs-share/xinchi/kaldi/egs/timit/s5_la4/data-fmllr-tri3/train/data/feats_fmllr_train.3.ark:13
mrmh0_sx391 /nfs-share/xinchi/kaldi/egs/timit/s5_la4/data-fmllr-tri3/train/data/feats_fmllr_train.9.ark:6216737
fmju0_sx129 /nfs-share/xinchi/kaldi/egs/timit/s5_la4/data-fmllr-tri3/train/data/feats_fmllr_train.2.ark:16491241
mrmg0_si1710 /nfs-share/xinchi/kaldi/egs/timit/s5_la4/data-fmllr-tri3/train/data/feats_fmllr_train.9.ark:5558757
fljd0_sx346 /nfs-share/xinchi/kaldi/egs/timit/s5_la4/data-fmllr-tri3/train/data/feats_fmllr_train.2.ark:11453274
msem1_sx360 /nfs-share/xinchi/kaldi/egs/timit/s5_la4/data-fmllr-tri3/train/data/feats_fmllr_train.9.ark:14007270
mmwb0_si989 /nfs-share/xinchi/kaldi/egs/timit/s5_la4/data-fmllr-tri3/train/data/feats_fmllr_train.8.ark:3577864
mmag0_sx316 /nfs-share/xinchi/kaldi/egs/timit/s5_la4/data-fmllr-tri3/train/data/feats_fmllr_train.7.ark:13699048
mstf0_si766 /nfs-share/xinchi/kaldi/egs/timit/s5_la4/data-fmllr-tri3/train/data/feats_fmllr_train.9.ark:17783250
mpgr0_si1410 /nfs-share/xinchi/kaldi/egs/timit/s5_la4/data-fmllr-tri3/train/data/feats_fmllr_train.8.ark:7151815
mjda0_sx401 /nfs-share/xinchi/kaldi/egs/timit/s5_la4/data-fmllr-tri3/train/data/feats_fmllr_train.6.ark:8273528
meal0_sx107 /nfs-share/xinchi/kaldi/egs/timit/s5_la4/data-fmllr-tri3/train/data/feats_fmllr_train.5.ark:10884574
mjpm1_sx311 /nfs-share/xinchi/kaldi/egs/timit/s5_la4/data-fmllr-tri3/train/data/feats_fmllr_train.6.ark:17040894
mddc0_sx339 /nfs-share/xinchi/kaldi/egs/timit/s5_la4/data-fmllr-tri3/train/data/feats_fmllr_train.4.ark:16879295
fsgf0_sx207 /nfs-share/xinchi/kaldi/egs/timit/s5_la4/data-fmllr-tri3/train/data/feats_fmllr_train.3.ark:8150061
mljh0_si694 /nfs-share/xinchi/kaldi/egs/timit/s5_la4/data-fmllr-tri3/train/data/feats_fmllr_train.7.ark:11485562
fsah0_si1244 /nfs-share/xinchi/kaldi/egs/timit/s5_la4/data-fmllr-tri3/train/data/feats_fmllr_train.3.ark:5542089
mrem0_sx421 /nfs-share/xinchi/kaldi/egs/timit/s5_la4/data-fmllr-tri3/train/data/feats_fmllr_train.8.ark:16257875
mlbc0_sx249 /nfs-share/xinchi/kaldi/egs/timit/s5_la4/data-fmllr-tri3/train/data/feats_fmllr_train.7.ark:10331045
mrvg0_sx60 /nfs-share/xinchi/kaldi/egs/timit/s5_la4/data-fmllr-tri3/train/data/feats_fmllr_train.9.ark:9954692
mrws0_si472 /nfs-share/xinchi/kaldi/egs/timit/s5_la4/data-fmllr-tri3/train/data/feats_fmllr_train.9.ark:10467792
mrab1_si848 /nfs-share/xinchi/kaldi/egs/timit/s5_la4/data-fmllr-tri3/train/data/feats_fmllr_train.8.ark:11411640
fetb0_sx338 /nfs-share/xinchi/kaldi/egs/timit/s5_la4/data-fmllr-tri3/train/data/feats_fmllr_train.1.ark:15646855
fscn0_si626 /nfs-share/xinchi/kaldi/egs/timit/s5_la4/data-fmllr-tri3/train/data/feats_fmllr_train.3.ark:6805968
mmam0_si2227 /nfs-share/xinchi/kaldi/egs/timit/s5_la4/data-fmllr-tri3/train/data/feats_fmllr_train.7.ark:13944465
madd0_sx358 /nfs-share/xinchi/kaldi/egs/timit/s5_la4/data-fmllr-tri3/train/data/feats_fmllr_train.3.ark:17832794
mkam0_sx416 /nfs-share/xinchi/kaldi/egs/timit/s5_la4/data-fmllr-tri3/train/data/feats_fmllr_train.7.ark:5466197
fdkn0_sx181 /nfs-share/xinchi/kaldi/egs/timit/s5_la4/data-fmllr-tri3/train/data/feats_fmllr_train.1.ark:10997852
mkag0_sx30 /nfs-share/xinchi/kaldi/egs/timit/s5_la4/data-fmllr-tri3/train/data/feats_fmllr_train.7.ark:4287758
mges0_sx41 /nfs-share/xinchi/kaldi/egs/timit/s5_la4/data-fmllr-tri3/train/data/feats_fmllr_train.6.ark:1024797
mrmh0_si1349 /nfs-share/xinchi/kaldi/egs/timit/s5_la4/data-fmllr-tri3/train/data/feats_fmllr_train.9.ark:5953535
mmds0_sx83 /nfs-share/xinchi/kaldi/egs/timit/s5_la4/data-fmllr-tri3/train/data/feats_fmllr_train.7.ark:17287295
mmpm0_si2321 /nfs-share/xinchi/kaldi/egs/timit/s5_la4/data-fmllr-tri3/train/data/feats_fmllr_train.8.ark:1849636
mrbc0_sx59 /nfs-share/xinchi/kaldi/egs/timit/s5_la4/data-fmllr-tri3/train/data/feats_fmllr_train.8.ark:13195684
mdem0_si608 /nfs-share/xinchi/kaldi/egs/timit/s5_la4/data-fmllr-tri3/train/data/feats_fmllr_train.5.ark:393858
mpgh0_sx114 /nfs-share/xinchi/kaldi/egs/timit/s5_la4/data-fmllr-tri3/train/data/feats_fmllr_train.8.ark:6985440
mpgr0_sx420 /nfs-share/xinchi/kaldi/egs/timit/s5_la4/data-fmllr-tri3/train/data/feats_fmllr_train.8.ark:7398218
fdxw0_sx251 /nfs-share/xinchi/kaldi/egs/timit/s5_la4/data-fmllr-tri3/train/data/feats_fmllr_train.1.ark:13175766
mbgt0_sx441 /nfs-share/xinchi/kaldi/egs/timit/s5_la4/data-fmllr-tri3/train/data/feats_fmllr_train.4.ark:5111160
mmlm0_si897 /nfs-share/xinchi/kaldi/egs/timit/s5_la4/data-fmllr-tri3/train/data/feats_fmllr_train.8.ark:1526698
msdh0_sx440 /nfs-share/xinchi/kaldi/egs/timit/s5_la4/data-fmllr-tri3/train/data/feats_fmllr_train.9.ark:13097582
mmdm1_sx333 /nfs-share/xinchi/kaldi/egs/timit/s5_la4/data-fmllr-tri3/train/data/feats_fmllr_train.7.ark:16848465
medr0_sx24 /nfs-share/xinchi/kaldi/egs/timit/s5_la4/data-fmllr-tri3/train/data/feats_fmllr_train.5.ark:11318925
mrmh0_sx121 /nfs-share/xinchi/kaldi/egs/timit/s5_la4/data-fmllr-tri3/train/data/feats_fmllr_train.9.ark:6061430
mafm0_si2199 /nfs-share/xinchi/kaldi/egs/timit/s5_la4/data-fmllr-tri3/train/data/feats_fmllr_train.4.ark:770076
mpgr0_si780 /nfs-share/xinchi/kaldi/egs/timit/s5_la4/data-fmllr-tri3/train/data/feats_fmllr_train.8.ark:7244190
mmdg0_si2035 /nfs-share/xinchi/kaldi/egs/timit/s5_la4/data-fmllr-tri3/train/data/feats_fmllr_train.7.ark:15895283
mprd0_si1431 /nfs-share/xinchi/kaldi/egs/timit/s5_la4/data-fmllr-tri3/train/data/feats_fmllr_train.8.ark:9381861
mgar0_si1842 /nfs-share/xinchi/kaldi/egs/timit/s5_la4/data-fmllr-tri3/train/data/feats_fmllr_train.6.ark:93829
mtat0_sx390 /nfs-share/xinchi/kaldi/egs/timit/s5_la4/data-fmllr-tri3/train/data/feats_fmllr_train.10.ark:1578773
mklw0_sx221 /nfs-share/xinchi/kaldi/egs/timit/s5_la4/data-fmllr-tri3/train/data/feats_fmllr_train.7.ark:9167834
mdtb0_si1200 /nfs-share/xinchi/kaldi/egs/timit/s5_la4/data-fmllr-tri3/train/data/feats_fmllr_train.5.ark:9250983
mctm0_si1980 /nfs-share/xinchi/kaldi/egs/timit/s5_la4/data-fmllr-tri3/train/data/feats_fmllr_train.4.ark:13676013
mhit0_sx83 /nfs-share/xinchi/kaldi/egs/timit/s5_la4/data-fmllr-tri3/train/data/feats_fmllr_train.6.ark:4257568
mdks0_si1066 /nfs-share/xinchi/kaldi/egs/timit/s5_la4/data-fmllr-tri3/train/data/feats_fmllr_train.5.ark:1926538
fbch0_sx326 /nfs-share/xinchi/kaldi/egs/timit/s5_la4/data-fmllr-tri3/train/data/feats_fmllr_train.1.ark:3115744
fkde0_si1771 /nfs-share/xinchi/kaldi/egs/timit/s5_la4/data-fmllr-tri3/train/data/feats_fmllr_train.2.ark:5696683
mewm0_sx268 /nfs-share/xinchi/kaldi/egs/timit/s5_la4/data-fmllr-tri3/train/data/feats_fmllr_train.5.ark:13858012
fljg0_sx261 /nfs-share/xinchi/kaldi/egs/timit/s5_la4/data-fmllr-tri3/train/data/feats_fmllr_train.2.ark:11830584
flac0_sx451 /nfs-share/xinchi/kaldi/egs/timit/s5_la4/data-fmllr-tri3/train/data/feats_fmllr_train.2.ark:9123676
mdwh0_si1168 /nfs-share/xinchi/kaldi/egs/timit/s5_la4/data-fmllr-tri3/train/data/feats_fmllr_train.5.ark:9933178
mtdp0_si1521 /nfs-share/xinchi/kaldi/egs/timit/s5_la4/data-fmllr-tri3/train/data/feats_fmllr_train.10.ark:3246577
mdwm0_sx433 /nfs-share/xinchi/kaldi/egs/timit/s5_la4/data-fmllr-tri3/train/data/feats_fmllr_train.5.ark:10725744
mkjo0_si1517 /nfs-share/xinchi/kaldi/egs/timit/s5_la4/data-fmllr-tri3/train/data/feats_fmllr_train.7.ark:7147117
mlel0_si616 /nfs-share/xinchi/kaldi/egs/timit/s5_la4/data-fmllr-tri3/train/data/feats_fmllr_train.7.ark:10587368
fpad0_sx356 /nfs-share/xinchi/kaldi/egs/timit/s5_la4/data-fmllr-tri3/train/data/feats_fmllr_train.3.ark:1886456
fpjf0_si1676 /nfs-share/xinchi/kaldi/egs/timit/s5_la4/data-fmllr-tri3/train/data/feats_fmllr_train.3.ark:2938227
mmgc0_si2184 /nfs-share/xinchi/kaldi/egs/timit/s5_la4/data-fmllr-tri3/train/data/feats_fmllr_train.8.ark:120549
mhmg0_sx195 /nfs-share/xinchi/kaldi/egs/timit/s5_la4/data-fmllr-tri3/train/data/feats_fmllr_train.6.ark:4844029
mbml0_sx89 /nfs-share/xinchi/kaldi/egs/timit/s5_la4/data-fmllr-tri3/train/data/feats_fmllr_train.4.ark:6638774
mjdc0_sx261 /nfs-share/xinchi/kaldi/egs/timit/s5_la4/data-fmllr-tri3/train/data/feats_fmllr_train.6.ark:8583931
mprt0_si495 /nfs-share/xinchi/kaldi/egs/timit/s5_la4/data-fmllr-tri3/train/data/feats_fmllr_train.8.ark:10347602
mbar0_sx239 /nfs-share/xinchi/kaldi/egs/timit/s5_la4/data-fmllr-tri3/train/data/feats_fmllr_train.4.ark:3571998
fjxm0_si1211 /nfs-share/xinchi/kaldi/egs/timit/s5_la4/data-fmllr-tri3/train/data/feats_fmllr_train.2.ark:4400324
mdns0_si1011 /nfs-share/xinchi/kaldi/egs/timit/s5_la4/data-fmllr-tri3/train/data/feats_fmllr_train.5.ark:6279327
mpsw0_si1067 /nfs-share/xinchi/kaldi/egs/timit/s5_la4/data-fmllr-tri3/train/data/feats_fmllr_train.8.ark:10629231
mpsw0_si1697 /nfs-share/xinchi/kaldi/egs/timit/s5_la4/data-fmllr-tri3/train/data/feats_fmllr_train.8.ark:10666539
mprk0_sx377 /nfs-share/xinchi/kaldi/egs/timit/s5_la4/data-fmllr-tri3/train/data/feats_fmllr_train.8.ark:10230107
mdhs0_si1530 /nfs-share/xinchi/kaldi/egs/timit/s5_la4/data-fmllr-tri3/train/data/feats_fmllr_train.5.ark:1207864
mbma1_si2207 /nfs-share/xinchi/kaldi/egs/timit/s5_la4/data-fmllr-tri3/train/data/feats_fmllr_train.4.ark:5918528
marc0_sx108 /nfs-share/xinchi/kaldi/egs/timit/s5_la4/data-fmllr-tri3/train/data/feats_fmllr_train.4.ark:2775057
mjfr0_sx345 /nfs-share/xinchi/kaldi/egs/timit/s5_la4/data-fmllr-tri3/train/data/feats_fmllr_train.6.ark:11772894
fkkh0_si660 /nfs-share/xinchi/kaldi/egs/timit/s5_la4/data-fmllr-tri3/train/data/feats_fmllr_train.2.ark:7043602
fdnc0_sx378 /nfs-share/xinchi/kaldi/egs/timit/s5_la4/data-fmllr-tri3/train/data/feats_fmllr_train.1.ark:12532691
mdlc0_sx225 /nfs-share/xinchi/kaldi/egs/timit/s5_la4/data-fmllr-tri3/train/data/feats_fmllr_train.5.ark:3020202
mljh0_sx64 /nfs-share/xinchi/kaldi/egs/timit/s5_la4/data-fmllr-tri3/train/data/feats_fmllr_train.7.ark:11783456
mpeb0_si1034 /nfs-share/xinchi/kaldi/egs/timit/s5_la4/data-fmllr-tri3/train/data/feats_fmllr_train.8.ark:6068285
mmab1_si2124 /nfs-share/xinchi/kaldi/egs/timit/s5_la4/data-fmllr-tri3/train/data/feats_fmllr_train.7.ark:13025443
mkam0_sx236 /nfs-share/xinchi/kaldi/egs/timit/s5_la4/data-fmllr-tri3/train/data/feats_fmllr_train.7.ark:5376863
mjmd0_sx218 /nfs-share/xinchi/kaldi/egs/timit/s5_la4/data-fmllr-tri3/train/data/feats_fmllr_train.6.ark:15578879
mkes0_sx83 /nfs-share/xinchi/kaldi/egs/timit/s5_la4/data-fmllr-tri3/train/data/feats_fmllr_train.7.ark:7105329
mkah0_sx358 /nfs-share/xinchi/kaldi/egs/timit/s5_la4/data-fmllr-tri3/train/data/feats_fmllr_train.7.ark:4671495
fhxs0_si1075 /nfs-share/xinchi/kaldi/egs/timit/s5_la4/data-fmllr-tri3/train/data/feats_fmllr_train.1.ark:18358801
frll0_sx254 /nfs-share/xinchi/kaldi/egs/timit/s5_la4/data-fmllr-tri3/train/data/feats_fmllr_train.3.ark:4924644
mcpm0_sx294 /nfs-share/xinchi/kaldi/egs/timit/s5_la4/data-fmllr-tri3/train/data/feats_fmllr_train.4.ark:12389680
mbjv0_sx437 /nfs-share/xinchi/kaldi/egs/timit/s5_la4/data-fmllr-tri3/train/data/feats_fmllr_train.4.ark:5466257
fjsk0_si1682 /nfs-share/xinchi/kaldi/egs/timit/s5_la4/data-fmllr-tri3/train/data/feats_fmllr_train.2.ark:3336661
fbmj0_sx336 /nfs-share/xinchi/kaldi/egs/timit/s5_la4/data-fmllr-tri3/train/data/feats_fmllr_train.1.ark:4723812
mkjo0_sx424 /nfs-share/xinchi/kaldi/egs/timit/s5_la4/data-fmllr-tri3/train/data/feats_fmllr_train.7.ark:7349653
mrab0_sx54 /nfs-share/xinchi/kaldi/egs/timit/s5_la4/data-fmllr-tri3/train/data/feats_fmllr_train.8.ark:11271397
fskc0_si1416 /nfs-share/xinchi/kaldi/egs/timit/s5_la4/data-fmllr-tri3/train/data/feats_fmllr_train.3.ark:9998077
mrsp0_sx439 /nfs-share/xinchi/kaldi/egs/timit/s5_la4/data-fmllr-tri3/train/data/feats_fmllr_train.9.ark:8651455
mclm0_sx106 /nfs-share/xinchi/kaldi/egs/timit/s5_la4/data-fmllr-tri3/train/data/feats_fmllr_train.4.ark:11917383
mdsj0_sx22 /nfs-share/xinchi/kaldi/egs/timit/s5_la4/data-fmllr-tri3/train/data/feats_fmllr_train.5.ark:8394280
mrdm0_sx245 /nfs-share/xinchi/kaldi/egs/timit/s5_la4/data-fmllr-tri3/train/data/feats_fmllr_train.8.ark:14613913
mjmd0_sx128 /nfs-share/xinchi/kaldi/egs/timit/s5_la4/data-fmllr-tri3/train/data/feats_fmllr_train.6.ark:15542052
mmcc0_sx258 /nfs-share/xinchi/kaldi/egs/timit/s5_la4/data-fmllr-tri3/train/data/feats_fmllr_train.7.ark:15285330
mrmg0_sx90 /nfs-share/xinchi/kaldi/egs/timit/s5_la4/data-fmllr-tri3/train/data/feats_fmllr_train.9.ark:5856839
mjpm1_sx221 /nfs-share/xinchi/kaldi/egs/timit/s5_la4/data-fmllr-tri3/train/data/feats_fmllr_train.6.ark:16992227
mclm0_sx16 /nfs-share/xinchi/kaldi/egs/timit/s5_la4/data-fmllr-tri3/train/data/feats_fmllr_train.4.ark:11952449
mkrg0_sx141 /nfs-share/xinchi/kaldi/egs/timit/s5_la4/data-fmllr-tri3/train/data/feats_fmllr_train.7.ark:9582104
mmdm0_si1941 /nfs-share/xinchi/kaldi/egs/timit/s5_la4/data-fmllr-tri3/train/data/feats_fmllr_train.7.ark:16319660
mpgh0_sx384 /nfs-share/xinchi/kaldi/egs/timit/s5_la4/data-fmllr-tri3/train/data/feats_fmllr_train.8.ark:7118987
msrr0_sx231 /nfs-share/xinchi/kaldi/egs/timit/s5_la4/data-fmllr-tri3/train/data/feats_fmllr_train.9.ark:17581676
mdlc0_sx315 /nfs-share/xinchi/kaldi/egs/timit/s5_la4/data-fmllr-tri3/train/data/feats_fmllr_train.5.ark:3057669
mdtb0_sx300 /nfs-share/xinchi/kaldi/egs/timit/s5_la4/data-fmllr-tri3/train/data/feats_fmllr_train.5.ark:9452239
mrxb0_sx415 /nfs-share/xinchi/kaldi/egs/timit/s5_la4/data-fmllr-tri3/train/data/feats_fmllr_train.9.ark:11009717
fdtd0_sx301 /nfs-share/xinchi/kaldi/egs/timit/s5_la4/data-fmllr-tri3/train/data/feats_fmllr_train.1.ark:12833975
mter0_si1787 /nfs-share/xinchi/kaldi/egs/timit/s5_la4/data-fmllr-tri3/train/data/feats_fmllr_train.10.ark:3756395
fklc1_si1048 /nfs-share/xinchi/kaldi/egs/timit/s5_la4/data-fmllr-tri3/train/data/feats_fmllr_train.2.ark:7709261
fear0_sx442 /nfs-share/xinchi/kaldi/egs/timit/s5_la4/data-fmllr-tri3/train/data/feats_fmllr_train.1.ark:14037374
mejs0_sx430 /nfs-share/xinchi/kaldi/egs/timit/s5_la4/data-fmllr-tri3/train/data/feats_fmllr_train.5.ark:12897737
mjpm0_sx288 /nfs-share/xinchi/kaldi/egs/timit/s5_la4/data-fmllr-tri3/train/data/feats_fmllr_train.6.ark:16743423
mprt0_sx220 /nfs-share/xinchi/kaldi/egs/timit/s5_la4/data-fmllr-tri3/train/data/feats_fmllr_train.8.ark:10454243
fsms1_sx347 /nfs-share/xinchi/kaldi/egs/timit/s5_la4/data-fmllr-tri3/train/data/feats_fmllr_train.3.ark:12589623
fjhk0_si1022 /nfs-share/xinchi/kaldi/egs/timit/s5_la4/data-fmllr-tri3/train/data/feats_fmllr_train.2.ark:864449
mpgh0_sx24 /nfs-share/xinchi/kaldi/egs/timit/s5_la4/data-fmllr-tri3/train/data/feats_fmllr_train.8.ark:7056053
mtrt0_sx254 /nfs-share/xinchi/kaldi/egs/timit/s5_la4/data-fmllr-tri3/train/data/feats_fmllr_train.10.ark:11429905
fsag0_si1953 /nfs-share/xinchi/kaldi/egs/timit/s5_la4/data-fmllr-tri3/train/data/feats_fmllr_train.3.ark:5146700
fsdc0_sx52 /nfs-share/xinchi/kaldi/egs/timit/s5_la4/data-fmllr-tri3/train/data/feats_fmllr_train.3.ark:7531627
mdss1_sx427 /nfs-share/xinchi/kaldi/egs/timit/s5_la4/data-fmllr-tri3/train/data/feats_fmllr_train.5.ark:9169329
mrkm0_si637 /nfs-share/xinchi/kaldi/egs/timit/s5_la4/data-fmllr-tri3/train/data/feats_fmllr_train.9.ark:3046546
mdhs0_sx270 /nfs-share/xinchi/kaldi/egs/timit/s5_la4/data-fmllr-tri3/train/data/feats_fmllr_train.5.ark:1398373
fgcs0_sx46 /nfs-share/xinchi/kaldi/egs/timit/s5_la4/data-fmllr-tri3/train/data/feats_fmllr_train.1.ark:16572143
mtrr0_si2178 /nfs-share/xinchi/kaldi/egs/timit/s5_la4/data-fmllr-tri3/train/data/feats_fmllr_train.10.ark:10841260
mdac0_sx271 /nfs-share/xinchi/kaldi/egs/timit/s5_la4/data-fmllr-tri3/train/data/feats_fmllr_train.4.ark:14589328
mfwk0_sx259 /nfs-share/xinchi/kaldi/egs/timit/s5_la4/data-fmllr-tri3/train/data/feats_fmllr_train.5.ark:15288961
mcpm0_sx204 /nfs-share/xinchi/kaldi/egs/timit/s5_la4/data-fmllr-tri3/train/data/feats_fmllr_train.4.ark:12316827
mdwd0_sx360 /nfs-share/xinchi/kaldi/egs/timit/s5_la4/data-fmllr-tri3/train/data/feats_fmllr_train.5.ark:9805737
mhjb0_sx207 /nfs-share/xinchi/kaldi/egs/timit/s5_la4/data-fmllr-tri3/train/data/feats_fmllr_train.6.ark:4480906
mhmr0_sx399 /nfs-share/xinchi/kaldi/egs/timit/s5_la4/data-fmllr-tri3/train/data/feats_fmllr_train.6.ark:5319820
ftbr0_si2181 /nfs-share/xinchi/kaldi/egs/timit/s5_la4/data-fmllr-tri3/train/data/feats_fmllr_train.3.ark:14284653
mkls1_si915 /nfs-share/xinchi/kaldi/egs/timit/s5_la4/data-fmllr-tri3/train/data/feats_fmllr_train.7.ark:8709322
fltm0_sx260 /nfs-share/xinchi/kaldi/egs/timit/s5_la4/data-fmllr-tri3/train/data/feats_fmllr_train.2.ark:14111088
mrmg0_sx270 /nfs-share/xinchi/kaldi/egs/timit/s5_la4/data-fmllr-tri3/train/data/feats_fmllr_train.9.ark:5704919
mdjm0_sx15 /nfs-share/xinchi/kaldi/egs/timit/s5_la4/data-fmllr-tri3/train/data/feats_fmllr_train.5.ark:1763869
flja0_sx358 /nfs-share/xinchi/kaldi/egs/timit/s5_la4/data-fmllr-tri3/train/data/feats_fmllr_train.2.ark:11051777
mree0_sx384 /nfs-share/xinchi/kaldi/egs/timit/s5_la4/data-fmllr-tri3/train/data/feats_fmllr_train.8.ark:15484188
mlns0_sx57 /nfs-share/xinchi/kaldi/egs/timit/s5_la4/data-fmllr-tri3/train/data/feats_fmllr_train.7.ark:12143833
mrgs0_sx6 /nfs-share/xinchi/kaldi/egs/timit/s5_la4/data-fmllr-tri3/train/data/feats_fmllr_train.9.ark:316014
mewm0_si718 /nfs-share/xinchi/kaldi/egs/timit/s5_la4/data-fmllr-tri3/train/data/feats_fmllr_train.5.ark:13751398
mjma0_sx55 /nfs-share/xinchi/kaldi/egs/timit/s5_la4/data-fmllr-tri3/train/data/feats_fmllr_train.6.ark:15374101
mjde0_sx310 /nfs-share/xinchi/kaldi/egs/timit/s5_la4/data-fmllr-tri3/train/data/feats_fmllr_train.6.ark:9067694
mcth0_sx219 /nfs-share/xinchi/kaldi/egs/timit/s5_la4/data-fmllr-tri3/train/data/feats_fmllr_train.4.ark:13423397
flod0_sx297 /nfs-share/xinchi/kaldi/egs/timit/s5_la4/data-fmllr-tri3/train/data/feats_fmllr_train.2.ark:13860523
flac0_si1339 /nfs-share/xinchi/kaldi/egs/timit/s5_la4/data-fmllr-tri3/train/data/feats_fmllr_train.2.ark:8862233
fear0_sx172 /nfs-share/xinchi/kaldi/egs/timit/s5_la4/data-fmllr-tri3/train/data/feats_fmllr_train.1.ark:13866413
mrxb0_sx145 /nfs-share/xinchi/kaldi/egs/timit/s5_la4/data-fmllr-tri3/train/data/feats_fmllr_train.9.ark:10882436
msmc0_si509 /nfs-share/xinchi/kaldi/egs/timit/s5_la4/data-fmllr-tri3/train/data/feats_fmllr_train.9.ark:15868407
flma0_si613 /nfs-share/xinchi/kaldi/egs/timit/s5_la4/data-fmllr-tri3/train/data/feats_fmllr_train.2.ark:12567283
mkdd0_sx307 /nfs-share/xinchi/kaldi/egs/timit/s5_la4/data-fmllr-tri3/train/data/feats_fmllr_train.7.ark:6202923
mrew1_sx330 /nfs-share/xinchi/kaldi/egs/timit/s5_la4/data-fmllr-tri3/train/data/feats_fmllr_train.8.ark:16549745
fkde0_sx241 /nfs-share/xinchi/kaldi/egs/timit/s5_la4/data-fmllr-tri3/train/data/feats_fmllr_train.2.ark:5851325
mdef0_sx33 /nfs-share/xinchi/kaldi/egs/timit/s5_la4/data-fmllr-tri3/train/data/feats_fmllr_train.5.ark:274256
msds0_si2337 /nfs-share/xinchi/kaldi/egs/timit/s5_la4/data-fmllr-tri3/train/data/feats_fmllr_train.9.ark:13337052
fjsp0_sx174 /nfs-share/xinchi/kaldi/egs/timit/s5_la4/data-fmllr-tri3/train/data/feats_fmllr_train.2.ark:3787973
mdcd0_sx155 /nfs-share/xinchi/kaldi/egs/timit/s5_la4/data-fmllr-tri3/train/data/feats_fmllr_train.4.ark:16042807
mjrh1_sx244 /nfs-share/xinchi/kaldi/egs/timit/s5_la4/data-fmllr-tri3/train/data/feats_fmllr_train.7.ark:594420
mljc0_si595 /nfs-share/xinchi/kaldi/egs/timit/s5_la4/data-fmllr-tri3/train/data/feats_fmllr_train.7.ark:11057825
fcrz0_sx253 /nfs-share/xinchi/kaldi/egs/timit/s5_la4/data-fmllr-tri3/train/data/feats_fmllr_train.1.ark:8754174
mtrt0_sx147 /nfs-share/xinchi/kaldi/egs/timit/s5_la4/data-fmllr-tri3/train/data/feats_fmllr_train.10.ark:11359291
fbcg1_sx172 /nfs-share/xinchi/kaldi/egs/timit/s5_la4/data-fmllr-tri3/train/data/feats_fmllr_train.1.ark:2589554
fsms1_sx154 /nfs-share/xinchi/kaldi/egs/timit/s5_la4/data-fmllr-tri3/train/data/feats_fmllr_train.3.ark:12457062
mtml0_si1695 /nfs-share/xinchi/kaldi/egs/timit/s5_la4/data-fmllr-tri3/train/data/feats_fmllr_train.10.ark:7285067
mgak0_sx136 /nfs-share/xinchi/kaldi/egs/timit/s5_la4/data-fmllr-tri3/train/data/feats_fmllr_train.5.ark:17080421
mgxp0_sx7 /nfs-share/xinchi/kaldi/egs/timit/s5_la4/data-fmllr-tri3/train/data/feats_fmllr_train.6.ark:3475828
fbjl0_sx22 /nfs-share/xinchi/kaldi/egs/timit/s5_la4/data-fmllr-tri3/train/data/feats_fmllr_train.1.ark:3509560
mrmh0_si2281 /nfs-share/xinchi/kaldi/egs/timit/s5_la4/data-fmllr-tri3/train/data/feats_fmllr_train.9.ark:6013403
mwre0_si1687 /nfs-share/xinchi/kaldi/egs/timit/s5_la4/data-fmllr-tri3/train/data/feats_fmllr_train.10.ark:16092143
mfxv0_sx375 /nfs-share/xinchi/kaldi/egs/timit/s5_la4/data-fmllr-tri3/train/data/feats_fmllr_train.5.ark:16183397
fjrp1_sx262 /nfs-share/xinchi/kaldi/egs/timit/s5_la4/data-fmllr-tri3/train/data/feats_fmllr_train.2.ark:3000685
mjde0_si1120 /nfs-share/xinchi/kaldi/egs/timit/s5_la4/data-fmllr-tri3/train/data/feats_fmllr_train.6.ark:8727719
mtjg0_sx260 /nfs-share/xinchi/kaldi/egs/timit/s5_la4/data-fmllr-tri3/train/data/feats_fmllr_train.10.ark:4270132
mjai0_si710 /nfs-share/xinchi/kaldi/egs/timit/s5_la4/data-fmllr-tri3/train/data/feats_fmllr_train.6.ark:7382104
medr0_si2004 /nfs-share/xinchi/kaldi/egs/timit/s5_la4/data-fmllr-tri3/train/data/feats_fmllr_train.5.ark:11117058
fjrp1_sx172 /nfs-share/xinchi/kaldi/egs/timit/s5_la4/data-fmllr-tri3/train/data/feats_fmllr_train.2.ark:2942258
flod0_si657 /nfs-share/xinchi/kaldi/egs/timit/s5_la4/data-fmllr-tri3/train/data/feats_fmllr_train.2.ark:13682815
flmk0_si1229 /nfs-share/xinchi/kaldi/egs/timit/s5_la4/data-fmllr-tri3/train/data/feats_fmllr_train.2.ark:13250570
mrjm0_sx148 /nfs-share/xinchi/kaldi/egs/timit/s5_la4/data-fmllr-tri3/train/data/feats_fmllr_train.9.ark:1843522
fskp0_sx378 /nfs-share/xinchi/kaldi/egs/timit/s5_la4/data-fmllr-tri3/train/data/feats_fmllr_train.3.ark:11051180
mtpg0_sx303 /nfs-share/xinchi/kaldi/egs/timit/s5_la4/data-fmllr-tri3/train/data/feats_fmllr_train.10.ark:9043484
mcew0_sx362 /nfs-share/xinchi/kaldi/egs/timit/s5_la4/data-fmllr-tri3/train/data/feats_fmllr_train.4.ark:10784625
mges0_sx401 /nfs-share/xinchi/kaldi/egs/timit/s5_la4/data-fmllr-tri3/train/data/feats_fmllr_train.6.ark:987011
mdjm0_sx195 /nfs-share/xinchi/kaldi/egs/timit/s5_la4/data-fmllr-tri3/train/data/feats_fmllr_train.5.ark:1808696
mtqc0_sx91 /nfs-share/xinchi/kaldi/egs/timit/s5_la4/data-fmllr-tri3/train/data/feats_fmllr_train.10.ark:10417948
fmbg0_sx350 /nfs-share/xinchi/kaldi/egs/timit/s5_la4/data-fmllr-tri3/train/data/feats_fmllr_train.2.ark:14939388
mmwb0_sx449 /nfs-share/xinchi/kaldi/egs/timit/s5_la4/data-fmllr-tri3/train/data/feats_fmllr_train.8.ark:3816372
mjma0_sx235 /nfs-share/xinchi/kaldi/egs/timit/s5_la4/data-fmllr-tri3/train/data/feats_fmllr_train.6.ark:15268101
fdfb0_sx418 /nfs-share/xinchi/kaldi/egs/timit/s5_la4/data-fmllr-tri3/train/data/feats_fmllr_train.1.ark:10376538
msjk0_sx66 /nfs-share/xinchi/kaldi/egs/timit/s5_la4/data-fmllr-tri3/train/data/feats_fmllr_train.9.ark:15787072
flmc0_sx22 /nfs-share/xinchi/kaldi/egs/timit/s5_la4/data-fmllr-tri3/train/data/feats_fmllr_train.2.ark:13002593
mjjm0_sx17 /nfs-share/xinchi/kaldi/egs/timit/s5_la4/data-fmllr-tri3/train/data/feats_fmllr_train.6.ark:13383014
mdlr0_si1233 /nfs-share/xinchi/kaldi/egs/timit/s5_la4/data-fmllr-tri3/train/data/feats_fmllr_train.5.ark:4649978
fklc0_si2245 /nfs-share/xinchi/kaldi/egs/timit/s5_la4/data-fmllr-tri3/train/data/feats_fmllr_train.2.ark:7334352
mmsm0_si1106 /nfs-share/xinchi/kaldi/egs/timit/s5_la4/data-fmllr-tri3/train/data/feats_fmllr_train.8.ark:2568094
mrjm1_si1298 /nfs-share/xinchi/kaldi/egs/timit/s5_la4/data-fmllr-tri3/train/data/feats_fmllr_train.9.ark:2099977
mdma0_si1430 /nfs-share/xinchi/kaldi/egs/timit/s5_la4/data-fmllr-tri3/train/data/feats_fmllr_train.5.ark:5503720
msmc0_sx287 /nfs-share/xinchi/kaldi/egs/timit/s5_la4/data-fmllr-tri3/train/data/feats_fmllr_train.9.ark:16123741
mjpg0_sx381 /nfs-share/xinchi/kaldi/egs/timit/s5_la4/data-fmllr-tri3/train/data/feats_fmllr_train.6.ark:16403713
mkah0_si898 /nfs-share/xinchi/kaldi/egs/timit/s5_la4/data-fmllr-tri3/train/data/feats_fmllr_train.7.ark:4511094
fgcs0_si2116 /nfs-share/xinchi/kaldi/egs/timit/s5_la4/data-fmllr-tri3/train/data/feats_fmllr_train.1.ark:16290542
mtdp0_sx261 /nfs-share/xinchi/kaldi/egs/timit/s5_la4/data-fmllr-tri3/train/data/feats_fmllr_train.10.ark:3458339
mdef0_sx213 /nfs-share/xinchi/kaldi/egs/timit/s5_la4/data-fmllr-tri3/train/data/feats_fmllr_train.5.ark:202843
mtas0_sx125 /nfs-share/xinchi/kaldi/egs/timit/s5_la4/data-fmllr-tri3/train/data/feats_fmllr_train.10.ark:1057809
fpjf0_sx146 /nfs-share/xinchi/kaldi/egs/timit/s5_la4/data-fmllr-tri3/train/data/feats_fmllr_train.3.ark:2983374
fcaj0_sx129 /nfs-share/xinchi/kaldi/egs/timit/s5_la4/data-fmllr-tri3/train/data/feats_fmllr_train.1.ark:5348513
fjxm0_sx41 /nfs-share/xinchi/kaldi/egs/timit/s5_la4/data-fmllr-tri3/train/data/feats_fmllr_train.2.ark:4761313
ftaj0_sx339 /nfs-share/xinchi/kaldi/egs/timit/s5_la4/data-fmllr-tri3/train/data/feats_fmllr_train.3.ark:14106144
mwsb0_si1626 /nfs-share/xinchi/kaldi/egs/timit/s5_la4/data-fmllr-tri3/train/data/feats_fmllr_train.10.ark:16797669
fapb0_si1693 /nfs-share/xinchi/kaldi/egs/timit/s5_la4/data-fmllr-tri3/train/data/feats_fmllr_train.1.ark:1637384
mhjb0_sx297 /nfs-share/xinchi/kaldi/egs/timit/s5_la4/data-fmllr-tri3/train/data/feats_fmllr_train.6.ark:4537759
mlns0_si2037 /nfs-share/xinchi/kaldi/egs/timit/s5_la4/data-fmllr-tri3/train/data/feats_fmllr_train.7.ark:11867992
fmju0_sx309 /nfs-share/xinchi/kaldi/egs/timit/s5_la4/data-fmllr-tri3/train/data/feats_fmllr_train.2.ark:16590495
mcss0_si1380 /nfs-share/xinchi/kaldi/egs/timit/s5_la4/data-fmllr-tri3/train/data/feats_fmllr_train.4.ark:12832672
fjlg0_sx449 /nfs-share/xinchi/kaldi/egs/timit/s5_la4/data-fmllr-tri3/train/data/feats_fmllr_train.2.ark:1890008
mreh1_sx339 /nfs-share/xinchi/kaldi/egs/timit/s5_la4/data-fmllr-tri3/train/data/feats_fmllr_train.8.ark:15812512
mcew0_sx452 /nfs-share/xinchi/kaldi/egs/timit/s5_la4/data-fmllr-tri3/train/data/feats_fmllr_train.4.ark:10857932
milb0_sx3 /nfs-share/xinchi/kaldi/egs/timit/s5_la4/data-fmllr-tri3/train/data/feats_fmllr_train.6.ark:6364894
mwdk0_sx176 /nfs-share/xinchi/kaldi/egs/timit/s5_la4/data-fmllr-tri3/train/data/feats_fmllr_train.10.ark:15018585
fpab1_sx301 /nfs-share/xinchi/kaldi/egs/timit/s5_la4/data-fmllr-tri3/train/data/feats_fmllr_train.3.ark:1059302
fntb0_si573 /nfs-share/xinchi/kaldi/egs/timit/s5_la4/data-fmllr-tri3/train/data/feats_fmllr_train.3.ark:417537
mcss0_sx210 /nfs-share/xinchi/kaldi/egs/timit/s5_la4/data-fmllr-tri3/train/data/feats_fmllr_train.4.ark:13079340
fcke0_si1111 /nfs-share/xinchi/kaldi/egs/timit/s5_la4/data-fmllr-tri3/train/data/feats_fmllr_train.1.ark:7059756
mmdb0_sx267 /nfs-share/xinchi/kaldi/egs/timit/s5_la4/data-fmllr-tri3/train/data/feats_fmllr_train.7.ark:15657067
mclk0_si2290 /nfs-share/xinchi/kaldi/egs/timit/s5_la4/data-fmllr-tri3/train/data/feats_fmllr_train.4.ark:11392312
fsbk0_si1699 /nfs-share/xinchi/kaldi/egs/timit/s5_la4/data-fmllr-tri3/train/data/feats_fmllr_train.3.ark:6395191
mmdm0_sx321 /nfs-share/xinchi/kaldi/egs/timit/s5_la4/data-fmllr-tri3/train/data/feats_fmllr_train.7.ark:16464728
fvfb0_sx42 /nfs-share/xinchi/kaldi/egs/timit/s5_la4/data-fmllr-tri3/train/data/feats_fmllr_train.3.ark:16067762
fkkh0_sx30 /nfs-share/xinchi/kaldi/egs/timit/s5_la4/data-fmllr-tri3/train/data/feats_fmllr_train.2.ark:7181762
mcdc0_sx32 /nfs-share/xinchi/kaldi/egs/timit/s5_la4/data-fmllr-tri3/train/data/feats_fmllr_train.4.ark:9256103
fklh0_sx87 /nfs-share/xinchi/kaldi/egs/timit/s5_la4/data-fmllr-tri3/train/data/feats_fmllr_train.2.ark:8437028
mfmc0_sx412 /nfs-share/xinchi/kaldi/egs/timit/s5_la4/data-fmllr-tri3/train/data/feats_fmllr_train.5.ark:14658340
mpgr1_sx329 /nfs-share/xinchi/kaldi/egs/timit/s5_la4/data-fmllr-tri3/train/data/feats_fmllr_train.8.ark:7745289
flkm0_si1880 /nfs-share/xinchi/kaldi/egs/timit/s5_la4/data-fmllr-tri3/train/data/feats_fmllr_train.2.ark:12043492
frll0_sx344 /nfs-share/xinchi/kaldi/egs/timit/s5_la4/data-fmllr-tri3/train/data/feats_fmllr_train.3.ark:4964671
mwch0_sx182 /nfs-share/xinchi/kaldi/egs/timit/s5_la4/data-fmllr-tri3/train/data/feats_fmllr_train.10.ark:14657248
msas0_sx296 /nfs-share/xinchi/kaldi/egs/timit/s5_la4/data-fmllr-tri3/train/data/feats_fmllr_train.9.ark:11770951
mdbb1_sx376 /nfs-share/xinchi/kaldi/egs/timit/s5_la4/data-fmllr-tri3/train/data/feats_fmllr_train.4.ark:15428720
mpgh0_si924 /nfs-share/xinchi/kaldi/egs/timit/s5_la4/data-fmllr-tri3/train/data/feats_fmllr_train.8.ark:6947173
mgjc0_sx165 /nfs-share/xinchi/kaldi/egs/timit/s5_la4/data-fmllr-tri3/train/data/feats_fmllr_train.6.ark:1222828
fpac0_sx391 /nfs-share/xinchi/kaldi/egs/timit/s5_la4/data-fmllr-tri3/train/data/feats_fmllr_train.3.ark:1566772
msjk0_si2226 /nfs-share/xinchi/kaldi/egs/timit/s5_la4/data-fmllr-tri3/train/data/feats_fmllr_train.9.ark:15491391
mfxv0_sx105 /nfs-share/xinchi/kaldi/egs/timit/s5_la4/data-fmllr-tri3/train/data/feats_fmllr_train.5.ark:16034970
mmdm1_sx423 /nfs-share/xinchi/kaldi/egs/timit/s5_la4/data-fmllr-tri3/train/data/feats_fmllr_train.7.ark:16913292
mkrg0_si2121 /nfs-share/xinchi/kaldi/egs/timit/s5_la4/data-fmllr-tri3/train/data/feats_fmllr_train.7.ark:9455170
mjws0_sx153 /nfs-share/xinchi/kaldi/egs/timit/s5_la4/data-fmllr-tri3/train/data/feats_fmllr_train.7.ark:2531797
mlsh0_si2047 /nfs-share/xinchi/kaldi/egs/timit/s5_la4/data-fmllr-tri3/train/data/feats_fmllr_train.7.ark:12248849
mdpb0_sx416 /nfs-share/xinchi/kaldi/egs/timit/s5_la4/data-fmllr-tri3/train/data/feats_fmllr_train.5.ark:6985307
mjhi0_sx428 /nfs-share/xinchi/kaldi/egs/timit/s5_la4/data-fmllr-tri3/train/data/feats_fmllr_train.6.ark:12232657
mpfu0_sx268 /nfs-share/xinchi/kaldi/egs/timit/s5_la4/data-fmllr-tri3/train/data/feats_fmllr_train.8.ark:6613731
flet0_sx277 /nfs-share/xinchi/kaldi/egs/timit/s5_la4/data-fmllr-tri3/train/data/feats_fmllr_train.2.ark:10296301
fpab1_sx121 /nfs-share/xinchi/kaldi/egs/timit/s5_la4/data-fmllr-tri3/train/data/feats_fmllr_train.3.ark:950288
fsmm0_si1314 /nfs-share/xinchi/kaldi/egs/timit/s5_la4/data-fmllr-tri3/train/data/feats_fmllr_train.3.ark:11896283
mrws0_sx202 /nfs-share/xinchi/kaldi/egs/timit/s5_la4/data-fmllr-tri3/train/data/feats_fmllr_train.9.ark:10555206
mgak0_sx46 /nfs-share/xinchi/kaldi/egs/timit/s5_la4/data-fmllr-tri3/train/data/feats_fmllr_train.5.ark:17318288
flma0_sx73 /nfs-share/xinchi/kaldi/egs/timit/s5_la4/data-fmllr-tri3/train/data/feats_fmllr_train.2.ark:12782777
msdh0_sx80 /nfs-share/xinchi/kaldi/egs/timit/s5_la4/data-fmllr-tri3/train/data/feats_fmllr_train.9.ark:13156648
mtjm0_sx146 /nfs-share/xinchi/kaldi/egs/timit/s5_la4/data-fmllr-tri3/train/data/feats_fmllr_train.10.ark:4647602
mbsb0_sx93 /nfs-share/xinchi/kaldi/egs/timit/s5_la4/data-fmllr-tri3/train/data/feats_fmllr_train.4.ark:7266248
mapv0_sx393 /nfs-share/xinchi/kaldi/egs/timit/s5_la4/data-fmllr-tri3/train/data/feats_fmllr_train.4.ark:2621347
mjdg0_sx412 /nfs-share/xinchi/kaldi/egs/timit/s5_la4/data-fmllr-tri3/train/data/feats_fmllr_train.6.ark:9528579
fsrh0_si1719 /nfs-share/xinchi/kaldi/egs/timit/s5_la4/data-fmllr-tri3/train/data/feats_fmllr_train.3.ark:13120614
mdem0_sx338 /nfs-share/xinchi/kaldi/egs/timit/s5_la4/data-fmllr-tri3/train/data/feats_fmllr_train.5.ark:646286
mkln0_si1598 /nfs-share/xinchi/kaldi/egs/timit/s5_la4/data-fmllr-tri3/train/data/feats_fmllr_train.7.ark:7492614
mrab1_si2108 /nfs-share/xinchi/kaldi/egs/timit/s5_la4/data-fmllr-tri3/train/data/feats_fmllr_train.8.ark:11368893
mdlh0_sx70 /nfs-share/xinchi/kaldi/egs/timit/s5_la4/data-fmllr-tri3/train/data/feats_fmllr_train.5.ark:4293093
mkls0_sx447 /nfs-share/xinchi/kaldi/egs/timit/s5_la4/data-fmllr-tri3/train/data/feats_fmllr_train.7.ark:8536253
fjxm0_si1971 /nfs-share/xinchi/kaldi/egs/timit/s5_la4/data-fmllr-tri3/train/data/feats_fmllr_train.2.ark:4451712
mree0_si1959 /nfs-share/xinchi/kaldi/egs/timit/s5_la4/data-fmllr-tri3/train/data/feats_fmllr_train.8.ark:15254774
mprt0_si580 /nfs-share/xinchi/kaldi/egs/timit/s5_la4/data-fmllr-tri3/train/data/feats_fmllr_train.8.ark:10375149
fsak0_sx40 /nfs-share/xinchi/kaldi/egs/timit/s5_la4/data-fmllr-tri3/train/data/feats_fmllr_train.3.ark:6244388
msah1_sx149 /nfs-share/xinchi/kaldi/egs/timit/s5_la4/data-fmllr-tri3/train/data/feats_fmllr_train.9.ark:11202014
fgdp0_si2248 /nfs-share/xinchi/kaldi/egs/timit/s5_la4/data-fmllr-tri3/train/data/feats_fmllr_train.1.ark:16642439
mtjs0_si562 /nfs-share/xinchi/kaldi/egs/timit/s5_la4/data-fmllr-tri3/train/data/feats_fmllr_train.10.ark:4980272
mjra0_sx156 /nfs-share/xinchi/kaldi/egs/timit/s5_la4/data-fmllr-tri3/train/data/feats_fmllr_train.6.ark:17365537
mwdk0_sx266 /nfs-share/xinchi/kaldi/egs/timit/s5_la4/data-fmllr-tri3/train/data/feats_fmllr_train.10.ark:15078132
mwad0_si2322 /nfs-share/xinchi/kaldi/egs/timit/s5_la4/data-fmllr-tri3/train/data/feats_fmllr_train.10.ark:13948305
fcjf0_si1027 /nfs-share/xinchi/kaldi/egs/timit/s5_la4/data-fmllr-tri3/train/data/feats_fmllr_train.1.ark:6398842
fkaa0_si1838 /nfs-share/xinchi/kaldi/egs/timit/s5_la4/data-fmllr-tri3/train/data/feats_fmllr_train.2.ark:5245746
mmgc0_sx135 /nfs-share/xinchi/kaldi/egs/timit/s5_la4/data-fmllr-tri3/train/data/feats_fmllr_train.8.ark:150016
fsjs0_si1171 /nfs-share/xinchi/kaldi/egs/timit/s5_la4/data-fmllr-tri3/train/data/feats_fmllr_train.3.ark:9166923
medr0_sx204 /nfs-share/xinchi/kaldi/egs/timit/s5_la4/data-fmllr-tri3/train/data/feats_fmllr_train.5.ark:11283059
mmxs0_sx66 /nfs-share/xinchi/kaldi/egs/timit/s5_la4/data-fmllr-tri3/train/data/feats_fmllr_train.8.ark:4948407
fkfb0_si2238 /nfs-share/xinchi/kaldi/egs/timit/s5_la4/data-fmllr-tri3/train/data/feats_fmllr_train.2.ark:6506558
fblv0_sx428 /nfs-share/xinchi/kaldi/egs/timit/s5_la4/data-fmllr-tri3/train/data/feats_fmllr_train.1.ark:3985486
mrpc1_sx402 /nfs-share/xinchi/kaldi/egs/timit/s5_la4/data-fmllr-tri3/train/data/feats_fmllr_train.9.ark:7345684
mtpp0_si2138 /nfs-share/xinchi/kaldi/egs/timit/s5_la4/data-fmllr-tri3/train/data/feats_fmllr_train.10.ark:9226473
fpaz0_si963 /nfs-share/xinchi/kaldi/egs/timit/s5_la4/data-fmllr-tri3/train/data/feats_fmllr_train.3.ark:2530650
mmdm0_sx231 /nfs-share/xinchi/kaldi/egs/timit/s5_la4/data-fmllr-tri3/train/data/feats_fmllr_train.7.ark:16439101
mdma0_sx260 /nfs-share/xinchi/kaldi/egs/timit/s5_la4/data-fmllr-tri3/train/data/feats_fmllr_train.5.ark:5685722
mtkp0_si2283 /nfs-share/xinchi/kaldi/egs/timit/s5_la4/data-fmllr-tri3/train/data/feats_fmllr_train.10.ark:6139936
mded0_sx180 /nfs-share/xinchi/kaldi/egs/timit/s5_la4/data-fmllr-tri3/train/data/feats_fmllr_train.4.ark:17174498
mtpg0_sx33 /nfs-share/xinchi/kaldi/egs/timit/s5_la4/data-fmllr-tri3/train/data/feats_fmllr_train.10.ark:9082390
mrmg0_si1080 /nfs-share/xinchi/kaldi/egs/timit/s5_la4/data-fmllr-tri3/train/data/feats_fmllr_train.9.ark:5511529
fbjl0_si2182 /nfs-share/xinchi/kaldi/egs/timit/s5_la4/data-fmllr-tri3/train/data/feats_fmllr_train.1.ark:3325293
mdbp0_sx168 /nfs-share/xinchi/kaldi/egs/timit/s5_la4/data-fmllr-tri3/train/data/feats_fmllr_train.4.ark:15640190
mwad0_sx432 /nfs-share/xinchi/kaldi/egs/timit/s5_la4/data-fmllr-tri3/train/data/feats_fmllr_train.10.ark:14094333
mhxl0_si1772 /nfs-share/xinchi/kaldi/egs/timit/s5_la4/data-fmllr-tri3/train/data/feats_fmllr_train.6.ark:5723585
medr0_sx114 /nfs-share/xinchi/kaldi/egs/timit/s5_la4/data-fmllr-tri3/train/data/feats_fmllr_train.5.ark:11242872
fpaz0_sx27 /nfs-share/xinchi/kaldi/egs/timit/s5_la4/data-fmllr-tri3/train/data/feats_fmllr_train.3.ark:2699850
fblv0_si1058 /nfs-share/xinchi/kaldi/egs/timit/s5_la4/data-fmllr-tri3/train/data/feats_fmllr_train.1.ark:3664362
mrmg0_sx180 /nfs-share/xinchi/kaldi/egs/timit/s5_la4/data-fmllr-tri3/train/data/feats_fmllr_train.9.ark:5658972
msah1_sx329 /nfs-share/xinchi/kaldi/egs/timit/s5_la4/data-fmllr-tri3/train/data/feats_fmllr_train.9.ark:11292788
fpjf0_sx352 /nfs-share/xinchi/kaldi/egs/timit/s5_la4/data-fmllr-tri3/train/data/feats_fmllr_train.3.ark:3095135
madc0_sx107 /nfs-share/xinchi/kaldi/egs/timit/s5_la4/data-fmllr-tri3/train/data/feats_fmllr_train.3.ark:17374923
fjwb1_sx165 /nfs-share/xinchi/kaldi/egs/timit/s5_la4/data-fmllr-tri3/train/data/feats_fmllr_train.2.ark:4187869
mgrl0_si2127 /nfs-share/xinchi/kaldi/egs/timit/s5_la4/data-fmllr-tri3/train/data/feats_fmllr_train.6.ark:1544751
mgsh0_si1806 /nfs-share/xinchi/kaldi/egs/timit/s5_la4/data-fmllr-tri3/train/data/feats_fmllr_train.6.ark:2380065
fmjb0_sx277 /nfs-share/xinchi/kaldi/egs/timit/s5_la4/data-fmllr-tri3/train/data/feats_fmllr_train.2.ark:15742836
mtbc0_si543 /nfs-share/xinchi/kaldi/egs/timit/s5_la4/data-fmllr-tri3/train/data/feats_fmllr_train.10.ark:2137473
megj0_si1337 /nfs-share/xinchi/kaldi/egs/timit/s5_la4/data-fmllr-tri3/train/data/feats_fmllr_train.5.ark:11824502
mprd0_sx171 /nfs-share/xinchi/kaldi/egs/timit/s5_la4/data-fmllr-tri3/train/data/feats_fmllr_train.8.ark:9560183
fcaj0_si1479 /nfs-share/xinchi/kaldi/egs/timit/s5_la4/data-fmllr-tri3/train/data/feats_fmllr_train.1.ark:5242831
falr0_sx155 /nfs-share/xinchi/kaldi/egs/timit/s5_la4/data-fmllr-tri3/train/data/feats_fmllr_train.1.ark:1348261
fsgf0_sx387 /nfs-share/xinchi/kaldi/egs/timit/s5_la4/data-fmllr-tri3/train/data/feats_fmllr_train.3.ark:8252861
fbjl0_sx292 /nfs-share/xinchi/kaldi/egs/timit/s5_la4/data-fmllr-tri3/train/data/feats_fmllr_train.1.ark:3556307
mjac0_sx71 /nfs-share/xinchi/kaldi/egs/timit/s5_la4/data-fmllr-tri3/train/data/feats_fmllr_train.6.ark:6817004
mmsm0_si1736 /nfs-share/xinchi/kaldi/egs/timit/s5_la4/data-fmllr-tri3/train/data/feats_fmllr_train.8.ark:2635802
mgag0_sx151 /nfs-share/xinchi/kaldi/egs/timit/s5_la4/data-fmllr-tri3/train/data/feats_fmllr_train.5.ark:16727403
mhbs0_sx135 /nfs-share/xinchi/kaldi/egs/timit/s5_la4/data-fmllr-tri3/train/data/feats_fmllr_train.6.ark:3722524
mjlb0_si2246 /nfs-share/xinchi/kaldi/egs/timit/s5_la4/data-fmllr-tri3/train/data/feats_fmllr_train.6.ark:14017128
mjjj0_si1793 /nfs-share/xinchi/kaldi/egs/timit/s5_la4/data-fmllr-tri3/train/data/feats_fmllr_train.6.ark:12818077
mjmd0_si1028 /nfs-share/xinchi/kaldi/egs/timit/s5_la4/data-fmllr-tri3/train/data/feats_fmllr_train.6.ark:15419409
mrgs0_si1356 /nfs-share/xinchi/kaldi/egs/timit/s5_la4/data-fmllr-tri3/train/data/feats_fmllr_train.9.ark:13
mcef0_si1765 /nfs-share/xinchi/kaldi/egs/timit/s5_la4/data-fmllr-tri3/train/data/feats_fmllr_train.4.ark:10169740
mvlo0_si1777 /nfs-share/xinchi/kaldi/egs/timit/s5_la4/data-fmllr-tri3/train/data/feats_fmllr_train.10.ark:12749866
mmaa0_si845 /nfs-share/xinchi/kaldi/egs/timit/s5_la4/data-fmllr-tri3/train/data/feats_fmllr_train.7.ark:12701733
mmxs0_sx336 /nfs-share/xinchi/kaldi/egs/timit/s5_la4/data-fmllr-tri3/train/data/feats_fmllr_train.8.ark:4831234
fcmm0_sx183 /nfs-share/xinchi/kaldi/egs/timit/s5_la4/data-fmllr-tri3/train/data/feats_fmllr_train.1.ark:8344010
mcxm0_sx361 /nfs-share/xinchi/kaldi/egs/timit/s5_la4/data-fmllr-tri3/train/data/feats_fmllr_train.4.ark:14229618
mdss0_sx441 /nfs-share/xinchi/kaldi/egs/timit/s5_la4/data-fmllr-tri3/train/data/feats_fmllr_train.5.ark:8825912
mtkd0_sx107 /nfs-share/xinchi/kaldi/egs/timit/s5_la4/data-fmllr-tri3/train/data/feats_fmllr_train.10.ark:5852733
mgxp0_sx277 /nfs-share/xinchi/kaldi/egs/timit/s5_la4/data-fmllr-tri3/train/data/feats_fmllr_train.6.ark:3377216
mkes0_si1883 /nfs-share/xinchi/kaldi/egs/timit/s5_la4/data-fmllr-tri3/train/data/feats_fmllr_train.7.ark:6777168
mmcc0_sx168 /nfs-share/xinchi/kaldi/egs/timit/s5_la4/data-fmllr-tri3/train/data/feats_fmllr_train.7.ark:15258263
mkam0_sx56 /nfs-share/xinchi/kaldi/egs/timit/s5_la4/data-fmllr-tri3/train/data/feats_fmllr_train.7.ark:5507023
fmem0_sx333 /nfs-share/xinchi/kaldi/egs/timit/s5_la4/data-fmllr-tri3/train/data/feats_fmllr_train.2.ark:15384272
