fcaj0_sx309 /nfs-share/titouan/workspace/kaldi/egs/timit/s5_la2/mfcc/raw_mfcc_train.1.ark:457191
mjws0_sx423 /nfs-share/titouan/workspace/kaldi/egs/timit/s5_la2/mfcc/raw_mfcc_train.3.ark:1740654
mjjj0_si533 /nfs-share/titouan/workspace/kaldi/egs/timit/s5_la2/mfcc/raw_mfcc_train.3.ark:1080423
mgaf0_sx112 /nfs-share/titouan/workspace/kaldi/egs/timit/s5_la2/mfcc/raw_mfcc_train.2.ark:3597124
mvjh0_si1556 /nfs-share/titouan/workspace/kaldi/egs/timit/s5_la2/mfcc/raw_mfcc_train.4.ark:3334775
msdh0_sx170 /nfs-share/titouan/workspace/kaldi/egs/timit/s5_la2/mfcc/raw_mfcc_train.4.ark:1860299
fklc0_sx265 /nfs-share/titouan/workspace/kaldi/egs/timit/s5_la2/mfcc/raw_mfcc_train.1.ark:2212719
mkls1_sx375 /nfs-share/titouan/workspace/kaldi/egs/timit/s5_la2/mfcc/raw_mfcc_train.3.ark:2263938
mjpm1_si1897 /nfs-share/titouan/workspace/kaldi/egs/timit/s5_la2/mfcc/raw_mfcc_train.3.ark:1415878
fmpg0_si972 /nfs-share/titouan/workspace/kaldi/egs/timit/s5_la2/mfcc/raw_mfcc_train.1.ark:3094956
fpjf0_si1259 /nfs-share/titouan/workspace/kaldi/egs/timit/s5_la2/mfcc/raw_mfcc_train.1.ark:3368638
mrem0_si1591 /nfs-share/titouan/workspace/kaldi/egs/timit/s5_la2/mfcc/raw_mfcc_train.4.ark:607506
mrew1_sx240 /nfs-share/titouan/workspace/kaldi/egs/timit/s5_la2/mfcc/raw_mfcc_train.4.ark:652688
mjsr0_sx164 /nfs-share/titouan/workspace/kaldi/egs/timit/s5_la2/mfcc/raw_mfcc_train.3.ark:1654863
mdem0_sx68 /nfs-share/titouan/workspace/kaldi/egs/timit/s5_la2/mfcc/raw_mfcc_train.2.ark:2283342
fpac0_sx31 /nfs-share/titouan/workspace/kaldi/egs/timit/s5_la2/mfcc/raw_mfcc_train.1.ark:3256111
mprk0_sx287 /nfs-share/titouan/workspace/kaldi/egs/timit/s5_la2/mfcc/raw_mfcc_train.4.ark:119549
mtlb0_sx324 /nfs-share/titouan/workspace/kaldi/egs/timit/s5_la2/mfcc/raw_mfcc_train.4.ark:2863069
mntw0_sx258 /nfs-share/titouan/workspace/kaldi/egs/timit/s5_la2/mfcc/raw_mfcc_train.3.ark:3495046
fmmh0_sx7 /nfs-share/titouan/workspace/kaldi/egs/timit/s5_la2/mfcc/raw_mfcc_train.1.ark:3079327
mtlb0_sx144 /nfs-share/titouan/workspace/kaldi/egs/timit/s5_la2/mfcc/raw_mfcc_train.4.ark:2855905
mrlj0_sx250 /nfs-share/titouan/workspace/kaldi/egs/timit/s5_la2/mfcc/raw_mfcc_train.4.ark:1102954
mkdd0_sx37 /nfs-share/titouan/workspace/kaldi/egs/timit/s5_la2/mfcc/raw_mfcc_train.3.ark:2036135
fjlr0_sx241 /nfs-share/titouan/workspace/kaldi/egs/timit/s5_la2/mfcc/raw_mfcc_train.1.ark:1764881
mkam0_si1316 /nfs-share/titouan/workspace/kaldi/egs/timit/s5_la2/mfcc/raw_mfcc_train.3.ark:1950421
falr0_si1955 /nfs-share/titouan/workspace/kaldi/egs/timit/s5_la2/mfcc/raw_mfcc_train.1.ark:105942
mrds0_sx87 /nfs-share/titouan/workspace/kaldi/egs/timit/s5_la2/mfcc/raw_mfcc_train.4.ark:534349
madd0_sx268 /nfs-share/titouan/workspace/kaldi/egs/timit/s5_la2/mfcc/raw_mfcc_train.2.ark:738268
mreh1_si2229 /nfs-share/titouan/workspace/kaldi/egs/timit/s5_la2/mfcc/raw_mfcc_train.4.ark:576634
mfmc0_si1762 /nfs-share/titouan/workspace/kaldi/egs/timit/s5_la2/mfcc/raw_mfcc_train.2.ark:3429876
mrjt0_sx58 /nfs-share/titouan/workspace/kaldi/egs/timit/s5_la2/mfcc/raw_mfcc_train.4.ark:1012026
mjpm0_sx288 /nfs-share/titouan/workspace/kaldi/egs/timit/s5_la2/mfcc/raw_mfcc_train.3.ark:1407634
mkdb0_si872 /nfs-share/titouan/workspace/kaldi/egs/timit/s5_la2/mfcc/raw_mfcc_train.3.ark:1986625
mrpc1_si1482 /nfs-share/titouan/workspace/kaldi/egs/timit/s5_la2/mfcc/raw_mfcc_train.4.ark:1370436
mcal0_sx238 /nfs-share/titouan/workspace/kaldi/egs/timit/s5_la2/mfcc/raw_mfcc_train.2.ark:1491946
mcew0_si812 /nfs-share/titouan/workspace/kaldi/egs/timit/s5_la2/mfcc/raw_mfcc_train.2.ark:1646189
fmjb0_sx187 /nfs-share/titouan/workspace/kaldi/egs/timit/s5_la2/mfcc/raw_mfcc_train.1.ark:2900536
fcaj0_sx39 /nfs-share/titouan/workspace/kaldi/egs/timit/s5_la2/mfcc/raw_mfcc_train.1.ark:461448
maeo0_si1655 /nfs-share/titouan/workspace/kaldi/egs/timit/s5_la2/mfcc/raw_mfcc_train.2.ark:790621
mrem0_si961 /nfs-share/titouan/workspace/kaldi/egs/timit/s5_la2/mfcc/raw_mfcc_train.4.ark:617205
fcaj0_sx219 /nfs-share/titouan/workspace/kaldi/egs/timit/s5_la2/mfcc/raw_mfcc_train.1.ark:452881
mrdm0_sx245 /nfs-share/titouan/workspace/kaldi/egs/timit/s5_la2/mfcc/raw_mfcc_train.4.ark:493738
mabc0_si781 /nfs-share/titouan/workspace/kaldi/egs/timit/s5_la2/mfcc/raw_mfcc_train.2.ark:665964
msdb0_sx377 /nfs-share/titouan/workspace/kaldi/egs/timit/s5_la2/mfcc/raw_mfcc_train.4.ark:1847529
mtjg0_si2157 /nfs-share/titouan/workspace/kaldi/egs/timit/s5_la2/mfcc/raw_mfcc_train.4.ark:2644494
feme0_sx425 /nfs-share/titouan/workspace/kaldi/egs/timit/s5_la2/mfcc/raw_mfcc_train.1.ark:1287535
mrgm0_sx172 /nfs-share/titouan/workspace/kaldi/egs/timit/s5_la2/mfcc/raw_mfcc_train.4.ark:750847
fmju0_si1389 /nfs-share/titouan/workspace/kaldi/egs/timit/s5_la2/mfcc/raw_mfcc_train.1.ark:2952366
mmrp0_si774 /nfs-share/titouan/workspace/kaldi/egs/timit/s5_la2/mfcc/raw_mfcc_train.3.ark:3212367
fsjg0_si940 /nfs-share/titouan/workspace/kaldi/egs/timit/s5_la2/mfcc/raw_mfcc_train.1.ark:3833608
fmju0_si2019 /nfs-share/titouan/workspace/kaldi/egs/timit/s5_la2/mfcc/raw_mfcc_train.1.ark:2958692
makr0_sx182 /nfs-share/titouan/workspace/kaldi/egs/timit/s5_la2/mfcc/raw_mfcc_train.2.ark:928081
mges0_sx311 /nfs-share/titouan/workspace/kaldi/egs/timit/s5_la2/mfcc/raw_mfcc_train.3.ark:77345
mfer0_sx412 /nfs-share/titouan/workspace/kaldi/egs/timit/s5_la2/mfcc/raw_mfcc_train.2.ark:3418570
mdhl0_sx269 /nfs-share/titouan/workspace/kaldi/egs/timit/s5_la2/mfcc/raw_mfcc_train.2.ark:2303724
mklr0_sx159 /nfs-share/titouan/workspace/kaldi/egs/timit/s5_la2/mfcc/raw_mfcc_train.3.ark:2183781
falr0_si1325 /nfs-share/titouan/workspace/kaldi/egs/timit/s5_la2/mfcc/raw_mfcc_train.1.ark:101592
mjde0_si490 /nfs-share/titouan/workspace/kaldi/egs/timit/s5_la2/mfcc/raw_mfcc_train.3.ark:745024
mjkr0_sx211 /nfs-share/titouan/workspace/kaldi/egs/timit/s5_la2/mfcc/raw_mfcc_train.3.ark:1157758
mrds0_sx177 /nfs-share/titouan/workspace/kaldi/egs/timit/s5_la2/mfcc/raw_mfcc_train.4.ark:520165
mpsw0_si1067 /nfs-share/titouan/workspace/kaldi/egs/timit/s5_la2/mfcc/raw_mfcc_train.4.ark:158646
fecd0_si2048 /nfs-share/titouan/workspace/kaldi/egs/timit/s5_la2/mfcc/raw_mfcc_train.1.ark:1194800
mdns0_sx111 /nfs-share/titouan/workspace/kaldi/egs/timit/s5_la2/mfcc/raw_mfcc_train.2.ark:2761441
mbsb0_si1353 /nfs-share/titouan/workspace/kaldi/egs/timit/s5_la2/mfcc/raw_mfcc_train.2.ark:1344118
fdxw0_sx161 /nfs-share/titouan/workspace/kaldi/egs/timit/s5_la2/mfcc/raw_mfcc_train.1.ark:1102330
mjhi0_si555 /nfs-share/titouan/workspace/kaldi/egs/timit/s5_la2/mfcc/raw_mfcc_train.3.ark:1010582
mpmb0_sx61 /nfs-share/titouan/workspace/kaldi/egs/timit/s5_la2/mfcc/raw_mfcc_train.3.ark:3736985
mtlc0_si1477 /nfs-share/titouan/workspace/kaldi/egs/timit/s5_la2/mfcc/raw_mfcc_train.4.ark:2882650
mrab1_si1478 /nfs-share/titouan/workspace/kaldi/egs/timit/s5_la2/mfcc/raw_mfcc_train.4.ark:217013
fcaj0_si849 /nfs-share/titouan/workspace/kaldi/egs/timit/s5_la2/mfcc/raw_mfcc_train.1.ark:444365
mdma0_sx170 /nfs-share/titouan/workspace/kaldi/egs/timit/s5_la2/mfcc/raw_mfcc_train.2.ark:2689476
mrab1_si848 /nfs-share/titouan/workspace/kaldi/egs/timit/s5_la2/mfcc/raw_mfcc_train.4.ark:224646
mdtb0_sx300 /nfs-share/titouan/workspace/kaldi/egs/timit/s5_la2/mfcc/raw_mfcc_train.2.ark:3012941
fsjk1_si1025 /nfs-share/titouan/workspace/kaldi/egs/timit/s5_la2/mfcc/raw_mfcc_train.1.ark:3868386
mwsb0_sx6 /nfs-share/titouan/workspace/kaldi/egs/timit/s5_la2/mfcc/raw_mfcc_train.4.ark:3732433
fsjs0_sx271 /nfs-share/titouan/workspace/kaldi/egs/timit/s5_la2/mfcc/raw_mfcc_train.2.ark:32452
mhrm0_sx418 /nfs-share/titouan/workspace/kaldi/egs/timit/s5_la2/mfcc/raw_mfcc_train.3.ark:471672
fksr0_sx217 /nfs-share/titouan/workspace/kaldi/egs/timit/s5_la2/mfcc/raw_mfcc_train.1.ark:2309572
fsdj0_si485 /nfs-share/titouan/workspace/kaldi/egs/timit/s5_la2/mfcc/raw_mfcc_train.1.ark:3773070
mjfh0_sx27 /nfs-share/titouan/workspace/kaldi/egs/timit/s5_la2/mfcc/raw_mfcc_train.3.ark:960017
fpls0_sx60 /nfs-share/titouan/workspace/kaldi/egs/timit/s5_la2/mfcc/raw_mfcc_train.1.ark:3422425
mjsr0_sx434 /nfs-share/titouan/workspace/kaldi/egs/timit/s5_la2/mfcc/raw_mfcc_train.3.ark:1667650
mtxs0_sx340 /nfs-share/titouan/workspace/kaldi/egs/timit/s5_la2/mfcc/raw_mfcc_train.4.ark:3321377
fajw0_si633 /nfs-share/titouan/workspace/kaldi/egs/timit/s5_la2/mfcc/raw_mfcc_train.1.ark:42998
mjda0_sx131 /nfs-share/titouan/workspace/kaldi/egs/timit/s5_la2/mfcc/raw_mfcc_train.3.ark:685105
fcmg0_sx252 /nfs-share/titouan/workspace/kaldi/egs/timit/s5_la2/mfcc/raw_mfcc_train.1.ark:672019
mhrm0_sx148 /nfs-share/titouan/workspace/kaldi/egs/timit/s5_la2/mfcc/raw_mfcc_train.3.ark:460718
mjeb1_sx27 /nfs-share/titouan/workspace/kaldi/egs/timit/s5_la2/mfcc/raw_mfcc_train.3.ark:899531
mrlj0_sx160 /nfs-share/titouan/workspace/kaldi/egs/timit/s5_la2/mfcc/raw_mfcc_train.4.ark:1098605
mses0_sx59 /nfs-share/titouan/workspace/kaldi/egs/timit/s5_la2/mfcc/raw_mfcc_train.4.ark:1990772
msfh0_si1738 /nfs-share/titouan/workspace/kaldi/egs/timit/s5_la2/mfcc/raw_mfcc_train.4.ark:1997600
mntw0_si1698 /nfs-share/titouan/workspace/kaldi/egs/timit/s5_la2/mfcc/raw_mfcc_train.3.ark:3480080
fskc0_sx156 /nfs-share/titouan/workspace/kaldi/egs/timit/s5_la2/mfcc/raw_mfcc_train.2.ark:94179
mjxl0_si542 /nfs-share/titouan/workspace/kaldi/egs/timit/s5_la2/mfcc/raw_mfcc_train.3.ark:1824712
mwem0_sx150 /nfs-share/titouan/workspace/kaldi/egs/timit/s5_la2/mfcc/raw_mfcc_train.4.ark:3590356
mlbc0_sx249 /nfs-share/titouan/workspace/kaldi/egs/timit/s5_la2/mfcc/raw_mfcc_train.3.ark:2380926
mmaa0_sx125 /nfs-share/titouan/workspace/kaldi/egs/timit/s5_la2/mfcc/raw_mfcc_train.3.ark:2585764
mfrm0_sx165 /nfs-share/titouan/workspace/kaldi/egs/timit/s5_la2/mfcc/raw_mfcc_train.2.ark:3471756
mreh1_sx249 /nfs-share/titouan/workspace/kaldi/egs/timit/s5_la2/mfcc/raw_mfcc_train.4.ark:590916
fltm0_sx350 /nfs-share/titouan/workspace/kaldi/egs/timit/s5_la2/mfcc/raw_mfcc_train.1.ark:2770491
mtkp0_si454 /nfs-share/titouan/workspace/kaldi/egs/timit/s5_la2/mfcc/raw_mfcc_train.4.ark:2820988
mrpc1_si2112 /nfs-share/titouan/workspace/kaldi/egs/timit/s5_la2/mfcc/raw_mfcc_train.4.ark:1377147
mtab0_si942 /nfs-share/titouan/workspace/kaldi/egs/timit/s5_la2/mfcc/raw_mfcc_train.4.ark:2349460
fjlr0_si601 /nfs-share/titouan/workspace/kaldi/egs/timit/s5_la2/mfcc/raw_mfcc_train.1.ark:1756729
fjen0_si2307 /nfs-share/titouan/workspace/kaldi/egs/timit/s5_la2/mfcc/raw_mfcc_train.1.ark:1624367
fkkh0_sx300 /nfs-share/titouan/workspace/kaldi/egs/timit/s5_la2/mfcc/raw_mfcc_train.1.ark:2186597
fjxp0_sx132 /nfs-share/titouan/workspace/kaldi/egs/timit/s5_la2/mfcc/raw_mfcc_train.1.ark:1999130
mmrp0_sx414 /nfs-share/titouan/workspace/kaldi/egs/timit/s5_la2/mfcc/raw_mfcc_train.3.ark:3232025
fmjf0_sx354 /nfs-share/titouan/workspace/kaldi/egs/timit/s5_la2/mfcc/raw_mfcc_train.1.ark:2938877
mrds0_sx267 /nfs-share/titouan/workspace/kaldi/egs/timit/s5_la2/mfcc/raw_mfcc_train.4.ark:522876
fgdp0_sx358 /nfs-share/titouan/workspace/kaldi/egs/timit/s5_la2/mfcc/raw_mfcc_train.1.ark:1417679
mtpp0_si1508 /nfs-share/titouan/workspace/kaldi/egs/timit/s5_la2/mfcc/raw_mfcc_train.4.ark:3067949
fsjk1_si696 /nfs-share/titouan/workspace/kaldi/egs/timit/s5_la2/mfcc/raw_mfcc_train.1.ark:3875252
mjra0_sx66 /nfs-share/titouan/workspace/kaldi/egs/timit/s5_la2/mfcc/raw_mfcc_train.3.ark:1477019
msdh0_sx80 /nfs-share/titouan/workspace/kaldi/egs/timit/s5_la2/mfcc/raw_mfcc_train.4.ark:1880372
mbar0_si1319 /nfs-share/titouan/workspace/kaldi/egs/timit/s5_la2/mfcc/raw_mfcc_train.2.ark:1038033
mpgr0_sx150 /nfs-share/titouan/workspace/kaldi/egs/timit/s5_la2/mfcc/raw_mfcc_train.3.ark:3637978
mkaj0_sx64 /nfs-share/titouan/workspace/kaldi/egs/timit/s5_la2/mfcc/raw_mfcc_train.3.ark:1941721
meal0_sx377 /nfs-share/titouan/workspace/kaldi/egs/timit/s5_la2/mfcc/raw_mfcc_train.2.ark:3146772
fscn0_sx446 /nfs-share/titouan/workspace/kaldi/egs/timit/s5_la2/mfcc/raw_mfcc_train.1.ark:3725377
mnet0_si1446 /nfs-share/titouan/workspace/kaldi/egs/timit/s5_la2/mfcc/raw_mfcc_train.3.ark:3444683
mclk0_si2290 /nfs-share/titouan/workspace/kaldi/egs/timit/s5_la2/mfcc/raw_mfcc_train.2.ark:1712194
mhmr0_sx399 /nfs-share/titouan/workspace/kaldi/egs/timit/s5_la2/mfcc/raw_mfcc_train.3.ark:447220
fmkc0_sx82 /nfs-share/titouan/workspace/kaldi/egs/timit/s5_la2/mfcc/raw_mfcc_train.1.ark:3015627
mdjm0_si1455 /nfs-share/titouan/workspace/kaldi/egs/timit/s5_la2/mfcc/raw_mfcc_train.2.ark:2349062
mmrp0_sx234 /nfs-share/titouan/workspace/kaldi/egs/timit/s5_la2/mfcc/raw_mfcc_train.3.ark:3221273
fbjl0_sx292 /nfs-share/titouan/workspace/kaldi/egs/timit/s5_la2/mfcc/raw_mfcc_train.1.ark:298402
mkes0_sx443 /nfs-share/titouan/workspace/kaldi/egs/timit/s5_la2/mfcc/raw_mfcc_train.3.ark:2105799
mmeb0_sx187 /nfs-share/titouan/workspace/kaldi/egs/timit/s5_la2/mfcc/raw_mfcc_train.3.ark:3006887
mtab0_sx42 /nfs-share/titouan/workspace/kaldi/egs/timit/s5_la2/mfcc/raw_mfcc_train.4.ark:2374116
mrjm1_si668 /nfs-share/titouan/workspace/kaldi/egs/timit/s5_la2/mfcc/raw_mfcc_train.4.ark:959922
mrjh0_sx439 /nfs-share/titouan/workspace/kaldi/egs/timit/s5_la2/mfcc/raw_mfcc_train.4.ark:907159
fjrp1_sx82 /nfs-share/titouan/workspace/kaldi/egs/timit/s5_la2/mfcc/raw_mfcc_train.1.ark:1850308
mtpg0_sx393 /nfs-share/titouan/workspace/kaldi/egs/timit/s5_la2/mfcc/raw_mfcc_train.4.ark:3064600
mjbg0_si1724 /nfs-share/titouan/workspace/kaldi/egs/timit/s5_la2/mfcc/raw_mfcc_train.3.ark:647384
flod0_sx297 /nfs-share/titouan/workspace/kaldi/egs/timit/s5_la2/mfcc/raw_mfcc_train.1.ark:2744855
mcdd0_si1513 /nfs-share/titouan/workspace/kaldi/egs/timit/s5_la2/mfcc/raw_mfcc_train.2.ark:1540625
mrtj0_si1551 /nfs-share/titouan/workspace/kaldi/egs/timit/s5_la2/mfcc/raw_mfcc_train.4.ark:1545026
mchl0_sx357 /nfs-share/titouan/workspace/kaldi/egs/timit/s5_la2/mfcc/raw_mfcc_train.2.ark:1699022
mprb0_sx395 /nfs-share/titouan/workspace/kaldi/egs/timit/s5_la2/mfcc/raw_mfcc_train.4.ark:49762
fmpg0_sx342 /nfs-share/titouan/workspace/kaldi/egs/timit/s5_la2/mfcc/raw_mfcc_train.1.ark:3111669
fljg0_si2241 /nfs-share/titouan/workspace/kaldi/egs/timit/s5_la2/mfcc/raw_mfcc_train.1.ark:2558206
frjb0_sx77 /nfs-share/titouan/workspace/kaldi/egs/timit/s5_la2/mfcc/raw_mfcc_train.1.ark:3518784
mdef0_si2193 /nfs-share/titouan/workspace/kaldi/egs/timit/s5_la2/mfcc/raw_mfcc_train.2.ark:2228561
mdhs0_sx270 /nfs-share/titouan/workspace/kaldi/egs/timit/s5_la2/mfcc/raw_mfcc_train.2.ark:2335761
mdrd0_si2012 /nfs-share/titouan/workspace/kaldi/egs/timit/s5_la2/mfcc/raw_mfcc_train.2.ark:2874404
fkaa0_sx308 /nfs-share/titouan/workspace/kaldi/egs/timit/s5_la2/mfcc/raw_mfcc_train.1.ark:2038149
mrre0_si704 /nfs-share/titouan/workspace/kaldi/egs/timit/s5_la2/mfcc/raw_mfcc_train.4.ark:1404808
mjmm0_sx85 /nfs-share/titouan/workspace/kaldi/egs/timit/s5_la2/mfcc/raw_mfcc_train.3.ark:1351120
msdh0_si980 /nfs-share/titouan/workspace/kaldi/egs/timit/s5_la2/mfcc/raw_mfcc_train.4.ark:1854338
mhmg0_sx285 /nfs-share/titouan/workspace/kaldi/egs/timit/s5_la2/mfcc/raw_mfcc_train.3.ark:409573
fcrz0_si793 /nfs-share/titouan/workspace/kaldi/egs/timit/s5_la2/mfcc/raw_mfcc_train.1.ark:728123
fgdp0_sx178 /nfs-share/titouan/workspace/kaldi/egs/timit/s5_la2/mfcc/raw_mfcc_train.1.ark:1407473
mtbc0_si1803 /nfs-share/titouan/workspace/kaldi/egs/timit/s5_la2/mfcc/raw_mfcc_train.4.ark:2474156
mbbr0_si2315 /nfs-share/titouan/workspace/kaldi/egs/timit/s5_la2/mfcc/raw_mfcc_train.2.ark:1079056
mrkm0_si1391 /nfs-share/titouan/workspace/kaldi/egs/timit/s5_la2/mfcc/raw_mfcc_train.4.ark:1023456
mjhi0_sx248 /nfs-share/titouan/workspace/kaldi/egs/timit/s5_la2/mfcc/raw_mfcc_train.3.ark:1020990
mmdm1_si1650 /nfs-share/titouan/workspace/kaldi/egs/timit/s5_la2/mfcc/raw_mfcc_train.3.ark:2908804
mram0_si1905 /nfs-share/titouan/workspace/kaldi/egs/timit/s5_la2/mfcc/raw_mfcc_train.4.ark:289675
mtjs0_sx382 /nfs-share/titouan/workspace/kaldi/egs/timit/s5_la2/mfcc/raw_mfcc_train.4.ark:2738483
mtmt0_sx128 /nfs-share/titouan/workspace/kaldi/egs/timit/s5_la2/mfcc/raw_mfcc_train.4.ark:2989371
mlbc0_sx339 /nfs-share/titouan/workspace/kaldi/egs/timit/s5_la2/mfcc/raw_mfcc_train.3.ark:2384144
mrjm0_sx328 /nfs-share/titouan/workspace/kaldi/egs/timit/s5_la2/mfcc/raw_mfcc_train.4.ark:936642
mtkd0_sx377 /nfs-share/titouan/workspace/kaldi/egs/timit/s5_la2/mfcc/raw_mfcc_train.4.ark:2805924
fdkn0_sx451 /nfs-share/titouan/workspace/kaldi/egs/timit/s5_la2/mfcc/raw_mfcc_train.1.ark:937653
mdwd0_sx270 /nfs-share/titouan/workspace/kaldi/egs/timit/s5_la2/mfcc/raw_mfcc_train.2.ark:3039733
fjsk0_sx152 /nfs-share/titouan/workspace/kaldi/egs/timit/s5_la2/mfcc/raw_mfcc_train.1.ark:1867200
mrjt0_si868 /nfs-share/titouan/workspace/kaldi/egs/timit/s5_la2/mfcc/raw_mfcc_train.4.ark:990009
mrai0_si2052 /nfs-share/titouan/workspace/kaldi/egs/timit/s5_la2/mfcc/raw_mfcc_train.4.ark:252178
fskl0_si2159 /nfs-share/titouan/workspace/kaldi/egs/timit/s5_la2/mfcc/raw_mfcc_train.2.ark:117362
mhmg0_sx105 /nfs-share/titouan/workspace/kaldi/egs/timit/s5_la2/mfcc/raw_mfcc_train.3.ark:400622
mmgk0_si1952 /nfs-share/titouan/workspace/kaldi/egs/timit/s5_la2/mfcc/raw_mfcc_train.3.ark:3092259
mwac0_sx431 /nfs-share/titouan/workspace/kaldi/egs/timit/s5_la2/mfcc/raw_mfcc_train.4.ark:3455252
mhrm0_sx328 /nfs-share/titouan/workspace/kaldi/egs/timit/s5_la2/mfcc/raw_mfcc_train.3.ark:467583
mvjh0_sx206 /nfs-share/titouan/workspace/kaldi/egs/timit/s5_la2/mfcc/raw_mfcc_train.4.ark:3352237
msdb0_si1637 /nfs-share/titouan/workspace/kaldi/egs/timit/s5_la2/mfcc/raw_mfcc_train.4.ark:1832134
mrgm0_sx442 /nfs-share/titouan/workspace/kaldi/egs/timit/s5_la2/mfcc/raw_mfcc_train.4.ark:764037
mrlk0_sx303 /nfs-share/titouan/workspace/kaldi/egs/timit/s5_la2/mfcc/raw_mfcc_train.4.ark:1167010
fcke0_si481 /nfs-share/titouan/workspace/kaldi/egs/timit/s5_la2/mfcc/raw_mfcc_train.1.ark:600572
fdkn0_si1711 /nfs-share/titouan/workspace/kaldi/egs/timit/s5_la2/mfcc/raw_mfcc_train.1.ark:921362
fdml0_si1149 /nfs-share/titouan/workspace/kaldi/egs/timit/s5_la2/mfcc/raw_mfcc_train.1.ark:947950
mfer0_si862 /nfs-share/titouan/workspace/kaldi/egs/timit/s5_la2/mfcc/raw_mfcc_train.2.ark:3402162
mdmt0_si572 /nfs-share/titouan/workspace/kaldi/egs/timit/s5_la2/mfcc/raw_mfcc_train.2.ark:2720154
mhbs0_sx45 /nfs-share/titouan/workspace/kaldi/egs/timit/s5_la2/mfcc/raw_mfcc_train.3.ark:325597
mtjg0_si1520 /nfs-share/titouan/workspace/kaldi/egs/timit/s5_la2/mfcc/raw_mfcc_train.4.ark:2641886
mmeb0_si727 /nfs-share/titouan/workspace/kaldi/egs/timit/s5_la2/mfcc/raw_mfcc_train.3.ark:3003981
mgrl0_si2127 /nfs-share/titouan/workspace/kaldi/egs/timit/s5_la2/mfcc/raw_mfcc_train.3.ark:129978
mdwh0_sx305 /nfs-share/titouan/workspace/kaldi/egs/timit/s5_la2/mfcc/raw_mfcc_train.2.ark:3078381
fjxm0_sx131 /nfs-share/titouan/workspace/kaldi/egs/timit/s5_la2/mfcc/raw_mfcc_train.1.ark:1962270
mmvp0_si654 /nfs-share/titouan/workspace/kaldi/egs/timit/s5_la2/mfcc/raw_mfcc_train.3.ark:3283097
majp0_sx264 /nfs-share/titouan/workspace/kaldi/egs/timit/s5_la2/mfcc/raw_mfcc_train.2.ark:862453
fclt0_sx88 /nfs-share/titouan/workspace/kaldi/egs/timit/s5_la2/mfcc/raw_mfcc_train.1.ark:649114
mmab1_sx144 /nfs-share/titouan/workspace/kaldi/egs/timit/s5_la2/mfcc/raw_mfcc_train.3.ark:2616904
mram0_sx15 /nfs-share/titouan/workspace/kaldi/egs/timit/s5_la2/mfcc/raw_mfcc_train.4.ark:301981
mcew0_si1442 /nfs-share/titouan/workspace/kaldi/egs/timit/s5_la2/mfcc/raw_mfcc_train.2.ark:1636242
mkjo0_sx257 /nfs-share/titouan/workspace/kaldi/egs/timit/s5_la2/mfcc/raw_mfcc_train.3.ark:2127812
mbwp0_sx79 /nfs-share/titouan/workspace/kaldi/egs/timit/s5_la2/mfcc/raw_mfcc_train.2.ark:1432236
mejs0_sx160 /nfs-share/titouan/workspace/kaldi/egs/timit/s5_la2/mfcc/raw_mfcc_train.2.ark:3290273
msdb0_si1007 /nfs-share/titouan/workspace/kaldi/egs/timit/s5_la2/mfcc/raw_mfcc_train.4.ark:1827095
mjrh1_sx334 /nfs-share/titouan/workspace/kaldi/egs/timit/s5_la2/mfcc/raw_mfcc_train.3.ark:1567190
ftaj0_sx429 /nfs-share/titouan/workspace/kaldi/egs/timit/s5_la2/mfcc/raw_mfcc_train.2.ark:431783
mprb0_sx125 /nfs-share/titouan/workspace/kaldi/egs/timit/s5_la2/mfcc/raw_mfcc_train.4.ark:32679
mewm0_si718 /nfs-share/titouan/workspace/kaldi/egs/timit/s5_la2/mfcc/raw_mfcc_train.2.ark:3374792
mtdp0_sx351 /nfs-share/titouan/workspace/kaldi/egs/timit/s5_la2/mfcc/raw_mfcc_train.4.ark:2591954
madd0_sx358 /nfs-share/titouan/workspace/kaldi/egs/timit/s5_la2/mfcc/raw_mfcc_train.2.ark:742656
mdcm0_sx40 /nfs-share/titouan/workspace/kaldi/egs/timit/s5_la2/mfcc/raw_mfcc_train.2.ark:2146958
mkdt0_si2153 /nfs-share/titouan/workspace/kaldi/egs/timit/s5_la2/mfcc/raw_mfcc_train.3.ark:2043885
fjrb0_sx222 /nfs-share/titouan/workspace/kaldi/egs/timit/s5_la2/mfcc/raw_mfcc_train.1.ark:1794812
mmds0_si1973 /nfs-share/titouan/workspace/kaldi/egs/timit/s5_la2/mfcc/raw_mfcc_train.3.ark:2946998
fcke0_sx121 /nfs-share/titouan/workspace/kaldi/egs/timit/s5_la2/mfcc/raw_mfcc_train.1.ark:606832
fmpg0_sx432 /nfs-share/titouan/workspace/kaldi/egs/timit/s5_la2/mfcc/raw_mfcc_train.1.ark:3117461
mfxv0_sx105 /nfs-share/titouan/workspace/kaldi/egs/timit/s5_la2/mfcc/raw_mfcc_train.2.ark:3566946
mgxp0_sx367 /nfs-share/titouan/workspace/kaldi/egs/timit/s5_la2/mfcc/raw_mfcc_train.3.ark:287283
fcdr1_si1816 /nfs-share/titouan/workspace/kaldi/egs/timit/s5_la2/mfcc/raw_mfcc_train.1.ark:475758
fcdr1_sx196 /nfs-share/titouan/workspace/kaldi/egs/timit/s5_la2/mfcc/raw_mfcc_train.1.ark:496559
mbef0_sx291 /nfs-share/titouan/workspace/kaldi/egs/timit/s5_la2/mfcc/raw_mfcc_train.2.ark:1151333
mrld0_sx334 /nfs-share/titouan/workspace/kaldi/egs/timit/s5_la2/mfcc/raw_mfcc_train.4.ark:1077021
mdlc2_sx264 /nfs-share/titouan/workspace/kaldi/egs/timit/s5_la2/mfcc/raw_mfcc_train.2.ark:2532431
mdwm0_sx106 /nfs-share/titouan/workspace/kaldi/egs/timit/s5_la2/mfcc/raw_mfcc_train.2.ark:3105035
fjkl0_si1562 /nfs-share/titouan/workspace/kaldi/egs/timit/s5_la2/mfcc/raw_mfcc_train.1.ark:1685801
fsjs0_si541 /nfs-share/titouan/workspace/kaldi/egs/timit/s5_la2/mfcc/raw_mfcc_train.2.ark:22116
mjee0_si607 /nfs-share/titouan/workspace/kaldi/egs/timit/s5_la2/mfcc/raw_mfcc_train.3.ark:918665
mbwp0_si1531 /nfs-share/titouan/workspace/kaldi/egs/timit/s5_la2/mfcc/raw_mfcc_train.2.ark:1403002
mrds0_sx447 /nfs-share/titouan/workspace/kaldi/egs/timit/s5_la2/mfcc/raw_mfcc_train.4.ark:531314
mhjb0_sx297 /nfs-share/titouan/workspace/kaldi/egs/timit/s5_la2/mfcc/raw_mfcc_train.3.ark:381384
mprd0_si1431 /nfs-share/titouan/workspace/kaldi/egs/timit/s5_la2/mfcc/raw_mfcc_train.4.ark:54060
fsag0_si693 /nfs-share/titouan/workspace/kaldi/egs/timit/s5_la2/mfcc/raw_mfcc_train.1.ark:3561321
makb0_si1646 /nfs-share/titouan/workspace/kaldi/egs/timit/s5_la2/mfcc/raw_mfcc_train.2.ark:888086
mrld0_si964 /nfs-share/titouan/workspace/kaldi/egs/timit/s5_la2/mfcc/raw_mfcc_train.4.ark:1065781
mcpm0_si1824 /nfs-share/titouan/workspace/kaldi/egs/timit/s5_la2/mfcc/raw_mfcc_train.2.ark:1775618
flma0_sx343 /nfs-share/titouan/workspace/kaldi/egs/timit/s5_la2/mfcc/raw_mfcc_train.1.ark:2646201
milb0_sx93 /nfs-share/titouan/workspace/kaldi/egs/timit/s5_la2/mfcc/raw_mfcc_train.3.ark:541260
mgjc0_sx345 /nfs-share/titouan/workspace/kaldi/egs/timit/s5_la2/mfcc/raw_mfcc_train.3.ark:112126
mmxs0_sx426 /nfs-share/titouan/workspace/kaldi/egs/timit/s5_la2/mfcc/raw_mfcc_train.3.ark:3436973
mgsl0_si797 /nfs-share/titouan/workspace/kaldi/egs/timit/s5_la2/mfcc/raw_mfcc_train.3.ark:236142
mtpg0_si2013 /nfs-share/titouan/workspace/kaldi/egs/timit/s5_la2/mfcc/raw_mfcc_train.4.ark:3043330
mrdm0_sx425 /nfs-share/titouan/workspace/kaldi/egs/timit/s5_la2/mfcc/raw_mfcc_train.4.ark:503112
flkm0_si620 /nfs-share/titouan/workspace/kaldi/egs/timit/s5_la2/mfcc/raw_mfcc_train.1.ark:2596352
maeo0_si1956 /nfs-share/titouan/workspace/kaldi/egs/timit/s5_la2/mfcc/raw_mfcc_train.2.ark:794321
mrdm0_si1595 /nfs-share/titouan/workspace/kaldi/egs/timit/s5_la2/mfcc/raw_mfcc_train.4.ark:482212
mjjj0_sx263 /nfs-share/titouan/workspace/kaldi/egs/timit/s5_la2/mfcc/raw_mfcc_train.3.ark:1089719
mjlb0_si986 /nfs-share/titouan/workspace/kaldi/egs/timit/s5_la2/mfcc/raw_mfcc_train.3.ark:1180824
mtas0_si755 /nfs-share/titouan/workspace/kaldi/egs/timit/s5_la2/mfcc/raw_mfcc_train.4.ark:2384318
fdmy0_si714 /nfs-share/titouan/workspace/kaldi/egs/timit/s5_la2/mfcc/raw_mfcc_train.1.ark:989154
mpsw0_si2327 /nfs-share/titouan/workspace/kaldi/egs/timit/s5_la2/mfcc/raw_mfcc_train.4.ark:165097
fsls0_sx426 /nfs-share/titouan/workspace/kaldi/egs/timit/s5_la2/mfcc/raw_mfcc_train.2.ark:200725
fcmm0_si1957 /nfs-share/titouan/workspace/kaldi/egs/timit/s5_la2/mfcc/raw_mfcc_train.1.ark:691984
fmbg0_si1790 /nfs-share/titouan/workspace/kaldi/egs/timit/s5_la2/mfcc/raw_mfcc_train.1.ark:2823032
mjmm0_sx445 /nfs-share/titouan/workspace/kaldi/egs/timit/s5_la2/mfcc/raw_mfcc_train.3.ark:1348267
fjhk0_sx122 /nfs-share/titouan/workspace/kaldi/egs/timit/s5_la2/mfcc/raw_mfcc_train.1.ark:1665759
mrgs0_sx186 /nfs-share/titouan/workspace/kaldi/egs/timit/s5_la2/mfcc/raw_mfcc_train.4.ark:788942
mdlh0_si1960 /nfs-share/titouan/workspace/kaldi/egs/timit/s5_la2/mfcc/raw_mfcc_train.2.ark:2546564
mfxs0_si2304 /nfs-share/titouan/workspace/kaldi/egs/timit/s5_la2/mfcc/raw_mfcc_train.2.ark:3527348
mhbs0_sx225 /nfs-share/titouan/workspace/kaldi/egs/timit/s5_la2/mfcc/raw_mfcc_train.3.ark:316438
mmaa0_sx395 /nfs-share/titouan/workspace/kaldi/egs/timit/s5_la2/mfcc/raw_mfcc_train.3.ark:2600884
mjfr0_sx435 /nfs-share/titouan/workspace/kaldi/egs/timit/s5_la2/mfcc/raw_mfcc_train.3.ark:994545
mhit0_sx353 /nfs-share/titouan/workspace/kaldi/egs/timit/s5_la2/mfcc/raw_mfcc_train.3.ark:349795
mkes0_sx353 /nfs-share/titouan/workspace/kaldi/egs/timit/s5_la2/mfcc/raw_mfcc_train.3.ark:2100917
fhxs0_sx85 /nfs-share/titouan/workspace/kaldi/egs/timit/s5_la2/mfcc/raw_mfcc_train.1.ark:1577329
mdwd0_si1260 /nfs-share/titouan/workspace/kaldi/egs/timit/s5_la2/mfcc/raw_mfcc_train.2.ark:3023519
mrlr0_si566 /nfs-share/titouan/workspace/kaldi/egs/timit/s5_la2/mfcc/raw_mfcc_train.4.ark:1185818
mdlm0_sx64 /nfs-share/titouan/workspace/kaldi/egs/timit/s5_la2/mfcc/raw_mfcc_train.2.ark:2606261
majp0_sx444 /nfs-share/titouan/workspace/kaldi/egs/timit/s5_la2/mfcc/raw_mfcc_train.2.ark:870865
mcae0_sx97 /nfs-share/titouan/workspace/kaldi/egs/timit/s5_la2/mfcc/raw_mfcc_train.2.ark:1474502
fdfb0_si1948 /nfs-share/titouan/workspace/kaldi/egs/timit/s5_la2/mfcc/raw_mfcc_train.1.ark:857422
mkag0_sx30 /nfs-share/titouan/workspace/kaldi/egs/timit/s5_la2/mfcc/raw_mfcc_train.3.ark:1872772
mdrd0_si752 /nfs-share/titouan/workspace/kaldi/egs/timit/s5_la2/mfcc/raw_mfcc_train.2.ark:2877973
mstf0_si1396 /nfs-share/titouan/workspace/kaldi/egs/timit/s5_la2/mfcc/raw_mfcc_train.4.ark:2263961
mfxs0_sx234 /nfs-share/titouan/workspace/kaldi/egs/timit/s5_la2/mfcc/raw_mfcc_train.2.ark:3534356
mrjt0_sx418 /nfs-share/titouan/workspace/kaldi/egs/timit/s5_la2/mfcc/raw_mfcc_train.4.ark:1007600
fssb0_sx452 /nfs-share/titouan/workspace/kaldi/egs/timit/s5_la2/mfcc/raw_mfcc_train.2.ark:403218
mmpm0_sx341 /nfs-share/titouan/workspace/kaldi/egs/timit/s5_la2/mfcc/raw_mfcc_train.3.ark:3195107
mcss0_sx300 /nfs-share/titouan/workspace/kaldi/egs/timit/s5_la2/mfcc/raw_mfcc_train.2.ark:1859875
mrms0_sx120 /nfs-share/titouan/workspace/kaldi/egs/timit/s5_la2/mfcc/raw_mfcc_train.4.ark:1354957
mdwm0_si1546 /nfs-share/titouan/workspace/kaldi/egs/timit/s5_la2/mfcc/raw_mfcc_train.2.ark:3092039
fssb0_si1082 /nfs-share/titouan/workspace/kaldi/egs/timit/s5_la2/mfcc/raw_mfcc_train.2.ark:377434
mbml0_si1169 /nfs-share/titouan/workspace/kaldi/egs/timit/s5_la2/mfcc/raw_mfcc_train.2.ark:1286893
mfxs0_sx54 /nfs-share/titouan/workspace/kaldi/egs/timit/s5_la2/mfcc/raw_mfcc_train.2.ark:3548338
mrlk0_si1468 /nfs-share/titouan/workspace/kaldi/egs/timit/s5_la2/mfcc/raw_mfcc_train.4.ark:1144146
mgrl0_si1497 /nfs-share/titouan/workspace/kaldi/egs/timit/s5_la2/mfcc/raw_mfcc_train.3.ark:126759
mtmn0_si582 /nfs-share/titouan/workspace/kaldi/egs/timit/s5_la2/mfcc/raw_mfcc_train.4.ark:2951087
mjlg1_si1642 /nfs-share/titouan/workspace/kaldi/egs/timit/s5_la2/mfcc/raw_mfcc_train.3.ark:1205704
mchl0_sx87 /nfs-share/titouan/workspace/kaldi/egs/timit/s5_la2/mfcc/raw_mfcc_train.2.ark:1706692
fljg0_si981 /nfs-share/titouan/workspace/kaldi/egs/timit/s5_la2/mfcc/raw_mfcc_train.1.ark:2561177
mbcg0_sx417 /nfs-share/titouan/workspace/kaldi/egs/timit/s5_la2/mfcc/raw_mfcc_train.2.ark:1123327
mfxs0_sx144 /nfs-share/titouan/workspace/kaldi/egs/timit/s5_la2/mfcc/raw_mfcc_train.2.ark:3530774
megj0_sx257 /nfs-share/titouan/workspace/kaldi/egs/timit/s5_la2/mfcc/raw_mfcc_train.2.ark:3234450
fjlg0_sx359 /nfs-share/titouan/workspace/kaldi/egs/timit/s5_la2/mfcc/raw_mfcc_train.1.ark:1735061
mtat0_si811 /nfs-share/titouan/workspace/kaldi/egs/timit/s5_la2/mfcc/raw_mfcc_train.4.ark:2413196
mkls1_si915 /nfs-share/titouan/workspace/kaldi/egs/timit/s5_la2/mfcc/raw_mfcc_train.3.ark:2244573
fscn0_sx176 /nfs-share/titouan/workspace/kaldi/egs/timit/s5_la2/mfcc/raw_mfcc_train.1.ark:3710185
mmbs0_si1151 /nfs-share/titouan/workspace/kaldi/egs/timit/s5_la2/mfcc/raw_mfcc_train.3.ark:2744550
mdks0_sx436 /nfs-share/titouan/workspace/kaldi/egs/timit/s5_la2/mfcc/raw_mfcc_train.2.ark:2405154
mjfr0_si2235 /nfs-share/titouan/workspace/kaldi/egs/timit/s5_la2/mfcc/raw_mfcc_train.3.ark:973073
mses0_sx239 /nfs-share/titouan/workspace/kaldi/egs/timit/s5_la2/mfcc/raw_mfcc_train.4.ark:1979702
fdxw0_si2141 /nfs-share/titouan/workspace/kaldi/egs/timit/s5_la2/mfcc/raw_mfcc_train.1.ark:1095413
mter0_si1157 /nfs-share/titouan/workspace/kaldi/egs/timit/s5_la2/mfcc/raw_mfcc_train.4.ark:2608108
fdkn0_sx361 /nfs-share/titouan/workspace/kaldi/egs/timit/s5_la2/mfcc/raw_mfcc_train.1.ark:933785
mmdm0_si1311 /nfs-share/titouan/workspace/kaldi/egs/timit/s5_la2/mfcc/raw_mfcc_train.3.ark:2876143
mrws0_sx22 /nfs-share/titouan/workspace/kaldi/egs/timit/s5_la2/mfcc/raw_mfcc_train.4.ark:1662986
flja0_si1078 /nfs-share/titouan/workspace/kaldi/egs/timit/s5_la2/mfcc/raw_mfcc_train.1.ark:2486271
mjde0_sx130 /nfs-share/titouan/workspace/kaldi/egs/timit/s5_la2/mfcc/raw_mfcc_train.3.ark:751804
mmea0_sx308 /nfs-share/titouan/workspace/kaldi/egs/timit/s5_la2/mfcc/raw_mfcc_train.3.ark:2985420
fcmm0_sx363 /nfs-share/titouan/workspace/kaldi/egs/timit/s5_la2/mfcc/raw_mfcc_train.1.ark:707183
mtxs0_si1060 /nfs-share/titouan/workspace/kaldi/egs/timit/s5_la2/mfcc/raw_mfcc_train.4.ark:3296796
mrfl0_sx436 /nfs-share/titouan/workspace/kaldi/egs/timit/s5_la2/mfcc/raw_mfcc_train.4.ark:727879
mrds0_si1167 /nfs-share/titouan/workspace/kaldi/egs/timit/s5_la2/mfcc/raw_mfcc_train.4.ark:508443
mrld0_si2224 /nfs-share/titouan/workspace/kaldi/egs/timit/s5_la2/mfcc/raw_mfcc_train.4.ark:1062771
fpac0_sx211 /nfs-share/titouan/workspace/kaldi/egs/timit/s5_la2/mfcc/raw_mfcc_train.1.ark:3247323
fsbk0_si1699 /nfs-share/titouan/workspace/kaldi/egs/timit/s5_la2/mfcc/raw_mfcc_train.1.ark:3664510
mjdg0_sx322 /nfs-share/titouan/workspace/kaldi/egs/timit/s5_la2/mfcc/raw_mfcc_train.3.ark:797844
fpad0_sx356 /nfs-share/titouan/workspace/kaldi/egs/timit/s5_la2/mfcc/raw_mfcc_train.1.ark:3285763
mmws1_si2331 /nfs-share/titouan/workspace/kaldi/egs/timit/s5_la2/mfcc/raw_mfcc_train.3.ark:3395446
mdsj0_sx112 /nfs-share/titouan/workspace/kaldi/egs/timit/s5_la2/mfcc/raw_mfcc_train.2.ark:2919832
mljh0_sx64 /nfs-share/titouan/workspace/kaldi/egs/timit/s5_la2/mfcc/raw_mfcc_train.3.ark:2502576
mtdp0_sx171 /nfs-share/titouan/workspace/kaldi/egs/timit/s5_la2/mfcc/raw_mfcc_train.4.ark:2582957
mtjs0_si1822 /nfs-share/titouan/workspace/kaldi/egs/timit/s5_la2/mfcc/raw_mfcc_train.4.ark:2709062
mrjb1_sx300 /nfs-share/titouan/workspace/kaldi/egs/timit/s5_la2/mfcc/raw_mfcc_train.4.ark:870325
fkkh0_si1290 /nfs-share/titouan/workspace/kaldi/egs/timit/s5_la2/mfcc/raw_mfcc_train.1.ark:2159346
mjdc0_sx441 /nfs-share/titouan/workspace/kaldi/egs/timit/s5_la2/mfcc/raw_mfcc_train.3.ark:728200
mdks0_sx76 /nfs-share/titouan/workspace/kaldi/egs/timit/s5_la2/mfcc/raw_mfcc_train.2.ark:2408150
mmsm0_si1106 /nfs-share/titouan/workspace/kaldi/egs/timit/s5_la2/mfcc/raw_mfcc_train.3.ark:3241724
mwrp0_sx363 /nfs-share/titouan/workspace/kaldi/egs/timit/s5_la2/mfcc/raw_mfcc_train.4.ark:3702465
mrso0_si1206 /nfs-share/titouan/workspace/kaldi/egs/timit/s5_la2/mfcc/raw_mfcc_train.4.ark:1436265
mdlr0_sx153 /nfs-share/titouan/workspace/kaldi/egs/timit/s5_la2/mfcc/raw_mfcc_train.2.ark:2620747
fclt0_sx448 /nfs-share/titouan/workspace/kaldi/egs/timit/s5_la2/mfcc/raw_mfcc_train.1.ark:645715
fmkf0_sx366 /nfs-share/titouan/workspace/kaldi/egs/timit/s5_la2/mfcc/raw_mfcc_train.1.ark:3040761
mjrk0_sx160 /nfs-share/titouan/workspace/kaldi/egs/timit/s5_la2/mfcc/raw_mfcc_train.3.ark:1587617
frjb0_si1427 /nfs-share/titouan/workspace/kaldi/egs/timit/s5_la2/mfcc/raw_mfcc_train.1.ark:3492981
mjmd0_sx218 /nfs-share/titouan/workspace/kaldi/egs/timit/s5_la2/mfcc/raw_mfcc_train.3.ark:1309508
mmsm0_sx26 /nfs-share/titouan/workspace/kaldi/egs/timit/s5_la2/mfcc/raw_mfcc_train.3.ark:3264119
fajw0_si1263 /nfs-share/titouan/workspace/kaldi/egs/timit/s5_la2/mfcc/raw_mfcc_train.1.ark:32804
mjae0_sx84 /nfs-share/titouan/workspace/kaldi/egs/timit/s5_la2/mfcc/raw_mfcc_train.3.ark:605166
fjrp1_si1432 /nfs-share/titouan/workspace/kaldi/egs/timit/s5_la2/mfcc/raw_mfcc_train.1.ark:1813417
fgdp0_sx88 /nfs-share/titouan/workspace/kaldi/egs/timit/s5_la2/mfcc/raw_mfcc_train.1.ark:1426376
fgrw0_si1152 /nfs-share/titouan/workspace/kaldi/egs/timit/s5_la2/mfcc/raw_mfcc_train.1.ark:1470030
mrcg0_sx258 /nfs-share/titouan/workspace/kaldi/egs/timit/s5_la2/mfcc/raw_mfcc_train.4.ark:395871
mrgm0_si1792 /nfs-share/titouan/workspace/kaldi/egs/timit/s5_la2/mfcc/raw_mfcc_train.4.ark:739562
mjlb0_sx356 /nfs-share/titouan/workspace/kaldi/egs/timit/s5_la2/mfcc/raw_mfcc_train.3.ark:1191973
mhit0_sx263 /nfs-share/titouan/workspace/kaldi/egs/timit/s5_la2/mfcc/raw_mfcc_train.3.ark:346629
ftmg0_sx272 /nfs-share/titouan/workspace/kaldi/egs/timit/s5_la2/mfcc/raw_mfcc_train.2.ark:551856
mmam0_sx247 /nfs-share/titouan/workspace/kaldi/egs/timit/s5_la2/mfcc/raw_mfcc_train.3.ark:2689254
mdlc1_sx175 /nfs-share/titouan/workspace/kaldi/egs/timit/s5_la2/mfcc/raw_mfcc_train.2.ark:2500257
mcre0_si1725 /nfs-share/titouan/workspace/kaldi/egs/timit/s5_la2/mfcc/raw_mfcc_train.2.ark:1806511
mdcd0_sx425 /nfs-share/titouan/workspace/kaldi/egs/timit/s5_la2/mfcc/raw_mfcc_train.2.ark:2116404
mrjm0_sx58 /nfs-share/titouan/workspace/kaldi/egs/timit/s5_la2/mfcc/raw_mfcc_train.4.ark:945664
mjmm0_sx175 /nfs-share/titouan/workspace/kaldi/egs/timit/s5_la2/mfcc/raw_mfcc_train.3.ark:1335805
mdac0_si1837 /nfs-share/titouan/workspace/kaldi/egs/timit/s5_la2/mfcc/raw_mfcc_train.2.ark:1965915
mbsb0_sx363 /nfs-share/titouan/workspace/kaldi/egs/timit/s5_la2/mfcc/raw_mfcc_train.2.ark:1362775
mrai0_sx342 /nfs-share/titouan/workspace/kaldi/egs/timit/s5_la2/mfcc/raw_mfcc_train.4.ark:272174
mrgs0_si1356 /nfs-share/titouan/workspace/kaldi/egs/timit/s5_la2/mfcc/raw_mfcc_train.4.ark:774828
mhjb0_sx387 /nfs-share/titouan/workspace/kaldi/egs/timit/s5_la2/mfcc/raw_mfcc_train.3.ark:383822
mcdd0_si883 /nfs-share/titouan/workspace/kaldi/egs/timit/s5_la2/mfcc/raw_mfcc_train.2.ark:1547101
msjk0_sx426 /nfs-share/titouan/workspace/kaldi/egs/timit/s5_la2/mfcc/raw_mfcc_train.4.ark:2096029
mmvp0_sx347 /nfs-share/titouan/workspace/kaldi/egs/timit/s5_la2/mfcc/raw_mfcc_train.3.ark:3303860
mjac0_si1331 /nfs-share/titouan/workspace/kaldi/egs/timit/s5_la2/mfcc/raw_mfcc_train.3.ark:543920
mjws0_si513 /nfs-share/titouan/workspace/kaldi/egs/timit/s5_la2/mfcc/raw_mfcc_train.3.ark:1721763
mjls0_si1726 /nfs-share/titouan/workspace/kaldi/egs/timit/s5_la2/mfcc/raw_mfcc_train.3.ark:1236429
mtrr0_sx18 /nfs-share/titouan/workspace/kaldi/egs/timit/s5_la2/mfcc/raw_mfcc_train.4.ark:3221851
mtqc0_sx361 /nfs-share/titouan/workspace/kaldi/egs/timit/s5_la2/mfcc/raw_mfcc_train.4.ark:3161504
mrdd0_sx60 /nfs-share/titouan/workspace/kaldi/egs/timit/s5_la2/mfcc/raw_mfcc_train.4.ark:472199
fljg0_sx351 /nfs-share/titouan/workspace/kaldi/egs/timit/s5_la2/mfcc/raw_mfcc_train.1.ark:2577292
mkaj0_sx154 /nfs-share/titouan/workspace/kaldi/egs/timit/s5_la2/mfcc/raw_mfcc_train.3.ark:1928694
mjjm0_sx377 /nfs-share/titouan/workspace/kaldi/egs/timit/s5_la2/mfcc/raw_mfcc_train.3.ark:1134880
mdlm0_sx154 /nfs-share/titouan/workspace/kaldi/egs/timit/s5_la2/mfcc/raw_mfcc_train.2.ark:2593741
mrml0_sx71 /nfs-share/titouan/workspace/kaldi/egs/timit/s5_la2/mfcc/raw_mfcc_train.4.ark:1336804
mrfk0_sx446 /nfs-share/titouan/workspace/kaldi/egs/timit/s5_la2/mfcc/raw_mfcc_train.4.ark:692449
mjdc0_si531 /nfs-share/titouan/workspace/kaldi/egs/timit/s5_la2/mfcc/raw_mfcc_train.3.ark:709582
mjfh0_sx207 /nfs-share/titouan/workspace/kaldi/egs/timit/s5_la2/mfcc/raw_mfcc_train.3.ark:957606
mfxv0_sx375 /nfs-share/titouan/workspace/kaldi/egs/timit/s5_la2/mfcc/raw_mfcc_train.2.ark:3579544
mkam0_si1250 /nfs-share/titouan/workspace/kaldi/egs/timit/s5_la2/mfcc/raw_mfcc_train.3.ark:1944576
msas0_si1376 /nfs-share/titouan/workspace/kaldi/egs/timit/s5_la2/mfcc/raw_mfcc_train.4.ark:1733518
mdwd0_si557 /nfs-share/titouan/workspace/kaldi/egs/timit/s5_la2/mfcc/raw_mfcc_train.2.ark:3034246
mgxp0_sx277 /nfs-share/titouan/workspace/kaldi/egs/timit/s5_la2/mfcc/raw_mfcc_train.3.ark:283584
mtkd0_sx107 /nfs-share/titouan/workspace/kaldi/egs/timit/s5_la2/mfcc/raw_mfcc_train.4.ark:2789907
fgrw0_sx72 /nfs-share/titouan/workspace/kaldi/egs/timit/s5_la2/mfcc/raw_mfcc_train.1.ark:1504569
mkdt0_si814 /nfs-share/titouan/workspace/kaldi/egs/timit/s5_la2/mfcc/raw_mfcc_train.3.ark:2047272
mpgh0_sx24 /nfs-share/titouan/workspace/kaldi/egs/timit/s5_la2/mfcc/raw_mfcc_train.3.ark:3618915
mbgt0_sx81 /nfs-share/titouan/workspace/kaldi/egs/timit/s5_la2/mfcc/raw_mfcc_train.2.ark:1187810
mmws0_sx258 /nfs-share/titouan/workspace/kaldi/egs/timit/s5_la2/mfcc/raw_mfcc_train.3.ark:3370858
mtkd0_sx197 /nfs-share/titouan/workspace/kaldi/egs/timit/s5_la2/mfcc/raw_mfcc_train.4.ark:2797109
mkdd0_sx397 /nfs-share/titouan/workspace/kaldi/egs/timit/s5_la2/mfcc/raw_mfcc_train.3.ark:2039782
falr0_sx155 /nfs-share/titouan/workspace/kaldi/egs/timit/s5_la2/mfcc/raw_mfcc_train.1.ark:113197
msvs0_sx218 /nfs-share/titouan/workspace/kaldi/egs/timit/s5_la2/mfcc/raw_mfcc_train.4.ark:2319660
mbef0_sx381 /nfs-share/titouan/workspace/kaldi/egs/timit/s5_la2/mfcc/raw_mfcc_train.2.ark:1154226
fbas0_si1387 /nfs-share/titouan/workspace/kaldi/egs/timit/s5_la2/mfcc/raw_mfcc_train.1.ark:172245
msjk0_sx66 /nfs-share/titouan/workspace/kaldi/egs/timit/s5_la2/mfcc/raw_mfcc_train.4.ark:2100572
mrcg0_sx438 /nfs-share/titouan/workspace/kaldi/egs/timit/s5_la2/mfcc/raw_mfcc_train.4.ark:406064
fear0_sx172 /nfs-share/titouan/workspace/kaldi/egs/timit/s5_la2/mfcc/raw_mfcc_train.1.ark:1164844
mwgr0_si2236 /nfs-share/titouan/workspace/kaldi/egs/timit/s5_la2/mfcc/raw_mfcc_train.4.ark:3617374
mjac0_sx431 /nfs-share/titouan/workspace/kaldi/egs/timit/s5_la2/mfcc/raw_mfcc_train.3.ark:568832
mjpm0_si1368 /nfs-share/titouan/workspace/kaldi/egs/timit/s5_la2/mfcc/raw_mfcc_train.3.ark:1381878
mjjj0_sx353 /nfs-share/titouan/workspace/kaldi/egs/timit/s5_la2/mfcc/raw_mfcc_train.3.ark:1094757
fjsk0_si1052 /nfs-share/titouan/workspace/kaldi/egs/timit/s5_la2/mfcc/raw_mfcc_train.1.ark:1854944
msms0_sx443 /nfs-share/titouan/workspace/kaldi/egs/timit/s5_la2/mfcc/raw_mfcc_train.4.ark:2194128
mtat1_sx239 /nfs-share/titouan/workspace/kaldi/egs/timit/s5_la2/mfcc/raw_mfcc_train.4.ark:2453229
mbjv0_sx167 /nfs-share/titouan/workspace/kaldi/egs/timit/s5_la2/mfcc/raw_mfcc_train.2.ark:1202699
mljc0_si1225 /nfs-share/titouan/workspace/kaldi/egs/timit/s5_la2/mfcc/raw_mfcc_train.3.ark:2432023
mtrt0_sx147 /nfs-share/titouan/workspace/kaldi/egs/timit/s5_la2/mfcc/raw_mfcc_train.4.ark:3252426
mmag0_sx406 /nfs-share/titouan/workspace/kaldi/egs/timit/s5_la2/mfcc/raw_mfcc_train.3.ark:2667461
fklc0_sx85 /nfs-share/titouan/workspace/kaldi/egs/timit/s5_la2/mfcc/raw_mfcc_train.1.ark:2224426
mzmb0_sx356 /nfs-share/titouan/workspace/kaldi/egs/timit/s5_la2/mfcc/raw_mfcc_train.4.ark:3798047
marw0_si1276 /nfs-share/titouan/workspace/kaldi/egs/timit/s5_la2/mfcc/raw_mfcc_train.2.ark:1004072
mvjh0_sx296 /nfs-share/titouan/workspace/kaldi/egs/timit/s5_la2/mfcc/raw_mfcc_train.4.ark:3359192
mtpf0_sx65 /nfs-share/titouan/workspace/kaldi/egs/timit/s5_la2/mfcc/raw_mfcc_train.4.ark:3035709
fsjw0_sx73 /nfs-share/titouan/workspace/kaldi/egs/timit/s5_la2/mfcc/raw_mfcc_train.2.ark:79329
mwem0_sx330 /nfs-share/titouan/workspace/kaldi/egs/timit/s5_la2/mfcc/raw_mfcc_train.4.ark:3598495
fpac0_sx391 /nfs-share/titouan/workspace/kaldi/egs/timit/s5_la2/mfcc/raw_mfcc_train.1.ark:3258978
mjae0_si1999 /nfs-share/titouan/workspace/kaldi/egs/timit/s5_la2/mfcc/raw_mfcc_train.3.ark:581100
flac0_sx271 /nfs-share/titouan/workspace/kaldi/egs/timit/s5_la2/mfcc/raw_mfcc_train.1.ark:2340322
mafm0_si939 /nfs-share/titouan/workspace/kaldi/egs/timit/s5_la2/mfcc/raw_mfcc_train.2.ark:820469
msmc0_sx287 /nfs-share/titouan/workspace/kaldi/egs/timit/s5_la2/mfcc/raw_mfcc_train.4.ark:2128870
flag0_si2094 /nfs-share/titouan/workspace/kaldi/egs/timit/s5_la2/mfcc/raw_mfcc_train.1.ark:2361912
mmcc0_si1338 /nfs-share/titouan/workspace/kaldi/egs/timit/s5_la2/mfcc/raw_mfcc_train.3.ark:2780786
mesj0_sx367 /nfs-share/titouan/workspace/kaldi/egs/timit/s5_la2/mfcc/raw_mfcc_train.2.ark:3360731
fsak0_sx40 /nfs-share/titouan/workspace/kaldi/egs/timit/s5_la2/mfcc/raw_mfcc_train.1.ark:3651851
mjmm0_si1885 /nfs-share/titouan/workspace/kaldi/egs/timit/s5_la2/mfcc/raw_mfcc_train.3.ark:1329798
faem0_sx132 /nfs-share/titouan/workspace/kaldi/egs/timit/s5_la2/mfcc/raw_mfcc_train.1.ark:13048
mrms0_si2057 /nfs-share/titouan/workspace/kaldi/egs/timit/s5_la2/mfcc/raw_mfcc_train.4.ark:1346037
mdlb0_si1306 /nfs-share/titouan/workspace/kaldi/egs/timit/s5_la2/mfcc/raw_mfcc_train.2.ark:2413306
mrgs0_sx6 /nfs-share/titouan/workspace/kaldi/egs/timit/s5_la2/mfcc/raw_mfcc_train.4.ark:801311
mgrp0_sx237 /nfs-share/titouan/workspace/kaldi/egs/timit/s5_la2/mfcc/raw_mfcc_train.3.ark:176128
fjxm0_si1211 /nfs-share/titouan/workspace/kaldi/egs/timit/s5_la2/mfcc/raw_mfcc_train.1.ark:1950574
msvs0_sx128 /nfs-share/titouan/workspace/kaldi/egs/timit/s5_la2/mfcc/raw_mfcc_train.4.ark:2315532
fjhk0_si1022 /nfs-share/titouan/workspace/kaldi/egs/timit/s5_la2/mfcc/raw_mfcc_train.1.ark:1653568
msem1_sx450 /nfs-share/titouan/workspace/kaldi/egs/timit/s5_la2/mfcc/raw_mfcc_train.4.ark:1955491
fpls0_si1590 /nfs-share/titouan/workspace/kaldi/egs/timit/s5_la2/mfcc/raw_mfcc_train.1.ark:3396456
mjpm1_sx401 /nfs-share/titouan/workspace/kaldi/egs/timit/s5_la2/mfcc/raw_mfcc_train.3.ark:1439113
mtrt0_sx417 /nfs-share/titouan/workspace/kaldi/egs/timit/s5_la2/mfcc/raw_mfcc_train.4.ark:3261352
mdcd0_sx335 /nfs-share/titouan/workspace/kaldi/egs/timit/s5_la2/mfcc/raw_mfcc_train.2.ark:2110599
mcre0_sx221 /nfs-share/titouan/workspace/kaldi/egs/timit/s5_la2/mfcc/raw_mfcc_train.2.ark:1817232
fcyl0_sx217 /nfs-share/titouan/workspace/kaldi/egs/timit/s5_la2/mfcc/raw_mfcc_train.1.ark:767636
ftmg0_si902 /nfs-share/titouan/workspace/kaldi/egs/timit/s5_la2/mfcc/raw_mfcc_train.2.ark:541923
mjwt0_si1381 /nfs-share/titouan/workspace/kaldi/egs/timit/s5_la2/mfcc/raw_mfcc_train.3.ark:1755665
fsdc0_si1312 /nfs-share/titouan/workspace/kaldi/egs/timit/s5_la2/mfcc/raw_mfcc_train.1.ark:3733997
ftaj0_si474 /nfs-share/titouan/workspace/kaldi/egs/timit/s5_la2/mfcc/raw_mfcc_train.2.ark:415524
mmxs0_si629 /nfs-share/titouan/workspace/kaldi/egs/timit/s5_la2/mfcc/raw_mfcc_train.3.ark:3416957
mrai0_sx162 /nfs-share/titouan/workspace/kaldi/egs/timit/s5_la2/mfcc/raw_mfcc_train.4.ark:264581
mgak0_sx136 /nfs-share/titouan/workspace/kaldi/egs/timit/s5_la2/mfcc/raw_mfcc_train.2.ark:3655127
msvs0_si938 /nfs-share/titouan/workspace/kaldi/egs/timit/s5_la2/mfcc/raw_mfcc_train.4.ark:2309194
fsma0_sx361 /nfs-share/titouan/workspace/kaldi/egs/timit/s5_la2/mfcc/raw_mfcc_train.2.ark:229882
mdtb0_sx390 /nfs-share/titouan/workspace/kaldi/egs/timit/s5_la2/mfcc/raw_mfcc_train.2.ark:3020235
fdkn0_sx271 /nfs-share/titouan/workspace/kaldi/egs/timit/s5_la2/mfcc/raw_mfcc_train.1.ark:929631
mrdd0_si1680 /nfs-share/titouan/workspace/kaldi/egs/timit/s5_la2/mfcc/raw_mfcc_train.4.ark:451227
mwrp0_sx93 /nfs-share/titouan/workspace/kaldi/egs/timit/s5_la2/mfcc/raw_mfcc_train.4.ark:3706865
fgmb0_si1145 /nfs-share/titouan/workspace/kaldi/egs/timit/s5_la2/mfcc/raw_mfcc_train.1.ark:1432507
mrwa0_sx253 /nfs-share/titouan/workspace/kaldi/egs/timit/s5_la2/mfcc/raw_mfcc_train.4.ark:1629968
mclk0_sx220 /nfs-share/titouan/workspace/kaldi/egs/timit/s5_la2/mfcc/raw_mfcc_train.2.ark:1728569
mnet0_sx96 /nfs-share/titouan/workspace/kaldi/egs/timit/s5_la2/mfcc/raw_mfcc_train.3.ark:3469378
mrjm0_sx238 /nfs-share/titouan/workspace/kaldi/egs/timit/s5_la2/mfcc/raw_mfcc_train.4.ark:933151
mdss0_si1881 /nfs-share/titouan/workspace/kaldi/egs/timit/s5_la2/mfcc/raw_mfcc_train.2.ark:2940563
flet0_sx57 /nfs-share/titouan/workspace/kaldi/egs/timit/s5_la2/mfcc/raw_mfcc_train.1.ark:2452392
msfv0_si632 /nfs-share/titouan/workspace/kaldi/egs/timit/s5_la2/mfcc/raw_mfcc_train.4.ark:2041253
mlsh0_si787 /nfs-share/titouan/workspace/kaldi/egs/timit/s5_la2/mfcc/raw_mfcc_train.3.ark:2545478
fjxm0_si581 /nfs-share/titouan/workspace/kaldi/egs/timit/s5_la2/mfcc/raw_mfcc_train.1.ark:1957336
mzmb0_si1166 /nfs-share/titouan/workspace/kaldi/egs/timit/s5_la2/mfcc/raw_mfcc_train.4.ark:3777081
ftbr0_si921 /nfs-share/titouan/workspace/kaldi/egs/timit/s5_la2/mfcc/raw_mfcc_train.2.ark:447425
feac0_si1875 /nfs-share/titouan/workspace/kaldi/egs/timit/s5_la2/mfcc/raw_mfcc_train.1.ark:1124031
mcdc0_sx32 /nfs-share/titouan/workspace/kaldi/egs/timit/s5_la2/mfcc/raw_mfcc_train.2.ark:1532823
mtkp0_sx33 /nfs-share/titouan/workspace/kaldi/egs/timit/s5_la2/mfcc/raw_mfcc_train.4.ark:2837473
mdks0_si1696 /nfs-share/titouan/workspace/kaldi/egs/timit/s5_la2/mfcc/raw_mfcc_train.2.ark:2382797
mjdc0_sx171 /nfs-share/titouan/workspace/kaldi/egs/timit/s5_la2/mfcc/raw_mfcc_train.3.ark:717311
mkag0_si979 /nfs-share/titouan/workspace/kaldi/egs/timit/s5_la2/mfcc/raw_mfcc_train.3.ark:1858270
fkfb0_si2238 /nfs-share/titouan/workspace/kaldi/egs/timit/s5_la2/mfcc/raw_mfcc_train.1.ark:2127239
mdlr0_si1863 /nfs-share/titouan/workspace/kaldi/egs/timit/s5_la2/mfcc/raw_mfcc_train.2.ark:2614428
mkdd0_sx217 /nfs-share/titouan/workspace/kaldi/egs/timit/s5_la2/mfcc/raw_mfcc_train.3.ark:2031247
mjpg0_si561 /nfs-share/titouan/workspace/kaldi/egs/timit/s5_la2/mfcc/raw_mfcc_train.3.ark:1362856
mcdc0_sx212 /nfs-share/titouan/workspace/kaldi/egs/timit/s5_la2/mfcc/raw_mfcc_train.2.ark:1524828
mkls1_sx285 /nfs-share/titouan/workspace/kaldi/egs/timit/s5_la2/mfcc/raw_mfcc_train.3.ark:2260590
makb0_sx386 /nfs-share/titouan/workspace/kaldi/egs/timit/s5_la2/mfcc/raw_mfcc_train.2.ark:915077
mrfl0_sx166 /nfs-share/titouan/workspace/kaldi/egs/timit/s5_la2/mfcc/raw_mfcc_train.4.ark:713402
mjac0_sx307 /nfs-share/titouan/workspace/kaldi/egs/timit/s5_la2/mfcc/raw_mfcc_train.3.ark:561902
msas0_sx386 /nfs-share/titouan/workspace/kaldi/egs/timit/s5_la2/mfcc/raw_mfcc_train.4.ark:1767029
mree0_sx294 /nfs-share/titouan/workspace/kaldi/egs/timit/s5_la2/mfcc/raw_mfcc_train.4.ark:563442
fjrp1_sx262 /nfs-share/titouan/workspace/kaldi/egs/timit/s5_la2/mfcc/raw_mfcc_train.1.ark:1833076
fsls0_sx156 /nfs-share/titouan/workspace/kaldi/egs/timit/s5_la2/mfcc/raw_mfcc_train.2.ark:190096
mmam0_si1668 /nfs-share/titouan/workspace/kaldi/egs/timit/s5_la2/mfcc/raw_mfcc_train.3.ark:2680977
mtpf0_si605 /nfs-share/titouan/workspace/kaldi/egs/timit/s5_la2/mfcc/raw_mfcc_train.4.ark:3015824
mjls0_si466 /nfs-share/titouan/workspace/kaldi/egs/timit/s5_la2/mfcc/raw_mfcc_train.3.ark:1243859
mgaf0_si652 /nfs-share/titouan/workspace/kaldi/egs/timit/s5_la2/mfcc/raw_mfcc_train.2.ark:3594270
mabc0_sx61 /nfs-share/titouan/workspace/kaldi/egs/timit/s5_la2/mfcc/raw_mfcc_train.2.ark:684185
mrcg0_sx168 /nfs-share/titouan/workspace/kaldi/egs/timit/s5_la2/mfcc/raw_mfcc_train.4.ark:392328
mlsh0_sx157 /nfs-share/titouan/workspace/kaldi/egs/timit/s5_la2/mfcc/raw_mfcc_train.3.ark:2549268
mesj0_sx97 /nfs-share/titouan/workspace/kaldi/egs/timit/s5_la2/mfcc/raw_mfcc_train.2.ark:3366982
fpab1_si841 /nfs-share/titouan/workspace/kaldi/egs/timit/s5_la2/mfcc/raw_mfcc_train.1.ark:3200816
mrlk0_si2140 /nfs-share/titouan/workspace/kaldi/egs/timit/s5_la2/mfcc/raw_mfcc_train.4.ark:1150251
mrbc0_si599 /nfs-share/titouan/workspace/kaldi/egs/timit/s5_la2/mfcc/raw_mfcc_train.4.ark:352900
mrml0_si791 /nfs-share/titouan/workspace/kaldi/egs/timit/s5_la2/mfcc/raw_mfcc_train.4.ark:1310107
mlns0_si777 /nfs-share/titouan/workspace/kaldi/egs/timit/s5_la2/mfcc/raw_mfcc_train.3.ark:2514481
fsah0_sx74 /nfs-share/titouan/workspace/kaldi/egs/timit/s5_la2/mfcc/raw_mfcc_train.1.ark:3624137
mcre0_sx41 /nfs-share/titouan/workspace/kaldi/egs/timit/s5_la2/mfcc/raw_mfcc_train.2.ark:1828769
mjws0_si1143 /nfs-share/titouan/workspace/kaldi/egs/timit/s5_la2/mfcc/raw_mfcc_train.3.ark:1714715
mtcs0_si2265 /nfs-share/titouan/workspace/kaldi/egs/timit/s5_la2/mfcc/raw_mfcc_train.4.ark:2506310
mrre0_sx344 /nfs-share/titouan/workspace/kaldi/egs/timit/s5_la2/mfcc/raw_mfcc_train.4.ark:1424414
mjfr0_sx165 /nfs-share/titouan/workspace/kaldi/egs/timit/s5_la2/mfcc/raw_mfcc_train.3.ark:980731
fjdm2_sx232 /nfs-share/titouan/workspace/kaldi/egs/timit/s5_la2/mfcc/raw_mfcc_train.1.ark:1598648
mjdc0_sx261 /nfs-share/titouan/workspace/kaldi/egs/timit/s5_la2/mfcc/raw_mfcc_train.3.ark:721738
mgjc0_sx75 /nfs-share/titouan/workspace/kaldi/egs/timit/s5_la2/mfcc/raw_mfcc_train.3.ark:122747
fspm0_sx431 /nfs-share/titouan/workspace/kaldi/egs/timit/s5_la2/mfcc/raw_mfcc_train.2.ark:339416
fkde0_sx151 /nfs-share/titouan/workspace/kaldi/egs/timit/s5_la2/mfcc/raw_mfcc_train.1.ark:2068093
mrai0_si1954 /nfs-share/titouan/workspace/kaldi/egs/timit/s5_la2/mfcc/raw_mfcc_train.4.ark:250116
mrms0_si1113 /nfs-share/titouan/workspace/kaldi/egs/timit/s5_la2/mfcc/raw_mfcc_train.4.ark:1340933
mrpc1_sx222 /nfs-share/titouan/workspace/kaldi/egs/timit/s5_la2/mfcc/raw_mfcc_train.4.ark:1383011
mrhl0_si2145 /nfs-share/titouan/workspace/kaldi/egs/timit/s5_la2/mfcc/raw_mfcc_train.4.ark:812617
fleh0_si2311 /nfs-share/titouan/workspace/kaldi/egs/timit/s5_la2/mfcc/raw_mfcc_train.1.ark:2401237
mtrr0_si918 /nfs-share/titouan/workspace/kaldi/egs/timit/s5_la2/mfcc/raw_mfcc_train.4.ark:3212621
mtrt0_sx57 /nfs-share/titouan/workspace/kaldi/egs/timit/s5_la2/mfcc/raw_mfcc_train.4.ark:3265336
fskl0_sx449 /nfs-share/titouan/workspace/kaldi/egs/timit/s5_la2/mfcc/raw_mfcc_train.2.ark:137820
makb0_si1016 /nfs-share/titouan/workspace/kaldi/egs/timit/s5_la2/mfcc/raw_mfcc_train.2.ark:880109
mrjb1_sx390 /nfs-share/titouan/workspace/kaldi/egs/timit/s5_la2/mfcc/raw_mfcc_train.4.ark:873764
mbma1_si954 /nfs-share/titouan/workspace/kaldi/egs/timit/s5_la2/mfcc/raw_mfcc_train.2.ark:1258836
mrtj0_sx142 /nfs-share/titouan/workspace/kaldi/egs/timit/s5_la2/mfcc/raw_mfcc_train.4.ark:1560531
mtrc0_sx93 /nfs-share/titouan/workspace/kaldi/egs/timit/s5_la2/mfcc/raw_mfcc_train.4.ark:3203329
mbjv0_si617 /nfs-share/titouan/workspace/kaldi/egs/timit/s5_la2/mfcc/raw_mfcc_train.2.ark:1198415
mdlr1_sx309 /nfs-share/titouan/workspace/kaldi/egs/timit/s5_la2/mfcc/raw_mfcc_train.2.ark:2665720
mcdc0_si1922 /nfs-share/titouan/workspace/kaldi/egs/timit/s5_la2/mfcc/raw_mfcc_train.2.ark:1513731
mpeb0_si600 /nfs-share/titouan/workspace/kaldi/egs/timit/s5_la2/mfcc/raw_mfcc_train.3.ark:3540106
mbma0_sx322 /nfs-share/titouan/workspace/kaldi/egs/timit/s5_la2/mfcc/raw_mfcc_train.2.ark:1240782
mrkm0_sx277 /nfs-share/titouan/workspace/kaldi/egs/timit/s5_la2/mfcc/raw_mfcc_train.4.ark:1040338
milb0_sx273 /nfs-share/titouan/workspace/kaldi/egs/timit/s5_la2/mfcc/raw_mfcc_train.3.ark:532194
mrwa0_si1603 /nfs-share/titouan/workspace/kaldi/egs/timit/s5_la2/mfcc/raw_mfcc_train.4.ark:1614521
mvlo0_sx67 /nfs-share/titouan/workspace/kaldi/egs/timit/s5_la2/mfcc/raw_mfcc_train.4.ark:3393355
mgak0_sx226 /nfs-share/titouan/workspace/kaldi/egs/timit/s5_la2/mfcc/raw_mfcc_train.2.ark:3661387
mree0_si1959 /nfs-share/titouan/workspace/kaldi/egs/timit/s5_la2/mfcc/raw_mfcc_train.4.ark:547698
feac0_si615 /nfs-share/titouan/workspace/kaldi/egs/timit/s5_la2/mfcc/raw_mfcc_train.1.ark:1128380
mbom0_si1644 /nfs-share/titouan/workspace/kaldi/egs/timit/s5_la2/mfcc/raw_mfcc_train.2.ark:1321109
mdbb1_si1636 /nfs-share/titouan/workspace/kaldi/egs/timit/s5_la2/mfcc/raw_mfcc_train.2.ark:2030675
fdjh0_sx35 /nfs-share/titouan/workspace/kaldi/egs/timit/s5_la2/mfcc/raw_mfcc_train.1.ark:903508
fnkl0_sx262 /nfs-share/titouan/workspace/kaldi/egs/timit/s5_la2/mfcc/raw_mfcc_train.1.ark:3147385
mgaf0_sx292 /nfs-share/titouan/workspace/kaldi/egs/timit/s5_la2/mfcc/raw_mfcc_train.2.ark:3604775
msdb0_sx197 /nfs-share/titouan/workspace/kaldi/egs/timit/s5_la2/mfcc/raw_mfcc_train.4.ark:1842276
mrfk0_si1076 /nfs-share/titouan/workspace/kaldi/egs/timit/s5_la2/mfcc/raw_mfcc_train.4.ark:670175
mmab1_si2124 /nfs-share/titouan/workspace/kaldi/egs/timit/s5_la2/mfcc/raw_mfcc_train.3.ark:2606997
mkls1_si2175 /nfs-share/titouan/workspace/kaldi/egs/timit/s5_la2/mfcc/raw_mfcc_train.3.ark:2241498
fmjf0_si1254 /nfs-share/titouan/workspace/kaldi/egs/timit/s5_la2/mfcc/raw_mfcc_train.1.ark:2917755
mgaf0_sx382 /nfs-share/titouan/workspace/kaldi/egs/timit/s5_la2/mfcc/raw_mfcc_train.2.ark:3608851
fjlg0_si2306 /nfs-share/titouan/workspace/kaldi/egs/timit/s5_la2/mfcc/raw_mfcc_train.1.ark:1725030
mdsj0_sx292 /nfs-share/titouan/workspace/kaldi/egs/timit/s5_la2/mfcc/raw_mfcc_train.2.ark:2926696
mmwb0_si2249 /nfs-share/titouan/workspace/kaldi/egs/timit/s5_la2/mfcc/raw_mfcc_train.3.ark:3318430
mrcw0_sx21 /nfs-share/titouan/workspace/kaldi/egs/timit/s5_la2/mfcc/raw_mfcc_train.4.ark:437430
mjai0_sx74 /nfs-share/titouan/workspace/kaldi/egs/timit/s5_la2/mfcc/raw_mfcc_train.3.ark:639698
mpgr0_si780 /nfs-share/titouan/workspace/kaldi/egs/timit/s5_la2/mfcc/raw_mfcc_train.3.ark:3634877
fkkh0_sx30 /nfs-share/titouan/workspace/kaldi/egs/timit/s5_la2/mfcc/raw_mfcc_train.1.ark:2183717
mkrg0_si2121 /nfs-share/titouan/workspace/kaldi/egs/timit/s5_la2/mfcc/raw_mfcc_train.3.ark:2307198
mwsb0_si1626 /nfs-share/titouan/workspace/kaldi/egs/timit/s5_la2/mfcc/raw_mfcc_train.4.ark:3710084
mbar0_si689 /nfs-share/titouan/workspace/kaldi/egs/timit/s5_la2/mfcc/raw_mfcc_train.2.ark:1044821
fbch0_si1586 /nfs-share/titouan/workspace/kaldi/egs/timit/s5_la2/mfcc/raw_mfcc_train.1.ark:239050
mbth0_si2102 /nfs-share/titouan/workspace/kaldi/egs/timit/s5_la2/mfcc/raw_mfcc_train.2.ark:1368236
mjrh0_si1840 /nfs-share/titouan/workspace/kaldi/egs/timit/s5_la2/mfcc/raw_mfcc_train.3.ark:1520429
mtpr0_sx250 /nfs-share/titouan/workspace/kaldi/egs/timit/s5_la2/mfcc/raw_mfcc_train.4.ark:3117227
frjb0_sx167 /nfs-share/titouan/workspace/kaldi/egs/timit/s5_la2/mfcc/raw_mfcc_train.1.ark:3501090
mfwk0_sx169 /nfs-share/titouan/workspace/kaldi/egs/timit/s5_la2/mfcc/raw_mfcc_train.2.ark:3500504
mjxa0_si1507 /nfs-share/titouan/workspace/kaldi/egs/timit/s5_la2/mfcc/raw_mfcc_train.3.ark:1785354
mrml0_sx341 /nfs-share/titouan/workspace/kaldi/egs/timit/s5_la2/mfcc/raw_mfcc_train.4.ark:1327223
mrws0_sx382 /nfs-share/titouan/workspace/kaldi/egs/timit/s5_la2/mfcc/raw_mfcc_train.4.ark:1670137
fgcs0_si856 /nfs-share/titouan/workspace/kaldi/egs/timit/s5_la2/mfcc/raw_mfcc_train.1.ark:1371841
mdtb0_sx120 /nfs-share/titouan/workspace/kaldi/egs/timit/s5_la2/mfcc/raw_mfcc_train.2.ark:3005946
mkah0_sx178 /nfs-share/titouan/workspace/kaldi/egs/timit/s5_la2/mfcc/raw_mfcc_train.3.ark:1895227
frll0_sx344 /nfs-share/titouan/workspace/kaldi/egs/timit/s5_la2/mfcc/raw_mfcc_train.1.ark:3544502
mpfu0_sx268 /nfs-share/titouan/workspace/kaldi/egs/timit/s5_la2/mfcc/raw_mfcc_train.3.ark:3581764
fsdc0_sx52 /nfs-share/titouan/workspace/kaldi/egs/timit/s5_la2/mfcc/raw_mfcc_train.1.ark:3759813
fceg0_sx348 /nfs-share/titouan/workspace/kaldi/egs/timit/s5_la2/mfcc/raw_mfcc_train.1.ark:525672
mbbr0_sx245 /nfs-share/titouan/workspace/kaldi/egs/timit/s5_la2/mfcc/raw_mfcc_train.2.ark:1085830
mjmd0_sx398 /nfs-share/titouan/workspace/kaldi/egs/timit/s5_la2/mfcc/raw_mfcc_train.3.ark:1320227
mntw0_si1068 /nfs-share/titouan/workspace/kaldi/egs/timit/s5_la2/mfcc/raw_mfcc_train.3.ark:3473039
mtat0_sx120 /nfs-share/titouan/workspace/kaldi/egs/timit/s5_la2/mfcc/raw_mfcc_train.4.ark:2418637
frll0_sx254 /nfs-share/titouan/workspace/kaldi/egs/timit/s5_la2/mfcc/raw_mfcc_train.1.ark:3541115
mcef0_si1135 /nfs-share/titouan/workspace/kaldi/egs/timit/s5_la2/mfcc/raw_mfcc_train.2.ark:1605765
marc0_si1818 /nfs-share/titouan/workspace/kaldi/egs/timit/s5_la2/mfcc/raw_mfcc_train.2.ark:979973
mrgm0_sx416 /nfs-share/titouan/workspace/kaldi/egs/timit/s5_la2/mfcc/raw_mfcc_train.4.ark:760234
mmab1_sx234 /nfs-share/titouan/workspace/kaldi/egs/timit/s5_la2/mfcc/raw_mfcc_train.3.ark:2620629
fpls0_sx3 /nfs-share/titouan/workspace/kaldi/egs/timit/s5_la2/mfcc/raw_mfcc_train.1.ark:3416393
mwem0_sx240 /nfs-share/titouan/workspace/kaldi/egs/timit/s5_la2/mfcc/raw_mfcc_train.4.ark:3594107
falr0_sx335 /nfs-share/titouan/workspace/kaldi/egs/timit/s5_la2/mfcc/raw_mfcc_train.1.ark:120595
mmds0_si1343 /nfs-share/titouan/workspace/kaldi/egs/timit/s5_la2/mfcc/raw_mfcc_train.3.ark:2941972
fdtd0_sx301 /nfs-share/titouan/workspace/kaldi/egs/timit/s5_la2/mfcc/raw_mfcc_train.1.ark:1077989
feme0_si2135 /nfs-share/titouan/workspace/kaldi/egs/timit/s5_la2/mfcc/raw_mfcc_train.1.ark:1263398
fklc1_sx58 /nfs-share/titouan/workspace/kaldi/egs/timit/s5_la2/mfcc/raw_mfcc_train.1.ark:2255658
mtjg0_sx80 /nfs-share/titouan/workspace/kaldi/egs/timit/s5_la2/mfcc/raw_mfcc_train.4.ark:2671185
faem0_sx42 /nfs-share/titouan/workspace/kaldi/egs/timit/s5_la2/mfcc/raw_mfcc_train.1.ark:29767
mmws1_sx261 /nfs-share/titouan/workspace/kaldi/egs/timit/s5_la2/mfcc/raw_mfcc_train.3.ark:3398456
fcjf0_sx217 /nfs-share/titouan/workspace/kaldi/egs/timit/s5_la2/mfcc/raw_mfcc_train.1.ark:552047
mpgr1_sx419 /nfs-share/titouan/workspace/kaldi/egs/timit/s5_la2/mfcc/raw_mfcc_train.3.ark:3681932
fsjs0_si1801 /nfs-share/titouan/workspace/kaldi/egs/timit/s5_la2/mfcc/raw_mfcc_train.2.ark:17143
mgaw0_sx175 /nfs-share/titouan/workspace/kaldi/egs/timit/s5_la2/mfcc/raw_mfcc_train.3.ark:46165
msmc0_si647 /nfs-share/titouan/workspace/kaldi/egs/timit/s5_la2/mfcc/raw_mfcc_train.4.ark:2112853
marw0_sx106 /nfs-share/titouan/workspace/kaldi/egs/timit/s5_la2/mfcc/raw_mfcc_train.2.ark:1014039
mjeb0_si1286 /nfs-share/titouan/workspace/kaldi/egs/timit/s5_la2/mfcc/raw_mfcc_train.3.ark:844007
mrdm0_si965 /nfs-share/titouan/workspace/kaldi/egs/timit/s5_la2/mfcc/raw_mfcc_train.4.ark:485599
mrcw0_sx111 /nfs-share/titouan/workspace/kaldi/egs/timit/s5_la2/mfcc/raw_mfcc_train.4.ark:430748
fvmh0_sx116 /nfs-share/titouan/workspace/kaldi/egs/timit/s5_la2/mfcc/raw_mfcc_train.2.ark:644867
mtml0_sx165 /nfs-share/titouan/workspace/kaldi/egs/timit/s5_la2/mfcc/raw_mfcc_train.4.ark:2919928
mtpp0_si878 /nfs-share/titouan/workspace/kaldi/egs/timit/s5_la2/mfcc/raw_mfcc_train.4.ark:3076206
mkag0_sx259 /nfs-share/titouan/workspace/kaldi/egs/timit/s5_la2/mfcc/raw_mfcc_train.3.ark:1868463
mrab1_sx308 /nfs-share/titouan/workspace/kaldi/egs/timit/s5_la2/mfcc/raw_mfcc_train.4.ark:237576
mmbs0_si521 /nfs-share/titouan/workspace/kaldi/egs/timit/s5_la2/mfcc/raw_mfcc_train.3.ark:2750441
msvs0_sx308 /nfs-share/titouan/workspace/kaldi/egs/timit/s5_la2/mfcc/raw_mfcc_train.4.ark:2324334
fbjl0_sx382 /nfs-share/titouan/workspace/kaldi/egs/timit/s5_la2/mfcc/raw_mfcc_train.1.ark:303245
mdlc0_sx225 /nfs-share/titouan/workspace/kaldi/egs/timit/s5_la2/mfcc/raw_mfcc_train.2.ark:2471853
mmpm0_si1061 /nfs-share/titouan/workspace/kaldi/egs/timit/s5_la2/mfcc/raw_mfcc_train.3.ark:3174101
mkls0_si1533 /nfs-share/titouan/workspace/kaldi/egs/timit/s5_la2/mfcc/raw_mfcc_train.3.ark:2209044
mmaa0_sx215 /nfs-share/titouan/workspace/kaldi/egs/timit/s5_la2/mfcc/raw_mfcc_train.3.ark:2589541
mjmd0_sx38 /nfs-share/titouan/workspace/kaldi/egs/timit/s5_la2/mfcc/raw_mfcc_train.3.ark:1316333
mdas0_sx96 /nfs-share/titouan/workspace/kaldi/egs/timit/s5_la2/mfcc/raw_mfcc_train.2.ark:2022014
msat0_sx176 /nfs-share/titouan/workspace/kaldi/egs/timit/s5_la2/mfcc/raw_mfcc_train.4.ark:1779760
feeh0_si1112 /nfs-share/titouan/workspace/kaldi/egs/timit/s5_la2/mfcc/raw_mfcc_train.1.ark:1225893
msrg0_sx321 /nfs-share/titouan/workspace/kaldi/egs/timit/s5_la2/mfcc/raw_mfcc_train.4.ark:2219775
mjpm0_sx18 /nfs-share/titouan/workspace/kaldi/egs/timit/s5_la2/mfcc/raw_mfcc_train.3.ark:1399781
fmju0_sx399 /nfs-share/titouan/workspace/kaldi/egs/timit/s5_la2/mfcc/raw_mfcc_train.1.ark:2982679
mtxs0_sx160 /nfs-share/titouan/workspace/kaldi/egs/timit/s5_la2/mfcc/raw_mfcc_train.4.ark:3311405
mdcm0_sx400 /nfs-share/titouan/workspace/kaldi/egs/timit/s5_la2/mfcc/raw_mfcc_train.2.ark:2150683
fdmy0_sx117 /nfs-share/titouan/workspace/kaldi/egs/timit/s5_la2/mfcc/raw_mfcc_train.1.ark:997832
mkjo0_sx437 /nfs-share/titouan/workspace/kaldi/egs/timit/s5_la2/mfcc/raw_mfcc_train.3.ark:2134417
makb0_sx296 /nfs-share/titouan/workspace/kaldi/egs/timit/s5_la2/mfcc/raw_mfcc_train.2.ark:911560
mtcs0_sx352 /nfs-share/titouan/workspace/kaldi/egs/timit/s5_la2/mfcc/raw_mfcc_train.4.ark:2522575
fsdj0_sx305 /nfs-share/titouan/workspace/kaldi/egs/timit/s5_la2/mfcc/raw_mfcc_train.1.ark:3782451
mtml0_sx345 /nfs-share/titouan/workspace/kaldi/egs/timit/s5_la2/mfcc/raw_mfcc_train.4.ark:2927534
fclt0_si808 /nfs-share/titouan/workspace/kaldi/egs/timit/s5_la2/mfcc/raw_mfcc_train.1.ark:627747
flhd0_sx354 /nfs-share/titouan/workspace/kaldi/egs/timit/s5_la2/mfcc/raw_mfcc_train.1.ark:2474849
mdlb0_sx46 /nfs-share/titouan/workspace/kaldi/egs/timit/s5_la2/mfcc/raw_mfcc_train.2.ark:2448572
meal0_sx347 /nfs-share/titouan/workspace/kaldi/egs/timit/s5_la2/mfcc/raw_mfcc_train.2.ark:3142202
mkrg0_sx51 /nfs-share/titouan/workspace/kaldi/egs/timit/s5_la2/mfcc/raw_mfcc_train.3.ark:2329390
fbcg1_si2242 /nfs-share/titouan/workspace/kaldi/egs/timit/s5_la2/mfcc/raw_mfcc_train.1.ark:209179
mgsh0_sx6 /nfs-share/titouan/workspace/kaldi/egs/timit/s5_la2/mfcc/raw_mfcc_train.3.ark:220228
mpar0_sx136 /nfs-share/titouan/workspace/kaldi/egs/timit/s5_la2/mfcc/raw_mfcc_train.3.ark:3518242
fsmm0_sx234 /nfs-share/titouan/workspace/kaldi/egs/timit/s5_la2/mfcc/raw_mfcc_train.2.ark:258233
msat1_sx443 /nfs-share/titouan/workspace/kaldi/egs/timit/s5_la2/mfcc/raw_mfcc_train.4.ark:1819606
msrg0_sx51 /nfs-share/titouan/workspace/kaldi/egs/timit/s5_la2/mfcc/raw_mfcc_train.4.ark:2228225
msvs0_sx398 /nfs-share/titouan/workspace/kaldi/egs/timit/s5_la2/mfcc/raw_mfcc_train.4.ark:2333460
fmem0_sx333 /nfs-share/titouan/workspace/kaldi/egs/timit/s5_la2/mfcc/raw_mfcc_train.1.ark:2872978
mdac0_sx271 /nfs-share/titouan/workspace/kaldi/egs/timit/s5_la2/mfcc/raw_mfcc_train.2.ark:1980990
mbml0_si539 /nfs-share/titouan/workspace/kaldi/egs/timit/s5_la2/mfcc/raw_mfcc_train.2.ark:1293473
fkaa0_si578 /nfs-share/titouan/workspace/kaldi/egs/timit/s5_la2/mfcc/raw_mfcc_train.1.ark:2025492
mjwg0_sx265 /nfs-share/titouan/workspace/kaldi/egs/timit/s5_la2/mfcc/raw_mfcc_train.3.ark:1700127
faem0_sx312 /nfs-share/titouan/workspace/kaldi/egs/timit/s5_la2/mfcc/raw_mfcc_train.1.ark:20537
mrws0_sx292 /nfs-share/titouan/workspace/kaldi/egs/timit/s5_la2/mfcc/raw_mfcc_train.4.ark:1665866
mrmh0_sx301 /nfs-share/titouan/workspace/kaldi/egs/timit/s5_la2/mfcc/raw_mfcc_train.4.ark:1291013
mcth0_sx39 /nfs-share/titouan/workspace/kaldi/egs/timit/s5_la2/mfcc/raw_mfcc_train.2.ark:1891392
fjrp1_sx442 /nfs-share/titouan/workspace/kaldi/egs/timit/s5_la2/mfcc/raw_mfcc_train.1.ark:1845713
mcss0_sx120 /nfs-share/titouan/workspace/kaldi/egs/timit/s5_la2/mfcc/raw_mfcc_train.2.ark:1849143
mmjb1_si1408 /nfs-share/titouan/workspace/kaldi/egs/timit/s5_la2/mfcc/raw_mfcc_train.3.ark:3112796
mpgr0_si1410 /nfs-share/titouan/workspace/kaldi/egs/timit/s5_la2/mfcc/raw_mfcc_train.3.ark:3627101
fsak0_si1300 /nfs-share/titouan/workspace/kaldi/egs/timit/s5_la2/mfcc/raw_mfcc_train.1.ark:3627707
mmwb0_sx449 /nfs-share/titouan/workspace/kaldi/egs/timit/s5_la2/mfcc/raw_mfcc_train.3.ark:3346116
flkm0_sx80 /nfs-share/titouan/workspace/kaldi/egs/timit/s5_la2/mfcc/raw_mfcc_train.1.ark:2625604
mkls0_sx357 /nfs-share/titouan/workspace/kaldi/egs/timit/s5_la2/mfcc/raw_mfcc_train.3.ark:2225089
mrtj0_sx232 /nfs-share/titouan/workspace/kaldi/egs/timit/s5_la2/mfcc/raw_mfcc_train.4.ark:1566375
mtkp0_sx393 /nfs-share/titouan/workspace/kaldi/egs/timit/s5_la2/mfcc/raw_mfcc_train.4.ark:2840886
mcss0_sx30 /nfs-share/titouan/workspace/kaldi/egs/timit/s5_la2/mfcc/raw_mfcc_train.2.ark:1857138
mdef0_sx303 /nfs-share/titouan/workspace/kaldi/egs/timit/s5_la2/mfcc/raw_mfcc_train.2.ark:2238891
mwdk0_sx176 /nfs-share/titouan/workspace/kaldi/egs/timit/s5_la2/mfcc/raw_mfcc_train.4.ark:3560541
mpgh0_si924 /nfs-share/titouan/workspace/kaldi/egs/timit/s5_la2/mfcc/raw_mfcc_train.3.ark:3609665
mkdb0_sx62 /nfs-share/titouan/workspace/kaldi/egs/timit/s5_la2/mfcc/raw_mfcc_train.3.ark:2008057
feac0_sx435 /nfs-share/titouan/workspace/kaldi/egs/timit/s5_la2/mfcc/raw_mfcc_train.1.ark:1145945
mrld0_sx424 /nfs-share/titouan/workspace/kaldi/egs/timit/s5_la2/mfcc/raw_mfcc_train.4.ark:1079875
mcew0_sx362 /nfs-share/titouan/workspace/kaldi/egs/timit/s5_la2/mfcc/raw_mfcc_train.2.ark:1661199
fjkl0_sx122 /nfs-share/titouan/workspace/kaldi/egs/timit/s5_la2/mfcc/raw_mfcc_train.1.ark:1696249
mhxl0_si512 /nfs-share/titouan/workspace/kaldi/egs/timit/s5_la2/mfcc/raw_mfcc_train.3.ark:485057
ftlg0_sx303 /nfs-share/titouan/workspace/kaldi/egs/timit/s5_la2/mfcc/raw_mfcc_train.2.ark:526339
mdps0_sx359 /nfs-share/titouan/workspace/kaldi/egs/timit/s5_la2/mfcc/raw_mfcc_train.2.ark:2858632
mmdb0_sx447 /nfs-share/titouan/workspace/kaldi/egs/timit/s5_la2/mfcc/raw_mfcc_train.3.ark:2835967
mwrp0_si1525 /nfs-share/titouan/workspace/kaldi/egs/timit/s5_la2/mfcc/raw_mfcc_train.4.ark:3683932
fmbg0_si1160 /nfs-share/titouan/workspace/kaldi/egs/timit/s5_la2/mfcc/raw_mfcc_train.1.ark:2816056
flet0_si1767 /nfs-share/titouan/workspace/kaldi/egs/timit/s5_la2/mfcc/raw_mfcc_train.1.ark:2429055
mbsb0_sx273 /nfs-share/titouan/workspace/kaldi/egs/timit/s5_la2/mfcc/raw_mfcc_train.2.ark:1358564
mjdc0_sx351 /nfs-share/titouan/workspace/kaldi/egs/timit/s5_la2/mfcc/raw_mfcc_train.3.ark:724098
mdcd0_si1415 /nfs-share/titouan/workspace/kaldi/egs/timit/s5_la2/mfcc/raw_mfcc_train.2.ark:2090348
fpmy0_si523 /nfs-share/titouan/workspace/kaldi/egs/timit/s5_la2/mfcc/raw_mfcc_train.1.ark:3436423
mkxl0_sx285 /nfs-share/titouan/workspace/kaldi/egs/timit/s5_la2/mfcc/raw_mfcc_train.3.ark:2356637
fbch0_sx416 /nfs-share/titouan/workspace/kaldi/egs/timit/s5_la2/mfcc/raw_mfcc_train.1.ark:265716
mcal0_si1768 /nfs-share/titouan/workspace/kaldi/egs/timit/s5_la2/mfcc/raw_mfcc_train.2.ark:1483852
mkdd0_si937 /nfs-share/titouan/workspace/kaldi/egs/timit/s5_la2/mfcc/raw_mfcc_train.3.ark:2023225
fnkl0_si1522 /nfs-share/titouan/workspace/kaldi/egs/timit/s5_la2/mfcc/raw_mfcc_train.1.ark:3127498
fjwb1_sx435 /nfs-share/titouan/workspace/kaldi/egs/timit/s5_la2/mfcc/raw_mfcc_train.1.ark:1943111
mtrr0_sx288 /nfs-share/titouan/workspace/kaldi/egs/timit/s5_la2/mfcc/raw_mfcc_train.4.ark:3229028
mljc0_sx145 /nfs-share/titouan/workspace/kaldi/egs/timit/s5_la2/mfcc/raw_mfcc_train.3.ark:2445630
mrxb0_sx325 /nfs-share/titouan/workspace/kaldi/egs/timit/s5_la2/mfcc/raw_mfcc_train.4.ark:1695830
mjai0_si710 /nfs-share/titouan/workspace/kaldi/egs/timit/s5_la2/mfcc/raw_mfcc_train.3.ark:620580
mmam0_sx67 /nfs-share/titouan/workspace/kaldi/egs/timit/s5_la2/mfcc/raw_mfcc_train.3.ark:2699934
fleh0_si1681 /nfs-share/titouan/workspace/kaldi/egs/timit/s5_la2/mfcc/raw_mfcc_train.1.ark:2397992
mdlc2_sx174 /nfs-share/titouan/workspace/kaldi/egs/timit/s5_la2/mfcc/raw_mfcc_train.2.ark:2527757
mtmn0_si1064 /nfs-share/titouan/workspace/kaldi/egs/timit/s5_la2/mfcc/raw_mfcc_train.4.ark:2941179
fjhk0_sx392 /nfs-share/titouan/workspace/kaldi/egs/timit/s5_la2/mfcc/raw_mfcc_train.1.ark:1681932
fdml0_si1779 /nfs-share/titouan/workspace/kaldi/egs/timit/s5_la2/mfcc/raw_mfcc_train.1.ark:952768
mrgs0_si1986 /nfs-share/titouan/workspace/kaldi/egs/timit/s5_la2/mfcc/raw_mfcc_train.4.ark:781063
mctm0_si1980 /nfs-share/titouan/workspace/kaldi/egs/timit/s5_la2/mfcc/raw_mfcc_train.2.ark:1904220
fjsp0_sx84 /nfs-share/titouan/workspace/kaldi/egs/timit/s5_la2/mfcc/raw_mfcc_train.1.ark:1915553
mtat0_sx30 /nfs-share/titouan/workspace/kaldi/egs/timit/s5_la2/mfcc/raw_mfcc_train.4.ark:2425826
mjda0_sx401 /nfs-share/titouan/workspace/kaldi/egs/timit/s5_la2/mfcc/raw_mfcc_train.3.ark:695708
mdcm0_si1480 /nfs-share/titouan/workspace/kaldi/egs/timit/s5_la2/mfcc/raw_mfcc_train.2.ark:2121956
msjk0_sx156 /nfs-share/titouan/workspace/kaldi/egs/timit/s5_la2/mfcc/raw_mfcc_train.4.ark:2082371
mbef0_si1281 /nfs-share/titouan/workspace/kaldi/egs/timit/s5_la2/mfcc/raw_mfcc_train.2.ark:1130413
fapb0_sx73 /nfs-share/titouan/workspace/kaldi/egs/timit/s5_la2/mfcc/raw_mfcc_train.1.ark:167544
mtjg0_sx170 /nfs-share/titouan/workspace/kaldi/egs/timit/s5_la2/mfcc/raw_mfcc_train.4.ark:2651333
mddc0_si1419 /nfs-share/titouan/workspace/kaldi/egs/timit/s5_la2/mfcc/raw_mfcc_train.2.ark:2154344
mbgt0_si1341 /nfs-share/titouan/workspace/kaldi/egs/timit/s5_la2/mfcc/raw_mfcc_train.2.ark:1156821
freh0_si1315 /nfs-share/titouan/workspace/kaldi/egs/timit/s5_la2/mfcc/raw_mfcc_train.1.ark:3464012
mree0_si1734 /nfs-share/titouan/workspace/kaldi/egs/timit/s5_la2/mfcc/raw_mfcc_train.4.ark:543348
mrcw0_si1371 /nfs-share/titouan/workspace/kaldi/egs/timit/s5_la2/mfcc/raw_mfcc_train.4.ark:416777
mrsp0_sx196 /nfs-share/titouan/workspace/kaldi/egs/timit/s5_la2/mfcc/raw_mfcc_train.4.ark:1494865
mgag0_si1321 /nfs-share/titouan/workspace/kaldi/egs/timit/s5_la2/mfcc/raw_mfcc_train.2.ark:3612447
fskl0_si899 /nfs-share/titouan/workspace/kaldi/egs/timit/s5_la2/mfcc/raw_mfcc_train.2.ark:122686
mtbc0_sx93 /nfs-share/titouan/workspace/kaldi/egs/timit/s5_la2/mfcc/raw_mfcc_train.4.ark:2501055
mrwa0_sx163 /nfs-share/titouan/workspace/kaldi/egs/timit/s5_la2/mfcc/raw_mfcc_train.4.ark:1626256
mrfl0_si1786 /nfs-share/titouan/workspace/kaldi/egs/timit/s5_la2/mfcc/raw_mfcc_train.4.ark:705055
fkaa0_si1838 /nfs-share/titouan/workspace/kaldi/egs/timit/s5_la2/mfcc/raw_mfcc_train.1.ark:2021559
fvkb0_sx169 /nfs-share/titouan/workspace/kaldi/egs/timit/s5_la2/mfcc/raw_mfcc_train.2.ark:606980
mtrt0_sx254 /nfs-share/titouan/workspace/kaldi/egs/timit/s5_la2/mfcc/raw_mfcc_train.4.ark:3258433
mwad0_si2322 /nfs-share/titouan/workspace/kaldi/egs/timit/s5_la2/mfcc/raw_mfcc_train.4.ark:3470206
mtlc0_sx217 /nfs-share/titouan/workspace/kaldi/egs/timit/s5_la2/mfcc/raw_mfcc_train.4.ark:2894592
fjlr0_sx331 /nfs-share/titouan/workspace/kaldi/egs/timit/s5_la2/mfcc/raw_mfcc_train.1.ark:1768632
mmws1_sx351 /nfs-share/titouan/workspace/kaldi/egs/timit/s5_la2/mfcc/raw_mfcc_train.3.ark:3403331
mgar0_si1212 /nfs-share/titouan/workspace/kaldi/egs/timit/s5_la2/mfcc/raw_mfcc_train.3.ark:13
fntb0_si1203 /nfs-share/titouan/workspace/kaldi/egs/timit/s5_la2/mfcc/raw_mfcc_train.1.ark:3159366
fmah1_si879 /nfs-share/titouan/workspace/kaldi/egs/timit/s5_la2/mfcc/raw_mfcc_train.1.ark:2791210
mrai0_si792 /nfs-share/titouan/workspace/kaldi/egs/timit/s5_la2/mfcc/raw_mfcc_train.4.ark:258100
mmdb0_sx177 /nfs-share/titouan/workspace/kaldi/egs/timit/s5_la2/mfcc/raw_mfcc_train.3.ark:2825481
mpgr0_sx420 /nfs-share/titouan/workspace/kaldi/egs/timit/s5_la2/mfcc/raw_mfcc_train.3.ark:3647931
mkdt0_sx263 /nfs-share/titouan/workspace/kaldi/egs/timit/s5_la2/mfcc/raw_mfcc_train.3.ark:2062191
mcth0_si1209 /nfs-share/titouan/workspace/kaldi/egs/timit/s5_la2/mfcc/raw_mfcc_train.2.ark:1867079
mvlo0_sx337 /nfs-share/titouan/workspace/kaldi/egs/timit/s5_la2/mfcc/raw_mfcc_train.4.ark:3386257
ftbr0_sx291 /nfs-share/titouan/workspace/kaldi/egs/timit/s5_la2/mfcc/raw_mfcc_train.2.ark:463260
mtpg0_sx33 /nfs-share/titouan/workspace/kaldi/egs/timit/s5_la2/mfcc/raw_mfcc_train.4.ark:3061356
mdss0_sx81 /nfs-share/titouan/workspace/kaldi/egs/timit/s5_la2/mfcc/raw_mfcc_train.2.ark:2963674
mjda0_sx311 /nfs-share/titouan/workspace/kaldi/egs/timit/s5_la2/mfcc/raw_mfcc_train.3.ark:691060
mded0_si540 /nfs-share/titouan/workspace/kaldi/egs/timit/s5_la2/mfcc/raw_mfcc_train.2.ark:2192142
mter0_si1787 /nfs-share/titouan/workspace/kaldi/egs/timit/s5_la2/mfcc/raw_mfcc_train.4.ark:2613914
mrmb0_sx231 /nfs-share/titouan/workspace/kaldi/egs/timit/s5_la2/mfcc/raw_mfcc_train.4.ark:1223511
mljh0_si1324 /nfs-share/titouan/workspace/kaldi/egs/timit/s5_la2/mfcc/raw_mfcc_train.3.ark:2464398
mjls0_sx16 /nfs-share/titouan/workspace/kaldi/egs/timit/s5_la2/mfcc/raw_mfcc_train.3.ark:1250632
mgar0_sx312 /nfs-share/titouan/workspace/kaldi/egs/timit/s5_la2/mfcc/raw_mfcc_train.3.ark:19771
fdas1_si2091 /nfs-share/titouan/workspace/kaldi/egs/timit/s5_la2/mfcc/raw_mfcc_train.1.ark:790422
mjac0_sx341 /nfs-share/titouan/workspace/kaldi/egs/timit/s5_la2/mfcc/raw_mfcc_train.3.ark:564639
fajw0_si1893 /nfs-share/titouan/workspace/kaldi/egs/timit/s5_la2/mfcc/raw_mfcc_train.1.ark:39403
freh0_sx415 /nfs-share/titouan/workspace/kaldi/egs/timit/s5_la2/mfcc/raw_mfcc_train.1.ark:3486415
fjxp0_si492 /nfs-share/titouan/workspace/kaldi/egs/timit/s5_la2/mfcc/raw_mfcc_train.1.ark:1996692
mjwt0_sx31 /nfs-share/titouan/workspace/kaldi/egs/timit/s5_la2/mfcc/raw_mfcc_train.3.ark:1779086
fcrz0_si1913 /nfs-share/titouan/workspace/kaldi/egs/timit/s5_la2/mfcc/raw_mfcc_train.1.ark:719541
mjai0_sx254 /nfs-share/titouan/workspace/kaldi/egs/timit/s5_la2/mfcc/raw_mfcc_train.3.ark:630942
