fcjf0_sx217 /nfs-share/xinchi/kaldi/egs/timit/s5_la3/mfcc/raw_mfcc_train.1.ark:552047
mprb0_sx395 /nfs-share/xinchi/kaldi/egs/timit/s5_la3/mfcc/raw_mfcc_train.4.ark:49762
mpgr1_si1269 /nfs-share/xinchi/kaldi/egs/timit/s5_la3/mfcc/raw_mfcc_train.3.ark:3657006
majp0_sx444 /nfs-share/xinchi/kaldi/egs/timit/s5_la3/mfcc/raw_mfcc_train.2.ark:870865
mrdm0_si1044 /nfs-share/xinchi/kaldi/egs/timit/s5_la3/mfcc/raw_mfcc_train.4.ark:476640
mcss0_sx390 /nfs-share/xinchi/kaldi/egs/timit/s5_la3/mfcc/raw_mfcc_train.2.ark:1863067
mbbr0_sx155 /nfs-share/xinchi/kaldi/egs/timit/s5_la3/mfcc/raw_mfcc_train.2.ark:1081676
mwem0_si1320 /nfs-share/xinchi/kaldi/egs/timit/s5_la3/mfcc/raw_mfcc_train.4.ark:3579855
fpad0_sx176 /nfs-share/xinchi/kaldi/egs/timit/s5_la3/mfcc/raw_mfcc_train.1.ark:3276454
msat1_sx173 /nfs-share/xinchi/kaldi/egs/timit/s5_la3/mfcc/raw_mfcc_train.4.ark:1807443
madc0_si1367 /nfs-share/xinchi/kaldi/egs/timit/s5_la3/mfcc/raw_mfcc_train.2.ark:687547
mgar0_sx312 /nfs-share/xinchi/kaldi/egs/timit/s5_la3/mfcc/raw_mfcc_train.3.ark:19771
mclk0_si1660 /nfs-share/xinchi/kaldi/egs/timit/s5_la3/mfcc/raw_mfcc_train.2.ark:1709898
mljc0_si595 /nfs-share/xinchi/kaldi/egs/timit/s5_la3/mfcc/raw_mfcc_train.3.ark:2441866
mtrt0_si597 /nfs-share/xinchi/kaldi/egs/timit/s5_la3/mfcc/raw_mfcc_train.4.ark:3249104
mcpm0_sx294 /nfs-share/xinchi/kaldi/egs/timit/s5_la3/mfcc/raw_mfcc_train.2.ark:1796062
fcmm0_sx363 /nfs-share/xinchi/kaldi/egs/timit/s5_la3/mfcc/raw_mfcc_train.1.ark:707183
fkde0_sx421 /nfs-share/xinchi/kaldi/egs/timit/s5_la3/mfcc/raw_mfcc_train.1.ark:2080555
milb0_si807 /nfs-share/xinchi/kaldi/egs/timit/s5_la3/mfcc/raw_mfcc_train.3.ark:517925
mdwh0_sx125 /nfs-share/xinchi/kaldi/egs/timit/s5_la3/mfcc/raw_mfcc_train.2.ark:3069579
mgag0_sx421 /nfs-share/xinchi/kaldi/egs/timit/s5_la3/mfcc/raw_mfcc_train.2.ark:3635187
mtpg0_sx213 /nfs-share/xinchi/kaldi/egs/timit/s5_la3/mfcc/raw_mfcc_train.4.ark:3054726
mmgk0_si1322 /nfs-share/xinchi/kaldi/egs/timit/s5_la3/mfcc/raw_mfcc_train.3.ark:3087753
mdmt0_sx32 /nfs-share/xinchi/kaldi/egs/timit/s5_la3/mfcc/raw_mfcc_train.2.ark:2738303
mded0_si1170 /nfs-share/xinchi/kaldi/egs/timit/s5_la3/mfcc/raw_mfcc_train.2.ark:2183638
mrre0_sx164 /nfs-share/xinchi/kaldi/egs/timit/s5_la3/mfcc/raw_mfcc_train.4.ark:1415872
msjk0_si966 /nfs-share/xinchi/kaldi/egs/timit/s5_la3/mfcc/raw_mfcc_train.4.ark:2078646
fjwb1_si795 /nfs-share/xinchi/kaldi/egs/timit/s5_la3/mfcc/raw_mfcc_train.1.ark:1929030
mcss0_sx30 /nfs-share/xinchi/kaldi/egs/timit/s5_la3/mfcc/raw_mfcc_train.2.ark:1857138
mdlc0_sx45 /nfs-share/xinchi/kaldi/egs/timit/s5_la3/mfcc/raw_mfcc_train.2.ark:2482702
mtdb0_si2031 /nfs-share/xinchi/kaldi/egs/timit/s5_la3/mfcc/raw_mfcc_train.4.ark:2542026
flac0_si1339 /nfs-share/xinchi/kaldi/egs/timit/s5_la3/mfcc/raw_mfcc_train.1.ark:2324979
fmmh0_sx420 /nfs-share/xinchi/kaldi/egs/timit/s5_la3/mfcc/raw_mfcc_train.1.ark:3074213
mlbc0_si1239 /nfs-share/xinchi/kaldi/egs/timit/s5_la3/mfcc/raw_mfcc_train.3.ark:2363789
fbjl0_sx112 /nfs-share/xinchi/kaldi/egs/timit/s5_la3/mfcc/raw_mfcc_train.1.ark:288190
mhxl0_si1772 /nfs-share/xinchi/kaldi/egs/timit/s5_la3/mfcc/raw_mfcc_train.3.ark:481241
fdas1_sx111 /nfs-share/xinchi/kaldi/egs/timit/s5_la3/mfcc/raw_mfcc_train.1.ark:800069
mjws0_sx153 /nfs-share/xinchi/kaldi/egs/timit/s5_la3/mfcc/raw_mfcc_train.3.ark:1725514
fjxp0_sx402 /nfs-share/xinchi/kaldi/egs/timit/s5_la3/mfcc/raw_mfcc_train.1.ark:2010526
mafm0_si2199 /nfs-share/xinchi/kaldi/egs/timit/s5_la3/mfcc/raw_mfcc_train.2.ark:818915
fmjb0_si547 /nfs-share/xinchi/kaldi/egs/timit/s5_la3/mfcc/raw_mfcc_train.1.ark:2895862
mjrp0_sx135 /nfs-share/xinchi/kaldi/egs/timit/s5_la3/mfcc/raw_mfcc_train.3.ark:1618575
freh0_sx325 /nfs-share/xinchi/kaldi/egs/timit/s5_la3/mfcc/raw_mfcc_train.1.ark:3483795
flod0_sx387 /nfs-share/xinchi/kaldi/egs/timit/s5_la3/mfcc/raw_mfcc_train.1.ark:2747527
mmeb0_si1987 /nfs-share/xinchi/kaldi/egs/timit/s5_la3/mfcc/raw_mfcc_train.3.ark:3001127
mcss0_sx300 /nfs-share/xinchi/kaldi/egs/timit/s5_la3/mfcc/raw_mfcc_train.2.ark:1859875
mmpm0_sx161 /nfs-share/xinchi/kaldi/egs/timit/s5_la3/mfcc/raw_mfcc_train.3.ark:3184875
mwem0_sx330 /nfs-share/xinchi/kaldi/egs/timit/s5_la3/mfcc/raw_mfcc_train.4.ark:3598495
fscn0_si705 /nfs-share/xinchi/kaldi/egs/timit/s5_la3/mfcc/raw_mfcc_train.1.ark:3703041
mjxa0_si877 /nfs-share/xinchi/kaldi/egs/timit/s5_la3/mfcc/raw_mfcc_train.3.ark:1794092
ftbw0_sx265 /nfs-share/xinchi/kaldi/egs/timit/s5_la3/mfcc/raw_mfcc_train.2.ark:488277
mdac0_sx271 /nfs-share/xinchi/kaldi/egs/timit/s5_la3/mfcc/raw_mfcc_train.2.ark:1980990
mhxl0_sx422 /nfs-share/xinchi/kaldi/egs/timit/s5_la3/mfcc/raw_mfcc_train.3.ark:505567
mbar0_sx419 /nfs-share/xinchi/kaldi/egs/timit/s5_la3/mfcc/raw_mfcc_train.2.ark:1063218
fpjf0_sx236 /nfs-share/xinchi/kaldi/egs/timit/s5_la3/mfcc/raw_mfcc_train.1.ark:3380984
fhxs0_si2335 /nfs-share/xinchi/kaldi/egs/timit/s5_la3/mfcc/raw_mfcc_train.1.ark:1556820
mmsm0_si476 /nfs-share/xinchi/kaldi/egs/timit/s5_la3/mfcc/raw_mfcc_train.3.ark:3250943
mljh0_sx334 /nfs-share/xinchi/kaldi/egs/timit/s5_la3/mfcc/raw_mfcc_train.3.ark:2493658
mkjo0_sx437 /nfs-share/xinchi/kaldi/egs/timit/s5_la3/mfcc/raw_mfcc_train.3.ark:2134417
msms0_si803 /nfs-share/xinchi/kaldi/egs/timit/s5_la3/mfcc/raw_mfcc_train.4.ark:2177941
fceg0_si618 /nfs-share/xinchi/kaldi/egs/timit/s5_la3/mfcc/raw_mfcc_train.1.ark:516395
madd0_sx178 /nfs-share/xinchi/kaldi/egs/timit/s5_la3/mfcc/raw_mfcc_train.2.ark:733373
mpsw0_sx24 /nfs-share/xinchi/kaldi/egs/timit/s5_la3/mfcc/raw_mfcc_train.4.ark:171818
mdtb0_sx321 /nfs-share/xinchi/kaldi/egs/timit/s5_la3/mfcc/raw_mfcc_train.2.ark:3015717
fpab1_sx211 /nfs-share/xinchi/kaldi/egs/timit/s5_la3/mfcc/raw_mfcc_train.1.ark:3211971
mwsb0_si1626 /nfs-share/xinchi/kaldi/egs/timit/s5_la3/mfcc/raw_mfcc_train.4.ark:3710084
mgaw0_sx445 /nfs-share/xinchi/kaldi/egs/timit/s5_la3/mfcc/raw_mfcc_train.3.ark:57392
mrgs0_sx186 /nfs-share/xinchi/kaldi/egs/timit/s5_la3/mfcc/raw_mfcc_train.4.ark:788942
mcdc0_sx122 /nfs-share/xinchi/kaldi/egs/timit/s5_la3/mfcc/raw_mfcc_train.2.ark:1520466
mwad0_sx162 /nfs-share/xinchi/kaldi/egs/timit/s5_la3/mfcc/raw_mfcc_train.4.ark:3473346
mrhl0_si2145 /nfs-share/xinchi/kaldi/egs/timit/s5_la3/mfcc/raw_mfcc_train.4.ark:812617
mesg0_si1962 /nfs-share/xinchi/kaldi/egs/timit/s5_la3/mfcc/raw_mfcc_train.2.ark:3313118
ftaj0_si1329 /nfs-share/xinchi/kaldi/egs/timit/s5_la3/mfcc/raw_mfcc_train.2.ark:412774
mkdb0_sx62 /nfs-share/xinchi/kaldi/egs/timit/s5_la3/mfcc/raw_mfcc_train.3.ark:2008057
mvlo0_si1777 /nfs-share/xinchi/kaldi/egs/timit/s5_la3/mfcc/raw_mfcc_train.4.ark:3369459
fdaw0_sx56 /nfs-share/xinchi/kaldi/egs/timit/s5_la3/mfcc/raw_mfcc_train.1.ark:848072
fdaw0_sx146 /nfs-share/xinchi/kaldi/egs/timit/s5_la3/mfcc/raw_mfcc_train.1.ark:833823
mrfk0_sx176 /nfs-share/xinchi/kaldi/egs/timit/s5_la3/mfcc/raw_mfcc_train.4.ark:680949
mdem0_sx158 /nfs-share/xinchi/kaldi/egs/timit/s5_la3/mfcc/raw_mfcc_train.2.ark:2264361
mbom0_sx294 /nfs-share/xinchi/kaldi/egs/timit/s5_la3/mfcc/raw_mfcc_train.2.ark:1333189
msvs0_sx128 /nfs-share/xinchi/kaldi/egs/timit/s5_la3/mfcc/raw_mfcc_train.4.ark:2315532
mrdm0_sx245 /nfs-share/xinchi/kaldi/egs/timit/s5_la3/mfcc/raw_mfcc_train.4.ark:493738
mpmb0_si1501 /nfs-share/xinchi/kaldi/egs/timit/s5_la3/mfcc/raw_mfcc_train.3.ark:3688563
mpar0_sx136 /nfs-share/xinchi/kaldi/egs/timit/s5_la3/mfcc/raw_mfcc_train.3.ark:3518242
mmsm0_sx206 /nfs-share/xinchi/kaldi/egs/timit/s5_la3/mfcc/raw_mfcc_train.3.ark:3259823
mcdr0_si1784 /nfs-share/xinchi/kaldi/egs/timit/s5_la3/mfcc/raw_mfcc_train.2.ark:1574724
msrr0_sx411 /nfs-share/xinchi/kaldi/egs/timit/s5_la3/mfcc/raw_mfcc_train.4.ark:2255861
mmcc0_si708 /nfs-share/xinchi/kaldi/egs/timit/s5_la3/mfcc/raw_mfcc_train.3.ark:2789797
fcag0_sx153 /nfs-share/xinchi/kaldi/egs/timit/s5_la3/mfcc/raw_mfcc_train.1.ark:418679
msfv0_si632 /nfs-share/xinchi/kaldi/egs/timit/s5_la3/mfcc/raw_mfcc_train.4.ark:2041253
mdac0_sx451 /nfs-share/xinchi/kaldi/egs/timit/s5_la3/mfcc/raw_mfcc_train.2.ark:1987725
mwac0_sx431 /nfs-share/xinchi/kaldi/egs/timit/s5_la3/mfcc/raw_mfcc_train.4.ark:3455252
mreh1_sx159 /nfs-share/xinchi/kaldi/egs/timit/s5_la3/mfcc/raw_mfcc_train.4.ark:586190
fdxw0_sx161 /nfs-share/xinchi/kaldi/egs/timit/s5_la3/mfcc/raw_mfcc_train.1.ark:1102330
mmxs0_sx246 /nfs-share/xinchi/kaldi/egs/timit/s5_la3/mfcc/raw_mfcc_train.3.ark:3428496
mmeb0_sx367 /nfs-share/xinchi/kaldi/egs/timit/s5_la3/mfcc/raw_mfcc_train.3.ark:3015221
fpmy0_si1153 /nfs-share/xinchi/kaldi/egs/timit/s5_la3/mfcc/raw_mfcc_train.1.ark:3426853
flet0_sx237 /nfs-share/xinchi/kaldi/egs/timit/s5_la3/mfcc/raw_mfcc_train.1.ark:2443194
mjde0_si490 /nfs-share/xinchi/kaldi/egs/timit/s5_la3/mfcc/raw_mfcc_train.3.ark:745024
mjrh0_sx225 /nfs-share/xinchi/kaldi/egs/timit/s5_la3/mfcc/raw_mfcc_train.3.ark:1531142
fjsp0_si804 /nfs-share/xinchi/kaldi/egs/timit/s5_la3/mfcc/raw_mfcc_train.1.ark:1895707
mafm0_sx219 /nfs-share/xinchi/kaldi/egs/timit/s5_la3/mfcc/raw_mfcc_train.2.ark:829440
flhd0_si1827 /nfs-share/xinchi/kaldi/egs/timit/s5_la3/mfcc/raw_mfcc_train.1.ark:2459506
fssb0_sx272 /nfs-share/xinchi/kaldi/egs/timit/s5_la3/mfcc/raw_mfcc_train.2.ark:393909
mtkp0_sx33 /nfs-share/xinchi/kaldi/egs/timit/s5_la3/mfcc/raw_mfcc_train.4.ark:2837473
mrhl0_sx255 /nfs-share/xinchi/kaldi/egs/timit/s5_la3/mfcc/raw_mfcc_train.4.ark:826431
fsjk1_si2285 /nfs-share/xinchi/kaldi/egs/timit/s5_la3/mfcc/raw_mfcc_train.1.ark:3872554
mprt0_sx130 /nfs-share/xinchi/kaldi/egs/timit/s5_la3/mfcc/raw_mfcc_train.4.ark:140944
msdb0_si1637 /nfs-share/xinchi/kaldi/egs/timit/s5_la3/mfcc/raw_mfcc_train.4.ark:1832134
mrms0_si2100 /nfs-share/xinchi/kaldi/egs/timit/s5_la3/mfcc/raw_mfcc_train.4.ark:1351804
fklc1_si1048 /nfs-share/xinchi/kaldi/egs/timit/s5_la3/mfcc/raw_mfcc_train.1.ark:2228061
feme0_si1505 /nfs-share/xinchi/kaldi/egs/timit/s5_la3/mfcc/raw_mfcc_train.1.ark:1259191
mfxv0_si1005 /nfs-share/xinchi/kaldi/egs/timit/s5_la3/mfcc/raw_mfcc_train.2.ark:3552935
mrjm0_si1095 /nfs-share/xinchi/kaldi/egs/timit/s5_la3/mfcc/raw_mfcc_train.4.ark:917313
mded0_sx450 /nfs-share/xinchi/kaldi/egs/timit/s5_la3/mfcc/raw_mfcc_train.2.ark:2210149
mdss0_si1881 /nfs-share/xinchi/kaldi/egs/timit/s5_la3/mfcc/raw_mfcc_train.2.ark:2940563
mded0_sx90 /nfs-share/xinchi/kaldi/egs/timit/s5_la3/mfcc/raw_mfcc_train.2.ark:2214822
mdas0_sx186 /nfs-share/xinchi/kaldi/egs/timit/s5_la3/mfcc/raw_mfcc_train.2.ark:2010147
mmab1_si864 /nfs-share/xinchi/kaldi/egs/timit/s5_la3/mfcc/raw_mfcc_train.3.ark:2610267
mdcd0_sx335 /nfs-share/xinchi/kaldi/egs/timit/s5_la3/mfcc/raw_mfcc_train.2.ark:2110599
mddc0_sx249 /nfs-share/xinchi/kaldi/egs/timit/s5_la3/mfcc/raw_mfcc_train.2.ark:2170363
mmvp0_si1284 /nfs-share/xinchi/kaldi/egs/timit/s5_la3/mfcc/raw_mfcc_train.3.ark:3275386
fsjw0_sx163 /nfs-share/xinchi/kaldi/egs/timit/s5_la3/mfcc/raw_mfcc_train.2.ark:63494
mjls0_si466 /nfs-share/xinchi/kaldi/egs/timit/s5_la3/mfcc/raw_mfcc_train.3.ark:1243859
mrwa0_sx433 /nfs-share/xinchi/kaldi/egs/timit/s5_la3/mfcc/raw_mfcc_train.4.ark:1637652
fspm0_si611 /nfs-share/xinchi/kaldi/egs/timit/s5_la3/mfcc/raw_mfcc_train.2.ark:321188
mdpk0_sx153 /nfs-share/xinchi/kaldi/egs/timit/s5_la3/mfcc/raw_mfcc_train.2.ark:2821797
frjb0_si1470 /nfs-share/xinchi/kaldi/egs/timit/s5_la3/mfcc/raw_mfcc_train.1.ark:3496603
fsag0_sx243 /nfs-share/xinchi/kaldi/egs/timit/s5_la3/mfcc/raw_mfcc_train.1.ark:3571384
mtab0_sx312 /nfs-share/xinchi/kaldi/egs/timit/s5_la3/mfcc/raw_mfcc_train.4.ark:2363612
fskl0_si899 /nfs-share/xinchi/kaldi/egs/timit/s5_la3/mfcc/raw_mfcc_train.2.ark:122686
mstf0_si766 /nfs-share/xinchi/kaldi/egs/timit/s5_la3/mfcc/raw_mfcc_train.4.ark:2268427
mjlb0_si986 /nfs-share/xinchi/kaldi/egs/timit/s5_la3/mfcc/raw_mfcc_train.3.ark:1180824
mdjm0_sx15 /nfs-share/xinchi/kaldi/egs/timit/s5_la3/mfcc/raw_mfcc_train.2.ark:2366536
mdpk0_sx423 /nfs-share/xinchi/kaldi/egs/timit/s5_la3/mfcc/raw_mfcc_train.2.ark:2833986
fdkn0_sx361 /nfs-share/xinchi/kaldi/egs/timit/s5_la3/mfcc/raw_mfcc_train.1.ark:933785
mrlj1_sx141 /nfs-share/xinchi/kaldi/egs/timit/s5_la3/mfcc/raw_mfcc_train.4.ark:1127081
mgrp0_sx147 /nfs-share/xinchi/kaldi/egs/timit/s5_la3/mfcc/raw_mfcc_train.3.ark:171324
fcmg0_sx252 /nfs-share/xinchi/kaldi/egs/timit/s5_la3/mfcc/raw_mfcc_train.1.ark:672019
mrjm1_si1928 /nfs-share/xinchi/kaldi/egs/timit/s5_la3/mfcc/raw_mfcc_train.4.ark:956041
mmar0_si1966 /nfs-share/xinchi/kaldi/egs/timit/s5_la3/mfcc/raw_mfcc_train.3.ark:2708894
fpaf0_sx334 /nfs-share/xinchi/kaldi/egs/timit/s5_la3/mfcc/raw_mfcc_train.1.ark:3319712
msds0_sx267 /nfs-share/xinchi/kaldi/egs/timit/s5_la3/mfcc/raw_mfcc_train.4.ark:1903225
medr0_si1374 /nfs-share/xinchi/kaldi/egs/timit/s5_la3/mfcc/raw_mfcc_train.2.ark:3150004
fgmb0_sx155 /nfs-share/xinchi/kaldi/egs/timit/s5_la3/mfcc/raw_mfcc_train.1.ark:1447037
mjjm0_si1251 /nfs-share/xinchi/kaldi/egs/timit/s5_la3/mfcc/raw_mfcc_train.3.ark:1106088
mtmt0_sx308 /nfs-share/xinchi/kaldi/egs/timit/s5_la3/mfcc/raw_mfcc_train.4.ark:2996431
fdas1_sx291 /nfs-share/xinchi/kaldi/egs/timit/s5_la3/mfcc/raw_mfcc_train.1.ark:810710
mbar0_si1319 /nfs-share/xinchi/kaldi/egs/timit/s5_la3/mfcc/raw_mfcc_train.2.ark:1038033
fbas0_si1387 /nfs-share/xinchi/kaldi/egs/timit/s5_la3/mfcc/raw_mfcc_train.1.ark:172245
mvjh0_si1556 /nfs-share/xinchi/kaldi/egs/timit/s5_la3/mfcc/raw_mfcc_train.4.ark:3334775
mgag0_si691 /nfs-share/xinchi/kaldi/egs/timit/s5_la3/mfcc/raw_mfcc_train.2.ark:3620014
msjk0_si2226 /nfs-share/xinchi/kaldi/egs/timit/s5_la3/mfcc/raw_mfcc_train.4.ark:2075740
mmbs0_si521 /nfs-share/xinchi/kaldi/egs/timit/s5_la3/mfcc/raw_mfcc_train.3.ark:2750441
mgaf0_sx112 /nfs-share/xinchi/kaldi/egs/timit/s5_la3/mfcc/raw_mfcc_train.2.ark:3597124
mhmr0_si489 /nfs-share/xinchi/kaldi/egs/timit/s5_la3/mfcc/raw_mfcc_train.3.ark:426295
fgcs0_si1486 /nfs-share/xinchi/kaldi/egs/timit/s5_la3/mfcc/raw_mfcc_train.1.ark:1364520
mtdp0_si1521 /nfs-share/xinchi/kaldi/egs/timit/s5_la3/mfcc/raw_mfcc_train.4.ark:2571411
mrwa0_si1603 /nfs-share/xinchi/kaldi/egs/timit/s5_la3/mfcc/raw_mfcc_train.4.ark:1614521
mjpm1_sx401 /nfs-share/xinchi/kaldi/egs/timit/s5_la3/mfcc/raw_mfcc_train.3.ark:1439113
mtrr0_sx18 /nfs-share/xinchi/kaldi/egs/timit/s5_la3/mfcc/raw_mfcc_train.4.ark:3221851
fapb0_sx253 /nfs-share/xinchi/kaldi/egs/timit/s5_la3/mfcc/raw_mfcc_train.1.ark:152587
meal0_si917 /nfs-share/xinchi/kaldi/egs/timit/s5_la3/mfcc/raw_mfcc_train.2.ark:3130474
mcdc0_sx212 /nfs-share/xinchi/kaldi/egs/timit/s5_la3/mfcc/raw_mfcc_train.2.ark:1524828
mrws0_si472 /nfs-share/xinchi/kaldi/egs/timit/s5_la3/mfcc/raw_mfcc_train.4.ark:1653671
mtkd0_sx377 /nfs-share/xinchi/kaldi/egs/timit/s5_la3/mfcc/raw_mfcc_train.4.ark:2805924
mkes0_sx83 /nfs-share/xinchi/kaldi/egs/timit/s5_la3/mfcc/raw_mfcc_train.3.ark:2109523
fcrz0_sx253 /nfs-share/xinchi/kaldi/egs/timit/s5_la3/mfcc/raw_mfcc_train.1.ark:735573
madd0_sx358 /nfs-share/xinchi/kaldi/egs/timit/s5_la3/mfcc/raw_mfcc_train.2.ark:742656
mstf0_sx136 /nfs-share/xinchi/kaldi/egs/timit/s5_la3/mfcc/raw_mfcc_train.4.ark:2277502
fspm0_sx431 /nfs-share/xinchi/kaldi/egs/timit/s5_la3/mfcc/raw_mfcc_train.2.ark:339416
mwar0_sx235 /nfs-share/xinchi/kaldi/egs/timit/s5_la3/mfcc/raw_mfcc_train.4.ark:3505885
mjde0_sx220 /nfs-share/xinchi/kaldi/egs/timit/s5_la3/mfcc/raw_mfcc_train.3.ark:756218
mwac0_si971 /nfs-share/xinchi/kaldi/egs/timit/s5_la3/mfcc/raw_mfcc_train.4.ark:3435308
fsdj0_si485 /nfs-share/xinchi/kaldi/egs/timit/s5_la3/mfcc/raw_mfcc_train.1.ark:3773070
mjae0_sx264 /nfs-share/xinchi/kaldi/egs/timit/s5_la3/mfcc/raw_mfcc_train.3.ark:592367
mrmb0_sx141 /nfs-share/xinchi/kaldi/egs/timit/s5_la3/mfcc/raw_mfcc_train.4.ark:1219071
fklc1_sx238 /nfs-share/xinchi/kaldi/egs/timit/s5_la3/mfcc/raw_mfcc_train.1.ark:2242911
msmc0_sx197 /nfs-share/xinchi/kaldi/egs/timit/s5_la3/mfcc/raw_mfcc_train.4.ark:2125041
mrlj0_sx70 /nfs-share/xinchi/kaldi/egs/timit/s5_la3/mfcc/raw_mfcc_train.4.ark:1114115
msfh0_si1738 /nfs-share/xinchi/kaldi/egs/timit/s5_la3/mfcc/raw_mfcc_train.4.ark:1997600
fvmh0_sx116 /nfs-share/xinchi/kaldi/egs/timit/s5_la3/mfcc/raw_mfcc_train.2.ark:644867
mtdp0_sx261 /nfs-share/xinchi/kaldi/egs/timit/s5_la3/mfcc/raw_mfcc_train.4.ark:2589022
fcmm0_sx183 /nfs-share/xinchi/kaldi/egs/timit/s5_la3/mfcc/raw_mfcc_train.1.ark:701033
fgdp0_sx88 /nfs-share/xinchi/kaldi/egs/timit/s5_la3/mfcc/raw_mfcc_train.1.ark:1426376
mrlj0_sx340 /nfs-share/xinchi/kaldi/egs/timit/s5_la3/mfcc/raw_mfcc_train.4.ark:1106263
mdps0_si719 /nfs-share/xinchi/kaldi/egs/timit/s5_la3/mfcc/raw_mfcc_train.2.ark:2848211
mjdm0_sx170 /nfs-share/xinchi/kaldi/egs/timit/s5_la3/mfcc/raw_mfcc_train.3.ark:819311
fbch0_sx56 /nfs-share/xinchi/kaldi/egs/timit/s5_la3/mfcc/raw_mfcc_train.1.ark:270792
mdwh0_sx215 /nfs-share/xinchi/kaldi/egs/timit/s5_la3/mfcc/raw_mfcc_train.2.ark:3073213
marw0_sx349 /nfs-share/xinchi/kaldi/egs/timit/s5_la3/mfcc/raw_mfcc_train.2.ark:1027319
flmc0_sx336 /nfs-share/xinchi/kaldi/egs/timit/s5_la3/mfcc/raw_mfcc_train.1.ark:2680493
mrjh0_sx79 /nfs-share/xinchi/kaldi/egs/timit/s5_la3/mfcc/raw_mfcc_train.4.ark:912430
mbwp0_sx79 /nfs-share/xinchi/kaldi/egs/timit/s5_la3/mfcc/raw_mfcc_train.2.ark:1432236
mrvg0_si1770 /nfs-share/xinchi/kaldi/egs/timit/s5_la3/mfcc/raw_mfcc_train.4.ark:1589538
fceg0_sx78 /nfs-share/xinchi/kaldi/egs/timit/s5_la3/mfcc/raw_mfcc_train.1.ark:534512
mfrm0_sx345 /nfs-share/xinchi/kaldi/egs/timit/s5_la3/mfcc/raw_mfcc_train.2.ark:3478959
fjxm0_si581 /nfs-share/xinchi/kaldi/egs/timit/s5_la3/mfcc/raw_mfcc_train.1.ark:1957336
fbas0_si1472 /nfs-share/xinchi/kaldi/egs/timit/s5_la3/mfcc/raw_mfcc_train.1.ark:177011
mmag0_sx316 /nfs-share/xinchi/kaldi/egs/timit/s5_la3/mfcc/raw_mfcc_train.3.ark:2663346
mclm0_sx106 /nfs-share/xinchi/kaldi/egs/timit/s5_la3/mfcc/raw_mfcc_train.2.ark:1756205
msds0_si1707 /nfs-share/xinchi/kaldi/egs/timit/s5_la3/mfcc/raw_mfcc_train.4.ark:1890866
mlel0_si1876 /nfs-share/xinchi/kaldi/egs/timit/s5_la3/mfcc/raw_mfcc_train.3.ark:2399461
mjae0_sx354 /nfs-share/xinchi/kaldi/egs/timit/s5_la3/mfcc/raw_mfcc_train.3.ark:596209
fmjb0_si1177 /nfs-share/xinchi/kaldi/egs/timit/s5_la3/mfcc/raw_mfcc_train.1.ark:2884823
mbth0_si505 /nfs-share/xinchi/kaldi/egs/timit/s5_la3/mfcc/raw_mfcc_train.2.ark:1375068
mwem0_si1393 /nfs-share/xinchi/kaldi/egs/timit/s5_la3/mfcc/raw_mfcc_train.4.ark:3584114
fpmy0_sx253 /nfs-share/xinchi/kaldi/egs/timit/s5_la3/mfcc/raw_mfcc_train.1.ark:3451485
mrlj1_sx231 /nfs-share/xinchi/kaldi/egs/timit/s5_la3/mfcc/raw_mfcc_train.4.ark:1131131
mdcd0_sx65 /nfs-share/xinchi/kaldi/egs/timit/s5_la3/mfcc/raw_mfcc_train.2.ark:2119166
mreh1_si969 /nfs-share/xinchi/kaldi/egs/timit/s5_la3/mfcc/raw_mfcc_train.4.ark:579202
mdns0_sx291 /nfs-share/xinchi/kaldi/egs/timit/s5_la3/mfcc/raw_mfcc_train.2.ark:2771601
mdks0_sx346 /nfs-share/xinchi/kaldi/egs/timit/s5_la3/mfcc/raw_mfcc_train.2.ark:2399687
mfer0_sx322 /nfs-share/xinchi/kaldi/egs/timit/s5_la3/mfcc/raw_mfcc_train.2.ark:3415690
mree0_sx384 /nfs-share/xinchi/kaldi/egs/timit/s5_la3/mfcc/raw_mfcc_train.4.ark:567011
mkxl0_si1815 /nfs-share/xinchi/kaldi/egs/timit/s5_la3/mfcc/raw_mfcc_train.3.ark:2335919
mstf0_sx226 /nfs-share/xinchi/kaldi/egs/timit/s5_la3/mfcc/raw_mfcc_train.4.ark:2282293
mhmr0_sx399 /nfs-share/xinchi/kaldi/egs/timit/s5_la3/mfcc/raw_mfcc_train.3.ark:447220
mjrh0_si1840 /nfs-share/xinchi/kaldi/egs/timit/s5_la3/mfcc/raw_mfcc_train.3.ark:1520429
mses0_si2219 /nfs-share/xinchi/kaldi/egs/timit/s5_la3/mfcc/raw_mfcc_train.4.ark:1972018
fcjf0_si1657 /nfs-share/xinchi/kaldi/egs/timit/s5_la3/mfcc/raw_mfcc_train.1.ark:541314
fbjl0_sx382 /nfs-share/xinchi/kaldi/egs/timit/s5_la3/mfcc/raw_mfcc_train.1.ark:303245
mdwh0_si1168 /nfs-share/xinchi/kaldi/egs/timit/s5_la3/mfcc/raw_mfcc_train.2.ark:3053502
fskp0_sx288 /nfs-share/xinchi/kaldi/egs/timit/s5_la3/mfcc/raw_mfcc_train.2.ark:168504
fbas0_sx127 /nfs-share/xinchi/kaldi/egs/timit/s5_la3/mfcc/raw_mfcc_train.1.ark:191014
fcke0_si481 /nfs-share/xinchi/kaldi/egs/timit/s5_la3/mfcc/raw_mfcc_train.1.ark:600572
fjsp0_sx264 /nfs-share/xinchi/kaldi/egs/timit/s5_la3/mfcc/raw_mfcc_train.1.ark:1904145
mrws0_si1732 /nfs-share/xinchi/kaldi/egs/timit/s5_la3/mfcc/raw_mfcc_train.4.ark:1651324
mdlm0_sx424 /nfs-share/xinchi/kaldi/egs/timit/s5_la3/mfcc/raw_mfcc_train.2.ark:2602355
mrkm0_si637 /nfs-share/xinchi/kaldi/egs/timit/s5_la3/mfcc/raw_mfcc_train.4.ark:1030184
fear0_sx262 /nfs-share/xinchi/kaldi/egs/timit/s5_la3/mfcc/raw_mfcc_train.1.ark:1169102
mjpg0_sx381 /nfs-share/xinchi/kaldi/egs/timit/s5_la3/mfcc/raw_mfcc_train.3.ark:1379088
msjk0_sx336 /nfs-share/xinchi/kaldi/egs/timit/s5_la3/mfcc/raw_mfcc_train.4.ark:2090484
fdjh0_si2195 /nfs-share/xinchi/kaldi/egs/timit/s5_la3/mfcc/raw_mfcc_train.1.ark:883298
mejl0_sx332 /nfs-share/xinchi/kaldi/egs/timit/s5_la3/mfcc/raw_mfcc_train.2.ark:3265946
fdfb0_sx328 /nfs-share/xinchi/kaldi/egs/timit/s5_la3/mfcc/raw_mfcc_train.1.ark:868280
mmar0_sx76 /nfs-share/xinchi/kaldi/egs/timit/s5_la3/mfcc/raw_mfcc_train.3.ark:2739758
mlel0_sx166 /nfs-share/xinchi/kaldi/egs/timit/s5_la3/mfcc/raw_mfcc_train.3.ark:2408822
mrms0_sx300 /nfs-share/xinchi/kaldi/egs/timit/s5_la3/mfcc/raw_mfcc_train.4.ark:1364051
fcjf0_sx307 /nfs-share/xinchi/kaldi/egs/timit/s5_la3/mfcc/raw_mfcc_train.1.ark:554407
mtrc0_sx273 /nfs-share/xinchi/kaldi/egs/timit/s5_la3/mfcc/raw_mfcc_train.4.ark:3197336
mklw0_sx221 /nfs-share/xinchi/kaldi/egs/timit/s5_la3/mfcc/raw_mfcc_train.3.ark:2283177
mpfu0_si1888 /nfs-share/xinchi/kaldi/egs/timit/s5_la3/mfcc/raw_mfcc_train.3.ark:3571720
marc0_sx18 /nfs-share/xinchi/kaldi/egs/timit/s5_la3/mfcc/raw_mfcc_train.2.ark:990614
mdwd0_si1260 /nfs-share/xinchi/kaldi/egs/timit/s5_la3/mfcc/raw_mfcc_train.2.ark:3023519
fkfb0_sx258 /nfs-share/xinchi/kaldi/egs/timit/s5_la3/mfcc/raw_mfcc_train.1.ark:2138115
mter0_sx77 /nfs-share/xinchi/kaldi/egs/timit/s5_la3/mfcc/raw_mfcc_train.4.ark:2638017
mjdm0_sx80 /nfs-share/xinchi/kaldi/egs/timit/s5_la3/mfcc/raw_mfcc_train.3.ark:840814
mtat1_si1627 /nfs-share/xinchi/kaldi/egs/timit/s5_la3/mfcc/raw_mfcc_train.4.ark:2438895
fcke0_sx391 /nfs-share/xinchi/kaldi/egs/timit/s5_la3/mfcc/raw_mfcc_train.1.ark:619508
fbmh0_si1766 /nfs-share/xinchi/kaldi/egs/timit/s5_la3/mfcc/raw_mfcc_train.1.ark:348442
mjbg0_sx422 /nfs-share/xinchi/kaldi/egs/timit/s5_la3/mfcc/raw_mfcc_train.3.ark:666920
mdef0_sx393 /nfs-share/xinchi/kaldi/egs/timit/s5_la3/mfcc/raw_mfcc_train.2.ark:2245287
mbsb0_sx3 /nfs-share/xinchi/kaldi/egs/timit/s5_la3/mfcc/raw_mfcc_train.2.ark:1360987
fetb0_sx68 /nfs-share/xinchi/kaldi/egs/timit/s5_la3/mfcc/raw_mfcc_train.1.ark:1322919
mrlk0_sx33 /nfs-share/xinchi/kaldi/egs/timit/s5_la3/mfcc/raw_mfcc_train.4.ark:1169941
msrg0_si591 /nfs-share/xinchi/kaldi/egs/timit/s5_la3/mfcc/raw_mfcc_train.4.ark:2208548
fdnc0_sx18 /nfs-share/xinchi/kaldi/egs/timit/s5_la3/mfcc/raw_mfcc_train.1.ark:1039873
mrav0_sx288 /nfs-share/xinchi/kaldi/egs/timit/s5_la3/mfcc/raw_mfcc_train.4.ark:338557
fkfb0_sx78 /nfs-share/xinchi/kaldi/egs/timit/s5_la3/mfcc/raw_mfcc_train.1.ark:2156023
mdem0_si800 /nfs-share/xinchi/kaldi/egs/timit/s5_la3/mfcc/raw_mfcc_train.2.ark:2257438
mrmb0_si2211 /nfs-share/xinchi/kaldi/egs/timit/s5_la3/mfcc/raw_mfcc_train.4.ark:1210581
mjrp0_sx225 /nfs-share/xinchi/kaldi/egs/timit/s5_la3/mfcc/raw_mfcc_train.3.ark:1623106
faem0_si2022 /nfs-share/xinchi/kaldi/egs/timit/s5_la3/mfcc/raw_mfcc_train.1.ark:6313
mgjc0_sx255 /nfs-share/xinchi/kaldi/egs/timit/s5_la3/mfcc/raw_mfcc_train.3.ark:108011
mdps0_sx359 /nfs-share/xinchi/kaldi/egs/timit/s5_la3/mfcc/raw_mfcc_train.2.ark:2858632
mjjm0_sx17 /nfs-share/xinchi/kaldi/egs/timit/s5_la3/mfcc/raw_mfcc_train.3.ark:1124615
mklw0_si1844 /nfs-share/xinchi/kaldi/egs/timit/s5_la3/mfcc/raw_mfcc_train.3.ark:2275030
mbbr0_si2315 /nfs-share/xinchi/kaldi/egs/timit/s5_la3/mfcc/raw_mfcc_train.2.ark:1079056
mbgt0_sx441 /nfs-share/xinchi/kaldi/egs/timit/s5_la3/mfcc/raw_mfcc_train.2.ark:1184177
fntb0_si573 /nfs-share/xinchi/kaldi/egs/timit/s5_la3/mfcc/raw_mfcc_train.1.ark:3162636
mbma0_sx412 /nfs-share/xinchi/kaldi/egs/timit/s5_la3/mfcc/raw_mfcc_train.2.ark:1244273
fmkf0_sx6 /nfs-share/xinchi/kaldi/egs/timit/s5_la3/mfcc/raw_mfcc_train.1.ark:3045823
fjrp1_si802 /nfs-share/xinchi/kaldi/egs/timit/s5_la3/mfcc/raw_mfcc_train.1.ark:1824755
mmdg0_sx160 /nfs-share/xinchi/kaldi/egs/timit/s5_la3/mfcc/raw_mfcc_train.3.ark:2854853
msrg0_sx321 /nfs-share/xinchi/kaldi/egs/timit/s5_la3/mfcc/raw_mfcc_train.4.ark:2219775
fbch0_sx326 /nfs-share/xinchi/kaldi/egs/timit/s5_la3/mfcc/raw_mfcc_train.1.ark:261393
fclt0_sx448 /nfs-share/xinchi/kaldi/egs/timit/s5_la3/mfcc/raw_mfcc_train.1.ark:645715
mcdr0_sx254 /nfs-share/xinchi/kaldi/egs/timit/s5_la3/mfcc/raw_mfcc_train.2.ark:1592581
mkah0_sx448 /nfs-share/xinchi/kaldi/egs/timit/s5_la3/mfcc/raw_mfcc_train.3.ark:1908599
mtlb0_si1134 /nfs-share/xinchi/kaldi/egs/timit/s5_la3/mfcc/raw_mfcc_train.4.ark:2844157
fmbg0_si1790 /nfs-share/xinchi/kaldi/egs/timit/s5_la3/mfcc/raw_mfcc_train.1.ark:2823032
mrcg0_sx78 /nfs-share/xinchi/kaldi/egs/timit/s5_la3/mfcc/raw_mfcc_train.4.ark:412154
mlel0_sx256 /nfs-share/xinchi/kaldi/egs/timit/s5_la3/mfcc/raw_mfcc_train.3.ark:2414484
mmgk0_sx242 /nfs-share/xinchi/kaldi/egs/timit/s5_la3/mfcc/raw_mfcc_train.3.ark:3099495
ftlg0_sx123 /nfs-share/xinchi/kaldi/egs/timit/s5_la3/mfcc/raw_mfcc_train.2.ark:518070
mrtc0_si828 /nfs-share/xinchi/kaldi/egs/timit/s5_la3/mfcc/raw_mfcc_train.4.ark:1520791
mtjm0_sx416 /nfs-share/xinchi/kaldi/egs/timit/s5_la3/mfcc/raw_mfcc_train.4.ark:2698705
mgar0_si1694 /nfs-share/xinchi/kaldi/egs/timit/s5_la3/mfcc/raw_mfcc_train.3.ark:4961
fpls0_sx240 /nfs-share/xinchi/kaldi/egs/timit/s5_la3/mfcc/raw_mfcc_train.1.ark:3412462
fcaj0_si1804 /nfs-share/xinchi/kaldi/egs/timit/s5_la3/mfcc/raw_mfcc_train.1.ark:441914
mrms0_si1113 /nfs-share/xinchi/kaldi/egs/timit/s5_la3/mfcc/raw_mfcc_train.4.ark:1340933
mmds0_si1973 /nfs-share/xinchi/kaldi/egs/timit/s5_la3/mfcc/raw_mfcc_train.3.ark:2946998
mchl0_sx267 /nfs-share/xinchi/kaldi/egs/timit/s5_la3/mfcc/raw_mfcc_train.2.ark:1694478
madc0_sx377 /nfs-share/xinchi/kaldi/egs/timit/s5_la3/mfcc/raw_mfcc_train.2.ark:718107
mbef0_sx21 /nfs-share/xinchi/kaldi/egs/timit/s5_la3/mfcc/raw_mfcc_train.2.ark:1149090
mjrg0_si1366 /nfs-share/xinchi/kaldi/egs/timit/s5_la3/mfcc/raw_mfcc_train.3.ark:1480160
flja0_si2338 /nfs-share/xinchi/kaldi/egs/timit/s5_la3/mfcc/raw_mfcc_train.1.ark:2496245
mjae0_si2154 /nfs-share/xinchi/kaldi/egs/timit/s5_la3/mfcc/raw_mfcc_train.3.ark:584215
mtkd0_sx107 /nfs-share/xinchi/kaldi/egs/timit/s5_la3/mfcc/raw_mfcc_train.4.ark:2789907
mmvp0_si1914 /nfs-share/xinchi/kaldi/egs/timit/s5_la3/mfcc/raw_mfcc_train.3.ark:3279255
msmr0_sx325 /nfs-share/xinchi/kaldi/egs/timit/s5_la3/mfcc/raw_mfcc_train.4.ark:2158769
mpgr1_sx59 /nfs-share/xinchi/kaldi/egs/timit/s5_la3/mfcc/raw_mfcc_train.3.ark:3686033
mrlj1_sx51 /nfs-share/xinchi/kaldi/egs/timit/s5_la3/mfcc/raw_mfcc_train.4.ark:1140927
mchl0_si1347 /nfs-share/xinchi/kaldi/egs/timit/s5_la3/mfcc/raw_mfcc_train.2.ark:1677197
mdcd0_si1415 /nfs-share/xinchi/kaldi/egs/timit/s5_la3/mfcc/raw_mfcc_train.2.ark:2090348
fnkl0_sx196 /nfs-share/xinchi/kaldi/egs/timit/s5_la3/mfcc/raw_mfcc_train.1.ark:3144908
mtjg0_sx440 /nfs-share/xinchi/kaldi/egs/timit/s5_la3/mfcc/raw_mfcc_train.4.ark:2666109
mnet0_sx366 /nfs-share/xinchi/kaldi/egs/timit/s5_la3/mfcc/raw_mfcc_train.3.ark:3461996
mjdm0_sx440 /nfs-share/xinchi/kaldi/egs/timit/s5_la3/mfcc/raw_mfcc_train.3.ark:835673
fkde0_sx241 /nfs-share/xinchi/kaldi/egs/timit/s5_la3/mfcc/raw_mfcc_train.1.ark:2072247
frjb0_sx77 /nfs-share/xinchi/kaldi/egs/timit/s5_la3/mfcc/raw_mfcc_train.1.ark:3518784
fjrb0_sx312 /nfs-share/xinchi/kaldi/egs/timit/s5_la3/mfcc/raw_mfcc_train.1.ark:1798888
mjlb0_sx86 /nfs-share/xinchi/kaldi/egs/timit/s5_la3/mfcc/raw_mfcc_train.3.ark:1199032
falr0_sx425 /nfs-share/xinchi/kaldi/egs/timit/s5_la3/mfcc/raw_mfcc_train.1.ark:125958
falr0_sx335 /nfs-share/xinchi/kaldi/egs/timit/s5_la3/mfcc/raw_mfcc_train.1.ark:120595
fmem0_sx387 /nfs-share/xinchi/kaldi/egs/timit/s5_la3/mfcc/raw_mfcc_train.1.ark:2879771
mvjh0_sx386 /nfs-share/xinchi/kaldi/egs/timit/s5_la3/mfcc/raw_mfcc_train.4.ark:3362371
fkfb0_sx438 /nfs-share/xinchi/kaldi/egs/timit/s5_la3/mfcc/raw_mfcc_train.1.ark:2147619
mrjh0_si1519 /nfs-share/xinchi/kaldi/egs/timit/s5_la3/mfcc/raw_mfcc_train.4.ark:878595
mrab0_sx414 /nfs-share/xinchi/kaldi/egs/timit/s5_la3/mfcc/raw_mfcc_train.4.ark:208614
fecd0_si1418 /nfs-share/xinchi/kaldi/egs/timit/s5_la3/mfcc/raw_mfcc_train.1.ark:1187447
mmws1_sx441 /nfs-share/xinchi/kaldi/egs/timit/s5_la3/mfcc/raw_mfcc_train.3.ark:3407485
mkdt0_sx173 /nfs-share/xinchi/kaldi/egs/timit/s5_la3/mfcc/raw_mfcc_train.3.ark:2057101
mrkm0_si1391 /nfs-share/xinchi/kaldi/egs/timit/s5_la3/mfcc/raw_mfcc_train.4.ark:1023456
mcal0_sx148 /nfs-share/xinchi/kaldi/egs/timit/s5_la3/mfcc/raw_mfcc_train.2.ark:1488455
mkxl0_sx195 /nfs-share/xinchi/kaldi/egs/timit/s5_la3/mfcc/raw_mfcc_train.3.ark:2353926
mwar0_sx145 /nfs-share/xinchi/kaldi/egs/timit/s5_la3/mfcc/raw_mfcc_train.4.ark:3502199
mjdm0_sx350 /nfs-share/xinchi/kaldi/egs/timit/s5_la3/mfcc/raw_mfcc_train.3.ark:830076
fklc0_sx265 /nfs-share/xinchi/kaldi/egs/timit/s5_la3/mfcc/raw_mfcc_train.1.ark:2212719
fhxs0_sx175 /nfs-share/xinchi/kaldi/egs/timit/s5_la3/mfcc/raw_mfcc_train.1.ark:1560363
mvrw0_sx405 /nfs-share/xinchi/kaldi/egs/timit/s5_la3/mfcc/raw_mfcc_train.4.ark:3418652
mgxp0_sx367 /nfs-share/xinchi/kaldi/egs/timit/s5_la3/mfcc/raw_mfcc_train.3.ark:287283
mcew0_sx92 /nfs-share/xinchi/kaldi/egs/timit/s5_la3/mfcc/raw_mfcc_train.2.ark:1672678
fklc1_sx418 /nfs-share/xinchi/kaldi/egs/timit/s5_la3/mfcc/raw_mfcc_train.1.ark:2250959
mchl0_sx87 /nfs-share/xinchi/kaldi/egs/timit/s5_la3/mfcc/raw_mfcc_train.2.ark:1706692
mjdg0_sx412 /nfs-share/xinchi/kaldi/egs/timit/s5_la3/mfcc/raw_mfcc_train.3.ark:800919
mtab0_si1572 /nfs-share/xinchi/kaldi/egs/timit/s5_la3/mfcc/raw_mfcc_train.4.ark:2339071
fceg0_sx438 /nfs-share/xinchi/kaldi/egs/timit/s5_la3/mfcc/raw_mfcc_train.1.ark:529852
mdlh0_si1960 /nfs-share/xinchi/kaldi/egs/timit/s5_la3/mfcc/raw_mfcc_train.2.ark:2546564
mjeb1_sx297 /nfs-share/xinchi/kaldi/egs/timit/s5_la3/mfcc/raw_mfcc_train.3.ark:902476
fcdr1_sx286 /nfs-share/xinchi/kaldi/egs/timit/s5_la3/mfcc/raw_mfcc_train.1.ark:499777
mewm0_sx448 /nfs-share/xinchi/kaldi/egs/timit/s5_la3/mfcc/raw_mfcc_train.2.ark:3390810
mpsw0_si1697 /nfs-share/xinchi/kaldi/egs/timit/s5_la3/mfcc/raw_mfcc_train.4.ark:161813
mjlg1_si1642 /nfs-share/xinchi/kaldi/egs/timit/s5_la3/mfcc/raw_mfcc_train.3.ark:1205704
mjmm0_si1885 /nfs-share/xinchi/kaldi/egs/timit/s5_la3/mfcc/raw_mfcc_train.3.ark:1329798
fpls0_sx150 /nfs-share/xinchi/kaldi/egs/timit/s5_la3/mfcc/raw_mfcc_train.1.ark:3409660
mmar0_sx436 /nfs-share/xinchi/kaldi/egs/timit/s5_la3/mfcc/raw_mfcc_train.3.ark:2736268
mlns0_si2037 /nfs-share/xinchi/kaldi/egs/timit/s5_la3/mfcc/raw_mfcc_train.3.ark:2509716
mjeb1_sx27 /nfs-share/xinchi/kaldi/egs/timit/s5_la3/mfcc/raw_mfcc_train.3.ark:899531
ftaj0_sx159 /nfs-share/xinchi/kaldi/egs/timit/s5_la3/mfcc/raw_mfcc_train.2.ark:422753
mhrm0_si1475 /nfs-share/xinchi/kaldi/egs/timit/s5_la3/mfcc/raw_mfcc_train.3.ark:450452
mewm0_sx88 /nfs-share/xinchi/kaldi/egs/timit/s5_la3/mfcc/raw_mfcc_train.2.ark:3393585
fjkl0_sx32 /nfs-share/xinchi/kaldi/egs/timit/s5_la3/mfcc/raw_mfcc_train.1.ark:1708996
fcrz0_sx163 /nfs-share/xinchi/kaldi/egs/timit/s5_la3/mfcc/raw_mfcc_train.1.ark:731874
mrfk0_sx446 /nfs-share/xinchi/kaldi/egs/timit/s5_la3/mfcc/raw_mfcc_train.4.ark:692449
fbcg1_sx262 /nfs-share/xinchi/kaldi/egs/timit/s5_la3/mfcc/raw_mfcc_train.1.ark:221576
fapb0_sx433 /nfs-share/xinchi/kaldi/egs/timit/s5_la3/mfcc/raw_mfcc_train.1.ark:161818
mdlr1_sx309 /nfs-share/xinchi/kaldi/egs/timit/s5_la3/mfcc/raw_mfcc_train.2.ark:2665720
fsah0_sx344 /nfs-share/xinchi/kaldi/egs/timit/s5_la3/mfcc/raw_mfcc_train.1.ark:3617819
ftbw0_si1975 /nfs-share/xinchi/kaldi/egs/timit/s5_la3/mfcc/raw_mfcc_train.2.ark:472968
mbsb0_sx273 /nfs-share/xinchi/kaldi/egs/timit/s5_la3/mfcc/raw_mfcc_train.2.ark:1358564
mmjb1_si2038 /nfs-share/xinchi/kaldi/egs/timit/s5_la3/mfcc/raw_mfcc_train.3.ark:3116847
msmc0_sx377 /nfs-share/xinchi/kaldi/egs/timit/s5_la3/mfcc/raw_mfcc_train.4.ark:2132803
fspm0_si1871 /nfs-share/xinchi/kaldi/egs/timit/s5_la3/mfcc/raw_mfcc_train.2.ark:317853
mkls0_sx87 /nfs-share/xinchi/kaldi/egs/timit/s5_la3/mfcc/raw_mfcc_train.3.ark:2233604
mrew1_sx420 /nfs-share/xinchi/kaldi/egs/timit/s5_la3/mfcc/raw_mfcc_train.4.ark:661165
mtat0_sx210 /nfs-share/xinchi/kaldi/egs/timit/s5_la3/mfcc/raw_mfcc_train.4.ark:2422895
mfrm0_sx165 /nfs-share/xinchi/kaldi/egs/timit/s5_la3/mfcc/raw_mfcc_train.2.ark:3471756
freh0_sx235 /nfs-share/xinchi/kaldi/egs/timit/s5_la3/mfcc/raw_mfcc_train.1.ark:3480603
mjfh0_si1737 /nfs-share/xinchi/kaldi/egs/timit/s5_la3/mfcc/raw_mfcc_train.3.ark:946054
mcre0_sx41 /nfs-share/xinchi/kaldi/egs/timit/s5_la3/mfcc/raw_mfcc_train.2.ark:1828769
fltm0_sx260 /nfs-share/xinchi/kaldi/egs/timit/s5_la3/mfcc/raw_mfcc_train.1.ark:2766025
mpmb0_sx151 /nfs-share/xinchi/kaldi/egs/timit/s5_la3/mfcc/raw_mfcc_train.3.ark:3713233
mrgm0_sx416 /nfs-share/xinchi/kaldi/egs/timit/s5_la3/mfcc/raw_mfcc_train.4.ark:760234
fpab1_si1471 /nfs-share/xinchi/kaldi/egs/timit/s5_la3/mfcc/raw_mfcc_train.1.ark:3189894
fjen0_si1047 /nfs-share/xinchi/kaldi/egs/timit/s5_la3/mfcc/raw_mfcc_train.1.ark:1616135
mmaa0_si2105 /nfs-share/xinchi/kaldi/egs/timit/s5_la3/mfcc/raw_mfcc_train.3.ark:2576455
mmdm0_sx51 /nfs-share/xinchi/kaldi/egs/timit/s5_la3/mfcc/raw_mfcc_train.3.ark:2905052
fdxw0_sx71 /nfs-share/xinchi/kaldi/egs/timit/s5_la3/mfcc/raw_mfcc_train.1.ark:1118061
mpgh0_sx204 /nfs-share/xinchi/kaldi/egs/timit/s5_la3/mfcc/raw_mfcc_train.3.ark:3616010
fmju0_sx399 /nfs-share/xinchi/kaldi/egs/timit/s5_la3/mfcc/raw_mfcc_train.1.ark:2982679
mlsh0_sx337 /nfs-share/xinchi/kaldi/egs/timit/s5_la3/mfcc/raw_mfcc_train.3.ark:2558473
mses0_sx419 /nfs-share/xinchi/kaldi/egs/timit/s5_la3/mfcc/raw_mfcc_train.4.ark:1987503
mdbp0_si528 /nfs-share/xinchi/kaldi/egs/timit/s5_la3/mfcc/raw_mfcc_train.2.ark:2062486
mdlh0_si574 /nfs-share/xinchi/kaldi/egs/timit/s5_la3/mfcc/raw_mfcc_train.2.ark:2551381
msfh0_sx406 /nfs-share/xinchi/kaldi/egs/timit/s5_la3/mfcc/raw_mfcc_train.4.ark:2023232
flja0_sx448 /nfs-share/xinchi/kaldi/egs/timit/s5_la3/mfcc/raw_mfcc_train.1.ark:2512913
fskp0_sx198 /nfs-share/xinchi/kaldi/egs/timit/s5_la3/mfcc/raw_mfcc_train.2.ark:165351
mmgc0_si2184 /nfs-share/xinchi/kaldi/egs/timit/s5_la3/mfcc/raw_mfcc_train.3.ark:3035575
mjjj0_sx353 /nfs-share/xinchi/kaldi/egs/timit/s5_la3/mfcc/raw_mfcc_train.3.ark:1094757
ftaj0_sx69 /nfs-share/xinchi/kaldi/egs/timit/s5_la3/mfcc/raw_mfcc_train.2.ark:434935
mdbp0_sx348 /nfs-share/xinchi/kaldi/egs/timit/s5_la3/mfcc/raw_mfcc_train.2.ark:2076534
mkam0_sx416 /nfs-share/xinchi/kaldi/egs/timit/s5_la3/mfcc/raw_mfcc_train.3.ark:1971894
mmpm0_sx71 /nfs-share/xinchi/kaldi/egs/timit/s5_la3/mfcc/raw_mfcc_train.3.ark:3203518
mtmt0_sx128 /nfs-share/xinchi/kaldi/egs/timit/s5_la3/mfcc/raw_mfcc_train.4.ark:2989371
mmgg0_si2339 /nfs-share/xinchi/kaldi/egs/timit/s5_la3/mfcc/raw_mfcc_train.3.ark:3064350
msrr0_sx141 /nfs-share/xinchi/kaldi/egs/timit/s5_la3/mfcc/raw_mfcc_train.4.ark:2246403
fcyl0_si1297 /nfs-share/xinchi/kaldi/egs/timit/s5_la3/mfcc/raw_mfcc_train.1.ark:750083
fklh0_sx447 /nfs-share/xinchi/kaldi/egs/timit/s5_la3/mfcc/raw_mfcc_train.1.ark:2285570
fsms1_si874 /nfs-share/xinchi/kaldi/egs/timit/s5_la3/mfcc/raw_mfcc_train.2.ark:286057
mkls1_sx105 /nfs-share/xinchi/kaldi/egs/timit/s5_la3/mfcc/raw_mfcc_train.3.ark:2250469
mrms0_sx390 /nfs-share/xinchi/kaldi/egs/timit/s5_la3/mfcc/raw_mfcc_train.4.ark:1366892
mbom0_sx384 /nfs-share/xinchi/kaldi/egs/timit/s5_la3/mfcc/raw_mfcc_train.2.ark:1341575
fblv0_sx158 /nfs-share/xinchi/kaldi/egs/timit/s5_la3/mfcc/raw_mfcc_train.1.ark:323517
fmjf0_sx354 /nfs-share/xinchi/kaldi/egs/timit/s5_la3/mfcc/raw_mfcc_train.1.ark:2938877
mjma0_si1495 /nfs-share/xinchi/kaldi/egs/timit/s5_la3/mfcc/raw_mfcc_train.3.ark:1265559
mtkp0_sx213 /nfs-share/xinchi/kaldi/egs/timit/s5_la3/mfcc/raw_mfcc_train.4.ark:2830739
fsgf0_sx117 /nfs-share/xinchi/kaldi/egs/timit/s5_la3/mfcc/raw_mfcc_train.1.ark:3808273
mfrm0_sx75 /nfs-share/xinchi/kaldi/egs/timit/s5_la3/mfcc/raw_mfcc_train.2.ark:3487227
mrem0_sx331 /nfs-share/xinchi/kaldi/egs/timit/s5_la3/mfcc/raw_mfcc_train.4.ark:627678
mwre0_sx157 /nfs-share/xinchi/kaldi/egs/timit/s5_la3/mfcc/raw_mfcc_train.4.ark:3656966
mrxb0_sx325 /nfs-share/xinchi/kaldi/egs/timit/s5_la3/mfcc/raw_mfcc_train.4.ark:1695830
mges0_sx401 /nfs-share/xinchi/kaldi/egs/timit/s5_la3/mfcc/raw_mfcc_train.3.ark:83176
mrwa0_si2233 /nfs-share/xinchi/kaldi/egs/timit/s5_la3/mfcc/raw_mfcc_train.4.ark:1617753
mjlb0_sx266 /nfs-share/xinchi/kaldi/egs/timit/s5_la3/mfcc/raw_mfcc_train.3.ark:1188846
mjrh0_sx45 /nfs-share/xinchi/kaldi/egs/timit/s5_la3/mfcc/raw_mfcc_train.3.ark:1541510
fmbg0_si1160 /nfs-share/xinchi/kaldi/egs/timit/s5_la3/mfcc/raw_mfcc_train.1.ark:2816056
mjxa0_si2137 /nfs-share/xinchi/kaldi/egs/timit/s5_la3/mfcc/raw_mfcc_train.3.ark:1790601
msrr0_sx51 /nfs-share/xinchi/kaldi/egs/timit/s5_la3/mfcc/raw_mfcc_train.4.ark:2260079
mcpm0_sx24 /nfs-share/xinchi/kaldi/egs/timit/s5_la3/mfcc/raw_mfcc_train.2.ark:1793143
fmju0_sx129 /nfs-share/xinchi/kaldi/egs/timit/s5_la3/mfcc/raw_mfcc_train.1.ark:2965752
msrr0_si1761 /nfs-share/xinchi/kaldi/egs/timit/s5_la3/mfcc/raw_mfcc_train.4.ark:2234975
mfmc0_sx52 /nfs-share/xinchi/kaldi/egs/timit/s5_la3/mfcc/raw_mfcc_train.2.ark:3455085
mkaj0_si784 /nfs-share/xinchi/kaldi/egs/timit/s5_la3/mfcc/raw_mfcc_train.3.ark:1925034
fnkl0_si1522 /nfs-share/xinchi/kaldi/egs/timit/s5_la3/mfcc/raw_mfcc_train.1.ark:3127498
mpmb0_sx61 /nfs-share/xinchi/kaldi/egs/timit/s5_la3/mfcc/raw_mfcc_train.3.ark:3736985
mjai0_sx254 /nfs-share/xinchi/kaldi/egs/timit/s5_la3/mfcc/raw_mfcc_train.3.ark:630942
mmsm0_sx26 /nfs-share/xinchi/kaldi/egs/timit/s5_la3/mfcc/raw_mfcc_train.3.ark:3264119
mmrp0_sx324 /nfs-share/xinchi/kaldi/egs/timit/s5_la3/mfcc/raw_mfcc_train.3.ark:3225908
mgaf0_sx202 /nfs-share/xinchi/kaldi/egs/timit/s5_la3/mfcc/raw_mfcc_train.2.ark:3600368
mdlc1_sx355 /nfs-share/xinchi/kaldi/egs/timit/s5_la3/mfcc/raw_mfcc_train.2.ark:2509371
mctm0_sx180 /nfs-share/xinchi/kaldi/egs/timit/s5_la3/mfcc/raw_mfcc_train.2.ark:1912671
mjmm0_sx85 /nfs-share/xinchi/kaldi/egs/timit/s5_la3/mfcc/raw_mfcc_train.3.ark:1351120
fhxs0_sx445 /nfs-share/xinchi/kaldi/egs/timit/s5_la3/mfcc/raw_mfcc_train.1.ark:1574255
mrgm0_sx262 /nfs-share/xinchi/kaldi/egs/timit/s5_la3/mfcc/raw_mfcc_train.4.ark:756262
mrem0_si1591 /nfs-share/xinchi/kaldi/egs/timit/s5_la3/mfcc/raw_mfcc_train.4.ark:607506
ftmg0_sx182 /nfs-share/xinchi/kaldi/egs/timit/s5_la3/mfcc/raw_mfcc_train.2.ark:548573
fbcg1_si1612 /nfs-share/xinchi/kaldi/egs/timit/s5_la3/mfcc/raw_mfcc_train.1.ark:207117
fgrw0_sx342 /nfs-share/xinchi/kaldi/egs/timit/s5_la3/mfcc/raw_mfcc_train.1.ark:1494377
mjfr0_sx435 /nfs-share/xinchi/kaldi/egs/timit/s5_la3/mfcc/raw_mfcc_train.3.ark:994545
falk0_si456 /nfs-share/xinchi/kaldi/egs/timit/s5_la3/mfcc/raw_mfcc_train.1.ark:72191
mdlm0_si1234 /nfs-share/xinchi/kaldi/egs/timit/s5_la3/mfcc/raw_mfcc_train.2.ark:2580446
mcre0_sx401 /nfs-share/xinchi/kaldi/egs/timit/s5_la3/mfcc/raw_mfcc_train.2.ark:1824720
mbma0_sx232 /nfs-share/xinchi/kaldi/egs/timit/s5_la3/mfcc/raw_mfcc_train.2.ark:1236329
mrjt0_sx58 /nfs-share/xinchi/kaldi/egs/timit/s5_la3/mfcc/raw_mfcc_train.4.ark:1012026
faem0_si1392 /nfs-share/xinchi/kaldi/egs/timit/s5_la3/mfcc/raw_mfcc_train.1.ark:13
fpaz0_sx243 /nfs-share/xinchi/kaldi/egs/timit/s5_la3/mfcc/raw_mfcc_train.1.ark:3350052
flac0_sx451 /nfs-share/xinchi/kaldi/egs/timit/s5_la3/mfcc/raw_mfcc_train.1.ark:2347031
mrtj0_sx232 /nfs-share/xinchi/kaldi/egs/timit/s5_la3/mfcc/raw_mfcc_train.4.ark:1566375
mclm0_si2086 /nfs-share/xinchi/kaldi/egs/timit/s5_la3/mfcc/raw_mfcc_train.2.ark:1747728
mdks0_si1066 /nfs-share/xinchi/kaldi/egs/timit/s5_la3/mfcc/raw_mfcc_train.2.ark:2380293
fsgf0_sx387 /nfs-share/xinchi/kaldi/egs/timit/s5_la3/mfcc/raw_mfcc_train.1.ark:3820572
mrdd0_sx240 /nfs-share/xinchi/kaldi/egs/timit/s5_la3/mfcc/raw_mfcc_train.4.ark:461207
mdbb1_sx196 /nfs-share/xinchi/kaldi/egs/timit/s5_la3/mfcc/raw_mfcc_train.2.ark:2044145
mtjs0_sx112 /nfs-share/xinchi/kaldi/egs/timit/s5_la3/mfcc/raw_mfcc_train.4.ark:2723181
mkln0_si2228 /nfs-share/xinchi/kaldi/egs/timit/s5_la3/mfcc/raw_mfcc_train.3.ark:2146750
mprd0_sx261 /nfs-share/xinchi/kaldi/egs/timit/s5_la3/mfcc/raw_mfcc_train.4.ark:74928
mrmb0_si951 /nfs-share/xinchi/kaldi/egs/timit/s5_la3/mfcc/raw_mfcc_train.4.ark:1214280
mmgg0_sx449 /nfs-share/xinchi/kaldi/egs/timit/s5_la3/mfcc/raw_mfcc_train.3.ark:3078899
mrab1_si2108 /nfs-share/xinchi/kaldi/egs/timit/s5_la3/mfcc/raw_mfcc_train.4.ark:221038
mrml0_sx341 /nfs-share/xinchi/kaldi/egs/timit/s5_la3/mfcc/raw_mfcc_train.4.ark:1327223
mgak0_sx226 /nfs-share/xinchi/kaldi/egs/timit/s5_la3/mfcc/raw_mfcc_train.2.ark:3661387
mjjm0_sx287 /nfs-share/xinchi/kaldi/egs/timit/s5_la3/mfcc/raw_mfcc_train.3.ark:1130934
mter0_si1787 /nfs-share/xinchi/kaldi/egs/timit/s5_la3/mfcc/raw_mfcc_train.4.ark:2613914
mtdb0_sx231 /nfs-share/xinchi/kaldi/egs/timit/s5_la3/mfcc/raw_mfcc_train.4.ark:2554995
fleh0_si1051 /nfs-share/xinchi/kaldi/egs/timit/s5_la3/mfcc/raw_mfcc_train.1.ark:2392303
msrr0_si501 /nfs-share/xinchi/kaldi/egs/timit/s5_la3/mfcc/raw_mfcc_train.4.ark:2240520
mjee0_sx427 /nfs-share/xinchi/kaldi/egs/timit/s5_la3/mfcc/raw_mfcc_train.3.ark:933864
mtju0_si2269 /nfs-share/xinchi/kaldi/egs/timit/s5_la3/mfcc/raw_mfcc_train.4.ark:2749406
mmlm0_sx267 /nfs-share/xinchi/kaldi/egs/timit/s5_la3/mfcc/raw_mfcc_train.3.ark:3159916
mtjs0_sx202 /nfs-share/xinchi/kaldi/egs/timit/s5_la3/mfcc/raw_mfcc_train.4.ark:2727647
mjxl0_si1795 /nfs-share/xinchi/kaldi/egs/timit/s5_la3/mfcc/raw_mfcc_train.3.ark:1822352
fsbk0_sx79 /nfs-share/xinchi/kaldi/egs/timit/s5_la3/mfcc/raw_mfcc_train.1.ark:3690097
fjdm2_si1582 /nfs-share/xinchi/kaldi/egs/timit/s5_la3/mfcc/raw_mfcc_train.1.ark:1581172
mjai0_sx164 /nfs-share/xinchi/kaldi/egs/timit/s5_la3/mfcc/raw_mfcc_train.3.ark:626554
mfmc0_sx232 /nfs-share/xinchi/kaldi/egs/timit/s5_la3/mfcc/raw_mfcc_train.2.ark:3442689
mcre0_sx221 /nfs-share/xinchi/kaldi/egs/timit/s5_la3/mfcc/raw_mfcc_train.2.ark:1817232
mjdm0_sx260 /nfs-share/xinchi/kaldi/egs/timit/s5_la3/mfcc/raw_mfcc_train.3.ark:826039
mzmb0_sx446 /nfs-share/xinchi/kaldi/egs/timit/s5_la3/mfcc/raw_mfcc_train.4.ark:3802331
mgar0_sx42 /nfs-share/xinchi/kaldi/egs/timit/s5_la3/mfcc/raw_mfcc_train.3.ark:29222
makr0_sx452 /nfs-share/xinchi/kaldi/egs/timit/s5_la3/mfcc/raw_mfcc_train.2.ark:936396
flet0_sx277 /nfs-share/xinchi/kaldi/egs/timit/s5_la3/mfcc/raw_mfcc_train.1.ark:2445411
mjrp0_si585 /nfs-share/xinchi/kaldi/egs/timit/s5_la3/mfcc/raw_mfcc_train.3.ark:1614629
mrjb1_sx300 /nfs-share/xinchi/kaldi/egs/timit/s5_la3/mfcc/raw_mfcc_train.4.ark:870325
mhxl0_si612 /nfs-share/xinchi/kaldi/egs/timit/s5_la3/mfcc/raw_mfcc_train.3.ark:488730
flmk0_si2295 /nfs-share/xinchi/kaldi/egs/timit/s5_la3/mfcc/raw_mfcc_train.1.ark:2699153
mgar0_si1212 /nfs-share/xinchi/kaldi/egs/timit/s5_la3/mfcc/raw_mfcc_train.3.ark:13
mpgh0_sx24 /nfs-share/xinchi/kaldi/egs/timit/s5_la3/mfcc/raw_mfcc_train.3.ark:3618915
mjda0_si1661 /nfs-share/xinchi/kaldi/egs/timit/s5_la3/mfcc/raw_mfcc_train.3.ark:677602
mmlm0_si2150 /nfs-share/xinchi/kaldi/egs/timit/s5_la3/mfcc/raw_mfcc_train.3.ark:3148507
mefg0_si465 /nfs-share/xinchi/kaldi/egs/timit/s5_la3/mfcc/raw_mfcc_train.2.ark:3178439
mrre0_sx74 /nfs-share/xinchi/kaldi/egs/timit/s5_la3/mfcc/raw_mfcc_train.4.ark:1432045
mtpr0_sx340 /nfs-share/xinchi/kaldi/egs/timit/s5_la3/mfcc/raw_mfcc_train.4.ark:3121992
fsma0_si1621 /nfs-share/xinchi/kaldi/egs/timit/s5_la3/mfcc/raw_mfcc_train.2.ark:208955
mrso0_sx219 /nfs-share/xinchi/kaldi/egs/timit/s5_la3/mfcc/raw_mfcc_train.4.ark:1456796
msfv0_sx362 /nfs-share/xinchi/kaldi/egs/timit/s5_la3/mfcc/raw_mfcc_train.4.ark:2054794
mgaw0_sx355 /nfs-share/xinchi/kaldi/egs/timit/s5_la3/mfcc/raw_mfcc_train.3.ark:54590
mkam0_si1465 /nfs-share/xinchi/kaldi/egs/timit/s5_la3/mfcc/raw_mfcc_train.3.ark:1954290
flma0_si1243 /nfs-share/xinchi/kaldi/egs/timit/s5_la3/mfcc/raw_mfcc_train.1.ark:2628784
mwgr0_sx166 /nfs-share/xinchi/kaldi/egs/timit/s5_la3/mfcc/raw_mfcc_train.4.ark:3625812
mjee0_sx247 /nfs-share/xinchi/kaldi/egs/timit/s5_la3/mfcc/raw_mfcc_train.3.ark:924776
fjrb0_si1932 /nfs-share/xinchi/kaldi/egs/timit/s5_la3/mfcc/raw_mfcc_train.1.ark:1786302
mmea0_si1388 /nfs-share/xinchi/kaldi/egs/timit/s5_la3/mfcc/raw_mfcc_train.3.ark:2967990
mjkr0_sx391 /nfs-share/xinchi/kaldi/egs/timit/s5_la3/mfcc/raw_mfcc_train.3.ark:1169036
fljg0_si2241 /nfs-share/xinchi/kaldi/egs/timit/s5_la3/mfcc/raw_mfcc_train.1.ark:2558206
mtpp0_si1508 /nfs-share/xinchi/kaldi/egs/timit/s5_la3/mfcc/raw_mfcc_train.4.ark:3067949
mmdm0_sx231 /nfs-share/xinchi/kaldi/egs/timit/s5_la3/mfcc/raw_mfcc_train.3.ark:2893397
mzmb0_si1796 /nfs-share/xinchi/kaldi/egs/timit/s5_la3/mfcc/raw_mfcc_train.4.ark:3782237
mppc0_si1412 /nfs-share/xinchi/kaldi/egs/timit/s5_la3/mfcc/raw_mfcc_train.3.ark:3743415
mgsl0_sx264 /nfs-share/xinchi/kaldi/egs/timit/s5_la3/mfcc/raw_mfcc_train.3.ark:247011
mdns0_sx201 /nfs-share/xinchi/kaldi/egs/timit/s5_la3/mfcc/raw_mfcc_train.2.ark:2764958
fhxs0_sx265 /nfs-share/xinchi/kaldi/egs/timit/s5_la3/mfcc/raw_mfcc_train.1.ark:1566597
mhmg0_sx285 /nfs-share/xinchi/kaldi/egs/timit/s5_la3/mfcc/raw_mfcc_train.3.ark:409573
frll0_sx344 /nfs-share/xinchi/kaldi/egs/timit/s5_la3/mfcc/raw_mfcc_train.1.ark:3544502
mesj0_si2257 /nfs-share/xinchi/kaldi/egs/timit/s5_la3/mfcc/raw_mfcc_train.2.ark:3347573
mlbc0_sx159 /nfs-share/xinchi/kaldi/egs/timit/s5_la3/mfcc/raw_mfcc_train.3.ark:2377201
mdlr0_sx333 /nfs-share/xinchi/kaldi/egs/timit/s5_la3/mfcc/raw_mfcc_train.2.ark:2629601
mjda0_sx311 /nfs-share/xinchi/kaldi/egs/timit/s5_la3/mfcc/raw_mfcc_train.3.ark:691060
mkjo0_sx77 /nfs-share/xinchi/kaldi/egs/timit/s5_la3/mfcc/raw_mfcc_train.3.ark:2139025
fdkn0_si1081 /nfs-share/xinchi/kaldi/egs/timit/s5_la3/mfcc/raw_mfcc_train.1.ark:910829
frll0_si1514 /nfs-share/xinchi/kaldi/egs/timit/s5_la3/mfcc/raw_mfcc_train.1.ark:3522718
fsjw0_sx343 /nfs-share/xinchi/kaldi/egs/timit/s5_la3/mfcc/raw_mfcc_train.2.ark:70151
fjrp1_si1432 /nfs-share/xinchi/kaldi/egs/timit/s5_la3/mfcc/raw_mfcc_train.1.ark:1813417
mjpm1_sx41 /nfs-share/xinchi/kaldi/egs/timit/s5_la3/mfcc/raw_mfcc_train.3.ark:1443045
fmpg0_si2232 /nfs-share/xinchi/kaldi/egs/timit/s5_la3/mfcc/raw_mfcc_train.1.ark:3090438
mtkp0_sx393 /nfs-share/xinchi/kaldi/egs/timit/s5_la3/mfcc/raw_mfcc_train.4.ark:2840886
mbth0_sx212 /nfs-share/xinchi/kaldi/egs/timit/s5_la3/mfcc/raw_mfcc_train.2.ark:1386607
mljh0_si1422 /nfs-share/xinchi/kaldi/egs/timit/s5_la3/mfcc/raw_mfcc_train.3.ark:2468943
fhxs0_si1075 /nfs-share/xinchi/kaldi/egs/timit/s5_la3/mfcc/raw_mfcc_train.1.ark:1541321
mjls0_sx286 /nfs-share/xinchi/kaldi/egs/timit/s5_la3/mfcc/raw_mfcc_train.3.ark:1256327
fecd0_sx248 /nfs-share/xinchi/kaldi/egs/timit/s5_la3/mfcc/raw_mfcc_train.1.ark:1208562
mjae0_si1999 /nfs-share/xinchi/kaldi/egs/timit/s5_la3/mfcc/raw_mfcc_train.3.ark:581100
fbmh0_sx236 /nfs-share/xinchi/kaldi/egs/timit/s5_la3/mfcc/raw_mfcc_train.1.ark:360956
falr0_sx65 /nfs-share/xinchi/kaldi/egs/timit/s5_la3/mfcc/raw_mfcc_train.1.ark:128603
mbma1_si2207 /nfs-share/xinchi/kaldi/egs/timit/s5_la3/mfcc/raw_mfcc_train.2.ark:1252204
mvlo0_si517 /nfs-share/xinchi/kaldi/egs/timit/s5_la3/mfcc/raw_mfcc_train.4.ark:3372534
fjlr0_sx241 /nfs-share/xinchi/kaldi/egs/timit/s5_la3/mfcc/raw_mfcc_train.1.ark:1764881
fdml0_sx249 /nfs-share/xinchi/kaldi/egs/timit/s5_la3/mfcc/raw_mfcc_train.1.ark:962202
mkxl0_si1958 /nfs-share/xinchi/kaldi/egs/timit/s5_la3/mfcc/raw_mfcc_train.3.ark:2341803
mlel0_si1246 /nfs-share/xinchi/kaldi/egs/timit/s5_la3/mfcc/raw_mfcc_train.3.ark:2395046
mreh1_sx339 /nfs-share/xinchi/kaldi/egs/timit/s5_la3/mfcc/raw_mfcc_train.4.ark:594498
mcxm0_si1351 /nfs-share/xinchi/kaldi/egs/timit/s5_la3/mfcc/raw_mfcc_train.2.ark:1930412
mjdc0_sx261 /nfs-share/xinchi/kaldi/egs/timit/s5_la3/mfcc/raw_mfcc_train.3.ark:721738
mjmm0_si1255 /nfs-share/xinchi/kaldi/egs/timit/s5_la3/mfcc/raw_mfcc_train.3.ark:1324174
mgrl0_sx417 /nfs-share/xinchi/kaldi/egs/timit/s5_la3/mfcc/raw_mfcc_train.3.ark:151151
mdef0_sx123 /nfs-share/xinchi/kaldi/egs/timit/s5_la3/mfcc/raw_mfcc_train.2.ark:2231792
mcdd0_sx73 /nfs-share/xinchi/kaldi/egs/timit/s5_la3/mfcc/raw_mfcc_train.2.ark:1565816
fvkb0_sx259 /nfs-share/xinchi/kaldi/egs/timit/s5_la3/mfcc/raw_mfcc_train.2.ark:610796
fear0_sx82 /nfs-share/xinchi/kaldi/egs/timit/s5_la3/mfcc/raw_mfcc_train.1.ark:1183526
fbcg1_sx172 /nfs-share/xinchi/kaldi/egs/timit/s5_la3/mfcc/raw_mfcc_train.1.ark:217292
mhjb0_sx297 /nfs-share/xinchi/kaldi/egs/timit/s5_la3/mfcc/raw_mfcc_train.3.ark:381384
fexm0_sx381 /nfs-share/xinchi/kaldi/egs/timit/s5_la3/mfcc/raw_mfcc_train.1.ark:1360924
mrjm1_sx308 /nfs-share/xinchi/kaldi/egs/timit/s5_la3/mfcc/raw_mfcc_train.4.ark:970941
mjxa0_sx67 /nfs-share/xinchi/kaldi/egs/timit/s5_la3/mfcc/raw_mfcc_train.3.ark:1811858
fmem0_si1377 /nfs-share/xinchi/kaldi/egs/timit/s5_la3/mfcc/raw_mfcc_train.1.ark:2848339
fsrh0_sx41 /nfs-share/xinchi/kaldi/egs/timit/s5_la3/mfcc/raw_mfcc_train.2.ark:372590
mrld0_sx244 /nfs-share/xinchi/kaldi/egs/timit/s5_la3/mfcc/raw_mfcc_train.4.ark:1073673
mtcs0_si1972 /nfs-share/xinchi/kaldi/egs/timit/s5_la3/mfcc/raw_mfcc_train.4.ark:2504105
mdss1_sx427 /nfs-share/xinchi/kaldi/egs/timit/s5_la3/mfcc/raw_mfcc_train.2.ark:2989010
mjmd0_sx308 /nfs-share/xinchi/kaldi/egs/timit/s5_la3/mfcc/raw_mfcc_train.3.ark:1312934
mddc0_si2049 /nfs-share/xinchi/kaldi/egs/timit/s5_la3/mfcc/raw_mfcc_train.2.ark:2159825
mrfl0_si1156 /nfs-share/xinchi/kaldi/egs/timit/s5_la3/mfcc/raw_mfcc_train.4.ark:698872
fksr0_sx366 /nfs-share/xinchi/kaldi/egs/timit/s5_la3/mfcc/raw_mfcc_train.1.ark:2312413
mkdd0_sx307 /nfs-share/xinchi/kaldi/egs/timit/s5_la3/mfcc/raw_mfcc_train.3.ark:2033776
mwsb0_sx276 /nfs-share/xinchi/kaldi/egs/timit/s5_la3/mfcc/raw_mfcc_train.4.ark:3725258
mgar0_sx132 /nfs-share/xinchi/kaldi/egs/timit/s5_la3/mfcc/raw_mfcc_train.3.ark:11281
mmws1_si1701 /nfs-share/xinchi/kaldi/egs/timit/s5_la3/mfcc/raw_mfcc_train.3.ark:3392162
mvjh0_sx206 /nfs-share/xinchi/kaldi/egs/timit/s5_la3/mfcc/raw_mfcc_train.4.ark:3352237
mafm0_sx399 /nfs-share/xinchi/kaldi/egs/timit/s5_la3/mfcc/raw_mfcc_train.2.ark:840523
fmju0_sx39 /nfs-share/xinchi/kaldi/egs/timit/s5_la3/mfcc/raw_mfcc_train.1.ark:2978577
mcal0_sx238 /nfs-share/xinchi/kaldi/egs/timit/s5_la3/mfcc/raw_mfcc_train.2.ark:1491946
mcae0_si817 /nfs-share/xinchi/kaldi/egs/timit/s5_la3/mfcc/raw_mfcc_train.2.ark:1451278
mter0_sx17 /nfs-share/xinchi/kaldi/egs/timit/s5_la3/mfcc/raw_mfcc_train.4.ark:2626648
mrld0_si1594 /nfs-share/xinchi/kaldi/egs/timit/s5_la3/mfcc/raw_mfcc_train.4.ark:1058512
fklh0_si1257 /nfs-share/xinchi/kaldi/egs/timit/s5_la3/mfcc/raw_mfcc_train.1.ark:2260931
mpar0_sx406 /nfs-share/xinchi/kaldi/egs/timit/s5_la3/mfcc/raw_mfcc_train.3.ark:3529170
mbcg0_si2217 /nfs-share/xinchi/kaldi/egs/timit/s5_la3/mfcc/raw_mfcc_train.2.ark:1100145
mtmt0_si1748 /nfs-share/xinchi/kaldi/egs/timit/s5_la3/mfcc/raw_mfcc_train.4.ark:2979867
mdas0_si636 /nfs-share/xinchi/kaldi/egs/timit/s5_la3/mfcc/raw_mfcc_train.2.ark:2004719
mjee0_si1867 /nfs-share/xinchi/kaldi/egs/timit/s5_la3/mfcc/raw_mfcc_train.3.ark:914875
ftaj0_si474 /nfs-share/xinchi/kaldi/egs/timit/s5_la3/mfcc/raw_mfcc_train.2.ark:415524
mwrp0_sx93 /nfs-share/xinchi/kaldi/egs/timit/s5_la3/mfcc/raw_mfcc_train.4.ark:3706865
fdnc0_si1908 /nfs-share/xinchi/kaldi/egs/timit/s5_la3/mfcc/raw_mfcc_train.1.ark:1027307
mpfu0_sx88 /nfs-share/xinchi/kaldi/egs/timit/s5_la3/mfcc/raw_mfcc_train.3.ark:3594472
mdwm0_sx286 /nfs-share/xinchi/kaldi/egs/timit/s5_la3/mfcc/raw_mfcc_train.2.ark:3111379
ftbw0_sx175 /nfs-share/xinchi/kaldi/egs/timit/s5_la3/mfcc/raw_mfcc_train.2.ark:482589
mejl0_si1654 /nfs-share/xinchi/kaldi/egs/timit/s5_la3/mfcc/raw_mfcc_train.2.ark:3252385
mkdt0_si893 /nfs-share/xinchi/kaldi/egs/timit/s5_la3/mfcc/raw_mfcc_train.3.ark:2053181
msjk0_sx426 /nfs-share/xinchi/kaldi/egs/timit/s5_la3/mfcc/raw_mfcc_train.4.ark:2096029
mjpm1_sx221 /nfs-share/xinchi/kaldi/egs/timit/s5_la3/mfcc/raw_mfcc_train.3.ark:1428660
majp0_sx84 /nfs-share/xinchi/kaldi/egs/timit/s5_la3/mfcc/raw_mfcc_train.2.ark:875161
maeo0_sx246 /nfs-share/xinchi/kaldi/egs/timit/s5_la3/mfcc/raw_mfcc_train.2.ark:801264
mjeb0_sx296 /nfs-share/xinchi/kaldi/egs/timit/s5_la3/mfcc/raw_mfcc_train.3.ark:868905
marw0_sx106 /nfs-share/xinchi/kaldi/egs/timit/s5_la3/mfcc/raw_mfcc_train.2.ark:1014039
faem0_si762 /nfs-share/xinchi/kaldi/egs/timit/s5_la3/mfcc/raw_mfcc_train.1.ark:9349
mtmt0_sx38 /nfs-share/xinchi/kaldi/egs/timit/s5_la3/mfcc/raw_mfcc_train.4.ark:2999973
mrsp0_sx79 /nfs-share/xinchi/kaldi/egs/timit/s5_la3/mfcc/raw_mfcc_train.4.ark:1506234
mrfk0_si2336 /nfs-share/xinchi/kaldi/egs/timit/s5_la3/mfcc/raw_mfcc_train.4.ark:678082
flhd0_si1974 /nfs-share/xinchi/kaldi/egs/timit/s5_la3/mfcc/raw_mfcc_train.1.ark:2461945
mrdm0_sx335 /nfs-share/xinchi/kaldi/egs/timit/s5_la3/mfcc/raw_mfcc_train.4.ark:497125
fjen0_sx147 /nfs-share/xinchi/kaldi/egs/timit/s5_la3/mfcc/raw_mfcc_train.1.ark:1629054
mjdc0_sx81 /nfs-share/xinchi/kaldi/egs/timit/s5_la3/mfcc/raw_mfcc_train.3.ark:731300
mwrp0_sx3 /nfs-share/xinchi/kaldi/egs/timit/s5_la3/mfcc/raw_mfcc_train.4.ark:3699832
mhjb0_sx27 /nfs-share/xinchi/kaldi/egs/timit/s5_la3/mfcc/raw_mfcc_train.3.ark:378699
mjlb0_sx356 /nfs-share/xinchi/kaldi/egs/timit/s5_la3/mfcc/raw_mfcc_train.3.ark:1191973
mdas0_si1266 /nfs-share/xinchi/kaldi/egs/timit/s5_la3/mfcc/raw_mfcc_train.2.ark:1995903
mjfr0_sx75 /nfs-share/xinchi/kaldi/egs/timit/s5_la3/mfcc/raw_mfcc_train.3.ark:1000440
fkdw0_si577 /nfs-share/xinchi/kaldi/egs/timit/s5_la3/mfcc/raw_mfcc_train.1.ark:2102164
fleh0_sx61 /nfs-share/xinchi/kaldi/egs/timit/s5_la3/mfcc/raw_mfcc_train.1.ark:2420550
mjlg1_si2272 /nfs-share/xinchi/kaldi/egs/timit/s5_la3/mfcc/raw_mfcc_train.3.ark:1209482
fpad0_si1976 /nfs-share/xinchi/kaldi/egs/timit/s5_la3/mfcc/raw_mfcc_train.1.ark:3266820
flkm0_sx260 /nfs-share/xinchi/kaldi/egs/timit/s5_la3/mfcc/raw_mfcc_train.1.ark:2609139
mjpg0_sx201 /nfs-share/xinchi/kaldi/egs/timit/s5_la3/mfcc/raw_mfcc_train.3.ark:1370618
mdjm0_si2085 /nfs-share/xinchi/kaldi/egs/timit/s5_la3/mfcc/raw_mfcc_train.2.ark:2355206
mcdd0_si883 /nfs-share/xinchi/kaldi/egs/timit/s5_la3/mfcc/raw_mfcc_train.2.ark:1547101
mdma0_si2060 /nfs-share/xinchi/kaldi/egs/timit/s5_la3/mfcc/raw_mfcc_train.2.ark:2685309
mjsr0_sx164 /nfs-share/xinchi/kaldi/egs/timit/s5_la3/mfcc/raw_mfcc_train.3.ark:1654863
marw0_si646 /nfs-share/xinchi/kaldi/egs/timit/s5_la3/mfcc/raw_mfcc_train.2.ark:1010795
mlbc0_sx339 /nfs-share/xinchi/kaldi/egs/timit/s5_la3/mfcc/raw_mfcc_train.3.ark:2384144
mdlb0_si1936 /nfs-share/xinchi/kaldi/egs/timit/s5_la3/mfcc/raw_mfcc_train.2.ark:2421205
mrtc0_sx288 /nfs-share/xinchi/kaldi/egs/timit/s5_la3/mfcc/raw_mfcc_train.4.ark:1536197
fcyl0_sx349 /nfs-share/xinchi/kaldi/egs/timit/s5_la3/mfcc/raw_mfcc_train.1.ark:770464
fntb0_sx123 /nfs-share/xinchi/kaldi/egs/timit/s5_la3/mfcc/raw_mfcc_train.1.ark:3172699
fbmj0_si815 /nfs-share/xinchi/kaldi/egs/timit/s5_la3/mfcc/raw_mfcc_train.1.ark:385620
fgcs0_sx46 /nfs-share/xinchi/kaldi/egs/timit/s5_la3/mfcc/raw_mfcc_train.1.ark:1391700
mrcg0_si1428 /nfs-share/xinchi/kaldi/egs/timit/s5_la3/mfcc/raw_mfcc_train.4.ark:377382
fsjk1_sx215 /nfs-share/xinchi/kaldi/egs/timit/s5_la3/mfcc/raw_mfcc_train.2.ark:12
mbar0_si1949 /nfs-share/xinchi/kaldi/egs/timit/s5_la3/mfcc/raw_mfcc_train.2.ark:1043150
msat1_sx443 /nfs-share/xinchi/kaldi/egs/timit/s5_la3/mfcc/raw_mfcc_train.4.ark:1819606
fjlr0_sx151 /nfs-share/xinchi/kaldi/egs/timit/s5_la3/mfcc/raw_mfcc_train.1.ark:1760467
mmpm0_si2321 /nfs-share/xinchi/kaldi/egs/timit/s5_la3/mfcc/raw_mfcc_train.3.ark:3181462
fjrb0_sx42 /nfs-share/xinchi/kaldi/egs/timit/s5_la3/mfcc/raw_mfcc_train.1.ark:1810211
fsma0_si2251 /nfs-share/xinchi/kaldi/egs/timit/s5_la3/mfcc/raw_mfcc_train.2.ark:211121
mter0_sx257 /nfs-share/xinchi/kaldi/egs/timit/s5_la3/mfcc/raw_mfcc_train.4.ark:2629307
fmem0_sx333 /nfs-share/xinchi/kaldi/egs/timit/s5_la3/mfcc/raw_mfcc_train.1.ark:2872978
mljc0_sx325 /nfs-share/xinchi/kaldi/egs/timit/s5_la3/mfcc/raw_mfcc_train.3.ark:2453561
mcth0_sx309 /nfs-share/xinchi/kaldi/egs/timit/s5_la3/mfcc/raw_mfcc_train.2.ark:1887161
mdss0_sx441 /nfs-share/xinchi/kaldi/egs/timit/s5_la3/mfcc/raw_mfcc_train.2.ark:2960028
flod0_sx171 /nfs-share/xinchi/kaldi/egs/timit/s5_la3/mfcc/raw_mfcc_train.1.ark:2736963
mdks0_sx76 /nfs-share/xinchi/kaldi/egs/timit/s5_la3/mfcc/raw_mfcc_train.2.ark:2408150
medr0_si744 /nfs-share/xinchi/kaldi/egs/timit/s5_la3/mfcc/raw_mfcc_train.2.ark:3158534
mkls1_si2175 /nfs-share/xinchi/kaldi/egs/timit/s5_la3/mfcc/raw_mfcc_train.3.ark:2241498
mfxs0_sx54 /nfs-share/xinchi/kaldi/egs/timit/s5_la3/mfcc/raw_mfcc_train.2.ark:3548338
faem0_sx402 /nfs-share/xinchi/kaldi/egs/timit/s5_la3/mfcc/raw_mfcc_train.1.ark:25549
feac0_sx435 /nfs-share/xinchi/kaldi/egs/timit/s5_la3/mfcc/raw_mfcc_train.1.ark:1145945
mpsw0_si2327 /nfs-share/xinchi/kaldi/egs/timit/s5_la3/mfcc/raw_mfcc_train.4.ark:165097
flod0_si1287 /nfs-share/xinchi/kaldi/egs/timit/s5_la3/mfcc/raw_mfcc_train.1.ark:2721542
mgjc0_si1335 /nfs-share/xinchi/kaldi/egs/timit/s5_la3/mfcc/raw_mfcc_train.3.ark:94430
mtpp0_si2138 /nfs-share/xinchi/kaldi/egs/timit/s5_la3/mfcc/raw_mfcc_train.4.ark:3073469
mrfk0_si1076 /nfs-share/xinchi/kaldi/egs/timit/s5_la3/mfcc/raw_mfcc_train.4.ark:670175
mpmb0_sx241 /nfs-share/xinchi/kaldi/egs/timit/s5_la3/mfcc/raw_mfcc_train.3.ark:3718934
fpab1_sx391 /nfs-share/xinchi/kaldi/egs/timit/s5_la3/mfcc/raw_mfcc_train.1.ark:3224107
mdef0_sx213 /nfs-share/xinchi/kaldi/egs/timit/s5_la3/mfcc/raw_mfcc_train.2.ark:2235387
mrai0_sx72 /nfs-share/xinchi/kaldi/egs/timit/s5_la3/mfcc/raw_mfcc_train.4.ark:282431
mrgm0_sx442 /nfs-share/xinchi/kaldi/egs/timit/s5_la3/mfcc/raw_mfcc_train.4.ark:764037
freh0_sx145 /nfs-share/xinchi/kaldi/egs/timit/s5_la3/mfcc/raw_mfcc_train.1.ark:3477593
fpls0_sx330 /nfs-share/xinchi/kaldi/egs/timit/s5_la3/mfcc/raw_mfcc_train.1.ark:3418558
mbma0_sx322 /nfs-share/xinchi/kaldi/egs/timit/s5_la3/mfcc/raw_mfcc_train.2.ark:1240782
fmjf0_si1254 /nfs-share/xinchi/kaldi/egs/timit/s5_la3/mfcc/raw_mfcc_train.1.ark:2917755
mmdb0_sx177 /nfs-share/xinchi/kaldi/egs/timit/s5_la3/mfcc/raw_mfcc_train.3.ark:2825481
mrmh0_si1021 /nfs-share/xinchi/kaldi/egs/timit/s5_la3/mfcc/raw_mfcc_train.4.ark:1269851
mjeb1_si1467 /nfs-share/xinchi/kaldi/egs/timit/s5_la3/mfcc/raw_mfcc_train.3.ark:875472
fjdm2_sx142 /nfs-share/xinchi/kaldi/egs/timit/s5_la3/mfcc/raw_mfcc_train.1.ark:1593233
fmkf0_sx366 /nfs-share/xinchi/kaldi/egs/timit/s5_la3/mfcc/raw_mfcc_train.1.ark:3040761
msfh0_si1216 /nfs-share/xinchi/kaldi/egs/timit/s5_la3/mfcc/raw_mfcc_train.4.ark:1993159
feeh0_si1742 /nfs-share/xinchi/kaldi/egs/timit/s5_la3/mfcc/raw_mfcc_train.1.ark:1230607
falk0_sx186 /nfs-share/xinchi/kaldi/egs/timit/s5_la3/mfcc/raw_mfcc_train.1.ark:82540
mmaa0_sx35 /nfs-share/xinchi/kaldi/egs/timit/s5_la3/mfcc/raw_mfcc_train.3.ark:2597601
fbmj0_sx426 /nfs-share/xinchi/kaldi/egs/timit/s5_la3/mfcc/raw_mfcc_train.1.ark:402678
fltm0_sx80 /nfs-share/xinchi/kaldi/egs/timit/s5_la3/mfcc/raw_mfcc_train.1.ark:2782152
fexm0_si482 /nfs-share/xinchi/kaldi/egs/timit/s5_la3/mfcc/raw_mfcc_train.1.ark:1335409
mrfl0_sx256 /nfs-share/xinchi/kaldi/egs/timit/s5_la3/mfcc/raw_mfcc_train.4.ark:719012
frll0_si805 /nfs-share/xinchi/kaldi/egs/timit/s5_la3/mfcc/raw_mfcc_train.1.ark:3525988
mtpp0_sx158 /nfs-share/xinchi/kaldi/egs/timit/s5_la3/mfcc/raw_mfcc_train.4.ark:3079606
mabc0_sx241 /nfs-share/xinchi/kaldi/egs/timit/s5_la3/mfcc/raw_mfcc_train.2.ark:674974
mbml0_sx179 /nfs-share/xinchi/kaldi/egs/timit/s5_la3/mfcc/raw_mfcc_train.2.ark:1296925
fcdr1_si1186 /nfs-share/xinchi/kaldi/egs/timit/s5_la3/mfcc/raw_mfcc_train.1.ark:468314
mbbr0_sx245 /nfs-share/xinchi/kaldi/egs/timit/s5_la3/mfcc/raw_mfcc_train.2.ark:1085830
mbjv0_si1247 /nfs-share/xinchi/kaldi/egs/timit/s5_la3/mfcc/raw_mfcc_train.2.ark:1191523
mdsj0_si2092 /nfs-share/xinchi/kaldi/egs/timit/s5_la3/mfcc/raw_mfcc_train.2.ark:2913318
mjsr0_sx254 /nfs-share/xinchi/kaldi/egs/timit/s5_la3/mfcc/raw_mfcc_train.3.ark:1659498
flhd0_sx354 /nfs-share/xinchi/kaldi/egs/timit/s5_la3/mfcc/raw_mfcc_train.1.ark:2474849
mljh0_sx424 /nfs-share/xinchi/kaldi/egs/timit/s5_la3/mfcc/raw_mfcc_train.3.ark:2497760
mgsl0_sx84 /nfs-share/xinchi/kaldi/egs/timit/s5_la3/mfcc/raw_mfcc_train.3.ark:259589
flkm0_si1880 /nfs-share/xinchi/kaldi/egs/timit/s5_la3/mfcc/raw_mfcc_train.1.ark:2592094
mvrw0_si1485 /nfs-share/xinchi/kaldi/egs/timit/s5_la3/mfcc/raw_mfcc_train.4.ark:3398485
mtas0_sx35 /nfs-share/xinchi/kaldi/egs/timit/s5_la3/mfcc/raw_mfcc_train.4.ark:2396682
mjxl0_si542 /nfs-share/xinchi/kaldi/egs/timit/s5_la3/mfcc/raw_mfcc_train.3.ark:1824712
mwdk0_sx86 /nfs-share/xinchi/kaldi/egs/timit/s5_la3/mfcc/raw_mfcc_train.4.ark:3576649
fjxp0_si1752 /nfs-share/xinchi/kaldi/egs/timit/s5_la3/mfcc/raw_mfcc_train.1.ark:1991121
mmeb0_si727 /nfs-share/xinchi/kaldi/egs/timit/s5_la3/mfcc/raw_mfcc_train.3.ark:3003981
mdhl0_sx359 /nfs-share/xinchi/kaldi/egs/timit/s5_la3/mfcc/raw_mfcc_train.2.ark:2306318
mbbr0_si1055 /nfs-share/xinchi/kaldi/egs/timit/s5_la3/mfcc/raw_mfcc_train.2.ark:1069719
mjpm1_sx311 /nfs-share/xinchi/kaldi/egs/timit/s5_la3/mfcc/raw_mfcc_train.3.ark:1432749
mstf0_si1396 /nfs-share/xinchi/kaldi/egs/timit/s5_la3/mfcc/raw_mfcc_train.4.ark:2263961
mrab0_si594 /nfs-share/xinchi/kaldi/egs/timit/s5_la3/mfcc/raw_mfcc_train.4.ark:193532
fjsk0_si1052 /nfs-share/xinchi/kaldi/egs/timit/s5_la3/mfcc/raw_mfcc_train.1.ark:1854944
mtrt0_sx417 /nfs-share/xinchi/kaldi/egs/timit/s5_la3/mfcc/raw_mfcc_train.4.ark:3261352
mlbc0_sx429 /nfs-share/xinchi/kaldi/egs/timit/s5_la3/mfcc/raw_mfcc_train.3.ark:2387466
mmgg0_sx179 /nfs-share/xinchi/kaldi/egs/timit/s5_la3/mfcc/raw_mfcc_train.3.ark:3067477
mmdm1_si783 /nfs-share/xinchi/kaldi/egs/timit/s5_la3/mfcc/raw_mfcc_train.3.ark:2914253
mapv0_sx303 /nfs-share/xinchi/kaldi/egs/timit/s5_la3/mfcc/raw_mfcc_train.2.ark:967971
mjwt0_si751 /nfs-share/xinchi/kaldi/egs/timit/s5_la3/mfcc/raw_mfcc_train.3.ark:1761808
mcth0_sx39 /nfs-share/xinchi/kaldi/egs/timit/s5_la3/mfcc/raw_mfcc_train.2.ark:1891392
mmdg0_sx340 /nfs-share/xinchi/kaldi/egs/timit/s5_la3/mfcc/raw_mfcc_train.3.ark:2864838
mdbb1_sx16 /nfs-share/xinchi/kaldi/egs/timit/s5_la3/mfcc/raw_mfcc_train.2.ark:2041304
mdbp0_si1158 /nfs-share/xinchi/kaldi/egs/timit/s5_la3/mfcc/raw_mfcc_train.2.ark:2055594
ftaj0_si699 /nfs-share/xinchi/kaldi/egs/timit/s5_la3/mfcc/raw_mfcc_train.2.ark:418443
mwch0_si2252 /nfs-share/xinchi/kaldi/egs/timit/s5_la3/mfcc/raw_mfcc_train.4.ark:3526092
mwgr0_sx76 /nfs-share/xinchi/kaldi/egs/timit/s5_la3/mfcc/raw_mfcc_train.4.ark:3641543
mrlj1_sx321 /nfs-share/xinchi/kaldi/egs/timit/s5_la3/mfcc/raw_mfcc_train.4.ark:1132737
mjrk0_sx160 /nfs-share/xinchi/kaldi/egs/timit/s5_la3/mfcc/raw_mfcc_train.3.ark:1587617
mjrg0_sx286 /nfs-share/xinchi/kaldi/egs/timit/s5_la3/mfcc/raw_mfcc_train.3.ark:1498395
msem1_si810 /nfs-share/xinchi/kaldi/egs/timit/s5_la3/mfcc/raw_mfcc_train.4.ark:1933974
msat0_sx176 /nfs-share/xinchi/kaldi/egs/timit/s5_la3/mfcc/raw_mfcc_train.4.ark:1779760
mjmd0_si2288 /nfs-share/xinchi/kaldi/egs/timit/s5_la3/mfcc/raw_mfcc_train.3.ark:1300485
mlns0_si777 /nfs-share/xinchi/kaldi/egs/timit/s5_la3/mfcc/raw_mfcc_train.3.ark:2514481
mprt0_sx310 /nfs-share/xinchi/kaldi/egs/timit/s5_la3/mfcc/raw_mfcc_train.4.ark:148355
mjjb0_si1277 /nfs-share/xinchi/kaldi/egs/timit/s5_la3/mfcc/raw_mfcc_train.3.ark:1041657
mrms0_si2057 /nfs-share/xinchi/kaldi/egs/timit/s5_la3/mfcc/raw_mfcc_train.4.ark:1346037
mrlj1_si2301 /nfs-share/xinchi/kaldi/egs/timit/s5_la3/mfcc/raw_mfcc_train.4.ark:1119591
mbwp0_si1531 /nfs-share/xinchi/kaldi/egs/timit/s5_la3/mfcc/raw_mfcc_train.2.ark:1403002
fpls0_sx3 /nfs-share/xinchi/kaldi/egs/timit/s5_la3/mfcc/raw_mfcc_train.1.ark:3416393
mntw0_sx348 /nfs-share/xinchi/kaldi/egs/timit/s5_la3/mfcc/raw_mfcc_train.3.ark:3499707
mtmt0_sx398 /nfs-share/xinchi/kaldi/egs/timit/s5_la3/mfcc/raw_mfcc_train.4.ark:3003815
maeo0_sx336 /nfs-share/xinchi/kaldi/egs/timit/s5_la3/mfcc/raw_mfcc_train.2.ark:804014
mgag0_sx331 /nfs-share/xinchi/kaldi/egs/timit/s5_la3/mfcc/raw_mfcc_train.2.ark:3631995
madc0_si737 /nfs-share/xinchi/kaldi/egs/timit/s5_la3/mfcc/raw_mfcc_train.2.ark:697754
mklw0_si1571 /nfs-share/xinchi/kaldi/egs/timit/s5_la3/mfcc/raw_mfcc_train.3.ark:2268223
feeh0_sx302 /nfs-share/xinchi/kaldi/egs/timit/s5_la3/mfcc/raw_mfcc_train.1.ark:1247301
mbcg0_sx417 /nfs-share/xinchi/kaldi/egs/timit/s5_la3/mfcc/raw_mfcc_train.2.ark:1123327
mrml0_si791 /nfs-share/xinchi/kaldi/egs/timit/s5_la3/mfcc/raw_mfcc_train.4.ark:1310107
fdfb0_sx238 /nfs-share/xinchi/kaldi/egs/timit/s5_la3/mfcc/raw_mfcc_train.1.ark:865387
fdkn0_sx271 /nfs-share/xinchi/kaldi/egs/timit/s5_la3/mfcc/raw_mfcc_train.1.ark:929631
mmcc0_sx348 /nfs-share/xinchi/kaldi/egs/timit/s5_la3/mfcc/raw_mfcc_train.3.ark:2800153
flhd0_si1344 /nfs-share/xinchi/kaldi/egs/timit/s5_la3/mfcc/raw_mfcc_train.1.ark:2455936
mdlm0_sx244 /nfs-share/xinchi/kaldi/egs/timit/s5_la3/mfcc/raw_mfcc_train.2.ark:2596634
fajw0_sx363 /nfs-share/xinchi/kaldi/egs/timit/s5_la3/mfcc/raw_mfcc_train.1.ark:59625
