mrjm0_sx328 /nfs-share/titouan/workspace/kaldi/egs/timit/s5_la2/mfcc/raw_mfcc_train.4.ark:936642
mmgk0_sx152 /nfs-share/titouan/workspace/kaldi/egs/timit/s5_la2/mfcc/raw_mfcc_train.3.ark:3096641
mreh1_sx429 /nfs-share/titouan/workspace/kaldi/egs/timit/s5_la2/mfcc/raw_mfcc_train.4.ark:598522
mejs0_sx70 /nfs-share/titouan/workspace/kaldi/egs/timit/s5_la2/mfcc/raw_mfcc_train.2.ark:3307798
mrws0_sx112 /nfs-share/titouan/workspace/kaldi/egs/timit/s5_la2/mfcc/raw_mfcc_train.4.ark:1657474
mmds0_sx353 /nfs-share/titouan/workspace/kaldi/egs/timit/s5_la2/mfcc/raw_mfcc_train.3.ark:2958245
mdcd0_si2045 /nfs-share/titouan/workspace/kaldi/egs/timit/s5_la2/mfcc/raw_mfcc_train.2.ark:2094048
mmgk0_si1952 /nfs-share/titouan/workspace/kaldi/egs/timit/s5_la2/mfcc/raw_mfcc_train.3.ark:3092259
mdns0_sx21 /nfs-share/titouan/workspace/kaldi/egs/timit/s5_la2/mfcc/raw_mfcc_train.2.ark:2768838
mprd0_sx261 /nfs-share/titouan/workspace/kaldi/egs/timit/s5_la2/mfcc/raw_mfcc_train.4.ark:74928
mrms0_sx120 /nfs-share/titouan/workspace/kaldi/egs/timit/s5_la2/mfcc/raw_mfcc_train.4.ark:1354957
mjkr0_sx121 /nfs-share/titouan/workspace/kaldi/egs/timit/s5_la2/mfcc/raw_mfcc_train.3.ark:1153318
fdnc0_sx288 /nfs-share/titouan/workspace/kaldi/egs/timit/s5_la2/mfcc/raw_mfcc_train.1.ark:1047609
fjlg0_sx359 /nfs-share/titouan/workspace/kaldi/egs/timit/s5_la2/mfcc/raw_mfcc_train.1.ark:1735061
msdh0_si2240 /nfs-share/titouan/workspace/kaldi/egs/timit/s5_la2/mfcc/raw_mfcc_train.4.ark:1852368
mjde0_sx40 /nfs-share/titouan/workspace/kaldi/egs/timit/s5_la2/mfcc/raw_mfcc_train.3.ark:767320
mkls0_sx267 /nfs-share/titouan/workspace/kaldi/egs/timit/s5_la2/mfcc/raw_mfcc_train.3.ark:2220090
mjbg0_si1724 /nfs-share/titouan/workspace/kaldi/egs/timit/s5_la2/mfcc/raw_mfcc_train.3.ark:647384
mjae0_sx444 /nfs-share/titouan/workspace/kaldi/egs/timit/s5_la2/mfcc/raw_mfcc_train.3.ark:600519
fdxw0_sx251 /nfs-share/titouan/workspace/kaldi/egs/timit/s5_la2/mfcc/raw_mfcc_train.1.ark:1106705
mprd0_si1431 /nfs-share/titouan/workspace/kaldi/egs/timit/s5_la2/mfcc/raw_mfcc_train.4.ark:54060
mkag0_si2239 /nfs-share/titouan/workspace/kaldi/egs/timit/s5_la2/mfcc/raw_mfcc_train.3.ark:1855000
mjee0_sx67 /nfs-share/titouan/workspace/kaldi/egs/timit/s5_la2/mfcc/raw_mfcc_train.3.ark:937367
fcjs0_si1607 /nfs-share/titouan/workspace/kaldi/egs/timit/s5_la2/mfcc/raw_mfcc_train.1.ark:562761
mmgc0_si1935 /nfs-share/titouan/workspace/kaldi/egs/timit/s5_la2/mfcc/raw_mfcc_train.3.ark:3031134
mwsb0_si1626 /nfs-share/titouan/workspace/kaldi/egs/timit/s5_la2/mfcc/raw_mfcc_train.4.ark:3710084
mnet0_sx96 /nfs-share/titouan/workspace/kaldi/egs/timit/s5_la2/mfcc/raw_mfcc_train.3.ark:3469378
mvlo0_si517 /nfs-share/titouan/workspace/kaldi/egs/timit/s5_la2/mfcc/raw_mfcc_train.4.ark:3372534
fcag0_sx243 /nfs-share/titouan/workspace/kaldi/egs/timit/s5_la2/mfcc/raw_mfcc_train.1.ark:423002
mdlc1_sx175 /nfs-share/titouan/workspace/kaldi/egs/timit/s5_la2/mfcc/raw_mfcc_train.2.ark:2500257
mjra0_si1236 /nfs-share/titouan/workspace/kaldi/egs/timit/s5_la2/mfcc/raw_mfcc_train.3.ark:1447980
mmag0_sx406 /nfs-share/titouan/workspace/kaldi/egs/timit/s5_la2/mfcc/raw_mfcc_train.3.ark:2667461
fbch0_sx236 /nfs-share/titouan/workspace/kaldi/egs/timit/s5_la2/mfcc/raw_mfcc_train.1.ark:258084
mmdm1_sx333 /nfs-share/titouan/workspace/kaldi/egs/timit/s5_la2/mfcc/raw_mfcc_train.3.ark:2927872
mdlr1_sx39 /nfs-share/titouan/workspace/kaldi/egs/timit/s5_la2/mfcc/raw_mfcc_train.2.ark:2670250
mjrg0_si1366 /nfs-share/titouan/workspace/kaldi/egs/timit/s5_la2/mfcc/raw_mfcc_train.3.ark:1480160
mrso0_sx39 /nfs-share/titouan/workspace/kaldi/egs/timit/s5_la2/mfcc/raw_mfcc_train.4.ark:1467183
mwgr0_sx346 /nfs-share/titouan/workspace/kaldi/egs/timit/s5_la2/mfcc/raw_mfcc_train.4.ark:3634146
mvlo0_si1147 /nfs-share/titouan/workspace/kaldi/egs/timit/s5_la2/mfcc/raw_mfcc_train.4.ark:3365512
mrre0_si952 /nfs-share/titouan/workspace/kaldi/egs/timit/s5_la2/mfcc/raw_mfcc_train.4.ark:1409300
fceg0_si1878 /nfs-share/titouan/workspace/kaldi/egs/timit/s5_la2/mfcc/raw_mfcc_train.1.ark:514620
mjrh0_sx45 /nfs-share/titouan/workspace/kaldi/egs/timit/s5_la2/mfcc/raw_mfcc_train.3.ark:1541510
mpfu0_si628 /nfs-share/titouan/workspace/kaldi/egs/timit/s5_la2/mfcc/raw_mfcc_train.3.ark:3573833
mejl0_si1654 /nfs-share/titouan/workspace/kaldi/egs/timit/s5_la2/mfcc/raw_mfcc_train.2.ark:3252385
mrtj0_sx412 /nfs-share/titouan/workspace/kaldi/egs/timit/s5_la2/mfcc/raw_mfcc_train.4.ark:1576399
mtcs0_si1972 /nfs-share/titouan/workspace/kaldi/egs/timit/s5_la2/mfcc/raw_mfcc_train.4.ark:2504105
falr0_si1955 /nfs-share/titouan/workspace/kaldi/egs/timit/s5_la2/mfcc/raw_mfcc_train.1.ark:105942
mrjt0_si1805 /nfs-share/titouan/workspace/kaldi/egs/timit/s5_la2/mfcc/raw_mfcc_train.4.ark:987766
fdkn0_sx91 /nfs-share/titouan/workspace/kaldi/egs/timit/s5_la2/mfcc/raw_mfcc_train.1.ark:943808
mjac0_si1331 /nfs-share/titouan/workspace/kaldi/egs/timit/s5_la2/mfcc/raw_mfcc_train.3.ark:543920
ftlg0_si1743 /nfs-share/titouan/workspace/kaldi/egs/timit/s5_la2/mfcc/raw_mfcc_train.2.ark:501942
mjwg0_si2155 /nfs-share/titouan/workspace/kaldi/egs/timit/s5_la2/mfcc/raw_mfcc_train.3.ark:1676907
mesg0_si1332 /nfs-share/titouan/workspace/kaldi/egs/timit/s5_la2/mfcc/raw_mfcc_train.2.ark:3309106
mgag0_sx151 /nfs-share/titouan/workspace/kaldi/egs/timit/s5_la2/mfcc/raw_mfcc_train.2.ark:3625364
feac0_sx255 /nfs-share/titouan/workspace/kaldi/egs/timit/s5_la2/mfcc/raw_mfcc_train.1.ark:1138820
fskp0_sx378 /nfs-share/titouan/workspace/kaldi/egs/timit/s5_la2/mfcc/raw_mfcc_train.2.ark:172489
mcpm0_sx294 /nfs-share/titouan/workspace/kaldi/egs/timit/s5_la2/mfcc/raw_mfcc_train.2.ark:1796062
mrjm1_si1928 /nfs-share/titouan/workspace/kaldi/egs/timit/s5_la2/mfcc/raw_mfcc_train.4.ark:956041
milb0_si903 /nfs-share/titouan/workspace/kaldi/egs/timit/s5_la2/mfcc/raw_mfcc_train.3.ark:522586
fsah0_sx327 /nfs-share/titouan/workspace/kaldi/egs/timit/s5_la2/mfcc/raw_mfcc_train.1.ark:3611208
mjlg1_si2272 /nfs-share/titouan/workspace/kaldi/egs/timit/s5_la2/mfcc/raw_mfcc_train.3.ark:1209482
fmjb0_sx7 /nfs-share/titouan/workspace/kaldi/egs/timit/s5_la2/mfcc/raw_mfcc_train.1.ark:2910552
mtdp0_si2151 /nfs-share/titouan/workspace/kaldi/egs/timit/s5_la2/mfcc/raw_mfcc_train.4.ark:2577906
mvrw0_sx405 /nfs-share/titouan/workspace/kaldi/egs/timit/s5_la2/mfcc/raw_mfcc_train.4.ark:3418652
mtbc0_si543 /nfs-share/titouan/workspace/kaldi/egs/timit/s5_la2/mfcc/raw_mfcc_train.4.ark:2478193
mjrh1_sx334 /nfs-share/titouan/workspace/kaldi/egs/timit/s5_la2/mfcc/raw_mfcc_train.3.ark:1567190
mklw0_si1571 /nfs-share/titouan/workspace/kaldi/egs/timit/s5_la2/mfcc/raw_mfcc_train.3.ark:2268223
mjrk0_si1662 /nfs-share/titouan/workspace/kaldi/egs/timit/s5_la2/mfcc/raw_mfcc_train.3.ark:1577312
mtml0_sx345 /nfs-share/titouan/workspace/kaldi/egs/timit/s5_la2/mfcc/raw_mfcc_train.4.ark:2927534
ftbr0_sx381 /nfs-share/titouan/workspace/kaldi/egs/timit/s5_la2/mfcc/raw_mfcc_train.2.ark:466569
msrr0_si1761 /nfs-share/titouan/workspace/kaldi/egs/timit/s5_la2/mfcc/raw_mfcc_train.4.ark:2234975
mntw0_sx202 /nfs-share/titouan/workspace/kaldi/egs/timit/s5_la2/mfcc/raw_mfcc_train.3.ark:3492283
mram0_sx105 /nfs-share/titouan/workspace/kaldi/egs/timit/s5_la2/mfcc/raw_mfcc_train.4.ark:298712
mmea0_sx398 /nfs-share/titouan/workspace/kaldi/egs/timit/s5_la2/mfcc/raw_mfcc_train.3.ark:2992219
fdml0_si1779 /nfs-share/titouan/workspace/kaldi/egs/timit/s5_la2/mfcc/raw_mfcc_train.1.ark:952768
mtjg0_sx260 /nfs-share/titouan/workspace/kaldi/egs/timit/s5_la2/mfcc/raw_mfcc_train.4.ark:2657138
mabc0_sx331 /nfs-share/titouan/workspace/kaldi/egs/timit/s5_la2/mfcc/raw_mfcc_train.2.ark:677685
flja0_si2338 /nfs-share/titouan/workspace/kaldi/egs/timit/s5_la2/mfcc/raw_mfcc_train.1.ark:2496245
fdfb0_sx148 /nfs-share/titouan/workspace/kaldi/egs/timit/s5_la2/mfcc/raw_mfcc_train.1.ark:862234
mmgk0_si692 /nfs-share/titouan/workspace/kaldi/egs/timit/s5_la2/mfcc/raw_mfcc_train.3.ark:3093995
medr0_sx204 /nfs-share/titouan/workspace/kaldi/egs/timit/s5_la2/mfcc/raw_mfcc_train.2.ark:3166959
fjwb1_sx345 /nfs-share/titouan/workspace/kaldi/egs/timit/s5_la2/mfcc/raw_mfcc_train.1.ark:1939425
mjfr0_si1605 /nfs-share/titouan/workspace/kaldi/egs/timit/s5_la2/mfcc/raw_mfcc_train.3.ark:968606
fecd0_si2048 /nfs-share/titouan/workspace/kaldi/egs/timit/s5_la2/mfcc/raw_mfcc_train.1.ark:1194800
mram0_sx15 /nfs-share/titouan/workspace/kaldi/egs/timit/s5_la2/mfcc/raw_mfcc_train.4.ark:301981
mkdd0_si1567 /nfs-share/titouan/workspace/kaldi/egs/timit/s5_la2/mfcc/raw_mfcc_train.3.ark:2011744
mbwp0_si709 /nfs-share/titouan/workspace/kaldi/egs/timit/s5_la2/mfcc/raw_mfcc_train.2.ark:1408802
mddc0_si789 /nfs-share/titouan/workspace/kaldi/egs/timit/s5_la2/mfcc/raw_mfcc_train.2.ark:2161769
fljg0_sx171 /nfs-share/titouan/workspace/kaldi/egs/timit/s5_la2/mfcc/raw_mfcc_train.1.ark:2567632
mdlb0_sx46 /nfs-share/titouan/workspace/kaldi/egs/timit/s5_la2/mfcc/raw_mfcc_train.2.ark:2448572
fcdr1_si556 /nfs-share/titouan/workspace/kaldi/egs/timit/s5_la2/mfcc/raw_mfcc_train.1.ark:482135
mbbr0_sx245 /nfs-share/titouan/workspace/kaldi/egs/timit/s5_la2/mfcc/raw_mfcc_train.2.ark:1085830
mdlc1_si1435 /nfs-share/titouan/workspace/kaldi/egs/timit/s5_la2/mfcc/raw_mfcc_train.2.ark:2486636
mclk0_si650 /nfs-share/titouan/workspace/kaldi/egs/timit/s5_la2/mfcc/raw_mfcc_train.2.ark:1717661
mgxp0_sx97 /nfs-share/titouan/workspace/kaldi/egs/timit/s5_la2/mfcc/raw_mfcc_train.3.ark:295731
mdss0_sx441 /nfs-share/titouan/workspace/kaldi/egs/timit/s5_la2/mfcc/raw_mfcc_train.2.ark:2960028
fvfb0_sx42 /nfs-share/titouan/workspace/kaldi/egs/timit/s5_la2/mfcc/raw_mfcc_train.2.ark:594119
fsjw0_sx343 /nfs-share/titouan/workspace/kaldi/egs/timit/s5_la2/mfcc/raw_mfcc_train.2.ark:70151
mbar0_si1949 /nfs-share/titouan/workspace/kaldi/egs/timit/s5_la2/mfcc/raw_mfcc_train.2.ark:1043150
fbcg1_si1612 /nfs-share/titouan/workspace/kaldi/egs/timit/s5_la2/mfcc/raw_mfcc_train.1.ark:207117
fajw0_sx183 /nfs-share/titouan/workspace/kaldi/egs/timit/s5_la2/mfcc/raw_mfcc_train.1.ark:49518
fjdm2_sx412 /nfs-share/titouan/workspace/kaldi/egs/timit/s5_la2/mfcc/raw_mfcc_train.1.ark:1607814
fmkc0_si1041 /nfs-share/titouan/workspace/kaldi/egs/timit/s5_la2/mfcc/raw_mfcc_train.1.ark:2986119
mdcd0_sx65 /nfs-share/titouan/workspace/kaldi/egs/timit/s5_la2/mfcc/raw_mfcc_train.2.ark:2119166
mcal0_sx148 /nfs-share/titouan/workspace/kaldi/egs/timit/s5_la2/mfcc/raw_mfcc_train.2.ark:1488455
mdns0_sx291 /nfs-share/titouan/workspace/kaldi/egs/timit/s5_la2/mfcc/raw_mfcc_train.2.ark:2771601
mhjb0_si1017 /nfs-share/titouan/workspace/kaldi/egs/timit/s5_la2/mfcc/raw_mfcc_train.3.ark:361243
mgag0_sx331 /nfs-share/titouan/workspace/kaldi/egs/timit/s5_la2/mfcc/raw_mfcc_train.2.ark:3631995
mdlr0_si1863 /nfs-share/titouan/workspace/kaldi/egs/timit/s5_la2/mfcc/raw_mfcc_train.2.ark:2614428
mhit0_sx443 /nfs-share/titouan/workspace/kaldi/egs/timit/s5_la2/mfcc/raw_mfcc_train.3.ark:353936
mmwb0_si989 /nfs-share/titouan/workspace/kaldi/egs/timit/s5_la2/mfcc/raw_mfcc_train.3.ark:3326198
msjk0_sx246 /nfs-share/titouan/workspace/kaldi/egs/timit/s5_la2/mfcc/raw_mfcc_train.4.ark:2086863
mjjm0_sx377 /nfs-share/titouan/workspace/kaldi/egs/timit/s5_la2/mfcc/raw_mfcc_train.3.ark:1134880
mjjb0_si1277 /nfs-share/titouan/workspace/kaldi/egs/timit/s5_la2/mfcc/raw_mfcc_train.3.ark:1041657
mklw0_sx221 /nfs-share/titouan/workspace/kaldi/egs/timit/s5_la2/mfcc/raw_mfcc_train.3.ark:2283177
mjeb0_si1286 /nfs-share/titouan/workspace/kaldi/egs/timit/s5_la2/mfcc/raw_mfcc_train.3.ark:844007
fmmh0_sx367 /nfs-share/titouan/workspace/kaldi/egs/timit/s5_la2/mfcc/raw_mfcc_train.1.ark:3070358
fmem0_sx297 /nfs-share/titouan/workspace/kaldi/egs/timit/s5_la2/mfcc/raw_mfcc_train.1.ark:2869370
fear0_si1252 /nfs-share/titouan/workspace/kaldi/egs/timit/s5_la2/mfcc/raw_mfcc_train.1.ark:1154448
mdpk0_si552 /nfs-share/titouan/workspace/kaldi/egs/timit/s5_la2/mfcc/raw_mfcc_train.2.ark:2819528
marw0_sx106 /nfs-share/titouan/workspace/kaldi/egs/timit/s5_la2/mfcc/raw_mfcc_train.2.ark:1014039
mrlj0_si1420 /nfs-share/titouan/workspace/kaldi/egs/timit/s5_la2/mfcc/raw_mfcc_train.4.ark:1086311
mjmm0_sx265 /nfs-share/titouan/workspace/kaldi/egs/timit/s5_la2/mfcc/raw_mfcc_train.3.ark:1341246
mmdm0_sx321 /nfs-share/titouan/workspace/kaldi/egs/timit/s5_la2/mfcc/raw_mfcc_train.3.ark:2895614
mrtj0_sx322 /nfs-share/titouan/workspace/kaldi/egs/timit/s5_la2/mfcc/raw_mfcc_train.4.ark:1572557
msas0_sx116 /nfs-share/titouan/workspace/kaldi/egs/timit/s5_la2/mfcc/raw_mfcc_train.4.ark:1751337
mgaf0_sx112 /nfs-share/titouan/workspace/kaldi/egs/timit/s5_la2/mfcc/raw_mfcc_train.2.ark:3597124
mkls1_sx15 /nfs-share/titouan/workspace/kaldi/egs/timit/s5_la2/mfcc/raw_mfcc_train.3.ark:2254011
maeb0_sx90 /nfs-share/titouan/workspace/kaldi/egs/timit/s5_la2/mfcc/raw_mfcc_train.2.ark:782454
mjeb0_si1916 /nfs-share/titouan/workspace/kaldi/egs/timit/s5_la2/mfcc/raw_mfcc_train.3.ark:848448
mjjj0_sx173 /nfs-share/titouan/workspace/kaldi/egs/timit/s5_la2/mfcc/raw_mfcc_train.3.ark:1085214
mdjm0_sx375 /nfs-share/titouan/workspace/kaldi/egs/timit/s5_la2/mfcc/raw_mfcc_train.2.ark:2376450
maeb0_si990 /nfs-share/titouan/workspace/kaldi/egs/timit/s5_la2/mfcc/raw_mfcc_train.2.ark:762920
msjk0_si966 /nfs-share/titouan/workspace/kaldi/egs/timit/s5_la2/mfcc/raw_mfcc_train.4.ark:2078646
mcss0_sx390 /nfs-share/titouan/workspace/kaldi/egs/timit/s5_la2/mfcc/raw_mfcc_train.2.ark:1863067
fsls0_sx426 /nfs-share/titouan/workspace/kaldi/egs/timit/s5_la2/mfcc/raw_mfcc_train.2.ark:200725
mbgt0_si1841 /nfs-share/titouan/workspace/kaldi/egs/timit/s5_la2/mfcc/raw_mfcc_train.2.ark:1159143
mdss1_si1713 /nfs-share/titouan/workspace/kaldi/egs/timit/s5_la2/mfcc/raw_mfcc_train.2.ark:2971217
mgaw0_si1802 /nfs-share/titouan/workspace/kaldi/egs/timit/s5_la2/mfcc/raw_mfcc_train.3.ark:38325
mjae0_sx264 /nfs-share/titouan/workspace/kaldi/egs/timit/s5_la2/mfcc/raw_mfcc_train.3.ark:592367
mmar0_si1336 /nfs-share/titouan/workspace/kaldi/egs/timit/s5_la2/mfcc/raw_mfcc_train.3.ark:2704037
mram0_si1275 /nfs-share/titouan/workspace/kaldi/egs/timit/s5_la2/mfcc/raw_mfcc_train.4.ark:285442
mdlh0_si700 /nfs-share/titouan/workspace/kaldi/egs/timit/s5_la2/mfcc/raw_mfcc_train.2.ark:2554105
fskp0_sx288 /nfs-share/titouan/workspace/kaldi/egs/timit/s5_la2/mfcc/raw_mfcc_train.2.ark:168504
mbwp0_si1531 /nfs-share/titouan/workspace/kaldi/egs/timit/s5_la2/mfcc/raw_mfcc_train.2.ark:1403002
mmpm0_si2321 /nfs-share/titouan/workspace/kaldi/egs/timit/s5_la2/mfcc/raw_mfcc_train.3.ark:3181462
fpjf0_sx326 /nfs-share/titouan/workspace/kaldi/egs/timit/s5_la2/mfcc/raw_mfcc_train.1.ark:3384267
meal0_sx287 /nfs-share/titouan/workspace/kaldi/egs/timit/s5_la2/mfcc/raw_mfcc_train.2.ark:3138685
mmrp0_sx144 /nfs-share/titouan/workspace/kaldi/egs/timit/s5_la2/mfcc/raw_mfcc_train.3.ark:3217041
mklr0_si1689 /nfs-share/titouan/workspace/kaldi/egs/timit/s5_la2/mfcc/raw_mfcc_train.3.ark:2178566
mlbc0_si1239 /nfs-share/titouan/workspace/kaldi/egs/timit/s5_la2/mfcc/raw_mfcc_train.3.ark:2363789
fceg0_si618 /nfs-share/titouan/workspace/kaldi/egs/timit/s5_la2/mfcc/raw_mfcc_train.1.ark:516395
mchl0_sx267 /nfs-share/titouan/workspace/kaldi/egs/timit/s5_la2/mfcc/raw_mfcc_train.2.ark:1694478
mprb0_sx215 /nfs-share/titouan/workspace/kaldi/egs/timit/s5_la2/mfcc/raw_mfcc_train.4.ark:36378
flhd0_si1827 /nfs-share/titouan/workspace/kaldi/egs/timit/s5_la2/mfcc/raw_mfcc_train.1.ark:2459506
mppc0_sx332 /nfs-share/titouan/workspace/kaldi/egs/timit/s5_la2/mfcc/raw_mfcc_train.4.ark:3971
fmjf0_sx84 /nfs-share/titouan/workspace/kaldi/egs/timit/s5_la2/mfcc/raw_mfcc_train.1.ark:2946885
mjeb1_sx207 /nfs-share/titouan/workspace/kaldi/egs/timit/s5_la2/mfcc/raw_mfcc_train.3.ark:896405
msat1_si2333 /nfs-share/titouan/workspace/kaldi/egs/timit/s5_la2/mfcc/raw_mfcc_train.4.ark:1803900
fcrz0_sx343 /nfs-share/titouan/workspace/kaldi/egs/timit/s5_la2/mfcc/raw_mfcc_train.1.ark:738362
fleh0_si1681 /nfs-share/titouan/workspace/kaldi/egs/timit/s5_la2/mfcc/raw_mfcc_train.1.ark:2397992
fvkb0_sx169 /nfs-share/titouan/workspace/kaldi/egs/timit/s5_la2/mfcc/raw_mfcc_train.2.ark:606980
fdaw0_sx146 /nfs-share/titouan/workspace/kaldi/egs/timit/s5_la2/mfcc/raw_mfcc_train.1.ark:833823
fsbk0_si1069 /nfs-share/titouan/workspace/kaldi/egs/timit/s5_la2/mfcc/raw_mfcc_train.1.ark:3659393
mdjm0_si2085 /nfs-share/titouan/workspace/kaldi/egs/timit/s5_la2/mfcc/raw_mfcc_train.2.ark:2355206
mbjv0_si1247 /nfs-share/titouan/workspace/kaldi/egs/timit/s5_la2/mfcc/raw_mfcc_train.2.ark:1191523
mjrh1_si514 /nfs-share/titouan/workspace/kaldi/egs/timit/s5_la2/mfcc/raw_mfcc_train.3.ark:1555170
mrlj1_sx141 /nfs-share/titouan/workspace/kaldi/egs/timit/s5_la2/mfcc/raw_mfcc_train.4.ark:1127081
mdlc0_si1395 /nfs-share/titouan/workspace/kaldi/egs/timit/s5_la2/mfcc/raw_mfcc_train.2.ark:2451973
mkdd0_sx127 /nfs-share/titouan/workspace/kaldi/egs/timit/s5_la2/mfcc/raw_mfcc_train.3.ark:2028718
mmeb0_si727 /nfs-share/titouan/workspace/kaldi/egs/timit/s5_la2/mfcc/raw_mfcc_train.3.ark:3003981
fdjh0_sx35 /nfs-share/titouan/workspace/kaldi/egs/timit/s5_la2/mfcc/raw_mfcc_train.1.ark:903508
makb0_si2276 /nfs-share/titouan/workspace/kaldi/egs/timit/s5_la2/mfcc/raw_mfcc_train.2.ark:892163
mljh0_sx154 /nfs-share/titouan/workspace/kaldi/egs/timit/s5_la2/mfcc/raw_mfcc_train.3.ark:2483712
mlns0_sx327 /nfs-share/titouan/workspace/kaldi/egs/timit/s5_la2/mfcc/raw_mfcc_train.3.ark:2523524
mrem0_sx151 /nfs-share/titouan/workspace/kaldi/egs/timit/s5_la2/mfcc/raw_mfcc_train.4.ark:620475
fspm0_sx71 /nfs-share/titouan/workspace/kaldi/egs/timit/s5_la2/mfcc/raw_mfcc_train.2.ark:343101
mtlb0_si1134 /nfs-share/titouan/workspace/kaldi/egs/timit/s5_la2/mfcc/raw_mfcc_train.4.ark:2844157
mdbp0_sx258 /nfs-share/titouan/workspace/kaldi/egs/timit/s5_la2/mfcc/raw_mfcc_train.2.ark:2072419
fblv0_sx338 /nfs-share/titouan/workspace/kaldi/egs/timit/s5_la2/mfcc/raw_mfcc_train.1.ark:329771
mrdd0_sx150 /nfs-share/titouan/workspace/kaldi/egs/timit/s5_la2/mfcc/raw_mfcc_train.4.ark:458470
mdsj0_si1462 /nfs-share/titouan/workspace/kaldi/egs/timit/s5_la2/mfcc/raw_mfcc_train.2.ark:2907525
fcag0_si1641 /nfs-share/titouan/workspace/kaldi/egs/timit/s5_la2/mfcc/raw_mfcc_train.1.ark:413802
fsdj0_sx395 /nfs-share/titouan/workspace/kaldi/egs/timit/s5_la2/mfcc/raw_mfcc_train.1.ark:3788587
fpmy0_sx196 /nfs-share/titouan/workspace/kaldi/egs/timit/s5_la2/mfcc/raw_mfcc_train.1.ark:3448501
mbwp0_sx169 /nfs-share/titouan/workspace/kaldi/egs/timit/s5_la2/mfcc/raw_mfcc_train.2.ark:1413151
mwch0_si1622 /nfs-share/titouan/workspace/kaldi/egs/timit/s5_la2/mfcc/raw_mfcc_train.4.ark:3520265
mbcg0_si957 /nfs-share/titouan/workspace/kaldi/egs/timit/s5_la2/mfcc/raw_mfcc_train.2.ark:1106074
mwsb0_si2256 /nfs-share/titouan/workspace/kaldi/egs/timit/s5_la2/mfcc/raw_mfcc_train.4.ark:3713654
mjhi0_sx428 /nfs-share/titouan/workspace/kaldi/egs/timit/s5_la2/mfcc/raw_mfcc_train.3.ark:1028180
fksr0_sx366 /nfs-share/titouan/workspace/kaldi/egs/timit/s5_la2/mfcc/raw_mfcc_train.1.ark:2312413
mmws0_sx78 /nfs-share/titouan/workspace/kaldi/egs/timit/s5_la2/mfcc/raw_mfcc_train.3.ark:3384333
mhxl0_sx152 /nfs-share/titouan/workspace/kaldi/egs/timit/s5_la2/mfcc/raw_mfcc_train.3.ark:492234
mlel0_si616 /nfs-share/titouan/workspace/kaldi/egs/timit/s5_la2/mfcc/raw_mfcc_train.3.ark:2402562
mjwg0_si813 /nfs-share/titouan/workspace/kaldi/egs/timit/s5_la2/mfcc/raw_mfcc_train.3.ark:1680190
mrab1_sx128 /nfs-share/titouan/workspace/kaldi/egs/timit/s5_la2/mfcc/raw_mfcc_train.4.ark:230113
fetb0_sx428 /nfs-share/titouan/workspace/kaldi/egs/timit/s5_la2/mfcc/raw_mfcc_train.1.ark:1318350
fbch0_sx146 /nfs-share/titouan/workspace/kaldi/egs/timit/s5_la2/mfcc/raw_mfcc_train.1.ark:254177
fbcg1_sx442 /nfs-share/titouan/workspace/kaldi/egs/timit/s5_la2/mfcc/raw_mfcc_train.1.ark:230807
fpaf0_sx64 /nfs-share/titouan/workspace/kaldi/egs/timit/s5_la2/mfcc/raw_mfcc_train.1.ark:3327148
mcdd0_sx433 /nfs-share/titouan/workspace/kaldi/egs/timit/s5_la2/mfcc/raw_mfcc_train.2.ark:1561741
megj0_sx257 /nfs-share/titouan/workspace/kaldi/egs/timit/s5_la2/mfcc/raw_mfcc_train.2.ark:3234450
msrg0_sx411 /nfs-share/titouan/workspace/kaldi/egs/timit/s5_la2/mfcc/raw_mfcc_train.4.ark:2224319
mkes0_sx443 /nfs-share/titouan/workspace/kaldi/egs/timit/s5_la2/mfcc/raw_mfcc_train.3.ark:2105799
mdbb1_si1636 /nfs-share/titouan/workspace/kaldi/egs/timit/s5_la2/mfcc/raw_mfcc_train.2.ark:2030675
mrcw0_si2001 /nfs-share/titouan/workspace/kaldi/egs/timit/s5_la2/mfcc/raw_mfcc_train.4.ark:420893
mmds0_sx263 /nfs-share/titouan/workspace/kaldi/egs/timit/s5_la2/mfcc/raw_mfcc_train.3.ark:2955586
mmam0_si1597 /nfs-share/titouan/workspace/kaldi/egs/timit/s5_la2/mfcc/raw_mfcc_train.3.ark:2676029
mmgc0_sx405 /nfs-share/titouan/workspace/kaldi/egs/timit/s5_la2/mfcc/raw_mfcc_train.3.ark:3048707
fpac0_sx31 /nfs-share/titouan/workspace/kaldi/egs/timit/s5_la2/mfcc/raw_mfcc_train.1.ark:3256111
fljg0_si2241 /nfs-share/titouan/workspace/kaldi/egs/timit/s5_la2/mfcc/raw_mfcc_train.1.ark:2558206
mcae0_sx277 /nfs-share/titouan/workspace/kaldi/egs/timit/s5_la2/mfcc/raw_mfcc_train.2.ark:1459859
mrjm0_si1228 /nfs-share/titouan/workspace/kaldi/egs/timit/s5_la2/mfcc/raw_mfcc_train.4.ark:920233
mmbs0_sx431 /nfs-share/titouan/workspace/kaldi/egs/timit/s5_la2/mfcc/raw_mfcc_train.3.ark:2772075
mprk0_sx377 /nfs-share/titouan/workspace/kaldi/egs/timit/s5_la2/mfcc/raw_mfcc_train.4.ark:125003
flet0_si507 /nfs-share/titouan/workspace/kaldi/egs/timit/s5_la2/mfcc/raw_mfcc_train.1.ark:2433482
mrgs0_sx96 /nfs-share/titouan/workspace/kaldi/egs/timit/s5_la2/mfcc/raw_mfcc_train.4.ark:807245
mbom0_si1644 /nfs-share/titouan/workspace/kaldi/egs/timit/s5_la2/mfcc/raw_mfcc_train.2.ark:1321109
mjhi0_sx338 /nfs-share/titouan/workspace/kaldi/egs/timit/s5_la2/mfcc/raw_mfcc_train.3.ark:1023974
msms0_si1433 /nfs-share/titouan/workspace/kaldi/egs/timit/s5_la2/mfcc/raw_mfcc_train.4.ark:2168943
fklc0_sx265 /nfs-share/titouan/workspace/kaldi/egs/timit/s5_la2/mfcc/raw_mfcc_train.1.ark:2212719
majp0_sx264 /nfs-share/titouan/workspace/kaldi/egs/timit/s5_la2/mfcc/raw_mfcc_train.2.ark:862453
mcth0_sx219 /nfs-share/titouan/workspace/kaldi/egs/timit/s5_la2/mfcc/raw_mfcc_train.2.ark:1883020
fsms1_sx64 /nfs-share/titouan/workspace/kaldi/egs/timit/s5_la2/mfcc/raw_mfcc_train.2.ark:306956
mjrh0_si1125 /nfs-share/titouan/workspace/kaldi/egs/timit/s5_la2/mfcc/raw_mfcc_train.3.ark:1512925
mcss0_sx210 /nfs-share/titouan/workspace/kaldi/egs/timit/s5_la2/mfcc/raw_mfcc_train.2.ark:1853986
mmar0_sx436 /nfs-share/titouan/workspace/kaldi/egs/timit/s5_la2/mfcc/raw_mfcc_train.3.ark:2736268
fsmm0_sx144 /nfs-share/titouan/workspace/kaldi/egs/timit/s5_la2/mfcc/raw_mfcc_train.2.ark:254729
mwre0_sx427 /nfs-share/titouan/workspace/kaldi/egs/timit/s5_la2/mfcc/raw_mfcc_train.4.ark:3669610
mdlc1_si2144 /nfs-share/titouan/workspace/kaldi/egs/timit/s5_la2/mfcc/raw_mfcc_train.2.ark:2498170
mdss1_sx337 /nfs-share/titouan/workspace/kaldi/egs/timit/s5_la2/mfcc/raw_mfcc_train.2.ark:2985623
mrdm0_sx65 /nfs-share/titouan/workspace/kaldi/egs/timit/s5_la2/mfcc/raw_mfcc_train.4.ark:505627
mcew0_sx92 /nfs-share/titouan/workspace/kaldi/egs/timit/s5_la2/mfcc/raw_mfcc_train.2.ark:1672678
flkm0_si686 /nfs-share/titouan/workspace/kaldi/egs/timit/s5_la2/mfcc/raw_mfcc_train.1.ark:2603418
mljc0_si595 /nfs-share/titouan/workspace/kaldi/egs/timit/s5_la2/mfcc/raw_mfcc_train.3.ark:2441866
mdlc0_sx45 /nfs-share/titouan/workspace/kaldi/egs/timit/s5_la2/mfcc/raw_mfcc_train.2.ark:2482702
mrjm0_si1095 /nfs-share/titouan/workspace/kaldi/egs/timit/s5_la2/mfcc/raw_mfcc_train.4.ark:917313
mrai0_si792 /nfs-share/titouan/workspace/kaldi/egs/timit/s5_la2/mfcc/raw_mfcc_train.4.ark:258100
mwre0_sx337 /nfs-share/titouan/workspace/kaldi/egs/timit/s5_la2/mfcc/raw_mfcc_train.4.ark:3665248
mdlc2_sx84 /nfs-share/titouan/workspace/kaldi/egs/timit/s5_la2/mfcc/raw_mfcc_train.2.ark:2542552
mbjv0_sx77 /nfs-share/titouan/workspace/kaldi/egs/timit/s5_la2/mfcc/raw_mfcc_train.2.ark:1218001
fcjf0_sx307 /nfs-share/titouan/workspace/kaldi/egs/timit/s5_la2/mfcc/raw_mfcc_train.1.ark:554407
feme0_sx425 /nfs-share/titouan/workspace/kaldi/egs/timit/s5_la2/mfcc/raw_mfcc_train.1.ark:1287535
mcxm0_sx181 /nfs-share/titouan/workspace/kaldi/egs/timit/s5_la2/mfcc/raw_mfcc_train.2.ark:1942329
mtat0_si1740 /nfs-share/titouan/workspace/kaldi/egs/timit/s5_la2/mfcc/raw_mfcc_train.4.ark:2409003
mpmb0_sx61 /nfs-share/titouan/workspace/kaldi/egs/timit/s5_la2/mfcc/raw_mfcc_train.3.ark:3736985
fbjl0_si1552 /nfs-share/titouan/workspace/kaldi/egs/timit/s5_la2/mfcc/raw_mfcc_train.1.ark:274856
fjdm2_si1964 /nfs-share/titouan/workspace/kaldi/egs/timit/s5_la2/mfcc/raw_mfcc_train.1.ark:1584768
mwre0_sx157 /nfs-share/titouan/workspace/kaldi/egs/timit/s5_la2/mfcc/raw_mfcc_train.4.ark:3656966
mjmd0_sx128 /nfs-share/titouan/workspace/kaldi/egs/timit/s5_la2/mfcc/raw_mfcc_train.3.ark:1306381
maeo0_sx336 /nfs-share/titouan/workspace/kaldi/egs/timit/s5_la2/mfcc/raw_mfcc_train.2.ark:804014
mtpf0_sx155 /nfs-share/titouan/workspace/kaldi/egs/timit/s5_la2/mfcc/raw_mfcc_train.4.ark:3020420
mrlj1_sx51 /nfs-share/titouan/workspace/kaldi/egs/timit/s5_la2/mfcc/raw_mfcc_train.4.ark:1140927
mmaa0_sx215 /nfs-share/titouan/workspace/kaldi/egs/timit/s5_la2/mfcc/raw_mfcc_train.3.ark:2589541
mejs0_sx160 /nfs-share/titouan/workspace/kaldi/egs/timit/s5_la2/mfcc/raw_mfcc_train.2.ark:3290273
mges0_si851 /nfs-share/titouan/workspace/kaldi/egs/timit/s5_la2/mfcc/raw_mfcc_train.3.ark:67067
fbas0_sx217 /nfs-share/titouan/workspace/kaldi/egs/timit/s5_la2/mfcc/raw_mfcc_train.1.ark:193725
mdlh0_sx430 /nfs-share/titouan/workspace/kaldi/egs/timit/s5_la2/mfcc/raw_mfcc_train.2.ark:2573542
mgrl0_sx237 /nfs-share/titouan/workspace/kaldi/egs/timit/s5_la2/mfcc/raw_mfcc_train.3.ark:142167
mjda0_sx41 /nfs-share/titouan/workspace/kaldi/egs/timit/s5_la2/mfcc/raw_mfcc_train.3.ark:699874
mjbg0_sx332 /nfs-share/titouan/workspace/kaldi/egs/timit/s5_la2/mfcc/raw_mfcc_train.3.ark:661895
mmrp0_si717 /nfs-share/titouan/workspace/kaldi/egs/timit/s5_la2/mfcc/raw_mfcc_train.3.ark:3209019
mtjg0_sx170 /nfs-share/titouan/workspace/kaldi/egs/timit/s5_la2/mfcc/raw_mfcc_train.4.ark:2651333
fsgf0_si927 /nfs-share/titouan/workspace/kaldi/egs/timit/s5_la2/mfcc/raw_mfcc_train.1.ark:3801272
mjma0_sx145 /nfs-share/titouan/workspace/kaldi/egs/timit/s5_la2/mfcc/raw_mfcc_train.3.ark:1279998
mcre0_si1751 /nfs-share/titouan/workspace/kaldi/egs/timit/s5_la2/mfcc/raw_mfcc_train.2.ark:1808690
mgsh0_sx96 /nfs-share/titouan/workspace/kaldi/egs/timit/s5_la2/mfcc/raw_mfcc_train.3.ark:223887
ftaj0_si1329 /nfs-share/titouan/workspace/kaldi/egs/timit/s5_la2/mfcc/raw_mfcc_train.2.ark:412774
fjrb0_sx402 /nfs-share/titouan/workspace/kaldi/egs/timit/s5_la2/mfcc/raw_mfcc_train.1.ark:1804225
fsjw0_si1333 /nfs-share/titouan/workspace/kaldi/egs/timit/s5_la2/mfcc/raw_mfcc_train.2.ark:49120
mdmt0_sx302 /nfs-share/titouan/workspace/kaldi/egs/timit/s5_la2/mfcc/raw_mfcc_train.2.ark:2734488
fksr0_sx161 /nfs-share/titouan/workspace/kaldi/egs/timit/s5_la2/mfcc/raw_mfcc_train.1.ark:2304235
fgcs0_sx406 /nfs-share/titouan/workspace/kaldi/egs/timit/s5_la2/mfcc/raw_mfcc_train.1.ark:1387508
mtmt0_si1748 /nfs-share/titouan/workspace/kaldi/egs/timit/s5_la2/mfcc/raw_mfcc_train.4.ark:2979867
fhxs0_sx265 /nfs-share/titouan/workspace/kaldi/egs/timit/s5_la2/mfcc/raw_mfcc_train.1.ark:1566597
fjen0_sx147 /nfs-share/titouan/workspace/kaldi/egs/timit/s5_la2/mfcc/raw_mfcc_train.1.ark:1629054
mrso0_si1659 /nfs-share/titouan/workspace/kaldi/egs/timit/s5_la2/mfcc/raw_mfcc_train.4.ark:1443579
mmvp0_sx347 /nfs-share/titouan/workspace/kaldi/egs/timit/s5_la2/mfcc/raw_mfcc_train.3.ark:3303860
mwem0_sx150 /nfs-share/titouan/workspace/kaldi/egs/timit/s5_la2/mfcc/raw_mfcc_train.4.ark:3590356
fjsk0_sx62 /nfs-share/titouan/workspace/kaldi/egs/timit/s5_la2/mfcc/raw_mfcc_train.1.ark:1884517
mtpr0_sx430 /nfs-share/titouan/workspace/kaldi/egs/timit/s5_la2/mfcc/raw_mfcc_train.4.ark:3126302
mfxv0_sx195 /nfs-share/titouan/workspace/kaldi/egs/timit/s5_la2/mfcc/raw_mfcc_train.2.ark:3573290
mrds0_sx357 /nfs-share/titouan/workspace/kaldi/egs/timit/s5_la2/mfcc/raw_mfcc_train.4.ark:526991
mgrp0_sx327 /nfs-share/titouan/workspace/kaldi/egs/timit/s5_la2/mfcc/raw_mfcc_train.3.ark:178904
fdxw0_si881 /nfs-share/titouan/workspace/kaldi/egs/timit/s5_la2/mfcc/raw_mfcc_train.1.ark:1097305
mgaf0_sx292 /nfs-share/titouan/workspace/kaldi/egs/timit/s5_la2/mfcc/raw_mfcc_train.2.ark:3604775
fgdp0_si2248 /nfs-share/titouan/workspace/kaldi/egs/timit/s5_la2/mfcc/raw_mfcc_train.1.ark:1397683
fleh0_si1051 /nfs-share/titouan/workspace/kaldi/egs/timit/s5_la2/mfcc/raw_mfcc_train.1.ark:2392303
mdef0_sx123 /nfs-share/titouan/workspace/kaldi/egs/timit/s5_la2/mfcc/raw_mfcc_train.2.ark:2231792
mclm0_sx286 /nfs-share/titouan/workspace/kaldi/egs/timit/s5_la2/mfcc/raw_mfcc_train.2.ark:1764181
mmam0_sx427 /nfs-share/titouan/workspace/kaldi/egs/timit/s5_la2/mfcc/raw_mfcc_train.3.ark:2697263
mjxl0_si1172 /nfs-share/titouan/workspace/kaldi/egs/timit/s5_la2/mfcc/raw_mfcc_train.3.ark:1815961
mtdp0_si1274 /nfs-share/titouan/workspace/kaldi/egs/timit/s5_la2/mfcc/raw_mfcc_train.4.ark:2569024
mdlr1_sx399 /nfs-share/titouan/workspace/kaldi/egs/timit/s5_la2/mfcc/raw_mfcc_train.2.ark:2674235
mcew0_sx362 /nfs-share/titouan/workspace/kaldi/egs/timit/s5_la2/mfcc/raw_mfcc_train.2.ark:1661199
mmlm0_sx177 /nfs-share/titouan/workspace/kaldi/egs/timit/s5_la2/mfcc/raw_mfcc_train.3.ark:3157231
fleh0_sx241 /nfs-share/titouan/workspace/kaldi/egs/timit/s5_la2/mfcc/raw_mfcc_train.1.ark:2408739
mjfr0_sx75 /nfs-share/titouan/workspace/kaldi/egs/timit/s5_la2/mfcc/raw_mfcc_train.3.ark:1000440
mdcm0_sx130 /nfs-share/titouan/workspace/kaldi/egs/timit/s5_la2/mfcc/raw_mfcc_train.2.ark:2135420
mtdb0_sx321 /nfs-share/titouan/workspace/kaldi/egs/timit/s5_la2/mfcc/raw_mfcc_train.4.ark:2556718
mdas0_si1266 /nfs-share/titouan/workspace/kaldi/egs/timit/s5_la2/mfcc/raw_mfcc_train.2.ark:1995903
msjk0_sx66 /nfs-share/titouan/workspace/kaldi/egs/timit/s5_la2/mfcc/raw_mfcc_train.4.ark:2100572
mdmt0_sx212 /nfs-share/titouan/workspace/kaldi/egs/timit/s5_la2/mfcc/raw_mfcc_train.2.ark:2729970
mdlc2_sx444 /nfs-share/titouan/workspace/kaldi/egs/timit/s5_la2/mfcc/raw_mfcc_train.2.ark:2539023
fskc0_si786 /nfs-share/titouan/workspace/kaldi/egs/timit/s5_la2/mfcc/raw_mfcc_train.2.ark:91793
mbbr0_sx335 /nfs-share/titouan/workspace/kaldi/egs/timit/s5_la2/mfcc/raw_mfcc_train.2.ark:1088892
fsgf0_sx117 /nfs-share/titouan/workspace/kaldi/egs/timit/s5_la2/mfcc/raw_mfcc_train.1.ark:3808273
mrai0_sx162 /nfs-share/titouan/workspace/kaldi/egs/timit/s5_la2/mfcc/raw_mfcc_train.4.ark:264581
mdjm0_si1455 /nfs-share/titouan/workspace/kaldi/egs/timit/s5_la2/mfcc/raw_mfcc_train.2.ark:2349062
mkls0_si2067 /nfs-share/titouan/workspace/kaldi/egs/timit/s5_la2/mfcc/raw_mfcc_train.3.ark:2211665
mlel0_sx76 /nfs-share/titouan/workspace/kaldi/egs/timit/s5_la2/mfcc/raw_mfcc_train.3.ark:2427530
mmwb0_sx359 /nfs-share/titouan/workspace/kaldi/egs/timit/s5_la2/mfcc/raw_mfcc_train.3.ark:3340012
mjrk0_sx250 /nfs-share/titouan/workspace/kaldi/egs/timit/s5_la2/mfcc/raw_mfcc_train.3.ark:1592616
mtlc0_sx217 /nfs-share/titouan/workspace/kaldi/egs/timit/s5_la2/mfcc/raw_mfcc_train.4.ark:2894592
mrjm1_sx38 /nfs-share/titouan/workspace/kaldi/egs/timit/s5_la2/mfcc/raw_mfcc_train.4.ark:975393
mrem0_sx421 /nfs-share/titouan/workspace/kaldi/egs/timit/s5_la2/mfcc/raw_mfcc_train.4.ark:631897
fclt0_si808 /nfs-share/titouan/workspace/kaldi/egs/timit/s5_la2/mfcc/raw_mfcc_train.1.ark:627747
maeb0_sx450 /nfs-share/titouan/workspace/kaldi/egs/timit/s5_la2/mfcc/raw_mfcc_train.2.ark:778314
fjsp0_si1434 /nfs-share/titouan/workspace/kaldi/egs/timit/s5_la2/mfcc/raw_mfcc_train.1.ark:1888178
mgak0_si1666 /nfs-share/titouan/workspace/kaldi/egs/timit/s5_la2/mfcc/raw_mfcc_train.2.ark:3647975
mdwd0_sx450 /nfs-share/titouan/workspace/kaldi/egs/timit/s5_la2/mfcc/raw_mfcc_train.2.ark:3046338
mpsw0_si2327 /nfs-share/titouan/workspace/kaldi/egs/timit/s5_la2/mfcc/raw_mfcc_train.4.ark:165097
fgdp0_si1618 /nfs-share/titouan/workspace/kaldi/egs/timit/s5_la2/mfcc/raw_mfcc_train.1.ark:1394464
mtat0_sx390 /nfs-share/titouan/workspace/kaldi/egs/timit/s5_la2/mfcc/raw_mfcc_train.4.ark:2431313
mtpg0_si2013 /nfs-share/titouan/workspace/kaldi/egs/timit/s5_la2/mfcc/raw_mfcc_train.4.ark:3043330
mrav0_sx288 /nfs-share/titouan/workspace/kaldi/egs/timit/s5_la2/mfcc/raw_mfcc_train.4.ark:338557
mtrc0_si1623 /nfs-share/titouan/workspace/kaldi/egs/timit/s5_la2/mfcc/raw_mfcc_train.4.ark:3177931
fbas0_si1472 /nfs-share/titouan/workspace/kaldi/egs/timit/s5_la2/mfcc/raw_mfcc_train.1.ark:177011
mbjv0_sx347 /nfs-share/titouan/workspace/kaldi/egs/timit/s5_la2/mfcc/raw_mfcc_train.2.ark:1209291
makr0_sx452 /nfs-share/titouan/workspace/kaldi/egs/timit/s5_la2/mfcc/raw_mfcc_train.2.ark:936396
fpad0_si1976 /nfs-share/titouan/workspace/kaldi/egs/timit/s5_la2/mfcc/raw_mfcc_train.1.ark:3266820
mjdc0_si1161 /nfs-share/titouan/workspace/kaldi/egs/timit/s5_la2/mfcc/raw_mfcc_train.3.ark:703990
fpmy0_sx163 /nfs-share/titouan/workspace/kaldi/egs/timit/s5_la2/mfcc/raw_mfcc_train.1.ark:3444451
fgdp0_sx358 /nfs-share/titouan/workspace/kaldi/egs/timit/s5_la2/mfcc/raw_mfcc_train.1.ark:1417679
mrms0_sx210 /nfs-share/titouan/workspace/kaldi/egs/timit/s5_la2/mfcc/raw_mfcc_train.4.ark:1359059
fmkc0_sx442 /nfs-share/titouan/workspace/kaldi/egs/timit/s5_la2/mfcc/raw_mfcc_train.1.ark:3011409
fsdj0_si1745 /nfs-share/titouan/workspace/kaldi/egs/timit/s5_la2/mfcc/raw_mfcc_train.1.ark:3769579
mhmg0_sx105 /nfs-share/titouan/workspace/kaldi/egs/timit/s5_la2/mfcc/raw_mfcc_train.3.ark:400622
fmbg0_sx350 /nfs-share/titouan/workspace/kaldi/egs/timit/s5_la2/mfcc/raw_mfcc_train.1.ark:2835617
mrjm1_sx308 /nfs-share/titouan/workspace/kaldi/egs/timit/s5_la2/mfcc/raw_mfcc_train.4.ark:970941
fcjf0_si1657 /nfs-share/titouan/workspace/kaldi/egs/timit/s5_la2/mfcc/raw_mfcc_train.1.ark:541314
mjlb0_si986 /nfs-share/titouan/workspace/kaldi/egs/timit/s5_la2/mfcc/raw_mfcc_train.3.ark:1180824
mjrh0_sx315 /nfs-share/titouan/workspace/kaldi/egs/timit/s5_la2/mfcc/raw_mfcc_train.3.ark:1533905
mjmd0_sx398 /nfs-share/titouan/workspace/kaldi/egs/timit/s5_la2/mfcc/raw_mfcc_train.3.ark:1320227
mrjh0_si1519 /nfs-share/titouan/workspace/kaldi/egs/timit/s5_la2/mfcc/raw_mfcc_train.4.ark:878595
fdmy0_sx387 /nfs-share/titouan/workspace/kaldi/egs/timit/s5_la2/mfcc/raw_mfcc_train.1.ark:1014759
fsdc0_sx142 /nfs-share/titouan/workspace/kaldi/egs/timit/s5_la2/mfcc/raw_mfcc_train.1.ark:3744979
majp0_si2334 /nfs-share/titouan/workspace/kaldi/egs/timit/s5_la2/mfcc/raw_mfcc_train.2.ark:852455
mjai0_si682 /nfs-share/titouan/workspace/kaldi/egs/timit/s5_la2/mfcc/raw_mfcc_train.3.ark:614658
mjdc0_si531 /nfs-share/titouan/workspace/kaldi/egs/timit/s5_la2/mfcc/raw_mfcc_train.3.ark:709582
fgmb0_si515 /nfs-share/titouan/workspace/kaldi/egs/timit/s5_la2/mfcc/raw_mfcc_train.1.ark:1443065
fklh0_si1887 /nfs-share/titouan/workspace/kaldi/egs/timit/s5_la2/mfcc/raw_mfcc_train.1.ark:2267777
mbcg0_sx417 /nfs-share/titouan/workspace/kaldi/egs/timit/s5_la2/mfcc/raw_mfcc_train.2.ark:1123327
mmpm0_sx161 /nfs-share/titouan/workspace/kaldi/egs/timit/s5_la2/mfcc/raw_mfcc_train.3.ark:3184875
makr0_sx362 /nfs-share/titouan/workspace/kaldi/egs/timit/s5_la2/mfcc/raw_mfcc_train.2.ark:932723
mmbs0_si521 /nfs-share/titouan/workspace/kaldi/egs/timit/s5_la2/mfcc/raw_mfcc_train.3.ark:2750441
majp0_si1074 /nfs-share/titouan/workspace/kaldi/egs/timit/s5_la2/mfcc/raw_mfcc_train.2.ark:843560
mjxl0_sx362 /nfs-share/titouan/workspace/kaldi/egs/timit/s5_la2/mfcc/raw_mfcc_train.3.ark:1835523
mrlr0_sx296 /nfs-share/titouan/workspace/kaldi/egs/timit/s5_la2/mfcc/raw_mfcc_train.4.ark:1200756
mmrp0_sx324 /nfs-share/titouan/workspace/kaldi/egs/timit/s5_la2/mfcc/raw_mfcc_train.3.ark:3225908
mprd0_sx171 /nfs-share/titouan/workspace/kaldi/egs/timit/s5_la2/mfcc/raw_mfcc_train.4.ark:68954
flod0_sx117 /nfs-share/titouan/workspace/kaldi/egs/timit/s5_la2/mfcc/raw_mfcc_train.1.ark:2733836
mmdm1_si2043 /nfs-share/titouan/workspace/kaldi/egs/timit/s5_la2/mfcc/raw_mfcc_train.3.ark:2911295
mwad0_sx252 /nfs-share/titouan/workspace/kaldi/egs/timit/s5_la2/mfcc/raw_mfcc_train.4.ark:3476525
fljd0_sx436 /nfs-share/titouan/workspace/kaldi/egs/timit/s5_la2/mfcc/raw_mfcc_train.1.ark:2547147
mtab0_sx42 /nfs-share/titouan/workspace/kaldi/egs/timit/s5_la2/mfcc/raw_mfcc_train.4.ark:2374116
mejs0_sx430 /nfs-share/titouan/workspace/kaldi/egs/timit/s5_la2/mfcc/raw_mfcc_train.2.ark:3302735
fclt0_si2068 /nfs-share/titouan/workspace/kaldi/egs/timit/s5_la2/mfcc/raw_mfcc_train.1.ark:625920
mbth0_si757 /nfs-share/titouan/workspace/kaldi/egs/timit/s5_la2/mfcc/raw_mfcc_train.2.ark:1378949
mbth0_sx32 /nfs-share/titouan/workspace/kaldi/egs/timit/s5_la2/mfcc/raw_mfcc_train.2.ark:1394940
mbml0_sx269 /nfs-share/titouan/workspace/kaldi/egs/timit/s5_la2/mfcc/raw_mfcc_train.2.ark:1300702
mcpm0_si1824 /nfs-share/titouan/workspace/kaldi/egs/timit/s5_la2/mfcc/raw_mfcc_train.2.ark:1775618
mwsh0_sx256 /nfs-share/titouan/workspace/kaldi/egs/timit/s5_la2/mfcc/raw_mfcc_train.4.ark:3759594
mjbg0_sx62 /nfs-share/titouan/workspace/kaldi/egs/timit/s5_la2/mfcc/raw_mfcc_train.3.ark:671918
mtlb0_sx144 /nfs-share/titouan/workspace/kaldi/egs/timit/s5_la2/mfcc/raw_mfcc_train.4.ark:2855905
mppc0_sx152 /nfs-share/titouan/workspace/kaldi/egs/timit/s5_la2/mfcc/raw_mfcc_train.3.ark:3756242
mkes0_si623 /nfs-share/titouan/workspace/kaldi/egs/timit/s5_la2/mfcc/raw_mfcc_train.3.ark:2087142
fdas1_sx381 /nfs-share/titouan/workspace/kaldi/egs/timit/s5_la2/mfcc/raw_mfcc_train.1.ark:814396
mrvg0_si1770 /nfs-share/titouan/workspace/kaldi/egs/timit/s5_la2/mfcc/raw_mfcc_train.4.ark:1589538
msvs0_sx218 /nfs-share/titouan/workspace/kaldi/egs/timit/s5_la2/mfcc/raw_mfcc_train.4.ark:2319660
mgaf0_sx382 /nfs-share/titouan/workspace/kaldi/egs/timit/s5_la2/mfcc/raw_mfcc_train.2.ark:3608851
mpgr1_si1269 /nfs-share/titouan/workspace/kaldi/egs/timit/s5_la2/mfcc/raw_mfcc_train.3.ark:3657006
fkkh0_sx30 /nfs-share/titouan/workspace/kaldi/egs/timit/s5_la2/mfcc/raw_mfcc_train.1.ark:2183717
mjeb1_sx27 /nfs-share/titouan/workspace/kaldi/egs/timit/s5_la2/mfcc/raw_mfcc_train.3.ark:899531
frll0_sx254 /nfs-share/titouan/workspace/kaldi/egs/timit/s5_la2/mfcc/raw_mfcc_train.1.ark:3541115
mtwh1_sx72 /nfs-share/titouan/workspace/kaldi/egs/timit/s5_la2/mfcc/raw_mfcc_train.4.ark:3294383
mjeb0_sx170 /nfs-share/titouan/workspace/kaldi/egs/timit/s5_la2/mfcc/raw_mfcc_train.3.ark:855430
mtju0_si2020 /nfs-share/titouan/workspace/kaldi/egs/timit/s5_la2/mfcc/raw_mfcc_train.4.ark:2743873
mrcg0_si798 /nfs-share/titouan/workspace/kaldi/egs/timit/s5_la2/mfcc/raw_mfcc_train.4.ark:387329
falk0_sx276 /nfs-share/titouan/workspace/kaldi/egs/timit/s5_la2/mfcc/raw_mfcc_train.1.ark:85784
flac0_sx91 /nfs-share/titouan/workspace/kaldi/egs/timit/s5_la2/mfcc/raw_mfcc_train.1.ark:2351756
fjsk0_si2312 /nfs-share/titouan/workspace/kaldi/egs/timit/s5_la2/mfcc/raw_mfcc_train.1.ark:1864645
fapb0_sx343 /nfs-share/titouan/workspace/kaldi/egs/timit/s5_la2/mfcc/raw_mfcc_train.1.ark:156585
mdlc2_sx264 /nfs-share/titouan/workspace/kaldi/egs/timit/s5_la2/mfcc/raw_mfcc_train.2.ark:2532431
fsdc0_si1312 /nfs-share/titouan/workspace/kaldi/egs/timit/s5_la2/mfcc/raw_mfcc_train.1.ark:3733997
mjrk0_sx340 /nfs-share/titouan/workspace/kaldi/egs/timit/s5_la2/mfcc/raw_mfcc_train.3.ark:1596718
mrpc1_sx312 /nfs-share/titouan/workspace/kaldi/egs/timit/s5_la2/mfcc/raw_mfcc_train.4.ark:1386736
mjeb0_sx386 /nfs-share/titouan/workspace/kaldi/egs/timit/s5_la2/mfcc/raw_mfcc_train.3.ark:872409
mkls0_si1533 /nfs-share/titouan/workspace/kaldi/egs/timit/s5_la2/mfcc/raw_mfcc_train.3.ark:2209044
fmjf0_sx174 /nfs-share/titouan/workspace/kaldi/egs/timit/s5_la2/mfcc/raw_mfcc_train.1.ark:2929386
mdac0_sx361 /nfs-share/titouan/workspace/kaldi/egs/timit/s5_la2/mfcc/raw_mfcc_train.2.ark:1984247
mrxb0_sx415 /nfs-share/titouan/workspace/kaldi/egs/timit/s5_la2/mfcc/raw_mfcc_train.4.ark:1699321
mjxa0_si877 /nfs-share/titouan/workspace/kaldi/egs/timit/s5_la2/mfcc/raw_mfcc_train.3.ark:1794092
mmsm0_sx386 /nfs-share/titouan/workspace/kaldi/egs/timit/s5_la2/mfcc/raw_mfcc_train.3.ark:3271491
mmjb1_sx418 /nfs-share/titouan/workspace/kaldi/egs/timit/s5_la2/mfcc/raw_mfcc_train.3.ark:3137396
mklw0_sx311 /nfs-share/titouan/workspace/kaldi/egs/timit/s5_la2/mfcc/raw_mfcc_train.3.ark:2287305
freh0_sx235 /nfs-share/titouan/workspace/kaldi/egs/timit/s5_la2/mfcc/raw_mfcc_train.1.ark:3480603
mnet0_si816 /nfs-share/titouan/workspace/kaldi/egs/timit/s5_la2/mfcc/raw_mfcc_train.3.ark:3452095
fjkl0_si1562 /nfs-share/titouan/workspace/kaldi/egs/timit/s5_la2/mfcc/raw_mfcc_train.1.ark:1685801
fssb0_si1712 /nfs-share/titouan/workspace/kaldi/egs/timit/s5_la2/mfcc/raw_mfcc_train.2.ark:382356
mter0_si527 /nfs-share/titouan/workspace/kaldi/egs/timit/s5_la2/mfcc/raw_mfcc_train.4.ark:2617548
mkaj0_sx424 /nfs-share/titouan/workspace/kaldi/egs/timit/s5_la2/mfcc/raw_mfcc_train.3.ark:1938400
megj0_sx3 /nfs-share/titouan/workspace/kaldi/egs/timit/s5_la2/mfcc/raw_mfcc_train.2.ark:3237094
flja0_sx358 /nfs-share/titouan/workspace/kaldi/egs/timit/s5_la2/mfcc/raw_mfcc_train.1.ark:2508954
freh0_si1945 /nfs-share/titouan/workspace/kaldi/egs/timit/s5_la2/mfcc/raw_mfcc_train.1.ark:3468778
fssb0_si1082 /nfs-share/titouan/workspace/kaldi/egs/timit/s5_la2/mfcc/raw_mfcc_train.2.ark:377434
mkam0_sx326 /nfs-share/titouan/workspace/kaldi/egs/timit/s5_la2/mfcc/raw_mfcc_train.3.ark:1967727
mdks0_si2326 /nfs-share/titouan/workspace/kaldi/egs/timit/s5_la2/mfcc/raw_mfcc_train.2.ark:2385730
mpgr1_si2129 /nfs-share/titouan/workspace/kaldi/egs/timit/s5_la2/mfcc/raw_mfcc_train.3.ark:3665056
mtjm0_si1226 /nfs-share/titouan/workspace/kaldi/egs/timit/s5_la2/mfcc/raw_mfcc_train.4.ark:2673871
mmaa0_sx395 /nfs-share/titouan/workspace/kaldi/egs/timit/s5_la2/mfcc/raw_mfcc_train.3.ark:2600884
mrlj0_sx430 /nfs-share/titouan/workspace/kaldi/egs/timit/s5_la2/mfcc/raw_mfcc_train.4.ark:1109533
fsrh0_sx41 /nfs-share/titouan/workspace/kaldi/egs/timit/s5_la2/mfcc/raw_mfcc_train.2.ark:372590
mtat1_sx59 /nfs-share/titouan/workspace/kaldi/egs/timit/s5_la2/mfcc/raw_mfcc_train.4.ark:2469070
fdtd0_sx121 /nfs-share/titouan/workspace/kaldi/egs/timit/s5_la2/mfcc/raw_mfcc_train.1.ark:1069668
mhbs0_sx225 /nfs-share/titouan/workspace/kaldi/egs/timit/s5_la2/mfcc/raw_mfcc_train.3.ark:316438
mgaw0_sx175 /nfs-share/titouan/workspace/kaldi/egs/timit/s5_la2/mfcc/raw_mfcc_train.3.ark:46165
fdas1_si2091 /nfs-share/titouan/workspace/kaldi/egs/timit/s5_la2/mfcc/raw_mfcc_train.1.ark:790422
fcmg0_sx162 /nfs-share/titouan/workspace/kaldi/egs/timit/s5_la2/mfcc/raw_mfcc_train.1.ark:667488
mrgm0_si1792 /nfs-share/titouan/workspace/kaldi/egs/timit/s5_la2/mfcc/raw_mfcc_train.4.ark:739562
mbml0_si1799 /nfs-share/titouan/workspace/kaldi/egs/timit/s5_la2/mfcc/raw_mfcc_train.2.ark:1289735
milb0_sx273 /nfs-share/titouan/workspace/kaldi/egs/timit/s5_la2/mfcc/raw_mfcc_train.3.ark:532194
mtqc0_si480 /nfs-share/titouan/workspace/kaldi/egs/timit/s5_la2/mfcc/raw_mfcc_train.4.ark:3147768
mbma0_sx52 /nfs-share/titouan/workspace/kaldi/egs/timit/s5_la2/mfcc/raw_mfcc_train.2.ark:1248231
flac0_sx451 /nfs-share/titouan/workspace/kaldi/egs/timit/s5_la2/mfcc/raw_mfcc_train.1.ark:2347031
mgar0_sx222 /nfs-share/titouan/workspace/kaldi/egs/timit/s5_la2/mfcc/raw_mfcc_train.3.ark:15266
mgsh0_si1806 /nfs-share/titouan/workspace/kaldi/egs/timit/s5_la2/mfcc/raw_mfcc_train.3.ark:200006
fsjk1_si2285 /nfs-share/titouan/workspace/kaldi/egs/timit/s5_la2/mfcc/raw_mfcc_train.1.ark:3872554
mpeb0_sx240 /nfs-share/titouan/workspace/kaldi/egs/timit/s5_la2/mfcc/raw_mfcc_train.3.ark:3548739
mwrp0_si2073 /nfs-share/titouan/workspace/kaldi/egs/timit/s5_la2/mfcc/raw_mfcc_train.4.ark:3687268
mtjs0_sx22 /nfs-share/titouan/workspace/kaldi/egs/timit/s5_la2/mfcc/raw_mfcc_train.4.ark:2730591
mrsp0_sx79 /nfs-share/titouan/workspace/kaldi/egs/timit/s5_la2/mfcc/raw_mfcc_train.4.ark:1506234
mjda0_sx221 /nfs-share/titouan/workspace/kaldi/egs/timit/s5_la2/mfcc/raw_mfcc_train.3.ark:687569
fskp0_si1728 /nfs-share/titouan/workspace/kaldi/egs/timit/s5_la2/mfcc/raw_mfcc_train.2.ark:151674
msmc0_sx17 /nfs-share/titouan/workspace/kaldi/egs/timit/s5_la2/mfcc/raw_mfcc_train.4.ark:2122213
mrjh0_sx439 /nfs-share/titouan/workspace/kaldi/egs/timit/s5_la2/mfcc/raw_mfcc_train.4.ark:907159
mmpm0_si1691 /nfs-share/titouan/workspace/kaldi/egs/timit/s5_la2/mfcc/raw_mfcc_train.3.ark:3177593
fpaf0_sx154 /nfs-share/titouan/workspace/kaldi/egs/timit/s5_la2/mfcc/raw_mfcc_train.1.ark:3311404
mkrg0_si2121 /nfs-share/titouan/workspace/kaldi/egs/timit/s5_la2/mfcc/raw_mfcc_train.3.ark:2307198
mdps0_sx89 /nfs-share/titouan/workspace/kaldi/egs/timit/s5_la2/mfcc/raw_mfcc_train.2.ark:2867641
mtju0_sx130 /nfs-share/titouan/workspace/kaldi/egs/timit/s5_la2/mfcc/raw_mfcc_train.4.ark:2755712
mgag0_si1321 /nfs-share/titouan/workspace/kaldi/egs/timit/s5_la2/mfcc/raw_mfcc_train.2.ark:3612447
mses0_si2216 /nfs-share/titouan/workspace/kaldi/egs/timit/s5_la2/mfcc/raw_mfcc_train.4.ark:1969605
fjen0_sx237 /nfs-share/titouan/workspace/kaldi/egs/timit/s5_la2/mfcc/raw_mfcc_train.1.ark:1633845
mjee0_sx247 /nfs-share/titouan/workspace/kaldi/egs/timit/s5_la2/mfcc/raw_mfcc_train.3.ark:924776
mtcs0_si2265 /nfs-share/titouan/workspace/kaldi/egs/timit/s5_la2/mfcc/raw_mfcc_train.4.ark:2506310
fklc0_si2245 /nfs-share/titouan/workspace/kaldi/egs/timit/s5_la2/mfcc/raw_mfcc_train.1.ark:2196656
mtmn0_si582 /nfs-share/titouan/workspace/kaldi/egs/timit/s5_la2/mfcc/raw_mfcc_train.4.ark:2951087
fjxm0_si1211 /nfs-share/titouan/workspace/kaldi/egs/timit/s5_la2/mfcc/raw_mfcc_train.1.ark:1950574
mdas0_si636 /nfs-share/titouan/workspace/kaldi/egs/timit/s5_la2/mfcc/raw_mfcc_train.2.ark:2004719
fcjs0_sx437 /nfs-share/titouan/workspace/kaldi/egs/timit/s5_la2/mfcc/raw_mfcc_train.1.ark:583916
fmjb0_sx277 /nfs-share/titouan/workspace/kaldi/egs/timit/s5_la2/mfcc/raw_mfcc_train.1.ark:2902922
mjrp0_sx315 /nfs-share/titouan/workspace/kaldi/egs/timit/s5_la2/mfcc/raw_mfcc_train.3.ark:1625908
msas0_sx26 /nfs-share/titouan/workspace/kaldi/egs/timit/s5_la2/mfcc/raw_mfcc_train.4.ark:1759631
mhrm0_sx58 /nfs-share/titouan/workspace/kaldi/egs/timit/s5_la2/mfcc/raw_mfcc_train.3.ark:476761
mbsb0_sx93 /nfs-share/titouan/workspace/kaldi/egs/timit/s5_la2/mfcc/raw_mfcc_train.2.ark:1365888
fclt0_sx88 /nfs-share/titouan/workspace/kaldi/egs/timit/s5_la2/mfcc/raw_mfcc_train.1.ark:649114
mkls0_sx357 /nfs-share/titouan/workspace/kaldi/egs/timit/s5_la2/mfcc/raw_mfcc_train.3.ark:2225089
mefg0_sx375 /nfs-share/titouan/workspace/kaldi/egs/timit/s5_la2/mfcc/raw_mfcc_train.2.ark:3208010
fbmh0_si1766 /nfs-share/titouan/workspace/kaldi/egs/timit/s5_la2/mfcc/raw_mfcc_train.1.ark:348442
msrr0_sx141 /nfs-share/titouan/workspace/kaldi/egs/timit/s5_la2/mfcc/raw_mfcc_train.4.ark:2246403
mtab0_sx402 /nfs-share/titouan/workspace/kaldi/egs/timit/s5_la2/mfcc/raw_mfcc_train.4.ark:2369833
mfwk0_sx439 /nfs-share/titouan/workspace/kaldi/egs/timit/s5_la2/mfcc/raw_mfcc_train.2.ark:3513590
mejl0_si962 /nfs-share/titouan/workspace/kaldi/egs/timit/s5_la2/mfcc/raw_mfcc_train.2.ark:3255018
mjxa0_sx157 /nfs-share/titouan/workspace/kaldi/egs/timit/s5_la2/mfcc/raw_mfcc_train.3.ark:1797570
mtab0_sx132 /nfs-share/titouan/workspace/kaldi/egs/timit/s5_la2/mfcc/raw_mfcc_train.4.ark:2354485
mhbs0_sx45 /nfs-share/titouan/workspace/kaldi/egs/timit/s5_la2/mfcc/raw_mfcc_train.3.ark:325597
msfh0_sx46 /nfs-share/titouan/workspace/kaldi/egs/timit/s5_la2/mfcc/raw_mfcc_train.4.ark:2029114
mjxa0_si2137 /nfs-share/titouan/workspace/kaldi/egs/timit/s5_la2/mfcc/raw_mfcc_train.3.ark:1790601
msvs0_sx398 /nfs-share/titouan/workspace/kaldi/egs/timit/s5_la2/mfcc/raw_mfcc_train.4.ark:2333460
mmdg0_sx250 /nfs-share/titouan/workspace/kaldi/egs/timit/s5_la2/mfcc/raw_mfcc_train.3.ark:2860177
madc0_si737 /nfs-share/titouan/workspace/kaldi/egs/timit/s5_la2/mfcc/raw_mfcc_train.2.ark:697754
fpls0_sx240 /nfs-share/titouan/workspace/kaldi/egs/timit/s5_la2/mfcc/raw_mfcc_train.1.ark:3412462
mjfr0_sx435 /nfs-share/titouan/workspace/kaldi/egs/timit/s5_la2/mfcc/raw_mfcc_train.3.ark:994545
mrlr0_si1196 /nfs-share/titouan/workspace/kaldi/egs/timit/s5_la2/mfcc/raw_mfcc_train.4.ark:1176443
msjk0_sx336 /nfs-share/titouan/workspace/kaldi/egs/timit/s5_la2/mfcc/raw_mfcc_train.4.ark:2090484
mctm0_sx180 /nfs-share/titouan/workspace/kaldi/egs/timit/s5_la2/mfcc/raw_mfcc_train.2.ark:1912671
mjrh1_sx424 /nfs-share/titouan/workspace/kaldi/egs/timit/s5_la2/mfcc/raw_mfcc_train.3.ark:1570226
mhrm0_si2218 /nfs-share/titouan/workspace/kaldi/egs/timit/s5_la2/mfcc/raw_mfcc_train.3.ark:452800
mbar0_sx59 /nfs-share/titouan/workspace/kaldi/egs/timit/s5_la2/mfcc/raw_mfcc_train.2.ark:1067137
mjmd0_si1028 /nfs-share/titouan/workspace/kaldi/egs/timit/s5_la2/mfcc/raw_mfcc_train.3.ark:1296010
fdmy0_sx27 /nfs-share/titouan/workspace/kaldi/egs/timit/s5_la2/mfcc/raw_mfcc_train.1.ark:1006516
mmdm0_si681 /nfs-share/titouan/workspace/kaldi/egs/timit/s5_la2/mfcc/raw_mfcc_train.3.ark:2885817
mklr0_sx429 /nfs-share/titouan/workspace/kaldi/egs/timit/s5_la2/mfcc/raw_mfcc_train.3.ark:2194735
flod0_si1917 /nfs-share/titouan/workspace/kaldi/egs/timit/s5_la2/mfcc/raw_mfcc_train.1.ark:2726516
mlns0_si777 /nfs-share/titouan/workspace/kaldi/egs/timit/s5_la2/mfcc/raw_mfcc_train.3.ark:2514481
flma0_sx433 /nfs-share/titouan/workspace/kaldi/egs/timit/s5_la2/mfcc/raw_mfcc_train.1.ark:2649783
mpeb0_si600 /nfs-share/titouan/workspace/kaldi/egs/timit/s5_la2/mfcc/raw_mfcc_train.3.ark:3540106
flmc0_sx382 /nfs-share/titouan/workspace/kaldi/egs/timit/s5_la2/mfcc/raw_mfcc_train.1.ark:2685804
mjee0_sx157 /nfs-share/titouan/workspace/kaldi/egs/timit/s5_la2/mfcc/raw_mfcc_train.3.ark:921493
mrjh0_sx79 /nfs-share/titouan/workspace/kaldi/egs/timit/s5_la2/mfcc/raw_mfcc_train.4.ark:912430
msmr0_sx235 /nfs-share/titouan/workspace/kaldi/egs/timit/s5_la2/mfcc/raw_mfcc_train.4.ark:2154810
mmwb0_sx89 /nfs-share/titouan/workspace/kaldi/egs/timit/s5_la2/mfcc/raw_mfcc_train.3.ark:3352245
mkrg0_sx31 /nfs-share/titouan/workspace/kaldi/egs/timit/s5_la2/mfcc/raw_mfcc_train.3.ark:2323579
feac0_sx165 /nfs-share/titouan/workspace/kaldi/egs/timit/s5_la2/mfcc/raw_mfcc_train.1.ark:1134068
mrjb1_sx300 /nfs-share/titouan/workspace/kaldi/egs/timit/s5_la2/mfcc/raw_mfcc_train.4.ark:870325
mtbc0_sx93 /nfs-share/titouan/workspace/kaldi/egs/timit/s5_la2/mfcc/raw_mfcc_train.4.ark:2501055
mzmb0_sx356 /nfs-share/titouan/workspace/kaldi/egs/timit/s5_la2/mfcc/raw_mfcc_train.4.ark:3798047
mrms0_si2057 /nfs-share/titouan/workspace/kaldi/egs/timit/s5_la2/mfcc/raw_mfcc_train.4.ark:1346037
fjxm0_sx41 /nfs-share/titouan/workspace/kaldi/egs/timit/s5_la2/mfcc/raw_mfcc_train.1.ark:1980848
msrg0_sx321 /nfs-share/titouan/workspace/kaldi/egs/timit/s5_la2/mfcc/raw_mfcc_train.4.ark:2219775
mcdd0_sx253 /nfs-share/titouan/workspace/kaldi/egs/timit/s5_la2/mfcc/raw_mfcc_train.2.ark:1554876
mbma1_si2207 /nfs-share/titouan/workspace/kaldi/egs/timit/s5_la2/mfcc/raw_mfcc_train.2.ark:1252204
fear0_sx82 /nfs-share/titouan/workspace/kaldi/egs/timit/s5_la2/mfcc/raw_mfcc_train.1.ark:1183526
mree0_sx24 /nfs-share/titouan/workspace/kaldi/egs/timit/s5_la2/mfcc/raw_mfcc_train.4.ark:560315
mrlj1_sx231 /nfs-share/titouan/workspace/kaldi/egs/timit/s5_la2/mfcc/raw_mfcc_train.4.ark:1131131
mpgr0_si780 /nfs-share/titouan/workspace/kaldi/egs/timit/s5_la2/mfcc/raw_mfcc_train.3.ark:3634877
mtat1_si1409 /nfs-share/titouan/workspace/kaldi/egs/timit/s5_la2/mfcc/raw_mfcc_train.4.ark:2435000
mcal0_sx418 /nfs-share/titouan/workspace/kaldi/egs/timit/s5_la2/mfcc/raw_mfcc_train.2.ark:1499916
fmem0_sx333 /nfs-share/titouan/workspace/kaldi/egs/timit/s5_la2/mfcc/raw_mfcc_train.1.ark:2872978
fexm0_sx381 /nfs-share/titouan/workspace/kaldi/egs/timit/s5_la2/mfcc/raw_mfcc_train.1.ark:1360924
fbjl0_si2182 /nfs-share/titouan/workspace/kaldi/egs/timit/s5_la2/mfcc/raw_mfcc_train.1.ark:278959
mtkd0_sx107 /nfs-share/titouan/workspace/kaldi/egs/timit/s5_la2/mfcc/raw_mfcc_train.4.ark:2789907
mgrp0_sx57 /nfs-share/titouan/workspace/kaldi/egs/timit/s5_la2/mfcc/raw_mfcc_train.3.ark:189564
mgak0_si1036 /nfs-share/titouan/workspace/kaldi/egs/timit/s5_la2/mfcc/raw_mfcc_train.2.ark:3641935
mtas0_sx125 /nfs-share/titouan/workspace/kaldi/egs/timit/s5_la2/mfcc/raw_mfcc_train.4.ark:2387367
mesg0_sx72 /nfs-share/titouan/workspace/kaldi/egs/timit/s5_la2/mfcc/raw_mfcc_train.2.ark:3339120
fjlr0_si1231 /nfs-share/titouan/workspace/kaldi/egs/timit/s5_la2/mfcc/raw_mfcc_train.1.ark:1748654
mrlj1_sx321 /nfs-share/titouan/workspace/kaldi/egs/timit/s5_la2/mfcc/raw_mfcc_train.4.ark:1132737
mtrr0_sx108 /nfs-share/titouan/workspace/kaldi/egs/timit/s5_la2/mfcc/raw_mfcc_train.4.ark:3218101
mjkr0_sx211 /nfs-share/titouan/workspace/kaldi/egs/timit/s5_la2/mfcc/raw_mfcc_train.3.ark:1157758
mtbc0_sx183 /nfs-share/titouan/workspace/kaldi/egs/timit/s5_la2/mfcc/raw_mfcc_train.4.ark:2484440
mmpm0_sx431 /nfs-share/titouan/workspace/kaldi/egs/timit/s5_la2/mfcc/raw_mfcc_train.3.ark:3199326
fmkf0_sx276 /nfs-share/titouan/workspace/kaldi/egs/timit/s5_la2/mfcc/raw_mfcc_train.1.ark:3037374
fskc0_si1416 /nfs-share/titouan/workspace/kaldi/egs/timit/s5_la2/mfcc/raw_mfcc_train.2.ark:83822
ftbw0_si1345 /nfs-share/titouan/workspace/kaldi/egs/timit/s5_la2/mfcc/raw_mfcc_train.2.ark:469905
mfrm0_sx75 /nfs-share/titouan/workspace/kaldi/egs/timit/s5_la2/mfcc/raw_mfcc_train.2.ark:3487227
mkjo0_si2147 /nfs-share/titouan/workspace/kaldi/egs/timit/s5_la2/mfcc/raw_mfcc_train.3.ark:2117196
mkaj0_sx244 /nfs-share/titouan/workspace/kaldi/egs/timit/s5_la2/mfcc/raw_mfcc_train.3.ark:1931587
mdns0_sx381 /nfs-share/titouan/workspace/kaldi/egs/timit/s5_la2/mfcc/raw_mfcc_train.2.ark:2774936
mrvg0_sx420 /nfs-share/titouan/workspace/kaldi/egs/timit/s5_la2/mfcc/raw_mfcc_train.4.ark:1605836
falk0_sx6 /nfs-share/titouan/workspace/kaldi/egs/timit/s5_la2/mfcc/raw_mfcc_train.1.ark:94090
milb0_sx93 /nfs-share/titouan/workspace/kaldi/egs/timit/s5_la2/mfcc/raw_mfcc_train.3.ark:541260
fssb0_sx362 /nfs-share/titouan/workspace/kaldi/egs/timit/s5_la2/mfcc/raw_mfcc_train.2.ark:397270
mppc0_si2042 /nfs-share/titouan/workspace/kaldi/egs/timit/s5_la2/mfcc/raw_mfcc_train.3.ark:3749949
mjxl0_sx92 /nfs-share/titouan/workspace/kaldi/egs/timit/s5_la2/mfcc/raw_mfcc_train.3.ark:1845715
mdbp0_sx438 /nfs-share/titouan/workspace/kaldi/egs/timit/s5_la2/mfcc/raw_mfcc_train.2.ark:2081364
mjae0_si2154 /nfs-share/titouan/workspace/kaldi/egs/timit/s5_la2/mfcc/raw_mfcc_train.3.ark:584215
fbmh0_sx326 /nfs-share/titouan/workspace/kaldi/egs/timit/s5_la2/mfcc/raw_mfcc_train.1.ark:363927
fcke0_sx121 /nfs-share/titouan/workspace/kaldi/egs/timit/s5_la2/mfcc/raw_mfcc_train.1.ark:606832
mbth0_si505 /nfs-share/titouan/workspace/kaldi/egs/timit/s5_la2/mfcc/raw_mfcc_train.2.ark:1375068
mdef0_si1563 /nfs-share/titouan/workspace/kaldi/egs/timit/s5_la2/mfcc/raw_mfcc_train.2.ark:2224900
mpsw0_sx77 /nfs-share/titouan/workspace/kaldi/egs/timit/s5_la2/mfcc/raw_mfcc_train.4.ark:181211
fljd0_sx256 /nfs-share/titouan/workspace/kaldi/egs/timit/s5_la2/mfcc/raw_mfcc_train.1.ark:2539190
mwad0_sx162 /nfs-share/titouan/workspace/kaldi/egs/timit/s5_la2/mfcc/raw_mfcc_train.4.ark:3473346
mpgh0_si1554 /nfs-share/titouan/workspace/kaldi/egs/timit/s5_la2/mfcc/raw_mfcc_train.3.ark:3599056
madd0_sx448 /nfs-share/titouan/workspace/kaldi/egs/timit/s5_la2/mfcc/raw_mfcc_train.2.ark:746173
mrfl0_sx436 /nfs-share/titouan/workspace/kaldi/egs/timit/s5_la2/mfcc/raw_mfcc_train.4.ark:727879
mjdg0_sx412 /nfs-share/titouan/workspace/kaldi/egs/timit/s5_la2/mfcc/raw_mfcc_train.3.ark:800919
madd0_sx268 /nfs-share/titouan/workspace/kaldi/egs/timit/s5_la2/mfcc/raw_mfcc_train.2.ark:738268
fklh0_si1257 /nfs-share/titouan/workspace/kaldi/egs/timit/s5_la2/mfcc/raw_mfcc_train.1.ark:2260931
fsag0_si1953 /nfs-share/titouan/workspace/kaldi/egs/timit/s5_la2/mfcc/raw_mfcc_train.1.ark:3559832
mdma0_si1238 /nfs-share/titouan/workspace/kaldi/egs/timit/s5_la2/mfcc/raw_mfcc_train.2.ark:2677896
fpls0_sx60 /nfs-share/titouan/workspace/kaldi/egs/timit/s5_la2/mfcc/raw_mfcc_train.1.ark:3422425
mbth0_sx302 /nfs-share/titouan/workspace/kaldi/egs/timit/s5_la2/mfcc/raw_mfcc_train.2.ark:1391138
mjrk0_si2103 /nfs-share/titouan/workspace/kaldi/egs/timit/s5_la2/mfcc/raw_mfcc_train.3.ark:1579595
mfmc0_si1762 /nfs-share/titouan/workspace/kaldi/egs/timit/s5_la2/mfcc/raw_mfcc_train.2.ark:3429876
mjdm0_si1340 /nfs-share/titouan/workspace/kaldi/egs/timit/s5_la2/mfcc/raw_mfcc_train.3.ark:808304
flkm0_sx350 /nfs-share/titouan/workspace/kaldi/egs/timit/s5_la2/mfcc/raw_mfcc_train.1.ark:2613904
mjde0_sx130 /nfs-share/titouan/workspace/kaldi/egs/timit/s5_la2/mfcc/raw_mfcc_train.3.ark:751804
mjws0_sx423 /nfs-share/titouan/workspace/kaldi/egs/timit/s5_la2/mfcc/raw_mfcc_train.3.ark:1740654
flmk0_sx45 /nfs-share/titouan/workspace/kaldi/egs/timit/s5_la2/mfcc/raw_mfcc_train.1.ark:2717855
mfxv0_si1635 /nfs-share/titouan/workspace/kaldi/egs/timit/s5_la2/mfcc/raw_mfcc_train.2.ark:3564144
msem1_si810 /nfs-share/titouan/workspace/kaldi/egs/timit/s5_la2/mfcc/raw_mfcc_train.4.ark:1933974
mpmb0_sx331 /nfs-share/titouan/workspace/kaldi/egs/timit/s5_la2/mfcc/raw_mfcc_train.3.ark:3723465
mgjc0_si1335 /nfs-share/titouan/workspace/kaldi/egs/timit/s5_la2/mfcc/raw_mfcc_train.3.ark:94430
msms0_sx263 /nfs-share/titouan/workspace/kaldi/egs/timit/s5_la2/mfcc/raw_mfcc_train.4.ark:2187081
makr0_sx92 /nfs-share/titouan/workspace/kaldi/egs/timit/s5_la2/mfcc/raw_mfcc_train.2.ark:939938
fsgf0_sx27 /nfs-share/titouan/workspace/kaldi/egs/timit/s5_la2/mfcc/raw_mfcc_train.1.ark:3814734
fcmg0_sx342 /nfs-share/titouan/workspace/kaldi/egs/timit/s5_la2/mfcc/raw_mfcc_train.1.ark:675276
mtrc0_sx93 /nfs-share/titouan/workspace/kaldi/egs/timit/s5_la2/mfcc/raw_mfcc_train.4.ark:3203329
mrpc1_sx402 /nfs-share/titouan/workspace/kaldi/egs/timit/s5_la2/mfcc/raw_mfcc_train.4.ark:1391904
mfer0_si1492 /nfs-share/titouan/workspace/kaldi/egs/timit/s5_la2/mfcc/raw_mfcc_train.2.ark:3398052
fblv0_si2318 /nfs-share/titouan/workspace/kaldi/egs/timit/s5_la2/mfcc/raw_mfcc_train.1.ark:318726
mlbc0_si1869 /nfs-share/titouan/workspace/kaldi/egs/timit/s5_la2/mfcc/raw_mfcc_train.3.ark:2369205
mgrl0_si2127 /nfs-share/titouan/workspace/kaldi/egs/timit/s5_la2/mfcc/raw_mfcc_train.3.ark:129978
fecd0_sx68 /nfs-share/titouan/workspace/kaldi/egs/timit/s5_la2/mfcc/raw_mfcc_train.1.ark:1221946
mrjt0_sx418 /nfs-share/titouan/workspace/kaldi/egs/timit/s5_la2/mfcc/raw_mfcc_train.4.ark:1007600
mtat0_sx120 /nfs-share/titouan/workspace/kaldi/egs/timit/s5_la2/mfcc/raw_mfcc_train.4.ark:2418637
mrtj0_si2032 /nfs-share/titouan/workspace/kaldi/egs/timit/s5_la2/mfcc/raw_mfcc_train.4.ark:1549870
mjee0_si607 /nfs-share/titouan/workspace/kaldi/egs/timit/s5_la2/mfcc/raw_mfcc_train.3.ark:918665
mjrp0_sx45 /nfs-share/titouan/workspace/kaldi/egs/timit/s5_la2/mfcc/raw_mfcc_train.3.ark:1632954
mrjh0_si914 /nfs-share/titouan/workspace/kaldi/egs/timit/s5_la2/mfcc/raw_mfcc_train.4.ark:891206
fmju0_si759 /nfs-share/titouan/workspace/kaldi/egs/timit/s5_la2/mfcc/raw_mfcc_train.1.ark:2961377
mdlc0_si2025 /nfs-share/titouan/workspace/kaldi/egs/timit/s5_la2/mfcc/raw_mfcc_train.2.ark:2458897
mree0_sx204 /nfs-share/titouan/workspace/kaldi/egs/timit/s5_la2/mfcc/raw_mfcc_train.4.ark:556838
fkde0_si1771 /nfs-share/titouan/workspace/kaldi/egs/timit/s5_la2/mfcc/raw_mfcc_train.1.ark:2059277
mjws0_sx243 /nfs-share/titouan/workspace/kaldi/egs/timit/s5_la2/mfcc/raw_mfcc_train.3.ark:1730617
fssb0_si2342 /nfs-share/titouan/workspace/kaldi/egs/timit/s5_la2/mfcc/raw_mfcc_train.2.ark:388032
mjdg0_si1705 /nfs-share/titouan/workspace/kaldi/egs/timit/s5_la2/mfcc/raw_mfcc_train.3.ark:786097
mtrr0_sx18 /nfs-share/titouan/workspace/kaldi/egs/timit/s5_la2/mfcc/raw_mfcc_train.4.ark:3221851
mded0_sx360 /nfs-share/titouan/workspace/kaldi/egs/timit/s5_la2/mfcc/raw_mfcc_train.2.ark:2205969
mbwp0_sx79 /nfs-share/titouan/workspace/kaldi/egs/timit/s5_la2/mfcc/raw_mfcc_train.2.ark:1432236
mgsh0_si546 /nfs-share/titouan/workspace/kaldi/egs/timit/s5_la2/mfcc/raw_mfcc_train.3.ark:204225
mcpm0_sx24 /nfs-share/titouan/workspace/kaldi/egs/timit/s5_la2/mfcc/raw_mfcc_train.2.ark:1793143
mdwh0_sx305 /nfs-share/titouan/workspace/kaldi/egs/timit/s5_la2/mfcc/raw_mfcc_train.2.ark:3078381
mntw0_sx78 /nfs-share/titouan/workspace/kaldi/egs/timit/s5_la2/mfcc/raw_mfcc_train.3.ark:3504497
flkm0_si1880 /nfs-share/titouan/workspace/kaldi/egs/timit/s5_la2/mfcc/raw_mfcc_train.1.ark:2592094
mkjo0_sx424 /nfs-share/titouan/workspace/kaldi/egs/timit/s5_la2/mfcc/raw_mfcc_train.3.ark:2130185
mhjb0_si1647 /nfs-share/titouan/workspace/kaldi/egs/timit/s5_la2/mfcc/raw_mfcc_train.3.ark:364371
mnet0_si1446 /nfs-share/titouan/workspace/kaldi/egs/timit/s5_la2/mfcc/raw_mfcc_train.3.ark:3444683
mctm0_si720 /nfs-share/titouan/workspace/kaldi/egs/timit/s5_la2/mfcc/raw_mfcc_train.2.ark:1909778
mmgk0_sx62 /nfs-share/titouan/workspace/kaldi/egs/timit/s5_la2/mfcc/raw_mfcc_train.3.ark:3109720
mrav0_sx18 /nfs-share/titouan/workspace/kaldi/egs/timit/s5_la2/mfcc/raw_mfcc_train.4.ark:332420
fsms1_sx334 /nfs-share/titouan/workspace/kaldi/egs/timit/s5_la2/mfcc/raw_mfcc_train.2.ark:298207
mdwh0_si1168 /nfs-share/titouan/workspace/kaldi/egs/timit/s5_la2/mfcc/raw_mfcc_train.2.ark:3053502
mclm0_si826 /nfs-share/titouan/workspace/kaldi/egs/timit/s5_la2/mfcc/raw_mfcc_train.2.ark:1751414
fsjg0_sx40 /nfs-share/titouan/workspace/kaldi/egs/timit/s5_la2/mfcc/raw_mfcc_train.1.ark:3857113
mmws0_si1518 /nfs-share/titouan/workspace/kaldi/egs/timit/s5_la2/mfcc/raw_mfcc_train.3.ark:3356452
flma0_sx163 /nfs-share/titouan/workspace/kaldi/egs/timit/s5_la2/mfcc/raw_mfcc_train.1.ark:2640493
mjra0_sx66 /nfs-share/titouan/workspace/kaldi/egs/timit/s5_la2/mfcc/raw_mfcc_train.3.ark:1477019
fklh0_sx267 /nfs-share/titouan/workspace/kaldi/egs/timit/s5_la2/mfcc/raw_mfcc_train.1.ark:2276131
mtkp0_sx33 /nfs-share/titouan/workspace/kaldi/egs/timit/s5_la2/mfcc/raw_mfcc_train.4.ark:2837473
mwrp0_sx363 /nfs-share/titouan/workspace/kaldi/egs/timit/s5_la2/mfcc/raw_mfcc_train.4.ark:3702465
mrld0_sx334 /nfs-share/titouan/workspace/kaldi/egs/timit/s5_la2/mfcc/raw_mfcc_train.4.ark:1077021
mbbr0_sx65 /nfs-share/titouan/workspace/kaldi/egs/timit/s5_la2/mfcc/raw_mfcc_train.2.ark:1097199
mrmb0_sx411 /nfs-share/titouan/workspace/kaldi/egs/timit/s5_la2/mfcc/raw_mfcc_train.4.ark:1230402
fpaz0_sx63 /nfs-share/titouan/workspace/kaldi/egs/timit/s5_la2/mfcc/raw_mfcc_train.1.ark:3361095
mjxa0_sx247 /nfs-share/titouan/workspace/kaldi/egs/timit/s5_la2/mfcc/raw_mfcc_train.3.ark:1800463
mmea0_sx38 /nfs-share/titouan/workspace/kaldi/egs/timit/s5_la2/mfcc/raw_mfcc_train.3.ark:2988702
mafm0_si2199 /nfs-share/titouan/workspace/kaldi/egs/timit/s5_la2/mfcc/raw_mfcc_train.2.ark:818915
mrcg0_sx168 /nfs-share/titouan/workspace/kaldi/egs/timit/s5_la2/mfcc/raw_mfcc_train.4.ark:392328
fkfb0_si1608 /nfs-share/titouan/workspace/kaldi/egs/timit/s5_la2/mfcc/raw_mfcc_train.1.ark:2120926
fskp0_si468 /nfs-share/titouan/workspace/kaldi/egs/timit/s5_la2/mfcc/raw_mfcc_train.2.ark:155048
fspm0_sx251 /nfs-share/titouan/workspace/kaldi/egs/timit/s5_la2/mfcc/raw_mfcc_train.2.ark:329275
ftbw0_sx265 /nfs-share/titouan/workspace/kaldi/egs/timit/s5_la2/mfcc/raw_mfcc_train.2.ark:488277
mrws0_sx382 /nfs-share/titouan/workspace/kaldi/egs/timit/s5_la2/mfcc/raw_mfcc_train.4.ark:1670137
mkah0_si898 /nfs-share/titouan/workspace/kaldi/egs/timit/s5_la2/mfcc/raw_mfcc_train.3.ark:1891593
fjxp0_si1122 /nfs-share/titouan/workspace/kaldi/egs/timit/s5_la2/mfcc/raw_mfcc_train.1.ark:1987460
mtdb0_si1401 /nfs-share/titouan/workspace/kaldi/egs/timit/s5_la2/mfcc/raw_mfcc_train.4.ark:2536194
mhit0_si2243 /nfs-share/titouan/workspace/kaldi/egs/timit/s5_la2/mfcc/raw_mfcc_train.3.ark:332776
feme0_si875 /nfs-share/titouan/workspace/kaldi/egs/timit/s5_la2/mfcc/raw_mfcc_train.1.ark:1266590
marc0_sx108 /nfs-share/titouan/workspace/kaldi/egs/timit/s5_la2/mfcc/raw_mfcc_train.2.ark:987488
mkxl0_sx105 /nfs-share/titouan/workspace/kaldi/egs/timit/s5_la2/mfcc/raw_mfcc_train.3.ark:2347244
fbcg1_si982 /nfs-share/titouan/workspace/kaldi/egs/timit/s5_la2/mfcc/raw_mfcc_train.1.ark:211994
mstf0_sx136 /nfs-share/titouan/workspace/kaldi/egs/timit/s5_la2/mfcc/raw_mfcc_train.4.ark:2277502
ftlg0_si483 /nfs-share/titouan/workspace/kaldi/egs/timit/s5_la2/mfcc/raw_mfcc_train.2.ark:508163
msrg0_si1221 /nfs-share/titouan/workspace/kaldi/egs/timit/s5_la2/mfcc/raw_mfcc_train.4.ark:2201253
mmjb1_sx328 /nfs-share/titouan/workspace/kaldi/egs/timit/s5_la2/mfcc/raw_mfcc_train.3.ark:3132631
mcdd0_si883 /nfs-share/titouan/workspace/kaldi/egs/timit/s5_la2/mfcc/raw_mfcc_train.2.ark:1547101
fkkh0_sx390 /nfs-share/titouan/workspace/kaldi/egs/timit/s5_la2/mfcc/raw_mfcc_train.1.ark:2189893
fklc0_si1615 /nfs-share/titouan/workspace/kaldi/egs/timit/s5_la2/mfcc/raw_mfcc_train.1.ark:2194061
mjxa0_si1507 /nfs-share/titouan/workspace/kaldi/egs/timit/s5_la2/mfcc/raw_mfcc_train.3.ark:1785354
ftlg0_sx213 /nfs-share/titouan/workspace/kaldi/egs/timit/s5_la2/mfcc/raw_mfcc_train.2.ark:522497
mhmr0_sx399 /nfs-share/titouan/workspace/kaldi/egs/timit/s5_la2/mfcc/raw_mfcc_train.3.ark:447220
mmws0_sx168 /nfs-share/titouan/workspace/kaldi/egs/timit/s5_la2/mfcc/raw_mfcc_train.3.ark:3367783
mprt0_sx130 /nfs-share/titouan/workspace/kaldi/egs/timit/s5_la2/mfcc/raw_mfcc_train.4.ark:140944
mrjb1_sx210 /nfs-share/titouan/workspace/kaldi/egs/timit/s5_la2/mfcc/raw_mfcc_train.4.ark:863981
milb0_sx363 /nfs-share/titouan/workspace/kaldi/egs/timit/s5_la2/mfcc/raw_mfcc_train.3.ark:537744
mabc0_sx151 /nfs-share/titouan/workspace/kaldi/egs/timit/s5_la2/mfcc/raw_mfcc_train.2.ark:670872
mram0_sx195 /nfs-share/titouan/workspace/kaldi/egs/timit/s5_la2/mfcc/raw_mfcc_train.4.ark:306278
mrjb1_si1413 /nfs-share/titouan/workspace/kaldi/egs/timit/s5_la2/mfcc/raw_mfcc_train.4.ark:845473
mtdb0_sx141 /nfs-share/titouan/workspace/kaldi/egs/timit/s5_la2/mfcc/raw_mfcc_train.4.ark:2550542
fcjs0_sx257 /nfs-share/titouan/workspace/kaldi/egs/timit/s5_la2/mfcc/raw_mfcc_train.1.ark:576206
mpgh0_sx204 /nfs-share/titouan/workspace/kaldi/egs/timit/s5_la2/mfcc/raw_mfcc_train.3.ark:3616010
fsah0_sx434 /nfs-share/titouan/workspace/kaldi/egs/timit/s5_la2/mfcc/raw_mfcc_train.1.ark:3620595
mmcc0_si1968 /nfs-share/titouan/workspace/kaldi/egs/timit/s5_la2/mfcc/raw_mfcc_train.3.ark:2786748
fvmh0_si1466 /nfs-share/titouan/workspace/kaldi/egs/timit/s5_la2/mfcc/raw_mfcc_train.2.ark:629895
mter0_sx437 /nfs-share/titouan/workspace/kaldi/egs/timit/s5_la2/mfcc/raw_mfcc_train.4.ark:2632577
mstf0_si1396 /nfs-share/titouan/workspace/kaldi/egs/timit/s5_la2/mfcc/raw_mfcc_train.4.ark:2263961
mrlr0_sx116 /nfs-share/titouan/workspace/kaldi/egs/timit/s5_la2/mfcc/raw_mfcc_train.4.ark:1190180
mwdk0_sx356 /nfs-share/titouan/workspace/kaldi/egs/timit/s5_la2/mfcc/raw_mfcc_train.4.ark:3568849
fcmm0_sx273 /nfs-share/titouan/workspace/kaldi/egs/timit/s5_la2/mfcc/raw_mfcc_train.1.ark:703835
mfwk0_si619 /nfs-share/titouan/workspace/kaldi/egs/timit/s5_la2/mfcc/raw_mfcc_train.2.ark:3496987
mpsw0_si1697 /nfs-share/titouan/workspace/kaldi/egs/timit/s5_la2/mfcc/raw_mfcc_train.4.ark:161813
mrfk0_sx266 /nfs-share/titouan/workspace/kaldi/egs/timit/s5_la2/mfcc/raw_mfcc_train.4.ark:685714
fdmy0_si1197 /nfs-share/titouan/workspace/kaldi/egs/timit/s5_la2/mfcc/raw_mfcc_train.1.ark:975503
fbjl0_sx22 /nfs-share/titouan/workspace/kaldi/egs/timit/s5_la2/mfcc/raw_mfcc_train.1.ark:294469
mtml0_sx435 /nfs-share/titouan/workspace/kaldi/egs/timit/s5_la2/mfcc/raw_mfcc_train.4.ark:2931311
mapv0_si1293 /nfs-share/titouan/workspace/kaldi/egs/timit/s5_la2/mfcc/raw_mfcc_train.2.ark:942819
fpaf0_sx334 /nfs-share/titouan/workspace/kaldi/egs/timit/s5_la2/mfcc/raw_mfcc_train.1.ark:3319712
mdjm0_sx105 /nfs-share/titouan/workspace/kaldi/egs/timit/s5_la2/mfcc/raw_mfcc_train.2.ark:2363514
mcdr0_sx164 /nfs-share/titouan/workspace/kaldi/egs/timit/s5_la2/mfcc/raw_mfcc_train.2.ark:1587491
fsms1_sx244 /nfs-share/titouan/workspace/kaldi/egs/timit/s5_la2/mfcc/raw_mfcc_train.2.ark:294040
mdlc0_sx135 /nfs-share/titouan/workspace/kaldi/egs/timit/s5_la2/mfcc/raw_mfcc_train.2.ark:2467543
mtml0_sx75 /nfs-share/titouan/workspace/kaldi/egs/timit/s5_la2/mfcc/raw_mfcc_train.4.ark:2936985
mmeb0_si1357 /nfs-share/titouan/workspace/kaldi/egs/timit/s5_la2/mfcc/raw_mfcc_train.3.ark:2995958
fsls0_si1686 /nfs-share/titouan/workspace/kaldi/egs/timit/s5_la2/mfcc/raw_mfcc_train.2.ark:180188
mtat0_sx30 /nfs-share/titouan/workspace/kaldi/egs/timit/s5_la2/mfcc/raw_mfcc_train.4.ark:2425826
mdtb0_sx300 /nfs-share/titouan/workspace/kaldi/egs/timit/s5_la2/mfcc/raw_mfcc_train.2.ark:3012941
fsjg0_si940 /nfs-share/titouan/workspace/kaldi/egs/timit/s5_la2/mfcc/raw_mfcc_train.1.ark:3833608
mcef0_sx325 /nfs-share/titouan/workspace/kaldi/egs/timit/s5_la2/mfcc/raw_mfcc_train.2.ark:1625730
fjhk0_sx122 /nfs-share/titouan/workspace/kaldi/egs/timit/s5_la2/mfcc/raw_mfcc_train.1.ark:1665759
mddc0_sx159 /nfs-share/titouan/workspace/kaldi/egs/timit/s5_la2/mfcc/raw_mfcc_train.2.ark:2166404
fetb0_si1148 /nfs-share/titouan/workspace/kaldi/egs/timit/s5_la2/mfcc/raw_mfcc_train.1.ark:1294738
mmgk0_sx242 /nfs-share/titouan/workspace/kaldi/egs/timit/s5_la2/mfcc/raw_mfcc_train.3.ark:3099495
mtju0_sx400 /nfs-share/titouan/workspace/kaldi/egs/timit/s5_la2/mfcc/raw_mfcc_train.4.ark:2770702
mrtj0_si772 /nfs-share/titouan/workspace/kaldi/egs/timit/s5_la2/mfcc/raw_mfcc_train.4.ark:1553218
mljc0_sx235 /nfs-share/titouan/workspace/kaldi/egs/timit/s5_la2/mfcc/raw_mfcc_train.3.ark:2449589
mjlb0_sx356 /nfs-share/titouan/workspace/kaldi/egs/timit/s5_la2/mfcc/raw_mfcc_train.3.ark:1191973
mrpc1_sx42 /nfs-share/titouan/workspace/kaldi/egs/timit/s5_la2/mfcc/raw_mfcc_train.4.ark:1395238
mkah0_sx448 /nfs-share/titouan/workspace/kaldi/egs/timit/s5_la2/mfcc/raw_mfcc_train.3.ark:1908599
flkm0_si620 /nfs-share/titouan/workspace/kaldi/egs/timit/s5_la2/mfcc/raw_mfcc_train.1.ark:2596352
fdkn0_si1202 /nfs-share/titouan/workspace/kaldi/egs/timit/s5_la2/mfcc/raw_mfcc_train.1.ark:914854
fexm0_si482 /nfs-share/titouan/workspace/kaldi/egs/timit/s5_la2/mfcc/raw_mfcc_train.1.ark:1335409
fjrp1_sx82 /nfs-share/titouan/workspace/kaldi/egs/timit/s5_la2/mfcc/raw_mfcc_train.1.ark:1850308
mdem0_sx428 /nfs-share/titouan/workspace/kaldi/egs/timit/s5_la2/mfcc/raw_mfcc_train.2.ark:2277395
mter0_sx257 /nfs-share/titouan/workspace/kaldi/egs/timit/s5_la2/mfcc/raw_mfcc_train.4.ark:2629307
fdmy0_si714 /nfs-share/titouan/workspace/kaldi/egs/timit/s5_la2/mfcc/raw_mfcc_train.1.ark:989154
mwar0_sx55 /nfs-share/titouan/workspace/kaldi/egs/timit/s5_la2/mfcc/raw_mfcc_train.4.ark:3515850
mctm0_sx450 /nfs-share/titouan/workspace/kaldi/egs/timit/s5_la2/mfcc/raw_mfcc_train.2.ark:1923495
mpfu0_sx88 /nfs-share/titouan/workspace/kaldi/egs/timit/s5_la2/mfcc/raw_mfcc_train.3.ark:3594472
mrmh0_sx301 /nfs-share/titouan/workspace/kaldi/egs/timit/s5_la2/mfcc/raw_mfcc_train.4.ark:1291013
mjjm0_si827 /nfs-share/titouan/workspace/kaldi/egs/timit/s5_la2/mfcc/raw_mfcc_train.3.ark:1117439
fmkc0_sx172 /nfs-share/titouan/workspace/kaldi/egs/timit/s5_la2/mfcc/raw_mfcc_train.1.ark:2997855
mjjj0_sx263 /nfs-share/titouan/workspace/kaldi/egs/timit/s5_la2/mfcc/raw_mfcc_train.3.ark:1089719
mrmg0_si1080 /nfs-share/titouan/workspace/kaldi/egs/timit/s5_la2/mfcc/raw_mfcc_train.4.ark:1237748
mwdk0_sx446 /nfs-share/titouan/workspace/kaldi/egs/timit/s5_la2/mfcc/raw_mfcc_train.4.ark:3572873
mtkd0_si630 /nfs-share/titouan/workspace/kaldi/egs/timit/s5_la2/mfcc/raw_mfcc_train.4.ark:2783426
fdmy0_si567 /nfs-share/titouan/workspace/kaldi/egs/timit/s5_la2/mfcc/raw_mfcc_train.1.ark:980801
fcmg0_sx72 /nfs-share/titouan/workspace/kaldi/egs/timit/s5_la2/mfcc/raw_mfcc_train.1.ark:685572
mjhi0_sx248 /nfs-share/titouan/workspace/kaldi/egs/timit/s5_la2/mfcc/raw_mfcc_train.3.ark:1020990
fjwb1_sx435 /nfs-share/titouan/workspace/kaldi/egs/timit/s5_la2/mfcc/raw_mfcc_train.1.ark:1943111
fkde0_si1141 /nfs-share/titouan/workspace/kaldi/egs/timit/s5_la2/mfcc/raw_mfcc_train.1.ark:2053029
mtjm0_sx236 /nfs-share/titouan/workspace/kaldi/egs/timit/s5_la2/mfcc/raw_mfcc_train.4.ark:2691970
madc0_sx197 /nfs-share/titouan/workspace/kaldi/egs/timit/s5_la2/mfcc/raw_mfcc_train.2.ark:710605
fsdj0_sx215 /nfs-share/titouan/workspace/kaldi/egs/timit/s5_la2/mfcc/raw_mfcc_train.1.ark:3778674
fdkn0_sx451 /nfs-share/titouan/workspace/kaldi/egs/timit/s5_la2/mfcc/raw_mfcc_train.1.ark:937653
fnkl0_sx262 /nfs-share/titouan/workspace/kaldi/egs/timit/s5_la2/mfcc/raw_mfcc_train.1.ark:3147385
flmc0_si1372 /nfs-share/titouan/workspace/kaldi/egs/timit/s5_la2/mfcc/raw_mfcc_train.1.ark:2657311
fmjb0_sx187 /nfs-share/titouan/workspace/kaldi/egs/timit/s5_la2/mfcc/raw_mfcc_train.1.ark:2900536
mkln0_sx248 /nfs-share/titouan/workspace/kaldi/egs/timit/s5_la2/mfcc/raw_mfcc_train.3.ark:2157756
mewm0_sx88 /nfs-share/titouan/workspace/kaldi/egs/timit/s5_la2/mfcc/raw_mfcc_train.2.ark:3393585
fkdw0_si1891 /nfs-share/titouan/workspace/kaldi/egs/timit/s5_la2/mfcc/raw_mfcc_train.1.ark:2095540
mrbc0_sx329 /nfs-share/titouan/workspace/kaldi/egs/timit/s5_la2/mfcc/raw_mfcc_train.4.ark:365427
ftmg0_sx272 /nfs-share/titouan/workspace/kaldi/egs/timit/s5_la2/mfcc/raw_mfcc_train.2.ark:551856
mcdd0_sx73 /nfs-share/titouan/workspace/kaldi/egs/timit/s5_la2/mfcc/raw_mfcc_train.2.ark:1565816
mded0_si1170 /nfs-share/titouan/workspace/kaldi/egs/timit/s5_la2/mfcc/raw_mfcc_train.2.ark:2183638
fcmm0_si453 /nfs-share/titouan/workspace/kaldi/egs/timit/s5_la2/mfcc/raw_mfcc_train.1.ark:697841
