msds0_si2337 /nfs-share/titouan/workspace/kaldi/egs/timit/s5_la2/mfcc/raw_mfcc_train.4.ark:1895437
mdsj0_sx292 /nfs-share/titouan/workspace/kaldi/egs/timit/s5_la2/mfcc/raw_mfcc_train.2.ark:2926696
mdlc1_sx175 /nfs-share/titouan/workspace/kaldi/egs/timit/s5_la2/mfcc/raw_mfcc_train.2.ark:2500257
mcpm0_si1824 /nfs-share/titouan/workspace/kaldi/egs/timit/s5_la2/mfcc/raw_mfcc_train.2.ark:1775618
fmmh0_si907 /nfs-share/titouan/workspace/kaldi/egs/timit/s5_la2/mfcc/raw_mfcc_train.1.ark:3063194
mrhl0_si2145 /nfs-share/titouan/workspace/kaldi/egs/timit/s5_la2/mfcc/raw_mfcc_train.4.ark:812617
mkdt0_sx263 /nfs-share/titouan/workspace/kaldi/egs/timit/s5_la2/mfcc/raw_mfcc_train.3.ark:2062191
mmds0_sx263 /nfs-share/titouan/workspace/kaldi/egs/timit/s5_la2/mfcc/raw_mfcc_train.3.ark:2955586
mtlc0_sx307 /nfs-share/titouan/workspace/kaldi/egs/timit/s5_la2/mfcc/raw_mfcc_train.4.ark:2897277
msds0_sx267 /nfs-share/titouan/workspace/kaldi/egs/timit/s5_la2/mfcc/raw_mfcc_train.4.ark:1903225
falr0_sx335 /nfs-share/titouan/workspace/kaldi/egs/timit/s5_la2/mfcc/raw_mfcc_train.1.ark:120595
fsjw0_si1963 /nfs-share/titouan/workspace/kaldi/egs/timit/s5_la2/mfcc/raw_mfcc_train.2.ark:55992
mjdc0_sx441 /nfs-share/titouan/workspace/kaldi/egs/timit/s5_la2/mfcc/raw_mfcc_train.3.ark:728200
mrjm0_si1095 /nfs-share/titouan/workspace/kaldi/egs/timit/s5_la2/mfcc/raw_mfcc_train.4.ark:917313
mjlg1_sx382 /nfs-share/titouan/workspace/kaldi/egs/timit/s5_la2/mfcc/raw_mfcc_train.3.ark:1228054
feeh0_sx122 /nfs-share/titouan/workspace/kaldi/egs/timit/s5_la2/mfcc/raw_mfcc_train.1.ark:1238447
mlsh0_si1417 /nfs-share/titouan/workspace/kaldi/egs/timit/s5_la2/mfcc/raw_mfcc_train.3.ark:2536064
mjbg0_sx422 /nfs-share/titouan/workspace/kaldi/egs/timit/s5_la2/mfcc/raw_mfcc_train.3.ark:666920
mbma1_sx144 /nfs-share/titouan/workspace/kaldi/egs/timit/s5_la2/mfcc/raw_mfcc_train.2.ark:1264186
mrjb1_si1020 /nfs-share/titouan/workspace/kaldi/egs/timit/s5_la2/mfcc/raw_mfcc_train.4.ark:840668
mlel0_sx436 /nfs-share/titouan/workspace/kaldi/egs/timit/s5_la2/mfcc/raw_mfcc_train.3.ark:2423663
mram0_si1905 /nfs-share/titouan/workspace/kaldi/egs/timit/s5_la2/mfcc/raw_mfcc_train.4.ark:289675
feac0_sx165 /nfs-share/titouan/workspace/kaldi/egs/timit/s5_la2/mfcc/raw_mfcc_train.1.ark:1134068
mrwa0_sx163 /nfs-share/titouan/workspace/kaldi/egs/timit/s5_la2/mfcc/raw_mfcc_train.4.ark:1626256
mjdg0_sx232 /nfs-share/titouan/workspace/kaldi/egs/timit/s5_la2/mfcc/raw_mfcc_train.3.ark:793313
mrtj0_si772 /nfs-share/titouan/workspace/kaldi/egs/timit/s5_la2/mfcc/raw_mfcc_train.4.ark:1553218
mjpg0_sx111 /nfs-share/titouan/workspace/kaldi/egs/timit/s5_la2/mfcc/raw_mfcc_train.3.ark:1367816
madd0_si1798 /nfs-share/titouan/workspace/kaldi/egs/timit/s5_la2/mfcc/raw_mfcc_train.2.ark:724883
mdef0_sx393 /nfs-share/titouan/workspace/kaldi/egs/timit/s5_la2/mfcc/raw_mfcc_train.2.ark:2245287
mdlm0_si1234 /nfs-share/titouan/workspace/kaldi/egs/timit/s5_la2/mfcc/raw_mfcc_train.2.ark:2580446
mrcg0_sx438 /nfs-share/titouan/workspace/kaldi/egs/timit/s5_la2/mfcc/raw_mfcc_train.4.ark:406064
fpmy0_sx73 /nfs-share/titouan/workspace/kaldi/egs/timit/s5_la2/mfcc/raw_mfcc_train.1.ark:3459896
mjfh0_si477 /nfs-share/titouan/workspace/kaldi/egs/timit/s5_la2/mfcc/raw_mfcc_train.3.ark:949623
mdhs0_sx360 /nfs-share/titouan/workspace/kaldi/egs/timit/s5_la2/mfcc/raw_mfcc_train.2.ark:2338784
fear0_sx352 /nfs-share/titouan/workspace/kaldi/egs/timit/s5_la2/mfcc/raw_mfcc_train.1.ark:1172658
mgrp0_sx57 /nfs-share/titouan/workspace/kaldi/egs/timit/s5_la2/mfcc/raw_mfcc_train.3.ark:189564
mmgc0_sx315 /nfs-share/titouan/workspace/kaldi/egs/timit/s5_la2/mfcc/raw_mfcc_train.3.ark:3044826
fleh0_si1051 /nfs-share/titouan/workspace/kaldi/egs/timit/s5_la2/mfcc/raw_mfcc_train.1.ark:2392303
mdjm0_sx375 /nfs-share/titouan/workspace/kaldi/egs/timit/s5_la2/mfcc/raw_mfcc_train.2.ark:2376450
mmdm0_sx231 /nfs-share/titouan/workspace/kaldi/egs/timit/s5_la2/mfcc/raw_mfcc_train.3.ark:2893397
mpgh0_si924 /nfs-share/titouan/workspace/kaldi/egs/timit/s5_la2/mfcc/raw_mfcc_train.3.ark:3609665
mpeb0_sx150 /nfs-share/titouan/workspace/kaldi/egs/timit/s5_la2/mfcc/raw_mfcc_train.3.ark:3545677
mrlj1_sx321 /nfs-share/titouan/workspace/kaldi/egs/timit/s5_la2/mfcc/raw_mfcc_train.4.ark:1132737
mjeb0_sx296 /nfs-share/titouan/workspace/kaldi/egs/timit/s5_la2/mfcc/raw_mfcc_train.3.ark:868905
fdxw0_sx71 /nfs-share/titouan/workspace/kaldi/egs/timit/s5_la2/mfcc/raw_mfcc_train.1.ark:1118061
mdpb0_si866 /nfs-share/titouan/workspace/kaldi/egs/timit/s5_la2/mfcc/raw_mfcc_train.2.ark:2788271
mmdm1_sx153 /nfs-share/titouan/workspace/kaldi/egs/timit/s5_la2/mfcc/raw_mfcc_train.3.ark:2917770
mesg0_si1962 /nfs-share/titouan/workspace/kaldi/egs/timit/s5_la2/mfcc/raw_mfcc_train.2.ark:3313118
mdlc2_sx84 /nfs-share/titouan/workspace/kaldi/egs/timit/s5_la2/mfcc/raw_mfcc_train.2.ark:2542552
mcal0_sx58 /nfs-share/titouan/workspace/kaldi/egs/timit/s5_la2/mfcc/raw_mfcc_train.2.ark:1504966
mstf0_sx136 /nfs-share/titouan/workspace/kaldi/egs/timit/s5_la2/mfcc/raw_mfcc_train.4.ark:2277502
frll0_sx254 /nfs-share/titouan/workspace/kaldi/egs/timit/s5_la2/mfcc/raw_mfcc_train.1.ark:3541115
mrtc0_sx198 /nfs-share/titouan/workspace/kaldi/egs/timit/s5_la2/mfcc/raw_mfcc_train.4.ark:1532615
mses0_sx149 /nfs-share/titouan/workspace/kaldi/egs/timit/s5_la2/mfcc/raw_mfcc_train.4.ark:1975977
mpgr1_sx239 /nfs-share/titouan/workspace/kaldi/egs/timit/s5_la2/mfcc/raw_mfcc_train.3.ark:3673494
mrem0_sx421 /nfs-share/titouan/workspace/kaldi/egs/timit/s5_la2/mfcc/raw_mfcc_train.4.ark:631897
fbas0_si1472 /nfs-share/titouan/workspace/kaldi/egs/timit/s5_la2/mfcc/raw_mfcc_train.1.ark:177011
flmc0_si742 /nfs-share/titouan/workspace/kaldi/egs/timit/s5_la2/mfcc/raw_mfcc_train.1.ark:2665230
fjsp0_sx444 /nfs-share/titouan/workspace/kaldi/egs/timit/s5_la2/mfcc/raw_mfcc_train.1.ark:1911686
fjxm0_si1971 /nfs-share/titouan/workspace/kaldi/egs/timit/s5_la2/mfcc/raw_mfcc_train.1.ark:1954885
mwdk0_si1436 /nfs-share/titouan/workspace/kaldi/egs/timit/s5_la2/mfcc/raw_mfcc_train.4.ark:3547727
mtdb0_sx51 /nfs-share/titouan/workspace/kaldi/egs/timit/s5_la2/mfcc/raw_mfcc_train.4.ark:2565532
fpls0_si2220 /nfs-share/titouan/workspace/kaldi/egs/timit/s5_la2/mfcc/raw_mfcc_train.1.ark:3399688
mjfr0_si975 /nfs-share/titouan/workspace/kaldi/egs/timit/s5_la2/mfcc/raw_mfcc_train.3.ark:976525
fsag0_sx243 /nfs-share/titouan/workspace/kaldi/egs/timit/s5_la2/mfcc/raw_mfcc_train.1.ark:3571384
mmdm1_sx333 /nfs-share/titouan/workspace/kaldi/egs/timit/s5_la2/mfcc/raw_mfcc_train.3.ark:2927872
mreh1_sx429 /nfs-share/titouan/workspace/kaldi/egs/timit/s5_la2/mfcc/raw_mfcc_train.4.ark:598522
mcal0_si1768 /nfs-share/titouan/workspace/kaldi/egs/timit/s5_la2/mfcc/raw_mfcc_train.2.ark:1483852
mclm0_sx376 /nfs-share/titouan/workspace/kaldi/egs/timit/s5_la2/mfcc/raw_mfcc_train.2.ark:1768556
mrmg0_sx180 /nfs-share/titouan/workspace/kaldi/egs/timit/s5_la2/mfcc/raw_mfcc_train.4.ark:1250134
mbma0_sx142 /nfs-share/titouan/workspace/kaldi/egs/timit/s5_la2/mfcc/raw_mfcc_train.2.ark:1231915
mhbs0_sx315 /nfs-share/titouan/workspace/kaldi/egs/timit/s5_la2/mfcc/raw_mfcc_train.3.ark:318993
mdhl0_si1439 /nfs-share/titouan/workspace/kaldi/egs/timit/s5_la2/mfcc/raw_mfcc_train.2.ark:2287653
mges0_sx131 /nfs-share/titouan/workspace/kaldi/egs/timit/s5_la2/mfcc/raw_mfcc_train.3.ark:71689
feac0_si1245 /nfs-share/titouan/workspace/kaldi/egs/timit/s5_la2/mfcc/raw_mfcc_train.1.ark:1120838
msvs0_si938 /nfs-share/titouan/workspace/kaldi/egs/timit/s5_la2/mfcc/raw_mfcc_train.4.ark:2309194
mpfu0_sx448 /nfs-share/titouan/workspace/kaldi/egs/timit/s5_la2/mfcc/raw_mfcc_train.3.ark:3589487
mrre0_sx254 /nfs-share/titouan/workspace/kaldi/egs/timit/s5_la2/mfcc/raw_mfcc_train.4.ark:1421053
fsrh0_sx311 /nfs-share/titouan/workspace/kaldi/egs/timit/s5_la2/mfcc/raw_mfcc_train.2.ark:363438
mprb0_sx35 /nfs-share/titouan/workspace/kaldi/egs/timit/s5_la2/mfcc/raw_mfcc_train.4.ark:46076
mdsj0_si2092 /nfs-share/titouan/workspace/kaldi/egs/timit/s5_la2/mfcc/raw_mfcc_train.2.ark:2913318
fpaf0_sx424 /nfs-share/titouan/workspace/kaldi/egs/timit/s5_la2/mfcc/raw_mfcc_train.1.ark:3323580
msdb0_sx17 /nfs-share/titouan/workspace/kaldi/egs/timit/s5_la2/mfcc/raw_mfcc_train.4.ark:1840293
fjsp0_sx84 /nfs-share/titouan/workspace/kaldi/egs/timit/s5_la2/mfcc/raw_mfcc_train.1.ark:1915553
fbmj0_sx66 /nfs-share/titouan/workspace/kaldi/egs/timit/s5_la2/mfcc/raw_mfcc_train.1.ark:406948
mmag0_si1756 /nfs-share/titouan/workspace/kaldi/egs/timit/s5_la2/mfcc/raw_mfcc_train.3.ark:2643805
mtjm0_sx326 /nfs-share/titouan/workspace/kaldi/egs/timit/s5_la2/mfcc/raw_mfcc_train.4.ark:2694954
mwem0_sx150 /nfs-share/titouan/workspace/kaldi/egs/timit/s5_la2/mfcc/raw_mfcc_train.4.ark:3590356
mchl0_si1347 /nfs-share/titouan/workspace/kaldi/egs/timit/s5_la2/mfcc/raw_mfcc_train.2.ark:1677197
mkjo0_sx257 /nfs-share/titouan/workspace/kaldi/egs/timit/s5_la2/mfcc/raw_mfcc_train.3.ark:2127812
mtas0_sx215 /nfs-share/titouan/workspace/kaldi/egs/timit/s5_la2/mfcc/raw_mfcc_train.4.ark:2390026
fleh0_si2311 /nfs-share/titouan/workspace/kaldi/egs/timit/s5_la2/mfcc/raw_mfcc_train.1.ark:2401237
fgcs0_si2116 /nfs-share/titouan/workspace/kaldi/egs/timit/s5_la2/mfcc/raw_mfcc_train.1.ark:1368012
mjdg0_sx412 /nfs-share/titouan/workspace/kaldi/egs/timit/s5_la2/mfcc/raw_mfcc_train.3.ark:800919
fklc0_si2245 /nfs-share/titouan/workspace/kaldi/egs/timit/s5_la2/mfcc/raw_mfcc_train.1.ark:2196656
mrxb0_sx55 /nfs-share/titouan/workspace/kaldi/egs/timit/s5_la2/mfcc/raw_mfcc_train.4.ark:1702902
mjrh1_si1558 /nfs-share/titouan/workspace/kaldi/egs/timit/s5_la2/mfcc/raw_mfcc_train.3.ark:1545301
mree0_sx294 /nfs-share/titouan/workspace/kaldi/egs/timit/s5_la2/mfcc/raw_mfcc_train.4.ark:563442
fscn0_sx86 /nfs-share/titouan/workspace/kaldi/egs/timit/s5_la2/mfcc/raw_mfcc_train.1.ark:3730336
mpsw0_si1697 /nfs-share/titouan/workspace/kaldi/egs/timit/s5_la2/mfcc/raw_mfcc_train.4.ark:161813
mtml0_sx345 /nfs-share/titouan/workspace/kaldi/egs/timit/s5_la2/mfcc/raw_mfcc_train.4.ark:2927534
mrms0_sx210 /nfs-share/titouan/workspace/kaldi/egs/timit/s5_la2/mfcc/raw_mfcc_train.4.ark:1359059
mdpb0_sx326 /nfs-share/titouan/workspace/kaldi/egs/timit/s5_la2/mfcc/raw_mfcc_train.2.ark:2801591
mgak0_sx316 /nfs-share/titouan/workspace/kaldi/egs/timit/s5_la2/mfcc/raw_mfcc_train.2.ark:3665853
mrtj0_sx232 /nfs-share/titouan/workspace/kaldi/egs/timit/s5_la2/mfcc/raw_mfcc_train.4.ark:1566375
mrld0_sx154 /nfs-share/titouan/workspace/kaldi/egs/timit/s5_la2/mfcc/raw_mfcc_train.4.ark:1070598
mhrm0_si2218 /nfs-share/titouan/workspace/kaldi/egs/timit/s5_la2/mfcc/raw_mfcc_train.3.ark:452800
madc0_sx197 /nfs-share/titouan/workspace/kaldi/egs/timit/s5_la2/mfcc/raw_mfcc_train.2.ark:710605
mbma1_sx234 /nfs-share/titouan/workspace/kaldi/egs/timit/s5_la2/mfcc/raw_mfcc_train.2.ark:1268223
mrgm0_sx82 /nfs-share/titouan/workspace/kaldi/egs/timit/s5_la2/mfcc/raw_mfcc_train.4.ark:770920
mjrh0_sx135 /nfs-share/titouan/workspace/kaldi/egs/timit/s5_la2/mfcc/raw_mfcc_train.3.ark:1526715
mjeb0_sx386 /nfs-share/titouan/workspace/kaldi/egs/timit/s5_la2/mfcc/raw_mfcc_train.3.ark:872409
mtpg0_si753 /nfs-share/titouan/workspace/kaldi/egs/timit/s5_la2/mfcc/raw_mfcc_train.4.ark:3046028
mkrg0_si1491 /nfs-share/titouan/workspace/kaldi/egs/timit/s5_la2/mfcc/raw_mfcc_train.3.ark:2302042
mlsh0_si787 /nfs-share/titouan/workspace/kaldi/egs/timit/s5_la2/mfcc/raw_mfcc_train.3.ark:2545478
fpmy0_sx163 /nfs-share/titouan/workspace/kaldi/egs/timit/s5_la2/mfcc/raw_mfcc_train.1.ark:3444451
feme0_sx155 /nfs-share/titouan/workspace/kaldi/egs/timit/s5_la2/mfcc/raw_mfcc_train.1.ark:1272837
mwch0_si1895 /nfs-share/titouan/workspace/kaldi/egs/timit/s5_la2/mfcc/raw_mfcc_train.4.ark:3524316
mrlr0_sx116 /nfs-share/titouan/workspace/kaldi/egs/timit/s5_la2/mfcc/raw_mfcc_train.4.ark:1190180
mrmg0_si1080 /nfs-share/titouan/workspace/kaldi/egs/timit/s5_la2/mfcc/raw_mfcc_train.4.ark:1237748
mtrc0_si1623 /nfs-share/titouan/workspace/kaldi/egs/timit/s5_la2/mfcc/raw_mfcc_train.4.ark:3177931
fljd0_sx346 /nfs-share/titouan/workspace/kaldi/egs/timit/s5_la2/mfcc/raw_mfcc_train.1.ark:2542655
mdem0_si800 /nfs-share/titouan/workspace/kaldi/egs/timit/s5_la2/mfcc/raw_mfcc_train.2.ark:2257438
mmgg0_sx269 /nfs-share/titouan/workspace/kaldi/egs/timit/s5_la2/mfcc/raw_mfcc_train.3.ark:3071514
msdh0_si2240 /nfs-share/titouan/workspace/kaldi/egs/timit/s5_la2/mfcc/raw_mfcc_train.4.ark:1852368
mgsl0_si534 /nfs-share/titouan/workspace/kaldi/egs/timit/s5_la2/mfcc/raw_mfcc_train.3.ark:233015
mwrp0_si2073 /nfs-share/titouan/workspace/kaldi/egs/timit/s5_la2/mfcc/raw_mfcc_train.4.ark:3687268
mtqc0_sx451 /nfs-share/titouan/workspace/kaldi/egs/timit/s5_la2/mfcc/raw_mfcc_train.4.ark:3166451
mrbc0_sx329 /nfs-share/titouan/workspace/kaldi/egs/timit/s5_la2/mfcc/raw_mfcc_train.4.ark:365427
mrmb0_sx321 /nfs-share/titouan/workspace/kaldi/egs/timit/s5_la2/mfcc/raw_mfcc_train.4.ark:1225806
mbsb0_sx273 /nfs-share/titouan/workspace/kaldi/egs/timit/s5_la2/mfcc/raw_mfcc_train.2.ark:1358564
fpac0_si661 /nfs-share/titouan/workspace/kaldi/egs/timit/s5_la2/mfcc/raw_mfcc_train.1.ark:3236870
mtat1_sx149 /nfs-share/titouan/workspace/kaldi/egs/timit/s5_la2/mfcc/raw_mfcc_train.4.ark:2447567
maeb0_sx450 /nfs-share/titouan/workspace/kaldi/egs/timit/s5_la2/mfcc/raw_mfcc_train.2.ark:778314
fskp0_sx108 /nfs-share/titouan/workspace/kaldi/egs/timit/s5_la2/mfcc/raw_mfcc_train.2.ark:158669
mwch0_sx362 /nfs-share/titouan/workspace/kaldi/egs/timit/s5_la2/mfcc/raw_mfcc_train.4.ark:3535707
mbma0_si592 /nfs-share/titouan/workspace/kaldi/egs/timit/s5_la2/mfcc/raw_mfcc_train.2.ark:1229880
mges0_si2111 /nfs-share/titouan/workspace/kaldi/egs/timit/s5_la2/mfcc/raw_mfcc_train.3.ark:65045
ftlg0_si840 /nfs-share/titouan/workspace/kaldi/egs/timit/s5_la2/mfcc/raw_mfcc_train.2.ark:514527
mjws0_sx153 /nfs-share/titouan/workspace/kaldi/egs/timit/s5_la2/mfcc/raw_mfcc_train.3.ark:1725514
mmea0_sx398 /nfs-share/titouan/workspace/kaldi/egs/timit/s5_la2/mfcc/raw_mfcc_train.3.ark:2992219
mmrp0_si717 /nfs-share/titouan/workspace/kaldi/egs/timit/s5_la2/mfcc/raw_mfcc_train.3.ark:3209019
mljc0_sx325 /nfs-share/titouan/workspace/kaldi/egs/timit/s5_la2/mfcc/raw_mfcc_train.3.ark:2453561
mfer0_si2122 /nfs-share/titouan/workspace/kaldi/egs/timit/s5_la2/mfcc/raw_mfcc_train.2.ark:3400309
mstf0_sx226 /nfs-share/titouan/workspace/kaldi/egs/timit/s5_la2/mfcc/raw_mfcc_train.4.ark:2282293
fgdp0_si988 /nfs-share/titouan/workspace/kaldi/egs/timit/s5_la2/mfcc/raw_mfcc_train.1.ark:1402058
flod0_si1287 /nfs-share/titouan/workspace/kaldi/egs/timit/s5_la2/mfcc/raw_mfcc_train.1.ark:2721542
fbch0_si959 /nfs-share/titouan/workspace/kaldi/egs/timit/s5_la2/mfcc/raw_mfcc_train.1.ark:247995
madc0_si1997 /nfs-share/titouan/workspace/kaldi/egs/timit/s5_la2/mfcc/raw_mfcc_train.2.ark:693522
mgsh0_si1806 /nfs-share/titouan/workspace/kaldi/egs/timit/s5_la2/mfcc/raw_mfcc_train.3.ark:200006
fljd0_si2146 /nfs-share/titouan/workspace/kaldi/egs/timit/s5_la2/mfcc/raw_mfcc_train.1.ark:2528015
mbml0_si1169 /nfs-share/titouan/workspace/kaldi/egs/timit/s5_la2/mfcc/raw_mfcc_train.2.ark:1286893
mrms0_si2100 /nfs-share/titouan/workspace/kaldi/egs/timit/s5_la2/mfcc/raw_mfcc_train.4.ark:1351804
flet0_sx277 /nfs-share/titouan/workspace/kaldi/egs/timit/s5_la2/mfcc/raw_mfcc_train.1.ark:2445411
mkjo0_sx424 /nfs-share/titouan/workspace/kaldi/egs/timit/s5_la2/mfcc/raw_mfcc_train.3.ark:2130185
mklw0_sx131 /nfs-share/titouan/workspace/kaldi/egs/timit/s5_la2/mfcc/raw_mfcc_train.3.ark:2279725
mppc0_sx242 /nfs-share/titouan/workspace/kaldi/egs/timit/s5_la2/mfcc/raw_mfcc_train.4.ark:12
fsjs0_sx361 /nfs-share/titouan/workspace/kaldi/egs/timit/s5_la2/mfcc/raw_mfcc_train.2.ark:36281
fksr0_si1747 /nfs-share/titouan/workspace/kaldi/egs/timit/s5_la2/mfcc/raw_mfcc_train.1.ark:2296694
makb0_sx206 /nfs-share/titouan/workspace/kaldi/egs/timit/s5_la2/mfcc/raw_mfcc_train.2.ark:904384
flma0_sx73 /nfs-share/titouan/workspace/kaldi/egs/timit/s5_la2/mfcc/raw_mfcc_train.1.ark:2654183
fmkc0_sx82 /nfs-share/titouan/workspace/kaldi/egs/timit/s5_la2/mfcc/raw_mfcc_train.1.ark:3015627
mtjm0_sx56 /nfs-share/titouan/workspace/kaldi/egs/timit/s5_la2/mfcc/raw_mfcc_train.4.ark:2702182
mkrg0_sx411 /nfs-share/titouan/workspace/kaldi/egs/timit/s5_la2/mfcc/raw_mfcc_train.3.ark:2325952
fkdw0_sx397 /nfs-share/titouan/workspace/kaldi/egs/timit/s5_la2/mfcc/raw_mfcc_train.1.ark:2117109
mmbs0_sx161 /nfs-share/titouan/workspace/kaldi/egs/timit/s5_la2/mfcc/raw_mfcc_train.3.ark:2756753
fhlm0_si1560 /nfs-share/titouan/workspace/kaldi/egs/timit/s5_la2/mfcc/raw_mfcc_train.1.ark:1507827
fsbk0_si2329 /nfs-share/titouan/workspace/kaldi/egs/timit/s5_la2/mfcc/raw_mfcc_train.1.ark:3666767
mjde0_si1120 /nfs-share/titouan/workspace/kaldi/egs/timit/s5_la2/mfcc/raw_mfcc_train.3.ark:733960
fsah0_si1874 /nfs-share/titouan/workspace/kaldi/egs/timit/s5_la2/mfcc/raw_mfcc_train.1.ark:3597615
fcke0_sx211 /nfs-share/titouan/workspace/kaldi/egs/timit/s5_la2/mfcc/raw_mfcc_train.1.ark:610232
mdps0_si1979 /nfs-share/titouan/workspace/kaldi/egs/timit/s5_la2/mfcc/raw_mfcc_train.2.ark:2843823
makb0_sx26 /nfs-share/titouan/workspace/kaldi/egs/timit/s5_la2/mfcc/raw_mfcc_train.2.ark:908186
mmws0_sx258 /nfs-share/titouan/workspace/kaldi/egs/timit/s5_la2/mfcc/raw_mfcc_train.3.ark:3370858
fexm0_sx111 /nfs-share/titouan/workspace/kaldi/egs/timit/s5_la2/mfcc/raw_mfcc_train.1.ark:1341058
mhmr0_sx39 /nfs-share/titouan/workspace/kaldi/egs/timit/s5_la2/mfcc/raw_mfcc_train.3.ark:443677
mrpc1_si2026 /nfs-share/titouan/workspace/kaldi/egs/timit/s5_la2/mfcc/raw_mfcc_train.4.ark:1374799
mwre0_sx157 /nfs-share/titouan/workspace/kaldi/egs/timit/s5_la2/mfcc/raw_mfcc_train.4.ark:3656966
mrlj0_sx160 /nfs-share/titouan/workspace/kaldi/egs/timit/s5_la2/mfcc/raw_mfcc_train.4.ark:1098605
mdlc2_si984 /nfs-share/titouan/workspace/kaldi/egs/timit/s5_la2/mfcc/raw_mfcc_train.2.ark:2522589
mapv0_sx393 /nfs-share/titouan/workspace/kaldi/egs/timit/s5_la2/mfcc/raw_mfcc_train.2.ark:974458
mmsm0_sx296 /nfs-share/titouan/workspace/kaldi/egs/timit/s5_la2/mfcc/raw_mfcc_train.3.ark:3268065
mdlc0_sx45 /nfs-share/titouan/workspace/kaldi/egs/timit/s5_la2/mfcc/raw_mfcc_train.2.ark:2482702
mgsh0_sx96 /nfs-share/titouan/workspace/kaldi/egs/timit/s5_la2/mfcc/raw_mfcc_train.3.ark:223887
fsah0_sx164 /nfs-share/titouan/workspace/kaldi/egs/timit/s5_la2/mfcc/raw_mfcc_train.1.ark:3607288
mtrr0_si918 /nfs-share/titouan/workspace/kaldi/egs/timit/s5_la2/mfcc/raw_mfcc_train.4.ark:3212621
mkes0_sx443 /nfs-share/titouan/workspace/kaldi/egs/timit/s5_la2/mfcc/raw_mfcc_train.3.ark:2105799
mgjc0_si1965 /nfs-share/titouan/workspace/kaldi/egs/timit/s5_la2/mfcc/raw_mfcc_train.3.ark:98663
mafm0_si1569 /nfs-share/titouan/workspace/kaldi/egs/timit/s5_la2/mfcc/raw_mfcc_train.2.ark:816853
mlns0_si777 /nfs-share/titouan/workspace/kaldi/egs/timit/s5_la2/mfcc/raw_mfcc_train.3.ark:2514481
mzmb0_si1796 /nfs-share/titouan/workspace/kaldi/egs/timit/s5_la2/mfcc/raw_mfcc_train.4.ark:3782237
mrso0_si1206 /nfs-share/titouan/workspace/kaldi/egs/timit/s5_la2/mfcc/raw_mfcc_train.4.ark:1436265
fklc1_sx418 /nfs-share/titouan/workspace/kaldi/egs/timit/s5_la2/mfcc/raw_mfcc_train.1.ark:2250959
mmlm0_sx87 /nfs-share/titouan/workspace/kaldi/egs/timit/s5_la2/mfcc/raw_mfcc_train.3.ark:3170947
mdhs0_si2160 /nfs-share/titouan/workspace/kaldi/egs/timit/s5_la2/mfcc/raw_mfcc_train.2.ark:2323195
mlns0_sx417 /nfs-share/titouan/workspace/kaldi/egs/timit/s5_la2/mfcc/raw_mfcc_train.3.ark:2528445
flmc0_sx382 /nfs-share/titouan/workspace/kaldi/egs/timit/s5_la2/mfcc/raw_mfcc_train.1.ark:2685804
mjlb0_si1616 /nfs-share/titouan/workspace/kaldi/egs/timit/s5_la2/mfcc/raw_mfcc_train.3.ark:1172255
fdnc0_sx198 /nfs-share/titouan/workspace/kaldi/egs/timit/s5_la2/mfcc/raw_mfcc_train.1.ark:1044157
mewm0_si1978 /nfs-share/titouan/workspace/kaldi/egs/timit/s5_la2/mfcc/raw_mfcc_train.2.ark:3372887
mljh0_si1324 /nfs-share/titouan/workspace/kaldi/egs/timit/s5_la2/mfcc/raw_mfcc_train.3.ark:2464398
mjmd0_si1028 /nfs-share/titouan/workspace/kaldi/egs/timit/s5_la2/mfcc/raw_mfcc_train.3.ark:1296010
fjhk0_sx122 /nfs-share/titouan/workspace/kaldi/egs/timit/s5_la2/mfcc/raw_mfcc_train.1.ark:1665759
fpab1_sx31 /nfs-share/titouan/workspace/kaldi/egs/timit/s5_la2/mfcc/raw_mfcc_train.1.ark:3221136
mjai0_sx344 /nfs-share/titouan/workspace/kaldi/egs/timit/s5_la2/mfcc/raw_mfcc_train.3.ark:633523
mljh0_sx154 /nfs-share/titouan/workspace/kaldi/egs/timit/s5_la2/mfcc/raw_mfcc_train.3.ark:2483712
mmxs0_si629 /nfs-share/titouan/workspace/kaldi/egs/timit/s5_la2/mfcc/raw_mfcc_train.3.ark:3416957
fbcg1_si982 /nfs-share/titouan/workspace/kaldi/egs/timit/s5_la2/mfcc/raw_mfcc_train.1.ark:211994
mwch0_sx182 /nfs-share/titouan/workspace/kaldi/egs/timit/s5_la2/mfcc/raw_mfcc_train.4.ark:3530103
fapb0_sx433 /nfs-share/titouan/workspace/kaldi/egs/timit/s5_la2/mfcc/raw_mfcc_train.1.ark:161818
fbcg1_si2242 /nfs-share/titouan/workspace/kaldi/egs/timit/s5_la2/mfcc/raw_mfcc_train.1.ark:209179
mjdg0_si1705 /nfs-share/titouan/workspace/kaldi/egs/timit/s5_la2/mfcc/raw_mfcc_train.3.ark:786097
fkdw0_sx37 /nfs-share/titouan/workspace/kaldi/egs/timit/s5_la2/mfcc/raw_mfcc_train.1.ark:2113618
mtpr0_sx340 /nfs-share/titouan/workspace/kaldi/egs/timit/s5_la2/mfcc/raw_mfcc_train.4.ark:3121992
msat1_si2333 /nfs-share/titouan/workspace/kaldi/egs/timit/s5_la2/mfcc/raw_mfcc_train.4.ark:1803900
mdlc1_sx355 /nfs-share/titouan/workspace/kaldi/egs/timit/s5_la2/mfcc/raw_mfcc_train.2.ark:2509371
mmdm0_sx141 /nfs-share/titouan/workspace/kaldi/egs/timit/s5_la2/mfcc/raw_mfcc_train.3.ark:2889178
marw0_sx16 /nfs-share/titouan/workspace/kaldi/egs/timit/s5_la2/mfcc/raw_mfcc_train.2.ark:1017971
fmah1_sx69 /nfs-share/titouan/workspace/kaldi/egs/timit/s5_la2/mfcc/raw_mfcc_train.1.ark:2812161
mjxa0_sx157 /nfs-share/titouan/workspace/kaldi/egs/timit/s5_la2/mfcc/raw_mfcc_train.3.ark:1797570
fpls0_si1590 /nfs-share/titouan/workspace/kaldi/egs/timit/s5_la2/mfcc/raw_mfcc_train.1.ark:3396456
fetb0_sx428 /nfs-share/titouan/workspace/kaldi/egs/timit/s5_la2/mfcc/raw_mfcc_train.1.ark:1318350
mkdb0_sx152 /nfs-share/titouan/workspace/kaldi/egs/timit/s5_la2/mfcc/raw_mfcc_train.3.ark:1990636
mjrh0_sx45 /nfs-share/titouan/workspace/kaldi/egs/timit/s5_la2/mfcc/raw_mfcc_train.3.ark:1541510
mjfr0_si2235 /nfs-share/titouan/workspace/kaldi/egs/timit/s5_la2/mfcc/raw_mfcc_train.3.ark:973073
fklc1_sx148 /nfs-share/titouan/workspace/kaldi/egs/timit/s5_la2/mfcc/raw_mfcc_train.1.ark:2239173
mtwh1_sx252 /nfs-share/titouan/workspace/kaldi/egs/timit/s5_la2/mfcc/raw_mfcc_train.4.ark:3282559
fgdp0_sx448 /nfs-share/titouan/workspace/kaldi/egs/timit/s5_la2/mfcc/raw_mfcc_train.1.ark:1421989
mcew0_sx182 /nfs-share/titouan/workspace/kaldi/egs/timit/s5_la2/mfcc/raw_mfcc_train.2.ark:1653138
mtqc0_sx91 /nfs-share/titouan/workspace/kaldi/egs/timit/s5_la2/mfcc/raw_mfcc_train.4.ark:3173243
mdhl0_sx359 /nfs-share/titouan/workspace/kaldi/egs/timit/s5_la2/mfcc/raw_mfcc_train.2.ark:2306318
msrr0_si1761 /nfs-share/titouan/workspace/kaldi/egs/timit/s5_la2/mfcc/raw_mfcc_train.4.ark:2234975
fpjf0_si1046 /nfs-share/titouan/workspace/kaldi/egs/timit/s5_la2/mfcc/raw_mfcc_train.1.ark:3365120
mdlc0_si765 /nfs-share/titouan/workspace/kaldi/egs/timit/s5_la2/mfcc/raw_mfcc_train.2.ark:2464494
mrfk0_sx356 /nfs-share/titouan/workspace/kaldi/egs/timit/s5_la2/mfcc/raw_mfcc_train.4.ark:688607
mwad0_sx432 /nfs-share/titouan/workspace/kaldi/egs/timit/s5_la2/mfcc/raw_mfcc_train.4.ark:3482610
fkde0_si2221 /nfs-share/titouan/workspace/kaldi/egs/timit/s5_la2/mfcc/raw_mfcc_train.1.ark:2065265
mbjv0_si617 /nfs-share/titouan/workspace/kaldi/egs/timit/s5_la2/mfcc/raw_mfcc_train.2.ark:1198415
mprd0_sx81 /nfs-share/titouan/workspace/kaldi/egs/timit/s5_la2/mfcc/raw_mfcc_train.4.ark:87025
mmgk0_sx332 /nfs-share/titouan/workspace/kaldi/egs/timit/s5_la2/mfcc/raw_mfcc_train.3.ark:3102505
fjsp0_sx354 /nfs-share/titouan/workspace/kaldi/egs/timit/s5_la2/mfcc/raw_mfcc_train.1.ark:1908013
fjsk0_sx332 /nfs-share/titouan/workspace/kaldi/egs/timit/s5_la2/mfcc/raw_mfcc_train.1.ark:1875209
mbbr0_sx335 /nfs-share/titouan/workspace/kaldi/egs/timit/s5_la2/mfcc/raw_mfcc_train.2.ark:1088892
mrcw0_si1371 /nfs-share/titouan/workspace/kaldi/egs/timit/s5_la2/mfcc/raw_mfcc_train.4.ark:416777
mjjj0_sx263 /nfs-share/titouan/workspace/kaldi/egs/timit/s5_la2/mfcc/raw_mfcc_train.3.ark:1089719
fjsp0_si1763 /nfs-share/titouan/workspace/kaldi/egs/timit/s5_la2/mfcc/raw_mfcc_train.1.ark:1893984
fpab1_sx391 /nfs-share/titouan/workspace/kaldi/egs/timit/s5_la2/mfcc/raw_mfcc_train.1.ark:3224107
fmmh0_si2167 /nfs-share/titouan/workspace/kaldi/egs/timit/s5_la2/mfcc/raw_mfcc_train.1.ark:3058676
feeh0_sx392 /nfs-share/titouan/workspace/kaldi/egs/timit/s5_la2/mfcc/raw_mfcc_train.1.ark:1254971
mgaf0_sx202 /nfs-share/titouan/workspace/kaldi/egs/timit/s5_la2/mfcc/raw_mfcc_train.2.ark:3600368
mjmd0_sx398 /nfs-share/titouan/workspace/kaldi/egs/timit/s5_la2/mfcc/raw_mfcc_train.3.ark:1320227
mkls0_sx267 /nfs-share/titouan/workspace/kaldi/egs/timit/s5_la2/mfcc/raw_mfcc_train.3.ark:2220090
mpfu0_sx268 /nfs-share/titouan/workspace/kaldi/egs/timit/s5_la2/mfcc/raw_mfcc_train.3.ark:3581764
madd0_sx178 /nfs-share/titouan/workspace/kaldi/egs/timit/s5_la2/mfcc/raw_mfcc_train.2.ark:733373
ftbw0_si715 /nfs-share/titouan/workspace/kaldi/egs/timit/s5_la2/mfcc/raw_mfcc_train.2.ark:476511
mbsb0_sx3 /nfs-share/titouan/workspace/kaldi/egs/timit/s5_la2/mfcc/raw_mfcc_train.2.ark:1360987
mbml0_si539 /nfs-share/titouan/workspace/kaldi/egs/timit/s5_la2/mfcc/raw_mfcc_train.2.ark:1293473
msmc0_si647 /nfs-share/titouan/workspace/kaldi/egs/timit/s5_la2/mfcc/raw_mfcc_train.4.ark:2112853
mwgr0_si2236 /nfs-share/titouan/workspace/kaldi/egs/timit/s5_la2/mfcc/raw_mfcc_train.4.ark:3617374
fvkb0_sx439 /nfs-share/titouan/workspace/kaldi/egs/timit/s5_la2/mfcc/raw_mfcc_train.2.ark:621730
fgcs0_si856 /nfs-share/titouan/workspace/kaldi/egs/timit/s5_la2/mfcc/raw_mfcc_train.1.ark:1371841
msem1_sx180 /nfs-share/titouan/workspace/kaldi/egs/timit/s5_la2/mfcc/raw_mfcc_train.4.ark:1943016
mreh1_sx69 /nfs-share/titouan/workspace/kaldi/egs/timit/s5_la2/mfcc/raw_mfcc_train.4.ark:602857
fceg0_si1878 /nfs-share/titouan/workspace/kaldi/egs/timit/s5_la2/mfcc/raw_mfcc_train.1.ark:514620
fmah1_si1509 /nfs-share/titouan/workspace/kaldi/egs/timit/s5_la2/mfcc/raw_mfcc_train.1.ark:2784955
fjdm2_si2212 /nfs-share/titouan/workspace/kaldi/egs/timit/s5_la2/mfcc/raw_mfcc_train.1.ark:1589287
mmab1_sx414 /nfs-share/titouan/workspace/kaldi/egs/timit/s5_la2/mfcc/raw_mfcc_train.3.ark:2630471
mfxv0_si1635 /nfs-share/titouan/workspace/kaldi/egs/timit/s5_la2/mfcc/raw_mfcc_train.2.ark:3564144
mjma0_sx55 /nfs-share/titouan/workspace/kaldi/egs/timit/s5_la2/mfcc/raw_mfcc_train.3.ark:1292193
mdwm0_sx286 /nfs-share/titouan/workspace/kaldi/egs/timit/s5_la2/mfcc/raw_mfcc_train.2.ark:3111379
fvkb0_sx349 /nfs-share/titouan/workspace/kaldi/egs/timit/s5_la2/mfcc/raw_mfcc_train.2.ark:615301
faem0_si1392 /nfs-share/titouan/workspace/kaldi/egs/timit/s5_la2/mfcc/raw_mfcc_train.1.ark:13
mrmg0_sx90 /nfs-share/titouan/workspace/kaldi/egs/timit/s5_la2/mfcc/raw_mfcc_train.4.ark:1266749
mtkd0_sx107 /nfs-share/titouan/workspace/kaldi/egs/timit/s5_la2/mfcc/raw_mfcc_train.4.ark:2789907
msfh0_sx316 /nfs-share/titouan/workspace/kaldi/egs/timit/s5_la2/mfcc/raw_mfcc_train.4.ark:2019572
mhbs0_si2205 /nfs-share/titouan/workspace/kaldi/egs/timit/s5_la2/mfcc/raw_mfcc_train.3.ark:302949
fsjg0_si940 /nfs-share/titouan/workspace/kaldi/egs/timit/s5_la2/mfcc/raw_mfcc_train.1.ark:3833608
mfmc0_sx52 /nfs-share/titouan/workspace/kaldi/egs/timit/s5_la2/mfcc/raw_mfcc_train.2.ark:3455085
msjk0_si966 /nfs-share/titouan/workspace/kaldi/egs/timit/s5_la2/mfcc/raw_mfcc_train.4.ark:2078646
fkdw0_sx307 /nfs-share/titouan/workspace/kaldi/egs/timit/s5_la2/mfcc/raw_mfcc_train.1.ark:2111051
mljc0_sx145 /nfs-share/titouan/workspace/kaldi/egs/timit/s5_la2/mfcc/raw_mfcc_train.3.ark:2445630
mpmb0_sx331 /nfs-share/titouan/workspace/kaldi/egs/timit/s5_la2/mfcc/raw_mfcc_train.3.ark:3723465
flmk0_sx315 /nfs-share/titouan/workspace/kaldi/egs/timit/s5_la2/mfcc/raw_mfcc_train.1.ark:2710406
ftlg0_sx303 /nfs-share/titouan/workspace/kaldi/egs/timit/s5_la2/mfcc/raw_mfcc_train.2.ark:526339
mjrp0_si585 /nfs-share/titouan/workspace/kaldi/egs/timit/s5_la2/mfcc/raw_mfcc_train.3.ark:1614629
mtju0_si2020 /nfs-share/titouan/workspace/kaldi/egs/timit/s5_la2/mfcc/raw_mfcc_train.4.ark:2743873
mjma0_si865 /nfs-share/titouan/workspace/kaldi/egs/timit/s5_la2/mfcc/raw_mfcc_train.3.ark:1275415
mcxm0_sx91 /nfs-share/titouan/workspace/kaldi/egs/timit/s5_la2/mfcc/raw_mfcc_train.2.ark:1958801
mklr0_sx339 /nfs-share/titouan/workspace/kaldi/egs/timit/s5_la2/mfcc/raw_mfcc_train.3.ark:2191257
mdjm0_sx15 /nfs-share/titouan/workspace/kaldi/egs/timit/s5_la2/mfcc/raw_mfcc_train.2.ark:2366536
fdmy0_sx207 /nfs-share/titouan/workspace/kaldi/egs/timit/s5_la2/mfcc/raw_mfcc_train.1.ark:1002675
mkes0_si623 /nfs-share/titouan/workspace/kaldi/egs/timit/s5_la2/mfcc/raw_mfcc_train.3.ark:2087142
fbch0_sx56 /nfs-share/titouan/workspace/kaldi/egs/timit/s5_la2/mfcc/raw_mfcc_train.1.ark:270792
fdnc0_si1278 /nfs-share/titouan/workspace/kaldi/egs/timit/s5_la2/mfcc/raw_mfcc_train.1.ark:1020396
marc0_sx288 /nfs-share/titouan/workspace/kaldi/egs/timit/s5_la2/mfcc/raw_mfcc_train.2.ark:996712
mmcc0_si708 /nfs-share/titouan/workspace/kaldi/egs/timit/s5_la2/mfcc/raw_mfcc_train.3.ark:2789797
mrvg0_si510 /nfs-share/titouan/workspace/kaldi/egs/timit/s5_la2/mfcc/raw_mfcc_train.4.ark:1592652
mtjm0_si1226 /nfs-share/titouan/workspace/kaldi/egs/timit/s5_la2/mfcc/raw_mfcc_train.4.ark:2673871
mrwa0_sx343 /nfs-share/titouan/workspace/kaldi/egs/timit/s5_la2/mfcc/raw_mfcc_train.4.ark:1632835
mjrp0_si1835 /nfs-share/titouan/workspace/kaldi/egs/timit/s5_la2/mfcc/raw_mfcc_train.3.ark:1607243
fjen0_sx147 /nfs-share/titouan/workspace/kaldi/egs/timit/s5_la2/mfcc/raw_mfcc_train.1.ark:1629054
mrpc1_sx132 /nfs-share/titouan/workspace/kaldi/egs/timit/s5_la2/mfcc/raw_mfcc_train.4.ark:1380040
mcdr0_si1154 /nfs-share/titouan/workspace/kaldi/egs/timit/s5_la2/mfcc/raw_mfcc_train.2.ark:1569451
fsdc0_si2234 /nfs-share/titouan/workspace/kaldi/egs/timit/s5_la2/mfcc/raw_mfcc_train.1.ark:3742983
mdlc0_sx315 /nfs-share/titouan/workspace/kaldi/egs/timit/s5_la2/mfcc/raw_mfcc_train.2.ark:2475032
fbas0_sx397 /nfs-share/titouan/workspace/kaldi/egs/timit/s5_la2/mfcc/raw_mfcc_train.1.ark:202676
fclt0_sx178 /nfs-share/titouan/workspace/kaldi/egs/timit/s5_la2/mfcc/raw_mfcc_train.1.ark:633617
mdma0_sx440 /nfs-share/titouan/workspace/kaldi/egs/timit/s5_la2/mfcc/raw_mfcc_train.2.ark:2706813
fexm0_sx201 /nfs-share/titouan/workspace/kaldi/egs/timit/s5_la2/mfcc/raw_mfcc_train.1.ark:1345173
mjrg0_sx376 /nfs-share/titouan/workspace/kaldi/egs/timit/s5_la2/mfcc/raw_mfcc_train.3.ark:1509160
mjdc0_sx171 /nfs-share/titouan/workspace/kaldi/egs/timit/s5_la2/mfcc/raw_mfcc_train.3.ark:717311
flac0_si901 /nfs-share/titouan/workspace/kaldi/egs/timit/s5_la2/mfcc/raw_mfcc_train.1.ark:2333743
fmah1_si879 /nfs-share/titouan/workspace/kaldi/egs/timit/s5_la2/mfcc/raw_mfcc_train.1.ark:2791210
fsak0_sx40 /nfs-share/titouan/workspace/kaldi/egs/timit/s5_la2/mfcc/raw_mfcc_train.1.ark:3651851
mhit0_sx353 /nfs-share/titouan/workspace/kaldi/egs/timit/s5_la2/mfcc/raw_mfcc_train.3.ark:349795
flac0_si1339 /nfs-share/titouan/workspace/kaldi/egs/timit/s5_la2/mfcc/raw_mfcc_train.1.ark:2324979
fklc1_sx58 /nfs-share/titouan/workspace/kaldi/egs/timit/s5_la2/mfcc/raw_mfcc_train.1.ark:2255658
mlbc0_sx249 /nfs-share/titouan/workspace/kaldi/egs/timit/s5_la2/mfcc/raw_mfcc_train.3.ark:2380926
mjpg0_sx381 /nfs-share/titouan/workspace/kaldi/egs/timit/s5_la2/mfcc/raw_mfcc_train.3.ark:1379088
mtwh1_sx342 /nfs-share/titouan/workspace/kaldi/egs/timit/s5_la2/mfcc/raw_mfcc_train.4.ark:3286258
mppc0_si782 /nfs-share/titouan/workspace/kaldi/egs/timit/s5_la2/mfcc/raw_mfcc_train.3.ark:3752218
fjwb1_sx255 /nfs-share/titouan/workspace/kaldi/egs/timit/s5_la2/mfcc/raw_mfcc_train.1.ark:1936480
mrld0_sx244 /nfs-share/titouan/workspace/kaldi/egs/timit/s5_la2/mfcc/raw_mfcc_train.4.ark:1073673
mtrr0_sx288 /nfs-share/titouan/workspace/kaldi/egs/timit/s5_la2/mfcc/raw_mfcc_train.4.ark:3229028
mkag0_sx169 /nfs-share/titouan/workspace/kaldi/egs/timit/s5_la2/mfcc/raw_mfcc_train.3.ark:1864504
mmam0_sx337 /nfs-share/titouan/workspace/kaldi/egs/timit/s5_la2/mfcc/raw_mfcc_train.3.ark:2693824
fcmm0_sx363 /nfs-share/titouan/workspace/kaldi/egs/timit/s5_la2/mfcc/raw_mfcc_train.1.ark:707183
mjac0_sx251 /nfs-share/titouan/workspace/kaldi/egs/timit/s5_la2/mfcc/raw_mfcc_train.3.ark:556305
fjwb1_si748 /nfs-share/titouan/workspace/kaldi/egs/timit/s5_la2/mfcc/raw_mfcc_train.1.ark:1923498
mdcm0_si1480 /nfs-share/titouan/workspace/kaldi/egs/timit/s5_la2/mfcc/raw_mfcc_train.2.ark:2121956
fcrz0_si2053 /nfs-share/titouan/workspace/kaldi/egs/timit/s5_la2/mfcc/raw_mfcc_train.1.ark:724723
mrdm0_sx425 /nfs-share/titouan/workspace/kaldi/egs/timit/s5_la2/mfcc/raw_mfcc_train.4.ark:503112
mkjo0_sx77 /nfs-share/titouan/workspace/kaldi/egs/timit/s5_la2/mfcc/raw_mfcc_train.3.ark:2139025
msrg0_si1851 /nfs-share/titouan/workspace/kaldi/egs/timit/s5_la2/mfcc/raw_mfcc_train.4.ark:2206435
mhrm0_sx418 /nfs-share/titouan/workspace/kaldi/egs/timit/s5_la2/mfcc/raw_mfcc_train.3.ark:471672
mtpp0_si2138 /nfs-share/titouan/workspace/kaldi/egs/timit/s5_la2/mfcc/raw_mfcc_train.4.ark:3073469
mcth0_sx129 /nfs-share/titouan/workspace/kaldi/egs/timit/s5_la2/mfcc/raw_mfcc_train.2.ark:1879321
mdss1_sx157 /nfs-share/titouan/workspace/kaldi/egs/timit/s5_la2/mfcc/raw_mfcc_train.2.ark:2978043
mdpk0_sx63 /nfs-share/titouan/workspace/kaldi/egs/timit/s5_la2/mfcc/raw_mfcc_train.2.ark:2838178
ftbr0_si2181 /nfs-share/titouan/workspace/kaldi/egs/timit/s5_la2/mfcc/raw_mfcc_train.2.ark:444116
fdfb0_sx148 /nfs-share/titouan/workspace/kaldi/egs/timit/s5_la2/mfcc/raw_mfcc_train.1.ark:862234
mdma0_si1430 /nfs-share/titouan/workspace/kaldi/egs/timit/s5_la2/mfcc/raw_mfcc_train.2.ark:2680790
fapb0_sx163 /nfs-share/titouan/workspace/kaldi/egs/timit/s5_la2/mfcc/raw_mfcc_train.1.ark:148368
mdhs0_sx270 /nfs-share/titouan/workspace/kaldi/egs/timit/s5_la2/mfcc/raw_mfcc_train.2.ark:2335761
mmxs0_sx426 /nfs-share/titouan/workspace/kaldi/egs/timit/s5_la2/mfcc/raw_mfcc_train.3.ark:3436973
mtlb0_sx54 /nfs-share/titouan/workspace/kaldi/egs/timit/s5_la2/mfcc/raw_mfcc_train.4.ark:2872520
fmkc0_sx442 /nfs-share/titouan/workspace/kaldi/egs/timit/s5_la2/mfcc/raw_mfcc_train.1.ark:3011409
mejl0_si962 /nfs-share/titouan/workspace/kaldi/egs/timit/s5_la2/mfcc/raw_mfcc_train.2.ark:3255018
mmxs0_sx336 /nfs-share/titouan/workspace/kaldi/egs/timit/s5_la2/mfcc/raw_mfcc_train.3.ark:3431675
mrlk0_si2140 /nfs-share/titouan/workspace/kaldi/egs/timit/s5_la2/mfcc/raw_mfcc_train.4.ark:1150251
mrfl0_sx436 /nfs-share/titouan/workspace/kaldi/egs/timit/s5_la2/mfcc/raw_mfcc_train.4.ark:727879
fgmb0_sx335 /nfs-share/titouan/workspace/kaldi/egs/timit/s5_la2/mfcc/raw_mfcc_train.1.ark:1456450
mmds0_sx443 /nfs-share/titouan/workspace/kaldi/egs/timit/s5_la2/mfcc/raw_mfcc_train.3.ark:2961684
mmdg0_sx430 /nfs-share/titouan/workspace/kaldi/egs/timit/s5_la2/mfcc/raw_mfcc_train.3.ark:2869395
fssb0_sx452 /nfs-share/titouan/workspace/kaldi/egs/timit/s5_la2/mfcc/raw_mfcc_train.2.ark:403218
fpac0_sx391 /nfs-share/titouan/workspace/kaldi/egs/timit/s5_la2/mfcc/raw_mfcc_train.1.ark:3258978
mdas0_si1266 /nfs-share/titouan/workspace/kaldi/egs/timit/s5_la2/mfcc/raw_mfcc_train.2.ark:1995903
mrml0_sx161 /nfs-share/titouan/workspace/kaldi/egs/timit/s5_la2/mfcc/raw_mfcc_train.4.ark:1314963
flag0_si2094 /nfs-share/titouan/workspace/kaldi/egs/timit/s5_la2/mfcc/raw_mfcc_train.1.ark:2361912
mdcm0_sx310 /nfs-share/titouan/workspace/kaldi/egs/timit/s5_la2/mfcc/raw_mfcc_train.2.ark:2143598
mmjb1_sx328 /nfs-share/titouan/workspace/kaldi/egs/timit/s5_la2/mfcc/raw_mfcc_train.3.ark:3132631
mmgk0_sx62 /nfs-share/titouan/workspace/kaldi/egs/timit/s5_la2/mfcc/raw_mfcc_train.3.ark:3109720
fmbg0_si1160 /nfs-share/titouan/workspace/kaldi/egs/timit/s5_la2/mfcc/raw_mfcc_train.1.ark:2816056
mgag0_sx331 /nfs-share/titouan/workspace/kaldi/egs/timit/s5_la2/mfcc/raw_mfcc_train.2.ark:3631995
mrlj1_si1671 /nfs-share/titouan/workspace/kaldi/egs/timit/s5_la2/mfcc/raw_mfcc_train.4.ark:1115774
mjmm0_si625 /nfs-share/titouan/workspace/kaldi/egs/timit/s5_la2/mfcc/raw_mfcc_train.3.ark:1332626
mdlc1_si2144 /nfs-share/titouan/workspace/kaldi/egs/timit/s5_la2/mfcc/raw_mfcc_train.2.ark:2498170
mmea0_si2018 /nfs-share/titouan/workspace/kaldi/egs/timit/s5_la2/mfcc/raw_mfcc_train.3.ark:2972756
fleh0_si1681 /nfs-share/titouan/workspace/kaldi/egs/timit/s5_la2/mfcc/raw_mfcc_train.1.ark:2397992
mtmt0_si1748 /nfs-share/titouan/workspace/kaldi/egs/timit/s5_la2/mfcc/raw_mfcc_train.4.ark:2979867
mpsw0_sx77 /nfs-share/titouan/workspace/kaldi/egs/timit/s5_la2/mfcc/raw_mfcc_train.4.ark:181211
mpmb0_sx61 /nfs-share/titouan/workspace/kaldi/egs/timit/s5_la2/mfcc/raw_mfcc_train.3.ark:3736985
fkde0_sx61 /nfs-share/titouan/workspace/kaldi/egs/timit/s5_la2/mfcc/raw_mfcc_train.1.ark:2084370
mdlm0_sx424 /nfs-share/titouan/workspace/kaldi/egs/timit/s5_la2/mfcc/raw_mfcc_train.2.ark:2602355
mgaf0_sx112 /nfs-share/titouan/workspace/kaldi/egs/timit/s5_la2/mfcc/raw_mfcc_train.2.ark:3597124
mjxa0_si877 /nfs-share/titouan/workspace/kaldi/egs/timit/s5_la2/mfcc/raw_mfcc_train.3.ark:1794092
mjrk0_sx340 /nfs-share/titouan/workspace/kaldi/egs/timit/s5_la2/mfcc/raw_mfcc_train.3.ark:1596718
mdwh0_si665 /nfs-share/titouan/workspace/kaldi/egs/timit/s5_la2/mfcc/raw_mfcc_train.2.ark:3063189
mdhl0_sx449 /nfs-share/titouan/workspace/kaldi/egs/timit/s5_la2/mfcc/raw_mfcc_train.2.ark:2311382
flja0_si1708 /nfs-share/titouan/workspace/kaldi/egs/timit/s5_la2/mfcc/raw_mfcc_train.1.ark:2494144
mmar0_sx76 /nfs-share/titouan/workspace/kaldi/egs/timit/s5_la2/mfcc/raw_mfcc_train.3.ark:2739758
mrws0_si472 /nfs-share/titouan/workspace/kaldi/egs/timit/s5_la2/mfcc/raw_mfcc_train.4.ark:1653671
falk0_sx366 /nfs-share/titouan/workspace/kaldi/egs/timit/s5_la2/mfcc/raw_mfcc_train.1.ark:89353
fajw0_si1893 /nfs-share/titouan/workspace/kaldi/egs/timit/s5_la2/mfcc/raw_mfcc_train.1.ark:39403
mtrr0_sx18 /nfs-share/titouan/workspace/kaldi/egs/timit/s5_la2/mfcc/raw_mfcc_train.4.ark:3221851
mhjb0_sx297 /nfs-share/titouan/workspace/kaldi/egs/timit/s5_la2/mfcc/raw_mfcc_train.3.ark:381384
madc0_si1367 /nfs-share/titouan/workspace/kaldi/egs/timit/s5_la2/mfcc/raw_mfcc_train.2.ark:687547
mprk0_si1097 /nfs-share/titouan/workspace/kaldi/egs/timit/s5_la2/mfcc/raw_mfcc_train.4.ark:90478
mges0_si1481 /nfs-share/titouan/workspace/kaldi/egs/timit/s5_la2/mfcc/raw_mfcc_train.3.ark:63217
mlns0_sx327 /nfs-share/titouan/workspace/kaldi/egs/timit/s5_la2/mfcc/raw_mfcc_train.3.ark:2523524
fcaj0_sx219 /nfs-share/titouan/workspace/kaldi/egs/timit/s5_la2/mfcc/raw_mfcc_train.1.ark:452881
ftmg0_sx362 /nfs-share/titouan/workspace/kaldi/egs/timit/s5_la2/mfcc/raw_mfcc_train.2.ark:555347
mmgk0_sx152 /nfs-share/titouan/workspace/kaldi/egs/timit/s5_la2/mfcc/raw_mfcc_train.3.ark:3096641
mwsb0_sx186 /nfs-share/titouan/workspace/kaldi/egs/timit/s5_la2/mfcc/raw_mfcc_train.4.ark:3722482
makr0_sx182 /nfs-share/titouan/workspace/kaldi/egs/timit/s5_la2/mfcc/raw_mfcc_train.2.ark:928081
fnkl0_sx196 /nfs-share/titouan/workspace/kaldi/egs/timit/s5_la2/mfcc/raw_mfcc_train.1.ark:3144908
mprt0_si580 /nfs-share/titouan/workspace/kaldi/egs/timit/s5_la2/mfcc/raw_mfcc_train.4.ark:137193
fsls0_si2316 /nfs-share/titouan/workspace/kaldi/egs/timit/s5_la2/mfcc/raw_mfcc_train.2.ark:184824
mjma0_sx325 /nfs-share/titouan/workspace/kaldi/egs/timit/s5_la2/mfcc/raw_mfcc_train.3.ark:1286382
mrtj0_si1551 /nfs-share/titouan/workspace/kaldi/egs/timit/s5_la2/mfcc/raw_mfcc_train.4.ark:1545026
mfer0_sx412 /nfs-share/titouan/workspace/kaldi/egs/timit/s5_la2/mfcc/raw_mfcc_train.2.ark:3418570
fmkc0_si1702 /nfs-share/titouan/workspace/kaldi/egs/timit/s5_la2/mfcc/raw_mfcc_train.1.ark:2995157
mkdd0_sx397 /nfs-share/titouan/workspace/kaldi/egs/timit/s5_la2/mfcc/raw_mfcc_train.3.ark:2039782
mdlm0_sx64 /nfs-share/titouan/workspace/kaldi/egs/timit/s5_la2/mfcc/raw_mfcc_train.2.ark:2606261
mmws1_sx351 /nfs-share/titouan/workspace/kaldi/egs/timit/s5_la2/mfcc/raw_mfcc_train.3.ark:3403331
fcyl0_si1927 /nfs-share/titouan/workspace/kaldi/egs/timit/s5_la2/mfcc/raw_mfcc_train.1.ark:754199
mjee0_sx247 /nfs-share/titouan/workspace/kaldi/egs/timit/s5_la2/mfcc/raw_mfcc_train.3.ark:924776
mtlc0_sx37 /nfs-share/titouan/workspace/kaldi/egs/timit/s5_la2/mfcc/raw_mfcc_train.4.ark:2899415
mbma0_si1222 /nfs-share/titouan/workspace/kaldi/egs/timit/s5_la2/mfcc/raw_mfcc_train.2.ark:1221246
mjbg0_si1862 /nfs-share/titouan/workspace/kaldi/egs/timit/s5_la2/mfcc/raw_mfcc_train.3.ark:649680
mhxl0_si512 /nfs-share/titouan/workspace/kaldi/egs/timit/s5_la2/mfcc/raw_mfcc_train.3.ark:485057
mjls0_si1096 /nfs-share/titouan/workspace/kaldi/egs/timit/s5_la2/mfcc/raw_mfcc_train.3.ark:1231793
maeb0_sx90 /nfs-share/titouan/workspace/kaldi/egs/timit/s5_la2/mfcc/raw_mfcc_train.2.ark:782454
mlsh0_sx157 /nfs-share/titouan/workspace/kaldi/egs/timit/s5_la2/mfcc/raw_mfcc_train.3.ark:2549268
fceg0_si618 /nfs-share/titouan/workspace/kaldi/egs/timit/s5_la2/mfcc/raw_mfcc_train.1.ark:516395
mjpm0_sx288 /nfs-share/titouan/workspace/kaldi/egs/timit/s5_la2/mfcc/raw_mfcc_train.3.ark:1407634
mdlr0_si1233 /nfs-share/titouan/workspace/kaldi/egs/timit/s5_la2/mfcc/raw_mfcc_train.2.ark:2609129
ftbr0_sx201 /nfs-share/titouan/workspace/kaldi/egs/timit/s5_la2/mfcc/raw_mfcc_train.2.ark:456318
fcyl0_si1297 /nfs-share/titouan/workspace/kaldi/egs/timit/s5_la2/mfcc/raw_mfcc_train.1.ark:750083
mjrh1_sx424 /nfs-share/titouan/workspace/kaldi/egs/timit/s5_la2/mfcc/raw_mfcc_train.3.ark:1570226
fjdm2_sx322 /nfs-share/titouan/workspace/kaldi/egs/timit/s5_la2/mfcc/raw_mfcc_train.1.ark:1603920
mgag0_sx61 /nfs-share/titouan/workspace/kaldi/egs/timit/s5_la2/mfcc/raw_mfcc_train.2.ark:3638274
mejl0_sx152 /nfs-share/titouan/workspace/kaldi/egs/timit/s5_la2/mfcc/raw_mfcc_train.2.ark:3258899
flmc0_si2002 /nfs-share/titouan/workspace/kaldi/egs/timit/s5_la2/mfcc/raw_mfcc_train.1.ark:2662727
mtcs0_sx172 /nfs-share/titouan/workspace/kaldi/egs/timit/s5_la2/mfcc/raw_mfcc_train.4.ark:2515593
msds0_si1077 /nfs-share/titouan/workspace/kaldi/egs/timit/s5_la2/mfcc/raw_mfcc_train.4.ark:1883292
mmar0_sx436 /nfs-share/titouan/workspace/kaldi/egs/timit/s5_la2/mfcc/raw_mfcc_train.3.ark:2736268
mrmh0_si2281 /nfs-share/titouan/workspace/kaldi/egs/timit/s5_la2/mfcc/raw_mfcc_train.4.ark:1279877
freh0_sx145 /nfs-share/titouan/workspace/kaldi/egs/timit/s5_la2/mfcc/raw_mfcc_train.1.ark:3477593
fkaa0_sx308 /nfs-share/titouan/workspace/kaldi/egs/timit/s5_la2/mfcc/raw_mfcc_train.1.ark:2038149
fecd0_sx158 /nfs-share/titouan/workspace/kaldi/egs/timit/s5_la2/mfcc/raw_mfcc_train.1.ark:1205110
mrxb0_sx145 /nfs-share/titouan/workspace/kaldi/egs/timit/s5_la2/mfcc/raw_mfcc_train.4.ark:1688575
mewm0_si718 /nfs-share/titouan/workspace/kaldi/egs/timit/s5_la2/mfcc/raw_mfcc_train.2.ark:3374792
mcdr0_sx434 /nfs-share/titouan/workspace/kaldi/egs/timit/s5_la2/mfcc/raw_mfcc_train.2.ark:1598770
mcew0_si1442 /nfs-share/titouan/workspace/kaldi/egs/timit/s5_la2/mfcc/raw_mfcc_train.2.ark:1636242
mgrp0_sx417 /nfs-share/titouan/workspace/kaldi/egs/timit/s5_la2/mfcc/raw_mfcc_train.3.ark:185151
fjxp0_si1752 /nfs-share/titouan/workspace/kaldi/egs/timit/s5_la2/mfcc/raw_mfcc_train.1.ark:1991121
mrcw0_sx201 /nfs-share/titouan/workspace/kaldi/egs/timit/s5_la2/mfcc/raw_mfcc_train.4.ark:433732
mntw0_sx168 /nfs-share/titouan/workspace/kaldi/egs/timit/s5_la2/mfcc/raw_mfcc_train.3.ark:3489117
mdns0_sx201 /nfs-share/titouan/workspace/kaldi/egs/timit/s5_la2/mfcc/raw_mfcc_train.2.ark:2764958
mjls0_sx376 /nfs-share/titouan/workspace/kaldi/egs/timit/s5_la2/mfcc/raw_mfcc_train.3.ark:1261508
mded0_si540 /nfs-share/titouan/workspace/kaldi/egs/timit/s5_la2/mfcc/raw_mfcc_train.2.ark:2192142
mtbc0_sx183 /nfs-share/titouan/workspace/kaldi/egs/timit/s5_la2/mfcc/raw_mfcc_train.4.ark:2484440
mbth0_si505 /nfs-share/titouan/workspace/kaldi/egs/timit/s5_la2/mfcc/raw_mfcc_train.2.ark:1375068
fcdr1_si1186 /nfs-share/titouan/workspace/kaldi/egs/timit/s5_la2/mfcc/raw_mfcc_train.1.ark:468314
mdhl0_sx269 /nfs-share/titouan/workspace/kaldi/egs/timit/s5_la2/mfcc/raw_mfcc_train.2.ark:2303724
mjlb0_sx266 /nfs-share/titouan/workspace/kaldi/egs/timit/s5_la2/mfcc/raw_mfcc_train.3.ark:1188846
mrdm0_sx245 /nfs-share/titouan/workspace/kaldi/egs/timit/s5_la2/mfcc/raw_mfcc_train.4.ark:493738
mrav0_sx198 /nfs-share/titouan/workspace/kaldi/egs/timit/s5_la2/mfcc/raw_mfcc_train.4.ark:335495
mrcw0_si2001 /nfs-share/titouan/workspace/kaldi/egs/timit/s5_la2/mfcc/raw_mfcc_train.4.ark:420893
mvrw0_sx45 /nfs-share/titouan/workspace/kaldi/egs/timit/s5_la2/mfcc/raw_mfcc_train.4.ark:3421635
mtpp0_sx68 /nfs-share/titouan/workspace/kaldi/egs/timit/s5_la2/mfcc/raw_mfcc_train.4.ark:3094817
msmc0_sx17 /nfs-share/titouan/workspace/kaldi/egs/timit/s5_la2/mfcc/raw_mfcc_train.4.ark:2122213
mgrl0_sx147 /nfs-share/titouan/workspace/kaldi/egs/timit/s5_la2/mfcc/raw_mfcc_train.3.ark:138793
mtpr0_sx160 /nfs-share/titouan/workspace/kaldi/egs/timit/s5_la2/mfcc/raw_mfcc_train.4.ark:3111630
fdas1_sx111 /nfs-share/titouan/workspace/kaldi/egs/timit/s5_la2/mfcc/raw_mfcc_train.1.ark:800069
fclt0_sx448 /nfs-share/titouan/workspace/kaldi/egs/timit/s5_la2/mfcc/raw_mfcc_train.1.ark:645715
mjmm0_sx85 /nfs-share/titouan/workspace/kaldi/egs/timit/s5_la2/mfcc/raw_mfcc_train.3.ark:1351120
mdlb0_sx46 /nfs-share/titouan/workspace/kaldi/egs/timit/s5_la2/mfcc/raw_mfcc_train.2.ark:2448572
fklh0_si1257 /nfs-share/titouan/workspace/kaldi/egs/timit/s5_la2/mfcc/raw_mfcc_train.1.ark:2260931
mrms0_si1113 /nfs-share/titouan/workspace/kaldi/egs/timit/s5_la2/mfcc/raw_mfcc_train.4.ark:1340933
mtjm0_si655 /nfs-share/titouan/workspace/kaldi/egs/timit/s5_la2/mfcc/raw_mfcc_train.4.ark:2683610
mfxs0_si2304 /nfs-share/titouan/workspace/kaldi/egs/timit/s5_la2/mfcc/raw_mfcc_train.2.ark:3527348
fhxs0_si2302 /nfs-share/titouan/workspace/kaldi/egs/timit/s5_la2/mfcc/raw_mfcc_train.1.ark:1547257
msrr0_sx411 /nfs-share/titouan/workspace/kaldi/egs/timit/s5_la2/mfcc/raw_mfcc_train.4.ark:2255861
mtdp0_si2151 /nfs-share/titouan/workspace/kaldi/egs/timit/s5_la2/mfcc/raw_mfcc_train.4.ark:2577906
mmam0_si1597 /nfs-share/titouan/workspace/kaldi/egs/timit/s5_la2/mfcc/raw_mfcc_train.3.ark:2676029
fcjs0_sx167 /nfs-share/titouan/workspace/kaldi/egs/timit/s5_la2/mfcc/raw_mfcc_train.1.ark:571233
mcae0_sx97 /nfs-share/titouan/workspace/kaldi/egs/timit/s5_la2/mfcc/raw_mfcc_train.2.ark:1474502
fpac0_si1921 /nfs-share/titouan/workspace/kaldi/egs/timit/s5_la2/mfcc/raw_mfcc_train.1.ark:3227300
mbbr0_sx65 /nfs-share/titouan/workspace/kaldi/egs/timit/s5_la2/mfcc/raw_mfcc_train.2.ark:1097199
mtju0_sx400 /nfs-share/titouan/workspace/kaldi/egs/timit/s5_la2/mfcc/raw_mfcc_train.4.ark:2770702
msdh0_sx440 /nfs-share/titouan/workspace/kaldi/egs/timit/s5_la2/mfcc/raw_mfcc_train.4.ark:1875439
mhmg0_sx285 /nfs-share/titouan/workspace/kaldi/egs/timit/s5_la2/mfcc/raw_mfcc_train.3.ark:409573
medr0_sx294 /nfs-share/titouan/workspace/kaldi/egs/timit/s5_la2/mfcc/raw_mfcc_train.2.ark:3173082
mrcg0_sx168 /nfs-share/titouan/workspace/kaldi/egs/timit/s5_la2/mfcc/raw_mfcc_train.4.ark:392328
mjws0_si1143 /nfs-share/titouan/workspace/kaldi/egs/timit/s5_la2/mfcc/raw_mfcc_train.3.ark:1714715
mbbr0_si1685 /nfs-share/titouan/workspace/kaldi/egs/timit/s5_la2/mfcc/raw_mfcc_train.2.ark:1075655
mmcc0_si1968 /nfs-share/titouan/workspace/kaldi/egs/timit/s5_la2/mfcc/raw_mfcc_train.3.ark:2786748
fhxs0_sx445 /nfs-share/titouan/workspace/kaldi/egs/timit/s5_la2/mfcc/raw_mfcc_train.1.ark:1574255
mmeb0_si727 /nfs-share/titouan/workspace/kaldi/egs/timit/s5_la2/mfcc/raw_mfcc_train.3.ark:3003981
mfwk0_si1879 /nfs-share/titouan/workspace/kaldi/egs/timit/s5_la2/mfcc/raw_mfcc_train.2.ark:3493678
fcdr1_sx376 /nfs-share/titouan/workspace/kaldi/egs/timit/s5_la2/mfcc/raw_mfcc_train.1.ark:505556
flja0_si1078 /nfs-share/titouan/workspace/kaldi/egs/timit/s5_la2/mfcc/raw_mfcc_train.1.ark:2486271
mtpg0_sx123 /nfs-share/titouan/workspace/kaldi/egs/timit/s5_la2/mfcc/raw_mfcc_train.4.ark:3051248
fsak0_si670 /nfs-share/titouan/workspace/kaldi/egs/timit/s5_la2/mfcc/raw_mfcc_train.1.ark:3636146
fmkc0_si1072 /nfs-share/titouan/workspace/kaldi/egs/timit/s5_la2/mfcc/raw_mfcc_train.1.ark:2992094
mjda0_si2291 /nfs-share/titouan/workspace/kaldi/egs/timit/s5_la2/mfcc/raw_mfcc_train.3.ark:680769
mklr0_si1689 /nfs-share/titouan/workspace/kaldi/egs/timit/s5_la2/mfcc/raw_mfcc_train.3.ark:2178566
mjeb0_si656 /nfs-share/titouan/workspace/kaldi/egs/timit/s5_la2/mfcc/raw_mfcc_train.3.ark:852186
feac0_sx255 /nfs-share/titouan/workspace/kaldi/egs/timit/s5_la2/mfcc/raw_mfcc_train.1.ark:1138820
fmpg0_sx342 /nfs-share/titouan/workspace/kaldi/egs/timit/s5_la2/mfcc/raw_mfcc_train.1.ark:3111669
mmgg0_sx89 /nfs-share/titouan/workspace/kaldi/egs/timit/s5_la2/mfcc/raw_mfcc_train.3.ark:3084573
mdbb1_si1636 /nfs-share/titouan/workspace/kaldi/egs/timit/s5_la2/mfcc/raw_mfcc_train.2.ark:2030675
msas0_si746 /nfs-share/titouan/workspace/kaldi/egs/timit/s5_la2/mfcc/raw_mfcc_train.4.ark:1745415
mreh1_si969 /nfs-share/titouan/workspace/kaldi/egs/timit/s5_la2/mfcc/raw_mfcc_train.4.ark:579202
msdb0_si1007 /nfs-share/titouan/workspace/kaldi/egs/timit/s5_la2/mfcc/raw_mfcc_train.4.ark:1827095
mstf0_sx406 /nfs-share/titouan/workspace/kaldi/egs/timit/s5_la2/mfcc/raw_mfcc_train.4.ark:2290042
mjxa0_sx247 /nfs-share/titouan/workspace/kaldi/egs/timit/s5_la2/mfcc/raw_mfcc_train.3.ark:1800463
mdks0_sx166 /nfs-share/titouan/workspace/kaldi/egs/timit/s5_la2/mfcc/raw_mfcc_train.2.ark:2389702
fskp0_sx378 /nfs-share/titouan/workspace/kaldi/egs/timit/s5_la2/mfcc/raw_mfcc_train.2.ark:172489
fjkl0_sx212 /nfs-share/titouan/workspace/kaldi/egs/timit/s5_la2/mfcc/raw_mfcc_train.1.ark:1700923
mdlr1_si669 /nfs-share/titouan/workspace/kaldi/egs/timit/s5_la2/mfcc/raw_mfcc_train.2.ark:2651399
fmmh0_sx420 /nfs-share/titouan/workspace/kaldi/egs/timit/s5_la2/mfcc/raw_mfcc_train.1.ark:3074213
mcae0_sx187 /nfs-share/titouan/workspace/kaldi/egs/timit/s5_la2/mfcc/raw_mfcc_train.2.ark:1456784
mzmb0_si1166 /nfs-share/titouan/workspace/kaldi/egs/timit/s5_la2/mfcc/raw_mfcc_train.4.ark:3777081
fmah1_sx339 /nfs-share/titouan/workspace/kaldi/egs/timit/s5_la2/mfcc/raw_mfcc_train.1.ark:2805115
mrtc0_si828 /nfs-share/titouan/workspace/kaldi/egs/timit/s5_la2/mfcc/raw_mfcc_train.4.ark:1520791
fmem0_sx333 /nfs-share/titouan/workspace/kaldi/egs/timit/s5_la2/mfcc/raw_mfcc_train.1.ark:2872978
fmjf0_sx264 /nfs-share/titouan/workspace/kaldi/egs/timit/s5_la2/mfcc/raw_mfcc_train.1.ark:2935152
mfer0_si1492 /nfs-share/titouan/workspace/kaldi/egs/timit/s5_la2/mfcc/raw_mfcc_train.2.ark:3398052
mcxm0_si1351 /nfs-share/titouan/workspace/kaldi/egs/timit/s5_la2/mfcc/raw_mfcc_train.2.ark:1930412
fsms1_si874 /nfs-share/titouan/workspace/kaldi/egs/timit/s5_la2/mfcc/raw_mfcc_train.2.ark:286057
mcdr0_sx254 /nfs-share/titouan/workspace/kaldi/egs/timit/s5_la2/mfcc/raw_mfcc_train.2.ark:1592581
fsdj0_sx305 /nfs-share/titouan/workspace/kaldi/egs/timit/s5_la2/mfcc/raw_mfcc_train.1.ark:3782451
flkm0_sx440 /nfs-share/titouan/workspace/kaldi/egs/timit/s5_la2/mfcc/raw_mfcc_train.1.ark:2619891
fetb0_sx68 /nfs-share/titouan/workspace/kaldi/egs/timit/s5_la2/mfcc/raw_mfcc_train.1.ark:1322919
mjrp0_sx405 /nfs-share/titouan/workspace/kaldi/egs/timit/s5_la2/mfcc/raw_mfcc_train.3.ark:1629503
mdlc2_sx354 /nfs-share/titouan/workspace/kaldi/egs/timit/s5_la2/mfcc/raw_mfcc_train.2.ark:2536039
madd0_sx268 /nfs-share/titouan/workspace/kaldi/egs/timit/s5_la2/mfcc/raw_mfcc_train.2.ark:738268
mjrh1_si1774 /nfs-share/titouan/workspace/kaldi/egs/timit/s5_la2/mfcc/raw_mfcc_train.3.ark:1551614
fdxw0_sx251 /nfs-share/titouan/workspace/kaldi/egs/timit/s5_la2/mfcc/raw_mfcc_train.1.ark:1106705
mrld0_sx334 /nfs-share/titouan/workspace/kaldi/egs/timit/s5_la2/mfcc/raw_mfcc_train.4.ark:1077021
frjb0_si1794 /nfs-share/titouan/workspace/kaldi/egs/timit/s5_la2/mfcc/raw_mfcc_train.1.ark:3498639
mrwa0_sx433 /nfs-share/titouan/workspace/kaldi/egs/timit/s5_la2/mfcc/raw_mfcc_train.4.ark:1637652
mjxa0_sx427 /nfs-share/titouan/workspace/kaldi/egs/timit/s5_la2/mfcc/raw_mfcc_train.3.ark:1808888
fdas1_sx21 /nfs-share/titouan/workspace/kaldi/egs/timit/s5_la2/mfcc/raw_mfcc_train.1.ark:807934
mjmm0_sx265 /nfs-share/titouan/workspace/kaldi/egs/timit/s5_la2/mfcc/raw_mfcc_train.3.ark:1341246
mtlc0_si847 /nfs-share/titouan/workspace/kaldi/egs/timit/s5_la2/mfcc/raw_mfcc_train.4.ark:2888845
fsjw0_si703 /nfs-share/titouan/workspace/kaldi/egs/timit/s5_la2/mfcc/raw_mfcc_train.2.ark:60016
fjhk0_si1652 /nfs-share/titouan/workspace/kaldi/egs/timit/s5_la2/mfcc/raw_mfcc_train.1.ark:1657138
mrml0_sx341 /nfs-share/titouan/workspace/kaldi/egs/timit/s5_la2/mfcc/raw_mfcc_train.4.ark:1327223
mklw0_sx41 /nfs-share/titouan/workspace/kaldi/egs/timit/s5_la2/mfcc/raw_mfcc_train.3.ark:2297419
mkag0_si2239 /nfs-share/titouan/workspace/kaldi/egs/timit/s5_la2/mfcc/raw_mfcc_train.3.ark:1855000
mkls1_si1545 /nfs-share/titouan/workspace/kaldi/egs/timit/s5_la2/mfcc/raw_mfcc_train.3.ark:2237187
mdbp0_sx168 /nfs-share/titouan/workspace/kaldi/egs/timit/s5_la2/mfcc/raw_mfcc_train.2.ark:2069474
mdwh0_si1925 /nfs-share/titouan/workspace/kaldi/egs/timit/s5_la2/mfcc/raw_mfcc_train.2.ark:3060140
mtrc0_sx170 /nfs-share/titouan/workspace/kaldi/egs/timit/s5_la2/mfcc/raw_mfcc_train.4.ark:3188963
mdlc2_si2244 /nfs-share/titouan/workspace/kaldi/egs/timit/s5_la2/mfcc/raw_mfcc_train.2.ark:2520528
mrbc0_sx239 /nfs-share/titouan/workspace/kaldi/egs/timit/s5_la2/mfcc/raw_mfcc_train.4.ark:361429
fkdw0_si1891 /nfs-share/titouan/workspace/kaldi/egs/timit/s5_la2/mfcc/raw_mfcc_train.1.ark:2095540
mgsl0_sx264 /nfs-share/titouan/workspace/kaldi/egs/timit/s5_la2/mfcc/raw_mfcc_train.3.ark:247011
mmab1_si1494 /nfs-share/titouan/workspace/kaldi/egs/timit/s5_la2/mfcc/raw_mfcc_train.3.ark:2604883
mtjg0_sx260 /nfs-share/titouan/workspace/kaldi/egs/timit/s5_la2/mfcc/raw_mfcc_train.4.ark:2657138
mmeb0_sx327 /nfs-share/titouan/workspace/kaldi/egs/timit/s5_la2/mfcc/raw_mfcc_train.3.ark:3009338
mctm0_si720 /nfs-share/titouan/workspace/kaldi/egs/timit/s5_la2/mfcc/raw_mfcc_train.2.ark:1909778
mbml0_sx359 /nfs-share/titouan/workspace/kaldi/egs/timit/s5_la2/mfcc/raw_mfcc_train.2.ark:1303881
mtqc0_si1441 /nfs-share/titouan/workspace/kaldi/egs/timit/s5_la2/mfcc/raw_mfcc_train.4.ark:3133752
mram0_sx285 /nfs-share/titouan/workspace/kaldi/egs/timit/s5_la2/mfcc/raw_mfcc_train.4.ark:308989
mrcw0_si741 /nfs-share/titouan/workspace/kaldi/egs/timit/s5_la2/mfcc/raw_mfcc_train.4.ark:425008
fcmg0_sx162 /nfs-share/titouan/workspace/kaldi/egs/timit/s5_la2/mfcc/raw_mfcc_train.1.ark:667488
mrxb0_sx325 /nfs-share/titouan/workspace/kaldi/egs/timit/s5_la2/mfcc/raw_mfcc_train.4.ark:1695830
ftaj0_sx159 /nfs-share/titouan/workspace/kaldi/egs/timit/s5_la2/mfcc/raw_mfcc_train.2.ark:422753
mjrk0_sx160 /nfs-share/titouan/workspace/kaldi/egs/timit/s5_la2/mfcc/raw_mfcc_train.3.ark:1587617
mcal0_sx238 /nfs-share/titouan/workspace/kaldi/egs/timit/s5_la2/mfcc/raw_mfcc_train.2.ark:1491946
mkdb0_sx62 /nfs-share/titouan/workspace/kaldi/egs/timit/s5_la2/mfcc/raw_mfcc_train.3.ark:2008057
mlsh0_sx337 /nfs-share/titouan/workspace/kaldi/egs/timit/s5_la2/mfcc/raw_mfcc_train.3.ark:2558473
freh0_si1315 /nfs-share/titouan/workspace/kaldi/egs/timit/s5_la2/mfcc/raw_mfcc_train.1.ark:3464012
mdbp0_si1158 /nfs-share/titouan/workspace/kaldi/egs/timit/s5_la2/mfcc/raw_mfcc_train.2.ark:2055594
feme0_si1505 /nfs-share/titouan/workspace/kaldi/egs/timit/s5_la2/mfcc/raw_mfcc_train.1.ark:1259191
mmag0_sx136 /nfs-share/titouan/workspace/kaldi/egs/timit/s5_la2/mfcc/raw_mfcc_train.3.ark:2653621
fjsk0_si1052 /nfs-share/titouan/workspace/kaldi/egs/timit/s5_la2/mfcc/raw_mfcc_train.1.ark:1854944
mklr0_si1059 /nfs-share/titouan/workspace/kaldi/egs/timit/s5_la2/mfcc/raw_mfcc_train.3.ark:2173319
mtwh1_sx72 /nfs-share/titouan/workspace/kaldi/egs/timit/s5_la2/mfcc/raw_mfcc_train.4.ark:3294383
mcxm0_sx451 /nfs-share/titouan/workspace/kaldi/egs/timit/s5_la2/mfcc/raw_mfcc_train.2.ark:1953933
mrlk0_sx33 /nfs-share/titouan/workspace/kaldi/egs/timit/s5_la2/mfcc/raw_mfcc_train.4.ark:1169941
msem1_si2070 /nfs-share/titouan/workspace/kaldi/egs/timit/s5_la2/mfcc/raw_mfcc_train.4.ark:1926752
mjmm0_sx445 /nfs-share/titouan/workspace/kaldi/egs/timit/s5_la2/mfcc/raw_mfcc_train.3.ark:1348267
mdcd0_sx425 /nfs-share/titouan/workspace/kaldi/egs/timit/s5_la2/mfcc/raw_mfcc_train.2.ark:2116404
mprt0_sx220 /nfs-share/titouan/workspace/kaldi/egs/timit/s5_la2/mfcc/raw_mfcc_train.4.ark:143889
fscn0_sx446 /nfs-share/titouan/workspace/kaldi/egs/timit/s5_la2/mfcc/raw_mfcc_train.1.ark:3725377
mmjb1_sx418 /nfs-share/titouan/workspace/kaldi/egs/timit/s5_la2/mfcc/raw_mfcc_train.3.ark:3137396
fbjl0_si922 /nfs-share/titouan/workspace/kaldi/egs/timit/s5_la2/mfcc/raw_mfcc_train.1.ark:282294
mses0_si1589 /nfs-share/titouan/workspace/kaldi/egs/timit/s5_la2/mfcc/raw_mfcc_train.4.ark:1964709
mjfh0_sx117 /nfs-share/titouan/workspace/kaldi/egs/timit/s5_la2/mfcc/raw_mfcc_train.3.ark:954570
mmcc0_si1338 /nfs-share/titouan/workspace/kaldi/egs/timit/s5_la2/mfcc/raw_mfcc_train.3.ark:2780786
mjbg0_si1724 /nfs-share/titouan/workspace/kaldi/egs/timit/s5_la2/mfcc/raw_mfcc_train.3.ark:647384
mddc0_si789 /nfs-share/titouan/workspace/kaldi/egs/timit/s5_la2/mfcc/raw_mfcc_train.2.ark:2161769
mrmg0_sx450 /nfs-share/titouan/workspace/kaldi/egs/timit/s5_la2/mfcc/raw_mfcc_train.4.ark:1261699
fjwb1_sx165 /nfs-share/titouan/workspace/kaldi/egs/timit/s5_la2/mfcc/raw_mfcc_train.1.ark:1932638
mrjh0_si1519 /nfs-share/titouan/workspace/kaldi/egs/timit/s5_la2/mfcc/raw_mfcc_train.4.ark:878595
mjrp0_sx225 /nfs-share/titouan/workspace/kaldi/egs/timit/s5_la2/mfcc/raw_mfcc_train.3.ark:1623106
mdbb1_sx376 /nfs-share/titouan/workspace/kaldi/egs/timit/s5_la2/mfcc/raw_mfcc_train.2.ark:2051751
mabc0_sx61 /nfs-share/titouan/workspace/kaldi/egs/timit/s5_la2/mfcc/raw_mfcc_train.2.ark:684185
mdhs0_sx180 /nfs-share/titouan/workspace/kaldi/egs/timit/s5_la2/mfcc/raw_mfcc_train.2.ark:2332166
mrws0_sx112 /nfs-share/titouan/workspace/kaldi/egs/timit/s5_la2/mfcc/raw_mfcc_train.4.ark:1657474
fgdp0_sx88 /nfs-share/titouan/workspace/kaldi/egs/timit/s5_la2/mfcc/raw_mfcc_train.1.ark:1426376
msas0_si1376 /nfs-share/titouan/workspace/kaldi/egs/timit/s5_la2/mfcc/raw_mfcc_train.4.ark:1733518
fgcs0_si1486 /nfs-share/titouan/workspace/kaldi/egs/timit/s5_la2/mfcc/raw_mfcc_train.1.ark:1364520
ftlg0_si1743 /nfs-share/titouan/workspace/kaldi/egs/timit/s5_la2/mfcc/raw_mfcc_train.2.ark:501942
mmdg0_sx250 /nfs-share/titouan/workspace/kaldi/egs/timit/s5_la2/mfcc/raw_mfcc_train.3.ark:2860177
mtpf0_sx335 /nfs-share/titouan/workspace/kaldi/egs/timit/s5_la2/mfcc/raw_mfcc_train.4.ark:3028286
mdbp0_sx78 /nfs-share/titouan/workspace/kaldi/egs/timit/s5_la2/mfcc/raw_mfcc_train.2.ark:2087220
mjdc0_sx261 /nfs-share/titouan/workspace/kaldi/egs/timit/s5_la2/mfcc/raw_mfcc_train.3.ark:721738
fljg0_si2241 /nfs-share/titouan/workspace/kaldi/egs/timit/s5_la2/mfcc/raw_mfcc_train.1.ark:2558206
mmlm0_si897 /nfs-share/titouan/workspace/kaldi/egs/timit/s5_la2/mfcc/raw_mfcc_train.3.ark:3154143
fjrb0_si1302 /nfs-share/titouan/workspace/kaldi/egs/timit/s5_la2/mfcc/raw_mfcc_train.1.ark:1781328
mrgm0_sx172 /nfs-share/titouan/workspace/kaldi/egs/timit/s5_la2/mfcc/raw_mfcc_train.4.ark:750847
mrmh0_sx211 /nfs-share/titouan/workspace/kaldi/egs/timit/s5_la2/mfcc/raw_mfcc_train.4.ark:1287639
mtdb0_si1401 /nfs-share/titouan/workspace/kaldi/egs/timit/s5_la2/mfcc/raw_mfcc_train.4.ark:2536194
mdns0_sx21 /nfs-share/titouan/workspace/kaldi/egs/timit/s5_la2/mfcc/raw_mfcc_train.2.ark:2768838
fdnc0_sx108 /nfs-share/titouan/workspace/kaldi/egs/timit/s5_la2/mfcc/raw_mfcc_train.1.ark:1035941
mdlb0_sx226 /nfs-share/titouan/workspace/kaldi/egs/timit/s5_la2/mfcc/raw_mfcc_train.2.ark:2433615
falk0_si1086 /nfs-share/titouan/workspace/kaldi/egs/timit/s5_la2/mfcc/raw_mfcc_train.1.ark:68375
fpaf0_sx244 /nfs-share/titouan/workspace/kaldi/egs/timit/s5_la2/mfcc/raw_mfcc_train.1.ark:3315064
mmdb0_sx177 /nfs-share/titouan/workspace/kaldi/egs/timit/s5_la2/mfcc/raw_mfcc_train.3.ark:2825481
mtpp0_si878 /nfs-share/titouan/workspace/kaldi/egs/timit/s5_la2/mfcc/raw_mfcc_train.4.ark:3076206
mbth0_sx302 /nfs-share/titouan/workspace/kaldi/egs/timit/s5_la2/mfcc/raw_mfcc_train.2.ark:1391138
fgcs0_sx316 /nfs-share/titouan/workspace/kaldi/egs/timit/s5_la2/mfcc/raw_mfcc_train.1.ark:1384316
fclt0_sx358 /nfs-share/titouan/workspace/kaldi/egs/timit/s5_la2/mfcc/raw_mfcc_train.1.ark:642276
fjdm2_sx52 /nfs-share/titouan/workspace/kaldi/egs/timit/s5_la2/mfcc/raw_mfcc_train.1.ark:1611863
fbas0_sx217 /nfs-share/titouan/workspace/kaldi/egs/timit/s5_la2/mfcc/raw_mfcc_train.1.ark:193725
mgjc0_sx255 /nfs-share/titouan/workspace/kaldi/egs/timit/s5_la2/mfcc/raw_mfcc_train.3.ark:108011
fsms1_si2134 /nfs-share/titouan/workspace/kaldi/egs/timit/s5_la2/mfcc/raw_mfcc_train.2.ark:282176
mcpm0_si1194 /nfs-share/titouan/workspace/kaldi/egs/timit/s5_la2/mfcc/raw_mfcc_train.2.ark:1771866
mtat0_sx30 /nfs-share/titouan/workspace/kaldi/egs/timit/s5_la2/mfcc/raw_mfcc_train.4.ark:2425826
mdps0_sx269 /nfs-share/titouan/workspace/kaldi/egs/timit/s5_la2/mfcc/raw_mfcc_train.2.ark:2855804
fcjs0_si977 /nfs-share/titouan/workspace/kaldi/egs/timit/s5_la2/mfcc/raw_mfcc_train.1.ark:567365
fgdp0_sx178 /nfs-share/titouan/workspace/kaldi/egs/timit/s5_la2/mfcc/raw_mfcc_train.1.ark:1407473
mpar0_si1576 /nfs-share/titouan/workspace/kaldi/egs/timit/s5_la2/mfcc/raw_mfcc_train.3.ark:3508158
mppc0_sx62 /nfs-share/titouan/workspace/kaldi/egs/timit/s5_la2/mfcc/raw_mfcc_train.4.ark:12265
fltm0_sx260 /nfs-share/titouan/workspace/kaldi/egs/timit/s5_la2/mfcc/raw_mfcc_train.1.ark:2766025
mwac0_sx431 /nfs-share/titouan/workspace/kaldi/egs/timit/s5_la2/mfcc/raw_mfcc_train.4.ark:3455252
fnkl0_si892 /nfs-share/titouan/workspace/kaldi/egs/timit/s5_la2/mfcc/raw_mfcc_train.1.ark:3134377
fspm0_sx431 /nfs-share/titouan/workspace/kaldi/egs/timit/s5_la2/mfcc/raw_mfcc_train.2.ark:339416
mdwm0_sx376 /nfs-share/titouan/workspace/kaldi/egs/timit/s5_la2/mfcc/raw_mfcc_train.2.ark:3116235
fsgf0_sx27 /nfs-share/titouan/workspace/kaldi/egs/timit/s5_la2/mfcc/raw_mfcc_train.1.ark:3814734
mrdm0_si1044 /nfs-share/titouan/workspace/kaldi/egs/timit/s5_la2/mfcc/raw_mfcc_train.4.ark:476640
mjai0_sx434 /nfs-share/titouan/workspace/kaldi/egs/timit/s5_la2/mfcc/raw_mfcc_train.3.ark:636663
mkxl0_si1958 /nfs-share/titouan/workspace/kaldi/egs/timit/s5_la2/mfcc/raw_mfcc_train.3.ark:2341803
mlbc0_si1869 /nfs-share/titouan/workspace/kaldi/egs/timit/s5_la2/mfcc/raw_mfcc_train.3.ark:2369205
mtdp0_sx261 /nfs-share/titouan/workspace/kaldi/egs/timit/s5_la2/mfcc/raw_mfcc_train.4.ark:2589022
mtjm0_sx146 /nfs-share/titouan/workspace/kaldi/egs/timit/s5_la2/mfcc/raw_mfcc_train.4.ark:2688752
mrjm0_si1858 /nfs-share/titouan/workspace/kaldi/egs/timit/s5_la2/mfcc/raw_mfcc_train.4.ark:924050
mdks0_sx436 /nfs-share/titouan/workspace/kaldi/egs/timit/s5_la2/mfcc/raw_mfcc_train.2.ark:2405154
mrwa0_si2233 /nfs-share/titouan/workspace/kaldi/egs/timit/s5_la2/mfcc/raw_mfcc_train.4.ark:1617753
fcdr1_sx106 /nfs-share/titouan/workspace/kaldi/egs/timit/s5_la2/mfcc/raw_mfcc_train.1.ark:488850
fdnc0_si1908 /nfs-share/titouan/workspace/kaldi/egs/timit/s5_la2/mfcc/raw_mfcc_train.1.ark:1027307
fsgf0_sx297 /nfs-share/titouan/workspace/kaldi/egs/timit/s5_la2/mfcc/raw_mfcc_train.1.ark:3817523
mfxs0_sx144 /nfs-share/titouan/workspace/kaldi/egs/timit/s5_la2/mfcc/raw_mfcc_train.2.ark:3530774
mejs0_sx250 /nfs-share/titouan/workspace/kaldi/egs/timit/s5_la2/mfcc/raw_mfcc_train.2.ark:3295428
msrg0_sx51 /nfs-share/titouan/workspace/kaldi/egs/timit/s5_la2/mfcc/raw_mfcc_train.4.ark:2228225
mfxs0_sx414 /nfs-share/titouan/workspace/kaldi/egs/timit/s5_la2/mfcc/raw_mfcc_train.2.ark:3544224
fmkf0_si1018 /nfs-share/titouan/workspace/kaldi/egs/timit/s5_la2/mfcc/raw_mfcc_train.1.ark:3019444
falk0_sx6 /nfs-share/titouan/workspace/kaldi/egs/timit/s5_la2/mfcc/raw_mfcc_train.1.ark:94090
mprk0_sx197 /nfs-share/titouan/workspace/kaldi/egs/timit/s5_la2/mfcc/raw_mfcc_train.4.ark:116032
fmkf0_sx96 /nfs-share/titouan/workspace/kaldi/egs/timit/s5_la2/mfcc/raw_mfcc_train.1.ark:3049092
mdlc1_sx445 /nfs-share/titouan/workspace/kaldi/egs/timit/s5_la2/mfcc/raw_mfcc_train.2.ark:2512576
fljg0_sx171 /nfs-share/titouan/workspace/kaldi/egs/timit/s5_la2/mfcc/raw_mfcc_train.1.ark:2567632
mjpm1_sx41 /nfs-share/titouan/workspace/kaldi/egs/timit/s5_la2/mfcc/raw_mfcc_train.3.ark:1443045
fksr0_sx397 /nfs-share/titouan/workspace/kaldi/egs/timit/s5_la2/mfcc/raw_mfcc_train.1.ark:2321292
megj0_si1967 /nfs-share/titouan/workspace/kaldi/egs/timit/s5_la2/mfcc/raw_mfcc_train.2.ark:3220662
mrpc1_si1482 /nfs-share/titouan/workspace/kaldi/egs/timit/s5_la2/mfcc/raw_mfcc_train.4.ark:1370436
mjlg1_sx292 /nfs-share/titouan/workspace/kaldi/egs/timit/s5_la2/mfcc/raw_mfcc_train.3.ark:1223861
fceg0_sx438 /nfs-share/titouan/workspace/kaldi/egs/timit/s5_la2/mfcc/raw_mfcc_train.1.ark:529852
mrms0_sx300 /nfs-share/titouan/workspace/kaldi/egs/timit/s5_la2/mfcc/raw_mfcc_train.4.ark:1364051
mhit0_sx443 /nfs-share/titouan/workspace/kaldi/egs/timit/s5_la2/mfcc/raw_mfcc_train.3.ark:353936
mdks0_sx256 /nfs-share/titouan/workspace/kaldi/egs/timit/s5_la2/mfcc/raw_mfcc_train.2.ark:2395793
flma0_si1873 /nfs-share/titouan/workspace/kaldi/egs/timit/s5_la2/mfcc/raw_mfcc_train.1.ark:2631470
mppc0_si2042 /nfs-share/titouan/workspace/kaldi/egs/timit/s5_la2/mfcc/raw_mfcc_train.3.ark:3749949
mtdp0_sx81 /nfs-share/titouan/workspace/kaldi/egs/timit/s5_la2/mfcc/raw_mfcc_train.4.ark:2604044
msat1_sx83 /nfs-share/titouan/workspace/kaldi/egs/timit/s5_la2/mfcc/raw_mfcc_train.4.ark:1823447
mdrd0_si2012 /nfs-share/titouan/workspace/kaldi/egs/timit/s5_la2/mfcc/raw_mfcc_train.2.ark:2874404
mkdb0_si2132 /nfs-share/titouan/workspace/kaldi/egs/timit/s5_la2/mfcc/raw_mfcc_train.3.ark:1979162
mjde0_si490 /nfs-share/titouan/workspace/kaldi/egs/timit/s5_la2/mfcc/raw_mfcc_train.3.ark:745024
mklr0_si2319 /nfs-share/titouan/workspace/kaldi/egs/timit/s5_la2/mfcc/raw_mfcc_train.3.ark:2181434
mtjm0_sx416 /nfs-share/titouan/workspace/kaldi/egs/timit/s5_la2/mfcc/raw_mfcc_train.4.ark:2698705
fkaa0_sx218 /nfs-share/titouan/workspace/kaldi/egs/timit/s5_la2/mfcc/raw_mfcc_train.1.ark:2033644
mjmd0_sx308 /nfs-share/titouan/workspace/kaldi/egs/timit/s5_la2/mfcc/raw_mfcc_train.3.ark:1312934
fmpg0_sx432 /nfs-share/titouan/workspace/kaldi/egs/timit/s5_la2/mfcc/raw_mfcc_train.1.ark:3117461
fvmh0_sx296 /nfs-share/titouan/workspace/kaldi/egs/timit/s5_la2/mfcc/raw_mfcc_train.2.ark:654403
mrjm0_sx58 /nfs-share/titouan/workspace/kaldi/egs/timit/s5_la2/mfcc/raw_mfcc_train.4.ark:945664
fjrb0_sx402 /nfs-share/titouan/workspace/kaldi/egs/timit/s5_la2/mfcc/raw_mfcc_train.1.ark:1804225
fcaj0_si849 /nfs-share/titouan/workspace/kaldi/egs/timit/s5_la2/mfcc/raw_mfcc_train.1.ark:444365
ftbr0_sx291 /nfs-share/titouan/workspace/kaldi/egs/timit/s5_la2/mfcc/raw_mfcc_train.2.ark:463260
feeh0_sx32 /nfs-share/titouan/workspace/kaldi/egs/timit/s5_la2/mfcc/raw_mfcc_train.1.ark:1251129
fdtd0_sx321 /nfs-share/titouan/workspace/kaldi/egs/timit/s5_la2/mfcc/raw_mfcc_train.1.ark:1083053
ftbr0_sx111 /nfs-share/titouan/workspace/kaldi/egs/timit/s5_la2/mfcc/raw_mfcc_train.2.ark:452957
fcyl0_sx127 /nfs-share/titouan/workspace/kaldi/egs/timit/s5_la2/mfcc/raw_mfcc_train.1.ark:764847
msdb0_sx287 /nfs-share/titouan/workspace/kaldi/egs/timit/s5_la2/mfcc/raw_mfcc_train.4.ark:1844701
mjac0_sx307 /nfs-share/titouan/workspace/kaldi/egs/timit/s5_la2/mfcc/raw_mfcc_train.3.ark:561902
mrjb1_si2021 /nfs-share/titouan/workspace/kaldi/egs/timit/s5_la2/mfcc/raw_mfcc_train.4.ark:852293
mbma1_sx324 /nfs-share/titouan/workspace/kaldi/egs/timit/s5_la2/mfcc/raw_mfcc_train.2.ark:1271948
mddc0_sx69 /nfs-share/titouan/workspace/kaldi/egs/timit/s5_la2/mfcc/raw_mfcc_train.2.ark:2180211
fexm0_si482 /nfs-share/titouan/workspace/kaldi/egs/timit/s5_la2/mfcc/raw_mfcc_train.1.ark:1335409
mjma0_si2125 /nfs-share/titouan/workspace/kaldi/egs/timit/s5_la2/mfcc/raw_mfcc_train.3.ark:1269519
mjra0_sx156 /nfs-share/titouan/workspace/kaldi/egs/timit/s5_la2/mfcc/raw_mfcc_train.3.ark:1459936
mrem0_sx151 /nfs-share/titouan/workspace/kaldi/egs/timit/s5_la2/mfcc/raw_mfcc_train.4.ark:620475
fdml0_sx249 /nfs-share/titouan/workspace/kaldi/egs/timit/s5_la2/mfcc/raw_mfcc_train.1.ark:962202
mkam0_sx416 /nfs-share/titouan/workspace/kaldi/egs/timit/s5_la2/mfcc/raw_mfcc_train.3.ark:1971894
msms0_sx173 /nfs-share/titouan/workspace/kaldi/egs/timit/s5_la2/mfcc/raw_mfcc_train.4.ark:2182472
fbmh0_si1766 /nfs-share/titouan/workspace/kaldi/egs/timit/s5_la2/mfcc/raw_mfcc_train.1.ark:348442
mhbs0_sx405 /nfs-share/titouan/workspace/kaldi/egs/timit/s5_la2/mfcc/raw_mfcc_train.3.ark:322315
mtkd0_si630 /nfs-share/titouan/workspace/kaldi/egs/timit/s5_la2/mfcc/raw_mfcc_train.4.ark:2783426
mwgr0_sx166 /nfs-share/titouan/workspace/kaldi/egs/timit/s5_la2/mfcc/raw_mfcc_train.4.ark:3625812
falr0_sx245 /nfs-share/titouan/workspace/kaldi/egs/timit/s5_la2/mfcc/raw_mfcc_train.1.ark:117234
mjdm0_sx440 /nfs-share/titouan/workspace/kaldi/egs/timit/s5_la2/mfcc/raw_mfcc_train.3.ark:835673
milb0_sx273 /nfs-share/titouan/workspace/kaldi/egs/timit/s5_la2/mfcc/raw_mfcc_train.3.ark:532194
mjfr0_si1605 /nfs-share/titouan/workspace/kaldi/egs/timit/s5_la2/mfcc/raw_mfcc_train.3.ark:968606
fdtd0_sx301 /nfs-share/titouan/workspace/kaldi/egs/timit/s5_la2/mfcc/raw_mfcc_train.1.ark:1077989
mjjm0_si1251 /nfs-share/titouan/workspace/kaldi/egs/timit/s5_la2/mfcc/raw_mfcc_train.3.ark:1106088
mtrt0_si1857 /nfs-share/titouan/workspace/kaldi/egs/timit/s5_la2/mfcc/raw_mfcc_train.4.ark:3244690
fblv0_si2318 /nfs-share/titouan/workspace/kaldi/egs/timit/s5_la2/mfcc/raw_mfcc_train.1.ark:318726
mtlb0_si1134 /nfs-share/titouan/workspace/kaldi/egs/timit/s5_la2/mfcc/raw_mfcc_train.4.ark:2844157
mrgm0_sx442 /nfs-share/titouan/workspace/kaldi/egs/timit/s5_la2/mfcc/raw_mfcc_train.4.ark:764037
mdlb0_si1306 /nfs-share/titouan/workspace/kaldi/egs/timit/s5_la2/mfcc/raw_mfcc_train.2.ark:2413306
mpgr1_sx419 /nfs-share/titouan/workspace/kaldi/egs/timit/s5_la2/mfcc/raw_mfcc_train.3.ark:3681932
fceg0_sx348 /nfs-share/titouan/workspace/kaldi/egs/timit/s5_la2/mfcc/raw_mfcc_train.1.ark:525672
msdh0_si2113 /nfs-share/titouan/workspace/kaldi/egs/timit/s5_la2/mfcc/raw_mfcc_train.4.ark:1850605
mbgt0_sx261 /nfs-share/titouan/workspace/kaldi/egs/timit/s5_la2/mfcc/raw_mfcc_train.2.ark:1175687
mdhl0_si809 /nfs-share/titouan/workspace/kaldi/egs/timit/s5_la2/mfcc/raw_mfcc_train.2.ark:2295520
msvs0_si2198 /nfs-share/titouan/workspace/kaldi/egs/timit/s5_la2/mfcc/raw_mfcc_train.4.ark:2302349
mbjv0_si1877 /nfs-share/titouan/workspace/kaldi/egs/timit/s5_la2/mfcc/raw_mfcc_train.2.ark:1195353
mdss0_sx81 /nfs-share/titouan/workspace/kaldi/egs/timit/s5_la2/mfcc/raw_mfcc_train.2.ark:2963674
mstf0_si852 /nfs-share/titouan/workspace/kaldi/egs/timit/s5_la2/mfcc/raw_mfcc_train.4.ark:2271086
mdpb0_sx416 /nfs-share/titouan/workspace/kaldi/egs/timit/s5_la2/mfcc/raw_mfcc_train.2.ark:2805082
mpgr0_sx60 /nfs-share/titouan/workspace/kaldi/egs/timit/s5_la2/mfcc/raw_mfcc_train.3.ark:3652864
mmea0_si1388 /nfs-share/titouan/workspace/kaldi/egs/timit/s5_la2/mfcc/raw_mfcc_train.3.ark:2967990
mlbc0_si1239 /nfs-share/titouan/workspace/kaldi/egs/timit/s5_la2/mfcc/raw_mfcc_train.3.ark:2363789
mwgr0_sx256 /nfs-share/titouan/workspace/kaldi/egs/timit/s5_la2/mfcc/raw_mfcc_train.4.ark:3630785
fksr0_si1117 /nfs-share/titouan/workspace/kaldi/egs/timit/s5_la2/mfcc/raw_mfcc_train.1.ark:2292799
fdxw0_si2141 /nfs-share/titouan/workspace/kaldi/egs/timit/s5_la2/mfcc/raw_mfcc_train.1.ark:1095413
mjmm0_si1255 /nfs-share/titouan/workspace/kaldi/egs/timit/s5_la2/mfcc/raw_mfcc_train.3.ark:1324174
fpaf0_si1054 /nfs-share/titouan/workspace/kaldi/egs/timit/s5_la2/mfcc/raw_mfcc_train.1.ark:3297510
fksr0_sx37 /nfs-share/titouan/workspace/kaldi/egs/timit/s5_la2/mfcc/raw_mfcc_train.1.ark:2317762
majp0_si2334 /nfs-share/titouan/workspace/kaldi/egs/timit/s5_la2/mfcc/raw_mfcc_train.2.ark:852455
mmag0_si1126 /nfs-share/titouan/workspace/kaldi/egs/timit/s5_la2/mfcc/raw_mfcc_train.3.ark:2639403
flma0_sx253 /nfs-share/titouan/workspace/kaldi/egs/timit/s5_la2/mfcc/raw_mfcc_train.1.ark:2643581
fsak0_sx400 /nfs-share/titouan/workspace/kaldi/egs/timit/s5_la2/mfcc/raw_mfcc_train.1.ark:3655706
mesg0_si702 /nfs-share/titouan/workspace/kaldi/egs/timit/s5_la2/mfcc/raw_mfcc_train.2.ark:3315764
mtpg0_si2013 /nfs-share/titouan/workspace/kaldi/egs/timit/s5_la2/mfcc/raw_mfcc_train.4.ark:3043330
maeo0_sx426 /nfs-share/titouan/workspace/kaldi/egs/timit/s5_la2/mfcc/raw_mfcc_train.2.ark:809065
mdss1_sx427 /nfs-share/titouan/workspace/kaldi/egs/timit/s5_la2/mfcc/raw_mfcc_train.2.ark:2989010
mfmc0_si1762 /nfs-share/titouan/workspace/kaldi/egs/timit/s5_la2/mfcc/raw_mfcc_train.2.ark:3429876
mjjb0_si1139 /nfs-share/titouan/workspace/kaldi/egs/timit/s5_la2/mfcc/raw_mfcc_train.3.ark:1036449
ftaj0_si1329 /nfs-share/titouan/workspace/kaldi/egs/timit/s5_la2/mfcc/raw_mfcc_train.2.ark:412774
mcdc0_sx122 /nfs-share/titouan/workspace/kaldi/egs/timit/s5_la2/mfcc/raw_mfcc_train.2.ark:1520466
mjrh0_sx405 /nfs-share/titouan/workspace/kaldi/egs/timit/s5_la2/mfcc/raw_mfcc_train.3.ark:1537877
mbth0_sx122 /nfs-share/titouan/workspace/kaldi/egs/timit/s5_la2/mfcc/raw_mfcc_train.2.ark:1381803
