mjeb1_sx117 /nfs-share/xinchi/kaldi/egs/timit/s5_la5/mfcc/raw_mfcc_train.3.ark:893044
msds0_si1077 /nfs-share/xinchi/kaldi/egs/timit/s5_la5/mfcc/raw_mfcc_train.4.ark:1883292
mrws0_sx22 /nfs-share/xinchi/kaldi/egs/timit/s5_la5/mfcc/raw_mfcc_train.4.ark:1662986
medr0_si2004 /nfs-share/xinchi/kaldi/egs/timit/s5_la5/mfcc/raw_mfcc_train.2.ark:3153067
mcdd0_sx163 /nfs-share/xinchi/kaldi/egs/timit/s5_la5/mfcc/raw_mfcc_train.2.ark:1551268
mwsh0_si796 /nfs-share/xinchi/kaldi/egs/timit/s5_la5/mfcc/raw_mfcc_train.4.ark:3747789
fkkh0_sx120 /nfs-share/xinchi/kaldi/egs/timit/s5_la5/mfcc/raw_mfcc_train.1.ark:2175787
fvkb0_si529 /nfs-share/xinchi/kaldi/egs/timit/s5_la5/mfcc/raw_mfcc_train.2.ark:602436
mtkp0_si1023 /nfs-share/xinchi/kaldi/egs/timit/s5_la5/mfcc/raw_mfcc_train.4.ark:2810066
mjrk0_si880 /nfs-share/xinchi/kaldi/egs/timit/s5_la5/mfcc/raw_mfcc_train.3.ark:1581890
fsgf0_sx207 /nfs-share/xinchi/kaldi/egs/timit/s5_la5/mfcc/raw_mfcc_train.1.ark:3811816
mjeb1_sx297 /nfs-share/xinchi/kaldi/egs/timit/s5_la5/mfcc/raw_mfcc_train.3.ark:902476
mbef0_si1281 /nfs-share/xinchi/kaldi/egs/timit/s5_la5/mfcc/raw_mfcc_train.2.ark:1130413
fcyl0_si1927 /nfs-share/xinchi/kaldi/egs/timit/s5_la5/mfcc/raw_mfcc_train.1.ark:754199
mkls0_sx177 /nfs-share/xinchi/kaldi/egs/timit/s5_la5/mfcc/raw_mfcc_train.3.ark:2217314
fajw0_si633 /nfs-share/xinchi/kaldi/egs/timit/s5_la5/mfcc/raw_mfcc_train.1.ark:42998
msdh0_sx80 /nfs-share/xinchi/kaldi/egs/timit/s5_la5/mfcc/raw_mfcc_train.4.ark:1880372
mrjt0_si1498 /nfs-share/xinchi/kaldi/egs/timit/s5_la5/mfcc/raw_mfcc_train.4.ark:984027
mrms0_sx390 /nfs-share/xinchi/kaldi/egs/timit/s5_la5/mfcc/raw_mfcc_train.4.ark:1366892
mjda0_sx41 /nfs-share/xinchi/kaldi/egs/timit/s5_la5/mfcc/raw_mfcc_train.3.ark:699874
fcmm0_sx273 /nfs-share/xinchi/kaldi/egs/timit/s5_la5/mfcc/raw_mfcc_train.1.ark:703835
mbml0_si539 /nfs-share/xinchi/kaldi/egs/timit/s5_la5/mfcc/raw_mfcc_train.2.ark:1293473
mbjv0_sx437 /nfs-share/xinchi/kaldi/egs/timit/s5_la5/mfcc/raw_mfcc_train.2.ark:1214108
mrkm0_si637 /nfs-share/xinchi/kaldi/egs/timit/s5_la5/mfcc/raw_mfcc_train.4.ark:1030184
mhjb0_si1017 /nfs-share/xinchi/kaldi/egs/timit/s5_la5/mfcc/raw_mfcc_train.3.ark:361243
mesg0_sx72 /nfs-share/xinchi/kaldi/egs/timit/s5_la5/mfcc/raw_mfcc_train.2.ark:3339120
fdxw0_si1511 /nfs-share/xinchi/kaldi/egs/timit/s5_la5/mfcc/raw_mfcc_train.1.ark:1092649
fkkh0_si1920 /nfs-share/xinchi/kaldi/egs/timit/s5_la5/mfcc/raw_mfcc_train.1.ark:2165360
mdrd0_si752 /nfs-share/xinchi/kaldi/egs/timit/s5_la5/mfcc/raw_mfcc_train.2.ark:2877973
fdjh0_sx215 /nfs-share/xinchi/kaldi/egs/timit/s5_la5/mfcc/raw_mfcc_train.1.ark:896215
mmeb0_sx97 /nfs-share/xinchi/kaldi/egs/timit/s5_la5/mfcc/raw_mfcc_train.3.ark:3021849
mjpg0_si1191 /nfs-share/xinchi/kaldi/egs/timit/s5_la5/mfcc/raw_mfcc_train.3.ark:1354209
mprd0_sx351 /nfs-share/xinchi/kaldi/egs/timit/s5_la5/mfcc/raw_mfcc_train.4.ark:78289
fbmj0_si815 /nfs-share/xinchi/kaldi/egs/timit/s5_la5/mfcc/raw_mfcc_train.1.ark:385620
mjeb0_si1286 /nfs-share/xinchi/kaldi/egs/timit/s5_la5/mfcc/raw_mfcc_train.3.ark:844007
fdfb0_sx238 /nfs-share/xinchi/kaldi/egs/timit/s5_la5/mfcc/raw_mfcc_train.1.ark:865387
mlsh0_sx337 /nfs-share/xinchi/kaldi/egs/timit/s5_la5/mfcc/raw_mfcc_train.3.ark:2558473
mkah0_sx358 /nfs-share/xinchi/kaldi/egs/timit/s5_la5/mfcc/raw_mfcc_train.3.ark:1905030
fpac0_sx31 /nfs-share/xinchi/kaldi/egs/timit/s5_la5/mfcc/raw_mfcc_train.1.ark:3256111
mcss0_sx30 /nfs-share/xinchi/kaldi/egs/timit/s5_la5/mfcc/raw_mfcc_train.2.ark:1857138
mram0_si1951 /nfs-share/xinchi/kaldi/egs/timit/s5_la5/mfcc/raw_mfcc_train.4.ark:292972
mkdd0_sx307 /nfs-share/xinchi/kaldi/egs/timit/s5_la5/mfcc/raw_mfcc_train.3.ark:2033776
msat1_sx263 /nfs-share/xinchi/kaldi/egs/timit/s5_la5/mfcc/raw_mfcc_train.4.ark:1812546
mmsm0_si476 /nfs-share/xinchi/kaldi/egs/timit/s5_la5/mfcc/raw_mfcc_train.3.ark:3250943
mdlr1_si1299 /nfs-share/xinchi/kaldi/egs/timit/s5_la5/mfcc/raw_mfcc_train.2.ark:2643493
mtjs0_sx382 /nfs-share/xinchi/kaldi/egs/timit/s5_la5/mfcc/raw_mfcc_train.4.ark:2738483
frll0_sx344 /nfs-share/xinchi/kaldi/egs/timit/s5_la5/mfcc/raw_mfcc_train.1.ark:3544502
fsls0_sx246 /nfs-share/xinchi/kaldi/egs/timit/s5_la5/mfcc/raw_mfcc_train.2.ark:197403
mwad0_sx162 /nfs-share/xinchi/kaldi/egs/timit/s5_la5/mfcc/raw_mfcc_train.4.ark:3473346
flkm0_sx116 /nfs-share/xinchi/kaldi/egs/timit/s5_la5/mfcc/raw_mfcc_train.1.ark:2605739
mdns0_sx21 /nfs-share/xinchi/kaldi/egs/timit/s5_la5/mfcc/raw_mfcc_train.2.ark:2768838
madd0_sx268 /nfs-share/xinchi/kaldi/egs/timit/s5_la5/mfcc/raw_mfcc_train.2.ark:738268
fsjs0_si1801 /nfs-share/xinchi/kaldi/egs/timit/s5_la5/mfcc/raw_mfcc_train.2.ark:17143
mdlc1_sx445 /nfs-share/xinchi/kaldi/egs/timit/s5_la5/mfcc/raw_mfcc_train.2.ark:2512576
mcdd0_sx433 /nfs-share/xinchi/kaldi/egs/timit/s5_la5/mfcc/raw_mfcc_train.2.ark:1561741
mdns0_sx381 /nfs-share/xinchi/kaldi/egs/timit/s5_la5/mfcc/raw_mfcc_train.2.ark:2774936
fjdm2_sx142 /nfs-share/xinchi/kaldi/egs/timit/s5_la5/mfcc/raw_mfcc_train.1.ark:1593233
mtdb0_si771 /nfs-share/xinchi/kaldi/egs/timit/s5_la5/mfcc/raw_mfcc_train.4.ark:2544503
mdcd0_sx335 /nfs-share/xinchi/kaldi/egs/timit/s5_la5/mfcc/raw_mfcc_train.2.ark:2110599
mprd0_sx441 /nfs-share/xinchi/kaldi/egs/timit/s5_la5/mfcc/raw_mfcc_train.4.ark:83197
mkag0_sx439 /nfs-share/xinchi/kaldi/egs/timit/s5_la5/mfcc/raw_mfcc_train.3.ark:1875314
fbjl0_sx112 /nfs-share/xinchi/kaldi/egs/timit/s5_la5/mfcc/raw_mfcc_train.1.ark:288190
fgdp0_sx358 /nfs-share/xinchi/kaldi/egs/timit/s5_la5/mfcc/raw_mfcc_train.1.ark:1417679
mdbp0_sx168 /nfs-share/xinchi/kaldi/egs/timit/s5_la5/mfcc/raw_mfcc_train.2.ark:2069474
mjxa0_si877 /nfs-share/xinchi/kaldi/egs/timit/s5_la5/mfcc/raw_mfcc_train.3.ark:1794092
fkde0_sx61 /nfs-share/xinchi/kaldi/egs/timit/s5_la5/mfcc/raw_mfcc_train.1.ark:2084370
mwem0_si1950 /nfs-share/xinchi/kaldi/egs/timit/s5_la5/mfcc/raw_mfcc_train.4.ark:3587398
mcdr0_si1784 /nfs-share/xinchi/kaldi/egs/timit/s5_la5/mfcc/raw_mfcc_train.2.ark:1574724
mjfr0_sx165 /nfs-share/xinchi/kaldi/egs/timit/s5_la5/mfcc/raw_mfcc_train.3.ark:980731
mejs0_si1870 /nfs-share/xinchi/kaldi/egs/timit/s5_la5/mfcc/raw_mfcc_train.2.ark:3283278
fskp0_si468 /nfs-share/xinchi/kaldi/egs/timit/s5_la5/mfcc/raw_mfcc_train.2.ark:155048
mdcd0_si2045 /nfs-share/xinchi/kaldi/egs/timit/s5_la5/mfcc/raw_mfcc_train.2.ark:2094048
fcag0_si1641 /nfs-share/xinchi/kaldi/egs/timit/s5_la5/mfcc/raw_mfcc_train.1.ark:413802
mjfh0_sx387 /nfs-share/xinchi/kaldi/egs/timit/s5_la5/mfcc/raw_mfcc_train.3.ark:965114
mmeb0_sx327 /nfs-share/xinchi/kaldi/egs/timit/s5_la5/mfcc/raw_mfcc_train.3.ark:3009338
msfh0_sx46 /nfs-share/xinchi/kaldi/egs/timit/s5_la5/mfcc/raw_mfcc_train.4.ark:2029114
mdwh0_sx35 /nfs-share/xinchi/kaldi/egs/timit/s5_la5/mfcc/raw_mfcc_train.2.ark:3083015
mrdd0_sx60 /nfs-share/xinchi/kaldi/egs/timit/s5_la5/mfcc/raw_mfcc_train.4.ark:472199
mdwm0_si2176 /nfs-share/xinchi/kaldi/egs/timit/s5_la5/mfcc/raw_mfcc_train.2.ark:3095661
mmxs0_sx66 /nfs-share/xinchi/kaldi/egs/timit/s5_la5/mfcc/raw_mfcc_train.3.ark:3441464
fdkn0_si1202 /nfs-share/xinchi/kaldi/egs/timit/s5_la5/mfcc/raw_mfcc_train.1.ark:914854
mjxl0_si1795 /nfs-share/xinchi/kaldi/egs/timit/s5_la5/mfcc/raw_mfcc_train.3.ark:1822352
mdcd0_si1415 /nfs-share/xinchi/kaldi/egs/timit/s5_la5/mfcc/raw_mfcc_train.2.ark:2090348
mdtb0_sx120 /nfs-share/xinchi/kaldi/egs/timit/s5_la5/mfcc/raw_mfcc_train.2.ark:3005946
fgdp0_sx268 /nfs-share/xinchi/kaldi/egs/timit/s5_la5/mfcc/raw_mfcc_train.1.ark:1412615
mcef0_sx235 /nfs-share/xinchi/kaldi/egs/timit/s5_la5/mfcc/raw_mfcc_train.2.ark:1622161
fljd0_sx256 /nfs-share/xinchi/kaldi/egs/timit/s5_la5/mfcc/raw_mfcc_train.1.ark:2539190
mrvg0_sx330 /nfs-share/xinchi/kaldi/egs/timit/s5_la5/mfcc/raw_mfcc_train.4.ark:1602449
mlsh0_si1417 /nfs-share/xinchi/kaldi/egs/timit/s5_la5/mfcc/raw_mfcc_train.3.ark:2536064
madd0_sx358 /nfs-share/xinchi/kaldi/egs/timit/s5_la5/mfcc/raw_mfcc_train.2.ark:742656
fpjf0_sx236 /nfs-share/xinchi/kaldi/egs/timit/s5_la5/mfcc/raw_mfcc_train.1.ark:3380984
mabc0_sx241 /nfs-share/xinchi/kaldi/egs/timit/s5_la5/mfcc/raw_mfcc_train.2.ark:674974
mgsl0_sx444 /nfs-share/xinchi/kaldi/egs/timit/s5_la5/mfcc/raw_mfcc_train.3.ark:254786
mfxs0_sx414 /nfs-share/xinchi/kaldi/egs/timit/s5_la5/mfcc/raw_mfcc_train.2.ark:3544224
meal0_sx197 /nfs-share/xinchi/kaldi/egs/timit/s5_la5/mfcc/raw_mfcc_train.2.ark:3136169
fjlr0_sx151 /nfs-share/xinchi/kaldi/egs/timit/s5_la5/mfcc/raw_mfcc_train.1.ark:1760467
mbgt0_sx171 /nfs-share/xinchi/kaldi/egs/timit/s5_la5/mfcc/raw_mfcc_train.2.ark:1169661
mwsh0_sx166 /nfs-share/xinchi/kaldi/egs/timit/s5_la5/mfcc/raw_mfcc_train.4.ark:3754062
fgrw0_sx162 /nfs-share/xinchi/kaldi/egs/timit/s5_la5/mfcc/raw_mfcc_train.1.ark:1484925
fdmy0_sx207 /nfs-share/xinchi/kaldi/egs/timit/s5_la5/mfcc/raw_mfcc_train.1.ark:1002675
faem0_sx132 /nfs-share/xinchi/kaldi/egs/timit/s5_la5/mfcc/raw_mfcc_train.1.ark:13048
mcth0_si579 /nfs-share/xinchi/kaldi/egs/timit/s5_la5/mfcc/raw_mfcc_train.2.ark:1874608
fdxw0_sx341 /nfs-share/xinchi/kaldi/egs/timit/s5_la5/mfcc/raw_mfcc_train.1.ark:1110729
mrcg0_sx168 /nfs-share/xinchi/kaldi/egs/timit/s5_la5/mfcc/raw_mfcc_train.4.ark:392328
mlsh0_sx247 /nfs-share/xinchi/kaldi/egs/timit/s5_la5/mfcc/raw_mfcc_train.3.ark:2552694
mpfu0_sx448 /nfs-share/xinchi/kaldi/egs/timit/s5_la5/mfcc/raw_mfcc_train.3.ark:3589487
mjma0_si2125 /nfs-share/xinchi/kaldi/egs/timit/s5_la5/mfcc/raw_mfcc_train.3.ark:1269519
mdhl0_si809 /nfs-share/xinchi/kaldi/egs/timit/s5_la5/mfcc/raw_mfcc_train.2.ark:2295520
mmgc0_sx135 /nfs-share/xinchi/kaldi/egs/timit/s5_la5/mfcc/raw_mfcc_train.3.ark:3038104
mtmn0_sx74 /nfs-share/xinchi/kaldi/egs/timit/s5_la5/mfcc/raw_mfcc_train.4.ark:2972311
fsma0_si1621 /nfs-share/xinchi/kaldi/egs/timit/s5_la5/mfcc/raw_mfcc_train.2.ark:208955
mtdb0_si2031 /nfs-share/xinchi/kaldi/egs/timit/s5_la5/mfcc/raw_mfcc_train.4.ark:2542026
fntb0_sx303 /nfs-share/xinchi/kaldi/egs/timit/s5_la5/mfcc/raw_mfcc_train.1.ark:3180123
mdss1_sx337 /nfs-share/xinchi/kaldi/egs/timit/s5_la5/mfcc/raw_mfcc_train.2.ark:2985623
msmc0_sx197 /nfs-share/xinchi/kaldi/egs/timit/s5_la5/mfcc/raw_mfcc_train.4.ark:2125041
mrmb0_sx51 /nfs-share/xinchi/kaldi/egs/timit/s5_la5/mfcc/raw_mfcc_train.4.ark:1234269
fsak0_sx130 /nfs-share/xinchi/kaldi/egs/timit/s5_la5/mfcc/raw_mfcc_train.1.ark:3640144
mrai0_sx162 /nfs-share/xinchi/kaldi/egs/timit/s5_la5/mfcc/raw_mfcc_train.4.ark:264581
mgxp0_sx187 /nfs-share/xinchi/kaldi/egs/timit/s5_la5/mfcc/raw_mfcc_train.3.ark:280405
mcdc0_sx392 /nfs-share/xinchi/kaldi/egs/timit/s5_la5/mfcc/raw_mfcc_train.2.ark:1536509
mtlc0_sx37 /nfs-share/xinchi/kaldi/egs/timit/s5_la5/mfcc/raw_mfcc_train.4.ark:2899415
mrml0_si791 /nfs-share/xinchi/kaldi/egs/timit/s5_la5/mfcc/raw_mfcc_train.4.ark:1310107
flhd0_sx354 /nfs-share/xinchi/kaldi/egs/timit/s5_la5/mfcc/raw_mfcc_train.1.ark:2474849
mtat1_si779 /nfs-share/xinchi/kaldi/egs/timit/s5_la5/mfcc/raw_mfcc_train.4.ark:2441671
mdlh0_si574 /nfs-share/xinchi/kaldi/egs/timit/s5_la5/mfcc/raw_mfcc_train.2.ark:2551381
mmbs0_sx71 /nfs-share/xinchi/kaldi/egs/timit/s5_la5/mfcc/raw_mfcc_train.3.ark:2776800
mpar0_sx136 /nfs-share/xinchi/kaldi/egs/timit/s5_la5/mfcc/raw_mfcc_train.3.ark:3518242
mdem0_si800 /nfs-share/xinchi/kaldi/egs/timit/s5_la5/mfcc/raw_mfcc_train.2.ark:2257438
mrlj1_si2332 /nfs-share/xinchi/kaldi/egs/timit/s5_la5/mfcc/raw_mfcc_train.4.ark:1124942
mkdd0_si2197 /nfs-share/xinchi/kaldi/egs/timit/s5_la5/mfcc/raw_mfcc_train.3.ark:2017303
mbjv0_si1877 /nfs-share/xinchi/kaldi/egs/timit/s5_la5/mfcc/raw_mfcc_train.2.ark:1195353
mkjo0_sx77 /nfs-share/xinchi/kaldi/egs/timit/s5_la5/mfcc/raw_mfcc_train.3.ark:2139025
mrml0_sx71 /nfs-share/xinchi/kaldi/egs/timit/s5_la5/mfcc/raw_mfcc_train.4.ark:1336804
fjlg0_si1506 /nfs-share/xinchi/kaldi/egs/timit/s5_la5/mfcc/raw_mfcc_train.1.ark:1716629
mjxl0_sx92 /nfs-share/xinchi/kaldi/egs/timit/s5_la5/mfcc/raw_mfcc_train.3.ark:1845715
mtjm0_sx416 /nfs-share/xinchi/kaldi/egs/timit/s5_la5/mfcc/raw_mfcc_train.4.ark:2698705
mdtb0_si570 /nfs-share/xinchi/kaldi/egs/timit/s5_la5/mfcc/raw_mfcc_train.2.ark:3001389
mjra0_si1236 /nfs-share/xinchi/kaldi/egs/timit/s5_la5/mfcc/raw_mfcc_train.3.ark:1447980
mdlm0_si1864 /nfs-share/xinchi/kaldi/egs/timit/s5_la5/mfcc/raw_mfcc_train.2.ark:2584965
mjac0_sx71 /nfs-share/xinchi/kaldi/egs/timit/s5_la5/mfcc/raw_mfcc_train.3.ark:573180
mvrw0_sx45 /nfs-share/xinchi/kaldi/egs/timit/s5_la5/mfcc/raw_mfcc_train.4.ark:3421635
mram0_sx195 /nfs-share/xinchi/kaldi/egs/timit/s5_la5/mfcc/raw_mfcc_train.4.ark:306278
mter0_sx167 /nfs-share/xinchi/kaldi/egs/timit/s5_la5/mfcc/raw_mfcc_train.4.ark:2621559
fltm0_sx80 /nfs-share/xinchi/kaldi/egs/timit/s5_la5/mfcc/raw_mfcc_train.1.ark:2782152
mmdm0_sx411 /nfs-share/xinchi/kaldi/egs/timit/s5_la5/mfcc/raw_mfcc_train.3.ark:2900379
fvfb0_sx312 /nfs-share/xinchi/kaldi/egs/timit/s5_la5/mfcc/raw_mfcc_train.2.ark:585994
mmws0_si1518 /nfs-share/xinchi/kaldi/egs/timit/s5_la5/mfcc/raw_mfcc_train.3.ark:3356452
mprd0_si1431 /nfs-share/xinchi/kaldi/egs/timit/s5_la5/mfcc/raw_mfcc_train.4.ark:54060
mbma0_si1852 /nfs-share/xinchi/kaldi/egs/timit/s5_la5/mfcc/raw_mfcc_train.2.ark:1227585
mjai0_si710 /nfs-share/xinchi/kaldi/egs/timit/s5_la5/mfcc/raw_mfcc_train.3.ark:620580
flac0_sx91 /nfs-share/xinchi/kaldi/egs/timit/s5_la5/mfcc/raw_mfcc_train.1.ark:2351756
msvs0_sx218 /nfs-share/xinchi/kaldi/egs/timit/s5_la5/mfcc/raw_mfcc_train.4.ark:2319660
mctm0_si720 /nfs-share/xinchi/kaldi/egs/timit/s5_la5/mfcc/raw_mfcc_train.2.ark:1909778
mkdt0_si2153 /nfs-share/xinchi/kaldi/egs/timit/s5_la5/mfcc/raw_mfcc_train.3.ark:2043885
mbef0_si1911 /nfs-share/xinchi/kaldi/egs/timit/s5_la5/mfcc/raw_mfcc_train.2.ark:1134776
mtlc0_si847 /nfs-share/xinchi/kaldi/egs/timit/s5_la5/mfcc/raw_mfcc_train.4.ark:2888845
majp0_si1074 /nfs-share/xinchi/kaldi/egs/timit/s5_la5/mfcc/raw_mfcc_train.2.ark:843560
megj0_si707 /nfs-share/xinchi/kaldi/egs/timit/s5_la5/mfcc/raw_mfcc_train.2.ark:3222528
mwsh0_sx256 /nfs-share/xinchi/kaldi/egs/timit/s5_la5/mfcc/raw_mfcc_train.4.ark:3759594
mmam0_sx337 /nfs-share/xinchi/kaldi/egs/timit/s5_la5/mfcc/raw_mfcc_train.3.ark:2693824
mcae0_si817 /nfs-share/xinchi/kaldi/egs/timit/s5_la5/mfcc/raw_mfcc_train.2.ark:1451278
fcag0_sx243 /nfs-share/xinchi/kaldi/egs/timit/s5_la5/mfcc/raw_mfcc_train.1.ark:423002
fvfb0_sx132 /nfs-share/xinchi/kaldi/egs/timit/s5_la5/mfcc/raw_mfcc_train.2.ark:579246
mzmb0_sx446 /nfs-share/xinchi/kaldi/egs/timit/s5_la5/mfcc/raw_mfcc_train.4.ark:3802331
fsjw0_sx253 /nfs-share/xinchi/kaldi/egs/timit/s5_la5/mfcc/raw_mfcc_train.2.ark:67154
mtrc0_sx93 /nfs-share/xinchi/kaldi/egs/timit/s5_la5/mfcc/raw_mfcc_train.4.ark:3203329
fntb0_sx123 /nfs-share/xinchi/kaldi/egs/timit/s5_la5/mfcc/raw_mfcc_train.1.ark:3172699
mwrp0_sx93 /nfs-share/xinchi/kaldi/egs/timit/s5_la5/mfcc/raw_mfcc_train.4.ark:3706865
mvrw0_sx315 /nfs-share/xinchi/kaldi/egs/timit/s5_la5/mfcc/raw_mfcc_train.4.ark:3415707
mtrt0_sx147 /nfs-share/xinchi/kaldi/egs/timit/s5_la5/mfcc/raw_mfcc_train.4.ark:3252426
fskc0_sx336 /nfs-share/xinchi/kaldi/egs/timit/s5_la5/mfcc/raw_mfcc_train.2.ark:100810
mrmb0_sx141 /nfs-share/xinchi/kaldi/egs/timit/s5_la5/mfcc/raw_mfcc_train.4.ark:1219071
mpmb0_sx421 /nfs-share/xinchi/kaldi/egs/timit/s5_la5/mfcc/raw_mfcc_train.3.ark:3729140
mtmn0_si1064 /nfs-share/xinchi/kaldi/egs/timit/s5_la5/mfcc/raw_mfcc_train.4.ark:2941179
msjk0_sx246 /nfs-share/xinchi/kaldi/egs/timit/s5_la5/mfcc/raw_mfcc_train.4.ark:2086863
fskp0_sx108 /nfs-share/xinchi/kaldi/egs/timit/s5_la5/mfcc/raw_mfcc_train.2.ark:158669
fklc0_sx445 /nfs-share/xinchi/kaldi/egs/timit/s5_la5/mfcc/raw_mfcc_train.1.ark:2220611
fcdr1_si1186 /nfs-share/xinchi/kaldi/egs/timit/s5_la5/mfcc/raw_mfcc_train.1.ark:468314
mjdm0_sx170 /nfs-share/xinchi/kaldi/egs/timit/s5_la5/mfcc/raw_mfcc_train.3.ark:819311
fbmj0_si516 /nfs-share/xinchi/kaldi/egs/timit/s5_la5/mfcc/raw_mfcc_train.1.ark:379841
mrdd0_si1680 /nfs-share/xinchi/kaldi/egs/timit/s5_la5/mfcc/raw_mfcc_train.4.ark:451227
fvmh0_si2096 /nfs-share/xinchi/kaldi/egs/timit/s5_la5/mfcc/raw_mfcc_train.2.ark:635480
fsrh0_sx401 /nfs-share/xinchi/kaldi/egs/timit/s5_la5/mfcc/raw_mfcc_train.2.ark:368827
mmdb0_sx267 /nfs-share/xinchi/kaldi/egs/timit/s5_la5/mfcc/raw_mfcc_train.3.ark:2827698
mdlc2_sx264 /nfs-share/xinchi/kaldi/egs/timit/s5_la5/mfcc/raw_mfcc_train.2.ark:2532431
mtpr0_sx160 /nfs-share/xinchi/kaldi/egs/timit/s5_la5/mfcc/raw_mfcc_train.4.ark:3111630
mbma0_sx232 /nfs-share/xinchi/kaldi/egs/timit/s5_la5/mfcc/raw_mfcc_train.2.ark:1236329
mhmr0_si1692 /nfs-share/xinchi/kaldi/egs/timit/s5_la5/mfcc/raw_mfcc_train.3.ark:420282
flmk0_sx45 /nfs-share/xinchi/kaldi/egs/timit/s5_la5/mfcc/raw_mfcc_train.1.ark:2717855
fajw0_si1263 /nfs-share/xinchi/kaldi/egs/timit/s5_la5/mfcc/raw_mfcc_train.1.ark:32804
milb0_sx363 /nfs-share/xinchi/kaldi/egs/timit/s5_la5/mfcc/raw_mfcc_train.3.ark:537744
mcew0_sx362 /nfs-share/xinchi/kaldi/egs/timit/s5_la5/mfcc/raw_mfcc_train.2.ark:1661199
madc0_sx377 /nfs-share/xinchi/kaldi/egs/timit/s5_la5/mfcc/raw_mfcc_train.2.ark:718107
fear0_sx262 /nfs-share/xinchi/kaldi/egs/timit/s5_la5/mfcc/raw_mfcc_train.1.ark:1169102
mdcd0_sx65 /nfs-share/xinchi/kaldi/egs/timit/s5_la5/mfcc/raw_mfcc_train.2.ark:2119166
mrav0_si1638 /nfs-share/xinchi/kaldi/egs/timit/s5_la5/mfcc/raw_mfcc_train.4.ark:319516
flag0_sx24 /nfs-share/xinchi/kaldi/egs/timit/s5_la5/mfcc/raw_mfcc_train.1.ark:2379593
mjhi0_sx248 /nfs-share/xinchi/kaldi/egs/timit/s5_la5/mfcc/raw_mfcc_train.3.ark:1020990
mkdb0_sx242 /nfs-share/xinchi/kaldi/egs/timit/s5_la5/mfcc/raw_mfcc_train.3.ark:1994569
faem0_sx222 /nfs-share/xinchi/kaldi/egs/timit/s5_la5/mfcc/raw_mfcc_train.1.ark:16916
fsjk1_si1025 /nfs-share/xinchi/kaldi/egs/timit/s5_la5/mfcc/raw_mfcc_train.1.ark:3868386
msfv0_sx452 /nfs-share/xinchi/kaldi/egs/timit/s5_la5/mfcc/raw_mfcc_train.4.ark:2059585
fsah0_sx327 /nfs-share/xinchi/kaldi/egs/timit/s5_la5/mfcc/raw_mfcc_train.1.ark:3611208
fcag0_si2133 /nfs-share/xinchi/kaldi/egs/timit/s5_la5/mfcc/raw_mfcc_train.1.ark:415851
mbth0_sx32 /nfs-share/xinchi/kaldi/egs/timit/s5_la5/mfcc/raw_mfcc_train.2.ark:1394940
mbth0_si2102 /nfs-share/xinchi/kaldi/egs/timit/s5_la5/mfcc/raw_mfcc_train.2.ark:1368236
fsdj0_sx395 /nfs-share/xinchi/kaldi/egs/timit/s5_la5/mfcc/raw_mfcc_train.1.ark:3788587
mrxb0_sx145 /nfs-share/xinchi/kaldi/egs/timit/s5_la5/mfcc/raw_mfcc_train.4.ark:1688575
fsma0_si2251 /nfs-share/xinchi/kaldi/egs/timit/s5_la5/mfcc/raw_mfcc_train.2.ark:211121
mdns0_si1011 /nfs-share/xinchi/kaldi/egs/timit/s5_la5/mfcc/raw_mfcc_train.2.ark:2745832
mdmt0_sx122 /nfs-share/xinchi/kaldi/egs/timit/s5_la5/mfcc/raw_mfcc_train.2.ark:2725413
mkag0_si1609 /nfs-share/xinchi/kaldi/egs/timit/s5_la5/mfcc/raw_mfcc_train.3.ark:1849675
mtkp0_sx213 /nfs-share/xinchi/kaldi/egs/timit/s5_la5/mfcc/raw_mfcc_train.4.ark:2830739
fgrw0_si1152 /nfs-share/xinchi/kaldi/egs/timit/s5_la5/mfcc/raw_mfcc_train.1.ark:1470030
mwdk0_sx266 /nfs-share/xinchi/kaldi/egs/timit/s5_la5/mfcc/raw_mfcc_train.4.ark:3565514
mkls0_sx447 /nfs-share/xinchi/kaldi/egs/timit/s5_la5/mfcc/raw_mfcc_train.3.ark:2229971
fmkf0_sx6 /nfs-share/xinchi/kaldi/egs/timit/s5_la5/mfcc/raw_mfcc_train.1.ark:3045823
mvrw0_sx405 /nfs-share/xinchi/kaldi/egs/timit/s5_la5/mfcc/raw_mfcc_train.4.ark:3418652
mtmn0_sx254 /nfs-share/xinchi/kaldi/egs/timit/s5_la5/mfcc/raw_mfcc_train.4.ark:2962827
mcss0_sx120 /nfs-share/xinchi/kaldi/egs/timit/s5_la5/mfcc/raw_mfcc_train.2.ark:1849143
mmea0_sx308 /nfs-share/xinchi/kaldi/egs/timit/s5_la5/mfcc/raw_mfcc_train.3.ark:2985420
mtrc0_sx363 /nfs-share/xinchi/kaldi/egs/timit/s5_la5/mfcc/raw_mfcc_train.4.ark:3199891
mvlo0_sx157 /nfs-share/xinchi/kaldi/egs/timit/s5_la5/mfcc/raw_mfcc_train.4.ark:3378378
mjeb1_si1467 /nfs-share/xinchi/kaldi/egs/timit/s5_la5/mfcc/raw_mfcc_train.3.ark:875472
mfmc0_si1132 /nfs-share/xinchi/kaldi/egs/timit/s5_la5/mfcc/raw_mfcc_train.2.ark:3425084
fmpg0_sx342 /nfs-share/xinchi/kaldi/egs/timit/s5_la5/mfcc/raw_mfcc_train.1.ark:3111669
mljc0_sx415 /nfs-share/xinchi/kaldi/egs/timit/s5_la5/mfcc/raw_mfcc_train.3.ark:2457104
mjlg1_si1012 /nfs-share/xinchi/kaldi/egs/timit/s5_la5/mfcc/raw_mfcc_train.3.ark:1202043
flja0_si2338 /nfs-share/xinchi/kaldi/egs/timit/s5_la5/mfcc/raw_mfcc_train.1.ark:2496245
meal0_sx347 /nfs-share/xinchi/kaldi/egs/timit/s5_la5/mfcc/raw_mfcc_train.2.ark:3142202
faem0_si2022 /nfs-share/xinchi/kaldi/egs/timit/s5_la5/mfcc/raw_mfcc_train.1.ark:6313
mmaa0_sx305 /nfs-share/xinchi/kaldi/egs/timit/s5_la5/mfcc/raw_mfcc_train.3.ark:2593812
mvlo0_si1777 /nfs-share/xinchi/kaldi/egs/timit/s5_la5/mfcc/raw_mfcc_train.4.ark:3369459
mjrh1_sx244 /nfs-share/xinchi/kaldi/egs/timit/s5_la5/mfcc/raw_mfcc_train.3.ark:1562841
mdps0_sx269 /nfs-share/xinchi/kaldi/egs/timit/s5_la5/mfcc/raw_mfcc_train.2.ark:2855804
mrso0_sx399 /nfs-share/xinchi/kaldi/egs/timit/s5_la5/mfcc/raw_mfcc_train.4.ark:1471324
mdlm0_sx64 /nfs-share/xinchi/kaldi/egs/timit/s5_la5/mfcc/raw_mfcc_train.2.ark:2606261
mmbs0_si1151 /nfs-share/xinchi/kaldi/egs/timit/s5_la5/mfcc/raw_mfcc_train.3.ark:2744550
mgsl0_sx174 /nfs-share/xinchi/kaldi/egs/timit/s5_la5/mfcc/raw_mfcc_train.3.ark:241960
mtdp0_sx171 /nfs-share/xinchi/kaldi/egs/timit/s5_la5/mfcc/raw_mfcc_train.4.ark:2582957
mjws0_si1143 /nfs-share/xinchi/kaldi/egs/timit/s5_la5/mfcc/raw_mfcc_train.3.ark:1714715
fblv0_sx338 /nfs-share/xinchi/kaldi/egs/timit/s5_la5/mfcc/raw_mfcc_train.1.ark:329771
flja0_si1708 /nfs-share/xinchi/kaldi/egs/timit/s5_la5/mfcc/raw_mfcc_train.1.ark:2494144
mdwh0_sx305 /nfs-share/xinchi/kaldi/egs/timit/s5_la5/mfcc/raw_mfcc_train.2.ark:3078381
mrbc0_sx59 /nfs-share/xinchi/kaldi/egs/timit/s5_la5/mfcc/raw_mfcc_train.4.ark:374592
medr0_si744 /nfs-share/xinchi/kaldi/egs/timit/s5_la5/mfcc/raw_mfcc_train.2.ark:3158534
fnkl0_sx262 /nfs-share/xinchi/kaldi/egs/timit/s5_la5/mfcc/raw_mfcc_train.1.ark:3147385
mjae0_sx444 /nfs-share/xinchi/kaldi/egs/timit/s5_la5/mfcc/raw_mfcc_train.3.ark:600519
mrlr0_sx116 /nfs-share/xinchi/kaldi/egs/timit/s5_la5/mfcc/raw_mfcc_train.4.ark:1190180
mstf0_sx136 /nfs-share/xinchi/kaldi/egs/timit/s5_la5/mfcc/raw_mfcc_train.4.ark:2277502
mdem0_sx248 /nfs-share/xinchi/kaldi/egs/timit/s5_la5/mfcc/raw_mfcc_train.2.ark:2267956
mbwp0_si709 /nfs-share/xinchi/kaldi/egs/timit/s5_la5/mfcc/raw_mfcc_train.2.ark:1408802
mmeb0_si727 /nfs-share/xinchi/kaldi/egs/timit/s5_la5/mfcc/raw_mfcc_train.3.ark:3003981
mhrm0_sx418 /nfs-share/xinchi/kaldi/egs/timit/s5_la5/mfcc/raw_mfcc_train.3.ark:471672
mefg0_sx285 /nfs-share/xinchi/kaldi/egs/timit/s5_la5/mfcc/raw_mfcc_train.2.ark:3204194
fmju0_sx219 /nfs-share/xinchi/kaldi/egs/timit/s5_la5/mfcc/raw_mfcc_train.1.ark:2970049
mnet0_sx96 /nfs-share/xinchi/kaldi/egs/timit/s5_la5/mfcc/raw_mfcc_train.3.ark:3469378
mtpf0_si1865 /nfs-share/xinchi/kaldi/egs/timit/s5_la5/mfcc/raw_mfcc_train.4.ark:3012671
mfxv0_sx375 /nfs-share/xinchi/kaldi/egs/timit/s5_la5/mfcc/raw_mfcc_train.2.ark:3579544
mmaa0_si1588 /nfs-share/xinchi/kaldi/egs/timit/s5_la5/mfcc/raw_mfcc_train.3.ark:2570220
msfv0_sx272 /nfs-share/xinchi/kaldi/egs/timit/s5_la5/mfcc/raw_mfcc_train.4.ark:2051134
fbcg1_si2242 /nfs-share/xinchi/kaldi/egs/timit/s5_la5/mfcc/raw_mfcc_train.1.ark:209179
mclm0_sx106 /nfs-share/xinchi/kaldi/egs/timit/s5_la5/mfcc/raw_mfcc_train.2.ark:1756205
fjxp0_si492 /nfs-share/xinchi/kaldi/egs/timit/s5_la5/mfcc/raw_mfcc_train.1.ark:1996692
fdxw0_si2141 /nfs-share/xinchi/kaldi/egs/timit/s5_la5/mfcc/raw_mfcc_train.1.ark:1095413
mkjo0_si887 /nfs-share/xinchi/kaldi/egs/timit/s5_la5/mfcc/raw_mfcc_train.3.ark:2120063
mjdg0_sx52 /nfs-share/xinchi/kaldi/egs/timit/s5_la5/mfcc/raw_mfcc_train.3.ark:804513
msat1_si2333 /nfs-share/xinchi/kaldi/egs/timit/s5_la5/mfcc/raw_mfcc_train.4.ark:1803900
fbjl0_si922 /nfs-share/xinchi/kaldi/egs/timit/s5_la5/mfcc/raw_mfcc_train.1.ark:282294
mram0_sx375 /nfs-share/xinchi/kaldi/egs/timit/s5_la5/mfcc/raw_mfcc_train.4.ark:312818
fpls0_sx330 /nfs-share/xinchi/kaldi/egs/timit/s5_la5/mfcc/raw_mfcc_train.1.ark:3418558
mdss0_sx441 /nfs-share/xinchi/kaldi/egs/timit/s5_la5/mfcc/raw_mfcc_train.2.ark:2960028
fmmh0_si2167 /nfs-share/xinchi/kaldi/egs/timit/s5_la5/mfcc/raw_mfcc_train.1.ark:3058676
fntb0_si573 /nfs-share/xinchi/kaldi/egs/timit/s5_la5/mfcc/raw_mfcc_train.1.ark:3162636
fsah0_si1874 /nfs-share/xinchi/kaldi/egs/timit/s5_la5/mfcc/raw_mfcc_train.1.ark:3597615
mjmd0_sx38 /nfs-share/xinchi/kaldi/egs/timit/s5_la5/mfcc/raw_mfcc_train.3.ark:1316333
fjhk0_sx392 /nfs-share/xinchi/kaldi/egs/timit/s5_la5/mfcc/raw_mfcc_train.1.ark:1681932
mlsh0_sx67 /nfs-share/xinchi/kaldi/egs/timit/s5_la5/mfcc/raw_mfcc_train.3.ark:2565649
mded0_sx270 /nfs-share/xinchi/kaldi/egs/timit/s5_la5/mfcc/raw_mfcc_train.2.ark:2202478
fkde0_sx421 /nfs-share/xinchi/kaldi/egs/timit/s5_la5/mfcc/raw_mfcc_train.1.ark:2080555
fljd0_sx346 /nfs-share/xinchi/kaldi/egs/timit/s5_la5/mfcc/raw_mfcc_train.1.ark:2542655
mjls0_sx16 /nfs-share/xinchi/kaldi/egs/timit/s5_la5/mfcc/raw_mfcc_train.3.ark:1250632
mrre0_sx434 /nfs-share/xinchi/kaldi/egs/timit/s5_la5/mfcc/raw_mfcc_train.4.ark:1427931
fljg0_sx171 /nfs-share/xinchi/kaldi/egs/timit/s5_la5/mfcc/raw_mfcc_train.1.ark:2567632
mjrk0_si1662 /nfs-share/xinchi/kaldi/egs/timit/s5_la5/mfcc/raw_mfcc_train.3.ark:1577312
mgaf0_si1912 /nfs-share/xinchi/kaldi/egs/timit/s5_la5/mfcc/raw_mfcc_train.2.ark:3589245
mmdb0_sx177 /nfs-share/xinchi/kaldi/egs/timit/s5_la5/mfcc/raw_mfcc_train.3.ark:2825481
mgag0_sx331 /nfs-share/xinchi/kaldi/egs/timit/s5_la5/mfcc/raw_mfcc_train.2.ark:3631995
fmju0_si1389 /nfs-share/xinchi/kaldi/egs/timit/s5_la5/mfcc/raw_mfcc_train.1.ark:2952366
mdlr0_si1233 /nfs-share/xinchi/kaldi/egs/timit/s5_la5/mfcc/raw_mfcc_train.2.ark:2609129
mrld0_sx154 /nfs-share/xinchi/kaldi/egs/timit/s5_la5/mfcc/raw_mfcc_train.4.ark:1070598
fscn0_sx446 /nfs-share/xinchi/kaldi/egs/timit/s5_la5/mfcc/raw_mfcc_train.1.ark:3725377
mrds0_si537 /nfs-share/xinchi/kaldi/egs/timit/s5_la5/mfcc/raw_mfcc_train.4.ark:515309
mrxb0_sx415 /nfs-share/xinchi/kaldi/egs/timit/s5_la5/mfcc/raw_mfcc_train.4.ark:1699321
flmc0_sx382 /nfs-share/xinchi/kaldi/egs/timit/s5_la5/mfcc/raw_mfcc_train.1.ark:2685804
mcdc0_si662 /nfs-share/xinchi/kaldi/egs/timit/s5_la5/mfcc/raw_mfcc_train.2.ark:1516949
fcmm0_si1083 /nfs-share/xinchi/kaldi/egs/timit/s5_la5/mfcc/raw_mfcc_train.1.ark:688583
fdas1_sx21 /nfs-share/xinchi/kaldi/egs/timit/s5_la5/mfcc/raw_mfcc_train.1.ark:807934
mjda0_si1661 /nfs-share/xinchi/kaldi/egs/timit/s5_la5/mfcc/raw_mfcc_train.3.ark:677602
mmgc0_si2184 /nfs-share/xinchi/kaldi/egs/timit/s5_la5/mfcc/raw_mfcc_train.3.ark:3035575
fmpg0_sx432 /nfs-share/xinchi/kaldi/egs/timit/s5_la5/mfcc/raw_mfcc_train.1.ark:3117461
fvmh0_si836 /nfs-share/xinchi/kaldi/egs/timit/s5_la5/mfcc/raw_mfcc_train.2.ark:639166
mmds0_sx263 /nfs-share/xinchi/kaldi/egs/timit/s5_la5/mfcc/raw_mfcc_train.3.ark:2955586
mjws0_sx153 /nfs-share/xinchi/kaldi/egs/timit/s5_la5/mfcc/raw_mfcc_train.3.ark:1725514
fjkl0_sx122 /nfs-share/xinchi/kaldi/egs/timit/s5_la5/mfcc/raw_mfcc_train.1.ark:1696249
mljc0_sx145 /nfs-share/xinchi/kaldi/egs/timit/s5_la5/mfcc/raw_mfcc_train.3.ark:2445630
fsbk0_si2329 /nfs-share/xinchi/kaldi/egs/timit/s5_la5/mfcc/raw_mfcc_train.1.ark:3666767
mklw0_si1571 /nfs-share/xinchi/kaldi/egs/timit/s5_la5/mfcc/raw_mfcc_train.3.ark:2268223
mnet0_si816 /nfs-share/xinchi/kaldi/egs/timit/s5_la5/mfcc/raw_mfcc_train.3.ark:3452095
mdlc2_sx174 /nfs-share/xinchi/kaldi/egs/timit/s5_la5/mfcc/raw_mfcc_train.2.ark:2527757
mrjm1_sx128 /nfs-share/xinchi/kaldi/egs/timit/s5_la5/mfcc/raw_mfcc_train.4.ark:963790
fdkn0_sx361 /nfs-share/xinchi/kaldi/egs/timit/s5_la5/mfcc/raw_mfcc_train.1.ark:933785
ftlg0_si1743 /nfs-share/xinchi/kaldi/egs/timit/s5_la5/mfcc/raw_mfcc_train.2.ark:501942
fbjl0_si1552 /nfs-share/xinchi/kaldi/egs/timit/s5_la5/mfcc/raw_mfcc_train.1.ark:274856
mrmh0_sx301 /nfs-share/xinchi/kaldi/egs/timit/s5_la5/mfcc/raw_mfcc_train.4.ark:1291013
mmds0_si1973 /nfs-share/xinchi/kaldi/egs/timit/s5_la5/mfcc/raw_mfcc_train.3.ark:2946998
mdss1_si1713 /nfs-share/xinchi/kaldi/egs/timit/s5_la5/mfcc/raw_mfcc_train.2.ark:2971217
fsjg0_si1570 /nfs-share/xinchi/kaldi/egs/timit/s5_la5/mfcc/raw_mfcc_train.1.ark:3824402
mrlj0_sx70 /nfs-share/xinchi/kaldi/egs/timit/s5_la5/mfcc/raw_mfcc_train.4.ark:1114115
fpab1_sx31 /nfs-share/xinchi/kaldi/egs/timit/s5_la5/mfcc/raw_mfcc_train.1.ark:3221136
mmvp0_si1284 /nfs-share/xinchi/kaldi/egs/timit/s5_la5/mfcc/raw_mfcc_train.3.ark:3275386
mdlm0_si604 /nfs-share/xinchi/kaldi/egs/timit/s5_la5/mfcc/raw_mfcc_train.2.ark:2587143
mses0_sx149 /nfs-share/xinchi/kaldi/egs/timit/s5_la5/mfcc/raw_mfcc_train.4.ark:1975977
mcdd0_si2143 /nfs-share/xinchi/kaldi/egs/timit/s5_la5/mfcc/raw_mfcc_train.2.ark:1543415
fdtd0_si1561 /nfs-share/xinchi/kaldi/egs/timit/s5_la5/mfcc/raw_mfcc_train.1.ark:1057309
fjsk0_sx152 /nfs-share/xinchi/kaldi/egs/timit/s5_la5/mfcc/raw_mfcc_train.1.ark:1867200
mmdm0_si1311 /nfs-share/xinchi/kaldi/egs/timit/s5_la5/mfcc/raw_mfcc_train.3.ark:2876143
mdtb0_sx300 /nfs-share/xinchi/kaldi/egs/timit/s5_la5/mfcc/raw_mfcc_train.2.ark:3012941
mklw0_sx41 /nfs-share/xinchi/kaldi/egs/timit/s5_la5/mfcc/raw_mfcc_train.3.ark:2297419
msjk0_si2226 /nfs-share/xinchi/kaldi/egs/timit/s5_la5/mfcc/raw_mfcc_train.4.ark:2075740
mfwk0_sx349 /nfs-share/xinchi/kaldi/egs/timit/s5_la5/mfcc/raw_mfcc_train.2.ark:3507967
msfh0_si1738 /nfs-share/xinchi/kaldi/egs/timit/s5_la5/mfcc/raw_mfcc_train.4.ark:1997600
mtdb0_sx321 /nfs-share/xinchi/kaldi/egs/timit/s5_la5/mfcc/raw_mfcc_train.4.ark:2556718
mram0_sx285 /nfs-share/xinchi/kaldi/egs/timit/s5_la5/mfcc/raw_mfcc_train.4.ark:308989
fdxw0_sx431 /nfs-share/xinchi/kaldi/egs/timit/s5_la5/mfcc/raw_mfcc_train.1.ark:1114285
mpgr0_sx60 /nfs-share/xinchi/kaldi/egs/timit/s5_la5/mfcc/raw_mfcc_train.3.ark:3652864
fcag0_sx153 /nfs-share/xinchi/kaldi/egs/timit/s5_la5/mfcc/raw_mfcc_train.1.ark:418679
mrab0_sx144 /nfs-share/xinchi/kaldi/egs/timit/s5_la5/mfcc/raw_mfcc_train.4.ark:196308
mdtb0_si1830 /nfs-share/xinchi/kaldi/egs/timit/s5_la5/mfcc/raw_mfcc_train.2.ark:2998561
msdb0_si1007 /nfs-share/xinchi/kaldi/egs/timit/s5_la5/mfcc/raw_mfcc_train.4.ark:1827095
mmaa0_sx215 /nfs-share/xinchi/kaldi/egs/timit/s5_la5/mfcc/raw_mfcc_train.3.ark:2589541
msmr0_sx55 /nfs-share/xinchi/kaldi/egs/timit/s5_la5/mfcc/raw_mfcc_train.4.ark:2165165
fdkn0_si1081 /nfs-share/xinchi/kaldi/egs/timit/s5_la5/mfcc/raw_mfcc_train.1.ark:910829
mtcs0_sx172 /nfs-share/xinchi/kaldi/egs/timit/s5_la5/mfcc/raw_mfcc_train.4.ark:2515593
mbma0_sx322 /nfs-share/xinchi/kaldi/egs/timit/s5_la5/mfcc/raw_mfcc_train.2.ark:1240782
marw0_sx16 /nfs-share/xinchi/kaldi/egs/timit/s5_la5/mfcc/raw_mfcc_train.2.ark:1017971
mwem0_si1393 /nfs-share/xinchi/kaldi/egs/timit/s5_la5/mfcc/raw_mfcc_train.4.ark:3584114
fbch0_si956 /nfs-share/xinchi/kaldi/egs/timit/s5_la5/mfcc/raw_mfcc_train.1.ark:244075
mtxs0_si1060 /nfs-share/xinchi/kaldi/egs/timit/s5_la5/mfcc/raw_mfcc_train.4.ark:3296796
mtqc0_si1441 /nfs-share/xinchi/kaldi/egs/timit/s5_la5/mfcc/raw_mfcc_train.4.ark:3133752
mfrm0_si1717 /nfs-share/xinchi/kaldi/egs/timit/s5_la5/mfcc/raw_mfcc_train.2.ark:3464565
fajw0_sx183 /nfs-share/xinchi/kaldi/egs/timit/s5_la5/mfcc/raw_mfcc_train.1.ark:49518
mefg0_sx195 /nfs-share/xinchi/kaldi/egs/timit/s5_la5/mfcc/raw_mfcc_train.2.ark:3201353
mkaj0_sx244 /nfs-share/xinchi/kaldi/egs/timit/s5_la5/mfcc/raw_mfcc_train.3.ark:1931587
mrld0_si1594 /nfs-share/xinchi/kaldi/egs/timit/s5_la5/mfcc/raw_mfcc_train.4.ark:1058512
mwgr0_sx436 /nfs-share/xinchi/kaldi/egs/timit/s5_la5/mfcc/raw_mfcc_train.4.ark:3638729
mkag0_sx259 /nfs-share/xinchi/kaldi/egs/timit/s5_la5/mfcc/raw_mfcc_train.3.ark:1868463
frjb0_sx77 /nfs-share/xinchi/kaldi/egs/timit/s5_la5/mfcc/raw_mfcc_train.1.ark:3518784
mrms0_sx120 /nfs-share/xinchi/kaldi/egs/timit/s5_la5/mfcc/raw_mfcc_train.4.ark:1354957
mgsh0_sx186 /nfs-share/xinchi/kaldi/egs/timit/s5_la5/mfcc/raw_mfcc_train.3.ark:212650
mpar0_si946 /nfs-share/xinchi/kaldi/egs/timit/s5_la5/mfcc/raw_mfcc_train.3.ark:3515076
fdas1_sx111 /nfs-share/xinchi/kaldi/egs/timit/s5_la5/mfcc/raw_mfcc_train.1.ark:800069
mrre0_sx164 /nfs-share/xinchi/kaldi/egs/timit/s5_la5/mfcc/raw_mfcc_train.4.ark:1415872
fgdp0_si2248 /nfs-share/xinchi/kaldi/egs/timit/s5_la5/mfcc/raw_mfcc_train.1.ark:1397683
mmab1_sx54 /nfs-share/xinchi/kaldi/egs/timit/s5_la5/mfcc/raw_mfcc_train.3.ark:2634520
fdml0_sx429 /nfs-share/xinchi/kaldi/egs/timit/s5_la5/mfcc/raw_mfcc_train.1.ark:968352
mprt0_sx400 /nfs-share/xinchi/kaldi/egs/timit/s5_la5/mfcc/raw_mfcc_train.4.ark:155401
mrmh0_sx211 /nfs-share/xinchi/kaldi/egs/timit/s5_la5/mfcc/raw_mfcc_train.4.ark:1287639
mgrl0_sx417 /nfs-share/xinchi/kaldi/egs/timit/s5_la5/mfcc/raw_mfcc_train.3.ark:151151
mjsr0_sx434 /nfs-share/xinchi/kaldi/egs/timit/s5_la5/mfcc/raw_mfcc_train.3.ark:1667650
mjrk0_sx430 /nfs-share/xinchi/kaldi/egs/timit/s5_la5/mfcc/raw_mfcc_train.3.ark:1600508
mgag0_sx241 /nfs-share/xinchi/kaldi/egs/timit/s5_la5/mfcc/raw_mfcc_train.2.ark:3629076
mmeb0_sx187 /nfs-share/xinchi/kaldi/egs/timit/s5_la5/mfcc/raw_mfcc_train.3.ark:3006887
mtpf0_sx155 /nfs-share/xinchi/kaldi/egs/timit/s5_la5/mfcc/raw_mfcc_train.4.ark:3020420
mrgs0_sx96 /nfs-share/xinchi/kaldi/egs/timit/s5_la5/mfcc/raw_mfcc_train.4.ark:807245
flma0_sx73 /nfs-share/xinchi/kaldi/egs/timit/s5_la5/mfcc/raw_mfcc_train.1.ark:2654183
mwsh0_si1426 /nfs-share/xinchi/kaldi/egs/timit/s5_la5/mfcc/raw_mfcc_train.4.ark:3738583
mrso0_sx129 /nfs-share/xinchi/kaldi/egs/timit/s5_la5/mfcc/raw_mfcc_train.4.ark:1452447
mjac0_sx431 /nfs-share/xinchi/kaldi/egs/timit/s5_la5/mfcc/raw_mfcc_train.3.ark:568832
mrlj1_sx141 /nfs-share/xinchi/kaldi/egs/timit/s5_la5/mfcc/raw_mfcc_train.4.ark:1127081
makb0_si2276 /nfs-share/xinchi/kaldi/egs/timit/s5_la5/mfcc/raw_mfcc_train.2.ark:892163
mtpg0_sx303 /nfs-share/xinchi/kaldi/egs/timit/s5_la5/mfcc/raw_mfcc_train.4.ark:3058061
mbgt0_sx441 /nfs-share/xinchi/kaldi/egs/timit/s5_la5/mfcc/raw_mfcc_train.2.ark:1184177
fmbg0_si1790 /nfs-share/xinchi/kaldi/egs/timit/s5_la5/mfcc/raw_mfcc_train.1.ark:2823032
mkls1_sx375 /nfs-share/xinchi/kaldi/egs/timit/s5_la5/mfcc/raw_mfcc_train.3.ark:2263938
msem1_si1440 /nfs-share/xinchi/kaldi/egs/timit/s5_la5/mfcc/raw_mfcc_train.4.ark:1922402
fjrb0_sx132 /nfs-share/xinchi/kaldi/egs/timit/s5_la5/mfcc/raw_mfcc_train.1.ark:1791477
msvs0_sx308 /nfs-share/xinchi/kaldi/egs/timit/s5_la5/mfcc/raw_mfcc_train.4.ark:2324334
ftbr0_si2181 /nfs-share/xinchi/kaldi/egs/timit/s5_la5/mfcc/raw_mfcc_train.2.ark:444116
mrmg0_si1080 /nfs-share/xinchi/kaldi/egs/timit/s5_la5/mfcc/raw_mfcc_train.4.ark:1237748
mppc0_sx242 /nfs-share/xinchi/kaldi/egs/timit/s5_la5/mfcc/raw_mfcc_train.4.ark:12
fmjf0_si1254 /nfs-share/xinchi/kaldi/egs/timit/s5_la5/mfcc/raw_mfcc_train.1.ark:2917755
fvkb0_sx349 /nfs-share/xinchi/kaldi/egs/timit/s5_la5/mfcc/raw_mfcc_train.2.ark:615301
mrso0_sx219 /nfs-share/xinchi/kaldi/egs/timit/s5_la5/mfcc/raw_mfcc_train.4.ark:1456796
fskp0_si1728 /nfs-share/xinchi/kaldi/egs/timit/s5_la5/mfcc/raw_mfcc_train.2.ark:151674
mdef0_sx123 /nfs-share/xinchi/kaldi/egs/timit/s5_la5/mfcc/raw_mfcc_train.2.ark:2231792
mtrc0_sx170 /nfs-share/xinchi/kaldi/egs/timit/s5_la5/mfcc/raw_mfcc_train.4.ark:3188963
mree0_si1959 /nfs-share/xinchi/kaldi/egs/timit/s5_la5/mfcc/raw_mfcc_train.4.ark:547698
mesj0_sx277 /nfs-share/xinchi/kaldi/egs/timit/s5_la5/mfcc/raw_mfcc_train.2.ark:3357682
fssb0_si1082 /nfs-share/xinchi/kaldi/egs/timit/s5_la5/mfcc/raw_mfcc_train.2.ark:377434
mdks0_sx436 /nfs-share/xinchi/kaldi/egs/timit/s5_la5/mfcc/raw_mfcc_train.2.ark:2405154
mhxl0_sx332 /nfs-share/xinchi/kaldi/egs/timit/s5_la5/mfcc/raw_mfcc_train.3.ark:500828
majp0_sx354 /nfs-share/xinchi/kaldi/egs/timit/s5_la5/mfcc/raw_mfcc_train.2.ark:866815
flkm0_si620 /nfs-share/xinchi/kaldi/egs/timit/s5_la5/mfcc/raw_mfcc_train.1.ark:2596352
mrmh0_sx31 /nfs-share/xinchi/kaldi/egs/timit/s5_la5/mfcc/raw_mfcc_train.4.ark:1294828
mbgt0_sx261 /nfs-share/xinchi/kaldi/egs/timit/s5_la5/mfcc/raw_mfcc_train.2.ark:1175687
ftmg0_sx272 /nfs-share/xinchi/kaldi/egs/timit/s5_la5/mfcc/raw_mfcc_train.2.ark:551856
fksr0_si487 /nfs-share/xinchi/kaldi/egs/timit/s5_la5/mfcc/raw_mfcc_train.1.ark:2300705
mkrg0_sx141 /nfs-share/xinchi/kaldi/egs/timit/s5_la5/mfcc/raw_mfcc_train.3.ark:2317781
mtat1_sx239 /nfs-share/xinchi/kaldi/egs/timit/s5_la5/mfcc/raw_mfcc_train.4.ark:2453229
mrmg0_sx270 /nfs-share/xinchi/kaldi/egs/timit/s5_la5/mfcc/raw_mfcc_train.4.ark:1254002
fsdc0_sx322 /nfs-share/xinchi/kaldi/egs/timit/s5_la5/mfcc/raw_mfcc_train.1.ark:3753248
mtmt0_si1748 /nfs-share/xinchi/kaldi/egs/timit/s5_la5/mfcc/raw_mfcc_train.4.ark:2979867
mnet0_sx366 /nfs-share/xinchi/kaldi/egs/timit/s5_la5/mfcc/raw_mfcc_train.3.ark:3461996
mjfr0_sx435 /nfs-share/xinchi/kaldi/egs/timit/s5_la5/mfcc/raw_mfcc_train.3.ark:994545
fpmy0_sx196 /nfs-share/xinchi/kaldi/egs/timit/s5_la5/mfcc/raw_mfcc_train.1.ark:3448501
fklh0_si1887 /nfs-share/xinchi/kaldi/egs/timit/s5_la5/mfcc/raw_mfcc_train.1.ark:2267777
flja0_sx88 /nfs-share/xinchi/kaldi/egs/timit/s5_la5/mfcc/raw_mfcc_train.1.ark:2516715
ftbr0_sx111 /nfs-share/xinchi/kaldi/egs/timit/s5_la5/mfcc/raw_mfcc_train.2.ark:452957
mjmm0_sx85 /nfs-share/xinchi/kaldi/egs/timit/s5_la5/mfcc/raw_mfcc_train.3.ark:1351120
mkah0_si898 /nfs-share/xinchi/kaldi/egs/timit/s5_la5/mfcc/raw_mfcc_train.3.ark:1891593
mmsm0_si1736 /nfs-share/xinchi/kaldi/egs/timit/s5_la5/mfcc/raw_mfcc_train.3.ark:3247361
mwgr0_sx256 /nfs-share/xinchi/kaldi/egs/timit/s5_la5/mfcc/raw_mfcc_train.4.ark:3630785
fpls0_sx150 /nfs-share/xinchi/kaldi/egs/timit/s5_la5/mfcc/raw_mfcc_train.1.ark:3409660
mcef0_si1135 /nfs-share/xinchi/kaldi/egs/timit/s5_la5/mfcc/raw_mfcc_train.2.ark:1605765
msem1_sx90 /nfs-share/xinchi/kaldi/egs/timit/s5_la5/mfcc/raw_mfcc_train.4.ark:1960684
mjbg0_si1232 /nfs-share/xinchi/kaldi/egs/timit/s5_la5/mfcc/raw_mfcc_train.3.ark:642826
mwac0_sx431 /nfs-share/xinchi/kaldi/egs/timit/s5_la5/mfcc/raw_mfcc_train.4.ark:3455252
fhxs0_sx445 /nfs-share/xinchi/kaldi/egs/timit/s5_la5/mfcc/raw_mfcc_train.1.ark:1574255
mdef0_si2193 /nfs-share/xinchi/kaldi/egs/timit/s5_la5/mfcc/raw_mfcc_train.2.ark:2228561
mtjs0_si1822 /nfs-share/xinchi/kaldi/egs/timit/s5_la5/mfcc/raw_mfcc_train.4.ark:2709062
mjjm0_si1457 /nfs-share/xinchi/kaldi/egs/timit/s5_la5/mfcc/raw_mfcc_train.3.ark:1112583
mrpc1_sx312 /nfs-share/xinchi/kaldi/egs/timit/s5_la5/mfcc/raw_mfcc_train.4.ark:1386736
mtab0_sx132 /nfs-share/xinchi/kaldi/egs/timit/s5_la5/mfcc/raw_mfcc_train.4.ark:2354485
mclk0_si1660 /nfs-share/xinchi/kaldi/egs/timit/s5_la5/mfcc/raw_mfcc_train.2.ark:1709898
ftmg0_si2162 /nfs-share/xinchi/kaldi/egs/timit/s5_la5/mfcc/raw_mfcc_train.2.ark:538731
fpls0_si1590 /nfs-share/xinchi/kaldi/egs/timit/s5_la5/mfcc/raw_mfcc_train.1.ark:3396456
mefg0_sx375 /nfs-share/xinchi/kaldi/egs/timit/s5_la5/mfcc/raw_mfcc_train.2.ark:3208010
frll0_sx434 /nfs-share/xinchi/kaldi/egs/timit/s5_la5/mfcc/raw_mfcc_train.1.ark:3547720
mmea0_sx218 /nfs-share/xinchi/kaldi/egs/timit/s5_la5/mfcc/raw_mfcc_train.3.ark:2982228
mmws0_sx438 /nfs-share/xinchi/kaldi/egs/timit/s5_la5/mfcc/raw_mfcc_train.3.ark:3379075
mjws0_sx243 /nfs-share/xinchi/kaldi/egs/timit/s5_la5/mfcc/raw_mfcc_train.3.ark:1730617
fbas0_sx37 /nfs-share/xinchi/kaldi/egs/timit/s5_la5/mfcc/raw_mfcc_train.1.ark:199029
mctm0_si1980 /nfs-share/xinchi/kaldi/egs/timit/s5_la5/mfcc/raw_mfcc_train.2.ark:1904220
msdh0_sx440 /nfs-share/xinchi/kaldi/egs/timit/s5_la5/mfcc/raw_mfcc_train.4.ark:1875439
fdaw0_sx146 /nfs-share/xinchi/kaldi/egs/timit/s5_la5/mfcc/raw_mfcc_train.1.ark:833823
mlel0_sx436 /nfs-share/xinchi/kaldi/egs/timit/s5_la5/mfcc/raw_mfcc_train.3.ark:2423663
fbmj0_sx66 /nfs-share/xinchi/kaldi/egs/timit/s5_la5/mfcc/raw_mfcc_train.1.ark:406948
mtpf0_si605 /nfs-share/xinchi/kaldi/egs/timit/s5_la5/mfcc/raw_mfcc_train.4.ark:3015824
mgsl0_sx264 /nfs-share/xinchi/kaldi/egs/timit/s5_la5/mfcc/raw_mfcc_train.3.ark:247011
fsjw0_si1963 /nfs-share/xinchi/kaldi/egs/timit/s5_la5/mfcc/raw_mfcc_train.2.ark:55992
mpgr1_sx149 /nfs-share/xinchi/kaldi/egs/timit/s5_la5/mfcc/raw_mfcc_train.3.ark:3668794
mcre0_si1121 /nfs-share/xinchi/kaldi/egs/timit/s5_la5/mfcc/raw_mfcc_train.2.ark:1801615
mkls0_si2067 /nfs-share/xinchi/kaldi/egs/timit/s5_la5/mfcc/raw_mfcc_train.3.ark:2211665
mjjb0_si1277 /nfs-share/xinchi/kaldi/egs/timit/s5_la5/mfcc/raw_mfcc_train.3.ark:1041657
mejl0_si1654 /nfs-share/xinchi/kaldi/egs/timit/s5_la5/mfcc/raw_mfcc_train.2.ark:3252385
mtdb0_si1401 /nfs-share/xinchi/kaldi/egs/timit/s5_la5/mfcc/raw_mfcc_train.4.ark:2536194
mmws1_si2331 /nfs-share/xinchi/kaldi/egs/timit/s5_la5/mfcc/raw_mfcc_train.3.ark:3395446
mbar0_sx419 /nfs-share/xinchi/kaldi/egs/timit/s5_la5/mfcc/raw_mfcc_train.2.ark:1063218
megj0_sx167 /nfs-share/xinchi/kaldi/egs/timit/s5_la5/mfcc/raw_mfcc_train.2.ark:3228060
fksr0_sx366 /nfs-share/xinchi/kaldi/egs/timit/s5_la5/mfcc/raw_mfcc_train.1.ark:2312413
mjpm0_si1368 /nfs-share/xinchi/kaldi/egs/timit/s5_la5/mfcc/raw_mfcc_train.3.ark:1381878
mmgg0_si1079 /nfs-share/xinchi/kaldi/egs/timit/s5_la5/mfcc/raw_mfcc_train.3.ark:3055416
mzmb0_sx356 /nfs-share/xinchi/kaldi/egs/timit/s5_la5/mfcc/raw_mfcc_train.4.ark:3798047
mrds0_sx267 /nfs-share/xinchi/kaldi/egs/timit/s5_la5/mfcc/raw_mfcc_train.4.ark:522876
falr0_si695 /nfs-share/xinchi/kaldi/egs/timit/s5_la5/mfcc/raw_mfcc_train.1.ark:109381
mree0_sx294 /nfs-share/xinchi/kaldi/egs/timit/s5_la5/mfcc/raw_mfcc_train.4.ark:563442
fjlr0_sx331 /nfs-share/xinchi/kaldi/egs/timit/s5_la5/mfcc/raw_mfcc_train.1.ark:1768632
fhxs0_sx265 /nfs-share/xinchi/kaldi/egs/timit/s5_la5/mfcc/raw_mfcc_train.1.ark:1566597
mlsh0_sx157 /nfs-share/xinchi/kaldi/egs/timit/s5_la5/mfcc/raw_mfcc_train.3.ark:2549268
mfrm0_sx345 /nfs-share/xinchi/kaldi/egs/timit/s5_la5/mfcc/raw_mfcc_train.2.ark:3478959
mabc0_sx421 /nfs-share/xinchi/kaldi/egs/timit/s5_la5/mfcc/raw_mfcc_train.2.ark:680994
makr0_si722 /nfs-share/xinchi/kaldi/egs/timit/s5_la5/mfcc/raw_mfcc_train.2.ark:925305
mmgg0_sx359 /nfs-share/xinchi/kaldi/egs/timit/s5_la5/mfcc/raw_mfcc_train.3.ark:3074381
fcrz0_sx73 /nfs-share/xinchi/kaldi/egs/timit/s5_la5/mfcc/raw_mfcc_train.1.ark:746513
fjlg0_sx89 /nfs-share/xinchi/kaldi/egs/timit/s5_la5/mfcc/raw_mfcc_train.1.ark:1744889
mmds0_si1343 /nfs-share/xinchi/kaldi/egs/timit/s5_la5/mfcc/raw_mfcc_train.3.ark:2941972
mkln0_si968 /nfs-share/xinchi/kaldi/egs/timit/s5_la5/mfcc/raw_mfcc_train.3.ark:2149838
mtrc0_si993 /nfs-share/xinchi/kaldi/egs/timit/s5_la5/mfcc/raw_mfcc_train.4.ark:3186278
mcae0_sx187 /nfs-share/xinchi/kaldi/egs/timit/s5_la5/mfcc/raw_mfcc_train.2.ark:1456784
mter0_sx437 /nfs-share/xinchi/kaldi/egs/timit/s5_la5/mfcc/raw_mfcc_train.4.ark:2632577
mkdd0_sx217 /nfs-share/xinchi/kaldi/egs/timit/s5_la5/mfcc/raw_mfcc_train.3.ark:2031247
mmxs0_si876 /nfs-share/xinchi/kaldi/egs/timit/s5_la5/mfcc/raw_mfcc_train.3.ark:3421839
fkdw0_sx217 /nfs-share/xinchi/kaldi/egs/timit/s5_la5/mfcc/raw_mfcc_train.1.ark:2108535
fblv0_sx68 /nfs-share/xinchi/kaldi/egs/timit/s5_la5/mfcc/raw_mfcc_train.1.ark:338884
maeo0_sx336 /nfs-share/xinchi/kaldi/egs/timit/s5_la5/mfcc/raw_mfcc_train.2.ark:804014
mklw0_si2201 /nfs-share/xinchi/kaldi/egs/timit/s5_la5/mfcc/raw_mfcc_train.3.ark:2277144
mtjm0_si1856 /nfs-share/xinchi/kaldi/egs/timit/s5_la5/mfcc/raw_mfcc_train.4.ark:2678962
mmgc0_sx45 /nfs-share/xinchi/kaldi/egs/timit/s5_la5/mfcc/raw_mfcc_train.3.ark:3051898
fcke0_sx31 /nfs-share/xinchi/kaldi/egs/timit/s5_la5/mfcc/raw_mfcc_train.1.ark:617330
mdlc0_sx315 /nfs-share/xinchi/kaldi/egs/timit/s5_la5/mfcc/raw_mfcc_train.2.ark:2475032
mwgr0_si976 /nfs-share/xinchi/kaldi/egs/timit/s5_la5/mfcc/raw_mfcc_train.4.ark:3620865
fjhk0_si1022 /nfs-share/xinchi/kaldi/egs/timit/s5_la5/mfcc/raw_mfcc_train.1.ark:1653568
fcaj0_sx39 /nfs-share/xinchi/kaldi/egs/timit/s5_la5/mfcc/raw_mfcc_train.1.ark:461448
mejl0_si962 /nfs-share/xinchi/kaldi/egs/timit/s5_la5/mfcc/raw_mfcc_train.2.ark:3255018
fcdr1_si1816 /nfs-share/xinchi/kaldi/egs/timit/s5_la5/mfcc/raw_mfcc_train.1.ark:475758
msfv0_si632 /nfs-share/xinchi/kaldi/egs/timit/s5_la5/mfcc/raw_mfcc_train.4.ark:2041253
mprb0_sx125 /nfs-share/xinchi/kaldi/egs/timit/s5_la5/mfcc/raw_mfcc_train.4.ark:32679
fdaw0_sx56 /nfs-share/xinchi/kaldi/egs/timit/s5_la5/mfcc/raw_mfcc_train.1.ark:848072
mmlm0_sx267 /nfs-share/xinchi/kaldi/egs/timit/s5_la5/mfcc/raw_mfcc_train.3.ark:3159916
mjpm1_sx311 /nfs-share/xinchi/kaldi/egs/timit/s5_la5/mfcc/raw_mfcc_train.3.ark:1432749
mkdd0_sx127 /nfs-share/xinchi/kaldi/egs/timit/s5_la5/mfcc/raw_mfcc_train.3.ark:2028718
fcrz0_sx163 /nfs-share/xinchi/kaldi/egs/timit/s5_la5/mfcc/raw_mfcc_train.1.ark:731874
fklc1_si1678 /nfs-share/xinchi/kaldi/egs/timit/s5_la5/mfcc/raw_mfcc_train.1.ark:2234153
msms0_sx83 /nfs-share/xinchi/kaldi/egs/timit/s5_la5/mfcc/raw_mfcc_train.4.ark:2197813
fnkl0_sx196 /nfs-share/xinchi/kaldi/egs/timit/s5_la5/mfcc/raw_mfcc_train.1.ark:3144908
mdcm0_si850 /nfs-share/xinchi/kaldi/egs/timit/s5_la5/mfcc/raw_mfcc_train.2.ark:2131786
mjsr0_si2054 /nfs-share/xinchi/kaldi/egs/timit/s5_la5/mfcc/raw_mfcc_train.3.ark:1641329
flag0_si834 /nfs-share/xinchi/kaldi/egs/timit/s5_la5/mfcc/raw_mfcc_train.1.ark:2364753
fklc1_sx58 /nfs-share/xinchi/kaldi/egs/timit/s5_la5/mfcc/raw_mfcc_train.1.ark:2255658
mprt0_si580 /nfs-share/xinchi/kaldi/egs/timit/s5_la5/mfcc/raw_mfcc_train.4.ark:137193
mmea0_si2018 /nfs-share/xinchi/kaldi/egs/timit/s5_la5/mfcc/raw_mfcc_train.3.ark:2972756
mdcd0_si785 /nfs-share/xinchi/kaldi/egs/timit/s5_la5/mfcc/raw_mfcc_train.2.ark:2097175
mcxm0_si1981 /nfs-share/xinchi/kaldi/egs/timit/s5_la5/mfcc/raw_mfcc_train.2.ark:1934151
mrvg0_sx240 /nfs-share/xinchi/kaldi/egs/timit/s5_la5/mfcc/raw_mfcc_train.4.ark:1598906
mrld0_sx424 /nfs-share/xinchi/kaldi/egs/timit/s5_la5/mfcc/raw_mfcc_train.4.ark:1079875
faem0_sx312 /nfs-share/xinchi/kaldi/egs/timit/s5_la5/mfcc/raw_mfcc_train.1.ark:20537
mrcg0_si1428 /nfs-share/xinchi/kaldi/egs/timit/s5_la5/mfcc/raw_mfcc_train.4.ark:377382
msat0_sx356 /nfs-share/xinchi/kaldi/egs/timit/s5_la5/mfcc/raw_mfcc_train.4.ark:1786404
mrcw0_sx21 /nfs-share/xinchi/kaldi/egs/timit/s5_la5/mfcc/raw_mfcc_train.4.ark:437430
mrgs0_sx276 /nfs-share/xinchi/kaldi/egs/timit/s5_la5/mfcc/raw_mfcc_train.4.ark:792797
mjpm1_sx131 /nfs-share/xinchi/kaldi/egs/timit/s5_la5/mfcc/raw_mfcc_train.3.ark:1425676
feac0_si1875 /nfs-share/xinchi/kaldi/egs/timit/s5_la5/mfcc/raw_mfcc_train.1.ark:1124031
mwsb0_sx96 /nfs-share/xinchi/kaldi/egs/timit/s5_la5/mfcc/raw_mfcc_train.4.ark:3735221
fbch0_sx56 /nfs-share/xinchi/kaldi/egs/timit/s5_la5/mfcc/raw_mfcc_train.1.ark:270792
mjrh1_sx424 /nfs-share/xinchi/kaldi/egs/timit/s5_la5/mfcc/raw_mfcc_train.3.ark:1570226
mrgm0_sx172 /nfs-share/xinchi/kaldi/egs/timit/s5_la5/mfcc/raw_mfcc_train.4.ark:750847
mwre0_si2317 /nfs-share/xinchi/kaldi/egs/timit/s5_la5/mfcc/raw_mfcc_train.4.ark:3653787
mjdg0_sx142 /nfs-share/xinchi/kaldi/egs/timit/s5_la5/mfcc/raw_mfcc_train.3.ark:789120
mdlm0_si1234 /nfs-share/xinchi/kaldi/egs/timit/s5_la5/mfcc/raw_mfcc_train.2.ark:2580446
ftbr0_sx201 /nfs-share/xinchi/kaldi/egs/timit/s5_la5/mfcc/raw_mfcc_train.2.ark:456318
fljg0_si2241 /nfs-share/xinchi/kaldi/egs/timit/s5_la5/mfcc/raw_mfcc_train.1.ark:2558206
mjkr0_sx211 /nfs-share/xinchi/kaldi/egs/timit/s5_la5/mfcc/raw_mfcc_train.3.ark:1157758
fbas0_sx217 /nfs-share/xinchi/kaldi/egs/timit/s5_la5/mfcc/raw_mfcc_train.1.ark:193725
feeh0_si1112 /nfs-share/xinchi/kaldi/egs/timit/s5_la5/mfcc/raw_mfcc_train.1.ark:1225893
fskc0_sx246 /nfs-share/xinchi/kaldi/egs/timit/s5_la5/mfcc/raw_mfcc_train.2.ark:97631
mjpm0_sx378 /nfs-share/xinchi/kaldi/egs/timit/s5_la5/mfcc/raw_mfcc_train.3.ark:1411775
mklr0_si1059 /nfs-share/xinchi/kaldi/egs/timit/s5_la5/mfcc/raw_mfcc_train.3.ark:2173319
fgcs0_sx136 /nfs-share/xinchi/kaldi/egs/timit/s5_la5/mfcc/raw_mfcc_train.1.ark:1375163
mcdc0_sx122 /nfs-share/xinchi/kaldi/egs/timit/s5_la5/mfcc/raw_mfcc_train.2.ark:1520466
fbcg1_si982 /nfs-share/xinchi/kaldi/egs/timit/s5_la5/mfcc/raw_mfcc_train.1.ark:211994
mkln0_sx158 /nfs-share/xinchi/kaldi/egs/timit/s5_la5/mfcc/raw_mfcc_train.3.ark:2154889
mtju0_sx130 /nfs-share/xinchi/kaldi/egs/timit/s5_la5/mfcc/raw_mfcc_train.4.ark:2755712
mclk0_si650 /nfs-share/xinchi/kaldi/egs/timit/s5_la5/mfcc/raw_mfcc_train.2.ark:1717661
mkdb0_sx62 /nfs-share/xinchi/kaldi/egs/timit/s5_la5/mfcc/raw_mfcc_train.3.ark:2008057
mmgg0_sx449 /nfs-share/xinchi/kaldi/egs/timit/s5_la5/mfcc/raw_mfcc_train.3.ark:3078899
mjlb0_sx176 /nfs-share/xinchi/kaldi/egs/timit/s5_la5/mfcc/raw_mfcc_train.3.ark:1184107
mtpr0_sx250 /nfs-share/xinchi/kaldi/egs/timit/s5_la5/mfcc/raw_mfcc_train.4.ark:3117227
fhxs0_si2335 /nfs-share/xinchi/kaldi/egs/timit/s5_la5/mfcc/raw_mfcc_train.1.ark:1556820
mter0_si1157 /nfs-share/xinchi/kaldi/egs/timit/s5_la5/mfcc/raw_mfcc_train.4.ark:2608108
fexm0_sx111 /nfs-share/xinchi/kaldi/egs/timit/s5_la5/mfcc/raw_mfcc_train.1.ark:1341058
mdpb0_si1760 /nfs-share/xinchi/kaldi/egs/timit/s5_la5/mfcc/raw_mfcc_train.2.ark:2777999
mwdk0_si806 /nfs-share/xinchi/kaldi/egs/timit/s5_la5/mfcc/raw_mfcc_train.4.ark:3556244
mkxl0_sx105 /nfs-share/xinchi/kaldi/egs/timit/s5_la5/mfcc/raw_mfcc_train.3.ark:2347244
mrtc0_sx378 /nfs-share/xinchi/kaldi/egs/timit/s5_la5/mfcc/raw_mfcc_train.4.ark:1540806
maeb0_si2250 /nfs-share/xinchi/kaldi/egs/timit/s5_la5/mfcc/raw_mfcc_train.2.ark:759494
mdss1_si697 /nfs-share/xinchi/kaldi/egs/timit/s5_la5/mfcc/raw_mfcc_train.2.ark:2973291
flhd0_sx444 /nfs-share/xinchi/kaldi/egs/timit/s5_la5/mfcc/raw_mfcc_train.1.ark:2478054
mrhl0_si885 /nfs-share/xinchi/kaldi/egs/timit/s5_la5/mfcc/raw_mfcc_train.4.ark:817902
mmar0_sx76 /nfs-share/xinchi/kaldi/egs/timit/s5_la5/mfcc/raw_mfcc_train.3.ark:2739758
mtqc0_sx451 /nfs-share/xinchi/kaldi/egs/timit/s5_la5/mfcc/raw_mfcc_train.4.ark:3166451
msah1_si2309 /nfs-share/xinchi/kaldi/egs/timit/s5_la5/mfcc/raw_mfcc_train.4.ark:1712286
mdlb0_si676 /nfs-share/xinchi/kaldi/egs/timit/s5_la5/mfcc/raw_mfcc_train.2.ark:2425138
mabc0_si2041 /nfs-share/xinchi/kaldi/egs/timit/s5_la5/mfcc/raw_mfcc_train.2.ark:662161
fskp0_sx378 /nfs-share/xinchi/kaldi/egs/timit/s5_la5/mfcc/raw_mfcc_train.2.ark:172489
mljh0_sx154 /nfs-share/xinchi/kaldi/egs/timit/s5_la5/mfcc/raw_mfcc_train.3.ark:2483712
fcyl0_si1297 /nfs-share/xinchi/kaldi/egs/timit/s5_la5/mfcc/raw_mfcc_train.1.ark:750083
msmr0_sx235 /nfs-share/xinchi/kaldi/egs/timit/s5_la5/mfcc/raw_mfcc_train.4.ark:2154810
fkdw0_sx37 /nfs-share/xinchi/kaldi/egs/timit/s5_la5/mfcc/raw_mfcc_train.1.ark:2113618
fjen0_sx147 /nfs-share/xinchi/kaldi/egs/timit/s5_la5/mfcc/raw_mfcc_train.1.ark:1629054
mmws1_si1071 /nfs-share/xinchi/kaldi/egs/timit/s5_la5/mfcc/raw_mfcc_train.3.ark:3387305
mprt0_sx130 /nfs-share/xinchi/kaldi/egs/timit/s5_la5/mfcc/raw_mfcc_train.4.ark:140944
fsak0_sx400 /nfs-share/xinchi/kaldi/egs/timit/s5_la5/mfcc/raw_mfcc_train.1.ark:3655706
frjb0_si1427 /nfs-share/xinchi/kaldi/egs/timit/s5_la5/mfcc/raw_mfcc_train.1.ark:3492981
fbas0_sx307 /nfs-share/xinchi/kaldi/egs/timit/s5_la5/mfcc/raw_mfcc_train.1.ark:196878
mrlj1_sx231 /nfs-share/xinchi/kaldi/egs/timit/s5_la5/mfcc/raw_mfcc_train.4.ark:1131131
fvkb0_sx259 /nfs-share/xinchi/kaldi/egs/timit/s5_la5/mfcc/raw_mfcc_train.2.ark:610796
fpad0_sx86 /nfs-share/xinchi/kaldi/egs/timit/s5_la5/mfcc/raw_mfcc_train.1.ark:3294343
mjai0_sx164 /nfs-share/xinchi/kaldi/egs/timit/s5_la5/mfcc/raw_mfcc_train.3.ark:626554
mrab1_si1478 /nfs-share/xinchi/kaldi/egs/timit/s5_la5/mfcc/raw_mfcc_train.4.ark:217013
mjai0_sx74 /nfs-share/xinchi/kaldi/egs/timit/s5_la5/mfcc/raw_mfcc_train.3.ark:639698
fcjs0_sx347 /nfs-share/xinchi/kaldi/egs/timit/s5_la5/mfcc/raw_mfcc_train.1.ark:578631
mjpm0_si738 /nfs-share/xinchi/kaldi/egs/timit/s5_la5/mfcc/raw_mfcc_train.3.ark:1392683
mdef0_sx213 /nfs-share/xinchi/kaldi/egs/timit/s5_la5/mfcc/raw_mfcc_train.2.ark:2235387
mcre0_sx41 /nfs-share/xinchi/kaldi/egs/timit/s5_la5/mfcc/raw_mfcc_train.2.ark:1828769
flhd0_sx264 /nfs-share/xinchi/kaldi/egs/timit/s5_la5/mfcc/raw_mfcc_train.1.ark:2471072
mjhi0_si698 /nfs-share/xinchi/kaldi/egs/timit/s5_la5/mfcc/raw_mfcc_train.3.ark:1013410
mprd0_sx261 /nfs-share/xinchi/kaldi/egs/timit/s5_la5/mfcc/raw_mfcc_train.4.ark:74928
fcjf0_si1657 /nfs-share/xinchi/kaldi/egs/timit/s5_la5/mfcc/raw_mfcc_train.1.ark:541314
mstf0_si852 /nfs-share/xinchi/kaldi/egs/timit/s5_la5/mfcc/raw_mfcc_train.4.ark:2271086
mjjm0_si827 /nfs-share/xinchi/kaldi/egs/timit/s5_la5/mfcc/raw_mfcc_train.3.ark:1117439
fscn0_sx176 /nfs-share/xinchi/kaldi/egs/timit/s5_la5/mfcc/raw_mfcc_train.1.ark:3710185
mwad0_sx432 /nfs-share/xinchi/kaldi/egs/timit/s5_la5/mfcc/raw_mfcc_train.4.ark:3482610
mkjo0_sx257 /nfs-share/xinchi/kaldi/egs/timit/s5_la5/mfcc/raw_mfcc_train.3.ark:2127812
mdpb0_si866 /nfs-share/xinchi/kaldi/egs/timit/s5_la5/mfcc/raw_mfcc_train.2.ark:2788271
mcdd0_sx253 /nfs-share/xinchi/kaldi/egs/timit/s5_la5/mfcc/raw_mfcc_train.2.ark:1554876
mbth0_sx122 /nfs-share/xinchi/kaldi/egs/timit/s5_la5/mfcc/raw_mfcc_train.2.ark:1381803
fapb0_si1063 /nfs-share/xinchi/kaldi/egs/timit/s5_la5/mfcc/raw_mfcc_train.1.ark:131783
mbcg0_sx327 /nfs-share/xinchi/kaldi/egs/timit/s5_la5/mfcc/raw_mfcc_train.2.ark:1117535
mhmg0_si1995 /nfs-share/xinchi/kaldi/egs/timit/s5_la5/mfcc/raw_mfcc_train.3.ark:390897
mded0_si1170 /nfs-share/xinchi/kaldi/egs/timit/s5_la5/mfcc/raw_mfcc_train.2.ark:2183638
mjrk0_si2103 /nfs-share/xinchi/kaldi/egs/timit/s5_la5/mfcc/raw_mfcc_train.3.ark:1579595
mreh1_sx159 /nfs-share/xinchi/kaldi/egs/timit/s5_la5/mfcc/raw_mfcc_train.4.ark:586190
mdlr1_sx39 /nfs-share/xinchi/kaldi/egs/timit/s5_la5/mfcc/raw_mfcc_train.2.ark:2670250
fapb0_sx73 /nfs-share/xinchi/kaldi/egs/timit/s5_la5/mfcc/raw_mfcc_train.1.ark:167544
mgar0_sx222 /nfs-share/xinchi/kaldi/egs/timit/s5_la5/mfcc/raw_mfcc_train.3.ark:15266
mrjh0_sx259 /nfs-share/xinchi/kaldi/egs/timit/s5_la5/mfcc/raw_mfcc_train.4.ark:900190
mdlh0_sx340 /nfs-share/xinchi/kaldi/egs/timit/s5_la5/mfcc/raw_mfcc_train.2.ark:2569206
mkag0_si2239 /nfs-share/xinchi/kaldi/egs/timit/s5_la5/mfcc/raw_mfcc_train.3.ark:1855000
mjmd0_si1028 /nfs-share/xinchi/kaldi/egs/timit/s5_la5/mfcc/raw_mfcc_train.3.ark:1296010
fskc0_sx66 /nfs-share/xinchi/kaldi/egs/timit/s5_la5/mfcc/raw_mfcc_train.2.ark:110040
mbwp0_si1969 /nfs-share/xinchi/kaldi/egs/timit/s5_la5/mfcc/raw_mfcc_train.2.ark:1405168
mdef0_sx393 /nfs-share/xinchi/kaldi/egs/timit/s5_la5/mfcc/raw_mfcc_train.2.ark:2245287
mdlr1_si1929 /nfs-share/xinchi/kaldi/egs/timit/s5_la5/mfcc/raw_mfcc_train.2.ark:2647531
fsag0_sx423 /nfs-share/xinchi/kaldi/egs/timit/s5_la5/mfcc/raw_mfcc_train.1.ark:3582370
mctm0_sx450 /nfs-share/xinchi/kaldi/egs/timit/s5_la5/mfcc/raw_mfcc_train.2.ark:1923495
mjxl0_sx452 /nfs-share/xinchi/kaldi/egs/timit/s5_la5/mfcc/raw_mfcc_train.3.ark:1840574
mrfk0_sx266 /nfs-share/xinchi/kaldi/egs/timit/s5_la5/mfcc/raw_mfcc_train.4.ark:685714
mbbr0_si1685 /nfs-share/xinchi/kaldi/egs/timit/s5_la5/mfcc/raw_mfcc_train.2.ark:1075655
fsms1_si1504 /nfs-share/xinchi/kaldi/egs/timit/s5_la5/mfcc/raw_mfcc_train.2.ark:278320
fsma0_sx361 /nfs-share/xinchi/kaldi/egs/timit/s5_la5/mfcc/raw_mfcc_train.2.ark:229882
mrgm0_sx262 /nfs-share/xinchi/kaldi/egs/timit/s5_la5/mfcc/raw_mfcc_train.4.ark:756262
mrai0_si2052 /nfs-share/xinchi/kaldi/egs/timit/s5_la5/mfcc/raw_mfcc_train.4.ark:252178
mfrm0_si1785 /nfs-share/xinchi/kaldi/egs/timit/s5_la5/mfcc/raw_mfcc_train.2.ark:3468018
fjkl0_si2192 /nfs-share/xinchi/kaldi/egs/timit/s5_la5/mfcc/raw_mfcc_train.1.ark:1687525
mrgm0_si1162 /nfs-share/xinchi/kaldi/egs/timit/s5_la5/mfcc/raw_mfcc_train.4.ark:735225
mmlm0_sx177 /nfs-share/xinchi/kaldi/egs/timit/s5_la5/mfcc/raw_mfcc_train.3.ark:3157231
mrds0_sx87 /nfs-share/xinchi/kaldi/egs/timit/s5_la5/mfcc/raw_mfcc_train.4.ark:534349
mhmr0_sx129 /nfs-share/xinchi/kaldi/egs/timit/s5_la5/mfcc/raw_mfcc_train.3.ark:430696
fsjs0_sx451 /nfs-share/xinchi/kaldi/egs/timit/s5_la5/mfcc/raw_mfcc_train.2.ark:39798
mjrp0_si585 /nfs-share/xinchi/kaldi/egs/timit/s5_la5/mfcc/raw_mfcc_train.3.ark:1614629
mdks0_sx166 /nfs-share/xinchi/kaldi/egs/timit/s5_la5/mfcc/raw_mfcc_train.2.ark:2389702
mwar0_sx325 /nfs-share/xinchi/kaldi/egs/timit/s5_la5/mfcc/raw_mfcc_train.4.ark:3509545
fskc0_sx426 /nfs-share/xinchi/kaldi/egs/timit/s5_la5/mfcc/raw_mfcc_train.2.ark:105978
mpgh0_sx204 /nfs-share/xinchi/kaldi/egs/timit/s5_la5/mfcc/raw_mfcc_train.3.ark:3616010
mmar0_sx436 /nfs-share/xinchi/kaldi/egs/timit/s5_la5/mfcc/raw_mfcc_train.3.ark:2736268
mdma0_sx350 /nfs-share/xinchi/kaldi/egs/timit/s5_la5/mfcc/raw_mfcc_train.2.ark:2700748
mwgr0_si2236 /nfs-share/xinchi/kaldi/egs/timit/s5_la5/mfcc/raw_mfcc_train.4.ark:3617374
mkls1_si915 /nfs-share/xinchi/kaldi/egs/timit/s5_la5/mfcc/raw_mfcc_train.3.ark:2244573
mjrh0_si1125 /nfs-share/xinchi/kaldi/egs/timit/s5_la5/mfcc/raw_mfcc_train.3.ark:1512925
mdlr1_sx399 /nfs-share/xinchi/kaldi/egs/timit/s5_la5/mfcc/raw_mfcc_train.2.ark:2674235
fmah1_sx339 /nfs-share/xinchi/kaldi/egs/timit/s5_la5/mfcc/raw_mfcc_train.1.ark:2805115
mwch0_sx362 /nfs-share/xinchi/kaldi/egs/timit/s5_la5/mfcc/raw_mfcc_train.4.ark:3535707
fjsp0_si1763 /nfs-share/xinchi/kaldi/egs/timit/s5_la5/mfcc/raw_mfcc_train.1.ark:1893984
fdfb0_sx418 /nfs-share/xinchi/kaldi/egs/timit/s5_la5/mfcc/raw_mfcc_train.1.ark:871979
ftbr0_sx381 /nfs-share/xinchi/kaldi/egs/timit/s5_la5/mfcc/raw_mfcc_train.2.ark:466569
mrfk0_sx446 /nfs-share/xinchi/kaldi/egs/timit/s5_la5/mfcc/raw_mfcc_train.4.ark:692449
mdpk0_sx153 /nfs-share/xinchi/kaldi/egs/timit/s5_la5/mfcc/raw_mfcc_train.2.ark:2821797
fsbk0_sx169 /nfs-share/xinchi/kaldi/egs/timit/s5_la5/mfcc/raw_mfcc_train.1.ark:3669712
fbas0_sx397 /nfs-share/xinchi/kaldi/egs/timit/s5_la5/mfcc/raw_mfcc_train.1.ark:202676
mcew0_si2072 /nfs-share/xinchi/kaldi/egs/timit/s5_la5/mfcc/raw_mfcc_train.2.ark:1640618
mcre0_sx401 /nfs-share/xinchi/kaldi/egs/timit/s5_la5/mfcc/raw_mfcc_train.2.ark:1824720
fbch0_sx416 /nfs-share/xinchi/kaldi/egs/timit/s5_la5/mfcc/raw_mfcc_train.1.ark:265716
mrfl0_sx436 /nfs-share/xinchi/kaldi/egs/timit/s5_la5/mfcc/raw_mfcc_train.4.ark:727879
fbch0_sx236 /nfs-share/xinchi/kaldi/egs/timit/s5_la5/mfcc/raw_mfcc_train.1.ark:258084
mafm0_si939 /nfs-share/xinchi/kaldi/egs/timit/s5_la5/mfcc/raw_mfcc_train.2.ark:820469
mkjo0_si2147 /nfs-share/xinchi/kaldi/egs/timit/s5_la5/mfcc/raw_mfcc_train.3.ark:2117196
fgmb0_sx65 /nfs-share/xinchi/kaldi/egs/timit/s5_la5/mfcc/raw_mfcc_train.1.ark:1466304
feme0_sx245 /nfs-share/xinchi/kaldi/egs/timit/s5_la5/mfcc/raw_mfcc_train.1.ark:1277511
mrhl0_sx255 /nfs-share/xinchi/kaldi/egs/timit/s5_la5/mfcc/raw_mfcc_train.4.ark:826431
frjb0_sx167 /nfs-share/xinchi/kaldi/egs/timit/s5_la5/mfcc/raw_mfcc_train.1.ark:3501090
fsdc0_sx52 /nfs-share/xinchi/kaldi/egs/timit/s5_la5/mfcc/raw_mfcc_train.1.ark:3759813
msms0_sx173 /nfs-share/xinchi/kaldi/egs/timit/s5_la5/mfcc/raw_mfcc_train.4.ark:2182472
mtrr0_sx288 /nfs-share/xinchi/kaldi/egs/timit/s5_la5/mfcc/raw_mfcc_train.4.ark:3229028
mchl0_sx447 /nfs-share/xinchi/kaldi/egs/timit/s5_la5/mfcc/raw_mfcc_train.2.ark:1703449
mrfl0_sx346 /nfs-share/xinchi/kaldi/egs/timit/s5_la5/mfcc/raw_mfcc_train.4.ark:722854
mdjm0_si1455 /nfs-share/xinchi/kaldi/egs/timit/s5_la5/mfcc/raw_mfcc_train.2.ark:2349062
fjhk0_si2282 /nfs-share/xinchi/kaldi/egs/timit/s5_la5/mfcc/raw_mfcc_train.1.ark:1659317
mdrd0_sx302 /nfs-share/xinchi/kaldi/egs/timit/s5_la5/mfcc/raw_mfcc_train.2.ark:2895024
mmwb0_si1619 /nfs-share/xinchi/kaldi/egs/timit/s5_la5/mfcc/raw_mfcc_train.3.ark:3314327
mvjh0_si2186 /nfs-share/xinchi/kaldi/egs/timit/s5_la5/mfcc/raw_mfcc_train.4.ark:3340737
majp0_sx84 /nfs-share/xinchi/kaldi/egs/timit/s5_la5/mfcc/raw_mfcc_train.2.ark:875161
mtkp0_sx393 /nfs-share/xinchi/kaldi/egs/timit/s5_la5/mfcc/raw_mfcc_train.4.ark:2840886
mjlb0_si986 /nfs-share/xinchi/kaldi/egs/timit/s5_la5/mfcc/raw_mfcc_train.3.ark:1180824
fjrp1_sx442 /nfs-share/xinchi/kaldi/egs/timit/s5_la5/mfcc/raw_mfcc_train.1.ark:1845713
mmws0_sx348 /nfs-share/xinchi/kaldi/egs/timit/s5_la5/mfcc/raw_mfcc_train.3.ark:3374960
mtkp0_sx33 /nfs-share/xinchi/kaldi/egs/timit/s5_la5/mfcc/raw_mfcc_train.4.ark:2837473
mjjm0_sx377 /nfs-share/xinchi/kaldi/egs/timit/s5_la5/mfcc/raw_mfcc_train.3.ark:1134880
fmpg0_sx252 /nfs-share/xinchi/kaldi/egs/timit/s5_la5/mfcc/raw_mfcc_train.1.ark:3107853
mrem0_sx61 /nfs-share/xinchi/kaldi/egs/timit/s5_la5/mfcc/raw_mfcc_train.4.ark:635751
mntw0_sx168 /nfs-share/xinchi/kaldi/egs/timit/s5_la5/mfcc/raw_mfcc_train.3.ark:3489117
fjrp1_si1432 /nfs-share/xinchi/kaldi/egs/timit/s5_la5/mfcc/raw_mfcc_train.1.ark:1813417
fdaw0_sx326 /nfs-share/xinchi/kaldi/egs/timit/s5_la5/mfcc/raw_mfcc_train.1.ark:840727
maeb0_sx360 /nfs-share/xinchi/kaldi/egs/timit/s5_la5/mfcc/raw_mfcc_train.2.ark:774433
fskl0_sx269 /nfs-share/xinchi/kaldi/egs/timit/s5_la5/mfcc/raw_mfcc_train.2.ark:130552
fskl0_sx179 /nfs-share/xinchi/kaldi/egs/timit/s5_la5/mfcc/raw_mfcc_train.2.ark:126268
mkls1_sx105 /nfs-share/xinchi/kaldi/egs/timit/s5_la5/mfcc/raw_mfcc_train.3.ark:2250469
fcyl0_sx397 /nfs-share/xinchi/kaldi/egs/timit/s5_la5/mfcc/raw_mfcc_train.1.ark:779681
mhxl0_sx152 /nfs-share/xinchi/kaldi/egs/timit/s5_la5/mfcc/raw_mfcc_train.3.ark:492234
fmjf0_sx264 /nfs-share/xinchi/kaldi/egs/timit/s5_la5/mfcc/raw_mfcc_train.1.ark:2935152
mwad0_si2322 /nfs-share/xinchi/kaldi/egs/timit/s5_la5/mfcc/raw_mfcc_train.4.ark:3470206
mrmg0_sx180 /nfs-share/xinchi/kaldi/egs/timit/s5_la5/mfcc/raw_mfcc_train.4.ark:1250134
mddc0_sx159 /nfs-share/xinchi/kaldi/egs/timit/s5_la5/mfcc/raw_mfcc_train.2.ark:2166404
falr0_sx425 /nfs-share/xinchi/kaldi/egs/timit/s5_la5/mfcc/raw_mfcc_train.1.ark:125958
fcjf0_si1027 /nfs-share/xinchi/kaldi/egs/timit/s5_la5/mfcc/raw_mfcc_train.1.ark:537185
fjwb1_sx75 /nfs-share/xinchi/kaldi/egs/timit/s5_la5/mfcc/raw_mfcc_train.1.ark:1947641
mgrp0_sx237 /nfs-share/xinchi/kaldi/egs/timit/s5_la5/mfcc/raw_mfcc_train.3.ark:176128
fceg0_si618 /nfs-share/xinchi/kaldi/egs/timit/s5_la5/mfcc/raw_mfcc_train.1.ark:516395
mrcw0_si1371 /nfs-share/xinchi/kaldi/egs/timit/s5_la5/mfcc/raw_mfcc_train.4.ark:416777
mmar0_sx346 /nfs-share/xinchi/kaldi/egs/timit/s5_la5/mfcc/raw_mfcc_train.3.ark:2730255
mhrm0_si1475 /nfs-share/xinchi/kaldi/egs/timit/s5_la5/mfcc/raw_mfcc_train.3.ark:450452
mdlb0_sx136 /nfs-share/xinchi/kaldi/egs/timit/s5_la5/mfcc/raw_mfcc_train.2.ark:2427823
mhit0_sx263 /nfs-share/xinchi/kaldi/egs/timit/s5_la5/mfcc/raw_mfcc_train.3.ark:346629
mhbs0_sx225 /nfs-share/xinchi/kaldi/egs/timit/s5_la5/mfcc/raw_mfcc_train.3.ark:316438
mdma0_sx260 /nfs-share/xinchi/kaldi/egs/timit/s5_la5/mfcc/raw_mfcc_train.2.ark:2695983
mkam0_sx236 /nfs-share/xinchi/kaldi/egs/timit/s5_la5/mfcc/raw_mfcc_train.3.ark:1964366
mdcm0_sx400 /nfs-share/xinchi/kaldi/egs/timit/s5_la5/mfcc/raw_mfcc_train.2.ark:2150683
fklc0_si2245 /nfs-share/xinchi/kaldi/egs/timit/s5_la5/mfcc/raw_mfcc_train.1.ark:2196656
mhmg0_sx195 /nfs-share/xinchi/kaldi/egs/timit/s5_la5/mfcc/raw_mfcc_train.3.ark:407213
fmbg0_sx350 /nfs-share/xinchi/kaldi/egs/timit/s5_la5/mfcc/raw_mfcc_train.1.ark:2835617
fljd0_sx76 /nfs-share/xinchi/kaldi/egs/timit/s5_la5/mfcc/raw_mfcc_train.1.ark:2549584
mtbc0_sx183 /nfs-share/xinchi/kaldi/egs/timit/s5_la5/mfcc/raw_mfcc_train.4.ark:2484440
mmab1_sx324 /nfs-share/xinchi/kaldi/egs/timit/s5_la5/mfcc/raw_mfcc_train.3.ark:2624666
mesg0_si1962 /nfs-share/xinchi/kaldi/egs/timit/s5_la5/mfcc/raw_mfcc_train.2.ark:3313118
msds0_sx177 /nfs-share/xinchi/kaldi/egs/timit/s5_la5/mfcc/raw_mfcc_train.4.ark:1900397
mrbc0_sx419 /nfs-share/xinchi/kaldi/egs/timit/s5_la5/mfcc/raw_mfcc_train.4.ark:370400
mrms0_si2100 /nfs-share/xinchi/kaldi/egs/timit/s5_la5/mfcc/raw_mfcc_train.4.ark:1351804
mclk0_sx130 /nfs-share/xinchi/kaldi/egs/timit/s5_la5/mfcc/raw_mfcc_train.2.ark:1725208
mwar0_sx415 /nfs-share/xinchi/kaldi/egs/timit/s5_la5/mfcc/raw_mfcc_train.4.ark:3512581
mjsr0_sx74 /nfs-share/xinchi/kaldi/egs/timit/s5_la5/mfcc/raw_mfcc_train.3.ark:1672024
mrkm0_si1391 /nfs-share/xinchi/kaldi/egs/timit/s5_la5/mfcc/raw_mfcc_train.4.ark:1023456
fsdj0_si1115 /nfs-share/xinchi/kaldi/egs/timit/s5_la5/mfcc/raw_mfcc_train.1.ark:3763773
fjlr0_sx61 /nfs-share/xinchi/kaldi/egs/timit/s5_la5/mfcc/raw_mfcc_train.1.ark:1776640
mkln0_sx338 /nfs-share/xinchi/kaldi/egs/timit/s5_la5/mfcc/raw_mfcc_train.3.ark:2160818
fgdp0_sx448 /nfs-share/xinchi/kaldi/egs/timit/s5_la5/mfcc/raw_mfcc_train.1.ark:1421989
flmk0_sx225 /nfs-share/xinchi/kaldi/egs/timit/s5_la5/mfcc/raw_mfcc_train.1.ark:2707461
mrds0_sx357 /nfs-share/xinchi/kaldi/egs/timit/s5_la5/mfcc/raw_mfcc_train.4.ark:526991
mrmh0_sx121 /nfs-share/xinchi/kaldi/egs/timit/s5_la5/mfcc/raw_mfcc_train.4.ark:1283914
mbwp0_sx439 /nfs-share/xinchi/kaldi/egs/timit/s5_la5/mfcc/raw_mfcc_train.2.ark:1427654
fmjb0_si547 /nfs-share/xinchi/kaldi/egs/timit/s5_la5/mfcc/raw_mfcc_train.1.ark:2895862
mjlb0_sx446 /nfs-share/xinchi/kaldi/egs/timit/s5_la5/mfcc/raw_mfcc_train.3.ark:1195724
mmgk0_si1952 /nfs-share/xinchi/kaldi/egs/timit/s5_la5/mfcc/raw_mfcc_train.3.ark:3092259
fpls0_sx3 /nfs-share/xinchi/kaldi/egs/timit/s5_la5/mfcc/raw_mfcc_train.1.ark:3416393
msdb0_sx377 /nfs-share/xinchi/kaldi/egs/timit/s5_la5/mfcc/raw_mfcc_train.4.ark:1847529
mdlm0_sx154 /nfs-share/xinchi/kaldi/egs/timit/s5_la5/mfcc/raw_mfcc_train.2.ark:2593741
fmpg0_sx72 /nfs-share/xinchi/kaldi/egs/timit/s5_la5/mfcc/raw_mfcc_train.1.ark:3124253
fkdw0_si1891 /nfs-share/xinchi/kaldi/egs/timit/s5_la5/mfcc/raw_mfcc_train.1.ark:2095540
mesj0_sx367 /nfs-share/xinchi/kaldi/egs/timit/s5_la5/mfcc/raw_mfcc_train.2.ark:3360731
fmem0_si2007 /nfs-share/xinchi/kaldi/egs/timit/s5_la5/mfcc/raw_mfcc_train.1.ark:2853482
