mges0_sx311 /nfs-share/xinchi/kaldi/egs/timit/s5_la5/mfcc/raw_mfcc_train.3.ark:77345
fjwb1_sx345 /nfs-share/xinchi/kaldi/egs/timit/s5_la5/mfcc/raw_mfcc_train.1.ark:1939425
mdks0_si1066 /nfs-share/xinchi/kaldi/egs/timit/s5_la5/mfcc/raw_mfcc_train.2.ark:2380293
mfxv0_sx105 /nfs-share/xinchi/kaldi/egs/timit/s5_la5/mfcc/raw_mfcc_train.2.ark:3566946
fcmm0_sx183 /nfs-share/xinchi/kaldi/egs/timit/s5_la5/mfcc/raw_mfcc_train.1.ark:701033
mdef0_si1123 /nfs-share/xinchi/kaldi/egs/timit/s5_la5/mfcc/raw_mfcc_train.2.ark:2218366
mrre0_si704 /nfs-share/xinchi/kaldi/egs/timit/s5_la5/mfcc/raw_mfcc_train.4.ark:1404808
fhxs0_sx445 /nfs-share/xinchi/kaldi/egs/timit/s5_la5/mfcc/raw_mfcc_train.1.ark:1574255
ftmg0_si1532 /nfs-share/xinchi/kaldi/egs/timit/s5_la5/mfcc/raw_mfcc_train.2.ark:536435
mwad0_sx162 /nfs-share/xinchi/kaldi/egs/timit/s5_la5/mfcc/raw_mfcc_train.4.ark:3473346
mjxl0_sx452 /nfs-share/xinchi/kaldi/egs/timit/s5_la5/mfcc/raw_mfcc_train.3.ark:1840574
mdsj0_sx292 /nfs-share/xinchi/kaldi/egs/timit/s5_la5/mfcc/raw_mfcc_train.2.ark:2926696
fdtd0_sx321 /nfs-share/xinchi/kaldi/egs/timit/s5_la5/mfcc/raw_mfcc_train.1.ark:1083053
mdwm0_si916 /nfs-share/xinchi/kaldi/egs/timit/s5_la5/mfcc/raw_mfcc_train.2.ark:3099230
mdns0_sx201 /nfs-share/xinchi/kaldi/egs/timit/s5_la5/mfcc/raw_mfcc_train.2.ark:2764958
mjkr0_sx31 /nfs-share/xinchi/kaldi/egs/timit/s5_la5/mfcc/raw_mfcc_train.3.ark:1166065
mrtc0_si828 /nfs-share/xinchi/kaldi/egs/timit/s5_la5/mfcc/raw_mfcc_train.4.ark:1520791
mmwb0_sx449 /nfs-share/xinchi/kaldi/egs/timit/s5_la5/mfcc/raw_mfcc_train.3.ark:3346116
mmea0_sx128 /nfs-share/xinchi/kaldi/egs/timit/s5_la5/mfcc/raw_mfcc_train.3.ark:2979270
mwrp0_sx3 /nfs-share/xinchi/kaldi/egs/timit/s5_la5/mfcc/raw_mfcc_train.4.ark:3699832
mdwm0_sx106 /nfs-share/xinchi/kaldi/egs/timit/s5_la5/mfcc/raw_mfcc_train.2.ark:3105035
mrcw0_si1371 /nfs-share/xinchi/kaldi/egs/timit/s5_la5/mfcc/raw_mfcc_train.4.ark:416777
fdmy0_sx117 /nfs-share/xinchi/kaldi/egs/timit/s5_la5/mfcc/raw_mfcc_train.1.ark:997832
mrmg0_sx450 /nfs-share/xinchi/kaldi/egs/timit/s5_la5/mfcc/raw_mfcc_train.4.ark:1261699
mcew0_sx362 /nfs-share/xinchi/kaldi/egs/timit/s5_la5/mfcc/raw_mfcc_train.2.ark:1661199
mgjc0_si1256 /nfs-share/xinchi/kaldi/egs/timit/s5_la5/mfcc/raw_mfcc_train.3.ark:90626
fdnc0_sx288 /nfs-share/xinchi/kaldi/egs/timit/s5_la5/mfcc/raw_mfcc_train.1.ark:1047609
mmgk0_sx332 /nfs-share/xinchi/kaldi/egs/timit/s5_la5/mfcc/raw_mfcc_train.3.ark:3102505
mlns0_sx237 /nfs-share/xinchi/kaldi/egs/timit/s5_la5/mfcc/raw_mfcc_train.3.ark:2521333
mdlc0_sx135 /nfs-share/xinchi/kaldi/egs/timit/s5_la5/mfcc/raw_mfcc_train.2.ark:2467543
mesj0_sx97 /nfs-share/xinchi/kaldi/egs/timit/s5_la5/mfcc/raw_mfcc_train.2.ark:3366982
mram0_si1951 /nfs-share/xinchi/kaldi/egs/timit/s5_la5/mfcc/raw_mfcc_train.4.ark:292972
mkes0_si623 /nfs-share/xinchi/kaldi/egs/timit/s5_la5/mfcc/raw_mfcc_train.3.ark:2087142
mdpb0_sx236 /nfs-share/xinchi/kaldi/egs/timit/s5_la5/mfcc/raw_mfcc_train.2.ark:2797866
freh0_sx55 /nfs-share/xinchi/kaldi/egs/timit/s5_la5/mfcc/raw_mfcc_train.1.ark:3489229
mvlo0_sx247 /nfs-share/xinchi/kaldi/egs/timit/s5_la5/mfcc/raw_mfcc_train.4.ark:3381492
mjwg0_sx445 /nfs-share/xinchi/kaldi/egs/timit/s5_la5/mfcc/raw_mfcc_train.3.ark:1707837
msdh0_sx80 /nfs-share/xinchi/kaldi/egs/timit/s5_la5/mfcc/raw_mfcc_train.4.ark:1880372
fdfb0_si1318 /nfs-share/xinchi/kaldi/egs/timit/s5_la5/mfcc/raw_mfcc_train.1.ark:852123
mejs0_si610 /nfs-share/xinchi/kaldi/egs/timit/s5_la5/mfcc/raw_mfcc_train.2.ark:3286392
fecd0_sx68 /nfs-share/xinchi/kaldi/egs/timit/s5_la5/mfcc/raw_mfcc_train.1.ark:1221946
mjfr0_sx435 /nfs-share/xinchi/kaldi/egs/timit/s5_la5/mfcc/raw_mfcc_train.3.ark:994545
mkdb0_si2132 /nfs-share/xinchi/kaldi/egs/timit/s5_la5/mfcc/raw_mfcc_train.3.ark:1979162
fsjs0_sx181 /nfs-share/xinchi/kaldi/egs/timit/s5_la5/mfcc/raw_mfcc_train.2.ark:27115
mtpf0_si605 /nfs-share/xinchi/kaldi/egs/timit/s5_la5/mfcc/raw_mfcc_train.4.ark:3015824
fsrh0_si671 /nfs-share/xinchi/kaldi/egs/timit/s5_la5/mfcc/raw_mfcc_train.2.ark:351548
mtpr0_sx250 /nfs-share/xinchi/kaldi/egs/timit/s5_la5/mfcc/raw_mfcc_train.4.ark:3117227
mpar0_si946 /nfs-share/xinchi/kaldi/egs/timit/s5_la5/mfcc/raw_mfcc_train.3.ark:3515076
mtbc0_si543 /nfs-share/xinchi/kaldi/egs/timit/s5_la5/mfcc/raw_mfcc_train.4.ark:2478193
mdjm0_sx285 /nfs-share/xinchi/kaldi/egs/timit/s5_la5/mfcc/raw_mfcc_train.2.ark:2372998
mmws0_si888 /nfs-share/xinchi/kaldi/egs/timit/s5_la5/mfcc/raw_mfcc_train.3.ark:3363395
mmds0_si1973 /nfs-share/xinchi/kaldi/egs/timit/s5_la5/mfcc/raw_mfcc_train.3.ark:2946998
mcss0_sx390 /nfs-share/xinchi/kaldi/egs/timit/s5_la5/mfcc/raw_mfcc_train.2.ark:1863067
mrre0_sx434 /nfs-share/xinchi/kaldi/egs/timit/s5_la5/mfcc/raw_mfcc_train.4.ark:1427931
mdwh0_sx35 /nfs-share/xinchi/kaldi/egs/timit/s5_la5/mfcc/raw_mfcc_train.2.ark:3083015
fclt0_sx268 /nfs-share/xinchi/kaldi/egs/timit/s5_la5/mfcc/raw_mfcc_train.1.ark:637992
makr0_si722 /nfs-share/xinchi/kaldi/egs/timit/s5_la5/mfcc/raw_mfcc_train.2.ark:925305
mkdb0_sx242 /nfs-share/xinchi/kaldi/egs/timit/s5_la5/mfcc/raw_mfcc_train.3.ark:1994569
flkm0_sx440 /nfs-share/xinchi/kaldi/egs/timit/s5_la5/mfcc/raw_mfcc_train.1.ark:2619891
mrab0_sx234 /nfs-share/xinchi/kaldi/egs/timit/s5_la5/mfcc/raw_mfcc_train.4.ark:199721
mdns0_si1011 /nfs-share/xinchi/kaldi/egs/timit/s5_la5/mfcc/raw_mfcc_train.2.ark:2745832
mchl0_sx87 /nfs-share/xinchi/kaldi/egs/timit/s5_la5/mfcc/raw_mfcc_train.2.ark:1706692
mmeb0_si1987 /nfs-share/xinchi/kaldi/egs/timit/s5_la5/mfcc/raw_mfcc_train.3.ark:3001127
fljg0_si981 /nfs-share/xinchi/kaldi/egs/timit/s5_la5/mfcc/raw_mfcc_train.1.ark:2561177
mjda0_sx131 /nfs-share/xinchi/kaldi/egs/timit/s5_la5/mfcc/raw_mfcc_train.3.ark:685105
mjws0_si1773 /nfs-share/xinchi/kaldi/egs/timit/s5_la5/mfcc/raw_mfcc_train.3.ark:1718116
mpeb0_sx60 /nfs-share/xinchi/kaldi/egs/timit/s5_la5/mfcc/raw_mfcc_train.3.ark:3560888
mjlg1_sx202 /nfs-share/xinchi/kaldi/egs/timit/s5_la5/mfcc/raw_mfcc_train.3.ark:1218609
mwar0_sx235 /nfs-share/xinchi/kaldi/egs/timit/s5_la5/mfcc/raw_mfcc_train.4.ark:3505885
mjai0_si1604 /nfs-share/xinchi/kaldi/egs/timit/s5_la5/mfcc/raw_mfcc_train.3.ark:611050
mrmb0_sx141 /nfs-share/xinchi/kaldi/egs/timit/s5_la5/mfcc/raw_mfcc_train.4.ark:1219071
mdef0_sx213 /nfs-share/xinchi/kaldi/egs/timit/s5_la5/mfcc/raw_mfcc_train.2.ark:2235387
mtlb0_sx234 /nfs-share/xinchi/kaldi/egs/timit/s5_la5/mfcc/raw_mfcc_train.4.ark:2859422
mrso0_sx39 /nfs-share/xinchi/kaldi/egs/timit/s5_la5/mfcc/raw_mfcc_train.4.ark:1467183
mpar0_sx316 /nfs-share/xinchi/kaldi/egs/timit/s5_la5/mfcc/raw_mfcc_train.3.ark:3526199
mhxl0_si512 /nfs-share/xinchi/kaldi/egs/timit/s5_la5/mfcc/raw_mfcc_train.3.ark:485057
mcre0_sx24 /nfs-share/xinchi/kaldi/egs/timit/s5_la5/mfcc/raw_mfcc_train.2.ark:1821645
mjxl0_sx362 /nfs-share/xinchi/kaldi/egs/timit/s5_la5/mfcc/raw_mfcc_train.3.ark:1835523
mkdd0_sx307 /nfs-share/xinchi/kaldi/egs/timit/s5_la5/mfcc/raw_mfcc_train.3.ark:2033776
msat1_si2333 /nfs-share/xinchi/kaldi/egs/timit/s5_la5/mfcc/raw_mfcc_train.4.ark:1803900
mewm0_sx268 /nfs-share/xinchi/kaldi/egs/timit/s5_la5/mfcc/raw_mfcc_train.2.ark:3383724
mfxv0_sx285 /nfs-share/xinchi/kaldi/egs/timit/s5_la5/mfcc/raw_mfcc_train.2.ark:3575858
fbmj0_sx66 /nfs-share/xinchi/kaldi/egs/timit/s5_la5/mfcc/raw_mfcc_train.1.ark:406948
fclt0_si808 /nfs-share/xinchi/kaldi/egs/timit/s5_la5/mfcc/raw_mfcc_train.1.ark:627747
msvs0_si938 /nfs-share/xinchi/kaldi/egs/timit/s5_la5/mfcc/raw_mfcc_train.4.ark:2309194
mrav0_si1008 /nfs-share/xinchi/kaldi/egs/timit/s5_la5/mfcc/raw_mfcc_train.4.ark:317064
mejl0_sx62 /nfs-share/xinchi/kaldi/egs/timit/s5_la5/mfcc/raw_mfcc_train.2.ark:3273967
mges0_sx131 /nfs-share/xinchi/kaldi/egs/timit/s5_la5/mfcc/raw_mfcc_train.3.ark:71689
mdcm0_si1480 /nfs-share/xinchi/kaldi/egs/timit/s5_la5/mfcc/raw_mfcc_train.2.ark:2121956
mvlo0_si1147 /nfs-share/xinchi/kaldi/egs/timit/s5_la5/mfcc/raw_mfcc_train.4.ark:3365512
mppc0_si782 /nfs-share/xinchi/kaldi/egs/timit/s5_la5/mfcc/raw_mfcc_train.3.ark:3752218
fjrp1_si1432 /nfs-share/xinchi/kaldi/egs/timit/s5_la5/mfcc/raw_mfcc_train.1.ark:1813417
mjhi0_sx338 /nfs-share/xinchi/kaldi/egs/timit/s5_la5/mfcc/raw_mfcc_train.3.ark:1023974
mrlj1_sx411 /nfs-share/xinchi/kaldi/egs/timit/s5_la5/mfcc/raw_mfcc_train.4.ark:1137242
mwgr0_si1606 /nfs-share/xinchi/kaldi/egs/timit/s5_la5/mfcc/raw_mfcc_train.4.ark:3614077
mdps0_si719 /nfs-share/xinchi/kaldi/egs/timit/s5_la5/mfcc/raw_mfcc_train.2.ark:2848211
fkde0_sx331 /nfs-share/xinchi/kaldi/egs/timit/s5_la5/mfcc/raw_mfcc_train.1.ark:2075946
mmdm1_sx423 /nfs-share/xinchi/kaldi/egs/timit/s5_la5/mfcc/raw_mfcc_train.3.ark:2933274
msjk0_sx246 /nfs-share/xinchi/kaldi/egs/timit/s5_la5/mfcc/raw_mfcc_train.4.ark:2086863
mjjj0_sx83 /nfs-share/xinchi/kaldi/egs/timit/s5_la5/mfcc/raw_mfcc_train.3.ark:1102674
msrr0_sx30 /nfs-share/xinchi/kaldi/egs/timit/s5_la5/mfcc/raw_mfcc_train.4.ark:2253371
fsjg0_sx40 /nfs-share/xinchi/kaldi/egs/timit/s5_la5/mfcc/raw_mfcc_train.1.ark:3857113
mjai0_si710 /nfs-share/xinchi/kaldi/egs/timit/s5_la5/mfcc/raw_mfcc_train.3.ark:620580
mdsj0_sx382 /nfs-share/xinchi/kaldi/egs/timit/s5_la5/mfcc/raw_mfcc_train.2.ark:2931344
mlns0_sx327 /nfs-share/xinchi/kaldi/egs/timit/s5_la5/mfcc/raw_mfcc_train.3.ark:2523524
mmws0_sx78 /nfs-share/xinchi/kaldi/egs/timit/s5_la5/mfcc/raw_mfcc_train.3.ark:3384333
mwsb0_si2256 /nfs-share/xinchi/kaldi/egs/timit/s5_la5/mfcc/raw_mfcc_train.4.ark:3713654
mdpk0_sx153 /nfs-share/xinchi/kaldi/egs/timit/s5_la5/mfcc/raw_mfcc_train.2.ark:2821797
fpac0_si1921 /nfs-share/xinchi/kaldi/egs/timit/s5_la5/mfcc/raw_mfcc_train.1.ark:3227300
fdfb0_si2010 /nfs-share/xinchi/kaldi/egs/timit/s5_la5/mfcc/raw_mfcc_train.1.ark:859614
mdbb1_si1006 /nfs-share/xinchi/kaldi/egs/timit/s5_la5/mfcc/raw_mfcc_train.2.ark:2025584
mlel0_sx436 /nfs-share/xinchi/kaldi/egs/timit/s5_la5/mfcc/raw_mfcc_train.3.ark:2423663
mewm0_sx448 /nfs-share/xinchi/kaldi/egs/timit/s5_la5/mfcc/raw_mfcc_train.2.ark:3390810
mrlk0_si2140 /nfs-share/xinchi/kaldi/egs/timit/s5_la5/mfcc/raw_mfcc_train.4.ark:1150251
mrtc0_sx18 /nfs-share/xinchi/kaldi/egs/timit/s5_la5/mfcc/raw_mfcc_train.4.ark:1528617
mrab0_si1854 /nfs-share/xinchi/kaldi/egs/timit/s5_la5/mfcc/raw_mfcc_train.4.ark:187831
mtat0_sx120 /nfs-share/xinchi/kaldi/egs/timit/s5_la5/mfcc/raw_mfcc_train.4.ark:2418637
mdks0_sx76 /nfs-share/xinchi/kaldi/egs/timit/s5_la5/mfcc/raw_mfcc_train.2.ark:2408150
fdxw0_si2141 /nfs-share/xinchi/kaldi/egs/timit/s5_la5/mfcc/raw_mfcc_train.1.ark:1095413
mcae0_si2077 /nfs-share/xinchi/kaldi/egs/timit/s5_la5/mfcc/raw_mfcc_train.2.ark:1444108
mdhs0_sx450 /nfs-share/xinchi/kaldi/egs/timit/s5_la5/mfcc/raw_mfcc_train.2.ark:2342236
fsls0_sx156 /nfs-share/xinchi/kaldi/egs/timit/s5_la5/mfcc/raw_mfcc_train.2.ark:190096
fvkb0_si1789 /nfs-share/xinchi/kaldi/egs/timit/s5_la5/mfcc/raw_mfcc_train.2.ark:599868
mjrk0_sx430 /nfs-share/xinchi/kaldi/egs/timit/s5_la5/mfcc/raw_mfcc_train.3.ark:1600508
mbma0_si1222 /nfs-share/xinchi/kaldi/egs/timit/s5_la5/mfcc/raw_mfcc_train.2.ark:1221246
fklh0_sx177 /nfs-share/xinchi/kaldi/egs/timit/s5_la5/mfcc/raw_mfcc_train.1.ark:2273446
feme0_sx245 /nfs-share/xinchi/kaldi/egs/timit/s5_la5/mfcc/raw_mfcc_train.1.ark:1277511
mtcs0_sx82 /nfs-share/xinchi/kaldi/egs/timit/s5_la5/mfcc/raw_mfcc_train.4.ark:2532559
fjen0_si2307 /nfs-share/xinchi/kaldi/egs/timit/s5_la5/mfcc/raw_mfcc_train.1.ark:1624367
msmr0_sx325 /nfs-share/xinchi/kaldi/egs/timit/s5_la5/mfcc/raw_mfcc_train.4.ark:2158769
fbmj0_sx246 /nfs-share/xinchi/kaldi/egs/timit/s5_la5/mfcc/raw_mfcc_train.1.ark:392940
mpfu0_si1888 /nfs-share/xinchi/kaldi/egs/timit/s5_la5/mfcc/raw_mfcc_train.3.ark:3571720
mtmt0_sx308 /nfs-share/xinchi/kaldi/egs/timit/s5_la5/mfcc/raw_mfcc_train.4.ark:2996431
mfwk0_si1879 /nfs-share/xinchi/kaldi/egs/timit/s5_la5/mfcc/raw_mfcc_train.2.ark:3493678
mtbc0_sx347 /nfs-share/xinchi/kaldi/egs/timit/s5_la5/mfcc/raw_mfcc_train.4.ark:2491149
mjlb0_sx356 /nfs-share/xinchi/kaldi/egs/timit/s5_la5/mfcc/raw_mfcc_train.3.ark:1191973
fgmb0_si1775 /nfs-share/xinchi/kaldi/egs/timit/s5_la5/mfcc/raw_mfcc_train.1.ark:1438963
mdlc2_si2244 /nfs-share/xinchi/kaldi/egs/timit/s5_la5/mfcc/raw_mfcc_train.2.ark:2520528
fskl0_si899 /nfs-share/xinchi/kaldi/egs/timit/s5_la5/mfcc/raw_mfcc_train.2.ark:122686
mreh1_sx159 /nfs-share/xinchi/kaldi/egs/timit/s5_la5/mfcc/raw_mfcc_train.4.ark:586190
mtpg0_sx303 /nfs-share/xinchi/kaldi/egs/timit/s5_la5/mfcc/raw_mfcc_train.4.ark:3058061
fajw0_sx273 /nfs-share/xinchi/kaldi/egs/timit/s5_la5/mfcc/raw_mfcc_train.1.ark:53477
mgsl0_sx444 /nfs-share/xinchi/kaldi/egs/timit/s5_la5/mfcc/raw_mfcc_train.3.ark:254786
fmah1_sx339 /nfs-share/xinchi/kaldi/egs/timit/s5_la5/mfcc/raw_mfcc_train.1.ark:2805115
madd0_sx448 /nfs-share/xinchi/kaldi/egs/timit/s5_la5/mfcc/raw_mfcc_train.2.ark:746173
mdtb0_sx321 /nfs-share/xinchi/kaldi/egs/timit/s5_la5/mfcc/raw_mfcc_train.2.ark:3015717
fjsp0_si1434 /nfs-share/xinchi/kaldi/egs/timit/s5_la5/mfcc/raw_mfcc_train.1.ark:1888178
mrds0_sx87 /nfs-share/xinchi/kaldi/egs/timit/s5_la5/mfcc/raw_mfcc_train.4.ark:534349
fsls0_sx246 /nfs-share/xinchi/kaldi/egs/timit/s5_la5/mfcc/raw_mfcc_train.2.ark:197403
mklr0_si1689 /nfs-share/xinchi/kaldi/egs/timit/s5_la5/mfcc/raw_mfcc_train.3.ark:2178566
fsak0_sx310 /nfs-share/xinchi/kaldi/egs/timit/s5_la5/mfcc/raw_mfcc_train.1.ark:3647464
mmgc0_si1305 /nfs-share/xinchi/kaldi/egs/timit/s5_la5/mfcc/raw_mfcc_train.3.ark:3025510
fblv0_sx338 /nfs-share/xinchi/kaldi/egs/timit/s5_la5/mfcc/raw_mfcc_train.1.ark:329771
mrvg0_sx240 /nfs-share/xinchi/kaldi/egs/timit/s5_la5/mfcc/raw_mfcc_train.4.ark:1598906
mgag0_sx331 /nfs-share/xinchi/kaldi/egs/timit/s5_la5/mfcc/raw_mfcc_train.2.ark:3631995
mhmg0_si1995 /nfs-share/xinchi/kaldi/egs/timit/s5_la5/mfcc/raw_mfcc_train.3.ark:390897
mwdk0_sx176 /nfs-share/xinchi/kaldi/egs/timit/s5_la5/mfcc/raw_mfcc_train.4.ark:3560541
mmwb0_si989 /nfs-share/xinchi/kaldi/egs/timit/s5_la5/mfcc/raw_mfcc_train.3.ark:3326198
mrav0_sx378 /nfs-share/xinchi/kaldi/egs/timit/s5_la5/mfcc/raw_mfcc_train.4.ark:342334
mdlc1_si2144 /nfs-share/xinchi/kaldi/egs/timit/s5_la5/mfcc/raw_mfcc_train.2.ark:2498170
mpgh0_sx384 /nfs-share/xinchi/kaldi/egs/timit/s5_la5/mfcc/raw_mfcc_train.3.ark:3624298
mmar0_si706 /nfs-share/xinchi/kaldi/egs/timit/s5_la5/mfcc/raw_mfcc_train.3.ark:2715401
mrld0_sx64 /nfs-share/xinchi/kaldi/egs/timit/s5_la5/mfcc/raw_mfcc_train.4.ark:1083417
fskl0_sx449 /nfs-share/xinchi/kaldi/egs/timit/s5_la5/mfcc/raw_mfcc_train.2.ark:137820
mbma0_sx52 /nfs-share/xinchi/kaldi/egs/timit/s5_la5/mfcc/raw_mfcc_train.2.ark:1248231
mjxa0_sx67 /nfs-share/xinchi/kaldi/egs/timit/s5_la5/mfcc/raw_mfcc_train.3.ark:1811858
mgag0_si1321 /nfs-share/xinchi/kaldi/egs/timit/s5_la5/mfcc/raw_mfcc_train.2.ark:3612447
fjdm2_si2212 /nfs-share/xinchi/kaldi/egs/timit/s5_la5/mfcc/raw_mfcc_train.1.ark:1589287
mpmb0_sx61 /nfs-share/xinchi/kaldi/egs/timit/s5_la5/mfcc/raw_mfcc_train.3.ark:3736985
makb0_sx116 /nfs-share/xinchi/kaldi/egs/timit/s5_la5/mfcc/raw_mfcc_train.2.ark:898943
fpab1_sx31 /nfs-share/xinchi/kaldi/egs/timit/s5_la5/mfcc/raw_mfcc_train.1.ark:3221136
mrdd0_sx60 /nfs-share/xinchi/kaldi/egs/timit/s5_la5/mfcc/raw_mfcc_train.4.ark:472199
mses0_si2216 /nfs-share/xinchi/kaldi/egs/timit/s5_la5/mfcc/raw_mfcc_train.4.ark:1969605
mctm0_si1350 /nfs-share/xinchi/kaldi/egs/timit/s5_la5/mfcc/raw_mfcc_train.2.ark:1898661
mtpg0_si2013 /nfs-share/xinchi/kaldi/egs/timit/s5_la5/mfcc/raw_mfcc_train.4.ark:3043330
mtkd0_si1187 /nfs-share/xinchi/kaldi/egs/timit/s5_la5/mfcc/raw_mfcc_train.4.ark:2774636
flag0_sx294 /nfs-share/xinchi/kaldi/egs/timit/s5_la5/mfcc/raw_mfcc_train.1.ark:2383461
mgaf0_sx22 /nfs-share/xinchi/kaldi/egs/timit/s5_la5/mfcc/raw_mfcc_train.2.ark:3602285
mkln0_sx338 /nfs-share/xinchi/kaldi/egs/timit/s5_la5/mfcc/raw_mfcc_train.3.ark:2160818
fcmg0_si1872 /nfs-share/xinchi/kaldi/egs/timit/s5_la5/mfcc/raw_mfcc_train.1.ark:663906
mtml0_sx75 /nfs-share/xinchi/kaldi/egs/timit/s5_la5/mfcc/raw_mfcc_train.4.ark:2936985
fjlg0_si1889 /nfs-share/xinchi/kaldi/egs/timit/s5_la5/mfcc/raw_mfcc_train.1.ark:1718782
mtkd0_si630 /nfs-share/xinchi/kaldi/egs/timit/s5_la5/mfcc/raw_mfcc_train.4.ark:2783426
mewm0_sx178 /nfs-share/xinchi/kaldi/egs/timit/s5_la5/mfcc/raw_mfcc_train.2.ark:3378777
fmjf0_si624 /nfs-share/xinchi/kaldi/egs/timit/s5_la5/mfcc/raw_mfcc_train.1.ark:2923672
mmws1_si1071 /nfs-share/xinchi/kaldi/egs/timit/s5_la5/mfcc/raw_mfcc_train.3.ark:3387305
mdma0_sx80 /nfs-share/xinchi/kaldi/egs/timit/s5_la5/mfcc/raw_mfcc_train.2.ark:2712981
mcew0_sx272 /nfs-share/xinchi/kaldi/egs/timit/s5_la5/mfcc/raw_mfcc_train.2.ark:1656967
mjxa0_sx157 /nfs-share/xinchi/kaldi/egs/timit/s5_la5/mfcc/raw_mfcc_train.3.ark:1797570
mvjh0_sx386 /nfs-share/xinchi/kaldi/egs/timit/s5_la5/mfcc/raw_mfcc_train.4.ark:3362371
mrds0_sx447 /nfs-share/xinchi/kaldi/egs/timit/s5_la5/mfcc/raw_mfcc_train.4.ark:531314
msah1_si1049 /nfs-share/xinchi/kaldi/egs/timit/s5_la5/mfcc/raw_mfcc_train.4.ark:1707044
mdwd0_sx270 /nfs-share/xinchi/kaldi/egs/timit/s5_la5/mfcc/raw_mfcc_train.2.ark:3039733
mrjm0_si1228 /nfs-share/xinchi/kaldi/egs/timit/s5_la5/mfcc/raw_mfcc_train.4.ark:920233
fsjs0_sx91 /nfs-share/xinchi/kaldi/egs/timit/s5_la5/mfcc/raw_mfcc_train.2.ark:45199
fkaa0_sx218 /nfs-share/xinchi/kaldi/egs/timit/s5_la5/mfcc/raw_mfcc_train.1.ark:2033644
madc0_sx287 /nfs-share/xinchi/kaldi/egs/timit/s5_la5/mfcc/raw_mfcc_train.2.ark:714031
msjk0_sx66 /nfs-share/xinchi/kaldi/egs/timit/s5_la5/mfcc/raw_mfcc_train.4.ark:2100572
fhxs0_sx175 /nfs-share/xinchi/kaldi/egs/timit/s5_la5/mfcc/raw_mfcc_train.1.ark:1560363
mtpf0_si1865 /nfs-share/xinchi/kaldi/egs/timit/s5_la5/mfcc/raw_mfcc_train.4.ark:3012671
fmju0_si759 /nfs-share/xinchi/kaldi/egs/timit/s5_la5/mfcc/raw_mfcc_train.1.ark:2961377
fsmm0_sx54 /nfs-share/xinchi/kaldi/egs/timit/s5_la5/mfcc/raw_mfcc_train.2.ark:273671
mbar0_si1319 /nfs-share/xinchi/kaldi/egs/timit/s5_la5/mfcc/raw_mfcc_train.2.ark:1038033
mtas0_sx35 /nfs-share/xinchi/kaldi/egs/timit/s5_la5/mfcc/raw_mfcc_train.4.ark:2396682
mkdt0_sx443 /nfs-share/xinchi/kaldi/egs/timit/s5_la5/mfcc/raw_mfcc_train.3.ark:2070031
msvs0_si1568 /nfs-share/xinchi/kaldi/egs/timit/s5_la5/mfcc/raw_mfcc_train.4.ark:2298857
mcdd0_sx73 /nfs-share/xinchi/kaldi/egs/timit/s5_la5/mfcc/raw_mfcc_train.2.ark:1565816
mrjm0_sx58 /nfs-share/xinchi/kaldi/egs/timit/s5_la5/mfcc/raw_mfcc_train.4.ark:945664
mcpm0_sx384 /nfs-share/xinchi/kaldi/egs/timit/s5_la5/mfcc/raw_mfcc_train.2.ark:1798955
mjlb0_si1616 /nfs-share/xinchi/kaldi/egs/timit/s5_la5/mfcc/raw_mfcc_train.3.ark:1172255
mkls0_sx87 /nfs-share/xinchi/kaldi/egs/timit/s5_la5/mfcc/raw_mfcc_train.3.ark:2233604
mrlk0_sx213 /nfs-share/xinchi/kaldi/egs/timit/s5_la5/mfcc/raw_mfcc_train.4.ark:1164143
mjeb1_sx27 /nfs-share/xinchi/kaldi/egs/timit/s5_la5/mfcc/raw_mfcc_train.3.ark:899531
mrws0_sx112 /nfs-share/xinchi/kaldi/egs/timit/s5_la5/mfcc/raw_mfcc_train.4.ark:1657474
mdhs0_si900 /nfs-share/xinchi/kaldi/egs/timit/s5_la5/mfcc/raw_mfcc_train.2.ark:2326439
falr0_si1325 /nfs-share/xinchi/kaldi/egs/timit/s5_la5/mfcc/raw_mfcc_train.1.ark:101592
fbmh0_sx326 /nfs-share/xinchi/kaldi/egs/timit/s5_la5/mfcc/raw_mfcc_train.1.ark:363927
mkah0_sx358 /nfs-share/xinchi/kaldi/egs/timit/s5_la5/mfcc/raw_mfcc_train.3.ark:1905030
mrcg0_sx78 /nfs-share/xinchi/kaldi/egs/timit/s5_la5/mfcc/raw_mfcc_train.4.ark:412154
fkfb0_sx168 /nfs-share/xinchi/kaldi/egs/timit/s5_la5/mfcc/raw_mfcc_train.1.ark:2134949
mrds0_si1797 /nfs-share/xinchi/kaldi/egs/timit/s5_la5/mfcc/raw_mfcc_train.4.ark:510947
mdhl0_sx269 /nfs-share/xinchi/kaldi/egs/timit/s5_la5/mfcc/raw_mfcc_train.2.ark:2303724
mkls1_sx15 /nfs-share/xinchi/kaldi/egs/timit/s5_la5/mfcc/raw_mfcc_train.3.ark:2254011
fapb0_si1063 /nfs-share/xinchi/kaldi/egs/timit/s5_la5/mfcc/raw_mfcc_train.1.ark:131783
mwdk0_sx86 /nfs-share/xinchi/kaldi/egs/timit/s5_la5/mfcc/raw_mfcc_train.4.ark:3576649
fsbk0_si2329 /nfs-share/xinchi/kaldi/egs/timit/s5_la5/mfcc/raw_mfcc_train.1.ark:3666767
fbch0_sx326 /nfs-share/xinchi/kaldi/egs/timit/s5_la5/mfcc/raw_mfcc_train.1.ark:261393
mrjt0_sx58 /nfs-share/xinchi/kaldi/egs/timit/s5_la5/mfcc/raw_mfcc_train.4.ark:1012026
fjen0_si1047 /nfs-share/xinchi/kaldi/egs/timit/s5_la5/mfcc/raw_mfcc_train.1.ark:1616135
mdsj0_sx22 /nfs-share/xinchi/kaldi/egs/timit/s5_la5/mfcc/raw_mfcc_train.2.ark:2923608
mkah0_si2158 /nfs-share/xinchi/kaldi/egs/timit/s5_la5/mfcc/raw_mfcc_train.3.ark:1888102
fcjs0_sx437 /nfs-share/xinchi/kaldi/egs/timit/s5_la5/mfcc/raw_mfcc_train.1.ark:583916
meal0_sx347 /nfs-share/xinchi/kaldi/egs/timit/s5_la5/mfcc/raw_mfcc_train.2.ark:3142202
fjhk0_si1652 /nfs-share/xinchi/kaldi/egs/timit/s5_la5/mfcc/raw_mfcc_train.1.ark:1657138
frjb0_sx257 /nfs-share/xinchi/kaldi/egs/timit/s5_la5/mfcc/raw_mfcc_train.1.ark:3505907
fsjg0_si1570 /nfs-share/xinchi/kaldi/egs/timit/s5_la5/mfcc/raw_mfcc_train.1.ark:3824402
mdtb0_si1830 /nfs-share/xinchi/kaldi/egs/timit/s5_la5/mfcc/raw_mfcc_train.2.ark:2998561
mcdc0_sx32 /nfs-share/xinchi/kaldi/egs/timit/s5_la5/mfcc/raw_mfcc_train.2.ark:1532823
mlel0_sx256 /nfs-share/xinchi/kaldi/egs/timit/s5_la5/mfcc/raw_mfcc_train.3.ark:2414484
mwar0_sx145 /nfs-share/xinchi/kaldi/egs/timit/s5_la5/mfcc/raw_mfcc_train.4.ark:3502199
mtjs0_si562 /nfs-share/xinchi/kaldi/egs/timit/s5_la5/mfcc/raw_mfcc_train.4.ark:2716726
mkls1_sx105 /nfs-share/xinchi/kaldi/egs/timit/s5_la5/mfcc/raw_mfcc_train.3.ark:2250469
mvrw0_sx45 /nfs-share/xinchi/kaldi/egs/timit/s5_la5/mfcc/raw_mfcc_train.4.ark:3421635
mgrp0_si1947 /nfs-share/xinchi/kaldi/egs/timit/s5_la5/mfcc/raw_mfcc_train.3.ark:163562
fkdw0_si577 /nfs-share/xinchi/kaldi/egs/timit/s5_la5/mfcc/raw_mfcc_train.1.ark:2102164
fntb0_si573 /nfs-share/xinchi/kaldi/egs/timit/s5_la5/mfcc/raw_mfcc_train.1.ark:3162636
flhd0_sx354 /nfs-share/xinchi/kaldi/egs/timit/s5_la5/mfcc/raw_mfcc_train.1.ark:2474849
mtkd0_sx197 /nfs-share/xinchi/kaldi/egs/timit/s5_la5/mfcc/raw_mfcc_train.4.ark:2797109
mbbr0_sx155 /nfs-share/xinchi/kaldi/egs/timit/s5_la5/mfcc/raw_mfcc_train.2.ark:1081676
fsma0_si2251 /nfs-share/xinchi/kaldi/egs/timit/s5_la5/mfcc/raw_mfcc_train.2.ark:211121
mrem0_sx61 /nfs-share/xinchi/kaldi/egs/timit/s5_la5/mfcc/raw_mfcc_train.4.ark:635751
mmgc0_sx225 /nfs-share/xinchi/kaldi/egs/timit/s5_la5/mfcc/raw_mfcc_train.3.ark:3041907
flag0_sx24 /nfs-share/xinchi/kaldi/egs/timit/s5_la5/mfcc/raw_mfcc_train.1.ark:2379593
mejs0_sx250 /nfs-share/xinchi/kaldi/egs/timit/s5_la5/mfcc/raw_mfcc_train.2.ark:3295428
mrhl0_sx345 /nfs-share/xinchi/kaldi/egs/timit/s5_la5/mfcc/raw_mfcc_train.4.ark:829571
mtlc0_si847 /nfs-share/xinchi/kaldi/egs/timit/s5_la5/mfcc/raw_mfcc_train.4.ark:2888845
mgar0_sx222 /nfs-share/xinchi/kaldi/egs/timit/s5_la5/mfcc/raw_mfcc_train.3.ark:15266
fvfb0_sx42 /nfs-share/xinchi/kaldi/egs/timit/s5_la5/mfcc/raw_mfcc_train.2.ark:594119
fsls0_si1686 /nfs-share/xinchi/kaldi/egs/timit/s5_la5/mfcc/raw_mfcc_train.2.ark:180188
mhjb0_sx207 /nfs-share/xinchi/kaldi/egs/timit/s5_la5/mfcc/raw_mfcc_train.3.ark:376496
mklr0_sx339 /nfs-share/xinchi/kaldi/egs/timit/s5_la5/mfcc/raw_mfcc_train.3.ark:2191257
fpad0_si716 /nfs-share/xinchi/kaldi/egs/timit/s5_la5/mfcc/raw_mfcc_train.1.ark:3270220
mcae0_sx277 /nfs-share/xinchi/kaldi/egs/timit/s5_la5/mfcc/raw_mfcc_train.2.ark:1459859
fmpg0_sx432 /nfs-share/xinchi/kaldi/egs/timit/s5_la5/mfcc/raw_mfcc_train.1.ark:3117461
mses0_sx239 /nfs-share/xinchi/kaldi/egs/timit/s5_la5/mfcc/raw_mfcc_train.4.ark:1979702
mabc0_sx421 /nfs-share/xinchi/kaldi/egs/timit/s5_la5/mfcc/raw_mfcc_train.2.ark:680994
mgag0_si645 /nfs-share/xinchi/kaldi/egs/timit/s5_la5/mfcc/raw_mfcc_train.2.ark:3617420
mjdm0_sx260 /nfs-share/xinchi/kaldi/egs/timit/s5_la5/mfcc/raw_mfcc_train.3.ark:826039
mgaw0_si1802 /nfs-share/xinchi/kaldi/egs/timit/s5_la5/mfcc/raw_mfcc_train.3.ark:38325
mjde0_sx40 /nfs-share/xinchi/kaldi/egs/timit/s5_la5/mfcc/raw_mfcc_train.3.ark:767320
fgcs0_sx136 /nfs-share/xinchi/kaldi/egs/timit/s5_la5/mfcc/raw_mfcc_train.1.ark:1375163
marw0_si1276 /nfs-share/xinchi/kaldi/egs/timit/s5_la5/mfcc/raw_mfcc_train.2.ark:1004072
mjae0_sx264 /nfs-share/xinchi/kaldi/egs/timit/s5_la5/mfcc/raw_mfcc_train.3.ark:592367
fsgf0_sx297 /nfs-share/xinchi/kaldi/egs/timit/s5_la5/mfcc/raw_mfcc_train.1.ark:3817523
msms0_sx173 /nfs-share/xinchi/kaldi/egs/timit/s5_la5/mfcc/raw_mfcc_train.4.ark:2182472
mjpg0_si561 /nfs-share/xinchi/kaldi/egs/timit/s5_la5/mfcc/raw_mfcc_train.3.ark:1362856
mmrp0_si717 /nfs-share/xinchi/kaldi/egs/timit/s5_la5/mfcc/raw_mfcc_train.3.ark:3209019
fsdc0_si1312 /nfs-share/xinchi/kaldi/egs/timit/s5_la5/mfcc/raw_mfcc_train.1.ark:3733997
fcjf0_si1027 /nfs-share/xinchi/kaldi/egs/timit/s5_la5/mfcc/raw_mfcc_train.1.ark:537185
mmaa0_sx125 /nfs-share/xinchi/kaldi/egs/timit/s5_la5/mfcc/raw_mfcc_train.3.ark:2585764
makb0_sx386 /nfs-share/xinchi/kaldi/egs/timit/s5_la5/mfcc/raw_mfcc_train.2.ark:915077
mdcm0_si850 /nfs-share/xinchi/kaldi/egs/timit/s5_la5/mfcc/raw_mfcc_train.2.ark:2131786
mesg0_si702 /nfs-share/xinchi/kaldi/egs/timit/s5_la5/mfcc/raw_mfcc_train.2.ark:3315764
mljc0_sx235 /nfs-share/xinchi/kaldi/egs/timit/s5_la5/mfcc/raw_mfcc_train.3.ark:2449589
fkkh0_si1920 /nfs-share/xinchi/kaldi/egs/timit/s5_la5/mfcc/raw_mfcc_train.1.ark:2165360
mpgh0_sx114 /nfs-share/xinchi/kaldi/egs/timit/s5_la5/mfcc/raw_mfcc_train.3.ark:3612909
mrmb0_sx51 /nfs-share/xinchi/kaldi/egs/timit/s5_la5/mfcc/raw_mfcc_train.4.ark:1234269
mljh0_sx64 /nfs-share/xinchi/kaldi/egs/timit/s5_la5/mfcc/raw_mfcc_train.3.ark:2502576
marc0_si1188 /nfs-share/xinchi/kaldi/egs/timit/s5_la5/mfcc/raw_mfcc_train.2.ark:978002
fceg0_si618 /nfs-share/xinchi/kaldi/egs/timit/s5_la5/mfcc/raw_mfcc_train.1.ark:516395
mtxs0_sx250 /nfs-share/xinchi/kaldi/egs/timit/s5_la5/mfcc/raw_mfcc_train.4.ark:3316976
fmpg0_si2232 /nfs-share/xinchi/kaldi/egs/timit/s5_la5/mfcc/raw_mfcc_train.1.ark:3090438
msdh0_si2113 /nfs-share/xinchi/kaldi/egs/timit/s5_la5/mfcc/raw_mfcc_train.4.ark:1850605
mjfr0_si2235 /nfs-share/xinchi/kaldi/egs/timit/s5_la5/mfcc/raw_mfcc_train.3.ark:973073
mvjh0_si926 /nfs-share/xinchi/kaldi/egs/timit/s5_la5/mfcc/raw_mfcc_train.4.ark:3345450
fmjf0_sx174 /nfs-share/xinchi/kaldi/egs/timit/s5_la5/mfcc/raw_mfcc_train.1.ark:2929386
fjlr0_sx241 /nfs-share/xinchi/kaldi/egs/timit/s5_la5/mfcc/raw_mfcc_train.1.ark:1764881
faem0_sx42 /nfs-share/xinchi/kaldi/egs/timit/s5_la5/mfcc/raw_mfcc_train.1.ark:29767
mjai0_sx254 /nfs-share/xinchi/kaldi/egs/timit/s5_la5/mfcc/raw_mfcc_train.3.ark:630942
fsjg0_si940 /nfs-share/xinchi/kaldi/egs/timit/s5_la5/mfcc/raw_mfcc_train.1.ark:3833608
fksr0_sx366 /nfs-share/xinchi/kaldi/egs/timit/s5_la5/mfcc/raw_mfcc_train.1.ark:2312413
mclm0_sx196 /nfs-share/xinchi/kaldi/egs/timit/s5_la5/mfcc/raw_mfcc_train.2.ark:1761808
ftbw0_si1345 /nfs-share/xinchi/kaldi/egs/timit/s5_la5/mfcc/raw_mfcc_train.2.ark:469905
ftaj0_si474 /nfs-share/xinchi/kaldi/egs/timit/s5_la5/mfcc/raw_mfcc_train.2.ark:415524
mmlm0_si897 /nfs-share/xinchi/kaldi/egs/timit/s5_la5/mfcc/raw_mfcc_train.3.ark:3154143
mmam0_si1668 /nfs-share/xinchi/kaldi/egs/timit/s5_la5/mfcc/raw_mfcc_train.3.ark:2680977
mrsp0_sx79 /nfs-share/xinchi/kaldi/egs/timit/s5_la5/mfcc/raw_mfcc_train.4.ark:1506234
fmah1_sx69 /nfs-share/xinchi/kaldi/egs/timit/s5_la5/mfcc/raw_mfcc_train.1.ark:2812161
mrab1_sx398 /nfs-share/xinchi/kaldi/egs/timit/s5_la5/mfcc/raw_mfcc_train.4.ark:245922
mkam0_sx56 /nfs-share/xinchi/kaldi/egs/timit/s5_la5/mfcc/raw_mfcc_train.3.ark:1975345
mrdm0_si965 /nfs-share/xinchi/kaldi/egs/timit/s5_la5/mfcc/raw_mfcc_train.4.ark:485599
fpaf0_sx244 /nfs-share/xinchi/kaldi/egs/timit/s5_la5/mfcc/raw_mfcc_train.1.ark:3315064
fexm0_si1101 /nfs-share/xinchi/kaldi/egs/timit/s5_la5/mfcc/raw_mfcc_train.1.ark:1326515
mtcs0_si2265 /nfs-share/xinchi/kaldi/egs/timit/s5_la5/mfcc/raw_mfcc_train.4.ark:2506310
mcdr0_si1784 /nfs-share/xinchi/kaldi/egs/timit/s5_la5/mfcc/raw_mfcc_train.2.ark:1574724
fsjw0_si1333 /nfs-share/xinchi/kaldi/egs/timit/s5_la5/mfcc/raw_mfcc_train.2.ark:49120
msat1_sx443 /nfs-share/xinchi/kaldi/egs/timit/s5_la5/mfcc/raw_mfcc_train.4.ark:1819606
mpar0_sx136 /nfs-share/xinchi/kaldi/egs/timit/s5_la5/mfcc/raw_mfcc_train.3.ark:3518242
mtkd0_si1817 /nfs-share/xinchi/kaldi/egs/timit/s5_la5/mfcc/raw_mfcc_train.4.ark:2778219
fjkl0_sx32 /nfs-share/xinchi/kaldi/egs/timit/s5_la5/mfcc/raw_mfcc_train.1.ark:1708996
fsjw0_sx163 /nfs-share/xinchi/kaldi/egs/timit/s5_la5/mfcc/raw_mfcc_train.2.ark:63494
mtml0_sx345 /nfs-share/xinchi/kaldi/egs/timit/s5_la5/mfcc/raw_mfcc_train.4.ark:2927534
mfmc0_si1132 /nfs-share/xinchi/kaldi/egs/timit/s5_la5/mfcc/raw_mfcc_train.2.ark:3425084
mtab0_sx402 /nfs-share/xinchi/kaldi/egs/timit/s5_la5/mfcc/raw_mfcc_train.4.ark:2369833
fjhk0_sx212 /nfs-share/xinchi/kaldi/egs/timit/s5_la5/mfcc/raw_mfcc_train.1.ark:1670368
mtlb0_si1134 /nfs-share/xinchi/kaldi/egs/timit/s5_la5/mfcc/raw_mfcc_train.4.ark:2844157
mmdm0_sx411 /nfs-share/xinchi/kaldi/egs/timit/s5_la5/mfcc/raw_mfcc_train.3.ark:2900379
mtqc0_sx361 /nfs-share/xinchi/kaldi/egs/timit/s5_la5/mfcc/raw_mfcc_train.4.ark:3161504
mefg0_si598 /nfs-share/xinchi/kaldi/egs/timit/s5_la5/mfcc/raw_mfcc_train.2.ark:3188190
mmcc0_sx168 /nfs-share/xinchi/kaldi/egs/timit/s5_la5/mfcc/raw_mfcc_train.3.ark:2794081
mrds0_sx267 /nfs-share/xinchi/kaldi/egs/timit/s5_la5/mfcc/raw_mfcc_train.4.ark:522876
fcmm0_sx273 /nfs-share/xinchi/kaldi/egs/timit/s5_la5/mfcc/raw_mfcc_train.1.ark:703835
mpar0_sx406 /nfs-share/xinchi/kaldi/egs/timit/s5_la5/mfcc/raw_mfcc_train.3.ark:3529170
mdjm0_si825 /nfs-share/xinchi/kaldi/egs/timit/s5_la5/mfcc/raw_mfcc_train.2.ark:2359412
mdlr1_si669 /nfs-share/xinchi/kaldi/egs/timit/s5_la5/mfcc/raw_mfcc_train.2.ark:2651399
fmbg0_sx350 /nfs-share/xinchi/kaldi/egs/timit/s5_la5/mfcc/raw_mfcc_train.1.ark:2835617
mjrg0_sx16 /nfs-share/xinchi/kaldi/egs/timit/s5_la5/mfcc/raw_mfcc_train.3.ark:1495762
mjeb1_sx387 /nfs-share/xinchi/kaldi/egs/timit/s5_la5/mfcc/raw_mfcc_train.3.ark:905746
mgar0_si1212 /nfs-share/xinchi/kaldi/egs/timit/s5_la5/mfcc/raw_mfcc_train.3.ark:13
mcae0_sx187 /nfs-share/xinchi/kaldi/egs/timit/s5_la5/mfcc/raw_mfcc_train.2.ark:1456784
fspm0_sx341 /nfs-share/xinchi/kaldi/egs/timit/s5_la5/mfcc/raw_mfcc_train.2.ark:335301
mrtj0_sx52 /nfs-share/xinchi/kaldi/egs/timit/s5_la5/mfcc/raw_mfcc_train.4.ark:1580708
fear0_sx82 /nfs-share/xinchi/kaldi/egs/timit/s5_la5/mfcc/raw_mfcc_train.1.ark:1183526
fsls0_sx66 /nfs-share/xinchi/kaldi/egs/timit/s5_la5/mfcc/raw_mfcc_train.2.ark:205294
fmkc0_sx262 /nfs-share/xinchi/kaldi/egs/timit/s5_la5/mfcc/raw_mfcc_train.1.ark:3002425
fntb0_si1203 /nfs-share/xinchi/kaldi/egs/timit/s5_la5/mfcc/raw_mfcc_train.1.ark:3159366
mkln0_si2228 /nfs-share/xinchi/kaldi/egs/timit/s5_la5/mfcc/raw_mfcc_train.3.ark:2146750
mfer0_si862 /nfs-share/xinchi/kaldi/egs/timit/s5_la5/mfcc/raw_mfcc_train.2.ark:3402162
fltm0_si2330 /nfs-share/xinchi/kaldi/egs/timit/s5_la5/mfcc/raw_mfcc_train.1.ark:2757483
mklw0_si1844 /nfs-share/xinchi/kaldi/egs/timit/s5_la5/mfcc/raw_mfcc_train.3.ark:2275030
mdwh0_sx125 /nfs-share/xinchi/kaldi/egs/timit/s5_la5/mfcc/raw_mfcc_train.2.ark:3069579
marc0_sx108 /nfs-share/xinchi/kaldi/egs/timit/s5_la5/mfcc/raw_mfcc_train.2.ark:987488
mvjh0_si2186 /nfs-share/xinchi/kaldi/egs/timit/s5_la5/mfcc/raw_mfcc_train.4.ark:3340737
fklc1_sx418 /nfs-share/xinchi/kaldi/egs/timit/s5_la5/mfcc/raw_mfcc_train.1.ark:2250959
mklw0_sx221 /nfs-share/xinchi/kaldi/egs/timit/s5_la5/mfcc/raw_mfcc_train.3.ark:2283177
mcpm0_si1194 /nfs-share/xinchi/kaldi/egs/timit/s5_la5/mfcc/raw_mfcc_train.2.ark:1771866
mkag0_si1609 /nfs-share/xinchi/kaldi/egs/timit/s5_la5/mfcc/raw_mfcc_train.3.ark:1849675
mjpm1_sx41 /nfs-share/xinchi/kaldi/egs/timit/s5_la5/mfcc/raw_mfcc_train.3.ark:1443045
feac0_si615 /nfs-share/xinchi/kaldi/egs/timit/s5_la5/mfcc/raw_mfcc_train.1.ark:1128380
fsbk0_si1699 /nfs-share/xinchi/kaldi/egs/timit/s5_la5/mfcc/raw_mfcc_train.1.ark:3664510
fklh0_sx267 /nfs-share/xinchi/kaldi/egs/timit/s5_la5/mfcc/raw_mfcc_train.1.ark:2276131
mrbc0_sx239 /nfs-share/xinchi/kaldi/egs/timit/s5_la5/mfcc/raw_mfcc_train.4.ark:361429
mwsh0_si2266 /nfs-share/xinchi/kaldi/egs/timit/s5_la5/mfcc/raw_mfcc_train.4.ark:3744922
mrml0_sx161 /nfs-share/xinchi/kaldi/egs/timit/s5_la5/mfcc/raw_mfcc_train.4.ark:1314963
mwrp0_si1525 /nfs-share/xinchi/kaldi/egs/timit/s5_la5/mfcc/raw_mfcc_train.4.ark:3683932
fmkf0_si1536 /nfs-share/xinchi/kaldi/egs/timit/s5_la5/mfcc/raw_mfcc_train.1.ark:3025367
mrfk0_si1076 /nfs-share/xinchi/kaldi/egs/timit/s5_la5/mfcc/raw_mfcc_train.4.ark:670175
mafm0_sx129 /nfs-share/xinchi/kaldi/egs/timit/s5_la5/mfcc/raw_mfcc_train.2.ark:825715
fdaw0_si2036 /nfs-share/xinchi/kaldi/egs/timit/s5_la5/mfcc/raw_mfcc_train.1.ark:827485
mtkp0_si454 /nfs-share/xinchi/kaldi/egs/timit/s5_la5/mfcc/raw_mfcc_train.4.ark:2820988
mcth0_si1209 /nfs-share/xinchi/kaldi/egs/timit/s5_la5/mfcc/raw_mfcc_train.2.ark:1867079
mdlc1_sx355 /nfs-share/xinchi/kaldi/egs/timit/s5_la5/mfcc/raw_mfcc_train.2.ark:2509371
fcaj0_sx309 /nfs-share/xinchi/kaldi/egs/timit/s5_la5/mfcc/raw_mfcc_train.1.ark:457191
msah1_sx59 /nfs-share/xinchi/kaldi/egs/timit/s5_la5/mfcc/raw_mfcc_train.4.ark:1731430
fjsp0_si804 /nfs-share/xinchi/kaldi/egs/timit/s5_la5/mfcc/raw_mfcc_train.1.ark:1895707
mdrd0_sx392 /nfs-share/xinchi/kaldi/egs/timit/s5_la5/mfcc/raw_mfcc_train.2.ark:2903149
mfrm0_sx75 /nfs-share/xinchi/kaldi/egs/timit/s5_la5/mfcc/raw_mfcc_train.2.ark:3487227
mjda0_si1031 /nfs-share/xinchi/kaldi/egs/timit/s5_la5/mfcc/raw_mfcc_train.3.ark:675878
mtpf0_si1235 /nfs-share/xinchi/kaldi/egs/timit/s5_la5/mfcc/raw_mfcc_train.4.ark:3008282
mdac0_si1837 /nfs-share/xinchi/kaldi/egs/timit/s5_la5/mfcc/raw_mfcc_train.2.ark:1965915
fecd0_sx248 /nfs-share/xinchi/kaldi/egs/timit/s5_la5/mfcc/raw_mfcc_train.1.ark:1208562
mjws0_sx333 /nfs-share/xinchi/kaldi/egs/timit/s5_la5/mfcc/raw_mfcc_train.3.ark:1734940
fpls0_sx150 /nfs-share/xinchi/kaldi/egs/timit/s5_la5/mfcc/raw_mfcc_train.1.ark:3409660
mrkm0_sx367 /nfs-share/xinchi/kaldi/egs/timit/s5_la5/mfcc/raw_mfcc_train.4.ark:1044960
fsma0_sx181 /nfs-share/xinchi/kaldi/egs/timit/s5_la5/mfcc/raw_mfcc_train.2.ark:221379
mdhs0_si2160 /nfs-share/xinchi/kaldi/egs/timit/s5_la5/mfcc/raw_mfcc_train.2.ark:2323195
fjxm0_sx311 /nfs-share/xinchi/kaldi/egs/timit/s5_la5/mfcc/raw_mfcc_train.1.ark:1969785
mkls0_sx447 /nfs-share/xinchi/kaldi/egs/timit/s5_la5/mfcc/raw_mfcc_train.3.ark:2229971
mrwa0_sx163 /nfs-share/xinchi/kaldi/egs/timit/s5_la5/mfcc/raw_mfcc_train.4.ark:1626256
mddc0_sx249 /nfs-share/xinchi/kaldi/egs/timit/s5_la5/mfcc/raw_mfcc_train.2.ark:2170363
flod0_si1917 /nfs-share/xinchi/kaldi/egs/timit/s5_la5/mfcc/raw_mfcc_train.1.ark:2726516
mges0_sx221 /nfs-share/xinchi/kaldi/egs/timit/s5_la5/mfcc/raw_mfcc_train.3.ark:74231
fgmb0_sx425 /nfs-share/xinchi/kaldi/egs/timit/s5_la5/mfcc/raw_mfcc_train.1.ark:1463126
flmc0_sx22 /nfs-share/xinchi/kaldi/egs/timit/s5_la5/mfcc/raw_mfcc_train.1.ark:2672718
fsms1_si874 /nfs-share/xinchi/kaldi/egs/timit/s5_la5/mfcc/raw_mfcc_train.2.ark:286057
fscn0_si1886 /nfs-share/xinchi/kaldi/egs/timit/s5_la5/mfcc/raw_mfcc_train.1.ark:3695279
fsgf0_sx27 /nfs-share/xinchi/kaldi/egs/timit/s5_la5/mfcc/raw_mfcc_train.1.ark:3814734
mwac0_sx71 /nfs-share/xinchi/kaldi/egs/timit/s5_la5/mfcc/raw_mfcc_train.4.ark:3460588
mpgh0_si1554 /nfs-share/xinchi/kaldi/egs/timit/s5_la5/mfcc/raw_mfcc_train.3.ark:3599056
mmwb0_si1619 /nfs-share/xinchi/kaldi/egs/timit/s5_la5/mfcc/raw_mfcc_train.3.ark:3314327
mbma1_sx324 /nfs-share/xinchi/kaldi/egs/timit/s5_la5/mfcc/raw_mfcc_train.2.ark:1271948
mrml0_si1421 /nfs-share/xinchi/kaldi/egs/timit/s5_la5/mfcc/raw_mfcc_train.4.ark:1299822
mmdg0_sx430 /nfs-share/xinchi/kaldi/egs/timit/s5_la5/mfcc/raw_mfcc_train.3.ark:2869395
fjrb0_si1302 /nfs-share/xinchi/kaldi/egs/timit/s5_la5/mfcc/raw_mfcc_train.1.ark:1781328
msvs0_sx398 /nfs-share/xinchi/kaldi/egs/timit/s5_la5/mfcc/raw_mfcc_train.4.ark:2333460
mrwa0_si2233 /nfs-share/xinchi/kaldi/egs/timit/s5_la5/mfcc/raw_mfcc_train.4.ark:1617753
mpgh0_sx294 /nfs-share/xinchi/kaldi/egs/timit/s5_la5/mfcc/raw_mfcc_train.3.ark:3621522
fpmy0_sx343 /nfs-share/xinchi/kaldi/egs/timit/s5_la5/mfcc/raw_mfcc_train.1.ark:3455184
fpmy0_si1783 /nfs-share/xinchi/kaldi/egs/timit/s5_la5/mfcc/raw_mfcc_train.1.ark:3433036
frll0_sx164 /nfs-share/xinchi/kaldi/egs/timit/s5_la5/mfcc/raw_mfcc_train.1.ark:3536935
mtat0_sx210 /nfs-share/xinchi/kaldi/egs/timit/s5_la5/mfcc/raw_mfcc_train.4.ark:2422895
mrso0_si1206 /nfs-share/xinchi/kaldi/egs/timit/s5_la5/mfcc/raw_mfcc_train.4.ark:1436265
mjlg1_si2272 /nfs-share/xinchi/kaldi/egs/timit/s5_la5/mfcc/raw_mfcc_train.3.ark:1209482
mmws1_si2331 /nfs-share/xinchi/kaldi/egs/timit/s5_la5/mfcc/raw_mfcc_train.3.ark:3395446
mdbp0_sx438 /nfs-share/xinchi/kaldi/egs/timit/s5_la5/mfcc/raw_mfcc_train.2.ark:2081364
mded0_si1170 /nfs-share/xinchi/kaldi/egs/timit/s5_la5/mfcc/raw_mfcc_train.2.ark:2183638
mrjb1_sx30 /nfs-share/xinchi/kaldi/egs/timit/s5_la5/mfcc/raw_mfcc_train.4.ark:867497
mtat0_si811 /nfs-share/xinchi/kaldi/egs/timit/s5_la5/mfcc/raw_mfcc_train.4.ark:2413196
fdtd0_sx301 /nfs-share/xinchi/kaldi/egs/timit/s5_la5/mfcc/raw_mfcc_train.1.ark:1077989
mlbc0_sx249 /nfs-share/xinchi/kaldi/egs/timit/s5_la5/mfcc/raw_mfcc_train.3.ark:2380926
msah1_sx329 /nfs-share/xinchi/kaldi/egs/timit/s5_la5/mfcc/raw_mfcc_train.4.ark:1723266
fsah0_sx344 /nfs-share/xinchi/kaldi/egs/timit/s5_la5/mfcc/raw_mfcc_train.1.ark:3617819
mrcw0_sx21 /nfs-share/xinchi/kaldi/egs/timit/s5_la5/mfcc/raw_mfcc_train.4.ark:437430
mrjm0_sx418 /nfs-share/xinchi/kaldi/egs/timit/s5_la5/mfcc/raw_mfcc_train.4.ark:941277
mjxa0_sx337 /nfs-share/xinchi/kaldi/egs/timit/s5_la5/mfcc/raw_mfcc_train.3.ark:1805358
mdma0_sx260 /nfs-share/xinchi/kaldi/egs/timit/s5_la5/mfcc/raw_mfcc_train.2.ark:2695983
fdtd0_si2191 /nfs-share/xinchi/kaldi/egs/timit/s5_la5/mfcc/raw_mfcc_train.1.ark:1061555
mdpb0_si866 /nfs-share/xinchi/kaldi/egs/timit/s5_la5/mfcc/raw_mfcc_train.2.ark:2788271
fksr0_sx161 /nfs-share/xinchi/kaldi/egs/timit/s5_la5/mfcc/raw_mfcc_train.1.ark:2304235
fgcs0_si856 /nfs-share/xinchi/kaldi/egs/timit/s5_la5/mfcc/raw_mfcc_train.1.ark:1371841
fdml0_si1149 /nfs-share/xinchi/kaldi/egs/timit/s5_la5/mfcc/raw_mfcc_train.1.ark:947950
mmar0_sx76 /nfs-share/xinchi/kaldi/egs/timit/s5_la5/mfcc/raw_mfcc_train.3.ark:2739758
mafm0_sx399 /nfs-share/xinchi/kaldi/egs/timit/s5_la5/mfcc/raw_mfcc_train.2.ark:840523
mctm0_sx450 /nfs-share/xinchi/kaldi/egs/timit/s5_la5/mfcc/raw_mfcc_train.2.ark:1923495
msas0_sx386 /nfs-share/xinchi/kaldi/egs/timit/s5_la5/mfcc/raw_mfcc_train.4.ark:1767029
mmbs0_sx161 /nfs-share/xinchi/kaldi/egs/timit/s5_la5/mfcc/raw_mfcc_train.3.ark:2756753
mtdb0_sx411 /nfs-share/xinchi/kaldi/egs/timit/s5_la5/mfcc/raw_mfcc_train.4.ark:2561275
mmbs0_sx341 /nfs-share/xinchi/kaldi/egs/timit/s5_la5/mfcc/raw_mfcc_train.3.ark:2767635
fvkb0_sx169 /nfs-share/xinchi/kaldi/egs/timit/s5_la5/mfcc/raw_mfcc_train.2.ark:606980
mkes0_sx83 /nfs-share/xinchi/kaldi/egs/timit/s5_la5/mfcc/raw_mfcc_train.3.ark:2109523
fjrp1_sx82 /nfs-share/xinchi/kaldi/egs/timit/s5_la5/mfcc/raw_mfcc_train.1.ark:1850308
fsbk0_sx439 /nfs-share/xinchi/kaldi/egs/timit/s5_la5/mfcc/raw_mfcc_train.1.ark:3685086
mfmc0_si502 /nfs-share/xinchi/kaldi/egs/timit/s5_la5/mfcc/raw_mfcc_train.2.ark:3433874
mdss0_sx261 /nfs-share/xinchi/kaldi/egs/timit/s5_la5/mfcc/raw_mfcc_train.2.ark:2953839
fsbk0_sx259 /nfs-share/xinchi/kaldi/egs/timit/s5_la5/mfcc/raw_mfcc_train.1.ark:3673892
mmar0_sx436 /nfs-share/xinchi/kaldi/egs/timit/s5_la5/mfcc/raw_mfcc_train.3.ark:2736268
mvrw0_sx225 /nfs-share/xinchi/kaldi/egs/timit/s5_la5/mfcc/raw_mfcc_train.4.ark:3413321
fjdm2_sx142 /nfs-share/xinchi/kaldi/egs/timit/s5_la5/mfcc/raw_mfcc_train.1.ark:1593233
mjjm0_si827 /nfs-share/xinchi/kaldi/egs/timit/s5_la5/mfcc/raw_mfcc_train.3.ark:1117439
fljg0_sx81 /nfs-share/xinchi/kaldi/egs/timit/s5_la5/mfcc/raw_mfcc_train.1.ark:2588186
mzmb0_si1796 /nfs-share/xinchi/kaldi/egs/timit/s5_la5/mfcc/raw_mfcc_train.4.ark:3782237
mmab1_sx54 /nfs-share/xinchi/kaldi/egs/timit/s5_la5/mfcc/raw_mfcc_train.3.ark:2634520
fkfb0_si2238 /nfs-share/xinchi/kaldi/egs/timit/s5_la5/mfcc/raw_mfcc_train.1.ark:2127239
mdac0_sx271 /nfs-share/xinchi/kaldi/egs/timit/s5_la5/mfcc/raw_mfcc_train.2.ark:1980990
mtqc0_sx451 /nfs-share/xinchi/kaldi/egs/timit/s5_la5/mfcc/raw_mfcc_train.4.ark:3166451
mmam0_sx67 /nfs-share/xinchi/kaldi/egs/timit/s5_la5/mfcc/raw_mfcc_train.3.ark:2699934
mjda0_sx311 /nfs-share/xinchi/kaldi/egs/timit/s5_la5/mfcc/raw_mfcc_train.3.ark:691060
fljd0_sx166 /nfs-share/xinchi/kaldi/egs/timit/s5_la5/mfcc/raw_mfcc_train.1.ark:2533853
flhd0_sx264 /nfs-share/xinchi/kaldi/egs/timit/s5_la5/mfcc/raw_mfcc_train.1.ark:2471072
fkdw0_si1891 /nfs-share/xinchi/kaldi/egs/timit/s5_la5/mfcc/raw_mfcc_train.1.ark:2095540
fleh0_sx151 /nfs-share/xinchi/kaldi/egs/timit/s5_la5/mfcc/raw_mfcc_train.1.ark:2404156
fmbg0_sx440 /nfs-share/xinchi/kaldi/egs/timit/s5_la5/mfcc/raw_mfcc_train.1.ark:2840460
mjsr0_sx74 /nfs-share/xinchi/kaldi/egs/timit/s5_la5/mfcc/raw_mfcc_train.3.ark:1672024
mgsh0_sx127 /nfs-share/xinchi/kaldi/egs/timit/s5_la5/mfcc/raw_mfcc_train.3.ark:209783
medr0_sx204 /nfs-share/xinchi/kaldi/egs/timit/s5_la5/mfcc/raw_mfcc_train.2.ark:3166959
flod0_si1287 /nfs-share/xinchi/kaldi/egs/timit/s5_la5/mfcc/raw_mfcc_train.1.ark:2721542
fjsk0_si1682 /nfs-share/xinchi/kaldi/egs/timit/s5_la5/mfcc/raw_mfcc_train.1.ark:1861049
fvkb0_si1159 /nfs-share/xinchi/kaldi/egs/timit/s5_la5/mfcc/raw_mfcc_train.2.ark:596714
mbma1_si2207 /nfs-share/xinchi/kaldi/egs/timit/s5_la5/mfcc/raw_mfcc_train.2.ark:1252204
flhd0_sx174 /nfs-share/xinchi/kaldi/egs/timit/s5_la5/mfcc/raw_mfcc_train.1.ark:2465969
mrre0_si952 /nfs-share/xinchi/kaldi/egs/timit/s5_la5/mfcc/raw_mfcc_train.4.ark:1409300
mrav0_sx198 /nfs-share/xinchi/kaldi/egs/timit/s5_la5/mfcc/raw_mfcc_train.4.ark:335495
mjae0_si2154 /nfs-share/xinchi/kaldi/egs/timit/s5_la5/mfcc/raw_mfcc_train.3.ark:584215
mdcm0_sx220 /nfs-share/xinchi/kaldi/egs/timit/s5_la5/mfcc/raw_mfcc_train.2.ark:2138911
ftaj0_sx69 /nfs-share/xinchi/kaldi/egs/timit/s5_la5/mfcc/raw_mfcc_train.2.ark:434935
feeh0_sx302 /nfs-share/xinchi/kaldi/egs/timit/s5_la5/mfcc/raw_mfcc_train.1.ark:1247301
mcdd0_sx433 /nfs-share/xinchi/kaldi/egs/timit/s5_la5/mfcc/raw_mfcc_train.2.ark:1561741
mwad0_sx72 /nfs-share/xinchi/kaldi/egs/timit/s5_la5/mfcc/raw_mfcc_train.4.ark:3487114
mtqc0_si480 /nfs-share/xinchi/kaldi/egs/timit/s5_la5/mfcc/raw_mfcc_train.4.ark:3147768
mdbb1_si1636 /nfs-share/xinchi/kaldi/egs/timit/s5_la5/mfcc/raw_mfcc_train.2.ark:2030675
fdkn0_sx181 /nfs-share/xinchi/kaldi/egs/timit/s5_la5/mfcc/raw_mfcc_train.1.ark:924216
mfrm0_sx165 /nfs-share/xinchi/kaldi/egs/timit/s5_la5/mfcc/raw_mfcc_train.2.ark:3471756
mpeb0_sx150 /nfs-share/xinchi/kaldi/egs/timit/s5_la5/mfcc/raw_mfcc_train.3.ark:3545677
mrml0_sx71 /nfs-share/xinchi/kaldi/egs/timit/s5_la5/mfcc/raw_mfcc_train.4.ark:1336804
mkes0_sx173 /nfs-share/xinchi/kaldi/egs/timit/s5_la5/mfcc/raw_mfcc_train.3.ark:2092674
mrlr0_si1826 /nfs-share/xinchi/kaldi/egs/timit/s5_la5/mfcc/raw_mfcc_train.4.ark:1182249
mwac0_si1601 /nfs-share/xinchi/kaldi/egs/timit/s5_la5/mfcc/raw_mfcc_train.4.ark:3424750
mkjo0_sx437 /nfs-share/xinchi/kaldi/egs/timit/s5_la5/mfcc/raw_mfcc_train.3.ark:2134417
mmds0_si1343 /nfs-share/xinchi/kaldi/egs/timit/s5_la5/mfcc/raw_mfcc_train.3.ark:2941972
mdlr0_sx333 /nfs-share/xinchi/kaldi/egs/timit/s5_la5/mfcc/raw_mfcc_train.2.ark:2629601
mefg0_sx195 /nfs-share/xinchi/kaldi/egs/timit/s5_la5/mfcc/raw_mfcc_train.2.ark:3201353
fsmm0_sx324 /nfs-share/xinchi/kaldi/egs/timit/s5_la5/mfcc/raw_mfcc_train.2.ark:263297
mrcw0_si741 /nfs-share/xinchi/kaldi/egs/timit/s5_la5/mfcc/raw_mfcc_train.4.ark:425008
mpsw0_sx437 /nfs-share/xinchi/kaldi/egs/timit/s5_la5/mfcc/raw_mfcc_train.4.ark:177110
madd0_sx88 /nfs-share/xinchi/kaldi/egs/timit/s5_la5/mfcc/raw_mfcc_train.2.ark:749650
mlsh0_si787 /nfs-share/xinchi/kaldi/egs/timit/s5_la5/mfcc/raw_mfcc_train.3.ark:2545478
flmc0_sx336 /nfs-share/xinchi/kaldi/egs/timit/s5_la5/mfcc/raw_mfcc_train.1.ark:2680493
fjkl0_sx392 /nfs-share/xinchi/kaldi/egs/timit/s5_la5/mfcc/raw_mfcc_train.1.ark:1712487
mrbc0_sx149 /nfs-share/xinchi/kaldi/egs/timit/s5_la5/mfcc/raw_mfcc_train.4.ark:356872
mgar0_sx42 /nfs-share/xinchi/kaldi/egs/timit/s5_la5/mfcc/raw_mfcc_train.3.ark:29222
flet0_sx237 /nfs-share/xinchi/kaldi/egs/timit/s5_la5/mfcc/raw_mfcc_train.1.ark:2443194
fskp0_sx288 /nfs-share/xinchi/kaldi/egs/timit/s5_la5/mfcc/raw_mfcc_train.2.ark:168504
mbcg0_si957 /nfs-share/xinchi/kaldi/egs/timit/s5_la5/mfcc/raw_mfcc_train.2.ark:1106074
fjwb1_sx435 /nfs-share/xinchi/kaldi/egs/timit/s5_la5/mfcc/raw_mfcc_train.1.ark:1943111
mmaa0_si1588 /nfs-share/xinchi/kaldi/egs/timit/s5_la5/mfcc/raw_mfcc_train.3.ark:2570220
mkjo0_sx77 /nfs-share/xinchi/kaldi/egs/timit/s5_la5/mfcc/raw_mfcc_train.3.ark:2139025
fcag0_si1503 /nfs-share/xinchi/kaldi/egs/timit/s5_la5/mfcc/raw_mfcc_train.1.ark:410713
mjls0_sx286 /nfs-share/xinchi/kaldi/egs/timit/s5_la5/mfcc/raw_mfcc_train.3.ark:1256327
mtpp0_sx428 /nfs-share/xinchi/kaldi/egs/timit/s5_la5/mfcc/raw_mfcc_train.4.ark:3090469
msrg0_sx411 /nfs-share/xinchi/kaldi/egs/timit/s5_la5/mfcc/raw_mfcc_train.4.ark:2224319
mwre0_sx427 /nfs-share/xinchi/kaldi/egs/timit/s5_la5/mfcc/raw_mfcc_train.4.ark:3669610
mdsj0_si2092 /nfs-share/xinchi/kaldi/egs/timit/s5_la5/mfcc/raw_mfcc_train.2.ark:2913318
mfxv0_si1342 /nfs-share/xinchi/kaldi/egs/timit/s5_la5/mfcc/raw_mfcc_train.2.ark:3558377
mreh1_si2229 /nfs-share/xinchi/kaldi/egs/timit/s5_la5/mfcc/raw_mfcc_train.4.ark:576634
mjmm0_si1885 /nfs-share/xinchi/kaldi/egs/timit/s5_la5/mfcc/raw_mfcc_train.3.ark:1329798
mtrc0_sx93 /nfs-share/xinchi/kaldi/egs/timit/s5_la5/mfcc/raw_mfcc_train.4.ark:3203329
fdaw0_sx416 /nfs-share/xinchi/kaldi/egs/timit/s5_la5/mfcc/raw_mfcc_train.1.ark:844569
fgrw0_sx432 /nfs-share/xinchi/kaldi/egs/timit/s5_la5/mfcc/raw_mfcc_train.1.ark:1498674
mwad0_sx252 /nfs-share/xinchi/kaldi/egs/timit/s5_la5/mfcc/raw_mfcc_train.4.ark:3476525
mkes0_sx263 /nfs-share/xinchi/kaldi/egs/timit/s5_la5/mfcc/raw_mfcc_train.3.ark:2097608
mbom0_sx204 /nfs-share/xinchi/kaldi/egs/timit/s5_la5/mfcc/raw_mfcc_train.2.ark:1330322
mwre0_sx247 /nfs-share/xinchi/kaldi/egs/timit/s5_la5/mfcc/raw_mfcc_train.4.ark:3660457
mmeb0_sx7 /nfs-share/xinchi/kaldi/egs/timit/s5_la5/mfcc/raw_mfcc_train.3.ark:3018723
fcyl0_sx397 /nfs-share/xinchi/kaldi/egs/timit/s5_la5/mfcc/raw_mfcc_train.1.ark:779681
mdlc1_sx175 /nfs-share/xinchi/kaldi/egs/timit/s5_la5/mfcc/raw_mfcc_train.2.ark:2500257
fclt0_sx178 /nfs-share/xinchi/kaldi/egs/timit/s5_la5/mfcc/raw_mfcc_train.1.ark:633617
mcdr0_sx74 /nfs-share/xinchi/kaldi/egs/timit/s5_la5/mfcc/raw_mfcc_train.2.ark:1602221
fsbk0_sx169 /nfs-share/xinchi/kaldi/egs/timit/s5_la5/mfcc/raw_mfcc_train.1.ark:3669712
mdem0_sx68 /nfs-share/xinchi/kaldi/egs/timit/s5_la5/mfcc/raw_mfcc_train.2.ark:2283342
mgag0_sx421 /nfs-share/xinchi/kaldi/egs/timit/s5_la5/mfcc/raw_mfcc_train.2.ark:3635187
mdpb0_si2126 /nfs-share/xinchi/kaldi/egs/timit/s5_la5/mfcc/raw_mfcc_train.2.ark:2783922
mcre0_sx401 /nfs-share/xinchi/kaldi/egs/timit/s5_la5/mfcc/raw_mfcc_train.2.ark:1824720
mkag0_si979 /nfs-share/xinchi/kaldi/egs/timit/s5_la5/mfcc/raw_mfcc_train.3.ark:1858270
mmeb0_sx97 /nfs-share/xinchi/kaldi/egs/timit/s5_la5/mfcc/raw_mfcc_train.3.ark:3021849
mtat0_si1110 /nfs-share/xinchi/kaldi/egs/timit/s5_la5/mfcc/raw_mfcc_train.4.ark:2402950
flma0_si1243 /nfs-share/xinchi/kaldi/egs/timit/s5_la5/mfcc/raw_mfcc_train.1.ark:2628784
mrjm1_sx38 /nfs-share/xinchi/kaldi/egs/timit/s5_la5/mfcc/raw_mfcc_train.4.ark:975393
fceg0_si1248 /nfs-share/xinchi/kaldi/egs/timit/s5_la5/mfcc/raw_mfcc_train.1.ark:509841
mdtb0_sx390 /nfs-share/xinchi/kaldi/egs/timit/s5_la5/mfcc/raw_mfcc_train.2.ark:3020235
mrwa0_sx433 /nfs-share/xinchi/kaldi/egs/timit/s5_la5/mfcc/raw_mfcc_train.4.ark:1637652
mfxs0_sx234 /nfs-share/xinchi/kaldi/egs/timit/s5_la5/mfcc/raw_mfcc_train.2.ark:3534356
mbbr0_si1055 /nfs-share/xinchi/kaldi/egs/timit/s5_la5/mfcc/raw_mfcc_train.2.ark:1069719
mjde0_sx130 /nfs-share/xinchi/kaldi/egs/timit/s5_la5/mfcc/raw_mfcc_train.3.ark:751804
mrmh0_sx121 /nfs-share/xinchi/kaldi/egs/timit/s5_la5/mfcc/raw_mfcc_train.4.ark:1283914
mter0_si1157 /nfs-share/xinchi/kaldi/egs/timit/s5_la5/mfcc/raw_mfcc_train.4.ark:2608108
mvjh0_si1556 /nfs-share/xinchi/kaldi/egs/timit/s5_la5/mfcc/raw_mfcc_train.4.ark:3334775
mgaw0_sx445 /nfs-share/xinchi/kaldi/egs/timit/s5_la5/mfcc/raw_mfcc_train.3.ark:57392
mgrp0_sx57 /nfs-share/xinchi/kaldi/egs/timit/s5_la5/mfcc/raw_mfcc_train.3.ark:189564
mwad0_si2322 /nfs-share/xinchi/kaldi/egs/timit/s5_la5/mfcc/raw_mfcc_train.4.ark:3470206
mdps0_sx89 /nfs-share/xinchi/kaldi/egs/timit/s5_la5/mfcc/raw_mfcc_train.2.ark:2867641
mkam0_sx416 /nfs-share/xinchi/kaldi/egs/timit/s5_la5/mfcc/raw_mfcc_train.3.ark:1971894
mjfh0_sx297 /nfs-share/xinchi/kaldi/egs/timit/s5_la5/mfcc/raw_mfcc_train.3.ark:962416
mdlb0_sx226 /nfs-share/xinchi/kaldi/egs/timit/s5_la5/mfcc/raw_mfcc_train.2.ark:2433615
mddc0_sx69 /nfs-share/xinchi/kaldi/egs/timit/s5_la5/mfcc/raw_mfcc_train.2.ark:2180211
maeb0_si990 /nfs-share/xinchi/kaldi/egs/timit/s5_la5/mfcc/raw_mfcc_train.2.ark:762920
medr0_si744 /nfs-share/xinchi/kaldi/egs/timit/s5_la5/mfcc/raw_mfcc_train.2.ark:3158534
mrjt0_sx238 /nfs-share/xinchi/kaldi/egs/timit/s5_la5/mfcc/raw_mfcc_train.4.ark:999110
mjai0_sx74 /nfs-share/xinchi/kaldi/egs/timit/s5_la5/mfcc/raw_mfcc_train.3.ark:639698
fpaz0_si2223 /nfs-share/xinchi/kaldi/egs/timit/s5_la5/mfcc/raw_mfcc_train.1.ark:3333586
mwad0_sx342 /nfs-share/xinchi/kaldi/egs/timit/s5_la5/mfcc/raw_mfcc_train.4.ark:3479353
fdml0_sx159 /nfs-share/xinchi/kaldi/egs/timit/s5_la5/mfcc/raw_mfcc_train.1.ark:958360
fmjb0_sx367 /nfs-share/xinchi/kaldi/egs/timit/s5_la5/mfcc/raw_mfcc_train.1.ark:2905971
fblv0_si2318 /nfs-share/xinchi/kaldi/egs/timit/s5_la5/mfcc/raw_mfcc_train.1.ark:318726
fvfb0_sx222 /nfs-share/xinchi/kaldi/egs/timit/s5_la5/mfcc/raw_mfcc_train.2.ark:582594
mdss0_sx441 /nfs-share/xinchi/kaldi/egs/timit/s5_la5/mfcc/raw_mfcc_train.2.ark:2960028
mkrg0_sx411 /nfs-share/xinchi/kaldi/egs/timit/s5_la5/mfcc/raw_mfcc_train.3.ark:2325952
mrjt0_si1498 /nfs-share/xinchi/kaldi/egs/timit/s5_la5/mfcc/raw_mfcc_train.4.ark:984027
fdaw0_si1271 /nfs-share/xinchi/kaldi/egs/timit/s5_la5/mfcc/raw_mfcc_train.1.ark:817641
mrvg0_sx330 /nfs-share/xinchi/kaldi/egs/timit/s5_la5/mfcc/raw_mfcc_train.4.ark:1602449
mrhl0_sx435 /nfs-share/xinchi/kaldi/egs/timit/s5_la5/mfcc/raw_mfcc_train.4.ark:833010
fsak0_si1300 /nfs-share/xinchi/kaldi/egs/timit/s5_la5/mfcc/raw_mfcc_train.1.ark:3627707
mpfu0_si1258 /nfs-share/xinchi/kaldi/egs/timit/s5_la5/mfcc/raw_mfcc_train.3.ark:3565225
fdxw0_sx161 /nfs-share/xinchi/kaldi/egs/timit/s5_la5/mfcc/raw_mfcc_train.1.ark:1102330
mpsw0_si1697 /nfs-share/xinchi/kaldi/egs/timit/s5_la5/mfcc/raw_mfcc_train.4.ark:161813
mkjo0_sx424 /nfs-share/xinchi/kaldi/egs/timit/s5_la5/mfcc/raw_mfcc_train.3.ark:2130185
fkaa0_si1838 /nfs-share/xinchi/kaldi/egs/timit/s5_la5/mfcc/raw_mfcc_train.1.ark:2021559
fsbk0_sx349 /nfs-share/xinchi/kaldi/egs/timit/s5_la5/mfcc/raw_mfcc_train.1.ark:3678436
fssb0_sx92 /nfs-share/xinchi/kaldi/egs/timit/s5_la5/mfcc/raw_mfcc_train.2.ark:408190
mtkp0_sx303 /nfs-share/xinchi/kaldi/egs/timit/s5_la5/mfcc/raw_mfcc_train.4.ark:2834269
msas0_sx206 /nfs-share/xinchi/kaldi/egs/timit/s5_la5/mfcc/raw_mfcc_train.4.ark:1754672
mjjb0_si1139 /nfs-share/xinchi/kaldi/egs/timit/s5_la5/mfcc/raw_mfcc_train.3.ark:1036449
fpjf0_si1046 /nfs-share/xinchi/kaldi/egs/timit/s5_la5/mfcc/raw_mfcc_train.1.ark:3365120
madc0_sx377 /nfs-share/xinchi/kaldi/egs/timit/s5_la5/mfcc/raw_mfcc_train.2.ark:718107
mwgr0_si2236 /nfs-share/xinchi/kaldi/egs/timit/s5_la5/mfcc/raw_mfcc_train.4.ark:3617374
mdas0_si1266 /nfs-share/xinchi/kaldi/egs/timit/s5_la5/mfcc/raw_mfcc_train.2.ark:1995903
fdmy0_sx297 /nfs-share/xinchi/kaldi/egs/timit/s5_la5/mfcc/raw_mfcc_train.1.ark:1010735
mhrm0_sx238 /nfs-share/xinchi/kaldi/egs/timit/s5_la5/mfcc/raw_mfcc_train.3.ark:464365
mjkr0_sx121 /nfs-share/xinchi/kaldi/egs/timit/s5_la5/mfcc/raw_mfcc_train.3.ark:1153318
mwrp0_sx363 /nfs-share/xinchi/kaldi/egs/timit/s5_la5/mfcc/raw_mfcc_train.4.ark:3702465
fdaw0_si1406 /nfs-share/xinchi/kaldi/egs/timit/s5_la5/mfcc/raw_mfcc_train.1.ark:824071
mtat0_sx390 /nfs-share/xinchi/kaldi/egs/timit/s5_la5/mfcc/raw_mfcc_train.4.ark:2431313
mdlm0_sx334 /nfs-share/xinchi/kaldi/egs/timit/s5_la5/mfcc/raw_mfcc_train.2.ark:2599969
fmjf0_sx444 /nfs-share/xinchi/kaldi/egs/timit/s5_la5/mfcc/raw_mfcc_train.1.ark:2942719
mram0_sx195 /nfs-share/xinchi/kaldi/egs/timit/s5_la5/mfcc/raw_mfcc_train.4.ark:306278
fetb0_si518 /nfs-share/xinchi/kaldi/egs/timit/s5_la5/mfcc/raw_mfcc_train.1.ark:1302891
mkag0_sx79 /nfs-share/xinchi/kaldi/egs/timit/s5_la5/mfcc/raw_mfcc_train.3.ark:1880169
mchl0_sx447 /nfs-share/xinchi/kaldi/egs/timit/s5_la5/mfcc/raw_mfcc_train.2.ark:1703449
fmbg0_si2264 /nfs-share/xinchi/kaldi/egs/timit/s5_la5/mfcc/raw_mfcc_train.1.ark:2826173
mbef0_sx291 /nfs-share/xinchi/kaldi/egs/timit/s5_la5/mfcc/raw_mfcc_train.2.ark:1151333
mrab0_sx414 /nfs-share/xinchi/kaldi/egs/timit/s5_la5/mfcc/raw_mfcc_train.4.ark:208614
mdef0_si1563 /nfs-share/xinchi/kaldi/egs/timit/s5_la5/mfcc/raw_mfcc_train.2.ark:2224900
fljg0_sx171 /nfs-share/xinchi/kaldi/egs/timit/s5_la5/mfcc/raw_mfcc_train.1.ark:2567632
mdwm0_sx16 /nfs-share/xinchi/kaldi/egs/timit/s5_la5/mfcc/raw_mfcc_train.2.ark:3108421
mljc0_sx55 /nfs-share/xinchi/kaldi/egs/timit/s5_la5/mfcc/raw_mfcc_train.3.ark:2460750
mded0_sx90 /nfs-share/xinchi/kaldi/egs/timit/s5_la5/mfcc/raw_mfcc_train.2.ark:2214822
mdtb0_sx210 /nfs-share/xinchi/kaldi/egs/timit/s5_la5/mfcc/raw_mfcc_train.2.ark:3009996
frjb0_si1427 /nfs-share/xinchi/kaldi/egs/timit/s5_la5/mfcc/raw_mfcc_train.1.ark:3492981
mtat0_sx30 /nfs-share/xinchi/kaldi/egs/timit/s5_la5/mfcc/raw_mfcc_train.4.ark:2425826
fajw0_si633 /nfs-share/xinchi/kaldi/egs/timit/s5_la5/mfcc/raw_mfcc_train.1.ark:42998
mbma0_sx232 /nfs-share/xinchi/kaldi/egs/timit/s5_la5/mfcc/raw_mfcc_train.2.ark:1236329
fsma0_sx271 /nfs-share/xinchi/kaldi/egs/timit/s5_la5/mfcc/raw_mfcc_train.2.ark:226131
mtrc0_sx183 /nfs-share/xinchi/kaldi/egs/timit/s5_la5/mfcc/raw_mfcc_train.4.ark:3194183
marc0_sx18 /nfs-share/xinchi/kaldi/egs/timit/s5_la5/mfcc/raw_mfcc_train.2.ark:990614
mdlr1_sx219 /nfs-share/xinchi/kaldi/egs/timit/s5_la5/mfcc/raw_mfcc_train.2.ark:2661163
mjrh1_sx64 /nfs-share/xinchi/kaldi/egs/timit/s5_la5/mfcc/raw_mfcc_train.3.ark:1573963
mjpm1_sx221 /nfs-share/xinchi/kaldi/egs/timit/s5_la5/mfcc/raw_mfcc_train.3.ark:1428660
fgrw0_sx342 /nfs-share/xinchi/kaldi/egs/timit/s5_la5/mfcc/raw_mfcc_train.1.ark:1494377
fbjl0_sx292 /nfs-share/xinchi/kaldi/egs/timit/s5_la5/mfcc/raw_mfcc_train.1.ark:298402
mjlb0_sx86 /nfs-share/xinchi/kaldi/egs/timit/s5_la5/mfcc/raw_mfcc_train.3.ark:1199032
mrwa0_sx73 /nfs-share/xinchi/kaldi/egs/timit/s5_la5/mfcc/raw_mfcc_train.4.ark:1642364
mjkr0_sx301 /nfs-share/xinchi/kaldi/egs/timit/s5_la5/mfcc/raw_mfcc_train.3.ark:1161327
fsgf0_sx207 /nfs-share/xinchi/kaldi/egs/timit/s5_la5/mfcc/raw_mfcc_train.1.ark:3811816
fcaj0_si1479 /nfs-share/xinchi/kaldi/egs/timit/s5_la5/mfcc/raw_mfcc_train.1.ark:440021
mmdg0_sx250 /nfs-share/xinchi/kaldi/egs/timit/s5_la5/mfcc/raw_mfcc_train.3.ark:2860177
flac0_sx181 /nfs-share/xinchi/kaldi/egs/timit/s5_la5/mfcc/raw_mfcc_train.1.ark:2336155
mjrg0_si1366 /nfs-share/xinchi/kaldi/egs/timit/s5_la5/mfcc/raw_mfcc_train.3.ark:1480160
flmk0_sx135 /nfs-share/xinchi/kaldi/egs/timit/s5_la5/mfcc/raw_mfcc_train.1.ark:2702553
mjma0_sx145 /nfs-share/xinchi/kaldi/egs/timit/s5_la5/mfcc/raw_mfcc_train.3.ark:1279998
mtpp0_sx338 /nfs-share/xinchi/kaldi/egs/timit/s5_la5/mfcc/raw_mfcc_train.4.ark:3086458
mmgc0_sx45 /nfs-share/xinchi/kaldi/egs/timit/s5_la5/mfcc/raw_mfcc_train.3.ark:3051898
mkdb0_sx62 /nfs-share/xinchi/kaldi/egs/timit/s5_la5/mfcc/raw_mfcc_train.3.ark:2008057
mjjm0_sx197 /nfs-share/xinchi/kaldi/egs/timit/s5_la5/mfcc/raw_mfcc_train.3.ark:1127365
mrjb1_sx120 /nfs-share/xinchi/kaldi/egs/timit/s5_la5/mfcc/raw_mfcc_train.4.ark:858566
mmds0_sx443 /nfs-share/xinchi/kaldi/egs/timit/s5_la5/mfcc/raw_mfcc_train.3.ark:2961684
fklc1_sx58 /nfs-share/xinchi/kaldi/egs/timit/s5_la5/mfcc/raw_mfcc_train.1.ark:2255658
mtlb0_sx324 /nfs-share/xinchi/kaldi/egs/timit/s5_la5/mfcc/raw_mfcc_train.4.ark:2863069
mpgh0_sx24 /nfs-share/xinchi/kaldi/egs/timit/s5_la5/mfcc/raw_mfcc_train.3.ark:3618915
mjfr0_sx165 /nfs-share/xinchi/kaldi/egs/timit/s5_la5/mfcc/raw_mfcc_train.3.ark:980731
fgdp0_si988 /nfs-share/xinchi/kaldi/egs/timit/s5_la5/mfcc/raw_mfcc_train.1.ark:1402058
mesj0_sx367 /nfs-share/xinchi/kaldi/egs/timit/s5_la5/mfcc/raw_mfcc_train.2.ark:3360731
mjrg0_sx106 /nfs-share/xinchi/kaldi/egs/timit/s5_la5/mfcc/raw_mfcc_train.3.ark:1492584
fvmh0_sx116 /nfs-share/xinchi/kaldi/egs/timit/s5_la5/mfcc/raw_mfcc_train.2.ark:644867
fksr0_si1117 /nfs-share/xinchi/kaldi/egs/timit/s5_la5/mfcc/raw_mfcc_train.1.ark:2292799
mdwd0_sx90 /nfs-share/xinchi/kaldi/egs/timit/s5_la5/mfcc/raw_mfcc_train.2.ark:3050647
fjxp0_sx402 /nfs-share/xinchi/kaldi/egs/timit/s5_la5/mfcc/raw_mfcc_train.1.ark:2010526
mgak0_si1036 /nfs-share/xinchi/kaldi/egs/timit/s5_la5/mfcc/raw_mfcc_train.2.ark:3641935
mdlc0_sx315 /nfs-share/xinchi/kaldi/egs/timit/s5_la5/mfcc/raw_mfcc_train.2.ark:2475032
mprk0_si1097 /nfs-share/xinchi/kaldi/egs/timit/s5_la5/mfcc/raw_mfcc_train.4.ark:90478
flmk0_sx315 /nfs-share/xinchi/kaldi/egs/timit/s5_la5/mfcc/raw_mfcc_train.1.ark:2710406
ftaj0_si699 /nfs-share/xinchi/kaldi/egs/timit/s5_la5/mfcc/raw_mfcc_train.2.ark:418443
mbsb0_si1983 /nfs-share/xinchi/kaldi/egs/timit/s5_la5/mfcc/raw_mfcc_train.2.ark:1349183
mjdc0_sx261 /nfs-share/xinchi/kaldi/egs/timit/s5_la5/mfcc/raw_mfcc_train.3.ark:721738
mlns0_sx57 /nfs-share/xinchi/kaldi/egs/timit/s5_la5/mfcc/raw_mfcc_train.3.ark:2532936
mrdd0_si1050 /nfs-share/xinchi/kaldi/egs/timit/s5_la5/mfcc/raw_mfcc_train.4.ark:445980
fjrb0_si1932 /nfs-share/xinchi/kaldi/egs/timit/s5_la5/mfcc/raw_mfcc_train.1.ark:1786302
mpmb0_si1501 /nfs-share/xinchi/kaldi/egs/timit/s5_la5/mfcc/raw_mfcc_train.3.ark:3688563
mwsh0_sx346 /nfs-share/xinchi/kaldi/egs/timit/s5_la5/mfcc/raw_mfcc_train.4.ark:3763787
mstf0_sx136 /nfs-share/xinchi/kaldi/egs/timit/s5_la5/mfcc/raw_mfcc_train.4.ark:2277502
msmr0_sx415 /nfs-share/xinchi/kaldi/egs/timit/s5_la5/mfcc/raw_mfcc_train.4.ark:2161896
mrjm1_si1298 /nfs-share/xinchi/kaldi/egs/timit/s5_la5/mfcc/raw_mfcc_train.4.ark:950846
mhxl0_sx422 /nfs-share/xinchi/kaldi/egs/timit/s5_la5/mfcc/raw_mfcc_train.3.ark:505567
mjee0_sx427 /nfs-share/xinchi/kaldi/egs/timit/s5_la5/mfcc/raw_mfcc_train.3.ark:933864
msas0_sx26 /nfs-share/xinchi/kaldi/egs/timit/s5_la5/mfcc/raw_mfcc_train.4.ark:1759631
mkrg0_si861 /nfs-share/xinchi/kaldi/egs/timit/s5_la5/mfcc/raw_mfcc_train.3.ark:2312106
fsah0_si1244 /nfs-share/xinchi/kaldi/egs/timit/s5_la5/mfcc/raw_mfcc_train.1.ark:3592901
mree0_si1104 /nfs-share/xinchi/kaldi/egs/timit/s5_la5/mfcc/raw_mfcc_train.4.ark:537282
mjbg0_sx242 /nfs-share/xinchi/kaldi/egs/timit/s5_la5/mfcc/raw_mfcc_train.3.ark:657559
mbar0_sx329 /nfs-share/xinchi/kaldi/egs/timit/s5_la5/mfcc/raw_mfcc_train.2.ark:1058570
fbcg1_sx352 /nfs-share/xinchi/kaldi/egs/timit/s5_la5/mfcc/raw_mfcc_train.1.ark:225067
mrds0_sx357 /nfs-share/xinchi/kaldi/egs/timit/s5_la5/mfcc/raw_mfcc_train.4.ark:526991
mwre0_si2317 /nfs-share/xinchi/kaldi/egs/timit/s5_la5/mfcc/raw_mfcc_train.4.ark:3653787
mrlr0_sx206 /nfs-share/xinchi/kaldi/egs/timit/s5_la5/mfcc/raw_mfcc_train.4.ark:1193138
msrg0_si1221 /nfs-share/xinchi/kaldi/egs/timit/s5_la5/mfcc/raw_mfcc_train.4.ark:2201253
mrre0_sx74 /nfs-share/xinchi/kaldi/egs/timit/s5_la5/mfcc/raw_mfcc_train.4.ark:1432045
fcdr1_si1816 /nfs-share/xinchi/kaldi/egs/timit/s5_la5/mfcc/raw_mfcc_train.1.ark:475758
mtjg0_si2157 /nfs-share/xinchi/kaldi/egs/timit/s5_la5/mfcc/raw_mfcc_train.4.ark:2644494
ftlg0_si840 /nfs-share/xinchi/kaldi/egs/timit/s5_la5/mfcc/raw_mfcc_train.2.ark:514527
fcjs0_sx77 /nfs-share/xinchi/kaldi/egs/timit/s5_la5/mfcc/raw_mfcc_train.1.ark:589083
mprt0_si495 /nfs-share/xinchi/kaldi/egs/timit/s5_la5/mfcc/raw_mfcc_train.4.ark:134820
mhit0_si1613 /nfs-share/xinchi/kaldi/egs/timit/s5_la5/mfcc/raw_mfcc_train.3.ark:328868
mses0_si1589 /nfs-share/xinchi/kaldi/egs/timit/s5_la5/mfcc/raw_mfcc_train.4.ark:1964709
mkdb0_sx152 /nfs-share/xinchi/kaldi/egs/timit/s5_la5/mfcc/raw_mfcc_train.3.ark:1990636
msfh0_sx46 /nfs-share/xinchi/kaldi/egs/timit/s5_la5/mfcc/raw_mfcc_train.4.ark:2029114
mjdc0_sx441 /nfs-share/xinchi/kaldi/egs/timit/s5_la5/mfcc/raw_mfcc_train.3.ark:728200
mhit0_sx353 /nfs-share/xinchi/kaldi/egs/timit/s5_la5/mfcc/raw_mfcc_train.3.ark:349795
mdas0_sx6 /nfs-share/xinchi/kaldi/egs/timit/s5_la5/mfcc/raw_mfcc_train.2.ark:2018485
mrjh0_sx259 /nfs-share/xinchi/kaldi/egs/timit/s5_la5/mfcc/raw_mfcc_train.4.ark:900190
fcke0_si481 /nfs-share/xinchi/kaldi/egs/timit/s5_la5/mfcc/raw_mfcc_train.1.ark:600572
mtwh1_si2142 /nfs-share/xinchi/kaldi/egs/timit/s5_la5/mfcc/raw_mfcc_train.4.ark:3273438
mbef0_si1281 /nfs-share/xinchi/kaldi/egs/timit/s5_la5/mfcc/raw_mfcc_train.2.ark:1130413
mwac0_si971 /nfs-share/xinchi/kaldi/egs/timit/s5_la5/mfcc/raw_mfcc_train.4.ark:3435308
mdac0_si1261 /nfs-share/xinchi/kaldi/egs/timit/s5_la5/mfcc/raw_mfcc_train.2.ark:1962254
mdwm0_sx286 /nfs-share/xinchi/kaldi/egs/timit/s5_la5/mfcc/raw_mfcc_train.2.ark:3111379
mdcm0_sx310 /nfs-share/xinchi/kaldi/egs/timit/s5_la5/mfcc/raw_mfcc_train.2.ark:2143598
mgsl0_sx84 /nfs-share/xinchi/kaldi/egs/timit/s5_la5/mfcc/raw_mfcc_train.3.ark:259589
msfh0_si586 /nfs-share/xinchi/kaldi/egs/timit/s5_la5/mfcc/raw_mfcc_train.4.ark:2005238
mdwd0_sx360 /nfs-share/xinchi/kaldi/egs/timit/s5_la5/mfcc/raw_mfcc_train.2.ark:3042743
mwdk0_sx446 /nfs-share/xinchi/kaldi/egs/timit/s5_la5/mfcc/raw_mfcc_train.4.ark:3572873
fcmg0_si1142 /nfs-share/xinchi/kaldi/egs/timit/s5_la5/mfcc/raw_mfcc_train.1.ark:653672
mprt0_sx40 /nfs-share/xinchi/kaldi/egs/timit/s5_la5/mfcc/raw_mfcc_train.4.ark:151533
mhmr0_sx219 /nfs-share/xinchi/kaldi/egs/timit/s5_la5/mfcc/raw_mfcc_train.3.ark:434668
mcxm0_sx361 /nfs-share/xinchi/kaldi/egs/timit/s5_la5/mfcc/raw_mfcc_train.2.ark:1950819
mrfk0_si1706 /nfs-share/xinchi/kaldi/egs/timit/s5_la5/mfcc/raw_mfcc_train.4.ark:676007
mkdd0_sx397 /nfs-share/xinchi/kaldi/egs/timit/s5_la5/mfcc/raw_mfcc_train.3.ark:2039782
mwdk0_si1436 /nfs-share/xinchi/kaldi/egs/timit/s5_la5/mfcc/raw_mfcc_train.4.ark:3547727
mkdd0_si1567 /nfs-share/xinchi/kaldi/egs/timit/s5_la5/mfcc/raw_mfcc_train.3.ark:2011744
mtml0_sx255 /nfs-share/xinchi/kaldi/egs/timit/s5_la5/mfcc/raw_mfcc_train.4.ark:2924472
fcag0_sx333 /nfs-share/xinchi/kaldi/egs/timit/s5_la5/mfcc/raw_mfcc_train.1.ark:426753
fclt0_si2068 /nfs-share/xinchi/kaldi/egs/timit/s5_la5/mfcc/raw_mfcc_train.1.ark:625920
msat0_si1526 /nfs-share/xinchi/kaldi/egs/timit/s5_la5/mfcc/raw_mfcc_train.4.ark:1770768
fgcs0_sx226 /nfs-share/xinchi/kaldi/egs/timit/s5_la5/mfcc/raw_mfcc_train.1.ark:1380422
fskp0_si1728 /nfs-share/xinchi/kaldi/egs/timit/s5_la5/mfcc/raw_mfcc_train.2.ark:151674
msat0_si2156 /nfs-share/xinchi/kaldi/egs/timit/s5_la5/mfcc/raw_mfcc_train.4.ark:1773766
fbjl0_sx202 /nfs-share/xinchi/kaldi/egs/timit/s5_la5/mfcc/raw_mfcc_train.1.ark:292266
mejs0_sx160 /nfs-share/xinchi/kaldi/egs/timit/s5_la5/mfcc/raw_mfcc_train.2.ark:3290273
mkdd0_sx37 /nfs-share/xinchi/kaldi/egs/timit/s5_la5/mfcc/raw_mfcc_train.3.ark:2036135
mlsh0_sx337 /nfs-share/xinchi/kaldi/egs/timit/s5_la5/mfcc/raw_mfcc_train.3.ark:2558473
mjmm0_sx445 /nfs-share/xinchi/kaldi/egs/timit/s5_la5/mfcc/raw_mfcc_train.3.ark:1348267
mmeb0_si1357 /nfs-share/xinchi/kaldi/egs/timit/s5_la5/mfcc/raw_mfcc_train.3.ark:2995958
fjxm0_sx131 /nfs-share/xinchi/kaldi/egs/timit/s5_la5/mfcc/raw_mfcc_train.1.ark:1962270
mjpm0_si1998 /nfs-share/xinchi/kaldi/egs/timit/s5_la5/mfcc/raw_mfcc_train.3.ark:1387736
meal0_sx377 /nfs-share/xinchi/kaldi/egs/timit/s5_la5/mfcc/raw_mfcc_train.2.ark:3146772
fjrp1_sx352 /nfs-share/xinchi/kaldi/egs/timit/s5_la5/mfcc/raw_mfcc_train.1.ark:1838452
mhbs0_si1575 /nfs-share/xinchi/kaldi/egs/timit/s5_la5/mfcc/raw_mfcc_train.3.ark:299444
mrlj1_sx321 /nfs-share/xinchi/kaldi/egs/timit/s5_la5/mfcc/raw_mfcc_train.4.ark:1132737
mesg0_si1332 /nfs-share/xinchi/kaldi/egs/timit/s5_la5/mfcc/raw_mfcc_train.2.ark:3309106
fsjs0_sx361 /nfs-share/xinchi/kaldi/egs/timit/s5_la5/mfcc/raw_mfcc_train.2.ark:36281
fjkl0_si2192 /nfs-share/xinchi/kaldi/egs/timit/s5_la5/mfcc/raw_mfcc_train.1.ark:1687525
mgxp0_sx97 /nfs-share/xinchi/kaldi/egs/timit/s5_la5/mfcc/raw_mfcc_train.3.ark:295731
mcef0_si1135 /nfs-share/xinchi/kaldi/egs/timit/s5_la5/mfcc/raw_mfcc_train.2.ark:1605765
mdpk0_si1683 /nfs-share/xinchi/kaldi/egs/timit/s5_la5/mfcc/raw_mfcc_train.2.ark:2816895
fskc0_sx246 /nfs-share/xinchi/kaldi/egs/timit/s5_la5/mfcc/raw_mfcc_train.2.ark:97631
mljh0_si1324 /nfs-share/xinchi/kaldi/egs/timit/s5_la5/mfcc/raw_mfcc_train.3.ark:2464398
mdbb1_sx106 /nfs-share/xinchi/kaldi/egs/timit/s5_la5/mfcc/raw_mfcc_train.2.ark:2038269
mkjo0_sx167 /nfs-share/xinchi/kaldi/egs/timit/s5_la5/mfcc/raw_mfcc_train.3.ark:2123619
mpgr0_sx60 /nfs-share/xinchi/kaldi/egs/timit/s5_la5/mfcc/raw_mfcc_train.3.ark:3652864
flet0_si1137 /nfs-share/xinchi/kaldi/egs/timit/s5_la5/mfcc/raw_mfcc_train.1.ark:2424913
mmrp0_sx144 /nfs-share/xinchi/kaldi/egs/timit/s5_la5/mfcc/raw_mfcc_train.3.ark:3217041
fcke0_sx121 /nfs-share/xinchi/kaldi/egs/timit/s5_la5/mfcc/raw_mfcc_train.1.ark:606832
